ptd-server 2021-03-07 10:50:34,290 [INFO] Got command from the client 'time'
ptd-server 2021-03-07 10:50:34,290 [INFO] Sending reply to client '1615114234.2901585'
ptd-server 2021-03-07 10:50:34,292 [INFO] Got command from the client 'new,,4eaf159e-c5eb-4bae-ac24-10987e5554ef'
ptd-server 2021-03-07 10:50:34,293 [INFO] Sending reply to client 'OK 2021-03-07_10-50-34,38e333a9-3125-46b1-be9f-6a080a46c56e'
ptd-server 2021-03-07 10:50:34,329 [INFO] Got command from the client 'time'
ptd-server 2021-03-07 10:50:34,330 [INFO] Sending reply to client '1615114234.3299818'
ptd-server 2021-03-07 10:50:34,332 [INFO] Got command from the client 'session,2021-03-07_10-50-34,start,ranging'
ptd-server 2021-03-07 10:50:34,332 [INFO] Running PTDaemon: ['/home/anton/projects/mlperf/power/inference_v1.0/ptd-linux-x86', '-l', 'ptd.log', '-p', '8888', '52', '/dev/usbtmc0']
ptd-server 2021-03-07 10:50:51,500 [INFO] Sending to ptd: 'Hello'
ptd-server 2021-03-07 10:50:51,501 [INFO] Reply from ptd: 'Hello, PTDaemon here!'
ptd-server 2021-03-07 10:50:51,501 [INFO] Sending to ptd: 'Identify'
ptd-server 2021-03-07 10:50:51,501 [INFO] Reply from ptd: 'YokogawaWT330E,1000,1,1,1,1,0,0,1,version=1.9.2-e8c7a49a-20201208,OS=Linux 5.8.0-43-generic #49~20.04.1-Ubuntu SMP Fri Feb 5 09:57:56 UTC 2021 x86_64,mode=power,1,1,1,0,0,no_cal_date,YOKOGAWA;WT333E;C3VD30030E;F1.04'
ptd-server 2021-03-07 10:50:51,502 [INFO] Connected to PTDaemon
ptd-server 2021-03-07 10:50:51,502 [INFO] Sending to ptd: 'RR'
ptd-server 2021-03-07 10:50:51,502 [INFO] Reply from ptd: 'Ranges,0,0.500000,0,300.000000'
ptd-server 2021-03-07 10:50:51,502 [INFO] Initial range for Amps is 0.500000 for Volts is 300.000000
ptd-server 2021-03-07 10:50:51,502 [INFO] Sending to ptd: 'SR,V,Auto'
ptd-server 2021-03-07 10:50:52,005 [INFO] Reply from ptd: 'Range V changed'
ptd-server 2021-03-07 10:50:52,005 [INFO] Sending to ptd: 'SR,A,Auto'
ptd-server 2021-03-07 10:50:52,507 [INFO] Reply from ptd: 'Range A changed'
ptd-server 2021-03-07 10:51:02,517 [INFO] Starting ranging mode
ptd-server 2021-03-07 10:51:02,518 [INFO] Sending to ptd: 'Go,1000,0,2021-03-07_10-50-34_ranging'
ptd-server 2021-03-07 10:51:02,518 [INFO] Reply from ptd: 'Starting untimed measurement, maximum 500000 samples at 1000ms with 0 rampup samples'
ptd-server 2021-03-07 10:51:02,518 [INFO] Sending reply to client 'OK'
ptd-server 2021-03-07 11:01:27,546 [INFO] Got command from the client 'session,2021-03-07_10-50-34,stop,ranging'
ptd-server 2021-03-07 11:01:37,556 [INFO] Sending to ptd: 'Stop'
ptd-server 2021-03-07 11:01:37,557 [INFO] Reply from ptd: 'Stopping untimed measurement'
ptd-server 2021-03-07 11:01:38,108 [INFO] Sending reply to client 'OK'
ptd-server 2021-03-07 11:01:38,160 [INFO] Got command from the client 'time'
ptd-server 2021-03-07 11:01:38,160 [INFO] Sending reply to client '1615114898.1602588'
ptd-server 2021-03-07 11:01:38,163 [INFO] Got command from the client 'session,2021-03-07_10-50-34,start,testing'
ptd-server 2021-03-07 11:01:38,163 [INFO] Sending to ptd: 'SR,V,248.620000'
ptd-server 2021-03-07 11:01:40,019 [INFO] Reply from ptd: 'Range V changed'
ptd-server 2021-03-07 11:01:40,019 [INFO] Sending to ptd: 'SR,A,0.048400'
ptd-server 2021-03-07 11:01:41,520 [INFO] Reply from ptd: 'Range A changed'
ptd-server 2021-03-07 11:01:51,531 [INFO] Starting testing mode
ptd-server 2021-03-07 11:01:51,531 [INFO] Sending to ptd: 'Go,1000,0,2021-03-07_10-50-34_testing'
ptd-server 2021-03-07 11:01:51,531 [INFO] Reply from ptd: 'Starting untimed measurement, maximum 500000 samples at 1000ms with 0 rampup samples'
ptd-server 2021-03-07 11:01:51,531 [INFO] Sending reply to client 'OK'
ptd-server 2021-03-07 11:12:21,596 [INFO] Got command from the client 'session,2021-03-07_10-50-34,stop,testing'
ptd-server 2021-03-07 11:12:31,607 [INFO] Sending to ptd: 'Stop'
ptd-server 2021-03-07 11:12:31,607 [INFO] Reply from ptd: 'Stopping untimed measurement'
ptd-server 2021-03-07 11:12:31,889 [INFO] Sending reply to client 'OK'
ptd-server 2021-03-07 11:12:31,897 [INFO] Got command from the client 'session,2021-03-07_10-50-34,upload,client.log'
ptd-server 2021-03-07 11:12:31,900 [INFO] Received '/home/anton/projects/mlperf/power-dev/output/2021-03-07_10-50-34client.log.tmp'
ptd-server 2021-03-07 11:12:31,900 [INFO] Removed '/home/anton/projects/mlperf/power-dev/output/2021-03-07_10-50-34client.log.tmp'
ptd-server 2021-03-07 11:12:31,900 [INFO] Sending reply to client 'OK'
ptd-server 2021-03-07 11:12:31,913 [INFO] Got command from the client 'session,2021-03-07_10-50-34,upload,client.json'
ptd-server 2021-03-07 11:12:31,916 [INFO] Received '/home/anton/projects/mlperf/power-dev/output/2021-03-07_10-50-34client.json.tmp'
ptd-server 2021-03-07 11:12:31,917 [INFO] Removed '/home/anton/projects/mlperf/power-dev/output/2021-03-07_10-50-34client.json.tmp'
ptd-server 2021-03-07 11:12:31,917 [INFO] Sending reply to client 'OK'
ptd-server 2021-03-07 11:12:31,920 [INFO] Got command from the client 'session,2021-03-07_10-50-34,done'
ptd-server 2021-03-07 11:12:31,920 [INFO] Sending to ptd: 'Stop'
ptd-server 2021-03-07 11:12:32,532 [INFO] Reply from ptd: 'Error: no measurement to stop'
ptd-server 2021-03-07 11:12:32,532 [INFO] Sending to ptd: 'SR,V,300.000000'
ptd-server 2021-03-07 11:12:34,033 [INFO] Reply from ptd: 'Range V changed'
ptd-server 2021-03-07 11:12:34,033 [INFO] Sending to ptd: 'SR,A,0.500000'
ptd-server 2021-03-07 11:12:35,535 [INFO] Reply from ptd: 'Range A changed'
ptd-server 2021-03-07 11:12:35,535 [INFO] Set initial values for Amps 0.500000 and Volts 300.000000
ptd-server 2021-03-07 11:12:35,535 [INFO] Stopping ptd...
