ptd-server 2021-03-09 16:24:14,252 [INFO] Got command from the client 'time'
ptd-server 2021-03-09 16:24:14,252 [INFO] Sending reply to client '1615307054.2528498'
ptd-server 2021-03-09 16:24:14,254 [INFO] Got command from the client 'new,,9e66683d-433f-44e2-98e0-ba2985a55a57'
ptd-server 2021-03-09 16:24:14,256 [INFO] Sending reply to client 'OK 2021-03-09_16-24-14,eb5427d8-138d-4140-bd88-65e51c7fe94f'
ptd-server 2021-03-09 16:24:14,303 [INFO] Got command from the client 'time'
ptd-server 2021-03-09 16:24:14,303 [INFO] Sending reply to client '1615307054.303557'
ptd-server 2021-03-09 16:24:14,305 [INFO] Got command from the client 'session,2021-03-09_16-24-14,start,ranging'
ptd-server 2021-03-09 16:24:14,306 [INFO] Running PTDaemon: ['/home/anton/projects/mlperf/power/inference_v1.0/ptd-linux-x86', '-l', 'ptd.log', '-p', '8888', '52', '/dev/usbtmc0']
ptd-server 2021-03-09 16:24:31,477 [INFO] Sending to ptd: 'Hello'
ptd-server 2021-03-09 16:24:31,478 [INFO] Reply from ptd: 'Hello, PTDaemon here!'
ptd-server 2021-03-09 16:24:31,478 [INFO] Sending to ptd: 'Identify'
ptd-server 2021-03-09 16:24:31,478 [INFO] Reply from ptd: 'YokogawaWT330E,1000,1,1,1,1,0,0,1,version=1.9.2-e8c7a49a-20201208,OS=Linux 5.8.0-43-generic #49~20.04.1-Ubuntu SMP Fri Feb 5 09:57:56 UTC 2021 x86_64,mode=power,1,1,1,0,0,no_cal_date,YOKOGAWA;WT333E;C3VD30030E;F1.04'
ptd-server 2021-03-09 16:24:31,478 [INFO] Connected to PTDaemon
ptd-server 2021-03-09 16:24:31,479 [INFO] Sending to ptd: 'RR'
ptd-server 2021-03-09 16:24:31,479 [INFO] Reply from ptd: 'Ranges,0,0.500000,0,300.000000'
ptd-server 2021-03-09 16:24:31,479 [INFO] Initial range for Amps is 0.500000 for Volts is 300.000000
ptd-server 2021-03-09 16:24:31,479 [INFO] Sending to ptd: 'SR,V,Auto'
ptd-server 2021-03-09 16:24:31,981 [INFO] Reply from ptd: 'Range V changed'
ptd-server 2021-03-09 16:24:31,982 [INFO] Sending to ptd: 'SR,A,Auto'
ptd-server 2021-03-09 16:24:32,484 [INFO] Reply from ptd: 'Range A changed'
ptd-server 2021-03-09 16:24:42,494 [INFO] Starting ranging mode
ptd-server 2021-03-09 16:24:42,495 [INFO] Sending to ptd: 'Go,1000,0,2021-03-09_16-24-14_ranging'
ptd-server 2021-03-09 16:24:42,495 [INFO] Reply from ptd: 'Starting untimed measurement, maximum 500000 samples at 1000ms with 0 rampup samples'
ptd-server 2021-03-09 16:24:42,495 [INFO] Sending reply to client 'OK'
ptd-server 2021-03-09 16:34:57,686 [INFO] Got command from the client 'session,2021-03-09_16-24-14,stop,ranging'
ptd-server 2021-03-09 16:35:07,696 [INFO] Sending to ptd: 'Stop'
ptd-server 2021-03-09 16:35:07,697 [INFO] Reply from ptd: 'Stopping untimed measurement'
ptd-server 2021-03-09 16:35:08,472 [INFO] Sending reply to client 'OK'
ptd-server 2021-03-09 16:35:08,521 [INFO] Got command from the client 'time'
ptd-server 2021-03-09 16:35:08,521 [INFO] Sending reply to client '1615307708.5218542'
ptd-server 2021-03-09 16:35:08,524 [INFO] Got command from the client 'session,2021-03-09_16-24-14,start,testing'
ptd-server 2021-03-09 16:35:08,524 [INFO] Sending to ptd: 'SR,V,249.960000'
ptd-server 2021-03-09 16:35:10,025 [INFO] Reply from ptd: 'Range V changed'
ptd-server 2021-03-09 16:35:10,026 [INFO] Sending to ptd: 'SR,A,0.139680'
ptd-server 2021-03-09 16:35:11,527 [INFO] Reply from ptd: 'Range A changed'
ptd-server 2021-03-09 16:35:21,532 [INFO] Starting testing mode
ptd-server 2021-03-09 16:35:21,532 [INFO] Sending to ptd: 'Go,1000,0,2021-03-09_16-24-14_testing'
ptd-server 2021-03-09 16:35:21,533 [INFO] Reply from ptd: 'Starting untimed measurement, maximum 500000 samples at 1000ms with 0 rampup samples'
ptd-server 2021-03-09 16:35:21,533 [INFO] Sending reply to client 'OK'
ptd-server 2021-03-09 16:45:36,806 [INFO] Got command from the client 'session,2021-03-09_16-24-14,stop,testing'
ptd-server 2021-03-09 16:45:46,816 [INFO] Sending to ptd: 'Stop'
ptd-server 2021-03-09 16:45:46,817 [INFO] Reply from ptd: 'Stopping untimed measurement'
ptd-server 2021-03-09 16:45:47,207 [INFO] Sending reply to client 'OK'
ptd-server 2021-03-09 16:45:47,217 [INFO] Got command from the client 'session,2021-03-09_16-24-14,upload,client.log'
ptd-server 2021-03-09 16:45:47,219 [INFO] Received '/home/anton/projects/mlperf/power-dev/output/2021-03-09_16-24-14client.log.tmp'
ptd-server 2021-03-09 16:45:47,219 [INFO] Removed '/home/anton/projects/mlperf/power-dev/output/2021-03-09_16-24-14client.log.tmp'
ptd-server 2021-03-09 16:45:47,219 [INFO] Sending reply to client 'OK'
ptd-server 2021-03-09 16:45:47,226 [INFO] Got command from the client 'session,2021-03-09_16-24-14,upload,client.json'
ptd-server 2021-03-09 16:45:47,226 [INFO] Received '/home/anton/projects/mlperf/power-dev/output/2021-03-09_16-24-14client.json.tmp'
ptd-server 2021-03-09 16:45:47,227 [INFO] Removed '/home/anton/projects/mlperf/power-dev/output/2021-03-09_16-24-14client.json.tmp'
ptd-server 2021-03-09 16:45:47,227 [INFO] Sending reply to client 'OK'
ptd-server 2021-03-09 16:45:47,228 [INFO] Got command from the client 'session,2021-03-09_16-24-14,done'
ptd-server 2021-03-09 16:45:47,228 [INFO] Sending to ptd: 'Stop'
ptd-server 2021-03-09 16:45:47,533 [INFO] Reply from ptd: 'Error: no measurement to stop'
ptd-server 2021-03-09 16:45:47,534 [INFO] Sending to ptd: 'SR,V,300.000000'
ptd-server 2021-03-09 16:45:49,035 [INFO] Reply from ptd: 'Range V changed'
ptd-server 2021-03-09 16:45:49,035 [INFO] Sending to ptd: 'SR,A,0.500000'
ptd-server 2021-03-09 16:45:50,537 [INFO] Reply from ptd: 'Range A changed'
ptd-server 2021-03-09 16:45:50,537 [INFO] Set initial values for Amps 0.500000 and Volts 300.000000
ptd-server 2021-03-09 16:45:50,537 [INFO] Stopping ptd...
