ptd-server 2021-03-07 02:28:17,296 [INFO] Got command from the client 'time'
ptd-server 2021-03-07 02:28:17,297 [INFO] Sending reply to client '1615084097.2969847'
ptd-server 2021-03-07 02:28:17,300 [INFO] Got command from the client 'new,,a1a6c521-e7f9-41fd-82b9-35e3149bcb6b'
ptd-server 2021-03-07 02:28:17,300 [INFO] Sending reply to client 'OK 2021-03-07_02-28-17,ac406f77-8204-49f0-afba-12cf6b5f7762'
ptd-server 2021-03-07 02:28:17,336 [INFO] Got command from the client 'time'
ptd-server 2021-03-07 02:28:17,336 [INFO] Sending reply to client '1615084097.3369026'
ptd-server 2021-03-07 02:28:17,339 [INFO] Got command from the client 'session,2021-03-07_02-28-17,start,ranging'
ptd-server 2021-03-07 02:28:17,340 [INFO] Running PTDaemon: ['/home/anton/projects/mlperf/power/inference_v1.0/ptd-linux-x86', '-l', 'ptd.log', '-p', '8888', '52', '/dev/usbtmc0']
ptd-server 2021-03-07 02:28:34,508 [INFO] Sending to ptd: 'Hello'
ptd-server 2021-03-07 02:28:34,509 [INFO] Reply from ptd: 'Hello, PTDaemon here!'
ptd-server 2021-03-07 02:28:34,509 [INFO] Sending to ptd: 'Identify'
ptd-server 2021-03-07 02:28:34,509 [INFO] Reply from ptd: 'YokogawaWT330E,1000,1,1,1,1,0,0,1,version=1.9.2-e8c7a49a-20201208,OS=Linux 5.8.0-43-generic #49~20.04.1-Ubuntu SMP Fri Feb 5 09:57:56 UTC 2021 x86_64,mode=power,1,1,1,0,0,no_cal_date,YOKOGAWA;WT333E;C3VD30030E;F1.04'
ptd-server 2021-03-07 02:28:34,509 [INFO] Connected to PTDaemon
ptd-server 2021-03-07 02:28:34,510 [INFO] Sending to ptd: 'RR'
ptd-server 2021-03-07 02:28:34,510 [INFO] Reply from ptd: 'Ranges,0,0.500000,0,300.000000'
ptd-server 2021-03-07 02:28:34,510 [INFO] Initial range for Amps is 0.500000 for Volts is 300.000000
ptd-server 2021-03-07 02:28:34,510 [INFO] Sending to ptd: 'SR,V,Auto'
ptd-server 2021-03-07 02:28:35,051 [INFO] Reply from ptd: 'Range V changed'
ptd-server 2021-03-07 02:28:35,052 [INFO] Sending to ptd: 'SR,A,Auto'
ptd-server 2021-03-07 02:28:35,554 [INFO] Reply from ptd: 'Range A changed'
ptd-server 2021-03-07 02:28:45,564 [INFO] Starting ranging mode
ptd-server 2021-03-07 02:28:45,564 [INFO] Sending to ptd: 'Go,1000,0,2021-03-07_02-28-17_ranging'
ptd-server 2021-03-07 02:28:45,565 [INFO] Reply from ptd: 'Starting untimed measurement, maximum 500000 samples at 1000ms with 0 rampup samples'
ptd-server 2021-03-07 02:28:45,565 [INFO] Sending reply to client 'OK'
ptd-server 2021-03-07 02:39:19,233 [INFO] Got command from the client 'session,2021-03-07_02-28-17,stop,ranging'
ptd-server 2021-03-07 02:39:29,243 [INFO] Sending to ptd: 'Stop'
ptd-server 2021-03-07 02:39:29,244 [INFO] Reply from ptd: 'Stopping untimed measurement'
ptd-server 2021-03-07 02:39:29,741 [INFO] Sending reply to client 'OK'
ptd-server 2021-03-07 02:39:29,797 [INFO] Got command from the client 'time'
ptd-server 2021-03-07 02:39:29,797 [INFO] Sending reply to client '1615084769.797224'
ptd-server 2021-03-07 02:39:29,801 [INFO] Got command from the client 'session,2021-03-07_02-28-17,start,testing'
ptd-server 2021-03-07 02:39:29,801 [INFO] Sending to ptd: 'SR,V,251.390000'
ptd-server 2021-03-07 02:39:31,303 [INFO] Reply from ptd: 'Range V changed'
ptd-server 2021-03-07 02:39:31,303 [INFO] Sending to ptd: 'SR,A,0.056670'
ptd-server 2021-03-07 02:39:32,804 [INFO] Reply from ptd: 'Range A changed'
ptd-server 2021-03-07 02:39:42,815 [INFO] Starting testing mode
ptd-server 2021-03-07 02:39:42,815 [INFO] Sending to ptd: 'Go,1000,0,2021-03-07_02-28-17_testing'
ptd-server 2021-03-07 02:39:42,815 [INFO] Reply from ptd: 'Starting untimed measurement, maximum 500000 samples at 1000ms with 0 rampup samples'
ptd-server 2021-03-07 02:39:42,815 [INFO] Sending reply to client 'OK'
ptd-server 2021-03-07 02:50:13,807 [INFO] Got command from the client 'session,2021-03-07_02-28-17,stop,testing'
ptd-server 2021-03-07 02:50:23,818 [INFO] Sending to ptd: 'Stop'
ptd-server 2021-03-07 02:50:23,818 [INFO] Reply from ptd: 'Stopping untimed measurement'
ptd-server 2021-03-07 02:50:24,090 [INFO] Sending reply to client 'OK'
ptd-server 2021-03-07 02:50:24,098 [INFO] Got command from the client 'session,2021-03-07_02-28-17,upload,client.log'
ptd-server 2021-03-07 02:50:24,101 [INFO] Received '/home/anton/projects/mlperf/power-dev/output/2021-03-07_02-28-17client.log.tmp'
ptd-server 2021-03-07 02:50:24,101 [INFO] Removed '/home/anton/projects/mlperf/power-dev/output/2021-03-07_02-28-17client.log.tmp'
ptd-server 2021-03-07 02:50:24,102 [INFO] Sending reply to client 'OK'
ptd-server 2021-03-07 02:50:24,114 [INFO] Got command from the client 'session,2021-03-07_02-28-17,upload,client.json'
ptd-server 2021-03-07 02:50:24,118 [INFO] Received '/home/anton/projects/mlperf/power-dev/output/2021-03-07_02-28-17client.json.tmp'
ptd-server 2021-03-07 02:50:24,118 [INFO] Removed '/home/anton/projects/mlperf/power-dev/output/2021-03-07_02-28-17client.json.tmp'
ptd-server 2021-03-07 02:50:24,118 [INFO] Sending reply to client 'OK'
ptd-server 2021-03-07 02:50:24,121 [INFO] Got command from the client 'session,2021-03-07_02-28-17,done'
ptd-server 2021-03-07 02:50:24,122 [INFO] Sending to ptd: 'Stop'
ptd-server 2021-03-07 02:50:24,815 [INFO] Reply from ptd: 'Error: no measurement to stop'
ptd-server 2021-03-07 02:50:24,815 [INFO] Sending to ptd: 'SR,V,300.000000'
ptd-server 2021-03-07 02:50:26,317 [INFO] Reply from ptd: 'Range V changed'
ptd-server 2021-03-07 02:50:26,317 [INFO] Sending to ptd: 'SR,A,0.500000'
ptd-server 2021-03-07 02:50:27,818 [INFO] Reply from ptd: 'Range A changed'
ptd-server 2021-03-07 02:50:27,818 [INFO] Set initial values for Amps 0.500000 and Volts 300.000000
ptd-server 2021-03-07 02:50:27,818 [INFO] Stopping ptd...
