ptd-server 2021-02-27 16:42:50,810 [INFO] Got command from the client 'time'
ptd-server 2021-02-27 16:42:50,811 [INFO] Sending reply to client '1614444170.8110774'
ptd-server 2021-02-27 16:42:50,812 [INFO] Got command from the client 'new,,4bda7cdc-7c64-415f-9a83-f65f23ff5cf5'
ptd-server 2021-02-27 16:42:50,812 [INFO] Sending reply to client 'OK 2021-02-27_16-42-50,0785c44d-7ae0-4a77-9e7a-5a1829185d56'
ptd-server 2021-02-27 16:42:50,850 [INFO] Got command from the client 'time'
ptd-server 2021-02-27 16:42:50,850 [INFO] Sending reply to client '1614444170.8504932'
ptd-server 2021-02-27 16:42:50,851 [INFO] Got command from the client 'session,2021-02-27_16-42-50,start,ranging'
ptd-server 2021-02-27 16:42:50,851 [INFO] Running PTDaemon: ['/home/anton/projects/mlperf/power/inference_v1.0/ptd-linux-x86', '-l', 'ptd.log', '-p', '8888', '52', '/dev/usbtmc0']
ptd-server 2021-02-27 16:43:08,020 [INFO] Sending to ptd: 'Hello'
ptd-server 2021-02-27 16:43:08,020 [INFO] Reply from ptd: 'Hello, PTDaemon here!'
ptd-server 2021-02-27 16:43:08,021 [INFO] Sending to ptd: 'Identify'
ptd-server 2021-02-27 16:43:08,021 [INFO] Reply from ptd: 'YokogawaWT330E,1000,1,1,1,1,0,0,1,version=1.9.2-e8c7a49a-20201208,OS=Linux 5.8.0-43-generic #49~20.04.1-Ubuntu SMP Fri Feb 5 09:57:56 UTC 2021 x86_64,mode=power,1,1,1,0,0,no_cal_date,YOKOGAWA;WT333E;C3VD30030E;F1.04'
ptd-server 2021-02-27 16:43:08,021 [INFO] Connected to PTDaemon
ptd-server 2021-02-27 16:43:08,021 [INFO] Sending to ptd: 'RR'
ptd-server 2021-02-27 16:43:08,022 [INFO] Reply from ptd: 'Ranges,0,0.500000,0,300.000000'
ptd-server 2021-02-27 16:43:08,022 [INFO] Initial range for Amps is 0.500000 for Volts is 300.000000
ptd-server 2021-02-27 16:43:08,022 [INFO] Sending to ptd: 'SR,V,Auto'
ptd-server 2021-02-27 16:43:08,524 [INFO] Reply from ptd: 'Range V changed'
ptd-server 2021-02-27 16:43:08,524 [INFO] Sending to ptd: 'SR,A,Auto'
ptd-server 2021-02-27 16:43:09,027 [INFO] Reply from ptd: 'Range A changed'
ptd-server 2021-02-27 16:43:19,037 [INFO] Starting ranging mode
ptd-server 2021-02-27 16:43:19,037 [INFO] Sending to ptd: 'Go,1000,0,2021-02-27_16-42-50_ranging'
ptd-server 2021-02-27 16:43:19,038 [INFO] Reply from ptd: 'Starting untimed measurement, maximum 500000 samples at 1000ms with 0 rampup samples'
ptd-server 2021-02-27 16:43:19,038 [INFO] Sending reply to client 'OK'
ptd-server 2021-02-27 16:53:37,558 [INFO] Got command from the client 'session,2021-02-27_16-42-50,stop,ranging'
ptd-server 2021-02-27 16:53:47,568 [INFO] Sending to ptd: 'Stop'
ptd-server 2021-02-27 16:53:47,569 [INFO] Reply from ptd: 'Stopping untimed measurement'
ptd-server 2021-02-27 16:53:47,687 [INFO] Sending reply to client 'OK'
ptd-server 2021-02-27 16:53:47,737 [INFO] Got command from the client 'time'
ptd-server 2021-02-27 16:53:47,737 [INFO] Sending reply to client '1614444827.7375655'
ptd-server 2021-02-27 16:53:47,739 [INFO] Got command from the client 'session,2021-02-27_16-42-50,start,testing'
ptd-server 2021-02-27 16:53:47,740 [INFO] Sending to ptd: 'SR,V,248.310000'
ptd-server 2021-02-27 16:53:49,540 [INFO] Reply from ptd: 'Range V changed'
ptd-server 2021-02-27 16:53:49,540 [INFO] Sending to ptd: 'SR,A,0.221020'
ptd-server 2021-02-27 16:53:51,041 [INFO] Reply from ptd: 'Range A changed'
ptd-server 2021-02-27 16:54:01,052 [INFO] Starting testing mode
ptd-server 2021-02-27 16:54:01,052 [INFO] Sending to ptd: 'Go,1000,0,2021-02-27_16-42-50_testing'
ptd-server 2021-02-27 16:54:01,052 [INFO] Reply from ptd: 'Starting untimed measurement, maximum 500000 samples at 1000ms with 0 rampup samples'
ptd-server 2021-02-27 16:54:01,053 [INFO] Sending reply to client 'OK'
ptd-server 2021-02-27 17:04:19,320 [INFO] Got command from the client 'session,2021-02-27_16-42-50,stop,testing'
ptd-server 2021-02-27 17:04:29,331 [INFO] Sending to ptd: 'Stop'
ptd-server 2021-02-27 17:04:29,331 [INFO] Reply from ptd: 'Stopping untimed measurement'
ptd-server 2021-02-27 17:04:29,391 [INFO] Sending reply to client 'OK'
ptd-server 2021-02-27 17:04:29,394 [INFO] Got command from the client 'session,2021-02-27_16-42-50,upload,client.log'
ptd-server 2021-02-27 17:04:29,395 [INFO] Received '/home/anton/projects/mlperf/power-dev/output/2021-02-27_16-42-50client.log.tmp'
ptd-server 2021-02-27 17:04:29,395 [INFO] Removed '/home/anton/projects/mlperf/power-dev/output/2021-02-27_16-42-50client.log.tmp'
ptd-server 2021-02-27 17:04:29,395 [INFO] Sending reply to client 'OK'
ptd-server 2021-02-27 17:04:29,400 [INFO] Got command from the client 'session,2021-02-27_16-42-50,upload,client.json'
ptd-server 2021-02-27 17:04:29,400 [INFO] Received '/home/anton/projects/mlperf/power-dev/output/2021-02-27_16-42-50client.json.tmp'
ptd-server 2021-02-27 17:04:29,401 [INFO] Removed '/home/anton/projects/mlperf/power-dev/output/2021-02-27_16-42-50client.json.tmp'
ptd-server 2021-02-27 17:04:29,401 [INFO] Sending reply to client 'OK'
ptd-server 2021-02-27 17:04:29,402 [INFO] Got command from the client 'session,2021-02-27_16-42-50,done'
ptd-server 2021-02-27 17:04:29,402 [INFO] Sending to ptd: 'Stop'
ptd-server 2021-02-27 17:04:30,053 [INFO] Reply from ptd: 'Error: no measurement to stop'
ptd-server 2021-02-27 17:04:30,053 [INFO] Sending to ptd: 'SR,V,300.000000'
ptd-server 2021-02-27 17:04:31,554 [INFO] Reply from ptd: 'Range V changed'
ptd-server 2021-02-27 17:04:31,554 [INFO] Sending to ptd: 'SR,A,0.500000'
ptd-server 2021-02-27 17:04:33,056 [INFO] Reply from ptd: 'Range A changed'
ptd-server 2021-02-27 17:04:33,056 [INFO] Set initial values for Amps 0.500000 and Volts 300.000000
ptd-server 2021-02-27 17:04:33,056 [INFO] Stopping ptd...
