client 2021-03-08 07:40:27,844 [INFO] Sending command to the server: 'mlcommons/power client v3'
client 2021-03-08 07:40:27,847 [INFO] Got response: 'mlcommons/power server v3'
client 2021-03-08 07:40:27,847 [INFO] Synchronizing with the server and with time.google.com...
client 2021-03-08 07:40:27,903 [INFO] NTP:offset = -0.007 s, delay = 0.047 s 
client 2021-03-08 07:40:27,904 [INFO] Sending command to the server: 'time'
client 2021-03-08 07:40:27,906 [INFO] Got response: '1615189227.9088416'
client 2021-03-08 07:40:27,907 [INFO] The time difference between the client and the server is within range -4.620 ms..-1.716 ms
client 2021-03-08 07:40:27,907 [INFO] Sending command to the server: 'new,,ab6b6d78-d092-4666-8860-f57674135f66'
client 2021-03-08 07:40:27,910 [INFO] Got response: 'OK 2021-03-08_07-40-27,2f535e68-9776-45c1-a38d-5b1a002e110f'
client 2021-03-08 07:40:27,910 [INFO] Session id is '2021-03-08_07-40-27'
client 2021-03-08 07:40:27,910 [INFO] Sources: {"sources": {"client.py": "d1e75cb4b26101220ebd242e584cf3ca5d8f1996", "lib/__init__.py": "da39a3ee5e6b4b0d3255bfef95601890afd80709", "lib/client.py": "d42bebf5b74cb6ff3997e2a6c68422afac111a28", "lib/common.py": "b0bad80d8fa328a7636027d4d66ff453f8dd7889", "lib/external/ntplib.py": "4da8f970656505a40483206ef2b5d3dd5e81711d", "lib/server.py": "2ed36471c7af565d6c8438b2134edad1d7ddf166", "lib/source_hashes.py": "4cedff274c661cb1504052018fd4f00dfbf624ef", "lib/summary.py": "0db15d783907aa92038281af4e465545c0648ddb", "lib/time_sync.py": "76051226ec89287839723352f4162aaa24e0546a", "server.py": "99e1310e3f76292aef1b8792ce6b8c82f1d44d8b", "tests/unit/test_server.py": "64f11775bfed35232a0e8bb9593c0ff992432c59", "tests/unit/test_source_hashes.py": "cb41a7261eaf7d94ba5c0aae9c523174f6204be3"}, "modules": {"__main__": "client.py", "lib.client": "lib/client.py", "lib.common": "lib/common.py", "lib.external.ntplib": "lib/external/ntplib.py", "lib.source_hashes": "lib/source_hashes.py", "lib.summary": "lib/summary.py", "lib.time_sync": "lib/time_sync.py"}}
client 2021-03-08 07:40:27,911 [INFO] Running workload in ranging mode
client 2021-03-08 07:40:27,911 [INFO] Synchronizing with the server and with time.google.com...
client 2021-03-08 07:40:27,943 [INFO] NTP:offset = 0.002 s, delay = 0.029 s 
client 2021-03-08 07:40:27,944 [INFO] Sending command to the server: 'time'
client 2021-03-08 07:40:27,946 [INFO] Got response: '1615189227.9486327'
client 2021-03-08 07:40:27,946 [INFO] The time difference between the client and the server is within range -4.649 ms..-1.673 ms
client 2021-03-08 07:40:27,947 [INFO] Sending command to the server: 'session,2021-03-08_07-40-27,start,ranging'
client 2021-03-08 07:40:56,140 [INFO] Got response: 'OK'
client 2021-03-08 07:40:56,141 [INFO] Running the workload 'ck benchmark program:image-classification-armnn-tflite-loadgen --env.CK_SILENT_MODE=YES --skip_print_timers --dep_add_tags.compiler=gcc,v9 --dep_add_tags.python=v3 --dep_add_tags.mlperf-inference-src=r1.0 --dep_add_tags.weights=mobilenet,v2-0.5-128,non-quantized --dep_add_tags.images=crop.875,preprocessed,using-opencv --dep_add_tags.library=armnn,rel.21.02,neon --env.CK_LOADGEN_DATASET_SIZE=1024 --env.USE_NEON=1 --env.CK_LOADGEN_MODE=PerformanceOnly --env.CK_LOADGEN_SCENARIO=SingleStream --env.CK_FAN_MODE=on --env.CK_LOADGEN_TARGET_LATENCY=$CK_LOADGEN_TARGET_LATENCY --skip_stat_analysis --process_multi_keys --repetitions=1 --record --record_repo=local --record_uoa=mlperf-open-rpi4coral-armnn-v21.02-neon-mobilenet-v2-0.5-128-non-quantized-singlestream-performance-target_latency.$CK_LOADGEN_TARGET_LATENCY-fan_mode.on-power.workload --tags=mlperf,division.open,task.image-classification,platform.rpi4coral,scenario.singlestream,mode.performance,workload.mobilenet-v2-0.5-128-non-quantized,preprocessed_using.opencv,inference_engine.armnn,inference_engine_version.v21.02,inference_engine_backend.neon,fan_mode.on,target_latency.$CK_LOADGEN_TARGET_LATENCY,power.workload "@@@{\'meta\': {\'ck_benchmark_program\': \'ck benchmark program:image-classification-armnn-tflite-loadgen --env.CK_SILENT_MODE=YES --skip_print_timers --dep_add_tags.compiler=gcc,v9 --dep_add_tags.python=v3 --dep_add_tags.mlperf-inference-src=r1.0 --dep_add_tags.weights=mobilenet,v2-0.5-128,non-quantized --dep_add_tags.images=crop.875,preprocessed,using-opencv --dep_add_tags.library=armnn,rel.21.02,neon --env.CK_LOADGEN_DATASET_SIZE=1024 --env.USE_NEON=1 --env.CK_LOADGEN_MODE=PerformanceOnly --env.CK_LOADGEN_SCENARIO=SingleStream --env.CK_FAN_MODE=on --env.CK_LOADGEN_TARGET_LATENCY=$CK_LOADGEN_TARGET_LATENCY --skip_stat_analysis --process_multi_keys --repetitions=1 --record --record_repo=local --record_uoa=mlperf-open-rpi4coral-armnn-v21.02-neon-mobilenet-v2-0.5-128-non-quantized-singlestream-performance-target_latency.$CK_LOADGEN_TARGET_LATENCY-fan_mode.on-power.workload --tags=mlperf,division.open,task.image-classification,platform.rpi4coral,scenario.singlestream,mode.performance,workload.mobilenet-v2-0.5-128-non-quantized,preprocessed_using.opencv,inference_engine.armnn,inference_engine_version.v21.02,inference_engine_backend.neon,fan_mode.on,target_latency.$CK_LOADGEN_TARGET_LATENCY,power.workload\'}}"  && mkdir -p "$CK_MLPERF_POWER_CLIENT_LOADGEN_LOGS" && cp "$CK_MLPERF_POWER_CLIENT_LOADGEN_LOGS"/../mlperf_log_* "$CK_MLPERF_POWER_CLIENT_LOADGEN_LOGS"/'
client 2021-03-08 07:51:21,122 [INFO] Sending command to the server: 'session,2021-03-08_07-40-27,stop,ranging'
client 2021-03-08 07:51:31,781 [INFO] Got response: 'OK'
client 2021-03-08 07:51:31,783 [INFO] Running workload in testing mode
client 2021-03-08 07:51:31,784 [INFO] Synchronizing with the server and with time.google.com...
client 2021-03-08 07:51:31,822 [INFO] NTP:offset = -0.001 s, delay = 0.032 s 
client 2021-03-08 07:51:31,823 [INFO] Sending command to the server: 'time'
client 2021-03-08 07:51:31,826 [INFO] Got response: '1615189891.8270159'
client 2021-03-08 07:51:31,826 [INFO] The time difference between the client and the server is within range -3.747 ms..-0.478 ms
client 2021-03-08 07:51:31,826 [INFO] Sending command to the server: 'session,2021-03-08_07-40-27,start,testing'
client 2021-03-08 07:51:44,844 [INFO] Got response: 'OK'
client 2021-03-08 07:51:44,844 [INFO] Running the workload 'ck benchmark program:image-classification-armnn-tflite-loadgen --env.CK_SILENT_MODE=YES --skip_print_timers --dep_add_tags.compiler=gcc,v9 --dep_add_tags.python=v3 --dep_add_tags.mlperf-inference-src=r1.0 --dep_add_tags.weights=mobilenet,v2-0.5-128,non-quantized --dep_add_tags.images=crop.875,preprocessed,using-opencv --dep_add_tags.library=armnn,rel.21.02,neon --env.CK_LOADGEN_DATASET_SIZE=1024 --env.USE_NEON=1 --env.CK_LOADGEN_MODE=PerformanceOnly --env.CK_LOADGEN_SCENARIO=SingleStream --env.CK_FAN_MODE=on --env.CK_LOADGEN_TARGET_LATENCY=$CK_LOADGEN_TARGET_LATENCY --skip_stat_analysis --process_multi_keys --repetitions=1 --record --record_repo=local --record_uoa=mlperf-open-rpi4coral-armnn-v21.02-neon-mobilenet-v2-0.5-128-non-quantized-singlestream-performance-target_latency.$CK_LOADGEN_TARGET_LATENCY-fan_mode.on-power.workload --tags=mlperf,division.open,task.image-classification,platform.rpi4coral,scenario.singlestream,mode.performance,workload.mobilenet-v2-0.5-128-non-quantized,preprocessed_using.opencv,inference_engine.armnn,inference_engine_version.v21.02,inference_engine_backend.neon,fan_mode.on,target_latency.$CK_LOADGEN_TARGET_LATENCY,power.workload "@@@{\'meta\': {\'ck_benchmark_program\': \'ck benchmark program:image-classification-armnn-tflite-loadgen --env.CK_SILENT_MODE=YES --skip_print_timers --dep_add_tags.compiler=gcc,v9 --dep_add_tags.python=v3 --dep_add_tags.mlperf-inference-src=r1.0 --dep_add_tags.weights=mobilenet,v2-0.5-128,non-quantized --dep_add_tags.images=crop.875,preprocessed,using-opencv --dep_add_tags.library=armnn,rel.21.02,neon --env.CK_LOADGEN_DATASET_SIZE=1024 --env.USE_NEON=1 --env.CK_LOADGEN_MODE=PerformanceOnly --env.CK_LOADGEN_SCENARIO=SingleStream --env.CK_FAN_MODE=on --env.CK_LOADGEN_TARGET_LATENCY=$CK_LOADGEN_TARGET_LATENCY --skip_stat_analysis --process_multi_keys --repetitions=1 --record --record_repo=local --record_uoa=mlperf-open-rpi4coral-armnn-v21.02-neon-mobilenet-v2-0.5-128-non-quantized-singlestream-performance-target_latency.$CK_LOADGEN_TARGET_LATENCY-fan_mode.on-power.workload --tags=mlperf,division.open,task.image-classification,platform.rpi4coral,scenario.singlestream,mode.performance,workload.mobilenet-v2-0.5-128-non-quantized,preprocessed_using.opencv,inference_engine.armnn,inference_engine_version.v21.02,inference_engine_backend.neon,fan_mode.on,target_latency.$CK_LOADGEN_TARGET_LATENCY,power.workload\'}}"  && mkdir -p "$CK_MLPERF_POWER_CLIENT_LOADGEN_LOGS" && cp "$CK_MLPERF_POWER_CLIENT_LOADGEN_LOGS"/../mlperf_log_* "$CK_MLPERF_POWER_CLIENT_LOADGEN_LOGS"/'
client 2021-03-08 08:02:14,608 [INFO] Sending command to the server: 'session,2021-03-08_07-40-27,stop,testing'
client 2021-03-08 08:02:24,959 [INFO] Got response: 'OK'
client 2021-03-08 08:02:24,961 [INFO] Done runs
