ptd-server 2021-02-27 17:26:27,771 [INFO] Got command from the client 'time'
ptd-server 2021-02-27 17:26:27,771 [INFO] Sending reply to client '1614446787.771691'
ptd-server 2021-02-27 17:26:27,772 [INFO] Got command from the client 'new,,290a79dc-7512-4336-922c-38ea121b8948'
ptd-server 2021-02-27 17:26:27,773 [INFO] Sending reply to client 'OK 2021-02-27_17-26-27,53bd2d58-157f-494b-a9c4-5aeeabbe821e'
ptd-server 2021-02-27 17:26:27,811 [INFO] Got command from the client 'time'
ptd-server 2021-02-27 17:26:27,811 [INFO] Sending reply to client '1614446787.8114915'
ptd-server 2021-02-27 17:26:27,812 [INFO] Got command from the client 'session,2021-02-27_17-26-27,start,ranging'
ptd-server 2021-02-27 17:26:27,812 [INFO] Running PTDaemon: ['/home/anton/projects/mlperf/power/inference_v1.0/ptd-linux-x86', '-l', 'ptd.log', '-p', '8888', '52', '/dev/usbtmc0']
ptd-server 2021-02-27 17:26:44,980 [INFO] Sending to ptd: 'Hello'
ptd-server 2021-02-27 17:26:44,981 [INFO] Reply from ptd: 'Hello, PTDaemon here!'
ptd-server 2021-02-27 17:26:44,981 [INFO] Sending to ptd: 'Identify'
ptd-server 2021-02-27 17:26:44,981 [INFO] Reply from ptd: 'YokogawaWT330E,1000,1,1,1,1,0,0,1,version=1.9.2-e8c7a49a-20201208,OS=Linux 5.8.0-43-generic #49~20.04.1-Ubuntu SMP Fri Feb 5 09:57:56 UTC 2021 x86_64,mode=power,1,1,1,0,0,no_cal_date,YOKOGAWA;WT333E;C3VD30030E;F1.04'
ptd-server 2021-02-27 17:26:44,981 [INFO] Connected to PTDaemon
ptd-server 2021-02-27 17:26:44,981 [INFO] Sending to ptd: 'RR'
ptd-server 2021-02-27 17:26:44,982 [INFO] Reply from ptd: 'Ranges,0,0.500000,0,300.000000'
ptd-server 2021-02-27 17:26:44,982 [INFO] Initial range for Amps is 0.500000 for Volts is 300.000000
ptd-server 2021-02-27 17:26:44,982 [INFO] Sending to ptd: 'SR,V,Auto'
ptd-server 2021-02-27 17:26:45,484 [INFO] Reply from ptd: 'Range V changed'
ptd-server 2021-02-27 17:26:45,485 [INFO] Sending to ptd: 'SR,A,Auto'
ptd-server 2021-02-27 17:26:45,987 [INFO] Reply from ptd: 'Range A changed'
ptd-server 2021-02-27 17:26:55,997 [INFO] Starting ranging mode
ptd-server 2021-02-27 17:26:55,997 [INFO] Sending to ptd: 'Go,1000,0,2021-02-27_17-26-27_ranging'
ptd-server 2021-02-27 17:26:55,998 [INFO] Reply from ptd: 'Starting untimed measurement, maximum 500000 samples at 1000ms with 0 rampup samples'
ptd-server 2021-02-27 17:26:55,998 [INFO] Sending reply to client 'OK'
ptd-server 2021-02-27 17:37:14,458 [INFO] Got command from the client 'session,2021-02-27_17-26-27,stop,ranging'
ptd-server 2021-02-27 17:37:24,460 [INFO] Sending to ptd: 'Stop'
ptd-server 2021-02-27 17:37:24,461 [INFO] Reply from ptd: 'Stopping untimed measurement'
ptd-server 2021-02-27 17:37:24,583 [INFO] Sending reply to client 'OK'
ptd-server 2021-02-27 17:37:24,619 [INFO] Got command from the client 'time'
ptd-server 2021-02-27 17:37:24,620 [INFO] Sending reply to client '1614447444.6200254'
ptd-server 2021-02-27 17:37:24,621 [INFO] Got command from the client 'session,2021-02-27_17-26-27,start,testing'
ptd-server 2021-02-27 17:37:24,621 [INFO] Sending to ptd: 'SR,V,249.090000'
ptd-server 2021-02-27 17:37:26,499 [INFO] Reply from ptd: 'Range V changed'
ptd-server 2021-02-27 17:37:26,500 [INFO] Sending to ptd: 'SR,A,0.226730'
ptd-server 2021-02-27 17:37:28,001 [INFO] Reply from ptd: 'Range A changed'
ptd-server 2021-02-27 17:37:38,011 [INFO] Starting testing mode
ptd-server 2021-02-27 17:37:38,011 [INFO] Sending to ptd: 'Go,1000,0,2021-02-27_17-26-27_testing'
ptd-server 2021-02-27 17:37:38,012 [INFO] Reply from ptd: 'Starting untimed measurement, maximum 500000 samples at 1000ms with 0 rampup samples'
ptd-server 2021-02-27 17:37:38,012 [INFO] Sending reply to client 'OK'
ptd-server 2021-02-27 17:47:56,186 [INFO] Got command from the client 'session,2021-02-27_17-26-27,stop,testing'
ptd-server 2021-02-27 17:48:06,196 [INFO] Sending to ptd: 'Stop'
ptd-server 2021-02-27 17:48:06,197 [INFO] Reply from ptd: 'Stopping untimed measurement'
ptd-server 2021-02-27 17:48:06,261 [INFO] Sending reply to client 'OK'
ptd-server 2021-02-27 17:48:06,264 [INFO] Got command from the client 'session,2021-02-27_17-26-27,upload,client.log'
ptd-server 2021-02-27 17:48:06,264 [INFO] Received '/home/anton/projects/mlperf/power-dev/output/2021-02-27_17-26-27client.log.tmp'
ptd-server 2021-02-27 17:48:06,265 [INFO] Removed '/home/anton/projects/mlperf/power-dev/output/2021-02-27_17-26-27client.log.tmp'
ptd-server 2021-02-27 17:48:06,265 [INFO] Sending reply to client 'OK'
ptd-server 2021-02-27 17:48:06,269 [INFO] Got command from the client 'session,2021-02-27_17-26-27,upload,client.json'
ptd-server 2021-02-27 17:48:06,269 [INFO] Received '/home/anton/projects/mlperf/power-dev/output/2021-02-27_17-26-27client.json.tmp'
ptd-server 2021-02-27 17:48:06,270 [INFO] Removed '/home/anton/projects/mlperf/power-dev/output/2021-02-27_17-26-27client.json.tmp'
ptd-server 2021-02-27 17:48:06,270 [INFO] Sending reply to client 'OK'
ptd-server 2021-02-27 17:48:06,270 [INFO] Got command from the client 'session,2021-02-27_17-26-27,done'
ptd-server 2021-02-27 17:48:06,271 [INFO] Sending to ptd: 'Stop'
ptd-server 2021-02-27 17:48:07,013 [INFO] Reply from ptd: 'Error: no measurement to stop'
ptd-server 2021-02-27 17:48:07,013 [INFO] Sending to ptd: 'SR,V,300.000000'
ptd-server 2021-02-27 17:48:08,514 [INFO] Reply from ptd: 'Range V changed'
ptd-server 2021-02-27 17:48:08,514 [INFO] Sending to ptd: 'SR,A,0.500000'
ptd-server 2021-02-27 17:48:10,016 [INFO] Reply from ptd: 'Range A changed'
ptd-server 2021-02-27 17:48:10,016 [INFO] Set initial values for Amps 0.500000 and Volts 300.000000
ptd-server 2021-02-27 17:48:10,016 [INFO] Stopping ptd...
