ptd-server 2021-02-27 13:48:22,925 [INFO] Got command from the client 'time'
ptd-server 2021-02-27 13:48:22,925 [INFO] Sending reply to client '1614433702.9252744'
ptd-server 2021-02-27 13:48:22,926 [INFO] Got command from the client 'new,,bdf860a3-c7b6-49fb-8ff3-1a6668cad647'
ptd-server 2021-02-27 13:48:22,927 [INFO] Sending reply to client 'OK 2021-02-27_13-48-22,c031aa4b-9b86-403c-9792-c29b03ecfe53'
ptd-server 2021-02-27 13:48:22,964 [INFO] Got command from the client 'time'
ptd-server 2021-02-27 13:48:22,965 [INFO] Sending reply to client '1614433702.9650526'
ptd-server 2021-02-27 13:48:22,966 [INFO] Got command from the client 'session,2021-02-27_13-48-22,start,ranging'
ptd-server 2021-02-27 13:48:22,966 [INFO] Running PTDaemon: ['/home/anton/projects/mlperf/power/inference_v1.0/ptd-linux-x86', '-l', 'ptd.log', '-p', '8888', '52', '/dev/usbtmc0']
ptd-server 2021-02-27 13:48:40,134 [INFO] Sending to ptd: 'Hello'
ptd-server 2021-02-27 13:48:40,135 [INFO] Reply from ptd: 'Hello, PTDaemon here!'
ptd-server 2021-02-27 13:48:40,135 [INFO] Sending to ptd: 'Identify'
ptd-server 2021-02-27 13:48:40,136 [INFO] Reply from ptd: 'YokogawaWT330E,1000,1,1,1,1,0,0,1,version=1.9.2-e8c7a49a-20201208,OS=Linux 5.8.0-43-generic #49~20.04.1-Ubuntu SMP Fri Feb 5 09:57:56 UTC 2021 x86_64,mode=power,1,1,1,0,0,no_cal_date,YOKOGAWA;WT333E;C3VD30030E;F1.04'
ptd-server 2021-02-27 13:48:40,136 [INFO] Connected to PTDaemon
ptd-server 2021-02-27 13:48:40,136 [INFO] Sending to ptd: 'RR'
ptd-server 2021-02-27 13:48:40,136 [INFO] Reply from ptd: 'Ranges,0,0.500000,0,300.000000'
ptd-server 2021-02-27 13:48:40,136 [INFO] Initial range for Amps is 0.500000 for Volts is 300.000000
ptd-server 2021-02-27 13:48:40,136 [INFO] Sending to ptd: 'SR,V,Auto'
ptd-server 2021-02-27 13:48:40,639 [INFO] Reply from ptd: 'Range V changed'
ptd-server 2021-02-27 13:48:40,639 [INFO] Sending to ptd: 'SR,A,Auto'
ptd-server 2021-02-27 13:48:41,142 [INFO] Reply from ptd: 'Range A changed'
ptd-server 2021-02-27 13:48:51,152 [INFO] Starting ranging mode
ptd-server 2021-02-27 13:48:51,152 [INFO] Sending to ptd: 'Go,1000,0,2021-02-27_13-48-22_ranging'
ptd-server 2021-02-27 13:48:51,152 [INFO] Reply from ptd: 'Starting untimed measurement, maximum 500000 samples at 1000ms with 0 rampup samples'
ptd-server 2021-02-27 13:48:51,153 [INFO] Sending reply to client 'OK'
ptd-server 2021-02-27 13:59:10,043 [INFO] Got command from the client 'session,2021-02-27_13-48-22,stop,ranging'
ptd-server 2021-02-27 13:59:20,053 [INFO] Sending to ptd: 'Stop'
ptd-server 2021-02-27 13:59:20,053 [INFO] Reply from ptd: 'Stopping untimed measurement'
ptd-server 2021-02-27 13:59:20,152 [INFO] Sending reply to client 'OK'
ptd-server 2021-02-27 13:59:20,184 [INFO] Got command from the client 'time'
ptd-server 2021-02-27 13:59:20,184 [INFO] Sending reply to client '1614434360.1849525'
ptd-server 2021-02-27 13:59:20,186 [INFO] Got command from the client 'session,2021-02-27_13-48-22,start,testing'
ptd-server 2021-02-27 13:59:20,186 [INFO] Sending to ptd: 'SR,V,248.810000'
ptd-server 2021-02-27 13:59:21,687 [INFO] Reply from ptd: 'Range V changed'
ptd-server 2021-02-27 13:59:21,687 [INFO] Sending to ptd: 'SR,A,0.215440'
ptd-server 2021-02-27 13:59:23,189 [INFO] Reply from ptd: 'Range A changed'
ptd-server 2021-02-27 13:59:33,199 [INFO] Starting testing mode
ptd-server 2021-02-27 13:59:33,199 [INFO] Sending to ptd: 'Go,1000,0,2021-02-27_13-48-22_testing'
ptd-server 2021-02-27 13:59:33,199 [INFO] Reply from ptd: 'Starting untimed measurement, maximum 500000 samples at 1000ms with 0 rampup samples'
ptd-server 2021-02-27 13:59:33,200 [INFO] Sending reply to client 'OK'
ptd-server 2021-02-27 14:09:51,844 [INFO] Got command from the client 'session,2021-02-27_13-48-22,stop,testing'
ptd-server 2021-02-27 14:10:01,854 [INFO] Sending to ptd: 'Stop'
ptd-server 2021-02-27 14:10:01,855 [INFO] Reply from ptd: 'Stopping untimed measurement'
ptd-server 2021-02-27 14:10:01,908 [INFO] Sending reply to client 'OK'
ptd-server 2021-02-27 14:10:01,912 [INFO] Got command from the client 'session,2021-02-27_13-48-22,upload,client.log'
ptd-server 2021-02-27 14:10:01,912 [INFO] Received '/home/anton/projects/mlperf/power-dev/output/2021-02-27_13-48-22client.log.tmp'
ptd-server 2021-02-27 14:10:01,913 [INFO] Removed '/home/anton/projects/mlperf/power-dev/output/2021-02-27_13-48-22client.log.tmp'
ptd-server 2021-02-27 14:10:01,913 [INFO] Sending reply to client 'OK'
ptd-server 2021-02-27 14:10:01,918 [INFO] Got command from the client 'session,2021-02-27_13-48-22,upload,client.json'
ptd-server 2021-02-27 14:10:01,918 [INFO] Received '/home/anton/projects/mlperf/power-dev/output/2021-02-27_13-48-22client.json.tmp'
ptd-server 2021-02-27 14:10:01,918 [INFO] Removed '/home/anton/projects/mlperf/power-dev/output/2021-02-27_13-48-22client.json.tmp'
ptd-server 2021-02-27 14:10:01,918 [INFO] Sending reply to client 'OK'
ptd-server 2021-02-27 14:10:01,919 [INFO] Got command from the client 'session,2021-02-27_13-48-22,done'
ptd-server 2021-02-27 14:10:01,919 [INFO] Sending to ptd: 'Stop'
ptd-server 2021-02-27 14:10:02,199 [INFO] Reply from ptd: 'Error: no measurement to stop'
ptd-server 2021-02-27 14:10:02,199 [INFO] Sending to ptd: 'SR,V,300.000000'
ptd-server 2021-02-27 14:10:03,701 [INFO] Reply from ptd: 'Range V changed'
ptd-server 2021-02-27 14:10:03,701 [INFO] Sending to ptd: 'SR,A,0.500000'
ptd-server 2021-02-27 14:10:05,202 [INFO] Reply from ptd: 'Range A changed'
ptd-server 2021-02-27 14:10:05,202 [INFO] Set initial values for Amps 0.500000 and Volts 300.000000
ptd-server 2021-02-27 14:10:05,202 [INFO] Stopping ptd...
