ptd-server 2021-03-01 03:38:48,762 [INFO] Got command from the client 'time'
ptd-server 2021-03-01 03:38:48,762 [INFO] Sending reply to client '1614569928.7627075'
ptd-server 2021-03-01 03:38:48,763 [INFO] Got command from the client 'new,,04968163-df1c-45ce-9f01-0c51bcb19fbf'
ptd-server 2021-03-01 03:38:48,764 [INFO] Sending reply to client 'OK 2021-03-01_03-38-48,c2ba3c4d-573f-4a2f-ac63-1765a4aebfc8'
ptd-server 2021-03-01 03:38:48,792 [INFO] Got command from the client 'time'
ptd-server 2021-03-01 03:38:48,792 [INFO] Sending reply to client '1614569928.7922552'
ptd-server 2021-03-01 03:38:48,793 [INFO] Got command from the client 'session,2021-03-01_03-38-48,start,ranging'
ptd-server 2021-03-01 03:38:48,793 [INFO] Running PTDaemon: ['/home/anton/projects/mlperf/power/inference_v1.0/ptd-linux-x86', '-l', 'ptd.log', '-p', '8888', '52', '/dev/usbtmc0']
ptd-server 2021-03-01 03:39:05,961 [INFO] Sending to ptd: 'Hello'
ptd-server 2021-03-01 03:39:05,962 [INFO] Reply from ptd: 'Hello, PTDaemon here!'
ptd-server 2021-03-01 03:39:05,962 [INFO] Sending to ptd: 'Identify'
ptd-server 2021-03-01 03:39:05,962 [INFO] Reply from ptd: 'YokogawaWT330E,1000,1,1,1,1,0,0,1,version=1.9.2-e8c7a49a-20201208,OS=Linux 5.8.0-43-generic #49~20.04.1-Ubuntu SMP Fri Feb 5 09:57:56 UTC 2021 x86_64,mode=power,1,1,1,0,0,no_cal_date,YOKOGAWA;WT333E;C3VD30030E;F1.04'
ptd-server 2021-03-01 03:39:05,962 [INFO] Connected to PTDaemon
ptd-server 2021-03-01 03:39:05,962 [INFO] Sending to ptd: 'RR'
ptd-server 2021-03-01 03:39:05,963 [INFO] Reply from ptd: 'Ranges,0,0.500000,0,300.000000'
ptd-server 2021-03-01 03:39:05,963 [INFO] Initial range for Amps is 0.500000 for Volts is 300.000000
ptd-server 2021-03-01 03:39:05,963 [INFO] Sending to ptd: 'SR,V,Auto'
ptd-server 2021-03-01 03:39:06,465 [INFO] Reply from ptd: 'Range V changed'
ptd-server 2021-03-01 03:39:06,466 [INFO] Sending to ptd: 'SR,A,Auto'
ptd-server 2021-03-01 03:39:06,968 [INFO] Reply from ptd: 'Range A changed'
ptd-server 2021-03-01 03:39:16,978 [INFO] Starting ranging mode
ptd-server 2021-03-01 03:39:16,978 [INFO] Sending to ptd: 'Go,1000,0,2021-03-01_03-38-48_ranging'
ptd-server 2021-03-01 03:39:16,979 [INFO] Reply from ptd: 'Starting untimed measurement, maximum 500000 samples at 1000ms with 0 rampup samples'
ptd-server 2021-03-01 03:39:16,979 [INFO] Sending reply to client 'OK'
ptd-server 2021-03-01 03:49:35,604 [INFO] Got command from the client 'session,2021-03-01_03-38-48,stop,ranging'
ptd-server 2021-03-01 03:49:45,614 [INFO] Sending to ptd: 'Stop'
ptd-server 2021-03-01 03:49:45,614 [INFO] Reply from ptd: 'Stopping untimed measurement'
ptd-server 2021-03-01 03:49:45,851 [INFO] Sending reply to client 'OK'
ptd-server 2021-03-01 03:49:45,890 [INFO] Got command from the client 'time'
ptd-server 2021-03-01 03:49:45,890 [INFO] Sending reply to client '1614570585.8903704'
ptd-server 2021-03-01 03:49:45,891 [INFO] Got command from the client 'session,2021-03-01_03-38-48,start,testing'
ptd-server 2021-03-01 03:49:45,891 [INFO] Sending to ptd: 'SR,V,250.110000'
ptd-server 2021-03-01 03:49:47,480 [INFO] Reply from ptd: 'Range V changed'
ptd-server 2021-03-01 03:49:47,480 [INFO] Sending to ptd: 'SR,A,0.204420'
ptd-server 2021-03-01 03:49:48,982 [INFO] Reply from ptd: 'Range A changed'
ptd-server 2021-03-01 03:49:58,992 [INFO] Starting testing mode
ptd-server 2021-03-01 03:49:58,992 [INFO] Sending to ptd: 'Go,1000,0,2021-03-01_03-38-48_testing'
ptd-server 2021-03-01 03:49:58,992 [INFO] Reply from ptd: 'Starting untimed measurement, maximum 500000 samples at 1000ms with 0 rampup samples'
ptd-server 2021-03-01 03:49:58,993 [INFO] Sending reply to client 'OK'
ptd-server 2021-03-01 04:00:14,410 [INFO] Got command from the client 'session,2021-03-01_03-38-48,stop,testing'
ptd-server 2021-03-01 04:00:24,421 [INFO] Sending to ptd: 'Stop'
ptd-server 2021-03-01 04:00:24,421 [INFO] Reply from ptd: 'Stopping untimed measurement'
ptd-server 2021-03-01 04:00:24,554 [INFO] Sending reply to client 'OK'
ptd-server 2021-03-01 04:00:24,558 [INFO] Got command from the client 'session,2021-03-01_03-38-48,upload,client.log'
ptd-server 2021-03-01 04:00:24,559 [INFO] Received '/home/anton/projects/mlperf/power-dev/output/2021-03-01_03-38-48client.log.tmp'
ptd-server 2021-03-01 04:00:24,559 [INFO] Removed '/home/anton/projects/mlperf/power-dev/output/2021-03-01_03-38-48client.log.tmp'
ptd-server 2021-03-01 04:00:24,559 [INFO] Sending reply to client 'OK'
ptd-server 2021-03-01 04:00:24,564 [INFO] Got command from the client 'session,2021-03-01_03-38-48,upload,client.json'
ptd-server 2021-03-01 04:00:24,564 [INFO] Received '/home/anton/projects/mlperf/power-dev/output/2021-03-01_03-38-48client.json.tmp'
ptd-server 2021-03-01 04:00:24,565 [INFO] Removed '/home/anton/projects/mlperf/power-dev/output/2021-03-01_03-38-48client.json.tmp'
ptd-server 2021-03-01 04:00:24,565 [INFO] Sending reply to client 'OK'
ptd-server 2021-03-01 04:00:24,566 [INFO] Got command from the client 'session,2021-03-01_03-38-48,done'
ptd-server 2021-03-01 04:00:24,566 [INFO] Sending to ptd: 'Stop'
ptd-server 2021-03-01 04:00:24,993 [INFO] Reply from ptd: 'Error: no measurement to stop'
ptd-server 2021-03-01 04:00:24,993 [INFO] Sending to ptd: 'SR,V,300.000000'
ptd-server 2021-03-01 04:00:26,494 [INFO] Reply from ptd: 'Range V changed'
ptd-server 2021-03-01 04:00:26,495 [INFO] Sending to ptd: 'SR,A,0.500000'
ptd-server 2021-03-01 04:00:27,996 [INFO] Reply from ptd: 'Range A changed'
ptd-server 2021-03-01 04:00:27,996 [INFO] Set initial values for Amps 0.500000 and Volts 300.000000
ptd-server 2021-03-01 04:00:27,996 [INFO] Stopping ptd...
