ptd-server 2021-03-07 01:21:24,875 [INFO] Got command from the client 'time'
ptd-server 2021-03-07 01:21:24,875 [INFO] Sending reply to client '1615080084.875247'
ptd-server 2021-03-07 01:21:24,878 [INFO] Got command from the client 'new,,587fa5db-59fb-4bd8-a34f-71810c5e50c2'
ptd-server 2021-03-07 01:21:24,878 [INFO] Sending reply to client 'OK 2021-03-07_01-21-24,e8ae9680-d358-46ad-b487-bb25a0674b8e'
ptd-server 2021-03-07 01:21:24,914 [INFO] Got command from the client 'time'
ptd-server 2021-03-07 01:21:24,914 [INFO] Sending reply to client '1615080084.914705'
ptd-server 2021-03-07 01:21:24,917 [INFO] Got command from the client 'session,2021-03-07_01-21-24,start,ranging'
ptd-server 2021-03-07 01:21:24,917 [INFO] Running PTDaemon: ['/home/anton/projects/mlperf/power/inference_v1.0/ptd-linux-x86', '-l', 'ptd.log', '-p', '8888', '52', '/dev/usbtmc0']
ptd-server 2021-03-07 01:21:42,086 [INFO] Sending to ptd: 'Hello'
ptd-server 2021-03-07 01:21:42,087 [INFO] Reply from ptd: 'Hello, PTDaemon here!'
ptd-server 2021-03-07 01:21:42,087 [INFO] Sending to ptd: 'Identify'
ptd-server 2021-03-07 01:21:42,087 [INFO] Reply from ptd: 'YokogawaWT330E,1000,1,1,1,1,0,0,1,version=1.9.2-e8c7a49a-20201208,OS=Linux 5.8.0-43-generic #49~20.04.1-Ubuntu SMP Fri Feb 5 09:57:56 UTC 2021 x86_64,mode=power,1,1,1,0,0,no_cal_date,YOKOGAWA;WT333E;C3VD30030E;F1.04'
ptd-server 2021-03-07 01:21:42,087 [INFO] Connected to PTDaemon
ptd-server 2021-03-07 01:21:42,087 [INFO] Sending to ptd: 'RR'
ptd-server 2021-03-07 01:21:42,088 [INFO] Reply from ptd: 'Ranges,0,0.500000,0,300.000000'
ptd-server 2021-03-07 01:21:42,088 [INFO] Initial range for Amps is 0.500000 for Volts is 300.000000
ptd-server 2021-03-07 01:21:42,088 [INFO] Sending to ptd: 'SR,V,Auto'
ptd-server 2021-03-07 01:21:42,591 [INFO] Reply from ptd: 'Range V changed'
ptd-server 2021-03-07 01:21:42,591 [INFO] Sending to ptd: 'SR,A,Auto'
ptd-server 2021-03-07 01:21:43,093 [INFO] Reply from ptd: 'Range A changed'
ptd-server 2021-03-07 01:21:53,103 [INFO] Starting ranging mode
ptd-server 2021-03-07 01:21:53,104 [INFO] Sending to ptd: 'Go,1000,0,2021-03-07_01-21-24_ranging'
ptd-server 2021-03-07 01:21:53,104 [INFO] Reply from ptd: 'Starting untimed measurement, maximum 500000 samples at 1000ms with 0 rampup samples'
ptd-server 2021-03-07 01:21:53,104 [INFO] Sending reply to client 'OK'
ptd-server 2021-03-07 01:32:18,217 [INFO] Got command from the client 'session,2021-03-07_01-21-24,stop,ranging'
ptd-server 2021-03-07 01:32:28,228 [INFO] Sending to ptd: 'Stop'
ptd-server 2021-03-07 01:32:28,228 [INFO] Reply from ptd: 'Stopping untimed measurement'
ptd-server 2021-03-07 01:32:28,715 [INFO] Sending reply to client 'OK'
ptd-server 2021-03-07 01:32:28,780 [INFO] Got command from the client 'time'
ptd-server 2021-03-07 01:32:28,780 [INFO] Sending reply to client '1615080748.7802663'
ptd-server 2021-03-07 01:32:28,784 [INFO] Got command from the client 'session,2021-03-07_01-21-24,start,testing'
ptd-server 2021-03-07 01:32:28,784 [INFO] Sending to ptd: 'SR,V,250.290000'
ptd-server 2021-03-07 01:32:30,606 [INFO] Reply from ptd: 'Range V changed'
ptd-server 2021-03-07 01:32:30,606 [INFO] Sending to ptd: 'SR,A,0.059640'
ptd-server 2021-03-07 01:32:32,107 [INFO] Reply from ptd: 'Range A changed'
ptd-server 2021-03-07 01:32:42,117 [INFO] Starting testing mode
ptd-server 2021-03-07 01:32:42,118 [INFO] Sending to ptd: 'Go,1000,0,2021-03-07_01-21-24_testing'
ptd-server 2021-03-07 01:32:42,118 [INFO] Reply from ptd: 'Starting untimed measurement, maximum 500000 samples at 1000ms with 0 rampup samples'
ptd-server 2021-03-07 01:32:42,118 [INFO] Sending reply to client 'OK'
ptd-server 2021-03-07 01:43:12,105 [INFO] Got command from the client 'session,2021-03-07_01-21-24,stop,testing'
ptd-server 2021-03-07 01:43:22,115 [INFO] Sending to ptd: 'Stop'
ptd-server 2021-03-07 01:43:22,116 [INFO] Reply from ptd: 'Stopping untimed measurement'
ptd-server 2021-03-07 01:43:22,379 [INFO] Sending reply to client 'OK'
ptd-server 2021-03-07 01:43:22,387 [INFO] Got command from the client 'session,2021-03-07_01-21-24,upload,client.log'
ptd-server 2021-03-07 01:43:22,389 [INFO] Received '/home/anton/projects/mlperf/power-dev/output/2021-03-07_01-21-24client.log.tmp'
ptd-server 2021-03-07 01:43:22,390 [INFO] Removed '/home/anton/projects/mlperf/power-dev/output/2021-03-07_01-21-24client.log.tmp'
ptd-server 2021-03-07 01:43:22,390 [INFO] Sending reply to client 'OK'
ptd-server 2021-03-07 01:43:22,402 [INFO] Got command from the client 'session,2021-03-07_01-21-24,upload,client.json'
ptd-server 2021-03-07 01:43:22,405 [INFO] Received '/home/anton/projects/mlperf/power-dev/output/2021-03-07_01-21-24client.json.tmp'
ptd-server 2021-03-07 01:43:22,406 [INFO] Removed '/home/anton/projects/mlperf/power-dev/output/2021-03-07_01-21-24client.json.tmp'
ptd-server 2021-03-07 01:43:22,406 [INFO] Sending reply to client 'OK'
ptd-server 2021-03-07 01:43:22,408 [INFO] Got command from the client 'session,2021-03-07_01-21-24,done'
ptd-server 2021-03-07 01:43:22,409 [INFO] Sending to ptd: 'Stop'
ptd-server 2021-03-07 01:43:22,409 [INFO] Reply from ptd: 'Error: no measurement to stop'
ptd-server 2021-03-07 01:43:22,409 [INFO] Sending to ptd: 'SR,V,300.000000'
ptd-server 2021-03-07 01:43:23,910 [INFO] Reply from ptd: 'Range V changed'
ptd-server 2021-03-07 01:43:23,910 [INFO] Sending to ptd: 'SR,A,0.500000'
ptd-server 2021-03-07 01:43:25,412 [INFO] Reply from ptd: 'Range A changed'
ptd-server 2021-03-07 01:43:25,412 [INFO] Set initial values for Amps 0.500000 and Volts 300.000000
ptd-server 2021-03-07 01:43:25,412 [INFO] Stopping ptd...
