ptd-server 2021-02-27 08:46:20,704 [INFO] Got command from the client 'time'
ptd-server 2021-02-27 08:46:20,704 [INFO] Sending reply to client '1614415580.704709'
ptd-server 2021-02-27 08:46:20,705 [INFO] Got command from the client 'new,,66e5da74-ba26-4997-888c-3a050e9e0b94'
ptd-server 2021-02-27 08:46:20,706 [INFO] Sending reply to client 'OK 2021-02-27_08-46-20,f69d46de-3a29-4c11-bac8-1d3f35ec66c8'
ptd-server 2021-02-27 08:46:20,744 [INFO] Got command from the client 'time'
ptd-server 2021-02-27 08:46:20,744 [INFO] Sending reply to client '1614415580.7446373'
ptd-server 2021-02-27 08:46:20,745 [INFO] Got command from the client 'session,2021-02-27_08-46-20,start,ranging'
ptd-server 2021-02-27 08:46:20,746 [INFO] Running PTDaemon: ['/home/anton/projects/mlperf/power/inference_v1.0/ptd-linux-x86', '-l', 'ptd.log', '-p', '8888', '52', '/dev/usbtmc0']
ptd-server 2021-02-27 08:46:37,914 [INFO] Sending to ptd: 'Hello'
ptd-server 2021-02-27 08:46:37,915 [INFO] Reply from ptd: 'Hello, PTDaemon here!'
ptd-server 2021-02-27 08:46:37,915 [INFO] Sending to ptd: 'Identify'
ptd-server 2021-02-27 08:46:37,915 [INFO] Reply from ptd: 'YokogawaWT330E,1000,1,1,1,1,0,0,1,version=1.9.2-e8c7a49a-20201208,OS=Linux 5.8.0-43-generic #49~20.04.1-Ubuntu SMP Fri Feb 5 09:57:56 UTC 2021 x86_64,mode=power,1,1,1,0,0,no_cal_date,YOKOGAWA;WT333E;C3VD30030E;F1.04'
ptd-server 2021-02-27 08:46:37,915 [INFO] Connected to PTDaemon
ptd-server 2021-02-27 08:46:37,915 [INFO] Sending to ptd: 'RR'
ptd-server 2021-02-27 08:46:37,916 [INFO] Reply from ptd: 'Ranges,0,0.500000,0,300.000000'
ptd-server 2021-02-27 08:46:37,916 [INFO] Initial range for Amps is 0.500000 for Volts is 300.000000
ptd-server 2021-02-27 08:46:37,916 [INFO] Sending to ptd: 'SR,V,Auto'
ptd-server 2021-02-27 08:46:38,418 [INFO] Reply from ptd: 'Range V changed'
ptd-server 2021-02-27 08:46:38,419 [INFO] Sending to ptd: 'SR,A,Auto'
ptd-server 2021-02-27 08:46:38,921 [INFO] Reply from ptd: 'Range A changed'
ptd-server 2021-02-27 08:46:48,931 [INFO] Starting ranging mode
ptd-server 2021-02-27 08:46:48,932 [INFO] Sending to ptd: 'Go,1000,0,2021-02-27_08-46-20_ranging'
ptd-server 2021-02-27 08:46:48,932 [INFO] Reply from ptd: 'Starting untimed measurement, maximum 500000 samples at 1000ms with 0 rampup samples'
ptd-server 2021-02-27 08:46:48,932 [INFO] Sending reply to client 'OK'
ptd-server 2021-02-27 08:57:07,355 [INFO] Got command from the client 'session,2021-02-27_08-46-20,stop,ranging'
ptd-server 2021-02-27 08:57:17,365 [INFO] Sending to ptd: 'Stop'
ptd-server 2021-02-27 08:57:17,365 [INFO] Reply from ptd: 'Stopping untimed measurement'
ptd-server 2021-02-27 08:57:17,430 [INFO] Sending reply to client 'OK'
ptd-server 2021-02-27 08:57:17,471 [INFO] Got command from the client 'time'
ptd-server 2021-02-27 08:57:17,471 [INFO] Sending reply to client '1614416237.4714'
ptd-server 2021-02-27 08:57:17,472 [INFO] Got command from the client 'session,2021-02-27_08-46-20,start,testing'
ptd-server 2021-02-27 08:57:17,472 [INFO] Sending to ptd: 'SR,V,250.270000'
ptd-server 2021-02-27 08:57:19,434 [INFO] Reply from ptd: 'Range V changed'
ptd-server 2021-02-27 08:57:19,434 [INFO] Sending to ptd: 'SR,A,0.180210'
ptd-server 2021-02-27 08:57:20,935 [INFO] Reply from ptd: 'Range A changed'
ptd-server 2021-02-27 08:57:30,945 [INFO] Starting testing mode
ptd-server 2021-02-27 08:57:30,945 [INFO] Sending to ptd: 'Go,1000,0,2021-02-27_08-46-20_testing'
ptd-server 2021-02-27 08:57:30,946 [INFO] Reply from ptd: 'Starting untimed measurement, maximum 500000 samples at 1000ms with 0 rampup samples'
ptd-server 2021-02-27 08:57:30,946 [INFO] Sending reply to client 'OK'
ptd-server 2021-02-27 09:07:49,377 [INFO] Got command from the client 'session,2021-02-27_08-46-20,stop,testing'
ptd-server 2021-02-27 09:07:59,387 [INFO] Sending to ptd: 'Stop'
ptd-server 2021-02-27 09:07:59,388 [INFO] Reply from ptd: 'Stopping untimed measurement'
ptd-server 2021-02-27 09:07:59,423 [INFO] Sending reply to client 'OK'
ptd-server 2021-02-27 09:07:59,426 [INFO] Got command from the client 'session,2021-02-27_08-46-20,upload,client.log'
ptd-server 2021-02-27 09:07:59,427 [INFO] Received '/home/anton/projects/mlperf/power-dev/output/2021-02-27_08-46-20client.log.tmp'
ptd-server 2021-02-27 09:07:59,427 [INFO] Removed '/home/anton/projects/mlperf/power-dev/output/2021-02-27_08-46-20client.log.tmp'
ptd-server 2021-02-27 09:07:59,427 [INFO] Sending reply to client 'OK'
ptd-server 2021-02-27 09:07:59,431 [INFO] Got command from the client 'session,2021-02-27_08-46-20,upload,client.json'
ptd-server 2021-02-27 09:07:59,431 [INFO] Received '/home/anton/projects/mlperf/power-dev/output/2021-02-27_08-46-20client.json.tmp'
ptd-server 2021-02-27 09:07:59,432 [INFO] Removed '/home/anton/projects/mlperf/power-dev/output/2021-02-27_08-46-20client.json.tmp'
ptd-server 2021-02-27 09:07:59,432 [INFO] Sending reply to client 'OK'
ptd-server 2021-02-27 09:07:59,433 [INFO] Got command from the client 'session,2021-02-27_08-46-20,done'
ptd-server 2021-02-27 09:07:59,433 [INFO] Sending to ptd: 'Stop'
ptd-server 2021-02-27 09:07:59,947 [INFO] Reply from ptd: 'Error: no measurement to stop'
ptd-server 2021-02-27 09:07:59,947 [INFO] Sending to ptd: 'SR,V,300.000000'
ptd-server 2021-02-27 09:08:01,448 [INFO] Reply from ptd: 'Range V changed'
ptd-server 2021-02-27 09:08:01,449 [INFO] Sending to ptd: 'SR,A,0.500000'
ptd-server 2021-02-27 09:08:02,950 [INFO] Reply from ptd: 'Range A changed'
ptd-server 2021-02-27 09:08:02,950 [INFO] Set initial values for Amps 0.500000 and Volts 300.000000
ptd-server 2021-02-27 09:08:02,950 [INFO] Stopping ptd...
