ptd-server 2021-03-06 00:10:17,203 [INFO] Got command from the client 'time'
ptd-server 2021-03-06 00:10:17,203 [INFO] Sending reply to client '1614989417.2036934'
ptd-server 2021-03-06 00:10:17,206 [INFO] Got command from the client 'new,,0a12427b-323e-4301-83c0-c4d783bde277'
ptd-server 2021-03-06 00:10:17,207 [INFO] Sending reply to client 'OK 2021-03-06_00-10-17,75b4897e-fc1c-468d-a79f-5e2ca1e6bab1'
ptd-server 2021-03-06 00:10:17,243 [INFO] Got command from the client 'time'
ptd-server 2021-03-06 00:10:17,244 [INFO] Sending reply to client '1614989417.244025'
ptd-server 2021-03-06 00:10:17,247 [INFO] Got command from the client 'session,2021-03-06_00-10-17,start,ranging'
ptd-server 2021-03-06 00:10:17,247 [INFO] Running PTDaemon: ['/home/anton/projects/mlperf/power/inference_v1.0/ptd-linux-x86', '-l', 'ptd.log', '-p', '8888', '52', '/dev/usbtmc0']
ptd-server 2021-03-06 00:10:34,415 [INFO] Sending to ptd: 'Hello'
ptd-server 2021-03-06 00:10:34,416 [INFO] Reply from ptd: 'Hello, PTDaemon here!'
ptd-server 2021-03-06 00:10:34,416 [INFO] Sending to ptd: 'Identify'
ptd-server 2021-03-06 00:10:34,416 [INFO] Reply from ptd: 'YokogawaWT330E,1000,1,1,1,1,0,0,1,version=1.9.2-e8c7a49a-20201208,OS=Linux 5.8.0-43-generic #49~20.04.1-Ubuntu SMP Fri Feb 5 09:57:56 UTC 2021 x86_64,mode=power,1,1,1,0,0,no_cal_date,YOKOGAWA;WT333E;C3VD30030E;F1.04'
ptd-server 2021-03-06 00:10:34,416 [INFO] Connected to PTDaemon
ptd-server 2021-03-06 00:10:34,417 [INFO] Sending to ptd: 'RR'
ptd-server 2021-03-06 00:10:34,417 [INFO] Reply from ptd: 'Ranges,0,0.500000,0,300.000000'
ptd-server 2021-03-06 00:10:34,417 [INFO] Initial range for Amps is 0.500000 for Volts is 300.000000
ptd-server 2021-03-06 00:10:34,417 [INFO] Sending to ptd: 'SR,V,Auto'
ptd-server 2021-03-06 00:10:34,919 [INFO] Reply from ptd: 'Range V changed'
ptd-server 2021-03-06 00:10:34,920 [INFO] Sending to ptd: 'SR,A,Auto'
ptd-server 2021-03-06 00:10:35,422 [INFO] Reply from ptd: 'Range A changed'
ptd-server 2021-03-06 00:10:45,432 [INFO] Starting ranging mode
ptd-server 2021-03-06 00:10:45,432 [INFO] Sending to ptd: 'Go,1000,0,2021-03-06_00-10-17_ranging'
ptd-server 2021-03-06 00:10:45,433 [INFO] Reply from ptd: 'Starting untimed measurement, maximum 500000 samples at 1000ms with 0 rampup samples'
ptd-server 2021-03-06 00:10:45,433 [INFO] Sending reply to client 'OK'
ptd-server 2021-03-06 00:21:17,078 [INFO] Got command from the client 'session,2021-03-06_00-10-17,stop,ranging'
ptd-server 2021-03-06 00:21:27,089 [INFO] Sending to ptd: 'Stop'
ptd-server 2021-03-06 00:21:27,089 [INFO] Reply from ptd: 'Stopping untimed measurement'
ptd-server 2021-03-06 00:21:27,499 [INFO] Sending reply to client 'OK'
ptd-server 2021-03-06 00:21:27,542 [INFO] Got command from the client 'time'
ptd-server 2021-03-06 00:21:27,542 [INFO] Sending reply to client '1614990087.542479'
ptd-server 2021-03-06 00:21:27,546 [INFO] Got command from the client 'session,2021-03-06_00-10-17,start,testing'
ptd-server 2021-03-06 00:21:27,546 [INFO] Sending to ptd: 'SR,V,252.180000'
ptd-server 2021-03-06 00:21:29,047 [INFO] Reply from ptd: 'Range V changed'
ptd-server 2021-03-06 00:21:29,047 [INFO] Sending to ptd: 'SR,A,0.061710'
ptd-server 2021-03-06 00:21:30,549 [INFO] Reply from ptd: 'Range A changed'
ptd-server 2021-03-06 00:21:40,559 [INFO] Starting testing mode
ptd-server 2021-03-06 00:21:40,559 [INFO] Sending to ptd: 'Go,1000,0,2021-03-06_00-10-17_testing'
ptd-server 2021-03-06 00:21:40,559 [INFO] Reply from ptd: 'Starting untimed measurement, maximum 500000 samples at 1000ms with 0 rampup samples'
ptd-server 2021-03-06 00:21:40,560 [INFO] Sending reply to client 'OK'
ptd-server 2021-03-06 00:32:16,936 [INFO] Got command from the client 'session,2021-03-06_00-10-17,stop,testing'
ptd-server 2021-03-06 00:32:26,947 [INFO] Sending to ptd: 'Stop'
ptd-server 2021-03-06 00:32:26,947 [INFO] Reply from ptd: 'Stopping untimed measurement'
ptd-server 2021-03-06 00:32:27,157 [INFO] Sending reply to client 'OK'
ptd-server 2021-03-06 00:32:27,166 [INFO] Got command from the client 'session,2021-03-06_00-10-17,upload,client.log'
ptd-server 2021-03-06 00:32:27,170 [INFO] Received '/home/anton/projects/mlperf/power-dev/output/2021-03-06_00-10-17client.log.tmp'
ptd-server 2021-03-06 00:32:27,170 [INFO] Removed '/home/anton/projects/mlperf/power-dev/output/2021-03-06_00-10-17client.log.tmp'
ptd-server 2021-03-06 00:32:27,170 [INFO] Sending reply to client 'OK'
ptd-server 2021-03-06 00:32:27,183 [INFO] Got command from the client 'session,2021-03-06_00-10-17,upload,client.json'
ptd-server 2021-03-06 00:32:27,188 [INFO] Received '/home/anton/projects/mlperf/power-dev/output/2021-03-06_00-10-17client.json.tmp'
ptd-server 2021-03-06 00:32:27,188 [INFO] Removed '/home/anton/projects/mlperf/power-dev/output/2021-03-06_00-10-17client.json.tmp'
ptd-server 2021-03-06 00:32:27,189 [INFO] Sending reply to client 'OK'
ptd-server 2021-03-06 00:32:27,191 [INFO] Got command from the client 'session,2021-03-06_00-10-17,done'
ptd-server 2021-03-06 00:32:27,192 [INFO] Sending to ptd: 'Stop'
ptd-server 2021-03-06 00:32:27,559 [INFO] Reply from ptd: 'Error: no measurement to stop'
ptd-server 2021-03-06 00:32:27,559 [INFO] Sending to ptd: 'SR,V,300.000000'
ptd-server 2021-03-06 00:32:29,061 [INFO] Reply from ptd: 'Range V changed'
ptd-server 2021-03-06 00:32:29,061 [INFO] Sending to ptd: 'SR,A,0.500000'
ptd-server 2021-03-06 00:32:30,562 [INFO] Reply from ptd: 'Range A changed'
ptd-server 2021-03-06 00:32:30,562 [INFO] Set initial values for Amps 0.500000 and Volts 300.000000
ptd-server 2021-03-06 00:32:30,562 [INFO] Stopping ptd...
