ptd-server 2021-02-26 22:04:40,444 [INFO] Got command from the client 'time'
ptd-server 2021-02-26 22:04:40,445 [INFO] Sending reply to client '1614377080.4449723'
ptd-server 2021-02-26 22:04:40,446 [INFO] Got command from the client 'new,,54a42b74-cd54-423a-b573-34009776a6b4'
ptd-server 2021-02-26 22:04:40,446 [INFO] Sending reply to client 'OK 2021-02-26_22-04-40,25d71778-434a-43c1-afac-b8575c826ff1'
ptd-server 2021-02-26 22:04:40,479 [INFO] Got command from the client 'time'
ptd-server 2021-02-26 22:04:40,479 [INFO] Sending reply to client '1614377080.479431'
ptd-server 2021-02-26 22:04:40,480 [INFO] Got command from the client 'session,2021-02-26_22-04-40,start,ranging'
ptd-server 2021-02-26 22:04:40,481 [INFO] Running PTDaemon: ['/home/anton/projects/mlperf/power/inference_v1.0/ptd-linux-x86', '-l', 'ptd.log', '-p', '8888', '52', '/dev/usbtmc0']
ptd-server 2021-02-26 22:04:57,648 [INFO] Sending to ptd: 'Hello'
ptd-server 2021-02-26 22:04:57,649 [INFO] Reply from ptd: 'Hello, PTDaemon here!'
ptd-server 2021-02-26 22:04:57,649 [INFO] Sending to ptd: 'Identify'
ptd-server 2021-02-26 22:04:57,649 [INFO] Reply from ptd: 'YokogawaWT330E,1000,1,1,1,1,0,0,1,version=1.9.2-e8c7a49a-20201208,OS=Linux 5.8.0-43-generic #49~20.04.1-Ubuntu SMP Fri Feb 5 09:57:56 UTC 2021 x86_64,mode=power,1,1,1,0,0,no_cal_date,YOKOGAWA;WT333E;C3VD30030E;F1.04'
ptd-server 2021-02-26 22:04:57,650 [INFO] Connected to PTDaemon
ptd-server 2021-02-26 22:04:57,650 [INFO] Sending to ptd: 'RR'
ptd-server 2021-02-26 22:04:57,650 [INFO] Reply from ptd: 'Ranges,0,0.500000,0,300.000000'
ptd-server 2021-02-26 22:04:57,650 [INFO] Initial range for Amps is 0.500000 for Volts is 300.000000
ptd-server 2021-02-26 22:04:57,650 [INFO] Sending to ptd: 'SR,V,Auto'
ptd-server 2021-02-26 22:04:58,153 [INFO] Reply from ptd: 'Range V changed'
ptd-server 2021-02-26 22:04:58,153 [INFO] Sending to ptd: 'SR,A,Auto'
ptd-server 2021-02-26 22:04:58,655 [INFO] Reply from ptd: 'Range A changed'
ptd-server 2021-02-26 22:05:08,665 [INFO] Starting ranging mode
ptd-server 2021-02-26 22:05:08,666 [INFO] Sending to ptd: 'Go,1000,0,2021-02-26_22-04-40_ranging'
ptd-server 2021-02-26 22:05:08,666 [INFO] Reply from ptd: 'Starting untimed measurement, maximum 500000 samples at 1000ms with 0 rampup samples'
ptd-server 2021-02-26 22:05:08,666 [INFO] Sending reply to client 'OK'
ptd-server 2021-02-26 22:15:30,364 [INFO] Got command from the client 'session,2021-02-26_22-04-40,stop,ranging'
ptd-server 2021-02-26 22:15:40,375 [INFO] Sending to ptd: 'Stop'
ptd-server 2021-02-26 22:15:40,375 [INFO] Reply from ptd: 'Stopping untimed measurement'
ptd-server 2021-02-26 22:15:40,411 [INFO] Sending reply to client 'OK'
ptd-server 2021-02-26 22:15:40,448 [INFO] Got command from the client 'time'
ptd-server 2021-02-26 22:15:40,448 [INFO] Sending reply to client '1614377740.4486625'
ptd-server 2021-02-26 22:15:40,449 [INFO] Got command from the client 'session,2021-02-26_22-04-40,start,testing'
ptd-server 2021-02-26 22:15:40,450 [INFO] Sending to ptd: 'SR,V,250.340000'
ptd-server 2021-02-26 22:15:42,167 [INFO] Reply from ptd: 'Range V changed'
ptd-server 2021-02-26 22:15:42,167 [INFO] Sending to ptd: 'SR,A,0.234270'
ptd-server 2021-02-26 22:15:43,669 [INFO] Reply from ptd: 'Range A changed'
ptd-server 2021-02-26 22:15:53,679 [INFO] Starting testing mode
ptd-server 2021-02-26 22:15:53,679 [INFO] Sending to ptd: 'Go,1000,0,2021-02-26_22-04-40_testing'
ptd-server 2021-02-26 22:15:53,679 [INFO] Reply from ptd: 'Starting untimed measurement, maximum 500000 samples at 1000ms with 0 rampup samples'
ptd-server 2021-02-26 22:15:53,680 [INFO] Sending reply to client 'OK'
ptd-server 2021-02-26 22:26:12,327 [INFO] Got command from the client 'session,2021-02-26_22-04-40,stop,testing'
ptd-server 2021-02-26 22:26:22,337 [INFO] Sending to ptd: 'Stop'
ptd-server 2021-02-26 22:26:22,338 [INFO] Reply from ptd: 'Stopping untimed measurement'
ptd-server 2021-02-26 22:26:22,356 [INFO] Sending reply to client 'OK'
ptd-server 2021-02-26 22:26:22,359 [INFO] Got command from the client 'session,2021-02-26_22-04-40,upload,client.log'
ptd-server 2021-02-26 22:26:22,360 [INFO] Received '/home/anton/projects/mlperf/power-dev/output/2021-02-26_22-04-40client.log.tmp'
ptd-server 2021-02-26 22:26:22,360 [INFO] Removed '/home/anton/projects/mlperf/power-dev/output/2021-02-26_22-04-40client.log.tmp'
ptd-server 2021-02-26 22:26:22,361 [INFO] Sending reply to client 'OK'
ptd-server 2021-02-26 22:26:22,364 [INFO] Got command from the client 'session,2021-02-26_22-04-40,upload,client.json'
ptd-server 2021-02-26 22:26:22,365 [INFO] Received '/home/anton/projects/mlperf/power-dev/output/2021-02-26_22-04-40client.json.tmp'
ptd-server 2021-02-26 22:26:22,365 [INFO] Removed '/home/anton/projects/mlperf/power-dev/output/2021-02-26_22-04-40client.json.tmp'
ptd-server 2021-02-26 22:26:22,365 [INFO] Sending reply to client 'OK'
ptd-server 2021-02-26 22:26:22,366 [INFO] Got command from the client 'session,2021-02-26_22-04-40,done'
ptd-server 2021-02-26 22:26:22,366 [INFO] Sending to ptd: 'Stop'
ptd-server 2021-02-26 22:26:22,679 [INFO] Reply from ptd: 'Error: no measurement to stop'
ptd-server 2021-02-26 22:26:22,680 [INFO] Sending to ptd: 'SR,V,300.000000'
ptd-server 2021-02-26 22:26:24,181 [INFO] Reply from ptd: 'Range V changed'
ptd-server 2021-02-26 22:26:24,181 [INFO] Sending to ptd: 'SR,A,0.500000'
ptd-server 2021-02-26 22:26:25,682 [INFO] Reply from ptd: 'Range A changed'
ptd-server 2021-02-26 22:26:25,683 [INFO] Set initial values for Amps 0.500000 and Volts 300.000000
ptd-server 2021-02-26 22:26:25,683 [INFO] Stopping ptd...
