ptd-server 2021-03-09 17:07:40,191 [INFO] Got command from the client 'time'
ptd-server 2021-03-09 17:07:40,192 [INFO] Sending reply to client '1615309660.1920722'
ptd-server 2021-03-09 17:07:40,194 [INFO] Got command from the client 'new,,10d2e182-1f44-4d95-b542-e5f3601a0fc4'
ptd-server 2021-03-09 17:07:40,196 [INFO] Sending reply to client 'OK 2021-03-09_17-07-40,588831b0-73a5-48a0-9962-56931c8d5bec'
ptd-server 2021-03-09 17:07:40,241 [INFO] Got command from the client 'time'
ptd-server 2021-03-09 17:07:40,241 [INFO] Sending reply to client '1615309660.2413747'
ptd-server 2021-03-09 17:07:40,243 [INFO] Got command from the client 'session,2021-03-09_17-07-40,start,ranging'
ptd-server 2021-03-09 17:07:40,244 [INFO] Running PTDaemon: ['/home/anton/projects/mlperf/power/inference_v1.0/ptd-linux-x86', '-l', 'ptd.log', '-p', '8888', '52', '/dev/usbtmc0']
ptd-server 2021-03-09 17:07:57,416 [INFO] Sending to ptd: 'Hello'
ptd-server 2021-03-09 17:07:57,417 [INFO] Reply from ptd: 'Hello, PTDaemon here!'
ptd-server 2021-03-09 17:07:57,417 [INFO] Sending to ptd: 'Identify'
ptd-server 2021-03-09 17:07:57,418 [INFO] Reply from ptd: 'YokogawaWT330E,1000,1,1,1,1,0,0,1,version=1.9.2-e8c7a49a-20201208,OS=Linux 5.8.0-43-generic #49~20.04.1-Ubuntu SMP Fri Feb 5 09:57:56 UTC 2021 x86_64,mode=power,1,1,1,0,0,no_cal_date,YOKOGAWA;WT333E;C3VD30030E;F1.04'
ptd-server 2021-03-09 17:07:57,418 [INFO] Connected to PTDaemon
ptd-server 2021-03-09 17:07:57,418 [INFO] Sending to ptd: 'RR'
ptd-server 2021-03-09 17:07:57,418 [INFO] Reply from ptd: 'Ranges,0,0.500000,0,300.000000'
ptd-server 2021-03-09 17:07:57,418 [INFO] Initial range for Amps is 0.500000 for Volts is 300.000000
ptd-server 2021-03-09 17:07:57,419 [INFO] Sending to ptd: 'SR,V,Auto'
ptd-server 2021-03-09 17:07:57,921 [INFO] Reply from ptd: 'Range V changed'
ptd-server 2021-03-09 17:07:57,921 [INFO] Sending to ptd: 'SR,A,Auto'
ptd-server 2021-03-09 17:07:58,424 [INFO] Reply from ptd: 'Range A changed'
ptd-server 2021-03-09 17:08:08,434 [INFO] Starting ranging mode
ptd-server 2021-03-09 17:08:08,434 [INFO] Sending to ptd: 'Go,1000,0,2021-03-09_17-07-40_ranging'
ptd-server 2021-03-09 17:08:08,434 [INFO] Reply from ptd: 'Starting untimed measurement, maximum 500000 samples at 1000ms with 0 rampup samples'
ptd-server 2021-03-09 17:08:08,435 [INFO] Sending reply to client 'OK'
ptd-server 2021-03-09 17:18:23,927 [INFO] Got command from the client 'session,2021-03-09_17-07-40,stop,ranging'
ptd-server 2021-03-09 17:18:33,937 [INFO] Sending to ptd: 'Stop'
ptd-server 2021-03-09 17:18:33,938 [INFO] Reply from ptd: 'Stopping untimed measurement'
ptd-server 2021-03-09 17:18:34,694 [INFO] Sending reply to client 'OK'
ptd-server 2021-03-09 17:18:34,741 [INFO] Got command from the client 'time'
ptd-server 2021-03-09 17:18:34,741 [INFO] Sending reply to client '1615310314.741706'
ptd-server 2021-03-09 17:18:34,744 [INFO] Got command from the client 'session,2021-03-09_17-07-40,start,testing'
ptd-server 2021-03-09 17:18:34,744 [INFO] Sending to ptd: 'SR,V,250.480000'
ptd-server 2021-03-09 17:18:36,246 [INFO] Reply from ptd: 'Range V changed'
ptd-server 2021-03-09 17:18:36,246 [INFO] Sending to ptd: 'SR,A,0.130840'
ptd-server 2021-03-09 17:18:37,747 [INFO] Reply from ptd: 'Range A changed'
ptd-server 2021-03-09 17:18:47,758 [INFO] Starting testing mode
ptd-server 2021-03-09 17:18:47,758 [INFO] Sending to ptd: 'Go,1000,0,2021-03-09_17-07-40_testing'
ptd-server 2021-03-09 17:18:47,758 [INFO] Reply from ptd: 'Starting untimed measurement, maximum 500000 samples at 1000ms with 0 rampup samples'
ptd-server 2021-03-09 17:18:47,758 [INFO] Sending reply to client 'OK'
ptd-server 2021-03-09 17:29:03,310 [INFO] Got command from the client 'session,2021-03-09_17-07-40,stop,testing'
ptd-server 2021-03-09 17:29:13,320 [INFO] Sending to ptd: 'Stop'
ptd-server 2021-03-09 17:29:13,321 [INFO] Reply from ptd: 'Stopping untimed measurement'
ptd-server 2021-03-09 17:29:13,713 [INFO] Sending reply to client 'OK'
ptd-server 2021-03-09 17:29:13,721 [INFO] Got command from the client 'session,2021-03-09_17-07-40,upload,client.log'
ptd-server 2021-03-09 17:29:13,723 [INFO] Received '/home/anton/projects/mlperf/power-dev/output/2021-03-09_17-07-40client.log.tmp'
ptd-server 2021-03-09 17:29:13,723 [INFO] Removed '/home/anton/projects/mlperf/power-dev/output/2021-03-09_17-07-40client.log.tmp'
ptd-server 2021-03-09 17:29:13,723 [INFO] Sending reply to client 'OK'
ptd-server 2021-03-09 17:29:13,731 [INFO] Got command from the client 'session,2021-03-09_17-07-40,upload,client.json'
ptd-server 2021-03-09 17:29:13,731 [INFO] Received '/home/anton/projects/mlperf/power-dev/output/2021-03-09_17-07-40client.json.tmp'
ptd-server 2021-03-09 17:29:13,732 [INFO] Removed '/home/anton/projects/mlperf/power-dev/output/2021-03-09_17-07-40client.json.tmp'
ptd-server 2021-03-09 17:29:13,732 [INFO] Sending reply to client 'OK'
ptd-server 2021-03-09 17:29:13,733 [INFO] Got command from the client 'session,2021-03-09_17-07-40,done'
ptd-server 2021-03-09 17:29:13,733 [INFO] Sending to ptd: 'Stop'
ptd-server 2021-03-09 17:29:13,758 [INFO] Reply from ptd: 'Error: no measurement to stop'
ptd-server 2021-03-09 17:29:13,758 [INFO] Sending to ptd: 'SR,V,300.000000'
ptd-server 2021-03-09 17:29:15,260 [INFO] Reply from ptd: 'Range V changed'
ptd-server 2021-03-09 17:29:15,260 [INFO] Sending to ptd: 'SR,A,0.500000'
ptd-server 2021-03-09 17:29:16,761 [INFO] Reply from ptd: 'Range A changed'
ptd-server 2021-03-09 17:29:16,761 [INFO] Set initial values for Amps 0.500000 and Volts 300.000000
ptd-server 2021-03-09 17:29:16,762 [INFO] Stopping ptd...
