ptd-server 2021-03-07 00:36:52,472 [INFO] Got command from the client 'time'
ptd-server 2021-03-07 00:36:52,472 [INFO] Sending reply to client '1615077412.4729233'
ptd-server 2021-03-07 00:36:52,476 [INFO] Got command from the client 'new,,dec13753-955c-4936-8afa-e75c06ed9202'
ptd-server 2021-03-07 00:36:52,476 [INFO] Sending reply to client 'OK 2021-03-07_00-36-52,a9193c06-3331-46bb-bee3-2b61e90a08aa'
ptd-server 2021-03-07 00:36:52,522 [INFO] Got command from the client 'time'
ptd-server 2021-03-07 00:36:52,522 [INFO] Sending reply to client '1615077412.5225174'
ptd-server 2021-03-07 00:36:52,525 [INFO] Got command from the client 'session,2021-03-07_00-36-52,start,ranging'
ptd-server 2021-03-07 00:36:52,526 [INFO] Running PTDaemon: ['/home/anton/projects/mlperf/power/inference_v1.0/ptd-linux-x86', '-l', 'ptd.log', '-p', '8888', '52', '/dev/usbtmc0']
ptd-server 2021-03-07 00:37:09,694 [INFO] Sending to ptd: 'Hello'
ptd-server 2021-03-07 00:37:09,695 [INFO] Reply from ptd: 'Hello, PTDaemon here!'
ptd-server 2021-03-07 00:37:09,695 [INFO] Sending to ptd: 'Identify'
ptd-server 2021-03-07 00:37:09,695 [INFO] Reply from ptd: 'YokogawaWT330E,1000,1,1,1,1,0,0,1,version=1.9.2-e8c7a49a-20201208,OS=Linux 5.8.0-43-generic #49~20.04.1-Ubuntu SMP Fri Feb 5 09:57:56 UTC 2021 x86_64,mode=power,1,1,1,0,0,no_cal_date,YOKOGAWA;WT333E;C3VD30030E;F1.04'
ptd-server 2021-03-07 00:37:09,696 [INFO] Connected to PTDaemon
ptd-server 2021-03-07 00:37:09,696 [INFO] Sending to ptd: 'RR'
ptd-server 2021-03-07 00:37:09,696 [INFO] Reply from ptd: 'Ranges,0,0.500000,0,300.000000'
ptd-server 2021-03-07 00:37:09,696 [INFO] Initial range for Amps is 0.500000 for Volts is 300.000000
ptd-server 2021-03-07 00:37:09,696 [INFO] Sending to ptd: 'SR,V,Auto'
ptd-server 2021-03-07 00:37:10,199 [INFO] Reply from ptd: 'Range V changed'
ptd-server 2021-03-07 00:37:10,199 [INFO] Sending to ptd: 'SR,A,Auto'
ptd-server 2021-03-07 00:37:10,702 [INFO] Reply from ptd: 'Range A changed'
ptd-server 2021-03-07 00:37:20,712 [INFO] Starting ranging mode
ptd-server 2021-03-07 00:37:20,712 [INFO] Sending to ptd: 'Go,1000,0,2021-03-07_00-36-52_ranging'
ptd-server 2021-03-07 00:37:20,712 [INFO] Reply from ptd: 'Starting untimed measurement, maximum 500000 samples at 1000ms with 0 rampup samples'
ptd-server 2021-03-07 00:37:20,713 [INFO] Sending reply to client 'OK'
ptd-server 2021-03-07 00:47:46,216 [INFO] Got command from the client 'session,2021-03-07_00-36-52,stop,ranging'
ptd-server 2021-03-07 00:47:56,226 [INFO] Sending to ptd: 'Stop'
ptd-server 2021-03-07 00:47:56,226 [INFO] Reply from ptd: 'Stopping untimed measurement'
ptd-server 2021-03-07 00:47:56,712 [INFO] Sending reply to client 'OK'
ptd-server 2021-03-07 00:47:56,761 [INFO] Got command from the client 'time'
ptd-server 2021-03-07 00:47:56,761 [INFO] Sending reply to client '1615078076.761317'
ptd-server 2021-03-07 00:47:56,765 [INFO] Got command from the client 'session,2021-03-07_00-36-52,start,testing'
ptd-server 2021-03-07 00:47:56,765 [INFO] Sending to ptd: 'SR,V,249.250000'
ptd-server 2021-03-07 00:47:58,267 [INFO] Reply from ptd: 'Range V changed'
ptd-server 2021-03-07 00:47:58,267 [INFO] Sending to ptd: 'SR,A,0.058960'
ptd-server 2021-03-07 00:47:59,768 [INFO] Reply from ptd: 'Range A changed'
ptd-server 2021-03-07 00:48:09,779 [INFO] Starting testing mode
ptd-server 2021-03-07 00:48:09,779 [INFO] Sending to ptd: 'Go,1000,0,2021-03-07_00-36-52_testing'
ptd-server 2021-03-07 00:48:09,779 [INFO] Reply from ptd: 'Starting untimed measurement, maximum 500000 samples at 1000ms with 0 rampup samples'
ptd-server 2021-03-07 00:48:09,779 [INFO] Sending reply to client 'OK'
ptd-server 2021-03-07 00:58:39,948 [INFO] Got command from the client 'session,2021-03-07_00-36-52,stop,testing'
ptd-server 2021-03-07 00:58:49,958 [INFO] Sending to ptd: 'Stop'
ptd-server 2021-03-07 00:58:49,959 [INFO] Reply from ptd: 'Stopping untimed measurement'
ptd-server 2021-03-07 00:58:50,220 [INFO] Sending reply to client 'OK'
ptd-server 2021-03-07 00:58:50,228 [INFO] Got command from the client 'session,2021-03-07_00-36-52,upload,client.log'
ptd-server 2021-03-07 00:58:50,232 [INFO] Received '/home/anton/projects/mlperf/power-dev/output/2021-03-07_00-36-52client.log.tmp'
ptd-server 2021-03-07 00:58:50,232 [INFO] Removed '/home/anton/projects/mlperf/power-dev/output/2021-03-07_00-36-52client.log.tmp'
ptd-server 2021-03-07 00:58:50,232 [INFO] Sending reply to client 'OK'
ptd-server 2021-03-07 00:58:50,245 [INFO] Got command from the client 'session,2021-03-07_00-36-52,upload,client.json'
ptd-server 2021-03-07 00:58:50,247 [INFO] Received '/home/anton/projects/mlperf/power-dev/output/2021-03-07_00-36-52client.json.tmp'
ptd-server 2021-03-07 00:58:50,248 [INFO] Removed '/home/anton/projects/mlperf/power-dev/output/2021-03-07_00-36-52client.json.tmp'
ptd-server 2021-03-07 00:58:50,248 [INFO] Sending reply to client 'OK'
ptd-server 2021-03-07 00:58:50,252 [INFO] Got command from the client 'session,2021-03-07_00-36-52,done'
ptd-server 2021-03-07 00:58:50,252 [INFO] Sending to ptd: 'Stop'
ptd-server 2021-03-07 00:58:50,780 [INFO] Reply from ptd: 'Error: no measurement to stop'
ptd-server 2021-03-07 00:58:50,780 [INFO] Sending to ptd: 'SR,V,300.000000'
ptd-server 2021-03-07 00:58:52,282 [INFO] Reply from ptd: 'Range V changed'
ptd-server 2021-03-07 00:58:52,282 [INFO] Sending to ptd: 'SR,A,0.500000'
ptd-server 2021-03-07 00:58:53,783 [INFO] Reply from ptd: 'Range A changed'
ptd-server 2021-03-07 00:58:53,783 [INFO] Set initial values for Amps 0.500000 and Volts 300.000000
ptd-server 2021-03-07 00:58:53,783 [INFO] Stopping ptd...
