ptd-server 2021-03-18 23:24:24,872 [INFO] Got command from the client 'time'
ptd-server 2021-03-18 23:24:24,873 [INFO] Sending reply to client '1616109864.8732333'
ptd-server 2021-03-18 23:24:24,877 [INFO] Got command from the client 'new,,a7987c4c-aefc-4e28-9bfd-09f5e0e06768'
ptd-server 2021-03-18 23:24:24,878 [INFO] Sending reply to client 'OK 2021-03-18_23-24-24,bbdf68f6-3fbf-4481-83fa-98a4fcafd0e0'
ptd-server 2021-03-18 23:24:24,932 [INFO] Got command from the client 'time'
ptd-server 2021-03-18 23:24:24,932 [INFO] Sending reply to client '1616109864.9326782'
ptd-server 2021-03-18 23:24:24,937 [INFO] Got command from the client 'session,2021-03-18_23-24-24,start,ranging'
ptd-server 2021-03-18 23:24:24,938 [INFO] Running PTDaemon: ['/home/anton/projects/mlperf/power/inference_v1.0/ptd-linux-x86', '-l', 'ptd.log', '-p', '9888', '52', '/dev/usbtmc1']
ptd-server 2021-03-18 23:24:42,064 [INFO] Sending to ptd: 'Hello'
ptd-server 2021-03-18 23:24:42,065 [INFO] Reply from ptd: 'Hello, PTDaemon here!'
ptd-server 2021-03-18 23:24:42,065 [INFO] Sending to ptd: 'Identify'
ptd-server 2021-03-18 23:24:42,066 [INFO] Reply from ptd: 'YokogawaWT330E,1000,1,1,1,1,0,0,1,version=1.9.2-e8c7a49a-20201208,OS=Linux 5.8.0-45-generic #51~20.04.1-Ubuntu SMP Tue Feb 23 13:46:31 UTC 2021 x86_64,mode=power,1,1,1,0,0,no_cal_date,YOKOGAWA;WT333E;C3VD30030E;F1.04'
ptd-server 2021-03-18 23:24:42,066 [INFO] Connected to PTDaemon
ptd-server 2021-03-18 23:24:42,066 [INFO] Sending to ptd: 'RR'
ptd-server 2021-03-18 23:24:42,067 [INFO] Reply from ptd: 'Ranges,1,0.500000,1,300.000000'
ptd-server 2021-03-18 23:24:42,067 [INFO] Initial range for Amps is Auto for Volts is Auto
ptd-server 2021-03-18 23:24:42,067 [INFO] Sending to ptd: 'SR,V,Auto'
ptd-server 2021-03-18 23:24:42,570 [INFO] Reply from ptd: 'Range V changed'
ptd-server 2021-03-18 23:24:42,570 [INFO] Sending to ptd: 'SR,A,Auto'
ptd-server 2021-03-18 23:24:43,073 [INFO] Reply from ptd: 'Range A changed'
ptd-server 2021-03-18 23:24:53,084 [INFO] Starting ranging mode
ptd-server 2021-03-18 23:24:53,084 [INFO] Sending to ptd: 'Go,1000,0,2021-03-18_23-24-24_ranging'
ptd-server 2021-03-18 23:24:53,085 [INFO] Reply from ptd: 'Starting untimed measurement, maximum 500000 samples at 1000ms with 0 rampup samples'
ptd-server 2021-03-18 23:24:53,085 [INFO] Sending reply to client 'OK'
ptd-server 2021-03-18 23:37:08,100 [INFO] Got command from the client 'session,2021-03-18_23-24-24,stop,ranging'
ptd-server 2021-03-18 23:37:18,111 [INFO] Sending to ptd: 'Stop'
ptd-server 2021-03-18 23:37:18,111 [INFO] Reply from ptd: 'Stopping untimed measurement'
ptd-server 2021-03-18 23:37:18,184 [INFO] Sending reply to client 'OK'
ptd-server 2021-03-18 23:37:18,294 [INFO] Got command from the client 'time'
ptd-server 2021-03-18 23:37:18,294 [INFO] Sending reply to client '1616110638.2943506'
ptd-server 2021-03-18 23:37:18,300 [INFO] Got command from the client 'session,2021-03-18_23-24-24,start,testing'
ptd-server 2021-03-18 23:37:18,300 [INFO] Sending to ptd: 'SR,V,249.180000'
ptd-server 2021-03-18 23:37:20,588 [INFO] Reply from ptd: 'Range V changed'
ptd-server 2021-03-18 23:37:20,588 [INFO] Sending to ptd: 'SR,A,0.297400'
ptd-server 2021-03-18 23:37:22,090 [INFO] Reply from ptd: 'Range A changed'
ptd-server 2021-03-18 23:37:32,100 [INFO] Starting testing mode
ptd-server 2021-03-18 23:37:32,101 [INFO] Sending to ptd: 'Go,1000,0,2021-03-18_23-24-24_testing'
ptd-server 2021-03-18 23:37:32,101 [INFO] Reply from ptd: 'Starting untimed measurement, maximum 500000 samples at 1000ms with 0 rampup samples'
ptd-server 2021-03-18 23:37:32,102 [INFO] Sending reply to client 'OK'
ptd-server 2021-03-18 23:51:00,845 [INFO] Got command from the client 'session,2021-03-18_23-24-24,stop,testing'
ptd-server 2021-03-18 23:51:10,856 [INFO] Sending to ptd: 'Stop'
ptd-server 2021-03-18 23:51:10,856 [INFO] Reply from ptd: 'Stopping untimed measurement'
ptd-server 2021-03-18 23:51:10,891 [INFO] Sending reply to client 'OK'
ptd-server 2021-03-18 23:51:10,913 [INFO] Got command from the client 'session,2021-03-18_23-24-24,upload,client.log'
ptd-server 2021-03-18 23:51:10,917 [INFO] Received '/home/anton/projects/mlperf/power-dev/output/2021-03-18_23-24-24client.log.tmp'
ptd-server 2021-03-18 23:51:10,917 [INFO] Removed '/home/anton/projects/mlperf/power-dev/output/2021-03-18_23-24-24client.log.tmp'
ptd-server 2021-03-18 23:51:10,918 [INFO] Sending reply to client 'OK'
ptd-server 2021-03-18 23:51:10,937 [INFO] Got command from the client 'session,2021-03-18_23-24-24,upload,client.json'
ptd-server 2021-03-18 23:51:10,941 [INFO] Received '/home/anton/projects/mlperf/power-dev/output/2021-03-18_23-24-24client.json.tmp'
ptd-server 2021-03-18 23:51:10,941 [INFO] Removed '/home/anton/projects/mlperf/power-dev/output/2021-03-18_23-24-24client.json.tmp'
ptd-server 2021-03-18 23:51:10,941 [INFO] Sending reply to client 'OK'
ptd-server 2021-03-18 23:51:10,946 [INFO] Got command from the client 'session,2021-03-18_23-24-24,done'
ptd-server 2021-03-18 23:51:10,946 [INFO] Sending to ptd: 'Stop'
ptd-server 2021-03-18 23:51:11,101 [INFO] Reply from ptd: 'Error: no measurement to stop'
ptd-server 2021-03-18 23:51:11,101 [INFO] Sending to ptd: 'SR,V,Auto'
ptd-server 2021-03-18 23:51:11,604 [INFO] Reply from ptd: 'Range V changed'
ptd-server 2021-03-18 23:51:11,604 [INFO] Sending to ptd: 'SR,A,Auto'
ptd-server 2021-03-18 23:51:12,107 [INFO] Reply from ptd: 'Range A changed'
ptd-server 2021-03-18 23:51:12,107 [INFO] Set initial values for Amps Auto and Volts Auto
ptd-server 2021-03-18 23:51:12,107 [INFO] Stopping ptd...
