ptd-server 2021-03-02 00:28:01,222 [INFO] Got command from the client 'time'
ptd-server 2021-03-02 00:28:01,222 [INFO] Sending reply to client '1614644881.2227619'
ptd-server 2021-03-02 00:28:01,223 [INFO] Got command from the client 'new,,bbf8dbaa-9504-4f92-9c0f-6935fbbe0f2b'
ptd-server 2021-03-02 00:28:01,224 [INFO] Sending reply to client 'OK 2021-03-02_00-28-01,5849b6c9-4764-42a9-b350-e38372be796e'
ptd-server 2021-03-02 00:28:01,262 [INFO] Got command from the client 'time'
ptd-server 2021-03-02 00:28:01,262 [INFO] Sending reply to client '1614644881.2622967'
ptd-server 2021-03-02 00:28:01,263 [INFO] Got command from the client 'session,2021-03-02_00-28-01,start,ranging'
ptd-server 2021-03-02 00:28:01,263 [INFO] Running PTDaemon: ['/home/anton/projects/mlperf/power/inference_v1.0/ptd-linux-x86', '-l', 'ptd.log', '-p', '8888', '52', '/dev/usbtmc0']
ptd-server 2021-03-02 00:28:18,431 [INFO] Sending to ptd: 'Hello'
ptd-server 2021-03-02 00:28:18,431 [INFO] Reply from ptd: 'Hello, PTDaemon here!'
ptd-server 2021-03-02 00:28:18,432 [INFO] Sending to ptd: 'Identify'
ptd-server 2021-03-02 00:28:18,432 [INFO] Reply from ptd: 'YokogawaWT330E,1000,1,1,1,1,0,0,1,version=1.9.2-e8c7a49a-20201208,OS=Linux 5.8.0-43-generic #49~20.04.1-Ubuntu SMP Fri Feb 5 09:57:56 UTC 2021 x86_64,mode=power,1,1,1,0,0,no_cal_date,YOKOGAWA;WT333E;C3VD30030E;F1.04'
ptd-server 2021-03-02 00:28:18,432 [INFO] Connected to PTDaemon
ptd-server 2021-03-02 00:28:18,432 [INFO] Sending to ptd: 'RR'
ptd-server 2021-03-02 00:28:18,432 [INFO] Reply from ptd: 'Ranges,0,0.500000,0,300.000000'
ptd-server 2021-03-02 00:28:18,433 [INFO] Initial range for Amps is 0.500000 for Volts is 300.000000
ptd-server 2021-03-02 00:28:18,433 [INFO] Sending to ptd: 'SR,V,Auto'
ptd-server 2021-03-02 00:28:18,935 [INFO] Reply from ptd: 'Range V changed'
ptd-server 2021-03-02 00:28:18,935 [INFO] Sending to ptd: 'SR,A,Auto'
ptd-server 2021-03-02 00:28:19,438 [INFO] Reply from ptd: 'Range A changed'
ptd-server 2021-03-02 00:28:29,448 [INFO] Starting ranging mode
ptd-server 2021-03-02 00:28:29,448 [INFO] Sending to ptd: 'Go,1000,0,2021-03-02_00-28-01_ranging'
ptd-server 2021-03-02 00:28:29,448 [INFO] Reply from ptd: 'Starting untimed measurement, maximum 500000 samples at 1000ms with 0 rampup samples'
ptd-server 2021-03-02 00:28:29,449 [INFO] Sending reply to client 'OK'
ptd-server 2021-03-02 00:38:48,603 [INFO] Got command from the client 'session,2021-03-02_00-28-01,stop,ranging'
ptd-server 2021-03-02 00:38:58,614 [INFO] Sending to ptd: 'Stop'
ptd-server 2021-03-02 00:38:58,614 [INFO] Reply from ptd: 'Stopping untimed measurement'
ptd-server 2021-03-02 00:38:58,888 [INFO] Sending reply to client 'OK'
ptd-server 2021-03-02 00:38:58,928 [INFO] Got command from the client 'time'
ptd-server 2021-03-02 00:38:58,928 [INFO] Sending reply to client '1614645538.9286919'
ptd-server 2021-03-02 00:38:58,930 [INFO] Got command from the client 'session,2021-03-02_00-28-01,start,testing'
ptd-server 2021-03-02 00:38:58,930 [INFO] Sending to ptd: 'SR,V,250.750000'
ptd-server 2021-03-02 00:39:00,950 [INFO] Reply from ptd: 'Range V changed'
ptd-server 2021-03-02 00:39:00,950 [INFO] Sending to ptd: 'SR,A,0.191290'
ptd-server 2021-03-02 00:39:02,451 [INFO] Reply from ptd: 'Range A changed'
ptd-server 2021-03-02 00:39:12,462 [INFO] Starting testing mode
ptd-server 2021-03-02 00:39:12,462 [INFO] Sending to ptd: 'Go,1000,0,2021-03-02_00-28-01_testing'
ptd-server 2021-03-02 00:39:12,462 [INFO] Reply from ptd: 'Starting untimed measurement, maximum 500000 samples at 1000ms with 0 rampup samples'
ptd-server 2021-03-02 00:39:12,462 [INFO] Sending reply to client 'OK'
ptd-server 2021-03-02 00:49:31,738 [INFO] Got command from the client 'session,2021-03-02_00-28-01,stop,testing'
ptd-server 2021-03-02 00:49:41,748 [INFO] Sending to ptd: 'Stop'
ptd-server 2021-03-02 00:49:41,749 [INFO] Reply from ptd: 'Stopping untimed measurement'
ptd-server 2021-03-02 00:49:41,902 [INFO] Sending reply to client 'OK'
ptd-server 2021-03-02 00:49:41,905 [INFO] Got command from the client 'session,2021-03-02_00-28-01,upload,client.log'
ptd-server 2021-03-02 00:49:41,906 [INFO] Received '/home/anton/projects/mlperf/power-dev/output/2021-03-02_00-28-01client.log.tmp'
ptd-server 2021-03-02 00:49:41,906 [INFO] Removed '/home/anton/projects/mlperf/power-dev/output/2021-03-02_00-28-01client.log.tmp'
ptd-server 2021-03-02 00:49:41,906 [INFO] Sending reply to client 'OK'
ptd-server 2021-03-02 00:49:41,910 [INFO] Got command from the client 'session,2021-03-02_00-28-01,upload,client.json'
ptd-server 2021-03-02 00:49:41,910 [INFO] Received '/home/anton/projects/mlperf/power-dev/output/2021-03-02_00-28-01client.json.tmp'
ptd-server 2021-03-02 00:49:41,911 [INFO] Removed '/home/anton/projects/mlperf/power-dev/output/2021-03-02_00-28-01client.json.tmp'
ptd-server 2021-03-02 00:49:41,911 [INFO] Sending reply to client 'OK'
ptd-server 2021-03-02 00:49:41,911 [INFO] Got command from the client 'session,2021-03-02_00-28-01,done'
ptd-server 2021-03-02 00:49:41,912 [INFO] Sending to ptd: 'Stop'
ptd-server 2021-03-02 00:49:42,462 [INFO] Reply from ptd: 'Error: no measurement to stop'
ptd-server 2021-03-02 00:49:42,462 [INFO] Sending to ptd: 'SR,V,300.000000'
ptd-server 2021-03-02 00:49:43,964 [INFO] Reply from ptd: 'Range V changed'
ptd-server 2021-03-02 00:49:43,964 [INFO] Sending to ptd: 'SR,A,0.500000'
ptd-server 2021-03-02 00:49:45,465 [INFO] Reply from ptd: 'Range A changed'
ptd-server 2021-03-02 00:49:45,465 [INFO] Set initial values for Amps 0.500000 and Volts 300.000000
ptd-server 2021-03-02 00:49:45,465 [INFO] Stopping ptd...
