ptd-server 2021-03-05 03:20:35,949 [INFO] Got command from the client 'time'
ptd-server 2021-03-05 03:20:35,949 [INFO] Sending reply to client '1614914435.949451'
ptd-server 2021-03-05 03:20:35,952 [INFO] Got command from the client 'new,,d51d3ff6-dbbd-4947-b6b3-4e247963e773'
ptd-server 2021-03-05 03:20:35,952 [INFO] Sending reply to client 'OK 2021-03-05_03-20-35,ec3fff81-ec54-4c4b-b59a-fedda2c6192a'
ptd-server 2021-03-05 03:20:35,989 [INFO] Got command from the client 'time'
ptd-server 2021-03-05 03:20:35,989 [INFO] Sending reply to client '1614914435.9893236'
ptd-server 2021-03-05 03:20:35,993 [INFO] Got command from the client 'session,2021-03-05_03-20-35,start,ranging'
ptd-server 2021-03-05 03:20:35,993 [INFO] Running PTDaemon: ['/home/anton/projects/mlperf/power/inference_v1.0/ptd-linux-x86', '-l', 'ptd.log', '-p', '8888', '52', '/dev/usbtmc0']
ptd-server 2021-03-05 03:20:53,161 [INFO] Sending to ptd: 'Hello'
ptd-server 2021-03-05 03:20:53,162 [INFO] Reply from ptd: 'Hello, PTDaemon here!'
ptd-server 2021-03-05 03:20:53,162 [INFO] Sending to ptd: 'Identify'
ptd-server 2021-03-05 03:20:53,162 [INFO] Reply from ptd: 'YokogawaWT330E,1000,1,1,1,1,0,0,1,version=1.9.2-e8c7a49a-20201208,OS=Linux 5.8.0-43-generic #49~20.04.1-Ubuntu SMP Fri Feb 5 09:57:56 UTC 2021 x86_64,mode=power,1,1,1,0,0,no_cal_date,YOKOGAWA;WT333E;C3VD30030E;F1.04'
ptd-server 2021-03-05 03:20:53,162 [INFO] Connected to PTDaemon
ptd-server 2021-03-05 03:20:53,162 [INFO] Sending to ptd: 'RR'
ptd-server 2021-03-05 03:20:53,163 [INFO] Reply from ptd: 'Ranges,0,0.500000,0,300.000000'
ptd-server 2021-03-05 03:20:53,163 [INFO] Initial range for Amps is 0.500000 for Volts is 300.000000
ptd-server 2021-03-05 03:20:53,163 [INFO] Sending to ptd: 'SR,V,Auto'
ptd-server 2021-03-05 03:20:53,666 [INFO] Reply from ptd: 'Range V changed'
ptd-server 2021-03-05 03:20:53,666 [INFO] Sending to ptd: 'SR,A,Auto'
ptd-server 2021-03-05 03:20:54,168 [INFO] Reply from ptd: 'Range A changed'
ptd-server 2021-03-05 03:21:04,178 [INFO] Starting ranging mode
ptd-server 2021-03-05 03:21:04,179 [INFO] Sending to ptd: 'Go,1000,0,2021-03-05_03-20-35_ranging'
ptd-server 2021-03-05 03:21:04,179 [INFO] Reply from ptd: 'Starting untimed measurement, maximum 500000 samples at 1000ms with 0 rampup samples'
ptd-server 2021-03-05 03:21:04,179 [INFO] Sending reply to client 'OK'
ptd-server 2021-03-05 03:31:36,219 [INFO] Got command from the client 'session,2021-03-05_03-20-35,stop,ranging'
ptd-server 2021-03-05 03:31:46,230 [INFO] Sending to ptd: 'Stop'
ptd-server 2021-03-05 03:31:46,230 [INFO] Reply from ptd: 'Stopping untimed measurement'
ptd-server 2021-03-05 03:31:46,544 [INFO] Sending reply to client 'OK'
ptd-server 2021-03-05 03:31:46,589 [INFO] Got command from the client 'time'
ptd-server 2021-03-05 03:31:46,589 [INFO] Sending reply to client '1614915106.5893703'
ptd-server 2021-03-05 03:31:46,592 [INFO] Got command from the client 'session,2021-03-05_03-20-35,start,testing'
ptd-server 2021-03-05 03:31:46,593 [INFO] Sending to ptd: 'SR,V,249.730000'
ptd-server 2021-03-05 03:31:48,680 [INFO] Reply from ptd: 'Range V changed'
ptd-server 2021-03-05 03:31:48,681 [INFO] Sending to ptd: 'SR,A,0.061350'
ptd-server 2021-03-05 03:31:50,182 [INFO] Reply from ptd: 'Range A changed'
ptd-server 2021-03-05 03:32:00,192 [INFO] Starting testing mode
ptd-server 2021-03-05 03:32:00,192 [INFO] Sending to ptd: 'Go,1000,0,2021-03-05_03-20-35_testing'
ptd-server 2021-03-05 03:32:00,193 [INFO] Reply from ptd: 'Starting untimed measurement, maximum 500000 samples at 1000ms with 0 rampup samples'
ptd-server 2021-03-05 03:32:00,193 [INFO] Sending reply to client 'OK'
ptd-server 2021-03-05 03:42:36,960 [INFO] Got command from the client 'session,2021-03-05_03-20-35,stop,testing'
ptd-server 2021-03-05 03:42:46,970 [INFO] Sending to ptd: 'Stop'
ptd-server 2021-03-05 03:42:46,971 [INFO] Reply from ptd: 'Stopping untimed measurement'
ptd-server 2021-03-05 03:42:47,137 [INFO] Sending reply to client 'OK'
ptd-server 2021-03-05 03:42:47,146 [INFO] Got command from the client 'session,2021-03-05_03-20-35,upload,client.log'
ptd-server 2021-03-05 03:42:47,149 [INFO] Received '/home/anton/projects/mlperf/power-dev/output/2021-03-05_03-20-35client.log.tmp'
ptd-server 2021-03-05 03:42:47,149 [INFO] Removed '/home/anton/projects/mlperf/power-dev/output/2021-03-05_03-20-35client.log.tmp'
ptd-server 2021-03-05 03:42:47,149 [INFO] Sending reply to client 'OK'
ptd-server 2021-03-05 03:42:47,162 [INFO] Got command from the client 'session,2021-03-05_03-20-35,upload,client.json'
ptd-server 2021-03-05 03:42:47,165 [INFO] Received '/home/anton/projects/mlperf/power-dev/output/2021-03-05_03-20-35client.json.tmp'
ptd-server 2021-03-05 03:42:47,165 [INFO] Removed '/home/anton/projects/mlperf/power-dev/output/2021-03-05_03-20-35client.json.tmp'
ptd-server 2021-03-05 03:42:47,165 [INFO] Sending reply to client 'OK'
ptd-server 2021-03-05 03:42:47,168 [INFO] Got command from the client 'session,2021-03-05_03-20-35,done'
ptd-server 2021-03-05 03:42:47,168 [INFO] Sending to ptd: 'Stop'
ptd-server 2021-03-05 03:42:47,194 [INFO] Reply from ptd: 'Error: no measurement to stop'
ptd-server 2021-03-05 03:42:47,194 [INFO] Sending to ptd: 'SR,V,300.000000'
ptd-server 2021-03-05 03:42:48,695 [INFO] Reply from ptd: 'Range V changed'
ptd-server 2021-03-05 03:42:48,695 [INFO] Sending to ptd: 'SR,A,0.500000'
ptd-server 2021-03-05 03:42:50,197 [INFO] Reply from ptd: 'Range A changed'
ptd-server 2021-03-05 03:42:50,197 [INFO] Set initial values for Amps 0.500000 and Volts 300.000000
ptd-server 2021-03-05 03:42:50,197 [INFO] Stopping ptd...
