ptd-server 2021-03-07 11:12:47,398 [INFO] Got command from the client 'time'
ptd-server 2021-03-07 11:12:47,398 [INFO] Sending reply to client '1615115567.3984754'
ptd-server 2021-03-07 11:12:47,400 [INFO] Got command from the client 'new,,ab3f23aa-4a0c-4be9-a239-2bdeeabf9a62'
ptd-server 2021-03-07 11:12:47,401 [INFO] Sending reply to client 'OK 2021-03-07_11-12-47,de85aa3b-110a-470f-a3ea-30da669ba889'
ptd-server 2021-03-07 11:12:47,448 [INFO] Got command from the client 'time'
ptd-server 2021-03-07 11:12:47,448 [INFO] Sending reply to client '1615115567.4485593'
ptd-server 2021-03-07 11:12:47,451 [INFO] Got command from the client 'session,2021-03-07_11-12-47,start,ranging'
ptd-server 2021-03-07 11:12:47,451 [INFO] Running PTDaemon: ['/home/anton/projects/mlperf/power/inference_v1.0/ptd-linux-x86', '-l', 'ptd.log', '-p', '8888', '52', '/dev/usbtmc0']
ptd-server 2021-03-07 11:13:04,620 [INFO] Sending to ptd: 'Hello'
ptd-server 2021-03-07 11:13:04,620 [INFO] Reply from ptd: 'Hello, PTDaemon here!'
ptd-server 2021-03-07 11:13:04,620 [INFO] Sending to ptd: 'Identify'
ptd-server 2021-03-07 11:13:04,621 [INFO] Reply from ptd: 'YokogawaWT330E,1000,1,1,1,1,0,0,1,version=1.9.2-e8c7a49a-20201208,OS=Linux 5.8.0-43-generic #49~20.04.1-Ubuntu SMP Fri Feb 5 09:57:56 UTC 2021 x86_64,mode=power,1,1,1,0,0,no_cal_date,YOKOGAWA;WT333E;C3VD30030E;F1.04'
ptd-server 2021-03-07 11:13:04,621 [INFO] Connected to PTDaemon
ptd-server 2021-03-07 11:13:04,621 [INFO] Sending to ptd: 'RR'
ptd-server 2021-03-07 11:13:04,621 [INFO] Reply from ptd: 'Ranges,0,0.500000,0,300.000000'
ptd-server 2021-03-07 11:13:04,622 [INFO] Initial range for Amps is 0.500000 for Volts is 300.000000
ptd-server 2021-03-07 11:13:04,622 [INFO] Sending to ptd: 'SR,V,Auto'
ptd-server 2021-03-07 11:13:05,124 [INFO] Reply from ptd: 'Range V changed'
ptd-server 2021-03-07 11:13:05,124 [INFO] Sending to ptd: 'SR,A,Auto'
ptd-server 2021-03-07 11:13:05,627 [INFO] Reply from ptd: 'Range A changed'
ptd-server 2021-03-07 11:13:15,637 [INFO] Starting ranging mode
ptd-server 2021-03-07 11:13:15,637 [INFO] Sending to ptd: 'Go,1000,0,2021-03-07_11-12-47_ranging'
ptd-server 2021-03-07 11:13:15,638 [INFO] Reply from ptd: 'Starting untimed measurement, maximum 500000 samples at 1000ms with 0 rampup samples'
ptd-server 2021-03-07 11:13:15,638 [INFO] Sending reply to client 'OK'
ptd-server 2021-03-07 11:23:41,425 [INFO] Got command from the client 'session,2021-03-07_11-12-47,stop,ranging'
ptd-server 2021-03-07 11:23:51,435 [INFO] Sending to ptd: 'Stop'
ptd-server 2021-03-07 11:23:51,436 [INFO] Reply from ptd: 'Stopping untimed measurement'
ptd-server 2021-03-07 11:23:51,975 [INFO] Sending reply to client 'OK'
ptd-server 2021-03-07 11:23:52,017 [INFO] Got command from the client 'time'
ptd-server 2021-03-07 11:23:52,017 [INFO] Sending reply to client '1615116232.0179105'
ptd-server 2021-03-07 11:23:52,021 [INFO] Got command from the client 'session,2021-03-07_11-12-47,start,testing'
ptd-server 2021-03-07 11:23:52,021 [INFO] Sending to ptd: 'SR,V,249.030000'
ptd-server 2021-03-07 11:23:53,523 [INFO] Reply from ptd: 'Range V changed'
ptd-server 2021-03-07 11:23:53,523 [INFO] Sending to ptd: 'SR,A,0.050420'
ptd-server 2021-03-07 11:23:55,024 [INFO] Reply from ptd: 'Range A changed'
ptd-server 2021-03-07 11:24:05,035 [INFO] Starting testing mode
ptd-server 2021-03-07 11:24:05,035 [INFO] Sending to ptd: 'Go,1000,0,2021-03-07_11-12-47_testing'
ptd-server 2021-03-07 11:24:05,035 [INFO] Reply from ptd: 'Starting untimed measurement, maximum 500000 samples at 1000ms with 0 rampup samples'
ptd-server 2021-03-07 11:24:05,035 [INFO] Sending reply to client 'OK'
ptd-server 2021-03-07 11:34:35,752 [INFO] Got command from the client 'session,2021-03-07_11-12-47,stop,testing'
ptd-server 2021-03-07 11:34:45,763 [INFO] Sending to ptd: 'Stop'
ptd-server 2021-03-07 11:34:45,763 [INFO] Reply from ptd: 'Stopping untimed measurement'
ptd-server 2021-03-07 11:34:46,043 [INFO] Sending reply to client 'OK'
ptd-server 2021-03-07 11:34:46,051 [INFO] Got command from the client 'session,2021-03-07_11-12-47,upload,client.log'
ptd-server 2021-03-07 11:34:46,054 [INFO] Received '/home/anton/projects/mlperf/power-dev/output/2021-03-07_11-12-47client.log.tmp'
ptd-server 2021-03-07 11:34:46,054 [INFO] Removed '/home/anton/projects/mlperf/power-dev/output/2021-03-07_11-12-47client.log.tmp'
ptd-server 2021-03-07 11:34:46,054 [INFO] Sending reply to client 'OK'
ptd-server 2021-03-07 11:34:46,066 [INFO] Got command from the client 'session,2021-03-07_11-12-47,upload,client.json'
ptd-server 2021-03-07 11:34:46,069 [INFO] Received '/home/anton/projects/mlperf/power-dev/output/2021-03-07_11-12-47client.json.tmp'
ptd-server 2021-03-07 11:34:46,070 [INFO] Removed '/home/anton/projects/mlperf/power-dev/output/2021-03-07_11-12-47client.json.tmp'
ptd-server 2021-03-07 11:34:46,070 [INFO] Sending reply to client 'OK'
ptd-server 2021-03-07 11:34:46,072 [INFO] Got command from the client 'session,2021-03-07_11-12-47,done'
ptd-server 2021-03-07 11:34:46,072 [INFO] Sending to ptd: 'Stop'
ptd-server 2021-03-07 11:34:46,073 [INFO] Reply from ptd: 'Error: no measurement to stop'
ptd-server 2021-03-07 11:34:46,073 [INFO] Sending to ptd: 'SR,V,300.000000'
ptd-server 2021-03-07 11:34:47,574 [INFO] Reply from ptd: 'Range V changed'
ptd-server 2021-03-07 11:34:47,574 [INFO] Sending to ptd: 'SR,A,0.500000'
ptd-server 2021-03-07 11:34:49,076 [INFO] Reply from ptd: 'Range A changed'
ptd-server 2021-03-07 11:34:49,076 [INFO] Set initial values for Amps 0.500000 and Volts 300.000000
ptd-server 2021-03-07 11:34:49,076 [INFO] Stopping ptd...
