ptd-server 2021-03-19 16:08:38,303 [INFO] Got command from the client 'time'
ptd-server 2021-03-19 16:08:38,303 [INFO] Sending reply to client '1616170118.3037806'
ptd-server 2021-03-19 16:08:38,304 [INFO] Got command from the client 'new,,01af2f4f-03f9-426d-8c52-bb43f33bd332'
ptd-server 2021-03-19 16:08:38,304 [INFO] Sending reply to client 'OK 2021-03-19_16-08-38,a81ecd16-703d-452f-8eb1-33db28b71b65'
ptd-server 2021-03-19 16:08:38,328 [INFO] Got command from the client 'time'
ptd-server 2021-03-19 16:08:38,328 [INFO] Sending reply to client '1616170118.328185'
ptd-server 2021-03-19 16:08:38,328 [INFO] Got command from the client 'session,2021-03-19_16-08-38,start,ranging'
ptd-server 2021-03-19 16:08:38,328 [INFO] Running PTDaemon: ['/home/anton/projects/mlperf/power/inference_v1.0/ptd-linux-x86', '-l', 'ptd.log', '-p', '9888', '52', '/dev/usbtmc1']
ptd-server 2021-03-19 16:08:55,419 [INFO] Sending to ptd: 'Hello'
ptd-server 2021-03-19 16:08:55,420 [INFO] Reply from ptd: 'Hello, PTDaemon here!'
ptd-server 2021-03-19 16:08:55,420 [INFO] Sending to ptd: 'Identify'
ptd-server 2021-03-19 16:08:55,421 [INFO] Reply from ptd: 'YokogawaWT330E,1000,1,1,1,1,0,0,1,version=1.9.2-e8c7a49a-20201208,OS=Linux 5.8.0-45-generic #51~20.04.1-Ubuntu SMP Tue Feb 23 13:46:31 UTC 2021 x86_64,mode=power,1,1,1,0,0,no_cal_date,YOKOGAWA;WT333E;C3VD30030E;F1.04'
ptd-server 2021-03-19 16:08:55,421 [INFO] Connected to PTDaemon
ptd-server 2021-03-19 16:08:55,421 [INFO] Sending to ptd: 'RR'
ptd-server 2021-03-19 16:08:55,422 [INFO] Reply from ptd: 'Ranges,1,2.000000,1,300.000000'
ptd-server 2021-03-19 16:08:55,422 [INFO] Initial range for Amps is Auto for Volts is Auto
ptd-server 2021-03-19 16:08:55,422 [INFO] Sending to ptd: 'SR,V,Auto'
ptd-server 2021-03-19 16:08:55,925 [INFO] Reply from ptd: 'Range V changed'
ptd-server 2021-03-19 16:08:55,925 [INFO] Sending to ptd: 'SR,A,Auto'
ptd-server 2021-03-19 16:08:56,428 [INFO] Reply from ptd: 'Range A changed'
ptd-server 2021-03-19 16:09:06,437 [INFO] Starting ranging mode
ptd-server 2021-03-19 16:09:06,437 [INFO] Sending to ptd: 'Go,1000,0,2021-03-19_16-08-38_ranging'
ptd-server 2021-03-19 16:09:06,437 [INFO] Reply from ptd: 'Starting untimed measurement, maximum 500000 samples at 1000ms with 0 rampup samples'
ptd-server 2021-03-19 16:09:06,437 [INFO] Sending reply to client 'OK'
ptd-server 2021-03-19 16:22:00,548 [INFO] Got command from the client 'session,2021-03-19_16-08-38,stop,ranging'
ptd-server 2021-03-19 16:22:10,558 [INFO] Sending to ptd: 'Stop'
ptd-server 2021-03-19 16:22:10,559 [INFO] Reply from ptd: 'Stopping untimed measurement'
ptd-server 2021-03-19 16:22:10,638 [INFO] Sending reply to client 'OK'
ptd-server 2021-03-19 16:22:10,668 [INFO] Got command from the client 'time'
ptd-server 2021-03-19 16:22:10,668 [INFO] Sending reply to client '1616170930.6683183'
ptd-server 2021-03-19 16:22:10,668 [INFO] Got command from the client 'session,2021-03-19_16-08-38,start,testing'
ptd-server 2021-03-19 16:22:10,669 [INFO] Sending to ptd: 'SR,V,247.570000'
ptd-server 2021-03-19 16:22:12,939 [INFO] Reply from ptd: 'Range V changed'
ptd-server 2021-03-19 16:22:12,940 [INFO] Sending to ptd: 'SR,A,2.529900'
ptd-server 2021-03-19 16:22:14,445 [INFO] Reply from ptd: 'Range A changed'
ptd-server 2021-03-19 16:22:24,455 [INFO] Starting testing mode
ptd-server 2021-03-19 16:22:24,455 [INFO] Sending to ptd: 'Go,1000,0,2021-03-19_16-08-38_testing'
ptd-server 2021-03-19 16:22:24,456 [INFO] Reply from ptd: 'Starting untimed measurement, maximum 500000 samples at 1000ms with 0 rampup samples'
ptd-server 2021-03-19 16:22:24,456 [INFO] Sending reply to client 'OK'
ptd-server 2021-03-19 16:35:26,735 [INFO] Got command from the client 'session,2021-03-19_16-08-38,stop,testing'
ptd-server 2021-03-19 16:35:36,745 [INFO] Sending to ptd: 'Stop'
ptd-server 2021-03-19 16:35:36,745 [INFO] Reply from ptd: 'Stopping untimed measurement'
ptd-server 2021-03-19 16:35:36,809 [INFO] Sending reply to client 'OK'
ptd-server 2021-03-19 16:35:36,811 [INFO] Got command from the client 'session,2021-03-19_16-08-38,upload,client.log'
ptd-server 2021-03-19 16:35:36,812 [INFO] Received '/home/anton/projects/mlperf/power-dev/output/2021-03-19_16-08-38client.log.tmp'
ptd-server 2021-03-19 16:35:36,813 [INFO] Removed '/home/anton/projects/mlperf/power-dev/output/2021-03-19_16-08-38client.log.tmp'
ptd-server 2021-03-19 16:35:36,813 [INFO] Sending reply to client 'OK'
ptd-server 2021-03-19 16:35:36,815 [INFO] Got command from the client 'session,2021-03-19_16-08-38,upload,client.json'
ptd-server 2021-03-19 16:35:36,816 [INFO] Received '/home/anton/projects/mlperf/power-dev/output/2021-03-19_16-08-38client.json.tmp'
ptd-server 2021-03-19 16:35:36,816 [INFO] Removed '/home/anton/projects/mlperf/power-dev/output/2021-03-19_16-08-38client.json.tmp'
ptd-server 2021-03-19 16:35:36,816 [INFO] Sending reply to client 'OK'
ptd-server 2021-03-19 16:35:36,816 [INFO] Got command from the client 'session,2021-03-19_16-08-38,done'
ptd-server 2021-03-19 16:35:36,816 [INFO] Sending to ptd: 'Stop'
ptd-server 2021-03-19 16:35:37,457 [INFO] Reply from ptd: 'Error: no measurement to stop'
ptd-server 2021-03-19 16:35:37,457 [INFO] Sending to ptd: 'SR,V,Auto'
ptd-server 2021-03-19 16:35:37,959 [INFO] Reply from ptd: 'Range V changed'
ptd-server 2021-03-19 16:35:37,960 [INFO] Sending to ptd: 'SR,A,Auto'
ptd-server 2021-03-19 16:35:38,462 [INFO] Reply from ptd: 'Range A changed'
ptd-server 2021-03-19 16:35:38,462 [INFO] Set initial values for Amps Auto and Volts Auto
ptd-server 2021-03-19 16:35:38,463 [INFO] Stopping ptd...
