ptd-server 2021-02-27 08:02:43,680 [INFO] Got command from the client 'time'
ptd-server 2021-02-27 08:02:43,681 [INFO] Sending reply to client '1614412963.681015'
ptd-server 2021-02-27 08:02:43,682 [INFO] Got command from the client 'new,,d1077511-ccd8-4d4e-bf8c-b0b10d08d6da'
ptd-server 2021-02-27 08:02:43,683 [INFO] Sending reply to client 'OK 2021-02-27_08-02-43,42d6d606-5eb4-45e0-ace3-66643aef8c3b'
ptd-server 2021-02-27 08:02:43,727 [INFO] Got command from the client 'time'
ptd-server 2021-02-27 08:02:43,727 [INFO] Sending reply to client '1614412963.7276254'
ptd-server 2021-02-27 08:02:43,728 [INFO] Got command from the client 'session,2021-02-27_08-02-43,start,ranging'
ptd-server 2021-02-27 08:02:43,728 [INFO] Running PTDaemon: ['/home/anton/projects/mlperf/power/inference_v1.0/ptd-linux-x86', '-l', 'ptd.log', '-p', '8888', '52', '/dev/usbtmc0']
ptd-server 2021-02-27 08:03:00,897 [INFO] Sending to ptd: 'Hello'
ptd-server 2021-02-27 08:03:00,898 [INFO] Reply from ptd: 'Hello, PTDaemon here!'
ptd-server 2021-02-27 08:03:00,898 [INFO] Sending to ptd: 'Identify'
ptd-server 2021-02-27 08:03:00,899 [INFO] Reply from ptd: 'YokogawaWT330E,1000,1,1,1,1,0,0,1,version=1.9.2-e8c7a49a-20201208,OS=Linux 5.8.0-43-generic #49~20.04.1-Ubuntu SMP Fri Feb 5 09:57:56 UTC 2021 x86_64,mode=power,1,1,1,0,0,no_cal_date,YOKOGAWA;WT333E;C3VD30030E;F1.04'
ptd-server 2021-02-27 08:03:00,899 [INFO] Connected to PTDaemon
ptd-server 2021-02-27 08:03:00,899 [INFO] Sending to ptd: 'RR'
ptd-server 2021-02-27 08:03:00,899 [INFO] Reply from ptd: 'Ranges,0,0.500000,0,300.000000'
ptd-server 2021-02-27 08:03:00,899 [INFO] Initial range for Amps is 0.500000 for Volts is 300.000000
ptd-server 2021-02-27 08:03:00,899 [INFO] Sending to ptd: 'SR,V,Auto'
ptd-server 2021-02-27 08:03:01,402 [INFO] Reply from ptd: 'Range V changed'
ptd-server 2021-02-27 08:03:01,402 [INFO] Sending to ptd: 'SR,A,Auto'
ptd-server 2021-02-27 08:03:01,904 [INFO] Reply from ptd: 'Range A changed'
ptd-server 2021-02-27 08:03:11,915 [INFO] Starting ranging mode
ptd-server 2021-02-27 08:03:11,915 [INFO] Sending to ptd: 'Go,1000,0,2021-02-27_08-02-43_ranging'
ptd-server 2021-02-27 08:03:11,915 [INFO] Reply from ptd: 'Starting untimed measurement, maximum 500000 samples at 1000ms with 0 rampup samples'
ptd-server 2021-02-27 08:03:11,915 [INFO] Sending reply to client 'OK'
ptd-server 2021-02-27 08:13:30,482 [INFO] Got command from the client 'session,2021-02-27_08-02-43,stop,ranging'
ptd-server 2021-02-27 08:13:40,492 [INFO] Sending to ptd: 'Stop'
ptd-server 2021-02-27 08:13:40,493 [INFO] Reply from ptd: 'Stopping untimed measurement'
ptd-server 2021-02-27 08:13:40,552 [INFO] Sending reply to client 'OK'
ptd-server 2021-02-27 08:13:40,589 [INFO] Got command from the client 'time'
ptd-server 2021-02-27 08:13:40,589 [INFO] Sending reply to client '1614413620.5899312'
ptd-server 2021-02-27 08:13:40,591 [INFO] Got command from the client 'session,2021-02-27_08-02-43,start,testing'
ptd-server 2021-02-27 08:13:40,591 [INFO] Sending to ptd: 'SR,V,250.000000'
ptd-server 2021-02-27 08:13:42,416 [INFO] Reply from ptd: 'Range V changed'
ptd-server 2021-02-27 08:13:42,416 [INFO] Sending to ptd: 'SR,A,0.180550'
ptd-server 2021-02-27 08:13:43,918 [INFO] Reply from ptd: 'Range A changed'
ptd-server 2021-02-27 08:13:53,928 [INFO] Starting testing mode
ptd-server 2021-02-27 08:13:53,928 [INFO] Sending to ptd: 'Go,1000,0,2021-02-27_08-02-43_testing'
ptd-server 2021-02-27 08:13:53,928 [INFO] Reply from ptd: 'Starting untimed measurement, maximum 500000 samples at 1000ms with 0 rampup samples'
ptd-server 2021-02-27 08:13:53,929 [INFO] Sending reply to client 'OK'
ptd-server 2021-02-27 08:24:12,508 [INFO] Got command from the client 'session,2021-02-27_08-02-43,stop,testing'
ptd-server 2021-02-27 08:24:22,518 [INFO] Sending to ptd: 'Stop'
ptd-server 2021-02-27 08:24:22,519 [INFO] Reply from ptd: 'Stopping untimed measurement'
ptd-server 2021-02-27 08:24:22,549 [INFO] Sending reply to client 'OK'
ptd-server 2021-02-27 08:24:22,552 [INFO] Got command from the client 'session,2021-02-27_08-02-43,upload,client.log'
ptd-server 2021-02-27 08:24:22,552 [INFO] Received '/home/anton/projects/mlperf/power-dev/output/2021-02-27_08-02-43client.log.tmp'
ptd-server 2021-02-27 08:24:22,553 [INFO] Removed '/home/anton/projects/mlperf/power-dev/output/2021-02-27_08-02-43client.log.tmp'
ptd-server 2021-02-27 08:24:22,553 [INFO] Sending reply to client 'OK'
ptd-server 2021-02-27 08:24:22,557 [INFO] Got command from the client 'session,2021-02-27_08-02-43,upload,client.json'
ptd-server 2021-02-27 08:24:22,557 [INFO] Received '/home/anton/projects/mlperf/power-dev/output/2021-02-27_08-02-43client.json.tmp'
ptd-server 2021-02-27 08:24:22,557 [INFO] Removed '/home/anton/projects/mlperf/power-dev/output/2021-02-27_08-02-43client.json.tmp'
ptd-server 2021-02-27 08:24:22,558 [INFO] Sending reply to client 'OK'
ptd-server 2021-02-27 08:24:22,559 [INFO] Got command from the client 'session,2021-02-27_08-02-43,done'
ptd-server 2021-02-27 08:24:22,559 [INFO] Sending to ptd: 'Stop'
ptd-server 2021-02-27 08:24:22,928 [INFO] Reply from ptd: 'Error: no measurement to stop'
ptd-server 2021-02-27 08:24:22,929 [INFO] Sending to ptd: 'SR,V,300.000000'
ptd-server 2021-02-27 08:24:24,430 [INFO] Reply from ptd: 'Range V changed'
ptd-server 2021-02-27 08:24:24,430 [INFO] Sending to ptd: 'SR,A,0.500000'
ptd-server 2021-02-27 08:24:25,932 [INFO] Reply from ptd: 'Range A changed'
ptd-server 2021-02-27 08:24:25,932 [INFO] Set initial values for Amps 0.500000 and Volts 300.000000
ptd-server 2021-02-27 08:24:25,932 [INFO] Stopping ptd...
