ptd-server 2021-03-07 06:24:08,239 [INFO] Got command from the client 'time'
ptd-server 2021-03-07 06:24:08,239 [INFO] Sending reply to client '1615098248.2397406'
ptd-server 2021-03-07 06:24:08,243 [INFO] Got command from the client 'new,,d6eef065-9da7-4c9c-a461-aae0cc907e8e'
ptd-server 2021-03-07 06:24:08,243 [INFO] Sending reply to client 'OK 2021-03-07_06-24-08,35ce8cc7-29cd-4f21-8cb9-d8bc9771b4ef'
ptd-server 2021-03-07 06:24:08,289 [INFO] Got command from the client 'time'
ptd-server 2021-03-07 06:24:08,289 [INFO] Sending reply to client '1615098248.289873'
ptd-server 2021-03-07 06:24:08,293 [INFO] Got command from the client 'session,2021-03-07_06-24-08,start,ranging'
ptd-server 2021-03-07 06:24:08,293 [INFO] Running PTDaemon: ['/home/anton/projects/mlperf/power/inference_v1.0/ptd-linux-x86', '-l', 'ptd.log', '-p', '8888', '52', '/dev/usbtmc0']
ptd-server 2021-03-07 06:24:25,461 [INFO] Sending to ptd: 'Hello'
ptd-server 2021-03-07 06:24:25,462 [INFO] Reply from ptd: 'Hello, PTDaemon here!'
ptd-server 2021-03-07 06:24:25,462 [INFO] Sending to ptd: 'Identify'
ptd-server 2021-03-07 06:24:25,462 [INFO] Reply from ptd: 'YokogawaWT330E,1000,1,1,1,1,0,0,1,version=1.9.2-e8c7a49a-20201208,OS=Linux 5.8.0-43-generic #49~20.04.1-Ubuntu SMP Fri Feb 5 09:57:56 UTC 2021 x86_64,mode=power,1,1,1,0,0,no_cal_date,YOKOGAWA;WT333E;C3VD30030E;F1.04'
ptd-server 2021-03-07 06:24:25,463 [INFO] Connected to PTDaemon
ptd-server 2021-03-07 06:24:25,463 [INFO] Sending to ptd: 'RR'
ptd-server 2021-03-07 06:24:25,463 [INFO] Reply from ptd: 'Ranges,0,0.500000,0,300.000000'
ptd-server 2021-03-07 06:24:25,463 [INFO] Initial range for Amps is 0.500000 for Volts is 300.000000
ptd-server 2021-03-07 06:24:25,463 [INFO] Sending to ptd: 'SR,V,Auto'
ptd-server 2021-03-07 06:24:25,966 [INFO] Reply from ptd: 'Range V changed'
ptd-server 2021-03-07 06:24:25,966 [INFO] Sending to ptd: 'SR,A,Auto'
ptd-server 2021-03-07 06:24:26,468 [INFO] Reply from ptd: 'Range A changed'
ptd-server 2021-03-07 06:24:36,479 [INFO] Starting ranging mode
ptd-server 2021-03-07 06:24:36,479 [INFO] Sending to ptd: 'Go,1000,0,2021-03-07_06-24-08_ranging'
ptd-server 2021-03-07 06:24:36,479 [INFO] Reply from ptd: 'Starting untimed measurement, maximum 500000 samples at 1000ms with 0 rampup samples'
ptd-server 2021-03-07 06:24:36,479 [INFO] Sending reply to client 'OK'
ptd-server 2021-03-07 06:35:02,799 [INFO] Got command from the client 'session,2021-03-07_06-24-08,stop,ranging'
ptd-server 2021-03-07 06:35:12,810 [INFO] Sending to ptd: 'Stop'
ptd-server 2021-03-07 06:35:12,810 [INFO] Reply from ptd: 'Stopping untimed measurement'
ptd-server 2021-03-07 06:35:13,329 [INFO] Sending reply to client 'OK'
ptd-server 2021-03-07 06:35:13,397 [INFO] Got command from the client 'time'
ptd-server 2021-03-07 06:35:13,397 [INFO] Sending reply to client '1615098913.3974636'
ptd-server 2021-03-07 06:35:13,402 [INFO] Got command from the client 'session,2021-03-07_06-24-08,start,testing'
ptd-server 2021-03-07 06:35:13,402 [INFO] Sending to ptd: 'SR,V,250.360000'
ptd-server 2021-03-07 06:35:14,981 [INFO] Reply from ptd: 'Range V changed'
ptd-server 2021-03-07 06:35:14,981 [INFO] Sending to ptd: 'SR,A,0.056450'
ptd-server 2021-03-07 06:35:16,482 [INFO] Reply from ptd: 'Range A changed'
ptd-server 2021-03-07 06:35:26,493 [INFO] Starting testing mode
ptd-server 2021-03-07 06:35:26,493 [INFO] Sending to ptd: 'Go,1000,0,2021-03-07_06-24-08_testing'
ptd-server 2021-03-07 06:35:26,493 [INFO] Reply from ptd: 'Starting untimed measurement, maximum 500000 samples at 1000ms with 0 rampup samples'
ptd-server 2021-03-07 06:35:26,493 [INFO] Sending reply to client 'OK'
ptd-server 2021-03-07 06:45:56,368 [INFO] Got command from the client 'session,2021-03-07_06-24-08,stop,testing'
ptd-server 2021-03-07 06:46:06,378 [INFO] Sending to ptd: 'Stop'
ptd-server 2021-03-07 06:46:06,378 [INFO] Reply from ptd: 'Stopping untimed measurement'
ptd-server 2021-03-07 06:46:06,652 [INFO] Sending reply to client 'OK'
ptd-server 2021-03-07 06:46:06,660 [INFO] Got command from the client 'session,2021-03-07_06-24-08,upload,client.log'
ptd-server 2021-03-07 06:46:06,663 [INFO] Received '/home/anton/projects/mlperf/power-dev/output/2021-03-07_06-24-08client.log.tmp'
ptd-server 2021-03-07 06:46:06,663 [INFO] Removed '/home/anton/projects/mlperf/power-dev/output/2021-03-07_06-24-08client.log.tmp'
ptd-server 2021-03-07 06:46:06,663 [INFO] Sending reply to client 'OK'
ptd-server 2021-03-07 06:46:06,676 [INFO] Got command from the client 'session,2021-03-07_06-24-08,upload,client.json'
ptd-server 2021-03-07 06:46:06,679 [INFO] Received '/home/anton/projects/mlperf/power-dev/output/2021-03-07_06-24-08client.json.tmp'
ptd-server 2021-03-07 06:46:06,679 [INFO] Removed '/home/anton/projects/mlperf/power-dev/output/2021-03-07_06-24-08client.json.tmp'
ptd-server 2021-03-07 06:46:06,679 [INFO] Sending reply to client 'OK'
ptd-server 2021-03-07 06:46:06,682 [INFO] Got command from the client 'session,2021-03-07_06-24-08,done'
ptd-server 2021-03-07 06:46:06,682 [INFO] Sending to ptd: 'Stop'
ptd-server 2021-03-07 06:46:06,682 [INFO] Reply from ptd: 'Error: no measurement to stop'
ptd-server 2021-03-07 06:46:06,683 [INFO] Sending to ptd: 'SR,V,300.000000'
ptd-server 2021-03-07 06:46:08,184 [INFO] Reply from ptd: 'Range V changed'
ptd-server 2021-03-07 06:46:08,184 [INFO] Sending to ptd: 'SR,A,0.500000'
ptd-server 2021-03-07 06:46:09,685 [INFO] Reply from ptd: 'Range A changed'
ptd-server 2021-03-07 06:46:09,685 [INFO] Set initial values for Amps 0.500000 and Volts 300.000000
ptd-server 2021-03-07 06:46:09,686 [INFO] Stopping ptd...
