ptd-server 2021-03-07 12:41:35,910 [INFO] Got command from the client 'time'
ptd-server 2021-03-07 12:41:35,910 [INFO] Sending reply to client '1615120895.9106376'
ptd-server 2021-03-07 12:41:35,913 [INFO] Got command from the client 'new,,cc01fbfb-d9e5-4cb6-8119-dfc8a125567c'
ptd-server 2021-03-07 12:41:35,913 [INFO] Sending reply to client 'OK 2021-03-07_12-41-35,5f72f458-db96-4a77-acb3-abdf8f3dfd2d'
ptd-server 2021-03-07 12:41:35,950 [INFO] Got command from the client 'time'
ptd-server 2021-03-07 12:41:35,950 [INFO] Sending reply to client '1615120895.9504912'
ptd-server 2021-03-07 12:41:35,953 [INFO] Got command from the client 'session,2021-03-07_12-41-35,start,ranging'
ptd-server 2021-03-07 12:41:35,953 [INFO] Running PTDaemon: ['/home/anton/projects/mlperf/power/inference_v1.0/ptd-linux-x86', '-l', 'ptd.log', '-p', '8888', '52', '/dev/usbtmc0']
ptd-server 2021-03-07 12:41:53,121 [INFO] Sending to ptd: 'Hello'
ptd-server 2021-03-07 12:41:53,122 [INFO] Reply from ptd: 'Hello, PTDaemon here!'
ptd-server 2021-03-07 12:41:53,122 [INFO] Sending to ptd: 'Identify'
ptd-server 2021-03-07 12:41:53,122 [INFO] Reply from ptd: 'YokogawaWT330E,1000,1,1,1,1,0,0,1,version=1.9.2-e8c7a49a-20201208,OS=Linux 5.8.0-43-generic #49~20.04.1-Ubuntu SMP Fri Feb 5 09:57:56 UTC 2021 x86_64,mode=power,1,1,1,0,0,no_cal_date,YOKOGAWA;WT333E;C3VD30030E;F1.04'
ptd-server 2021-03-07 12:41:53,123 [INFO] Connected to PTDaemon
ptd-server 2021-03-07 12:41:53,123 [INFO] Sending to ptd: 'RR'
ptd-server 2021-03-07 12:41:53,123 [INFO] Reply from ptd: 'Ranges,0,0.500000,0,300.000000'
ptd-server 2021-03-07 12:41:53,123 [INFO] Initial range for Amps is 0.500000 for Volts is 300.000000
ptd-server 2021-03-07 12:41:53,123 [INFO] Sending to ptd: 'SR,V,Auto'
ptd-server 2021-03-07 12:41:53,626 [INFO] Reply from ptd: 'Range V changed'
ptd-server 2021-03-07 12:41:53,626 [INFO] Sending to ptd: 'SR,A,Auto'
ptd-server 2021-03-07 12:41:54,128 [INFO] Reply from ptd: 'Range A changed'
ptd-server 2021-03-07 12:42:04,138 [INFO] Starting ranging mode
ptd-server 2021-03-07 12:42:04,139 [INFO] Sending to ptd: 'Go,1000,0,2021-03-07_12-41-35_ranging'
ptd-server 2021-03-07 12:42:04,139 [INFO] Reply from ptd: 'Starting untimed measurement, maximum 500000 samples at 1000ms with 0 rampup samples'
ptd-server 2021-03-07 12:42:04,139 [INFO] Sending reply to client 'OK'
ptd-server 2021-03-07 12:52:28,957 [INFO] Got command from the client 'session,2021-03-07_12-41-35,stop,ranging'
ptd-server 2021-03-07 12:52:38,967 [INFO] Sending to ptd: 'Stop'
ptd-server 2021-03-07 12:52:38,967 [INFO] Reply from ptd: 'Stopping untimed measurement'
ptd-server 2021-03-07 12:52:39,514 [INFO] Sending reply to client 'OK'
ptd-server 2021-03-07 12:52:39,560 [INFO] Got command from the client 'time'
ptd-server 2021-03-07 12:52:39,560 [INFO] Sending reply to client '1615121559.5608823'
ptd-server 2021-03-07 12:52:39,564 [INFO] Got command from the client 'session,2021-03-07_12-41-35,start,testing'
ptd-server 2021-03-07 12:52:39,564 [INFO] Sending to ptd: 'SR,V,250.410000'
ptd-server 2021-03-07 12:52:41,065 [INFO] Reply from ptd: 'Range V changed'
ptd-server 2021-03-07 12:52:41,066 [INFO] Sending to ptd: 'SR,A,0.056340'
ptd-server 2021-03-07 12:52:42,567 [INFO] Reply from ptd: 'Range A changed'
ptd-server 2021-03-07 12:52:52,577 [INFO] Starting testing mode
ptd-server 2021-03-07 12:52:52,577 [INFO] Sending to ptd: 'Go,1000,0,2021-03-07_12-41-35_testing'
ptd-server 2021-03-07 12:52:52,578 [INFO] Reply from ptd: 'Starting untimed measurement, maximum 500000 samples at 1000ms with 0 rampup samples'
ptd-server 2021-03-07 12:52:52,578 [INFO] Sending reply to client 'OK'
ptd-server 2021-03-07 13:03:22,279 [INFO] Got command from the client 'session,2021-03-07_12-41-35,stop,testing'
ptd-server 2021-03-07 13:03:32,289 [INFO] Sending to ptd: 'Stop'
ptd-server 2021-03-07 13:03:32,289 [INFO] Reply from ptd: 'Stopping untimed measurement'
ptd-server 2021-03-07 13:03:32,596 [INFO] Sending reply to client 'OK'
ptd-server 2021-03-07 13:03:32,603 [INFO] Got command from the client 'session,2021-03-07_12-41-35,upload,client.log'
ptd-server 2021-03-07 13:03:32,607 [INFO] Received '/home/anton/projects/mlperf/power-dev/output/2021-03-07_12-41-35client.log.tmp'
ptd-server 2021-03-07 13:03:32,608 [INFO] Removed '/home/anton/projects/mlperf/power-dev/output/2021-03-07_12-41-35client.log.tmp'
ptd-server 2021-03-07 13:03:32,608 [INFO] Sending reply to client 'OK'
ptd-server 2021-03-07 13:03:32,620 [INFO] Got command from the client 'session,2021-03-07_12-41-35,upload,client.json'
ptd-server 2021-03-07 13:03:32,623 [INFO] Received '/home/anton/projects/mlperf/power-dev/output/2021-03-07_12-41-35client.json.tmp'
ptd-server 2021-03-07 13:03:32,623 [INFO] Removed '/home/anton/projects/mlperf/power-dev/output/2021-03-07_12-41-35client.json.tmp'
ptd-server 2021-03-07 13:03:32,623 [INFO] Sending reply to client 'OK'
ptd-server 2021-03-07 13:03:32,626 [INFO] Got command from the client 'session,2021-03-07_12-41-35,done'
ptd-server 2021-03-07 13:03:32,626 [INFO] Sending to ptd: 'Stop'
ptd-server 2021-03-07 13:03:32,626 [INFO] Reply from ptd: 'Error: no measurement to stop'
ptd-server 2021-03-07 13:03:32,626 [INFO] Sending to ptd: 'SR,V,300.000000'
ptd-server 2021-03-07 13:03:34,128 [INFO] Reply from ptd: 'Range V changed'
ptd-server 2021-03-07 13:03:34,128 [INFO] Sending to ptd: 'SR,A,0.500000'
ptd-server 2021-03-07 13:03:35,629 [INFO] Reply from ptd: 'Range A changed'
ptd-server 2021-03-07 13:03:35,629 [INFO] Set initial values for Amps 0.500000 and Volts 300.000000
ptd-server 2021-03-07 13:03:35,629 [INFO] Stopping ptd...
