ptd-server 2021-02-28 05:56:08,936 [INFO] Got command from the client 'time'
ptd-server 2021-02-28 05:56:08,936 [INFO] Sending reply to client '1614491768.9367328'
ptd-server 2021-02-28 05:56:08,938 [INFO] Got command from the client 'new,,2f2b2a35-33ed-4be3-8e12-c96e5da90150'
ptd-server 2021-02-28 05:56:08,938 [INFO] Sending reply to client 'OK 2021-02-28_05-56-08,9af096f5-cf07-40c2-a37b-504868750fb3'
ptd-server 2021-02-28 05:56:08,969 [INFO] Got command from the client 'time'
ptd-server 2021-02-28 05:56:08,969 [INFO] Sending reply to client '1614491768.969337'
ptd-server 2021-02-28 05:56:08,970 [INFO] Got command from the client 'session,2021-02-28_05-56-08,start,ranging'
ptd-server 2021-02-28 05:56:08,970 [INFO] Running PTDaemon: ['/home/anton/projects/mlperf/power/inference_v1.0/ptd-linux-x86', '-l', 'ptd.log', '-p', '8888', '52', '/dev/usbtmc0']
ptd-server 2021-02-28 05:56:26,139 [INFO] Sending to ptd: 'Hello'
ptd-server 2021-02-28 05:56:26,140 [INFO] Reply from ptd: 'Hello, PTDaemon here!'
ptd-server 2021-02-28 05:56:26,140 [INFO] Sending to ptd: 'Identify'
ptd-server 2021-02-28 05:56:26,140 [INFO] Reply from ptd: 'YokogawaWT330E,1000,1,1,1,1,0,0,1,version=1.9.2-e8c7a49a-20201208,OS=Linux 5.8.0-43-generic #49~20.04.1-Ubuntu SMP Fri Feb 5 09:57:56 UTC 2021 x86_64,mode=power,1,1,1,0,0,no_cal_date,YOKOGAWA;WT333E;C3VD30030E;F1.04'
ptd-server 2021-02-28 05:56:26,141 [INFO] Connected to PTDaemon
ptd-server 2021-02-28 05:56:26,141 [INFO] Sending to ptd: 'RR'
ptd-server 2021-02-28 05:56:26,141 [INFO] Reply from ptd: 'Ranges,0,0.500000,0,300.000000'
ptd-server 2021-02-28 05:56:26,141 [INFO] Initial range for Amps is 0.500000 for Volts is 300.000000
ptd-server 2021-02-28 05:56:26,141 [INFO] Sending to ptd: 'SR,V,Auto'
ptd-server 2021-02-28 05:56:26,644 [INFO] Reply from ptd: 'Range V changed'
ptd-server 2021-02-28 05:56:26,644 [INFO] Sending to ptd: 'SR,A,Auto'
ptd-server 2021-02-28 05:56:27,146 [INFO] Reply from ptd: 'Range A changed'
ptd-server 2021-02-28 05:56:37,157 [INFO] Starting ranging mode
ptd-server 2021-02-28 05:56:37,157 [INFO] Sending to ptd: 'Go,1000,0,2021-02-28_05-56-08_ranging'
ptd-server 2021-02-28 05:56:37,157 [INFO] Reply from ptd: 'Starting untimed measurement, maximum 500000 samples at 1000ms with 0 rampup samples'
ptd-server 2021-02-28 05:56:37,157 [INFO] Sending reply to client 'OK'
ptd-server 2021-02-28 06:06:55,779 [INFO] Got command from the client 'session,2021-02-28_05-56-08,stop,ranging'
ptd-server 2021-02-28 06:07:05,788 [INFO] Sending to ptd: 'Stop'
ptd-server 2021-02-28 06:07:05,789 [INFO] Reply from ptd: 'Stopping untimed measurement'
ptd-server 2021-02-28 06:07:05,977 [INFO] Sending reply to client 'OK'
ptd-server 2021-02-28 06:07:06,034 [INFO] Got command from the client 'time'
ptd-server 2021-02-28 06:07:06,035 [INFO] Sending reply to client '1614492426.03512'
ptd-server 2021-02-28 06:07:06,036 [INFO] Got command from the client 'session,2021-02-28_05-56-08,start,testing'
ptd-server 2021-02-28 06:07:06,036 [INFO] Sending to ptd: 'SR,V,248.940000'
ptd-server 2021-02-28 06:07:07,658 [INFO] Reply from ptd: 'Range V changed'
ptd-server 2021-02-28 06:07:07,659 [INFO] Sending to ptd: 'SR,A,0.202020'
ptd-server 2021-02-28 06:07:09,160 [INFO] Reply from ptd: 'Range A changed'
ptd-server 2021-02-28 06:07:19,164 [INFO] Starting testing mode
ptd-server 2021-02-28 06:07:19,164 [INFO] Sending to ptd: 'Go,1000,0,2021-02-28_05-56-08_testing'
ptd-server 2021-02-28 06:07:19,165 [INFO] Reply from ptd: 'Starting untimed measurement, maximum 500000 samples at 1000ms with 0 rampup samples'
ptd-server 2021-02-28 06:07:19,165 [INFO] Sending reply to client 'OK'
ptd-server 2021-02-28 06:17:37,745 [INFO] Got command from the client 'session,2021-02-28_05-56-08,stop,testing'
ptd-server 2021-02-28 06:17:47,756 [INFO] Sending to ptd: 'Stop'
ptd-server 2021-02-28 06:17:47,756 [INFO] Reply from ptd: 'Stopping untimed measurement'
ptd-server 2021-02-28 06:17:47,851 [INFO] Sending reply to client 'OK'
ptd-server 2021-02-28 06:17:47,855 [INFO] Got command from the client 'session,2021-02-28_05-56-08,upload,client.log'
ptd-server 2021-02-28 06:17:47,856 [INFO] Received '/home/anton/projects/mlperf/power-dev/output/2021-02-28_05-56-08client.log.tmp'
ptd-server 2021-02-28 06:17:47,856 [INFO] Removed '/home/anton/projects/mlperf/power-dev/output/2021-02-28_05-56-08client.log.tmp'
ptd-server 2021-02-28 06:17:47,856 [INFO] Sending reply to client 'OK'
ptd-server 2021-02-28 06:17:47,860 [INFO] Got command from the client 'session,2021-02-28_05-56-08,upload,client.json'
ptd-server 2021-02-28 06:17:47,861 [INFO] Received '/home/anton/projects/mlperf/power-dev/output/2021-02-28_05-56-08client.json.tmp'
ptd-server 2021-02-28 06:17:47,861 [INFO] Removed '/home/anton/projects/mlperf/power-dev/output/2021-02-28_05-56-08client.json.tmp'
ptd-server 2021-02-28 06:17:47,861 [INFO] Sending reply to client 'OK'
ptd-server 2021-02-28 06:17:47,862 [INFO] Got command from the client 'session,2021-02-28_05-56-08,done'
ptd-server 2021-02-28 06:17:47,862 [INFO] Sending to ptd: 'Stop'
ptd-server 2021-02-28 06:17:48,165 [INFO] Reply from ptd: 'Error: no measurement to stop'
ptd-server 2021-02-28 06:17:48,165 [INFO] Sending to ptd: 'SR,V,300.000000'
ptd-server 2021-02-28 06:17:49,667 [INFO] Reply from ptd: 'Range V changed'
ptd-server 2021-02-28 06:17:49,667 [INFO] Sending to ptd: 'SR,A,0.500000'
ptd-server 2021-02-28 06:17:51,168 [INFO] Reply from ptd: 'Range A changed'
ptd-server 2021-02-28 06:17:51,168 [INFO] Set initial values for Amps 0.500000 and Volts 300.000000
ptd-server 2021-02-28 06:17:51,169 [INFO] Stopping ptd...
