ptd-server 2021-03-09 23:16:53,554 [INFO] Got command from the client 'time'
ptd-server 2021-03-09 23:16:53,554 [INFO] Sending reply to client '1615331813.5549433'
ptd-server 2021-03-09 23:16:53,557 [INFO] Got command from the client 'new,,0314d300-8c38-405c-acdd-a8196e498d29'
ptd-server 2021-03-09 23:16:53,557 [INFO] Sending reply to client 'OK 2021-03-09_23-16-53,194335db-cbfb-49f3-a859-303e685a6196'
ptd-server 2021-03-09 23:16:53,604 [INFO] Got command from the client 'time'
ptd-server 2021-03-09 23:16:53,604 [INFO] Sending reply to client '1615331813.604688'
ptd-server 2021-03-09 23:16:53,607 [INFO] Got command from the client 'session,2021-03-09_23-16-53,start,ranging'
ptd-server 2021-03-09 23:16:53,607 [INFO] Running PTDaemon: ['/home/anton/projects/mlperf/power/inference_v1.0/ptd-linux-x86', '-l', 'ptd.log', '-p', '8888', '52', '/dev/usbtmc0']
ptd-server 2021-03-09 23:17:10,779 [INFO] Sending to ptd: 'Hello'
ptd-server 2021-03-09 23:17:10,780 [INFO] Reply from ptd: 'Hello, PTDaemon here!'
ptd-server 2021-03-09 23:17:10,780 [INFO] Sending to ptd: 'Identify'
ptd-server 2021-03-09 23:17:10,781 [INFO] Reply from ptd: 'YokogawaWT330E,1000,1,1,1,1,0,0,1,version=1.9.2-e8c7a49a-20201208,OS=Linux 5.8.0-43-generic #49~20.04.1-Ubuntu SMP Fri Feb 5 09:57:56 UTC 2021 x86_64,mode=power,1,1,1,0,0,no_cal_date,YOKOGAWA;WT333E;C3VD30030E;F1.04'
ptd-server 2021-03-09 23:17:10,781 [INFO] Connected to PTDaemon
ptd-server 2021-03-09 23:17:10,781 [INFO] Sending to ptd: 'RR'
ptd-server 2021-03-09 23:17:10,781 [INFO] Reply from ptd: 'Ranges,0,0.500000,0,300.000000'
ptd-server 2021-03-09 23:17:10,781 [INFO] Initial range for Amps is 0.500000 for Volts is 300.000000
ptd-server 2021-03-09 23:17:10,782 [INFO] Sending to ptd: 'SR,V,Auto'
ptd-server 2021-03-09 23:17:11,284 [INFO] Reply from ptd: 'Range V changed'
ptd-server 2021-03-09 23:17:11,284 [INFO] Sending to ptd: 'SR,A,Auto'
ptd-server 2021-03-09 23:17:11,787 [INFO] Reply from ptd: 'Range A changed'
ptd-server 2021-03-09 23:17:21,797 [INFO] Starting ranging mode
ptd-server 2021-03-09 23:17:21,797 [INFO] Sending to ptd: 'Go,1000,0,2021-03-09_23-16-53_ranging'
ptd-server 2021-03-09 23:17:21,798 [INFO] Reply from ptd: 'Starting untimed measurement, maximum 500000 samples at 1000ms with 0 rampup samples'
ptd-server 2021-03-09 23:17:21,798 [INFO] Sending reply to client 'OK'
ptd-server 2021-03-09 23:27:37,279 [INFO] Got command from the client 'session,2021-03-09_23-16-53,stop,ranging'
ptd-server 2021-03-09 23:27:47,289 [INFO] Sending to ptd: 'Stop'
ptd-server 2021-03-09 23:27:47,290 [INFO] Reply from ptd: 'Stopping untimed measurement'
ptd-server 2021-03-09 23:27:48,081 [INFO] Sending reply to client 'OK'
ptd-server 2021-03-09 23:27:48,125 [INFO] Got command from the client 'time'
ptd-server 2021-03-09 23:27:48,125 [INFO] Sending reply to client '1615332468.1255627'
ptd-server 2021-03-09 23:27:48,127 [INFO] Got command from the client 'session,2021-03-09_23-16-53,start,testing'
ptd-server 2021-03-09 23:27:48,128 [INFO] Sending to ptd: 'SR,V,249.880000'
ptd-server 2021-03-09 23:27:49,629 [INFO] Reply from ptd: 'Range V changed'
ptd-server 2021-03-09 23:27:49,629 [INFO] Sending to ptd: 'SR,A,0.154470'
ptd-server 2021-03-09 23:27:51,130 [INFO] Reply from ptd: 'Range A changed'
ptd-server 2021-03-09 23:28:01,141 [INFO] Starting testing mode
ptd-server 2021-03-09 23:28:01,141 [INFO] Sending to ptd: 'Go,1000,0,2021-03-09_23-16-53_testing'
ptd-server 2021-03-09 23:28:01,141 [INFO] Reply from ptd: 'Starting untimed measurement, maximum 500000 samples at 1000ms with 0 rampup samples'
ptd-server 2021-03-09 23:28:01,141 [INFO] Sending reply to client 'OK'
ptd-server 2021-03-09 23:38:16,381 [INFO] Got command from the client 'session,2021-03-09_23-16-53,stop,testing'
ptd-server 2021-03-09 23:38:26,391 [INFO] Sending to ptd: 'Stop'
ptd-server 2021-03-09 23:38:26,392 [INFO] Reply from ptd: 'Stopping untimed measurement'
ptd-server 2021-03-09 23:38:26,795 [INFO] Sending reply to client 'OK'
ptd-server 2021-03-09 23:38:26,802 [INFO] Got command from the client 'session,2021-03-09_23-16-53,upload,client.log'
ptd-server 2021-03-09 23:38:26,804 [INFO] Received '/home/anton/projects/mlperf/power-dev/output/2021-03-09_23-16-53client.log.tmp'
ptd-server 2021-03-09 23:38:26,804 [INFO] Removed '/home/anton/projects/mlperf/power-dev/output/2021-03-09_23-16-53client.log.tmp'
ptd-server 2021-03-09 23:38:26,804 [INFO] Sending reply to client 'OK'
ptd-server 2021-03-09 23:38:26,811 [INFO] Got command from the client 'session,2021-03-09_23-16-53,upload,client.json'
ptd-server 2021-03-09 23:38:26,811 [INFO] Received '/home/anton/projects/mlperf/power-dev/output/2021-03-09_23-16-53client.json.tmp'
ptd-server 2021-03-09 23:38:26,812 [INFO] Removed '/home/anton/projects/mlperf/power-dev/output/2021-03-09_23-16-53client.json.tmp'
ptd-server 2021-03-09 23:38:26,812 [INFO] Sending reply to client 'OK'
ptd-server 2021-03-09 23:38:26,813 [INFO] Got command from the client 'session,2021-03-09_23-16-53,done'
ptd-server 2021-03-09 23:38:26,813 [INFO] Sending to ptd: 'Stop'
ptd-server 2021-03-09 23:38:27,142 [INFO] Reply from ptd: 'Error: no measurement to stop'
ptd-server 2021-03-09 23:38:27,142 [INFO] Sending to ptd: 'SR,V,300.000000'
ptd-server 2021-03-09 23:38:28,643 [INFO] Reply from ptd: 'Range V changed'
ptd-server 2021-03-09 23:38:28,643 [INFO] Sending to ptd: 'SR,A,0.500000'
ptd-server 2021-03-09 23:38:30,145 [INFO] Reply from ptd: 'Range A changed'
ptd-server 2021-03-09 23:38:30,145 [INFO] Set initial values for Amps 0.500000 and Volts 300.000000
ptd-server 2021-03-09 23:38:30,145 [INFO] Stopping ptd...
