ptd-server 2021-03-07 22:03:01,699 [INFO] Got command from the client 'time'
ptd-server 2021-03-07 22:03:01,700 [INFO] Sending reply to client '1615154581.7001147'
ptd-server 2021-03-07 22:03:01,703 [INFO] Got command from the client 'new,,990b6f88-5f99-4f5f-9dfd-4a0d515a37ac'
ptd-server 2021-03-07 22:03:01,703 [INFO] Sending reply to client 'OK 2021-03-07_22-03-01,ff812b50-790d-48bf-86b2-cf7c9e1d53b5'
ptd-server 2021-03-07 22:03:01,756 [INFO] Got command from the client 'time'
ptd-server 2021-03-07 22:03:01,756 [INFO] Sending reply to client '1615154581.7561681'
ptd-server 2021-03-07 22:03:01,759 [INFO] Got command from the client 'session,2021-03-07_22-03-01,start,ranging'
ptd-server 2021-03-07 22:03:01,759 [INFO] Running PTDaemon: ['/home/anton/projects/mlperf/power/inference_v1.0/ptd-linux-x86', '-l', 'ptd.log', '-p', '8888', '52', '/dev/usbtmc0']
ptd-server 2021-03-07 22:03:18,932 [INFO] Sending to ptd: 'Hello'
ptd-server 2021-03-07 22:03:18,933 [INFO] Reply from ptd: 'Hello, PTDaemon here!'
ptd-server 2021-03-07 22:03:18,933 [INFO] Sending to ptd: 'Identify'
ptd-server 2021-03-07 22:03:18,933 [INFO] Reply from ptd: 'YokogawaWT330E,1000,1,1,1,1,0,0,1,version=1.9.2-e8c7a49a-20201208,OS=Linux 5.8.0-43-generic #49~20.04.1-Ubuntu SMP Fri Feb 5 09:57:56 UTC 2021 x86_64,mode=power,1,1,1,0,0,no_cal_date,YOKOGAWA;WT333E;C3VD30030E;F1.04'
ptd-server 2021-03-07 22:03:18,933 [INFO] Connected to PTDaemon
ptd-server 2021-03-07 22:03:18,933 [INFO] Sending to ptd: 'RR'
ptd-server 2021-03-07 22:03:18,934 [INFO] Reply from ptd: 'Ranges,0,0.500000,0,300.000000'
ptd-server 2021-03-07 22:03:18,934 [INFO] Initial range for Amps is 0.500000 for Volts is 300.000000
ptd-server 2021-03-07 22:03:18,934 [INFO] Sending to ptd: 'SR,V,Auto'
ptd-server 2021-03-07 22:03:19,436 [INFO] Reply from ptd: 'Range V changed'
ptd-server 2021-03-07 22:03:19,437 [INFO] Sending to ptd: 'SR,A,Auto'
ptd-server 2021-03-07 22:03:19,939 [INFO] Reply from ptd: 'Range A changed'
ptd-server 2021-03-07 22:03:29,949 [INFO] Starting ranging mode
ptd-server 2021-03-07 22:03:29,949 [INFO] Sending to ptd: 'Go,1000,0,2021-03-07_22-03-01_ranging'
ptd-server 2021-03-07 22:03:29,950 [INFO] Reply from ptd: 'Starting untimed measurement, maximum 500000 samples at 1000ms with 0 rampup samples'
ptd-server 2021-03-07 22:03:29,950 [INFO] Sending reply to client 'OK'
ptd-server 2021-03-07 22:13:55,220 [INFO] Got command from the client 'session,2021-03-07_22-03-01,stop,ranging'
ptd-server 2021-03-07 22:14:05,231 [INFO] Sending to ptd: 'Stop'
ptd-server 2021-03-07 22:14:05,231 [INFO] Reply from ptd: 'Stopping untimed measurement'
ptd-server 2021-03-07 22:14:05,823 [INFO] Sending reply to client 'OK'
ptd-server 2021-03-07 22:14:05,873 [INFO] Got command from the client 'time'
ptd-server 2021-03-07 22:14:05,873 [INFO] Sending reply to client '1615155245.8737535'
ptd-server 2021-03-07 22:14:05,878 [INFO] Got command from the client 'session,2021-03-07_22-03-01,start,testing'
ptd-server 2021-03-07 22:14:05,878 [INFO] Sending to ptd: 'SR,V,250.900000'
ptd-server 2021-03-07 22:14:07,451 [INFO] Reply from ptd: 'Range V changed'
ptd-server 2021-03-07 22:14:07,451 [INFO] Sending to ptd: 'SR,A,0.051750'
ptd-server 2021-03-07 22:14:08,953 [INFO] Reply from ptd: 'Range A changed'
ptd-server 2021-03-07 22:14:18,963 [INFO] Starting testing mode
ptd-server 2021-03-07 22:14:18,963 [INFO] Sending to ptd: 'Go,1000,0,2021-03-07_22-03-01_testing'
ptd-server 2021-03-07 22:14:18,963 [INFO] Reply from ptd: 'Starting untimed measurement, maximum 500000 samples at 1000ms with 0 rampup samples'
ptd-server 2021-03-07 22:14:18,964 [INFO] Sending reply to client 'OK'
ptd-server 2021-03-07 22:24:48,930 [INFO] Got command from the client 'session,2021-03-07_22-03-01,stop,testing'
ptd-server 2021-03-07 22:24:58,940 [INFO] Sending to ptd: 'Stop'
ptd-server 2021-03-07 22:24:58,940 [INFO] Reply from ptd: 'Stopping untimed measurement'
ptd-server 2021-03-07 22:24:59,247 [INFO] Sending reply to client 'OK'
ptd-server 2021-03-07 22:24:59,255 [INFO] Got command from the client 'session,2021-03-07_22-03-01,upload,client.log'
ptd-server 2021-03-07 22:24:59,259 [INFO] Received '/home/anton/projects/mlperf/power-dev/output/2021-03-07_22-03-01client.log.tmp'
ptd-server 2021-03-07 22:24:59,259 [INFO] Removed '/home/anton/projects/mlperf/power-dev/output/2021-03-07_22-03-01client.log.tmp'
ptd-server 2021-03-07 22:24:59,260 [INFO] Sending reply to client 'OK'
ptd-server 2021-03-07 22:24:59,272 [INFO] Got command from the client 'session,2021-03-07_22-03-01,upload,client.json'
ptd-server 2021-03-07 22:24:59,275 [INFO] Received '/home/anton/projects/mlperf/power-dev/output/2021-03-07_22-03-01client.json.tmp'
ptd-server 2021-03-07 22:24:59,275 [INFO] Removed '/home/anton/projects/mlperf/power-dev/output/2021-03-07_22-03-01client.json.tmp'
ptd-server 2021-03-07 22:24:59,275 [INFO] Sending reply to client 'OK'
ptd-server 2021-03-07 22:24:59,278 [INFO] Got command from the client 'session,2021-03-07_22-03-01,done'
ptd-server 2021-03-07 22:24:59,279 [INFO] Sending to ptd: 'Stop'
ptd-server 2021-03-07 22:24:59,279 [INFO] Reply from ptd: 'Error: no measurement to stop'
ptd-server 2021-03-07 22:24:59,279 [INFO] Sending to ptd: 'SR,V,300.000000'
ptd-server 2021-03-07 22:25:00,780 [INFO] Reply from ptd: 'Range V changed'
ptd-server 2021-03-07 22:25:00,780 [INFO] Sending to ptd: 'SR,A,0.500000'
ptd-server 2021-03-07 22:25:02,282 [INFO] Reply from ptd: 'Range A changed'
ptd-server 2021-03-07 22:25:02,282 [INFO] Set initial values for Amps 0.500000 and Volts 300.000000
ptd-server 2021-03-07 22:25:02,282 [INFO] Stopping ptd...
