client 2021-03-15 22:29:58,156 [WARNING] Removing old loadgen logs directory '/home/scratch.mlperf_inf_ci/mlPerf/L1/A100x4_MaxQ-Computelab-A100x4-MaxQ-L1-5-2021-03-16-00-05-54-UTC/mlperf-inference/closed/NVIDIA/build/power_logs_temp'
client 2021-03-15 22:29:58,160 [INFO] Sending command to the server: 'mlcommons/power client v3'
client 2021-03-15 22:29:58,161 [INFO] Got response: 'mlcommons/power server v3'
client 2021-03-15 22:29:58,161 [INFO] Sending command to the server: 'stop'
client 2021-03-15 22:29:58,162 [INFO] Got response: 'OK'
client 2021-03-15 22:29:58,162 [INFO] Synchronizing with the server and with ib-01.dc4-in.nvidia.com...
client 2021-03-15 22:29:58,366 [INFO] NTP:offset = -0.026 s, delay = 0.202 s 
client 2021-03-15 22:29:58,366 [INFO] Sending command to the server: 'time'
client 2021-03-15 22:29:58,367 [INFO] Got response: '1615872598.3445332'
client 2021-03-15 22:29:58,367 [INFO] The time difference between the client and the server is within range 21.870 ms..23.230 ms
client 2021-03-15 22:29:58,367 [INFO] Sending command to the server: 'new,,ee88d61a-8e78-415a-b434-0e618290b62c'
client 2021-03-15 22:29:58,369 [INFO] Got response: 'OK 2021-03-15_22-29-58,dd9ab630-4b81-492b-b3fb-2c8b806cf0fc'
client 2021-03-15 22:29:58,369 [INFO] Session id is '2021-03-15_22-29-58'
client 2021-03-15 22:29:58,369 [INFO] Sources: {"sources": {"client.py": "d1e75cb4b26101220ebd242e584cf3ca5d8f1996", "lib/__init__.py": "da39a3ee5e6b4b0d3255bfef95601890afd80709", "lib/client.py": "d42bebf5b74cb6ff3997e2a6c68422afac111a28", "lib/common.py": "b0bad80d8fa328a7636027d4d66ff453f8dd7889", "lib/external/ntplib.py": "4da8f970656505a40483206ef2b5d3dd5e81711d", "lib/server.py": "2ed36471c7af565d6c8438b2134edad1d7ddf166", "lib/source_hashes.py": "4cedff274c661cb1504052018fd4f00dfbf624ef", "lib/summary.py": "0db15d783907aa92038281af4e465545c0648ddb", "lib/time_sync.py": "76051226ec89287839723352f4162aaa24e0546a", "server.py": "99e1310e3f76292aef1b8792ce6b8c82f1d44d8b", "tests/unit/test_server.py": "64f11775bfed35232a0e8bb9593c0ff992432c59", "tests/unit/test_source_hashes.py": "cb41a7261eaf7d94ba5c0aae9c523174f6204be3"}, "modules": {"__main__": "client.py", "lib.client": "lib/client.py", "lib.common": "lib/common.py", "lib.external.ntplib": "lib/external/ntplib.py", "lib.source_hashes": "lib/source_hashes.py", "lib.summary": "lib/summary.py", "lib.time_sync": "lib/time_sync.py"}}
client 2021-03-15 22:29:58,371 [INFO] Running workload in ranging mode
client 2021-03-15 22:29:58,371 [INFO] Synchronizing with the server and with ib-01.dc4-in.nvidia.com...
client 2021-03-15 22:29:58,573 [INFO] NTP:offset = -0.026 s, delay = 0.202 s 
client 2021-03-15 22:29:58,573 [INFO] Sending command to the server: 'time'
client 2021-03-15 22:29:58,575 [INFO] Got response: '1615872598.547632'
client 2021-03-15 22:29:58,575 [INFO] The time difference between the client and the server is within range 26.215 ms..27.723 ms
client 2021-03-15 22:29:58,575 [INFO] Sending command to the server: 'session,2021-03-15_22-29-58,start,ranging'
client 2021-03-15 22:30:27,601 [INFO] Got response: 'OK'
client 2021-03-15 22:30:27,601 [INFO] Running the workload 'LOG_DIR=/home/scratch.mlperf_inf_ci/mlPerf/L1/A100x4_MaxQ-Computelab-A100x4-MaxQ-L1-5-2021-03-16-00-05-54-UTC/mlperf-inference/closed/NVIDIA/build/power_logs_temp python3 code/main.py --benchmarks=bert --scenarios=Offline --test_mode=PerformanceOnly --config_ver=maxq --action="run_harness" \\\n\t\t&& cp -v /home/scratch.mlperf_inf_ci/mlPerf/L1/A100x4_MaxQ-Computelab-A100x4-MaxQ-L1-5-2021-03-16-00-05-54-UTC/mlperf-inference/closed/NVIDIA/build/power_logs_temp/*/*/*/mlperf_log_detail.txt /home/scratch.mlperf_inf_ci/mlPerf/L1/A100x4_MaxQ-Computelab-A100x4-MaxQ-L1-5-2021-03-16-00-05-54-UTC/mlperf-inference/closed/NVIDIA/build/power_logs_temp/ \\\n\t\t&& cp -v /home/scratch.mlperf_inf_ci/mlPerf/L1/A100x4_MaxQ-Computelab-A100x4-MaxQ-L1-5-2021-03-16-00-05-54-UTC/mlperf-inference/closed/NVIDIA/build/power_logs_temp/*/*/*/mlperf_log_summary.txt /home/scratch.mlperf_inf_ci/mlPerf/L1/A100x4_MaxQ-Computelab-A100x4-MaxQ-L1-5-2021-03-16-00-05-54-UTC/mlperf-inference/closed/NVIDIA/build/power_logs_temp/'
client 2021-03-15 22:41:48,143 [INFO] Sending command to the server: 'session,2021-03-15_22-29-58,stop,ranging'
client 2021-03-15 22:41:58,276 [INFO] Got response: 'OK'
client 2021-03-15 22:41:58,280 [INFO] Packing logs into zip and uploading to the server
client 2021-03-15 22:41:58,300 [INFO] Zip file size: 64.0 kB
client 2021-03-15 22:41:58,320 [INFO] Got response: 'OK'
client 2021-03-15 22:41:58,321 [INFO] Running workload in testing mode
client 2021-03-15 22:41:58,321 [INFO] Synchronizing with the server and with ib-01.dc4-in.nvidia.com...
client 2021-03-15 22:41:58,524 [INFO] NTP:offset = -0.038 s, delay = 0.202 s 
client 2021-03-15 22:41:58,524 [INFO] Sending command to the server: 'time'
client 2021-03-15 22:41:58,526 [INFO] Got response: '1615873318.507642'
client 2021-03-15 22:41:58,526 [INFO] The time difference between the client and the server is within range 17.038 ms..18.410 ms
client 2021-03-15 22:41:58,526 [INFO] Sending command to the server: 'session,2021-03-15_22-29-58,start,testing'
client 2021-03-15 22:42:11,695 [INFO] Got response: 'OK'
client 2021-03-15 22:42:11,695 [INFO] Running the workload 'LOG_DIR=/home/scratch.mlperf_inf_ci/mlPerf/L1/A100x4_MaxQ-Computelab-A100x4-MaxQ-L1-5-2021-03-16-00-05-54-UTC/mlperf-inference/closed/NVIDIA/build/power_logs_temp python3 code/main.py --benchmarks=bert --scenarios=Offline --test_mode=PerformanceOnly --config_ver=maxq --action="run_harness" \\\n\t\t&& cp -v /home/scratch.mlperf_inf_ci/mlPerf/L1/A100x4_MaxQ-Computelab-A100x4-MaxQ-L1-5-2021-03-16-00-05-54-UTC/mlperf-inference/closed/NVIDIA/build/power_logs_temp/*/*/*/mlperf_log_detail.txt /home/scratch.mlperf_inf_ci/mlPerf/L1/A100x4_MaxQ-Computelab-A100x4-MaxQ-L1-5-2021-03-16-00-05-54-UTC/mlperf-inference/closed/NVIDIA/build/power_logs_temp/ \\\n\t\t&& cp -v /home/scratch.mlperf_inf_ci/mlPerf/L1/A100x4_MaxQ-Computelab-A100x4-MaxQ-L1-5-2021-03-16-00-05-54-UTC/mlperf-inference/closed/NVIDIA/build/power_logs_temp/*/*/*/mlperf_log_summary.txt /home/scratch.mlperf_inf_ci/mlPerf/L1/A100x4_MaxQ-Computelab-A100x4-MaxQ-L1-5-2021-03-16-00-05-54-UTC/mlperf-inference/closed/NVIDIA/build/power_logs_temp/'
client 2021-03-15 22:53:39,637 [INFO] Sending command to the server: 'session,2021-03-15_22-29-58,stop,testing'
client 2021-03-15 22:53:49,704 [INFO] Got response: 'OK'
client 2021-03-15 22:53:49,708 [INFO] Packing logs into zip and uploading to the server
client 2021-03-15 22:53:49,728 [INFO] Zip file size: 64.0 kB
client 2021-03-15 22:53:49,748 [INFO] Got response: 'OK'
client 2021-03-15 22:53:49,748 [INFO] Done runs
