ptd-server 2021-03-15 22:29:58,141 [INFO] Got command from the client 'stop'
ptd-server 2021-03-15 22:29:58,141 [INFO] The server will be stopped after processing this client
ptd-server 2021-03-15 22:29:58,141 [INFO] Sending reply to client 'OK'
ptd-server 2021-03-15 22:29:58,344 [INFO] Got command from the client 'time'
ptd-server 2021-03-15 22:29:58,344 [INFO] Sending reply to client '1615872598.3445332'
ptd-server 2021-03-15 22:29:58,344 [INFO] Got command from the client 'new,,ee88d61a-8e78-415a-b434-0e618290b62c'
ptd-server 2021-03-15 22:29:58,344 [INFO] Sending reply to client 'OK 2021-03-15_22-29-58,dd9ab630-4b81-492b-b3fb-2c8b806cf0fc'
ptd-server 2021-03-15 22:29:58,547 [INFO] Got command from the client 'time'
ptd-server 2021-03-15 22:29:58,547 [INFO] Sending reply to client '1615872598.547632'
ptd-server 2021-03-15 22:29:58,563 [INFO] Got command from the client 'session,2021-03-15_22-29-58,start,ranging'
ptd-server 2021-03-15 22:29:58,672 [INFO] Running PTDaemon: ['C:\\PTD\\ptd-windows-x86.exe', '-l', 'C:\\logs_ptdeamon.txt', '-p', '8888', '-c', '1', '-y', '52', '172.18.220.100']
ptd-server 2021-03-15 22:30:16,543 [INFO] Sending to ptd: 'Hello'
ptd-server 2021-03-15 22:30:16,543 [INFO] Reply from ptd: 'Hello, PTDaemon here!'
ptd-server 2021-03-15 22:30:16,543 [INFO] Sending to ptd: 'Identify'
ptd-server 2021-03-15 22:30:16,543 [INFO] Reply from ptd: 'YokogawaWT330E,1000,1,1,1,1,0,0,1,version=1.9.2-3976349f-20201208,OS=Windows 8 / Server 2012,mode=power,1,1,1,0,0,no_cal_date,YOKOGAWA;WT333E;C2WC23035V;F1.04'
ptd-server 2021-03-15 22:30:16,543 [INFO] Connected to PTDaemon
ptd-server 2021-03-15 22:30:16,543 [INFO] Sending to ptd: 'RR'
ptd-server 2021-03-15 22:30:16,543 [INFO] Reply from ptd: 'Ranges,1,5.000000,1,300.000000'
ptd-server 2021-03-15 22:30:16,543 [INFO] Initial range for Amps is Auto for Volts is Auto
ptd-server 2021-03-15 22:30:16,543 [INFO] Sending to ptd: 'SR,V,Auto'
ptd-server 2021-03-15 22:30:17,058 [INFO] Reply from ptd: 'Range V changed'
ptd-server 2021-03-15 22:30:17,058 [INFO] Sending to ptd: 'SR,A,Auto'
ptd-server 2021-03-15 22:30:17,574 [INFO] Reply from ptd: 'Range A changed'
ptd-server 2021-03-15 22:30:27,587 [INFO] Starting ranging mode
ptd-server 2021-03-15 22:30:27,587 [INFO] Sending to ptd: 'Go,1000,0,2021-03-15_22-29-58_ranging'
ptd-server 2021-03-15 22:30:27,587 [INFO] Reply from ptd: 'Starting untimed measurement, maximum 500000 samples at 1000ms with 0 rampup samples'
ptd-server 2021-03-15 22:30:27,587 [INFO] Sending reply to client 'OK'
ptd-server 2021-03-15 22:41:48,117 [INFO] Got command from the client 'session,2021-03-15_22-29-58,stop,ranging'
ptd-server 2021-03-15 22:41:58,132 [INFO] Sending to ptd: 'Stop'
ptd-server 2021-03-15 22:41:58,132 [INFO] Reply from ptd: 'Stopping untimed measurement'
ptd-server 2021-03-15 22:41:58,257 [INFO] Sending reply to client 'OK'
ptd-server 2021-03-15 22:41:58,273 [INFO] Got command from the client 'session,2021-03-15_22-29-58,upload,ranging'
ptd-server 2021-03-15 22:41:58,273 [INFO] Received 'C:\\ptd-logs\\2021-03-15_22-29-58ranging.tmp'
ptd-server 2021-03-15 22:41:58,288 [INFO] Extracted 'C:\\ptd-logs\\2021-03-15_22-29-58ranging.tmp' into 'C:\\ptd-logs\\2021-03-15_22-29-58\\ranging'
ptd-server 2021-03-15 22:41:58,288 [INFO] Removed 'C:\\ptd-logs\\2021-03-15_22-29-58ranging.tmp'
ptd-server 2021-03-15 22:41:58,288 [INFO] Sending reply to client 'OK'
ptd-server 2021-03-15 22:41:58,507 [INFO] Got command from the client 'time'
ptd-server 2021-03-15 22:41:58,507 [INFO] Sending reply to client '1615873318.507642'
ptd-server 2021-03-15 22:41:58,507 [INFO] Got command from the client 'session,2021-03-15_22-29-58,start,testing'
ptd-server 2021-03-15 22:41:58,507 [INFO] Sending to ptd: 'SR,V,206.850000'
ptd-server 2021-03-15 22:42:00,132 [INFO] Reply from ptd: 'Range V changed'
ptd-server 2021-03-15 22:42:00,132 [INFO] Sending to ptd: 'SR,A,6.309500'
ptd-server 2021-03-15 22:42:01,663 [INFO] Reply from ptd: 'Range A changed'
ptd-server 2021-03-15 22:42:11,676 [INFO] Starting testing mode
ptd-server 2021-03-15 22:42:11,676 [INFO] Sending to ptd: 'Go,1000,0,2021-03-15_22-29-58_testing'
ptd-server 2021-03-15 22:42:11,676 [INFO] Reply from ptd: 'Starting untimed measurement, maximum 500000 samples at 1000ms with 0 rampup samples'
ptd-server 2021-03-15 22:42:11,676 [INFO] Sending reply to client 'OK'
ptd-server 2021-03-15 22:53:39,611 [INFO] Got command from the client 'session,2021-03-15_22-29-58,stop,testing'
ptd-server 2021-03-15 22:53:49,616 [INFO] Sending to ptd: 'Stop'
ptd-server 2021-03-15 22:53:49,616 [INFO] Reply from ptd: 'Stopping untimed measurement'
ptd-server 2021-03-15 22:53:49,678 [INFO] Sending reply to client 'OK'
ptd-server 2021-03-15 22:53:49,694 [INFO] Got command from the client 'session,2021-03-15_22-29-58,upload,testing'
ptd-server 2021-03-15 22:53:49,709 [INFO] Received 'C:\\ptd-logs\\2021-03-15_22-29-58testing.tmp'
ptd-server 2021-03-15 22:53:49,725 [INFO] Extracted 'C:\\ptd-logs\\2021-03-15_22-29-58testing.tmp' into 'C:\\ptd-logs\\2021-03-15_22-29-58\\run_1'
ptd-server 2021-03-15 22:53:49,725 [INFO] Removed 'C:\\ptd-logs\\2021-03-15_22-29-58testing.tmp'
ptd-server 2021-03-15 22:53:49,725 [INFO] Sending reply to client 'OK'
ptd-server 2021-03-15 22:53:49,725 [INFO] Got command from the client 'session,2021-03-15_22-29-58,upload,client.log'
ptd-server 2021-03-15 22:53:49,725 [INFO] Received 'C:\\ptd-logs\\2021-03-15_22-29-58client.log.tmp'
ptd-server 2021-03-15 22:53:49,725 [INFO] Removed 'C:\\ptd-logs\\2021-03-15_22-29-58client.log.tmp'
ptd-server 2021-03-15 22:53:49,725 [INFO] Sending reply to client 'OK'
ptd-server 2021-03-15 22:53:49,740 [INFO] Got command from the client 'session,2021-03-15_22-29-58,upload,client.json'
ptd-server 2021-03-15 22:53:49,740 [INFO] Received 'C:\\ptd-logs\\2021-03-15_22-29-58client.json.tmp'
ptd-server 2021-03-15 22:53:49,756 [INFO] Removed 'C:\\ptd-logs\\2021-03-15_22-29-58client.json.tmp'
ptd-server 2021-03-15 22:53:49,756 [INFO] Sending reply to client 'OK'
ptd-server 2021-03-15 22:53:49,756 [INFO] Got command from the client 'session,2021-03-15_22-29-58,done'
ptd-server 2021-03-15 22:53:49,756 [INFO] Sending to ptd: 'Stop'
ptd-server 2021-03-15 22:53:49,756 [INFO] Reply from ptd: 'Error: no measurement to stop'
ptd-server 2021-03-15 22:53:49,756 [INFO] Sending to ptd: 'SR,V,Auto'
ptd-server 2021-03-15 22:53:50,272 [INFO] Reply from ptd: 'Range V changed'
ptd-server 2021-03-15 22:53:50,272 [INFO] Sending to ptd: 'SR,A,Auto'
ptd-server 2021-03-15 22:53:50,787 [INFO] Reply from ptd: 'Range A changed'
ptd-server 2021-03-15 22:53:50,787 [INFO] Set initial values for Amps Auto and Volts Auto
ptd-server 2021-03-15 22:53:50,787 [INFO] Stopping ptd...
