ptd-server 2021-02-28 09:12:25,867 [INFO] Got command from the client 'time'
ptd-server 2021-02-28 09:12:25,867 [INFO] Sending reply to client '1614503545.867479'
ptd-server 2021-02-28 09:12:25,868 [INFO] Got command from the client 'new,,39dec0eb-b564-4473-b01c-cee96c5324c7'
ptd-server 2021-02-28 09:12:25,869 [INFO] Sending reply to client 'OK 2021-02-28_09-12-25,0bcf2427-cdc2-481c-baaf-c8bdbf261ed8'
ptd-server 2021-02-28 09:12:25,902 [INFO] Got command from the client 'time'
ptd-server 2021-02-28 09:12:25,902 [INFO] Sending reply to client '1614503545.902539'
ptd-server 2021-02-28 09:12:25,903 [INFO] Got command from the client 'session,2021-02-28_09-12-25,start,ranging'
ptd-server 2021-02-28 09:12:25,903 [INFO] Running PTDaemon: ['/home/anton/projects/mlperf/power/inference_v1.0/ptd-linux-x86', '-l', 'ptd.log', '-p', '8888', '52', '/dev/usbtmc0']
ptd-server 2021-02-28 09:12:43,073 [INFO] Sending to ptd: 'Hello'
ptd-server 2021-02-28 09:12:43,073 [INFO] Reply from ptd: 'Hello, PTDaemon here!'
ptd-server 2021-02-28 09:12:43,073 [INFO] Sending to ptd: 'Identify'
ptd-server 2021-02-28 09:12:43,074 [INFO] Reply from ptd: 'YokogawaWT330E,1000,1,1,1,1,0,0,1,version=1.9.2-e8c7a49a-20201208,OS=Linux 5.8.0-43-generic #49~20.04.1-Ubuntu SMP Fri Feb 5 09:57:56 UTC 2021 x86_64,mode=power,1,1,1,0,0,no_cal_date,YOKOGAWA;WT333E;C3VD30030E;F1.04'
ptd-server 2021-02-28 09:12:43,074 [INFO] Connected to PTDaemon
ptd-server 2021-02-28 09:12:43,074 [INFO] Sending to ptd: 'RR'
ptd-server 2021-02-28 09:12:43,074 [INFO] Reply from ptd: 'Ranges,0,0.500000,0,300.000000'
ptd-server 2021-02-28 09:12:43,074 [INFO] Initial range for Amps is 0.500000 for Volts is 300.000000
ptd-server 2021-02-28 09:12:43,075 [INFO] Sending to ptd: 'SR,V,Auto'
ptd-server 2021-02-28 09:12:43,577 [INFO] Reply from ptd: 'Range V changed'
ptd-server 2021-02-28 09:12:43,577 [INFO] Sending to ptd: 'SR,A,Auto'
ptd-server 2021-02-28 09:12:44,080 [INFO] Reply from ptd: 'Range A changed'
ptd-server 2021-02-28 09:12:54,090 [INFO] Starting ranging mode
ptd-server 2021-02-28 09:12:54,090 [INFO] Sending to ptd: 'Go,1000,0,2021-02-28_09-12-25_ranging'
ptd-server 2021-02-28 09:12:54,090 [INFO] Reply from ptd: 'Starting untimed measurement, maximum 500000 samples at 1000ms with 0 rampup samples'
ptd-server 2021-02-28 09:12:54,091 [INFO] Sending reply to client 'OK'
ptd-server 2021-02-28 09:23:12,767 [INFO] Got command from the client 'session,2021-02-28_09-12-25,stop,ranging'
ptd-server 2021-02-28 09:23:22,777 [INFO] Sending to ptd: 'Stop'
ptd-server 2021-02-28 09:23:22,778 [INFO] Reply from ptd: 'Stopping untimed measurement'
ptd-server 2021-02-28 09:23:22,971 [INFO] Sending reply to client 'OK'
ptd-server 2021-02-28 09:23:23,010 [INFO] Got command from the client 'time'
ptd-server 2021-02-28 09:23:23,010 [INFO] Sending reply to client '1614504203.010231'
ptd-server 2021-02-28 09:23:23,011 [INFO] Got command from the client 'session,2021-02-28_09-12-25,start,testing'
ptd-server 2021-02-28 09:23:23,011 [INFO] Sending to ptd: 'SR,V,250.040000'
ptd-server 2021-02-28 09:23:24,591 [INFO] Reply from ptd: 'Range V changed'
ptd-server 2021-02-28 09:23:24,592 [INFO] Sending to ptd: 'SR,A,0.173100'
ptd-server 2021-02-28 09:23:26,093 [INFO] Reply from ptd: 'Range A changed'
ptd-server 2021-02-28 09:23:36,103 [INFO] Starting testing mode
ptd-server 2021-02-28 09:23:36,103 [INFO] Sending to ptd: 'Go,1000,0,2021-02-28_09-12-25_testing'
ptd-server 2021-02-28 09:23:36,104 [INFO] Reply from ptd: 'Starting untimed measurement, maximum 500000 samples at 1000ms with 0 rampup samples'
ptd-server 2021-02-28 09:23:36,104 [INFO] Sending reply to client 'OK'
ptd-server 2021-02-28 09:33:54,729 [INFO] Got command from the client 'session,2021-02-28_09-12-25,stop,testing'
ptd-server 2021-02-28 09:34:04,739 [INFO] Sending to ptd: 'Stop'
ptd-server 2021-02-28 09:34:04,740 [INFO] Reply from ptd: 'Stopping untimed measurement'
ptd-server 2021-02-28 09:34:04,851 [INFO] Sending reply to client 'OK'
ptd-server 2021-02-28 09:34:04,854 [INFO] Got command from the client 'session,2021-02-28_09-12-25,upload,client.log'
ptd-server 2021-02-28 09:34:04,855 [INFO] Received '/home/anton/projects/mlperf/power-dev/output/2021-02-28_09-12-25client.log.tmp'
ptd-server 2021-02-28 09:34:04,855 [INFO] Removed '/home/anton/projects/mlperf/power-dev/output/2021-02-28_09-12-25client.log.tmp'
ptd-server 2021-02-28 09:34:04,855 [INFO] Sending reply to client 'OK'
ptd-server 2021-02-28 09:34:04,859 [INFO] Got command from the client 'session,2021-02-28_09-12-25,upload,client.json'
ptd-server 2021-02-28 09:34:04,859 [INFO] Received '/home/anton/projects/mlperf/power-dev/output/2021-02-28_09-12-25client.json.tmp'
ptd-server 2021-02-28 09:34:04,860 [INFO] Removed '/home/anton/projects/mlperf/power-dev/output/2021-02-28_09-12-25client.json.tmp'
ptd-server 2021-02-28 09:34:04,860 [INFO] Sending reply to client 'OK'
ptd-server 2021-02-28 09:34:04,861 [INFO] Got command from the client 'session,2021-02-28_09-12-25,done'
ptd-server 2021-02-28 09:34:04,861 [INFO] Sending to ptd: 'Stop'
ptd-server 2021-02-28 09:34:05,105 [INFO] Reply from ptd: 'Error: no measurement to stop'
ptd-server 2021-02-28 09:34:05,105 [INFO] Sending to ptd: 'SR,V,300.000000'
ptd-server 2021-02-28 09:34:06,606 [INFO] Reply from ptd: 'Range V changed'
ptd-server 2021-02-28 09:34:06,606 [INFO] Sending to ptd: 'SR,A,0.500000'
ptd-server 2021-02-28 09:34:08,108 [INFO] Reply from ptd: 'Range A changed'
ptd-server 2021-02-28 09:34:08,108 [INFO] Set initial values for Amps 0.500000 and Volts 300.000000
ptd-server 2021-02-28 09:34:08,108 [INFO] Stopping ptd...
