ptd-server 2021-03-07 17:42:46,901 [INFO] Got command from the client 'time'
ptd-server 2021-03-07 17:42:46,901 [INFO] Sending reply to client '1615138966.901472'
ptd-server 2021-03-07 17:42:46,904 [INFO] Got command from the client 'new,,6f4cda47-6207-4d1e-bd61-eac8e8c16a61'
ptd-server 2021-03-07 17:42:46,905 [INFO] Sending reply to client 'OK 2021-03-07_17-42-46,60857cad-957c-4583-8f06-44a2d94cb7e8'
ptd-server 2021-03-07 17:42:46,936 [INFO] Got command from the client 'time'
ptd-server 2021-03-07 17:42:46,937 [INFO] Sending reply to client '1615138966.9370723'
ptd-server 2021-03-07 17:42:46,940 [INFO] Got command from the client 'session,2021-03-07_17-42-46,start,ranging'
ptd-server 2021-03-07 17:42:46,940 [INFO] Running PTDaemon: ['/home/anton/projects/mlperf/power/inference_v1.0/ptd-linux-x86', '-l', 'ptd.log', '-p', '8888', '52', '/dev/usbtmc0']
ptd-server 2021-03-07 17:43:04,109 [INFO] Sending to ptd: 'Hello'
ptd-server 2021-03-07 17:43:04,109 [INFO] Reply from ptd: 'Hello, PTDaemon here!'
ptd-server 2021-03-07 17:43:04,109 [INFO] Sending to ptd: 'Identify'
ptd-server 2021-03-07 17:43:04,110 [INFO] Reply from ptd: 'YokogawaWT330E,1000,1,1,1,1,0,0,1,version=1.9.2-e8c7a49a-20201208,OS=Linux 5.8.0-43-generic #49~20.04.1-Ubuntu SMP Fri Feb 5 09:57:56 UTC 2021 x86_64,mode=power,1,1,1,0,0,no_cal_date,YOKOGAWA;WT333E;C3VD30030E;F1.04'
ptd-server 2021-03-07 17:43:04,110 [INFO] Connected to PTDaemon
ptd-server 2021-03-07 17:43:04,110 [INFO] Sending to ptd: 'RR'
ptd-server 2021-03-07 17:43:04,110 [INFO] Reply from ptd: 'Ranges,0,0.500000,0,300.000000'
ptd-server 2021-03-07 17:43:04,110 [INFO] Initial range for Amps is 0.500000 for Volts is 300.000000
ptd-server 2021-03-07 17:43:04,110 [INFO] Sending to ptd: 'SR,V,Auto'
ptd-server 2021-03-07 17:43:04,613 [INFO] Reply from ptd: 'Range V changed'
ptd-server 2021-03-07 17:43:04,613 [INFO] Sending to ptd: 'SR,A,Auto'
ptd-server 2021-03-07 17:43:05,115 [INFO] Reply from ptd: 'Range A changed'
ptd-server 2021-03-07 17:43:15,126 [INFO] Starting ranging mode
ptd-server 2021-03-07 17:43:15,126 [INFO] Sending to ptd: 'Go,1000,0,2021-03-07_17-42-46_ranging'
ptd-server 2021-03-07 17:43:15,126 [INFO] Reply from ptd: 'Starting untimed measurement, maximum 500000 samples at 1000ms with 0 rampup samples'
ptd-server 2021-03-07 17:43:15,126 [INFO] Sending reply to client 'OK'
ptd-server 2021-03-07 17:53:40,100 [INFO] Got command from the client 'session,2021-03-07_17-42-46,stop,ranging'
ptd-server 2021-03-07 17:53:50,111 [INFO] Sending to ptd: 'Stop'
ptd-server 2021-03-07 17:53:50,111 [INFO] Reply from ptd: 'Stopping untimed measurement'
ptd-server 2021-03-07 17:53:50,690 [INFO] Sending reply to client 'OK'
ptd-server 2021-03-07 17:53:50,726 [INFO] Got command from the client 'time'
ptd-server 2021-03-07 17:53:50,726 [INFO] Sending reply to client '1615139630.7266073'
ptd-server 2021-03-07 17:53:50,731 [INFO] Got command from the client 'session,2021-03-07_17-42-46,start,testing'
ptd-server 2021-03-07 17:53:50,731 [INFO] Sending to ptd: 'SR,V,248.060000'
ptd-server 2021-03-07 17:53:52,232 [INFO] Reply from ptd: 'Range V changed'
ptd-server 2021-03-07 17:53:52,233 [INFO] Sending to ptd: 'SR,A,0.053290'
ptd-server 2021-03-07 17:53:53,734 [INFO] Reply from ptd: 'Range A changed'
ptd-server 2021-03-07 17:54:03,744 [INFO] Starting testing mode
ptd-server 2021-03-07 17:54:03,744 [INFO] Sending to ptd: 'Go,1000,0,2021-03-07_17-42-46_testing'
ptd-server 2021-03-07 17:54:03,745 [INFO] Reply from ptd: 'Starting untimed measurement, maximum 500000 samples at 1000ms with 0 rampup samples'
ptd-server 2021-03-07 17:54:03,745 [INFO] Sending reply to client 'OK'
ptd-server 2021-03-07 18:04:33,680 [INFO] Got command from the client 'session,2021-03-07_17-42-46,stop,testing'
ptd-server 2021-03-07 18:04:43,691 [INFO] Sending to ptd: 'Stop'
ptd-server 2021-03-07 18:04:43,691 [INFO] Reply from ptd: 'Stopping untimed measurement'
ptd-server 2021-03-07 18:04:43,990 [INFO] Sending reply to client 'OK'
ptd-server 2021-03-07 18:04:43,997 [INFO] Got command from the client 'session,2021-03-07_17-42-46,upload,client.log'
ptd-server 2021-03-07 18:04:44,001 [INFO] Received '/home/anton/projects/mlperf/power-dev/output/2021-03-07_17-42-46client.log.tmp'
ptd-server 2021-03-07 18:04:44,001 [INFO] Removed '/home/anton/projects/mlperf/power-dev/output/2021-03-07_17-42-46client.log.tmp'
ptd-server 2021-03-07 18:04:44,001 [INFO] Sending reply to client 'OK'
ptd-server 2021-03-07 18:04:44,014 [INFO] Got command from the client 'session,2021-03-07_17-42-46,upload,client.json'
ptd-server 2021-03-07 18:04:44,017 [INFO] Received '/home/anton/projects/mlperf/power-dev/output/2021-03-07_17-42-46client.json.tmp'
ptd-server 2021-03-07 18:04:44,018 [INFO] Removed '/home/anton/projects/mlperf/power-dev/output/2021-03-07_17-42-46client.json.tmp'
ptd-server 2021-03-07 18:04:44,018 [INFO] Sending reply to client 'OK'
ptd-server 2021-03-07 18:04:44,020 [INFO] Got command from the client 'session,2021-03-07_17-42-46,done'
ptd-server 2021-03-07 18:04:44,021 [INFO] Sending to ptd: 'Stop'
ptd-server 2021-03-07 18:04:44,021 [INFO] Reply from ptd: 'Error: no measurement to stop'
ptd-server 2021-03-07 18:04:44,021 [INFO] Sending to ptd: 'SR,V,300.000000'
ptd-server 2021-03-07 18:04:45,522 [INFO] Reply from ptd: 'Range V changed'
ptd-server 2021-03-07 18:04:45,523 [INFO] Sending to ptd: 'SR,A,0.500000'
ptd-server 2021-03-07 18:04:47,024 [INFO] Reply from ptd: 'Range A changed'
ptd-server 2021-03-07 18:04:47,024 [INFO] Set initial values for Amps 0.500000 and Volts 300.000000
ptd-server 2021-03-07 18:04:47,024 [INFO] Stopping ptd...
