ptd-server 2021-03-19 04:15:52,061 [INFO] Got command from the client 'time'
ptd-server 2021-03-19 04:15:52,061 [INFO] Sending reply to client '1616127352.061791'
ptd-server 2021-03-19 04:15:52,066 [INFO] Got command from the client 'new,,d1cb9928-6abb-463a-ba08-485c081e9d88'
ptd-server 2021-03-19 04:15:52,066 [INFO] Sending reply to client 'OK 2021-03-19_04-15-52,7394aa08-a138-4aae-9767-0cb9a5add96a'
ptd-server 2021-03-19 04:15:52,162 [INFO] Got command from the client 'time'
ptd-server 2021-03-19 04:15:52,162 [INFO] Sending reply to client '1616127352.162554'
ptd-server 2021-03-19 04:15:52,167 [INFO] Got command from the client 'session,2021-03-19_04-15-52,start,ranging'
ptd-server 2021-03-19 04:15:52,167 [INFO] Running PTDaemon: ['/home/anton/projects/mlperf/power/inference_v1.0/ptd-linux-x86', '-l', 'ptd.log', '-p', '9888', '52', '/dev/usbtmc1']
ptd-server 2021-03-19 04:16:09,280 [INFO] Sending to ptd: 'Hello'
ptd-server 2021-03-19 04:16:09,281 [INFO] Reply from ptd: 'Hello, PTDaemon here!'
ptd-server 2021-03-19 04:16:09,281 [INFO] Sending to ptd: 'Identify'
ptd-server 2021-03-19 04:16:09,282 [INFO] Reply from ptd: 'YokogawaWT330E,1000,1,1,1,1,0,0,1,version=1.9.2-e8c7a49a-20201208,OS=Linux 5.8.0-45-generic #51~20.04.1-Ubuntu SMP Tue Feb 23 13:46:31 UTC 2021 x86_64,mode=power,1,1,1,0,0,no_cal_date,YOKOGAWA;WT333E;C3VD30030E;F1.04'
ptd-server 2021-03-19 04:16:09,282 [INFO] Connected to PTDaemon
ptd-server 2021-03-19 04:16:09,282 [INFO] Sending to ptd: 'RR'
ptd-server 2021-03-19 04:16:09,282 [INFO] Reply from ptd: 'Ranges,1,0.500000,1,300.000000'
ptd-server 2021-03-19 04:16:09,283 [INFO] Initial range for Amps is Auto for Volts is Auto
ptd-server 2021-03-19 04:16:09,283 [INFO] Sending to ptd: 'SR,V,Auto'
ptd-server 2021-03-19 04:16:09,786 [INFO] Reply from ptd: 'Range V changed'
ptd-server 2021-03-19 04:16:09,786 [INFO] Sending to ptd: 'SR,A,Auto'
ptd-server 2021-03-19 04:16:10,289 [INFO] Reply from ptd: 'Range A changed'
ptd-server 2021-03-19 04:16:20,299 [INFO] Starting ranging mode
ptd-server 2021-03-19 04:16:20,300 [INFO] Sending to ptd: 'Go,1000,0,2021-03-19_04-15-52_ranging'
ptd-server 2021-03-19 04:16:20,300 [INFO] Reply from ptd: 'Starting untimed measurement, maximum 500000 samples at 1000ms with 0 rampup samples'
ptd-server 2021-03-19 04:16:20,300 [INFO] Sending reply to client 'OK'
ptd-server 2021-03-19 04:28:19,093 [INFO] Got command from the client 'session,2021-03-19_04-15-52,stop,ranging'
ptd-server 2021-03-19 04:28:29,104 [INFO] Sending to ptd: 'Stop'
ptd-server 2021-03-19 04:28:29,104 [INFO] Reply from ptd: 'Stopping untimed measurement'
ptd-server 2021-03-19 04:28:29,175 [INFO] Sending reply to client 'OK'
ptd-server 2021-03-19 04:28:29,333 [INFO] Got command from the client 'time'
ptd-server 2021-03-19 04:28:29,334 [INFO] Sending reply to client '1616128109.3339818'
ptd-server 2021-03-19 04:28:29,337 [INFO] Got command from the client 'session,2021-03-19_04-15-52,start,testing'
ptd-server 2021-03-19 04:28:29,338 [INFO] Sending to ptd: 'SR,V,249.530000'
ptd-server 2021-03-19 04:28:30,840 [INFO] Reply from ptd: 'Range V changed'
ptd-server 2021-03-19 04:28:30,840 [INFO] Sending to ptd: 'SR,A,0.243990'
ptd-server 2021-03-19 04:28:32,342 [INFO] Reply from ptd: 'Range A changed'
ptd-server 2021-03-19 04:28:42,353 [INFO] Starting testing mode
ptd-server 2021-03-19 04:28:42,353 [INFO] Sending to ptd: 'Go,1000,0,2021-03-19_04-15-52_testing'
ptd-server 2021-03-19 04:28:42,354 [INFO] Reply from ptd: 'Starting untimed measurement, maximum 500000 samples at 1000ms with 0 rampup samples'
ptd-server 2021-03-19 04:28:42,354 [INFO] Sending reply to client 'OK'
ptd-server 2021-03-19 04:40:40,791 [INFO] Got command from the client 'session,2021-03-19_04-15-52,stop,testing'
ptd-server 2021-03-19 04:40:50,802 [INFO] Sending to ptd: 'Stop'
ptd-server 2021-03-19 04:40:50,803 [INFO] Reply from ptd: 'Stopping untimed measurement'
ptd-server 2021-03-19 04:40:50,841 [INFO] Sending reply to client 'OK'
ptd-server 2021-03-19 04:40:50,873 [INFO] Got command from the client 'session,2021-03-19_04-15-52,upload,client.log'
ptd-server 2021-03-19 04:40:50,877 [INFO] Received '/home/anton/projects/mlperf/power-dev/output/2021-03-19_04-15-52client.log.tmp'
ptd-server 2021-03-19 04:40:50,878 [INFO] Removed '/home/anton/projects/mlperf/power-dev/output/2021-03-19_04-15-52client.log.tmp'
ptd-server 2021-03-19 04:40:50,878 [INFO] Sending reply to client 'OK'
ptd-server 2021-03-19 04:40:50,889 [INFO] Got command from the client 'session,2021-03-19_04-15-52,upload,client.json'
ptd-server 2021-03-19 04:40:50,893 [INFO] Received '/home/anton/projects/mlperf/power-dev/output/2021-03-19_04-15-52client.json.tmp'
ptd-server 2021-03-19 04:40:50,894 [INFO] Removed '/home/anton/projects/mlperf/power-dev/output/2021-03-19_04-15-52client.json.tmp'
ptd-server 2021-03-19 04:40:50,894 [INFO] Sending reply to client 'OK'
ptd-server 2021-03-19 04:40:50,899 [INFO] Got command from the client 'session,2021-03-19_04-15-52,done'
ptd-server 2021-03-19 04:40:50,899 [INFO] Sending to ptd: 'Stop'
ptd-server 2021-03-19 04:40:51,355 [INFO] Reply from ptd: 'Error: no measurement to stop'
ptd-server 2021-03-19 04:40:51,355 [INFO] Sending to ptd: 'SR,V,Auto'
ptd-server 2021-03-19 04:40:51,858 [INFO] Reply from ptd: 'Range V changed'
ptd-server 2021-03-19 04:40:51,858 [INFO] Sending to ptd: 'SR,A,Auto'
ptd-server 2021-03-19 04:40:52,361 [INFO] Reply from ptd: 'Range A changed'
ptd-server 2021-03-19 04:40:52,361 [INFO] Set initial values for Amps Auto and Volts Auto
ptd-server 2021-03-19 04:40:52,362 [INFO] Stopping ptd...
