ptd-server 2021-03-01 01:28:25,534 [INFO] Got command from the client 'time'
ptd-server 2021-03-01 01:28:25,534 [INFO] Sending reply to client '1614562105.5347018'
ptd-server 2021-03-01 01:28:25,535 [INFO] Got command from the client 'new,,1a1e7688-665a-449b-8437-bd74b44654b4'
ptd-server 2021-03-01 01:28:25,536 [INFO] Sending reply to client 'OK 2021-03-01_01-28-25,e05c5b7c-702c-4e76-8a36-67dde46bb06e'
ptd-server 2021-03-01 01:28:25,569 [INFO] Got command from the client 'time'
ptd-server 2021-03-01 01:28:25,569 [INFO] Sending reply to client '1614562105.5695'
ptd-server 2021-03-01 01:28:25,570 [INFO] Got command from the client 'session,2021-03-01_01-28-25,start,ranging'
ptd-server 2021-03-01 01:28:25,570 [INFO] Running PTDaemon: ['/home/anton/projects/mlperf/power/inference_v1.0/ptd-linux-x86', '-l', 'ptd.log', '-p', '8888', '52', '/dev/usbtmc0']
ptd-server 2021-03-01 01:28:42,738 [INFO] Sending to ptd: 'Hello'
ptd-server 2021-03-01 01:28:42,739 [INFO] Reply from ptd: 'Hello, PTDaemon here!'
ptd-server 2021-03-01 01:28:42,739 [INFO] Sending to ptd: 'Identify'
ptd-server 2021-03-01 01:28:42,739 [INFO] Reply from ptd: 'YokogawaWT330E,1000,1,1,1,1,0,0,1,version=1.9.2-e8c7a49a-20201208,OS=Linux 5.8.0-43-generic #49~20.04.1-Ubuntu SMP Fri Feb 5 09:57:56 UTC 2021 x86_64,mode=power,1,1,1,0,0,no_cal_date,YOKOGAWA;WT333E;C3VD30030E;F1.04'
ptd-server 2021-03-01 01:28:42,739 [INFO] Connected to PTDaemon
ptd-server 2021-03-01 01:28:42,739 [INFO] Sending to ptd: 'RR'
ptd-server 2021-03-01 01:28:42,740 [INFO] Reply from ptd: 'Ranges,0,0.500000,0,300.000000'
ptd-server 2021-03-01 01:28:42,740 [INFO] Initial range for Amps is 0.500000 for Volts is 300.000000
ptd-server 2021-03-01 01:28:42,740 [INFO] Sending to ptd: 'SR,V,Auto'
ptd-server 2021-03-01 01:28:43,242 [INFO] Reply from ptd: 'Range V changed'
ptd-server 2021-03-01 01:28:43,243 [INFO] Sending to ptd: 'SR,A,Auto'
ptd-server 2021-03-01 01:28:43,745 [INFO] Reply from ptd: 'Range A changed'
ptd-server 2021-03-01 01:28:53,755 [INFO] Starting ranging mode
ptd-server 2021-03-01 01:28:53,756 [INFO] Sending to ptd: 'Go,1000,0,2021-03-01_01-28-25_ranging'
ptd-server 2021-03-01 01:28:53,756 [INFO] Reply from ptd: 'Starting untimed measurement, maximum 500000 samples at 1000ms with 0 rampup samples'
ptd-server 2021-03-01 01:28:53,756 [INFO] Sending reply to client 'OK'
ptd-server 2021-03-01 01:39:09,135 [INFO] Got command from the client 'session,2021-03-01_01-28-25,stop,ranging'
ptd-server 2021-03-01 01:39:19,145 [INFO] Sending to ptd: 'Stop'
ptd-server 2021-03-01 01:39:19,146 [INFO] Reply from ptd: 'Stopping untimed measurement'
ptd-server 2021-03-01 01:39:19,371 [INFO] Sending reply to client 'OK'
ptd-server 2021-03-01 01:39:19,403 [INFO] Got command from the client 'time'
ptd-server 2021-03-01 01:39:19,403 [INFO] Sending reply to client '1614562759.4037118'
ptd-server 2021-03-01 01:39:19,404 [INFO] Got command from the client 'session,2021-03-01_01-28-25,start,testing'
ptd-server 2021-03-01 01:39:19,405 [INFO] Sending to ptd: 'SR,V,249.920000'
ptd-server 2021-03-01 01:39:21,258 [INFO] Reply from ptd: 'Range V changed'
ptd-server 2021-03-01 01:39:21,258 [INFO] Sending to ptd: 'SR,A,0.171780'
ptd-server 2021-03-01 01:39:22,759 [INFO] Reply from ptd: 'Range A changed'
ptd-server 2021-03-01 01:39:32,769 [INFO] Starting testing mode
ptd-server 2021-03-01 01:39:32,770 [INFO] Sending to ptd: 'Go,1000,0,2021-03-01_01-28-25_testing'
ptd-server 2021-03-01 01:39:32,770 [INFO] Reply from ptd: 'Starting untimed measurement, maximum 500000 samples at 1000ms with 0 rampup samples'
ptd-server 2021-03-01 01:39:32,770 [INFO] Sending reply to client 'OK'
ptd-server 2021-03-01 01:49:47,843 [INFO] Got command from the client 'session,2021-03-01_01-28-25,stop,testing'
ptd-server 2021-03-01 01:49:57,853 [INFO] Sending to ptd: 'Stop'
ptd-server 2021-03-01 01:49:57,854 [INFO] Reply from ptd: 'Stopping untimed measurement'
ptd-server 2021-03-01 01:49:57,981 [INFO] Sending reply to client 'OK'
ptd-server 2021-03-01 01:49:57,984 [INFO] Got command from the client 'session,2021-03-01_01-28-25,upload,client.log'
ptd-server 2021-03-01 01:49:57,985 [INFO] Received '/home/anton/projects/mlperf/power-dev/output/2021-03-01_01-28-25client.log.tmp'
ptd-server 2021-03-01 01:49:57,985 [INFO] Removed '/home/anton/projects/mlperf/power-dev/output/2021-03-01_01-28-25client.log.tmp'
ptd-server 2021-03-01 01:49:57,985 [INFO] Sending reply to client 'OK'
ptd-server 2021-03-01 01:49:57,989 [INFO] Got command from the client 'session,2021-03-01_01-28-25,upload,client.json'
ptd-server 2021-03-01 01:49:57,989 [INFO] Received '/home/anton/projects/mlperf/power-dev/output/2021-03-01_01-28-25client.json.tmp'
ptd-server 2021-03-01 01:49:57,990 [INFO] Removed '/home/anton/projects/mlperf/power-dev/output/2021-03-01_01-28-25client.json.tmp'
ptd-server 2021-03-01 01:49:57,990 [INFO] Sending reply to client 'OK'
ptd-server 2021-03-01 01:49:57,991 [INFO] Got command from the client 'session,2021-03-01_01-28-25,done'
ptd-server 2021-03-01 01:49:57,991 [INFO] Sending to ptd: 'Stop'
ptd-server 2021-03-01 01:49:58,771 [INFO] Reply from ptd: 'Error: no measurement to stop'
ptd-server 2021-03-01 01:49:58,771 [INFO] Sending to ptd: 'SR,V,300.000000'
ptd-server 2021-03-01 01:50:00,272 [INFO] Reply from ptd: 'Range V changed'
ptd-server 2021-03-01 01:50:00,272 [INFO] Sending to ptd: 'SR,A,0.500000'
ptd-server 2021-03-01 01:50:01,774 [INFO] Reply from ptd: 'Range A changed'
ptd-server 2021-03-01 01:50:01,774 [INFO] Set initial values for Amps 0.500000 and Volts 300.000000
ptd-server 2021-03-01 01:50:01,774 [INFO] Stopping ptd...
