ptd-server 2021-03-06 02:47:17,750 [INFO] Got command from the client 'time'
ptd-server 2021-03-06 02:47:17,751 [INFO] Sending reply to client '1614998837.75107'
ptd-server 2021-03-06 02:47:17,754 [INFO] Got command from the client 'new,,f7768b90-25f4-438a-b55f-6abe50af7f0e'
ptd-server 2021-03-06 02:47:17,754 [INFO] Sending reply to client 'OK 2021-03-06_02-47-17,dea4341f-d138-4010-992e-7f255616045c'
ptd-server 2021-03-06 02:47:17,790 [INFO] Got command from the client 'time'
ptd-server 2021-03-06 02:47:17,790 [INFO] Sending reply to client '1614998837.7909615'
ptd-server 2021-03-06 02:47:17,793 [INFO] Got command from the client 'session,2021-03-06_02-47-17,start,ranging'
ptd-server 2021-03-06 02:47:17,793 [INFO] Running PTDaemon: ['/home/anton/projects/mlperf/power/inference_v1.0/ptd-linux-x86', '-l', 'ptd.log', '-p', '8888', '52', '/dev/usbtmc0']
ptd-server 2021-03-06 02:47:34,961 [INFO] Sending to ptd: 'Hello'
ptd-server 2021-03-06 02:47:34,962 [INFO] Reply from ptd: 'Hello, PTDaemon here!'
ptd-server 2021-03-06 02:47:34,962 [INFO] Sending to ptd: 'Identify'
ptd-server 2021-03-06 02:47:34,962 [INFO] Reply from ptd: 'YokogawaWT330E,1000,1,1,1,1,0,0,1,version=1.9.2-e8c7a49a-20201208,OS=Linux 5.8.0-43-generic #49~20.04.1-Ubuntu SMP Fri Feb 5 09:57:56 UTC 2021 x86_64,mode=power,1,1,1,0,0,no_cal_date,YOKOGAWA;WT333E;C3VD30030E;F1.04'
ptd-server 2021-03-06 02:47:34,962 [INFO] Connected to PTDaemon
ptd-server 2021-03-06 02:47:34,963 [INFO] Sending to ptd: 'RR'
ptd-server 2021-03-06 02:47:34,963 [INFO] Reply from ptd: 'Ranges,0,0.500000,0,300.000000'
ptd-server 2021-03-06 02:47:34,963 [INFO] Initial range for Amps is 0.500000 for Volts is 300.000000
ptd-server 2021-03-06 02:47:34,963 [INFO] Sending to ptd: 'SR,V,Auto'
ptd-server 2021-03-06 02:47:35,491 [INFO] Reply from ptd: 'Range V changed'
ptd-server 2021-03-06 02:47:35,491 [INFO] Sending to ptd: 'SR,A,Auto'
ptd-server 2021-03-06 02:47:35,993 [INFO] Reply from ptd: 'Range A changed'
ptd-server 2021-03-06 02:47:46,004 [INFO] Starting ranging mode
ptd-server 2021-03-06 02:47:46,004 [INFO] Sending to ptd: 'Go,1000,0,2021-03-06_02-47-17_ranging'
ptd-server 2021-03-06 02:47:46,004 [INFO] Reply from ptd: 'Starting untimed measurement, maximum 500000 samples at 1000ms with 0 rampup samples'
ptd-server 2021-03-06 02:47:46,004 [INFO] Sending reply to client 'OK'
ptd-server 2021-03-06 02:58:17,553 [INFO] Got command from the client 'session,2021-03-06_02-47-17,stop,ranging'
ptd-server 2021-03-06 02:58:27,563 [INFO] Sending to ptd: 'Stop'
ptd-server 2021-03-06 02:58:27,564 [INFO] Reply from ptd: 'Stopping untimed measurement'
ptd-server 2021-03-06 02:58:27,951 [INFO] Sending reply to client 'OK'
ptd-server 2021-03-06 02:58:28,011 [INFO] Got command from the client 'time'
ptd-server 2021-03-06 02:58:28,012 [INFO] Sending reply to client '1614999508.0121'
ptd-server 2021-03-06 02:58:28,016 [INFO] Got command from the client 'session,2021-03-06_02-47-17,start,testing'
ptd-server 2021-03-06 02:58:28,016 [INFO] Sending to ptd: 'SR,V,252.880000'
ptd-server 2021-03-06 02:58:29,518 [INFO] Reply from ptd: 'Range V changed'
ptd-server 2021-03-06 02:58:29,518 [INFO] Sending to ptd: 'SR,A,0.058090'
ptd-server 2021-03-06 02:58:31,019 [INFO] Reply from ptd: 'Range A changed'
ptd-server 2021-03-06 02:58:41,029 [INFO] Starting testing mode
ptd-server 2021-03-06 02:58:41,030 [INFO] Sending to ptd: 'Go,1000,0,2021-03-06_02-47-17_testing'
ptd-server 2021-03-06 02:58:41,030 [INFO] Reply from ptd: 'Starting untimed measurement, maximum 500000 samples at 1000ms with 0 rampup samples'
ptd-server 2021-03-06 02:58:41,030 [INFO] Sending reply to client 'OK'
ptd-server 2021-03-06 03:09:17,315 [INFO] Got command from the client 'session,2021-03-06_02-47-17,stop,testing'
ptd-server 2021-03-06 03:09:27,325 [INFO] Sending to ptd: 'Stop'
ptd-server 2021-03-06 03:09:27,326 [INFO] Reply from ptd: 'Stopping untimed measurement'
ptd-server 2021-03-06 03:09:27,535 [INFO] Sending reply to client 'OK'
ptd-server 2021-03-06 03:09:27,543 [INFO] Got command from the client 'session,2021-03-06_02-47-17,upload,client.log'
ptd-server 2021-03-06 03:09:27,546 [INFO] Received '/home/anton/projects/mlperf/power-dev/output/2021-03-06_02-47-17client.log.tmp'
ptd-server 2021-03-06 03:09:27,547 [INFO] Removed '/home/anton/projects/mlperf/power-dev/output/2021-03-06_02-47-17client.log.tmp'
ptd-server 2021-03-06 03:09:27,547 [INFO] Sending reply to client 'OK'
ptd-server 2021-03-06 03:09:27,560 [INFO] Got command from the client 'session,2021-03-06_02-47-17,upload,client.json'
ptd-server 2021-03-06 03:09:27,562 [INFO] Received '/home/anton/projects/mlperf/power-dev/output/2021-03-06_02-47-17client.json.tmp'
ptd-server 2021-03-06 03:09:27,563 [INFO] Removed '/home/anton/projects/mlperf/power-dev/output/2021-03-06_02-47-17client.json.tmp'
ptd-server 2021-03-06 03:09:27,563 [INFO] Sending reply to client 'OK'
ptd-server 2021-03-06 03:09:27,565 [INFO] Got command from the client 'session,2021-03-06_02-47-17,done'
ptd-server 2021-03-06 03:09:27,566 [INFO] Sending to ptd: 'Stop'
ptd-server 2021-03-06 03:09:28,030 [INFO] Reply from ptd: 'Error: no measurement to stop'
ptd-server 2021-03-06 03:09:28,030 [INFO] Sending to ptd: 'SR,V,300.000000'
ptd-server 2021-03-06 03:09:29,532 [INFO] Reply from ptd: 'Range V changed'
ptd-server 2021-03-06 03:09:29,532 [INFO] Sending to ptd: 'SR,A,0.500000'
ptd-server 2021-03-06 03:09:31,033 [INFO] Reply from ptd: 'Range A changed'
ptd-server 2021-03-06 03:09:31,034 [INFO] Set initial values for Amps 0.500000 and Volts 300.000000
ptd-server 2021-03-06 03:09:31,034 [INFO] Stopping ptd...
