ptd-server 2021-03-08 06:11:37,384 [INFO] Got command from the client 'time'
ptd-server 2021-03-08 06:11:37,384 [INFO] Sending reply to client '1615183897.3845491'
ptd-server 2021-03-08 06:11:37,387 [INFO] Got command from the client 'new,,3881767c-f191-4c9c-be05-ec5470de0909'
ptd-server 2021-03-08 06:11:37,388 [INFO] Sending reply to client 'OK 2021-03-08_06-11-37,41de4c8a-d74e-4fd5-9eac-ddedbb26d45c'
ptd-server 2021-03-08 06:11:37,428 [INFO] Got command from the client 'time'
ptd-server 2021-03-08 06:11:37,428 [INFO] Sending reply to client '1615183897.4285073'
ptd-server 2021-03-08 06:11:37,431 [INFO] Got command from the client 'session,2021-03-08_06-11-37,start,ranging'
ptd-server 2021-03-08 06:11:37,432 [INFO] Running PTDaemon: ['/home/anton/projects/mlperf/power/inference_v1.0/ptd-linux-x86', '-l', 'ptd.log', '-p', '8888', '52', '/dev/usbtmc0']
ptd-server 2021-03-08 06:11:54,604 [INFO] Sending to ptd: 'Hello'
ptd-server 2021-03-08 06:11:54,605 [INFO] Reply from ptd: 'Hello, PTDaemon here!'
ptd-server 2021-03-08 06:11:54,605 [INFO] Sending to ptd: 'Identify'
ptd-server 2021-03-08 06:11:54,606 [INFO] Reply from ptd: 'YokogawaWT330E,1000,1,1,1,1,0,0,1,version=1.9.2-e8c7a49a-20201208,OS=Linux 5.8.0-43-generic #49~20.04.1-Ubuntu SMP Fri Feb 5 09:57:56 UTC 2021 x86_64,mode=power,1,1,1,0,0,no_cal_date,YOKOGAWA;WT333E;C3VD30030E;F1.04'
ptd-server 2021-03-08 06:11:54,606 [INFO] Connected to PTDaemon
ptd-server 2021-03-08 06:11:54,606 [INFO] Sending to ptd: 'RR'
ptd-server 2021-03-08 06:11:54,606 [INFO] Reply from ptd: 'Ranges,0,0.500000,0,300.000000'
ptd-server 2021-03-08 06:11:54,606 [INFO] Initial range for Amps is 0.500000 for Volts is 300.000000
ptd-server 2021-03-08 06:11:54,607 [INFO] Sending to ptd: 'SR,V,Auto'
ptd-server 2021-03-08 06:11:55,114 [INFO] Reply from ptd: 'Range V changed'
ptd-server 2021-03-08 06:11:55,114 [INFO] Sending to ptd: 'SR,A,Auto'
ptd-server 2021-03-08 06:11:55,617 [INFO] Reply from ptd: 'Range A changed'
ptd-server 2021-03-08 06:12:05,627 [INFO] Starting ranging mode
ptd-server 2021-03-08 06:12:05,627 [INFO] Sending to ptd: 'Go,1000,0,2021-03-08_06-11-37_ranging'
ptd-server 2021-03-08 06:12:05,628 [INFO] Reply from ptd: 'Starting untimed measurement, maximum 500000 samples at 1000ms with 0 rampup samples'
ptd-server 2021-03-08 06:12:05,628 [INFO] Sending reply to client 'OK'
ptd-server 2021-03-08 06:22:30,734 [INFO] Got command from the client 'session,2021-03-08_06-11-37,stop,ranging'
ptd-server 2021-03-08 06:22:40,744 [INFO] Sending to ptd: 'Stop'
ptd-server 2021-03-08 06:22:40,744 [INFO] Reply from ptd: 'Stopping untimed measurement'
ptd-server 2021-03-08 06:22:41,374 [INFO] Sending reply to client 'OK'
ptd-server 2021-03-08 06:22:41,417 [INFO] Got command from the client 'time'
ptd-server 2021-03-08 06:22:41,417 [INFO] Sending reply to client '1615184561.4179156'
ptd-server 2021-03-08 06:22:41,422 [INFO] Got command from the client 'session,2021-03-08_06-11-37,start,testing'
ptd-server 2021-03-08 06:22:41,422 [INFO] Sending to ptd: 'SR,V,248.590000'
ptd-server 2021-03-08 06:22:43,130 [INFO] Reply from ptd: 'Range V changed'
ptd-server 2021-03-08 06:22:43,130 [INFO] Sending to ptd: 'SR,A,0.053920'
ptd-server 2021-03-08 06:22:44,631 [INFO] Reply from ptd: 'Range A changed'
ptd-server 2021-03-08 06:22:54,642 [INFO] Starting testing mode
ptd-server 2021-03-08 06:22:54,642 [INFO] Sending to ptd: 'Go,1000,0,2021-03-08_06-11-37_testing'
ptd-server 2021-03-08 06:22:54,642 [INFO] Reply from ptd: 'Starting untimed measurement, maximum 500000 samples at 1000ms with 0 rampup samples'
ptd-server 2021-03-08 06:22:54,643 [INFO] Sending reply to client 'OK'
ptd-server 2021-03-08 06:33:24,529 [INFO] Got command from the client 'session,2021-03-08_06-11-37,stop,testing'
ptd-server 2021-03-08 06:33:34,539 [INFO] Sending to ptd: 'Stop'
ptd-server 2021-03-08 06:33:34,539 [INFO] Reply from ptd: 'Stopping untimed measurement'
ptd-server 2021-03-08 06:33:34,874 [INFO] Sending reply to client 'OK'
ptd-server 2021-03-08 06:33:34,882 [INFO] Got command from the client 'session,2021-03-08_06-11-37,upload,client.log'
ptd-server 2021-03-08 06:33:34,887 [INFO] Received '/home/anton/projects/mlperf/power-dev/output/2021-03-08_06-11-37client.log.tmp'
ptd-server 2021-03-08 06:33:34,887 [INFO] Removed '/home/anton/projects/mlperf/power-dev/output/2021-03-08_06-11-37client.log.tmp'
ptd-server 2021-03-08 06:33:34,887 [INFO] Sending reply to client 'OK'
ptd-server 2021-03-08 06:33:34,900 [INFO] Got command from the client 'session,2021-03-08_06-11-37,upload,client.json'
ptd-server 2021-03-08 06:33:34,902 [INFO] Received '/home/anton/projects/mlperf/power-dev/output/2021-03-08_06-11-37client.json.tmp'
ptd-server 2021-03-08 06:33:34,903 [INFO] Removed '/home/anton/projects/mlperf/power-dev/output/2021-03-08_06-11-37client.json.tmp'
ptd-server 2021-03-08 06:33:34,903 [INFO] Sending reply to client 'OK'
ptd-server 2021-03-08 06:33:34,906 [INFO] Got command from the client 'session,2021-03-08_06-11-37,done'
ptd-server 2021-03-08 06:33:34,906 [INFO] Sending to ptd: 'Stop'
ptd-server 2021-03-08 06:33:34,906 [INFO] Reply from ptd: 'Error: no measurement to stop'
ptd-server 2021-03-08 06:33:34,906 [INFO] Sending to ptd: 'SR,V,300.000000'
ptd-server 2021-03-08 06:33:36,407 [INFO] Reply from ptd: 'Range V changed'
ptd-server 2021-03-08 06:33:36,408 [INFO] Sending to ptd: 'SR,A,0.500000'
ptd-server 2021-03-08 06:33:37,909 [INFO] Reply from ptd: 'Range A changed'
ptd-server 2021-03-08 06:33:37,909 [INFO] Set initial values for Amps 0.500000 and Volts 300.000000
ptd-server 2021-03-08 06:33:37,909 [INFO] Stopping ptd...
