client 2021-03-17 15:42:54,738 [WARNING] Removing old loadgen logs directory '/home/scratch.mlperf_inf_ci/mlPerf/L1/A100x8_MaxQ-Computelab-A100x8-MaxQ-L1-1-2021-03-17-14-11-35-UTC/mlperf-inference/closed/NVIDIA/build/power_logs_temp'
client 2021-03-17 15:42:54,750 [INFO] Sending command to the server: 'mlcommons/power client v3'
client 2021-03-17 15:42:54,751 [INFO] Got response: 'mlcommons/power server v3'
client 2021-03-17 15:42:54,751 [INFO] Sending command to the server: 'stop'
client 2021-03-17 15:42:54,752 [INFO] Got response: 'OK'
client 2021-03-17 15:42:54,752 [INFO] Synchronizing with the server and with ib-01.dc4-in.nvidia.com...
client 2021-03-17 15:42:54,973 [INFO] NTP:offset = 0.177 s, delay = 0.201 s 
client 2021-03-17 15:42:54,973 [INFO] Sending command to the server: 'time'
client 2021-03-17 15:42:54,974 [INFO] Got response: '1616020975.1436753'
client 2021-03-17 15:42:54,974 [INFO] The time difference between the client and the server is within range -170.116 ms..-168.764 ms
client 2021-03-17 15:42:54,974 [INFO] Sending command to the server: 'new,,d8b9907e-54af-426f-8560-bbde4a1b200b'
client 2021-03-17 15:42:54,976 [INFO] Got response: 'OK 2021-03-17_15-42-55,eb99469e-bdcf-4e90-8d5c-549b12d54faf'
client 2021-03-17 15:42:54,976 [INFO] Session id is '2021-03-17_15-42-55'
client 2021-03-17 15:42:54,976 [INFO] Sources: {"sources": {"client.py": "d1e75cb4b26101220ebd242e584cf3ca5d8f1996", "lib/__init__.py": "da39a3ee5e6b4b0d3255bfef95601890afd80709", "lib/client.py": "d42bebf5b74cb6ff3997e2a6c68422afac111a28", "lib/common.py": "b0bad80d8fa328a7636027d4d66ff453f8dd7889", "lib/external/ntplib.py": "4da8f970656505a40483206ef2b5d3dd5e81711d", "lib/server.py": "2ed36471c7af565d6c8438b2134edad1d7ddf166", "lib/source_hashes.py": "4cedff274c661cb1504052018fd4f00dfbf624ef", "lib/summary.py": "0db15d783907aa92038281af4e465545c0648ddb", "lib/time_sync.py": "76051226ec89287839723352f4162aaa24e0546a", "server.py": "99e1310e3f76292aef1b8792ce6b8c82f1d44d8b", "tests/unit/test_server.py": "64f11775bfed35232a0e8bb9593c0ff992432c59", "tests/unit/test_source_hashes.py": "cb41a7261eaf7d94ba5c0aae9c523174f6204be3"}, "modules": {"__main__": "client.py", "lib.client": "lib/client.py", "lib.common": "lib/common.py", "lib.external.ntplib": "lib/external/ntplib.py", "lib.source_hashes": "lib/source_hashes.py", "lib.summary": "lib/summary.py", "lib.time_sync": "lib/time_sync.py"}}
client 2021-03-17 15:42:54,978 [INFO] Running workload in ranging mode
client 2021-03-17 15:42:54,978 [INFO] Synchronizing with the server and with ib-01.dc4-in.nvidia.com...
client 2021-03-17 15:42:55,180 [INFO] NTP:offset = 0.177 s, delay = 0.201 s 
client 2021-03-17 15:42:55,180 [INFO] Sending command to the server: 'time'
client 2021-03-17 15:42:55,181 [INFO] Got response: '1616020975.3467536'
client 2021-03-17 15:42:55,181 [INFO] The time difference between the client and the server is within range -166.522 ms..-165.173 ms
client 2021-03-17 15:42:55,181 [INFO] Sending command to the server: 'session,2021-03-17_15-42-55,start,ranging'
client 2021-03-17 15:43:34,835 [INFO] Got response: 'OK'
client 2021-03-17 15:43:34,835 [INFO] Running the workload 'LOG_DIR=/home/scratch.mlperf_inf_ci/mlPerf/L1/A100x8_MaxQ-Computelab-A100x8-MaxQ-L1-1-2021-03-17-14-11-35-UTC/mlperf-inference/closed/NVIDIA/build/power_logs_temp python3 code/main.py --benchmarks=3d-unet --scenarios=Offline --test_mode=PerformanceOnly --config_ver=maxq_high_accuracy --action="run_harness" \\\n\t\t&& cp -v /home/scratch.mlperf_inf_ci/mlPerf/L1/A100x8_MaxQ-Computelab-A100x8-MaxQ-L1-1-2021-03-17-14-11-35-UTC/mlperf-inference/closed/NVIDIA/build/power_logs_temp/*/*/*/mlperf_log_detail.txt /home/scratch.mlperf_inf_ci/mlPerf/L1/A100x8_MaxQ-Computelab-A100x8-MaxQ-L1-1-2021-03-17-14-11-35-UTC/mlperf-inference/closed/NVIDIA/build/power_logs_temp/ \\\n\t\t&& cp -v /home/scratch.mlperf_inf_ci/mlPerf/L1/A100x8_MaxQ-Computelab-A100x8-MaxQ-L1-1-2021-03-17-14-11-35-UTC/mlperf-inference/closed/NVIDIA/build/power_logs_temp/*/*/*/mlperf_log_summary.txt /home/scratch.mlperf_inf_ci/mlPerf/L1/A100x8_MaxQ-Computelab-A100x8-MaxQ-L1-1-2021-03-17-14-11-35-UTC/mlperf-inference/closed/NVIDIA/build/power_logs_temp/'
client 2021-03-17 15:56:29,052 [INFO] Sending command to the server: 'session,2021-03-17_15-42-55,stop,ranging'
client 2021-03-17 15:56:39,156 [INFO] Got response: 'OK'
client 2021-03-17 15:56:39,162 [INFO] Packing logs into zip and uploading to the server
client 2021-03-17 15:56:39,178 [INFO] Zip file size: 10.8 kB
client 2021-03-17 15:56:39,197 [INFO] Got response: 'OK'
client 2021-03-17 15:56:39,198 [INFO] Running workload in testing mode
client 2021-03-17 15:56:39,198 [INFO] Synchronizing with the server and with ib-01.dc4-in.nvidia.com...
client 2021-03-17 15:56:39,400 [INFO] NTP:offset = 0.188 s, delay = 0.201 s 
client 2021-03-17 15:56:39,400 [INFO] Sending command to the server: 'time'
client 2021-03-17 15:56:39,401 [INFO] Got response: '1616021799.5781465'
client 2021-03-17 15:56:39,401 [INFO] The time difference between the client and the server is within range -177.697 ms..-176.264 ms
client 2021-03-17 15:56:39,401 [INFO] Sending command to the server: 'session,2021-03-17_15-42-55,start,testing'
client 2021-03-17 15:57:01,513 [INFO] Got response: 'OK'
client 2021-03-17 15:57:01,513 [INFO] Running the workload 'LOG_DIR=/home/scratch.mlperf_inf_ci/mlPerf/L1/A100x8_MaxQ-Computelab-A100x8-MaxQ-L1-1-2021-03-17-14-11-35-UTC/mlperf-inference/closed/NVIDIA/build/power_logs_temp python3 code/main.py --benchmarks=3d-unet --scenarios=Offline --test_mode=PerformanceOnly --config_ver=maxq_high_accuracy --action="run_harness" \\\n\t\t&& cp -v /home/scratch.mlperf_inf_ci/mlPerf/L1/A100x8_MaxQ-Computelab-A100x8-MaxQ-L1-1-2021-03-17-14-11-35-UTC/mlperf-inference/closed/NVIDIA/build/power_logs_temp/*/*/*/mlperf_log_detail.txt /home/scratch.mlperf_inf_ci/mlPerf/L1/A100x8_MaxQ-Computelab-A100x8-MaxQ-L1-1-2021-03-17-14-11-35-UTC/mlperf-inference/closed/NVIDIA/build/power_logs_temp/ \\\n\t\t&& cp -v /home/scratch.mlperf_inf_ci/mlPerf/L1/A100x8_MaxQ-Computelab-A100x8-MaxQ-L1-1-2021-03-17-14-11-35-UTC/mlperf-inference/closed/NVIDIA/build/power_logs_temp/*/*/*/mlperf_log_summary.txt /home/scratch.mlperf_inf_ci/mlPerf/L1/A100x8_MaxQ-Computelab-A100x8-MaxQ-L1-1-2021-03-17-14-11-35-UTC/mlperf-inference/closed/NVIDIA/build/power_logs_temp/'
client 2021-03-17 16:09:54,224 [INFO] Sending command to the server: 'session,2021-03-17_15-42-55,stop,testing'
client 2021-03-17 16:10:04,275 [INFO] Got response: 'OK'
client 2021-03-17 16:10:04,279 [INFO] Packing logs into zip and uploading to the server
client 2021-03-17 16:10:04,309 [INFO] Zip file size: 10.8 kB
client 2021-03-17 16:10:04,327 [INFO] Got response: 'OK'
client 2021-03-17 16:10:04,327 [INFO] Done runs
