client 2021-03-01 11:56:31,921 [INFO] Sending command to the server: 'mlcommons/power client v3'
client 2021-03-01 11:56:31,923 [INFO] Got response: 'mlcommons/power server v3'
client 2021-03-01 11:56:31,923 [INFO] Synchronizing with the server and with time.google.com...
client 2021-03-01 11:56:31,962 [INFO] NTP:offset = -0.001 s, delay = 0.032 s 
client 2021-03-01 11:56:31,962 [INFO] Sending command to the server: 'time'
client 2021-03-01 11:56:31,963 [INFO] Got response: '1614599791.9613426'
client 2021-03-01 11:56:31,964 [INFO] The time difference between the client and the server is within range 1.495 ms..2.692 ms
client 2021-03-01 11:56:31,964 [INFO] Sending command to the server: 'new,,8bda8057-51f1-43e5-b3e8-2ce21dd56138'
client 2021-03-01 11:56:31,965 [INFO] Got response: 'OK 2021-03-01_11-56-31,89e0d9dc-b1dc-4a59-ab03-6e5df12e8f40'
client 2021-03-01 11:56:31,965 [INFO] Session id is '2021-03-01_11-56-31'
client 2021-03-01 11:56:31,965 [INFO] Sources: {"sources": {"client.py": "d1e75cb4b26101220ebd242e584cf3ca5d8f1996", "lib/__init__.py": "da39a3ee5e6b4b0d3255bfef95601890afd80709", "lib/client.py": "d42bebf5b74cb6ff3997e2a6c68422afac111a28", "lib/common.py": "b0bad80d8fa328a7636027d4d66ff453f8dd7889", "lib/external/ntplib.py": "4da8f970656505a40483206ef2b5d3dd5e81711d", "lib/server.py": "2ed36471c7af565d6c8438b2134edad1d7ddf166", "lib/source_hashes.py": "4cedff274c661cb1504052018fd4f00dfbf624ef", "lib/summary.py": "0db15d783907aa92038281af4e465545c0648ddb", "lib/time_sync.py": "76051226ec89287839723352f4162aaa24e0546a", "server.py": "99e1310e3f76292aef1b8792ce6b8c82f1d44d8b", "tests/unit/test_server.py": "64f11775bfed35232a0e8bb9593c0ff992432c59", "tests/unit/test_source_hashes.py": "cb41a7261eaf7d94ba5c0aae9c523174f6204be3"}, "modules": {"__main__": "client.py", "lib.client": "lib/client.py", "lib.common": "lib/common.py", "lib.external.ntplib": "lib/external/ntplib.py", "lib.source_hashes": "lib/source_hashes.py", "lib.summary": "lib/summary.py", "lib.time_sync": "lib/time_sync.py"}}
client 2021-03-01 11:56:31,966 [INFO] Running workload in ranging mode
client 2021-03-01 11:56:31,966 [INFO] Synchronizing with the server and with time.google.com...
client 2021-03-01 11:56:31,998 [INFO] NTP:offset = -0.001 s, delay = 0.029 s 
client 2021-03-01 11:56:31,998 [INFO] Sending command to the server: 'time'
client 2021-03-01 11:56:31,999 [INFO] Got response: '1614599791.9968233'
client 2021-03-01 11:56:31,999 [INFO] The time difference between the client and the server is within range 1.502 ms..2.641 ms
client 2021-03-01 11:56:31,999 [INFO] Sending command to the server: 'session,2021-03-01_11-56-31,start,ranging'
client 2021-03-01 11:57:00,187 [INFO] Got response: 'OK'
client 2021-03-01 11:57:00,187 [INFO] Running the workload 'ck benchmark program:image-classification-armnn-tflite-loadgen --env.CK_SILENT_MODE=YES --skip_print_timers --dep_add_tags.compiler=gcc,v7 --dep_add_tags.python=v3 --dep_add_tags.mlperf-inference-src=r1.0 --dep_add_tags.weights=mobilenet,v3-large_224_1.0_uint8 --dep_add_tags.images=crop.875,preprocessed,using-opencv --dep_add_tags.library=armnn,rel.21.02,neon --env.CK_LOADGEN_DATASET_SIZE=1024 --env.USE_NEON=1 --env.CK_LOADGEN_SCENARIO=SingleStream --env.CK_LOADGEN_MODE=PerformanceOnly --env.CK_LOADGEN_TARGET_LATENCY=10 --skip_stat_analysis --process_multi_keys --repetitions=1 --record --record_repo=local --record_uoa=mlperf-open-xavier-armnn-v21.02-neon-mobilenet-v3-large_224_1.0_uint8-singlestream-performance-target_latency.10-power.workload --tags=mlperf,division.open,task.image-classification,platform.xavier,scenario.singlestream,mode.performance,workload.mobilenet-v3-large_224_1.0_uint8,preprocessed_using.opencv,inference_engine.armnn,inference_engine_version.v21.02,inference_engine_backend.neon,target_latency.10,power.workload "@@@{\'meta\': {\'ck_benchmark_program\': \'ck benchmark program:image-classification-armnn-tflite-loadgen --env.CK_SILENT_MODE=YES --skip_print_timers --dep_add_tags.compiler=gcc,v7 --dep_add_tags.python=v3 --dep_add_tags.mlperf-inference-src=r1.0 --dep_add_tags.weights=mobilenet,v3-large_224_1.0_uint8 --dep_add_tags.images=crop.875,preprocessed,using-opencv --dep_add_tags.library=armnn,rel.21.02,neon --env.CK_LOADGEN_DATASET_SIZE=1024 --env.USE_NEON=1 --env.CK_LOADGEN_SCENARIO=SingleStream --env.CK_LOADGEN_MODE=PerformanceOnly --env.CK_LOADGEN_TARGET_LATENCY=10 --skip_stat_analysis --process_multi_keys --repetitions=1 --record --record_repo=local --record_uoa=mlperf-open-xavier-armnn-v21.02-neon-mobilenet-v3-large_224_1.0_uint8-singlestream-performance-target_latency.10-power.workload --tags=mlperf,division.open,task.image-classification,platform.xavier,scenario.singlestream,mode.performance,workload.mobilenet-v3-large_224_1.0_uint8,preprocessed_using.opencv,inference_engine.armnn,inference_engine_version.v21.02,inference_engine_backend.neon,target_latency.10,power.workload\'}}" && cat `ck find program:image-classification-armnn-tflite-loadgen`/tmp/mlperf_log_summary.txt && mkdir -p "$CK_MLPERF_POWER_CLIENT_LOADGEN_LOGS" && cp "$CK_MLPERF_POWER_CLIENT_LOADGEN_LOGS"/../mlperf_log_* "$CK_MLPERF_POWER_CLIENT_LOADGEN_LOGS"/'
client 2021-03-01 12:07:15,238 [INFO] Sending command to the server: 'session,2021-03-01_11-56-31,stop,ranging'
client 2021-03-01 12:07:25,503 [INFO] Got response: 'OK'
client 2021-03-01 12:07:25,504 [INFO] Running workload in testing mode
client 2021-03-01 12:07:25,504 [INFO] Synchronizing with the server and with time.google.com...
client 2021-03-01 12:07:25,553 [INFO] NTP:offset = 0.001 s, delay = 0.029 s 
client 2021-03-01 12:07:25,553 [INFO] Sending command to the server: 'time'
client 2021-03-01 12:07:25,554 [INFO] Got response: '1614600445.55379'
client 2021-03-01 12:07:25,554 [INFO] The time difference between the client and the server is within range -0.212 ms..0.964 ms
client 2021-03-01 12:07:25,554 [INFO] Sending command to the server: 'session,2021-03-01_11-56-31,start,testing'
client 2021-03-01 12:07:39,199 [INFO] Got response: 'OK'
client 2021-03-01 12:07:39,200 [INFO] Running the workload 'ck benchmark program:image-classification-armnn-tflite-loadgen --env.CK_SILENT_MODE=YES --skip_print_timers --dep_add_tags.compiler=gcc,v7 --dep_add_tags.python=v3 --dep_add_tags.mlperf-inference-src=r1.0 --dep_add_tags.weights=mobilenet,v3-large_224_1.0_uint8 --dep_add_tags.images=crop.875,preprocessed,using-opencv --dep_add_tags.library=armnn,rel.21.02,neon --env.CK_LOADGEN_DATASET_SIZE=1024 --env.USE_NEON=1 --env.CK_LOADGEN_SCENARIO=SingleStream --env.CK_LOADGEN_MODE=PerformanceOnly --env.CK_LOADGEN_TARGET_LATENCY=10 --skip_stat_analysis --process_multi_keys --repetitions=1 --record --record_repo=local --record_uoa=mlperf-open-xavier-armnn-v21.02-neon-mobilenet-v3-large_224_1.0_uint8-singlestream-performance-target_latency.10-power.workload --tags=mlperf,division.open,task.image-classification,platform.xavier,scenario.singlestream,mode.performance,workload.mobilenet-v3-large_224_1.0_uint8,preprocessed_using.opencv,inference_engine.armnn,inference_engine_version.v21.02,inference_engine_backend.neon,target_latency.10,power.workload "@@@{\'meta\': {\'ck_benchmark_program\': \'ck benchmark program:image-classification-armnn-tflite-loadgen --env.CK_SILENT_MODE=YES --skip_print_timers --dep_add_tags.compiler=gcc,v7 --dep_add_tags.python=v3 --dep_add_tags.mlperf-inference-src=r1.0 --dep_add_tags.weights=mobilenet,v3-large_224_1.0_uint8 --dep_add_tags.images=crop.875,preprocessed,using-opencv --dep_add_tags.library=armnn,rel.21.02,neon --env.CK_LOADGEN_DATASET_SIZE=1024 --env.USE_NEON=1 --env.CK_LOADGEN_SCENARIO=SingleStream --env.CK_LOADGEN_MODE=PerformanceOnly --env.CK_LOADGEN_TARGET_LATENCY=10 --skip_stat_analysis --process_multi_keys --repetitions=1 --record --record_repo=local --record_uoa=mlperf-open-xavier-armnn-v21.02-neon-mobilenet-v3-large_224_1.0_uint8-singlestream-performance-target_latency.10-power.workload --tags=mlperf,division.open,task.image-classification,platform.xavier,scenario.singlestream,mode.performance,workload.mobilenet-v3-large_224_1.0_uint8,preprocessed_using.opencv,inference_engine.armnn,inference_engine_version.v21.02,inference_engine_backend.neon,target_latency.10,power.workload\'}}" && cat `ck find program:image-classification-armnn-tflite-loadgen`/tmp/mlperf_log_summary.txt && mkdir -p "$CK_MLPERF_POWER_CLIENT_LOADGEN_LOGS" && cp "$CK_MLPERF_POWER_CLIENT_LOADGEN_LOGS"/../mlperf_log_* "$CK_MLPERF_POWER_CLIENT_LOADGEN_LOGS"/'
client 2021-03-01 12:17:54,245 [INFO] Sending command to the server: 'session,2021-03-01_11-56-31,stop,testing'
client 2021-03-01 12:18:04,393 [INFO] Got response: 'OK'
client 2021-03-01 12:18:04,394 [INFO] Done runs
