ptd-server 2021-03-08 02:51:43,605 [INFO] Got command from the client 'time'
ptd-server 2021-03-08 02:51:43,605 [INFO] Sending reply to client '1615171903.6058557'
ptd-server 2021-03-08 02:51:43,609 [INFO] Got command from the client 'new,,e92dd951-6e22-4795-ab15-4fe2cfc77295'
ptd-server 2021-03-08 02:51:43,609 [INFO] Sending reply to client 'OK 2021-03-08_02-51-43,483fd921-c813-4270-af21-af5b514d6782'
ptd-server 2021-03-08 02:51:43,641 [INFO] Got command from the client 'time'
ptd-server 2021-03-08 02:51:43,641 [INFO] Sending reply to client '1615171903.6411734'
ptd-server 2021-03-08 02:51:43,645 [INFO] Got command from the client 'session,2021-03-08_02-51-43,start,ranging'
ptd-server 2021-03-08 02:51:43,645 [INFO] Running PTDaemon: ['/home/anton/projects/mlperf/power/inference_v1.0/ptd-linux-x86', '-l', 'ptd.log', '-p', '8888', '52', '/dev/usbtmc0']
ptd-server 2021-03-08 02:52:00,818 [INFO] Sending to ptd: 'Hello'
ptd-server 2021-03-08 02:52:00,819 [INFO] Reply from ptd: 'Hello, PTDaemon here!'
ptd-server 2021-03-08 02:52:00,819 [INFO] Sending to ptd: 'Identify'
ptd-server 2021-03-08 02:52:00,819 [INFO] Reply from ptd: 'YokogawaWT330E,1000,1,1,1,1,0,0,1,version=1.9.2-e8c7a49a-20201208,OS=Linux 5.8.0-43-generic #49~20.04.1-Ubuntu SMP Fri Feb 5 09:57:56 UTC 2021 x86_64,mode=power,1,1,1,0,0,no_cal_date,YOKOGAWA;WT333E;C3VD30030E;F1.04'
ptd-server 2021-03-08 02:52:00,820 [INFO] Connected to PTDaemon
ptd-server 2021-03-08 02:52:00,820 [INFO] Sending to ptd: 'RR'
ptd-server 2021-03-08 02:52:00,820 [INFO] Reply from ptd: 'Ranges,0,0.500000,0,300.000000'
ptd-server 2021-03-08 02:52:00,820 [INFO] Initial range for Amps is 0.500000 for Volts is 300.000000
ptd-server 2021-03-08 02:52:00,820 [INFO] Sending to ptd: 'SR,V,Auto'
ptd-server 2021-03-08 02:52:01,323 [INFO] Reply from ptd: 'Range V changed'
ptd-server 2021-03-08 02:52:01,323 [INFO] Sending to ptd: 'SR,A,Auto'
ptd-server 2021-03-08 02:52:01,825 [INFO] Reply from ptd: 'Range A changed'
ptd-server 2021-03-08 02:52:11,836 [INFO] Starting ranging mode
ptd-server 2021-03-08 02:52:11,836 [INFO] Sending to ptd: 'Go,1000,0,2021-03-08_02-51-43_ranging'
ptd-server 2021-03-08 02:52:11,836 [INFO] Reply from ptd: 'Starting untimed measurement, maximum 500000 samples at 1000ms with 0 rampup samples'
ptd-server 2021-03-08 02:52:11,836 [INFO] Sending reply to client 'OK'
ptd-server 2021-03-08 03:02:36,694 [INFO] Got command from the client 'session,2021-03-08_02-51-43,stop,ranging'
ptd-server 2021-03-08 03:02:46,705 [INFO] Sending to ptd: 'Stop'
ptd-server 2021-03-08 03:02:46,705 [INFO] Reply from ptd: 'Stopping untimed measurement'
ptd-server 2021-03-08 03:02:47,326 [INFO] Sending reply to client 'OK'
ptd-server 2021-03-08 03:02:47,375 [INFO] Got command from the client 'time'
ptd-server 2021-03-08 03:02:47,375 [INFO] Sending reply to client '1615172567.3754594'
ptd-server 2021-03-08 03:02:47,379 [INFO] Got command from the client 'session,2021-03-08_02-51-43,start,testing'
ptd-server 2021-03-08 03:02:47,379 [INFO] Sending to ptd: 'SR,V,251.070000'
ptd-server 2021-03-08 03:02:48,880 [INFO] Reply from ptd: 'Range V changed'
ptd-server 2021-03-08 03:02:48,881 [INFO] Sending to ptd: 'SR,A,0.057290'
ptd-server 2021-03-08 03:02:50,382 [INFO] Reply from ptd: 'Range A changed'
ptd-server 2021-03-08 03:03:00,392 [INFO] Starting testing mode
ptd-server 2021-03-08 03:03:00,392 [INFO] Sending to ptd: 'Go,1000,0,2021-03-08_02-51-43_testing'
ptd-server 2021-03-08 03:03:00,393 [INFO] Reply from ptd: 'Starting untimed measurement, maximum 500000 samples at 1000ms with 0 rampup samples'
ptd-server 2021-03-08 03:03:00,393 [INFO] Sending reply to client 'OK'
ptd-server 2021-03-08 03:13:30,101 [INFO] Got command from the client 'session,2021-03-08_02-51-43,stop,testing'
ptd-server 2021-03-08 03:13:40,112 [INFO] Sending to ptd: 'Stop'
ptd-server 2021-03-08 03:13:40,112 [INFO] Reply from ptd: 'Stopping untimed measurement'
ptd-server 2021-03-08 03:13:40,428 [INFO] Sending reply to client 'OK'
ptd-server 2021-03-08 03:13:40,436 [INFO] Got command from the client 'session,2021-03-08_02-51-43,upload,client.log'
ptd-server 2021-03-08 03:13:40,439 [INFO] Received '/home/anton/projects/mlperf/power-dev/output/2021-03-08_02-51-43client.log.tmp'
ptd-server 2021-03-08 03:13:40,440 [INFO] Removed '/home/anton/projects/mlperf/power-dev/output/2021-03-08_02-51-43client.log.tmp'
ptd-server 2021-03-08 03:13:40,440 [INFO] Sending reply to client 'OK'
ptd-server 2021-03-08 03:13:40,452 [INFO] Got command from the client 'session,2021-03-08_02-51-43,upload,client.json'
ptd-server 2021-03-08 03:13:40,455 [INFO] Received '/home/anton/projects/mlperf/power-dev/output/2021-03-08_02-51-43client.json.tmp'
ptd-server 2021-03-08 03:13:40,456 [INFO] Removed '/home/anton/projects/mlperf/power-dev/output/2021-03-08_02-51-43client.json.tmp'
ptd-server 2021-03-08 03:13:40,456 [INFO] Sending reply to client 'OK'
ptd-server 2021-03-08 03:13:40,458 [INFO] Got command from the client 'session,2021-03-08_02-51-43,done'
ptd-server 2021-03-08 03:13:40,459 [INFO] Sending to ptd: 'Stop'
ptd-server 2021-03-08 03:13:40,459 [INFO] Reply from ptd: 'Error: no measurement to stop'
ptd-server 2021-03-08 03:13:40,459 [INFO] Sending to ptd: 'SR,V,300.000000'
ptd-server 2021-03-08 03:13:41,960 [INFO] Reply from ptd: 'Range V changed'
ptd-server 2021-03-08 03:13:41,961 [INFO] Sending to ptd: 'SR,A,0.500000'
ptd-server 2021-03-08 03:13:43,462 [INFO] Reply from ptd: 'Range A changed'
ptd-server 2021-03-08 03:13:43,462 [INFO] Set initial values for Amps 0.500000 and Volts 300.000000
ptd-server 2021-03-08 03:13:43,462 [INFO] Stopping ptd...
