ptd-server 2021-03-07 19:11:38,027 [INFO] Got command from the client 'time'
ptd-server 2021-03-07 19:11:38,027 [INFO] Sending reply to client '1615144298.0279188'
ptd-server 2021-03-07 19:11:38,031 [INFO] Got command from the client 'new,,400f641f-6ca9-4e7d-a667-89e1815a4e31'
ptd-server 2021-03-07 19:11:38,031 [INFO] Sending reply to client 'OK 2021-03-07_19-11-38,92ee9ddb-9a6a-4f31-9619-8a92e002b6a0'
ptd-server 2021-03-07 19:11:38,077 [INFO] Got command from the client 'time'
ptd-server 2021-03-07 19:11:38,077 [INFO] Sending reply to client '1615144298.0775776'
ptd-server 2021-03-07 19:11:38,080 [INFO] Got command from the client 'session,2021-03-07_19-11-38,start,ranging'
ptd-server 2021-03-07 19:11:38,081 [INFO] Running PTDaemon: ['/home/anton/projects/mlperf/power/inference_v1.0/ptd-linux-x86', '-l', 'ptd.log', '-p', '8888', '52', '/dev/usbtmc0']
ptd-server 2021-03-07 19:11:55,252 [INFO] Sending to ptd: 'Hello'
ptd-server 2021-03-07 19:11:55,253 [INFO] Reply from ptd: 'Hello, PTDaemon here!'
ptd-server 2021-03-07 19:11:55,253 [INFO] Sending to ptd: 'Identify'
ptd-server 2021-03-07 19:11:55,253 [INFO] Reply from ptd: 'YokogawaWT330E,1000,1,1,1,1,0,0,1,version=1.9.2-e8c7a49a-20201208,OS=Linux 5.8.0-43-generic #49~20.04.1-Ubuntu SMP Fri Feb 5 09:57:56 UTC 2021 x86_64,mode=power,1,1,1,0,0,no_cal_date,YOKOGAWA;WT333E;C3VD30030E;F1.04'
ptd-server 2021-03-07 19:11:55,254 [INFO] Connected to PTDaemon
ptd-server 2021-03-07 19:11:55,254 [INFO] Sending to ptd: 'RR'
ptd-server 2021-03-07 19:11:55,254 [INFO] Reply from ptd: 'Ranges,0,0.500000,0,300.000000'
ptd-server 2021-03-07 19:11:55,254 [INFO] Initial range for Amps is 0.500000 for Volts is 300.000000
ptd-server 2021-03-07 19:11:55,254 [INFO] Sending to ptd: 'SR,V,Auto'
ptd-server 2021-03-07 19:11:55,757 [INFO] Reply from ptd: 'Range V changed'
ptd-server 2021-03-07 19:11:55,757 [INFO] Sending to ptd: 'SR,A,Auto'
ptd-server 2021-03-07 19:11:56,259 [INFO] Reply from ptd: 'Range A changed'
ptd-server 2021-03-07 19:12:06,270 [INFO] Starting ranging mode
ptd-server 2021-03-07 19:12:06,270 [INFO] Sending to ptd: 'Go,1000,0,2021-03-07_19-11-38_ranging'
ptd-server 2021-03-07 19:12:06,270 [INFO] Reply from ptd: 'Starting untimed measurement, maximum 500000 samples at 1000ms with 0 rampup samples'
ptd-server 2021-03-07 19:12:06,270 [INFO] Sending reply to client 'OK'
ptd-server 2021-03-07 19:22:31,346 [INFO] Got command from the client 'session,2021-03-07_19-11-38,stop,ranging'
ptd-server 2021-03-07 19:22:41,356 [INFO] Sending to ptd: 'Stop'
ptd-server 2021-03-07 19:22:41,357 [INFO] Reply from ptd: 'Stopping untimed measurement'
ptd-server 2021-03-07 19:22:41,935 [INFO] Sending reply to client 'OK'
ptd-server 2021-03-07 19:22:41,973 [INFO] Got command from the client 'time'
ptd-server 2021-03-07 19:22:41,973 [INFO] Sending reply to client '1615144961.9732969'
ptd-server 2021-03-07 19:22:41,976 [INFO] Got command from the client 'session,2021-03-07_19-11-38,start,testing'
ptd-server 2021-03-07 19:22:41,977 [INFO] Sending to ptd: 'SR,V,249.000000'
ptd-server 2021-03-07 19:22:43,771 [INFO] Reply from ptd: 'Range V changed'
ptd-server 2021-03-07 19:22:43,771 [INFO] Sending to ptd: 'SR,A,0.050250'
ptd-server 2021-03-07 19:22:45,273 [INFO] Reply from ptd: 'Range A changed'
ptd-server 2021-03-07 19:22:55,283 [INFO] Starting testing mode
ptd-server 2021-03-07 19:22:55,283 [INFO] Sending to ptd: 'Go,1000,0,2021-03-07_19-11-38_testing'
ptd-server 2021-03-07 19:22:55,284 [INFO] Reply from ptd: 'Starting untimed measurement, maximum 500000 samples at 1000ms with 0 rampup samples'
ptd-server 2021-03-07 19:22:55,284 [INFO] Sending reply to client 'OK'
ptd-server 2021-03-07 19:33:25,357 [INFO] Got command from the client 'session,2021-03-07_19-11-38,stop,testing'
ptd-server 2021-03-07 19:33:35,367 [INFO] Sending to ptd: 'Stop'
ptd-server 2021-03-07 19:33:35,367 [INFO] Reply from ptd: 'Stopping untimed measurement'
ptd-server 2021-03-07 19:33:35,665 [INFO] Sending reply to client 'OK'
ptd-server 2021-03-07 19:33:35,673 [INFO] Got command from the client 'session,2021-03-07_19-11-38,upload,client.log'
ptd-server 2021-03-07 19:33:35,676 [INFO] Received '/home/anton/projects/mlperf/power-dev/output/2021-03-07_19-11-38client.log.tmp'
ptd-server 2021-03-07 19:33:35,676 [INFO] Removed '/home/anton/projects/mlperf/power-dev/output/2021-03-07_19-11-38client.log.tmp'
ptd-server 2021-03-07 19:33:35,676 [INFO] Sending reply to client 'OK'
ptd-server 2021-03-07 19:33:35,688 [INFO] Got command from the client 'session,2021-03-07_19-11-38,upload,client.json'
ptd-server 2021-03-07 19:33:35,691 [INFO] Received '/home/anton/projects/mlperf/power-dev/output/2021-03-07_19-11-38client.json.tmp'
ptd-server 2021-03-07 19:33:35,692 [INFO] Removed '/home/anton/projects/mlperf/power-dev/output/2021-03-07_19-11-38client.json.tmp'
ptd-server 2021-03-07 19:33:35,692 [INFO] Sending reply to client 'OK'
ptd-server 2021-03-07 19:33:35,694 [INFO] Got command from the client 'session,2021-03-07_19-11-38,done'
ptd-server 2021-03-07 19:33:35,694 [INFO] Sending to ptd: 'Stop'
ptd-server 2021-03-07 19:33:36,284 [INFO] Reply from ptd: 'Error: no measurement to stop'
ptd-server 2021-03-07 19:33:36,284 [INFO] Sending to ptd: 'SR,V,300.000000'
ptd-server 2021-03-07 19:33:37,786 [INFO] Reply from ptd: 'Range V changed'
ptd-server 2021-03-07 19:33:37,786 [INFO] Sending to ptd: 'SR,A,0.500000'
ptd-server 2021-03-07 19:33:39,287 [INFO] Reply from ptd: 'Range A changed'
ptd-server 2021-03-07 19:33:39,287 [INFO] Set initial values for Amps 0.500000 and Volts 300.000000
ptd-server 2021-03-07 19:33:39,288 [INFO] Stopping ptd...
