ptd-server 2021-03-08 23:18:23,299 [INFO] Got command from the client 'time'
ptd-server 2021-03-08 23:18:23,299 [INFO] Sending reply to client '1615245503.299596'
ptd-server 2021-03-08 23:18:23,302 [INFO] Got command from the client 'new,,01f5d46d-eaf4-44b3-8998-a42fa721cb97'
ptd-server 2021-03-08 23:18:23,302 [INFO] Sending reply to client 'OK 2021-03-08_23-18-23,f878b2e2-15f9-4b84-838a-3b0d8e0cf77b'
ptd-server 2021-03-08 23:18:23,338 [INFO] Got command from the client 'time'
ptd-server 2021-03-08 23:18:23,338 [INFO] Sending reply to client '1615245503.3388348'
ptd-server 2021-03-08 23:18:23,340 [INFO] Got command from the client 'session,2021-03-08_23-18-23,start,ranging'
ptd-server 2021-03-08 23:18:23,341 [INFO] Running PTDaemon: ['/home/anton/projects/mlperf/power/inference_v1.0/ptd-linux-x86', '-l', 'ptd.log', '-p', '8888', '52', '/dev/usbtmc0']
ptd-server 2021-03-08 23:18:40,512 [INFO] Sending to ptd: 'Hello'
ptd-server 2021-03-08 23:18:40,513 [INFO] Reply from ptd: 'Hello, PTDaemon here!'
ptd-server 2021-03-08 23:18:40,513 [INFO] Sending to ptd: 'Identify'
ptd-server 2021-03-08 23:18:40,513 [INFO] Reply from ptd: 'YokogawaWT330E,1000,1,1,1,1,0,0,1,version=1.9.2-e8c7a49a-20201208,OS=Linux 5.8.0-43-generic #49~20.04.1-Ubuntu SMP Fri Feb 5 09:57:56 UTC 2021 x86_64,mode=power,1,1,1,0,0,no_cal_date,YOKOGAWA;WT333E;C3VD30030E;F1.04'
ptd-server 2021-03-08 23:18:40,513 [INFO] Connected to PTDaemon
ptd-server 2021-03-08 23:18:40,514 [INFO] Sending to ptd: 'RR'
ptd-server 2021-03-08 23:18:40,514 [INFO] Reply from ptd: 'Ranges,0,0.500000,0,300.000000'
ptd-server 2021-03-08 23:18:40,514 [INFO] Initial range for Amps is 0.500000 for Volts is 300.000000
ptd-server 2021-03-08 23:18:40,514 [INFO] Sending to ptd: 'SR,V,Auto'
ptd-server 2021-03-08 23:18:41,017 [INFO] Reply from ptd: 'Range V changed'
ptd-server 2021-03-08 23:18:41,017 [INFO] Sending to ptd: 'SR,A,Auto'
ptd-server 2021-03-08 23:18:41,520 [INFO] Reply from ptd: 'Range A changed'
ptd-server 2021-03-08 23:18:51,530 [INFO] Starting ranging mode
ptd-server 2021-03-08 23:18:51,530 [INFO] Sending to ptd: 'Go,1000,0,2021-03-08_23-18-23_ranging'
ptd-server 2021-03-08 23:18:51,531 [INFO] Reply from ptd: 'Starting untimed measurement, maximum 500000 samples at 1000ms with 0 rampup samples'
ptd-server 2021-03-08 23:18:51,531 [INFO] Sending reply to client 'OK'
ptd-server 2021-03-08 23:29:07,068 [INFO] Got command from the client 'session,2021-03-08_23-18-23,stop,ranging'
ptd-server 2021-03-08 23:29:17,078 [INFO] Sending to ptd: 'Stop'
ptd-server 2021-03-08 23:29:17,079 [INFO] Reply from ptd: 'Stopping untimed measurement'
ptd-server 2021-03-08 23:29:17,742 [INFO] Sending reply to client 'OK'
ptd-server 2021-03-08 23:29:17,786 [INFO] Got command from the client 'time'
ptd-server 2021-03-08 23:29:17,787 [INFO] Sending reply to client '1615246157.787025'
ptd-server 2021-03-08 23:29:17,789 [INFO] Got command from the client 'session,2021-03-08_23-18-23,start,testing'
ptd-server 2021-03-08 23:29:17,789 [INFO] Sending to ptd: 'SR,V,249.310000'
ptd-server 2021-03-08 23:29:19,291 [INFO] Reply from ptd: 'Range V changed'
ptd-server 2021-03-08 23:29:19,291 [INFO] Sending to ptd: 'SR,A,0.125580'
ptd-server 2021-03-08 23:29:20,792 [INFO] Reply from ptd: 'Range A changed'
ptd-server 2021-03-08 23:29:30,802 [INFO] Starting testing mode
ptd-server 2021-03-08 23:29:30,802 [INFO] Sending to ptd: 'Go,1000,0,2021-03-08_23-18-23_testing'
ptd-server 2021-03-08 23:29:30,803 [INFO] Reply from ptd: 'Starting untimed measurement, maximum 500000 samples at 1000ms with 0 rampup samples'
ptd-server 2021-03-08 23:29:30,803 [INFO] Sending reply to client 'OK'
ptd-server 2021-03-08 23:39:46,370 [INFO] Got command from the client 'session,2021-03-08_23-18-23,stop,testing'
ptd-server 2021-03-08 23:39:56,380 [INFO] Sending to ptd: 'Stop'
ptd-server 2021-03-08 23:39:56,381 [INFO] Reply from ptd: 'Stopping untimed measurement'
ptd-server 2021-03-08 23:39:56,737 [INFO] Sending reply to client 'OK'
ptd-server 2021-03-08 23:39:56,749 [INFO] Got command from the client 'session,2021-03-08_23-18-23,upload,client.log'
ptd-server 2021-03-08 23:39:56,751 [INFO] Received '/home/anton/projects/mlperf/power-dev/output/2021-03-08_23-18-23client.log.tmp'
ptd-server 2021-03-08 23:39:56,751 [INFO] Removed '/home/anton/projects/mlperf/power-dev/output/2021-03-08_23-18-23client.log.tmp'
ptd-server 2021-03-08 23:39:56,752 [INFO] Sending reply to client 'OK'
ptd-server 2021-03-08 23:39:56,761 [INFO] Got command from the client 'session,2021-03-08_23-18-23,upload,client.json'
ptd-server 2021-03-08 23:39:56,762 [INFO] Received '/home/anton/projects/mlperf/power-dev/output/2021-03-08_23-18-23client.json.tmp'
ptd-server 2021-03-08 23:39:56,763 [INFO] Removed '/home/anton/projects/mlperf/power-dev/output/2021-03-08_23-18-23client.json.tmp'
ptd-server 2021-03-08 23:39:56,763 [INFO] Sending reply to client 'OK'
ptd-server 2021-03-08 23:39:56,764 [INFO] Got command from the client 'session,2021-03-08_23-18-23,done'
ptd-server 2021-03-08 23:39:56,765 [INFO] Sending to ptd: 'Stop'
ptd-server 2021-03-08 23:39:56,803 [INFO] Reply from ptd: 'Error: no measurement to stop'
ptd-server 2021-03-08 23:39:56,803 [INFO] Sending to ptd: 'SR,V,300.000000'
ptd-server 2021-03-08 23:39:58,305 [INFO] Reply from ptd: 'Range V changed'
ptd-server 2021-03-08 23:39:58,305 [INFO] Sending to ptd: 'SR,A,0.500000'
ptd-server 2021-03-08 23:39:59,806 [INFO] Reply from ptd: 'Range A changed'
ptd-server 2021-03-08 23:39:59,806 [INFO] Set initial values for Amps 0.500000 and Volts 300.000000
ptd-server 2021-03-08 23:39:59,806 [INFO] Stopping ptd...
