ptd-server 2021-03-07 15:39:13,290 [INFO] Got command from the client 'time'
ptd-server 2021-03-07 15:39:13,290 [INFO] Sending reply to client '1615131553.2904704'
ptd-server 2021-03-07 15:39:13,294 [INFO] Got command from the client 'new,,980a045e-8ee9-49d7-a0c1-d87c9c4fc4af'
ptd-server 2021-03-07 15:39:13,294 [INFO] Sending reply to client 'OK 2021-03-07_15-39-13,b8ec31bc-8c43-4fd9-8912-3758a20d120c'
ptd-server 2021-03-07 15:39:13,340 [INFO] Got command from the client 'time'
ptd-server 2021-03-07 15:39:13,340 [INFO] Sending reply to client '1615131553.3406544'
ptd-server 2021-03-07 15:39:13,344 [INFO] Got command from the client 'session,2021-03-07_15-39-13,start,ranging'
ptd-server 2021-03-07 15:39:13,344 [INFO] Running PTDaemon: ['/home/anton/projects/mlperf/power/inference_v1.0/ptd-linux-x86', '-l', 'ptd.log', '-p', '8888', '52', '/dev/usbtmc0']
ptd-server 2021-03-07 15:39:30,512 [INFO] Sending to ptd: 'Hello'
ptd-server 2021-03-07 15:39:30,512 [INFO] Reply from ptd: 'Hello, PTDaemon here!'
ptd-server 2021-03-07 15:39:30,513 [INFO] Sending to ptd: 'Identify'
ptd-server 2021-03-07 15:39:30,513 [INFO] Reply from ptd: 'YokogawaWT330E,1000,1,1,1,1,0,0,1,version=1.9.2-e8c7a49a-20201208,OS=Linux 5.8.0-43-generic #49~20.04.1-Ubuntu SMP Fri Feb 5 09:57:56 UTC 2021 x86_64,mode=power,1,1,1,0,0,no_cal_date,YOKOGAWA;WT333E;C3VD30030E;F1.04'
ptd-server 2021-03-07 15:39:30,513 [INFO] Connected to PTDaemon
ptd-server 2021-03-07 15:39:30,513 [INFO] Sending to ptd: 'RR'
ptd-server 2021-03-07 15:39:30,513 [INFO] Reply from ptd: 'Ranges,0,0.500000,0,300.000000'
ptd-server 2021-03-07 15:39:30,514 [INFO] Initial range for Amps is 0.500000 for Volts is 300.000000
ptd-server 2021-03-07 15:39:30,514 [INFO] Sending to ptd: 'SR,V,Auto'
ptd-server 2021-03-07 15:39:31,016 [INFO] Reply from ptd: 'Range V changed'
ptd-server 2021-03-07 15:39:31,016 [INFO] Sending to ptd: 'SR,A,Auto'
ptd-server 2021-03-07 15:39:31,519 [INFO] Reply from ptd: 'Range A changed'
ptd-server 2021-03-07 15:39:41,529 [INFO] Starting ranging mode
ptd-server 2021-03-07 15:39:41,529 [INFO] Sending to ptd: 'Go,1000,0,2021-03-07_15-39-13_ranging'
ptd-server 2021-03-07 15:39:41,530 [INFO] Reply from ptd: 'Starting untimed measurement, maximum 500000 samples at 1000ms with 0 rampup samples'
ptd-server 2021-03-07 15:39:41,530 [INFO] Sending reply to client 'OK'
ptd-server 2021-03-07 15:50:06,269 [INFO] Got command from the client 'session,2021-03-07_15-39-13,stop,ranging'
ptd-server 2021-03-07 15:50:16,279 [INFO] Sending to ptd: 'Stop'
ptd-server 2021-03-07 15:50:16,280 [INFO] Reply from ptd: 'Stopping untimed measurement'
ptd-server 2021-03-07 15:50:16,837 [INFO] Sending reply to client 'OK'
ptd-server 2021-03-07 15:50:16,889 [INFO] Got command from the client 'time'
ptd-server 2021-03-07 15:50:16,889 [INFO] Sending reply to client '1615132216.8892162'
ptd-server 2021-03-07 15:50:16,893 [INFO] Got command from the client 'session,2021-03-07_15-39-13,start,testing'
ptd-server 2021-03-07 15:50:16,894 [INFO] Sending to ptd: 'SR,V,251.380000'
ptd-server 2021-03-07 15:50:18,395 [INFO] Reply from ptd: 'Range V changed'
ptd-server 2021-03-07 15:50:18,395 [INFO] Sending to ptd: 'SR,A,0.058040'
ptd-server 2021-03-07 15:50:19,896 [INFO] Reply from ptd: 'Range A changed'
ptd-server 2021-03-07 15:50:29,907 [INFO] Starting testing mode
ptd-server 2021-03-07 15:50:29,907 [INFO] Sending to ptd: 'Go,1000,0,2021-03-07_15-39-13_testing'
ptd-server 2021-03-07 15:50:29,907 [INFO] Reply from ptd: 'Starting untimed measurement, maximum 500000 samples at 1000ms with 0 rampup samples'
ptd-server 2021-03-07 15:50:29,907 [INFO] Sending reply to client 'OK'
ptd-server 2021-03-07 16:00:59,702 [INFO] Got command from the client 'session,2021-03-07_15-39-13,stop,testing'
ptd-server 2021-03-07 16:01:09,713 [INFO] Sending to ptd: 'Stop'
ptd-server 2021-03-07 16:01:09,713 [INFO] Reply from ptd: 'Stopping untimed measurement'
ptd-server 2021-03-07 16:01:10,018 [INFO] Sending reply to client 'OK'
ptd-server 2021-03-07 16:01:10,026 [INFO] Got command from the client 'session,2021-03-07_15-39-13,upload,client.log'
ptd-server 2021-03-07 16:01:10,030 [INFO] Received '/home/anton/projects/mlperf/power-dev/output/2021-03-07_15-39-13client.log.tmp'
ptd-server 2021-03-07 16:01:10,031 [INFO] Removed '/home/anton/projects/mlperf/power-dev/output/2021-03-07_15-39-13client.log.tmp'
ptd-server 2021-03-07 16:01:10,031 [INFO] Sending reply to client 'OK'
ptd-server 2021-03-07 16:01:10,043 [INFO] Got command from the client 'session,2021-03-07_15-39-13,upload,client.json'
ptd-server 2021-03-07 16:01:10,046 [INFO] Received '/home/anton/projects/mlperf/power-dev/output/2021-03-07_15-39-13client.json.tmp'
ptd-server 2021-03-07 16:01:10,047 [INFO] Removed '/home/anton/projects/mlperf/power-dev/output/2021-03-07_15-39-13client.json.tmp'
ptd-server 2021-03-07 16:01:10,047 [INFO] Sending reply to client 'OK'
ptd-server 2021-03-07 16:01:10,050 [INFO] Got command from the client 'session,2021-03-07_15-39-13,done'
ptd-server 2021-03-07 16:01:10,050 [INFO] Sending to ptd: 'Stop'
ptd-server 2021-03-07 16:01:10,051 [INFO] Reply from ptd: 'Error: no measurement to stop'
ptd-server 2021-03-07 16:01:10,051 [INFO] Sending to ptd: 'SR,V,300.000000'
ptd-server 2021-03-07 16:01:11,552 [INFO] Reply from ptd: 'Range V changed'
ptd-server 2021-03-07 16:01:11,552 [INFO] Sending to ptd: 'SR,A,0.500000'
ptd-server 2021-03-07 16:01:13,053 [INFO] Reply from ptd: 'Range A changed'
ptd-server 2021-03-07 16:01:13,053 [INFO] Set initial values for Amps 0.500000 and Volts 300.000000
ptd-server 2021-03-07 16:01:13,054 [INFO] Stopping ptd...
