client 2021-03-18 04:49:59,828 [WARNING] Removing old loadgen logs directory '/home/scratch.mlperf_inf_ci/mlPerf/L1/A100_PCIex8_MaxQ-Computelab-A100-PCIEx8-MaxQ-L1-2-2021-03-17-03-56-44-UTC/mlperf-inference/closed/NVIDIA/build/power_logs_temp'
client 2021-03-18 04:49:59,833 [INFO] Sending command to the server: 'mlcommons/power client v3'
client 2021-03-18 04:49:59,839 [INFO] Got response: 'mlcommons/power server v3'
client 2021-03-18 04:49:59,839 [INFO] Sending command to the server: 'stop'
client 2021-03-18 04:49:59,840 [INFO] Got response: 'OK'
client 2021-03-18 04:49:59,840 [INFO] Synchronizing with the server and with ib-01.dc4-in.nvidia.com...
client 2021-03-18 04:50:00,045 [INFO] NTP:offset = -0.000 s, delay = 0.201 s 
client 2021-03-18 04:50:00,045 [INFO] Sending command to the server: 'time'
client 2021-03-18 04:50:00,047 [INFO] Got response: '1616068200.138742'
client 2021-03-18 04:50:00,047 [INFO] The time difference between the client and the server is within range -92.890 ms..-91.324 ms
client 2021-03-18 04:50:00,047 [INFO] Sending command to the server: 'new,,420521fc-3998-4dea-bdb5-4050a72876a0'
client 2021-03-18 04:50:00,048 [INFO] Got response: 'OK 2021-03-18_04-50-00,7e255813-c27c-4e21-86b6-ef082202a9d8'
client 2021-03-18 04:50:00,049 [INFO] Session id is '2021-03-18_04-50-00'
client 2021-03-18 04:50:00,049 [INFO] Sources: {"sources": {"client.py": "d1e75cb4b26101220ebd242e584cf3ca5d8f1996", "lib/__init__.py": "da39a3ee5e6b4b0d3255bfef95601890afd80709", "lib/client.py": "d42bebf5b74cb6ff3997e2a6c68422afac111a28", "lib/common.py": "b0bad80d8fa328a7636027d4d66ff453f8dd7889", "lib/external/ntplib.py": "4da8f970656505a40483206ef2b5d3dd5e81711d", "lib/server.py": "2ed36471c7af565d6c8438b2134edad1d7ddf166", "lib/source_hashes.py": "4cedff274c661cb1504052018fd4f00dfbf624ef", "lib/summary.py": "0db15d783907aa92038281af4e465545c0648ddb", "lib/time_sync.py": "76051226ec89287839723352f4162aaa24e0546a", "server.py": "99e1310e3f76292aef1b8792ce6b8c82f1d44d8b", "tests/unit/test_server.py": "64f11775bfed35232a0e8bb9593c0ff992432c59", "tests/unit/test_source_hashes.py": "cb41a7261eaf7d94ba5c0aae9c523174f6204be3"}, "modules": {"__main__": "client.py", "lib.client": "lib/client.py", "lib.common": "lib/common.py", "lib.external.ntplib": "lib/external/ntplib.py", "lib.source_hashes": "lib/source_hashes.py", "lib.summary": "lib/summary.py", "lib.time_sync": "lib/time_sync.py"}}
client 2021-03-18 04:50:00,051 [INFO] Running workload in ranging mode
client 2021-03-18 04:50:00,051 [INFO] Synchronizing with the server and with ib-01.dc4-in.nvidia.com...
client 2021-03-18 04:50:00,254 [INFO] NTP:offset = 0.000 s, delay = 0.202 s 
client 2021-03-18 04:50:00,254 [INFO] Sending command to the server: 'time'
client 2021-03-18 04:50:00,256 [INFO] Got response: '1616068200.3418171'
client 2021-03-18 04:50:00,256 [INFO] The time difference between the client and the server is within range -87.130 ms..-85.687 ms
client 2021-03-18 04:50:00,256 [INFO] Sending command to the server: 'session,2021-03-18_04-50-00,start,ranging'
client 2021-03-18 04:50:39,910 [INFO] Got response: 'OK'
client 2021-03-18 04:50:39,910 [INFO] Running the workload 'LOG_DIR=/home/scratch.mlperf_inf_ci/mlPerf/L1/A100_PCIex8_MaxQ-Computelab-A100-PCIEx8-MaxQ-L1-2-2021-03-17-03-56-44-UTC/mlperf-inference/closed/NVIDIA/build/power_logs_temp python3 code/main.py --benchmarks=ssd-resnet34 --scenarios=Server --test_mode=PerformanceOnly --config_ver=maxq --action="run_harness" \\\n\t\t&& cp -v /home/scratch.mlperf_inf_ci/mlPerf/L1/A100_PCIex8_MaxQ-Computelab-A100-PCIEx8-MaxQ-L1-2-2021-03-17-03-56-44-UTC/mlperf-inference/closed/NVIDIA/build/power_logs_temp/*/*/*/mlperf_log_detail.txt /home/scratch.mlperf_inf_ci/mlPerf/L1/A100_PCIex8_MaxQ-Computelab-A100-PCIEx8-MaxQ-L1-2-2021-03-17-03-56-44-UTC/mlperf-inference/closed/NVIDIA/build/power_logs_temp/ \\\n\t\t&& cp -v /home/scratch.mlperf_inf_ci/mlPerf/L1/A100_PCIex8_MaxQ-Computelab-A100-PCIEx8-MaxQ-L1-2-2021-03-17-03-56-44-UTC/mlperf-inference/closed/NVIDIA/build/power_logs_temp/*/*/*/mlperf_log_summary.txt /home/scratch.mlperf_inf_ci/mlPerf/L1/A100_PCIex8_MaxQ-Computelab-A100-PCIEx8-MaxQ-L1-2-2021-03-17-03-56-44-UTC/mlperf-inference/closed/NVIDIA/build/power_logs_temp/'
client 2021-03-18 05:01:26,017 [INFO] Sending command to the server: 'session,2021-03-18_04-50-00,stop,ranging'
client 2021-03-18 05:01:36,479 [INFO] Got response: 'OK'
client 2021-03-18 05:01:36,487 [INFO] Packing logs into zip and uploading to the server
client 2021-03-18 05:01:36,524 [INFO] Zip file size: 11.2 kB
client 2021-03-18 05:01:36,542 [INFO] Got response: 'OK'
client 2021-03-18 05:01:36,543 [INFO] Running workload in testing mode
client 2021-03-18 05:01:36,543 [INFO] Synchronizing with the server and with ib-01.dc4-in.nvidia.com...
client 2021-03-18 05:01:36,747 [INFO] NTP:offset = 0.000 s, delay = 0.202 s 
client 2021-03-18 05:01:36,747 [INFO] Sending command to the server: 'time'
client 2021-03-18 05:01:36,748 [INFO] Got response: '1616068896.8375847'
client 2021-03-18 05:01:36,748 [INFO] The time difference between the client and the server is within range -90.177 ms..-88.976 ms
client 2021-03-18 05:01:36,748 [INFO] Sending command to the server: 'session,2021-03-18_04-50-00,start,testing'
client 2021-03-18 05:01:58,625 [INFO] Got response: 'OK'
client 2021-03-18 05:01:58,625 [INFO] Running the workload 'LOG_DIR=/home/scratch.mlperf_inf_ci/mlPerf/L1/A100_PCIex8_MaxQ-Computelab-A100-PCIEx8-MaxQ-L1-2-2021-03-17-03-56-44-UTC/mlperf-inference/closed/NVIDIA/build/power_logs_temp python3 code/main.py --benchmarks=ssd-resnet34 --scenarios=Server --test_mode=PerformanceOnly --config_ver=maxq --action="run_harness" \\\n\t\t&& cp -v /home/scratch.mlperf_inf_ci/mlPerf/L1/A100_PCIex8_MaxQ-Computelab-A100-PCIEx8-MaxQ-L1-2-2021-03-17-03-56-44-UTC/mlperf-inference/closed/NVIDIA/build/power_logs_temp/*/*/*/mlperf_log_detail.txt /home/scratch.mlperf_inf_ci/mlPerf/L1/A100_PCIex8_MaxQ-Computelab-A100-PCIEx8-MaxQ-L1-2-2021-03-17-03-56-44-UTC/mlperf-inference/closed/NVIDIA/build/power_logs_temp/ \\\n\t\t&& cp -v /home/scratch.mlperf_inf_ci/mlPerf/L1/A100_PCIex8_MaxQ-Computelab-A100-PCIEx8-MaxQ-L1-2-2021-03-17-03-56-44-UTC/mlperf-inference/closed/NVIDIA/build/power_logs_temp/*/*/*/mlperf_log_summary.txt /home/scratch.mlperf_inf_ci/mlPerf/L1/A100_PCIex8_MaxQ-Computelab-A100-PCIEx8-MaxQ-L1-2-2021-03-17-03-56-44-UTC/mlperf-inference/closed/NVIDIA/build/power_logs_temp/'
client 2021-03-18 05:12:44,198 [INFO] Sending command to the server: 'session,2021-03-18_04-50-00,stop,testing'
client 2021-03-18 05:12:54,421 [INFO] Got response: 'OK'
client 2021-03-18 05:12:54,428 [INFO] Packing logs into zip and uploading to the server
client 2021-03-18 05:12:54,447 [INFO] Zip file size: 11.2 kB
client 2021-03-18 05:12:54,463 [INFO] Got response: 'OK'
client 2021-03-18 05:12:54,465 [INFO] Done runs
