ptd-server 2021-03-18 04:49:59,920 [INFO] Got command from the client 'stop'
ptd-server 2021-03-18 04:49:59,920 [INFO] The server will be stopped after processing this client
ptd-server 2021-03-18 04:49:59,920 [INFO] Sending reply to client 'OK'
ptd-server 2021-03-18 04:50:00,138 [INFO] Got command from the client 'time'
ptd-server 2021-03-18 04:50:00,138 [INFO] Sending reply to client '1616068200.138742'
ptd-server 2021-03-18 04:50:00,138 [INFO] Got command from the client 'new,,420521fc-3998-4dea-bdb5-4050a72876a0'
ptd-server 2021-03-18 04:50:00,138 [INFO] Sending reply to client 'OK 2021-03-18_04-50-00,7e255813-c27c-4e21-86b6-ef082202a9d8'
ptd-server 2021-03-18 04:50:00,341 [INFO] Got command from the client 'time'
ptd-server 2021-03-18 04:50:00,341 [INFO] Sending reply to client '1616068200.3418171'
ptd-server 2021-03-18 04:50:00,341 [INFO] Got command from the client 'session,2021-03-18_04-50-00,start,ranging'
ptd-server 2021-03-18 04:50:00,451 [INFO] Running PTDaemon: ['C:\\PTD\\ptd-windows-x86.exe', '-l', 'C:\\logs_ptdeamon.txt', '-p', '8888', '-c', '1,3', '-y', '77', '10.117.41.199']
ptd-server 2021-03-18 04:50:19,827 [INFO] Sending to ptd: 'Hello'
ptd-server 2021-03-18 04:50:19,827 [INFO] Reply from ptd: 'Hello, PTDaemon here!'
ptd-server 2021-03-18 04:50:19,827 [INFO] Sending to ptd: 'Identify'
ptd-server 2021-03-18 04:50:19,827 [INFO] Reply from ptd: 'YokogawaWT330_multichannel,1000,1,1,1,1,0,0,1,version=1.9.2-3976349f-20201208,OS=Windows 8 / Server 2012,mode=power,1,1,2,0,0,no_cal_date,YOKOGAWA;WT333E;C2WL21011V;F1.04'
ptd-server 2021-03-18 04:50:19,827 [INFO] Connected to PTDaemon
ptd-server 2021-03-18 04:50:19,827 [INFO] Sending to ptd: 'RR'
ptd-server 2021-03-18 04:50:19,827 [INFO] Reply from ptd: 'Ranges,1,2.000000,1,300.000000'
ptd-server 2021-03-18 04:50:19,827 [INFO] Initial range for Amps is Auto for Volts is Auto
ptd-server 2021-03-18 04:50:19,827 [INFO] Sending to ptd: 'SR,V,Auto'
ptd-server 2021-03-18 04:50:24,904 [INFO] Reply from ptd: 'Range V changed'
ptd-server 2021-03-18 04:50:24,904 [INFO] Sending to ptd: 'SR,A,Auto'
ptd-server 2021-03-18 04:50:29,983 [INFO] Reply from ptd: 'Range A changed'
ptd-server 2021-03-18 04:50:39,996 [INFO] Starting ranging mode
ptd-server 2021-03-18 04:50:39,996 [INFO] Sending to ptd: 'Go,1000,0,2021-03-18_04-50-00_ranging'
ptd-server 2021-03-18 04:50:39,996 [INFO] Reply from ptd: 'Starting untimed measurement, maximum 500000 samples at 1000ms with 0 rampup samples'
ptd-server 2021-03-18 04:50:39,996 [INFO] Sending reply to client 'OK'
ptd-server 2021-03-18 05:01:26,103 [INFO] Got command from the client 'session,2021-03-18_04-50-00,stop,ranging'
ptd-server 2021-03-18 05:01:36,103 [INFO] Sending to ptd: 'Stop'
ptd-server 2021-03-18 05:01:36,103 [INFO] Reply from ptd: 'Stopping untimed measurement'
ptd-server 2021-03-18 05:01:36,556 [INFO] Sending reply to client 'OK'
ptd-server 2021-03-18 05:01:36,603 [INFO] Got command from the client 'session,2021-03-18_04-50-00,upload,ranging'
ptd-server 2021-03-18 05:01:36,603 [INFO] Received 'C:\\ptd-logs\\2021-03-18_04-50-00ranging.tmp'
ptd-server 2021-03-18 05:01:36,618 [INFO] Extracted 'C:\\ptd-logs\\2021-03-18_04-50-00ranging.tmp' into 'C:\\ptd-logs\\2021-03-18_04-50-00\\ranging'
ptd-server 2021-03-18 05:01:36,618 [INFO] Removed 'C:\\ptd-logs\\2021-03-18_04-50-00ranging.tmp'
ptd-server 2021-03-18 05:01:36,618 [INFO] Sending reply to client 'OK'
ptd-server 2021-03-18 05:01:36,837 [INFO] Got command from the client 'time'
ptd-server 2021-03-18 05:01:36,837 [INFO] Sending reply to client '1616068896.8375847'
ptd-server 2021-03-18 05:01:36,837 [INFO] Got command from the client 'session,2021-03-18_04-50-00,start,testing'
ptd-server 2021-03-18 05:01:36,837 [INFO] Sending to ptd: 'SR,V,206.420000'
ptd-server 2021-03-18 05:01:43,101 [INFO] Reply from ptd: 'Range V changed'
ptd-server 2021-03-18 05:01:43,101 [INFO] Sending to ptd: 'SR,A,4.169300'
ptd-server 2021-03-18 05:01:48,695 [INFO] Reply from ptd: 'Range A changed'
ptd-server 2021-03-18 05:01:58,708 [INFO] Starting testing mode
ptd-server 2021-03-18 05:01:58,708 [INFO] Sending to ptd: 'Go,1000,0,2021-03-18_04-50-00_testing'
ptd-server 2021-03-18 05:01:58,708 [INFO] Reply from ptd: 'Starting untimed measurement, maximum 500000 samples at 1000ms with 0 rampup samples'
ptd-server 2021-03-18 05:01:58,708 [INFO] Sending reply to client 'OK'
ptd-server 2021-03-18 05:12:44,277 [INFO] Got command from the client 'session,2021-03-18_04-50-00,stop,testing'
ptd-server 2021-03-18 05:12:54,277 [INFO] Sending to ptd: 'Stop'
ptd-server 2021-03-18 05:12:54,277 [INFO] Reply from ptd: 'Stopping untimed measurement'
ptd-server 2021-03-18 05:12:54,496 [INFO] Sending reply to client 'OK'
ptd-server 2021-03-18 05:12:54,527 [INFO] Got command from the client 'session,2021-03-18_04-50-00,upload,testing'
ptd-server 2021-03-18 05:12:54,527 [INFO] Received 'C:\\ptd-logs\\2021-03-18_04-50-00testing.tmp'
ptd-server 2021-03-18 05:12:54,543 [INFO] Extracted 'C:\\ptd-logs\\2021-03-18_04-50-00testing.tmp' into 'C:\\ptd-logs\\2021-03-18_04-50-00\\run_1'
ptd-server 2021-03-18 05:12:54,543 [INFO] Removed 'C:\\ptd-logs\\2021-03-18_04-50-00testing.tmp'
ptd-server 2021-03-18 05:12:54,543 [INFO] Sending reply to client 'OK'
ptd-server 2021-03-18 05:12:54,543 [INFO] Got command from the client 'session,2021-03-18_04-50-00,upload,client.log'
ptd-server 2021-03-18 05:12:54,543 [INFO] Received 'C:\\ptd-logs\\2021-03-18_04-50-00client.log.tmp'
ptd-server 2021-03-18 05:12:54,558 [INFO] Removed 'C:\\ptd-logs\\2021-03-18_04-50-00client.log.tmp'
ptd-server 2021-03-18 05:12:54,558 [INFO] Sending reply to client 'OK'
ptd-server 2021-03-18 05:12:54,590 [INFO] Got command from the client 'session,2021-03-18_04-50-00,upload,client.json'
ptd-server 2021-03-18 05:12:54,590 [INFO] Received 'C:\\ptd-logs\\2021-03-18_04-50-00client.json.tmp'
ptd-server 2021-03-18 05:12:54,590 [INFO] Removed 'C:\\ptd-logs\\2021-03-18_04-50-00client.json.tmp'
ptd-server 2021-03-18 05:12:54,590 [INFO] Sending reply to client 'OK'
ptd-server 2021-03-18 05:12:54,590 [INFO] Got command from the client 'session,2021-03-18_04-50-00,done'
ptd-server 2021-03-18 05:12:54,590 [INFO] Sending to ptd: 'Stop'
ptd-server 2021-03-18 05:12:54,715 [INFO] Reply from ptd: 'Error: no measurement to stop'
ptd-server 2021-03-18 05:12:54,715 [INFO] Sending to ptd: 'SR,V,Auto'
ptd-server 2021-03-18 05:12:59,791 [INFO] Reply from ptd: 'Range V changed'
ptd-server 2021-03-18 05:12:59,791 [INFO] Sending to ptd: 'SR,A,Auto'
ptd-server 2021-03-18 05:13:04,868 [INFO] Reply from ptd: 'Range A changed'
ptd-server 2021-03-18 05:13:04,868 [INFO] Set initial values for Amps Auto and Volts Auto
ptd-server 2021-03-18 05:13:04,868 [INFO] Stopping ptd...
