ptd-server 2021-03-06 07:53:40,235 [INFO] Got command from the client 'time'
ptd-server 2021-03-06 07:53:40,236 [INFO] Sending reply to client '1615017220.236104'
ptd-server 2021-03-06 07:53:40,239 [INFO] Got command from the client 'new,,5ba08063-ba04-415e-85a8-616b4b9b3182'
ptd-server 2021-03-06 07:53:40,240 [INFO] Sending reply to client 'OK 2021-03-06_07-53-40,b3281882-2990-4c8f-be9c-70781574c363'
ptd-server 2021-03-06 07:53:40,275 [INFO] Got command from the client 'time'
ptd-server 2021-03-06 07:53:40,275 [INFO] Sending reply to client '1615017220.2759004'
ptd-server 2021-03-06 07:53:40,279 [INFO] Got command from the client 'session,2021-03-06_07-53-40,start,ranging'
ptd-server 2021-03-06 07:53:40,279 [INFO] Running PTDaemon: ['/home/anton/projects/mlperf/power/inference_v1.0/ptd-linux-x86', '-l', 'ptd.log', '-p', '8888', '52', '/dev/usbtmc0']
ptd-server 2021-03-06 07:53:57,448 [INFO] Sending to ptd: 'Hello'
ptd-server 2021-03-06 07:53:57,448 [INFO] Reply from ptd: 'Hello, PTDaemon here!'
ptd-server 2021-03-06 07:53:57,449 [INFO] Sending to ptd: 'Identify'
ptd-server 2021-03-06 07:53:57,449 [INFO] Reply from ptd: 'YokogawaWT330E,1000,1,1,1,1,0,0,1,version=1.9.2-e8c7a49a-20201208,OS=Linux 5.8.0-43-generic #49~20.04.1-Ubuntu SMP Fri Feb 5 09:57:56 UTC 2021 x86_64,mode=power,1,1,1,0,0,no_cal_date,YOKOGAWA;WT333E;C3VD30030E;F1.04'
ptd-server 2021-03-06 07:53:57,449 [INFO] Connected to PTDaemon
ptd-server 2021-03-06 07:53:57,449 [INFO] Sending to ptd: 'RR'
ptd-server 2021-03-06 07:53:57,449 [INFO] Reply from ptd: 'Ranges,0,0.500000,0,300.000000'
ptd-server 2021-03-06 07:53:57,450 [INFO] Initial range for Amps is 0.500000 for Volts is 300.000000
ptd-server 2021-03-06 07:53:57,450 [INFO] Sending to ptd: 'SR,V,Auto'
ptd-server 2021-03-06 07:53:57,952 [INFO] Reply from ptd: 'Range V changed'
ptd-server 2021-03-06 07:53:57,952 [INFO] Sending to ptd: 'SR,A,Auto'
ptd-server 2021-03-06 07:53:58,455 [INFO] Reply from ptd: 'Range A changed'
ptd-server 2021-03-06 07:54:08,465 [INFO] Starting ranging mode
ptd-server 2021-03-06 07:54:08,465 [INFO] Sending to ptd: 'Go,1000,0,2021-03-06_07-53-40_ranging'
ptd-server 2021-03-06 07:54:08,465 [INFO] Reply from ptd: 'Starting untimed measurement, maximum 500000 samples at 1000ms with 0 rampup samples'
ptd-server 2021-03-06 07:54:08,466 [INFO] Sending reply to client 'OK'
ptd-server 2021-03-06 08:04:40,477 [INFO] Got command from the client 'session,2021-03-06_07-53-40,stop,ranging'
ptd-server 2021-03-06 08:04:50,487 [INFO] Sending to ptd: 'Stop'
ptd-server 2021-03-06 08:04:50,487 [INFO] Reply from ptd: 'Stopping untimed measurement'
ptd-server 2021-03-06 08:04:50,898 [INFO] Sending reply to client 'OK'
ptd-server 2021-03-06 08:04:50,958 [INFO] Got command from the client 'time'
ptd-server 2021-03-06 08:04:50,958 [INFO] Sending reply to client '1615017890.958857'
ptd-server 2021-03-06 08:04:50,962 [INFO] Got command from the client 'session,2021-03-06_07-53-40,start,testing'
ptd-server 2021-03-06 08:04:50,962 [INFO] Sending to ptd: 'SR,V,248.220000'
ptd-server 2021-03-06 08:04:52,967 [INFO] Reply from ptd: 'Range V changed'
ptd-server 2021-03-06 08:04:52,967 [INFO] Sending to ptd: 'SR,A,0.062070'
ptd-server 2021-03-06 08:04:54,469 [INFO] Reply from ptd: 'Range A changed'
ptd-server 2021-03-06 08:05:04,479 [INFO] Starting testing mode
ptd-server 2021-03-06 08:05:04,479 [INFO] Sending to ptd: 'Go,1000,0,2021-03-06_07-53-40_testing'
ptd-server 2021-03-06 08:05:04,479 [INFO] Reply from ptd: 'Starting untimed measurement, maximum 500000 samples at 1000ms with 0 rampup samples'
ptd-server 2021-03-06 08:05:04,480 [INFO] Sending reply to client 'OK'
ptd-server 2021-03-06 08:15:41,258 [INFO] Got command from the client 'session,2021-03-06_07-53-40,stop,testing'
ptd-server 2021-03-06 08:15:51,260 [INFO] Sending to ptd: 'Stop'
ptd-server 2021-03-06 08:15:51,261 [INFO] Reply from ptd: 'Stopping untimed measurement'
ptd-server 2021-03-06 08:15:51,480 [INFO] Sending reply to client 'OK'
ptd-server 2021-03-06 08:15:51,488 [INFO] Got command from the client 'session,2021-03-06_07-53-40,upload,client.log'
ptd-server 2021-03-06 08:15:51,491 [INFO] Received '/home/anton/projects/mlperf/power-dev/output/2021-03-06_07-53-40client.log.tmp'
ptd-server 2021-03-06 08:15:51,491 [INFO] Removed '/home/anton/projects/mlperf/power-dev/output/2021-03-06_07-53-40client.log.tmp'
ptd-server 2021-03-06 08:15:51,492 [INFO] Sending reply to client 'OK'
ptd-server 2021-03-06 08:15:51,504 [INFO] Got command from the client 'session,2021-03-06_07-53-40,upload,client.json'
ptd-server 2021-03-06 08:15:51,507 [INFO] Received '/home/anton/projects/mlperf/power-dev/output/2021-03-06_07-53-40client.json.tmp'
ptd-server 2021-03-06 08:15:51,508 [INFO] Removed '/home/anton/projects/mlperf/power-dev/output/2021-03-06_07-53-40client.json.tmp'
ptd-server 2021-03-06 08:15:51,508 [INFO] Sending reply to client 'OK'
ptd-server 2021-03-06 08:15:51,510 [INFO] Got command from the client 'session,2021-03-06_07-53-40,done'
ptd-server 2021-03-06 08:15:51,511 [INFO] Sending to ptd: 'Stop'
ptd-server 2021-03-06 08:15:51,511 [INFO] Reply from ptd: 'Error: no measurement to stop'
ptd-server 2021-03-06 08:15:51,511 [INFO] Sending to ptd: 'SR,V,300.000000'
ptd-server 2021-03-06 08:15:53,012 [INFO] Reply from ptd: 'Range V changed'
ptd-server 2021-03-06 08:15:53,013 [INFO] Sending to ptd: 'SR,A,0.500000'
ptd-server 2021-03-06 08:15:54,514 [INFO] Reply from ptd: 'Range A changed'
ptd-server 2021-03-06 08:15:54,514 [INFO] Set initial values for Amps 0.500000 and Volts 300.000000
ptd-server 2021-03-06 08:15:54,514 [INFO] Stopping ptd...
