client 2021-03-15 23:18:41,061 [WARNING] Removing old loadgen logs directory '/home/scratch.mlperf_inf_ci/mlPerf/L1/A100x4_MaxQ-Computelab-A100x4-MaxQ-L1-5-2021-03-16-00-05-54-UTC/mlperf-inference/closed/NVIDIA/build/power_logs_temp'
client 2021-03-15 23:18:41,070 [INFO] Sending command to the server: 'mlcommons/power client v3'
client 2021-03-15 23:18:41,072 [INFO] Got response: 'mlcommons/power server v3'
client 2021-03-15 23:18:41,072 [INFO] Sending command to the server: 'stop'
client 2021-03-15 23:18:41,073 [INFO] Got response: 'OK'
client 2021-03-15 23:18:41,073 [INFO] Synchronizing with the server and with ib-01.dc4-in.nvidia.com...
client 2021-03-15 23:18:41,277 [INFO] NTP:offset = -0.075 s, delay = 0.202 s 
client 2021-03-15 23:18:41,277 [INFO] Sending command to the server: 'time'
client 2021-03-15 23:18:41,278 [INFO] Got response: '1615875521.2421296'
client 2021-03-15 23:18:41,278 [INFO] The time difference between the client and the server is within range 35.074 ms..36.615 ms
client 2021-03-15 23:18:41,278 [INFO] Sending command to the server: 'new,,52c622d6-f151-4e69-8120-bf221c3243bb'
client 2021-03-15 23:18:41,280 [INFO] Got response: 'OK 2021-03-15_23-18-41,5cf4f4a4-a6d0-4ee4-84d0-551d237bb179'
client 2021-03-15 23:18:41,280 [INFO] Session id is '2021-03-15_23-18-41'
client 2021-03-15 23:18:41,280 [INFO] Sources: {"sources": {"client.py": "d1e75cb4b26101220ebd242e584cf3ca5d8f1996", "lib/__init__.py": "da39a3ee5e6b4b0d3255bfef95601890afd80709", "lib/client.py": "d42bebf5b74cb6ff3997e2a6c68422afac111a28", "lib/common.py": "b0bad80d8fa328a7636027d4d66ff453f8dd7889", "lib/external/ntplib.py": "4da8f970656505a40483206ef2b5d3dd5e81711d", "lib/server.py": "2ed36471c7af565d6c8438b2134edad1d7ddf166", "lib/source_hashes.py": "4cedff274c661cb1504052018fd4f00dfbf624ef", "lib/summary.py": "0db15d783907aa92038281af4e465545c0648ddb", "lib/time_sync.py": "76051226ec89287839723352f4162aaa24e0546a", "server.py": "99e1310e3f76292aef1b8792ce6b8c82f1d44d8b", "tests/unit/test_server.py": "64f11775bfed35232a0e8bb9593c0ff992432c59", "tests/unit/test_source_hashes.py": "cb41a7261eaf7d94ba5c0aae9c523174f6204be3"}, "modules": {"__main__": "client.py", "lib.client": "lib/client.py", "lib.common": "lib/common.py", "lib.external.ntplib": "lib/external/ntplib.py", "lib.source_hashes": "lib/source_hashes.py", "lib.summary": "lib/summary.py", "lib.time_sync": "lib/time_sync.py"}}
client 2021-03-15 23:18:41,282 [INFO] Running workload in ranging mode
client 2021-03-15 23:18:41,282 [INFO] Synchronizing with the server and with ib-01.dc4-in.nvidia.com...
client 2021-03-15 23:18:41,484 [INFO] NTP:offset = -0.075 s, delay = 0.202 s 
client 2021-03-15 23:18:41,484 [INFO] Sending command to the server: 'time'
client 2021-03-15 23:18:41,486 [INFO] Got response: '1615875521.445251'
client 2021-03-15 23:18:41,486 [INFO] The time difference between the client and the server is within range 39.332 ms..41.044 ms
client 2021-03-15 23:18:41,486 [INFO] Sending command to the server: 'session,2021-03-15_23-18-41,start,ranging'
client 2021-03-15 23:19:10,486 [INFO] Got response: 'OK'
client 2021-03-15 23:19:10,486 [INFO] Running the workload 'LOG_DIR=/home/scratch.mlperf_inf_ci/mlPerf/L1/A100x4_MaxQ-Computelab-A100x4-MaxQ-L1-5-2021-03-16-00-05-54-UTC/mlperf-inference/closed/NVIDIA/build/power_logs_temp python3 code/main.py --benchmarks=resnet50 --scenarios=Offline --test_mode=PerformanceOnly --config_ver=maxq --action="run_harness" \\\n\t\t&& cp -v /home/scratch.mlperf_inf_ci/mlPerf/L1/A100x4_MaxQ-Computelab-A100x4-MaxQ-L1-5-2021-03-16-00-05-54-UTC/mlperf-inference/closed/NVIDIA/build/power_logs_temp/*/*/*/mlperf_log_detail.txt /home/scratch.mlperf_inf_ci/mlPerf/L1/A100x4_MaxQ-Computelab-A100x4-MaxQ-L1-5-2021-03-16-00-05-54-UTC/mlperf-inference/closed/NVIDIA/build/power_logs_temp/ \\\n\t\t&& cp -v /home/scratch.mlperf_inf_ci/mlPerf/L1/A100x4_MaxQ-Computelab-A100x4-MaxQ-L1-5-2021-03-16-00-05-54-UTC/mlperf-inference/closed/NVIDIA/build/power_logs_temp/*/*/*/mlperf_log_summary.txt /home/scratch.mlperf_inf_ci/mlPerf/L1/A100x4_MaxQ-Computelab-A100x4-MaxQ-L1-5-2021-03-16-00-05-54-UTC/mlperf-inference/closed/NVIDIA/build/power_logs_temp/'
client 2021-03-15 23:30:47,687 [INFO] Sending command to the server: 'session,2021-03-15_23-18-41,stop,ranging'
client 2021-03-15 23:30:57,805 [INFO] Got response: 'OK'
client 2021-03-15 23:30:57,810 [INFO] Packing logs into zip and uploading to the server
client 2021-03-15 23:30:57,822 [INFO] Zip file size: 23.4 kB
client 2021-03-15 23:30:57,840 [INFO] Got response: 'OK'
client 2021-03-15 23:30:57,841 [INFO] Running workload in testing mode
client 2021-03-15 23:30:57,841 [INFO] Synchronizing with the server and with ib-01.dc4-in.nvidia.com...
client 2021-03-15 23:30:58,044 [INFO] NTP:offset = -0.087 s, delay = 0.202 s 
client 2021-03-15 23:30:58,044 [INFO] Sending command to the server: 'time'
client 2021-03-15 23:30:58,045 [INFO] Got response: '1615876257.9912791'
client 2021-03-15 23:30:58,045 [INFO] The time difference between the client and the server is within range 53.187 ms..54.620 ms
client 2021-03-15 23:30:58,045 [INFO] Sending command to the server: 'session,2021-03-15_23-18-41,start,testing'
client 2021-03-15 23:31:11,580 [INFO] Got response: 'OK'
client 2021-03-15 23:31:11,580 [INFO] Running the workload 'LOG_DIR=/home/scratch.mlperf_inf_ci/mlPerf/L1/A100x4_MaxQ-Computelab-A100x4-MaxQ-L1-5-2021-03-16-00-05-54-UTC/mlperf-inference/closed/NVIDIA/build/power_logs_temp python3 code/main.py --benchmarks=resnet50 --scenarios=Offline --test_mode=PerformanceOnly --config_ver=maxq --action="run_harness" \\\n\t\t&& cp -v /home/scratch.mlperf_inf_ci/mlPerf/L1/A100x4_MaxQ-Computelab-A100x4-MaxQ-L1-5-2021-03-16-00-05-54-UTC/mlperf-inference/closed/NVIDIA/build/power_logs_temp/*/*/*/mlperf_log_detail.txt /home/scratch.mlperf_inf_ci/mlPerf/L1/A100x4_MaxQ-Computelab-A100x4-MaxQ-L1-5-2021-03-16-00-05-54-UTC/mlperf-inference/closed/NVIDIA/build/power_logs_temp/ \\\n\t\t&& cp -v /home/scratch.mlperf_inf_ci/mlPerf/L1/A100x4_MaxQ-Computelab-A100x4-MaxQ-L1-5-2021-03-16-00-05-54-UTC/mlperf-inference/closed/NVIDIA/build/power_logs_temp/*/*/*/mlperf_log_summary.txt /home/scratch.mlperf_inf_ci/mlPerf/L1/A100x4_MaxQ-Computelab-A100x4-MaxQ-L1-5-2021-03-16-00-05-54-UTC/mlperf-inference/closed/NVIDIA/build/power_logs_temp/'
client 2021-03-15 23:42:59,071 [INFO] Sending command to the server: 'session,2021-03-15_23-18-41,stop,testing'
client 2021-03-15 23:43:09,140 [INFO] Got response: 'OK'
client 2021-03-15 23:43:09,235 [INFO] Packing logs into zip and uploading to the server
client 2021-03-15 23:43:09,245 [INFO] Zip file size: 23.4 kB
client 2021-03-15 23:43:09,263 [INFO] Got response: 'OK'
client 2021-03-15 23:43:09,263 [INFO] Done runs
