ptd-server 2021-03-15 23:18:41,023 [INFO] Got command from the client 'stop'
ptd-server 2021-03-15 23:18:41,023 [INFO] The server will be stopped after processing this client
ptd-server 2021-03-15 23:18:41,023 [INFO] Sending reply to client 'OK'
ptd-server 2021-03-15 23:18:41,226 [INFO] Got command from the client 'time'
ptd-server 2021-03-15 23:18:41,242 [INFO] Sending reply to client '1615875521.2421296'
ptd-server 2021-03-15 23:18:41,242 [INFO] Got command from the client 'new,,52c622d6-f151-4e69-8120-bf221c3243bb'
ptd-server 2021-03-15 23:18:41,242 [INFO] Sending reply to client 'OK 2021-03-15_23-18-41,5cf4f4a4-a6d0-4ee4-84d0-551d237bb179'
ptd-server 2021-03-15 23:18:41,445 [INFO] Got command from the client 'time'
ptd-server 2021-03-15 23:18:41,445 [INFO] Sending reply to client '1615875521.445251'
ptd-server 2021-03-15 23:18:41,445 [INFO] Got command from the client 'session,2021-03-15_23-18-41,start,ranging'
ptd-server 2021-03-15 23:18:41,554 [INFO] Running PTDaemon: ['C:\\PTD\\ptd-windows-x86.exe', '-l', 'C:\\logs_ptdeamon.txt', '-p', '8888', '-c', '1', '-y', '52', '172.18.220.100']
ptd-server 2021-03-15 23:18:59,404 [INFO] Sending to ptd: 'Hello'
ptd-server 2021-03-15 23:18:59,404 [INFO] Reply from ptd: 'Hello, PTDaemon here!'
ptd-server 2021-03-15 23:18:59,404 [INFO] Sending to ptd: 'Identify'
ptd-server 2021-03-15 23:18:59,404 [INFO] Reply from ptd: 'YokogawaWT330E,1000,1,1,1,1,0,0,1,version=1.9.2-3976349f-20201208,OS=Windows 8 / Server 2012,mode=power,1,1,1,0,0,no_cal_date,YOKOGAWA;WT333E;C2WC23035V;F1.04'
ptd-server 2021-03-15 23:18:59,404 [INFO] Connected to PTDaemon
ptd-server 2021-03-15 23:18:59,404 [INFO] Sending to ptd: 'RR'
ptd-server 2021-03-15 23:18:59,404 [INFO] Reply from ptd: 'Ranges,1,5.000000,1,300.000000'
ptd-server 2021-03-15 23:18:59,404 [INFO] Initial range for Amps is Auto for Volts is Auto
ptd-server 2021-03-15 23:18:59,404 [INFO] Sending to ptd: 'SR,V,Auto'
ptd-server 2021-03-15 23:18:59,919 [INFO] Reply from ptd: 'Range V changed'
ptd-server 2021-03-15 23:18:59,919 [INFO] Sending to ptd: 'SR,A,Auto'
ptd-server 2021-03-15 23:19:00,435 [INFO] Reply from ptd: 'Range A changed'
ptd-server 2021-03-15 23:19:10,448 [INFO] Starting ranging mode
ptd-server 2021-03-15 23:19:10,448 [INFO] Sending to ptd: 'Go,1000,0,2021-03-15_23-18-41_ranging'
ptd-server 2021-03-15 23:19:10,448 [INFO] Reply from ptd: 'Starting untimed measurement, maximum 500000 samples at 1000ms with 0 rampup samples'
ptd-server 2021-03-15 23:19:10,448 [INFO] Sending reply to client 'OK'
ptd-server 2021-03-15 23:30:47,632 [INFO] Got command from the client 'session,2021-03-15_23-18-41,stop,ranging'
ptd-server 2021-03-15 23:30:57,632 [INFO] Sending to ptd: 'Stop'
ptd-server 2021-03-15 23:30:57,632 [INFO] Reply from ptd: 'Stopping untimed measurement'
ptd-server 2021-03-15 23:30:57,756 [INFO] Sending reply to client 'OK'
ptd-server 2021-03-15 23:30:57,772 [INFO] Got command from the client 'session,2021-03-15_23-18-41,upload,ranging'
ptd-server 2021-03-15 23:30:57,772 [INFO] Received 'C:\\ptd-logs\\2021-03-15_23-18-41ranging.tmp'
ptd-server 2021-03-15 23:30:57,788 [INFO] Extracted 'C:\\ptd-logs\\2021-03-15_23-18-41ranging.tmp' into 'C:\\ptd-logs\\2021-03-15_23-18-41\\ranging'
ptd-server 2021-03-15 23:30:57,788 [INFO] Removed 'C:\\ptd-logs\\2021-03-15_23-18-41ranging.tmp'
ptd-server 2021-03-15 23:30:57,788 [INFO] Sending reply to client 'OK'
ptd-server 2021-03-15 23:30:57,991 [INFO] Got command from the client 'time'
ptd-server 2021-03-15 23:30:57,991 [INFO] Sending reply to client '1615876257.9912791'
ptd-server 2021-03-15 23:30:57,991 [INFO] Got command from the client 'session,2021-03-15_23-18-41,start,testing'
ptd-server 2021-03-15 23:30:57,991 [INFO] Sending to ptd: 'SR,V,206.830000'
ptd-server 2021-03-15 23:30:59,990 [INFO] Reply from ptd: 'Range V changed'
ptd-server 2021-03-15 23:30:59,990 [INFO] Sending to ptd: 'SR,A,6.329100'
ptd-server 2021-03-15 23:31:01,521 [INFO] Reply from ptd: 'Range A changed'
ptd-server 2021-03-15 23:31:11,534 [INFO] Starting testing mode
ptd-server 2021-03-15 23:31:11,534 [INFO] Sending to ptd: 'Go,1000,0,2021-03-15_23-18-41_testing'
ptd-server 2021-03-15 23:31:11,534 [INFO] Reply from ptd: 'Starting untimed measurement, maximum 500000 samples at 1000ms with 0 rampup samples'
ptd-server 2021-03-15 23:31:11,534 [INFO] Sending reply to client 'OK'
ptd-server 2021-03-15 23:42:59,009 [INFO] Got command from the client 'session,2021-03-15_23-18-41,stop,testing'
ptd-server 2021-03-15 23:43:09,022 [INFO] Sending to ptd: 'Stop'
ptd-server 2021-03-15 23:43:09,022 [INFO] Reply from ptd: 'Stopping untimed measurement'
ptd-server 2021-03-15 23:43:09,085 [INFO] Sending reply to client 'OK'
ptd-server 2021-03-15 23:43:09,194 [INFO] Got command from the client 'session,2021-03-15_23-18-41,upload,testing'
ptd-server 2021-03-15 23:43:09,194 [INFO] Received 'C:\\ptd-logs\\2021-03-15_23-18-41testing.tmp'
ptd-server 2021-03-15 23:43:09,210 [INFO] Extracted 'C:\\ptd-logs\\2021-03-15_23-18-41testing.tmp' into 'C:\\ptd-logs\\2021-03-15_23-18-41\\run_1'
ptd-server 2021-03-15 23:43:09,210 [INFO] Removed 'C:\\ptd-logs\\2021-03-15_23-18-41testing.tmp'
ptd-server 2021-03-15 23:43:09,210 [INFO] Sending reply to client 'OK'
ptd-server 2021-03-15 23:43:09,210 [INFO] Got command from the client 'session,2021-03-15_23-18-41,upload,client.log'
ptd-server 2021-03-15 23:43:09,210 [INFO] Received 'C:\\ptd-logs\\2021-03-15_23-18-41client.log.tmp'
ptd-server 2021-03-15 23:43:09,225 [INFO] Removed 'C:\\ptd-logs\\2021-03-15_23-18-41client.log.tmp'
ptd-server 2021-03-15 23:43:09,225 [INFO] Sending reply to client 'OK'
ptd-server 2021-03-15 23:43:09,241 [INFO] Got command from the client 'session,2021-03-15_23-18-41,upload,client.json'
ptd-server 2021-03-15 23:43:09,241 [INFO] Received 'C:\\ptd-logs\\2021-03-15_23-18-41client.json.tmp'
ptd-server 2021-03-15 23:43:09,241 [INFO] Removed 'C:\\ptd-logs\\2021-03-15_23-18-41client.json.tmp'
ptd-server 2021-03-15 23:43:09,241 [INFO] Sending reply to client 'OK'
ptd-server 2021-03-15 23:43:09,241 [INFO] Got command from the client 'session,2021-03-15_23-18-41,done'
ptd-server 2021-03-15 23:43:09,241 [INFO] Sending to ptd: 'Stop'
ptd-server 2021-03-15 23:43:09,538 [INFO] Reply from ptd: 'Error: no measurement to stop'
ptd-server 2021-03-15 23:43:09,538 [INFO] Sending to ptd: 'SR,V,Auto'
ptd-server 2021-03-15 23:43:10,053 [INFO] Reply from ptd: 'Range V changed'
ptd-server 2021-03-15 23:43:10,053 [INFO] Sending to ptd: 'SR,A,Auto'
ptd-server 2021-03-15 23:43:10,569 [INFO] Reply from ptd: 'Range A changed'
ptd-server 2021-03-15 23:43:10,569 [INFO] Set initial values for Amps Auto and Volts Auto
ptd-server 2021-03-15 23:43:10,569 [INFO] Stopping ptd...
