client 2021-03-17 07:58:21,433 [WARNING] Removing old loadgen logs directory '/home/scratch.mlperf_inf_ci/mlPerf/L1/XavierNX_MaxQ-Commputelab-XavierNX-MaxQ-L1-2-2021-03-17-10-42-27-UTC/mlperf-inference/closed/NVIDIA/build/power_logs_temp'
client 2021-03-17 07:58:21,448 [INFO] Sending command to the server: 'mlcommons/power client v3'
client 2021-03-17 07:58:21,454 [INFO] Got response: 'mlcommons/power server v3'
client 2021-03-17 07:58:21,454 [INFO] Sending command to the server: 'stop'
client 2021-03-17 07:58:21,456 [INFO] Got response: 'OK'
client 2021-03-17 07:58:21,456 [INFO] Synchronizing with the server and with ib-01.dc4-in.nvidia.com...
client 2021-03-17 07:58:21,689 [INFO] NTP:offset = -0.000 s, delay = 0.203 s 
client 2021-03-17 07:58:21,689 [INFO] Sending command to the server: 'time'
client 2021-03-17 07:58:21,691 [INFO] Got response: '1615993101.741578'
client 2021-03-17 07:58:21,692 [INFO] The time difference between the client and the server is within range -51.887 ms..-49.384 ms
client 2021-03-17 07:58:21,692 [INFO] Sending command to the server: 'new,,8bc78321-c7e6-42b0-bda2-9f5f39302613'
client 2021-03-17 07:58:21,695 [INFO] Got response: 'OK 2021-03-17_07-58-21,f79ba8dd-b4f4-406f-bf2c-fe07c17dae31'
client 2021-03-17 07:58:21,695 [INFO] Session id is '2021-03-17_07-58-21'
client 2021-03-17 07:58:21,696 [INFO] Sources: {"sources": {"client.py": "d1e75cb4b26101220ebd242e584cf3ca5d8f1996", "lib/__init__.py": "da39a3ee5e6b4b0d3255bfef95601890afd80709", "lib/client.py": "d42bebf5b74cb6ff3997e2a6c68422afac111a28", "lib/common.py": "b0bad80d8fa328a7636027d4d66ff453f8dd7889", "lib/external/ntplib.py": "4da8f970656505a40483206ef2b5d3dd5e81711d", "lib/server.py": "2ed36471c7af565d6c8438b2134edad1d7ddf166", "lib/source_hashes.py": "4cedff274c661cb1504052018fd4f00dfbf624ef", "lib/summary.py": "0db15d783907aa92038281af4e465545c0648ddb", "lib/time_sync.py": "76051226ec89287839723352f4162aaa24e0546a", "server.py": "99e1310e3f76292aef1b8792ce6b8c82f1d44d8b", "tests/unit/test_server.py": "64f11775bfed35232a0e8bb9593c0ff992432c59", "tests/unit/test_source_hashes.py": "cb41a7261eaf7d94ba5c0aae9c523174f6204be3"}, "modules": {"__main__": "client.py", "lib.client": "lib/client.py", "lib.common": "lib/common.py", "lib.external.ntplib": "lib/external/ntplib.py", "lib.source_hashes": "lib/source_hashes.py", "lib.summary": "lib/summary.py", "lib.time_sync": "lib/time_sync.py"}}
client 2021-03-17 07:58:21,700 [INFO] Running workload in ranging mode
client 2021-03-17 07:58:21,701 [INFO] Synchronizing with the server and with ib-01.dc4-in.nvidia.com...
client 2021-03-17 07:58:21,909 [INFO] NTP:offset = -0.001 s, delay = 0.202 s 
client 2021-03-17 07:58:21,909 [INFO] Sending command to the server: 'time'
client 2021-03-17 07:58:21,911 [INFO] Got response: '1615993101.9602752'
client 2021-03-17 07:58:21,911 [INFO] The time difference between the client and the server is within range -50.556 ms..-48.641 ms
client 2021-03-17 07:58:21,911 [INFO] Sending command to the server: 'session,2021-03-17_07-58-21,start,ranging'
client 2021-03-17 07:58:50,911 [INFO] Got response: 'OK'
client 2021-03-17 07:58:50,911 [INFO] Running the workload 'LOG_DIR=/home/scratch.mlperf_inf_ci/mlPerf/L1/XavierNX_MaxQ-Commputelab-XavierNX-MaxQ-L1-2-2021-03-17-10-42-27-UTC/mlperf-inference/closed/NVIDIA/build/power_logs_temp python3 code/main.py --benchmarks=rnnt --scenarios=Offline --test_mode=PerformanceOnly --config_ver=maxq --action="run_harness" \\\n\t\t&& cp -v /home/scratch.mlperf_inf_ci/mlPerf/L1/XavierNX_MaxQ-Commputelab-XavierNX-MaxQ-L1-2-2021-03-17-10-42-27-UTC/mlperf-inference/closed/NVIDIA/build/power_logs_temp/*/*/*/mlperf_log_detail.txt /home/scratch.mlperf_inf_ci/mlPerf/L1/XavierNX_MaxQ-Commputelab-XavierNX-MaxQ-L1-2-2021-03-17-10-42-27-UTC/mlperf-inference/closed/NVIDIA/build/power_logs_temp/ \\\n\t\t&& cp -v /home/scratch.mlperf_inf_ci/mlPerf/L1/XavierNX_MaxQ-Commputelab-XavierNX-MaxQ-L1-2-2021-03-17-10-42-27-UTC/mlperf-inference/closed/NVIDIA/build/power_logs_temp/*/*/*/mlperf_log_summary.txt /home/scratch.mlperf_inf_ci/mlPerf/L1/XavierNX_MaxQ-Commputelab-XavierNX-MaxQ-L1-2-2021-03-17-10-42-27-UTC/mlperf-inference/closed/NVIDIA/build/power_logs_temp/'
client 2021-03-17 08:11:24,786 [INFO] Sending command to the server: 'session,2021-03-17_07-58-21,stop,ranging'
client 2021-03-17 08:11:35,108 [INFO] Got response: 'OK'
client 2021-03-17 08:11:35,121 [INFO] Packing logs into zip and uploading to the server
client 2021-03-17 08:11:35,166 [INFO] Zip file size: 21.9 kB
client 2021-03-17 08:11:35,187 [INFO] Got response: 'OK'
client 2021-03-17 08:11:35,189 [INFO] Running workload in testing mode
client 2021-03-17 08:11:35,189 [INFO] Synchronizing with the server and with ib-01.dc4-in.nvidia.com...
client 2021-03-17 08:11:35,609 [INFO] NTP:offset = 0.002 s, delay = 0.202 s 
client 2021-03-17 08:11:35,609 [INFO] Sending command to the server: 'time'
client 2021-03-17 08:11:35,611 [INFO] Got response: '1615993895.6627285'
client 2021-03-17 08:11:35,612 [INFO] The time difference between the client and the server is within range -52.950 ms..-50.663 ms
client 2021-03-17 08:11:35,612 [INFO] Sending command to the server: 'session,2021-03-17_07-58-21,start,testing'
client 2021-03-17 08:11:48,685 [INFO] Got response: 'OK'
client 2021-03-17 08:11:48,686 [INFO] Running the workload 'LOG_DIR=/home/scratch.mlperf_inf_ci/mlPerf/L1/XavierNX_MaxQ-Commputelab-XavierNX-MaxQ-L1-2-2021-03-17-10-42-27-UTC/mlperf-inference/closed/NVIDIA/build/power_logs_temp python3 code/main.py --benchmarks=rnnt --scenarios=Offline --test_mode=PerformanceOnly --config_ver=maxq --action="run_harness" \\\n\t\t&& cp -v /home/scratch.mlperf_inf_ci/mlPerf/L1/XavierNX_MaxQ-Commputelab-XavierNX-MaxQ-L1-2-2021-03-17-10-42-27-UTC/mlperf-inference/closed/NVIDIA/build/power_logs_temp/*/*/*/mlperf_log_detail.txt /home/scratch.mlperf_inf_ci/mlPerf/L1/XavierNX_MaxQ-Commputelab-XavierNX-MaxQ-L1-2-2021-03-17-10-42-27-UTC/mlperf-inference/closed/NVIDIA/build/power_logs_temp/ \\\n\t\t&& cp -v /home/scratch.mlperf_inf_ci/mlPerf/L1/XavierNX_MaxQ-Commputelab-XavierNX-MaxQ-L1-2-2021-03-17-10-42-27-UTC/mlperf-inference/closed/NVIDIA/build/power_logs_temp/*/*/*/mlperf_log_summary.txt /home/scratch.mlperf_inf_ci/mlPerf/L1/XavierNX_MaxQ-Commputelab-XavierNX-MaxQ-L1-2-2021-03-17-10-42-27-UTC/mlperf-inference/closed/NVIDIA/build/power_logs_temp/'
client 2021-03-17 08:24:25,633 [INFO] Sending command to the server: 'session,2021-03-17_07-58-21,stop,testing'
client 2021-03-17 08:24:35,810 [INFO] Got response: 'OK'
client 2021-03-17 08:24:36,150 [INFO] Packing logs into zip and uploading to the server
client 2021-03-17 08:24:36,932 [INFO] Zip file size: 21.9 kB
client 2021-03-17 08:24:36,957 [INFO] Got response: 'OK'
client 2021-03-17 08:24:36,958 [INFO] Done runs
