ptd-server 2021-03-17 07:58:21,507 [INFO] Got command from the client 'stop'
ptd-server 2021-03-17 07:58:21,507 [INFO] The server will be stopped after processing this client
ptd-server 2021-03-17 07:58:21,507 [INFO] Sending reply to client 'OK'
ptd-server 2021-03-17 07:58:21,741 [INFO] Got command from the client 'time'
ptd-server 2021-03-17 07:58:21,741 [INFO] Sending reply to client '1615993101.741578'
ptd-server 2021-03-17 07:58:21,741 [INFO] Got command from the client 'new,,8bc78321-c7e6-42b0-bda2-9f5f39302613'
ptd-server 2021-03-17 07:58:21,741 [INFO] Sending reply to client 'OK 2021-03-17_07-58-21,f79ba8dd-b4f4-406f-bf2c-fe07c17dae31'
ptd-server 2021-03-17 07:58:21,960 [INFO] Got command from the client 'time'
ptd-server 2021-03-17 07:58:21,960 [INFO] Sending reply to client '1615993101.9602752'
ptd-server 2021-03-17 07:58:21,960 [INFO] Got command from the client 'session,2021-03-17_07-58-21,start,ranging'
ptd-server 2021-03-17 07:58:22,069 [INFO] Running PTDaemon: ['C:\\PTD\\ptd-windows-x86.exe', '-l', 'C:\\logs_ptdeamon.txt', '-p', '8888', '-c', '1', '-y', '52', '10.32.209.251']
ptd-server 2021-03-17 07:58:39,924 [INFO] Sending to ptd: 'Hello'
ptd-server 2021-03-17 07:58:39,924 [INFO] Reply from ptd: 'Hello, PTDaemon here!'
ptd-server 2021-03-17 07:58:39,924 [INFO] Sending to ptd: 'Identify'
ptd-server 2021-03-17 07:58:39,924 [INFO] Reply from ptd: 'YokogawaWT330E,1000,1,1,1,1,0,0,1,version=1.9.2-3976349f-20201208,OS=Windows 8 / Server 2012,mode=power,1,1,1,0,0,no_cal_date,YOKOGAWA;WT333E;C2VL22012V;F1.03'
ptd-server 2021-03-17 07:58:39,924 [INFO] Connected to PTDaemon
ptd-server 2021-03-17 07:58:39,924 [INFO] Sending to ptd: 'RR'
ptd-server 2021-03-17 07:58:39,924 [INFO] Reply from ptd: 'Ranges,0,0.500000,0,150.000000'
ptd-server 2021-03-17 07:58:39,924 [INFO] Initial range for Amps is 0.500000 for Volts is 150.000000
ptd-server 2021-03-17 07:58:39,924 [INFO] Sending to ptd: 'SR,V,Auto'
ptd-server 2021-03-17 07:58:40,440 [INFO] Reply from ptd: 'Range V changed'
ptd-server 2021-03-17 07:58:40,440 [INFO] Sending to ptd: 'SR,A,Auto'
ptd-server 2021-03-17 07:58:40,955 [INFO] Reply from ptd: 'Range A changed'
ptd-server 2021-03-17 07:58:50,963 [INFO] Starting ranging mode
ptd-server 2021-03-17 07:58:50,963 [INFO] Sending to ptd: 'Go,1000,0,2021-03-17_07-58-21_ranging'
ptd-server 2021-03-17 07:58:50,963 [INFO] Reply from ptd: 'Starting untimed measurement, maximum 500000 samples at 1000ms with 0 rampup samples'
ptd-server 2021-03-17 07:58:50,963 [INFO] Sending reply to client 'OK'
ptd-server 2021-03-17 08:11:24,852 [INFO] Got command from the client 'session,2021-03-17_07-58-21,stop,ranging'
ptd-server 2021-03-17 08:11:34,866 [INFO] Sending to ptd: 'Stop'
ptd-server 2021-03-17 08:11:34,866 [INFO] Reply from ptd: 'Stopping untimed measurement'
ptd-server 2021-03-17 08:11:35,162 [INFO] Sending reply to client 'OK'
ptd-server 2021-03-17 08:11:35,225 [INFO] Got command from the client 'session,2021-03-17_07-58-21,upload,ranging'
ptd-server 2021-03-17 08:11:35,225 [INFO] Received 'C:\\ptd-logs\\2021-03-17_07-58-21ranging.tmp'
ptd-server 2021-03-17 08:11:35,240 [INFO] Extracted 'C:\\ptd-logs\\2021-03-17_07-58-21ranging.tmp' into 'C:\\ptd-logs\\2021-03-17_07-58-21\\ranging'
ptd-server 2021-03-17 08:11:35,240 [INFO] Removed 'C:\\ptd-logs\\2021-03-17_07-58-21ranging.tmp'
ptd-server 2021-03-17 08:11:35,240 [INFO] Sending reply to client 'OK'
ptd-server 2021-03-17 08:11:35,662 [INFO] Got command from the client 'time'
ptd-server 2021-03-17 08:11:35,662 [INFO] Sending reply to client '1615993895.6627285'
ptd-server 2021-03-17 08:11:35,662 [INFO] Got command from the client 'session,2021-03-17_07-58-21,start,testing'
ptd-server 2021-03-17 08:11:35,662 [INFO] Sending to ptd: 'SR,V,120.230000'
ptd-server 2021-03-17 08:11:37,209 [INFO] Reply from ptd: 'Range V changed'
ptd-server 2021-03-17 08:11:37,209 [INFO] Sending to ptd: 'SR,A,0.368600'
ptd-server 2021-03-17 08:11:38,740 [INFO] Reply from ptd: 'Range A changed'
ptd-server 2021-03-17 08:11:48,741 [INFO] Starting testing mode
ptd-server 2021-03-17 08:11:48,741 [INFO] Sending to ptd: 'Go,1000,0,2021-03-17_07-58-21_testing'
ptd-server 2021-03-17 08:11:48,741 [INFO] Reply from ptd: 'Starting untimed measurement, maximum 500000 samples at 1000ms with 0 rampup samples'
ptd-server 2021-03-17 08:11:48,741 [INFO] Sending reply to client 'OK'
ptd-server 2021-03-17 08:24:25,691 [INFO] Got command from the client 'session,2021-03-17_07-58-21,stop,testing'
ptd-server 2021-03-17 08:24:35,720 [INFO] Sending to ptd: 'Stop'
ptd-server 2021-03-17 08:24:35,720 [INFO] Reply from ptd: 'Stopping untimed measurement'
ptd-server 2021-03-17 08:24:35,876 [INFO] Sending reply to client 'OK'
ptd-server 2021-03-17 08:24:37,001 [INFO] Got command from the client 'session,2021-03-17_07-58-21,upload,testing'
ptd-server 2021-03-17 08:24:37,001 [INFO] Received 'C:\\ptd-logs\\2021-03-17_07-58-21testing.tmp'
ptd-server 2021-03-17 08:24:37,017 [INFO] Extracted 'C:\\ptd-logs\\2021-03-17_07-58-21testing.tmp' into 'C:\\ptd-logs\\2021-03-17_07-58-21\\run_1'
ptd-server 2021-03-17 08:24:37,017 [INFO] Removed 'C:\\ptd-logs\\2021-03-17_07-58-21testing.tmp'
ptd-server 2021-03-17 08:24:37,017 [INFO] Sending reply to client 'OK'
ptd-server 2021-03-17 08:24:37,032 [INFO] Got command from the client 'session,2021-03-17_07-58-21,upload,client.log'
ptd-server 2021-03-17 08:24:37,032 [INFO] Received 'C:\\ptd-logs\\2021-03-17_07-58-21client.log.tmp'
ptd-server 2021-03-17 08:24:37,032 [INFO] Removed 'C:\\ptd-logs\\2021-03-17_07-58-21client.log.tmp'
ptd-server 2021-03-17 08:24:37,032 [INFO] Sending reply to client 'OK'
ptd-server 2021-03-17 08:24:37,235 [INFO] Got command from the client 'session,2021-03-17_07-58-21,upload,client.json'
ptd-server 2021-03-17 08:24:37,235 [INFO] Received 'C:\\ptd-logs\\2021-03-17_07-58-21client.json.tmp'
ptd-server 2021-03-17 08:24:37,235 [INFO] Removed 'C:\\ptd-logs\\2021-03-17_07-58-21client.json.tmp'
ptd-server 2021-03-17 08:24:37,235 [INFO] Sending reply to client 'OK'
ptd-server 2021-03-17 08:24:37,235 [INFO] Got command from the client 'session,2021-03-17_07-58-21,done'
ptd-server 2021-03-17 08:24:37,235 [INFO] Sending to ptd: 'Stop'
ptd-server 2021-03-17 08:24:37,251 [INFO] Reply from ptd: 'Error: no measurement to stop'
ptd-server 2021-03-17 08:24:37,251 [INFO] Sending to ptd: 'SR,V,150.000000'
ptd-server 2021-03-17 08:24:38,782 [INFO] Reply from ptd: 'Range V changed'
ptd-server 2021-03-17 08:24:38,782 [INFO] Sending to ptd: 'SR,A,0.500000'
ptd-server 2021-03-17 08:24:40,313 [INFO] Reply from ptd: 'Range A changed'
ptd-server 2021-03-17 08:24:40,313 [INFO] Set initial values for Amps 0.500000 and Volts 150.000000
ptd-server 2021-03-17 08:24:40,313 [INFO] Stopping ptd...
