client 2021-03-09 03:39:11,863 [INFO] Sending command to the server: 'mlcommons/power client v3'
client 2021-03-09 03:39:11,864 [INFO] Got response: 'mlcommons/power server v3'
client 2021-03-09 03:39:11,864 [INFO] Synchronizing with the server and with time.google.com...
client 2021-03-09 03:39:11,902 [INFO] NTP:offset = -0.001 s, delay = 0.031 s 
client 2021-03-09 03:39:11,903 [INFO] Sending command to the server: 'time'
client 2021-03-09 03:39:11,905 [INFO] Got response: '1615261151.9061074'
client 2021-03-09 03:39:11,905 [INFO] The time difference between the client and the server is within range -2.670 ms..-0.319 ms
client 2021-03-09 03:39:11,906 [INFO] Sending command to the server: 'new,,fdad1c01-8365-4fd6-bfb0-018049998d88'
client 2021-03-09 03:39:11,908 [INFO] Got response: 'OK 2021-03-09_03-39-11,9817ba9c-e431-4383-8086-6a0c3ece5fa3'
client 2021-03-09 03:39:11,908 [INFO] Session id is '2021-03-09_03-39-11'
client 2021-03-09 03:39:11,909 [INFO] Sources: {"sources": {"client.py": "d1e75cb4b26101220ebd242e584cf3ca5d8f1996", "lib/__init__.py": "da39a3ee5e6b4b0d3255bfef95601890afd80709", "lib/client.py": "d42bebf5b74cb6ff3997e2a6c68422afac111a28", "lib/common.py": "b0bad80d8fa328a7636027d4d66ff453f8dd7889", "lib/external/ntplib.py": "4da8f970656505a40483206ef2b5d3dd5e81711d", "lib/server.py": "2ed36471c7af565d6c8438b2134edad1d7ddf166", "lib/source_hashes.py": "4cedff274c661cb1504052018fd4f00dfbf624ef", "lib/summary.py": "0db15d783907aa92038281af4e465545c0648ddb", "lib/time_sync.py": "76051226ec89287839723352f4162aaa24e0546a", "server.py": "99e1310e3f76292aef1b8792ce6b8c82f1d44d8b", "tests/unit/test_server.py": "64f11775bfed35232a0e8bb9593c0ff992432c59", "tests/unit/test_source_hashes.py": "cb41a7261eaf7d94ba5c0aae9c523174f6204be3"}, "modules": {"__main__": "client.py", "lib.client": "lib/client.py", "lib.common": "lib/common.py", "lib.external.ntplib": "lib/external/ntplib.py", "lib.source_hashes": "lib/source_hashes.py", "lib.summary": "lib/summary.py", "lib.time_sync": "lib/time_sync.py"}}
client 2021-03-09 03:39:11,910 [INFO] Running workload in ranging mode
client 2021-03-09 03:39:11,911 [INFO] Synchronizing with the server and with time.google.com...
client 2021-03-09 03:39:11,942 [INFO] NTP:offset = 0.000 s, delay = 0.026 s 
client 2021-03-09 03:39:11,943 [INFO] Sending command to the server: 'time'
client 2021-03-09 03:39:11,945 [INFO] Got response: '1615261151.9462492'
client 2021-03-09 03:39:11,945 [INFO] The time difference between the client and the server is within range -2.578 ms..-0.567 ms
client 2021-03-09 03:39:11,946 [INFO] Sending command to the server: 'session,2021-03-09_03-39-11,start,ranging'
client 2021-03-09 03:39:40,137 [INFO] Got response: 'OK'
client 2021-03-09 03:39:40,138 [INFO] Running the workload 'ck benchmark program:image-classification-armnn-tflite-loadgen --env.CK_SILENT_MODE=YES --skip_print_timers --dep_add_tags.compiler=gcc,v7 --dep_add_tags.python=v3 --dep_add_tags.mlperf-inference-src=r1.0 --dep_add_tags.weights=mobilenet,v2-0.35-96,quantized --dep_add_tags.images=crop.875,preprocessed,using-opencv --dep_add_tags.library=armnn,rel.21.02,neon --env.CK_LOADGEN_DATASET_SIZE=1024 --env.USE_NEON=1 --env.CK_LOADGEN_MODE=PerformanceOnly --env.CK_LOADGEN_SCENARIO=SingleStream --env.CK_LOADGEN_TARGET_LATENCY=$CK_LOADGEN_TARGET_LATENCY --skip_stat_analysis --process_multi_keys --repetitions=1 --record --record_repo=local --record_uoa=mlperf-open-xavier-armnn-v21.02-neon-mobilenet-v2-0.35-96-quantized-singlestream-performance-target_latency.$CK_LOADGEN_TARGET_LATENCY-power.workload --tags=mlperf,division.open,task.image-classification,platform.xavier,scenario.singlestream,mode.performance,workload.mobilenet-v2-0.35-96-quantized,preprocessed_using.opencv,inference_engine.armnn,inference_engine_version.v21.02,inference_engine_backend.neon,target_latency.$CK_LOADGEN_TARGET_LATENCY,power.workload "@@@{\'meta\': {\'ck_benchmark_program\': \'ck benchmark program:image-classification-armnn-tflite-loadgen --env.CK_SILENT_MODE=YES --skip_print_timers --dep_add_tags.compiler=gcc,v7 --dep_add_tags.python=v3 --dep_add_tags.mlperf-inference-src=r1.0 --dep_add_tags.weights=mobilenet,v2-0.35-96,quantized --dep_add_tags.images=crop.875,preprocessed,using-opencv --dep_add_tags.library=armnn,rel.21.02,neon --env.CK_LOADGEN_DATASET_SIZE=1024 --env.USE_NEON=1 --env.CK_LOADGEN_MODE=PerformanceOnly --env.CK_LOADGEN_SCENARIO=SingleStream --env.CK_LOADGEN_TARGET_LATENCY=$CK_LOADGEN_TARGET_LATENCY --skip_stat_analysis --process_multi_keys --repetitions=1 --record --record_repo=local --record_uoa=mlperf-open-xavier-armnn-v21.02-neon-mobilenet-v2-0.35-96-quantized-singlestream-performance-target_latency.$CK_LOADGEN_TARGET_LATENCY-power.workload --tags=mlperf,division.open,task.image-classification,platform.xavier,scenario.singlestream,mode.performance,workload.mobilenet-v2-0.35-96-quantized,preprocessed_using.opencv,inference_engine.armnn,inference_engine_version.v21.02,inference_engine_backend.neon,target_latency.$CK_LOADGEN_TARGET_LATENCY,power.workload\'}}"  && mkdir -p "$CK_MLPERF_POWER_CLIENT_LOADGEN_LOGS" && cp "$CK_MLPERF_POWER_CLIENT_LOADGEN_LOGS"/../mlperf_log_* "$CK_MLPERF_POWER_CLIENT_LOADGEN_LOGS"/'
client 2021-03-09 03:49:55,439 [INFO] Sending command to the server: 'session,2021-03-09_03-39-11,stop,ranging'
client 2021-03-09 03:50:06,132 [INFO] Got response: 'OK'
client 2021-03-09 03:50:06,134 [INFO] Running workload in testing mode
client 2021-03-09 03:50:06,135 [INFO] Synchronizing with the server and with time.google.com...
client 2021-03-09 03:50:06,192 [INFO] NTP:offset = -0.005 s, delay = 0.033 s 
client 2021-03-09 03:50:06,193 [INFO] Sending command to the server: 'time'
client 2021-03-09 03:50:06,194 [INFO] Got response: '1615261806.1918204'
client 2021-03-09 03:50:06,195 [INFO] The time difference between the client and the server is within range 1.344 ms..3.491 ms
client 2021-03-09 03:50:06,195 [INFO] Sending command to the server: 'session,2021-03-09_03-39-11,start,testing'
client 2021-03-09 03:50:19,211 [INFO] Got response: 'OK'
client 2021-03-09 03:50:19,213 [INFO] Running the workload 'ck benchmark program:image-classification-armnn-tflite-loadgen --env.CK_SILENT_MODE=YES --skip_print_timers --dep_add_tags.compiler=gcc,v7 --dep_add_tags.python=v3 --dep_add_tags.mlperf-inference-src=r1.0 --dep_add_tags.weights=mobilenet,v2-0.35-96,quantized --dep_add_tags.images=crop.875,preprocessed,using-opencv --dep_add_tags.library=armnn,rel.21.02,neon --env.CK_LOADGEN_DATASET_SIZE=1024 --env.USE_NEON=1 --env.CK_LOADGEN_MODE=PerformanceOnly --env.CK_LOADGEN_SCENARIO=SingleStream --env.CK_LOADGEN_TARGET_LATENCY=$CK_LOADGEN_TARGET_LATENCY --skip_stat_analysis --process_multi_keys --repetitions=1 --record --record_repo=local --record_uoa=mlperf-open-xavier-armnn-v21.02-neon-mobilenet-v2-0.35-96-quantized-singlestream-performance-target_latency.$CK_LOADGEN_TARGET_LATENCY-power.workload --tags=mlperf,division.open,task.image-classification,platform.xavier,scenario.singlestream,mode.performance,workload.mobilenet-v2-0.35-96-quantized,preprocessed_using.opencv,inference_engine.armnn,inference_engine_version.v21.02,inference_engine_backend.neon,target_latency.$CK_LOADGEN_TARGET_LATENCY,power.workload "@@@{\'meta\': {\'ck_benchmark_program\': \'ck benchmark program:image-classification-armnn-tflite-loadgen --env.CK_SILENT_MODE=YES --skip_print_timers --dep_add_tags.compiler=gcc,v7 --dep_add_tags.python=v3 --dep_add_tags.mlperf-inference-src=r1.0 --dep_add_tags.weights=mobilenet,v2-0.35-96,quantized --dep_add_tags.images=crop.875,preprocessed,using-opencv --dep_add_tags.library=armnn,rel.21.02,neon --env.CK_LOADGEN_DATASET_SIZE=1024 --env.USE_NEON=1 --env.CK_LOADGEN_MODE=PerformanceOnly --env.CK_LOADGEN_SCENARIO=SingleStream --env.CK_LOADGEN_TARGET_LATENCY=$CK_LOADGEN_TARGET_LATENCY --skip_stat_analysis --process_multi_keys --repetitions=1 --record --record_repo=local --record_uoa=mlperf-open-xavier-armnn-v21.02-neon-mobilenet-v2-0.35-96-quantized-singlestream-performance-target_latency.$CK_LOADGEN_TARGET_LATENCY-power.workload --tags=mlperf,division.open,task.image-classification,platform.xavier,scenario.singlestream,mode.performance,workload.mobilenet-v2-0.35-96-quantized,preprocessed_using.opencv,inference_engine.armnn,inference_engine_version.v21.02,inference_engine_backend.neon,target_latency.$CK_LOADGEN_TARGET_LATENCY,power.workload\'}}"  && mkdir -p "$CK_MLPERF_POWER_CLIENT_LOADGEN_LOGS" && cp "$CK_MLPERF_POWER_CLIENT_LOADGEN_LOGS"/../mlperf_log_* "$CK_MLPERF_POWER_CLIENT_LOADGEN_LOGS"/'
client 2021-03-09 04:00:34,569 [INFO] Sending command to the server: 'session,2021-03-09_03-39-11,stop,testing'
client 2021-03-09 04:00:44,942 [INFO] Got response: 'OK'
client 2021-03-09 04:00:44,945 [INFO] Done runs
