ptd-server 2021-03-09 03:39:11,905 [INFO] Got command from the client 'time'
ptd-server 2021-03-09 03:39:11,906 [INFO] Sending reply to client '1615261151.9061074'
ptd-server 2021-03-09 03:39:11,908 [INFO] Got command from the client 'new,,fdad1c01-8365-4fd6-bfb0-018049998d88'
ptd-server 2021-03-09 03:39:11,909 [INFO] Sending reply to client 'OK 2021-03-09_03-39-11,9817ba9c-e431-4383-8086-6a0c3ece5fa3'
ptd-server 2021-03-09 03:39:11,946 [INFO] Got command from the client 'time'
ptd-server 2021-03-09 03:39:11,946 [INFO] Sending reply to client '1615261151.9462492'
ptd-server 2021-03-09 03:39:11,948 [INFO] Got command from the client 'session,2021-03-09_03-39-11,start,ranging'
ptd-server 2021-03-09 03:39:11,948 [INFO] Running PTDaemon: ['/home/anton/projects/mlperf/power/inference_v1.0/ptd-linux-x86', '-l', 'ptd.log', '-p', '8888', '52', '/dev/usbtmc0']
ptd-server 2021-03-09 03:39:29,120 [INFO] Sending to ptd: 'Hello'
ptd-server 2021-03-09 03:39:29,120 [INFO] Reply from ptd: 'Hello, PTDaemon here!'
ptd-server 2021-03-09 03:39:29,120 [INFO] Sending to ptd: 'Identify'
ptd-server 2021-03-09 03:39:29,121 [INFO] Reply from ptd: 'YokogawaWT330E,1000,1,1,1,1,0,0,1,version=1.9.2-e8c7a49a-20201208,OS=Linux 5.8.0-43-generic #49~20.04.1-Ubuntu SMP Fri Feb 5 09:57:56 UTC 2021 x86_64,mode=power,1,1,1,0,0,no_cal_date,YOKOGAWA;WT333E;C3VD30030E;F1.04'
ptd-server 2021-03-09 03:39:29,121 [INFO] Connected to PTDaemon
ptd-server 2021-03-09 03:39:29,121 [INFO] Sending to ptd: 'RR'
ptd-server 2021-03-09 03:39:29,121 [INFO] Reply from ptd: 'Ranges,0,0.500000,0,300.000000'
ptd-server 2021-03-09 03:39:29,121 [INFO] Initial range for Amps is 0.500000 for Volts is 300.000000
ptd-server 2021-03-09 03:39:29,122 [INFO] Sending to ptd: 'SR,V,Auto'
ptd-server 2021-03-09 03:39:29,624 [INFO] Reply from ptd: 'Range V changed'
ptd-server 2021-03-09 03:39:29,624 [INFO] Sending to ptd: 'SR,A,Auto'
ptd-server 2021-03-09 03:39:30,127 [INFO] Reply from ptd: 'Range A changed'
ptd-server 2021-03-09 03:39:40,137 [INFO] Starting ranging mode
ptd-server 2021-03-09 03:39:40,137 [INFO] Sending to ptd: 'Go,1000,0,2021-03-09_03-39-11_ranging'
ptd-server 2021-03-09 03:39:40,138 [INFO] Reply from ptd: 'Starting untimed measurement, maximum 500000 samples at 1000ms with 0 rampup samples'
ptd-server 2021-03-09 03:39:40,138 [INFO] Sending reply to client 'OK'
ptd-server 2021-03-09 03:49:55,438 [INFO] Got command from the client 'session,2021-03-09_03-39-11,stop,ranging'
ptd-server 2021-03-09 03:50:05,440 [INFO] Sending to ptd: 'Stop'
ptd-server 2021-03-09 03:50:05,440 [INFO] Reply from ptd: 'Stopping untimed measurement'
ptd-server 2021-03-09 03:50:06,128 [INFO] Sending reply to client 'OK'
ptd-server 2021-03-09 03:50:06,191 [INFO] Got command from the client 'time'
ptd-server 2021-03-09 03:50:06,191 [INFO] Sending reply to client '1615261806.1918204'
ptd-server 2021-03-09 03:50:06,194 [INFO] Got command from the client 'session,2021-03-09_03-39-11,start,testing'
ptd-server 2021-03-09 03:50:06,194 [INFO] Sending to ptd: 'SR,V,251.370000'
ptd-server 2021-03-09 03:50:07,695 [INFO] Reply from ptd: 'Range V changed'
ptd-server 2021-03-09 03:50:07,695 [INFO] Sending to ptd: 'SR,A,0.126110'
ptd-server 2021-03-09 03:50:09,197 [INFO] Reply from ptd: 'Range A changed'
ptd-server 2021-03-09 03:50:19,207 [INFO] Starting testing mode
ptd-server 2021-03-09 03:50:19,207 [INFO] Sending to ptd: 'Go,1000,0,2021-03-09_03-39-11_testing'
ptd-server 2021-03-09 03:50:19,208 [INFO] Reply from ptd: 'Starting untimed measurement, maximum 500000 samples at 1000ms with 0 rampup samples'
ptd-server 2021-03-09 03:50:19,208 [INFO] Sending reply to client 'OK'
ptd-server 2021-03-09 04:00:34,567 [INFO] Got command from the client 'session,2021-03-09_03-39-11,stop,testing'
ptd-server 2021-03-09 04:00:44,577 [INFO] Sending to ptd: 'Stop'
ptd-server 2021-03-09 04:00:44,577 [INFO] Reply from ptd: 'Stopping untimed measurement'
ptd-server 2021-03-09 04:00:44,938 [INFO] Sending reply to client 'OK'
ptd-server 2021-03-09 04:00:44,947 [INFO] Got command from the client 'session,2021-03-09_03-39-11,upload,client.log'
ptd-server 2021-03-09 04:00:44,948 [INFO] Received '/home/anton/projects/mlperf/power-dev/output/2021-03-09_03-39-11client.log.tmp'
ptd-server 2021-03-09 04:00:44,948 [INFO] Removed '/home/anton/projects/mlperf/power-dev/output/2021-03-09_03-39-11client.log.tmp'
ptd-server 2021-03-09 04:00:44,948 [INFO] Sending reply to client 'OK'
ptd-server 2021-03-09 04:00:44,955 [INFO] Got command from the client 'session,2021-03-09_03-39-11,upload,client.json'
ptd-server 2021-03-09 04:00:44,955 [INFO] Received '/home/anton/projects/mlperf/power-dev/output/2021-03-09_03-39-11client.json.tmp'
ptd-server 2021-03-09 04:00:44,955 [INFO] Removed '/home/anton/projects/mlperf/power-dev/output/2021-03-09_03-39-11client.json.tmp'
ptd-server 2021-03-09 04:00:44,955 [INFO] Sending reply to client 'OK'
ptd-server 2021-03-09 04:00:44,956 [INFO] Got command from the client 'session,2021-03-09_03-39-11,done'
ptd-server 2021-03-09 04:00:44,956 [INFO] Sending to ptd: 'Stop'
ptd-server 2021-03-09 04:00:45,208 [INFO] Reply from ptd: 'Error: no measurement to stop'
ptd-server 2021-03-09 04:00:45,208 [INFO] Sending to ptd: 'SR,V,300.000000'
ptd-server 2021-03-09 04:00:46,710 [INFO] Reply from ptd: 'Range V changed'
ptd-server 2021-03-09 04:00:46,710 [INFO] Sending to ptd: 'SR,A,0.500000'
ptd-server 2021-03-09 04:00:48,211 [INFO] Reply from ptd: 'Range A changed'
ptd-server 2021-03-09 04:00:48,211 [INFO] Set initial values for Amps 0.500000 and Volts 300.000000
ptd-server 2021-03-09 04:00:48,211 [INFO] Stopping ptd...
