ptd-server 2021-03-01 02:55:20,632 [INFO] Got command from the client 'time'
ptd-server 2021-03-01 02:55:20,632 [INFO] Sending reply to client '1614567320.6326237'
ptd-server 2021-03-01 02:55:20,633 [INFO] Got command from the client 'new,,3ad3bf1e-1604-4746-b7c6-5a224e7f40cd'
ptd-server 2021-03-01 02:55:20,634 [INFO] Sending reply to client 'OK 2021-03-01_02-55-20,728ed329-7a2a-49d3-a3f6-2d6b60896c0f'
ptd-server 2021-03-01 02:55:20,671 [INFO] Got command from the client 'time'
ptd-server 2021-03-01 02:55:20,671 [INFO] Sending reply to client '1614567320.6711974'
ptd-server 2021-03-01 02:55:20,672 [INFO] Got command from the client 'session,2021-03-01_02-55-20,start,ranging'
ptd-server 2021-03-01 02:55:20,672 [INFO] Running PTDaemon: ['/home/anton/projects/mlperf/power/inference_v1.0/ptd-linux-x86', '-l', 'ptd.log', '-p', '8888', '52', '/dev/usbtmc0']
ptd-server 2021-03-01 02:55:37,841 [INFO] Sending to ptd: 'Hello'
ptd-server 2021-03-01 02:55:37,842 [INFO] Reply from ptd: 'Hello, PTDaemon here!'
ptd-server 2021-03-01 02:55:37,842 [INFO] Sending to ptd: 'Identify'
ptd-server 2021-03-01 02:55:37,842 [INFO] Reply from ptd: 'YokogawaWT330E,1000,1,1,1,1,0,0,1,version=1.9.2-e8c7a49a-20201208,OS=Linux 5.8.0-43-generic #49~20.04.1-Ubuntu SMP Fri Feb 5 09:57:56 UTC 2021 x86_64,mode=power,1,1,1,0,0,no_cal_date,YOKOGAWA;WT333E;C3VD30030E;F1.04'
ptd-server 2021-03-01 02:55:37,842 [INFO] Connected to PTDaemon
ptd-server 2021-03-01 02:55:37,843 [INFO] Sending to ptd: 'RR'
ptd-server 2021-03-01 02:55:37,843 [INFO] Reply from ptd: 'Ranges,0,0.500000,0,300.000000'
ptd-server 2021-03-01 02:55:37,843 [INFO] Initial range for Amps is 0.500000 for Volts is 300.000000
ptd-server 2021-03-01 02:55:37,843 [INFO] Sending to ptd: 'SR,V,Auto'
ptd-server 2021-03-01 02:55:38,346 [INFO] Reply from ptd: 'Range V changed'
ptd-server 2021-03-01 02:55:38,346 [INFO] Sending to ptd: 'SR,A,Auto'
ptd-server 2021-03-01 02:55:38,848 [INFO] Reply from ptd: 'Range A changed'
ptd-server 2021-03-01 02:55:48,859 [INFO] Starting ranging mode
ptd-server 2021-03-01 02:55:48,859 [INFO] Sending to ptd: 'Go,1000,0,2021-03-01_02-55-20_ranging'
ptd-server 2021-03-01 02:55:48,859 [INFO] Reply from ptd: 'Starting untimed measurement, maximum 500000 samples at 1000ms with 0 rampup samples'
ptd-server 2021-03-01 02:55:48,859 [INFO] Sending reply to client 'OK'
ptd-server 2021-03-01 03:06:08,168 [INFO] Got command from the client 'session,2021-03-01_02-55-20,stop,ranging'
ptd-server 2021-03-01 03:06:18,179 [INFO] Sending to ptd: 'Stop'
ptd-server 2021-03-01 03:06:18,179 [INFO] Reply from ptd: 'Stopping untimed measurement'
ptd-server 2021-03-01 03:06:18,418 [INFO] Sending reply to client 'OK'
ptd-server 2021-03-01 03:06:18,451 [INFO] Got command from the client 'time'
ptd-server 2021-03-01 03:06:18,451 [INFO] Sending reply to client '1614567978.4512842'
ptd-server 2021-03-01 03:06:18,452 [INFO] Got command from the client 'session,2021-03-01_02-55-20,start,testing'
ptd-server 2021-03-01 03:06:18,452 [INFO] Sending to ptd: 'SR,V,250.610000'
ptd-server 2021-03-01 03:06:20,360 [INFO] Reply from ptd: 'Range V changed'
ptd-server 2021-03-01 03:06:20,361 [INFO] Sending to ptd: 'SR,A,0.177010'
ptd-server 2021-03-01 03:06:21,862 [INFO] Reply from ptd: 'Range A changed'
ptd-server 2021-03-01 03:06:31,872 [INFO] Starting testing mode
ptd-server 2021-03-01 03:06:31,872 [INFO] Sending to ptd: 'Go,1000,0,2021-03-01_02-55-20_testing'
ptd-server 2021-03-01 03:06:31,873 [INFO] Reply from ptd: 'Starting untimed measurement, maximum 500000 samples at 1000ms with 0 rampup samples'
ptd-server 2021-03-01 03:06:31,873 [INFO] Sending reply to client 'OK'
ptd-server 2021-03-01 03:16:46,815 [INFO] Got command from the client 'session,2021-03-01_02-55-20,stop,testing'
ptd-server 2021-03-01 03:16:56,826 [INFO] Sending to ptd: 'Stop'
ptd-server 2021-03-01 03:16:56,826 [INFO] Reply from ptd: 'Stopping untimed measurement'
ptd-server 2021-03-01 03:16:56,966 [INFO] Sending reply to client 'OK'
ptd-server 2021-03-01 03:16:56,969 [INFO] Got command from the client 'session,2021-03-01_02-55-20,upload,client.log'
ptd-server 2021-03-01 03:16:56,970 [INFO] Received '/home/anton/projects/mlperf/power-dev/output/2021-03-01_02-55-20client.log.tmp'
ptd-server 2021-03-01 03:16:56,970 [INFO] Removed '/home/anton/projects/mlperf/power-dev/output/2021-03-01_02-55-20client.log.tmp'
ptd-server 2021-03-01 03:16:56,970 [INFO] Sending reply to client 'OK'
ptd-server 2021-03-01 03:16:56,975 [INFO] Got command from the client 'session,2021-03-01_02-55-20,upload,client.json'
ptd-server 2021-03-01 03:16:56,975 [INFO] Received '/home/anton/projects/mlperf/power-dev/output/2021-03-01_02-55-20client.json.tmp'
ptd-server 2021-03-01 03:16:56,976 [INFO] Removed '/home/anton/projects/mlperf/power-dev/output/2021-03-01_02-55-20client.json.tmp'
ptd-server 2021-03-01 03:16:56,976 [INFO] Sending reply to client 'OK'
ptd-server 2021-03-01 03:16:56,976 [INFO] Got command from the client 'session,2021-03-01_02-55-20,done'
ptd-server 2021-03-01 03:16:56,977 [INFO] Sending to ptd: 'Stop'
ptd-server 2021-03-01 03:16:56,977 [INFO] Reply from ptd: 'Error: no measurement to stop'
ptd-server 2021-03-01 03:16:56,977 [INFO] Sending to ptd: 'SR,V,300.000000'
ptd-server 2021-03-01 03:16:58,478 [INFO] Reply from ptd: 'Range V changed'
ptd-server 2021-03-01 03:16:58,478 [INFO] Sending to ptd: 'SR,A,0.500000'
ptd-server 2021-03-01 03:16:59,980 [INFO] Reply from ptd: 'Range A changed'
ptd-server 2021-03-01 03:16:59,980 [INFO] Set initial values for Amps 0.500000 and Volts 300.000000
ptd-server 2021-03-01 03:16:59,980 [INFO] Stopping ptd...
