ptd-server 2021-03-09 05:49:32,990 [INFO] Got command from the client 'time'
ptd-server 2021-03-09 05:49:32,990 [INFO] Sending reply to client '1615268972.9905057'
ptd-server 2021-03-09 05:49:32,992 [INFO] Got command from the client 'new,,ca6a8fbf-98b0-4156-bd44-289b0bb2eb79'
ptd-server 2021-03-09 05:49:32,992 [INFO] Sending reply to client 'OK 2021-03-09_05-49-32,9754ff85-2a1a-419c-be29-8fa8e8b5a109'
ptd-server 2021-03-09 05:49:33,031 [INFO] Got command from the client 'time'
ptd-server 2021-03-09 05:49:33,032 [INFO] Sending reply to client '1615268973.0320761'
ptd-server 2021-03-09 05:49:33,033 [INFO] Got command from the client 'session,2021-03-09_05-49-32,start,ranging'
ptd-server 2021-03-09 05:49:33,034 [INFO] Running PTDaemon: ['/home/anton/projects/mlperf/power/inference_v1.0/ptd-linux-x86', '-l', 'ptd.log', '-p', '8888', '52', '/dev/usbtmc0']
ptd-server 2021-03-09 05:49:50,207 [INFO] Sending to ptd: 'Hello'
ptd-server 2021-03-09 05:49:50,207 [INFO] Reply from ptd: 'Hello, PTDaemon here!'
ptd-server 2021-03-09 05:49:50,207 [INFO] Sending to ptd: 'Identify'
ptd-server 2021-03-09 05:49:50,208 [INFO] Reply from ptd: 'YokogawaWT330E,1000,1,1,1,1,0,0,1,version=1.9.2-e8c7a49a-20201208,OS=Linux 5.8.0-43-generic #49~20.04.1-Ubuntu SMP Fri Feb 5 09:57:56 UTC 2021 x86_64,mode=power,1,1,1,0,0,no_cal_date,YOKOGAWA;WT333E;C3VD30030E;F1.04'
ptd-server 2021-03-09 05:49:50,208 [INFO] Connected to PTDaemon
ptd-server 2021-03-09 05:49:50,208 [INFO] Sending to ptd: 'RR'
ptd-server 2021-03-09 05:49:50,208 [INFO] Reply from ptd: 'Ranges,0,0.500000,0,300.000000'
ptd-server 2021-03-09 05:49:50,209 [INFO] Initial range for Amps is 0.500000 for Volts is 300.000000
ptd-server 2021-03-09 05:49:50,209 [INFO] Sending to ptd: 'SR,V,Auto'
ptd-server 2021-03-09 05:49:50,711 [INFO] Reply from ptd: 'Range V changed'
ptd-server 2021-03-09 05:49:50,711 [INFO] Sending to ptd: 'SR,A,Auto'
ptd-server 2021-03-09 05:49:51,214 [INFO] Reply from ptd: 'Range A changed'
ptd-server 2021-03-09 05:50:01,224 [INFO] Starting ranging mode
ptd-server 2021-03-09 05:50:01,224 [INFO] Sending to ptd: 'Go,1000,0,2021-03-09_05-49-32_ranging'
ptd-server 2021-03-09 05:50:01,225 [INFO] Reply from ptd: 'Starting untimed measurement, maximum 500000 samples at 1000ms with 0 rampup samples'
ptd-server 2021-03-09 05:50:01,225 [INFO] Sending reply to client 'OK'
ptd-server 2021-03-09 06:00:16,625 [INFO] Got command from the client 'session,2021-03-09_05-49-32,stop,ranging'
ptd-server 2021-03-09 06:00:26,635 [INFO] Sending to ptd: 'Stop'
ptd-server 2021-03-09 06:00:26,635 [INFO] Reply from ptd: 'Stopping untimed measurement'
ptd-server 2021-03-09 06:00:27,330 [INFO] Sending reply to client 'OK'
ptd-server 2021-03-09 06:00:27,391 [INFO] Got command from the client 'time'
ptd-server 2021-03-09 06:00:27,392 [INFO] Sending reply to client '1615269627.3920312'
ptd-server 2021-03-09 06:00:27,394 [INFO] Got command from the client 'session,2021-03-09_05-49-32,start,testing'
ptd-server 2021-03-09 06:00:27,394 [INFO] Sending to ptd: 'SR,V,249.750000'
ptd-server 2021-03-09 06:00:28,895 [INFO] Reply from ptd: 'Range V changed'
ptd-server 2021-03-09 06:00:28,896 [INFO] Sending to ptd: 'SR,A,0.143660'
ptd-server 2021-03-09 06:00:30,397 [INFO] Reply from ptd: 'Range A changed'
ptd-server 2021-03-09 06:00:40,407 [INFO] Starting testing mode
ptd-server 2021-03-09 06:00:40,407 [INFO] Sending to ptd: 'Go,1000,0,2021-03-09_05-49-32_testing'
ptd-server 2021-03-09 06:00:40,408 [INFO] Reply from ptd: 'Starting untimed measurement, maximum 500000 samples at 1000ms with 0 rampup samples'
ptd-server 2021-03-09 06:00:40,408 [INFO] Sending reply to client 'OK'
ptd-server 2021-03-09 06:10:55,744 [INFO] Got command from the client 'session,2021-03-09_05-49-32,stop,testing'
ptd-server 2021-03-09 06:11:05,754 [INFO] Sending to ptd: 'Stop'
ptd-server 2021-03-09 06:11:05,755 [INFO] Reply from ptd: 'Stopping untimed measurement'
ptd-server 2021-03-09 06:11:06,117 [INFO] Sending reply to client 'OK'
ptd-server 2021-03-09 06:11:06,125 [INFO] Got command from the client 'session,2021-03-09_05-49-32,upload,client.log'
ptd-server 2021-03-09 06:11:06,127 [INFO] Received '/home/anton/projects/mlperf/power-dev/output/2021-03-09_05-49-32client.log.tmp'
ptd-server 2021-03-09 06:11:06,127 [INFO] Removed '/home/anton/projects/mlperf/power-dev/output/2021-03-09_05-49-32client.log.tmp'
ptd-server 2021-03-09 06:11:06,128 [INFO] Sending reply to client 'OK'
ptd-server 2021-03-09 06:11:06,134 [INFO] Got command from the client 'session,2021-03-09_05-49-32,upload,client.json'
ptd-server 2021-03-09 06:11:06,135 [INFO] Received '/home/anton/projects/mlperf/power-dev/output/2021-03-09_05-49-32client.json.tmp'
ptd-server 2021-03-09 06:11:06,135 [INFO] Removed '/home/anton/projects/mlperf/power-dev/output/2021-03-09_05-49-32client.json.tmp'
ptd-server 2021-03-09 06:11:06,135 [INFO] Sending reply to client 'OK'
ptd-server 2021-03-09 06:11:06,136 [INFO] Got command from the client 'session,2021-03-09_05-49-32,done'
ptd-server 2021-03-09 06:11:06,136 [INFO] Sending to ptd: 'Stop'
ptd-server 2021-03-09 06:11:06,409 [INFO] Reply from ptd: 'Error: no measurement to stop'
ptd-server 2021-03-09 06:11:06,409 [INFO] Sending to ptd: 'SR,V,300.000000'
ptd-server 2021-03-09 06:11:07,910 [INFO] Reply from ptd: 'Range V changed'
ptd-server 2021-03-09 06:11:07,910 [INFO] Sending to ptd: 'SR,A,0.500000'
ptd-server 2021-03-09 06:11:09,412 [INFO] Reply from ptd: 'Range A changed'
ptd-server 2021-03-09 06:11:09,412 [INFO] Set initial values for Amps 0.500000 and Volts 300.000000
ptd-server 2021-03-09 06:11:09,412 [INFO] Stopping ptd...
