client 2021-03-01 12:39:55,244 [INFO] Sending command to the server: 'mlcommons/power client v3'
client 2021-03-01 12:39:55,245 [INFO] Got response: 'mlcommons/power server v3'
client 2021-03-01 12:39:55,245 [INFO] Synchronizing with the server and with time.google.com...
client 2021-03-01 12:39:55,280 [INFO] NTP:offset = -0.003 s, delay = 0.028 s 
client 2021-03-01 12:39:55,280 [INFO] Sending command to the server: 'time'
client 2021-03-01 12:39:55,281 [INFO] Got response: '1614602395.2774332'
client 2021-03-01 12:39:55,281 [INFO] The time difference between the client and the server is within range 3.063 ms..4.269 ms
client 2021-03-01 12:39:55,281 [INFO] Sending command to the server: 'new,,b84bc73a-25b9-4e50-a5a2-20cbd0af8241'
client 2021-03-01 12:39:55,283 [INFO] Got response: 'OK 2021-03-01_12-39-55,0cd28228-617e-4b4d-bbf9-05e7c9a3c8ec'
client 2021-03-01 12:39:55,283 [INFO] Session id is '2021-03-01_12-39-55'
client 2021-03-01 12:39:55,283 [INFO] Sources: {"sources": {"client.py": "d1e75cb4b26101220ebd242e584cf3ca5d8f1996", "lib/__init__.py": "da39a3ee5e6b4b0d3255bfef95601890afd80709", "lib/client.py": "d42bebf5b74cb6ff3997e2a6c68422afac111a28", "lib/common.py": "b0bad80d8fa328a7636027d4d66ff453f8dd7889", "lib/external/ntplib.py": "4da8f970656505a40483206ef2b5d3dd5e81711d", "lib/server.py": "2ed36471c7af565d6c8438b2134edad1d7ddf166", "lib/source_hashes.py": "4cedff274c661cb1504052018fd4f00dfbf624ef", "lib/summary.py": "0db15d783907aa92038281af4e465545c0648ddb", "lib/time_sync.py": "76051226ec89287839723352f4162aaa24e0546a", "server.py": "99e1310e3f76292aef1b8792ce6b8c82f1d44d8b", "tests/unit/test_server.py": "64f11775bfed35232a0e8bb9593c0ff992432c59", "tests/unit/test_source_hashes.py": "cb41a7261eaf7d94ba5c0aae9c523174f6204be3"}, "modules": {"__main__": "client.py", "lib.client": "lib/client.py", "lib.common": "lib/common.py", "lib.external.ntplib": "lib/external/ntplib.py", "lib.source_hashes": "lib/source_hashes.py", "lib.summary": "lib/summary.py", "lib.time_sync": "lib/time_sync.py"}}
client 2021-03-01 12:39:55,284 [INFO] Running workload in ranging mode
client 2021-03-01 12:39:55,284 [INFO] Synchronizing with the server and with time.google.com...
client 2021-03-01 12:39:55,320 [INFO] NTP:offset = -0.003 s, delay = 0.033 s 
client 2021-03-01 12:39:55,320 [INFO] Sending command to the server: 'time'
client 2021-03-01 12:39:55,321 [INFO] Got response: '1614602395.3171048'
client 2021-03-01 12:39:55,321 [INFO] The time difference between the client and the server is within range 3.112 ms..4.227 ms
client 2021-03-01 12:39:55,321 [INFO] Sending command to the server: 'session,2021-03-01_12-39-55,start,ranging'
client 2021-03-01 12:40:23,508 [INFO] Got response: 'OK'
client 2021-03-01 12:40:23,509 [INFO] Running the workload 'ck benchmark program:image-classification-armnn-tflite-loadgen --env.CK_SILENT_MODE=YES --skip_print_timers --dep_add_tags.compiler=gcc,v7 --dep_add_tags.python=v3 --dep_add_tags.mlperf-inference-src=r1.0 --dep_add_tags.weights=mobilenet,v3-large-minimalistic_224_1.0_float --dep_add_tags.images=crop.875,preprocessed,using-opencv --dep_add_tags.library=armnn,rel.21.02,neon --env.CK_LOADGEN_DATASET_SIZE=1024 --env.USE_NEON=1 --env.CK_LOADGEN_SCENARIO=SingleStream --env.CK_LOADGEN_MODE=PerformanceOnly --env.CK_LOADGEN_TARGET_LATENCY=10 --skip_stat_analysis --process_multi_keys --repetitions=1 --record --record_repo=local --record_uoa=mlperf-open-xavier-armnn-v21.02-neon-mobilenet-v3-large-minimalistic_224_1.0_float-singlestream-performance-target_latency.10-power.workload --tags=mlperf,division.open,task.image-classification,platform.xavier,scenario.singlestream,mode.performance,workload.mobilenet-v3-large-minimalistic_224_1.0_float,preprocessed_using.opencv,inference_engine.armnn,inference_engine_version.v21.02,inference_engine_backend.neon,target_latency.10,power.workload "@@@{\'meta\': {\'ck_benchmark_program\': \'ck benchmark program:image-classification-armnn-tflite-loadgen --env.CK_SILENT_MODE=YES --skip_print_timers --dep_add_tags.compiler=gcc,v7 --dep_add_tags.python=v3 --dep_add_tags.mlperf-inference-src=r1.0 --dep_add_tags.weights=mobilenet,v3-large-minimalistic_224_1.0_float --dep_add_tags.images=crop.875,preprocessed,using-opencv --dep_add_tags.library=armnn,rel.21.02,neon --env.CK_LOADGEN_DATASET_SIZE=1024 --env.USE_NEON=1 --env.CK_LOADGEN_SCENARIO=SingleStream --env.CK_LOADGEN_MODE=PerformanceOnly --env.CK_LOADGEN_TARGET_LATENCY=10 --skip_stat_analysis --process_multi_keys --repetitions=1 --record --record_repo=local --record_uoa=mlperf-open-xavier-armnn-v21.02-neon-mobilenet-v3-large-minimalistic_224_1.0_float-singlestream-performance-target_latency.10-power.workload --tags=mlperf,division.open,task.image-classification,platform.xavier,scenario.singlestream,mode.performance,workload.mobilenet-v3-large-minimalistic_224_1.0_float,preprocessed_using.opencv,inference_engine.armnn,inference_engine_version.v21.02,inference_engine_backend.neon,target_latency.10,power.workload\'}}" && cat `ck find program:image-classification-armnn-tflite-loadgen`/tmp/mlperf_log_summary.txt && mkdir -p "$CK_MLPERF_POWER_CLIENT_LOADGEN_LOGS" && cp "$CK_MLPERF_POWER_CLIENT_LOADGEN_LOGS"/../mlperf_log_* "$CK_MLPERF_POWER_CLIENT_LOADGEN_LOGS"/'
client 2021-03-01 12:50:38,758 [INFO] Sending command to the server: 'session,2021-03-01_12-39-55,stop,ranging'
client 2021-03-01 12:50:49,022 [INFO] Got response: 'OK'
client 2021-03-01 12:50:49,023 [INFO] Running workload in testing mode
client 2021-03-01 12:50:49,024 [INFO] Synchronizing with the server and with time.google.com...
client 2021-03-01 12:50:49,056 [INFO] NTP:offset = -0.001 s, delay = 0.030 s 
client 2021-03-01 12:50:49,056 [INFO] Sending command to the server: 'time'
client 2021-03-01 12:50:49,057 [INFO] Got response: '1614603049.055862'
client 2021-03-01 12:50:49,057 [INFO] The time difference between the client and the server is within range 1.024 ms..2.056 ms
client 2021-03-01 12:50:49,058 [INFO] Sending command to the server: 'session,2021-03-01_12-39-55,start,testing'
client 2021-03-01 12:51:02,520 [INFO] Got response: 'OK'
client 2021-03-01 12:51:02,521 [INFO] Running the workload 'ck benchmark program:image-classification-armnn-tflite-loadgen --env.CK_SILENT_MODE=YES --skip_print_timers --dep_add_tags.compiler=gcc,v7 --dep_add_tags.python=v3 --dep_add_tags.mlperf-inference-src=r1.0 --dep_add_tags.weights=mobilenet,v3-large-minimalistic_224_1.0_float --dep_add_tags.images=crop.875,preprocessed,using-opencv --dep_add_tags.library=armnn,rel.21.02,neon --env.CK_LOADGEN_DATASET_SIZE=1024 --env.USE_NEON=1 --env.CK_LOADGEN_SCENARIO=SingleStream --env.CK_LOADGEN_MODE=PerformanceOnly --env.CK_LOADGEN_TARGET_LATENCY=10 --skip_stat_analysis --process_multi_keys --repetitions=1 --record --record_repo=local --record_uoa=mlperf-open-xavier-armnn-v21.02-neon-mobilenet-v3-large-minimalistic_224_1.0_float-singlestream-performance-target_latency.10-power.workload --tags=mlperf,division.open,task.image-classification,platform.xavier,scenario.singlestream,mode.performance,workload.mobilenet-v3-large-minimalistic_224_1.0_float,preprocessed_using.opencv,inference_engine.armnn,inference_engine_version.v21.02,inference_engine_backend.neon,target_latency.10,power.workload "@@@{\'meta\': {\'ck_benchmark_program\': \'ck benchmark program:image-classification-armnn-tflite-loadgen --env.CK_SILENT_MODE=YES --skip_print_timers --dep_add_tags.compiler=gcc,v7 --dep_add_tags.python=v3 --dep_add_tags.mlperf-inference-src=r1.0 --dep_add_tags.weights=mobilenet,v3-large-minimalistic_224_1.0_float --dep_add_tags.images=crop.875,preprocessed,using-opencv --dep_add_tags.library=armnn,rel.21.02,neon --env.CK_LOADGEN_DATASET_SIZE=1024 --env.USE_NEON=1 --env.CK_LOADGEN_SCENARIO=SingleStream --env.CK_LOADGEN_MODE=PerformanceOnly --env.CK_LOADGEN_TARGET_LATENCY=10 --skip_stat_analysis --process_multi_keys --repetitions=1 --record --record_repo=local --record_uoa=mlperf-open-xavier-armnn-v21.02-neon-mobilenet-v3-large-minimalistic_224_1.0_float-singlestream-performance-target_latency.10-power.workload --tags=mlperf,division.open,task.image-classification,platform.xavier,scenario.singlestream,mode.performance,workload.mobilenet-v3-large-minimalistic_224_1.0_float,preprocessed_using.opencv,inference_engine.armnn,inference_engine_version.v21.02,inference_engine_backend.neon,target_latency.10,power.workload\'}}" && cat `ck find program:image-classification-armnn-tflite-loadgen`/tmp/mlperf_log_summary.txt && mkdir -p "$CK_MLPERF_POWER_CLIENT_LOADGEN_LOGS" && cp "$CK_MLPERF_POWER_CLIENT_LOADGEN_LOGS"/../mlperf_log_* "$CK_MLPERF_POWER_CLIENT_LOADGEN_LOGS"/'
client 2021-03-01 13:01:17,547 [INFO] Sending command to the server: 'session,2021-03-01_12-39-55,stop,testing'
client 2021-03-01 13:01:27,704 [INFO] Got response: 'OK'
client 2021-03-01 13:01:27,705 [INFO] Done runs
