ptd-server 2021-03-06 01:17:35,337 [INFO] Got command from the client 'time'
ptd-server 2021-03-06 01:17:35,337 [INFO] Sending reply to client '1614993455.3372803'
ptd-server 2021-03-06 01:17:35,340 [INFO] Got command from the client 'new,,12b02380-fa2d-4d6f-8cb1-463f64b29e68'
ptd-server 2021-03-06 01:17:35,341 [INFO] Sending reply to client 'OK 2021-03-06_01-17-35,e9d9cc92-421c-442e-8964-913c5f9485e9'
ptd-server 2021-03-06 01:17:35,386 [INFO] Got command from the client 'time'
ptd-server 2021-03-06 01:17:35,386 [INFO] Sending reply to client '1614993455.3869069'
ptd-server 2021-03-06 01:17:35,389 [INFO] Got command from the client 'session,2021-03-06_01-17-35,start,ranging'
ptd-server 2021-03-06 01:17:35,390 [INFO] Running PTDaemon: ['/home/anton/projects/mlperf/power/inference_v1.0/ptd-linux-x86', '-l', 'ptd.log', '-p', '8888', '52', '/dev/usbtmc0']
ptd-server 2021-03-06 01:17:52,558 [INFO] Sending to ptd: 'Hello'
ptd-server 2021-03-06 01:17:52,559 [INFO] Reply from ptd: 'Hello, PTDaemon here!'
ptd-server 2021-03-06 01:17:52,559 [INFO] Sending to ptd: 'Identify'
ptd-server 2021-03-06 01:17:52,559 [INFO] Reply from ptd: 'YokogawaWT330E,1000,1,1,1,1,0,0,1,version=1.9.2-e8c7a49a-20201208,OS=Linux 5.8.0-43-generic #49~20.04.1-Ubuntu SMP Fri Feb 5 09:57:56 UTC 2021 x86_64,mode=power,1,1,1,0,0,no_cal_date,YOKOGAWA;WT333E;C3VD30030E;F1.04'
ptd-server 2021-03-06 01:17:52,560 [INFO] Connected to PTDaemon
ptd-server 2021-03-06 01:17:52,560 [INFO] Sending to ptd: 'RR'
ptd-server 2021-03-06 01:17:52,560 [INFO] Reply from ptd: 'Ranges,0,0.500000,0,300.000000'
ptd-server 2021-03-06 01:17:52,560 [INFO] Initial range for Amps is 0.500000 for Volts is 300.000000
ptd-server 2021-03-06 01:17:52,560 [INFO] Sending to ptd: 'SR,V,Auto'
ptd-server 2021-03-06 01:17:53,070 [INFO] Reply from ptd: 'Range V changed'
ptd-server 2021-03-06 01:17:53,070 [INFO] Sending to ptd: 'SR,A,Auto'
ptd-server 2021-03-06 01:17:53,572 [INFO] Reply from ptd: 'Range A changed'
ptd-server 2021-03-06 01:18:03,583 [INFO] Starting ranging mode
ptd-server 2021-03-06 01:18:03,583 [INFO] Sending to ptd: 'Go,1000,0,2021-03-06_01-17-35_ranging'
ptd-server 2021-03-06 01:18:03,583 [INFO] Reply from ptd: 'Starting untimed measurement, maximum 500000 samples at 1000ms with 0 rampup samples'
ptd-server 2021-03-06 01:18:03,583 [INFO] Sending reply to client 'OK'
ptd-server 2021-03-06 01:28:35,196 [INFO] Got command from the client 'session,2021-03-06_01-17-35,stop,ranging'
ptd-server 2021-03-06 01:28:45,206 [INFO] Sending to ptd: 'Stop'
ptd-server 2021-03-06 01:28:45,207 [INFO] Reply from ptd: 'Stopping untimed measurement'
ptd-server 2021-03-06 01:28:45,595 [INFO] Sending reply to client 'OK'
ptd-server 2021-03-06 01:28:45,636 [INFO] Got command from the client 'time'
ptd-server 2021-03-06 01:28:45,636 [INFO] Sending reply to client '1614994125.636805'
ptd-server 2021-03-06 01:28:45,641 [INFO] Got command from the client 'session,2021-03-06_01-17-35,start,testing'
ptd-server 2021-03-06 01:28:45,641 [INFO] Sending to ptd: 'SR,V,251.800000'
ptd-server 2021-03-06 01:28:47,142 [INFO] Reply from ptd: 'Range V changed'
ptd-server 2021-03-06 01:28:47,142 [INFO] Sending to ptd: 'SR,A,0.056190'
ptd-server 2021-03-06 01:28:48,644 [INFO] Reply from ptd: 'Range A changed'
ptd-server 2021-03-06 01:28:58,654 [INFO] Starting testing mode
ptd-server 2021-03-06 01:28:58,654 [INFO] Sending to ptd: 'Go,1000,0,2021-03-06_01-17-35_testing'
ptd-server 2021-03-06 01:28:58,655 [INFO] Reply from ptd: 'Starting untimed measurement, maximum 500000 samples at 1000ms with 0 rampup samples'
ptd-server 2021-03-06 01:28:58,655 [INFO] Sending reply to client 'OK'
ptd-server 2021-03-06 01:39:35,102 [INFO] Got command from the client 'session,2021-03-06_01-17-35,stop,testing'
ptd-server 2021-03-06 01:39:45,113 [INFO] Sending to ptd: 'Stop'
ptd-server 2021-03-06 01:39:45,113 [INFO] Reply from ptd: 'Stopping untimed measurement'
ptd-server 2021-03-06 01:39:45,319 [INFO] Sending reply to client 'OK'
ptd-server 2021-03-06 01:39:45,327 [INFO] Got command from the client 'session,2021-03-06_01-17-35,upload,client.log'
ptd-server 2021-03-06 01:39:45,331 [INFO] Received '/home/anton/projects/mlperf/power-dev/output/2021-03-06_01-17-35client.log.tmp'
ptd-server 2021-03-06 01:39:45,331 [INFO] Removed '/home/anton/projects/mlperf/power-dev/output/2021-03-06_01-17-35client.log.tmp'
ptd-server 2021-03-06 01:39:45,331 [INFO] Sending reply to client 'OK'
ptd-server 2021-03-06 01:39:45,344 [INFO] Got command from the client 'session,2021-03-06_01-17-35,upload,client.json'
ptd-server 2021-03-06 01:39:45,346 [INFO] Received '/home/anton/projects/mlperf/power-dev/output/2021-03-06_01-17-35client.json.tmp'
ptd-server 2021-03-06 01:39:45,347 [INFO] Removed '/home/anton/projects/mlperf/power-dev/output/2021-03-06_01-17-35client.json.tmp'
ptd-server 2021-03-06 01:39:45,347 [INFO] Sending reply to client 'OK'
ptd-server 2021-03-06 01:39:45,349 [INFO] Got command from the client 'session,2021-03-06_01-17-35,done'
ptd-server 2021-03-06 01:39:45,350 [INFO] Sending to ptd: 'Stop'
ptd-server 2021-03-06 01:39:45,656 [INFO] Reply from ptd: 'Error: no measurement to stop'
ptd-server 2021-03-06 01:39:45,656 [INFO] Sending to ptd: 'SR,V,300.000000'
ptd-server 2021-03-06 01:39:47,158 [INFO] Reply from ptd: 'Range V changed'
ptd-server 2021-03-06 01:39:47,158 [INFO] Sending to ptd: 'SR,A,0.500000'
ptd-server 2021-03-06 01:39:48,659 [INFO] Reply from ptd: 'Range A changed'
ptd-server 2021-03-06 01:39:48,659 [INFO] Set initial values for Amps 0.500000 and Volts 300.000000
ptd-server 2021-03-06 01:39:48,659 [INFO] Stopping ptd...
