ptd-server 2021-03-05 19:18:48,860 [INFO] Got command from the client 'time'
ptd-server 2021-03-05 19:18:48,861 [INFO] Sending reply to client '1614971928.861006'
ptd-server 2021-03-05 19:18:48,863 [INFO] Got command from the client 'new,,b7ac29fb-1a38-4bb7-9195-1b0eacfa8978'
ptd-server 2021-03-05 19:18:48,864 [INFO] Sending reply to client 'OK 2021-03-05_19-18-48,fb7e0015-26ca-4aae-b184-086cb801cd17'
ptd-server 2021-03-05 19:18:48,900 [INFO] Got command from the client 'time'
ptd-server 2021-03-05 19:18:48,901 [INFO] Sending reply to client '1614971928.9010427'
ptd-server 2021-03-05 19:18:48,903 [INFO] Got command from the client 'session,2021-03-05_19-18-48,start,ranging'
ptd-server 2021-03-05 19:18:48,903 [INFO] Running PTDaemon: ['/home/anton/projects/mlperf/power/inference_v1.0/ptd-linux-x86', '-l', 'ptd.log', '-p', '8888', '52', '/dev/usbtmc0']
ptd-server 2021-03-05 19:19:06,073 [INFO] Sending to ptd: 'Hello'
ptd-server 2021-03-05 19:19:06,073 [INFO] Reply from ptd: 'Hello, PTDaemon here!'
ptd-server 2021-03-05 19:19:06,073 [INFO] Sending to ptd: 'Identify'
ptd-server 2021-03-05 19:19:06,074 [INFO] Reply from ptd: 'YokogawaWT330E,1000,1,1,1,1,0,0,1,version=1.9.2-e8c7a49a-20201208,OS=Linux 5.8.0-43-generic #49~20.04.1-Ubuntu SMP Fri Feb 5 09:57:56 UTC 2021 x86_64,mode=power,1,1,1,0,0,no_cal_date,YOKOGAWA;WT333E;C3VD30030E;F1.04'
ptd-server 2021-03-05 19:19:06,074 [INFO] Connected to PTDaemon
ptd-server 2021-03-05 19:19:06,074 [INFO] Sending to ptd: 'RR'
ptd-server 2021-03-05 19:19:06,074 [INFO] Reply from ptd: 'Ranges,0,0.500000,0,300.000000'
ptd-server 2021-03-05 19:19:06,075 [INFO] Initial range for Amps is 0.500000 for Volts is 300.000000
ptd-server 2021-03-05 19:19:06,075 [INFO] Sending to ptd: 'SR,V,Auto'
ptd-server 2021-03-05 19:19:06,606 [INFO] Reply from ptd: 'Range V changed'
ptd-server 2021-03-05 19:19:06,606 [INFO] Sending to ptd: 'SR,A,Auto'
ptd-server 2021-03-05 19:19:07,109 [INFO] Reply from ptd: 'Range A changed'
ptd-server 2021-03-05 19:19:17,116 [INFO] Starting ranging mode
ptd-server 2021-03-05 19:19:17,116 [INFO] Sending to ptd: 'Go,1000,0,2021-03-05_19-18-48_ranging'
ptd-server 2021-03-05 19:19:17,117 [INFO] Reply from ptd: 'Starting untimed measurement, maximum 500000 samples at 1000ms with 0 rampup samples'
ptd-server 2021-03-05 19:19:17,117 [INFO] Sending reply to client 'OK'
ptd-server 2021-03-05 19:29:48,569 [INFO] Got command from the client 'session,2021-03-05_19-18-48,stop,ranging'
ptd-server 2021-03-05 19:29:58,579 [INFO] Sending to ptd: 'Stop'
ptd-server 2021-03-05 19:29:58,580 [INFO] Reply from ptd: 'Stopping untimed measurement'
ptd-server 2021-03-05 19:29:58,932 [INFO] Sending reply to client 'OK'
ptd-server 2021-03-05 19:29:58,990 [INFO] Got command from the client 'time'
ptd-server 2021-03-05 19:29:58,990 [INFO] Sending reply to client '1614972598.9902718'
ptd-server 2021-03-05 19:29:58,993 [INFO] Got command from the client 'session,2021-03-05_19-18-48,start,testing'
ptd-server 2021-03-05 19:29:58,993 [INFO] Sending to ptd: 'SR,V,251.130000'
ptd-server 2021-03-05 19:30:00,619 [INFO] Reply from ptd: 'Range V changed'
ptd-server 2021-03-05 19:30:00,619 [INFO] Sending to ptd: 'SR,A,0.056960'
ptd-server 2021-03-05 19:30:02,120 [INFO] Reply from ptd: 'Range A changed'
ptd-server 2021-03-05 19:30:12,131 [INFO] Starting testing mode
ptd-server 2021-03-05 19:30:12,131 [INFO] Sending to ptd: 'Go,1000,0,2021-03-05_19-18-48_testing'
ptd-server 2021-03-05 19:30:12,131 [INFO] Reply from ptd: 'Starting untimed measurement, maximum 500000 samples at 1000ms with 0 rampup samples'
ptd-server 2021-03-05 19:30:12,132 [INFO] Sending reply to client 'OK'
ptd-server 2021-03-05 19:40:48,551 [INFO] Got command from the client 'session,2021-03-05_19-18-48,stop,testing'
ptd-server 2021-03-05 19:40:58,561 [INFO] Sending to ptd: 'Stop'
ptd-server 2021-03-05 19:40:58,561 [INFO] Reply from ptd: 'Stopping untimed measurement'
ptd-server 2021-03-05 19:40:58,755 [INFO] Sending reply to client 'OK'
ptd-server 2021-03-05 19:40:58,763 [INFO] Got command from the client 'session,2021-03-05_19-18-48,upload,client.log'
ptd-server 2021-03-05 19:40:58,767 [INFO] Received '/home/anton/projects/mlperf/power-dev/output/2021-03-05_19-18-48client.log.tmp'
ptd-server 2021-03-05 19:40:58,767 [INFO] Removed '/home/anton/projects/mlperf/power-dev/output/2021-03-05_19-18-48client.log.tmp'
ptd-server 2021-03-05 19:40:58,767 [INFO] Sending reply to client 'OK'
ptd-server 2021-03-05 19:40:58,779 [INFO] Got command from the client 'session,2021-03-05_19-18-48,upload,client.json'
ptd-server 2021-03-05 19:40:58,782 [INFO] Received '/home/anton/projects/mlperf/power-dev/output/2021-03-05_19-18-48client.json.tmp'
ptd-server 2021-03-05 19:40:58,783 [INFO] Removed '/home/anton/projects/mlperf/power-dev/output/2021-03-05_19-18-48client.json.tmp'
ptd-server 2021-03-05 19:40:58,783 [INFO] Sending reply to client 'OK'
ptd-server 2021-03-05 19:40:58,785 [INFO] Got command from the client 'session,2021-03-05_19-18-48,done'
ptd-server 2021-03-05 19:40:58,786 [INFO] Sending to ptd: 'Stop'
ptd-server 2021-03-05 19:40:59,131 [INFO] Reply from ptd: 'Error: no measurement to stop'
ptd-server 2021-03-05 19:40:59,132 [INFO] Sending to ptd: 'SR,V,300.000000'
ptd-server 2021-03-05 19:41:00,633 [INFO] Reply from ptd: 'Range V changed'
ptd-server 2021-03-05 19:41:00,633 [INFO] Sending to ptd: 'SR,A,0.500000'
ptd-server 2021-03-05 19:41:02,134 [INFO] Reply from ptd: 'Range A changed'
ptd-server 2021-03-05 19:41:02,135 [INFO] Set initial values for Amps 0.500000 and Volts 300.000000
ptd-server 2021-03-05 19:41:02,135 [INFO] Stopping ptd...
