client 2021-02-26 20:59:14,668 [INFO] Sending command to the server: 'mlcommons/power client v3'
client 2021-02-26 20:59:14,669 [INFO] Got response: 'mlcommons/power server v3'
client 2021-02-26 20:59:14,669 [INFO] Synchronizing with the server and with time.google.com...
client 2021-02-26 20:59:14,711 [INFO] NTP:offset = 0.013 s, delay = 0.035 s 
client 2021-02-26 20:59:14,712 [INFO] Sending command to the server: 'time'
client 2021-02-26 20:59:14,713 [INFO] Got response: '1614373154.7266302'
client 2021-02-26 20:59:14,713 [INFO] The time difference between the client and the server is within range -14.495 ms..-13.164 ms
client 2021-02-26 20:59:14,713 [INFO] Sending command to the server: 'new,,856ff418-eb0d-4b08-9483-be86b834172c'
client 2021-02-26 20:59:14,715 [INFO] Got response: 'OK 2021-02-26_20-59-14,088f87d9-ccb4-48d3-9dda-037bbbe37f43'
client 2021-02-26 20:59:14,715 [INFO] Session id is '2021-02-26_20-59-14'
client 2021-02-26 20:59:14,715 [INFO] Sources: {"sources": {"client.py": "d1e75cb4b26101220ebd242e584cf3ca5d8f1996", "lib/__init__.py": "da39a3ee5e6b4b0d3255bfef95601890afd80709", "lib/client.py": "d42bebf5b74cb6ff3997e2a6c68422afac111a28", "lib/common.py": "b0bad80d8fa328a7636027d4d66ff453f8dd7889", "lib/external/ntplib.py": "4da8f970656505a40483206ef2b5d3dd5e81711d", "lib/server.py": "2ed36471c7af565d6c8438b2134edad1d7ddf166", "lib/source_hashes.py": "4cedff274c661cb1504052018fd4f00dfbf624ef", "lib/summary.py": "0db15d783907aa92038281af4e465545c0648ddb", "lib/time_sync.py": "76051226ec89287839723352f4162aaa24e0546a", "server.py": "99e1310e3f76292aef1b8792ce6b8c82f1d44d8b", "tests/unit/test_server.py": "64f11775bfed35232a0e8bb9593c0ff992432c59", "tests/unit/test_source_hashes.py": "cb41a7261eaf7d94ba5c0aae9c523174f6204be3"}, "modules": {"__main__": "client.py", "lib.client": "lib/client.py", "lib.common": "lib/common.py", "lib.external.ntplib": "lib/external/ntplib.py", "lib.source_hashes": "lib/source_hashes.py", "lib.summary": "lib/summary.py", "lib.time_sync": "lib/time_sync.py"}}
client 2021-02-26 20:59:14,716 [INFO] Running workload in ranging mode
client 2021-02-26 20:59:14,716 [INFO] Synchronizing with the server and with time.google.com...
client 2021-02-26 20:59:14,751 [INFO] NTP:offset = 0.014 s, delay = 0.033 s 
client 2021-02-26 20:59:14,752 [INFO] Sending command to the server: 'time'
client 2021-02-26 20:59:14,753 [INFO] Got response: '1614373154.766527'
client 2021-02-26 20:59:14,753 [INFO] The time difference between the client and the server is within range -14.465 ms..-13.297 ms
client 2021-02-26 20:59:14,753 [INFO] Sending command to the server: 'session,2021-02-26_20-59-14,start,ranging'
client 2021-02-26 20:59:42,941 [INFO] Got response: 'OK'
client 2021-02-26 20:59:42,941 [INFO] Running the workload 'ck benchmark program:image-classification-tflite-loadgen --env.CK_SILENT_MODE=YES --skip_print_timers --dep_add_tags.compiler=gcc,v7 --dep_add_tags.python=v3 --dep_add_tags.mlperf-inference-src=r1.0 --dep_add_tags.weights=efficientnet,lite1,quantized --dep_add_tags.images=crop.875,preprocessed,using-opencv --dep_add_tags.library=tflite,v2.4.1,with.ruy --env.CK_LOADGEN_DATASET_SIZE=1024 --env.CK_LOADGEN_SCENARIO=SingleStream --env.CK_LOADGEN_MODE=PerformanceOnly --env.CK_LOADGEN_TARGET_LATENCY=20 --skip_stat_analysis --process_multi_keys --repetitions=1 --record --record_repo=local --record_uoa=mlperf-open-xavier-tflite-v2.4.1-ruy-efficientnet-lite1-quantized-singlestream-performance-target_latency.20-power.workload --tags=mlperf,division.open,task.image-classification,platform.xavier,scenario.singlestream,mode.performance,workload.efficientnet-lite1-quantized,preprocessed_using.opencv,inference_engine.tflite,inference_engine_version.v2.4.1,inference_engine_backend.ruy,target_latency.20,power.workload "@@@{\'meta\': {\'ck_benchmark_program\': \'ck benchmark program:image-classification-tflite-loadgen --env.CK_SILENT_MODE=YES --skip_print_timers --dep_add_tags.compiler=gcc,v7 --dep_add_tags.python=v3 --dep_add_tags.mlperf-inference-src=r1.0 --dep_add_tags.weights=efficientnet,lite1,quantized --dep_add_tags.images=crop.875,preprocessed,using-opencv --dep_add_tags.library=tflite,v2.4.1,with.ruy --env.CK_LOADGEN_DATASET_SIZE=1024 --env.CK_LOADGEN_SCENARIO=SingleStream --env.CK_LOADGEN_MODE=PerformanceOnly --env.CK_LOADGEN_TARGET_LATENCY=20 --skip_stat_analysis --process_multi_keys --repetitions=1 --record --record_repo=local --record_uoa=mlperf-open-xavier-tflite-v2.4.1-ruy-efficientnet-lite1-quantized-singlestream-performance-target_latency.20-power.workload --tags=mlperf,division.open,task.image-classification,platform.xavier,scenario.singlestream,mode.performance,workload.efficientnet-lite1-quantized,preprocessed_using.opencv,inference_engine.tflite,inference_engine_version.v2.4.1,inference_engine_backend.ruy,target_latency.20,power.workload\'}}" && cat `ck find program:image-classification-tflite-loadgen`/tmp/mlperf_log_summary.txt && mkdir -p "$CK_MLPERF_POWER_CLIENT_LOADGEN_LOGS" && cp "$CK_MLPERF_POWER_CLIENT_LOADGEN_LOGS"/../mlperf_log_* "$CK_MLPERF_POWER_CLIENT_LOADGEN_LOGS"/'
client 2021-02-26 21:10:01,484 [INFO] Sending command to the server: 'session,2021-02-26_20-59-14,stop,ranging'
client 2021-02-26 21:10:11,526 [INFO] Got response: 'OK'
client 2021-02-26 21:10:11,641 [INFO] Running workload in testing mode
client 2021-02-26 21:10:11,641 [INFO] Synchronizing with the server and with time.google.com...
client 2021-02-26 21:10:11,684 [INFO] NTP:offset = 0.009 s, delay = 0.040 s 
client 2021-02-26 21:10:11,685 [INFO] Sending command to the server: 'time'
client 2021-02-26 21:10:11,686 [INFO] Got response: '1614373811.6950712'
client 2021-02-26 21:10:11,686 [INFO] The time difference between the client and the server is within range -9.917 ms..-8.626 ms
client 2021-02-26 21:10:11,686 [INFO] Sending command to the server: 'session,2021-02-26_20-59-14,start,testing'
client 2021-02-26 21:10:24,959 [INFO] Got response: 'OK'
client 2021-02-26 21:10:24,959 [INFO] Running the workload 'ck benchmark program:image-classification-tflite-loadgen --env.CK_SILENT_MODE=YES --skip_print_timers --dep_add_tags.compiler=gcc,v7 --dep_add_tags.python=v3 --dep_add_tags.mlperf-inference-src=r1.0 --dep_add_tags.weights=efficientnet,lite1,quantized --dep_add_tags.images=crop.875,preprocessed,using-opencv --dep_add_tags.library=tflite,v2.4.1,with.ruy --env.CK_LOADGEN_DATASET_SIZE=1024 --env.CK_LOADGEN_SCENARIO=SingleStream --env.CK_LOADGEN_MODE=PerformanceOnly --env.CK_LOADGEN_TARGET_LATENCY=20 --skip_stat_analysis --process_multi_keys --repetitions=1 --record --record_repo=local --record_uoa=mlperf-open-xavier-tflite-v2.4.1-ruy-efficientnet-lite1-quantized-singlestream-performance-target_latency.20-power.workload --tags=mlperf,division.open,task.image-classification,platform.xavier,scenario.singlestream,mode.performance,workload.efficientnet-lite1-quantized,preprocessed_using.opencv,inference_engine.tflite,inference_engine_version.v2.4.1,inference_engine_backend.ruy,target_latency.20,power.workload "@@@{\'meta\': {\'ck_benchmark_program\': \'ck benchmark program:image-classification-tflite-loadgen --env.CK_SILENT_MODE=YES --skip_print_timers --dep_add_tags.compiler=gcc,v7 --dep_add_tags.python=v3 --dep_add_tags.mlperf-inference-src=r1.0 --dep_add_tags.weights=efficientnet,lite1,quantized --dep_add_tags.images=crop.875,preprocessed,using-opencv --dep_add_tags.library=tflite,v2.4.1,with.ruy --env.CK_LOADGEN_DATASET_SIZE=1024 --env.CK_LOADGEN_SCENARIO=SingleStream --env.CK_LOADGEN_MODE=PerformanceOnly --env.CK_LOADGEN_TARGET_LATENCY=20 --skip_stat_analysis --process_multi_keys --repetitions=1 --record --record_repo=local --record_uoa=mlperf-open-xavier-tflite-v2.4.1-ruy-efficientnet-lite1-quantized-singlestream-performance-target_latency.20-power.workload --tags=mlperf,division.open,task.image-classification,platform.xavier,scenario.singlestream,mode.performance,workload.efficientnet-lite1-quantized,preprocessed_using.opencv,inference_engine.tflite,inference_engine_version.v2.4.1,inference_engine_backend.ruy,target_latency.20,power.workload\'}}" && cat `ck find program:image-classification-tflite-loadgen`/tmp/mlperf_log_summary.txt && mkdir -p "$CK_MLPERF_POWER_CLIENT_LOADGEN_LOGS" && cp "$CK_MLPERF_POWER_CLIENT_LOADGEN_LOGS"/../mlperf_log_* "$CK_MLPERF_POWER_CLIENT_LOADGEN_LOGS"/'
client 2021-02-26 21:20:43,311 [INFO] Sending command to the server: 'session,2021-02-26_20-59-14,stop,testing'
client 2021-02-26 21:20:53,337 [INFO] Got response: 'OK'
client 2021-02-26 21:20:53,338 [INFO] Done runs
