ptd-server 2021-02-26 20:59:14,726 [INFO] Got command from the client 'time'
ptd-server 2021-02-26 20:59:14,726 [INFO] Sending reply to client '1614373154.7266302'
ptd-server 2021-02-26 20:59:14,728 [INFO] Got command from the client 'new,,856ff418-eb0d-4b08-9483-be86b834172c'
ptd-server 2021-02-26 20:59:14,728 [INFO] Sending reply to client 'OK 2021-02-26_20-59-14,088f87d9-ccb4-48d3-9dda-037bbbe37f43'
ptd-server 2021-02-26 20:59:14,766 [INFO] Got command from the client 'time'
ptd-server 2021-02-26 20:59:14,766 [INFO] Sending reply to client '1614373154.766527'
ptd-server 2021-02-26 20:59:14,767 [INFO] Got command from the client 'session,2021-02-26_20-59-14,start,ranging'
ptd-server 2021-02-26 20:59:14,767 [INFO] Running PTDaemon: ['/home/anton/projects/mlperf/power/inference_v1.0/ptd-linux-x86', '-l', 'ptd.log', '-p', '8888', '52', '/dev/usbtmc0']
ptd-server 2021-02-26 20:59:31,936 [INFO] Sending to ptd: 'Hello'
ptd-server 2021-02-26 20:59:31,937 [INFO] Reply from ptd: 'Hello, PTDaemon here!'
ptd-server 2021-02-26 20:59:31,937 [INFO] Sending to ptd: 'Identify'
ptd-server 2021-02-26 20:59:31,937 [INFO] Reply from ptd: 'YokogawaWT330E,1000,1,1,1,1,0,0,1,version=1.9.2-e8c7a49a-20201208,OS=Linux 5.8.0-43-generic #49~20.04.1-Ubuntu SMP Fri Feb 5 09:57:56 UTC 2021 x86_64,mode=power,1,1,1,0,0,no_cal_date,YOKOGAWA;WT333E;C3VD30030E;F1.04'
ptd-server 2021-02-26 20:59:31,938 [INFO] Connected to PTDaemon
ptd-server 2021-02-26 20:59:31,938 [INFO] Sending to ptd: 'RR'
ptd-server 2021-02-26 20:59:31,938 [INFO] Reply from ptd: 'Ranges,0,0.500000,0,300.000000'
ptd-server 2021-02-26 20:59:31,938 [INFO] Initial range for Amps is 0.500000 for Volts is 300.000000
ptd-server 2021-02-26 20:59:31,938 [INFO] Sending to ptd: 'SR,V,Auto'
ptd-server 2021-02-26 20:59:32,441 [INFO] Reply from ptd: 'Range V changed'
ptd-server 2021-02-26 20:59:32,441 [INFO] Sending to ptd: 'SR,A,Auto'
ptd-server 2021-02-26 20:59:32,943 [INFO] Reply from ptd: 'Range A changed'
ptd-server 2021-02-26 20:59:42,954 [INFO] Starting ranging mode
ptd-server 2021-02-26 20:59:42,954 [INFO] Sending to ptd: 'Go,1000,0,2021-02-26_20-59-14_ranging'
ptd-server 2021-02-26 20:59:42,954 [INFO] Reply from ptd: 'Starting untimed measurement, maximum 500000 samples at 1000ms with 0 rampup samples'
ptd-server 2021-02-26 20:59:42,955 [INFO] Sending reply to client 'OK'
ptd-server 2021-02-26 21:10:01,494 [INFO] Got command from the client 'session,2021-02-26_20-59-14,stop,ranging'
ptd-server 2021-02-26 21:10:11,504 [INFO] Sending to ptd: 'Stop'
ptd-server 2021-02-26 21:10:11,505 [INFO] Reply from ptd: 'Stopping untimed measurement'
ptd-server 2021-02-26 21:10:11,534 [INFO] Sending reply to client 'OK'
ptd-server 2021-02-26 21:10:11,694 [INFO] Got command from the client 'time'
ptd-server 2021-02-26 21:10:11,695 [INFO] Sending reply to client '1614373811.6950712'
ptd-server 2021-02-26 21:10:11,696 [INFO] Got command from the client 'session,2021-02-26_20-59-14,start,testing'
ptd-server 2021-02-26 21:10:11,696 [INFO] Sending to ptd: 'SR,V,249.490000'
ptd-server 2021-02-26 21:10:13,455 [INFO] Reply from ptd: 'Range V changed'
ptd-server 2021-02-26 21:10:13,455 [INFO] Sending to ptd: 'SR,A,0.185210'
ptd-server 2021-02-26 21:10:14,957 [INFO] Reply from ptd: 'Range A changed'
ptd-server 2021-02-26 21:10:24,967 [INFO] Starting testing mode
ptd-server 2021-02-26 21:10:24,967 [INFO] Sending to ptd: 'Go,1000,0,2021-02-26_20-59-14_testing'
ptd-server 2021-02-26 21:10:24,967 [INFO] Reply from ptd: 'Starting untimed measurement, maximum 500000 samples at 1000ms with 0 rampup samples'
ptd-server 2021-02-26 21:10:24,968 [INFO] Sending reply to client 'OK'
ptd-server 2021-02-26 21:20:43,320 [INFO] Got command from the client 'session,2021-02-26_20-59-14,stop,testing'
ptd-server 2021-02-26 21:20:53,331 [INFO] Sending to ptd: 'Stop'
ptd-server 2021-02-26 21:20:53,331 [INFO] Reply from ptd: 'Stopping untimed measurement'
ptd-server 2021-02-26 21:20:53,345 [INFO] Sending reply to client 'OK'
ptd-server 2021-02-26 21:20:53,349 [INFO] Got command from the client 'session,2021-02-26_20-59-14,upload,client.log'
ptd-server 2021-02-26 21:20:53,349 [INFO] Received '/home/anton/projects/mlperf/power-dev/output/2021-02-26_20-59-14client.log.tmp'
ptd-server 2021-02-26 21:20:53,349 [INFO] Removed '/home/anton/projects/mlperf/power-dev/output/2021-02-26_20-59-14client.log.tmp'
ptd-server 2021-02-26 21:20:53,349 [INFO] Sending reply to client 'OK'
ptd-server 2021-02-26 21:20:53,353 [INFO] Got command from the client 'session,2021-02-26_20-59-14,upload,client.json'
ptd-server 2021-02-26 21:20:53,354 [INFO] Received '/home/anton/projects/mlperf/power-dev/output/2021-02-26_20-59-14client.json.tmp'
ptd-server 2021-02-26 21:20:53,354 [INFO] Removed '/home/anton/projects/mlperf/power-dev/output/2021-02-26_20-59-14client.json.tmp'
ptd-server 2021-02-26 21:20:53,354 [INFO] Sending reply to client 'OK'
ptd-server 2021-02-26 21:20:53,355 [INFO] Got command from the client 'session,2021-02-26_20-59-14,done'
ptd-server 2021-02-26 21:20:53,355 [INFO] Sending to ptd: 'Stop'
ptd-server 2021-02-26 21:20:53,967 [INFO] Reply from ptd: 'Error: no measurement to stop'
ptd-server 2021-02-26 21:20:53,967 [INFO] Sending to ptd: 'SR,V,300.000000'
ptd-server 2021-02-26 21:20:55,469 [INFO] Reply from ptd: 'Range V changed'
ptd-server 2021-02-26 21:20:55,469 [INFO] Sending to ptd: 'SR,A,0.500000'
ptd-server 2021-02-26 21:20:56,970 [INFO] Reply from ptd: 'Range A changed'
ptd-server 2021-02-26 21:20:56,970 [INFO] Set initial values for Amps 0.500000 and Volts 300.000000
ptd-server 2021-02-26 21:20:56,970 [INFO] Stopping ptd...
