client 2021-03-18 19:42:16,118 [INFO] Creating output directory 'client-output-directory'
client 2021-03-18 19:42:16,119 [INFO] Sending command to the server: 'mlcommons/power client v3'
client 2021-03-18 19:42:16,120 [INFO] Got response: 'mlcommons/power server v3'
client 2021-03-18 19:42:16,120 [INFO] Synchronizing with the server and with 100.64.0.18...
client 2021-03-18 19:42:16,122 [INFO] NTP:offset = 0.002 s, delay = 0.001 s 
client 2021-03-18 19:42:16,122 [INFO] Sending command to the server: 'time'
client 2021-03-18 19:42:16,123 [INFO] Got response: '1616114536.0701177'
client 2021-03-18 19:42:16,123 [INFO] The time difference between the client and the server is within range 52.546 ms..53.112 ms
client 2021-03-18 19:42:16,123 [INFO] Sending command to the server: 'new,,7fa95718-e21a-4c95-b6ae-0a10652471b1'
client 2021-03-18 19:42:16,124 [INFO] Got response: 'OK 2021-03-18_19-42-16,5ff86f3b-7b30-444f-aa19-d04996b57e96'
client 2021-03-18 19:42:16,124 [INFO] Session id is '2021-03-18_19-42-16'
client 2021-03-18 19:42:16,124 [INFO] Sources: {"sources": {"client.py": "d1e75cb4b26101220ebd242e584cf3ca5d8f1996", "lib/__init__.py": "da39a3ee5e6b4b0d3255bfef95601890afd80709", "lib/client.py": "d42bebf5b74cb6ff3997e2a6c68422afac111a28", "lib/common.py": "b0bad80d8fa328a7636027d4d66ff453f8dd7889", "lib/external/ntplib.py": "4da8f970656505a40483206ef2b5d3dd5e81711d", "lib/server.py": "2ed36471c7af565d6c8438b2134edad1d7ddf166", "lib/source_hashes.py": "4cedff274c661cb1504052018fd4f00dfbf624ef", "lib/summary.py": "0db15d783907aa92038281af4e465545c0648ddb", "lib/time_sync.py": "76051226ec89287839723352f4162aaa24e0546a", "server.py": "99e1310e3f76292aef1b8792ce6b8c82f1d44d8b", "tests/unit/test_server.py": "64f11775bfed35232a0e8bb9593c0ff992432c59", "tests/unit/test_source_hashes.py": "cb41a7261eaf7d94ba5c0aae9c523174f6204be3"}, "modules": {"__main__": "client.py", "lib.client": "lib/client.py", "lib.common": "lib/common.py", "lib.external.ntplib": "lib/external/ntplib.py", "lib.source_hashes": "lib/source_hashes.py", "lib.summary": "lib/summary.py", "lib.time_sync": "lib/time_sync.py"}}
client 2021-03-18 19:42:16,126 [INFO] Running workload in ranging mode
client 2021-03-18 19:42:16,126 [INFO] Synchronizing with the server and with 100.64.0.18...
client 2021-03-18 19:42:16,127 [INFO] NTP:offset = 0.002 s, delay = 0.001 s 
client 2021-03-18 19:42:16,127 [INFO] Sending command to the server: 'time'
client 2021-03-18 19:42:16,128 [INFO] Got response: '1616114536.0754342'
client 2021-03-18 19:42:16,128 [INFO] The time difference between the client and the server is within range 52.547 ms..53.115 ms
client 2021-03-18 19:42:16,128 [INFO] Sending command to the server: 'session,2021-03-18_19-42-16,start,ranging'
client 2021-03-18 19:42:39,996 [INFO] Got response: 'OK'
client 2021-03-18 19:42:39,996 [INFO] Running the workload 'make run_harness \\\n\t\t\tRUN_ARGS="--benchmarks=resnet50 \\\n\t\t\t--scenarios=Server \\\n\t\t\t--config_ver=R7525 \\\n\t\t\t--log_dir build/logs/powerlogs/ \\\n\t\t\t--test_mode=PerformanceOnly \\\n\t\t\t--system_name=R7525_A100_PCIe-40GBx3_TRT"'
client 2021-03-18 19:53:21,613 [INFO] Sending command to the server: 'session,2021-03-18_19-42-16,stop,ranging'
client 2021-03-18 19:53:31,690 [INFO] Got response: 'OK'
client 2021-03-18 19:53:31,693 [INFO] Running workload in testing mode
client 2021-03-18 19:53:31,693 [INFO] Synchronizing with the server and with 100.64.0.18...
client 2021-03-18 19:53:31,695 [INFO] NTP:offset = 0.002 s, delay = 0.001 s 
client 2021-03-18 19:53:31,695 [INFO] Sending command to the server: 'time'
client 2021-03-18 19:53:31,695 [INFO] Got response: '1616115211.6169617'
client 2021-03-18 19:53:31,695 [INFO] The time difference between the client and the server is within range 78.405 ms..78.967 ms
client 2021-03-18 19:53:31,695 [INFO] Sending command to the server: 'session,2021-03-18_19-42-16,start,testing'
client 2021-03-18 19:53:45,074 [INFO] Got response: 'OK'
client 2021-03-18 19:53:45,074 [INFO] Running the workload 'make run_harness \\\n\t\t\tRUN_ARGS="--benchmarks=resnet50 \\\n\t\t\t--scenarios=Server \\\n\t\t\t--config_ver=R7525 \\\n\t\t\t--log_dir build/logs/powerlogs/ \\\n\t\t\t--test_mode=PerformanceOnly \\\n\t\t\t--system_name=R7525_A100_PCIe-40GBx3_TRT"'
client 2021-03-18 20:04:26,415 [INFO] Sending command to the server: 'session,2021-03-18_19-42-16,stop,testing'
client 2021-03-18 20:04:36,454 [INFO] Got response: 'OK'
client 2021-03-18 20:04:36,457 [INFO] Done runs
