ptd-server 2021-03-18 19:42:16,070 [INFO] Got command from the client 'time'
ptd-server 2021-03-18 19:42:16,070 [INFO] Sending reply to client '1616114536.0701177'
ptd-server 2021-03-18 19:42:16,070 [INFO] Got command from the client 'new,,7fa95718-e21a-4c95-b6ae-0a10652471b1'
ptd-server 2021-03-18 19:42:16,071 [INFO] Sending reply to client 'OK 2021-03-18_19-42-16,5ff86f3b-7b30-444f-aa19-d04996b57e96'
ptd-server 2021-03-18 19:42:16,075 [INFO] Got command from the client 'time'
ptd-server 2021-03-18 19:42:16,075 [INFO] Sending reply to client '1616114536.0754342'
ptd-server 2021-03-18 19:42:16,076 [INFO] Got command from the client 'session,2021-03-18_19-42-16,start,ranging'
ptd-server 2021-03-18 19:42:16,182 [INFO] Running PTDaemon: ['D:\\PTD\\ptd-windows-x86.exe', '-l', 'logs_ptdeamon.txt', '-p', '8888', '-g', '8', '1']
ptd-server 2021-03-18 19:42:28,893 [INFO] Sending to ptd: 'Hello'
ptd-server 2021-03-18 19:42:28,893 [INFO] Reply from ptd: 'Hello, PTDaemon here!'
ptd-server 2021-03-18 19:42:28,894 [INFO] Sending to ptd: 'Identify'
ptd-server 2021-03-18 19:42:28,894 [INFO] Reply from ptd: 'YokogawaWT210,1000,1,1,1,1,0,0,1,version=1.9.2-3976349f-20201208,OS=Windows 8 / Server 2012,mode=power,1,1,1,0,0,no_cal_date,YOKOGAWA;760401;0;F1.12'
ptd-server 2021-03-18 19:42:28,895 [INFO] Connected to PTDaemon
ptd-server 2021-03-18 19:42:28,895 [INFO] Sending to ptd: 'RR'
ptd-server 2021-03-18 19:42:28,895 [INFO] Reply from ptd: 'Ranges,1,5.000000,1,300.000000'
ptd-server 2021-03-18 19:42:28,895 [INFO] Initial range for Amps is Auto for Volts is Auto
ptd-server 2021-03-18 19:42:28,896 [INFO] Sending to ptd: 'SR,V,Auto'
ptd-server 2021-03-18 19:42:29,417 [INFO] Reply from ptd: 'Range V changed'
ptd-server 2021-03-18 19:42:29,417 [INFO] Sending to ptd: 'SR,A,Auto'
ptd-server 2021-03-18 19:42:29,939 [INFO] Reply from ptd: 'Range A changed'
ptd-server 2021-03-18 19:42:39,941 [INFO] Starting ranging mode
ptd-server 2021-03-18 19:42:39,941 [INFO] Sending to ptd: 'Go,1000,0,2021-03-18_19-42-16_ranging'
ptd-server 2021-03-18 19:42:39,941 [INFO] Reply from ptd: 'Starting untimed measurement, maximum 500000 samples at 1000ms with 0 rampup samples'
ptd-server 2021-03-18 19:42:39,942 [INFO] Sending reply to client 'OK'
ptd-server 2021-03-18 19:53:21,536 [INFO] Got command from the client 'session,2021-03-18_19-42-16,stop,ranging'
ptd-server 2021-03-18 19:53:31,544 [INFO] Sending to ptd: 'Stop'
ptd-server 2021-03-18 19:53:31,544 [INFO] Reply from ptd: 'Stopping untimed measurement'
ptd-server 2021-03-18 19:53:31,611 [INFO] Sending reply to client 'OK'
ptd-server 2021-03-18 19:53:31,616 [INFO] Got command from the client 'time'
ptd-server 2021-03-18 19:53:31,616 [INFO] Sending reply to client '1616115211.6169617'
ptd-server 2021-03-18 19:53:31,617 [INFO] Got command from the client 'session,2021-03-18_19-42-16,start,testing'
ptd-server 2021-03-18 19:53:31,617 [INFO] Sending to ptd: 'SR,V,205.740000'
ptd-server 2021-03-18 19:53:33,470 [INFO] Reply from ptd: 'Range V changed'
ptd-server 2021-03-18 19:53:33,470 [INFO] Sending to ptd: 'SR,A,5.502400'
ptd-server 2021-03-18 19:53:34,991 [INFO] Reply from ptd: 'Range A changed'
ptd-server 2021-03-18 19:53:44,993 [INFO] Starting testing mode
ptd-server 2021-03-18 19:53:44,993 [INFO] Sending to ptd: 'Go,1000,0,2021-03-18_19-42-16_testing'
ptd-server 2021-03-18 19:53:44,993 [INFO] Reply from ptd: 'Starting untimed measurement, maximum 500000 samples at 1000ms with 0 rampup samples'
ptd-server 2021-03-18 19:53:44,994 [INFO] Sending reply to client 'OK'
ptd-server 2021-03-18 20:04:26,312 [INFO] Got command from the client 'session,2021-03-18_19-42-16,stop,testing'
ptd-server 2021-03-18 20:04:36,314 [INFO] Sending to ptd: 'Stop'
ptd-server 2021-03-18 20:04:36,314 [INFO] Reply from ptd: 'Stopping untimed measurement'
ptd-server 2021-03-18 20:04:36,349 [INFO] Sending reply to client 'OK'
ptd-server 2021-03-18 20:04:36,356 [INFO] Got command from the client 'session,2021-03-18_19-42-16,upload,client.log'
ptd-server 2021-03-18 20:04:36,358 [INFO] Received 'D:\\ptd-logs\\2021-03-18_19-42-16client.log.tmp'
ptd-server 2021-03-18 20:04:36,363 [INFO] Removed 'D:\\ptd-logs\\2021-03-18_19-42-16client.log.tmp'
ptd-server 2021-03-18 20:04:36,364 [INFO] Sending reply to client 'OK'
ptd-server 2021-03-18 20:04:36,370 [INFO] Got command from the client 'session,2021-03-18_19-42-16,upload,client.json'
ptd-server 2021-03-18 20:04:36,372 [INFO] Received 'D:\\ptd-logs\\2021-03-18_19-42-16client.json.tmp'
ptd-server 2021-03-18 20:04:36,378 [INFO] Removed 'D:\\ptd-logs\\2021-03-18_19-42-16client.json.tmp'
ptd-server 2021-03-18 20:04:36,378 [INFO] Sending reply to client 'OK'
ptd-server 2021-03-18 20:04:36,378 [INFO] Got command from the client 'session,2021-03-18_19-42-16,done'
ptd-server 2021-03-18 20:04:36,378 [INFO] Sending to ptd: 'Stop'
ptd-server 2021-03-18 20:04:37,007 [INFO] Reply from ptd: 'Error: no measurement to stop'
ptd-server 2021-03-18 20:04:37,007 [INFO] Sending to ptd: 'SR,V,Auto'
ptd-server 2021-03-18 20:04:37,532 [INFO] Reply from ptd: 'Range V changed'
ptd-server 2021-03-18 20:04:37,532 [INFO] Sending to ptd: 'SR,A,Auto'
ptd-server 2021-03-18 20:04:38,057 [INFO] Reply from ptd: 'Range A changed'
ptd-server 2021-03-18 20:04:38,057 [INFO] Set initial values for Amps Auto and Volts Auto
ptd-server 2021-03-18 20:04:38,058 [INFO] Stopping ptd...
