ptd-server 2021-03-09 17:51:06,630 [INFO] Got command from the client 'time'
ptd-server 2021-03-09 17:51:06,630 [INFO] Sending reply to client '1615312266.6304326'
ptd-server 2021-03-09 17:51:06,632 [INFO] Got command from the client 'new,,9e932e8c-1e6a-421d-a45f-15405ad774fc'
ptd-server 2021-03-09 17:51:06,633 [INFO] Sending reply to client 'OK 2021-03-09_17-51-06,8a9d8621-f532-4e4e-ab42-23fc0e19c4d6'
ptd-server 2021-03-09 17:51:06,670 [INFO] Got command from the client 'time'
ptd-server 2021-03-09 17:51:06,670 [INFO] Sending reply to client '1615312266.6704931'
ptd-server 2021-03-09 17:51:06,672 [INFO] Got command from the client 'session,2021-03-09_17-51-06,start,ranging'
ptd-server 2021-03-09 17:51:06,672 [INFO] Running PTDaemon: ['/home/anton/projects/mlperf/power/inference_v1.0/ptd-linux-x86', '-l', 'ptd.log', '-p', '8888', '52', '/dev/usbtmc0']
ptd-server 2021-03-09 17:51:23,844 [INFO] Sending to ptd: 'Hello'
ptd-server 2021-03-09 17:51:23,845 [INFO] Reply from ptd: 'Hello, PTDaemon here!'
ptd-server 2021-03-09 17:51:23,845 [INFO] Sending to ptd: 'Identify'
ptd-server 2021-03-09 17:51:23,846 [INFO] Reply from ptd: 'YokogawaWT330E,1000,1,1,1,1,0,0,1,version=1.9.2-e8c7a49a-20201208,OS=Linux 5.8.0-43-generic #49~20.04.1-Ubuntu SMP Fri Feb 5 09:57:56 UTC 2021 x86_64,mode=power,1,1,1,0,0,no_cal_date,YOKOGAWA;WT333E;C3VD30030E;F1.04'
ptd-server 2021-03-09 17:51:23,846 [INFO] Connected to PTDaemon
ptd-server 2021-03-09 17:51:23,846 [INFO] Sending to ptd: 'RR'
ptd-server 2021-03-09 17:51:23,846 [INFO] Reply from ptd: 'Ranges,0,0.500000,0,300.000000'
ptd-server 2021-03-09 17:51:23,846 [INFO] Initial range for Amps is 0.500000 for Volts is 300.000000
ptd-server 2021-03-09 17:51:23,846 [INFO] Sending to ptd: 'SR,V,Auto'
ptd-server 2021-03-09 17:51:24,351 [INFO] Reply from ptd: 'Range V changed'
ptd-server 2021-03-09 17:51:24,351 [INFO] Sending to ptd: 'SR,A,Auto'
ptd-server 2021-03-09 17:51:24,854 [INFO] Reply from ptd: 'Range A changed'
ptd-server 2021-03-09 17:51:34,864 [INFO] Starting ranging mode
ptd-server 2021-03-09 17:51:34,864 [INFO] Sending to ptd: 'Go,1000,0,2021-03-09_17-51-06_ranging'
ptd-server 2021-03-09 17:51:34,865 [INFO] Reply from ptd: 'Starting untimed measurement, maximum 500000 samples at 1000ms with 0 rampup samples'
ptd-server 2021-03-09 17:51:34,865 [INFO] Sending reply to client 'OK'
ptd-server 2021-03-09 18:01:50,572 [INFO] Got command from the client 'session,2021-03-09_17-51-06,stop,ranging'
ptd-server 2021-03-09 18:02:00,583 [INFO] Sending to ptd: 'Stop'
ptd-server 2021-03-09 18:02:00,583 [INFO] Reply from ptd: 'Stopping untimed measurement'
ptd-server 2021-03-09 18:02:01,357 [INFO] Sending reply to client 'OK'
ptd-server 2021-03-09 18:02:01,401 [INFO] Got command from the client 'time'
ptd-server 2021-03-09 18:02:01,401 [INFO] Sending reply to client '1615312921.401696'
ptd-server 2021-03-09 18:02:01,405 [INFO] Got command from the client 'session,2021-03-09_17-51-06,start,testing'
ptd-server 2021-03-09 18:02:01,405 [INFO] Sending to ptd: 'SR,V,249.250000'
ptd-server 2021-03-09 18:02:02,907 [INFO] Reply from ptd: 'Range V changed'
ptd-server 2021-03-09 18:02:02,907 [INFO] Sending to ptd: 'SR,A,0.125120'
ptd-server 2021-03-09 18:02:04,408 [INFO] Reply from ptd: 'Range A changed'
ptd-server 2021-03-09 18:02:14,418 [INFO] Starting testing mode
ptd-server 2021-03-09 18:02:14,419 [INFO] Sending to ptd: 'Go,1000,0,2021-03-09_17-51-06_testing'
ptd-server 2021-03-09 18:02:14,419 [INFO] Reply from ptd: 'Starting untimed measurement, maximum 500000 samples at 1000ms with 0 rampup samples'
ptd-server 2021-03-09 18:02:14,419 [INFO] Sending reply to client 'OK'
ptd-server 2021-03-09 18:12:29,854 [INFO] Got command from the client 'session,2021-03-09_17-51-06,stop,testing'
ptd-server 2021-03-09 18:12:39,865 [INFO] Sending to ptd: 'Stop'
ptd-server 2021-03-09 18:12:39,865 [INFO] Reply from ptd: 'Stopping untimed measurement'
ptd-server 2021-03-09 18:12:40,258 [INFO] Sending reply to client 'OK'
ptd-server 2021-03-09 18:12:40,266 [INFO] Got command from the client 'session,2021-03-09_17-51-06,upload,client.log'
ptd-server 2021-03-09 18:12:40,268 [INFO] Received '/home/anton/projects/mlperf/power-dev/output/2021-03-09_17-51-06client.log.tmp'
ptd-server 2021-03-09 18:12:40,268 [INFO] Removed '/home/anton/projects/mlperf/power-dev/output/2021-03-09_17-51-06client.log.tmp'
ptd-server 2021-03-09 18:12:40,268 [INFO] Sending reply to client 'OK'
ptd-server 2021-03-09 18:12:40,275 [INFO] Got command from the client 'session,2021-03-09_17-51-06,upload,client.json'
ptd-server 2021-03-09 18:12:40,276 [INFO] Received '/home/anton/projects/mlperf/power-dev/output/2021-03-09_17-51-06client.json.tmp'
ptd-server 2021-03-09 18:12:40,276 [INFO] Removed '/home/anton/projects/mlperf/power-dev/output/2021-03-09_17-51-06client.json.tmp'
ptd-server 2021-03-09 18:12:40,276 [INFO] Sending reply to client 'OK'
ptd-server 2021-03-09 18:12:40,277 [INFO] Got command from the client 'session,2021-03-09_17-51-06,done'
ptd-server 2021-03-09 18:12:40,277 [INFO] Sending to ptd: 'Stop'
ptd-server 2021-03-09 18:12:40,420 [INFO] Reply from ptd: 'Error: no measurement to stop'
ptd-server 2021-03-09 18:12:40,420 [INFO] Sending to ptd: 'SR,V,300.000000'
ptd-server 2021-03-09 18:12:41,921 [INFO] Reply from ptd: 'Range V changed'
ptd-server 2021-03-09 18:12:41,921 [INFO] Sending to ptd: 'SR,A,0.500000'
ptd-server 2021-03-09 18:12:43,423 [INFO] Reply from ptd: 'Range A changed'
ptd-server 2021-03-09 18:12:43,423 [INFO] Set initial values for Amps 0.500000 and Volts 300.000000
ptd-server 2021-03-09 18:12:43,423 [INFO] Stopping ptd...
