ptd-server 2021-03-05 02:35:42,861 [INFO] Got command from the client 'time'
ptd-server 2021-03-05 02:35:42,861 [INFO] Sending reply to client '1614911742.8611557'
ptd-server 2021-03-05 02:35:42,864 [INFO] Got command from the client 'new,,affa75fb-051d-4293-aa87-eac5f8490215'
ptd-server 2021-03-05 02:35:42,865 [INFO] Sending reply to client 'OK 2021-03-05_02-35-42,daab8071-ffd1-4b26-bba1-a04a9db15baa'
ptd-server 2021-03-05 02:35:42,900 [INFO] Got command from the client 'time'
ptd-server 2021-03-05 02:35:42,901 [INFO] Sending reply to client '1614911742.9009993'
ptd-server 2021-03-05 02:35:42,903 [INFO] Got command from the client 'session,2021-03-05_02-35-42,start,ranging'
ptd-server 2021-03-05 02:35:42,904 [INFO] Running PTDaemon: ['/home/anton/projects/mlperf/power/inference_v1.0/ptd-linux-x86', '-l', 'ptd.log', '-p', '8888', '52', '/dev/usbtmc0']
ptd-server 2021-03-05 02:36:00,071 [INFO] Sending to ptd: 'Hello'
ptd-server 2021-03-05 02:36:00,072 [INFO] Reply from ptd: 'Hello, PTDaemon here!'
ptd-server 2021-03-05 02:36:00,072 [INFO] Sending to ptd: 'Identify'
ptd-server 2021-03-05 02:36:00,072 [INFO] Reply from ptd: 'YokogawaWT330E,1000,1,1,1,1,0,0,1,version=1.9.2-e8c7a49a-20201208,OS=Linux 5.8.0-43-generic #49~20.04.1-Ubuntu SMP Fri Feb 5 09:57:56 UTC 2021 x86_64,mode=power,1,1,1,0,0,no_cal_date,YOKOGAWA;WT333E;C3VD30030E;F1.04'
ptd-server 2021-03-05 02:36:00,073 [INFO] Connected to PTDaemon
ptd-server 2021-03-05 02:36:00,073 [INFO] Sending to ptd: 'RR'
ptd-server 2021-03-05 02:36:00,073 [INFO] Reply from ptd: 'Ranges,0,0.500000,0,300.000000'
ptd-server 2021-03-05 02:36:00,073 [INFO] Initial range for Amps is 0.500000 for Volts is 300.000000
ptd-server 2021-03-05 02:36:00,073 [INFO] Sending to ptd: 'SR,V,Auto'
ptd-server 2021-03-05 02:36:00,576 [INFO] Reply from ptd: 'Range V changed'
ptd-server 2021-03-05 02:36:00,576 [INFO] Sending to ptd: 'SR,A,Auto'
ptd-server 2021-03-05 02:36:01,078 [INFO] Reply from ptd: 'Range A changed'
ptd-server 2021-03-05 02:36:11,089 [INFO] Starting ranging mode
ptd-server 2021-03-05 02:36:11,089 [INFO] Sending to ptd: 'Go,1000,0,2021-03-05_02-35-42_ranging'
ptd-server 2021-03-05 02:36:11,089 [INFO] Reply from ptd: 'Starting untimed measurement, maximum 500000 samples at 1000ms with 0 rampup samples'
ptd-server 2021-03-05 02:36:11,089 [INFO] Sending reply to client 'OK'
ptd-server 2021-03-05 02:46:43,365 [INFO] Got command from the client 'session,2021-03-05_02-35-42,stop,ranging'
ptd-server 2021-03-05 02:46:53,375 [INFO] Sending to ptd: 'Stop'
ptd-server 2021-03-05 02:46:53,376 [INFO] Reply from ptd: 'Stopping untimed measurement'
ptd-server 2021-03-05 02:46:53,690 [INFO] Sending reply to client 'OK'
ptd-server 2021-03-05 02:46:53,728 [INFO] Got command from the client 'time'
ptd-server 2021-03-05 02:46:53,728 [INFO] Sending reply to client '1614912413.7289283'
ptd-server 2021-03-05 02:46:53,733 [INFO] Got command from the client 'session,2021-03-05_02-35-42,start,testing'
ptd-server 2021-03-05 02:46:53,733 [INFO] Sending to ptd: 'SR,V,249.900000'
ptd-server 2021-03-05 02:46:55,591 [INFO] Reply from ptd: 'Range V changed'
ptd-server 2021-03-05 02:46:55,591 [INFO] Sending to ptd: 'SR,A,0.061260'
ptd-server 2021-03-05 02:46:57,092 [INFO] Reply from ptd: 'Range A changed'
ptd-server 2021-03-05 02:47:07,100 [INFO] Starting testing mode
ptd-server 2021-03-05 02:47:07,100 [INFO] Sending to ptd: 'Go,1000,0,2021-03-05_02-35-42_testing'
ptd-server 2021-03-05 02:47:07,101 [INFO] Reply from ptd: 'Starting untimed measurement, maximum 500000 samples at 1000ms with 0 rampup samples'
ptd-server 2021-03-05 02:47:07,101 [INFO] Sending reply to client 'OK'
ptd-server 2021-03-05 02:57:44,288 [INFO] Got command from the client 'session,2021-03-05_02-35-42,stop,testing'
ptd-server 2021-03-05 02:57:54,298 [INFO] Sending to ptd: 'Stop'
ptd-server 2021-03-05 02:57:54,298 [INFO] Reply from ptd: 'Stopping untimed measurement'
ptd-server 2021-03-05 02:57:54,476 [INFO] Sending reply to client 'OK'
ptd-server 2021-03-05 02:57:54,484 [INFO] Got command from the client 'session,2021-03-05_02-35-42,upload,client.log'
ptd-server 2021-03-05 02:57:54,488 [INFO] Received '/home/anton/projects/mlperf/power-dev/output/2021-03-05_02-35-42client.log.tmp'
ptd-server 2021-03-05 02:57:54,488 [INFO] Removed '/home/anton/projects/mlperf/power-dev/output/2021-03-05_02-35-42client.log.tmp'
ptd-server 2021-03-05 02:57:54,488 [INFO] Sending reply to client 'OK'
ptd-server 2021-03-05 02:57:54,501 [INFO] Got command from the client 'session,2021-03-05_02-35-42,upload,client.json'
ptd-server 2021-03-05 02:57:54,504 [INFO] Received '/home/anton/projects/mlperf/power-dev/output/2021-03-05_02-35-42client.json.tmp'
ptd-server 2021-03-05 02:57:54,504 [INFO] Removed '/home/anton/projects/mlperf/power-dev/output/2021-03-05_02-35-42client.json.tmp'
ptd-server 2021-03-05 02:57:54,504 [INFO] Sending reply to client 'OK'
ptd-server 2021-03-05 02:57:54,507 [INFO] Got command from the client 'session,2021-03-05_02-35-42,done'
ptd-server 2021-03-05 02:57:54,507 [INFO] Sending to ptd: 'Stop'
ptd-server 2021-03-05 02:57:55,102 [INFO] Reply from ptd: 'Error: no measurement to stop'
ptd-server 2021-03-05 02:57:55,102 [INFO] Sending to ptd: 'SR,V,300.000000'
ptd-server 2021-03-05 02:57:56,603 [INFO] Reply from ptd: 'Range V changed'
ptd-server 2021-03-05 02:57:56,603 [INFO] Sending to ptd: 'SR,A,0.500000'
ptd-server 2021-03-05 02:57:58,104 [INFO] Reply from ptd: 'Range A changed'
ptd-server 2021-03-05 02:57:58,105 [INFO] Set initial values for Amps 0.500000 and Volts 300.000000
ptd-server 2021-03-05 02:57:58,105 [INFO] Stopping ptd...
