ptd-server 2021-03-01 11:13:08,795 [INFO] Got command from the client 'time'
ptd-server 2021-03-01 11:13:08,795 [INFO] Sending reply to client '1614597188.7956955'
ptd-server 2021-03-01 11:13:08,797 [INFO] Got command from the client 'new,,bcd42bb2-1bc3-4665-b9b5-a23ae66881d5'
ptd-server 2021-03-01 11:13:08,797 [INFO] Sending reply to client 'OK 2021-03-01_11-13-08,f799a990-f4da-4d84-9e1b-a90660eadebd'
ptd-server 2021-03-01 11:13:08,846 [INFO] Got command from the client 'time'
ptd-server 2021-03-01 11:13:08,846 [INFO] Sending reply to client '1614597188.8461423'
ptd-server 2021-03-01 11:13:08,847 [INFO] Got command from the client 'session,2021-03-01_11-13-08,start,ranging'
ptd-server 2021-03-01 11:13:08,847 [INFO] Running PTDaemon: ['/home/anton/projects/mlperf/power/inference_v1.0/ptd-linux-x86', '-l', 'ptd.log', '-p', '8888', '52', '/dev/usbtmc0']
ptd-server 2021-03-01 11:13:26,017 [INFO] Sending to ptd: 'Hello'
ptd-server 2021-03-01 11:13:26,017 [INFO] Reply from ptd: 'Hello, PTDaemon here!'
ptd-server 2021-03-01 11:13:26,017 [INFO] Sending to ptd: 'Identify'
ptd-server 2021-03-01 11:13:26,018 [INFO] Reply from ptd: 'YokogawaWT330E,1000,1,1,1,1,0,0,1,version=1.9.2-e8c7a49a-20201208,OS=Linux 5.8.0-43-generic #49~20.04.1-Ubuntu SMP Fri Feb 5 09:57:56 UTC 2021 x86_64,mode=power,1,1,1,0,0,no_cal_date,YOKOGAWA;WT333E;C3VD30030E;F1.04'
ptd-server 2021-03-01 11:13:26,018 [INFO] Connected to PTDaemon
ptd-server 2021-03-01 11:13:26,018 [INFO] Sending to ptd: 'RR'
ptd-server 2021-03-01 11:13:26,019 [INFO] Reply from ptd: 'Ranges,0,0.500000,0,300.000000'
ptd-server 2021-03-01 11:13:26,019 [INFO] Initial range for Amps is 0.500000 for Volts is 300.000000
ptd-server 2021-03-01 11:13:26,019 [INFO] Sending to ptd: 'SR,V,Auto'
ptd-server 2021-03-01 11:13:26,524 [INFO] Reply from ptd: 'Range V changed'
ptd-server 2021-03-01 11:13:26,525 [INFO] Sending to ptd: 'SR,A,Auto'
ptd-server 2021-03-01 11:13:27,027 [INFO] Reply from ptd: 'Range A changed'
ptd-server 2021-03-01 11:13:37,037 [INFO] Starting ranging mode
ptd-server 2021-03-01 11:13:37,037 [INFO] Sending to ptd: 'Go,1000,0,2021-03-01_11-13-08_ranging'
ptd-server 2021-03-01 11:13:37,038 [INFO] Reply from ptd: 'Starting untimed measurement, maximum 500000 samples at 1000ms with 0 rampup samples'
ptd-server 2021-03-01 11:13:37,038 [INFO] Sending reply to client 'OK'
ptd-server 2021-03-01 11:23:52,285 [INFO] Got command from the client 'session,2021-03-01_11-13-08,stop,ranging'
ptd-server 2021-03-01 11:24:02,296 [INFO] Sending to ptd: 'Stop'
ptd-server 2021-03-01 11:24:02,296 [INFO] Reply from ptd: 'Stopping untimed measurement'
ptd-server 2021-03-01 11:24:02,556 [INFO] Sending reply to client 'OK'
ptd-server 2021-03-01 11:24:02,594 [INFO] Got command from the client 'time'
ptd-server 2021-03-01 11:24:02,595 [INFO] Sending reply to client '1614597842.5950398'
ptd-server 2021-03-01 11:24:02,596 [INFO] Got command from the client 'session,2021-03-01_11-13-08,start,testing'
ptd-server 2021-03-01 11:24:02,596 [INFO] Sending to ptd: 'SR,V,251.230000'
ptd-server 2021-03-01 11:24:04,540 [INFO] Reply from ptd: 'Range V changed'
ptd-server 2021-03-01 11:24:04,540 [INFO] Sending to ptd: 'SR,A,0.159210'
ptd-server 2021-03-01 11:24:06,041 [INFO] Reply from ptd: 'Range A changed'
ptd-server 2021-03-01 11:24:16,052 [INFO] Starting testing mode
ptd-server 2021-03-01 11:24:16,052 [INFO] Sending to ptd: 'Go,1000,0,2021-03-01_11-13-08_testing'
ptd-server 2021-03-01 11:24:16,052 [INFO] Reply from ptd: 'Starting untimed measurement, maximum 500000 samples at 1000ms with 0 rampup samples'
ptd-server 2021-03-01 11:24:16,052 [INFO] Sending reply to client 'OK'
ptd-server 2021-03-01 11:34:30,984 [INFO] Got command from the client 'session,2021-03-01_11-13-08,stop,testing'
ptd-server 2021-03-01 11:34:40,988 [INFO] Sending to ptd: 'Stop'
ptd-server 2021-03-01 11:34:40,989 [INFO] Reply from ptd: 'Stopping untimed measurement'
ptd-server 2021-03-01 11:34:41,140 [INFO] Sending reply to client 'OK'
ptd-server 2021-03-01 11:34:41,143 [INFO] Got command from the client 'session,2021-03-01_11-13-08,upload,client.log'
ptd-server 2021-03-01 11:34:41,143 [INFO] Received '/home/anton/projects/mlperf/power-dev/output/2021-03-01_11-13-08client.log.tmp'
ptd-server 2021-03-01 11:34:41,144 [INFO] Removed '/home/anton/projects/mlperf/power-dev/output/2021-03-01_11-13-08client.log.tmp'
ptd-server 2021-03-01 11:34:41,144 [INFO] Sending reply to client 'OK'
ptd-server 2021-03-01 11:34:41,148 [INFO] Got command from the client 'session,2021-03-01_11-13-08,upload,client.json'
ptd-server 2021-03-01 11:34:41,148 [INFO] Received '/home/anton/projects/mlperf/power-dev/output/2021-03-01_11-13-08client.json.tmp'
ptd-server 2021-03-01 11:34:41,148 [INFO] Removed '/home/anton/projects/mlperf/power-dev/output/2021-03-01_11-13-08client.json.tmp'
ptd-server 2021-03-01 11:34:41,148 [INFO] Sending reply to client 'OK'
ptd-server 2021-03-01 11:34:41,149 [INFO] Got command from the client 'session,2021-03-01_11-13-08,done'
ptd-server 2021-03-01 11:34:41,149 [INFO] Sending to ptd: 'Stop'
ptd-server 2021-03-01 11:34:41,150 [INFO] Reply from ptd: 'Error: no measurement to stop'
ptd-server 2021-03-01 11:34:41,150 [INFO] Sending to ptd: 'SR,V,300.000000'
ptd-server 2021-03-01 11:34:42,651 [INFO] Reply from ptd: 'Range V changed'
ptd-server 2021-03-01 11:34:42,651 [INFO] Sending to ptd: 'SR,A,0.500000'
ptd-server 2021-03-01 11:34:44,152 [INFO] Reply from ptd: 'Range A changed'
ptd-server 2021-03-01 11:34:44,152 [INFO] Set initial values for Amps 0.500000 and Volts 300.000000
ptd-server 2021-03-01 11:34:44,153 [INFO] Stopping ptd...
