ptd-server 2021-03-05 12:35:08,959 [INFO] Got command from the client 'time'
ptd-server 2021-03-05 12:35:08,959 [INFO] Sending reply to client '1614947708.9594064'
ptd-server 2021-03-05 12:35:08,962 [INFO] Got command from the client 'new,,3e74128d-a665-423c-afc7-b5380eee737e'
ptd-server 2021-03-05 12:35:08,962 [INFO] Sending reply to client 'OK 2021-03-05_12-35-08,a046f2e8-fefb-4efe-85da-a501f6b6e83b'
ptd-server 2021-03-05 12:35:08,998 [INFO] Got command from the client 'time'
ptd-server 2021-03-05 12:35:08,999 [INFO] Sending reply to client '1614947708.999084'
ptd-server 2021-03-05 12:35:09,003 [INFO] Got command from the client 'session,2021-03-05_12-35-08,start,ranging'
ptd-server 2021-03-05 12:35:09,003 [INFO] Running PTDaemon: ['/home/anton/projects/mlperf/power/inference_v1.0/ptd-linux-x86', '-l', 'ptd.log', '-p', '8888', '52', '/dev/usbtmc0']
ptd-server 2021-03-05 12:35:26,173 [INFO] Sending to ptd: 'Hello'
ptd-server 2021-03-05 12:35:26,173 [INFO] Reply from ptd: 'Hello, PTDaemon here!'
ptd-server 2021-03-05 12:35:26,173 [INFO] Sending to ptd: 'Identify'
ptd-server 2021-03-05 12:35:26,174 [INFO] Reply from ptd: 'YokogawaWT330E,1000,1,1,1,1,0,0,1,version=1.9.2-e8c7a49a-20201208,OS=Linux 5.8.0-43-generic #49~20.04.1-Ubuntu SMP Fri Feb 5 09:57:56 UTC 2021 x86_64,mode=power,1,1,1,0,0,no_cal_date,YOKOGAWA;WT333E;C3VD30030E;F1.04'
ptd-server 2021-03-05 12:35:26,174 [INFO] Connected to PTDaemon
ptd-server 2021-03-05 12:35:26,174 [INFO] Sending to ptd: 'RR'
ptd-server 2021-03-05 12:35:26,174 [INFO] Reply from ptd: 'Ranges,0,0.500000,0,300.000000'
ptd-server 2021-03-05 12:35:26,175 [INFO] Initial range for Amps is 0.500000 for Volts is 300.000000
ptd-server 2021-03-05 12:35:26,175 [INFO] Sending to ptd: 'SR,V,Auto'
ptd-server 2021-03-05 12:35:26,677 [INFO] Reply from ptd: 'Range V changed'
ptd-server 2021-03-05 12:35:26,677 [INFO] Sending to ptd: 'SR,A,Auto'
ptd-server 2021-03-05 12:35:27,180 [INFO] Reply from ptd: 'Range A changed'
ptd-server 2021-03-05 12:35:37,190 [INFO] Starting ranging mode
ptd-server 2021-03-05 12:35:37,190 [INFO] Sending to ptd: 'Go,1000,0,2021-03-05_12-35-08_ranging'
ptd-server 2021-03-05 12:35:37,191 [INFO] Reply from ptd: 'Starting untimed measurement, maximum 500000 samples at 1000ms with 0 rampup samples'
ptd-server 2021-03-05 12:35:37,191 [INFO] Sending reply to client 'OK'
ptd-server 2021-03-05 12:46:08,738 [INFO] Got command from the client 'session,2021-03-05_12-35-08,stop,ranging'
ptd-server 2021-03-05 12:46:18,749 [INFO] Sending to ptd: 'Stop'
ptd-server 2021-03-05 12:46:18,749 [INFO] Reply from ptd: 'Stopping untimed measurement'
ptd-server 2021-03-05 12:46:19,072 [INFO] Sending reply to client 'OK'
ptd-server 2021-03-05 12:46:19,120 [INFO] Got command from the client 'time'
ptd-server 2021-03-05 12:46:19,120 [INFO] Sending reply to client '1614948379.1209056'
ptd-server 2021-03-05 12:46:19,124 [INFO] Got command from the client 'session,2021-03-05_12-35-08,start,testing'
ptd-server 2021-03-05 12:46:19,124 [INFO] Sending to ptd: 'SR,V,251.380000'
ptd-server 2021-03-05 12:46:20,693 [INFO] Reply from ptd: 'Range V changed'
ptd-server 2021-03-05 12:46:20,693 [INFO] Sending to ptd: 'SR,A,0.060700'
ptd-server 2021-03-05 12:46:22,194 [INFO] Reply from ptd: 'Range A changed'
ptd-server 2021-03-05 12:46:32,205 [INFO] Starting testing mode
ptd-server 2021-03-05 12:46:32,205 [INFO] Sending to ptd: 'Go,1000,0,2021-03-05_12-35-08_testing'
ptd-server 2021-03-05 12:46:32,205 [INFO] Reply from ptd: 'Starting untimed measurement, maximum 500000 samples at 1000ms with 0 rampup samples'
ptd-server 2021-03-05 12:46:32,205 [INFO] Sending reply to client 'OK'
ptd-server 2021-03-05 12:57:08,523 [INFO] Got command from the client 'session,2021-03-05_12-35-08,stop,testing'
ptd-server 2021-03-05 12:57:18,534 [INFO] Sending to ptd: 'Stop'
ptd-server 2021-03-05 12:57:18,534 [INFO] Reply from ptd: 'Stopping untimed measurement'
ptd-server 2021-03-05 12:57:18,708 [INFO] Sending reply to client 'OK'
ptd-server 2021-03-05 12:57:18,716 [INFO] Got command from the client 'session,2021-03-05_12-35-08,upload,client.log'
ptd-server 2021-03-05 12:57:18,720 [INFO] Received '/home/anton/projects/mlperf/power-dev/output/2021-03-05_12-35-08client.log.tmp'
ptd-server 2021-03-05 12:57:18,720 [INFO] Removed '/home/anton/projects/mlperf/power-dev/output/2021-03-05_12-35-08client.log.tmp'
ptd-server 2021-03-05 12:57:18,720 [INFO] Sending reply to client 'OK'
ptd-server 2021-03-05 12:57:18,732 [INFO] Got command from the client 'session,2021-03-05_12-35-08,upload,client.json'
ptd-server 2021-03-05 12:57:18,734 [INFO] Received '/home/anton/projects/mlperf/power-dev/output/2021-03-05_12-35-08client.json.tmp'
ptd-server 2021-03-05 12:57:18,735 [INFO] Removed '/home/anton/projects/mlperf/power-dev/output/2021-03-05_12-35-08client.json.tmp'
ptd-server 2021-03-05 12:57:18,735 [INFO] Sending reply to client 'OK'
ptd-server 2021-03-05 12:57:18,737 [INFO] Got command from the client 'session,2021-03-05_12-35-08,done'
ptd-server 2021-03-05 12:57:18,738 [INFO] Sending to ptd: 'Stop'
ptd-server 2021-03-05 12:57:19,206 [INFO] Reply from ptd: 'Error: no measurement to stop'
ptd-server 2021-03-05 12:57:19,206 [INFO] Sending to ptd: 'SR,V,300.000000'
ptd-server 2021-03-05 12:57:20,707 [INFO] Reply from ptd: 'Range V changed'
ptd-server 2021-03-05 12:57:20,707 [INFO] Sending to ptd: 'SR,A,0.500000'
ptd-server 2021-03-05 12:57:22,209 [INFO] Reply from ptd: 'Range A changed'
ptd-server 2021-03-05 12:57:22,209 [INFO] Set initial values for Amps 0.500000 and Volts 300.000000
ptd-server 2021-03-05 12:57:22,209 [INFO] Stopping ptd...
