client 2021-03-06 14:59:56,507 [INFO] Sending command to the server: 'mlcommons/power client v3'
client 2021-03-06 14:59:56,509 [INFO] Got response: 'mlcommons/power server v3'
client 2021-03-06 14:59:56,510 [INFO] Synchronizing with the server and with time.google.com...
client 2021-03-06 14:59:56,547 [INFO] NTP:offset = 0.004 s, delay = 0.029 s 
client 2021-03-06 14:59:56,548 [INFO] Sending command to the server: 'time'
client 2021-03-06 14:59:56,550 [INFO] Got response: '1615042796.5499687'
client 2021-03-06 14:59:56,551 [INFO] The time difference between the client and the server is within range -1.795 ms..1.047 ms
client 2021-03-06 14:59:56,551 [INFO] Sending command to the server: 'new,,6412b7ea-f0d9-4d9a-9409-7c2d2d8469b7'
client 2021-03-06 14:59:56,555 [INFO] Got response: 'OK 2021-03-06_14-59-56,272e43c2-3f65-42ed-be1a-42930cea8ccb'
client 2021-03-06 14:59:56,555 [INFO] Session id is '2021-03-06_14-59-56'
client 2021-03-06 14:59:56,555 [INFO] Sources: {"sources": {"client.py": "d1e75cb4b26101220ebd242e584cf3ca5d8f1996", "lib/__init__.py": "da39a3ee5e6b4b0d3255bfef95601890afd80709", "lib/client.py": "d42bebf5b74cb6ff3997e2a6c68422afac111a28", "lib/common.py": "b0bad80d8fa328a7636027d4d66ff453f8dd7889", "lib/external/ntplib.py": "4da8f970656505a40483206ef2b5d3dd5e81711d", "lib/server.py": "2ed36471c7af565d6c8438b2134edad1d7ddf166", "lib/source_hashes.py": "4cedff274c661cb1504052018fd4f00dfbf624ef", "lib/summary.py": "0db15d783907aa92038281af4e465545c0648ddb", "lib/time_sync.py": "76051226ec89287839723352f4162aaa24e0546a", "server.py": "99e1310e3f76292aef1b8792ce6b8c82f1d44d8b", "tests/unit/test_server.py": "64f11775bfed35232a0e8bb9593c0ff992432c59", "tests/unit/test_source_hashes.py": "cb41a7261eaf7d94ba5c0aae9c523174f6204be3"}, "modules": {"__main__": "client.py", "lib.client": "lib/client.py", "lib.common": "lib/common.py", "lib.external.ntplib": "lib/external/ntplib.py", "lib.source_hashes": "lib/source_hashes.py", "lib.summary": "lib/summary.py", "lib.time_sync": "lib/time_sync.py"}}
client 2021-03-06 14:59:56,556 [INFO] Running workload in ranging mode
client 2021-03-06 14:59:56,556 [INFO] Synchronizing with the server and with time.google.com...
client 2021-03-06 14:59:56,587 [INFO] NTP:offset = 0.004 s, delay = 0.029 s 
client 2021-03-06 14:59:56,588 [INFO] Sending command to the server: 'time'
client 2021-03-06 14:59:56,590 [INFO] Got response: '1615042796.5898805'
client 2021-03-06 14:59:56,590 [INFO] The time difference between the client and the server is within range -1.838 ms..1.040 ms
client 2021-03-06 14:59:56,591 [INFO] Sending command to the server: 'session,2021-03-06_14-59-56,start,ranging'
client 2021-03-06 15:00:24,783 [INFO] Got response: 'OK'
client 2021-03-06 15:00:24,783 [INFO] Running the workload 'ck benchmark program:image-classification-tflite-loadgen --env.CK_SILENT_MODE=YES --skip_print_timers --dep_add_tags.compiler=gcc,v9 --dep_add_tags.python=v3 --dep_add_tags.mlperf-inference-src=r1.0 --dep_add_tags.weights=mobilenet,v1-0.75-224,non-quantized --dep_add_tags.images=crop.875,preprocessed,using-opencv --dep_add_tags.library=tflite,v2.4.1,with.ruy --env.CK_LOADGEN_DATASET_SIZE=1024 --env.CK_LOADGEN_MODE=PerformanceOnly --env.CK_LOADGEN_SCENARIO=SingleStream --env.CK_FAN_MODE=on --env.CK_LOADGEN_TARGET_LATENCY=$CK_LOADGEN_TARGET_LATENCY --skip_stat_analysis --process_multi_keys --repetitions=1 --record --record_repo=local --record_uoa=mlperf-open-rpi4coral-tflite-v2.4.1-ruy-mobilenet-v1-0.75-224-non-quantized-singlestream-performance-target_latency.$CK_LOADGEN_TARGET_LATENCY-fan_mode.on-power.workload --tags=mlperf,division.open,task.image-classification,platform.rpi4coral,scenario.singlestream,mode.performance,workload.mobilenet-v1-0.75-224-non-quantized,preprocessed_using.opencv,inference_engine.tflite,inference_engine_version.v2.4.1,inference_engine_backend.ruy,fan_mode.on,target_latency.$CK_LOADGEN_TARGET_LATENCY,power.workload "@@@{\'meta\': {\'ck_benchmark_program\': \'ck benchmark program:image-classification-tflite-loadgen --env.CK_SILENT_MODE=YES --skip_print_timers --dep_add_tags.compiler=gcc,v9 --dep_add_tags.python=v3 --dep_add_tags.mlperf-inference-src=r1.0 --dep_add_tags.weights=mobilenet,v1-0.75-224,non-quantized --dep_add_tags.images=crop.875,preprocessed,using-opencv --dep_add_tags.library=tflite,v2.4.1,with.ruy --env.CK_LOADGEN_DATASET_SIZE=1024 --env.CK_LOADGEN_MODE=PerformanceOnly --env.CK_LOADGEN_SCENARIO=SingleStream --env.CK_FAN_MODE=on --env.CK_LOADGEN_TARGET_LATENCY=$CK_LOADGEN_TARGET_LATENCY --skip_stat_analysis --process_multi_keys --repetitions=1 --record --record_repo=local --record_uoa=mlperf-open-rpi4coral-tflite-v2.4.1-ruy-mobilenet-v1-0.75-224-non-quantized-singlestream-performance-target_latency.$CK_LOADGEN_TARGET_LATENCY-fan_mode.on-power.workload --tags=mlperf,division.open,task.image-classification,platform.rpi4coral,scenario.singlestream,mode.performance,workload.mobilenet-v1-0.75-224-non-quantized,preprocessed_using.opencv,inference_engine.tflite,inference_engine_version.v2.4.1,inference_engine_backend.ruy,fan_mode.on,target_latency.$CK_LOADGEN_TARGET_LATENCY,power.workload\'}}"  && mkdir -p "$CK_MLPERF_POWER_CLIENT_LOADGEN_LOGS" && cp "$CK_MLPERF_POWER_CLIENT_LOADGEN_LOGS"/../mlperf_log_* "$CK_MLPERF_POWER_CLIENT_LOADGEN_LOGS"/'
client 2021-03-06 15:10:56,350 [INFO] Sending command to the server: 'session,2021-03-06_14-59-56,stop,ranging'
client 2021-03-06 15:11:06,814 [INFO] Got response: 'OK'
client 2021-03-06 15:11:06,816 [INFO] Running workload in testing mode
client 2021-03-06 15:11:06,817 [INFO] Synchronizing with the server and with time.google.com...
client 2021-03-06 15:11:06,849 [INFO] NTP:offset = 0.002 s, delay = 0.026 s 
client 2021-03-06 15:11:06,850 [INFO] Sending command to the server: 'time'
client 2021-03-06 15:11:06,854 [INFO] Got response: '1615043466.8490553'
client 2021-03-06 15:11:06,854 [INFO] The time difference between the client and the server is within range 1.031 ms..5.604 ms
client 2021-03-06 15:11:06,855 [INFO] Sending command to the server: 'session,2021-03-06_14-59-56,start,testing'
client 2021-03-06 15:11:19,872 [INFO] Got response: 'OK'
client 2021-03-06 15:11:19,873 [INFO] Running the workload 'ck benchmark program:image-classification-tflite-loadgen --env.CK_SILENT_MODE=YES --skip_print_timers --dep_add_tags.compiler=gcc,v9 --dep_add_tags.python=v3 --dep_add_tags.mlperf-inference-src=r1.0 --dep_add_tags.weights=mobilenet,v1-0.75-224,non-quantized --dep_add_tags.images=crop.875,preprocessed,using-opencv --dep_add_tags.library=tflite,v2.4.1,with.ruy --env.CK_LOADGEN_DATASET_SIZE=1024 --env.CK_LOADGEN_MODE=PerformanceOnly --env.CK_LOADGEN_SCENARIO=SingleStream --env.CK_FAN_MODE=on --env.CK_LOADGEN_TARGET_LATENCY=$CK_LOADGEN_TARGET_LATENCY --skip_stat_analysis --process_multi_keys --repetitions=1 --record --record_repo=local --record_uoa=mlperf-open-rpi4coral-tflite-v2.4.1-ruy-mobilenet-v1-0.75-224-non-quantized-singlestream-performance-target_latency.$CK_LOADGEN_TARGET_LATENCY-fan_mode.on-power.workload --tags=mlperf,division.open,task.image-classification,platform.rpi4coral,scenario.singlestream,mode.performance,workload.mobilenet-v1-0.75-224-non-quantized,preprocessed_using.opencv,inference_engine.tflite,inference_engine_version.v2.4.1,inference_engine_backend.ruy,fan_mode.on,target_latency.$CK_LOADGEN_TARGET_LATENCY,power.workload "@@@{\'meta\': {\'ck_benchmark_program\': \'ck benchmark program:image-classification-tflite-loadgen --env.CK_SILENT_MODE=YES --skip_print_timers --dep_add_tags.compiler=gcc,v9 --dep_add_tags.python=v3 --dep_add_tags.mlperf-inference-src=r1.0 --dep_add_tags.weights=mobilenet,v1-0.75-224,non-quantized --dep_add_tags.images=crop.875,preprocessed,using-opencv --dep_add_tags.library=tflite,v2.4.1,with.ruy --env.CK_LOADGEN_DATASET_SIZE=1024 --env.CK_LOADGEN_MODE=PerformanceOnly --env.CK_LOADGEN_SCENARIO=SingleStream --env.CK_FAN_MODE=on --env.CK_LOADGEN_TARGET_LATENCY=$CK_LOADGEN_TARGET_LATENCY --skip_stat_analysis --process_multi_keys --repetitions=1 --record --record_repo=local --record_uoa=mlperf-open-rpi4coral-tflite-v2.4.1-ruy-mobilenet-v1-0.75-224-non-quantized-singlestream-performance-target_latency.$CK_LOADGEN_TARGET_LATENCY-fan_mode.on-power.workload --tags=mlperf,division.open,task.image-classification,platform.rpi4coral,scenario.singlestream,mode.performance,workload.mobilenet-v1-0.75-224-non-quantized,preprocessed_using.opencv,inference_engine.tflite,inference_engine_version.v2.4.1,inference_engine_backend.ruy,fan_mode.on,target_latency.$CK_LOADGEN_TARGET_LATENCY,power.workload\'}}"  && mkdir -p "$CK_MLPERF_POWER_CLIENT_LOADGEN_LOGS" && cp "$CK_MLPERF_POWER_CLIENT_LOADGEN_LOGS"/../mlperf_log_* "$CK_MLPERF_POWER_CLIENT_LOADGEN_LOGS"/'
client 2021-03-06 15:21:56,552 [INFO] Sending command to the server: 'session,2021-03-06_14-59-56,stop,testing'
client 2021-03-06 15:22:06,798 [INFO] Got response: 'OK'
client 2021-03-06 15:22:06,800 [INFO] Done runs
