ptd-server 2021-03-06 14:59:56,549 [INFO] Got command from the client 'time'
ptd-server 2021-03-06 14:59:56,549 [INFO] Sending reply to client '1615042796.5499687'
ptd-server 2021-03-06 14:59:56,553 [INFO] Got command from the client 'new,,6412b7ea-f0d9-4d9a-9409-7c2d2d8469b7'
ptd-server 2021-03-06 14:59:56,554 [INFO] Sending reply to client 'OK 2021-03-06_14-59-56,272e43c2-3f65-42ed-be1a-42930cea8ccb'
ptd-server 2021-03-06 14:59:56,589 [INFO] Got command from the client 'time'
ptd-server 2021-03-06 14:59:56,589 [INFO] Sending reply to client '1615042796.5898805'
ptd-server 2021-03-06 14:59:56,594 [INFO] Got command from the client 'session,2021-03-06_14-59-56,start,ranging'
ptd-server 2021-03-06 14:59:56,594 [INFO] Running PTDaemon: ['/home/anton/projects/mlperf/power/inference_v1.0/ptd-linux-x86', '-l', 'ptd.log', '-p', '8888', '52', '/dev/usbtmc0']
ptd-server 2021-03-06 15:00:13,763 [INFO] Sending to ptd: 'Hello'
ptd-server 2021-03-06 15:00:13,764 [INFO] Reply from ptd: 'Hello, PTDaemon here!'
ptd-server 2021-03-06 15:00:13,764 [INFO] Sending to ptd: 'Identify'
ptd-server 2021-03-06 15:00:13,764 [INFO] Reply from ptd: 'YokogawaWT330E,1000,1,1,1,1,0,0,1,version=1.9.2-e8c7a49a-20201208,OS=Linux 5.8.0-43-generic #49~20.04.1-Ubuntu SMP Fri Feb 5 09:57:56 UTC 2021 x86_64,mode=power,1,1,1,0,0,no_cal_date,YOKOGAWA;WT333E;C3VD30030E;F1.04'
ptd-server 2021-03-06 15:00:13,765 [INFO] Connected to PTDaemon
ptd-server 2021-03-06 15:00:13,765 [INFO] Sending to ptd: 'RR'
ptd-server 2021-03-06 15:00:13,765 [INFO] Reply from ptd: 'Ranges,0,0.500000,0,300.000000'
ptd-server 2021-03-06 15:00:13,765 [INFO] Initial range for Amps is 0.500000 for Volts is 300.000000
ptd-server 2021-03-06 15:00:13,765 [INFO] Sending to ptd: 'SR,V,Auto'
ptd-server 2021-03-06 15:00:14,268 [INFO] Reply from ptd: 'Range V changed'
ptd-server 2021-03-06 15:00:14,268 [INFO] Sending to ptd: 'SR,A,Auto'
ptd-server 2021-03-06 15:00:14,771 [INFO] Reply from ptd: 'Range A changed'
ptd-server 2021-03-06 15:00:24,781 [INFO] Starting ranging mode
ptd-server 2021-03-06 15:00:24,781 [INFO] Sending to ptd: 'Go,1000,0,2021-03-06_14-59-56_ranging'
ptd-server 2021-03-06 15:00:24,781 [INFO] Reply from ptd: 'Starting untimed measurement, maximum 500000 samples at 1000ms with 0 rampup samples'
ptd-server 2021-03-06 15:00:24,782 [INFO] Sending reply to client 'OK'
ptd-server 2021-03-06 15:10:56,350 [INFO] Got command from the client 'session,2021-03-06_14-59-56,stop,ranging'
ptd-server 2021-03-06 15:11:06,360 [INFO] Sending to ptd: 'Stop'
ptd-server 2021-03-06 15:11:06,360 [INFO] Reply from ptd: 'Stopping untimed measurement'
ptd-server 2021-03-06 15:11:06,810 [INFO] Sending reply to client 'OK'
ptd-server 2021-03-06 15:11:06,848 [INFO] Got command from the client 'time'
ptd-server 2021-03-06 15:11:06,849 [INFO] Sending reply to client '1615043466.8490553'
ptd-server 2021-03-06 15:11:06,854 [INFO] Got command from the client 'session,2021-03-06_14-59-56,start,testing'
ptd-server 2021-03-06 15:11:06,854 [INFO] Sending to ptd: 'SR,V,249.200000'
ptd-server 2021-03-06 15:11:08,355 [INFO] Reply from ptd: 'Range V changed'
ptd-server 2021-03-06 15:11:08,355 [INFO] Sending to ptd: 'SR,A,0.058790'
ptd-server 2021-03-06 15:11:09,857 [INFO] Reply from ptd: 'Range A changed'
ptd-server 2021-03-06 15:11:19,867 [INFO] Starting testing mode
ptd-server 2021-03-06 15:11:19,867 [INFO] Sending to ptd: 'Go,1000,0,2021-03-06_14-59-56_testing'
ptd-server 2021-03-06 15:11:19,867 [INFO] Reply from ptd: 'Starting untimed measurement, maximum 500000 samples at 1000ms with 0 rampup samples'
ptd-server 2021-03-06 15:11:19,868 [INFO] Sending reply to client 'OK'
ptd-server 2021-03-06 15:21:56,548 [INFO] Got command from the client 'session,2021-03-06_14-59-56,stop,testing'
ptd-server 2021-03-06 15:22:06,558 [INFO] Sending to ptd: 'Stop'
ptd-server 2021-03-06 15:22:06,559 [INFO] Reply from ptd: 'Stopping untimed measurement'
ptd-server 2021-03-06 15:22:06,791 [INFO] Sending reply to client 'OK'
ptd-server 2021-03-06 15:22:06,798 [INFO] Got command from the client 'session,2021-03-06_14-59-56,upload,client.log'
ptd-server 2021-03-06 15:22:06,801 [INFO] Received '/home/anton/projects/mlperf/power-dev/output/2021-03-06_14-59-56client.log.tmp'
ptd-server 2021-03-06 15:22:06,802 [INFO] Removed '/home/anton/projects/mlperf/power-dev/output/2021-03-06_14-59-56client.log.tmp'
ptd-server 2021-03-06 15:22:06,802 [INFO] Sending reply to client 'OK'
ptd-server 2021-03-06 15:22:06,814 [INFO] Got command from the client 'session,2021-03-06_14-59-56,upload,client.json'
ptd-server 2021-03-06 15:22:06,817 [INFO] Received '/home/anton/projects/mlperf/power-dev/output/2021-03-06_14-59-56client.json.tmp'
ptd-server 2021-03-06 15:22:06,817 [INFO] Removed '/home/anton/projects/mlperf/power-dev/output/2021-03-06_14-59-56client.json.tmp'
ptd-server 2021-03-06 15:22:06,817 [INFO] Sending reply to client 'OK'
ptd-server 2021-03-06 15:22:06,820 [INFO] Got command from the client 'session,2021-03-06_14-59-56,done'
ptd-server 2021-03-06 15:22:06,820 [INFO] Sending to ptd: 'Stop'
ptd-server 2021-03-06 15:22:06,867 [INFO] Reply from ptd: 'Error: no measurement to stop'
ptd-server 2021-03-06 15:22:06,867 [INFO] Sending to ptd: 'SR,V,300.000000'
ptd-server 2021-03-06 15:22:08,369 [INFO] Reply from ptd: 'Range V changed'
ptd-server 2021-03-06 15:22:08,369 [INFO] Sending to ptd: 'SR,A,0.500000'
ptd-server 2021-03-06 15:22:09,870 [INFO] Reply from ptd: 'Range A changed'
ptd-server 2021-03-06 15:22:09,870 [INFO] Set initial values for Amps 0.500000 and Volts 300.000000
ptd-server 2021-03-06 15:22:09,871 [INFO] Stopping ptd...
