ptd-server 2021-02-28 08:50:37,267 [INFO] Got command from the client 'time'
ptd-server 2021-02-28 08:50:37,267 [INFO] Sending reply to client '1614502237.2677145'
ptd-server 2021-02-28 08:50:37,268 [INFO] Got command from the client 'new,,8bf9501a-f7eb-41e7-8893-3e2c75712449'
ptd-server 2021-02-28 08:50:37,269 [INFO] Sending reply to client 'OK 2021-02-28_08-50-37,ca95d4c5-b5e4-42e5-a21b-4c5b03f7ad76'
ptd-server 2021-02-28 08:50:37,337 [INFO] Got command from the client 'time'
ptd-server 2021-02-28 08:50:37,337 [INFO] Sending reply to client '1614502237.3379261'
ptd-server 2021-02-28 08:50:37,339 [INFO] Got command from the client 'session,2021-02-28_08-50-37,start,ranging'
ptd-server 2021-02-28 08:50:37,339 [INFO] Running PTDaemon: ['/home/anton/projects/mlperf/power/inference_v1.0/ptd-linux-x86', '-l', 'ptd.log', '-p', '8888', '52', '/dev/usbtmc0']
ptd-server 2021-02-28 08:50:54,508 [INFO] Sending to ptd: 'Hello'
ptd-server 2021-02-28 08:50:54,508 [INFO] Reply from ptd: 'Hello, PTDaemon here!'
ptd-server 2021-02-28 08:50:54,509 [INFO] Sending to ptd: 'Identify'
ptd-server 2021-02-28 08:50:54,509 [INFO] Reply from ptd: 'YokogawaWT330E,1000,1,1,1,1,0,0,1,version=1.9.2-e8c7a49a-20201208,OS=Linux 5.8.0-43-generic #49~20.04.1-Ubuntu SMP Fri Feb 5 09:57:56 UTC 2021 x86_64,mode=power,1,1,1,0,0,no_cal_date,YOKOGAWA;WT333E;C3VD30030E;F1.04'
ptd-server 2021-02-28 08:50:54,509 [INFO] Connected to PTDaemon
ptd-server 2021-02-28 08:50:54,509 [INFO] Sending to ptd: 'RR'
ptd-server 2021-02-28 08:50:54,510 [INFO] Reply from ptd: 'Ranges,0,0.500000,0,300.000000'
ptd-server 2021-02-28 08:50:54,510 [INFO] Initial range for Amps is 0.500000 for Volts is 300.000000
ptd-server 2021-02-28 08:50:54,510 [INFO] Sending to ptd: 'SR,V,Auto'
ptd-server 2021-02-28 08:50:55,012 [INFO] Reply from ptd: 'Range V changed'
ptd-server 2021-02-28 08:50:55,013 [INFO] Sending to ptd: 'SR,A,Auto'
ptd-server 2021-02-28 08:50:55,515 [INFO] Reply from ptd: 'Range A changed'
ptd-server 2021-02-28 08:51:05,525 [INFO] Starting ranging mode
ptd-server 2021-02-28 08:51:05,525 [INFO] Sending to ptd: 'Go,1000,0,2021-02-28_08-50-37_ranging'
ptd-server 2021-02-28 08:51:05,526 [INFO] Reply from ptd: 'Starting untimed measurement, maximum 500000 samples at 1000ms with 0 rampup samples'
ptd-server 2021-02-28 08:51:05,526 [INFO] Sending reply to client 'OK'
ptd-server 2021-02-28 09:01:24,256 [INFO] Got command from the client 'session,2021-02-28_08-50-37,stop,ranging'
ptd-server 2021-02-28 09:01:34,267 [INFO] Sending to ptd: 'Stop'
ptd-server 2021-02-28 09:01:34,267 [INFO] Reply from ptd: 'Stopping untimed measurement'
ptd-server 2021-02-28 09:01:34,455 [INFO] Sending reply to client 'OK'
ptd-server 2021-02-28 09:01:34,486 [INFO] Got command from the client 'time'
ptd-server 2021-02-28 09:01:34,486 [INFO] Sending reply to client '1614502894.4864335'
ptd-server 2021-02-28 09:01:34,488 [INFO] Got command from the client 'session,2021-02-28_08-50-37,start,testing'
ptd-server 2021-02-28 09:01:34,488 [INFO] Sending to ptd: 'SR,V,249.170000'
ptd-server 2021-02-28 09:01:36,027 [INFO] Reply from ptd: 'Range V changed'
ptd-server 2021-02-28 09:01:36,027 [INFO] Sending to ptd: 'SR,A,0.203840'
ptd-server 2021-02-28 09:01:37,529 [INFO] Reply from ptd: 'Range A changed'
ptd-server 2021-02-28 09:01:47,539 [INFO] Starting testing mode
ptd-server 2021-02-28 09:01:47,539 [INFO] Sending to ptd: 'Go,1000,0,2021-02-28_08-50-37_testing'
ptd-server 2021-02-28 09:01:47,539 [INFO] Reply from ptd: 'Starting untimed measurement, maximum 500000 samples at 1000ms with 0 rampup samples'
ptd-server 2021-02-28 09:01:47,540 [INFO] Sending reply to client 'OK'
ptd-server 2021-02-28 09:12:06,090 [INFO] Got command from the client 'session,2021-02-28_08-50-37,stop,testing'
ptd-server 2021-02-28 09:12:16,092 [INFO] Sending to ptd: 'Stop'
ptd-server 2021-02-28 09:12:16,093 [INFO] Reply from ptd: 'Stopping untimed measurement'
ptd-server 2021-02-28 09:12:16,203 [INFO] Sending reply to client 'OK'
ptd-server 2021-02-28 09:12:16,208 [INFO] Got command from the client 'session,2021-02-28_08-50-37,upload,client.log'
ptd-server 2021-02-28 09:12:16,208 [INFO] Received '/home/anton/projects/mlperf/power-dev/output/2021-02-28_08-50-37client.log.tmp'
ptd-server 2021-02-28 09:12:16,209 [INFO] Removed '/home/anton/projects/mlperf/power-dev/output/2021-02-28_08-50-37client.log.tmp'
ptd-server 2021-02-28 09:12:16,209 [INFO] Sending reply to client 'OK'
ptd-server 2021-02-28 09:12:16,214 [INFO] Got command from the client 'session,2021-02-28_08-50-37,upload,client.json'
ptd-server 2021-02-28 09:12:16,214 [INFO] Received '/home/anton/projects/mlperf/power-dev/output/2021-02-28_08-50-37client.json.tmp'
ptd-server 2021-02-28 09:12:16,215 [INFO] Removed '/home/anton/projects/mlperf/power-dev/output/2021-02-28_08-50-37client.json.tmp'
ptd-server 2021-02-28 09:12:16,215 [INFO] Sending reply to client 'OK'
ptd-server 2021-02-28 09:12:16,217 [INFO] Got command from the client 'session,2021-02-28_08-50-37,done'
ptd-server 2021-02-28 09:12:16,218 [INFO] Sending to ptd: 'Stop'
ptd-server 2021-02-28 09:12:16,540 [INFO] Reply from ptd: 'Error: no measurement to stop'
ptd-server 2021-02-28 09:12:16,540 [INFO] Sending to ptd: 'SR,V,300.000000'
ptd-server 2021-02-28 09:12:18,041 [INFO] Reply from ptd: 'Range V changed'
ptd-server 2021-02-28 09:12:18,041 [INFO] Sending to ptd: 'SR,A,0.500000'
ptd-server 2021-02-28 09:12:19,543 [INFO] Reply from ptd: 'Range A changed'
ptd-server 2021-02-28 09:12:19,543 [INFO] Set initial values for Amps 0.500000 and Volts 300.000000
ptd-server 2021-02-28 09:12:19,543 [INFO] Stopping ptd...
