ptd-server 2021-02-26 23:32:02,422 [INFO] Got command from the client 'time'
ptd-server 2021-02-26 23:32:02,422 [INFO] Sending reply to client '1614382322.422615'
ptd-server 2021-02-26 23:32:02,423 [INFO] Got command from the client 'new,,31c7b632-ca9f-4212-a862-c0c647f5c9f5'
ptd-server 2021-02-26 23:32:02,424 [INFO] Sending reply to client 'OK 2021-02-26_23-32-02,91f1c457-1159-447c-94f9-ff671b8917dc'
ptd-server 2021-02-26 23:32:02,462 [INFO] Got command from the client 'time'
ptd-server 2021-02-26 23:32:02,462 [INFO] Sending reply to client '1614382322.4624078'
ptd-server 2021-02-26 23:32:02,463 [INFO] Got command from the client 'session,2021-02-26_23-32-02,start,ranging'
ptd-server 2021-02-26 23:32:02,463 [INFO] Running PTDaemon: ['/home/anton/projects/mlperf/power/inference_v1.0/ptd-linux-x86', '-l', 'ptd.log', '-p', '8888', '52', '/dev/usbtmc0']
ptd-server 2021-02-26 23:32:19,631 [INFO] Sending to ptd: 'Hello'
ptd-server 2021-02-26 23:32:19,631 [INFO] Reply from ptd: 'Hello, PTDaemon here!'
ptd-server 2021-02-26 23:32:19,631 [INFO] Sending to ptd: 'Identify'
ptd-server 2021-02-26 23:32:19,632 [INFO] Reply from ptd: 'YokogawaWT330E,1000,1,1,1,1,0,0,1,version=1.9.2-e8c7a49a-20201208,OS=Linux 5.8.0-43-generic #49~20.04.1-Ubuntu SMP Fri Feb 5 09:57:56 UTC 2021 x86_64,mode=power,1,1,1,0,0,no_cal_date,YOKOGAWA;WT333E;C3VD30030E;F1.04'
ptd-server 2021-02-26 23:32:19,632 [INFO] Connected to PTDaemon
ptd-server 2021-02-26 23:32:19,632 [INFO] Sending to ptd: 'RR'
ptd-server 2021-02-26 23:32:19,632 [INFO] Reply from ptd: 'Ranges,0,0.500000,0,300.000000'
ptd-server 2021-02-26 23:32:19,632 [INFO] Initial range for Amps is 0.500000 for Volts is 300.000000
ptd-server 2021-02-26 23:32:19,633 [INFO] Sending to ptd: 'SR,V,Auto'
ptd-server 2021-02-26 23:32:20,135 [INFO] Reply from ptd: 'Range V changed'
ptd-server 2021-02-26 23:32:20,135 [INFO] Sending to ptd: 'SR,A,Auto'
ptd-server 2021-02-26 23:32:20,637 [INFO] Reply from ptd: 'Range A changed'
ptd-server 2021-02-26 23:32:30,648 [INFO] Starting ranging mode
ptd-server 2021-02-26 23:32:30,648 [INFO] Sending to ptd: 'Go,1000,0,2021-02-26_23-32-02_ranging'
ptd-server 2021-02-26 23:32:30,648 [INFO] Reply from ptd: 'Starting untimed measurement, maximum 500000 samples at 1000ms with 0 rampup samples'
ptd-server 2021-02-26 23:32:30,648 [INFO] Sending reply to client 'OK'
ptd-server 2021-02-26 23:42:54,507 [INFO] Got command from the client 'session,2021-02-26_23-32-02,stop,ranging'
ptd-server 2021-02-26 23:43:04,518 [INFO] Sending to ptd: 'Stop'
ptd-server 2021-02-26 23:43:04,518 [INFO] Reply from ptd: 'Stopping untimed measurement'
ptd-server 2021-02-26 23:43:04,565 [INFO] Sending reply to client 'OK'
ptd-server 2021-02-26 23:43:04,624 [INFO] Got command from the client 'time'
ptd-server 2021-02-26 23:43:04,624 [INFO] Sending reply to client '1614382984.6247146'
ptd-server 2021-02-26 23:43:04,625 [INFO] Got command from the client 'session,2021-02-26_23-32-02,start,testing'
ptd-server 2021-02-26 23:43:04,626 [INFO] Sending to ptd: 'SR,V,248.450000'
ptd-server 2021-02-26 23:43:06,149 [INFO] Reply from ptd: 'Range V changed'
ptd-server 2021-02-26 23:43:06,149 [INFO] Sending to ptd: 'SR,A,0.234330'
ptd-server 2021-02-26 23:43:07,650 [INFO] Reply from ptd: 'Range A changed'
ptd-server 2021-02-26 23:43:17,661 [INFO] Starting testing mode
ptd-server 2021-02-26 23:43:17,661 [INFO] Sending to ptd: 'Go,1000,0,2021-02-26_23-32-02_testing'
ptd-server 2021-02-26 23:43:17,661 [INFO] Reply from ptd: 'Starting untimed measurement, maximum 500000 samples at 1000ms with 0 rampup samples'
ptd-server 2021-02-26 23:43:17,661 [INFO] Sending reply to client 'OK'
ptd-server 2021-02-26 23:53:35,970 [INFO] Got command from the client 'session,2021-02-26_23-32-02,stop,testing'
ptd-server 2021-02-26 23:53:45,981 [INFO] Sending to ptd: 'Stop'
ptd-server 2021-02-26 23:53:45,981 [INFO] Reply from ptd: 'Stopping untimed measurement'
ptd-server 2021-02-26 23:53:46,005 [INFO] Sending reply to client 'OK'
ptd-server 2021-02-26 23:53:46,014 [INFO] Got command from the client 'session,2021-02-26_23-32-02,upload,client.log'
ptd-server 2021-02-26 23:53:46,015 [INFO] Received '/home/anton/projects/mlperf/power-dev/output/2021-02-26_23-32-02client.log.tmp'
ptd-server 2021-02-26 23:53:46,015 [INFO] Removed '/home/anton/projects/mlperf/power-dev/output/2021-02-26_23-32-02client.log.tmp'
ptd-server 2021-02-26 23:53:46,015 [INFO] Sending reply to client 'OK'
ptd-server 2021-02-26 23:53:46,019 [INFO] Got command from the client 'session,2021-02-26_23-32-02,upload,client.json'
ptd-server 2021-02-26 23:53:46,020 [INFO] Received '/home/anton/projects/mlperf/power-dev/output/2021-02-26_23-32-02client.json.tmp'
ptd-server 2021-02-26 23:53:46,020 [INFO] Removed '/home/anton/projects/mlperf/power-dev/output/2021-02-26_23-32-02client.json.tmp'
ptd-server 2021-02-26 23:53:46,020 [INFO] Sending reply to client 'OK'
ptd-server 2021-02-26 23:53:46,021 [INFO] Got command from the client 'session,2021-02-26_23-32-02,done'
ptd-server 2021-02-26 23:53:46,022 [INFO] Sending to ptd: 'Stop'
ptd-server 2021-02-26 23:53:46,662 [INFO] Reply from ptd: 'Error: no measurement to stop'
ptd-server 2021-02-26 23:53:46,662 [INFO] Sending to ptd: 'SR,V,300.000000'
ptd-server 2021-02-26 23:53:48,163 [INFO] Reply from ptd: 'Range V changed'
ptd-server 2021-02-26 23:53:48,164 [INFO] Sending to ptd: 'SR,A,0.500000'
ptd-server 2021-02-26 23:53:49,665 [INFO] Reply from ptd: 'Range A changed'
ptd-server 2021-02-26 23:53:49,665 [INFO] Set initial values for Amps 0.500000 and Volts 300.000000
ptd-server 2021-02-26 23:53:49,665 [INFO] Stopping ptd...
