ptd-server 2021-03-06 20:25:02,596 [INFO] Got command from the client 'time'
ptd-server 2021-03-06 20:25:02,597 [INFO] Sending reply to client '1615062302.5970957'
ptd-server 2021-03-06 20:25:02,600 [INFO] Got command from the client 'new,,8c45ab10-91d0-4979-960c-e35c4c891ae8'
ptd-server 2021-03-06 20:25:02,600 [INFO] Sending reply to client 'OK 2021-03-06_20-25-02,93d78ad1-3718-491e-ba5e-7666d1ea2352'
ptd-server 2021-03-06 20:25:02,637 [INFO] Got command from the client 'time'
ptd-server 2021-03-06 20:25:02,637 [INFO] Sending reply to client '1615062302.6371584'
ptd-server 2021-03-06 20:25:02,641 [INFO] Got command from the client 'session,2021-03-06_20-25-02,start,ranging'
ptd-server 2021-03-06 20:25:02,641 [INFO] Running PTDaemon: ['/home/anton/projects/mlperf/power/inference_v1.0/ptd-linux-x86', '-l', 'ptd.log', '-p', '8888', '52', '/dev/usbtmc0']
ptd-server 2021-03-06 20:25:19,809 [INFO] Sending to ptd: 'Hello'
ptd-server 2021-03-06 20:25:19,810 [INFO] Reply from ptd: 'Hello, PTDaemon here!'
ptd-server 2021-03-06 20:25:19,810 [INFO] Sending to ptd: 'Identify'
ptd-server 2021-03-06 20:25:19,810 [INFO] Reply from ptd: 'YokogawaWT330E,1000,1,1,1,1,0,0,1,version=1.9.2-e8c7a49a-20201208,OS=Linux 5.8.0-43-generic #49~20.04.1-Ubuntu SMP Fri Feb 5 09:57:56 UTC 2021 x86_64,mode=power,1,1,1,0,0,no_cal_date,YOKOGAWA;WT333E;C3VD30030E;F1.04'
ptd-server 2021-03-06 20:25:19,811 [INFO] Connected to PTDaemon
ptd-server 2021-03-06 20:25:19,811 [INFO] Sending to ptd: 'RR'
ptd-server 2021-03-06 20:25:19,811 [INFO] Reply from ptd: 'Ranges,0,0.500000,0,300.000000'
ptd-server 2021-03-06 20:25:19,811 [INFO] Initial range for Amps is 0.500000 for Volts is 300.000000
ptd-server 2021-03-06 20:25:19,811 [INFO] Sending to ptd: 'SR,V,Auto'
ptd-server 2021-03-06 20:25:20,314 [INFO] Reply from ptd: 'Range V changed'
ptd-server 2021-03-06 20:25:20,314 [INFO] Sending to ptd: 'SR,A,Auto'
ptd-server 2021-03-06 20:25:20,817 [INFO] Reply from ptd: 'Range A changed'
ptd-server 2021-03-06 20:25:30,827 [INFO] Starting ranging mode
ptd-server 2021-03-06 20:25:30,827 [INFO] Sending to ptd: 'Go,1000,0,2021-03-06_20-25-02_ranging'
ptd-server 2021-03-06 20:25:30,827 [INFO] Reply from ptd: 'Starting untimed measurement, maximum 500000 samples at 1000ms with 0 rampup samples'
ptd-server 2021-03-06 20:25:30,828 [INFO] Sending reply to client 'OK'
ptd-server 2021-03-06 20:36:02,955 [INFO] Got command from the client 'session,2021-03-06_20-25-02,stop,ranging'
ptd-server 2021-03-06 20:36:12,965 [INFO] Sending to ptd: 'Stop'
ptd-server 2021-03-06 20:36:12,966 [INFO] Reply from ptd: 'Stopping untimed measurement'
ptd-server 2021-03-06 20:36:13,431 [INFO] Sending reply to client 'OK'
ptd-server 2021-03-06 20:36:13,477 [INFO] Got command from the client 'time'
ptd-server 2021-03-06 20:36:13,477 [INFO] Sending reply to client '1615062973.4776926'
ptd-server 2021-03-06 20:36:13,481 [INFO] Got command from the client 'session,2021-03-06_20-25-02,start,testing'
ptd-server 2021-03-06 20:36:13,481 [INFO] Sending to ptd: 'SR,V,250.120000'
ptd-server 2021-03-06 20:36:15,328 [INFO] Reply from ptd: 'Range V changed'
ptd-server 2021-03-06 20:36:15,328 [INFO] Sending to ptd: 'SR,A,0.057070'
ptd-server 2021-03-06 20:36:16,830 [INFO] Reply from ptd: 'Range A changed'
ptd-server 2021-03-06 20:36:26,840 [INFO] Starting testing mode
ptd-server 2021-03-06 20:36:26,840 [INFO] Sending to ptd: 'Go,1000,0,2021-03-06_20-25-02_testing'
ptd-server 2021-03-06 20:36:26,841 [INFO] Reply from ptd: 'Starting untimed measurement, maximum 500000 samples at 1000ms with 0 rampup samples'
ptd-server 2021-03-06 20:36:26,841 [INFO] Sending reply to client 'OK'
ptd-server 2021-03-06 20:47:03,878 [INFO] Got command from the client 'session,2021-03-06_20-25-02,stop,testing'
ptd-server 2021-03-06 20:47:13,889 [INFO] Sending to ptd: 'Stop'
ptd-server 2021-03-06 20:47:13,889 [INFO] Reply from ptd: 'Stopping untimed measurement'
ptd-server 2021-03-06 20:47:14,136 [INFO] Sending reply to client 'OK'
ptd-server 2021-03-06 20:47:14,144 [INFO] Got command from the client 'session,2021-03-06_20-25-02,upload,client.log'
ptd-server 2021-03-06 20:47:14,147 [INFO] Received '/home/anton/projects/mlperf/power-dev/output/2021-03-06_20-25-02client.log.tmp'
ptd-server 2021-03-06 20:47:14,147 [INFO] Removed '/home/anton/projects/mlperf/power-dev/output/2021-03-06_20-25-02client.log.tmp'
ptd-server 2021-03-06 20:47:14,147 [INFO] Sending reply to client 'OK'
ptd-server 2021-03-06 20:47:14,160 [INFO] Got command from the client 'session,2021-03-06_20-25-02,upload,client.json'
ptd-server 2021-03-06 20:47:14,163 [INFO] Received '/home/anton/projects/mlperf/power-dev/output/2021-03-06_20-25-02client.json.tmp'
ptd-server 2021-03-06 20:47:14,163 [INFO] Removed '/home/anton/projects/mlperf/power-dev/output/2021-03-06_20-25-02client.json.tmp'
ptd-server 2021-03-06 20:47:14,164 [INFO] Sending reply to client 'OK'
ptd-server 2021-03-06 20:47:14,166 [INFO] Got command from the client 'session,2021-03-06_20-25-02,done'
ptd-server 2021-03-06 20:47:14,166 [INFO] Sending to ptd: 'Stop'
ptd-server 2021-03-06 20:47:14,841 [INFO] Reply from ptd: 'Error: no measurement to stop'
ptd-server 2021-03-06 20:47:14,841 [INFO] Sending to ptd: 'SR,V,300.000000'
ptd-server 2021-03-06 20:47:16,343 [INFO] Reply from ptd: 'Range V changed'
ptd-server 2021-03-06 20:47:16,343 [INFO] Sending to ptd: 'SR,A,0.500000'
ptd-server 2021-03-06 20:47:17,844 [INFO] Reply from ptd: 'Range A changed'
ptd-server 2021-03-06 20:47:17,845 [INFO] Set initial values for Amps 0.500000 and Volts 300.000000
ptd-server 2021-03-06 20:47:17,845 [INFO] Stopping ptd...
