client 2021-03-09 01:07:06,707 [INFO] Sending command to the server: 'mlcommons/power client v3'
client 2021-03-09 01:07:06,708 [INFO] Got response: 'mlcommons/power server v3'
client 2021-03-09 01:07:06,708 [INFO] Synchronizing with the server and with time.google.com...
client 2021-03-09 01:07:06,756 [INFO] NTP:offset = -0.011 s, delay = 0.037 s 
client 2021-03-09 01:07:06,757 [INFO] Sending command to the server: 'time'
client 2021-03-09 01:07:06,758 [INFO] Got response: '1615252026.7493176'
client 2021-03-09 01:07:06,759 [INFO] The time difference between the client and the server is within range 7.736 ms..9.776 ms
client 2021-03-09 01:07:06,759 [INFO] Sending command to the server: 'new,,3f8fd823-ed02-484c-b41c-5bac1cbb12ef'
client 2021-03-09 01:07:06,761 [INFO] Got response: 'OK 2021-03-09_01-07-06,f26871c7-6faa-4324-8f01-931a883c1ead'
client 2021-03-09 01:07:06,762 [INFO] Session id is '2021-03-09_01-07-06'
client 2021-03-09 01:07:06,762 [INFO] Sources: {"sources": {"client.py": "d1e75cb4b26101220ebd242e584cf3ca5d8f1996", "lib/__init__.py": "da39a3ee5e6b4b0d3255bfef95601890afd80709", "lib/client.py": "d42bebf5b74cb6ff3997e2a6c68422afac111a28", "lib/common.py": "b0bad80d8fa328a7636027d4d66ff453f8dd7889", "lib/external/ntplib.py": "4da8f970656505a40483206ef2b5d3dd5e81711d", "lib/server.py": "2ed36471c7af565d6c8438b2134edad1d7ddf166", "lib/source_hashes.py": "4cedff274c661cb1504052018fd4f00dfbf624ef", "lib/summary.py": "0db15d783907aa92038281af4e465545c0648ddb", "lib/time_sync.py": "76051226ec89287839723352f4162aaa24e0546a", "server.py": "99e1310e3f76292aef1b8792ce6b8c82f1d44d8b", "tests/unit/test_server.py": "64f11775bfed35232a0e8bb9593c0ff992432c59", "tests/unit/test_source_hashes.py": "cb41a7261eaf7d94ba5c0aae9c523174f6204be3"}, "modules": {"__main__": "client.py", "lib.client": "lib/client.py", "lib.common": "lib/common.py", "lib.external.ntplib": "lib/external/ntplib.py", "lib.source_hashes": "lib/source_hashes.py", "lib.summary": "lib/summary.py", "lib.time_sync": "lib/time_sync.py"}}
client 2021-03-09 01:07:06,763 [INFO] Running workload in ranging mode
client 2021-03-09 01:07:06,764 [INFO] Synchronizing with the server and with time.google.com...
client 2021-03-09 01:07:06,796 [INFO] NTP:offset = -0.008 s, delay = 0.027 s 
client 2021-03-09 01:07:06,796 [INFO] Sending command to the server: 'time'
client 2021-03-09 01:07:06,797 [INFO] Got response: '1615252026.7885973'
client 2021-03-09 01:07:06,798 [INFO] The time difference between the client and the server is within range 7.984 ms..9.712 ms
client 2021-03-09 01:07:06,798 [INFO] Sending command to the server: 'session,2021-03-09_01-07-06,start,ranging'
client 2021-03-09 01:07:34,990 [INFO] Got response: 'OK'
client 2021-03-09 01:07:34,991 [INFO] Running the workload 'ck benchmark program:image-classification-armnn-tflite-loadgen --env.CK_SILENT_MODE=YES --skip_print_timers --dep_add_tags.compiler=gcc,v7 --dep_add_tags.python=v3 --dep_add_tags.mlperf-inference-src=r1.0 --dep_add_tags.weights=mobilenet,v2-0.35-160,non-quantized --dep_add_tags.images=crop.875,preprocessed,using-opencv --dep_add_tags.library=armnn,rel.21.02,neon --env.CK_LOADGEN_DATASET_SIZE=1024 --env.USE_NEON=1 --env.CK_LOADGEN_MODE=PerformanceOnly --env.CK_LOADGEN_SCENARIO=SingleStream --env.CK_LOADGEN_TARGET_LATENCY=$CK_LOADGEN_TARGET_LATENCY --skip_stat_analysis --process_multi_keys --repetitions=1 --record --record_repo=local --record_uoa=mlperf-open-xavier-armnn-v21.02-neon-mobilenet-v2-0.35-160-non-quantized-singlestream-performance-target_latency.$CK_LOADGEN_TARGET_LATENCY-power.workload --tags=mlperf,division.open,task.image-classification,platform.xavier,scenario.singlestream,mode.performance,workload.mobilenet-v2-0.35-160-non-quantized,preprocessed_using.opencv,inference_engine.armnn,inference_engine_version.v21.02,inference_engine_backend.neon,target_latency.$CK_LOADGEN_TARGET_LATENCY,power.workload "@@@{\'meta\': {\'ck_benchmark_program\': \'ck benchmark program:image-classification-armnn-tflite-loadgen --env.CK_SILENT_MODE=YES --skip_print_timers --dep_add_tags.compiler=gcc,v7 --dep_add_tags.python=v3 --dep_add_tags.mlperf-inference-src=r1.0 --dep_add_tags.weights=mobilenet,v2-0.35-160,non-quantized --dep_add_tags.images=crop.875,preprocessed,using-opencv --dep_add_tags.library=armnn,rel.21.02,neon --env.CK_LOADGEN_DATASET_SIZE=1024 --env.USE_NEON=1 --env.CK_LOADGEN_MODE=PerformanceOnly --env.CK_LOADGEN_SCENARIO=SingleStream --env.CK_LOADGEN_TARGET_LATENCY=$CK_LOADGEN_TARGET_LATENCY --skip_stat_analysis --process_multi_keys --repetitions=1 --record --record_repo=local --record_uoa=mlperf-open-xavier-armnn-v21.02-neon-mobilenet-v2-0.35-160-non-quantized-singlestream-performance-target_latency.$CK_LOADGEN_TARGET_LATENCY-power.workload --tags=mlperf,division.open,task.image-classification,platform.xavier,scenario.singlestream,mode.performance,workload.mobilenet-v2-0.35-160-non-quantized,preprocessed_using.opencv,inference_engine.armnn,inference_engine_version.v21.02,inference_engine_backend.neon,target_latency.$CK_LOADGEN_TARGET_LATENCY,power.workload\'}}"  && mkdir -p "$CK_MLPERF_POWER_CLIENT_LOADGEN_LOGS" && cp "$CK_MLPERF_POWER_CLIENT_LOADGEN_LOGS"/../mlperf_log_* "$CK_MLPERF_POWER_CLIENT_LOADGEN_LOGS"/'
client 2021-03-09 01:17:54,313 [INFO] Sending command to the server: 'session,2021-03-09_01-07-06,stop,ranging'
client 2021-03-09 01:18:05,002 [INFO] Got response: 'OK'
client 2021-03-09 01:18:05,005 [INFO] Running workload in testing mode
client 2021-03-09 01:18:05,006 [INFO] Synchronizing with the server and with time.google.com...
client 2021-03-09 01:18:05,040 [INFO] NTP:offset = -0.003 s, delay = 0.028 s 
client 2021-03-09 01:18:05,040 [INFO] Sending command to the server: 'time'
client 2021-03-09 01:18:05,043 [INFO] Got response: '1615252685.0359159'
client 2021-03-09 01:18:05,043 [INFO] The time difference between the client and the server is within range 4.478 ms..7.674 ms
client 2021-03-09 01:18:05,043 [INFO] Sending command to the server: 'session,2021-03-09_01-07-06,start,testing'
client 2021-03-09 01:18:18,059 [INFO] Got response: 'OK'
client 2021-03-09 01:18:18,061 [INFO] Running the workload 'ck benchmark program:image-classification-armnn-tflite-loadgen --env.CK_SILENT_MODE=YES --skip_print_timers --dep_add_tags.compiler=gcc,v7 --dep_add_tags.python=v3 --dep_add_tags.mlperf-inference-src=r1.0 --dep_add_tags.weights=mobilenet,v2-0.35-160,non-quantized --dep_add_tags.images=crop.875,preprocessed,using-opencv --dep_add_tags.library=armnn,rel.21.02,neon --env.CK_LOADGEN_DATASET_SIZE=1024 --env.USE_NEON=1 --env.CK_LOADGEN_MODE=PerformanceOnly --env.CK_LOADGEN_SCENARIO=SingleStream --env.CK_LOADGEN_TARGET_LATENCY=$CK_LOADGEN_TARGET_LATENCY --skip_stat_analysis --process_multi_keys --repetitions=1 --record --record_repo=local --record_uoa=mlperf-open-xavier-armnn-v21.02-neon-mobilenet-v2-0.35-160-non-quantized-singlestream-performance-target_latency.$CK_LOADGEN_TARGET_LATENCY-power.workload --tags=mlperf,division.open,task.image-classification,platform.xavier,scenario.singlestream,mode.performance,workload.mobilenet-v2-0.35-160-non-quantized,preprocessed_using.opencv,inference_engine.armnn,inference_engine_version.v21.02,inference_engine_backend.neon,target_latency.$CK_LOADGEN_TARGET_LATENCY,power.workload "@@@{\'meta\': {\'ck_benchmark_program\': \'ck benchmark program:image-classification-armnn-tflite-loadgen --env.CK_SILENT_MODE=YES --skip_print_timers --dep_add_tags.compiler=gcc,v7 --dep_add_tags.python=v3 --dep_add_tags.mlperf-inference-src=r1.0 --dep_add_tags.weights=mobilenet,v2-0.35-160,non-quantized --dep_add_tags.images=crop.875,preprocessed,using-opencv --dep_add_tags.library=armnn,rel.21.02,neon --env.CK_LOADGEN_DATASET_SIZE=1024 --env.USE_NEON=1 --env.CK_LOADGEN_MODE=PerformanceOnly --env.CK_LOADGEN_SCENARIO=SingleStream --env.CK_LOADGEN_TARGET_LATENCY=$CK_LOADGEN_TARGET_LATENCY --skip_stat_analysis --process_multi_keys --repetitions=1 --record --record_repo=local --record_uoa=mlperf-open-xavier-armnn-v21.02-neon-mobilenet-v2-0.35-160-non-quantized-singlestream-performance-target_latency.$CK_LOADGEN_TARGET_LATENCY-power.workload --tags=mlperf,division.open,task.image-classification,platform.xavier,scenario.singlestream,mode.performance,workload.mobilenet-v2-0.35-160-non-quantized,preprocessed_using.opencv,inference_engine.armnn,inference_engine_version.v21.02,inference_engine_backend.neon,target_latency.$CK_LOADGEN_TARGET_LATENCY,power.workload\'}}"  && mkdir -p "$CK_MLPERF_POWER_CLIENT_LOADGEN_LOGS" && cp "$CK_MLPERF_POWER_CLIENT_LOADGEN_LOGS"/../mlperf_log_* "$CK_MLPERF_POWER_CLIENT_LOADGEN_LOGS"/'
client 2021-03-09 01:28:33,599 [INFO] Sending command to the server: 'session,2021-03-09_01-07-06,stop,testing'
client 2021-03-09 01:28:43,966 [INFO] Got response: 'OK'
client 2021-03-09 01:28:43,968 [INFO] Done runs
