ptd-server 2021-03-09 01:07:06,749 [INFO] Got command from the client 'time'
ptd-server 2021-03-09 01:07:06,749 [INFO] Sending reply to client '1615252026.7493176'
ptd-server 2021-03-09 01:07:06,751 [INFO] Got command from the client 'new,,3f8fd823-ed02-484c-b41c-5bac1cbb12ef'
ptd-server 2021-03-09 01:07:06,752 [INFO] Sending reply to client 'OK 2021-03-09_01-07-06,f26871c7-6faa-4324-8f01-931a883c1ead'
ptd-server 2021-03-09 01:07:06,788 [INFO] Got command from the client 'time'
ptd-server 2021-03-09 01:07:06,788 [INFO] Sending reply to client '1615252026.7885973'
ptd-server 2021-03-09 01:07:06,790 [INFO] Got command from the client 'session,2021-03-09_01-07-06,start,ranging'
ptd-server 2021-03-09 01:07:06,791 [INFO] Running PTDaemon: ['/home/anton/projects/mlperf/power/inference_v1.0/ptd-linux-x86', '-l', 'ptd.log', '-p', '8888', '52', '/dev/usbtmc0']
ptd-server 2021-03-09 01:07:23,962 [INFO] Sending to ptd: 'Hello'
ptd-server 2021-03-09 01:07:23,963 [INFO] Reply from ptd: 'Hello, PTDaemon here!'
ptd-server 2021-03-09 01:07:23,963 [INFO] Sending to ptd: 'Identify'
ptd-server 2021-03-09 01:07:23,963 [INFO] Reply from ptd: 'YokogawaWT330E,1000,1,1,1,1,0,0,1,version=1.9.2-e8c7a49a-20201208,OS=Linux 5.8.0-43-generic #49~20.04.1-Ubuntu SMP Fri Feb 5 09:57:56 UTC 2021 x86_64,mode=power,1,1,1,0,0,no_cal_date,YOKOGAWA;WT333E;C3VD30030E;F1.04'
ptd-server 2021-03-09 01:07:23,963 [INFO] Connected to PTDaemon
ptd-server 2021-03-09 01:07:23,964 [INFO] Sending to ptd: 'RR'
ptd-server 2021-03-09 01:07:23,964 [INFO] Reply from ptd: 'Ranges,0,0.500000,0,300.000000'
ptd-server 2021-03-09 01:07:23,964 [INFO] Initial range for Amps is 0.500000 for Volts is 300.000000
ptd-server 2021-03-09 01:07:23,964 [INFO] Sending to ptd: 'SR,V,Auto'
ptd-server 2021-03-09 01:07:24,467 [INFO] Reply from ptd: 'Range V changed'
ptd-server 2021-03-09 01:07:24,467 [INFO] Sending to ptd: 'SR,A,Auto'
ptd-server 2021-03-09 01:07:24,969 [INFO] Reply from ptd: 'Range A changed'
ptd-server 2021-03-09 01:07:34,979 [INFO] Starting ranging mode
ptd-server 2021-03-09 01:07:34,980 [INFO] Sending to ptd: 'Go,1000,0,2021-03-09_01-07-06_ranging'
ptd-server 2021-03-09 01:07:34,980 [INFO] Reply from ptd: 'Starting untimed measurement, maximum 500000 samples at 1000ms with 0 rampup samples'
ptd-server 2021-03-09 01:07:34,980 [INFO] Sending reply to client 'OK'
ptd-server 2021-03-09 01:17:54,309 [INFO] Got command from the client 'session,2021-03-09_01-07-06,stop,ranging'
ptd-server 2021-03-09 01:18:04,319 [INFO] Sending to ptd: 'Stop'
ptd-server 2021-03-09 01:18:04,319 [INFO] Reply from ptd: 'Stopping untimed measurement'
ptd-server 2021-03-09 01:18:04,996 [INFO] Sending reply to client 'OK'
ptd-server 2021-03-09 01:18:05,035 [INFO] Got command from the client 'time'
ptd-server 2021-03-09 01:18:05,035 [INFO] Sending reply to client '1615252685.0359159'
ptd-server 2021-03-09 01:18:05,039 [INFO] Got command from the client 'session,2021-03-09_01-07-06,start,testing'
ptd-server 2021-03-09 01:18:05,039 [INFO] Sending to ptd: 'SR,V,249.160000'
ptd-server 2021-03-09 01:18:06,540 [INFO] Reply from ptd: 'Range V changed'
ptd-server 2021-03-09 01:18:06,541 [INFO] Sending to ptd: 'SR,A,0.136490'
ptd-server 2021-03-09 01:18:08,042 [INFO] Reply from ptd: 'Range A changed'
ptd-server 2021-03-09 01:18:18,052 [INFO] Starting testing mode
ptd-server 2021-03-09 01:18:18,052 [INFO] Sending to ptd: 'Go,1000,0,2021-03-09_01-07-06_testing'
ptd-server 2021-03-09 01:18:18,053 [INFO] Reply from ptd: 'Starting untimed measurement, maximum 500000 samples at 1000ms with 0 rampup samples'
ptd-server 2021-03-09 01:18:18,053 [INFO] Sending reply to client 'OK'
ptd-server 2021-03-09 01:28:33,595 [INFO] Got command from the client 'session,2021-03-09_01-07-06,stop,testing'
ptd-server 2021-03-09 01:28:43,606 [INFO] Sending to ptd: 'Stop'
ptd-server 2021-03-09 01:28:43,606 [INFO] Reply from ptd: 'Stopping untimed measurement'
ptd-server 2021-03-09 01:28:43,960 [INFO] Sending reply to client 'OK'
ptd-server 2021-03-09 01:28:43,968 [INFO] Got command from the client 'session,2021-03-09_01-07-06,upload,client.log'
ptd-server 2021-03-09 01:28:43,970 [INFO] Received '/home/anton/projects/mlperf/power-dev/output/2021-03-09_01-07-06client.log.tmp'
ptd-server 2021-03-09 01:28:43,970 [INFO] Removed '/home/anton/projects/mlperf/power-dev/output/2021-03-09_01-07-06client.log.tmp'
ptd-server 2021-03-09 01:28:43,970 [INFO] Sending reply to client 'OK'
ptd-server 2021-03-09 01:28:43,977 [INFO] Got command from the client 'session,2021-03-09_01-07-06,upload,client.json'
ptd-server 2021-03-09 01:28:43,977 [INFO] Received '/home/anton/projects/mlperf/power-dev/output/2021-03-09_01-07-06client.json.tmp'
ptd-server 2021-03-09 01:28:43,977 [INFO] Removed '/home/anton/projects/mlperf/power-dev/output/2021-03-09_01-07-06client.json.tmp'
ptd-server 2021-03-09 01:28:43,977 [INFO] Sending reply to client 'OK'
ptd-server 2021-03-09 01:28:43,978 [INFO] Got command from the client 'session,2021-03-09_01-07-06,done'
ptd-server 2021-03-09 01:28:43,979 [INFO] Sending to ptd: 'Stop'
ptd-server 2021-03-09 01:28:44,053 [INFO] Reply from ptd: 'Error: no measurement to stop'
ptd-server 2021-03-09 01:28:44,053 [INFO] Sending to ptd: 'SR,V,300.000000'
ptd-server 2021-03-09 01:28:45,555 [INFO] Reply from ptd: 'Range V changed'
ptd-server 2021-03-09 01:28:45,555 [INFO] Sending to ptd: 'SR,A,0.500000'
ptd-server 2021-03-09 01:28:47,056 [INFO] Reply from ptd: 'Range A changed'
ptd-server 2021-03-09 01:28:47,056 [INFO] Set initial values for Amps 0.500000 and Volts 300.000000
ptd-server 2021-03-09 01:28:47,057 [INFO] Stopping ptd...
