ptd-server 2021-02-27 15:37:25,356 [INFO] Got command from the client 'time'
ptd-server 2021-02-27 15:37:25,357 [INFO] Sending reply to client '1614440245.357087'
ptd-server 2021-02-27 15:37:25,358 [INFO] Got command from the client 'new,,47a46442-c132-4700-ac97-6518c1a99f08'
ptd-server 2021-02-27 15:37:25,358 [INFO] Sending reply to client 'OK 2021-02-27_15-37-25,e1f69568-7009-4adc-9b71-0075d601e3eb'
ptd-server 2021-02-27 15:37:25,386 [INFO] Got command from the client 'time'
ptd-server 2021-02-27 15:37:25,386 [INFO] Sending reply to client '1614440245.3868117'
ptd-server 2021-02-27 15:37:25,388 [INFO] Got command from the client 'session,2021-02-27_15-37-25,start,ranging'
ptd-server 2021-02-27 15:37:25,388 [INFO] Running PTDaemon: ['/home/anton/projects/mlperf/power/inference_v1.0/ptd-linux-x86', '-l', 'ptd.log', '-p', '8888', '52', '/dev/usbtmc0']
ptd-server 2021-02-27 15:37:42,557 [INFO] Sending to ptd: 'Hello'
ptd-server 2021-02-27 15:37:42,558 [INFO] Reply from ptd: 'Hello, PTDaemon here!'
ptd-server 2021-02-27 15:37:42,558 [INFO] Sending to ptd: 'Identify'
ptd-server 2021-02-27 15:37:42,558 [INFO] Reply from ptd: 'YokogawaWT330E,1000,1,1,1,1,0,0,1,version=1.9.2-e8c7a49a-20201208,OS=Linux 5.8.0-43-generic #49~20.04.1-Ubuntu SMP Fri Feb 5 09:57:56 UTC 2021 x86_64,mode=power,1,1,1,0,0,no_cal_date,YOKOGAWA;WT333E;C3VD30030E;F1.04'
ptd-server 2021-02-27 15:37:42,558 [INFO] Connected to PTDaemon
ptd-server 2021-02-27 15:37:42,559 [INFO] Sending to ptd: 'RR'
ptd-server 2021-02-27 15:37:42,559 [INFO] Reply from ptd: 'Ranges,0,0.500000,0,300.000000'
ptd-server 2021-02-27 15:37:42,559 [INFO] Initial range for Amps is 0.500000 for Volts is 300.000000
ptd-server 2021-02-27 15:37:42,559 [INFO] Sending to ptd: 'SR,V,Auto'
ptd-server 2021-02-27 15:37:43,062 [INFO] Reply from ptd: 'Range V changed'
ptd-server 2021-02-27 15:37:43,062 [INFO] Sending to ptd: 'SR,A,Auto'
ptd-server 2021-02-27 15:37:43,564 [INFO] Reply from ptd: 'Range A changed'
ptd-server 2021-02-27 15:37:53,574 [INFO] Starting ranging mode
ptd-server 2021-02-27 15:37:53,575 [INFO] Sending to ptd: 'Go,1000,0,2021-02-27_15-37-25_ranging'
ptd-server 2021-02-27 15:37:53,575 [INFO] Reply from ptd: 'Starting untimed measurement, maximum 500000 samples at 1000ms with 0 rampup samples'
ptd-server 2021-02-27 15:37:53,575 [INFO] Sending reply to client 'OK'
ptd-server 2021-02-27 15:48:12,023 [INFO] Got command from the client 'session,2021-02-27_15-37-25,stop,ranging'
ptd-server 2021-02-27 15:48:22,034 [INFO] Sending to ptd: 'Stop'
ptd-server 2021-02-27 15:48:22,034 [INFO] Reply from ptd: 'Stopping untimed measurement'
ptd-server 2021-02-27 15:48:22,148 [INFO] Sending reply to client 'OK'
ptd-server 2021-02-27 15:48:22,184 [INFO] Got command from the client 'time'
ptd-server 2021-02-27 15:48:22,184 [INFO] Sending reply to client '1614440902.1843672'
ptd-server 2021-02-27 15:48:22,185 [INFO] Got command from the client 'session,2021-02-27_15-37-25,start,testing'
ptd-server 2021-02-27 15:48:22,185 [INFO] Sending to ptd: 'SR,V,248.080000'
ptd-server 2021-02-27 15:48:24,076 [INFO] Reply from ptd: 'Range V changed'
ptd-server 2021-02-27 15:48:24,076 [INFO] Sending to ptd: 'SR,A,0.175390'
ptd-server 2021-02-27 15:48:25,578 [INFO] Reply from ptd: 'Range A changed'
ptd-server 2021-02-27 15:48:35,588 [INFO] Starting testing mode
ptd-server 2021-02-27 15:48:35,588 [INFO] Sending to ptd: 'Go,1000,0,2021-02-27_15-37-25_testing'
ptd-server 2021-02-27 15:48:35,589 [INFO] Reply from ptd: 'Starting untimed measurement, maximum 500000 samples at 1000ms with 0 rampup samples'
ptd-server 2021-02-27 15:48:35,589 [INFO] Sending reply to client 'OK'
ptd-server 2021-02-27 15:58:53,910 [INFO] Got command from the client 'session,2021-02-27_15-37-25,stop,testing'
ptd-server 2021-02-27 15:59:03,920 [INFO] Sending to ptd: 'Stop'
ptd-server 2021-02-27 15:59:03,920 [INFO] Reply from ptd: 'Stopping untimed measurement'
ptd-server 2021-02-27 15:59:03,981 [INFO] Sending reply to client 'OK'
ptd-server 2021-02-27 15:59:03,984 [INFO] Got command from the client 'session,2021-02-27_15-37-25,upload,client.log'
ptd-server 2021-02-27 15:59:03,984 [INFO] Received '/home/anton/projects/mlperf/power-dev/output/2021-02-27_15-37-25client.log.tmp'
ptd-server 2021-02-27 15:59:03,985 [INFO] Removed '/home/anton/projects/mlperf/power-dev/output/2021-02-27_15-37-25client.log.tmp'
ptd-server 2021-02-27 15:59:03,985 [INFO] Sending reply to client 'OK'
ptd-server 2021-02-27 15:59:03,989 [INFO] Got command from the client 'session,2021-02-27_15-37-25,upload,client.json'
ptd-server 2021-02-27 15:59:03,989 [INFO] Received '/home/anton/projects/mlperf/power-dev/output/2021-02-27_15-37-25client.json.tmp'
ptd-server 2021-02-27 15:59:03,990 [INFO] Removed '/home/anton/projects/mlperf/power-dev/output/2021-02-27_15-37-25client.json.tmp'
ptd-server 2021-02-27 15:59:03,990 [INFO] Sending reply to client 'OK'
ptd-server 2021-02-27 15:59:03,991 [INFO] Got command from the client 'session,2021-02-27_15-37-25,done'
ptd-server 2021-02-27 15:59:03,991 [INFO] Sending to ptd: 'Stop'
ptd-server 2021-02-27 15:59:04,589 [INFO] Reply from ptd: 'Error: no measurement to stop'
ptd-server 2021-02-27 15:59:04,589 [INFO] Sending to ptd: 'SR,V,300.000000'
ptd-server 2021-02-27 15:59:06,091 [INFO] Reply from ptd: 'Range V changed'
ptd-server 2021-02-27 15:59:06,091 [INFO] Sending to ptd: 'SR,A,0.500000'
ptd-server 2021-02-27 15:59:07,592 [INFO] Reply from ptd: 'Range A changed'
ptd-server 2021-02-27 15:59:07,592 [INFO] Set initial values for Amps 0.500000 and Volts 300.000000
ptd-server 2021-02-27 15:59:07,593 [INFO] Stopping ptd...
