ptd-server 2021-03-19 00:01:03,875 [INFO] Got command from the client 'time'
ptd-server 2021-03-19 00:01:03,875 [INFO] Sending reply to client '1616112063.8756309'
ptd-server 2021-03-19 00:01:03,879 [INFO] Got command from the client 'new,,ffacf7fe-64fe-4903-a118-b3b2b3688e36'
ptd-server 2021-03-19 00:01:03,880 [INFO] Sending reply to client 'OK 2021-03-19_00-01-03,7dcf3133-db93-446a-9893-ab8108aaec42'
ptd-server 2021-03-19 00:01:03,934 [INFO] Got command from the client 'time'
ptd-server 2021-03-19 00:01:03,934 [INFO] Sending reply to client '1616112063.9342484'
ptd-server 2021-03-19 00:01:03,938 [INFO] Got command from the client 'session,2021-03-19_00-01-03,start,ranging'
ptd-server 2021-03-19 00:01:03,938 [INFO] Running PTDaemon: ['/home/anton/projects/mlperf/power/inference_v1.0/ptd-linux-x86', '-l', 'ptd.log', '-p', '9888', '52', '/dev/usbtmc1']
ptd-server 2021-03-19 00:01:21,049 [INFO] Sending to ptd: 'Hello'
ptd-server 2021-03-19 00:01:21,050 [INFO] Reply from ptd: 'Hello, PTDaemon here!'
ptd-server 2021-03-19 00:01:21,050 [INFO] Sending to ptd: 'Identify'
ptd-server 2021-03-19 00:01:21,051 [INFO] Reply from ptd: 'YokogawaWT330E,1000,1,1,1,1,0,0,1,version=1.9.2-e8c7a49a-20201208,OS=Linux 5.8.0-45-generic #51~20.04.1-Ubuntu SMP Tue Feb 23 13:46:31 UTC 2021 x86_64,mode=power,1,1,1,0,0,no_cal_date,YOKOGAWA;WT333E;C3VD30030E;F1.04'
ptd-server 2021-03-19 00:01:21,051 [INFO] Connected to PTDaemon
ptd-server 2021-03-19 00:01:21,051 [INFO] Sending to ptd: 'RR'
ptd-server 2021-03-19 00:01:21,052 [INFO] Reply from ptd: 'Ranges,1,0.500000,1,300.000000'
ptd-server 2021-03-19 00:01:21,052 [INFO] Initial range for Amps is Auto for Volts is Auto
ptd-server 2021-03-19 00:01:21,052 [INFO] Sending to ptd: 'SR,V,Auto'
ptd-server 2021-03-19 00:01:21,555 [INFO] Reply from ptd: 'Range V changed'
ptd-server 2021-03-19 00:01:21,555 [INFO] Sending to ptd: 'SR,A,Auto'
ptd-server 2021-03-19 00:01:22,059 [INFO] Reply from ptd: 'Range A changed'
ptd-server 2021-03-19 00:01:32,069 [INFO] Starting ranging mode
ptd-server 2021-03-19 00:01:32,069 [INFO] Sending to ptd: 'Go,1000,0,2021-03-19_00-01-03_ranging'
ptd-server 2021-03-19 00:01:32,070 [INFO] Reply from ptd: 'Starting untimed measurement, maximum 500000 samples at 1000ms with 0 rampup samples'
ptd-server 2021-03-19 00:01:32,070 [INFO] Sending reply to client 'OK'
ptd-server 2021-03-19 00:12:34,017 [INFO] Got command from the client 'session,2021-03-19_00-01-03,stop,ranging'
ptd-server 2021-03-19 00:12:44,028 [INFO] Sending to ptd: 'Stop'
ptd-server 2021-03-19 00:12:44,028 [INFO] Reply from ptd: 'Stopping untimed measurement'
ptd-server 2021-03-19 00:12:44,091 [INFO] Sending reply to client 'OK'
ptd-server 2021-03-19 00:12:44,214 [INFO] Got command from the client 'time'
ptd-server 2021-03-19 00:12:44,214 [INFO] Sending reply to client '1616112764.2146387'
ptd-server 2021-03-19 00:12:44,220 [INFO] Got command from the client 'session,2021-03-19_00-01-03,start,testing'
ptd-server 2021-03-19 00:12:44,220 [INFO] Sending to ptd: 'SR,V,248.830000'
ptd-server 2021-03-19 00:12:45,722 [INFO] Reply from ptd: 'Range V changed'
ptd-server 2021-03-19 00:12:45,723 [INFO] Sending to ptd: 'SR,A,0.203160'
ptd-server 2021-03-19 00:12:47,225 [INFO] Reply from ptd: 'Range A changed'
ptd-server 2021-03-19 00:12:57,235 [INFO] Starting testing mode
ptd-server 2021-03-19 00:12:57,236 [INFO] Sending to ptd: 'Go,1000,0,2021-03-19_00-01-03_testing'
ptd-server 2021-03-19 00:12:57,236 [INFO] Reply from ptd: 'Starting untimed measurement, maximum 500000 samples at 1000ms with 0 rampup samples'
ptd-server 2021-03-19 00:12:57,237 [INFO] Sending reply to client 'OK'
ptd-server 2021-03-19 00:24:00,927 [INFO] Got command from the client 'session,2021-03-19_00-01-03,stop,testing'
ptd-server 2021-03-19 00:24:10,938 [INFO] Sending to ptd: 'Stop'
ptd-server 2021-03-19 00:24:10,938 [INFO] Reply from ptd: 'Stopping untimed measurement'
ptd-server 2021-03-19 00:24:10,971 [INFO] Sending reply to client 'OK'
ptd-server 2021-03-19 00:24:10,994 [INFO] Got command from the client 'session,2021-03-19_00-01-03,upload,client.log'
ptd-server 2021-03-19 00:24:10,999 [INFO] Received '/home/anton/projects/mlperf/power-dev/output/2021-03-19_00-01-03client.log.tmp'
ptd-server 2021-03-19 00:24:10,999 [INFO] Removed '/home/anton/projects/mlperf/power-dev/output/2021-03-19_00-01-03client.log.tmp'
ptd-server 2021-03-19 00:24:10,999 [INFO] Sending reply to client 'OK'
ptd-server 2021-03-19 00:24:11,010 [INFO] Got command from the client 'session,2021-03-19_00-01-03,upload,client.json'
ptd-server 2021-03-19 00:24:11,015 [INFO] Received '/home/anton/projects/mlperf/power-dev/output/2021-03-19_00-01-03client.json.tmp'
ptd-server 2021-03-19 00:24:11,015 [INFO] Removed '/home/anton/projects/mlperf/power-dev/output/2021-03-19_00-01-03client.json.tmp'
ptd-server 2021-03-19 00:24:11,015 [INFO] Sending reply to client 'OK'
ptd-server 2021-03-19 00:24:11,019 [INFO] Got command from the client 'session,2021-03-19_00-01-03,done'
ptd-server 2021-03-19 00:24:11,020 [INFO] Sending to ptd: 'Stop'
ptd-server 2021-03-19 00:24:11,237 [INFO] Reply from ptd: 'Error: no measurement to stop'
ptd-server 2021-03-19 00:24:11,237 [INFO] Sending to ptd: 'SR,V,Auto'
ptd-server 2021-03-19 00:24:11,740 [INFO] Reply from ptd: 'Range V changed'
ptd-server 2021-03-19 00:24:11,740 [INFO] Sending to ptd: 'SR,A,Auto'
ptd-server 2021-03-19 00:24:12,243 [INFO] Reply from ptd: 'Range A changed'
ptd-server 2021-03-19 00:24:12,243 [INFO] Set initial values for Amps Auto and Volts Auto
ptd-server 2021-03-19 00:24:12,244 [INFO] Stopping ptd...
