ptd-server 2021-03-08 08:02:39,931 [INFO] Got command from the client 'time'
ptd-server 2021-03-08 08:02:39,931 [INFO] Sending reply to client '1615190559.9319696'
ptd-server 2021-03-08 08:02:39,934 [INFO] Got command from the client 'new,,53bcef0c-cd82-488d-a749-7a6a4989996b'
ptd-server 2021-03-08 08:02:39,935 [INFO] Sending reply to client 'OK 2021-03-08_08-02-39,a5e2e174-e1b5-42da-b36c-b0647d58c754'
ptd-server 2021-03-08 08:02:39,971 [INFO] Got command from the client 'time'
ptd-server 2021-03-08 08:02:39,971 [INFO] Sending reply to client '1615190559.9719074'
ptd-server 2021-03-08 08:02:39,974 [INFO] Got command from the client 'session,2021-03-08_08-02-39,start,ranging'
ptd-server 2021-03-08 08:02:39,974 [INFO] Running PTDaemon: ['/home/anton/projects/mlperf/power/inference_v1.0/ptd-linux-x86', '-l', 'ptd.log', '-p', '8888', '52', '/dev/usbtmc0']
ptd-server 2021-03-08 08:02:57,146 [INFO] Sending to ptd: 'Hello'
ptd-server 2021-03-08 08:02:57,147 [INFO] Reply from ptd: 'Hello, PTDaemon here!'
ptd-server 2021-03-08 08:02:57,147 [INFO] Sending to ptd: 'Identify'
ptd-server 2021-03-08 08:02:57,147 [INFO] Reply from ptd: 'YokogawaWT330E,1000,1,1,1,1,0,0,1,version=1.9.2-e8c7a49a-20201208,OS=Linux 5.8.0-43-generic #49~20.04.1-Ubuntu SMP Fri Feb 5 09:57:56 UTC 2021 x86_64,mode=power,1,1,1,0,0,no_cal_date,YOKOGAWA;WT333E;C3VD30030E;F1.04'
ptd-server 2021-03-08 08:02:57,148 [INFO] Connected to PTDaemon
ptd-server 2021-03-08 08:02:57,148 [INFO] Sending to ptd: 'RR'
ptd-server 2021-03-08 08:02:57,148 [INFO] Reply from ptd: 'Ranges,0,0.500000,0,300.000000'
ptd-server 2021-03-08 08:02:57,148 [INFO] Initial range for Amps is 0.500000 for Volts is 300.000000
ptd-server 2021-03-08 08:02:57,148 [INFO] Sending to ptd: 'SR,V,Auto'
ptd-server 2021-03-08 08:02:57,651 [INFO] Reply from ptd: 'Range V changed'
ptd-server 2021-03-08 08:02:57,651 [INFO] Sending to ptd: 'SR,A,Auto'
ptd-server 2021-03-08 08:02:58,154 [INFO] Reply from ptd: 'Range A changed'
ptd-server 2021-03-08 08:03:08,164 [INFO] Starting ranging mode
ptd-server 2021-03-08 08:03:08,164 [INFO] Sending to ptd: 'Go,1000,0,2021-03-08_08-02-39_ranging'
ptd-server 2021-03-08 08:03:08,164 [INFO] Reply from ptd: 'Starting untimed measurement, maximum 500000 samples at 1000ms with 0 rampup samples'
ptd-server 2021-03-08 08:03:08,165 [INFO] Sending reply to client 'OK'
ptd-server 2021-03-08 08:13:33,257 [INFO] Got command from the client 'session,2021-03-08_08-02-39,stop,ranging'
ptd-server 2021-03-08 08:13:43,267 [INFO] Sending to ptd: 'Stop'
ptd-server 2021-03-08 08:13:43,268 [INFO] Reply from ptd: 'Stopping untimed measurement'
ptd-server 2021-03-08 08:13:43,909 [INFO] Sending reply to client 'OK'
ptd-server 2021-03-08 08:13:43,949 [INFO] Got command from the client 'time'
ptd-server 2021-03-08 08:13:43,949 [INFO] Sending reply to client '1615191223.9498951'
ptd-server 2021-03-08 08:13:43,953 [INFO] Got command from the client 'session,2021-03-08_08-02-39,start,testing'
ptd-server 2021-03-08 08:13:43,953 [INFO] Sending to ptd: 'SR,V,250.030000'
ptd-server 2021-03-08 08:13:45,665 [INFO] Reply from ptd: 'Range V changed'
ptd-server 2021-03-08 08:13:45,665 [INFO] Sending to ptd: 'SR,A,0.053650'
ptd-server 2021-03-08 08:13:47,167 [INFO] Reply from ptd: 'Range A changed'
ptd-server 2021-03-08 08:13:57,177 [INFO] Starting testing mode
ptd-server 2021-03-08 08:13:57,177 [INFO] Sending to ptd: 'Go,1000,0,2021-03-08_08-02-39_testing'
ptd-server 2021-03-08 08:13:57,178 [INFO] Reply from ptd: 'Starting untimed measurement, maximum 500000 samples at 1000ms with 0 rampup samples'
ptd-server 2021-03-08 08:13:57,178 [INFO] Sending reply to client 'OK'
ptd-server 2021-03-08 08:24:27,133 [INFO] Got command from the client 'session,2021-03-08_08-02-39,stop,testing'
ptd-server 2021-03-08 08:24:37,143 [INFO] Sending to ptd: 'Stop'
ptd-server 2021-03-08 08:24:37,144 [INFO] Reply from ptd: 'Stopping untimed measurement'
ptd-server 2021-03-08 08:24:37,477 [INFO] Sending reply to client 'OK'
ptd-server 2021-03-08 08:24:37,485 [INFO] Got command from the client 'session,2021-03-08_08-02-39,upload,client.log'
ptd-server 2021-03-08 08:24:37,488 [INFO] Received '/home/anton/projects/mlperf/power-dev/output/2021-03-08_08-02-39client.log.tmp'
ptd-server 2021-03-08 08:24:37,489 [INFO] Removed '/home/anton/projects/mlperf/power-dev/output/2021-03-08_08-02-39client.log.tmp'
ptd-server 2021-03-08 08:24:37,489 [INFO] Sending reply to client 'OK'
ptd-server 2021-03-08 08:24:37,501 [INFO] Got command from the client 'session,2021-03-08_08-02-39,upload,client.json'
ptd-server 2021-03-08 08:24:37,504 [INFO] Received '/home/anton/projects/mlperf/power-dev/output/2021-03-08_08-02-39client.json.tmp'
ptd-server 2021-03-08 08:24:37,504 [INFO] Removed '/home/anton/projects/mlperf/power-dev/output/2021-03-08_08-02-39client.json.tmp'
ptd-server 2021-03-08 08:24:37,504 [INFO] Sending reply to client 'OK'
ptd-server 2021-03-08 08:24:37,507 [INFO] Got command from the client 'session,2021-03-08_08-02-39,done'
ptd-server 2021-03-08 08:24:37,507 [INFO] Sending to ptd: 'Stop'
ptd-server 2021-03-08 08:24:37,507 [INFO] Reply from ptd: 'Error: no measurement to stop'
ptd-server 2021-03-08 08:24:37,507 [INFO] Sending to ptd: 'SR,V,300.000000'
ptd-server 2021-03-08 08:24:39,008 [INFO] Reply from ptd: 'Range V changed'
ptd-server 2021-03-08 08:24:39,009 [INFO] Sending to ptd: 'SR,A,0.500000'
ptd-server 2021-03-08 08:24:40,510 [INFO] Reply from ptd: 'Range A changed'
ptd-server 2021-03-08 08:24:40,510 [INFO] Set initial values for Amps 0.500000 and Volts 300.000000
ptd-server 2021-03-08 08:24:40,510 [INFO] Stopping ptd...
