ptd-server 2021-03-19 02:39:45,750 [INFO] Got command from the client 'time'
ptd-server 2021-03-19 02:39:45,750 [INFO] Sending reply to client '1616121585.750936'
ptd-server 2021-03-19 02:39:45,755 [INFO] Got command from the client 'new,,97b88c89-cd48-4818-8f90-1aeef1aeefb7'
ptd-server 2021-03-19 02:39:45,755 [INFO] Sending reply to client 'OK 2021-03-19_02-39-45,e8186092-4fc9-4a13-adf5-5e665927857c'
ptd-server 2021-03-19 02:39:45,810 [INFO] Got command from the client 'time'
ptd-server 2021-03-19 02:39:45,810 [INFO] Sending reply to client '1616121585.8108346'
ptd-server 2021-03-19 02:39:45,816 [INFO] Got command from the client 'session,2021-03-19_02-39-45,start,ranging'
ptd-server 2021-03-19 02:39:45,816 [INFO] Running PTDaemon: ['/home/anton/projects/mlperf/power/inference_v1.0/ptd-linux-x86', '-l', 'ptd.log', '-p', '9888', '52', '/dev/usbtmc1']
ptd-server 2021-03-19 02:40:02,936 [INFO] Sending to ptd: 'Hello'
ptd-server 2021-03-19 02:40:02,937 [INFO] Reply from ptd: 'Hello, PTDaemon here!'
ptd-server 2021-03-19 02:40:02,937 [INFO] Sending to ptd: 'Identify'
ptd-server 2021-03-19 02:40:02,938 [INFO] Reply from ptd: 'YokogawaWT330E,1000,1,1,1,1,0,0,1,version=1.9.2-e8c7a49a-20201208,OS=Linux 5.8.0-45-generic #51~20.04.1-Ubuntu SMP Tue Feb 23 13:46:31 UTC 2021 x86_64,mode=power,1,1,1,0,0,no_cal_date,YOKOGAWA;WT333E;C3VD30030E;F1.04'
ptd-server 2021-03-19 02:40:02,938 [INFO] Connected to PTDaemon
ptd-server 2021-03-19 02:40:02,938 [INFO] Sending to ptd: 'RR'
ptd-server 2021-03-19 02:40:02,938 [INFO] Reply from ptd: 'Ranges,1,0.500000,1,300.000000'
ptd-server 2021-03-19 02:40:02,939 [INFO] Initial range for Amps is Auto for Volts is Auto
ptd-server 2021-03-19 02:40:02,939 [INFO] Sending to ptd: 'SR,V,Auto'
ptd-server 2021-03-19 02:40:03,442 [INFO] Reply from ptd: 'Range V changed'
ptd-server 2021-03-19 02:40:03,442 [INFO] Sending to ptd: 'SR,A,Auto'
ptd-server 2021-03-19 02:40:03,945 [INFO] Reply from ptd: 'Range A changed'
ptd-server 2021-03-19 02:40:13,956 [INFO] Starting ranging mode
ptd-server 2021-03-19 02:40:13,956 [INFO] Sending to ptd: 'Go,1000,0,2021-03-19_02-39-45_ranging'
ptd-server 2021-03-19 02:40:13,956 [INFO] Reply from ptd: 'Starting untimed measurement, maximum 500000 samples at 1000ms with 0 rampup samples'
ptd-server 2021-03-19 02:40:13,957 [INFO] Sending reply to client 'OK'
ptd-server 2021-03-19 02:52:16,662 [INFO] Got command from the client 'session,2021-03-19_02-39-45,stop,ranging'
ptd-server 2021-03-19 02:52:26,669 [INFO] Sending to ptd: 'Stop'
ptd-server 2021-03-19 02:52:26,669 [INFO] Reply from ptd: 'Stopping untimed measurement'
ptd-server 2021-03-19 02:52:26,734 [INFO] Sending reply to client 'OK'
ptd-server 2021-03-19 02:52:26,847 [INFO] Got command from the client 'time'
ptd-server 2021-03-19 02:52:26,848 [INFO] Sending reply to client '1616122346.8479657'
ptd-server 2021-03-19 02:52:26,854 [INFO] Got command from the client 'session,2021-03-19_02-39-45,start,testing'
ptd-server 2021-03-19 02:52:26,854 [INFO] Sending to ptd: 'SR,V,248.890000'
ptd-server 2021-03-19 02:52:28,459 [INFO] Reply from ptd: 'Range V changed'
ptd-server 2021-03-19 02:52:28,459 [INFO] Sending to ptd: 'SR,A,0.303420'
ptd-server 2021-03-19 02:52:29,961 [INFO] Reply from ptd: 'Range A changed'
ptd-server 2021-03-19 02:52:39,969 [INFO] Starting testing mode
ptd-server 2021-03-19 02:52:39,969 [INFO] Sending to ptd: 'Go,1000,0,2021-03-19_02-39-45_testing'
ptd-server 2021-03-19 02:52:39,969 [INFO] Reply from ptd: 'Starting untimed measurement, maximum 500000 samples at 1000ms with 0 rampup samples'
ptd-server 2021-03-19 02:52:39,969 [INFO] Sending reply to client 'OK'
ptd-server 2021-03-19 03:04:41,695 [INFO] Got command from the client 'session,2021-03-19_02-39-45,stop,testing'
ptd-server 2021-03-19 03:04:51,705 [INFO] Sending to ptd: 'Stop'
ptd-server 2021-03-19 03:04:51,706 [INFO] Reply from ptd: 'Stopping untimed measurement'
ptd-server 2021-03-19 03:04:51,739 [INFO] Sending reply to client 'OK'
ptd-server 2021-03-19 03:04:51,775 [INFO] Got command from the client 'session,2021-03-19_02-39-45,upload,client.log'
ptd-server 2021-03-19 03:04:51,779 [INFO] Received '/home/anton/projects/mlperf/power-dev/output/2021-03-19_02-39-45client.log.tmp'
ptd-server 2021-03-19 03:04:51,779 [INFO] Removed '/home/anton/projects/mlperf/power-dev/output/2021-03-19_02-39-45client.log.tmp'
ptd-server 2021-03-19 03:04:51,779 [INFO] Sending reply to client 'OK'
ptd-server 2021-03-19 03:04:51,791 [INFO] Got command from the client 'session,2021-03-19_02-39-45,upload,client.json'
ptd-server 2021-03-19 03:04:51,795 [INFO] Received '/home/anton/projects/mlperf/power-dev/output/2021-03-19_02-39-45client.json.tmp'
ptd-server 2021-03-19 03:04:51,796 [INFO] Removed '/home/anton/projects/mlperf/power-dev/output/2021-03-19_02-39-45client.json.tmp'
ptd-server 2021-03-19 03:04:51,796 [INFO] Sending reply to client 'OK'
ptd-server 2021-03-19 03:04:51,801 [INFO] Got command from the client 'session,2021-03-19_02-39-45,done'
ptd-server 2021-03-19 03:04:51,802 [INFO] Sending to ptd: 'Stop'
ptd-server 2021-03-19 03:04:51,970 [INFO] Reply from ptd: 'Error: no measurement to stop'
ptd-server 2021-03-19 03:04:51,970 [INFO] Sending to ptd: 'SR,V,Auto'
ptd-server 2021-03-19 03:04:52,473 [INFO] Reply from ptd: 'Range V changed'
ptd-server 2021-03-19 03:04:52,473 [INFO] Sending to ptd: 'SR,A,Auto'
ptd-server 2021-03-19 03:04:52,976 [INFO] Reply from ptd: 'Range A changed'
ptd-server 2021-03-19 03:04:52,976 [INFO] Set initial values for Amps Auto and Volts Auto
ptd-server 2021-03-19 03:04:52,977 [INFO] Stopping ptd...
