ptd-server 2021-02-27 23:45:22,941 [INFO] Got command from the client 'time'
ptd-server 2021-02-27 23:45:22,941 [INFO] Sending reply to client '1614469522.9415383'
ptd-server 2021-02-27 23:45:22,947 [INFO] Got command from the client 'new,,f1091a71-0304-4278-bf46-942f8d6b3101'
ptd-server 2021-02-27 23:45:22,947 [INFO] Sending reply to client 'OK 2021-02-27_23-45-22,89ce9886-c38d-4dd2-9dc1-15a1a299e151'
ptd-server 2021-02-27 23:45:23,002 [INFO] Got command from the client 'time'
ptd-server 2021-02-27 23:45:23,002 [INFO] Sending reply to client '1614469523.0022328'
ptd-server 2021-02-27 23:45:23,009 [INFO] Got command from the client 'session,2021-02-27_23-45-22,start,ranging'
ptd-server 2021-02-27 23:45:23,009 [INFO] Running PTDaemon: ['/home/anton/projects/mlperf/power/inference_v1.0/ptd-linux-x86', '-l', 'ptd.log', '-p', '8888', '52', '/dev/usbtmc0']
ptd-server 2021-02-27 23:45:40,176 [INFO] Sending to ptd: 'Hello'
ptd-server 2021-02-27 23:45:40,177 [INFO] Reply from ptd: 'Hello, PTDaemon here!'
ptd-server 2021-02-27 23:45:40,177 [INFO] Sending to ptd: 'Identify'
ptd-server 2021-02-27 23:45:40,177 [INFO] Reply from ptd: 'YokogawaWT330E,1000,1,1,1,1,0,0,1,version=1.9.2-e8c7a49a-20201208,OS=Linux 5.8.0-43-generic #49~20.04.1-Ubuntu SMP Fri Feb 5 09:57:56 UTC 2021 x86_64,mode=power,1,1,1,0,0,no_cal_date,YOKOGAWA;WT333E;C3VD30030E;F1.04'
ptd-server 2021-02-27 23:45:40,177 [INFO] Connected to PTDaemon
ptd-server 2021-02-27 23:45:40,178 [INFO] Sending to ptd: 'RR'
ptd-server 2021-02-27 23:45:40,178 [INFO] Reply from ptd: 'Ranges,0,0.500000,0,300.000000'
ptd-server 2021-02-27 23:45:40,178 [INFO] Initial range for Amps is 0.500000 for Volts is 300.000000
ptd-server 2021-02-27 23:45:40,178 [INFO] Sending to ptd: 'SR,V,Auto'
ptd-server 2021-02-27 23:45:40,680 [INFO] Reply from ptd: 'Range V changed'
ptd-server 2021-02-27 23:45:40,681 [INFO] Sending to ptd: 'SR,A,Auto'
ptd-server 2021-02-27 23:45:41,183 [INFO] Reply from ptd: 'Range A changed'
ptd-server 2021-02-27 23:45:51,193 [INFO] Starting ranging mode
ptd-server 2021-02-27 23:45:51,194 [INFO] Sending to ptd: 'Go,1000,0,2021-02-27_23-45-22_ranging'
ptd-server 2021-02-27 23:45:51,194 [INFO] Reply from ptd: 'Starting untimed measurement, maximum 500000 samples at 1000ms with 0 rampup samples'
ptd-server 2021-02-27 23:45:51,194 [INFO] Sending reply to client 'OK'
ptd-server 2021-02-27 23:56:09,928 [INFO] Got command from the client 'session,2021-02-27_23-45-22,stop,ranging'
ptd-server 2021-02-27 23:56:19,936 [INFO] Sending to ptd: 'Stop'
ptd-server 2021-02-27 23:56:19,937 [INFO] Reply from ptd: 'Stopping untimed measurement'
ptd-server 2021-02-27 23:56:20,097 [INFO] Sending reply to client 'OK'
ptd-server 2021-02-27 23:56:20,142 [INFO] Got command from the client 'time'
ptd-server 2021-02-27 23:56:20,142 [INFO] Sending reply to client '1614470180.1427696'
ptd-server 2021-02-27 23:56:20,149 [INFO] Got command from the client 'session,2021-02-27_23-45-22,start,testing'
ptd-server 2021-02-27 23:56:20,149 [INFO] Sending to ptd: 'SR,V,251.110000'
ptd-server 2021-02-27 23:56:21,695 [INFO] Reply from ptd: 'Range V changed'
ptd-server 2021-02-27 23:56:21,695 [INFO] Sending to ptd: 'SR,A,0.167940'
ptd-server 2021-02-27 23:56:23,196 [INFO] Reply from ptd: 'Range A changed'
ptd-server 2021-02-27 23:56:33,207 [INFO] Starting testing mode
ptd-server 2021-02-27 23:56:33,207 [INFO] Sending to ptd: 'Go,1000,0,2021-02-27_23-45-22_testing'
ptd-server 2021-02-27 23:56:33,207 [INFO] Reply from ptd: 'Starting untimed measurement, maximum 500000 samples at 1000ms with 0 rampup samples'
ptd-server 2021-02-27 23:56:33,208 [INFO] Sending reply to client 'OK'
ptd-server 2021-02-28 00:06:51,820 [INFO] Got command from the client 'session,2021-02-27_23-45-22,stop,testing'
ptd-server 2021-02-28 00:07:01,830 [INFO] Sending to ptd: 'Stop'
ptd-server 2021-02-28 00:07:01,831 [INFO] Reply from ptd: 'Stopping untimed measurement'
ptd-server 2021-02-28 00:07:01,908 [INFO] Sending reply to client 'OK'
ptd-server 2021-02-28 00:07:01,914 [INFO] Got command from the client 'session,2021-02-27_23-45-22,upload,client.log'
ptd-server 2021-02-28 00:07:01,922 [INFO] Received '/home/anton/projects/mlperf/power-dev/output/2021-02-27_23-45-22client.log.tmp'
ptd-server 2021-02-28 00:07:01,922 [INFO] Removed '/home/anton/projects/mlperf/power-dev/output/2021-02-27_23-45-22client.log.tmp'
ptd-server 2021-02-28 00:07:01,922 [INFO] Sending reply to client 'OK'
ptd-server 2021-02-28 00:07:01,937 [INFO] Got command from the client 'session,2021-02-27_23-45-22,upload,client.json'
ptd-server 2021-02-28 00:07:01,945 [INFO] Received '/home/anton/projects/mlperf/power-dev/output/2021-02-27_23-45-22client.json.tmp'
ptd-server 2021-02-28 00:07:01,945 [INFO] Removed '/home/anton/projects/mlperf/power-dev/output/2021-02-27_23-45-22client.json.tmp'
ptd-server 2021-02-28 00:07:01,945 [INFO] Sending reply to client 'OK'
ptd-server 2021-02-28 00:07:01,953 [INFO] Got command from the client 'session,2021-02-27_23-45-22,done'
ptd-server 2021-02-28 00:07:01,954 [INFO] Sending to ptd: 'Stop'
ptd-server 2021-02-28 00:07:02,207 [INFO] Reply from ptd: 'Error: no measurement to stop'
ptd-server 2021-02-28 00:07:02,207 [INFO] Sending to ptd: 'SR,V,300.000000'
ptd-server 2021-02-28 00:07:03,709 [INFO] Reply from ptd: 'Range V changed'
ptd-server 2021-02-28 00:07:03,709 [INFO] Sending to ptd: 'SR,A,0.500000'
ptd-server 2021-02-28 00:07:05,210 [INFO] Reply from ptd: 'Range A changed'
ptd-server 2021-02-28 00:07:05,210 [INFO] Set initial values for Amps 0.500000 and Volts 300.000000
ptd-server 2021-02-28 00:07:05,211 [INFO] Stopping ptd...
