ptd-server 2021-03-10 01:05:32,261 [INFO] Got command from the client 'time'
ptd-server 2021-03-10 01:05:32,261 [INFO] Sending reply to client '1615338332.2615426'
ptd-server 2021-03-10 01:05:32,264 [INFO] Got command from the client 'new,,f6f8d20a-d370-447b-b818-c82f95ba76f5'
ptd-server 2021-03-10 01:05:32,264 [INFO] Sending reply to client 'OK 2021-03-10_01-05-32,06854b2e-e037-4bbd-85b6-c0233308c585'
ptd-server 2021-03-10 01:05:32,308 [INFO] Got command from the client 'time'
ptd-server 2021-03-10 01:05:32,308 [INFO] Sending reply to client '1615338332.3083992'
ptd-server 2021-03-10 01:05:32,311 [INFO] Got command from the client 'session,2021-03-10_01-05-32,start,ranging'
ptd-server 2021-03-10 01:05:32,312 [INFO] Running PTDaemon: ['/home/anton/projects/mlperf/power/inference_v1.0/ptd-linux-x86', '-l', 'ptd.log', '-p', '8888', '52', '/dev/usbtmc0']
ptd-server 2021-03-10 01:05:49,485 [INFO] Sending to ptd: 'Hello'
ptd-server 2021-03-10 01:05:49,486 [INFO] Reply from ptd: 'Hello, PTDaemon here!'
ptd-server 2021-03-10 01:05:49,486 [INFO] Sending to ptd: 'Identify'
ptd-server 2021-03-10 01:05:49,486 [INFO] Reply from ptd: 'YokogawaWT330E,1000,1,1,1,1,0,0,1,version=1.9.2-e8c7a49a-20201208,OS=Linux 5.8.0-43-generic #49~20.04.1-Ubuntu SMP Fri Feb 5 09:57:56 UTC 2021 x86_64,mode=power,1,1,1,0,0,no_cal_date,YOKOGAWA;WT333E;C3VD30030E;F1.04'
ptd-server 2021-03-10 01:05:49,486 [INFO] Connected to PTDaemon
ptd-server 2021-03-10 01:05:49,486 [INFO] Sending to ptd: 'RR'
ptd-server 2021-03-10 01:05:49,487 [INFO] Reply from ptd: 'Ranges,0,0.500000,0,300.000000'
ptd-server 2021-03-10 01:05:49,487 [INFO] Initial range for Amps is 0.500000 for Volts is 300.000000
ptd-server 2021-03-10 01:05:49,487 [INFO] Sending to ptd: 'SR,V,Auto'
ptd-server 2021-03-10 01:05:49,990 [INFO] Reply from ptd: 'Range V changed'
ptd-server 2021-03-10 01:05:49,990 [INFO] Sending to ptd: 'SR,A,Auto'
ptd-server 2021-03-10 01:05:50,492 [INFO] Reply from ptd: 'Range A changed'
ptd-server 2021-03-10 01:06:00,502 [INFO] Starting ranging mode
ptd-server 2021-03-10 01:06:00,503 [INFO] Sending to ptd: 'Go,1000,0,2021-03-10_01-05-32_ranging'
ptd-server 2021-03-10 01:06:00,503 [INFO] Reply from ptd: 'Starting untimed measurement, maximum 500000 samples at 1000ms with 0 rampup samples'
ptd-server 2021-03-10 01:06:00,503 [INFO] Sending reply to client 'OK'
ptd-server 2021-03-10 01:16:16,004 [INFO] Got command from the client 'session,2021-03-10_01-05-32,stop,ranging'
ptd-server 2021-03-10 01:16:26,014 [INFO] Sending to ptd: 'Stop'
ptd-server 2021-03-10 01:16:26,015 [INFO] Reply from ptd: 'Stopping untimed measurement'
ptd-server 2021-03-10 01:16:26,814 [INFO] Sending reply to client 'OK'
ptd-server 2021-03-10 01:16:26,853 [INFO] Got command from the client 'time'
ptd-server 2021-03-10 01:16:26,853 [INFO] Sending reply to client '1615338986.8538373'
ptd-server 2021-03-10 01:16:26,856 [INFO] Got command from the client 'session,2021-03-10_01-05-32,start,testing'
ptd-server 2021-03-10 01:16:26,856 [INFO] Sending to ptd: 'SR,V,247.560000'
ptd-server 2021-03-10 01:16:28,358 [INFO] Reply from ptd: 'Range V changed'
ptd-server 2021-03-10 01:16:28,358 [INFO] Sending to ptd: 'SR,A,0.141010'
ptd-server 2021-03-10 01:16:29,859 [INFO] Reply from ptd: 'Range A changed'
ptd-server 2021-03-10 01:16:39,870 [INFO] Starting testing mode
ptd-server 2021-03-10 01:16:39,870 [INFO] Sending to ptd: 'Go,1000,0,2021-03-10_01-05-32_testing'
ptd-server 2021-03-10 01:16:39,870 [INFO] Reply from ptd: 'Starting untimed measurement, maximum 500000 samples at 1000ms with 0 rampup samples'
ptd-server 2021-03-10 01:16:39,870 [INFO] Sending reply to client 'OK'
ptd-server 2021-03-10 01:26:55,095 [INFO] Got command from the client 'session,2021-03-10_01-05-32,stop,testing'
ptd-server 2021-03-10 01:27:05,105 [INFO] Sending to ptd: 'Stop'
ptd-server 2021-03-10 01:27:05,105 [INFO] Reply from ptd: 'Stopping untimed measurement'
ptd-server 2021-03-10 01:27:05,523 [INFO] Sending reply to client 'OK'
ptd-server 2021-03-10 01:27:05,533 [INFO] Got command from the client 'session,2021-03-10_01-05-32,upload,client.log'
ptd-server 2021-03-10 01:27:05,535 [INFO] Received '/home/anton/projects/mlperf/power-dev/output/2021-03-10_01-05-32client.log.tmp'
ptd-server 2021-03-10 01:27:05,535 [INFO] Removed '/home/anton/projects/mlperf/power-dev/output/2021-03-10_01-05-32client.log.tmp'
ptd-server 2021-03-10 01:27:05,535 [INFO] Sending reply to client 'OK'
ptd-server 2021-03-10 01:27:05,543 [INFO] Got command from the client 'session,2021-03-10_01-05-32,upload,client.json'
ptd-server 2021-03-10 01:27:05,544 [INFO] Received '/home/anton/projects/mlperf/power-dev/output/2021-03-10_01-05-32client.json.tmp'
ptd-server 2021-03-10 01:27:05,544 [INFO] Removed '/home/anton/projects/mlperf/power-dev/output/2021-03-10_01-05-32client.json.tmp'
ptd-server 2021-03-10 01:27:05,544 [INFO] Sending reply to client 'OK'
ptd-server 2021-03-10 01:27:05,546 [INFO] Got command from the client 'session,2021-03-10_01-05-32,done'
ptd-server 2021-03-10 01:27:05,546 [INFO] Sending to ptd: 'Stop'
ptd-server 2021-03-10 01:27:05,871 [INFO] Reply from ptd: 'Error: no measurement to stop'
ptd-server 2021-03-10 01:27:05,871 [INFO] Sending to ptd: 'SR,V,300.000000'
ptd-server 2021-03-10 01:27:07,372 [INFO] Reply from ptd: 'Range V changed'
ptd-server 2021-03-10 01:27:07,372 [INFO] Sending to ptd: 'SR,A,0.500000'
ptd-server 2021-03-10 01:27:08,874 [INFO] Reply from ptd: 'Range A changed'
ptd-server 2021-03-10 01:27:08,874 [INFO] Set initial values for Amps 0.500000 and Volts 300.000000
ptd-server 2021-03-10 01:27:08,874 [INFO] Stopping ptd...
