ptd-server 2021-03-31 11:44:11,499 [INFO] Got command from the client 'time'
ptd-server 2021-03-31 11:44:11,499 [INFO] Sending reply to client '1617187451.4996405'
ptd-server 2021-03-31 11:44:11,503 [INFO] Got command from the client 'new,,1ee73bc4-04b1-45db-8920-45e324600b1e'
ptd-server 2021-03-31 11:44:11,504 [INFO] Sending reply to client 'OK 2021-03-31_11-44-11,8b888094-b3f3-4114-8390-7958e0efe1b0'
ptd-server 2021-03-31 11:44:11,567 [INFO] Got command from the client 'time'
ptd-server 2021-03-31 11:44:11,567 [INFO] Sending reply to client '1617187451.5672908'
ptd-server 2021-03-31 11:44:11,572 [INFO] Got command from the client 'session,2021-03-31_11-44-11,start,ranging'
ptd-server 2021-03-31 11:44:11,572 [INFO] Running PTDaemon: ['/home/anton/projects/mlperf/power/inference_v1.0/ptd-linux-x86', '-l', 'ptd.log', '-p', '9888', '52', '/dev/usbtmc1']
ptd-server 2021-03-31 11:44:28,673 [INFO] Sending to ptd: 'Hello'
ptd-server 2021-03-31 11:44:28,674 [INFO] Reply from ptd: 'Hello, PTDaemon here!'
ptd-server 2021-03-31 11:44:28,674 [INFO] Sending to ptd: 'Identify'
ptd-server 2021-03-31 11:44:28,674 [INFO] Reply from ptd: 'YokogawaWT330E,1000,1,1,1,1,0,0,1,version=1.9.2-e8c7a49a-20201208,OS=Linux 5.8.0-48-generic #54~20.04.1-Ubuntu SMP Sat Mar 20 13:40:25 UTC 2021 x86_64,mode=power,1,1,1,0,0,no_cal_date,YOKOGAWA;WT333E;C3VD30030E;F1.04'
ptd-server 2021-03-31 11:44:28,674 [INFO] Connected to PTDaemon
ptd-server 2021-03-31 11:44:28,674 [INFO] Sending to ptd: 'RR'
ptd-server 2021-03-31 11:44:28,675 [INFO] Reply from ptd: 'Ranges,1,0.500000,1,300.000000'
ptd-server 2021-03-31 11:44:28,675 [INFO] Initial range for Amps is Auto for Volts is Auto
ptd-server 2021-03-31 11:44:28,675 [INFO] Sending to ptd: 'SR,V,Auto'
ptd-server 2021-03-31 11:44:29,182 [INFO] Reply from ptd: 'Range V changed'
ptd-server 2021-03-31 11:44:29,183 [INFO] Sending to ptd: 'SR,A,Auto'
ptd-server 2021-03-31 11:44:29,686 [INFO] Reply from ptd: 'Range A changed'
ptd-server 2021-03-31 11:44:39,696 [INFO] Starting ranging mode
ptd-server 2021-03-31 11:44:39,696 [INFO] Sending to ptd: 'Go,1000,0,2021-03-31_11-44-11_ranging'
ptd-server 2021-03-31 11:44:39,697 [INFO] Reply from ptd: 'Starting untimed measurement, maximum 500000 samples at 1000ms with 0 rampup samples'
ptd-server 2021-03-31 11:44:39,697 [INFO] Sending reply to client 'OK'
ptd-server 2021-03-31 11:55:42,738 [INFO] Got command from the client 'session,2021-03-31_11-44-11,stop,ranging'
ptd-server 2021-03-31 11:55:52,748 [INFO] Sending to ptd: 'Stop'
ptd-server 2021-03-31 11:55:52,749 [INFO] Reply from ptd: 'Stopping untimed measurement'
ptd-server 2021-03-31 11:55:52,841 [INFO] Sending reply to client 'OK'
ptd-server 2021-03-31 11:55:53,081 [INFO] Got command from the client 'time'
ptd-server 2021-03-31 11:55:53,081 [INFO] Sending reply to client '1617188153.0818367'
ptd-server 2021-03-31 11:55:53,089 [INFO] Got command from the client 'session,2021-03-31_11-44-11,start,testing'
ptd-server 2021-03-31 11:55:53,089 [INFO] Sending to ptd: 'SR,V,249.520000'
ptd-server 2021-03-31 11:55:55,199 [INFO] Reply from ptd: 'Range V changed'
ptd-server 2021-03-31 11:55:55,199 [INFO] Sending to ptd: 'SR,A,0.197590'
ptd-server 2021-03-31 11:55:56,701 [INFO] Reply from ptd: 'Range A changed'
ptd-server 2021-03-31 11:56:06,712 [INFO] Starting testing mode
ptd-server 2021-03-31 11:56:06,712 [INFO] Sending to ptd: 'Go,1000,0,2021-03-31_11-44-11_testing'
ptd-server 2021-03-31 11:56:06,713 [INFO] Reply from ptd: 'Starting untimed measurement, maximum 500000 samples at 1000ms with 0 rampup samples'
ptd-server 2021-03-31 11:56:06,713 [INFO] Sending reply to client 'OK'
ptd-server 2021-03-31 12:07:11,903 [INFO] Got command from the client 'session,2021-03-31_11-44-11,stop,testing'
ptd-server 2021-03-31 12:07:21,914 [INFO] Sending to ptd: 'Stop'
ptd-server 2021-03-31 12:07:21,914 [INFO] Reply from ptd: 'Stopping untimed measurement'
ptd-server 2021-03-31 12:07:21,964 [INFO] Sending reply to client 'OK'
ptd-server 2021-03-31 12:07:21,995 [INFO] Got command from the client 'session,2021-03-31_11-44-11,upload,client.log'
ptd-server 2021-03-31 12:07:22,001 [INFO] Received '/home/anton/projects/mlperf/power-dev/output/2021-03-31_11-44-11client.log.tmp'
ptd-server 2021-03-31 12:07:22,001 [INFO] Removed '/home/anton/projects/mlperf/power-dev/output/2021-03-31_11-44-11client.log.tmp'
ptd-server 2021-03-31 12:07:22,001 [INFO] Sending reply to client 'OK'
ptd-server 2021-03-31 12:07:22,013 [INFO] Got command from the client 'session,2021-03-31_11-44-11,upload,client.json'
ptd-server 2021-03-31 12:07:22,018 [INFO] Received '/home/anton/projects/mlperf/power-dev/output/2021-03-31_11-44-11client.json.tmp'
ptd-server 2021-03-31 12:07:22,019 [INFO] Removed '/home/anton/projects/mlperf/power-dev/output/2021-03-31_11-44-11client.json.tmp'
ptd-server 2021-03-31 12:07:22,019 [INFO] Sending reply to client 'OK'
ptd-server 2021-03-31 12:07:22,023 [INFO] Got command from the client 'session,2021-03-31_11-44-11,done'
ptd-server 2021-03-31 12:07:22,023 [INFO] Sending to ptd: 'Stop'
ptd-server 2021-03-31 12:07:22,713 [INFO] Reply from ptd: 'Error: no measurement to stop'
ptd-server 2021-03-31 12:07:22,713 [INFO] Sending to ptd: 'SR,V,Auto'
ptd-server 2021-03-31 12:07:23,217 [INFO] Reply from ptd: 'Range V changed'
ptd-server 2021-03-31 12:07:23,217 [INFO] Sending to ptd: 'SR,A,Auto'
ptd-server 2021-03-31 12:07:23,720 [INFO] Reply from ptd: 'Range A changed'
ptd-server 2021-03-31 12:07:23,720 [INFO] Set initial values for Amps Auto and Volts Auto
ptd-server 2021-03-31 12:07:23,720 [INFO] Stopping ptd...
