client 2021-03-17 19:24:01,167 [WARNING] Removing old loadgen logs directory '/home/scratch.mlperf_inf_ci/mlPerf/L1/Xavier_MaxQ-Computelab-Xavier-MaxQ-L1-5-2021-03-17-23-28-24-UTC/mlperf-inference/closed/NVIDIA/build/power_logs_temp'
client 2021-03-17 19:24:01,177 [INFO] Sending command to the server: 'mlcommons/power client v3'
client 2021-03-17 19:24:01,182 [INFO] Got response: 'mlcommons/power server v3'
client 2021-03-17 19:24:01,182 [INFO] Sending command to the server: 'stop'
client 2021-03-17 19:24:01,184 [INFO] Got response: 'OK'
client 2021-03-17 19:24:01,185 [INFO] Synchronizing with the server and with ib-01.dc4-in.nvidia.com...
client 2021-03-17 19:24:01,444 [INFO] NTP:offset = -0.003 s, delay = 0.202 s 
client 2021-03-17 19:24:01,444 [INFO] Sending command to the server: 'time'
client 2021-03-17 19:24:01,446 [INFO] Got response: '1616034241.3756044'
client 2021-03-17 19:24:01,446 [INFO] The time difference between the client and the server is within range 68.746 ms..70.865 ms
client 2021-03-17 19:24:01,446 [INFO] Sending command to the server: 'new,,646080e6-5afb-4591-94d4-caf1eff71f32'
client 2021-03-17 19:24:01,448 [INFO] Got response: 'OK 2021-03-17_19-24-01,cf131bb5-a06c-4f25-8bcf-081b0b5d5a77'
client 2021-03-17 19:24:01,449 [INFO] Session id is '2021-03-17_19-24-01'
client 2021-03-17 19:24:01,449 [INFO] Sources: {"sources": {"client.py": "d1e75cb4b26101220ebd242e584cf3ca5d8f1996", "lib/__init__.py": "da39a3ee5e6b4b0d3255bfef95601890afd80709", "lib/client.py": "d42bebf5b74cb6ff3997e2a6c68422afac111a28", "lib/common.py": "b0bad80d8fa328a7636027d4d66ff453f8dd7889", "lib/external/ntplib.py": "4da8f970656505a40483206ef2b5d3dd5e81711d", "lib/server.py": "2ed36471c7af565d6c8438b2134edad1d7ddf166", "lib/source_hashes.py": "4cedff274c661cb1504052018fd4f00dfbf624ef", "lib/summary.py": "0db15d783907aa92038281af4e465545c0648ddb", "lib/time_sync.py": "76051226ec89287839723352f4162aaa24e0546a", "server.py": "99e1310e3f76292aef1b8792ce6b8c82f1d44d8b", "tests/unit/test_server.py": "64f11775bfed35232a0e8bb9593c0ff992432c59", "tests/unit/test_source_hashes.py": "cb41a7261eaf7d94ba5c0aae9c523174f6204be3"}, "modules": {"__main__": "client.py", "lib.client": "lib/client.py", "lib.common": "lib/common.py", "lib.external.ntplib": "lib/external/ntplib.py", "lib.source_hashes": "lib/source_hashes.py", "lib.summary": "lib/summary.py", "lib.time_sync": "lib/time_sync.py"}}
client 2021-03-17 19:24:01,452 [INFO] Running workload in ranging mode
client 2021-03-17 19:24:01,453 [INFO] Synchronizing with the server and with ib-01.dc4-in.nvidia.com...
client 2021-03-17 19:24:01,677 [INFO] NTP:offset = -0.003 s, delay = 0.202 s 
client 2021-03-17 19:24:01,677 [INFO] Sending command to the server: 'time'
client 2021-03-17 19:24:01,679 [INFO] Got response: '1616034241.6099138'
client 2021-03-17 19:24:01,680 [INFO] The time difference between the client and the server is within range 67.935 ms..70.069 ms
client 2021-03-17 19:24:01,680 [INFO] Sending command to the server: 'session,2021-03-17_19-24-01,start,ranging'
client 2021-03-17 19:24:31,607 [INFO] Got response: 'OK'
client 2021-03-17 19:24:31,608 [INFO] Running the workload 'LOG_DIR=/home/scratch.mlperf_inf_ci/mlPerf/L1/Xavier_MaxQ-Computelab-Xavier-MaxQ-L1-5-2021-03-17-23-28-24-UTC/mlperf-inference/closed/NVIDIA/build/power_logs_temp python3 code/main.py --benchmarks=bert --scenarios=Offline --test_mode=PerformanceOnly --config_ver=maxq --action="run_harness" \\\n\t\t&& cp -v /home/scratch.mlperf_inf_ci/mlPerf/L1/Xavier_MaxQ-Computelab-Xavier-MaxQ-L1-5-2021-03-17-23-28-24-UTC/mlperf-inference/closed/NVIDIA/build/power_logs_temp/*/*/*/mlperf_log_detail.txt /home/scratch.mlperf_inf_ci/mlPerf/L1/Xavier_MaxQ-Computelab-Xavier-MaxQ-L1-5-2021-03-17-23-28-24-UTC/mlperf-inference/closed/NVIDIA/build/power_logs_temp/ \\\n\t\t&& cp -v /home/scratch.mlperf_inf_ci/mlPerf/L1/Xavier_MaxQ-Computelab-Xavier-MaxQ-L1-5-2021-03-17-23-28-24-UTC/mlperf-inference/closed/NVIDIA/build/power_logs_temp/*/*/*/mlperf_log_summary.txt /home/scratch.mlperf_inf_ci/mlPerf/L1/Xavier_MaxQ-Computelab-Xavier-MaxQ-L1-5-2021-03-17-23-28-24-UTC/mlperf-inference/closed/NVIDIA/build/power_logs_temp/'
client 2021-03-17 19:38:37,932 [INFO] Sending command to the server: 'session,2021-03-17_19-24-01,stop,ranging'
client 2021-03-17 19:38:48,462 [INFO] Got response: 'OK'
client 2021-03-17 19:38:48,470 [INFO] Packing logs into zip and uploading to the server
client 2021-03-17 19:38:48,546 [INFO] Zip file size: 63.8 kB
client 2021-03-17 19:38:48,570 [INFO] Got response: 'OK'
client 2021-03-17 19:38:48,571 [INFO] Running workload in testing mode
client 2021-03-17 19:38:48,571 [INFO] Synchronizing with the server and with ib-01.dc4-in.nvidia.com...
client 2021-03-17 19:38:48,780 [INFO] NTP:offset = -0.002 s, delay = 0.202 s 
client 2021-03-17 19:38:48,780 [INFO] Sending command to the server: 'time'
client 2021-03-17 19:38:48,782 [INFO] Got response: '1616035128.714609'
client 2021-03-17 19:38:48,782 [INFO] The time difference between the client and the server is within range 66.151 ms..68.304 ms
client 2021-03-17 19:38:48,783 [INFO] Sending command to the server: 'session,2021-03-17_19-24-01,start,testing'
client 2021-03-17 19:39:01,865 [INFO] Got response: 'OK'
client 2021-03-17 19:39:01,866 [INFO] Running the workload 'LOG_DIR=/home/scratch.mlperf_inf_ci/mlPerf/L1/Xavier_MaxQ-Computelab-Xavier-MaxQ-L1-5-2021-03-17-23-28-24-UTC/mlperf-inference/closed/NVIDIA/build/power_logs_temp python3 code/main.py --benchmarks=bert --scenarios=Offline --test_mode=PerformanceOnly --config_ver=maxq --action="run_harness" \\\n\t\t&& cp -v /home/scratch.mlperf_inf_ci/mlPerf/L1/Xavier_MaxQ-Computelab-Xavier-MaxQ-L1-5-2021-03-17-23-28-24-UTC/mlperf-inference/closed/NVIDIA/build/power_logs_temp/*/*/*/mlperf_log_detail.txt /home/scratch.mlperf_inf_ci/mlPerf/L1/Xavier_MaxQ-Computelab-Xavier-MaxQ-L1-5-2021-03-17-23-28-24-UTC/mlperf-inference/closed/NVIDIA/build/power_logs_temp/ \\\n\t\t&& cp -v /home/scratch.mlperf_inf_ci/mlPerf/L1/Xavier_MaxQ-Computelab-Xavier-MaxQ-L1-5-2021-03-17-23-28-24-UTC/mlperf-inference/closed/NVIDIA/build/power_logs_temp/*/*/*/mlperf_log_summary.txt /home/scratch.mlperf_inf_ci/mlPerf/L1/Xavier_MaxQ-Computelab-Xavier-MaxQ-L1-5-2021-03-17-23-28-24-UTC/mlperf-inference/closed/NVIDIA/build/power_logs_temp/'
client 2021-03-17 19:53:04,745 [INFO] Sending command to the server: 'session,2021-03-17_19-24-01,stop,testing'
client 2021-03-17 19:53:15,014 [INFO] Got response: 'OK'
client 2021-03-17 19:53:15,023 [INFO] Packing logs into zip and uploading to the server
client 2021-03-17 19:53:15,082 [INFO] Zip file size: 63.8 kB
client 2021-03-17 19:53:15,104 [INFO] Got response: 'OK'
client 2021-03-17 19:53:15,106 [INFO] Done runs
