ptd-server 2021-03-17 19:24:01,125 [INFO] Got command from the client 'stop'
ptd-server 2021-03-17 19:24:01,125 [INFO] The server will be stopped after processing this client
ptd-server 2021-03-17 19:24:01,125 [INFO] Sending reply to client 'OK'
ptd-server 2021-03-17 19:24:01,375 [INFO] Got command from the client 'time'
ptd-server 2021-03-17 19:24:01,375 [INFO] Sending reply to client '1616034241.3756044'
ptd-server 2021-03-17 19:24:01,391 [INFO] Got command from the client 'new,,646080e6-5afb-4591-94d4-caf1eff71f32'
ptd-server 2021-03-17 19:24:01,391 [INFO] Sending reply to client 'OK 2021-03-17_19-24-01,cf131bb5-a06c-4f25-8bcf-081b0b5d5a77'
ptd-server 2021-03-17 19:24:01,609 [INFO] Got command from the client 'time'
ptd-server 2021-03-17 19:24:01,609 [INFO] Sending reply to client '1616034241.6099138'
ptd-server 2021-03-17 19:24:01,625 [INFO] Got command from the client 'session,2021-03-17_19-24-01,start,ranging'
ptd-server 2021-03-17 19:24:01,734 [INFO] Running PTDaemon: ['C:\\PTD\\ptd-windows-x86.exe', '-l', 'C:\\logs_ptdeamon.txt', '-p', '8888', '-c', '3', '-y', '52', '10.32.209.251']
ptd-server 2021-03-17 19:24:20,511 [INFO] Sending to ptd: 'Hello'
ptd-server 2021-03-17 19:24:20,511 [INFO] Reply from ptd: 'Hello, PTDaemon here!'
ptd-server 2021-03-17 19:24:20,511 [INFO] Sending to ptd: 'Identify'
ptd-server 2021-03-17 19:24:20,511 [INFO] Reply from ptd: 'YokogawaWT330E,1000,1,1,1,1,0,0,1,version=1.9.2-3976349f-20201208,OS=Windows 8 / Server 2012,mode=power,1,1,1,0,0,no_cal_date,YOKOGAWA;WT333E;C2VL22012V;F1.03'
ptd-server 2021-03-17 19:24:20,511 [INFO] Connected to PTDaemon
ptd-server 2021-03-17 19:24:20,511 [INFO] Sending to ptd: 'RR'
ptd-server 2021-03-17 19:24:20,511 [INFO] Reply from ptd: 'Ranges,0,0.500000,0,150.000000'
ptd-server 2021-03-17 19:24:20,511 [INFO] Initial range for Amps is 0.500000 for Volts is 150.000000
ptd-server 2021-03-17 19:24:20,511 [INFO] Sending to ptd: 'SR,V,Auto'
ptd-server 2021-03-17 19:24:21,027 [INFO] Reply from ptd: 'Range V changed'
ptd-server 2021-03-17 19:24:21,027 [INFO] Sending to ptd: 'SR,A,Auto'
ptd-server 2021-03-17 19:24:21,542 [INFO] Reply from ptd: 'Range A changed'
ptd-server 2021-03-17 19:24:31,545 [INFO] Starting ranging mode
ptd-server 2021-03-17 19:24:31,545 [INFO] Sending to ptd: 'Go,1000,0,2021-03-17_19-24-01_ranging'
ptd-server 2021-03-17 19:24:31,545 [INFO] Reply from ptd: 'Starting untimed measurement, maximum 500000 samples at 1000ms with 0 rampup samples'
ptd-server 2021-03-17 19:24:31,545 [INFO] Sending reply to client 'OK'
ptd-server 2021-03-17 19:38:37,873 [INFO] Got command from the client 'session,2021-03-17_19-24-01,stop,ranging'
ptd-server 2021-03-17 19:38:47,886 [INFO] Sending to ptd: 'Stop'
ptd-server 2021-03-17 19:38:47,886 [INFO] Reply from ptd: 'Stopping untimed measurement'
ptd-server 2021-03-17 19:38:48,402 [INFO] Sending reply to client 'OK'
ptd-server 2021-03-17 19:38:48,495 [INFO] Got command from the client 'session,2021-03-17_19-24-01,upload,ranging'
ptd-server 2021-03-17 19:38:48,495 [INFO] Received 'C:\\ptd-logs\\2021-03-17_19-24-01ranging.tmp'
ptd-server 2021-03-17 19:38:48,511 [INFO] Extracted 'C:\\ptd-logs\\2021-03-17_19-24-01ranging.tmp' into 'C:\\ptd-logs\\2021-03-17_19-24-01\\ranging'
ptd-server 2021-03-17 19:38:48,511 [INFO] Removed 'C:\\ptd-logs\\2021-03-17_19-24-01ranging.tmp'
ptd-server 2021-03-17 19:38:48,511 [INFO] Sending reply to client 'OK'
ptd-server 2021-03-17 19:38:48,714 [INFO] Got command from the client 'time'
ptd-server 2021-03-17 19:38:48,714 [INFO] Sending reply to client '1616035128.714609'
ptd-server 2021-03-17 19:38:48,730 [INFO] Got command from the client 'session,2021-03-17_19-24-01,start,testing'
ptd-server 2021-03-17 19:38:48,730 [INFO] Sending to ptd: 'SR,V,120.690000'
ptd-server 2021-03-17 19:38:50,261 [INFO] Reply from ptd: 'Range V changed'
ptd-server 2021-03-17 19:38:50,261 [INFO] Sending to ptd: 'SR,A,0.355000'
ptd-server 2021-03-17 19:38:51,791 [INFO] Reply from ptd: 'Range A changed'
ptd-server 2021-03-17 19:39:01,806 [INFO] Starting testing mode
ptd-server 2021-03-17 19:39:01,806 [INFO] Sending to ptd: 'Go,1000,0,2021-03-17_19-24-01_testing'
ptd-server 2021-03-17 19:39:01,806 [INFO] Reply from ptd: 'Starting untimed measurement, maximum 500000 samples at 1000ms with 0 rampup samples'
ptd-server 2021-03-17 19:39:01,806 [INFO] Sending reply to client 'OK'
ptd-server 2021-03-17 19:53:04,688 [INFO] Got command from the client 'session,2021-03-17_19-24-01,stop,testing'
ptd-server 2021-03-17 19:53:14,701 [INFO] Sending to ptd: 'Stop'
ptd-server 2021-03-17 19:53:14,701 [INFO] Reply from ptd: 'Stopping untimed measurement'
ptd-server 2021-03-17 19:53:14,951 [INFO] Sending reply to client 'OK'
ptd-server 2021-03-17 19:53:15,029 [INFO] Got command from the client 'session,2021-03-17_19-24-01,upload,testing'
ptd-server 2021-03-17 19:53:15,029 [INFO] Received 'C:\\ptd-logs\\2021-03-17_19-24-01testing.tmp'
ptd-server 2021-03-17 19:53:15,044 [INFO] Extracted 'C:\\ptd-logs\\2021-03-17_19-24-01testing.tmp' into 'C:\\ptd-logs\\2021-03-17_19-24-01\\run_1'
ptd-server 2021-03-17 19:53:15,044 [INFO] Removed 'C:\\ptd-logs\\2021-03-17_19-24-01testing.tmp'
ptd-server 2021-03-17 19:53:15,044 [INFO] Sending reply to client 'OK'
ptd-server 2021-03-17 19:53:15,060 [INFO] Got command from the client 'session,2021-03-17_19-24-01,upload,client.log'
ptd-server 2021-03-17 19:53:15,060 [INFO] Received 'C:\\ptd-logs\\2021-03-17_19-24-01client.log.tmp'
ptd-server 2021-03-17 19:53:15,076 [INFO] Removed 'C:\\ptd-logs\\2021-03-17_19-24-01client.log.tmp'
ptd-server 2021-03-17 19:53:15,076 [INFO] Sending reply to client 'OK'
ptd-server 2021-03-17 19:53:15,107 [INFO] Got command from the client 'session,2021-03-17_19-24-01,upload,client.json'
ptd-server 2021-03-17 19:53:15,122 [INFO] Received 'C:\\ptd-logs\\2021-03-17_19-24-01client.json.tmp'
ptd-server 2021-03-17 19:53:15,122 [INFO] Removed 'C:\\ptd-logs\\2021-03-17_19-24-01client.json.tmp'
ptd-server 2021-03-17 19:53:15,122 [INFO] Sending reply to client 'OK'
ptd-server 2021-03-17 19:53:15,122 [INFO] Got command from the client 'session,2021-03-17_19-24-01,done'
ptd-server 2021-03-17 19:53:15,122 [INFO] Sending to ptd: 'Stop'
ptd-server 2021-03-17 19:53:15,122 [INFO] Reply from ptd: 'Error: no measurement to stop'
ptd-server 2021-03-17 19:53:15,122 [INFO] Sending to ptd: 'SR,V,150.000000'
ptd-server 2021-03-17 19:53:16,653 [INFO] Reply from ptd: 'Range V changed'
ptd-server 2021-03-17 19:53:16,653 [INFO] Sending to ptd: 'SR,A,0.500000'
ptd-server 2021-03-17 19:53:18,184 [INFO] Reply from ptd: 'Range A changed'
ptd-server 2021-03-17 19:53:18,184 [INFO] Set initial values for Amps 0.500000 and Volts 150.000000
ptd-server 2021-03-17 19:53:18,184 [INFO] Stopping ptd...
