ptd-server 2021-03-06 09:45:56,202 [INFO] Got command from the client 'time'
ptd-server 2021-03-06 09:45:56,202 [INFO] Sending reply to client '1615023956.2021675'
ptd-server 2021-03-06 09:45:56,205 [INFO] Got command from the client 'new,,1eaa5fbd-e638-49d1-9ec4-08e6a597c9c9'
ptd-server 2021-03-06 09:45:56,205 [INFO] Sending reply to client 'OK 2021-03-06_09-45-56,8c29f4fc-2a4e-4f1d-892f-06ed217669d4'
ptd-server 2021-03-06 09:45:56,240 [INFO] Got command from the client 'time'
ptd-server 2021-03-06 09:45:56,240 [INFO] Sending reply to client '1615023956.240511'
ptd-server 2021-03-06 09:45:56,244 [INFO] Got command from the client 'session,2021-03-06_09-45-56,start,ranging'
ptd-server 2021-03-06 09:45:56,244 [INFO] Running PTDaemon: ['/home/anton/projects/mlperf/power/inference_v1.0/ptd-linux-x86', '-l', 'ptd.log', '-p', '8888', '52', '/dev/usbtmc0']
ptd-server 2021-03-06 09:46:13,412 [INFO] Sending to ptd: 'Hello'
ptd-server 2021-03-06 09:46:13,412 [INFO] Reply from ptd: 'Hello, PTDaemon here!'
ptd-server 2021-03-06 09:46:13,413 [INFO] Sending to ptd: 'Identify'
ptd-server 2021-03-06 09:46:13,413 [INFO] Reply from ptd: 'YokogawaWT330E,1000,1,1,1,1,0,0,1,version=1.9.2-e8c7a49a-20201208,OS=Linux 5.8.0-43-generic #49~20.04.1-Ubuntu SMP Fri Feb 5 09:57:56 UTC 2021 x86_64,mode=power,1,1,1,0,0,no_cal_date,YOKOGAWA;WT333E;C3VD30030E;F1.04'
ptd-server 2021-03-06 09:46:13,413 [INFO] Connected to PTDaemon
ptd-server 2021-03-06 09:46:13,413 [INFO] Sending to ptd: 'RR'
ptd-server 2021-03-06 09:46:13,413 [INFO] Reply from ptd: 'Ranges,0,0.500000,0,300.000000'
ptd-server 2021-03-06 09:46:13,414 [INFO] Initial range for Amps is 0.500000 for Volts is 300.000000
ptd-server 2021-03-06 09:46:13,414 [INFO] Sending to ptd: 'SR,V,Auto'
ptd-server 2021-03-06 09:46:13,916 [INFO] Reply from ptd: 'Range V changed'
ptd-server 2021-03-06 09:46:13,916 [INFO] Sending to ptd: 'SR,A,Auto'
ptd-server 2021-03-06 09:46:14,419 [INFO] Reply from ptd: 'Range A changed'
ptd-server 2021-03-06 09:46:24,429 [INFO] Starting ranging mode
ptd-server 2021-03-06 09:46:24,429 [INFO] Sending to ptd: 'Go,1000,0,2021-03-06_09-45-56_ranging'
ptd-server 2021-03-06 09:46:24,430 [INFO] Reply from ptd: 'Starting untimed measurement, maximum 500000 samples at 1000ms with 0 rampup samples'
ptd-server 2021-03-06 09:46:24,430 [INFO] Sending reply to client 'OK'
ptd-server 2021-03-06 09:56:56,022 [INFO] Got command from the client 'session,2021-03-06_09-45-56,stop,ranging'
ptd-server 2021-03-06 09:57:06,033 [INFO] Sending to ptd: 'Stop'
ptd-server 2021-03-06 09:57:06,033 [INFO] Reply from ptd: 'Stopping untimed measurement'
ptd-server 2021-03-06 09:57:06,456 [INFO] Sending reply to client 'OK'
ptd-server 2021-03-06 09:57:06,500 [INFO] Got command from the client 'time'
ptd-server 2021-03-06 09:57:06,500 [INFO] Sending reply to client '1615024626.5003164'
ptd-server 2021-03-06 09:57:06,505 [INFO] Got command from the client 'session,2021-03-06_09-45-56,start,testing'
ptd-server 2021-03-06 09:57:06,505 [INFO] Sending to ptd: 'SR,V,250.000000'
ptd-server 2021-03-06 09:57:08,006 [INFO] Reply from ptd: 'Range V changed'
ptd-server 2021-03-06 09:57:08,006 [INFO] Sending to ptd: 'SR,A,0.059150'
ptd-server 2021-03-06 09:57:09,508 [INFO] Reply from ptd: 'Range A changed'
ptd-server 2021-03-06 09:57:19,518 [INFO] Starting testing mode
ptd-server 2021-03-06 09:57:19,518 [INFO] Sending to ptd: 'Go,1000,0,2021-03-06_09-45-56_testing'
ptd-server 2021-03-06 09:57:19,518 [INFO] Reply from ptd: 'Starting untimed measurement, maximum 500000 samples at 1000ms with 0 rampup samples'
ptd-server 2021-03-06 09:57:19,518 [INFO] Sending reply to client 'OK'
ptd-server 2021-03-06 10:07:55,710 [INFO] Got command from the client 'session,2021-03-06_09-45-56,stop,testing'
ptd-server 2021-03-06 10:08:05,720 [INFO] Sending to ptd: 'Stop'
ptd-server 2021-03-06 10:08:05,721 [INFO] Reply from ptd: 'Stopping untimed measurement'
ptd-server 2021-03-06 10:08:05,945 [INFO] Sending reply to client 'OK'
ptd-server 2021-03-06 10:08:05,953 [INFO] Got command from the client 'session,2021-03-06_09-45-56,upload,client.log'
ptd-server 2021-03-06 10:08:05,956 [INFO] Received '/home/anton/projects/mlperf/power-dev/output/2021-03-06_09-45-56client.log.tmp'
ptd-server 2021-03-06 10:08:05,957 [INFO] Removed '/home/anton/projects/mlperf/power-dev/output/2021-03-06_09-45-56client.log.tmp'
ptd-server 2021-03-06 10:08:05,957 [INFO] Sending reply to client 'OK'
ptd-server 2021-03-06 10:08:05,970 [INFO] Got command from the client 'session,2021-03-06_09-45-56,upload,client.json'
ptd-server 2021-03-06 10:08:05,972 [INFO] Received '/home/anton/projects/mlperf/power-dev/output/2021-03-06_09-45-56client.json.tmp'
ptd-server 2021-03-06 10:08:05,973 [INFO] Removed '/home/anton/projects/mlperf/power-dev/output/2021-03-06_09-45-56client.json.tmp'
ptd-server 2021-03-06 10:08:05,973 [INFO] Sending reply to client 'OK'
ptd-server 2021-03-06 10:08:05,976 [INFO] Got command from the client 'session,2021-03-06_09-45-56,done'
ptd-server 2021-03-06 10:08:05,976 [INFO] Sending to ptd: 'Stop'
ptd-server 2021-03-06 10:08:06,518 [INFO] Reply from ptd: 'Error: no measurement to stop'
ptd-server 2021-03-06 10:08:06,519 [INFO] Sending to ptd: 'SR,V,300.000000'
ptd-server 2021-03-06 10:08:08,020 [INFO] Reply from ptd: 'Range V changed'
ptd-server 2021-03-06 10:08:08,020 [INFO] Sending to ptd: 'SR,A,0.500000'
ptd-server 2021-03-06 10:08:09,522 [INFO] Reply from ptd: 'Range A changed'
ptd-server 2021-03-06 10:08:09,522 [INFO] Set initial values for Amps 0.500000 and Volts 300.000000
ptd-server 2021-03-06 10:08:09,522 [INFO] Stopping ptd...
