ptd-server 2021-03-05 17:49:07,498 [INFO] Got command from the client 'time'
ptd-server 2021-03-05 17:49:07,499 [INFO] Sending reply to client '1614966547.4989767'
ptd-server 2021-03-05 17:49:07,501 [INFO] Got command from the client 'new,,164a3d34-7153-4bc5-b28e-d2afea737a4a'
ptd-server 2021-03-05 17:49:07,502 [INFO] Sending reply to client 'OK 2021-03-05_17-49-07,64a7eba9-c068-4509-a485-698bfdedd298'
ptd-server 2021-03-05 17:49:07,538 [INFO] Got command from the client 'time'
ptd-server 2021-03-05 17:49:07,538 [INFO] Sending reply to client '1614966547.5387273'
ptd-server 2021-03-05 17:49:07,541 [INFO] Got command from the client 'session,2021-03-05_17-49-07,start,ranging'
ptd-server 2021-03-05 17:49:07,541 [INFO] Running PTDaemon: ['/home/anton/projects/mlperf/power/inference_v1.0/ptd-linux-x86', '-l', 'ptd.log', '-p', '8888', '52', '/dev/usbtmc0']
ptd-server 2021-03-05 17:49:24,709 [INFO] Sending to ptd: 'Hello'
ptd-server 2021-03-05 17:49:24,710 [INFO] Reply from ptd: 'Hello, PTDaemon here!'
ptd-server 2021-03-05 17:49:24,710 [INFO] Sending to ptd: 'Identify'
ptd-server 2021-03-05 17:49:24,710 [INFO] Reply from ptd: 'YokogawaWT330E,1000,1,1,1,1,0,0,1,version=1.9.2-e8c7a49a-20201208,OS=Linux 5.8.0-43-generic #49~20.04.1-Ubuntu SMP Fri Feb 5 09:57:56 UTC 2021 x86_64,mode=power,1,1,1,0,0,no_cal_date,YOKOGAWA;WT333E;C3VD30030E;F1.04'
ptd-server 2021-03-05 17:49:24,711 [INFO] Connected to PTDaemon
ptd-server 2021-03-05 17:49:24,711 [INFO] Sending to ptd: 'RR'
ptd-server 2021-03-05 17:49:24,711 [INFO] Reply from ptd: 'Ranges,0,0.500000,0,300.000000'
ptd-server 2021-03-05 17:49:24,711 [INFO] Initial range for Amps is 0.500000 for Volts is 300.000000
ptd-server 2021-03-05 17:49:24,711 [INFO] Sending to ptd: 'SR,V,Auto'
ptd-server 2021-03-05 17:49:25,214 [INFO] Reply from ptd: 'Range V changed'
ptd-server 2021-03-05 17:49:25,214 [INFO] Sending to ptd: 'SR,A,Auto'
ptd-server 2021-03-05 17:49:25,716 [INFO] Reply from ptd: 'Range A changed'
ptd-server 2021-03-05 17:49:35,727 [INFO] Starting ranging mode
ptd-server 2021-03-05 17:49:35,727 [INFO] Sending to ptd: 'Go,1000,0,2021-03-05_17-49-07_ranging'
ptd-server 2021-03-05 17:49:35,727 [INFO] Reply from ptd: 'Starting untimed measurement, maximum 500000 samples at 1000ms with 0 rampup samples'
ptd-server 2021-03-05 17:49:35,727 [INFO] Sending reply to client 'OK'
ptd-server 2021-03-05 18:00:07,659 [INFO] Got command from the client 'session,2021-03-05_17-49-07,stop,ranging'
ptd-server 2021-03-05 18:00:17,669 [INFO] Sending to ptd: 'Stop'
ptd-server 2021-03-05 18:00:17,670 [INFO] Reply from ptd: 'Stopping untimed measurement'
ptd-server 2021-03-05 18:00:18,023 [INFO] Sending reply to client 'OK'
ptd-server 2021-03-05 18:00:18,067 [INFO] Got command from the client 'time'
ptd-server 2021-03-05 18:00:18,067 [INFO] Sending reply to client '1614967218.0676632'
ptd-server 2021-03-05 18:00:18,071 [INFO] Got command from the client 'session,2021-03-05_17-49-07,start,testing'
ptd-server 2021-03-05 18:00:18,071 [INFO] Sending to ptd: 'SR,V,249.560000'
ptd-server 2021-03-05 18:00:19,572 [INFO] Reply from ptd: 'Range V changed'
ptd-server 2021-03-05 18:00:19,572 [INFO] Sending to ptd: 'SR,A,0.061230'
ptd-server 2021-03-05 18:00:21,074 [INFO] Reply from ptd: 'Range A changed'
ptd-server 2021-03-05 18:00:31,084 [INFO] Starting testing mode
ptd-server 2021-03-05 18:00:31,084 [INFO] Sending to ptd: 'Go,1000,0,2021-03-05_17-49-07_testing'
ptd-server 2021-03-05 18:00:31,085 [INFO] Reply from ptd: 'Starting untimed measurement, maximum 500000 samples at 1000ms with 0 rampup samples'
ptd-server 2021-03-05 18:00:31,085 [INFO] Sending reply to client 'OK'
ptd-server 2021-03-05 18:11:08,024 [INFO] Got command from the client 'session,2021-03-05_17-49-07,stop,testing'
ptd-server 2021-03-05 18:11:18,034 [INFO] Sending to ptd: 'Stop'
ptd-server 2021-03-05 18:11:18,035 [INFO] Reply from ptd: 'Stopping untimed measurement'
ptd-server 2021-03-05 18:11:18,223 [INFO] Sending reply to client 'OK'
ptd-server 2021-03-05 18:11:18,239 [INFO] Got command from the client 'session,2021-03-05_17-49-07,upload,client.log'
ptd-server 2021-03-05 18:11:18,242 [INFO] Received '/home/anton/projects/mlperf/power-dev/output/2021-03-05_17-49-07client.log.tmp'
ptd-server 2021-03-05 18:11:18,243 [INFO] Removed '/home/anton/projects/mlperf/power-dev/output/2021-03-05_17-49-07client.log.tmp'
ptd-server 2021-03-05 18:11:18,243 [INFO] Sending reply to client 'OK'
ptd-server 2021-03-05 18:11:18,255 [INFO] Got command from the client 'session,2021-03-05_17-49-07,upload,client.json'
ptd-server 2021-03-05 18:11:18,258 [INFO] Received '/home/anton/projects/mlperf/power-dev/output/2021-03-05_17-49-07client.json.tmp'
ptd-server 2021-03-05 18:11:18,259 [INFO] Removed '/home/anton/projects/mlperf/power-dev/output/2021-03-05_17-49-07client.json.tmp'
ptd-server 2021-03-05 18:11:18,259 [INFO] Sending reply to client 'OK'
ptd-server 2021-03-05 18:11:18,261 [INFO] Got command from the client 'session,2021-03-05_17-49-07,done'
ptd-server 2021-03-05 18:11:18,261 [INFO] Sending to ptd: 'Stop'
ptd-server 2021-03-05 18:11:18,262 [INFO] Reply from ptd: 'Error: no measurement to stop'
ptd-server 2021-03-05 18:11:18,262 [INFO] Sending to ptd: 'SR,V,300.000000'
ptd-server 2021-03-05 18:11:19,763 [INFO] Reply from ptd: 'Range V changed'
ptd-server 2021-03-05 18:11:19,763 [INFO] Sending to ptd: 'SR,A,0.500000'
ptd-server 2021-03-05 18:11:21,265 [INFO] Reply from ptd: 'Range A changed'
ptd-server 2021-03-05 18:11:21,265 [INFO] Set initial values for Amps 0.500000 and Volts 300.000000
ptd-server 2021-03-05 18:11:21,265 [INFO] Stopping ptd...
