ptd-server 2021-03-07 16:36:08,281 [INFO] Got command from the client 'time'
ptd-server 2021-03-07 16:36:08,281 [INFO] Sending reply to client '1615134968.28142'
ptd-server 2021-03-07 16:36:08,284 [INFO] Got command from the client 'new,,b8ced7bc-63c6-4d11-9568-d846c43596aa'
ptd-server 2021-03-07 16:36:08,284 [INFO] Sending reply to client 'OK 2021-03-07_16-36-08,231d640a-d387-4ed8-a676-d63fcc847029'
ptd-server 2021-03-07 16:36:08,331 [INFO] Got command from the client 'time'
ptd-server 2021-03-07 16:36:08,331 [INFO] Sending reply to client '1615134968.3316603'
ptd-server 2021-03-07 16:36:08,336 [INFO] Got command from the client 'session,2021-03-07_16-36-08,start,ranging'
ptd-server 2021-03-07 16:36:08,336 [INFO] Running PTDaemon: ['/home/anton/projects/mlperf/power/inference_v1.0/ptd-linux-x86', '-l', 'ptd.log', '-p', '8888', '52', '/dev/usbtmc0']
ptd-server 2021-03-07 16:36:25,505 [INFO] Sending to ptd: 'Hello'
ptd-server 2021-03-07 16:36:25,505 [INFO] Reply from ptd: 'Hello, PTDaemon here!'
ptd-server 2021-03-07 16:36:25,506 [INFO] Sending to ptd: 'Identify'
ptd-server 2021-03-07 16:36:25,506 [INFO] Reply from ptd: 'YokogawaWT330E,1000,1,1,1,1,0,0,1,version=1.9.2-e8c7a49a-20201208,OS=Linux 5.8.0-43-generic #49~20.04.1-Ubuntu SMP Fri Feb 5 09:57:56 UTC 2021 x86_64,mode=power,1,1,1,0,0,no_cal_date,YOKOGAWA;WT333E;C3VD30030E;F1.04'
ptd-server 2021-03-07 16:36:25,506 [INFO] Connected to PTDaemon
ptd-server 2021-03-07 16:36:25,506 [INFO] Sending to ptd: 'RR'
ptd-server 2021-03-07 16:36:25,507 [INFO] Reply from ptd: 'Ranges,0,0.500000,0,300.000000'
ptd-server 2021-03-07 16:36:25,507 [INFO] Initial range for Amps is 0.500000 for Volts is 300.000000
ptd-server 2021-03-07 16:36:25,507 [INFO] Sending to ptd: 'SR,V,Auto'
ptd-server 2021-03-07 16:36:26,009 [INFO] Reply from ptd: 'Range V changed'
ptd-server 2021-03-07 16:36:26,010 [INFO] Sending to ptd: 'SR,A,Auto'
ptd-server 2021-03-07 16:36:26,512 [INFO] Reply from ptd: 'Range A changed'
ptd-server 2021-03-07 16:36:36,522 [INFO] Starting ranging mode
ptd-server 2021-03-07 16:36:36,522 [INFO] Sending to ptd: 'Go,1000,0,2021-03-07_16-36-08_ranging'
ptd-server 2021-03-07 16:36:36,523 [INFO] Reply from ptd: 'Starting untimed measurement, maximum 500000 samples at 1000ms with 0 rampup samples'
ptd-server 2021-03-07 16:36:36,523 [INFO] Sending reply to client 'OK'
ptd-server 2021-03-07 16:47:01,498 [INFO] Got command from the client 'session,2021-03-07_16-36-08,stop,ranging'
ptd-server 2021-03-07 16:47:11,508 [INFO] Sending to ptd: 'Stop'
ptd-server 2021-03-07 16:47:11,509 [INFO] Reply from ptd: 'Stopping untimed measurement'
ptd-server 2021-03-07 16:47:12,089 [INFO] Sending reply to client 'OK'
ptd-server 2021-03-07 16:47:12,139 [INFO] Got command from the client 'time'
ptd-server 2021-03-07 16:47:12,139 [INFO] Sending reply to client '1615135632.1393976'
ptd-server 2021-03-07 16:47:12,143 [INFO] Got command from the client 'session,2021-03-07_16-36-08,start,testing'
ptd-server 2021-03-07 16:47:12,143 [INFO] Sending to ptd: 'SR,V,249.710000'
ptd-server 2021-03-07 16:47:13,645 [INFO] Reply from ptd: 'Range V changed'
ptd-server 2021-03-07 16:47:13,645 [INFO] Sending to ptd: 'SR,A,0.055210'
ptd-server 2021-03-07 16:47:15,146 [INFO] Reply from ptd: 'Range A changed'
ptd-server 2021-03-07 16:47:25,156 [INFO] Starting testing mode
ptd-server 2021-03-07 16:47:25,156 [INFO] Sending to ptd: 'Go,1000,0,2021-03-07_16-36-08_testing'
ptd-server 2021-03-07 16:47:25,157 [INFO] Reply from ptd: 'Starting untimed measurement, maximum 500000 samples at 1000ms with 0 rampup samples'
ptd-server 2021-03-07 16:47:25,157 [INFO] Sending reply to client 'OK'
ptd-server 2021-03-07 16:57:55,024 [INFO] Got command from the client 'session,2021-03-07_16-36-08,stop,testing'
ptd-server 2021-03-07 16:58:05,034 [INFO] Sending to ptd: 'Stop'
ptd-server 2021-03-07 16:58:05,035 [INFO] Reply from ptd: 'Stopping untimed measurement'
ptd-server 2021-03-07 16:58:05,339 [INFO] Sending reply to client 'OK'
ptd-server 2021-03-07 16:58:05,346 [INFO] Got command from the client 'session,2021-03-07_16-36-08,upload,client.log'
ptd-server 2021-03-07 16:58:05,350 [INFO] Received '/home/anton/projects/mlperf/power-dev/output/2021-03-07_16-36-08client.log.tmp'
ptd-server 2021-03-07 16:58:05,351 [INFO] Removed '/home/anton/projects/mlperf/power-dev/output/2021-03-07_16-36-08client.log.tmp'
ptd-server 2021-03-07 16:58:05,351 [INFO] Sending reply to client 'OK'
ptd-server 2021-03-07 16:58:05,363 [INFO] Got command from the client 'session,2021-03-07_16-36-08,upload,client.json'
ptd-server 2021-03-07 16:58:05,366 [INFO] Received '/home/anton/projects/mlperf/power-dev/output/2021-03-07_16-36-08client.json.tmp'
ptd-server 2021-03-07 16:58:05,367 [INFO] Removed '/home/anton/projects/mlperf/power-dev/output/2021-03-07_16-36-08client.json.tmp'
ptd-server 2021-03-07 16:58:05,367 [INFO] Sending reply to client 'OK'
ptd-server 2021-03-07 16:58:05,370 [INFO] Got command from the client 'session,2021-03-07_16-36-08,done'
ptd-server 2021-03-07 16:58:05,370 [INFO] Sending to ptd: 'Stop'
ptd-server 2021-03-07 16:58:05,370 [INFO] Reply from ptd: 'Error: no measurement to stop'
ptd-server 2021-03-07 16:58:05,370 [INFO] Sending to ptd: 'SR,V,300.000000'
ptd-server 2021-03-07 16:58:06,872 [INFO] Reply from ptd: 'Range V changed'
ptd-server 2021-03-07 16:58:06,872 [INFO] Sending to ptd: 'SR,A,0.500000'
ptd-server 2021-03-07 16:58:08,373 [INFO] Reply from ptd: 'Range A changed'
ptd-server 2021-03-07 16:58:08,374 [INFO] Set initial values for Amps 0.500000 and Volts 300.000000
ptd-server 2021-03-07 16:58:08,374 [INFO] Stopping ptd...
