ptd-server 2021-03-09 14:09:01,977 [INFO] Got command from the client 'time'
ptd-server 2021-03-09 14:09:01,977 [INFO] Sending reply to client '1615298941.977251'
ptd-server 2021-03-09 14:09:01,978 [INFO] Got command from the client 'new,,ad063a78-5da0-4348-ae86-e8dfa30c185c'
ptd-server 2021-03-09 14:09:01,979 [INFO] Sending reply to client 'OK 2021-03-09_14-09-01,e0611d42-bd35-4049-95eb-d0793d38e9b1'
ptd-server 2021-03-09 14:09:02,017 [INFO] Got command from the client 'time'
ptd-server 2021-03-09 14:09:02,017 [INFO] Sending reply to client '1615298942.0176876'
ptd-server 2021-03-09 14:09:02,019 [INFO] Got command from the client 'session,2021-03-09_14-09-01,start,ranging'
ptd-server 2021-03-09 14:09:02,020 [INFO] Running PTDaemon: ['/home/anton/projects/mlperf/power/inference_v1.0/ptd-linux-x86', '-l', 'ptd.log', '-p', '8888', '52', '/dev/usbtmc0']
ptd-server 2021-03-09 14:09:19,193 [INFO] Sending to ptd: 'Hello'
ptd-server 2021-03-09 14:09:19,193 [INFO] Reply from ptd: 'Hello, PTDaemon here!'
ptd-server 2021-03-09 14:09:19,194 [INFO] Sending to ptd: 'Identify'
ptd-server 2021-03-09 14:09:19,194 [INFO] Reply from ptd: 'YokogawaWT330E,1000,1,1,1,1,0,0,1,version=1.9.2-e8c7a49a-20201208,OS=Linux 5.8.0-43-generic #49~20.04.1-Ubuntu SMP Fri Feb 5 09:57:56 UTC 2021 x86_64,mode=power,1,1,1,0,0,no_cal_date,YOKOGAWA;WT333E;C3VD30030E;F1.04'
ptd-server 2021-03-09 14:09:19,194 [INFO] Connected to PTDaemon
ptd-server 2021-03-09 14:09:19,194 [INFO] Sending to ptd: 'RR'
ptd-server 2021-03-09 14:09:19,194 [INFO] Reply from ptd: 'Ranges,0,0.500000,0,300.000000'
ptd-server 2021-03-09 14:09:19,195 [INFO] Initial range for Amps is 0.500000 for Volts is 300.000000
ptd-server 2021-03-09 14:09:19,195 [INFO] Sending to ptd: 'SR,V,Auto'
ptd-server 2021-03-09 14:09:19,697 [INFO] Reply from ptd: 'Range V changed'
ptd-server 2021-03-09 14:09:19,697 [INFO] Sending to ptd: 'SR,A,Auto'
ptd-server 2021-03-09 14:09:20,200 [INFO] Reply from ptd: 'Range A changed'
ptd-server 2021-03-09 14:09:30,210 [INFO] Starting ranging mode
ptd-server 2021-03-09 14:09:30,210 [INFO] Sending to ptd: 'Go,1000,0,2021-03-09_14-09-01_ranging'
ptd-server 2021-03-09 14:09:30,211 [INFO] Reply from ptd: 'Starting untimed measurement, maximum 500000 samples at 1000ms with 0 rampup samples'
ptd-server 2021-03-09 14:09:30,211 [INFO] Sending reply to client 'OK'
ptd-server 2021-03-09 14:19:45,632 [INFO] Got command from the client 'session,2021-03-09_14-09-01,stop,ranging'
ptd-server 2021-03-09 14:19:55,642 [INFO] Sending to ptd: 'Stop'
ptd-server 2021-03-09 14:19:55,643 [INFO] Reply from ptd: 'Stopping untimed measurement'
ptd-server 2021-03-09 14:19:56,394 [INFO] Sending reply to client 'OK'
ptd-server 2021-03-09 14:19:56,438 [INFO] Got command from the client 'time'
ptd-server 2021-03-09 14:19:56,438 [INFO] Sending reply to client '1615299596.438851'
ptd-server 2021-03-09 14:19:56,442 [INFO] Got command from the client 'session,2021-03-09_14-09-01,start,testing'
ptd-server 2021-03-09 14:19:56,443 [INFO] Sending to ptd: 'SR,V,250.650000'
ptd-server 2021-03-09 14:19:57,944 [INFO] Reply from ptd: 'Range V changed'
ptd-server 2021-03-09 14:19:57,944 [INFO] Sending to ptd: 'SR,A,0.126470'
ptd-server 2021-03-09 14:19:59,445 [INFO] Reply from ptd: 'Range A changed'
ptd-server 2021-03-09 14:20:09,456 [INFO] Starting testing mode
ptd-server 2021-03-09 14:20:09,456 [INFO] Sending to ptd: 'Go,1000,0,2021-03-09_14-09-01_testing'
ptd-server 2021-03-09 14:20:09,456 [INFO] Reply from ptd: 'Starting untimed measurement, maximum 500000 samples at 1000ms with 0 rampup samples'
ptd-server 2021-03-09 14:20:09,457 [INFO] Sending reply to client 'OK'
ptd-server 2021-03-09 14:30:24,742 [INFO] Got command from the client 'session,2021-03-09_14-09-01,stop,testing'
ptd-server 2021-03-09 14:30:34,752 [INFO] Sending to ptd: 'Stop'
ptd-server 2021-03-09 14:30:34,753 [INFO] Reply from ptd: 'Stopping untimed measurement'
ptd-server 2021-03-09 14:30:35,143 [INFO] Sending reply to client 'OK'
ptd-server 2021-03-09 14:30:35,150 [INFO] Got command from the client 'session,2021-03-09_14-09-01,upload,client.log'
ptd-server 2021-03-09 14:30:35,152 [INFO] Received '/home/anton/projects/mlperf/power-dev/output/2021-03-09_14-09-01client.log.tmp'
ptd-server 2021-03-09 14:30:35,153 [INFO] Removed '/home/anton/projects/mlperf/power-dev/output/2021-03-09_14-09-01client.log.tmp'
ptd-server 2021-03-09 14:30:35,153 [INFO] Sending reply to client 'OK'
ptd-server 2021-03-09 14:30:35,159 [INFO] Got command from the client 'session,2021-03-09_14-09-01,upload,client.json'
ptd-server 2021-03-09 14:30:35,160 [INFO] Received '/home/anton/projects/mlperf/power-dev/output/2021-03-09_14-09-01client.json.tmp'
ptd-server 2021-03-09 14:30:35,160 [INFO] Removed '/home/anton/projects/mlperf/power-dev/output/2021-03-09_14-09-01client.json.tmp'
ptd-server 2021-03-09 14:30:35,160 [INFO] Sending reply to client 'OK'
ptd-server 2021-03-09 14:30:35,161 [INFO] Got command from the client 'session,2021-03-09_14-09-01,done'
ptd-server 2021-03-09 14:30:35,161 [INFO] Sending to ptd: 'Stop'
ptd-server 2021-03-09 14:30:35,457 [INFO] Reply from ptd: 'Error: no measurement to stop'
ptd-server 2021-03-09 14:30:35,457 [INFO] Sending to ptd: 'SR,V,300.000000'
ptd-server 2021-03-09 14:30:36,958 [INFO] Reply from ptd: 'Range V changed'
ptd-server 2021-03-09 14:30:36,959 [INFO] Sending to ptd: 'SR,A,0.500000'
ptd-server 2021-03-09 14:30:38,460 [INFO] Reply from ptd: 'Range A changed'
ptd-server 2021-03-09 14:30:38,460 [INFO] Set initial values for Amps 0.500000 and Volts 300.000000
ptd-server 2021-03-09 14:30:38,460 [INFO] Stopping ptd...
