ptd-server 2021-03-06 17:14:30,273 [INFO] Got command from the client 'time'
ptd-server 2021-03-06 17:14:30,273 [INFO] Sending reply to client '1615050870.2738519'
ptd-server 2021-03-06 17:14:30,277 [INFO] Got command from the client 'new,,5035c605-d433-4d14-9a95-715ee5762530'
ptd-server 2021-03-06 17:14:30,277 [INFO] Sending reply to client 'OK 2021-03-06_17-14-30,08c65220-a2c5-488a-b8e5-4aa781feb20e'
ptd-server 2021-03-06 17:14:30,323 [INFO] Got command from the client 'time'
ptd-server 2021-03-06 17:14:30,323 [INFO] Sending reply to client '1615050870.3234038'
ptd-server 2021-03-06 17:14:30,326 [INFO] Got command from the client 'session,2021-03-06_17-14-30,start,ranging'
ptd-server 2021-03-06 17:14:30,327 [INFO] Running PTDaemon: ['/home/anton/projects/mlperf/power/inference_v1.0/ptd-linux-x86', '-l', 'ptd.log', '-p', '8888', '52', '/dev/usbtmc0']
ptd-server 2021-03-06 17:14:47,496 [INFO] Sending to ptd: 'Hello'
ptd-server 2021-03-06 17:14:47,497 [INFO] Reply from ptd: 'Hello, PTDaemon here!'
ptd-server 2021-03-06 17:14:47,497 [INFO] Sending to ptd: 'Identify'
ptd-server 2021-03-06 17:14:47,497 [INFO] Reply from ptd: 'YokogawaWT330E,1000,1,1,1,1,0,0,1,version=1.9.2-e8c7a49a-20201208,OS=Linux 5.8.0-43-generic #49~20.04.1-Ubuntu SMP Fri Feb 5 09:57:56 UTC 2021 x86_64,mode=power,1,1,1,0,0,no_cal_date,YOKOGAWA;WT333E;C3VD30030E;F1.04'
ptd-server 2021-03-06 17:14:47,497 [INFO] Connected to PTDaemon
ptd-server 2021-03-06 17:14:47,497 [INFO] Sending to ptd: 'RR'
ptd-server 2021-03-06 17:14:47,498 [INFO] Reply from ptd: 'Ranges,0,0.500000,0,300.000000'
ptd-server 2021-03-06 17:14:47,498 [INFO] Initial range for Amps is 0.500000 for Volts is 300.000000
ptd-server 2021-03-06 17:14:47,498 [INFO] Sending to ptd: 'SR,V,Auto'
ptd-server 2021-03-06 17:14:48,003 [INFO] Reply from ptd: 'Range V changed'
ptd-server 2021-03-06 17:14:48,003 [INFO] Sending to ptd: 'SR,A,Auto'
ptd-server 2021-03-06 17:14:48,506 [INFO] Reply from ptd: 'Range A changed'
ptd-server 2021-03-06 17:14:58,516 [INFO] Starting ranging mode
ptd-server 2021-03-06 17:14:58,516 [INFO] Sending to ptd: 'Go,1000,0,2021-03-06_17-14-30_ranging'
ptd-server 2021-03-06 17:14:58,517 [INFO] Reply from ptd: 'Starting untimed measurement, maximum 500000 samples at 1000ms with 0 rampup samples'
ptd-server 2021-03-06 17:14:58,517 [INFO] Sending reply to client 'OK'
ptd-server 2021-03-06 17:25:30,214 [INFO] Got command from the client 'session,2021-03-06_17-14-30,stop,ranging'
ptd-server 2021-03-06 17:25:40,224 [INFO] Sending to ptd: 'Stop'
ptd-server 2021-03-06 17:25:40,224 [INFO] Reply from ptd: 'Stopping untimed measurement'
ptd-server 2021-03-06 17:25:40,676 [INFO] Sending reply to client 'OK'
ptd-server 2021-03-06 17:25:40,725 [INFO] Got command from the client 'time'
ptd-server 2021-03-06 17:25:40,725 [INFO] Sending reply to client '1615051540.725306'
ptd-server 2021-03-06 17:25:40,729 [INFO] Got command from the client 'session,2021-03-06_17-14-30,start,testing'
ptd-server 2021-03-06 17:25:40,729 [INFO] Sending to ptd: 'SR,V,248.260000'
ptd-server 2021-03-06 17:25:42,230 [INFO] Reply from ptd: 'Range V changed'
ptd-server 2021-03-06 17:25:42,231 [INFO] Sending to ptd: 'SR,A,0.055970'
ptd-server 2021-03-06 17:25:43,732 [INFO] Reply from ptd: 'Range A changed'
ptd-server 2021-03-06 17:25:53,742 [INFO] Starting testing mode
ptd-server 2021-03-06 17:25:53,742 [INFO] Sending to ptd: 'Go,1000,0,2021-03-06_17-14-30_testing'
ptd-server 2021-03-06 17:25:53,743 [INFO] Reply from ptd: 'Starting untimed measurement, maximum 500000 samples at 1000ms with 0 rampup samples'
ptd-server 2021-03-06 17:25:53,743 [INFO] Sending reply to client 'OK'
ptd-server 2021-03-06 17:36:30,221 [INFO] Got command from the client 'session,2021-03-06_17-14-30,stop,testing'
ptd-server 2021-03-06 17:36:40,231 [INFO] Sending to ptd: 'Stop'
ptd-server 2021-03-06 17:36:40,232 [INFO] Reply from ptd: 'Stopping untimed measurement'
ptd-server 2021-03-06 17:36:40,466 [INFO] Sending reply to client 'OK'
ptd-server 2021-03-06 17:36:40,474 [INFO] Got command from the client 'session,2021-03-06_17-14-30,upload,client.log'
ptd-server 2021-03-06 17:36:40,478 [INFO] Received '/home/anton/projects/mlperf/power-dev/output/2021-03-06_17-14-30client.log.tmp'
ptd-server 2021-03-06 17:36:40,478 [INFO] Removed '/home/anton/projects/mlperf/power-dev/output/2021-03-06_17-14-30client.log.tmp'
ptd-server 2021-03-06 17:36:40,478 [INFO] Sending reply to client 'OK'
ptd-server 2021-03-06 17:36:40,491 [INFO] Got command from the client 'session,2021-03-06_17-14-30,upload,client.json'
ptd-server 2021-03-06 17:36:40,495 [INFO] Received '/home/anton/projects/mlperf/power-dev/output/2021-03-06_17-14-30client.json.tmp'
ptd-server 2021-03-06 17:36:40,495 [INFO] Removed '/home/anton/projects/mlperf/power-dev/output/2021-03-06_17-14-30client.json.tmp'
ptd-server 2021-03-06 17:36:40,495 [INFO] Sending reply to client 'OK'
ptd-server 2021-03-06 17:36:40,498 [INFO] Got command from the client 'session,2021-03-06_17-14-30,done'
ptd-server 2021-03-06 17:36:40,498 [INFO] Sending to ptd: 'Stop'
ptd-server 2021-03-06 17:36:40,743 [INFO] Reply from ptd: 'Error: no measurement to stop'
ptd-server 2021-03-06 17:36:40,744 [INFO] Sending to ptd: 'SR,V,300.000000'
ptd-server 2021-03-06 17:36:42,245 [INFO] Reply from ptd: 'Range V changed'
ptd-server 2021-03-06 17:36:42,245 [INFO] Sending to ptd: 'SR,A,0.500000'
ptd-server 2021-03-06 17:36:43,747 [INFO] Reply from ptd: 'Range A changed'
ptd-server 2021-03-06 17:36:43,747 [INFO] Set initial values for Amps 0.500000 and Volts 300.000000
ptd-server 2021-03-06 17:36:43,747 [INFO] Stopping ptd...
