ptd-server 2021-03-17 15:42:54,923 [INFO] Got command from the client 'stop'
ptd-server 2021-03-17 15:42:54,923 [INFO] The server will be stopped after processing this client
ptd-server 2021-03-17 15:42:54,923 [INFO] Sending reply to client 'OK'
ptd-server 2021-03-17 15:42:55,143 [INFO] Got command from the client 'time'
ptd-server 2021-03-17 15:42:55,143 [INFO] Sending reply to client '1616020975.1436753'
ptd-server 2021-03-17 15:42:55,143 [INFO] Got command from the client 'new,,d8b9907e-54af-426f-8560-bbde4a1b200b'
ptd-server 2021-03-17 15:42:55,143 [INFO] Sending reply to client 'OK 2021-03-17_15-42-55,eb99469e-bdcf-4e90-8d5c-549b12d54faf'
ptd-server 2021-03-17 15:42:55,346 [INFO] Got command from the client 'time'
ptd-server 2021-03-17 15:42:55,346 [INFO] Sending reply to client '1616020975.3467536'
ptd-server 2021-03-17 15:42:55,346 [INFO] Got command from the client 'session,2021-03-17_15-42-55,start,ranging'
ptd-server 2021-03-17 15:42:55,456 [INFO] Running PTDaemon: ['C:\\PTD\\ptd-windows-x86.exe', '-l', 'C:\\logs_ptdeamon.txt', '-p', '8888', '-c', '1,3', '-y', '77', '172.22.0.90']
ptd-server 2021-03-17 15:43:14,841 [INFO] Sending to ptd: 'Hello'
ptd-server 2021-03-17 15:43:14,841 [INFO] Reply from ptd: 'Hello, PTDaemon here!'
ptd-server 2021-03-17 15:43:14,841 [INFO] Sending to ptd: 'Identify'
ptd-server 2021-03-17 15:43:14,841 [INFO] Reply from ptd: 'YokogawaWT330_multichannel,1000,1,1,1,1,0,0,1,version=1.9.2-3976349f-20201208,OS=Windows 8 / Server 2012,mode=power,1,1,2,0,0,no_cal_date,YOKOGAWA;WT333E;C2WA21018V;F1.04'
ptd-server 2021-03-17 15:43:14,841 [INFO] Connected to PTDaemon
ptd-server 2021-03-17 15:43:14,841 [INFO] Sending to ptd: 'RR'
ptd-server 2021-03-17 15:43:14,841 [INFO] Reply from ptd: 'Ranges,0,20.000000,1,300.000000'
ptd-server 2021-03-17 15:43:14,841 [INFO] Initial range for Amps is 20.000000 for Volts is Auto
ptd-server 2021-03-17 15:43:14,841 [INFO] Sending to ptd: 'SR,V,Auto'
ptd-server 2021-03-17 15:43:19,919 [INFO] Reply from ptd: 'Range V changed'
ptd-server 2021-03-17 15:43:19,919 [INFO] Sending to ptd: 'SR,A,Auto'
ptd-server 2021-03-17 15:43:24,995 [INFO] Reply from ptd: 'Range A changed'
ptd-server 2021-03-17 15:43:35,009 [INFO] Starting ranging mode
ptd-server 2021-03-17 15:43:35,009 [INFO] Sending to ptd: 'Go,1000,0,2021-03-17_15-42-55_ranging'
ptd-server 2021-03-17 15:43:35,009 [INFO] Reply from ptd: 'Starting untimed measurement, maximum 500000 samples at 1000ms with 0 rampup samples'
ptd-server 2021-03-17 15:43:35,009 [INFO] Sending reply to client 'OK'
ptd-server 2021-03-17 15:56:29,236 [INFO] Got command from the client 'session,2021-03-17_15-42-55,stop,ranging'
ptd-server 2021-03-17 15:56:39,250 [INFO] Sending to ptd: 'Stop'
ptd-server 2021-03-17 15:56:39,250 [INFO] Reply from ptd: 'Stopping untimed measurement'
ptd-server 2021-03-17 15:56:39,343 [INFO] Sending reply to client 'OK'
ptd-server 2021-03-17 15:56:39,359 [INFO] Got command from the client 'session,2021-03-17_15-42-55,upload,ranging'
ptd-server 2021-03-17 15:56:39,359 [INFO] Received 'C:\\ptd-logs\\2021-03-17_15-42-55ranging.tmp'
ptd-server 2021-03-17 15:56:39,374 [INFO] Extracted 'C:\\ptd-logs\\2021-03-17_15-42-55ranging.tmp' into 'C:\\ptd-logs\\2021-03-17_15-42-55\\ranging'
ptd-server 2021-03-17 15:56:39,374 [INFO] Removed 'C:\\ptd-logs\\2021-03-17_15-42-55ranging.tmp'
ptd-server 2021-03-17 15:56:39,374 [INFO] Sending reply to client 'OK'
ptd-server 2021-03-17 15:56:39,578 [INFO] Got command from the client 'time'
ptd-server 2021-03-17 15:56:39,578 [INFO] Sending reply to client '1616021799.5781465'
ptd-server 2021-03-17 15:56:39,593 [INFO] Got command from the client 'session,2021-03-17_15-42-55,start,testing'
ptd-server 2021-03-17 15:56:39,593 [INFO] Sending to ptd: 'SR,V,234.340000'
ptd-server 2021-03-17 15:56:46,106 [INFO] Reply from ptd: 'Range V changed'
ptd-server 2021-03-17 15:56:46,106 [INFO] Sending to ptd: 'SR,A,5.360000'
ptd-server 2021-03-17 15:56:51,699 [INFO] Reply from ptd: 'Range A changed'
ptd-server 2021-03-17 15:57:01,699 [INFO] Starting testing mode
ptd-server 2021-03-17 15:57:01,699 [INFO] Sending to ptd: 'Go,1000,0,2021-03-17_15-42-55_testing'
ptd-server 2021-03-17 15:57:01,699 [INFO] Reply from ptd: 'Starting untimed measurement, maximum 500000 samples at 1000ms with 0 rampup samples'
ptd-server 2021-03-17 15:57:01,699 [INFO] Sending reply to client 'OK'
ptd-server 2021-03-17 16:09:54,419 [INFO] Got command from the client 'session,2021-03-17_15-42-55,stop,testing'
ptd-server 2021-03-17 16:10:04,433 [INFO] Sending to ptd: 'Stop'
ptd-server 2021-03-17 16:10:04,433 [INFO] Reply from ptd: 'Stopping untimed measurement'
ptd-server 2021-03-17 16:10:04,464 [INFO] Sending reply to client 'OK'
ptd-server 2021-03-17 16:10:04,511 [INFO] Got command from the client 'session,2021-03-17_15-42-55,upload,testing'
ptd-server 2021-03-17 16:10:04,511 [INFO] Received 'C:\\ptd-logs\\2021-03-17_15-42-55testing.tmp'
ptd-server 2021-03-17 16:10:04,527 [INFO] Extracted 'C:\\ptd-logs\\2021-03-17_15-42-55testing.tmp' into 'C:\\ptd-logs\\2021-03-17_15-42-55\\run_1'
ptd-server 2021-03-17 16:10:04,527 [INFO] Removed 'C:\\ptd-logs\\2021-03-17_15-42-55testing.tmp'
ptd-server 2021-03-17 16:10:04,527 [INFO] Sending reply to client 'OK'
ptd-server 2021-03-17 16:10:04,527 [INFO] Got command from the client 'session,2021-03-17_15-42-55,upload,client.log'
ptd-server 2021-03-17 16:10:04,527 [INFO] Received 'C:\\ptd-logs\\2021-03-17_15-42-55client.log.tmp'
ptd-server 2021-03-17 16:10:04,542 [INFO] Removed 'C:\\ptd-logs\\2021-03-17_15-42-55client.log.tmp'
ptd-server 2021-03-17 16:10:04,542 [INFO] Sending reply to client 'OK'
ptd-server 2021-03-17 16:10:04,558 [INFO] Got command from the client 'session,2021-03-17_15-42-55,upload,client.json'
ptd-server 2021-03-17 16:10:04,558 [INFO] Received 'C:\\ptd-logs\\2021-03-17_15-42-55client.json.tmp'
ptd-server 2021-03-17 16:10:04,574 [INFO] Removed 'C:\\ptd-logs\\2021-03-17_15-42-55client.json.tmp'
ptd-server 2021-03-17 16:10:04,574 [INFO] Sending reply to client 'OK'
ptd-server 2021-03-17 16:10:04,574 [INFO] Got command from the client 'session,2021-03-17_15-42-55,done'
ptd-server 2021-03-17 16:10:04,574 [INFO] Sending to ptd: 'Stop'
ptd-server 2021-03-17 16:10:04,714 [INFO] Reply from ptd: 'Error: no measurement to stop'
ptd-server 2021-03-17 16:10:04,714 [INFO] Sending to ptd: 'SR,V,Auto'
ptd-server 2021-03-17 16:10:09,791 [INFO] Reply from ptd: 'Range V changed'
ptd-server 2021-03-17 16:10:09,791 [INFO] Sending to ptd: 'SR,A,20.000000'
ptd-server 2021-03-17 16:10:15,385 [INFO] Reply from ptd: 'Range A changed'
ptd-server 2021-03-17 16:10:15,385 [INFO] Set initial values for Amps 20.000000 and Volts Auto
ptd-server 2021-03-17 16:10:15,385 [INFO] Stopping ptd...
