client 2021-03-18 03:48:23,577 [WARNING] Removing old loadgen logs directory '/home/scratch.mlperf_inf_ci/mlPerf/L1/A100_PCIex8_MaxQ-Computelab-A100-PCIEx8-MaxQ-L1-2-2021-03-17-03-56-44-UTC/mlperf-inference/closed/NVIDIA/build/power_logs_temp'
client 2021-03-18 03:48:23,582 [INFO] Sending command to the server: 'mlcommons/power client v3'
client 2021-03-18 03:48:23,583 [INFO] Got response: 'mlcommons/power server v3'
client 2021-03-18 03:48:23,583 [INFO] Sending command to the server: 'stop'
client 2021-03-18 03:48:23,584 [INFO] Got response: 'OK'
client 2021-03-18 03:48:23,584 [INFO] Synchronizing with the server and with ib-01.dc4-in.nvidia.com...
client 2021-03-18 03:48:23,789 [INFO] NTP:offset = -0.000 s, delay = 0.201 s 
client 2021-03-18 03:48:23,789 [INFO] Sending command to the server: 'time'
client 2021-03-18 03:48:23,790 [INFO] Got response: '1616064503.9078486'
client 2021-03-18 03:48:23,790 [INFO] The time difference between the client and the server is within range -118.324 ms..-117.459 ms
client 2021-03-18 03:48:23,790 [INFO] Sending command to the server: 'new,,b5e38198-e71d-47ac-bb33-a68b7fda2c6d'
client 2021-03-18 03:48:23,791 [INFO] Got response: 'OK 2021-03-18_03-48-23,756ff689-14f3-4ec5-b1e3-29c7864141ce'
client 2021-03-18 03:48:23,791 [INFO] Session id is '2021-03-18_03-48-23'
client 2021-03-18 03:48:23,791 [INFO] Sources: {"sources": {"client.py": "d1e75cb4b26101220ebd242e584cf3ca5d8f1996", "lib/__init__.py": "da39a3ee5e6b4b0d3255bfef95601890afd80709", "lib/client.py": "d42bebf5b74cb6ff3997e2a6c68422afac111a28", "lib/common.py": "b0bad80d8fa328a7636027d4d66ff453f8dd7889", "lib/external/ntplib.py": "4da8f970656505a40483206ef2b5d3dd5e81711d", "lib/server.py": "2ed36471c7af565d6c8438b2134edad1d7ddf166", "lib/source_hashes.py": "4cedff274c661cb1504052018fd4f00dfbf624ef", "lib/summary.py": "0db15d783907aa92038281af4e465545c0648ddb", "lib/time_sync.py": "76051226ec89287839723352f4162aaa24e0546a", "server.py": "99e1310e3f76292aef1b8792ce6b8c82f1d44d8b", "tests/unit/test_server.py": "64f11775bfed35232a0e8bb9593c0ff992432c59", "tests/unit/test_source_hashes.py": "cb41a7261eaf7d94ba5c0aae9c523174f6204be3"}, "modules": {"__main__": "client.py", "lib.client": "lib/client.py", "lib.common": "lib/common.py", "lib.external.ntplib": "lib/external/ntplib.py", "lib.source_hashes": "lib/source_hashes.py", "lib.summary": "lib/summary.py", "lib.time_sync": "lib/time_sync.py"}}
client 2021-03-18 03:48:23,794 [INFO] Running workload in ranging mode
client 2021-03-18 03:48:23,794 [INFO] Synchronizing with the server and with ib-01.dc4-in.nvidia.com...
client 2021-03-18 03:48:23,997 [INFO] NTP:offset = -0.000 s, delay = 0.202 s 
client 2021-03-18 03:48:23,997 [INFO] Sending command to the server: 'time'
client 2021-03-18 03:48:23,998 [INFO] Got response: '1616064504.1109204'
client 2021-03-18 03:48:23,998 [INFO] The time difference between the client and the server is within range -113.441 ms..-112.166 ms
client 2021-03-18 03:48:23,998 [INFO] Sending command to the server: 'session,2021-03-18_03-48-23,start,ranging'
client 2021-03-18 03:49:03,658 [INFO] Got response: 'OK'
client 2021-03-18 03:49:03,658 [INFO] Running the workload 'LOG_DIR=/home/scratch.mlperf_inf_ci/mlPerf/L1/A100_PCIex8_MaxQ-Computelab-A100-PCIEx8-MaxQ-L1-2-2021-03-17-03-56-44-UTC/mlperf-inference/closed/NVIDIA/build/power_logs_temp python3 code/main.py --benchmarks=resnet50 --scenarios=Server --test_mode=PerformanceOnly --config_ver=maxq --action="run_harness" \\\n\t\t&& cp -v /home/scratch.mlperf_inf_ci/mlPerf/L1/A100_PCIex8_MaxQ-Computelab-A100-PCIEx8-MaxQ-L1-2-2021-03-17-03-56-44-UTC/mlperf-inference/closed/NVIDIA/build/power_logs_temp/*/*/*/mlperf_log_detail.txt /home/scratch.mlperf_inf_ci/mlPerf/L1/A100_PCIex8_MaxQ-Computelab-A100-PCIEx8-MaxQ-L1-2-2021-03-17-03-56-44-UTC/mlperf-inference/closed/NVIDIA/build/power_logs_temp/ \\\n\t\t&& cp -v /home/scratch.mlperf_inf_ci/mlPerf/L1/A100_PCIex8_MaxQ-Computelab-A100-PCIEx8-MaxQ-L1-2-2021-03-17-03-56-44-UTC/mlperf-inference/closed/NVIDIA/build/power_logs_temp/*/*/*/mlperf_log_summary.txt /home/scratch.mlperf_inf_ci/mlPerf/L1/A100_PCIex8_MaxQ-Computelab-A100-PCIEx8-MaxQ-L1-2-2021-03-17-03-56-44-UTC/mlperf-inference/closed/NVIDIA/build/power_logs_temp/'
client 2021-03-18 04:00:52,981 [INFO] Sending command to the server: 'session,2021-03-18_03-48-23,stop,ranging'
client 2021-03-18 04:01:03,430 [INFO] Got response: 'OK'
client 2021-03-18 04:01:03,437 [INFO] Packing logs into zip and uploading to the server
client 2021-03-18 04:01:03,457 [INFO] Zip file size: 23.3 kB
client 2021-03-18 04:01:03,476 [INFO] Got response: 'OK'
client 2021-03-18 04:01:03,477 [INFO] Running workload in testing mode
client 2021-03-18 04:01:03,477 [INFO] Synchronizing with the server and with ib-01.dc4-in.nvidia.com...
client 2021-03-18 04:01:03,681 [INFO] NTP:offset = -0.000 s, delay = 0.202 s 
client 2021-03-18 04:01:03,681 [INFO] Sending command to the server: 'time'
client 2021-03-18 04:01:03,682 [INFO] Got response: '1616065263.7916405'
client 2021-03-18 04:01:03,682 [INFO] The time difference between the client and the server is within range -110.068 ms..-108.703 ms
client 2021-03-18 04:01:03,683 [INFO] Sending command to the server: 'session,2021-03-18_03-48-23,start,testing'
client 2021-03-18 04:01:25,368 [INFO] Got response: 'OK'
client 2021-03-18 04:01:25,368 [INFO] Running the workload 'LOG_DIR=/home/scratch.mlperf_inf_ci/mlPerf/L1/A100_PCIex8_MaxQ-Computelab-A100-PCIEx8-MaxQ-L1-2-2021-03-17-03-56-44-UTC/mlperf-inference/closed/NVIDIA/build/power_logs_temp python3 code/main.py --benchmarks=resnet50 --scenarios=Server --test_mode=PerformanceOnly --config_ver=maxq --action="run_harness" \\\n\t\t&& cp -v /home/scratch.mlperf_inf_ci/mlPerf/L1/A100_PCIex8_MaxQ-Computelab-A100-PCIEx8-MaxQ-L1-2-2021-03-17-03-56-44-UTC/mlperf-inference/closed/NVIDIA/build/power_logs_temp/*/*/*/mlperf_log_detail.txt /home/scratch.mlperf_inf_ci/mlPerf/L1/A100_PCIex8_MaxQ-Computelab-A100-PCIEx8-MaxQ-L1-2-2021-03-17-03-56-44-UTC/mlperf-inference/closed/NVIDIA/build/power_logs_temp/ \\\n\t\t&& cp -v /home/scratch.mlperf_inf_ci/mlPerf/L1/A100_PCIex8_MaxQ-Computelab-A100-PCIEx8-MaxQ-L1-2-2021-03-17-03-56-44-UTC/mlperf-inference/closed/NVIDIA/build/power_logs_temp/*/*/*/mlperf_log_summary.txt /home/scratch.mlperf_inf_ci/mlPerf/L1/A100_PCIex8_MaxQ-Computelab-A100-PCIEx8-MaxQ-L1-2-2021-03-17-03-56-44-UTC/mlperf-inference/closed/NVIDIA/build/power_logs_temp/'
client 2021-03-18 04:13:12,848 [INFO] Sending command to the server: 'session,2021-03-18_03-48-23,stop,testing'
client 2021-03-18 04:13:23,064 [INFO] Got response: 'OK'
client 2021-03-18 04:13:23,070 [INFO] Packing logs into zip and uploading to the server
client 2021-03-18 04:13:23,087 [INFO] Zip file size: 23.3 kB
client 2021-03-18 04:13:23,105 [INFO] Got response: 'OK'
client 2021-03-18 04:13:23,106 [INFO] Done runs
