ptd-server 2021-03-18 03:48:23,704 [INFO] Got command from the client 'stop'
ptd-server 2021-03-18 03:48:23,704 [INFO] The server will be stopped after processing this client
ptd-server 2021-03-18 03:48:23,704 [INFO] Sending reply to client 'OK'
ptd-server 2021-03-18 03:48:23,907 [INFO] Got command from the client 'time'
ptd-server 2021-03-18 03:48:23,907 [INFO] Sending reply to client '1616064503.9078486'
ptd-server 2021-03-18 03:48:23,907 [INFO] Got command from the client 'new,,b5e38198-e71d-47ac-bb33-a68b7fda2c6d'
ptd-server 2021-03-18 03:48:23,907 [INFO] Sending reply to client 'OK 2021-03-18_03-48-23,756ff689-14f3-4ec5-b1e3-29c7864141ce'
ptd-server 2021-03-18 03:48:24,110 [INFO] Got command from the client 'time'
ptd-server 2021-03-18 03:48:24,110 [INFO] Sending reply to client '1616064504.1109204'
ptd-server 2021-03-18 03:48:24,110 [INFO] Got command from the client 'session,2021-03-18_03-48-23,start,ranging'
ptd-server 2021-03-18 03:48:24,220 [INFO] Running PTDaemon: ['C:\\PTD\\ptd-windows-x86.exe', '-l', 'C:\\logs_ptdeamon.txt', '-p', '8888', '-c', '1,3', '-y', '77', '10.117.41.199']
ptd-server 2021-03-18 03:48:43,608 [INFO] Sending to ptd: 'Hello'
ptd-server 2021-03-18 03:48:43,608 [INFO] Reply from ptd: 'Hello, PTDaemon here!'
ptd-server 2021-03-18 03:48:43,608 [INFO] Sending to ptd: 'Identify'
ptd-server 2021-03-18 03:48:43,608 [INFO] Reply from ptd: 'YokogawaWT330_multichannel,1000,1,1,1,1,0,0,1,version=1.9.2-3976349f-20201208,OS=Windows 8 / Server 2012,mode=power,1,1,2,0,0,no_cal_date,YOKOGAWA;WT333E;C2WL21011V;F1.04'
ptd-server 2021-03-18 03:48:43,608 [INFO] Connected to PTDaemon
ptd-server 2021-03-18 03:48:43,608 [INFO] Sending to ptd: 'RR'
ptd-server 2021-03-18 03:48:43,608 [INFO] Reply from ptd: 'Ranges,1,2.000000,1,300.000000'
ptd-server 2021-03-18 03:48:43,608 [INFO] Initial range for Amps is Auto for Volts is Auto
ptd-server 2021-03-18 03:48:43,608 [INFO] Sending to ptd: 'SR,V,Auto'
ptd-server 2021-03-18 03:48:48,686 [INFO] Reply from ptd: 'Range V changed'
ptd-server 2021-03-18 03:48:48,686 [INFO] Sending to ptd: 'SR,A,Auto'
ptd-server 2021-03-18 03:48:53,763 [INFO] Reply from ptd: 'Range A changed'
ptd-server 2021-03-18 03:49:03,776 [INFO] Starting ranging mode
ptd-server 2021-03-18 03:49:03,776 [INFO] Sending to ptd: 'Go,1000,0,2021-03-18_03-48-23_ranging'
ptd-server 2021-03-18 03:49:03,776 [INFO] Reply from ptd: 'Starting untimed measurement, maximum 500000 samples at 1000ms with 0 rampup samples'
ptd-server 2021-03-18 03:49:03,776 [INFO] Sending reply to client 'OK'
ptd-server 2021-03-18 04:00:53,091 [INFO] Got command from the client 'session,2021-03-18_03-48-23,stop,ranging'
ptd-server 2021-03-18 04:01:03,104 [INFO] Sending to ptd: 'Stop'
ptd-server 2021-03-18 04:01:03,104 [INFO] Reply from ptd: 'Stopping untimed measurement'
ptd-server 2021-03-18 04:01:03,541 [INFO] Sending reply to client 'OK'
ptd-server 2021-03-18 04:01:03,572 [INFO] Got command from the client 'session,2021-03-18_03-48-23,upload,ranging'
ptd-server 2021-03-18 04:01:03,572 [INFO] Received 'C:\\ptd-logs\\2021-03-18_03-48-23ranging.tmp'
ptd-server 2021-03-18 04:01:03,588 [INFO] Extracted 'C:\\ptd-logs\\2021-03-18_03-48-23ranging.tmp' into 'C:\\ptd-logs\\2021-03-18_03-48-23\\ranging'
ptd-server 2021-03-18 04:01:03,588 [INFO] Removed 'C:\\ptd-logs\\2021-03-18_03-48-23ranging.tmp'
ptd-server 2021-03-18 04:01:03,588 [INFO] Sending reply to client 'OK'
ptd-server 2021-03-18 04:01:03,791 [INFO] Got command from the client 'time'
ptd-server 2021-03-18 04:01:03,791 [INFO] Sending reply to client '1616065263.7916405'
ptd-server 2021-03-18 04:01:03,791 [INFO] Got command from the client 'session,2021-03-18_03-48-23,start,testing'
ptd-server 2021-03-18 04:01:03,791 [INFO] Sending to ptd: 'SR,V,206.410000'
ptd-server 2021-03-18 04:01:09,883 [INFO] Reply from ptd: 'Range V changed'
ptd-server 2021-03-18 04:01:09,883 [INFO] Sending to ptd: 'SR,A,4.164700'
ptd-server 2021-03-18 04:01:15,476 [INFO] Reply from ptd: 'Range A changed'
ptd-server 2021-03-18 04:01:25,478 [INFO] Starting testing mode
ptd-server 2021-03-18 04:01:25,478 [INFO] Sending to ptd: 'Go,1000,0,2021-03-18_03-48-23_testing'
ptd-server 2021-03-18 04:01:25,478 [INFO] Reply from ptd: 'Starting untimed measurement, maximum 500000 samples at 1000ms with 0 rampup samples'
ptd-server 2021-03-18 04:01:25,478 [INFO] Sending reply to client 'OK'
ptd-server 2021-03-18 04:13:12,952 [INFO] Got command from the client 'session,2021-03-18_03-48-23,stop,testing'
ptd-server 2021-03-18 04:13:22,954 [INFO] Sending to ptd: 'Stop'
ptd-server 2021-03-18 04:13:22,954 [INFO] Reply from ptd: 'Stopping untimed measurement'
ptd-server 2021-03-18 04:13:23,173 [INFO] Sending reply to client 'OK'
ptd-server 2021-03-18 04:13:23,188 [INFO] Got command from the client 'session,2021-03-18_03-48-23,upload,testing'
ptd-server 2021-03-18 04:13:23,188 [INFO] Received 'C:\\ptd-logs\\2021-03-18_03-48-23testing.tmp'
ptd-server 2021-03-18 04:13:23,204 [INFO] Extracted 'C:\\ptd-logs\\2021-03-18_03-48-23testing.tmp' into 'C:\\ptd-logs\\2021-03-18_03-48-23\\run_1'
ptd-server 2021-03-18 04:13:23,204 [INFO] Removed 'C:\\ptd-logs\\2021-03-18_03-48-23testing.tmp'
ptd-server 2021-03-18 04:13:23,204 [INFO] Sending reply to client 'OK'
ptd-server 2021-03-18 04:13:23,220 [INFO] Got command from the client 'session,2021-03-18_03-48-23,upload,client.log'
ptd-server 2021-03-18 04:13:23,220 [INFO] Received 'C:\\ptd-logs\\2021-03-18_03-48-23client.log.tmp'
ptd-server 2021-03-18 04:13:23,220 [INFO] Removed 'C:\\ptd-logs\\2021-03-18_03-48-23client.log.tmp'
ptd-server 2021-03-18 04:13:23,220 [INFO] Sending reply to client 'OK'
ptd-server 2021-03-18 04:13:23,251 [INFO] Got command from the client 'session,2021-03-18_03-48-23,upload,client.json'
ptd-server 2021-03-18 04:13:23,251 [INFO] Received 'C:\\ptd-logs\\2021-03-18_03-48-23client.json.tmp'
ptd-server 2021-03-18 04:13:23,251 [INFO] Removed 'C:\\ptd-logs\\2021-03-18_03-48-23client.json.tmp'
ptd-server 2021-03-18 04:13:23,251 [INFO] Sending reply to client 'OK'
ptd-server 2021-03-18 04:13:23,251 [INFO] Got command from the client 'session,2021-03-18_03-48-23,done'
ptd-server 2021-03-18 04:13:23,251 [INFO] Sending to ptd: 'Stop'
ptd-server 2021-03-18 04:13:23,485 [INFO] Reply from ptd: 'Error: no measurement to stop'
ptd-server 2021-03-18 04:13:23,485 [INFO] Sending to ptd: 'SR,V,Auto'
ptd-server 2021-03-18 04:13:28,562 [INFO] Reply from ptd: 'Range V changed'
ptd-server 2021-03-18 04:13:28,562 [INFO] Sending to ptd: 'SR,A,Auto'
ptd-server 2021-03-18 04:13:33,640 [INFO] Reply from ptd: 'Range A changed'
ptd-server 2021-03-18 04:13:33,640 [INFO] Set initial values for Amps Auto and Volts Auto
ptd-server 2021-03-18 04:13:33,640 [INFO] Stopping ptd...
