client 2021-03-17 22:09:16,320 [WARNING] Removing old loadgen logs directory '/home/scratch.mlperf_inf_ci/mlPerf/L1/A100x8_MaxQ-Computelab-A100x8-MaxQ-L1-1-2021-03-17-14-11-35-UTC/mlperf-inference/closed/NVIDIA/build/power_logs_temp'
client 2021-03-17 22:09:16,326 [INFO] Sending command to the server: 'mlcommons/power client v3'
client 2021-03-17 22:09:16,327 [INFO] Got response: 'mlcommons/power server v3'
client 2021-03-17 22:09:16,327 [INFO] Sending command to the server: 'stop'
client 2021-03-17 22:09:16,328 [INFO] Got response: 'OK'
client 2021-03-17 22:09:16,328 [INFO] Synchronizing with the server and with ib-01.dc4-in.nvidia.com...
client 2021-03-17 22:09:16,539 [INFO] NTP:offset = 10.132 s, delay = 0.202 s 
client 2021-03-17 22:09:16,540 [WARNING] The time offset between the system time and ib-01.dc4-in.nvidia.com is more then 200 ms (10131.990 ms)
client 2021-03-17 22:09:16,540 [INFO] Sending command to the server: 'set_ntp'
client 2021-03-17 22:09:17,761 [INFO] Got response: 'OK'
client 2021-03-17 22:09:17,761 [INFO] Synchronizing with ib-01.dc4-in.nvidia.com time using NTP...
client 2021-03-17 22:09:36,006 [INFO] Set system time at 2021-03-17 22:09:36.006401
client 2021-03-17 22:09:36,209 [INFO] NTP:offset = 0.000 s, delay = 0.201 s 
client 2021-03-17 22:09:36,209 [INFO] Sending command to the server: 'time'
client 2021-03-17 22:09:36,215 [INFO] Got response: '1616044176.2139874'
client 2021-03-17 22:09:36,215 [INFO] The time difference between the client and the server is within range -4.786 ms..1.154 ms
client 2021-03-17 22:09:36,215 [INFO] Sending command to the server: 'new,,25caa8ed-9596-4e55-b2f0-7a5958cbf44b'
client 2021-03-17 22:09:36,216 [INFO] Got response: 'OK 2021-03-17_22-09-36,f4f19b8e-c6de-4586-994b-1d704324c113'
client 2021-03-17 22:09:36,216 [INFO] Session id is '2021-03-17_22-09-36'
client 2021-03-17 22:09:36,216 [INFO] Sources: {"sources": {"client.py": "d1e75cb4b26101220ebd242e584cf3ca5d8f1996", "lib/__init__.py": "da39a3ee5e6b4b0d3255bfef95601890afd80709", "lib/client.py": "d42bebf5b74cb6ff3997e2a6c68422afac111a28", "lib/common.py": "b0bad80d8fa328a7636027d4d66ff453f8dd7889", "lib/external/ntplib.py": "4da8f970656505a40483206ef2b5d3dd5e81711d", "lib/server.py": "2ed36471c7af565d6c8438b2134edad1d7ddf166", "lib/source_hashes.py": "4cedff274c661cb1504052018fd4f00dfbf624ef", "lib/summary.py": "0db15d783907aa92038281af4e465545c0648ddb", "lib/time_sync.py": "76051226ec89287839723352f4162aaa24e0546a", "server.py": "99e1310e3f76292aef1b8792ce6b8c82f1d44d8b", "tests/unit/test_server.py": "64f11775bfed35232a0e8bb9593c0ff992432c59", "tests/unit/test_source_hashes.py": "cb41a7261eaf7d94ba5c0aae9c523174f6204be3"}, "modules": {"__main__": "client.py", "lib.client": "lib/client.py", "lib.common": "lib/common.py", "lib.external.ntplib": "lib/external/ntplib.py", "lib.source_hashes": "lib/source_hashes.py", "lib.summary": "lib/summary.py", "lib.time_sync": "lib/time_sync.py"}}
client 2021-03-17 22:09:36,219 [INFO] Running workload in ranging mode
client 2021-03-17 22:09:36,219 [INFO] Synchronizing with the server and with ib-01.dc4-in.nvidia.com...
client 2021-03-17 22:09:36,421 [INFO] NTP:offset = 0.000 s, delay = 0.202 s 
client 2021-03-17 22:09:36,421 [INFO] Sending command to the server: 'time'
client 2021-03-17 22:09:36,422 [INFO] Got response: '1616044176.4170651'
client 2021-03-17 22:09:36,422 [INFO] The time difference between the client and the server is within range 4.710 ms..5.893 ms
client 2021-03-17 22:09:36,422 [INFO] Sending command to the server: 'session,2021-03-17_22-09-36,start,ranging'
client 2021-03-17 22:10:16,085 [INFO] Got response: 'OK'
client 2021-03-17 22:10:16,085 [INFO] Running the workload 'LOG_DIR=/home/scratch.mlperf_inf_ci/mlPerf/L1/A100x8_MaxQ-Computelab-A100x8-MaxQ-L1-1-2021-03-17-14-11-35-UTC/mlperf-inference/closed/NVIDIA/build/power_logs_temp python3 code/main.py --benchmarks=bert --scenarios=Server --test_mode=PerformanceOnly --config_ver=maxq_high_accuracy --action="run_harness" \\\n\t\t&& cp -v /home/scratch.mlperf_inf_ci/mlPerf/L1/A100x8_MaxQ-Computelab-A100x8-MaxQ-L1-1-2021-03-17-14-11-35-UTC/mlperf-inference/closed/NVIDIA/build/power_logs_temp/*/*/*/mlperf_log_detail.txt /home/scratch.mlperf_inf_ci/mlPerf/L1/A100x8_MaxQ-Computelab-A100x8-MaxQ-L1-1-2021-03-17-14-11-35-UTC/mlperf-inference/closed/NVIDIA/build/power_logs_temp/ \\\n\t\t&& cp -v /home/scratch.mlperf_inf_ci/mlPerf/L1/A100x8_MaxQ-Computelab-A100x8-MaxQ-L1-1-2021-03-17-14-11-35-UTC/mlperf-inference/closed/NVIDIA/build/power_logs_temp/*/*/*/mlperf_log_summary.txt /home/scratch.mlperf_inf_ci/mlPerf/L1/A100x8_MaxQ-Computelab-A100x8-MaxQ-L1-1-2021-03-17-14-11-35-UTC/mlperf-inference/closed/NVIDIA/build/power_logs_temp/'
client 2021-03-17 22:21:11,147 [INFO] Sending command to the server: 'session,2021-03-17_22-09-36,stop,ranging'
client 2021-03-17 22:21:21,266 [INFO] Got response: 'OK'
client 2021-03-17 22:21:21,272 [INFO] Packing logs into zip and uploading to the server
client 2021-03-17 22:21:21,300 [INFO] Zip file size: 64.0 kB
client 2021-03-17 22:21:21,322 [INFO] Got response: 'OK'
client 2021-03-17 22:21:21,323 [INFO] Running workload in testing mode
client 2021-03-17 22:21:21,323 [INFO] Synchronizing with the server and with ib-01.dc4-in.nvidia.com...
client 2021-03-17 22:21:21,525 [INFO] NTP:offset = 0.010 s, delay = 0.201 s 
client 2021-03-17 22:21:21,525 [INFO] Sending command to the server: 'time'
client 2021-03-17 22:21:21,526 [INFO] Got response: '1616044881.5367913'
client 2021-03-17 22:21:21,526 [INFO] The time difference between the client and the server is within range -11.519 ms..-10.416 ms
client 2021-03-17 22:21:21,526 [INFO] Sending command to the server: 'session,2021-03-17_22-09-36,start,testing'
client 2021-03-17 22:21:43,775 [INFO] Got response: 'OK'
client 2021-03-17 22:21:43,775 [INFO] Running the workload 'LOG_DIR=/home/scratch.mlperf_inf_ci/mlPerf/L1/A100x8_MaxQ-Computelab-A100x8-MaxQ-L1-1-2021-03-17-14-11-35-UTC/mlperf-inference/closed/NVIDIA/build/power_logs_temp python3 code/main.py --benchmarks=bert --scenarios=Server --test_mode=PerformanceOnly --config_ver=maxq_high_accuracy --action="run_harness" \\\n\t\t&& cp -v /home/scratch.mlperf_inf_ci/mlPerf/L1/A100x8_MaxQ-Computelab-A100x8-MaxQ-L1-1-2021-03-17-14-11-35-UTC/mlperf-inference/closed/NVIDIA/build/power_logs_temp/*/*/*/mlperf_log_detail.txt /home/scratch.mlperf_inf_ci/mlPerf/L1/A100x8_MaxQ-Computelab-A100x8-MaxQ-L1-1-2021-03-17-14-11-35-UTC/mlperf-inference/closed/NVIDIA/build/power_logs_temp/ \\\n\t\t&& cp -v /home/scratch.mlperf_inf_ci/mlPerf/L1/A100x8_MaxQ-Computelab-A100x8-MaxQ-L1-1-2021-03-17-14-11-35-UTC/mlperf-inference/closed/NVIDIA/build/power_logs_temp/*/*/*/mlperf_log_summary.txt /home/scratch.mlperf_inf_ci/mlPerf/L1/A100x8_MaxQ-Computelab-A100x8-MaxQ-L1-1-2021-03-17-14-11-35-UTC/mlperf-inference/closed/NVIDIA/build/power_logs_temp/'
client 2021-03-17 22:32:39,682 [INFO] Sending command to the server: 'session,2021-03-17_22-09-36,stop,testing'
client 2021-03-17 22:32:49,749 [INFO] Got response: 'OK'
client 2021-03-17 22:32:49,754 [INFO] Packing logs into zip and uploading to the server
client 2021-03-17 22:32:49,847 [INFO] Zip file size: 64.0 kB
client 2021-03-17 22:32:49,880 [INFO] Got response: 'OK'
client 2021-03-17 22:32:49,884 [INFO] Done runs
