ptd-server 2021-03-17 22:09:26,492 [INFO] Got command from the client 'stop'
ptd-server 2021-03-17 22:09:26,492 [INFO] The server will be stopped after processing this client
ptd-server 2021-03-17 22:09:26,492 [INFO] Sending reply to client 'OK'
ptd-server 2021-03-17 22:09:26,711 [INFO] Got command from the client 'set_ntp'
ptd-server 2021-03-17 22:09:26,711 [INFO] Synchronizing with ib-01.dc4-in.nvidia.com time using NTP...
ptd-server 2021-03-17 22:09:27,887 [INFO] Set system time at 2021-03-17 22:09:27.887956
ptd-server 2021-03-17 22:09:27,887 [INFO] Sending reply to client 'OK'
ptd-server 2021-03-17 22:09:36,198 [INFO] Got command from the client 'time'
ptd-server 2021-03-17 22:09:36,213 [INFO] Sending reply to client '1616044176.2139874'
ptd-server 2021-03-17 22:09:36,213 [INFO] Got command from the client 'new,,25caa8ed-9596-4e55-b2f0-7a5958cbf44b'
ptd-server 2021-03-17 22:09:36,213 [INFO] Sending reply to client 'OK 2021-03-17_22-09-36,f4f19b8e-c6de-4586-994b-1d704324c113'
ptd-server 2021-03-17 22:09:36,417 [INFO] Got command from the client 'time'
ptd-server 2021-03-17 22:09:36,417 [INFO] Sending reply to client '1616044176.4170651'
ptd-server 2021-03-17 22:09:36,417 [INFO] Got command from the client 'session,2021-03-17_22-09-36,start,ranging'
ptd-server 2021-03-17 22:09:36,526 [INFO] Running PTDaemon: ['C:\\PTD\\ptd-windows-x86.exe', '-l', 'C:\\logs_ptdeamon.txt', '-p', '8888', '-c', '1,3', '-y', '77', '172.22.0.90']
ptd-server 2021-03-17 22:09:55,925 [INFO] Sending to ptd: 'Hello'
ptd-server 2021-03-17 22:09:55,925 [INFO] Reply from ptd: 'Hello, PTDaemon here!'
ptd-server 2021-03-17 22:09:55,925 [INFO] Sending to ptd: 'Identify'
ptd-server 2021-03-17 22:09:55,925 [INFO] Reply from ptd: 'YokogawaWT330_multichannel,1000,1,1,1,1,0,0,1,version=1.9.2-3976349f-20201208,OS=Windows 8 / Server 2012,mode=power,1,1,2,0,0,no_cal_date,YOKOGAWA;WT333E;C2WA21018V;F1.04'
ptd-server 2021-03-17 22:09:55,925 [INFO] Connected to PTDaemon
ptd-server 2021-03-17 22:09:55,925 [INFO] Sending to ptd: 'RR'
ptd-server 2021-03-17 22:09:55,925 [INFO] Reply from ptd: 'Ranges,0,20.000000,1,300.000000'
ptd-server 2021-03-17 22:09:55,925 [INFO] Initial range for Amps is 20.000000 for Volts is Auto
ptd-server 2021-03-17 22:09:55,925 [INFO] Sending to ptd: 'SR,V,Auto'
ptd-server 2021-03-17 22:10:01,002 [INFO] Reply from ptd: 'Range V changed'
ptd-server 2021-03-17 22:10:01,002 [INFO] Sending to ptd: 'SR,A,Auto'
ptd-server 2021-03-17 22:10:06,079 [INFO] Reply from ptd: 'Range A changed'
ptd-server 2021-03-17 22:10:16,079 [INFO] Starting ranging mode
ptd-server 2021-03-17 22:10:16,079 [INFO] Sending to ptd: 'Go,1000,0,2021-03-17_22-09-36_ranging'
ptd-server 2021-03-17 22:10:16,079 [INFO] Reply from ptd: 'Starting untimed measurement, maximum 500000 samples at 1000ms with 0 rampup samples'
ptd-server 2021-03-17 22:10:16,079 [INFO] Sending reply to client 'OK'
ptd-server 2021-03-17 22:21:11,148 [INFO] Got command from the client 'session,2021-03-17_22-09-36,stop,ranging'
ptd-server 2021-03-17 22:21:21,177 [INFO] Sending to ptd: 'Stop'
ptd-server 2021-03-17 22:21:21,177 [INFO] Reply from ptd: 'Stopping untimed measurement'
ptd-server 2021-03-17 22:21:21,271 [INFO] Sending reply to client 'OK'
ptd-server 2021-03-17 22:21:21,302 [INFO] Got command from the client 'session,2021-03-17_22-09-36,upload,ranging'
ptd-server 2021-03-17 22:21:21,302 [INFO] Received 'C:\\ptd-logs\\2021-03-17_22-09-36ranging.tmp'
ptd-server 2021-03-17 22:21:21,318 [INFO] Extracted 'C:\\ptd-logs\\2021-03-17_22-09-36ranging.tmp' into 'C:\\ptd-logs\\2021-03-17_22-09-36\\ranging'
ptd-server 2021-03-17 22:21:21,333 [INFO] Removed 'C:\\ptd-logs\\2021-03-17_22-09-36ranging.tmp'
ptd-server 2021-03-17 22:21:21,333 [INFO] Sending reply to client 'OK'
ptd-server 2021-03-17 22:21:21,536 [INFO] Got command from the client 'time'
ptd-server 2021-03-17 22:21:21,536 [INFO] Sending reply to client '1616044881.5367913'
ptd-server 2021-03-17 22:21:21,536 [INFO] Got command from the client 'session,2021-03-17_22-09-36,start,testing'
ptd-server 2021-03-17 22:21:21,536 [INFO] Sending to ptd: 'SR,V,233.600000'
ptd-server 2021-03-17 22:21:28,175 [INFO] Reply from ptd: 'Range V changed'
ptd-server 2021-03-17 22:21:28,175 [INFO] Sending to ptd: 'SR,A,5.425700'
ptd-server 2021-03-17 22:21:33,768 [INFO] Reply from ptd: 'Range A changed'
ptd-server 2021-03-17 22:21:43,781 [INFO] Starting testing mode
ptd-server 2021-03-17 22:21:43,781 [INFO] Sending to ptd: 'Go,1000,0,2021-03-17_22-09-36_testing'
ptd-server 2021-03-17 22:21:43,781 [INFO] Reply from ptd: 'Starting untimed measurement, maximum 500000 samples at 1000ms with 0 rampup samples'
ptd-server 2021-03-17 22:21:43,781 [INFO] Sending reply to client 'OK'
ptd-server 2021-03-17 22:32:39,691 [INFO] Got command from the client 'session,2021-03-17_22-09-36,stop,testing'
ptd-server 2021-03-17 22:32:49,718 [INFO] Sending to ptd: 'Stop'
ptd-server 2021-03-17 22:32:49,718 [INFO] Reply from ptd: 'Stopping untimed measurement'
ptd-server 2021-03-17 22:32:49,765 [INFO] Sending reply to client 'OK'
ptd-server 2021-03-17 22:32:49,859 [INFO] Got command from the client 'session,2021-03-17_22-09-36,upload,testing'
ptd-server 2021-03-17 22:32:49,874 [INFO] Received 'C:\\ptd-logs\\2021-03-17_22-09-36testing.tmp'
ptd-server 2021-03-17 22:32:49,890 [INFO] Extracted 'C:\\ptd-logs\\2021-03-17_22-09-36testing.tmp' into 'C:\\ptd-logs\\2021-03-17_22-09-36\\run_1'
ptd-server 2021-03-17 22:32:49,890 [INFO] Removed 'C:\\ptd-logs\\2021-03-17_22-09-36testing.tmp'
ptd-server 2021-03-17 22:32:49,890 [INFO] Sending reply to client 'OK'
ptd-server 2021-03-17 22:32:49,906 [INFO] Got command from the client 'session,2021-03-17_22-09-36,upload,client.log'
ptd-server 2021-03-17 22:32:49,906 [INFO] Received 'C:\\ptd-logs\\2021-03-17_22-09-36client.log.tmp'
ptd-server 2021-03-17 22:32:49,921 [INFO] Removed 'C:\\ptd-logs\\2021-03-17_22-09-36client.log.tmp'
ptd-server 2021-03-17 22:32:49,921 [INFO] Sending reply to client 'OK'
ptd-server 2021-03-17 22:32:50,093 [INFO] Got command from the client 'session,2021-03-17_22-09-36,upload,client.json'
ptd-server 2021-03-17 22:32:50,093 [INFO] Received 'C:\\ptd-logs\\2021-03-17_22-09-36client.json.tmp'
ptd-server 2021-03-17 22:32:50,109 [INFO] Removed 'C:\\ptd-logs\\2021-03-17_22-09-36client.json.tmp'
ptd-server 2021-03-17 22:32:50,109 [INFO] Sending reply to client 'OK'
ptd-server 2021-03-17 22:32:50,109 [INFO] Got command from the client 'session,2021-03-17_22-09-36,done'
ptd-server 2021-03-17 22:32:50,109 [INFO] Sending to ptd: 'Stop'
ptd-server 2021-03-17 22:32:50,109 [INFO] Reply from ptd: 'Error: no measurement to stop'
ptd-server 2021-03-17 22:32:50,109 [INFO] Sending to ptd: 'SR,V,Auto'
ptd-server 2021-03-17 22:32:55,188 [INFO] Reply from ptd: 'Range V changed'
ptd-server 2021-03-17 22:32:55,188 [INFO] Sending to ptd: 'SR,A,20.000000'
ptd-server 2021-03-17 22:33:00,781 [INFO] Reply from ptd: 'Range A changed'
ptd-server 2021-03-17 22:33:00,781 [INFO] Set initial values for Amps 20.000000 and Volts Auto
ptd-server 2021-03-17 22:33:00,781 [INFO] Stopping ptd...
