ptd-server 2021-03-09 22:33:27,369 [INFO] Got command from the client 'time'
ptd-server 2021-03-09 22:33:27,369 [INFO] Sending reply to client '1615329207.3698895'
ptd-server 2021-03-09 22:33:27,372 [INFO] Got command from the client 'new,,5e3775e3-1f43-4491-85ab-58c023a211c3'
ptd-server 2021-03-09 22:33:27,372 [INFO] Sending reply to client 'OK 2021-03-09_22-33-27,444b3411-5b57-41b7-ae10-83d0fd96d31c'
ptd-server 2021-03-09 22:33:27,419 [INFO] Got command from the client 'time'
ptd-server 2021-03-09 22:33:27,419 [INFO] Sending reply to client '1615329207.4194746'
ptd-server 2021-03-09 22:33:27,421 [INFO] Got command from the client 'session,2021-03-09_22-33-27,start,ranging'
ptd-server 2021-03-09 22:33:27,421 [INFO] Running PTDaemon: ['/home/anton/projects/mlperf/power/inference_v1.0/ptd-linux-x86', '-l', 'ptd.log', '-p', '8888', '52', '/dev/usbtmc0']
ptd-server 2021-03-09 22:33:44,594 [INFO] Sending to ptd: 'Hello'
ptd-server 2021-03-09 22:33:44,595 [INFO] Reply from ptd: 'Hello, PTDaemon here!'
ptd-server 2021-03-09 22:33:44,595 [INFO] Sending to ptd: 'Identify'
ptd-server 2021-03-09 22:33:44,596 [INFO] Reply from ptd: 'YokogawaWT330E,1000,1,1,1,1,0,0,1,version=1.9.2-e8c7a49a-20201208,OS=Linux 5.8.0-43-generic #49~20.04.1-Ubuntu SMP Fri Feb 5 09:57:56 UTC 2021 x86_64,mode=power,1,1,1,0,0,no_cal_date,YOKOGAWA;WT333E;C3VD30030E;F1.04'
ptd-server 2021-03-09 22:33:44,596 [INFO] Connected to PTDaemon
ptd-server 2021-03-09 22:33:44,596 [INFO] Sending to ptd: 'RR'
ptd-server 2021-03-09 22:33:44,596 [INFO] Reply from ptd: 'Ranges,0,0.500000,0,300.000000'
ptd-server 2021-03-09 22:33:44,596 [INFO] Initial range for Amps is 0.500000 for Volts is 300.000000
ptd-server 2021-03-09 22:33:44,596 [INFO] Sending to ptd: 'SR,V,Auto'
ptd-server 2021-03-09 22:33:45,099 [INFO] Reply from ptd: 'Range V changed'
ptd-server 2021-03-09 22:33:45,099 [INFO] Sending to ptd: 'SR,A,Auto'
ptd-server 2021-03-09 22:33:45,602 [INFO] Reply from ptd: 'Range A changed'
ptd-server 2021-03-09 22:33:55,612 [INFO] Starting ranging mode
ptd-server 2021-03-09 22:33:55,612 [INFO] Sending to ptd: 'Go,1000,0,2021-03-09_22-33-27_ranging'
ptd-server 2021-03-09 22:33:55,612 [INFO] Reply from ptd: 'Starting untimed measurement, maximum 500000 samples at 1000ms with 0 rampup samples'
ptd-server 2021-03-09 22:33:55,613 [INFO] Sending reply to client 'OK'
ptd-server 2021-03-09 22:44:11,103 [INFO] Got command from the client 'session,2021-03-09_22-33-27,stop,ranging'
ptd-server 2021-03-09 22:44:21,113 [INFO] Sending to ptd: 'Stop'
ptd-server 2021-03-09 22:44:21,113 [INFO] Reply from ptd: 'Stopping untimed measurement'
ptd-server 2021-03-09 22:44:21,915 [INFO] Sending reply to client 'OK'
ptd-server 2021-03-09 22:44:21,985 [INFO] Got command from the client 'time'
ptd-server 2021-03-09 22:44:21,985 [INFO] Sending reply to client '1615329861.98584'
ptd-server 2021-03-09 22:44:21,988 [INFO] Got command from the client 'session,2021-03-09_22-33-27,start,testing'
ptd-server 2021-03-09 22:44:21,988 [INFO] Sending to ptd: 'SR,V,249.310000'
ptd-server 2021-03-09 22:44:23,489 [INFO] Reply from ptd: 'Range V changed'
ptd-server 2021-03-09 22:44:23,489 [INFO] Sending to ptd: 'SR,A,0.162970'
ptd-server 2021-03-09 22:44:24,990 [INFO] Reply from ptd: 'Range A changed'
ptd-server 2021-03-09 22:44:35,001 [INFO] Starting testing mode
ptd-server 2021-03-09 22:44:35,001 [INFO] Sending to ptd: 'Go,1000,0,2021-03-09_22-33-27_testing'
ptd-server 2021-03-09 22:44:35,001 [INFO] Reply from ptd: 'Starting untimed measurement, maximum 500000 samples at 1000ms with 0 rampup samples'
ptd-server 2021-03-09 22:44:35,001 [INFO] Sending reply to client 'OK'
ptd-server 2021-03-09 22:54:50,386 [INFO] Got command from the client 'session,2021-03-09_22-33-27,stop,testing'
ptd-server 2021-03-09 22:55:00,396 [INFO] Sending to ptd: 'Stop'
ptd-server 2021-03-09 22:55:00,397 [INFO] Reply from ptd: 'Stopping untimed measurement'
ptd-server 2021-03-09 22:55:00,807 [INFO] Sending reply to client 'OK'
ptd-server 2021-03-09 22:55:00,815 [INFO] Got command from the client 'session,2021-03-09_22-33-27,upload,client.log'
ptd-server 2021-03-09 22:55:00,817 [INFO] Received '/home/anton/projects/mlperf/power-dev/output/2021-03-09_22-33-27client.log.tmp'
ptd-server 2021-03-09 22:55:00,817 [INFO] Removed '/home/anton/projects/mlperf/power-dev/output/2021-03-09_22-33-27client.log.tmp'
ptd-server 2021-03-09 22:55:00,817 [INFO] Sending reply to client 'OK'
ptd-server 2021-03-09 22:55:00,824 [INFO] Got command from the client 'session,2021-03-09_22-33-27,upload,client.json'
ptd-server 2021-03-09 22:55:00,825 [INFO] Received '/home/anton/projects/mlperf/power-dev/output/2021-03-09_22-33-27client.json.tmp'
ptd-server 2021-03-09 22:55:00,825 [INFO] Removed '/home/anton/projects/mlperf/power-dev/output/2021-03-09_22-33-27client.json.tmp'
ptd-server 2021-03-09 22:55:00,825 [INFO] Sending reply to client 'OK'
ptd-server 2021-03-09 22:55:00,826 [INFO] Got command from the client 'session,2021-03-09_22-33-27,done'
ptd-server 2021-03-09 22:55:00,826 [INFO] Sending to ptd: 'Stop'
ptd-server 2021-03-09 22:55:01,001 [INFO] Reply from ptd: 'Error: no measurement to stop'
ptd-server 2021-03-09 22:55:01,001 [INFO] Sending to ptd: 'SR,V,300.000000'
ptd-server 2021-03-09 22:55:02,503 [INFO] Reply from ptd: 'Range V changed'
ptd-server 2021-03-09 22:55:02,503 [INFO] Sending to ptd: 'SR,A,0.500000'
ptd-server 2021-03-09 22:55:04,004 [INFO] Reply from ptd: 'Range A changed'
ptd-server 2021-03-09 22:55:04,004 [INFO] Set initial values for Amps 0.500000 and Volts 300.000000
ptd-server 2021-03-09 22:55:04,005 [INFO] Stopping ptd...
