ptd-server 2021-03-07 11:35:00,955 [INFO] Got command from the client 'time'
ptd-server 2021-03-07 11:35:00,955 [INFO] Sending reply to client '1615116900.955672'
ptd-server 2021-03-07 11:35:00,958 [INFO] Got command from the client 'new,,f71c5e58-f9a6-418f-ab9f-e18a073d3859'
ptd-server 2021-03-07 11:35:00,958 [INFO] Sending reply to client 'OK 2021-03-07_11-35-00,28a97256-5072-4533-a67c-ae65c9d4c6c4'
ptd-server 2021-03-07 11:35:00,990 [INFO] Got command from the client 'time'
ptd-server 2021-03-07 11:35:00,991 [INFO] Sending reply to client '1615116900.9911032'
ptd-server 2021-03-07 11:35:00,993 [INFO] Got command from the client 'session,2021-03-07_11-35-00,start,ranging'
ptd-server 2021-03-07 11:35:00,993 [INFO] Running PTDaemon: ['/home/anton/projects/mlperf/power/inference_v1.0/ptd-linux-x86', '-l', 'ptd.log', '-p', '8888', '52', '/dev/usbtmc0']
ptd-server 2021-03-07 11:35:18,162 [INFO] Sending to ptd: 'Hello'
ptd-server 2021-03-07 11:35:18,162 [INFO] Reply from ptd: 'Hello, PTDaemon here!'
ptd-server 2021-03-07 11:35:18,163 [INFO] Sending to ptd: 'Identify'
ptd-server 2021-03-07 11:35:18,163 [INFO] Reply from ptd: 'YokogawaWT330E,1000,1,1,1,1,0,0,1,version=1.9.2-e8c7a49a-20201208,OS=Linux 5.8.0-43-generic #49~20.04.1-Ubuntu SMP Fri Feb 5 09:57:56 UTC 2021 x86_64,mode=power,1,1,1,0,0,no_cal_date,YOKOGAWA;WT333E;C3VD30030E;F1.04'
ptd-server 2021-03-07 11:35:18,163 [INFO] Connected to PTDaemon
ptd-server 2021-03-07 11:35:18,163 [INFO] Sending to ptd: 'RR'
ptd-server 2021-03-07 11:35:18,163 [INFO] Reply from ptd: 'Ranges,0,0.500000,0,300.000000'
ptd-server 2021-03-07 11:35:18,164 [INFO] Initial range for Amps is 0.500000 for Volts is 300.000000
ptd-server 2021-03-07 11:35:18,164 [INFO] Sending to ptd: 'SR,V,Auto'
ptd-server 2021-03-07 11:35:18,666 [INFO] Reply from ptd: 'Range V changed'
ptd-server 2021-03-07 11:35:18,666 [INFO] Sending to ptd: 'SR,A,Auto'
ptd-server 2021-03-07 11:35:19,169 [INFO] Reply from ptd: 'Range A changed'
ptd-server 2021-03-07 11:35:29,179 [INFO] Starting ranging mode
ptd-server 2021-03-07 11:35:29,179 [INFO] Sending to ptd: 'Go,1000,0,2021-03-07_11-35-00_ranging'
ptd-server 2021-03-07 11:35:29,180 [INFO] Reply from ptd: 'Starting untimed measurement, maximum 500000 samples at 1000ms with 0 rampup samples'
ptd-server 2021-03-07 11:35:29,180 [INFO] Sending reply to client 'OK'
ptd-server 2021-03-07 11:45:54,050 [INFO] Got command from the client 'session,2021-03-07_11-35-00,stop,ranging'
ptd-server 2021-03-07 11:46:04,061 [INFO] Sending to ptd: 'Stop'
ptd-server 2021-03-07 11:46:04,061 [INFO] Reply from ptd: 'Stopping untimed measurement'
ptd-server 2021-03-07 11:46:04,615 [INFO] Sending reply to client 'OK'
ptd-server 2021-03-07 11:46:04,665 [INFO] Got command from the client 'time'
ptd-server 2021-03-07 11:46:04,665 [INFO] Sending reply to client '1615117564.6653512'
ptd-server 2021-03-07 11:46:04,669 [INFO] Got command from the client 'session,2021-03-07_11-35-00,start,testing'
ptd-server 2021-03-07 11:46:04,669 [INFO] Sending to ptd: 'SR,V,247.770000'
ptd-server 2021-03-07 11:46:06,170 [INFO] Reply from ptd: 'Range V changed'
ptd-server 2021-03-07 11:46:06,170 [INFO] Sending to ptd: 'SR,A,0.056020'
ptd-server 2021-03-07 11:46:07,672 [INFO] Reply from ptd: 'Range A changed'
ptd-server 2021-03-07 11:46:17,682 [INFO] Starting testing mode
ptd-server 2021-03-07 11:46:17,682 [INFO] Sending to ptd: 'Go,1000,0,2021-03-07_11-35-00_testing'
ptd-server 2021-03-07 11:46:17,682 [INFO] Reply from ptd: 'Starting untimed measurement, maximum 500000 samples at 1000ms with 0 rampup samples'
ptd-server 2021-03-07 11:46:17,683 [INFO] Sending reply to client 'OK'
ptd-server 2021-03-07 11:56:47,381 [INFO] Got command from the client 'session,2021-03-07_11-35-00,stop,testing'
ptd-server 2021-03-07 11:56:57,392 [INFO] Sending to ptd: 'Stop'
ptd-server 2021-03-07 11:56:57,392 [INFO] Reply from ptd: 'Stopping untimed measurement'
ptd-server 2021-03-07 11:56:57,670 [INFO] Sending reply to client 'OK'
ptd-server 2021-03-07 11:56:57,678 [INFO] Got command from the client 'session,2021-03-07_11-35-00,upload,client.log'
ptd-server 2021-03-07 11:56:57,681 [INFO] Received '/home/anton/projects/mlperf/power-dev/output/2021-03-07_11-35-00client.log.tmp'
ptd-server 2021-03-07 11:56:57,682 [INFO] Removed '/home/anton/projects/mlperf/power-dev/output/2021-03-07_11-35-00client.log.tmp'
ptd-server 2021-03-07 11:56:57,682 [INFO] Sending reply to client 'OK'
ptd-server 2021-03-07 11:56:57,694 [INFO] Got command from the client 'session,2021-03-07_11-35-00,upload,client.json'
ptd-server 2021-03-07 11:56:57,697 [INFO] Received '/home/anton/projects/mlperf/power-dev/output/2021-03-07_11-35-00client.json.tmp'
ptd-server 2021-03-07 11:56:57,697 [INFO] Removed '/home/anton/projects/mlperf/power-dev/output/2021-03-07_11-35-00client.json.tmp'
ptd-server 2021-03-07 11:56:57,697 [INFO] Sending reply to client 'OK'
ptd-server 2021-03-07 11:56:57,700 [INFO] Got command from the client 'session,2021-03-07_11-35-00,done'
ptd-server 2021-03-07 11:56:57,700 [INFO] Sending to ptd: 'Stop'
ptd-server 2021-03-07 11:56:57,700 [INFO] Reply from ptd: 'Error: no measurement to stop'
ptd-server 2021-03-07 11:56:57,701 [INFO] Sending to ptd: 'SR,V,300.000000'
ptd-server 2021-03-07 11:56:59,202 [INFO] Reply from ptd: 'Range V changed'
ptd-server 2021-03-07 11:56:59,202 [INFO] Sending to ptd: 'SR,A,0.500000'
ptd-server 2021-03-07 11:57:00,703 [INFO] Reply from ptd: 'Range A changed'
ptd-server 2021-03-07 11:57:00,703 [INFO] Set initial values for Amps 0.500000 and Volts 300.000000
ptd-server 2021-03-07 11:57:00,704 [INFO] Stopping ptd...
