ptd-server 2021-03-09 04:22:37,549 [INFO] Got command from the client 'time'
ptd-server 2021-03-09 04:22:37,549 [INFO] Sending reply to client '1615263757.5493598'
ptd-server 2021-03-09 04:22:37,551 [INFO] Got command from the client 'new,,7b781227-b5a4-4ae8-b9ff-41dd07f73582'
ptd-server 2021-03-09 04:22:37,552 [INFO] Sending reply to client 'OK 2021-03-09_04-22-37,bad18b46-6c34-4685-a591-856b5b607a77'
ptd-server 2021-03-09 04:22:37,591 [INFO] Got command from the client 'time'
ptd-server 2021-03-09 04:22:37,592 [INFO] Sending reply to client '1615263757.5920603'
ptd-server 2021-03-09 04:22:37,593 [INFO] Got command from the client 'session,2021-03-09_04-22-37,start,ranging'
ptd-server 2021-03-09 04:22:37,594 [INFO] Running PTDaemon: ['/home/anton/projects/mlperf/power/inference_v1.0/ptd-linux-x86', '-l', 'ptd.log', '-p', '8888', '52', '/dev/usbtmc0']
ptd-server 2021-03-09 04:22:54,765 [INFO] Sending to ptd: 'Hello'
ptd-server 2021-03-09 04:22:54,766 [INFO] Reply from ptd: 'Hello, PTDaemon here!'
ptd-server 2021-03-09 04:22:54,766 [INFO] Sending to ptd: 'Identify'
ptd-server 2021-03-09 04:22:54,766 [INFO] Reply from ptd: 'YokogawaWT330E,1000,1,1,1,1,0,0,1,version=1.9.2-e8c7a49a-20201208,OS=Linux 5.8.0-43-generic #49~20.04.1-Ubuntu SMP Fri Feb 5 09:57:56 UTC 2021 x86_64,mode=power,1,1,1,0,0,no_cal_date,YOKOGAWA;WT333E;C3VD30030E;F1.04'
ptd-server 2021-03-09 04:22:54,767 [INFO] Connected to PTDaemon
ptd-server 2021-03-09 04:22:54,767 [INFO] Sending to ptd: 'RR'
ptd-server 2021-03-09 04:22:54,767 [INFO] Reply from ptd: 'Ranges,0,0.500000,0,300.000000'
ptd-server 2021-03-09 04:22:54,767 [INFO] Initial range for Amps is 0.500000 for Volts is 300.000000
ptd-server 2021-03-09 04:22:54,767 [INFO] Sending to ptd: 'SR,V,Auto'
ptd-server 2021-03-09 04:22:55,270 [INFO] Reply from ptd: 'Range V changed'
ptd-server 2021-03-09 04:22:55,270 [INFO] Sending to ptd: 'SR,A,Auto'
ptd-server 2021-03-09 04:22:55,772 [INFO] Reply from ptd: 'Range A changed'
ptd-server 2021-03-09 04:23:05,783 [INFO] Starting ranging mode
ptd-server 2021-03-09 04:23:05,783 [INFO] Sending to ptd: 'Go,1000,0,2021-03-09_04-22-37_ranging'
ptd-server 2021-03-09 04:23:05,783 [INFO] Reply from ptd: 'Starting untimed measurement, maximum 500000 samples at 1000ms with 0 rampup samples'
ptd-server 2021-03-09 04:23:05,784 [INFO] Sending reply to client 'OK'
ptd-server 2021-03-09 04:33:21,223 [INFO] Got command from the client 'session,2021-03-09_04-22-37,stop,ranging'
ptd-server 2021-03-09 04:33:31,234 [INFO] Sending to ptd: 'Stop'
ptd-server 2021-03-09 04:33:31,234 [INFO] Reply from ptd: 'Stopping untimed measurement'
ptd-server 2021-03-09 04:33:31,937 [INFO] Sending reply to client 'OK'
ptd-server 2021-03-09 04:33:31,981 [INFO] Got command from the client 'time'
ptd-server 2021-03-09 04:33:31,981 [INFO] Sending reply to client '1615264411.9814816'
ptd-server 2021-03-09 04:33:31,983 [INFO] Got command from the client 'session,2021-03-09_04-22-37,start,testing'
ptd-server 2021-03-09 04:33:31,984 [INFO] Sending to ptd: 'SR,V,249.630000'
ptd-server 2021-03-09 04:33:33,485 [INFO] Reply from ptd: 'Range V changed'
ptd-server 2021-03-09 04:33:33,485 [INFO] Sending to ptd: 'SR,A,0.146230'
ptd-server 2021-03-09 04:33:34,986 [INFO] Reply from ptd: 'Range A changed'
ptd-server 2021-03-09 04:33:44,997 [INFO] Starting testing mode
ptd-server 2021-03-09 04:33:44,997 [INFO] Sending to ptd: 'Go,1000,0,2021-03-09_04-22-37_testing'
ptd-server 2021-03-09 04:33:44,997 [INFO] Reply from ptd: 'Starting untimed measurement, maximum 500000 samples at 1000ms with 0 rampup samples'
ptd-server 2021-03-09 04:33:44,997 [INFO] Sending reply to client 'OK'
ptd-server 2021-03-09 04:44:00,301 [INFO] Got command from the client 'session,2021-03-09_04-22-37,stop,testing'
ptd-server 2021-03-09 04:44:10,311 [INFO] Sending to ptd: 'Stop'
ptd-server 2021-03-09 04:44:10,312 [INFO] Reply from ptd: 'Stopping untimed measurement'
ptd-server 2021-03-09 04:44:10,667 [INFO] Sending reply to client 'OK'
ptd-server 2021-03-09 04:44:10,675 [INFO] Got command from the client 'session,2021-03-09_04-22-37,upload,client.log'
ptd-server 2021-03-09 04:44:10,677 [INFO] Received '/home/anton/projects/mlperf/power-dev/output/2021-03-09_04-22-37client.log.tmp'
ptd-server 2021-03-09 04:44:10,677 [INFO] Removed '/home/anton/projects/mlperf/power-dev/output/2021-03-09_04-22-37client.log.tmp'
ptd-server 2021-03-09 04:44:10,677 [INFO] Sending reply to client 'OK'
ptd-server 2021-03-09 04:44:10,684 [INFO] Got command from the client 'session,2021-03-09_04-22-37,upload,client.json'
ptd-server 2021-03-09 04:44:10,684 [INFO] Received '/home/anton/projects/mlperf/power-dev/output/2021-03-09_04-22-37client.json.tmp'
ptd-server 2021-03-09 04:44:10,684 [INFO] Removed '/home/anton/projects/mlperf/power-dev/output/2021-03-09_04-22-37client.json.tmp'
ptd-server 2021-03-09 04:44:10,684 [INFO] Sending reply to client 'OK'
ptd-server 2021-03-09 04:44:10,685 [INFO] Got command from the client 'session,2021-03-09_04-22-37,done'
ptd-server 2021-03-09 04:44:10,686 [INFO] Sending to ptd: 'Stop'
ptd-server 2021-03-09 04:44:10,997 [INFO] Reply from ptd: 'Error: no measurement to stop'
ptd-server 2021-03-09 04:44:10,998 [INFO] Sending to ptd: 'SR,V,300.000000'
ptd-server 2021-03-09 04:44:12,499 [INFO] Reply from ptd: 'Range V changed'
ptd-server 2021-03-09 04:44:12,499 [INFO] Sending to ptd: 'SR,A,0.500000'
ptd-server 2021-03-09 04:44:14,000 [INFO] Reply from ptd: 'Range A changed'
ptd-server 2021-03-09 04:44:14,001 [INFO] Set initial values for Amps 0.500000 and Volts 300.000000
ptd-server 2021-03-09 04:44:14,001 [INFO] Stopping ptd...
