ptd-server 2021-03-06 10:53:11,841 [INFO] Got command from the client 'time'
ptd-server 2021-03-06 10:53:11,841 [INFO] Sending reply to client '1615027991.8413541'
ptd-server 2021-03-06 10:53:11,844 [INFO] Got command from the client 'new,,d655e630-9030-4a7f-845c-b99c24199351'
ptd-server 2021-03-06 10:53:11,845 [INFO] Sending reply to client 'OK 2021-03-06_10-53-11,14be93b5-2d2a-401c-bedf-93ed505d9b3a'
ptd-server 2021-03-06 10:53:11,890 [INFO] Got command from the client 'time'
ptd-server 2021-03-06 10:53:11,890 [INFO] Sending reply to client '1615027991.8907704'
ptd-server 2021-03-06 10:53:11,894 [INFO] Got command from the client 'session,2021-03-06_10-53-11,start,ranging'
ptd-server 2021-03-06 10:53:11,894 [INFO] Running PTDaemon: ['/home/anton/projects/mlperf/power/inference_v1.0/ptd-linux-x86', '-l', 'ptd.log', '-p', '8888', '52', '/dev/usbtmc0']
ptd-server 2021-03-06 10:53:29,063 [INFO] Sending to ptd: 'Hello'
ptd-server 2021-03-06 10:53:29,063 [INFO] Reply from ptd: 'Hello, PTDaemon here!'
ptd-server 2021-03-06 10:53:29,063 [INFO] Sending to ptd: 'Identify'
ptd-server 2021-03-06 10:53:29,064 [INFO] Reply from ptd: 'YokogawaWT330E,1000,1,1,1,1,0,0,1,version=1.9.2-e8c7a49a-20201208,OS=Linux 5.8.0-43-generic #49~20.04.1-Ubuntu SMP Fri Feb 5 09:57:56 UTC 2021 x86_64,mode=power,1,1,1,0,0,no_cal_date,YOKOGAWA;WT333E;C3VD30030E;F1.04'
ptd-server 2021-03-06 10:53:29,064 [INFO] Connected to PTDaemon
ptd-server 2021-03-06 10:53:29,064 [INFO] Sending to ptd: 'RR'
ptd-server 2021-03-06 10:53:29,064 [INFO] Reply from ptd: 'Ranges,0,0.500000,0,300.000000'
ptd-server 2021-03-06 10:53:29,065 [INFO] Initial range for Amps is 0.500000 for Volts is 300.000000
ptd-server 2021-03-06 10:53:29,065 [INFO] Sending to ptd: 'SR,V,Auto'
ptd-server 2021-03-06 10:53:29,567 [INFO] Reply from ptd: 'Range V changed'
ptd-server 2021-03-06 10:53:29,567 [INFO] Sending to ptd: 'SR,A,Auto'
ptd-server 2021-03-06 10:53:30,070 [INFO] Reply from ptd: 'Range A changed'
ptd-server 2021-03-06 10:53:40,080 [INFO] Starting ranging mode
ptd-server 2021-03-06 10:53:40,080 [INFO] Sending to ptd: 'Go,1000,0,2021-03-06_10-53-11_ranging'
ptd-server 2021-03-06 10:53:40,081 [INFO] Reply from ptd: 'Starting untimed measurement, maximum 500000 samples at 1000ms with 0 rampup samples'
ptd-server 2021-03-06 10:53:40,081 [INFO] Sending reply to client 'OK'
ptd-server 2021-03-06 11:04:12,310 [INFO] Got command from the client 'session,2021-03-06_10-53-11,stop,ranging'
ptd-server 2021-03-06 11:04:22,320 [INFO] Sending to ptd: 'Stop'
ptd-server 2021-03-06 11:04:22,321 [INFO] Reply from ptd: 'Stopping untimed measurement'
ptd-server 2021-03-06 11:04:22,752 [INFO] Sending reply to client 'OK'
ptd-server 2021-03-06 11:04:22,797 [INFO] Got command from the client 'time'
ptd-server 2021-03-06 11:04:22,797 [INFO] Sending reply to client '1615028662.7972841'
ptd-server 2021-03-06 11:04:22,802 [INFO] Got command from the client 'session,2021-03-06_10-53-11,start,testing'
ptd-server 2021-03-06 11:04:22,802 [INFO] Sending to ptd: 'SR,V,249.770000'
ptd-server 2021-03-06 11:04:24,582 [INFO] Reply from ptd: 'Range V changed'
ptd-server 2021-03-06 11:04:24,582 [INFO] Sending to ptd: 'SR,A,0.060990'
ptd-server 2021-03-06 11:04:26,084 [INFO] Reply from ptd: 'Range A changed'
ptd-server 2021-03-06 11:04:36,094 [INFO] Starting testing mode
ptd-server 2021-03-06 11:04:36,094 [INFO] Sending to ptd: 'Go,1000,0,2021-03-06_10-53-11_testing'
ptd-server 2021-03-06 11:04:36,095 [INFO] Reply from ptd: 'Starting untimed measurement, maximum 500000 samples at 1000ms with 0 rampup samples'
ptd-server 2021-03-06 11:04:36,095 [INFO] Sending reply to client 'OK'
ptd-server 2021-03-06 11:15:12,894 [INFO] Got command from the client 'session,2021-03-06_10-53-11,stop,testing'
ptd-server 2021-03-06 11:15:22,904 [INFO] Sending to ptd: 'Stop'
ptd-server 2021-03-06 11:15:22,904 [INFO] Reply from ptd: 'Stopping untimed measurement'
ptd-server 2021-03-06 11:15:23,123 [INFO] Sending reply to client 'OK'
ptd-server 2021-03-06 11:15:23,130 [INFO] Got command from the client 'session,2021-03-06_10-53-11,upload,client.log'
ptd-server 2021-03-06 11:15:23,134 [INFO] Received '/home/anton/projects/mlperf/power-dev/output/2021-03-06_10-53-11client.log.tmp'
ptd-server 2021-03-06 11:15:23,134 [INFO] Removed '/home/anton/projects/mlperf/power-dev/output/2021-03-06_10-53-11client.log.tmp'
ptd-server 2021-03-06 11:15:23,134 [INFO] Sending reply to client 'OK'
ptd-server 2021-03-06 11:15:23,146 [INFO] Got command from the client 'session,2021-03-06_10-53-11,upload,client.json'
ptd-server 2021-03-06 11:15:23,149 [INFO] Received '/home/anton/projects/mlperf/power-dev/output/2021-03-06_10-53-11client.json.tmp'
ptd-server 2021-03-06 11:15:23,149 [INFO] Removed '/home/anton/projects/mlperf/power-dev/output/2021-03-06_10-53-11client.json.tmp'
ptd-server 2021-03-06 11:15:23,149 [INFO] Sending reply to client 'OK'
ptd-server 2021-03-06 11:15:23,152 [INFO] Got command from the client 'session,2021-03-06_10-53-11,done'
ptd-server 2021-03-06 11:15:23,152 [INFO] Sending to ptd: 'Stop'
ptd-server 2021-03-06 11:15:23,152 [INFO] Reply from ptd: 'Error: no measurement to stop'
ptd-server 2021-03-06 11:15:23,152 [INFO] Sending to ptd: 'SR,V,300.000000'
ptd-server 2021-03-06 11:15:24,653 [INFO] Reply from ptd: 'Range V changed'
ptd-server 2021-03-06 11:15:24,654 [INFO] Sending to ptd: 'SR,A,0.500000'
ptd-server 2021-03-06 11:15:26,155 [INFO] Reply from ptd: 'Range A changed'
ptd-server 2021-03-06 11:15:26,155 [INFO] Set initial values for Amps 0.500000 and Volts 300.000000
ptd-server 2021-03-06 11:15:26,155 [INFO] Stopping ptd...
