client 2021-03-01 02:55:20,589 [INFO] Sending command to the server: 'mlcommons/power client v3'
client 2021-03-01 02:55:20,590 [INFO] Got response: 'mlcommons/power server v3'
client 2021-03-01 02:55:20,590 [INFO] Synchronizing with the server and with time.google.com...
client 2021-03-01 02:55:20,629 [INFO] NTP:offset = 0.001 s, delay = 0.032 s 
client 2021-03-01 02:55:20,629 [INFO] Sending command to the server: 'time'
client 2021-03-01 02:55:20,630 [INFO] Got response: '1614567320.6326237'
client 2021-03-01 02:55:20,630 [INFO] The time difference between the client and the server is within range -3.171 ms..-2.090 ms
client 2021-03-01 02:55:20,630 [INFO] Sending command to the server: 'new,,3ad3bf1e-1604-4746-b7c6-5a224e7f40cd'
client 2021-03-01 02:55:20,632 [INFO] Got response: 'OK 2021-03-01_02-55-20,728ed329-7a2a-49d3-a3f6-2d6b60896c0f'
client 2021-03-01 02:55:20,632 [INFO] Session id is '2021-03-01_02-55-20'
client 2021-03-01 02:55:20,632 [INFO] Sources: {"sources": {"client.py": "d1e75cb4b26101220ebd242e584cf3ca5d8f1996", "lib/__init__.py": "da39a3ee5e6b4b0d3255bfef95601890afd80709", "lib/client.py": "d42bebf5b74cb6ff3997e2a6c68422afac111a28", "lib/common.py": "b0bad80d8fa328a7636027d4d66ff453f8dd7889", "lib/external/ntplib.py": "4da8f970656505a40483206ef2b5d3dd5e81711d", "lib/server.py": "2ed36471c7af565d6c8438b2134edad1d7ddf166", "lib/source_hashes.py": "4cedff274c661cb1504052018fd4f00dfbf624ef", "lib/summary.py": "0db15d783907aa92038281af4e465545c0648ddb", "lib/time_sync.py": "76051226ec89287839723352f4162aaa24e0546a", "server.py": "99e1310e3f76292aef1b8792ce6b8c82f1d44d8b", "tests/unit/test_server.py": "64f11775bfed35232a0e8bb9593c0ff992432c59", "tests/unit/test_source_hashes.py": "cb41a7261eaf7d94ba5c0aae9c523174f6204be3"}, "modules": {"__main__": "client.py", "lib.client": "lib/client.py", "lib.common": "lib/common.py", "lib.external.ntplib": "lib/external/ntplib.py", "lib.source_hashes": "lib/source_hashes.py", "lib.summary": "lib/summary.py", "lib.time_sync": "lib/time_sync.py"}}
client 2021-03-01 02:55:20,632 [INFO] Running workload in ranging mode
client 2021-03-01 02:55:20,633 [INFO] Synchronizing with the server and with time.google.com...
client 2021-03-01 02:55:20,667 [INFO] NTP:offset = -0.003 s, delay = 0.032 s 
client 2021-03-01 02:55:20,668 [INFO] Sending command to the server: 'time'
client 2021-03-01 02:55:20,669 [INFO] Got response: '1614567320.6711974'
client 2021-03-01 02:55:20,669 [INFO] The time difference between the client and the server is within range -3.144 ms..-2.037 ms
client 2021-03-01 02:55:20,669 [INFO] Sending command to the server: 'session,2021-03-01_02-55-20,start,ranging'
client 2021-03-01 02:55:48,857 [INFO] Got response: 'OK'
client 2021-03-01 02:55:48,858 [INFO] Running the workload 'ck benchmark program:image-classification-armnn-tflite-loadgen --env.CK_SILENT_MODE=YES --skip_print_timers --dep_add_tags.compiler=gcc,v7 --dep_add_tags.python=v3 --dep_add_tags.mlperf-inference-src=r1.0 --dep_add_tags.weights=efficientnet,lite1,non-quantized --dep_add_tags.images=crop.875,preprocessed,using-opencv --dep_add_tags.library=armnn,rel.21.02,neon --env.CK_LOADGEN_DATASET_SIZE=1024 --env.USE_NEON=1 --env.CK_LOADGEN_SCENARIO=SingleStream --env.CK_LOADGEN_MODE=PerformanceOnly --env.CK_LOADGEN_TARGET_LATENCY=15 --skip_stat_analysis --process_multi_keys --repetitions=1 --record --record_repo=local --record_uoa=mlperf-open-xavier-armnn-v21.02-neon-efficientnet-lite1-non-quantized-singlestream-performance-target_latency.15-power.workload --tags=mlperf,division.open,task.image-classification,platform.xavier,scenario.singlestream,mode.performance,workload.efficientnet-lite1-non-quantized,preprocessed_using.opencv,inference_engine.armnn,inference_engine_version.v21.02,inference_engine_backend.neon,target_latency.15,power.workload "@@@{\'meta\': {\'ck_benchmark_program\': \'ck benchmark program:image-classification-armnn-tflite-loadgen --env.CK_SILENT_MODE=YES --skip_print_timers --dep_add_tags.compiler=gcc,v7 --dep_add_tags.python=v3 --dep_add_tags.mlperf-inference-src=r1.0 --dep_add_tags.weights=efficientnet,lite1,non-quantized --dep_add_tags.images=crop.875,preprocessed,using-opencv --dep_add_tags.library=armnn,rel.21.02,neon --env.CK_LOADGEN_DATASET_SIZE=1024 --env.USE_NEON=1 --env.CK_LOADGEN_SCENARIO=SingleStream --env.CK_LOADGEN_MODE=PerformanceOnly --env.CK_LOADGEN_TARGET_LATENCY=15 --skip_stat_analysis --process_multi_keys --repetitions=1 --record --record_repo=local --record_uoa=mlperf-open-xavier-armnn-v21.02-neon-efficientnet-lite1-non-quantized-singlestream-performance-target_latency.15-power.workload --tags=mlperf,division.open,task.image-classification,platform.xavier,scenario.singlestream,mode.performance,workload.efficientnet-lite1-non-quantized,preprocessed_using.opencv,inference_engine.armnn,inference_engine_version.v21.02,inference_engine_backend.neon,target_latency.15,power.workload\'}}" && cat `ck find program:image-classification-armnn-tflite-loadgen`/tmp/mlperf_log_summary.txt && mkdir -p "$CK_MLPERF_POWER_CLIENT_LOADGEN_LOGS" && cp "$CK_MLPERF_POWER_CLIENT_LOADGEN_LOGS"/../mlperf_log_* "$CK_MLPERF_POWER_CLIENT_LOADGEN_LOGS"/'
client 2021-03-01 03:06:08,165 [INFO] Sending command to the server: 'session,2021-03-01_02-55-20,stop,ranging'
client 2021-03-01 03:06:18,416 [INFO] Got response: 'OK'
client 2021-03-01 03:06:18,417 [INFO] Running workload in testing mode
client 2021-03-01 03:06:18,417 [INFO] Synchronizing with the server and with time.google.com...
client 2021-03-01 03:06:18,447 [INFO] NTP:offset = 0.001 s, delay = 0.027 s 
client 2021-03-01 03:06:18,447 [INFO] Sending command to the server: 'time'
client 2021-03-01 03:06:18,448 [INFO] Got response: '1614567978.4512842'
client 2021-03-01 03:06:18,449 [INFO] The time difference between the client and the server is within range -3.425 ms..-2.307 ms
client 2021-03-01 03:06:18,449 [INFO] Sending command to the server: 'session,2021-03-01_02-55-20,start,testing'
client 2021-03-01 03:06:31,870 [INFO] Got response: 'OK'
client 2021-03-01 03:06:31,871 [INFO] Running the workload 'ck benchmark program:image-classification-armnn-tflite-loadgen --env.CK_SILENT_MODE=YES --skip_print_timers --dep_add_tags.compiler=gcc,v7 --dep_add_tags.python=v3 --dep_add_tags.mlperf-inference-src=r1.0 --dep_add_tags.weights=efficientnet,lite1,non-quantized --dep_add_tags.images=crop.875,preprocessed,using-opencv --dep_add_tags.library=armnn,rel.21.02,neon --env.CK_LOADGEN_DATASET_SIZE=1024 --env.USE_NEON=1 --env.CK_LOADGEN_SCENARIO=SingleStream --env.CK_LOADGEN_MODE=PerformanceOnly --env.CK_LOADGEN_TARGET_LATENCY=15 --skip_stat_analysis --process_multi_keys --repetitions=1 --record --record_repo=local --record_uoa=mlperf-open-xavier-armnn-v21.02-neon-efficientnet-lite1-non-quantized-singlestream-performance-target_latency.15-power.workload --tags=mlperf,division.open,task.image-classification,platform.xavier,scenario.singlestream,mode.performance,workload.efficientnet-lite1-non-quantized,preprocessed_using.opencv,inference_engine.armnn,inference_engine_version.v21.02,inference_engine_backend.neon,target_latency.15,power.workload "@@@{\'meta\': {\'ck_benchmark_program\': \'ck benchmark program:image-classification-armnn-tflite-loadgen --env.CK_SILENT_MODE=YES --skip_print_timers --dep_add_tags.compiler=gcc,v7 --dep_add_tags.python=v3 --dep_add_tags.mlperf-inference-src=r1.0 --dep_add_tags.weights=efficientnet,lite1,non-quantized --dep_add_tags.images=crop.875,preprocessed,using-opencv --dep_add_tags.library=armnn,rel.21.02,neon --env.CK_LOADGEN_DATASET_SIZE=1024 --env.USE_NEON=1 --env.CK_LOADGEN_SCENARIO=SingleStream --env.CK_LOADGEN_MODE=PerformanceOnly --env.CK_LOADGEN_TARGET_LATENCY=15 --skip_stat_analysis --process_multi_keys --repetitions=1 --record --record_repo=local --record_uoa=mlperf-open-xavier-armnn-v21.02-neon-efficientnet-lite1-non-quantized-singlestream-performance-target_latency.15-power.workload --tags=mlperf,division.open,task.image-classification,platform.xavier,scenario.singlestream,mode.performance,workload.efficientnet-lite1-non-quantized,preprocessed_using.opencv,inference_engine.armnn,inference_engine_version.v21.02,inference_engine_backend.neon,target_latency.15,power.workload\'}}" && cat `ck find program:image-classification-armnn-tflite-loadgen`/tmp/mlperf_log_summary.txt && mkdir -p "$CK_MLPERF_POWER_CLIENT_LOADGEN_LOGS" && cp "$CK_MLPERF_POWER_CLIENT_LOADGEN_LOGS"/../mlperf_log_* "$CK_MLPERF_POWER_CLIENT_LOADGEN_LOGS"/'
client 2021-03-01 03:16:46,813 [INFO] Sending command to the server: 'session,2021-03-01_02-55-20,stop,testing'
client 2021-03-01 03:16:56,965 [INFO] Got response: 'OK'
client 2021-03-01 03:16:56,965 [INFO] Done runs
