ptd-server 2021-03-05 02:13:17,826 [INFO] Got command from the client 'time'
ptd-server 2021-03-05 02:13:17,826 [INFO] Sending reply to client '1614910397.826649'
ptd-server 2021-03-05 02:13:17,829 [INFO] Got command from the client 'new,,0a82d5fb-3867-4aaf-bc1a-35d6d045bf13'
ptd-server 2021-03-05 02:13:17,830 [INFO] Sending reply to client 'OK 2021-03-05_02-13-17,b54698e1-29c6-44cb-8e5e-3f692d95b775'
ptd-server 2021-03-05 02:13:17,866 [INFO] Got command from the client 'time'
ptd-server 2021-03-05 02:13:17,866 [INFO] Sending reply to client '1614910397.866626'
ptd-server 2021-03-05 02:13:17,869 [INFO] Got command from the client 'session,2021-03-05_02-13-17,start,ranging'
ptd-server 2021-03-05 02:13:17,869 [INFO] Running PTDaemon: ['/home/anton/projects/mlperf/power/inference_v1.0/ptd-linux-x86', '-l', 'ptd.log', '-p', '8888', '52', '/dev/usbtmc0']
ptd-server 2021-03-05 02:13:35,038 [INFO] Sending to ptd: 'Hello'
ptd-server 2021-03-05 02:13:35,039 [INFO] Reply from ptd: 'Hello, PTDaemon here!'
ptd-server 2021-03-05 02:13:35,039 [INFO] Sending to ptd: 'Identify'
ptd-server 2021-03-05 02:13:35,040 [INFO] Reply from ptd: 'YokogawaWT330E,1000,1,1,1,1,0,0,1,version=1.9.2-e8c7a49a-20201208,OS=Linux 5.8.0-43-generic #49~20.04.1-Ubuntu SMP Fri Feb 5 09:57:56 UTC 2021 x86_64,mode=power,1,1,1,0,0,no_cal_date,YOKOGAWA;WT333E;C3VD30030E;F1.04'
ptd-server 2021-03-05 02:13:35,040 [INFO] Connected to PTDaemon
ptd-server 2021-03-05 02:13:35,040 [INFO] Sending to ptd: 'RR'
ptd-server 2021-03-05 02:13:35,040 [INFO] Reply from ptd: 'Ranges,0,0.500000,0,300.000000'
ptd-server 2021-03-05 02:13:35,040 [INFO] Initial range for Amps is 0.500000 for Volts is 300.000000
ptd-server 2021-03-05 02:13:35,040 [INFO] Sending to ptd: 'SR,V,Auto'
ptd-server 2021-03-05 02:13:35,569 [INFO] Reply from ptd: 'Range V changed'
ptd-server 2021-03-05 02:13:35,570 [INFO] Sending to ptd: 'SR,A,Auto'
ptd-server 2021-03-05 02:13:36,072 [INFO] Reply from ptd: 'Range A changed'
ptd-server 2021-03-05 02:13:46,076 [INFO] Starting ranging mode
ptd-server 2021-03-05 02:13:46,076 [INFO] Sending to ptd: 'Go,1000,0,2021-03-05_02-13-17_ranging'
ptd-server 2021-03-05 02:13:46,077 [INFO] Reply from ptd: 'Starting untimed measurement, maximum 500000 samples at 1000ms with 0 rampup samples'
ptd-server 2021-03-05 02:13:46,077 [INFO] Sending reply to client 'OK'
ptd-server 2021-03-05 02:24:17,464 [INFO] Got command from the client 'session,2021-03-05_02-13-17,stop,ranging'
ptd-server 2021-03-05 02:24:27,474 [INFO] Sending to ptd: 'Stop'
ptd-server 2021-03-05 02:24:27,475 [INFO] Reply from ptd: 'Stopping untimed measurement'
ptd-server 2021-03-05 02:24:27,780 [INFO] Sending reply to client 'OK'
ptd-server 2021-03-05 02:24:27,845 [INFO] Got command from the client 'time'
ptd-server 2021-03-05 02:24:27,846 [INFO] Sending reply to client '1614911067.8460522'
ptd-server 2021-03-05 02:24:27,850 [INFO] Got command from the client 'session,2021-03-05_02-13-17,start,testing'
ptd-server 2021-03-05 02:24:27,850 [INFO] Sending to ptd: 'SR,V,250.190000'
ptd-server 2021-03-05 02:24:29,578 [INFO] Reply from ptd: 'Range V changed'
ptd-server 2021-03-05 02:24:29,579 [INFO] Sending to ptd: 'SR,A,0.063180'
ptd-server 2021-03-05 02:24:31,080 [INFO] Reply from ptd: 'Range A changed'
ptd-server 2021-03-05 02:24:41,090 [INFO] Starting testing mode
ptd-server 2021-03-05 02:24:41,091 [INFO] Sending to ptd: 'Go,1000,0,2021-03-05_02-13-17_testing'
ptd-server 2021-03-05 02:24:41,091 [INFO] Reply from ptd: 'Starting untimed measurement, maximum 500000 samples at 1000ms with 0 rampup samples'
ptd-server 2021-03-05 02:24:41,091 [INFO] Sending reply to client 'OK'
ptd-server 2021-03-05 02:35:17,341 [INFO] Got command from the client 'session,2021-03-05_02-13-17,stop,testing'
ptd-server 2021-03-05 02:35:27,352 [INFO] Sending to ptd: 'Stop'
ptd-server 2021-03-05 02:35:27,352 [INFO] Reply from ptd: 'Stopping untimed measurement'
ptd-server 2021-03-05 02:35:27,512 [INFO] Sending reply to client 'OK'
ptd-server 2021-03-05 02:35:27,520 [INFO] Got command from the client 'session,2021-03-05_02-13-17,upload,client.log'
ptd-server 2021-03-05 02:35:27,524 [INFO] Received '/home/anton/projects/mlperf/power-dev/output/2021-03-05_02-13-17client.log.tmp'
ptd-server 2021-03-05 02:35:27,524 [INFO] Removed '/home/anton/projects/mlperf/power-dev/output/2021-03-05_02-13-17client.log.tmp'
ptd-server 2021-03-05 02:35:27,525 [INFO] Sending reply to client 'OK'
ptd-server 2021-03-05 02:35:27,537 [INFO] Got command from the client 'session,2021-03-05_02-13-17,upload,client.json'
ptd-server 2021-03-05 02:35:27,540 [INFO] Received '/home/anton/projects/mlperf/power-dev/output/2021-03-05_02-13-17client.json.tmp'
ptd-server 2021-03-05 02:35:27,540 [INFO] Removed '/home/anton/projects/mlperf/power-dev/output/2021-03-05_02-13-17client.json.tmp'
ptd-server 2021-03-05 02:35:27,540 [INFO] Sending reply to client 'OK'
ptd-server 2021-03-05 02:35:27,543 [INFO] Got command from the client 'session,2021-03-05_02-13-17,done'
ptd-server 2021-03-05 02:35:27,543 [INFO] Sending to ptd: 'Stop'
ptd-server 2021-03-05 02:35:28,092 [INFO] Reply from ptd: 'Error: no measurement to stop'
ptd-server 2021-03-05 02:35:28,092 [INFO] Sending to ptd: 'SR,V,300.000000'
ptd-server 2021-03-05 02:35:29,593 [INFO] Reply from ptd: 'Range V changed'
ptd-server 2021-03-05 02:35:29,593 [INFO] Sending to ptd: 'SR,A,0.500000'
ptd-server 2021-03-05 02:35:31,095 [INFO] Reply from ptd: 'Range A changed'
ptd-server 2021-03-05 02:35:31,095 [INFO] Set initial values for Amps 0.500000 and Volts 300.000000
ptd-server 2021-03-05 02:35:31,095 [INFO] Stopping ptd...
