ptd-server 2021-02-28 02:18:04,052 [INFO] Got command from the client 'time'
ptd-server 2021-02-28 02:18:04,052 [INFO] Sending reply to client '1614478684.0521824'
ptd-server 2021-02-28 02:18:04,053 [INFO] Got command from the client 'new,,355bd0ea-1033-454a-b99f-6c62f68eb6f8'
ptd-server 2021-02-28 02:18:04,053 [INFO] Sending reply to client 'OK 2021-02-28_02-18-04,bec74ace-4165-4301-bdc2-7dd9b1446377'
ptd-server 2021-02-28 02:18:04,091 [INFO] Got command from the client 'time'
ptd-server 2021-02-28 02:18:04,091 [INFO] Sending reply to client '1614478684.0919058'
ptd-server 2021-02-28 02:18:04,092 [INFO] Got command from the client 'session,2021-02-28_02-18-04,start,ranging'
ptd-server 2021-02-28 02:18:04,093 [INFO] Running PTDaemon: ['/home/anton/projects/mlperf/power/inference_v1.0/ptd-linux-x86', '-l', 'ptd.log', '-p', '8888', '52', '/dev/usbtmc0']
ptd-server 2021-02-28 02:18:21,262 [INFO] Sending to ptd: 'Hello'
ptd-server 2021-02-28 02:18:21,263 [INFO] Reply from ptd: 'Hello, PTDaemon here!'
ptd-server 2021-02-28 02:18:21,263 [INFO] Sending to ptd: 'Identify'
ptd-server 2021-02-28 02:18:21,263 [INFO] Reply from ptd: 'YokogawaWT330E,1000,1,1,1,1,0,0,1,version=1.9.2-e8c7a49a-20201208,OS=Linux 5.8.0-43-generic #49~20.04.1-Ubuntu SMP Fri Feb 5 09:57:56 UTC 2021 x86_64,mode=power,1,1,1,0,0,no_cal_date,YOKOGAWA;WT333E;C3VD30030E;F1.04'
ptd-server 2021-02-28 02:18:21,263 [INFO] Connected to PTDaemon
ptd-server 2021-02-28 02:18:21,263 [INFO] Sending to ptd: 'RR'
ptd-server 2021-02-28 02:18:21,264 [INFO] Reply from ptd: 'Ranges,0,0.500000,0,300.000000'
ptd-server 2021-02-28 02:18:21,264 [INFO] Initial range for Amps is 0.500000 for Volts is 300.000000
ptd-server 2021-02-28 02:18:21,264 [INFO] Sending to ptd: 'SR,V,Auto'
ptd-server 2021-02-28 02:18:21,766 [INFO] Reply from ptd: 'Range V changed'
ptd-server 2021-02-28 02:18:21,766 [INFO] Sending to ptd: 'SR,A,Auto'
ptd-server 2021-02-28 02:18:22,269 [INFO] Reply from ptd: 'Range A changed'
ptd-server 2021-02-28 02:18:32,279 [INFO] Starting ranging mode
ptd-server 2021-02-28 02:18:32,279 [INFO] Sending to ptd: 'Go,1000,0,2021-02-28_02-18-04_ranging'
ptd-server 2021-02-28 02:18:32,280 [INFO] Reply from ptd: 'Starting untimed measurement, maximum 500000 samples at 1000ms with 0 rampup samples'
ptd-server 2021-02-28 02:18:32,280 [INFO] Sending reply to client 'OK'
ptd-server 2021-02-28 02:28:51,221 [INFO] Got command from the client 'session,2021-02-28_02-18-04,stop,ranging'
ptd-server 2021-02-28 02:29:01,231 [INFO] Sending to ptd: 'Stop'
ptd-server 2021-02-28 02:29:01,232 [INFO] Reply from ptd: 'Stopping untimed measurement'
ptd-server 2021-02-28 02:29:01,394 [INFO] Sending reply to client 'OK'
ptd-server 2021-02-28 02:29:01,431 [INFO] Got command from the client 'time'
ptd-server 2021-02-28 02:29:01,431 [INFO] Sending reply to client '1614479341.431204'
ptd-server 2021-02-28 02:29:01,432 [INFO] Got command from the client 'session,2021-02-28_02-18-04,start,testing'
ptd-server 2021-02-28 02:29:01,432 [INFO] Sending to ptd: 'SR,V,250.780000'
ptd-server 2021-02-28 02:29:02,933 [INFO] Reply from ptd: 'Range V changed'
ptd-server 2021-02-28 02:29:02,934 [INFO] Sending to ptd: 'SR,A,0.208560'
ptd-server 2021-02-28 02:29:04,435 [INFO] Reply from ptd: 'Range A changed'
ptd-server 2021-02-28 02:29:14,445 [INFO] Starting testing mode
ptd-server 2021-02-28 02:29:14,445 [INFO] Sending to ptd: 'Go,1000,0,2021-02-28_02-18-04_testing'
ptd-server 2021-02-28 02:29:14,446 [INFO] Reply from ptd: 'Starting untimed measurement, maximum 500000 samples at 1000ms with 0 rampup samples'
ptd-server 2021-02-28 02:29:14,446 [INFO] Sending reply to client 'OK'
ptd-server 2021-02-28 02:39:32,881 [INFO] Got command from the client 'session,2021-02-28_02-18-04,stop,testing'
ptd-server 2021-02-28 02:39:42,892 [INFO] Sending to ptd: 'Stop'
ptd-server 2021-02-28 02:39:42,892 [INFO] Reply from ptd: 'Stopping untimed measurement'
ptd-server 2021-02-28 02:39:42,978 [INFO] Sending reply to client 'OK'
ptd-server 2021-02-28 02:39:42,987 [INFO] Got command from the client 'session,2021-02-28_02-18-04,upload,client.log'
ptd-server 2021-02-28 02:39:42,988 [INFO] Received '/home/anton/projects/mlperf/power-dev/output/2021-02-28_02-18-04client.log.tmp'
ptd-server 2021-02-28 02:39:42,988 [INFO] Removed '/home/anton/projects/mlperf/power-dev/output/2021-02-28_02-18-04client.log.tmp'
ptd-server 2021-02-28 02:39:42,988 [INFO] Sending reply to client 'OK'
ptd-server 2021-02-28 02:39:42,992 [INFO] Got command from the client 'session,2021-02-28_02-18-04,upload,client.json'
ptd-server 2021-02-28 02:39:42,992 [INFO] Received '/home/anton/projects/mlperf/power-dev/output/2021-02-28_02-18-04client.json.tmp'
ptd-server 2021-02-28 02:39:42,993 [INFO] Removed '/home/anton/projects/mlperf/power-dev/output/2021-02-28_02-18-04client.json.tmp'
ptd-server 2021-02-28 02:39:42,993 [INFO] Sending reply to client 'OK'
ptd-server 2021-02-28 02:39:42,994 [INFO] Got command from the client 'session,2021-02-28_02-18-04,done'
ptd-server 2021-02-28 02:39:42,994 [INFO] Sending to ptd: 'Stop'
ptd-server 2021-02-28 02:39:43,447 [INFO] Reply from ptd: 'Error: no measurement to stop'
ptd-server 2021-02-28 02:39:43,447 [INFO] Sending to ptd: 'SR,V,300.000000'
ptd-server 2021-02-28 02:39:44,948 [INFO] Reply from ptd: 'Range V changed'
ptd-server 2021-02-28 02:39:44,948 [INFO] Sending to ptd: 'SR,A,0.500000'
ptd-server 2021-02-28 02:39:46,450 [INFO] Reply from ptd: 'Range A changed'
ptd-server 2021-02-28 02:39:46,450 [INFO] Set initial values for Amps 0.500000 and Volts 300.000000
ptd-server 2021-02-28 02:39:46,450 [INFO] Stopping ptd...
