ptd-server 2021-03-05 01:06:02,735 [INFO] Got command from the client 'time'
ptd-server 2021-03-05 01:06:02,735 [INFO] Sending reply to client '1614906362.7351413'
ptd-server 2021-03-05 01:06:02,738 [INFO] Got command from the client 'new,,af16aac1-21b7-4b5e-b346-939dbcbedb18'
ptd-server 2021-03-05 01:06:02,739 [INFO] Sending reply to client 'OK 2021-03-05_01-06-02,37ba909a-3b9a-43b5-bd9e-fe094b79e377'
ptd-server 2021-03-05 01:06:02,774 [INFO] Got command from the client 'time'
ptd-server 2021-03-05 01:06:02,775 [INFO] Sending reply to client '1614906362.7750738'
ptd-server 2021-03-05 01:06:02,778 [INFO] Got command from the client 'session,2021-03-05_01-06-02,start,ranging'
ptd-server 2021-03-05 01:06:02,778 [INFO] Running PTDaemon: ['/home/anton/projects/mlperf/power/inference_v1.0/ptd-linux-x86', '-l', 'ptd.log', '-p', '8888', '52', '/dev/usbtmc0']
ptd-server 2021-03-05 01:06:19,947 [INFO] Sending to ptd: 'Hello'
ptd-server 2021-03-05 01:06:19,947 [INFO] Reply from ptd: 'Hello, PTDaemon here!'
ptd-server 2021-03-05 01:06:19,948 [INFO] Sending to ptd: 'Identify'
ptd-server 2021-03-05 01:06:19,948 [INFO] Reply from ptd: 'YokogawaWT330E,1000,1,1,1,1,0,0,1,version=1.9.2-e8c7a49a-20201208,OS=Linux 5.8.0-43-generic #49~20.04.1-Ubuntu SMP Fri Feb 5 09:57:56 UTC 2021 x86_64,mode=power,1,1,1,0,0,no_cal_date,YOKOGAWA;WT333E;C3VD30030E;F1.04'
ptd-server 2021-03-05 01:06:19,948 [INFO] Connected to PTDaemon
ptd-server 2021-03-05 01:06:19,948 [INFO] Sending to ptd: 'RR'
ptd-server 2021-03-05 01:06:19,948 [INFO] Reply from ptd: 'Ranges,0,0.500000,0,300.000000'
ptd-server 2021-03-05 01:06:19,949 [INFO] Initial range for Amps is 0.500000 for Volts is 300.000000
ptd-server 2021-03-05 01:06:19,949 [INFO] Sending to ptd: 'SR,V,Auto'
ptd-server 2021-03-05 01:06:20,462 [INFO] Reply from ptd: 'Range V changed'
ptd-server 2021-03-05 01:06:20,462 [INFO] Sending to ptd: 'SR,A,Auto'
ptd-server 2021-03-05 01:06:20,965 [INFO] Reply from ptd: 'Range A changed'
ptd-server 2021-03-05 01:06:30,975 [INFO] Starting ranging mode
ptd-server 2021-03-05 01:06:30,975 [INFO] Sending to ptd: 'Go,1000,0,2021-03-05_01-06-02_ranging'
ptd-server 2021-03-05 01:06:30,976 [INFO] Reply from ptd: 'Starting untimed measurement, maximum 500000 samples at 1000ms with 0 rampup samples'
ptd-server 2021-03-05 01:06:30,976 [INFO] Sending reply to client 'OK'
ptd-server 2021-03-05 01:17:02,468 [INFO] Got command from the client 'session,2021-03-05_01-06-02,stop,ranging'
ptd-server 2021-03-05 01:17:12,478 [INFO] Sending to ptd: 'Stop'
ptd-server 2021-03-05 01:17:12,479 [INFO] Reply from ptd: 'Stopping untimed measurement'
ptd-server 2021-03-05 01:17:12,777 [INFO] Sending reply to client 'OK'
ptd-server 2021-03-05 01:17:12,824 [INFO] Got command from the client 'time'
ptd-server 2021-03-05 01:17:12,824 [INFO] Sending reply to client '1614907032.8248317'
ptd-server 2021-03-05 01:17:12,829 [INFO] Got command from the client 'session,2021-03-05_01-06-02,start,testing'
ptd-server 2021-03-05 01:17:12,829 [INFO] Sending to ptd: 'SR,V,247.710000'
ptd-server 2021-03-05 01:17:14,478 [INFO] Reply from ptd: 'Range V changed'
ptd-server 2021-03-05 01:17:14,478 [INFO] Sending to ptd: 'SR,A,0.058340'
ptd-server 2021-03-05 01:17:15,979 [INFO] Reply from ptd: 'Range A changed'
ptd-server 2021-03-05 01:17:25,990 [INFO] Starting testing mode
ptd-server 2021-03-05 01:17:25,990 [INFO] Sending to ptd: 'Go,1000,0,2021-03-05_01-06-02_testing'
ptd-server 2021-03-05 01:17:25,990 [INFO] Reply from ptd: 'Starting untimed measurement, maximum 500000 samples at 1000ms with 0 rampup samples'
ptd-server 2021-03-05 01:17:25,990 [INFO] Sending reply to client 'OK'
ptd-server 2021-03-05 01:28:02,316 [INFO] Got command from the client 'session,2021-03-05_01-06-02,stop,testing'
ptd-server 2021-03-05 01:28:12,326 [INFO] Sending to ptd: 'Stop'
ptd-server 2021-03-05 01:28:12,327 [INFO] Reply from ptd: 'Stopping untimed measurement'
ptd-server 2021-03-05 01:28:12,497 [INFO] Sending reply to client 'OK'
ptd-server 2021-03-05 01:28:12,506 [INFO] Got command from the client 'session,2021-03-05_01-06-02,upload,client.log'
ptd-server 2021-03-05 01:28:12,509 [INFO] Received '/home/anton/projects/mlperf/power-dev/output/2021-03-05_01-06-02client.log.tmp'
ptd-server 2021-03-05 01:28:12,510 [INFO] Removed '/home/anton/projects/mlperf/power-dev/output/2021-03-05_01-06-02client.log.tmp'
ptd-server 2021-03-05 01:28:12,510 [INFO] Sending reply to client 'OK'
ptd-server 2021-03-05 01:28:12,522 [INFO] Got command from the client 'session,2021-03-05_01-06-02,upload,client.json'
ptd-server 2021-03-05 01:28:12,525 [INFO] Received '/home/anton/projects/mlperf/power-dev/output/2021-03-05_01-06-02client.json.tmp'
ptd-server 2021-03-05 01:28:12,526 [INFO] Removed '/home/anton/projects/mlperf/power-dev/output/2021-03-05_01-06-02client.json.tmp'
ptd-server 2021-03-05 01:28:12,526 [INFO] Sending reply to client 'OK'
ptd-server 2021-03-05 01:28:12,528 [INFO] Got command from the client 'session,2021-03-05_01-06-02,done'
ptd-server 2021-03-05 01:28:12,529 [INFO] Sending to ptd: 'Stop'
ptd-server 2021-03-05 01:28:12,991 [INFO] Reply from ptd: 'Error: no measurement to stop'
ptd-server 2021-03-05 01:28:12,991 [INFO] Sending to ptd: 'SR,V,300.000000'
ptd-server 2021-03-05 01:28:14,492 [INFO] Reply from ptd: 'Range V changed'
ptd-server 2021-03-05 01:28:14,493 [INFO] Sending to ptd: 'SR,A,0.500000'
ptd-server 2021-03-05 01:28:15,994 [INFO] Reply from ptd: 'Range A changed'
ptd-server 2021-03-05 01:28:15,994 [INFO] Set initial values for Amps 0.500000 and Volts 300.000000
ptd-server 2021-03-05 01:28:15,994 [INFO] Stopping ptd...
