ptd-server 2021-02-28 12:51:23,369 [INFO] Got command from the client 'time'
ptd-server 2021-02-28 12:51:23,369 [INFO] Sending reply to client '1614516683.3694491'
ptd-server 2021-02-28 12:51:23,370 [INFO] Got command from the client 'new,,c8b307ed-bb65-4846-a6f4-8616edfc9649'
ptd-server 2021-02-28 12:51:23,371 [INFO] Sending reply to client 'OK 2021-02-28_12-51-23,21cb93db-0ede-438e-bd32-607e5c58be55'
ptd-server 2021-02-28 12:51:23,398 [INFO] Got command from the client 'time'
ptd-server 2021-02-28 12:51:23,398 [INFO] Sending reply to client '1614516683.3988209'
ptd-server 2021-02-28 12:51:23,399 [INFO] Got command from the client 'session,2021-02-28_12-51-23,start,ranging'
ptd-server 2021-02-28 12:51:23,400 [INFO] Running PTDaemon: ['/home/anton/projects/mlperf/power/inference_v1.0/ptd-linux-x86', '-l', 'ptd.log', '-p', '8888', '52', '/dev/usbtmc0']
ptd-server 2021-02-28 12:51:40,568 [INFO] Sending to ptd: 'Hello'
ptd-server 2021-02-28 12:51:40,569 [INFO] Reply from ptd: 'Hello, PTDaemon here!'
ptd-server 2021-02-28 12:51:40,569 [INFO] Sending to ptd: 'Identify'
ptd-server 2021-02-28 12:51:40,569 [INFO] Reply from ptd: 'YokogawaWT330E,1000,1,1,1,1,0,0,1,version=1.9.2-e8c7a49a-20201208,OS=Linux 5.8.0-43-generic #49~20.04.1-Ubuntu SMP Fri Feb 5 09:57:56 UTC 2021 x86_64,mode=power,1,1,1,0,0,no_cal_date,YOKOGAWA;WT333E;C3VD30030E;F1.04'
ptd-server 2021-02-28 12:51:40,570 [INFO] Connected to PTDaemon
ptd-server 2021-02-28 12:51:40,570 [INFO] Sending to ptd: 'RR'
ptd-server 2021-02-28 12:51:40,570 [INFO] Reply from ptd: 'Ranges,0,0.500000,0,300.000000'
ptd-server 2021-02-28 12:51:40,570 [INFO] Initial range for Amps is 0.500000 for Volts is 300.000000
ptd-server 2021-02-28 12:51:40,570 [INFO] Sending to ptd: 'SR,V,Auto'
ptd-server 2021-02-28 12:51:41,073 [INFO] Reply from ptd: 'Range V changed'
ptd-server 2021-02-28 12:51:41,073 [INFO] Sending to ptd: 'SR,A,Auto'
ptd-server 2021-02-28 12:51:41,575 [INFO] Reply from ptd: 'Range A changed'
ptd-server 2021-02-28 12:51:51,586 [INFO] Starting ranging mode
ptd-server 2021-02-28 12:51:51,586 [INFO] Sending to ptd: 'Go,1000,0,2021-02-28_12-51-23_ranging'
ptd-server 2021-02-28 12:51:51,586 [INFO] Reply from ptd: 'Starting untimed measurement, maximum 500000 samples at 1000ms with 0 rampup samples'
ptd-server 2021-02-28 12:51:51,586 [INFO] Sending reply to client 'OK'
ptd-server 2021-02-28 13:02:10,442 [INFO] Got command from the client 'session,2021-02-28_12-51-23,stop,ranging'
ptd-server 2021-02-28 13:02:20,453 [INFO] Sending to ptd: 'Stop'
ptd-server 2021-02-28 13:02:20,453 [INFO] Reply from ptd: 'Stopping untimed measurement'
ptd-server 2021-02-28 13:02:20,668 [INFO] Sending reply to client 'OK'
ptd-server 2021-02-28 13:02:20,708 [INFO] Got command from the client 'time'
ptd-server 2021-02-28 13:02:20,708 [INFO] Sending reply to client '1614517340.7089477'
ptd-server 2021-02-28 13:02:20,710 [INFO] Got command from the client 'session,2021-02-28_12-51-23,start,testing'
ptd-server 2021-02-28 13:02:20,710 [INFO] Sending to ptd: 'SR,V,249.390000'
ptd-server 2021-02-28 13:02:22,211 [INFO] Reply from ptd: 'Range V changed'
ptd-server 2021-02-28 13:02:22,211 [INFO] Sending to ptd: 'SR,A,0.197300'
ptd-server 2021-02-28 13:02:23,713 [INFO] Reply from ptd: 'Range A changed'
ptd-server 2021-02-28 13:02:33,723 [INFO] Starting testing mode
ptd-server 2021-02-28 13:02:33,723 [INFO] Sending to ptd: 'Go,1000,0,2021-02-28_12-51-23_testing'
ptd-server 2021-02-28 13:02:33,724 [INFO] Reply from ptd: 'Starting untimed measurement, maximum 500000 samples at 1000ms with 0 rampup samples'
ptd-server 2021-02-28 13:02:33,724 [INFO] Sending reply to client 'OK'
ptd-server 2021-02-28 13:12:52,544 [INFO] Got command from the client 'session,2021-02-28_12-51-23,stop,testing'
ptd-server 2021-02-28 13:13:02,555 [INFO] Sending to ptd: 'Stop'
ptd-server 2021-02-28 13:13:02,555 [INFO] Reply from ptd: 'Stopping untimed measurement'
ptd-server 2021-02-28 13:13:02,671 [INFO] Sending reply to client 'OK'
ptd-server 2021-02-28 13:13:02,683 [INFO] Got command from the client 'session,2021-02-28_12-51-23,upload,client.log'
ptd-server 2021-02-28 13:13:02,684 [INFO] Received '/home/anton/projects/mlperf/power-dev/output/2021-02-28_12-51-23client.log.tmp'
ptd-server 2021-02-28 13:13:02,685 [INFO] Removed '/home/anton/projects/mlperf/power-dev/output/2021-02-28_12-51-23client.log.tmp'
ptd-server 2021-02-28 13:13:02,685 [INFO] Sending reply to client 'OK'
ptd-server 2021-02-28 13:13:02,690 [INFO] Got command from the client 'session,2021-02-28_12-51-23,upload,client.json'
ptd-server 2021-02-28 13:13:02,690 [INFO] Received '/home/anton/projects/mlperf/power-dev/output/2021-02-28_12-51-23client.json.tmp'
ptd-server 2021-02-28 13:13:02,691 [INFO] Removed '/home/anton/projects/mlperf/power-dev/output/2021-02-28_12-51-23client.json.tmp'
ptd-server 2021-02-28 13:13:02,691 [INFO] Sending reply to client 'OK'
ptd-server 2021-02-28 13:13:02,692 [INFO] Got command from the client 'session,2021-02-28_12-51-23,done'
ptd-server 2021-02-28 13:13:02,692 [INFO] Sending to ptd: 'Stop'
ptd-server 2021-02-28 13:13:02,724 [INFO] Reply from ptd: 'Error: no measurement to stop'
ptd-server 2021-02-28 13:13:02,724 [INFO] Sending to ptd: 'SR,V,300.000000'
ptd-server 2021-02-28 13:13:04,225 [INFO] Reply from ptd: 'Range V changed'
ptd-server 2021-02-28 13:13:04,226 [INFO] Sending to ptd: 'SR,A,0.500000'
ptd-server 2021-02-28 13:13:05,727 [INFO] Reply from ptd: 'Range A changed'
ptd-server 2021-02-28 13:13:05,727 [INFO] Set initial values for Amps 0.500000 and Volts 300.000000
ptd-server 2021-02-28 13:13:05,727 [INFO] Stopping ptd...
