ptd-server 2021-03-09 01:50:36,659 [INFO] Got command from the client 'time'
ptd-server 2021-03-09 01:50:36,660 [INFO] Sending reply to client '1615254636.6600835'
ptd-server 2021-03-09 01:50:36,662 [INFO] Got command from the client 'new,,5c9a7f01-9461-47cd-b445-9e20ab589bec'
ptd-server 2021-03-09 01:50:36,663 [INFO] Sending reply to client 'OK 2021-03-09_01-50-36,1ec5a176-b6ce-4c72-9da7-8abc05c685f3'
ptd-server 2021-03-09 01:50:36,703 [INFO] Got command from the client 'time'
ptd-server 2021-03-09 01:50:36,703 [INFO] Sending reply to client '1615254636.703959'
ptd-server 2021-03-09 01:50:36,706 [INFO] Got command from the client 'session,2021-03-09_01-50-36,start,ranging'
ptd-server 2021-03-09 01:50:36,706 [INFO] Running PTDaemon: ['/home/anton/projects/mlperf/power/inference_v1.0/ptd-linux-x86', '-l', 'ptd.log', '-p', '8888', '52', '/dev/usbtmc0']
ptd-server 2021-03-09 01:50:53,878 [INFO] Sending to ptd: 'Hello'
ptd-server 2021-03-09 01:50:53,879 [INFO] Reply from ptd: 'Hello, PTDaemon here!'
ptd-server 2021-03-09 01:50:53,879 [INFO] Sending to ptd: 'Identify'
ptd-server 2021-03-09 01:50:53,880 [INFO] Reply from ptd: 'YokogawaWT330E,1000,1,1,1,1,0,0,1,version=1.9.2-e8c7a49a-20201208,OS=Linux 5.8.0-43-generic #49~20.04.1-Ubuntu SMP Fri Feb 5 09:57:56 UTC 2021 x86_64,mode=power,1,1,1,0,0,no_cal_date,YOKOGAWA;WT333E;C3VD30030E;F1.04'
ptd-server 2021-03-09 01:50:53,880 [INFO] Connected to PTDaemon
ptd-server 2021-03-09 01:50:53,880 [INFO] Sending to ptd: 'RR'
ptd-server 2021-03-09 01:50:53,880 [INFO] Reply from ptd: 'Ranges,0,0.500000,0,300.000000'
ptd-server 2021-03-09 01:50:53,880 [INFO] Initial range for Amps is 0.500000 for Volts is 300.000000
ptd-server 2021-03-09 01:50:53,880 [INFO] Sending to ptd: 'SR,V,Auto'
ptd-server 2021-03-09 01:50:54,383 [INFO] Reply from ptd: 'Range V changed'
ptd-server 2021-03-09 01:50:54,383 [INFO] Sending to ptd: 'SR,A,Auto'
ptd-server 2021-03-09 01:50:54,886 [INFO] Reply from ptd: 'Range A changed'
ptd-server 2021-03-09 01:51:04,896 [INFO] Starting ranging mode
ptd-server 2021-03-09 01:51:04,896 [INFO] Sending to ptd: 'Go,1000,0,2021-03-09_01-50-36_ranging'
ptd-server 2021-03-09 01:51:04,896 [INFO] Reply from ptd: 'Starting untimed measurement, maximum 500000 samples at 1000ms with 0 rampup samples'
ptd-server 2021-03-09 01:51:04,897 [INFO] Sending reply to client 'OK'
ptd-server 2021-03-09 02:01:20,389 [INFO] Got command from the client 'session,2021-03-09_01-50-36,stop,ranging'
ptd-server 2021-03-09 02:01:30,399 [INFO] Sending to ptd: 'Stop'
ptd-server 2021-03-09 02:01:30,400 [INFO] Reply from ptd: 'Stopping untimed measurement'
ptd-server 2021-03-09 02:01:31,080 [INFO] Sending reply to client 'OK'
ptd-server 2021-03-09 02:01:31,126 [INFO] Got command from the client 'time'
ptd-server 2021-03-09 02:01:31,127 [INFO] Sending reply to client '1615255291.1270974'
ptd-server 2021-03-09 02:01:31,131 [INFO] Got command from the client 'session,2021-03-09_01-50-36,start,testing'
ptd-server 2021-03-09 02:01:31,132 [INFO] Sending to ptd: 'SR,V,250.460000'
ptd-server 2021-03-09 02:01:32,633 [INFO] Reply from ptd: 'Range V changed'
ptd-server 2021-03-09 02:01:32,633 [INFO] Sending to ptd: 'SR,A,0.141800'
ptd-server 2021-03-09 02:01:34,135 [INFO] Reply from ptd: 'Range A changed'
ptd-server 2021-03-09 02:01:44,145 [INFO] Starting testing mode
ptd-server 2021-03-09 02:01:44,145 [INFO] Sending to ptd: 'Go,1000,0,2021-03-09_01-50-36_testing'
ptd-server 2021-03-09 02:01:44,145 [INFO] Reply from ptd: 'Starting untimed measurement, maximum 500000 samples at 1000ms with 0 rampup samples'
ptd-server 2021-03-09 02:01:44,145 [INFO] Sending reply to client 'OK'
ptd-server 2021-03-09 02:11:59,374 [INFO] Got command from the client 'session,2021-03-09_01-50-36,stop,testing'
ptd-server 2021-03-09 02:12:09,384 [INFO] Sending to ptd: 'Stop'
ptd-server 2021-03-09 02:12:09,385 [INFO] Reply from ptd: 'Stopping untimed measurement'
ptd-server 2021-03-09 02:12:09,753 [INFO] Sending reply to client 'OK'
ptd-server 2021-03-09 02:12:09,763 [INFO] Got command from the client 'session,2021-03-09_01-50-36,upload,client.log'
ptd-server 2021-03-09 02:12:09,764 [INFO] Received '/home/anton/projects/mlperf/power-dev/output/2021-03-09_01-50-36client.log.tmp'
ptd-server 2021-03-09 02:12:09,764 [INFO] Removed '/home/anton/projects/mlperf/power-dev/output/2021-03-09_01-50-36client.log.tmp'
ptd-server 2021-03-09 02:12:09,764 [INFO] Sending reply to client 'OK'
ptd-server 2021-03-09 02:12:09,770 [INFO] Got command from the client 'session,2021-03-09_01-50-36,upload,client.json'
ptd-server 2021-03-09 02:12:09,770 [INFO] Received '/home/anton/projects/mlperf/power-dev/output/2021-03-09_01-50-36client.json.tmp'
ptd-server 2021-03-09 02:12:09,771 [INFO] Removed '/home/anton/projects/mlperf/power-dev/output/2021-03-09_01-50-36client.json.tmp'
ptd-server 2021-03-09 02:12:09,771 [INFO] Sending reply to client 'OK'
ptd-server 2021-03-09 02:12:09,772 [INFO] Got command from the client 'session,2021-03-09_01-50-36,done'
ptd-server 2021-03-09 02:12:09,772 [INFO] Sending to ptd: 'Stop'
ptd-server 2021-03-09 02:12:10,146 [INFO] Reply from ptd: 'Error: no measurement to stop'
ptd-server 2021-03-09 02:12:10,146 [INFO] Sending to ptd: 'SR,V,300.000000'
ptd-server 2021-03-09 02:12:11,647 [INFO] Reply from ptd: 'Range V changed'
ptd-server 2021-03-09 02:12:11,647 [INFO] Sending to ptd: 'SR,A,0.500000'
ptd-server 2021-03-09 02:12:13,149 [INFO] Reply from ptd: 'Range A changed'
ptd-server 2021-03-09 02:12:13,149 [INFO] Set initial values for Amps 0.500000 and Volts 300.000000
ptd-server 2021-03-09 02:12:13,149 [INFO] Stopping ptd...
