ptd-server 2021-03-07 16:58:20,367 [INFO] Got command from the client 'time'
ptd-server 2021-03-07 16:58:20,367 [INFO] Sending reply to client '1615136300.3673034'
ptd-server 2021-03-07 16:58:20,370 [INFO] Got command from the client 'new,,0cb4a88a-0a88-4afe-b52c-72c67d8298a7'
ptd-server 2021-03-07 16:58:20,371 [INFO] Sending reply to client 'OK 2021-03-07_16-58-20,9874d4c8-7be8-4157-a2ce-25aba7b88935'
ptd-server 2021-03-07 16:58:20,416 [INFO] Got command from the client 'time'
ptd-server 2021-03-07 16:58:20,416 [INFO] Sending reply to client '1615136300.4168935'
ptd-server 2021-03-07 16:58:20,420 [INFO] Got command from the client 'session,2021-03-07_16-58-20,start,ranging'
ptd-server 2021-03-07 16:58:20,420 [INFO] Running PTDaemon: ['/home/anton/projects/mlperf/power/inference_v1.0/ptd-linux-x86', '-l', 'ptd.log', '-p', '8888', '52', '/dev/usbtmc0']
ptd-server 2021-03-07 16:58:37,589 [INFO] Sending to ptd: 'Hello'
ptd-server 2021-03-07 16:58:37,589 [INFO] Reply from ptd: 'Hello, PTDaemon here!'
ptd-server 2021-03-07 16:58:37,589 [INFO] Sending to ptd: 'Identify'
ptd-server 2021-03-07 16:58:37,590 [INFO] Reply from ptd: 'YokogawaWT330E,1000,1,1,1,1,0,0,1,version=1.9.2-e8c7a49a-20201208,OS=Linux 5.8.0-43-generic #49~20.04.1-Ubuntu SMP Fri Feb 5 09:57:56 UTC 2021 x86_64,mode=power,1,1,1,0,0,no_cal_date,YOKOGAWA;WT333E;C3VD30030E;F1.04'
ptd-server 2021-03-07 16:58:37,590 [INFO] Connected to PTDaemon
ptd-server 2021-03-07 16:58:37,590 [INFO] Sending to ptd: 'RR'
ptd-server 2021-03-07 16:58:37,590 [INFO] Reply from ptd: 'Ranges,0,0.500000,0,300.000000'
ptd-server 2021-03-07 16:58:37,590 [INFO] Initial range for Amps is 0.500000 for Volts is 300.000000
ptd-server 2021-03-07 16:58:37,590 [INFO] Sending to ptd: 'SR,V,Auto'
ptd-server 2021-03-07 16:58:38,093 [INFO] Reply from ptd: 'Range V changed'
ptd-server 2021-03-07 16:58:38,093 [INFO] Sending to ptd: 'SR,A,Auto'
ptd-server 2021-03-07 16:58:38,595 [INFO] Reply from ptd: 'Range A changed'
ptd-server 2021-03-07 16:58:48,606 [INFO] Starting ranging mode
ptd-server 2021-03-07 16:58:48,606 [INFO] Sending to ptd: 'Go,1000,0,2021-03-07_16-58-20_ranging'
ptd-server 2021-03-07 16:58:48,606 [INFO] Reply from ptd: 'Starting untimed measurement, maximum 500000 samples at 1000ms with 0 rampup samples'
ptd-server 2021-03-07 16:58:48,606 [INFO] Sending reply to client 'OK'
ptd-server 2021-03-07 17:09:13,692 [INFO] Got command from the client 'session,2021-03-07_16-58-20,stop,ranging'
ptd-server 2021-03-07 17:09:23,702 [INFO] Sending to ptd: 'Stop'
ptd-server 2021-03-07 17:09:23,703 [INFO] Reply from ptd: 'Stopping untimed measurement'
ptd-server 2021-03-07 17:09:24,284 [INFO] Sending reply to client 'OK'
ptd-server 2021-03-07 17:09:24,328 [INFO] Got command from the client 'time'
ptd-server 2021-03-07 17:09:24,328 [INFO] Sending reply to client '1615136964.3289623'
ptd-server 2021-03-07 17:09:24,333 [INFO] Got command from the client 'session,2021-03-07_16-58-20,start,testing'
ptd-server 2021-03-07 17:09:24,333 [INFO] Sending to ptd: 'SR,V,250.170000'
ptd-server 2021-03-07 17:09:26,107 [INFO] Reply from ptd: 'Range V changed'
ptd-server 2021-03-07 17:09:26,107 [INFO] Sending to ptd: 'SR,A,0.053550'
ptd-server 2021-03-07 17:09:27,609 [INFO] Reply from ptd: 'Range A changed'
ptd-server 2021-03-07 17:09:37,619 [INFO] Starting testing mode
ptd-server 2021-03-07 17:09:37,619 [INFO] Sending to ptd: 'Go,1000,0,2021-03-07_16-58-20_testing'
ptd-server 2021-03-07 17:09:37,620 [INFO] Reply from ptd: 'Starting untimed measurement, maximum 500000 samples at 1000ms with 0 rampup samples'
ptd-server 2021-03-07 17:09:37,620 [INFO] Sending reply to client 'OK'
ptd-server 2021-03-07 17:20:07,685 [INFO] Got command from the client 'session,2021-03-07_16-58-20,stop,testing'
ptd-server 2021-03-07 17:20:17,692 [INFO] Sending to ptd: 'Stop'
ptd-server 2021-03-07 17:20:17,693 [INFO] Reply from ptd: 'Stopping untimed measurement'
ptd-server 2021-03-07 17:20:17,999 [INFO] Sending reply to client 'OK'
ptd-server 2021-03-07 17:20:18,007 [INFO] Got command from the client 'session,2021-03-07_16-58-20,upload,client.log'
ptd-server 2021-03-07 17:20:18,010 [INFO] Received '/home/anton/projects/mlperf/power-dev/output/2021-03-07_16-58-20client.log.tmp'
ptd-server 2021-03-07 17:20:18,010 [INFO] Removed '/home/anton/projects/mlperf/power-dev/output/2021-03-07_16-58-20client.log.tmp'
ptd-server 2021-03-07 17:20:18,010 [INFO] Sending reply to client 'OK'
ptd-server 2021-03-07 17:20:18,022 [INFO] Got command from the client 'session,2021-03-07_16-58-20,upload,client.json'
ptd-server 2021-03-07 17:20:18,025 [INFO] Received '/home/anton/projects/mlperf/power-dev/output/2021-03-07_16-58-20client.json.tmp'
ptd-server 2021-03-07 17:20:18,026 [INFO] Removed '/home/anton/projects/mlperf/power-dev/output/2021-03-07_16-58-20client.json.tmp'
ptd-server 2021-03-07 17:20:18,026 [INFO] Sending reply to client 'OK'
ptd-server 2021-03-07 17:20:18,029 [INFO] Got command from the client 'session,2021-03-07_16-58-20,done'
ptd-server 2021-03-07 17:20:18,029 [INFO] Sending to ptd: 'Stop'
ptd-server 2021-03-07 17:20:18,620 [INFO] Reply from ptd: 'Error: no measurement to stop'
ptd-server 2021-03-07 17:20:18,620 [INFO] Sending to ptd: 'SR,V,300.000000'
ptd-server 2021-03-07 17:20:20,122 [INFO] Reply from ptd: 'Range V changed'
ptd-server 2021-03-07 17:20:20,122 [INFO] Sending to ptd: 'SR,A,0.500000'
ptd-server 2021-03-07 17:20:21,623 [INFO] Reply from ptd: 'Range A changed'
ptd-server 2021-03-07 17:20:21,623 [INFO] Set initial values for Amps 0.500000 and Volts 300.000000
ptd-server 2021-03-07 17:20:21,623 [INFO] Stopping ptd...
