ptd-server 2021-03-09 11:37:00,506 [INFO] Got command from the client 'time'
ptd-server 2021-03-09 11:37:00,506 [INFO] Sending reply to client '1615289820.5066013'
ptd-server 2021-03-09 11:37:00,509 [INFO] Got command from the client 'new,,398e7103-ab01-4d69-87fd-006d005f0bb2'
ptd-server 2021-03-09 11:37:00,509 [INFO] Sending reply to client 'OK 2021-03-09_11-37-00,648c0681-61f6-43a4-bbcc-8cd8686a44a4'
ptd-server 2021-03-09 11:37:00,556 [INFO] Got command from the client 'time'
ptd-server 2021-03-09 11:37:00,556 [INFO] Sending reply to client '1615289820.5562806'
ptd-server 2021-03-09 11:37:00,558 [INFO] Got command from the client 'session,2021-03-09_11-37-00,start,ranging'
ptd-server 2021-03-09 11:37:00,558 [INFO] Running PTDaemon: ['/home/anton/projects/mlperf/power/inference_v1.0/ptd-linux-x86', '-l', 'ptd.log', '-p', '8888', '52', '/dev/usbtmc0']
ptd-server 2021-03-09 11:37:17,731 [INFO] Sending to ptd: 'Hello'
ptd-server 2021-03-09 11:37:17,732 [INFO] Reply from ptd: 'Hello, PTDaemon here!'
ptd-server 2021-03-09 11:37:17,732 [INFO] Sending to ptd: 'Identify'
ptd-server 2021-03-09 11:37:17,733 [INFO] Reply from ptd: 'YokogawaWT330E,1000,1,1,1,1,0,0,1,version=1.9.2-e8c7a49a-20201208,OS=Linux 5.8.0-43-generic #49~20.04.1-Ubuntu SMP Fri Feb 5 09:57:56 UTC 2021 x86_64,mode=power,1,1,1,0,0,no_cal_date,YOKOGAWA;WT333E;C3VD30030E;F1.04'
ptd-server 2021-03-09 11:37:17,733 [INFO] Connected to PTDaemon
ptd-server 2021-03-09 11:37:17,733 [INFO] Sending to ptd: 'RR'
ptd-server 2021-03-09 11:37:17,733 [INFO] Reply from ptd: 'Ranges,0,0.500000,0,300.000000'
ptd-server 2021-03-09 11:37:17,733 [INFO] Initial range for Amps is 0.500000 for Volts is 300.000000
ptd-server 2021-03-09 11:37:17,733 [INFO] Sending to ptd: 'SR,V,Auto'
ptd-server 2021-03-09 11:37:18,236 [INFO] Reply from ptd: 'Range V changed'
ptd-server 2021-03-09 11:37:18,236 [INFO] Sending to ptd: 'SR,A,Auto'
ptd-server 2021-03-09 11:37:18,738 [INFO] Reply from ptd: 'Range A changed'
ptd-server 2021-03-09 11:37:28,749 [INFO] Starting ranging mode
ptd-server 2021-03-09 11:37:28,749 [INFO] Sending to ptd: 'Go,1000,0,2021-03-09_11-37-00_ranging'
ptd-server 2021-03-09 11:37:28,749 [INFO] Reply from ptd: 'Starting untimed measurement, maximum 500000 samples at 1000ms with 0 rampup samples'
ptd-server 2021-03-09 11:37:28,749 [INFO] Sending reply to client 'OK'
ptd-server 2021-03-09 11:47:44,323 [INFO] Got command from the client 'session,2021-03-09_11-37-00,stop,ranging'
ptd-server 2021-03-09 11:47:54,333 [INFO] Sending to ptd: 'Stop'
ptd-server 2021-03-09 11:47:54,334 [INFO] Reply from ptd: 'Stopping untimed measurement'
ptd-server 2021-03-09 11:47:55,094 [INFO] Sending reply to client 'OK'
ptd-server 2021-03-09 11:47:55,134 [INFO] Got command from the client 'time'
ptd-server 2021-03-09 11:47:55,134 [INFO] Sending reply to client '1615290475.1347108'
ptd-server 2021-03-09 11:47:55,137 [INFO] Got command from the client 'session,2021-03-09_11-37-00,start,testing'
ptd-server 2021-03-09 11:47:55,137 [INFO] Sending to ptd: 'SR,V,250.750000'
ptd-server 2021-03-09 11:47:56,638 [INFO] Reply from ptd: 'Range V changed'
ptd-server 2021-03-09 11:47:56,638 [INFO] Sending to ptd: 'SR,A,0.143290'
ptd-server 2021-03-09 11:47:58,139 [INFO] Reply from ptd: 'Range A changed'
ptd-server 2021-03-09 11:48:08,149 [INFO] Starting testing mode
ptd-server 2021-03-09 11:48:08,150 [INFO] Sending to ptd: 'Go,1000,0,2021-03-09_11-37-00_testing'
ptd-server 2021-03-09 11:48:08,150 [INFO] Reply from ptd: 'Starting untimed measurement, maximum 500000 samples at 1000ms with 0 rampup samples'
ptd-server 2021-03-09 11:48:08,150 [INFO] Sending reply to client 'OK'
ptd-server 2021-03-09 11:58:23,704 [INFO] Got command from the client 'session,2021-03-09_11-37-00,stop,testing'
ptd-server 2021-03-09 11:58:33,715 [INFO] Sending to ptd: 'Stop'
ptd-server 2021-03-09 11:58:33,715 [INFO] Reply from ptd: 'Stopping untimed measurement'
ptd-server 2021-03-09 11:58:34,138 [INFO] Sending reply to client 'OK'
ptd-server 2021-03-09 11:58:34,147 [INFO] Got command from the client 'session,2021-03-09_11-37-00,upload,client.log'
ptd-server 2021-03-09 11:58:34,148 [INFO] Received '/home/anton/projects/mlperf/power-dev/output/2021-03-09_11-37-00client.log.tmp'
ptd-server 2021-03-09 11:58:34,149 [INFO] Removed '/home/anton/projects/mlperf/power-dev/output/2021-03-09_11-37-00client.log.tmp'
ptd-server 2021-03-09 11:58:34,149 [INFO] Sending reply to client 'OK'
ptd-server 2021-03-09 11:58:34,156 [INFO] Got command from the client 'session,2021-03-09_11-37-00,upload,client.json'
ptd-server 2021-03-09 11:58:34,156 [INFO] Received '/home/anton/projects/mlperf/power-dev/output/2021-03-09_11-37-00client.json.tmp'
ptd-server 2021-03-09 11:58:34,157 [INFO] Removed '/home/anton/projects/mlperf/power-dev/output/2021-03-09_11-37-00client.json.tmp'
ptd-server 2021-03-09 11:58:34,157 [INFO] Sending reply to client 'OK'
ptd-server 2021-03-09 11:58:34,158 [INFO] Got command from the client 'session,2021-03-09_11-37-00,done'
ptd-server 2021-03-09 11:58:34,158 [INFO] Sending to ptd: 'Stop'
ptd-server 2021-03-09 11:58:34,158 [INFO] Reply from ptd: 'Error: no measurement to stop'
ptd-server 2021-03-09 11:58:34,158 [INFO] Sending to ptd: 'SR,V,300.000000'
ptd-server 2021-03-09 11:58:35,659 [INFO] Reply from ptd: 'Range V changed'
ptd-server 2021-03-09 11:58:35,660 [INFO] Sending to ptd: 'SR,A,0.500000'
ptd-server 2021-03-09 11:58:37,161 [INFO] Reply from ptd: 'Range A changed'
ptd-server 2021-03-09 11:58:37,161 [INFO] Set initial values for Amps 0.500000 and Volts 300.000000
ptd-server 2021-03-09 11:58:37,161 [INFO] Stopping ptd...
