client 2021-03-17 08:36:28,724 [WARNING] Removing old loadgen logs directory '/home/scratch.mlperf_inf_ci/mlPerf/L1/XavierNX_MaxQ-Commputelab-XavierNX-MaxQ-L1-2-2021-03-17-10-42-27-UTC/mlperf-inference/closed/NVIDIA/build/power_logs_temp'
client 2021-03-17 08:36:28,737 [INFO] Sending command to the server: 'mlcommons/power client v3'
client 2021-03-17 08:36:28,739 [INFO] Got response: 'mlcommons/power server v3'
client 2021-03-17 08:36:28,739 [INFO] Sending command to the server: 'stop'
client 2021-03-17 08:36:28,741 [INFO] Got response: 'OK'
client 2021-03-17 08:36:28,741 [INFO] Synchronizing with the server and with ib-01.dc4-in.nvidia.com...
client 2021-03-17 08:36:29,183 [INFO] NTP:offset = 0.006 s, delay = 0.202 s 
client 2021-03-17 08:36:29,183 [INFO] Sending command to the server: 'time'
client 2021-03-17 08:36:29,190 [INFO] Got response: '1615995389.2443898'
client 2021-03-17 08:36:29,190 [INFO] The time difference between the client and the server is within range -60.790 ms..-53.796 ms
client 2021-03-17 08:36:29,191 [INFO] Sending command to the server: 'new,,9cb6874b-97d2-4a76-8a82-6fe59393e8ed'
client 2021-03-17 08:36:29,193 [INFO] Got response: 'OK 2021-03-17_08-36-29,c373921b-f6f4-420d-beff-a975ac098aac'
client 2021-03-17 08:36:29,193 [INFO] Session id is '2021-03-17_08-36-29'
client 2021-03-17 08:36:29,193 [INFO] Sources: {"sources": {"client.py": "d1e75cb4b26101220ebd242e584cf3ca5d8f1996", "lib/__init__.py": "da39a3ee5e6b4b0d3255bfef95601890afd80709", "lib/client.py": "d42bebf5b74cb6ff3997e2a6c68422afac111a28", "lib/common.py": "b0bad80d8fa328a7636027d4d66ff453f8dd7889", "lib/external/ntplib.py": "4da8f970656505a40483206ef2b5d3dd5e81711d", "lib/server.py": "2ed36471c7af565d6c8438b2134edad1d7ddf166", "lib/source_hashes.py": "4cedff274c661cb1504052018fd4f00dfbf624ef", "lib/summary.py": "0db15d783907aa92038281af4e465545c0648ddb", "lib/time_sync.py": "76051226ec89287839723352f4162aaa24e0546a", "server.py": "99e1310e3f76292aef1b8792ce6b8c82f1d44d8b", "tests/unit/test_server.py": "64f11775bfed35232a0e8bb9593c0ff992432c59", "tests/unit/test_source_hashes.py": "cb41a7261eaf7d94ba5c0aae9c523174f6204be3"}, "modules": {"__main__": "client.py", "lib.client": "lib/client.py", "lib.common": "lib/common.py", "lib.external.ntplib": "lib/external/ntplib.py", "lib.source_hashes": "lib/source_hashes.py", "lib.summary": "lib/summary.py", "lib.time_sync": "lib/time_sync.py"}}
client 2021-03-17 08:36:29,196 [INFO] Running workload in ranging mode
client 2021-03-17 08:36:29,196 [INFO] Synchronizing with the server and with ib-01.dc4-in.nvidia.com...
client 2021-03-17 08:36:29,404 [INFO] NTP:offset = 0.005 s, delay = 0.202 s 
client 2021-03-17 08:36:29,405 [INFO] Sending command to the server: 'time'
client 2021-03-17 08:36:29,407 [INFO] Got response: '1615995389.4630854'
client 2021-03-17 08:36:29,407 [INFO] The time difference between the client and the server is within range -57.894 ms..-55.796 ms
client 2021-03-17 08:36:29,407 [INFO] Sending command to the server: 'session,2021-03-17_08-36-29,start,ranging'
client 2021-03-17 08:36:59,242 [INFO] Got response: 'OK'
client 2021-03-17 08:36:59,243 [INFO] Running the workload 'LOG_DIR=/home/scratch.mlperf_inf_ci/mlPerf/L1/XavierNX_MaxQ-Commputelab-XavierNX-MaxQ-L1-2-2021-03-17-10-42-27-UTC/mlperf-inference/closed/NVIDIA/build/power_logs_temp python3 code/main.py --benchmarks=rnnt --scenarios=SingleStream --test_mode=PerformanceOnly --config_ver=maxq --action="run_harness" \\\n\t\t&& cp -v /home/scratch.mlperf_inf_ci/mlPerf/L1/XavierNX_MaxQ-Commputelab-XavierNX-MaxQ-L1-2-2021-03-17-10-42-27-UTC/mlperf-inference/closed/NVIDIA/build/power_logs_temp/*/*/*/mlperf_log_detail.txt /home/scratch.mlperf_inf_ci/mlPerf/L1/XavierNX_MaxQ-Commputelab-XavierNX-MaxQ-L1-2-2021-03-17-10-42-27-UTC/mlperf-inference/closed/NVIDIA/build/power_logs_temp/ \\\n\t\t&& cp -v /home/scratch.mlperf_inf_ci/mlPerf/L1/XavierNX_MaxQ-Commputelab-XavierNX-MaxQ-L1-2-2021-03-17-10-42-27-UTC/mlperf-inference/closed/NVIDIA/build/power_logs_temp/*/*/*/mlperf_log_summary.txt /home/scratch.mlperf_inf_ci/mlPerf/L1/XavierNX_MaxQ-Commputelab-XavierNX-MaxQ-L1-2-2021-03-17-10-42-27-UTC/mlperf-inference/closed/NVIDIA/build/power_logs_temp/'
client 2021-03-17 08:47:59,496 [INFO] Sending command to the server: 'session,2021-03-17_08-36-29,stop,ranging'
client 2021-03-17 08:48:09,830 [INFO] Got response: 'OK'
client 2021-03-17 08:48:09,839 [INFO] Packing logs into zip and uploading to the server
client 2021-03-17 08:48:09,881 [INFO] Zip file size: 22.1 kB
client 2021-03-17 08:48:09,901 [INFO] Got response: 'OK'
client 2021-03-17 08:48:09,903 [INFO] Running workload in testing mode
client 2021-03-17 08:48:09,903 [INFO] Synchronizing with the server and with ib-01.dc4-in.nvidia.com...
client 2021-03-17 08:48:10,112 [INFO] NTP:offset = 0.004 s, delay = 0.202 s 
client 2021-03-17 08:48:10,112 [INFO] Sending command to the server: 'time'
client 2021-03-17 08:48:10,114 [INFO] Got response: '1615996090.1690114'
client 2021-03-17 08:48:10,114 [INFO] The time difference between the client and the server is within range -56.658 ms..-54.466 ms
client 2021-03-17 08:48:10,114 [INFO] Sending command to the server: 'session,2021-03-17_08-36-29,start,testing'
client 2021-03-17 08:48:23,309 [INFO] Got response: 'OK'
client 2021-03-17 08:48:23,310 [INFO] Running the workload 'LOG_DIR=/home/scratch.mlperf_inf_ci/mlPerf/L1/XavierNX_MaxQ-Commputelab-XavierNX-MaxQ-L1-2-2021-03-17-10-42-27-UTC/mlperf-inference/closed/NVIDIA/build/power_logs_temp python3 code/main.py --benchmarks=rnnt --scenarios=SingleStream --test_mode=PerformanceOnly --config_ver=maxq --action="run_harness" \\\n\t\t&& cp -v /home/scratch.mlperf_inf_ci/mlPerf/L1/XavierNX_MaxQ-Commputelab-XavierNX-MaxQ-L1-2-2021-03-17-10-42-27-UTC/mlperf-inference/closed/NVIDIA/build/power_logs_temp/*/*/*/mlperf_log_detail.txt /home/scratch.mlperf_inf_ci/mlPerf/L1/XavierNX_MaxQ-Commputelab-XavierNX-MaxQ-L1-2-2021-03-17-10-42-27-UTC/mlperf-inference/closed/NVIDIA/build/power_logs_temp/ \\\n\t\t&& cp -v /home/scratch.mlperf_inf_ci/mlPerf/L1/XavierNX_MaxQ-Commputelab-XavierNX-MaxQ-L1-2-2021-03-17-10-42-27-UTC/mlperf-inference/closed/NVIDIA/build/power_logs_temp/*/*/*/mlperf_log_summary.txt /home/scratch.mlperf_inf_ci/mlPerf/L1/XavierNX_MaxQ-Commputelab-XavierNX-MaxQ-L1-2-2021-03-17-10-42-27-UTC/mlperf-inference/closed/NVIDIA/build/power_logs_temp/'
client 2021-03-17 08:59:11,439 [INFO] Sending command to the server: 'session,2021-03-17_08-36-29,stop,testing'
client 2021-03-17 08:59:21,617 [INFO] Got response: 'OK'
client 2021-03-17 08:59:21,625 [INFO] Packing logs into zip and uploading to the server
client 2021-03-17 08:59:21,664 [INFO] Zip file size: 22.1 kB
client 2021-03-17 08:59:21,684 [INFO] Got response: 'OK'
client 2021-03-17 08:59:21,685 [INFO] Done runs
