ptd-server 2021-03-17 08:36:28,807 [INFO] Got command from the client 'stop'
ptd-server 2021-03-17 08:36:28,807 [INFO] The server will be stopped after processing this client
ptd-server 2021-03-17 08:36:28,807 [INFO] Sending reply to client 'OK'
ptd-server 2021-03-17 08:36:29,244 [INFO] Got command from the client 'time'
ptd-server 2021-03-17 08:36:29,244 [INFO] Sending reply to client '1615995389.2443898'
ptd-server 2021-03-17 08:36:29,260 [INFO] Got command from the client 'new,,9cb6874b-97d2-4a76-8a82-6fe59393e8ed'
ptd-server 2021-03-17 08:36:29,260 [INFO] Sending reply to client 'OK 2021-03-17_08-36-29,c373921b-f6f4-420d-beff-a975ac098aac'
ptd-server 2021-03-17 08:36:29,463 [INFO] Got command from the client 'time'
ptd-server 2021-03-17 08:36:29,463 [INFO] Sending reply to client '1615995389.4630854'
ptd-server 2021-03-17 08:36:29,463 [INFO] Got command from the client 'session,2021-03-17_08-36-29,start,ranging'
ptd-server 2021-03-17 08:36:29,588 [INFO] Running PTDaemon: ['C:\\PTD\\ptd-windows-x86.exe', '-l', 'C:\\logs_ptdeamon.txt', '-p', '8888', '-c', '1', '-y', '52', '10.32.209.251']
ptd-server 2021-03-17 08:36:48,261 [INFO] Sending to ptd: 'Hello'
ptd-server 2021-03-17 08:36:48,261 [INFO] Reply from ptd: 'Hello, PTDaemon here!'
ptd-server 2021-03-17 08:36:48,261 [INFO] Sending to ptd: 'Identify'
ptd-server 2021-03-17 08:36:48,261 [INFO] Reply from ptd: 'YokogawaWT330E,1000,1,1,1,1,0,0,1,version=1.9.2-3976349f-20201208,OS=Windows 8 / Server 2012,mode=power,1,1,1,0,0,no_cal_date,YOKOGAWA;WT333E;C2VL22012V;F1.03'
ptd-server 2021-03-17 08:36:48,261 [INFO] Connected to PTDaemon
ptd-server 2021-03-17 08:36:48,261 [INFO] Sending to ptd: 'RR'
ptd-server 2021-03-17 08:36:48,261 [INFO] Reply from ptd: 'Ranges,0,0.500000,0,150.000000'
ptd-server 2021-03-17 08:36:48,261 [INFO] Initial range for Amps is 0.500000 for Volts is 150.000000
ptd-server 2021-03-17 08:36:48,261 [INFO] Sending to ptd: 'SR,V,Auto'
ptd-server 2021-03-17 08:36:48,775 [INFO] Reply from ptd: 'Range V changed'
ptd-server 2021-03-17 08:36:48,775 [INFO] Sending to ptd: 'SR,A,Auto'
ptd-server 2021-03-17 08:36:49,290 [INFO] Reply from ptd: 'Range A changed'
ptd-server 2021-03-17 08:36:59,305 [INFO] Starting ranging mode
ptd-server 2021-03-17 08:36:59,305 [INFO] Sending to ptd: 'Go,1000,0,2021-03-17_08-36-29_ranging'
ptd-server 2021-03-17 08:36:59,305 [INFO] Reply from ptd: 'Starting untimed measurement, maximum 500000 samples at 1000ms with 0 rampup samples'
ptd-server 2021-03-17 08:36:59,305 [INFO] Sending reply to client 'OK'
ptd-server 2021-03-17 08:47:59,562 [INFO] Got command from the client 'session,2021-03-17_08-36-29,stop,ranging'
ptd-server 2021-03-17 08:48:09,575 [INFO] Sending to ptd: 'Stop'
ptd-server 2021-03-17 08:48:09,575 [INFO] Reply from ptd: 'Stopping untimed measurement'
ptd-server 2021-03-17 08:48:09,887 [INFO] Sending reply to client 'OK'
ptd-server 2021-03-17 08:48:09,950 [INFO] Got command from the client 'session,2021-03-17_08-36-29,upload,ranging'
ptd-server 2021-03-17 08:48:09,950 [INFO] Received 'C:\\ptd-logs\\2021-03-17_08-36-29ranging.tmp'
ptd-server 2021-03-17 08:48:09,965 [INFO] Extracted 'C:\\ptd-logs\\2021-03-17_08-36-29ranging.tmp' into 'C:\\ptd-logs\\2021-03-17_08-36-29\\ranging'
ptd-server 2021-03-17 08:48:09,965 [INFO] Removed 'C:\\ptd-logs\\2021-03-17_08-36-29ranging.tmp'
ptd-server 2021-03-17 08:48:09,965 [INFO] Sending reply to client 'OK'
ptd-server 2021-03-17 08:48:10,169 [INFO] Got command from the client 'time'
ptd-server 2021-03-17 08:48:10,169 [INFO] Sending reply to client '1615996090.1690114'
ptd-server 2021-03-17 08:48:10,184 [INFO] Got command from the client 'session,2021-03-17_08-36-29,start,testing'
ptd-server 2021-03-17 08:48:10,184 [INFO] Sending to ptd: 'SR,V,120.060000'
ptd-server 2021-03-17 08:48:11,840 [INFO] Reply from ptd: 'Range V changed'
ptd-server 2021-03-17 08:48:11,840 [INFO] Sending to ptd: 'SR,A,0.333700'
ptd-server 2021-03-17 08:48:13,371 [INFO] Reply from ptd: 'Range A changed'
ptd-server 2021-03-17 08:48:23,371 [INFO] Starting testing mode
ptd-server 2021-03-17 08:48:23,371 [INFO] Sending to ptd: 'Go,1000,0,2021-03-17_08-36-29_testing'
ptd-server 2021-03-17 08:48:23,371 [INFO] Reply from ptd: 'Starting untimed measurement, maximum 500000 samples at 1000ms with 0 rampup samples'
ptd-server 2021-03-17 08:48:23,371 [INFO] Sending reply to client 'OK'
ptd-server 2021-03-17 08:59:11,508 [INFO] Got command from the client 'session,2021-03-17_08-36-29,stop,testing'
ptd-server 2021-03-17 08:59:21,521 [INFO] Sending to ptd: 'Stop'
ptd-server 2021-03-17 08:59:21,521 [INFO] Reply from ptd: 'Stopping untimed measurement'
ptd-server 2021-03-17 08:59:21,677 [INFO] Sending reply to client 'OK'
ptd-server 2021-03-17 08:59:21,724 [INFO] Got command from the client 'session,2021-03-17_08-36-29,upload,testing'
ptd-server 2021-03-17 08:59:21,724 [INFO] Received 'C:\\ptd-logs\\2021-03-17_08-36-29testing.tmp'
ptd-server 2021-03-17 08:59:21,739 [INFO] Extracted 'C:\\ptd-logs\\2021-03-17_08-36-29testing.tmp' into 'C:\\ptd-logs\\2021-03-17_08-36-29\\run_1'
ptd-server 2021-03-17 08:59:21,739 [INFO] Removed 'C:\\ptd-logs\\2021-03-17_08-36-29testing.tmp'
ptd-server 2021-03-17 08:59:21,739 [INFO] Sending reply to client 'OK'
ptd-server 2021-03-17 08:59:21,755 [INFO] Got command from the client 'session,2021-03-17_08-36-29,upload,client.log'
ptd-server 2021-03-17 08:59:21,755 [INFO] Received 'C:\\ptd-logs\\2021-03-17_08-36-29client.log.tmp'
ptd-server 2021-03-17 08:59:21,771 [INFO] Removed 'C:\\ptd-logs\\2021-03-17_08-36-29client.log.tmp'
ptd-server 2021-03-17 08:59:21,771 [INFO] Sending reply to client 'OK'
ptd-server 2021-03-17 08:59:21,802 [INFO] Got command from the client 'session,2021-03-17_08-36-29,upload,client.json'
ptd-server 2021-03-17 08:59:21,818 [INFO] Received 'C:\\ptd-logs\\2021-03-17_08-36-29client.json.tmp'
ptd-server 2021-03-17 08:59:21,818 [INFO] Removed 'C:\\ptd-logs\\2021-03-17_08-36-29client.json.tmp'
ptd-server 2021-03-17 08:59:21,818 [INFO] Sending reply to client 'OK'
ptd-server 2021-03-17 08:59:21,818 [INFO] Got command from the client 'session,2021-03-17_08-36-29,done'
ptd-server 2021-03-17 08:59:21,818 [INFO] Sending to ptd: 'Stop'
ptd-server 2021-03-17 08:59:22,380 [INFO] Reply from ptd: 'Error: no measurement to stop'
ptd-server 2021-03-17 08:59:22,380 [INFO] Sending to ptd: 'SR,V,150.000000'
ptd-server 2021-03-17 08:59:23,911 [INFO] Reply from ptd: 'Range V changed'
ptd-server 2021-03-17 08:59:23,911 [INFO] Sending to ptd: 'SR,A,0.500000'
ptd-server 2021-03-17 08:59:25,442 [INFO] Reply from ptd: 'Range A changed'
ptd-server 2021-03-17 08:59:25,442 [INFO] Set initial values for Amps 0.500000 and Volts 150.000000
ptd-server 2021-03-17 08:59:25,442 [INFO] Stopping ptd...
