ptd-server 2021-02-27 17:04:39,284 [INFO] Got command from the client 'time'
ptd-server 2021-02-27 17:04:39,284 [INFO] Sending reply to client '1614445479.2848358'
ptd-server 2021-02-27 17:04:39,286 [INFO] Got command from the client 'new,,5bab8df4-00f3-4973-9582-261a96639ff0'
ptd-server 2021-02-27 17:04:39,286 [INFO] Sending reply to client 'OK 2021-02-27_17-04-39,ff0c299c-eab3-4a49-97d4-4fa8ff40c16f'
ptd-server 2021-02-27 17:04:39,315 [INFO] Got command from the client 'time'
ptd-server 2021-02-27 17:04:39,315 [INFO] Sending reply to client '1614445479.315263'
ptd-server 2021-02-27 17:04:39,316 [INFO] Got command from the client 'session,2021-02-27_17-04-39,start,ranging'
ptd-server 2021-02-27 17:04:39,316 [INFO] Running PTDaemon: ['/home/anton/projects/mlperf/power/inference_v1.0/ptd-linux-x86', '-l', 'ptd.log', '-p', '8888', '52', '/dev/usbtmc0']
ptd-server 2021-02-27 17:04:56,485 [INFO] Sending to ptd: 'Hello'
ptd-server 2021-02-27 17:04:56,486 [INFO] Reply from ptd: 'Hello, PTDaemon here!'
ptd-server 2021-02-27 17:04:56,486 [INFO] Sending to ptd: 'Identify'
ptd-server 2021-02-27 17:04:56,486 [INFO] Reply from ptd: 'YokogawaWT330E,1000,1,1,1,1,0,0,1,version=1.9.2-e8c7a49a-20201208,OS=Linux 5.8.0-43-generic #49~20.04.1-Ubuntu SMP Fri Feb 5 09:57:56 UTC 2021 x86_64,mode=power,1,1,1,0,0,no_cal_date,YOKOGAWA;WT333E;C3VD30030E;F1.04'
ptd-server 2021-02-27 17:04:56,486 [INFO] Connected to PTDaemon
ptd-server 2021-02-27 17:04:56,486 [INFO] Sending to ptd: 'RR'
ptd-server 2021-02-27 17:04:56,487 [INFO] Reply from ptd: 'Ranges,0,0.500000,0,300.000000'
ptd-server 2021-02-27 17:04:56,487 [INFO] Initial range for Amps is 0.500000 for Volts is 300.000000
ptd-server 2021-02-27 17:04:56,487 [INFO] Sending to ptd: 'SR,V,Auto'
ptd-server 2021-02-27 17:04:56,989 [INFO] Reply from ptd: 'Range V changed'
ptd-server 2021-02-27 17:04:56,990 [INFO] Sending to ptd: 'SR,A,Auto'
ptd-server 2021-02-27 17:04:57,492 [INFO] Reply from ptd: 'Range A changed'
ptd-server 2021-02-27 17:05:07,502 [INFO] Starting ranging mode
ptd-server 2021-02-27 17:05:07,502 [INFO] Sending to ptd: 'Go,1000,0,2021-02-27_17-04-39_ranging'
ptd-server 2021-02-27 17:05:07,503 [INFO] Reply from ptd: 'Starting untimed measurement, maximum 500000 samples at 1000ms with 0 rampup samples'
ptd-server 2021-02-27 17:05:07,503 [INFO] Sending reply to client 'OK'
ptd-server 2021-02-27 17:15:25,986 [INFO] Got command from the client 'session,2021-02-27_17-04-39,stop,ranging'
ptd-server 2021-02-27 17:15:35,997 [INFO] Sending to ptd: 'Stop'
ptd-server 2021-02-27 17:15:35,997 [INFO] Reply from ptd: 'Stopping untimed measurement'
ptd-server 2021-02-27 17:15:36,123 [INFO] Sending reply to client 'OK'
ptd-server 2021-02-27 17:15:36,193 [INFO] Got command from the client 'time'
ptd-server 2021-02-27 17:15:36,193 [INFO] Sending reply to client '1614446136.1934352'
ptd-server 2021-02-27 17:15:36,194 [INFO] Got command from the client 'session,2021-02-27_17-04-39,start,testing'
ptd-server 2021-02-27 17:15:36,194 [INFO] Sending to ptd: 'SR,V,249.030000'
ptd-server 2021-02-27 17:15:38,004 [INFO] Reply from ptd: 'Range V changed'
ptd-server 2021-02-27 17:15:38,005 [INFO] Sending to ptd: 'SR,A,0.178520'
ptd-server 2021-02-27 17:15:39,506 [INFO] Reply from ptd: 'Range A changed'
ptd-server 2021-02-27 17:15:49,516 [INFO] Starting testing mode
ptd-server 2021-02-27 17:15:49,516 [INFO] Sending to ptd: 'Go,1000,0,2021-02-27_17-04-39_testing'
ptd-server 2021-02-27 17:15:49,517 [INFO] Reply from ptd: 'Starting untimed measurement, maximum 500000 samples at 1000ms with 0 rampup samples'
ptd-server 2021-02-27 17:15:49,517 [INFO] Sending reply to client 'OK'
ptd-server 2021-02-27 17:26:07,754 [INFO] Got command from the client 'session,2021-02-27_17-04-39,stop,testing'
ptd-server 2021-02-27 17:26:17,765 [INFO] Sending to ptd: 'Stop'
ptd-server 2021-02-27 17:26:17,765 [INFO] Reply from ptd: 'Stopping untimed measurement'
ptd-server 2021-02-27 17:26:17,826 [INFO] Sending reply to client 'OK'
ptd-server 2021-02-27 17:26:17,830 [INFO] Got command from the client 'session,2021-02-27_17-04-39,upload,client.log'
ptd-server 2021-02-27 17:26:17,831 [INFO] Received '/home/anton/projects/mlperf/power-dev/output/2021-02-27_17-04-39client.log.tmp'
ptd-server 2021-02-27 17:26:17,831 [INFO] Removed '/home/anton/projects/mlperf/power-dev/output/2021-02-27_17-04-39client.log.tmp'
ptd-server 2021-02-27 17:26:17,831 [INFO] Sending reply to client 'OK'
ptd-server 2021-02-27 17:26:17,835 [INFO] Got command from the client 'session,2021-02-27_17-04-39,upload,client.json'
ptd-server 2021-02-27 17:26:17,835 [INFO] Received '/home/anton/projects/mlperf/power-dev/output/2021-02-27_17-04-39client.json.tmp'
ptd-server 2021-02-27 17:26:17,836 [INFO] Removed '/home/anton/projects/mlperf/power-dev/output/2021-02-27_17-04-39client.json.tmp'
ptd-server 2021-02-27 17:26:17,836 [INFO] Sending reply to client 'OK'
ptd-server 2021-02-27 17:26:17,836 [INFO] Got command from the client 'session,2021-02-27_17-04-39,done'
ptd-server 2021-02-27 17:26:17,837 [INFO] Sending to ptd: 'Stop'
ptd-server 2021-02-27 17:26:18,517 [INFO] Reply from ptd: 'Error: no measurement to stop'
ptd-server 2021-02-27 17:26:18,517 [INFO] Sending to ptd: 'SR,V,300.000000'
ptd-server 2021-02-27 17:26:20,019 [INFO] Reply from ptd: 'Range V changed'
ptd-server 2021-02-27 17:26:20,019 [INFO] Sending to ptd: 'SR,A,0.500000'
ptd-server 2021-02-27 17:26:21,520 [INFO] Reply from ptd: 'Range A changed'
ptd-server 2021-02-27 17:26:21,520 [INFO] Set initial values for Amps 0.500000 and Volts 300.000000
ptd-server 2021-02-27 17:26:21,521 [INFO] Stopping ptd...
