ptd-server 2021-03-06 13:52:37,148 [INFO] Got command from the client 'time'
ptd-server 2021-03-06 13:52:37,148 [INFO] Sending reply to client '1615038757.1487079'
ptd-server 2021-03-06 13:52:37,151 [INFO] Got command from the client 'new,,f11b2fe4-8eaa-4b7e-a4ad-1e3ce9c36066'
ptd-server 2021-03-06 13:52:37,152 [INFO] Sending reply to client 'OK 2021-03-06_13-52-37,d45e373b-ca6f-4ab2-87df-10a7c91b6b57'
ptd-server 2021-03-06 13:52:37,188 [INFO] Got command from the client 'time'
ptd-server 2021-03-06 13:52:37,188 [INFO] Sending reply to client '1615038757.1885934'
ptd-server 2021-03-06 13:52:37,191 [INFO] Got command from the client 'session,2021-03-06_13-52-37,start,ranging'
ptd-server 2021-03-06 13:52:37,192 [INFO] Running PTDaemon: ['/home/anton/projects/mlperf/power/inference_v1.0/ptd-linux-x86', '-l', 'ptd.log', '-p', '8888', '52', '/dev/usbtmc0']
ptd-server 2021-03-06 13:52:54,359 [INFO] Sending to ptd: 'Hello'
ptd-server 2021-03-06 13:52:54,360 [INFO] Reply from ptd: 'Hello, PTDaemon here!'
ptd-server 2021-03-06 13:52:54,360 [INFO] Sending to ptd: 'Identify'
ptd-server 2021-03-06 13:52:54,360 [INFO] Reply from ptd: 'YokogawaWT330E,1000,1,1,1,1,0,0,1,version=1.9.2-e8c7a49a-20201208,OS=Linux 5.8.0-43-generic #49~20.04.1-Ubuntu SMP Fri Feb 5 09:57:56 UTC 2021 x86_64,mode=power,1,1,1,0,0,no_cal_date,YOKOGAWA;WT333E;C3VD30030E;F1.04'
ptd-server 2021-03-06 13:52:54,361 [INFO] Connected to PTDaemon
ptd-server 2021-03-06 13:52:54,361 [INFO] Sending to ptd: 'RR'
ptd-server 2021-03-06 13:52:54,361 [INFO] Reply from ptd: 'Ranges,0,0.500000,0,300.000000'
ptd-server 2021-03-06 13:52:54,361 [INFO] Initial range for Amps is 0.500000 for Volts is 300.000000
ptd-server 2021-03-06 13:52:54,361 [INFO] Sending to ptd: 'SR,V,Auto'
ptd-server 2021-03-06 13:52:54,864 [INFO] Reply from ptd: 'Range V changed'
ptd-server 2021-03-06 13:52:54,864 [INFO] Sending to ptd: 'SR,A,Auto'
ptd-server 2021-03-06 13:52:55,366 [INFO] Reply from ptd: 'Range A changed'
ptd-server 2021-03-06 13:53:05,376 [INFO] Starting ranging mode
ptd-server 2021-03-06 13:53:05,376 [INFO] Sending to ptd: 'Go,1000,0,2021-03-06_13-52-37_ranging'
ptd-server 2021-03-06 13:53:05,377 [INFO] Reply from ptd: 'Starting untimed measurement, maximum 500000 samples at 1000ms with 0 rampup samples'
ptd-server 2021-03-06 13:53:05,377 [INFO] Sending reply to client 'OK'
ptd-server 2021-03-06 14:03:36,998 [INFO] Got command from the client 'session,2021-03-06_13-52-37,stop,ranging'
ptd-server 2021-03-06 14:03:47,008 [INFO] Sending to ptd: 'Stop'
ptd-server 2021-03-06 14:03:47,009 [INFO] Reply from ptd: 'Stopping untimed measurement'
ptd-server 2021-03-06 14:03:47,447 [INFO] Sending reply to client 'OK'
ptd-server 2021-03-06 14:03:47,485 [INFO] Got command from the client 'time'
ptd-server 2021-03-06 14:03:47,485 [INFO] Sending reply to client '1615039427.485772'
ptd-server 2021-03-06 14:03:47,489 [INFO] Got command from the client 'session,2021-03-06_13-52-37,start,testing'
ptd-server 2021-03-06 14:03:47,490 [INFO] Sending to ptd: 'SR,V,249.720000'
ptd-server 2021-03-06 14:03:48,991 [INFO] Reply from ptd: 'Range V changed'
ptd-server 2021-03-06 14:03:48,991 [INFO] Sending to ptd: 'SR,A,0.060170'
ptd-server 2021-03-06 14:03:50,492 [INFO] Reply from ptd: 'Range A changed'
ptd-server 2021-03-06 14:04:00,502 [INFO] Starting testing mode
ptd-server 2021-03-06 14:04:00,503 [INFO] Sending to ptd: 'Go,1000,0,2021-03-06_13-52-37_testing'
ptd-server 2021-03-06 14:04:00,503 [INFO] Reply from ptd: 'Starting untimed measurement, maximum 500000 samples at 1000ms with 0 rampup samples'
ptd-server 2021-03-06 14:04:00,503 [INFO] Sending reply to client 'OK'
ptd-server 2021-03-06 14:14:37,033 [INFO] Got command from the client 'session,2021-03-06_13-52-37,stop,testing'
ptd-server 2021-03-06 14:14:47,044 [INFO] Sending to ptd: 'Stop'
ptd-server 2021-03-06 14:14:47,044 [INFO] Reply from ptd: 'Stopping untimed measurement'
ptd-server 2021-03-06 14:14:47,268 [INFO] Sending reply to client 'OK'
ptd-server 2021-03-06 14:14:47,277 [INFO] Got command from the client 'session,2021-03-06_13-52-37,upload,client.log'
ptd-server 2021-03-06 14:14:47,280 [INFO] Received '/home/anton/projects/mlperf/power-dev/output/2021-03-06_13-52-37client.log.tmp'
ptd-server 2021-03-06 14:14:47,280 [INFO] Removed '/home/anton/projects/mlperf/power-dev/output/2021-03-06_13-52-37client.log.tmp'
ptd-server 2021-03-06 14:14:47,280 [INFO] Sending reply to client 'OK'
ptd-server 2021-03-06 14:14:47,293 [INFO] Got command from the client 'session,2021-03-06_13-52-37,upload,client.json'
ptd-server 2021-03-06 14:14:47,296 [INFO] Received '/home/anton/projects/mlperf/power-dev/output/2021-03-06_13-52-37client.json.tmp'
ptd-server 2021-03-06 14:14:47,297 [INFO] Removed '/home/anton/projects/mlperf/power-dev/output/2021-03-06_13-52-37client.json.tmp'
ptd-server 2021-03-06 14:14:47,297 [INFO] Sending reply to client 'OK'
ptd-server 2021-03-06 14:14:47,300 [INFO] Got command from the client 'session,2021-03-06_13-52-37,done'
ptd-server 2021-03-06 14:14:47,300 [INFO] Sending to ptd: 'Stop'
ptd-server 2021-03-06 14:14:47,503 [INFO] Reply from ptd: 'Error: no measurement to stop'
ptd-server 2021-03-06 14:14:47,503 [INFO] Sending to ptd: 'SR,V,300.000000'
ptd-server 2021-03-06 14:14:49,005 [INFO] Reply from ptd: 'Range V changed'
ptd-server 2021-03-06 14:14:49,005 [INFO] Sending to ptd: 'SR,A,0.500000'
ptd-server 2021-03-06 14:14:50,506 [INFO] Reply from ptd: 'Range A changed'
ptd-server 2021-03-06 14:14:50,506 [INFO] Set initial values for Amps 0.500000 and Volts 300.000000
ptd-server 2021-03-06 14:14:50,506 [INFO] Stopping ptd...
