ptd-server 2021-03-07 04:55:17,908 [INFO] Got command from the client 'time'
ptd-server 2021-03-07 04:55:17,908 [INFO] Sending reply to client '1615092917.9085412'
ptd-server 2021-03-07 04:55:17,912 [INFO] Got command from the client 'new,,08ac2381-52a3-45f7-930e-10748f85561e'
ptd-server 2021-03-07 04:55:17,913 [INFO] Sending reply to client 'OK 2021-03-07_04-55-17,bb67ea76-63f9-4453-95d8-3d516a53a54d'
ptd-server 2021-03-07 04:55:17,950 [INFO] Got command from the client 'time'
ptd-server 2021-03-07 04:55:17,950 [INFO] Sending reply to client '1615092917.950612'
ptd-server 2021-03-07 04:55:17,953 [INFO] Got command from the client 'session,2021-03-07_04-55-17,start,ranging'
ptd-server 2021-03-07 04:55:17,954 [INFO] Running PTDaemon: ['/home/anton/projects/mlperf/power/inference_v1.0/ptd-linux-x86', '-l', 'ptd.log', '-p', '8888', '52', '/dev/usbtmc0']
ptd-server 2021-03-07 04:55:35,123 [INFO] Sending to ptd: 'Hello'
ptd-server 2021-03-07 04:55:35,124 [INFO] Reply from ptd: 'Hello, PTDaemon here!'
ptd-server 2021-03-07 04:55:35,124 [INFO] Sending to ptd: 'Identify'
ptd-server 2021-03-07 04:55:35,124 [INFO] Reply from ptd: 'YokogawaWT330E,1000,1,1,1,1,0,0,1,version=1.9.2-e8c7a49a-20201208,OS=Linux 5.8.0-43-generic #49~20.04.1-Ubuntu SMP Fri Feb 5 09:57:56 UTC 2021 x86_64,mode=power,1,1,1,0,0,no_cal_date,YOKOGAWA;WT333E;C3VD30030E;F1.04'
ptd-server 2021-03-07 04:55:35,124 [INFO] Connected to PTDaemon
ptd-server 2021-03-07 04:55:35,125 [INFO] Sending to ptd: 'RR'
ptd-server 2021-03-07 04:55:35,125 [INFO] Reply from ptd: 'Ranges,0,0.500000,0,300.000000'
ptd-server 2021-03-07 04:55:35,125 [INFO] Initial range for Amps is 0.500000 for Volts is 300.000000
ptd-server 2021-03-07 04:55:35,125 [INFO] Sending to ptd: 'SR,V,Auto'
ptd-server 2021-03-07 04:55:35,628 [INFO] Reply from ptd: 'Range V changed'
ptd-server 2021-03-07 04:55:35,628 [INFO] Sending to ptd: 'SR,A,Auto'
ptd-server 2021-03-07 04:55:36,131 [INFO] Reply from ptd: 'Range A changed'
ptd-server 2021-03-07 04:55:46,141 [INFO] Starting ranging mode
ptd-server 2021-03-07 04:55:46,141 [INFO] Sending to ptd: 'Go,1000,0,2021-03-07_04-55-17_ranging'
ptd-server 2021-03-07 04:55:46,142 [INFO] Reply from ptd: 'Starting untimed measurement, maximum 500000 samples at 1000ms with 0 rampup samples'
ptd-server 2021-03-07 04:55:46,142 [INFO] Sending reply to client 'OK'
ptd-server 2021-03-07 05:06:11,119 [INFO] Got command from the client 'session,2021-03-07_04-55-17,stop,ranging'
ptd-server 2021-03-07 05:06:21,129 [INFO] Sending to ptd: 'Stop'
ptd-server 2021-03-07 05:06:21,130 [INFO] Reply from ptd: 'Stopping untimed measurement'
ptd-server 2021-03-07 05:06:21,643 [INFO] Sending reply to client 'OK'
ptd-server 2021-03-07 05:06:21,688 [INFO] Got command from the client 'time'
ptd-server 2021-03-07 05:06:21,688 [INFO] Sending reply to client '1615093581.68823'
ptd-server 2021-03-07 05:06:21,693 [INFO] Got command from the client 'session,2021-03-07_04-55-17,start,testing'
ptd-server 2021-03-07 05:06:21,693 [INFO] Sending to ptd: 'SR,V,251.400000'
ptd-server 2021-03-07 05:06:23,194 [INFO] Reply from ptd: 'Range V changed'
ptd-server 2021-03-07 05:06:23,194 [INFO] Sending to ptd: 'SR,A,0.049480'
ptd-server 2021-03-07 05:06:24,696 [INFO] Reply from ptd: 'Range A changed'
ptd-server 2021-03-07 05:06:34,706 [INFO] Starting testing mode
ptd-server 2021-03-07 05:06:34,706 [INFO] Sending to ptd: 'Go,1000,0,2021-03-07_04-55-17_testing'
ptd-server 2021-03-07 05:06:34,707 [INFO] Reply from ptd: 'Starting untimed measurement, maximum 500000 samples at 1000ms with 0 rampup samples'
ptd-server 2021-03-07 05:06:34,707 [INFO] Sending reply to client 'OK'
ptd-server 2021-03-07 05:17:04,581 [INFO] Got command from the client 'session,2021-03-07_04-55-17,stop,testing'
ptd-server 2021-03-07 05:17:14,592 [INFO] Sending to ptd: 'Stop'
ptd-server 2021-03-07 05:17:14,592 [INFO] Reply from ptd: 'Stopping untimed measurement'
ptd-server 2021-03-07 05:17:14,876 [INFO] Sending reply to client 'OK'
ptd-server 2021-03-07 05:17:14,884 [INFO] Got command from the client 'session,2021-03-07_04-55-17,upload,client.log'
ptd-server 2021-03-07 05:17:14,887 [INFO] Received '/home/anton/projects/mlperf/power-dev/output/2021-03-07_04-55-17client.log.tmp'
ptd-server 2021-03-07 05:17:14,887 [INFO] Removed '/home/anton/projects/mlperf/power-dev/output/2021-03-07_04-55-17client.log.tmp'
ptd-server 2021-03-07 05:17:14,887 [INFO] Sending reply to client 'OK'
ptd-server 2021-03-07 05:17:14,901 [INFO] Got command from the client 'session,2021-03-07_04-55-17,upload,client.json'
ptd-server 2021-03-07 05:17:14,903 [INFO] Received '/home/anton/projects/mlperf/power-dev/output/2021-03-07_04-55-17client.json.tmp'
ptd-server 2021-03-07 05:17:14,904 [INFO] Removed '/home/anton/projects/mlperf/power-dev/output/2021-03-07_04-55-17client.json.tmp'
ptd-server 2021-03-07 05:17:14,904 [INFO] Sending reply to client 'OK'
ptd-server 2021-03-07 05:17:14,907 [INFO] Got command from the client 'session,2021-03-07_04-55-17,done'
ptd-server 2021-03-07 05:17:14,907 [INFO] Sending to ptd: 'Stop'
ptd-server 2021-03-07 05:17:14,907 [INFO] Reply from ptd: 'Error: no measurement to stop'
ptd-server 2021-03-07 05:17:14,907 [INFO] Sending to ptd: 'SR,V,300.000000'
ptd-server 2021-03-07 05:17:16,409 [INFO] Reply from ptd: 'Range V changed'
ptd-server 2021-03-07 05:17:16,409 [INFO] Sending to ptd: 'SR,A,0.500000'
ptd-server 2021-03-07 05:17:17,910 [INFO] Reply from ptd: 'Range A changed'
ptd-server 2021-03-07 05:17:17,910 [INFO] Set initial values for Amps 0.500000 and Volts 300.000000
ptd-server 2021-03-07 05:17:17,910 [INFO] Stopping ptd...
