ptd-server 2021-03-07 20:11:59,871 [INFO] Got command from the client 'time'
ptd-server 2021-03-07 20:11:59,871 [INFO] Sending reply to client '1615147919.8718188'
ptd-server 2021-03-07 20:11:59,874 [INFO] Got command from the client 'new,,0b320ca3-2c4d-4eb7-93a9-f3bc2449896d'
ptd-server 2021-03-07 20:11:59,875 [INFO] Sending reply to client 'OK 2021-03-07_20-11-59,f4a73cab-f24f-44c3-820c-ae7e21008d8f'
ptd-server 2021-03-07 20:11:59,911 [INFO] Got command from the client 'time'
ptd-server 2021-03-07 20:11:59,911 [INFO] Sending reply to client '1615147919.9114661'
ptd-server 2021-03-07 20:11:59,914 [INFO] Got command from the client 'session,2021-03-07_20-11-59,start,ranging'
ptd-server 2021-03-07 20:11:59,914 [INFO] Running PTDaemon: ['/home/anton/projects/mlperf/power/inference_v1.0/ptd-linux-x86', '-l', 'ptd.log', '-p', '8888', '52', '/dev/usbtmc0']
ptd-server 2021-03-07 20:12:17,086 [INFO] Sending to ptd: 'Hello'
ptd-server 2021-03-07 20:12:17,086 [INFO] Reply from ptd: 'Hello, PTDaemon here!'
ptd-server 2021-03-07 20:12:17,087 [INFO] Sending to ptd: 'Identify'
ptd-server 2021-03-07 20:12:17,087 [INFO] Reply from ptd: 'YokogawaWT330E,1000,1,1,1,1,0,0,1,version=1.9.2-e8c7a49a-20201208,OS=Linux 5.8.0-43-generic #49~20.04.1-Ubuntu SMP Fri Feb 5 09:57:56 UTC 2021 x86_64,mode=power,1,1,1,0,0,no_cal_date,YOKOGAWA;WT333E;C3VD30030E;F1.04'
ptd-server 2021-03-07 20:12:17,087 [INFO] Connected to PTDaemon
ptd-server 2021-03-07 20:12:17,087 [INFO] Sending to ptd: 'RR'
ptd-server 2021-03-07 20:12:17,087 [INFO] Reply from ptd: 'Ranges,0,0.500000,0,300.000000'
ptd-server 2021-03-07 20:12:17,087 [INFO] Initial range for Amps is 0.500000 for Volts is 300.000000
ptd-server 2021-03-07 20:12:17,088 [INFO] Sending to ptd: 'SR,V,Auto'
ptd-server 2021-03-07 20:12:17,590 [INFO] Reply from ptd: 'Range V changed'
ptd-server 2021-03-07 20:12:17,590 [INFO] Sending to ptd: 'SR,A,Auto'
ptd-server 2021-03-07 20:12:18,093 [INFO] Reply from ptd: 'Range A changed'
ptd-server 2021-03-07 20:12:28,103 [INFO] Starting ranging mode
ptd-server 2021-03-07 20:12:28,103 [INFO] Sending to ptd: 'Go,1000,0,2021-03-07_20-11-59_ranging'
ptd-server 2021-03-07 20:12:28,104 [INFO] Reply from ptd: 'Starting untimed measurement, maximum 500000 samples at 1000ms with 0 rampup samples'
ptd-server 2021-03-07 20:12:28,104 [INFO] Sending reply to client 'OK'
ptd-server 2021-03-07 20:22:53,099 [INFO] Got command from the client 'session,2021-03-07_20-11-59,stop,ranging'
ptd-server 2021-03-07 20:23:03,100 [INFO] Sending to ptd: 'Stop'
ptd-server 2021-03-07 20:23:03,101 [INFO] Reply from ptd: 'Stopping untimed measurement'
ptd-server 2021-03-07 20:23:03,685 [INFO] Sending reply to client 'OK'
ptd-server 2021-03-07 20:23:03,731 [INFO] Got command from the client 'time'
ptd-server 2021-03-07 20:23:03,731 [INFO] Sending reply to client '1615148583.7315133'
ptd-server 2021-03-07 20:23:03,735 [INFO] Got command from the client 'session,2021-03-07_20-11-59,start,testing'
ptd-server 2021-03-07 20:23:03,735 [INFO] Sending to ptd: 'SR,V,249.340000'
ptd-server 2021-03-07 20:23:05,236 [INFO] Reply from ptd: 'Range V changed'
ptd-server 2021-03-07 20:23:05,237 [INFO] Sending to ptd: 'SR,A,0.049550'
ptd-server 2021-03-07 20:23:06,738 [INFO] Reply from ptd: 'Range A changed'
ptd-server 2021-03-07 20:23:16,748 [INFO] Starting testing mode
ptd-server 2021-03-07 20:23:16,748 [INFO] Sending to ptd: 'Go,1000,0,2021-03-07_20-11-59_testing'
ptd-server 2021-03-07 20:23:16,749 [INFO] Reply from ptd: 'Starting untimed measurement, maximum 500000 samples at 1000ms with 0 rampup samples'
ptd-server 2021-03-07 20:23:16,749 [INFO] Sending reply to client 'OK'
ptd-server 2021-03-07 20:33:46,601 [INFO] Got command from the client 'session,2021-03-07_20-11-59,stop,testing'
ptd-server 2021-03-07 20:33:56,612 [INFO] Sending to ptd: 'Stop'
ptd-server 2021-03-07 20:33:56,612 [INFO] Reply from ptd: 'Stopping untimed measurement'
ptd-server 2021-03-07 20:33:56,910 [INFO] Sending reply to client 'OK'
ptd-server 2021-03-07 20:33:56,918 [INFO] Got command from the client 'session,2021-03-07_20-11-59,upload,client.log'
ptd-server 2021-03-07 20:33:56,921 [INFO] Received '/home/anton/projects/mlperf/power-dev/output/2021-03-07_20-11-59client.log.tmp'
ptd-server 2021-03-07 20:33:56,921 [INFO] Removed '/home/anton/projects/mlperf/power-dev/output/2021-03-07_20-11-59client.log.tmp'
ptd-server 2021-03-07 20:33:56,921 [INFO] Sending reply to client 'OK'
ptd-server 2021-03-07 20:33:56,935 [INFO] Got command from the client 'session,2021-03-07_20-11-59,upload,client.json'
ptd-server 2021-03-07 20:33:56,939 [INFO] Received '/home/anton/projects/mlperf/power-dev/output/2021-03-07_20-11-59client.json.tmp'
ptd-server 2021-03-07 20:33:56,939 [INFO] Removed '/home/anton/projects/mlperf/power-dev/output/2021-03-07_20-11-59client.json.tmp'
ptd-server 2021-03-07 20:33:56,939 [INFO] Sending reply to client 'OK'
ptd-server 2021-03-07 20:33:56,942 [INFO] Got command from the client 'session,2021-03-07_20-11-59,done'
ptd-server 2021-03-07 20:33:56,942 [INFO] Sending to ptd: 'Stop'
ptd-server 2021-03-07 20:33:56,942 [INFO] Reply from ptd: 'Error: no measurement to stop'
ptd-server 2021-03-07 20:33:56,942 [INFO] Sending to ptd: 'SR,V,300.000000'
ptd-server 2021-03-07 20:33:58,444 [INFO] Reply from ptd: 'Range V changed'
ptd-server 2021-03-07 20:33:58,444 [INFO] Sending to ptd: 'SR,A,0.500000'
ptd-server 2021-03-07 20:33:59,945 [INFO] Reply from ptd: 'Range A changed'
ptd-server 2021-03-07 20:33:59,946 [INFO] Set initial values for Amps 0.500000 and Volts 300.000000
ptd-server 2021-03-07 20:33:59,946 [INFO] Stopping ptd...
