ptd-server 2021-03-06 23:52:21,079 [INFO] Got command from the client 'time'
ptd-server 2021-03-06 23:52:21,080 [INFO] Sending reply to client '1615074741.0801282'
ptd-server 2021-03-06 23:52:21,083 [INFO] Got command from the client 'new,,cce4de58-4d26-43c9-894d-c2702db0c3ea'
ptd-server 2021-03-06 23:52:21,084 [INFO] Sending reply to client 'OK 2021-03-06_23-52-21,91ccb664-42b1-450e-a0a3-7694235facb0'
ptd-server 2021-03-06 23:52:21,129 [INFO] Got command from the client 'time'
ptd-server 2021-03-06 23:52:21,129 [INFO] Sending reply to client '1615074741.1294923'
ptd-server 2021-03-06 23:52:21,132 [INFO] Got command from the client 'session,2021-03-06_23-52-21,start,ranging'
ptd-server 2021-03-06 23:52:21,133 [INFO] Running PTDaemon: ['/home/anton/projects/mlperf/power/inference_v1.0/ptd-linux-x86', '-l', 'ptd.log', '-p', '8888', '52', '/dev/usbtmc0']
ptd-server 2021-03-06 23:52:38,302 [INFO] Sending to ptd: 'Hello'
ptd-server 2021-03-06 23:52:38,303 [INFO] Reply from ptd: 'Hello, PTDaemon here!'
ptd-server 2021-03-06 23:52:38,303 [INFO] Sending to ptd: 'Identify'
ptd-server 2021-03-06 23:52:38,303 [INFO] Reply from ptd: 'YokogawaWT330E,1000,1,1,1,1,0,0,1,version=1.9.2-e8c7a49a-20201208,OS=Linux 5.8.0-43-generic #49~20.04.1-Ubuntu SMP Fri Feb 5 09:57:56 UTC 2021 x86_64,mode=power,1,1,1,0,0,no_cal_date,YOKOGAWA;WT333E;C3VD30030E;F1.04'
ptd-server 2021-03-06 23:52:38,304 [INFO] Connected to PTDaemon
ptd-server 2021-03-06 23:52:38,304 [INFO] Sending to ptd: 'RR'
ptd-server 2021-03-06 23:52:38,304 [INFO] Reply from ptd: 'Ranges,0,0.500000,0,300.000000'
ptd-server 2021-03-06 23:52:38,304 [INFO] Initial range for Amps is 0.500000 for Volts is 300.000000
ptd-server 2021-03-06 23:52:38,305 [INFO] Sending to ptd: 'SR,V,Auto'
ptd-server 2021-03-06 23:52:38,807 [INFO] Reply from ptd: 'Range V changed'
ptd-server 2021-03-06 23:52:38,807 [INFO] Sending to ptd: 'SR,A,Auto'
ptd-server 2021-03-06 23:52:39,310 [INFO] Reply from ptd: 'Range A changed'
ptd-server 2021-03-06 23:52:49,320 [INFO] Starting ranging mode
ptd-server 2021-03-06 23:52:49,320 [INFO] Sending to ptd: 'Go,1000,0,2021-03-06_23-52-21_ranging'
ptd-server 2021-03-06 23:52:49,321 [INFO] Reply from ptd: 'Starting untimed measurement, maximum 500000 samples at 1000ms with 0 rampup samples'
ptd-server 2021-03-06 23:52:49,321 [INFO] Sending reply to client 'OK'
ptd-server 2021-03-07 00:03:14,233 [INFO] Got command from the client 'session,2021-03-06_23-52-21,stop,ranging'
ptd-server 2021-03-07 00:03:24,243 [INFO] Sending to ptd: 'Stop'
ptd-server 2021-03-07 00:03:24,244 [INFO] Reply from ptd: 'Stopping untimed measurement'
ptd-server 2021-03-07 00:03:24,737 [INFO] Sending reply to client 'OK'
ptd-server 2021-03-07 00:03:24,778 [INFO] Got command from the client 'time'
ptd-server 2021-03-07 00:03:24,778 [INFO] Sending reply to client '1615075404.778677'
ptd-server 2021-03-07 00:03:24,782 [INFO] Got command from the client 'session,2021-03-06_23-52-21,start,testing'
ptd-server 2021-03-07 00:03:24,782 [INFO] Sending to ptd: 'SR,V,251.480000'
ptd-server 2021-03-07 00:03:26,284 [INFO] Reply from ptd: 'Range V changed'
ptd-server 2021-03-07 00:03:26,284 [INFO] Sending to ptd: 'SR,A,0.058430'
ptd-server 2021-03-07 00:03:27,785 [INFO] Reply from ptd: 'Range A changed'
ptd-server 2021-03-07 00:03:37,796 [INFO] Starting testing mode
ptd-server 2021-03-07 00:03:37,796 [INFO] Sending to ptd: 'Go,1000,0,2021-03-06_23-52-21_testing'
ptd-server 2021-03-07 00:03:37,796 [INFO] Reply from ptd: 'Starting untimed measurement, maximum 500000 samples at 1000ms with 0 rampup samples'
ptd-server 2021-03-07 00:03:37,796 [INFO] Sending reply to client 'OK'
ptd-server 2021-03-07 00:14:07,601 [INFO] Got command from the client 'session,2021-03-06_23-52-21,stop,testing'
ptd-server 2021-03-07 00:14:17,611 [INFO] Sending to ptd: 'Stop'
ptd-server 2021-03-07 00:14:17,612 [INFO] Reply from ptd: 'Stopping untimed measurement'
ptd-server 2021-03-07 00:14:17,866 [INFO] Sending reply to client 'OK'
ptd-server 2021-03-07 00:14:17,874 [INFO] Got command from the client 'session,2021-03-06_23-52-21,upload,client.log'
ptd-server 2021-03-07 00:14:17,878 [INFO] Received '/home/anton/projects/mlperf/power-dev/output/2021-03-06_23-52-21client.log.tmp'
ptd-server 2021-03-07 00:14:17,879 [INFO] Removed '/home/anton/projects/mlperf/power-dev/output/2021-03-06_23-52-21client.log.tmp'
ptd-server 2021-03-07 00:14:17,879 [INFO] Sending reply to client 'OK'
ptd-server 2021-03-07 00:14:17,892 [INFO] Got command from the client 'session,2021-03-06_23-52-21,upload,client.json'
ptd-server 2021-03-07 00:14:17,895 [INFO] Received '/home/anton/projects/mlperf/power-dev/output/2021-03-06_23-52-21client.json.tmp'
ptd-server 2021-03-07 00:14:17,895 [INFO] Removed '/home/anton/projects/mlperf/power-dev/output/2021-03-06_23-52-21client.json.tmp'
ptd-server 2021-03-07 00:14:17,895 [INFO] Sending reply to client 'OK'
ptd-server 2021-03-07 00:14:17,898 [INFO] Got command from the client 'session,2021-03-06_23-52-21,done'
ptd-server 2021-03-07 00:14:17,898 [INFO] Sending to ptd: 'Stop'
ptd-server 2021-03-07 00:14:17,899 [INFO] Reply from ptd: 'Error: no measurement to stop'
ptd-server 2021-03-07 00:14:17,899 [INFO] Sending to ptd: 'SR,V,300.000000'
ptd-server 2021-03-07 00:14:19,400 [INFO] Reply from ptd: 'Range V changed'
ptd-server 2021-03-07 00:14:19,400 [INFO] Sending to ptd: 'SR,A,0.500000'
ptd-server 2021-03-07 00:14:20,902 [INFO] Reply from ptd: 'Range A changed'
ptd-server 2021-03-07 00:14:20,902 [INFO] Set initial values for Amps 0.500000 and Volts 300.000000
ptd-server 2021-03-07 00:14:20,902 [INFO] Stopping ptd...
