ptd-server 2021-03-07 19:33:51,346 [INFO] Got command from the client 'time'
ptd-server 2021-03-07 19:33:51,347 [INFO] Sending reply to client '1615145631.3470817'
ptd-server 2021-03-07 19:33:51,351 [INFO] Got command from the client 'new,,fb22f9fe-38b9-457b-afe4-ddd68a51a596'
ptd-server 2021-03-07 19:33:51,351 [INFO] Sending reply to client 'OK 2021-03-07_19-33-51,49ea6f5f-4c75-43c3-99f7-012a08b806e4'
ptd-server 2021-03-07 19:33:51,386 [INFO] Got command from the client 'time'
ptd-server 2021-03-07 19:33:51,386 [INFO] Sending reply to client '1615145631.3867536'
ptd-server 2021-03-07 19:33:51,390 [INFO] Got command from the client 'session,2021-03-07_19-33-51,start,ranging'
ptd-server 2021-03-07 19:33:51,390 [INFO] Running PTDaemon: ['/home/anton/projects/mlperf/power/inference_v1.0/ptd-linux-x86', '-l', 'ptd.log', '-p', '8888', '52', '/dev/usbtmc0']
ptd-server 2021-03-07 19:34:08,563 [INFO] Sending to ptd: 'Hello'
ptd-server 2021-03-07 19:34:08,563 [INFO] Reply from ptd: 'Hello, PTDaemon here!'
ptd-server 2021-03-07 19:34:08,563 [INFO] Sending to ptd: 'Identify'
ptd-server 2021-03-07 19:34:08,564 [INFO] Reply from ptd: 'YokogawaWT330E,1000,1,1,1,1,0,0,1,version=1.9.2-e8c7a49a-20201208,OS=Linux 5.8.0-43-generic #49~20.04.1-Ubuntu SMP Fri Feb 5 09:57:56 UTC 2021 x86_64,mode=power,1,1,1,0,0,no_cal_date,YOKOGAWA;WT333E;C3VD30030E;F1.04'
ptd-server 2021-03-07 19:34:08,564 [INFO] Connected to PTDaemon
ptd-server 2021-03-07 19:34:08,564 [INFO] Sending to ptd: 'RR'
ptd-server 2021-03-07 19:34:08,564 [INFO] Reply from ptd: 'Ranges,0,0.500000,0,300.000000'
ptd-server 2021-03-07 19:34:08,565 [INFO] Initial range for Amps is 0.500000 for Volts is 300.000000
ptd-server 2021-03-07 19:34:08,565 [INFO] Sending to ptd: 'SR,V,Auto'
ptd-server 2021-03-07 19:34:09,067 [INFO] Reply from ptd: 'Range V changed'
ptd-server 2021-03-07 19:34:09,067 [INFO] Sending to ptd: 'SR,A,Auto'
ptd-server 2021-03-07 19:34:09,570 [INFO] Reply from ptd: 'Range A changed'
ptd-server 2021-03-07 19:34:19,580 [INFO] Starting ranging mode
ptd-server 2021-03-07 19:34:19,580 [INFO] Sending to ptd: 'Go,1000,0,2021-03-07_19-33-51_ranging'
ptd-server 2021-03-07 19:34:19,581 [INFO] Reply from ptd: 'Starting untimed measurement, maximum 500000 samples at 1000ms with 0 rampup samples'
ptd-server 2021-03-07 19:34:19,581 [INFO] Sending reply to client 'OK'
ptd-server 2021-03-07 19:44:44,524 [INFO] Got command from the client 'session,2021-03-07_19-33-51,stop,ranging'
ptd-server 2021-03-07 19:44:54,535 [INFO] Sending to ptd: 'Stop'
ptd-server 2021-03-07 19:44:54,535 [INFO] Reply from ptd: 'Stopping untimed measurement'
ptd-server 2021-03-07 19:44:55,117 [INFO] Sending reply to client 'OK'
ptd-server 2021-03-07 19:44:55,191 [INFO] Got command from the client 'time'
ptd-server 2021-03-07 19:44:55,191 [INFO] Sending reply to client '1615146295.1916285'
ptd-server 2021-03-07 19:44:55,195 [INFO] Got command from the client 'session,2021-03-07_19-33-51,start,testing'
ptd-server 2021-03-07 19:44:55,195 [INFO] Sending to ptd: 'SR,V,249.620000'
ptd-server 2021-03-07 19:44:56,697 [INFO] Reply from ptd: 'Range V changed'
ptd-server 2021-03-07 19:44:56,697 [INFO] Sending to ptd: 'SR,A,0.052540'
ptd-server 2021-03-07 19:44:58,198 [INFO] Reply from ptd: 'Range A changed'
ptd-server 2021-03-07 19:45:08,209 [INFO] Starting testing mode
ptd-server 2021-03-07 19:45:08,209 [INFO] Sending to ptd: 'Go,1000,0,2021-03-07_19-33-51_testing'
ptd-server 2021-03-07 19:45:08,209 [INFO] Reply from ptd: 'Starting untimed measurement, maximum 500000 samples at 1000ms with 0 rampup samples'
ptd-server 2021-03-07 19:45:08,209 [INFO] Sending reply to client 'OK'
ptd-server 2021-03-07 19:55:38,193 [INFO] Got command from the client 'session,2021-03-07_19-33-51,stop,testing'
ptd-server 2021-03-07 19:55:48,204 [INFO] Sending to ptd: 'Stop'
ptd-server 2021-03-07 19:55:48,204 [INFO] Reply from ptd: 'Stopping untimed measurement'
ptd-server 2021-03-07 19:55:48,501 [INFO] Sending reply to client 'OK'
ptd-server 2021-03-07 19:55:48,509 [INFO] Got command from the client 'session,2021-03-07_19-33-51,upload,client.log'
ptd-server 2021-03-07 19:55:48,512 [INFO] Received '/home/anton/projects/mlperf/power-dev/output/2021-03-07_19-33-51client.log.tmp'
ptd-server 2021-03-07 19:55:48,513 [INFO] Removed '/home/anton/projects/mlperf/power-dev/output/2021-03-07_19-33-51client.log.tmp'
ptd-server 2021-03-07 19:55:48,513 [INFO] Sending reply to client 'OK'
ptd-server 2021-03-07 19:55:48,525 [INFO] Got command from the client 'session,2021-03-07_19-33-51,upload,client.json'
ptd-server 2021-03-07 19:55:48,528 [INFO] Received '/home/anton/projects/mlperf/power-dev/output/2021-03-07_19-33-51client.json.tmp'
ptd-server 2021-03-07 19:55:48,529 [INFO] Removed '/home/anton/projects/mlperf/power-dev/output/2021-03-07_19-33-51client.json.tmp'
ptd-server 2021-03-07 19:55:48,529 [INFO] Sending reply to client 'OK'
ptd-server 2021-03-07 19:55:48,531 [INFO] Got command from the client 'session,2021-03-07_19-33-51,done'
ptd-server 2021-03-07 19:55:48,531 [INFO] Sending to ptd: 'Stop'
ptd-server 2021-03-07 19:55:48,532 [INFO] Reply from ptd: 'Error: no measurement to stop'
ptd-server 2021-03-07 19:55:48,532 [INFO] Sending to ptd: 'SR,V,300.000000'
ptd-server 2021-03-07 19:55:50,033 [INFO] Reply from ptd: 'Range V changed'
ptd-server 2021-03-07 19:55:50,033 [INFO] Sending to ptd: 'SR,A,0.500000'
ptd-server 2021-03-07 19:55:51,535 [INFO] Reply from ptd: 'Range A changed'
ptd-server 2021-03-07 19:55:51,535 [INFO] Set initial values for Amps 0.500000 and Volts 300.000000
ptd-server 2021-03-07 19:55:51,535 [INFO] Stopping ptd...
