client 2021-03-06 20:47:29,826 [INFO] Sending command to the server: 'mlcommons/power client v3'
client 2021-03-06 20:47:29,829 [INFO] Got response: 'mlcommons/power server v3'
client 2021-03-06 20:47:29,830 [INFO] Synchronizing with the server and with time.google.com...
client 2021-03-06 20:47:29,876 [INFO] NTP:offset = -0.002 s, delay = 0.036 s 
client 2021-03-06 20:47:29,876 [INFO] Sending command to the server: 'time'
client 2021-03-06 20:47:29,879 [INFO] Got response: '1615063649.878114'
client 2021-03-06 20:47:29,879 [INFO] The time difference between the client and the server is within range -1.721 ms..1.380 ms
client 2021-03-06 20:47:29,879 [INFO] Sending command to the server: 'new,,cd8af6db-c392-4db3-9c3a-1fe094b125a3'
client 2021-03-06 20:47:29,882 [INFO] Got response: 'OK 2021-03-06_20-47-29,db0cc158-d662-4107-a083-3af0212eb083'
client 2021-03-06 20:47:29,883 [INFO] Session id is '2021-03-06_20-47-29'
client 2021-03-06 20:47:29,883 [INFO] Sources: {"sources": {"client.py": "d1e75cb4b26101220ebd242e584cf3ca5d8f1996", "lib/__init__.py": "da39a3ee5e6b4b0d3255bfef95601890afd80709", "lib/client.py": "d42bebf5b74cb6ff3997e2a6c68422afac111a28", "lib/common.py": "b0bad80d8fa328a7636027d4d66ff453f8dd7889", "lib/external/ntplib.py": "4da8f970656505a40483206ef2b5d3dd5e81711d", "lib/server.py": "2ed36471c7af565d6c8438b2134edad1d7ddf166", "lib/source_hashes.py": "4cedff274c661cb1504052018fd4f00dfbf624ef", "lib/summary.py": "0db15d783907aa92038281af4e465545c0648ddb", "lib/time_sync.py": "76051226ec89287839723352f4162aaa24e0546a", "server.py": "99e1310e3f76292aef1b8792ce6b8c82f1d44d8b", "tests/unit/test_server.py": "64f11775bfed35232a0e8bb9593c0ff992432c59", "tests/unit/test_source_hashes.py": "cb41a7261eaf7d94ba5c0aae9c523174f6204be3"}, "modules": {"__main__": "client.py", "lib.client": "lib/client.py", "lib.common": "lib/common.py", "lib.external.ntplib": "lib/external/ntplib.py", "lib.source_hashes": "lib/source_hashes.py", "lib.summary": "lib/summary.py", "lib.time_sync": "lib/time_sync.py"}}
client 2021-03-06 20:47:29,883 [INFO] Running workload in ranging mode
client 2021-03-06 20:47:29,884 [INFO] Synchronizing with the server and with time.google.com...
client 2021-03-06 20:47:29,926 [INFO] NTP:offset = -0.003 s, delay = 0.039 s 
client 2021-03-06 20:47:29,926 [INFO] Sending command to the server: 'time'
client 2021-03-06 20:47:29,929 [INFO] Got response: '1615063649.9281006'
client 2021-03-06 20:47:29,929 [INFO] The time difference between the client and the server is within range -1.569 ms..1.393 ms
client 2021-03-06 20:47:29,930 [INFO] Sending command to the server: 'session,2021-03-06_20-47-29,start,ranging'
client 2021-03-06 20:47:58,120 [INFO] Got response: 'OK'
client 2021-03-06 20:47:58,121 [INFO] Running the workload 'ck benchmark program:image-classification-tflite-loadgen --env.CK_SILENT_MODE=YES --skip_print_timers --dep_add_tags.compiler=gcc,v9 --dep_add_tags.python=v3 --dep_add_tags.mlperf-inference-src=r1.0 --dep_add_tags.weights=mobilenet,v3-large-minimalistic_224_1.0_uint8 --dep_add_tags.images=crop.875,preprocessed,using-opencv --dep_add_tags.library=tflite,v2.4.1,with.ruy --env.CK_LOADGEN_DATASET_SIZE=1024 --env.CK_LOADGEN_MODE=PerformanceOnly --env.CK_LOADGEN_SCENARIO=SingleStream --env.CK_LOADGEN_TARGET_LATENCY=$CK_LOADGEN_TARGET_LATENCY --env.CK_FAN_MODE=on --skip_stat_analysis --process_multi_keys --repetitions=1 --record --record_repo=local --record_uoa=mlperf-open-rpi4coral-tflite-v2.4.1-ruy-mobilenet-v3-large-minimalistic_224_1.0_uint8-singlestream-performance-target_latency.$CK_LOADGEN_TARGET_LATENCY-fan_mode.on-power.workload --tags=mlperf,division.open,task.image-classification,platform.rpi4coral,scenario.singlestream,mode.performance,workload.mobilenet-v3-large-minimalistic_224_1.0_uint8,preprocessed_using.opencv,inference_engine.tflite,inference_engine_version.v2.4.1,inference_engine_backend.ruy,target_latency.$CK_LOADGEN_TARGET_LATENCY,fan_mode.on,power.workload "@@@{\'meta\': {\'ck_benchmark_program\': \'ck benchmark program:image-classification-tflite-loadgen --env.CK_SILENT_MODE=YES --skip_print_timers --dep_add_tags.compiler=gcc,v9 --dep_add_tags.python=v3 --dep_add_tags.mlperf-inference-src=r1.0 --dep_add_tags.weights=mobilenet,v3-large-minimalistic_224_1.0_uint8 --dep_add_tags.images=crop.875,preprocessed,using-opencv --dep_add_tags.library=tflite,v2.4.1,with.ruy --env.CK_LOADGEN_DATASET_SIZE=1024 --env.CK_LOADGEN_MODE=PerformanceOnly --env.CK_LOADGEN_SCENARIO=SingleStream --env.CK_LOADGEN_TARGET_LATENCY=$CK_LOADGEN_TARGET_LATENCY --env.CK_FAN_MODE=on --skip_stat_analysis --process_multi_keys --repetitions=1 --record --record_repo=local --record_uoa=mlperf-open-rpi4coral-tflite-v2.4.1-ruy-mobilenet-v3-large-minimalistic_224_1.0_uint8-singlestream-performance-target_latency.$CK_LOADGEN_TARGET_LATENCY-fan_mode.on-power.workload --tags=mlperf,division.open,task.image-classification,platform.rpi4coral,scenario.singlestream,mode.performance,workload.mobilenet-v3-large-minimalistic_224_1.0_uint8,preprocessed_using.opencv,inference_engine.tflite,inference_engine_version.v2.4.1,inference_engine_backend.ruy,target_latency.$CK_LOADGEN_TARGET_LATENCY,fan_mode.on,power.workload\'}}" && cat `ck find program:image-classification-tflite-loadgen`/tmp/mlperf_log_summary.txt && mkdir -p "$CK_MLPERF_POWER_CLIENT_LOADGEN_LOGS" && cp "$CK_MLPERF_POWER_CLIENT_LOADGEN_LOGS"/../mlperf_log_* "$CK_MLPERF_POWER_CLIENT_LOADGEN_LOGS"/'
client 2021-03-06 20:58:30,414 [INFO] Sending command to the server: 'session,2021-03-06_20-47-29,stop,ranging'
client 2021-03-06 20:58:40,895 [INFO] Got response: 'OK'
client 2021-03-06 20:58:40,897 [INFO] Running workload in testing mode
client 2021-03-06 20:58:40,897 [INFO] Synchronizing with the server and with time.google.com...
client 2021-03-06 20:58:40,936 [INFO] NTP:offset = -0.001 s, delay = 0.032 s 
client 2021-03-06 20:58:40,937 [INFO] Sending command to the server: 'time'
client 2021-03-06 20:58:40,940 [INFO] Got response: '1615064320.9380417'
client 2021-03-06 20:58:40,940 [INFO] The time difference between the client and the server is within range -0.806 ms..2.410 ms
client 2021-03-06 20:58:40,940 [INFO] Sending command to the server: 'session,2021-03-06_20-47-29,start,testing'
client 2021-03-06 20:58:54,136 [INFO] Got response: 'OK'
client 2021-03-06 20:58:54,137 [INFO] Running the workload 'ck benchmark program:image-classification-tflite-loadgen --env.CK_SILENT_MODE=YES --skip_print_timers --dep_add_tags.compiler=gcc,v9 --dep_add_tags.python=v3 --dep_add_tags.mlperf-inference-src=r1.0 --dep_add_tags.weights=mobilenet,v3-large-minimalistic_224_1.0_uint8 --dep_add_tags.images=crop.875,preprocessed,using-opencv --dep_add_tags.library=tflite,v2.4.1,with.ruy --env.CK_LOADGEN_DATASET_SIZE=1024 --env.CK_LOADGEN_MODE=PerformanceOnly --env.CK_LOADGEN_SCENARIO=SingleStream --env.CK_LOADGEN_TARGET_LATENCY=$CK_LOADGEN_TARGET_LATENCY --env.CK_FAN_MODE=on --skip_stat_analysis --process_multi_keys --repetitions=1 --record --record_repo=local --record_uoa=mlperf-open-rpi4coral-tflite-v2.4.1-ruy-mobilenet-v3-large-minimalistic_224_1.0_uint8-singlestream-performance-target_latency.$CK_LOADGEN_TARGET_LATENCY-fan_mode.on-power.workload --tags=mlperf,division.open,task.image-classification,platform.rpi4coral,scenario.singlestream,mode.performance,workload.mobilenet-v3-large-minimalistic_224_1.0_uint8,preprocessed_using.opencv,inference_engine.tflite,inference_engine_version.v2.4.1,inference_engine_backend.ruy,target_latency.$CK_LOADGEN_TARGET_LATENCY,fan_mode.on,power.workload "@@@{\'meta\': {\'ck_benchmark_program\': \'ck benchmark program:image-classification-tflite-loadgen --env.CK_SILENT_MODE=YES --skip_print_timers --dep_add_tags.compiler=gcc,v9 --dep_add_tags.python=v3 --dep_add_tags.mlperf-inference-src=r1.0 --dep_add_tags.weights=mobilenet,v3-large-minimalistic_224_1.0_uint8 --dep_add_tags.images=crop.875,preprocessed,using-opencv --dep_add_tags.library=tflite,v2.4.1,with.ruy --env.CK_LOADGEN_DATASET_SIZE=1024 --env.CK_LOADGEN_MODE=PerformanceOnly --env.CK_LOADGEN_SCENARIO=SingleStream --env.CK_LOADGEN_TARGET_LATENCY=$CK_LOADGEN_TARGET_LATENCY --env.CK_FAN_MODE=on --skip_stat_analysis --process_multi_keys --repetitions=1 --record --record_repo=local --record_uoa=mlperf-open-rpi4coral-tflite-v2.4.1-ruy-mobilenet-v3-large-minimalistic_224_1.0_uint8-singlestream-performance-target_latency.$CK_LOADGEN_TARGET_LATENCY-fan_mode.on-power.workload --tags=mlperf,division.open,task.image-classification,platform.rpi4coral,scenario.singlestream,mode.performance,workload.mobilenet-v3-large-minimalistic_224_1.0_uint8,preprocessed_using.opencv,inference_engine.tflite,inference_engine_version.v2.4.1,inference_engine_backend.ruy,target_latency.$CK_LOADGEN_TARGET_LATENCY,fan_mode.on,power.workload\'}}" && cat `ck find program:image-classification-tflite-loadgen`/tmp/mlperf_log_summary.txt && mkdir -p "$CK_MLPERF_POWER_CLIENT_LOADGEN_LOGS" && cp "$CK_MLPERF_POWER_CLIENT_LOADGEN_LOGS"/../mlperf_log_* "$CK_MLPERF_POWER_CLIENT_LOADGEN_LOGS"/'
client 2021-03-06 21:09:31,224 [INFO] Sending command to the server: 'session,2021-03-06_20-47-29,stop,testing'
client 2021-03-06 21:09:41,482 [INFO] Got response: 'OK'
client 2021-03-06 21:09:41,483 [INFO] Done runs
