ptd-server 2021-03-06 20:47:29,877 [INFO] Got command from the client 'time'
ptd-server 2021-03-06 20:47:29,878 [INFO] Sending reply to client '1615063649.878114'
ptd-server 2021-03-06 20:47:29,881 [INFO] Got command from the client 'new,,cd8af6db-c392-4db3-9c3a-1fe094b125a3'
ptd-server 2021-03-06 20:47:29,882 [INFO] Sending reply to client 'OK 2021-03-06_20-47-29,db0cc158-d662-4107-a083-3af0212eb083'
ptd-server 2021-03-06 20:47:29,927 [INFO] Got command from the client 'time'
ptd-server 2021-03-06 20:47:29,928 [INFO] Sending reply to client '1615063649.9281006'
ptd-server 2021-03-06 20:47:29,931 [INFO] Got command from the client 'session,2021-03-06_20-47-29,start,ranging'
ptd-server 2021-03-06 20:47:29,932 [INFO] Running PTDaemon: ['/home/anton/projects/mlperf/power/inference_v1.0/ptd-linux-x86', '-l', 'ptd.log', '-p', '8888', '52', '/dev/usbtmc0']
ptd-server 2021-03-06 20:47:47,101 [INFO] Sending to ptd: 'Hello'
ptd-server 2021-03-06 20:47:47,101 [INFO] Reply from ptd: 'Hello, PTDaemon here!'
ptd-server 2021-03-06 20:47:47,102 [INFO] Sending to ptd: 'Identify'
ptd-server 2021-03-06 20:47:47,102 [INFO] Reply from ptd: 'YokogawaWT330E,1000,1,1,1,1,0,0,1,version=1.9.2-e8c7a49a-20201208,OS=Linux 5.8.0-43-generic #49~20.04.1-Ubuntu SMP Fri Feb 5 09:57:56 UTC 2021 x86_64,mode=power,1,1,1,0,0,no_cal_date,YOKOGAWA;WT333E;C3VD30030E;F1.04'
ptd-server 2021-03-06 20:47:47,102 [INFO] Connected to PTDaemon
ptd-server 2021-03-06 20:47:47,102 [INFO] Sending to ptd: 'RR'
ptd-server 2021-03-06 20:47:47,103 [INFO] Reply from ptd: 'Ranges,0,0.500000,0,300.000000'
ptd-server 2021-03-06 20:47:47,103 [INFO] Initial range for Amps is 0.500000 for Volts is 300.000000
ptd-server 2021-03-06 20:47:47,103 [INFO] Sending to ptd: 'SR,V,Auto'
ptd-server 2021-03-06 20:47:47,605 [INFO] Reply from ptd: 'Range V changed'
ptd-server 2021-03-06 20:47:47,606 [INFO] Sending to ptd: 'SR,A,Auto'
ptd-server 2021-03-06 20:47:48,108 [INFO] Reply from ptd: 'Range A changed'
ptd-server 2021-03-06 20:47:58,118 [INFO] Starting ranging mode
ptd-server 2021-03-06 20:47:58,118 [INFO] Sending to ptd: 'Go,1000,0,2021-03-06_20-47-29_ranging'
ptd-server 2021-03-06 20:47:58,119 [INFO] Reply from ptd: 'Starting untimed measurement, maximum 500000 samples at 1000ms with 0 rampup samples'
ptd-server 2021-03-06 20:47:58,119 [INFO] Sending reply to client 'OK'
ptd-server 2021-03-06 20:58:30,415 [INFO] Got command from the client 'session,2021-03-06_20-47-29,stop,ranging'
ptd-server 2021-03-06 20:58:40,426 [INFO] Sending to ptd: 'Stop'
ptd-server 2021-03-06 20:58:40,426 [INFO] Reply from ptd: 'Stopping untimed measurement'
ptd-server 2021-03-06 20:58:40,893 [INFO] Sending reply to client 'OK'
ptd-server 2021-03-06 20:58:40,937 [INFO] Got command from the client 'time'
ptd-server 2021-03-06 20:58:40,938 [INFO] Sending reply to client '1615064320.9380417'
ptd-server 2021-03-06 20:58:40,941 [INFO] Got command from the client 'session,2021-03-06_20-47-29,start,testing'
ptd-server 2021-03-06 20:58:40,941 [INFO] Sending to ptd: 'SR,V,251.180000'
ptd-server 2021-03-06 20:58:42,620 [INFO] Reply from ptd: 'Range V changed'
ptd-server 2021-03-06 20:58:42,620 [INFO] Sending to ptd: 'SR,A,0.061040'
ptd-server 2021-03-06 20:58:44,122 [INFO] Reply from ptd: 'Range A changed'
ptd-server 2021-03-06 20:58:54,132 [INFO] Starting testing mode
ptd-server 2021-03-06 20:58:54,132 [INFO] Sending to ptd: 'Go,1000,0,2021-03-06_20-47-29_testing'
ptd-server 2021-03-06 20:58:54,133 [INFO] Reply from ptd: 'Starting untimed measurement, maximum 500000 samples at 1000ms with 0 rampup samples'
ptd-server 2021-03-06 20:58:54,133 [INFO] Sending reply to client 'OK'
ptd-server 2021-03-06 21:09:31,225 [INFO] Got command from the client 'session,2021-03-06_20-47-29,stop,testing'
ptd-server 2021-03-06 21:09:41,236 [INFO] Sending to ptd: 'Stop'
ptd-server 2021-03-06 21:09:41,236 [INFO] Reply from ptd: 'Stopping untimed measurement'
ptd-server 2021-03-06 21:09:41,479 [INFO] Sending reply to client 'OK'
ptd-server 2021-03-06 21:09:41,487 [INFO] Got command from the client 'session,2021-03-06_20-47-29,upload,client.log'
ptd-server 2021-03-06 21:09:41,490 [INFO] Received '/home/anton/projects/mlperf/power-dev/output/2021-03-06_20-47-29client.log.tmp'
ptd-server 2021-03-06 21:09:41,490 [INFO] Removed '/home/anton/projects/mlperf/power-dev/output/2021-03-06_20-47-29client.log.tmp'
ptd-server 2021-03-06 21:09:41,490 [INFO] Sending reply to client 'OK'
ptd-server 2021-03-06 21:09:41,503 [INFO] Got command from the client 'session,2021-03-06_20-47-29,upload,client.json'
ptd-server 2021-03-06 21:09:41,505 [INFO] Received '/home/anton/projects/mlperf/power-dev/output/2021-03-06_20-47-29client.json.tmp'
ptd-server 2021-03-06 21:09:41,506 [INFO] Removed '/home/anton/projects/mlperf/power-dev/output/2021-03-06_20-47-29client.json.tmp'
ptd-server 2021-03-06 21:09:41,506 [INFO] Sending reply to client 'OK'
ptd-server 2021-03-06 21:09:41,508 [INFO] Got command from the client 'session,2021-03-06_20-47-29,done'
ptd-server 2021-03-06 21:09:41,509 [INFO] Sending to ptd: 'Stop'
ptd-server 2021-03-06 21:09:42,134 [INFO] Reply from ptd: 'Error: no measurement to stop'
ptd-server 2021-03-06 21:09:42,134 [INFO] Sending to ptd: 'SR,V,300.000000'
ptd-server 2021-03-06 21:09:43,635 [INFO] Reply from ptd: 'Range V changed'
ptd-server 2021-03-06 21:09:43,635 [INFO] Sending to ptd: 'SR,A,0.500000'
ptd-server 2021-03-06 21:09:45,137 [INFO] Reply from ptd: 'Range A changed'
ptd-server 2021-03-06 21:09:45,137 [INFO] Set initial values for Amps 0.500000 and Volts 300.000000
ptd-server 2021-03-06 21:09:45,137 [INFO] Stopping ptd...
