ptd-server 2021-03-09 07:59:50,508 [INFO] Got command from the client 'time'
ptd-server 2021-03-09 07:59:50,508 [INFO] Sending reply to client '1615276790.5087383'
ptd-server 2021-03-09 07:59:50,510 [INFO] Got command from the client 'new,,d1206093-6d42-48b6-9a00-fd521fb3c096'
ptd-server 2021-03-09 07:59:50,510 [INFO] Sending reply to client 'OK 2021-03-09_07-59-50,8c63a251-9453-414c-9527-4903483b9974'
ptd-server 2021-03-09 07:59:50,559 [INFO] Got command from the client 'time'
ptd-server 2021-03-09 07:59:50,559 [INFO] Sending reply to client '1615276790.5595737'
ptd-server 2021-03-09 07:59:50,562 [INFO] Got command from the client 'session,2021-03-09_07-59-50,start,ranging'
ptd-server 2021-03-09 07:59:50,562 [INFO] Running PTDaemon: ['/home/anton/projects/mlperf/power/inference_v1.0/ptd-linux-x86', '-l', 'ptd.log', '-p', '8888', '52', '/dev/usbtmc0']
ptd-server 2021-03-09 08:00:07,734 [INFO] Sending to ptd: 'Hello'
ptd-server 2021-03-09 08:00:07,734 [INFO] Reply from ptd: 'Hello, PTDaemon here!'
ptd-server 2021-03-09 08:00:07,735 [INFO] Sending to ptd: 'Identify'
ptd-server 2021-03-09 08:00:07,735 [INFO] Reply from ptd: 'YokogawaWT330E,1000,1,1,1,1,0,0,1,version=1.9.2-e8c7a49a-20201208,OS=Linux 5.8.0-43-generic #49~20.04.1-Ubuntu SMP Fri Feb 5 09:57:56 UTC 2021 x86_64,mode=power,1,1,1,0,0,no_cal_date,YOKOGAWA;WT333E;C3VD30030E;F1.04'
ptd-server 2021-03-09 08:00:07,735 [INFO] Connected to PTDaemon
ptd-server 2021-03-09 08:00:07,735 [INFO] Sending to ptd: 'RR'
ptd-server 2021-03-09 08:00:07,735 [INFO] Reply from ptd: 'Ranges,0,0.500000,0,300.000000'
ptd-server 2021-03-09 08:00:07,736 [INFO] Initial range for Amps is 0.500000 for Volts is 300.000000
ptd-server 2021-03-09 08:00:07,736 [INFO] Sending to ptd: 'SR,V,Auto'
ptd-server 2021-03-09 08:00:08,238 [INFO] Reply from ptd: 'Range V changed'
ptd-server 2021-03-09 08:00:08,238 [INFO] Sending to ptd: 'SR,A,Auto'
ptd-server 2021-03-09 08:00:08,741 [INFO] Reply from ptd: 'Range A changed'
ptd-server 2021-03-09 08:00:18,751 [INFO] Starting ranging mode
ptd-server 2021-03-09 08:00:18,751 [INFO] Sending to ptd: 'Go,1000,0,2021-03-09_07-59-50_ranging'
ptd-server 2021-03-09 08:00:18,751 [INFO] Reply from ptd: 'Starting untimed measurement, maximum 500000 samples at 1000ms with 0 rampup samples'
ptd-server 2021-03-09 08:00:18,752 [INFO] Sending reply to client 'OK'
ptd-server 2021-03-09 08:10:34,061 [INFO] Got command from the client 'session,2021-03-09_07-59-50,stop,ranging'
ptd-server 2021-03-09 08:10:44,072 [INFO] Sending to ptd: 'Stop'
ptd-server 2021-03-09 08:10:44,072 [INFO] Reply from ptd: 'Stopping untimed measurement'
ptd-server 2021-03-09 08:10:44,780 [INFO] Sending reply to client 'OK'
ptd-server 2021-03-09 08:10:44,835 [INFO] Got command from the client 'time'
ptd-server 2021-03-09 08:10:44,835 [INFO] Sending reply to client '1615277444.835859'
ptd-server 2021-03-09 08:10:44,837 [INFO] Got command from the client 'session,2021-03-09_07-59-50,start,testing'
ptd-server 2021-03-09 08:10:44,837 [INFO] Sending to ptd: 'SR,V,248.450000'
ptd-server 2021-03-09 08:10:46,339 [INFO] Reply from ptd: 'Range V changed'
ptd-server 2021-03-09 08:10:46,339 [INFO] Sending to ptd: 'SR,A,0.142850'
ptd-server 2021-03-09 08:10:47,840 [INFO] Reply from ptd: 'Range A changed'
ptd-server 2021-03-09 08:10:57,850 [INFO] Starting testing mode
ptd-server 2021-03-09 08:10:57,851 [INFO] Sending to ptd: 'Go,1000,0,2021-03-09_07-59-50_testing'
ptd-server 2021-03-09 08:10:57,851 [INFO] Reply from ptd: 'Starting untimed measurement, maximum 500000 samples at 1000ms with 0 rampup samples'
ptd-server 2021-03-09 08:10:57,851 [INFO] Sending reply to client 'OK'
ptd-server 2021-03-09 08:21:13,317 [INFO] Got command from the client 'session,2021-03-09_07-59-50,stop,testing'
ptd-server 2021-03-09 08:21:23,328 [INFO] Sending to ptd: 'Stop'
ptd-server 2021-03-09 08:21:23,328 [INFO] Reply from ptd: 'Stopping untimed measurement'
ptd-server 2021-03-09 08:21:23,692 [INFO] Sending reply to client 'OK'
ptd-server 2021-03-09 08:21:23,700 [INFO] Got command from the client 'session,2021-03-09_07-59-50,upload,client.log'
ptd-server 2021-03-09 08:21:23,702 [INFO] Received '/home/anton/projects/mlperf/power-dev/output/2021-03-09_07-59-50client.log.tmp'
ptd-server 2021-03-09 08:21:23,702 [INFO] Removed '/home/anton/projects/mlperf/power-dev/output/2021-03-09_07-59-50client.log.tmp'
ptd-server 2021-03-09 08:21:23,702 [INFO] Sending reply to client 'OK'
ptd-server 2021-03-09 08:21:23,709 [INFO] Got command from the client 'session,2021-03-09_07-59-50,upload,client.json'
ptd-server 2021-03-09 08:21:23,710 [INFO] Received '/home/anton/projects/mlperf/power-dev/output/2021-03-09_07-59-50client.json.tmp'
ptd-server 2021-03-09 08:21:23,710 [INFO] Removed '/home/anton/projects/mlperf/power-dev/output/2021-03-09_07-59-50client.json.tmp'
ptd-server 2021-03-09 08:21:23,710 [INFO] Sending reply to client 'OK'
ptd-server 2021-03-09 08:21:23,711 [INFO] Got command from the client 'session,2021-03-09_07-59-50,done'
ptd-server 2021-03-09 08:21:23,712 [INFO] Sending to ptd: 'Stop'
ptd-server 2021-03-09 08:21:23,851 [INFO] Reply from ptd: 'Error: no measurement to stop'
ptd-server 2021-03-09 08:21:23,851 [INFO] Sending to ptd: 'SR,V,300.000000'
ptd-server 2021-03-09 08:21:25,353 [INFO] Reply from ptd: 'Range V changed'
ptd-server 2021-03-09 08:21:25,353 [INFO] Sending to ptd: 'SR,A,0.500000'
ptd-server 2021-03-09 08:21:26,854 [INFO] Reply from ptd: 'Range A changed'
ptd-server 2021-03-09 08:21:26,855 [INFO] Set initial values for Amps 0.500000 and Volts 300.000000
ptd-server 2021-03-09 08:21:26,855 [INFO] Stopping ptd...
