ptd-server 2021-03-09 09:04:59,780 [INFO] Got command from the client 'time'
ptd-server 2021-03-09 09:04:59,780 [INFO] Sending reply to client '1615280699.7803617'
ptd-server 2021-03-09 09:04:59,782 [INFO] Got command from the client 'new,,1d2b934a-d86b-4483-8e5b-aab33301fb10'
ptd-server 2021-03-09 09:04:59,784 [INFO] Sending reply to client 'OK 2021-03-09_09-04-59,0298458b-81a5-4702-ba57-e2a46131375a'
ptd-server 2021-03-09 09:04:59,829 [INFO] Got command from the client 'time'
ptd-server 2021-03-09 09:04:59,830 [INFO] Sending reply to client '1615280699.8300457'
ptd-server 2021-03-09 09:04:59,831 [INFO] Got command from the client 'session,2021-03-09_09-04-59,start,ranging'
ptd-server 2021-03-09 09:04:59,832 [INFO] Running PTDaemon: ['/home/anton/projects/mlperf/power/inference_v1.0/ptd-linux-x86', '-l', 'ptd.log', '-p', '8888', '52', '/dev/usbtmc0']
ptd-server 2021-03-09 09:05:17,004 [INFO] Sending to ptd: 'Hello'
ptd-server 2021-03-09 09:05:17,004 [INFO] Reply from ptd: 'Hello, PTDaemon here!'
ptd-server 2021-03-09 09:05:17,005 [INFO] Sending to ptd: 'Identify'
ptd-server 2021-03-09 09:05:17,005 [INFO] Reply from ptd: 'YokogawaWT330E,1000,1,1,1,1,0,0,1,version=1.9.2-e8c7a49a-20201208,OS=Linux 5.8.0-43-generic #49~20.04.1-Ubuntu SMP Fri Feb 5 09:57:56 UTC 2021 x86_64,mode=power,1,1,1,0,0,no_cal_date,YOKOGAWA;WT333E;C3VD30030E;F1.04'
ptd-server 2021-03-09 09:05:17,005 [INFO] Connected to PTDaemon
ptd-server 2021-03-09 09:05:17,005 [INFO] Sending to ptd: 'RR'
ptd-server 2021-03-09 09:05:17,005 [INFO] Reply from ptd: 'Ranges,0,0.500000,0,300.000000'
ptd-server 2021-03-09 09:05:17,006 [INFO] Initial range for Amps is 0.500000 for Volts is 300.000000
ptd-server 2021-03-09 09:05:17,006 [INFO] Sending to ptd: 'SR,V,Auto'
ptd-server 2021-03-09 09:05:17,508 [INFO] Reply from ptd: 'Range V changed'
ptd-server 2021-03-09 09:05:17,508 [INFO] Sending to ptd: 'SR,A,Auto'
ptd-server 2021-03-09 09:05:18,011 [INFO] Reply from ptd: 'Range A changed'
ptd-server 2021-03-09 09:05:28,021 [INFO] Starting ranging mode
ptd-server 2021-03-09 09:05:28,021 [INFO] Sending to ptd: 'Go,1000,0,2021-03-09_09-04-59_ranging'
ptd-server 2021-03-09 09:05:28,022 [INFO] Reply from ptd: 'Starting untimed measurement, maximum 500000 samples at 1000ms with 0 rampup samples'
ptd-server 2021-03-09 09:05:28,022 [INFO] Sending reply to client 'OK'
ptd-server 2021-03-09 09:15:43,325 [INFO] Got command from the client 'session,2021-03-09_09-04-59,stop,ranging'
ptd-server 2021-03-09 09:15:53,336 [INFO] Sending to ptd: 'Stop'
ptd-server 2021-03-09 09:15:53,336 [INFO] Reply from ptd: 'Stopping untimed measurement'
ptd-server 2021-03-09 09:15:54,058 [INFO] Sending reply to client 'OK'
ptd-server 2021-03-09 09:15:54,105 [INFO] Got command from the client 'time'
ptd-server 2021-03-09 09:15:54,106 [INFO] Sending reply to client '1615281354.1060917'
ptd-server 2021-03-09 09:15:54,108 [INFO] Got command from the client 'session,2021-03-09_09-04-59,start,testing'
ptd-server 2021-03-09 09:15:54,108 [INFO] Sending to ptd: 'SR,V,248.590000'
ptd-server 2021-03-09 09:15:55,609 [INFO] Reply from ptd: 'Range V changed'
ptd-server 2021-03-09 09:15:55,610 [INFO] Sending to ptd: 'SR,A,0.144150'
ptd-server 2021-03-09 09:15:57,111 [INFO] Reply from ptd: 'Range A changed'
ptd-server 2021-03-09 09:16:07,121 [INFO] Starting testing mode
ptd-server 2021-03-09 09:16:07,122 [INFO] Sending to ptd: 'Go,1000,0,2021-03-09_09-04-59_testing'
ptd-server 2021-03-09 09:16:07,122 [INFO] Reply from ptd: 'Starting untimed measurement, maximum 500000 samples at 1000ms with 0 rampup samples'
ptd-server 2021-03-09 09:16:07,122 [INFO] Sending reply to client 'OK'
ptd-server 2021-03-09 09:26:22,333 [INFO] Got command from the client 'session,2021-03-09_09-04-59,stop,testing'
ptd-server 2021-03-09 09:26:32,343 [INFO] Sending to ptd: 'Stop'
ptd-server 2021-03-09 09:26:32,344 [INFO] Reply from ptd: 'Stopping untimed measurement'
ptd-server 2021-03-09 09:26:32,711 [INFO] Sending reply to client 'OK'
ptd-server 2021-03-09 09:26:32,719 [INFO] Got command from the client 'session,2021-03-09_09-04-59,upload,client.log'
ptd-server 2021-03-09 09:26:32,721 [INFO] Received '/home/anton/projects/mlperf/power-dev/output/2021-03-09_09-04-59client.log.tmp'
ptd-server 2021-03-09 09:26:32,721 [INFO] Removed '/home/anton/projects/mlperf/power-dev/output/2021-03-09_09-04-59client.log.tmp'
ptd-server 2021-03-09 09:26:32,721 [INFO] Sending reply to client 'OK'
ptd-server 2021-03-09 09:26:32,730 [INFO] Got command from the client 'session,2021-03-09_09-04-59,upload,client.json'
ptd-server 2021-03-09 09:26:32,730 [INFO] Received '/home/anton/projects/mlperf/power-dev/output/2021-03-09_09-04-59client.json.tmp'
ptd-server 2021-03-09 09:26:32,731 [INFO] Removed '/home/anton/projects/mlperf/power-dev/output/2021-03-09_09-04-59client.json.tmp'
ptd-server 2021-03-09 09:26:32,731 [INFO] Sending reply to client 'OK'
ptd-server 2021-03-09 09:26:32,732 [INFO] Got command from the client 'session,2021-03-09_09-04-59,done'
ptd-server 2021-03-09 09:26:32,732 [INFO] Sending to ptd: 'Stop'
ptd-server 2021-03-09 09:26:33,123 [INFO] Reply from ptd: 'Error: no measurement to stop'
ptd-server 2021-03-09 09:26:33,123 [INFO] Sending to ptd: 'SR,V,300.000000'
ptd-server 2021-03-09 09:26:34,624 [INFO] Reply from ptd: 'Range V changed'
ptd-server 2021-03-09 09:26:34,624 [INFO] Sending to ptd: 'SR,A,0.500000'
ptd-server 2021-03-09 09:26:36,126 [INFO] Reply from ptd: 'Range A changed'
ptd-server 2021-03-09 09:26:36,126 [INFO] Set initial values for Amps 0.500000 and Volts 300.000000
ptd-server 2021-03-09 09:26:36,126 [INFO] Stopping ptd...
