ptd-server 2021-03-09 11:58:43,638 [INFO] Got command from the client 'time'
ptd-server 2021-03-09 11:58:43,639 [INFO] Sending reply to client '1615291123.639027'
ptd-server 2021-03-09 11:58:43,640 [INFO] Got command from the client 'new,,bf877de3-9616-4fc8-a4ef-936ed3ca273e'
ptd-server 2021-03-09 11:58:43,641 [INFO] Sending reply to client 'OK 2021-03-09_11-58-43,49c54e44-5abf-4c87-b934-be209fe99100'
ptd-server 2021-03-09 11:58:43,682 [INFO] Got command from the client 'time'
ptd-server 2021-03-09 11:58:43,682 [INFO] Sending reply to client '1615291123.6823156'
ptd-server 2021-03-09 11:58:43,684 [INFO] Got command from the client 'session,2021-03-09_11-58-43,start,ranging'
ptd-server 2021-03-09 11:58:43,684 [INFO] Running PTDaemon: ['/home/anton/projects/mlperf/power/inference_v1.0/ptd-linux-x86', '-l', 'ptd.log', '-p', '8888', '52', '/dev/usbtmc0']
ptd-server 2021-03-09 11:59:00,860 [INFO] Sending to ptd: 'Hello'
ptd-server 2021-03-09 11:59:00,861 [INFO] Reply from ptd: 'Hello, PTDaemon here!'
ptd-server 2021-03-09 11:59:00,861 [INFO] Sending to ptd: 'Identify'
ptd-server 2021-03-09 11:59:00,861 [INFO] Reply from ptd: 'YokogawaWT330E,1000,1,1,1,1,0,0,1,version=1.9.2-e8c7a49a-20201208,OS=Linux 5.8.0-43-generic #49~20.04.1-Ubuntu SMP Fri Feb 5 09:57:56 UTC 2021 x86_64,mode=power,1,1,1,0,0,no_cal_date,YOKOGAWA;WT333E;C3VD30030E;F1.04'
ptd-server 2021-03-09 11:59:00,861 [INFO] Connected to PTDaemon
ptd-server 2021-03-09 11:59:00,861 [INFO] Sending to ptd: 'RR'
ptd-server 2021-03-09 11:59:00,861 [INFO] Reply from ptd: 'Ranges,0,0.500000,0,300.000000'
ptd-server 2021-03-09 11:59:00,862 [INFO] Initial range for Amps is 0.500000 for Volts is 300.000000
ptd-server 2021-03-09 11:59:00,862 [INFO] Sending to ptd: 'SR,V,Auto'
ptd-server 2021-03-09 11:59:01,364 [INFO] Reply from ptd: 'Range V changed'
ptd-server 2021-03-09 11:59:01,364 [INFO] Sending to ptd: 'SR,A,Auto'
ptd-server 2021-03-09 11:59:01,866 [INFO] Reply from ptd: 'Range A changed'
ptd-server 2021-03-09 11:59:11,877 [INFO] Starting ranging mode
ptd-server 2021-03-09 11:59:11,877 [INFO] Sending to ptd: 'Go,1000,0,2021-03-09_11-58-43_ranging'
ptd-server 2021-03-09 11:59:11,877 [INFO] Reply from ptd: 'Starting untimed measurement, maximum 500000 samples at 1000ms with 0 rampup samples'
ptd-server 2021-03-09 11:59:11,877 [INFO] Sending reply to client 'OK'
ptd-server 2021-03-09 12:09:27,178 [INFO] Got command from the client 'session,2021-03-09_11-58-43,stop,ranging'
ptd-server 2021-03-09 12:09:37,188 [INFO] Sending to ptd: 'Stop'
ptd-server 2021-03-09 12:09:37,188 [INFO] Reply from ptd: 'Stopping untimed measurement'
ptd-server 2021-03-09 12:09:38,023 [INFO] Sending reply to client 'OK'
ptd-server 2021-03-09 12:09:38,070 [INFO] Got command from the client 'time'
ptd-server 2021-03-09 12:09:38,070 [INFO] Sending reply to client '1615291778.0705237'
ptd-server 2021-03-09 12:09:38,072 [INFO] Got command from the client 'session,2021-03-09_11-58-43,start,testing'
ptd-server 2021-03-09 12:09:38,072 [INFO] Sending to ptd: 'SR,V,250.160000'
ptd-server 2021-03-09 12:09:39,574 [INFO] Reply from ptd: 'Range V changed'
ptd-server 2021-03-09 12:09:39,574 [INFO] Sending to ptd: 'SR,A,0.128290'
ptd-server 2021-03-09 12:09:41,075 [INFO] Reply from ptd: 'Range A changed'
ptd-server 2021-03-09 12:09:51,085 [INFO] Starting testing mode
ptd-server 2021-03-09 12:09:51,085 [INFO] Sending to ptd: 'Go,1000,0,2021-03-09_11-58-43_testing'
ptd-server 2021-03-09 12:09:51,086 [INFO] Reply from ptd: 'Starting untimed measurement, maximum 500000 samples at 1000ms with 0 rampup samples'
ptd-server 2021-03-09 12:09:51,086 [INFO] Sending reply to client 'OK'
ptd-server 2021-03-09 12:20:06,305 [INFO] Got command from the client 'session,2021-03-09_11-58-43,stop,testing'
ptd-server 2021-03-09 12:20:16,316 [INFO] Sending to ptd: 'Stop'
ptd-server 2021-03-09 12:20:16,316 [INFO] Reply from ptd: 'Stopping untimed measurement'
ptd-server 2021-03-09 12:20:16,755 [INFO] Sending reply to client 'OK'
ptd-server 2021-03-09 12:20:16,764 [INFO] Got command from the client 'session,2021-03-09_11-58-43,upload,client.log'
ptd-server 2021-03-09 12:20:16,766 [INFO] Received '/home/anton/projects/mlperf/power-dev/output/2021-03-09_11-58-43client.log.tmp'
ptd-server 2021-03-09 12:20:16,767 [INFO] Removed '/home/anton/projects/mlperf/power-dev/output/2021-03-09_11-58-43client.log.tmp'
ptd-server 2021-03-09 12:20:16,767 [INFO] Sending reply to client 'OK'
ptd-server 2021-03-09 12:20:16,773 [INFO] Got command from the client 'session,2021-03-09_11-58-43,upload,client.json'
ptd-server 2021-03-09 12:20:16,774 [INFO] Received '/home/anton/projects/mlperf/power-dev/output/2021-03-09_11-58-43client.json.tmp'
ptd-server 2021-03-09 12:20:16,774 [INFO] Removed '/home/anton/projects/mlperf/power-dev/output/2021-03-09_11-58-43client.json.tmp'
ptd-server 2021-03-09 12:20:16,774 [INFO] Sending reply to client 'OK'
ptd-server 2021-03-09 12:20:16,775 [INFO] Got command from the client 'session,2021-03-09_11-58-43,done'
ptd-server 2021-03-09 12:20:16,775 [INFO] Sending to ptd: 'Stop'
ptd-server 2021-03-09 12:20:17,086 [INFO] Reply from ptd: 'Error: no measurement to stop'
ptd-server 2021-03-09 12:20:17,086 [INFO] Sending to ptd: 'SR,V,300.000000'
ptd-server 2021-03-09 12:20:18,587 [INFO] Reply from ptd: 'Range V changed'
ptd-server 2021-03-09 12:20:18,587 [INFO] Sending to ptd: 'SR,A,0.500000'
ptd-server 2021-03-09 12:20:20,089 [INFO] Reply from ptd: 'Range A changed'
ptd-server 2021-03-09 12:20:20,089 [INFO] Set initial values for Amps 0.500000 and Volts 300.000000
ptd-server 2021-03-09 12:20:20,089 [INFO] Stopping ptd...
