ptd-server 2021-03-06 08:38:33,491 [INFO] Got command from the client 'time'
ptd-server 2021-03-06 08:38:33,492 [INFO] Sending reply to client '1615019913.4920108'
ptd-server 2021-03-06 08:38:33,494 [INFO] Got command from the client 'new,,9938b80d-f982-4983-894e-d279e6ce20cb'
ptd-server 2021-03-06 08:38:33,495 [INFO] Sending reply to client 'OK 2021-03-06_08-38-33,10ca7b77-2bd3-48c4-a5ef-77fae7bd6922'
ptd-server 2021-03-06 08:38:33,531 [INFO] Got command from the client 'time'
ptd-server 2021-03-06 08:38:33,531 [INFO] Sending reply to client '1615019913.5318077'
ptd-server 2021-03-06 08:38:33,535 [INFO] Got command from the client 'session,2021-03-06_08-38-33,start,ranging'
ptd-server 2021-03-06 08:38:33,536 [INFO] Running PTDaemon: ['/home/anton/projects/mlperf/power/inference_v1.0/ptd-linux-x86', '-l', 'ptd.log', '-p', '8888', '52', '/dev/usbtmc0']
ptd-server 2021-03-06 08:38:50,705 [INFO] Sending to ptd: 'Hello'
ptd-server 2021-03-06 08:38:50,705 [INFO] Reply from ptd: 'Hello, PTDaemon here!'
ptd-server 2021-03-06 08:38:50,705 [INFO] Sending to ptd: 'Identify'
ptd-server 2021-03-06 08:38:50,706 [INFO] Reply from ptd: 'YokogawaWT330E,1000,1,1,1,1,0,0,1,version=1.9.2-e8c7a49a-20201208,OS=Linux 5.8.0-43-generic #49~20.04.1-Ubuntu SMP Fri Feb 5 09:57:56 UTC 2021 x86_64,mode=power,1,1,1,0,0,no_cal_date,YOKOGAWA;WT333E;C3VD30030E;F1.04'
ptd-server 2021-03-06 08:38:50,706 [INFO] Connected to PTDaemon
ptd-server 2021-03-06 08:38:50,706 [INFO] Sending to ptd: 'RR'
ptd-server 2021-03-06 08:38:50,706 [INFO] Reply from ptd: 'Ranges,0,0.500000,0,300.000000'
ptd-server 2021-03-06 08:38:50,707 [INFO] Initial range for Amps is 0.500000 for Volts is 300.000000
ptd-server 2021-03-06 08:38:50,707 [INFO] Sending to ptd: 'SR,V,Auto'
ptd-server 2021-03-06 08:38:51,209 [INFO] Reply from ptd: 'Range V changed'
ptd-server 2021-03-06 08:38:51,209 [INFO] Sending to ptd: 'SR,A,Auto'
ptd-server 2021-03-06 08:38:51,712 [INFO] Reply from ptd: 'Range A changed'
ptd-server 2021-03-06 08:39:01,722 [INFO] Starting ranging mode
ptd-server 2021-03-06 08:39:01,722 [INFO] Sending to ptd: 'Go,1000,0,2021-03-06_08-38-33_ranging'
ptd-server 2021-03-06 08:39:01,723 [INFO] Reply from ptd: 'Starting untimed measurement, maximum 500000 samples at 1000ms with 0 rampup samples'
ptd-server 2021-03-06 08:39:01,723 [INFO] Sending reply to client 'OK'
ptd-server 2021-03-06 08:49:33,771 [INFO] Got command from the client 'session,2021-03-06_08-38-33,stop,ranging'
ptd-server 2021-03-06 08:49:43,782 [INFO] Sending to ptd: 'Stop'
ptd-server 2021-03-06 08:49:43,782 [INFO] Reply from ptd: 'Stopping untimed measurement'
ptd-server 2021-03-06 08:49:44,200 [INFO] Sending reply to client 'OK'
ptd-server 2021-03-06 08:49:44,251 [INFO] Got command from the client 'time'
ptd-server 2021-03-06 08:49:44,252 [INFO] Sending reply to client '1615020584.2520187'
ptd-server 2021-03-06 08:49:44,255 [INFO] Got command from the client 'session,2021-03-06_08-38-33,start,testing'
ptd-server 2021-03-06 08:49:44,255 [INFO] Sending to ptd: 'SR,V,250.000000'
ptd-server 2021-03-06 08:49:46,224 [INFO] Reply from ptd: 'Range V changed'
ptd-server 2021-03-06 08:49:46,224 [INFO] Sending to ptd: 'SR,A,0.061950'
ptd-server 2021-03-06 08:49:47,726 [INFO] Reply from ptd: 'Range A changed'
ptd-server 2021-03-06 08:49:57,736 [INFO] Starting testing mode
ptd-server 2021-03-06 08:49:57,736 [INFO] Sending to ptd: 'Go,1000,0,2021-03-06_08-38-33_testing'
ptd-server 2021-03-06 08:49:57,737 [INFO] Reply from ptd: 'Starting untimed measurement, maximum 500000 samples at 1000ms with 0 rampup samples'
ptd-server 2021-03-06 08:49:57,737 [INFO] Sending reply to client 'OK'
ptd-server 2021-03-06 09:00:34,764 [INFO] Got command from the client 'session,2021-03-06_08-38-33,stop,testing'
ptd-server 2021-03-06 09:00:44,774 [INFO] Sending to ptd: 'Stop'
ptd-server 2021-03-06 09:00:44,774 [INFO] Reply from ptd: 'Stopping untimed measurement'
ptd-server 2021-03-06 09:00:44,994 [INFO] Sending reply to client 'OK'
ptd-server 2021-03-06 09:00:45,002 [INFO] Got command from the client 'session,2021-03-06_08-38-33,upload,client.log'
ptd-server 2021-03-06 09:00:45,005 [INFO] Received '/home/anton/projects/mlperf/power-dev/output/2021-03-06_08-38-33client.log.tmp'
ptd-server 2021-03-06 09:00:45,006 [INFO] Removed '/home/anton/projects/mlperf/power-dev/output/2021-03-06_08-38-33client.log.tmp'
ptd-server 2021-03-06 09:00:45,006 [INFO] Sending reply to client 'OK'
ptd-server 2021-03-06 09:00:45,019 [INFO] Got command from the client 'session,2021-03-06_08-38-33,upload,client.json'
ptd-server 2021-03-06 09:00:45,021 [INFO] Received '/home/anton/projects/mlperf/power-dev/output/2021-03-06_08-38-33client.json.tmp'
ptd-server 2021-03-06 09:00:45,022 [INFO] Removed '/home/anton/projects/mlperf/power-dev/output/2021-03-06_08-38-33client.json.tmp'
ptd-server 2021-03-06 09:00:45,022 [INFO] Sending reply to client 'OK'
ptd-server 2021-03-06 09:00:45,025 [INFO] Got command from the client 'session,2021-03-06_08-38-33,done'
ptd-server 2021-03-06 09:00:45,025 [INFO] Sending to ptd: 'Stop'
ptd-server 2021-03-06 09:00:45,738 [INFO] Reply from ptd: 'Error: no measurement to stop'
ptd-server 2021-03-06 09:00:45,738 [INFO] Sending to ptd: 'SR,V,300.000000'
ptd-server 2021-03-06 09:00:47,239 [INFO] Reply from ptd: 'Range V changed'
ptd-server 2021-03-06 09:00:47,239 [INFO] Sending to ptd: 'SR,A,0.500000'
ptd-server 2021-03-06 09:00:48,741 [INFO] Reply from ptd: 'Range A changed'
ptd-server 2021-03-06 09:00:48,741 [INFO] Set initial values for Amps 0.500000 and Volts 300.000000
ptd-server 2021-03-06 09:00:48,741 [INFO] Stopping ptd...
