ptd-server 2021-03-06 21:09:56,955 [INFO] Got command from the client 'time'
ptd-server 2021-03-06 21:09:56,955 [INFO] Sending reply to client '1615064996.9559622'
ptd-server 2021-03-06 21:09:56,960 [INFO] Got command from the client 'new,,c41dcf71-3ff8-4da9-b4ef-fc20192117a7'
ptd-server 2021-03-06 21:09:56,960 [INFO] Sending reply to client 'OK 2021-03-06_21-09-56,e9eba797-69fc-481b-bd70-0e142e983240'
ptd-server 2021-03-06 21:09:56,995 [INFO] Got command from the client 'time'
ptd-server 2021-03-06 21:09:56,995 [INFO] Sending reply to client '1615064996.9957614'
ptd-server 2021-03-06 21:09:56,999 [INFO] Got command from the client 'session,2021-03-06_21-09-56,start,ranging'
ptd-server 2021-03-06 21:09:56,999 [INFO] Running PTDaemon: ['/home/anton/projects/mlperf/power/inference_v1.0/ptd-linux-x86', '-l', 'ptd.log', '-p', '8888', '52', '/dev/usbtmc0']
ptd-server 2021-03-06 21:10:14,168 [INFO] Sending to ptd: 'Hello'
ptd-server 2021-03-06 21:10:14,169 [INFO] Reply from ptd: 'Hello, PTDaemon here!'
ptd-server 2021-03-06 21:10:14,169 [INFO] Sending to ptd: 'Identify'
ptd-server 2021-03-06 21:10:14,169 [INFO] Reply from ptd: 'YokogawaWT330E,1000,1,1,1,1,0,0,1,version=1.9.2-e8c7a49a-20201208,OS=Linux 5.8.0-43-generic #49~20.04.1-Ubuntu SMP Fri Feb 5 09:57:56 UTC 2021 x86_64,mode=power,1,1,1,0,0,no_cal_date,YOKOGAWA;WT333E;C3VD30030E;F1.04'
ptd-server 2021-03-06 21:10:14,169 [INFO] Connected to PTDaemon
ptd-server 2021-03-06 21:10:14,170 [INFO] Sending to ptd: 'RR'
ptd-server 2021-03-06 21:10:14,170 [INFO] Reply from ptd: 'Ranges,0,0.500000,0,300.000000'
ptd-server 2021-03-06 21:10:14,170 [INFO] Initial range for Amps is 0.500000 for Volts is 300.000000
ptd-server 2021-03-06 21:10:14,170 [INFO] Sending to ptd: 'SR,V,Auto'
ptd-server 2021-03-06 21:10:14,699 [INFO] Reply from ptd: 'Range V changed'
ptd-server 2021-03-06 21:10:14,700 [INFO] Sending to ptd: 'SR,A,Auto'
ptd-server 2021-03-06 21:10:15,202 [INFO] Reply from ptd: 'Range A changed'
ptd-server 2021-03-06 21:10:25,212 [INFO] Starting ranging mode
ptd-server 2021-03-06 21:10:25,212 [INFO] Sending to ptd: 'Go,1000,0,2021-03-06_21-09-56_ranging'
ptd-server 2021-03-06 21:10:25,213 [INFO] Reply from ptd: 'Starting untimed measurement, maximum 500000 samples at 1000ms with 0 rampup samples'
ptd-server 2021-03-06 21:10:25,213 [INFO] Sending reply to client 'OK'
ptd-server 2021-03-06 21:20:57,313 [INFO] Got command from the client 'session,2021-03-06_21-09-56,stop,ranging'
ptd-server 2021-03-06 21:21:07,324 [INFO] Sending to ptd: 'Stop'
ptd-server 2021-03-06 21:21:07,324 [INFO] Reply from ptd: 'Stopping untimed measurement'
ptd-server 2021-03-06 21:21:07,790 [INFO] Sending reply to client 'OK'
ptd-server 2021-03-06 21:21:07,864 [INFO] Got command from the client 'time'
ptd-server 2021-03-06 21:21:07,864 [INFO] Sending reply to client '1615065667.8648033'
ptd-server 2021-03-06 21:21:07,868 [INFO] Got command from the client 'session,2021-03-06_21-09-56,start,testing'
ptd-server 2021-03-06 21:21:07,868 [INFO] Sending to ptd: 'SR,V,251.780000'
ptd-server 2021-03-06 21:21:09,714 [INFO] Reply from ptd: 'Range V changed'
ptd-server 2021-03-06 21:21:09,714 [INFO] Sending to ptd: 'SR,A,0.057520'
ptd-server 2021-03-06 21:21:11,216 [INFO] Reply from ptd: 'Range A changed'
ptd-server 2021-03-06 21:21:21,226 [INFO] Starting testing mode
ptd-server 2021-03-06 21:21:21,226 [INFO] Sending to ptd: 'Go,1000,0,2021-03-06_21-09-56_testing'
ptd-server 2021-03-06 21:21:21,227 [INFO] Reply from ptd: 'Starting untimed measurement, maximum 500000 samples at 1000ms with 0 rampup samples'
ptd-server 2021-03-06 21:21:21,227 [INFO] Sending reply to client 'OK'
ptd-server 2021-03-06 21:31:58,359 [INFO] Got command from the client 'session,2021-03-06_21-09-56,stop,testing'
ptd-server 2021-03-06 21:32:08,370 [INFO] Sending to ptd: 'Stop'
ptd-server 2021-03-06 21:32:08,370 [INFO] Reply from ptd: 'Stopping untimed measurement'
ptd-server 2021-03-06 21:32:08,629 [INFO] Sending reply to client 'OK'
ptd-server 2021-03-06 21:32:08,637 [INFO] Got command from the client 'session,2021-03-06_21-09-56,upload,client.log'
ptd-server 2021-03-06 21:32:08,640 [INFO] Received '/home/anton/projects/mlperf/power-dev/output/2021-03-06_21-09-56client.log.tmp'
ptd-server 2021-03-06 21:32:08,640 [INFO] Removed '/home/anton/projects/mlperf/power-dev/output/2021-03-06_21-09-56client.log.tmp'
ptd-server 2021-03-06 21:32:08,640 [INFO] Sending reply to client 'OK'
ptd-server 2021-03-06 21:32:08,653 [INFO] Got command from the client 'session,2021-03-06_21-09-56,upload,client.json'
ptd-server 2021-03-06 21:32:08,655 [INFO] Received '/home/anton/projects/mlperf/power-dev/output/2021-03-06_21-09-56client.json.tmp'
ptd-server 2021-03-06 21:32:08,656 [INFO] Removed '/home/anton/projects/mlperf/power-dev/output/2021-03-06_21-09-56client.json.tmp'
ptd-server 2021-03-06 21:32:08,656 [INFO] Sending reply to client 'OK'
ptd-server 2021-03-06 21:32:08,659 [INFO] Got command from the client 'session,2021-03-06_21-09-56,done'
ptd-server 2021-03-06 21:32:08,659 [INFO] Sending to ptd: 'Stop'
ptd-server 2021-03-06 21:32:09,228 [INFO] Reply from ptd: 'Error: no measurement to stop'
ptd-server 2021-03-06 21:32:09,228 [INFO] Sending to ptd: 'SR,V,300.000000'
ptd-server 2021-03-06 21:32:10,729 [INFO] Reply from ptd: 'Range V changed'
ptd-server 2021-03-06 21:32:10,730 [INFO] Sending to ptd: 'SR,A,0.500000'
ptd-server 2021-03-06 21:32:12,231 [INFO] Reply from ptd: 'Range A changed'
ptd-server 2021-03-06 21:32:12,231 [INFO] Set initial values for Amps 0.500000 and Volts 300.000000
ptd-server 2021-03-06 21:32:12,231 [INFO] Stopping ptd...
