ptd-server 2021-02-28 01:34:25,839 [INFO] Got command from the client 'time'
ptd-server 2021-02-28 01:34:25,839 [INFO] Sending reply to client '1614476065.839146'
ptd-server 2021-02-28 01:34:25,840 [INFO] Got command from the client 'new,,cd33a285-505b-44b4-82ad-b300d9f761a5'
ptd-server 2021-02-28 01:34:25,840 [INFO] Sending reply to client 'OK 2021-02-28_01-34-25,60531e35-deda-4314-846b-5e910ccd45e5'
ptd-server 2021-02-28 01:34:25,878 [INFO] Got command from the client 'time'
ptd-server 2021-02-28 01:34:25,878 [INFO] Sending reply to client '1614476065.8789215'
ptd-server 2021-02-28 01:34:25,879 [INFO] Got command from the client 'session,2021-02-28_01-34-25,start,ranging'
ptd-server 2021-02-28 01:34:25,880 [INFO] Running PTDaemon: ['/home/anton/projects/mlperf/power/inference_v1.0/ptd-linux-x86', '-l', 'ptd.log', '-p', '8888', '52', '/dev/usbtmc0']
ptd-server 2021-02-28 01:34:43,048 [INFO] Sending to ptd: 'Hello'
ptd-server 2021-02-28 01:34:43,049 [INFO] Reply from ptd: 'Hello, PTDaemon here!'
ptd-server 2021-02-28 01:34:43,049 [INFO] Sending to ptd: 'Identify'
ptd-server 2021-02-28 01:34:43,049 [INFO] Reply from ptd: 'YokogawaWT330E,1000,1,1,1,1,0,0,1,version=1.9.2-e8c7a49a-20201208,OS=Linux 5.8.0-43-generic #49~20.04.1-Ubuntu SMP Fri Feb 5 09:57:56 UTC 2021 x86_64,mode=power,1,1,1,0,0,no_cal_date,YOKOGAWA;WT333E;C3VD30030E;F1.04'
ptd-server 2021-02-28 01:34:43,049 [INFO] Connected to PTDaemon
ptd-server 2021-02-28 01:34:43,049 [INFO] Sending to ptd: 'RR'
ptd-server 2021-02-28 01:34:43,050 [INFO] Reply from ptd: 'Ranges,0,0.500000,0,300.000000'
ptd-server 2021-02-28 01:34:43,050 [INFO] Initial range for Amps is 0.500000 for Volts is 300.000000
ptd-server 2021-02-28 01:34:43,050 [INFO] Sending to ptd: 'SR,V,Auto'
ptd-server 2021-02-28 01:34:43,552 [INFO] Reply from ptd: 'Range V changed'
ptd-server 2021-02-28 01:34:43,553 [INFO] Sending to ptd: 'SR,A,Auto'
ptd-server 2021-02-28 01:34:44,055 [INFO] Reply from ptd: 'Range A changed'
ptd-server 2021-02-28 01:34:54,065 [INFO] Starting ranging mode
ptd-server 2021-02-28 01:34:54,066 [INFO] Sending to ptd: 'Go,1000,0,2021-02-28_01-34-25_ranging'
ptd-server 2021-02-28 01:34:54,066 [INFO] Reply from ptd: 'Starting untimed measurement, maximum 500000 samples at 1000ms with 0 rampup samples'
ptd-server 2021-02-28 01:34:54,066 [INFO] Sending reply to client 'OK'
ptd-server 2021-02-28 01:45:13,072 [INFO] Got command from the client 'session,2021-02-28_01-34-25,stop,ranging'
ptd-server 2021-02-28 01:45:23,083 [INFO] Sending to ptd: 'Stop'
ptd-server 2021-02-28 01:45:23,083 [INFO] Reply from ptd: 'Stopping untimed measurement'
ptd-server 2021-02-28 01:45:23,233 [INFO] Sending reply to client 'OK'
ptd-server 2021-02-28 01:45:23,277 [INFO] Got command from the client 'time'
ptd-server 2021-02-28 01:45:23,277 [INFO] Sending reply to client '1614476723.2775233'
ptd-server 2021-02-28 01:45:23,278 [INFO] Got command from the client 'session,2021-02-28_01-34-25,start,testing'
ptd-server 2021-02-28 01:45:23,278 [INFO] Sending to ptd: 'SR,V,249.860000'
ptd-server 2021-02-28 01:45:25,567 [INFO] Reply from ptd: 'Range V changed'
ptd-server 2021-02-28 01:45:25,567 [INFO] Sending to ptd: 'SR,A,0.209230'
ptd-server 2021-02-28 01:45:27,069 [INFO] Reply from ptd: 'Range A changed'
ptd-server 2021-02-28 01:45:37,079 [INFO] Starting testing mode
ptd-server 2021-02-28 01:45:37,079 [INFO] Sending to ptd: 'Go,1000,0,2021-02-28_01-34-25_testing'
ptd-server 2021-02-28 01:45:37,079 [INFO] Reply from ptd: 'Starting untimed measurement, maximum 500000 samples at 1000ms with 0 rampup samples'
ptd-server 2021-02-28 01:45:37,080 [INFO] Sending reply to client 'OK'
ptd-server 2021-02-28 01:55:55,767 [INFO] Got command from the client 'session,2021-02-28_01-34-25,stop,testing'
ptd-server 2021-02-28 01:56:05,777 [INFO] Sending to ptd: 'Stop'
ptd-server 2021-02-28 01:56:05,778 [INFO] Reply from ptd: 'Stopping untimed measurement'
ptd-server 2021-02-28 01:56:05,870 [INFO] Sending reply to client 'OK'
ptd-server 2021-02-28 01:56:05,880 [INFO] Got command from the client 'session,2021-02-28_01-34-25,upload,client.log'
ptd-server 2021-02-28 01:56:05,880 [INFO] Received '/home/anton/projects/mlperf/power-dev/output/2021-02-28_01-34-25client.log.tmp'
ptd-server 2021-02-28 01:56:05,881 [INFO] Removed '/home/anton/projects/mlperf/power-dev/output/2021-02-28_01-34-25client.log.tmp'
ptd-server 2021-02-28 01:56:05,881 [INFO] Sending reply to client 'OK'
ptd-server 2021-02-28 01:56:05,886 [INFO] Got command from the client 'session,2021-02-28_01-34-25,upload,client.json'
ptd-server 2021-02-28 01:56:05,887 [INFO] Received '/home/anton/projects/mlperf/power-dev/output/2021-02-28_01-34-25client.json.tmp'
ptd-server 2021-02-28 01:56:05,887 [INFO] Removed '/home/anton/projects/mlperf/power-dev/output/2021-02-28_01-34-25client.json.tmp'
ptd-server 2021-02-28 01:56:05,887 [INFO] Sending reply to client 'OK'
ptd-server 2021-02-28 01:56:05,888 [INFO] Got command from the client 'session,2021-02-28_01-34-25,done'
ptd-server 2021-02-28 01:56:05,888 [INFO] Sending to ptd: 'Stop'
ptd-server 2021-02-28 01:56:06,080 [INFO] Reply from ptd: 'Error: no measurement to stop'
ptd-server 2021-02-28 01:56:06,080 [INFO] Sending to ptd: 'SR,V,300.000000'
ptd-server 2021-02-28 01:56:07,581 [INFO] Reply from ptd: 'Range V changed'
ptd-server 2021-02-28 01:56:07,582 [INFO] Sending to ptd: 'SR,A,0.500000'
ptd-server 2021-02-28 01:56:09,083 [INFO] Reply from ptd: 'Range A changed'
ptd-server 2021-02-28 01:56:09,083 [INFO] Set initial values for Amps 0.500000 and Volts 300.000000
ptd-server 2021-02-28 01:56:09,083 [INFO] Stopping ptd...
