ptd-server 2021-03-08 00:16:17,116 [INFO] Got command from the client 'time'
ptd-server 2021-03-08 00:16:17,117 [INFO] Sending reply to client '1615162577.1169682'
ptd-server 2021-03-08 00:16:17,120 [INFO] Got command from the client 'new,,391e523a-1116-4329-9bbd-c7636dd20bff'
ptd-server 2021-03-08 00:16:17,120 [INFO] Sending reply to client 'OK 2021-03-08_00-16-17,b3248a51-0d34-4a76-8785-86e4185c7960'
ptd-server 2021-03-08 00:16:17,161 [INFO] Got command from the client 'time'
ptd-server 2021-03-08 00:16:17,161 [INFO] Sending reply to client '1615162577.1612308'
ptd-server 2021-03-08 00:16:17,164 [INFO] Got command from the client 'session,2021-03-08_00-16-17,start,ranging'
ptd-server 2021-03-08 00:16:17,165 [INFO] Running PTDaemon: ['/home/anton/projects/mlperf/power/inference_v1.0/ptd-linux-x86', '-l', 'ptd.log', '-p', '8888', '52', '/dev/usbtmc0']
ptd-server 2021-03-08 00:16:34,337 [INFO] Sending to ptd: 'Hello'
ptd-server 2021-03-08 00:16:34,338 [INFO] Reply from ptd: 'Hello, PTDaemon here!'
ptd-server 2021-03-08 00:16:34,338 [INFO] Sending to ptd: 'Identify'
ptd-server 2021-03-08 00:16:34,338 [INFO] Reply from ptd: 'YokogawaWT330E,1000,1,1,1,1,0,0,1,version=1.9.2-e8c7a49a-20201208,OS=Linux 5.8.0-43-generic #49~20.04.1-Ubuntu SMP Fri Feb 5 09:57:56 UTC 2021 x86_64,mode=power,1,1,1,0,0,no_cal_date,YOKOGAWA;WT333E;C3VD30030E;F1.04'
ptd-server 2021-03-08 00:16:34,339 [INFO] Connected to PTDaemon
ptd-server 2021-03-08 00:16:34,339 [INFO] Sending to ptd: 'RR'
ptd-server 2021-03-08 00:16:34,339 [INFO] Reply from ptd: 'Ranges,0,0.500000,0,300.000000'
ptd-server 2021-03-08 00:16:34,339 [INFO] Initial range for Amps is 0.500000 for Volts is 300.000000
ptd-server 2021-03-08 00:16:34,339 [INFO] Sending to ptd: 'SR,V,Auto'
ptd-server 2021-03-08 00:16:34,842 [INFO] Reply from ptd: 'Range V changed'
ptd-server 2021-03-08 00:16:34,842 [INFO] Sending to ptd: 'SR,A,Auto'
ptd-server 2021-03-08 00:16:35,344 [INFO] Reply from ptd: 'Range A changed'
ptd-server 2021-03-08 00:16:45,355 [INFO] Starting ranging mode
ptd-server 2021-03-08 00:16:45,355 [INFO] Sending to ptd: 'Go,1000,0,2021-03-08_00-16-17_ranging'
ptd-server 2021-03-08 00:16:45,355 [INFO] Reply from ptd: 'Starting untimed measurement, maximum 500000 samples at 1000ms with 0 rampup samples'
ptd-server 2021-03-08 00:16:45,356 [INFO] Sending reply to client 'OK'
ptd-server 2021-03-08 00:27:10,263 [INFO] Got command from the client 'session,2021-03-08_00-16-17,stop,ranging'
ptd-server 2021-03-08 00:27:20,274 [INFO] Sending to ptd: 'Stop'
ptd-server 2021-03-08 00:27:20,274 [INFO] Reply from ptd: 'Stopping untimed measurement'
ptd-server 2021-03-08 00:27:20,886 [INFO] Sending reply to client 'OK'
ptd-server 2021-03-08 00:27:20,930 [INFO] Got command from the client 'time'
ptd-server 2021-03-08 00:27:20,930 [INFO] Sending reply to client '1615163240.9304621'
ptd-server 2021-03-08 00:27:20,935 [INFO] Got command from the client 'session,2021-03-08_00-16-17,start,testing'
ptd-server 2021-03-08 00:27:20,935 [INFO] Sending to ptd: 'SR,V,251.140000'
ptd-server 2021-03-08 00:27:22,436 [INFO] Reply from ptd: 'Range V changed'
ptd-server 2021-03-08 00:27:22,436 [INFO] Sending to ptd: 'SR,A,0.051780'
ptd-server 2021-03-08 00:27:23,938 [INFO] Reply from ptd: 'Range A changed'
ptd-server 2021-03-08 00:27:33,948 [INFO] Starting testing mode
ptd-server 2021-03-08 00:27:33,948 [INFO] Sending to ptd: 'Go,1000,0,2021-03-08_00-16-17_testing'
ptd-server 2021-03-08 00:27:33,948 [INFO] Reply from ptd: 'Starting untimed measurement, maximum 500000 samples at 1000ms with 0 rampup samples'
ptd-server 2021-03-08 00:27:33,949 [INFO] Sending reply to client 'OK'
ptd-server 2021-03-08 00:38:03,703 [INFO] Got command from the client 'session,2021-03-08_00-16-17,stop,testing'
ptd-server 2021-03-08 00:38:13,714 [INFO] Sending to ptd: 'Stop'
ptd-server 2021-03-08 00:38:13,714 [INFO] Reply from ptd: 'Stopping untimed measurement'
ptd-server 2021-03-08 00:38:14,032 [INFO] Sending reply to client 'OK'
ptd-server 2021-03-08 00:38:14,040 [INFO] Got command from the client 'session,2021-03-08_00-16-17,upload,client.log'
ptd-server 2021-03-08 00:38:14,043 [INFO] Received '/home/anton/projects/mlperf/power-dev/output/2021-03-08_00-16-17client.log.tmp'
ptd-server 2021-03-08 00:38:14,044 [INFO] Removed '/home/anton/projects/mlperf/power-dev/output/2021-03-08_00-16-17client.log.tmp'
ptd-server 2021-03-08 00:38:14,044 [INFO] Sending reply to client 'OK'
ptd-server 2021-03-08 00:38:14,056 [INFO] Got command from the client 'session,2021-03-08_00-16-17,upload,client.json'
ptd-server 2021-03-08 00:38:14,059 [INFO] Received '/home/anton/projects/mlperf/power-dev/output/2021-03-08_00-16-17client.json.tmp'
ptd-server 2021-03-08 00:38:14,059 [INFO] Removed '/home/anton/projects/mlperf/power-dev/output/2021-03-08_00-16-17client.json.tmp'
ptd-server 2021-03-08 00:38:14,060 [INFO] Sending reply to client 'OK'
ptd-server 2021-03-08 00:38:14,062 [INFO] Got command from the client 'session,2021-03-08_00-16-17,done'
ptd-server 2021-03-08 00:38:14,062 [INFO] Sending to ptd: 'Stop'
ptd-server 2021-03-08 00:38:14,063 [INFO] Reply from ptd: 'Error: no measurement to stop'
ptd-server 2021-03-08 00:38:14,063 [INFO] Sending to ptd: 'SR,V,300.000000'
ptd-server 2021-03-08 00:38:15,564 [INFO] Reply from ptd: 'Range V changed'
ptd-server 2021-03-08 00:38:15,564 [INFO] Sending to ptd: 'SR,A,0.500000'
ptd-server 2021-03-08 00:38:17,065 [INFO] Reply from ptd: 'Range A changed'
ptd-server 2021-03-08 00:38:17,066 [INFO] Set initial values for Amps 0.500000 and Volts 300.000000
ptd-server 2021-03-08 00:38:17,066 [INFO] Stopping ptd...
