ptd-server 2021-03-18 00:44:45,442 [INFO] Got command from the client 'stop'
ptd-server 2021-03-18 00:44:45,442 [INFO] The server will be stopped after processing this client
ptd-server 2021-03-18 00:44:45,442 [INFO] Sending reply to client 'OK'
ptd-server 2021-03-18 00:44:45,661 [INFO] Got command from the client 'time'
ptd-server 2021-03-18 00:44:45,661 [INFO] Sending reply to client '1616053485.661486'
ptd-server 2021-03-18 00:44:45,661 [INFO] Got command from the client 'new,,a1a01e43-e1ec-4b65-af5e-1012ebdd4d24'
ptd-server 2021-03-18 00:44:45,677 [INFO] Sending reply to client 'OK 2021-03-18_00-44-45,20315208-43ce-4226-81f6-b6f8a5dc146f'
ptd-server 2021-03-18 00:44:45,880 [INFO] Got command from the client 'time'
ptd-server 2021-03-18 00:44:45,880 [INFO] Sending reply to client '1616053485.8801794'
ptd-server 2021-03-18 00:44:45,880 [INFO] Got command from the client 'session,2021-03-18_00-44-45,start,ranging'
ptd-server 2021-03-18 00:44:45,989 [INFO] Running PTDaemon: ['C:\\PTD\\ptd-windows-x86.exe', '-l', 'C:\\logs_ptdeamon.txt', '-p', '8888', '-c', '3', '-y', '52', '10.32.209.251']
ptd-server 2021-03-18 00:45:03,814 [INFO] Sending to ptd: 'Hello'
ptd-server 2021-03-18 00:45:03,814 [INFO] Reply from ptd: 'Hello, PTDaemon here!'
ptd-server 2021-03-18 00:45:03,814 [INFO] Sending to ptd: 'Identify'
ptd-server 2021-03-18 00:45:03,814 [INFO] Reply from ptd: 'YokogawaWT330E,1000,1,1,1,1,0,0,1,version=1.9.2-3976349f-20201208,OS=Windows 8 / Server 2012,mode=power,1,1,1,0,0,no_cal_date,YOKOGAWA;WT333E;C2VL22012V;F1.03'
ptd-server 2021-03-18 00:45:03,814 [INFO] Connected to PTDaemon
ptd-server 2021-03-18 00:45:03,814 [INFO] Sending to ptd: 'RR'
ptd-server 2021-03-18 00:45:03,814 [INFO] Reply from ptd: 'Ranges,0,0.500000,0,150.000000'
ptd-server 2021-03-18 00:45:03,814 [INFO] Initial range for Amps is 0.500000 for Volts is 150.000000
ptd-server 2021-03-18 00:45:03,814 [INFO] Sending to ptd: 'SR,V,Auto'
ptd-server 2021-03-18 00:45:04,330 [INFO] Reply from ptd: 'Range V changed'
ptd-server 2021-03-18 00:45:04,330 [INFO] Sending to ptd: 'SR,A,Auto'
ptd-server 2021-03-18 00:45:04,845 [INFO] Reply from ptd: 'Range A changed'
ptd-server 2021-03-18 00:45:14,858 [INFO] Starting ranging mode
ptd-server 2021-03-18 00:45:14,858 [INFO] Sending to ptd: 'Go,1000,0,2021-03-18_00-44-45_ranging'
ptd-server 2021-03-18 00:45:14,858 [INFO] Reply from ptd: 'Starting untimed measurement, maximum 500000 samples at 1000ms with 0 rampup samples'
ptd-server 2021-03-18 00:45:14,858 [INFO] Sending reply to client 'OK'
ptd-server 2021-03-18 00:55:34,728 [INFO] Got command from the client 'session,2021-03-18_00-44-45,stop,ranging'
ptd-server 2021-03-18 00:55:44,741 [INFO] Sending to ptd: 'Stop'
ptd-server 2021-03-18 00:55:44,741 [INFO] Reply from ptd: 'Stopping untimed measurement'
ptd-server 2021-03-18 00:55:45,288 [INFO] Sending reply to client 'OK'
ptd-server 2021-03-18 00:55:45,335 [INFO] Got command from the client 'session,2021-03-18_00-44-45,upload,ranging'
ptd-server 2021-03-18 00:55:45,335 [INFO] Received 'C:\\ptd-logs\\2021-03-18_00-44-45ranging.tmp'
ptd-server 2021-03-18 00:55:45,351 [INFO] Extracted 'C:\\ptd-logs\\2021-03-18_00-44-45ranging.tmp' into 'C:\\ptd-logs\\2021-03-18_00-44-45\\ranging'
ptd-server 2021-03-18 00:55:45,351 [INFO] Removed 'C:\\ptd-logs\\2021-03-18_00-44-45ranging.tmp'
ptd-server 2021-03-18 00:55:45,351 [INFO] Sending reply to client 'OK'
ptd-server 2021-03-18 00:55:45,569 [INFO] Got command from the client 'time'
ptd-server 2021-03-18 00:55:45,569 [INFO] Sending reply to client '1616054145.56987'
ptd-server 2021-03-18 00:55:45,569 [INFO] Got command from the client 'session,2021-03-18_00-44-45,start,testing'
ptd-server 2021-03-18 00:55:45,569 [INFO] Sending to ptd: 'SR,V,119.850000'
ptd-server 2021-03-18 00:55:47,100 [INFO] Reply from ptd: 'Range V changed'
ptd-server 2021-03-18 00:55:47,100 [INFO] Sending to ptd: 'SR,A,0.350300'
ptd-server 2021-03-18 00:55:48,631 [INFO] Reply from ptd: 'Range A changed'
ptd-server 2021-03-18 00:55:58,646 [INFO] Starting testing mode
ptd-server 2021-03-18 00:55:58,646 [INFO] Sending to ptd: 'Go,1000,0,2021-03-18_00-44-45_testing'
ptd-server 2021-03-18 00:55:58,646 [INFO] Reply from ptd: 'Starting untimed measurement, maximum 500000 samples at 1000ms with 0 rampup samples'
ptd-server 2021-03-18 00:55:58,646 [INFO] Sending reply to client 'OK'
ptd-server 2021-03-18 01:06:13,875 [INFO] Got command from the client 'session,2021-03-18_00-44-45,stop,testing'
ptd-server 2021-03-18 01:06:23,888 [INFO] Sending to ptd: 'Stop'
ptd-server 2021-03-18 01:06:23,888 [INFO] Reply from ptd: 'Stopping untimed measurement'
ptd-server 2021-03-18 01:06:24,170 [INFO] Sending reply to client 'OK'
ptd-server 2021-03-18 01:06:25,064 [INFO] Got command from the client 'session,2021-03-18_00-44-45,upload,testing'
ptd-server 2021-03-18 01:06:25,079 [INFO] Received 'C:\\ptd-logs\\2021-03-18_00-44-45testing.tmp'
ptd-server 2021-03-18 01:06:25,095 [INFO] Extracted 'C:\\ptd-logs\\2021-03-18_00-44-45testing.tmp' into 'C:\\ptd-logs\\2021-03-18_00-44-45\\run_1'
ptd-server 2021-03-18 01:06:25,095 [INFO] Removed 'C:\\ptd-logs\\2021-03-18_00-44-45testing.tmp'
ptd-server 2021-03-18 01:06:25,095 [INFO] Sending reply to client 'OK'
ptd-server 2021-03-18 01:06:25,095 [INFO] Got command from the client 'session,2021-03-18_00-44-45,upload,client.log'
ptd-server 2021-03-18 01:06:25,111 [INFO] Received 'C:\\ptd-logs\\2021-03-18_00-44-45client.log.tmp'
ptd-server 2021-03-18 01:06:25,111 [INFO] Removed 'C:\\ptd-logs\\2021-03-18_00-44-45client.log.tmp'
ptd-server 2021-03-18 01:06:25,111 [INFO] Sending reply to client 'OK'
ptd-server 2021-03-18 01:06:25,157 [INFO] Got command from the client 'session,2021-03-18_00-44-45,upload,client.json'
ptd-server 2021-03-18 01:06:25,157 [INFO] Received 'C:\\ptd-logs\\2021-03-18_00-44-45client.json.tmp'
ptd-server 2021-03-18 01:06:25,157 [INFO] Removed 'C:\\ptd-logs\\2021-03-18_00-44-45client.json.tmp'
ptd-server 2021-03-18 01:06:25,157 [INFO] Sending reply to client 'OK'
ptd-server 2021-03-18 01:06:25,173 [INFO] Got command from the client 'session,2021-03-18_00-44-45,done'
ptd-server 2021-03-18 01:06:25,173 [INFO] Sending to ptd: 'Stop'
ptd-server 2021-03-18 01:06:25,173 [INFO] Reply from ptd: 'Error: no measurement to stop'
ptd-server 2021-03-18 01:06:25,173 [INFO] Sending to ptd: 'SR,V,150.000000'
ptd-server 2021-03-18 01:06:26,704 [INFO] Reply from ptd: 'Range V changed'
ptd-server 2021-03-18 01:06:26,704 [INFO] Sending to ptd: 'SR,A,0.500000'
ptd-server 2021-03-18 01:06:28,235 [INFO] Reply from ptd: 'Range A changed'
ptd-server 2021-03-18 01:06:28,235 [INFO] Set initial values for Amps 0.500000 and Volts 150.000000
ptd-server 2021-03-18 01:06:28,235 [INFO] Stopping ptd...
