ptd-server 2021-02-26 22:26:31,975 [INFO] Got command from the client 'time'
ptd-server 2021-02-26 22:26:31,975 [INFO] Sending reply to client '1614378391.9759061'
ptd-server 2021-02-26 22:26:31,977 [INFO] Got command from the client 'new,,903a79a9-84e3-4387-b010-7d5a68b214f2'
ptd-server 2021-02-26 22:26:31,977 [INFO] Sending reply to client 'OK 2021-02-26_22-26-31,4a8abd3f-1a19-4015-bf1b-6d519d3b200a'
ptd-server 2021-02-26 22:26:32,015 [INFO] Got command from the client 'time'
ptd-server 2021-02-26 22:26:32,015 [INFO] Sending reply to client '1614378392.0158155'
ptd-server 2021-02-26 22:26:32,016 [INFO] Got command from the client 'session,2021-02-26_22-26-31,start,ranging'
ptd-server 2021-02-26 22:26:32,017 [INFO] Running PTDaemon: ['/home/anton/projects/mlperf/power/inference_v1.0/ptd-linux-x86', '-l', 'ptd.log', '-p', '8888', '52', '/dev/usbtmc0']
ptd-server 2021-02-26 22:26:49,185 [INFO] Sending to ptd: 'Hello'
ptd-server 2021-02-26 22:26:49,186 [INFO] Reply from ptd: 'Hello, PTDaemon here!'
ptd-server 2021-02-26 22:26:49,186 [INFO] Sending to ptd: 'Identify'
ptd-server 2021-02-26 22:26:49,187 [INFO] Reply from ptd: 'YokogawaWT330E,1000,1,1,1,1,0,0,1,version=1.9.2-e8c7a49a-20201208,OS=Linux 5.8.0-43-generic #49~20.04.1-Ubuntu SMP Fri Feb 5 09:57:56 UTC 2021 x86_64,mode=power,1,1,1,0,0,no_cal_date,YOKOGAWA;WT333E;C3VD30030E;F1.04'
ptd-server 2021-02-26 22:26:49,187 [INFO] Connected to PTDaemon
ptd-server 2021-02-26 22:26:49,187 [INFO] Sending to ptd: 'RR'
ptd-server 2021-02-26 22:26:49,187 [INFO] Reply from ptd: 'Ranges,0,0.500000,0,300.000000'
ptd-server 2021-02-26 22:26:49,187 [INFO] Initial range for Amps is 0.500000 for Volts is 300.000000
ptd-server 2021-02-26 22:26:49,187 [INFO] Sending to ptd: 'SR,V,Auto'
ptd-server 2021-02-26 22:26:49,690 [INFO] Reply from ptd: 'Range V changed'
ptd-server 2021-02-26 22:26:49,690 [INFO] Sending to ptd: 'SR,A,Auto'
ptd-server 2021-02-26 22:26:50,193 [INFO] Reply from ptd: 'Range A changed'
ptd-server 2021-02-26 22:27:00,203 [INFO] Starting ranging mode
ptd-server 2021-02-26 22:27:00,203 [INFO] Sending to ptd: 'Go,1000,0,2021-02-26_22-26-31_ranging'
ptd-server 2021-02-26 22:27:00,203 [INFO] Reply from ptd: 'Starting untimed measurement, maximum 500000 samples at 1000ms with 0 rampup samples'
ptd-server 2021-02-26 22:27:00,204 [INFO] Sending reply to client 'OK'
ptd-server 2021-02-26 22:37:18,875 [INFO] Got command from the client 'session,2021-02-26_22-26-31,stop,ranging'
ptd-server 2021-02-26 22:37:28,884 [INFO] Sending to ptd: 'Stop'
ptd-server 2021-02-26 22:37:28,885 [INFO] Reply from ptd: 'Stopping untimed measurement'
ptd-server 2021-02-26 22:37:28,924 [INFO] Sending reply to client 'OK'
ptd-server 2021-02-26 22:37:28,991 [INFO] Got command from the client 'time'
ptd-server 2021-02-26 22:37:28,991 [INFO] Sending reply to client '1614379048.9918027'
ptd-server 2021-02-26 22:37:28,993 [INFO] Got command from the client 'session,2021-02-26_22-26-31,start,testing'
ptd-server 2021-02-26 22:37:28,993 [INFO] Sending to ptd: 'SR,V,249.910000'
ptd-server 2021-02-26 22:37:30,705 [INFO] Reply from ptd: 'Range V changed'
ptd-server 2021-02-26 22:37:30,705 [INFO] Sending to ptd: 'SR,A,0.183380'
ptd-server 2021-02-26 22:37:32,206 [INFO] Reply from ptd: 'Range A changed'
ptd-server 2021-02-26 22:37:42,216 [INFO] Starting testing mode
ptd-server 2021-02-26 22:37:42,216 [INFO] Sending to ptd: 'Go,1000,0,2021-02-26_22-26-31_testing'
ptd-server 2021-02-26 22:37:42,217 [INFO] Reply from ptd: 'Starting untimed measurement, maximum 500000 samples at 1000ms with 0 rampup samples'
ptd-server 2021-02-26 22:37:42,217 [INFO] Sending reply to client 'OK'
ptd-server 2021-02-26 22:48:00,906 [INFO] Got command from the client 'session,2021-02-26_22-26-31,stop,testing'
ptd-server 2021-02-26 22:48:10,916 [INFO] Sending to ptd: 'Stop'
ptd-server 2021-02-26 22:48:10,917 [INFO] Reply from ptd: 'Stopping untimed measurement'
ptd-server 2021-02-26 22:48:10,937 [INFO] Sending reply to client 'OK'
ptd-server 2021-02-26 22:48:10,978 [INFO] Got command from the client 'session,2021-02-26_22-26-31,upload,client.log'
ptd-server 2021-02-26 22:48:10,978 [INFO] Received '/home/anton/projects/mlperf/power-dev/output/2021-02-26_22-26-31client.log.tmp'
ptd-server 2021-02-26 22:48:10,979 [INFO] Removed '/home/anton/projects/mlperf/power-dev/output/2021-02-26_22-26-31client.log.tmp'
ptd-server 2021-02-26 22:48:10,979 [INFO] Sending reply to client 'OK'
ptd-server 2021-02-26 22:48:10,983 [INFO] Got command from the client 'session,2021-02-26_22-26-31,upload,client.json'
ptd-server 2021-02-26 22:48:10,984 [INFO] Received '/home/anton/projects/mlperf/power-dev/output/2021-02-26_22-26-31client.json.tmp'
ptd-server 2021-02-26 22:48:10,984 [INFO] Removed '/home/anton/projects/mlperf/power-dev/output/2021-02-26_22-26-31client.json.tmp'
ptd-server 2021-02-26 22:48:10,984 [INFO] Sending reply to client 'OK'
ptd-server 2021-02-26 22:48:10,986 [INFO] Got command from the client 'session,2021-02-26_22-26-31,done'
ptd-server 2021-02-26 22:48:10,986 [INFO] Sending to ptd: 'Stop'
ptd-server 2021-02-26 22:48:11,218 [INFO] Reply from ptd: 'Error: no measurement to stop'
ptd-server 2021-02-26 22:48:11,218 [INFO] Sending to ptd: 'SR,V,300.000000'
ptd-server 2021-02-26 22:48:12,719 [INFO] Reply from ptd: 'Range V changed'
ptd-server 2021-02-26 22:48:12,720 [INFO] Sending to ptd: 'SR,A,0.500000'
ptd-server 2021-02-26 22:48:14,221 [INFO] Reply from ptd: 'Range A changed'
ptd-server 2021-02-26 22:48:14,221 [INFO] Set initial values for Amps 0.500000 and Volts 300.000000
ptd-server 2021-02-26 22:48:14,221 [INFO] Stopping ptd...
