ptd-server 2021-03-07 00:14:32,736 [INFO] Got command from the client 'time'
ptd-server 2021-03-07 00:14:32,736 [INFO] Sending reply to client '1615076072.7363882'
ptd-server 2021-03-07 00:14:32,739 [INFO] Got command from the client 'new,,a8575185-afcc-4da0-845a-2b720daa3ee3'
ptd-server 2021-03-07 00:14:32,740 [INFO] Sending reply to client 'OK 2021-03-07_00-14-32,96c95f3a-c0cc-4e6a-95c8-8057db108037'
ptd-server 2021-03-07 00:14:32,776 [INFO] Got command from the client 'time'
ptd-server 2021-03-07 00:14:32,776 [INFO] Sending reply to client '1615076072.776211'
ptd-server 2021-03-07 00:14:32,779 [INFO] Got command from the client 'session,2021-03-07_00-14-32,start,ranging'
ptd-server 2021-03-07 00:14:32,779 [INFO] Running PTDaemon: ['/home/anton/projects/mlperf/power/inference_v1.0/ptd-linux-x86', '-l', 'ptd.log', '-p', '8888', '52', '/dev/usbtmc0']
ptd-server 2021-03-07 00:14:49,948 [INFO] Sending to ptd: 'Hello'
ptd-server 2021-03-07 00:14:49,949 [INFO] Reply from ptd: 'Hello, PTDaemon here!'
ptd-server 2021-03-07 00:14:49,949 [INFO] Sending to ptd: 'Identify'
ptd-server 2021-03-07 00:14:49,950 [INFO] Reply from ptd: 'YokogawaWT330E,1000,1,1,1,1,0,0,1,version=1.9.2-e8c7a49a-20201208,OS=Linux 5.8.0-43-generic #49~20.04.1-Ubuntu SMP Fri Feb 5 09:57:56 UTC 2021 x86_64,mode=power,1,1,1,0,0,no_cal_date,YOKOGAWA;WT333E;C3VD30030E;F1.04'
ptd-server 2021-03-07 00:14:49,950 [INFO] Connected to PTDaemon
ptd-server 2021-03-07 00:14:49,950 [INFO] Sending to ptd: 'RR'
ptd-server 2021-03-07 00:14:49,950 [INFO] Reply from ptd: 'Ranges,0,0.500000,0,300.000000'
ptd-server 2021-03-07 00:14:49,950 [INFO] Initial range for Amps is 0.500000 for Volts is 300.000000
ptd-server 2021-03-07 00:14:49,950 [INFO] Sending to ptd: 'SR,V,Auto'
ptd-server 2021-03-07 00:14:50,464 [INFO] Reply from ptd: 'Range V changed'
ptd-server 2021-03-07 00:14:50,465 [INFO] Sending to ptd: 'SR,A,Auto'
ptd-server 2021-03-07 00:14:50,967 [INFO] Reply from ptd: 'Range A changed'
ptd-server 2021-03-07 00:15:00,977 [INFO] Starting ranging mode
ptd-server 2021-03-07 00:15:00,977 [INFO] Sending to ptd: 'Go,1000,0,2021-03-07_00-14-32_ranging'
ptd-server 2021-03-07 00:15:00,978 [INFO] Reply from ptd: 'Starting untimed measurement, maximum 500000 samples at 1000ms with 0 rampup samples'
ptd-server 2021-03-07 00:15:00,978 [INFO] Sending reply to client 'OK'
ptd-server 2021-03-07 00:25:32,912 [INFO] Got command from the client 'session,2021-03-07_00-14-32,stop,ranging'
ptd-server 2021-03-07 00:25:42,922 [INFO] Sending to ptd: 'Stop'
ptd-server 2021-03-07 00:25:42,923 [INFO] Reply from ptd: 'Stopping untimed measurement'
ptd-server 2021-03-07 00:25:43,437 [INFO] Sending reply to client 'OK'
ptd-server 2021-03-07 00:25:43,475 [INFO] Got command from the client 'time'
ptd-server 2021-03-07 00:25:43,475 [INFO] Sending reply to client '1615076743.475507'
ptd-server 2021-03-07 00:25:43,479 [INFO] Got command from the client 'session,2021-03-07_00-14-32,start,testing'
ptd-server 2021-03-07 00:25:43,480 [INFO] Sending to ptd: 'SR,V,251.030000'
ptd-server 2021-03-07 00:25:44,981 [INFO] Reply from ptd: 'Range V changed'
ptd-server 2021-03-07 00:25:44,981 [INFO] Sending to ptd: 'SR,A,0.056550'
ptd-server 2021-03-07 00:25:46,482 [INFO] Reply from ptd: 'Range A changed'
ptd-server 2021-03-07 00:25:56,493 [INFO] Starting testing mode
ptd-server 2021-03-07 00:25:56,493 [INFO] Sending to ptd: 'Go,1000,0,2021-03-07_00-14-32_testing'
ptd-server 2021-03-07 00:25:56,493 [INFO] Reply from ptd: 'Starting untimed measurement, maximum 500000 samples at 1000ms with 0 rampup samples'
ptd-server 2021-03-07 00:25:56,493 [INFO] Sending reply to client 'OK'
ptd-server 2021-03-07 00:36:26,861 [INFO] Got command from the client 'session,2021-03-07_00-14-32,stop,testing'
ptd-server 2021-03-07 00:36:36,864 [INFO] Sending to ptd: 'Stop'
ptd-server 2021-03-07 00:36:36,865 [INFO] Reply from ptd: 'Stopping untimed measurement'
ptd-server 2021-03-07 00:36:37,135 [INFO] Sending reply to client 'OK'
ptd-server 2021-03-07 00:36:37,146 [INFO] Got command from the client 'session,2021-03-07_00-14-32,upload,client.log'
ptd-server 2021-03-07 00:36:37,149 [INFO] Received '/home/anton/projects/mlperf/power-dev/output/2021-03-07_00-14-32client.log.tmp'
ptd-server 2021-03-07 00:36:37,150 [INFO] Removed '/home/anton/projects/mlperf/power-dev/output/2021-03-07_00-14-32client.log.tmp'
ptd-server 2021-03-07 00:36:37,150 [INFO] Sending reply to client 'OK'
ptd-server 2021-03-07 00:36:37,162 [INFO] Got command from the client 'session,2021-03-07_00-14-32,upload,client.json'
ptd-server 2021-03-07 00:36:37,165 [INFO] Received '/home/anton/projects/mlperf/power-dev/output/2021-03-07_00-14-32client.json.tmp'
ptd-server 2021-03-07 00:36:37,166 [INFO] Removed '/home/anton/projects/mlperf/power-dev/output/2021-03-07_00-14-32client.json.tmp'
ptd-server 2021-03-07 00:36:37,166 [INFO] Sending reply to client 'OK'
ptd-server 2021-03-07 00:36:37,169 [INFO] Got command from the client 'session,2021-03-07_00-14-32,done'
ptd-server 2021-03-07 00:36:37,169 [INFO] Sending to ptd: 'Stop'
ptd-server 2021-03-07 00:36:37,494 [INFO] Reply from ptd: 'Error: no measurement to stop'
ptd-server 2021-03-07 00:36:37,494 [INFO] Sending to ptd: 'SR,V,300.000000'
ptd-server 2021-03-07 00:36:38,995 [INFO] Reply from ptd: 'Range V changed'
ptd-server 2021-03-07 00:36:38,995 [INFO] Sending to ptd: 'SR,A,0.500000'
ptd-server 2021-03-07 00:36:40,497 [INFO] Reply from ptd: 'Range A changed'
ptd-server 2021-03-07 00:36:40,497 [INFO] Set initial values for Amps 0.500000 and Volts 300.000000
ptd-server 2021-03-07 00:36:40,497 [INFO] Stopping ptd...
