ptd-server 2021-03-07 12:19:24,091 [INFO] Got command from the client 'time'
ptd-server 2021-03-07 12:19:24,091 [INFO] Sending reply to client '1615119564.0915651'
ptd-server 2021-03-07 12:19:24,094 [INFO] Got command from the client 'new,,8bb6dd5f-8858-493c-a749-367179bd1d89'
ptd-server 2021-03-07 12:19:24,094 [INFO] Sending reply to client 'OK 2021-03-07_12-19-24,1bc2b63d-4be3-4388-b9a0-c4b13203ab4f'
ptd-server 2021-03-07 12:19:24,127 [INFO] Got command from the client 'time'
ptd-server 2021-03-07 12:19:24,127 [INFO] Sending reply to client '1615119564.127228'
ptd-server 2021-03-07 12:19:24,129 [INFO] Got command from the client 'session,2021-03-07_12-19-24,start,ranging'
ptd-server 2021-03-07 12:19:24,130 [INFO] Running PTDaemon: ['/home/anton/projects/mlperf/power/inference_v1.0/ptd-linux-x86', '-l', 'ptd.log', '-p', '8888', '52', '/dev/usbtmc0']
ptd-server 2021-03-07 12:19:41,297 [INFO] Sending to ptd: 'Hello'
ptd-server 2021-03-07 12:19:41,298 [INFO] Reply from ptd: 'Hello, PTDaemon here!'
ptd-server 2021-03-07 12:19:41,298 [INFO] Sending to ptd: 'Identify'
ptd-server 2021-03-07 12:19:41,298 [INFO] Reply from ptd: 'YokogawaWT330E,1000,1,1,1,1,0,0,1,version=1.9.2-e8c7a49a-20201208,OS=Linux 5.8.0-43-generic #49~20.04.1-Ubuntu SMP Fri Feb 5 09:57:56 UTC 2021 x86_64,mode=power,1,1,1,0,0,no_cal_date,YOKOGAWA;WT333E;C3VD30030E;F1.04'
ptd-server 2021-03-07 12:19:41,299 [INFO] Connected to PTDaemon
ptd-server 2021-03-07 12:19:41,299 [INFO] Sending to ptd: 'RR'
ptd-server 2021-03-07 12:19:41,299 [INFO] Reply from ptd: 'Ranges,0,0.500000,0,300.000000'
ptd-server 2021-03-07 12:19:41,299 [INFO] Initial range for Amps is 0.500000 for Volts is 300.000000
ptd-server 2021-03-07 12:19:41,299 [INFO] Sending to ptd: 'SR,V,Auto'
ptd-server 2021-03-07 12:19:41,802 [INFO] Reply from ptd: 'Range V changed'
ptd-server 2021-03-07 12:19:41,802 [INFO] Sending to ptd: 'SR,A,Auto'
ptd-server 2021-03-07 12:19:42,304 [INFO] Reply from ptd: 'Range A changed'
ptd-server 2021-03-07 12:19:52,315 [INFO] Starting ranging mode
ptd-server 2021-03-07 12:19:52,315 [INFO] Sending to ptd: 'Go,1000,0,2021-03-07_12-19-24_ranging'
ptd-server 2021-03-07 12:19:52,315 [INFO] Reply from ptd: 'Starting untimed measurement, maximum 500000 samples at 1000ms with 0 rampup samples'
ptd-server 2021-03-07 12:19:52,315 [INFO] Sending reply to client 'OK'
ptd-server 2021-03-07 12:30:17,130 [INFO] Got command from the client 'session,2021-03-07_12-19-24,stop,ranging'
ptd-server 2021-03-07 12:30:27,140 [INFO] Sending to ptd: 'Stop'
ptd-server 2021-03-07 12:30:27,140 [INFO] Reply from ptd: 'Stopping untimed measurement'
ptd-server 2021-03-07 12:30:27,683 [INFO] Sending reply to client 'OK'
ptd-server 2021-03-07 12:30:27,951 [INFO] Got command from the client 'time'
ptd-server 2021-03-07 12:30:27,951 [INFO] Sending reply to client '1615120227.9514406'
ptd-server 2021-03-07 12:30:27,954 [INFO] Got command from the client 'session,2021-03-07_12-19-24,start,testing'
ptd-server 2021-03-07 12:30:27,955 [INFO] Sending to ptd: 'SR,V,249.980000'
ptd-server 2021-03-07 12:30:29,456 [INFO] Reply from ptd: 'Range V changed'
ptd-server 2021-03-07 12:30:29,456 [INFO] Sending to ptd: 'SR,A,0.054630'
ptd-server 2021-03-07 12:30:30,958 [INFO] Reply from ptd: 'Range A changed'
ptd-server 2021-03-07 12:30:40,968 [INFO] Starting testing mode
ptd-server 2021-03-07 12:30:40,968 [INFO] Sending to ptd: 'Go,1000,0,2021-03-07_12-19-24_testing'
ptd-server 2021-03-07 12:30:40,968 [INFO] Reply from ptd: 'Starting untimed measurement, maximum 500000 samples at 1000ms with 0 rampup samples'
ptd-server 2021-03-07 12:30:40,969 [INFO] Sending reply to client 'OK'
ptd-server 2021-03-07 12:41:10,562 [INFO] Got command from the client 'session,2021-03-07_12-19-24,stop,testing'
ptd-server 2021-03-07 12:41:20,573 [INFO] Sending to ptd: 'Stop'
ptd-server 2021-03-07 12:41:20,573 [INFO] Reply from ptd: 'Stopping untimed measurement'
ptd-server 2021-03-07 12:41:20,859 [INFO] Sending reply to client 'OK'
ptd-server 2021-03-07 12:41:20,867 [INFO] Got command from the client 'session,2021-03-07_12-19-24,upload,client.log'
ptd-server 2021-03-07 12:41:20,870 [INFO] Received '/home/anton/projects/mlperf/power-dev/output/2021-03-07_12-19-24client.log.tmp'
ptd-server 2021-03-07 12:41:20,870 [INFO] Removed '/home/anton/projects/mlperf/power-dev/output/2021-03-07_12-19-24client.log.tmp'
ptd-server 2021-03-07 12:41:20,870 [INFO] Sending reply to client 'OK'
ptd-server 2021-03-07 12:41:20,882 [INFO] Got command from the client 'session,2021-03-07_12-19-24,upload,client.json'
ptd-server 2021-03-07 12:41:20,885 [INFO] Received '/home/anton/projects/mlperf/power-dev/output/2021-03-07_12-19-24client.json.tmp'
ptd-server 2021-03-07 12:41:20,886 [INFO] Removed '/home/anton/projects/mlperf/power-dev/output/2021-03-07_12-19-24client.json.tmp'
ptd-server 2021-03-07 12:41:20,886 [INFO] Sending reply to client 'OK'
ptd-server 2021-03-07 12:41:20,889 [INFO] Got command from the client 'session,2021-03-07_12-19-24,done'
ptd-server 2021-03-07 12:41:20,889 [INFO] Sending to ptd: 'Stop'
ptd-server 2021-03-07 12:41:20,969 [INFO] Reply from ptd: 'Error: no measurement to stop'
ptd-server 2021-03-07 12:41:20,969 [INFO] Sending to ptd: 'SR,V,300.000000'
ptd-server 2021-03-07 12:41:22,470 [INFO] Reply from ptd: 'Range V changed'
ptd-server 2021-03-07 12:41:22,470 [INFO] Sending to ptd: 'SR,A,0.500000'
ptd-server 2021-03-07 12:41:23,972 [INFO] Reply from ptd: 'Range A changed'
ptd-server 2021-03-07 12:41:23,972 [INFO] Set initial values for Amps 0.500000 and Volts 300.000000
ptd-server 2021-03-07 12:41:23,972 [INFO] Stopping ptd...
