ptd-server 2021-03-08 07:40:27,908 [INFO] Got command from the client 'time'
ptd-server 2021-03-08 07:40:27,908 [INFO] Sending reply to client '1615189227.9088416'
ptd-server 2021-03-08 07:40:27,912 [INFO] Got command from the client 'new,,ab6b6d78-d092-4666-8860-f57674135f66'
ptd-server 2021-03-08 07:40:27,912 [INFO] Sending reply to client 'OK 2021-03-08_07-40-27,2f535e68-9776-45c1-a38d-5b1a002e110f'
ptd-server 2021-03-08 07:40:27,948 [INFO] Got command from the client 'time'
ptd-server 2021-03-08 07:40:27,948 [INFO] Sending reply to client '1615189227.9486327'
ptd-server 2021-03-08 07:40:27,952 [INFO] Got command from the client 'session,2021-03-08_07-40-27,start,ranging'
ptd-server 2021-03-08 07:40:27,952 [INFO] Running PTDaemon: ['/home/anton/projects/mlperf/power/inference_v1.0/ptd-linux-x86', '-l', 'ptd.log', '-p', '8888', '52', '/dev/usbtmc0']
ptd-server 2021-03-08 07:40:45,124 [INFO] Sending to ptd: 'Hello'
ptd-server 2021-03-08 07:40:45,125 [INFO] Reply from ptd: 'Hello, PTDaemon here!'
ptd-server 2021-03-08 07:40:45,125 [INFO] Sending to ptd: 'Identify'
ptd-server 2021-03-08 07:40:45,125 [INFO] Reply from ptd: 'YokogawaWT330E,1000,1,1,1,1,0,0,1,version=1.9.2-e8c7a49a-20201208,OS=Linux 5.8.0-43-generic #49~20.04.1-Ubuntu SMP Fri Feb 5 09:57:56 UTC 2021 x86_64,mode=power,1,1,1,0,0,no_cal_date,YOKOGAWA;WT333E;C3VD30030E;F1.04'
ptd-server 2021-03-08 07:40:45,125 [INFO] Connected to PTDaemon
ptd-server 2021-03-08 07:40:45,126 [INFO] Sending to ptd: 'RR'
ptd-server 2021-03-08 07:40:45,126 [INFO] Reply from ptd: 'Ranges,0,0.500000,0,300.000000'
ptd-server 2021-03-08 07:40:45,126 [INFO] Initial range for Amps is 0.500000 for Volts is 300.000000
ptd-server 2021-03-08 07:40:45,126 [INFO] Sending to ptd: 'SR,V,Auto'
ptd-server 2021-03-08 07:40:45,628 [INFO] Reply from ptd: 'Range V changed'
ptd-server 2021-03-08 07:40:45,629 [INFO] Sending to ptd: 'SR,A,Auto'
ptd-server 2021-03-08 07:40:46,131 [INFO] Reply from ptd: 'Range A changed'
ptd-server 2021-03-08 07:40:56,141 [INFO] Starting ranging mode
ptd-server 2021-03-08 07:40:56,142 [INFO] Sending to ptd: 'Go,1000,0,2021-03-08_07-40-27_ranging'
ptd-server 2021-03-08 07:40:56,142 [INFO] Reply from ptd: 'Starting untimed measurement, maximum 500000 samples at 1000ms with 0 rampup samples'
ptd-server 2021-03-08 07:40:56,142 [INFO] Sending reply to client 'OK'
ptd-server 2021-03-08 07:51:21,126 [INFO] Got command from the client 'session,2021-03-08_07-40-27,stop,ranging'
ptd-server 2021-03-08 07:51:31,137 [INFO] Sending to ptd: 'Stop'
ptd-server 2021-03-08 07:51:31,137 [INFO] Reply from ptd: 'Stopping untimed measurement'
ptd-server 2021-03-08 07:51:31,782 [INFO] Sending reply to client 'OK'
ptd-server 2021-03-08 07:51:31,826 [INFO] Got command from the client 'time'
ptd-server 2021-03-08 07:51:31,827 [INFO] Sending reply to client '1615189891.8270159'
ptd-server 2021-03-08 07:51:31,830 [INFO] Got command from the client 'session,2021-03-08_07-40-27,start,testing'
ptd-server 2021-03-08 07:51:31,830 [INFO] Sending to ptd: 'SR,V,249.280000'
ptd-server 2021-03-08 07:51:33,332 [INFO] Reply from ptd: 'Range V changed'
ptd-server 2021-03-08 07:51:33,332 [INFO] Sending to ptd: 'SR,A,0.052500'
ptd-server 2021-03-08 07:51:34,833 [INFO] Reply from ptd: 'Range A changed'
ptd-server 2021-03-08 07:51:44,843 [INFO] Starting testing mode
ptd-server 2021-03-08 07:51:44,843 [INFO] Sending to ptd: 'Go,1000,0,2021-03-08_07-40-27_testing'
ptd-server 2021-03-08 07:51:44,844 [INFO] Reply from ptd: 'Starting untimed measurement, maximum 500000 samples at 1000ms with 0 rampup samples'
ptd-server 2021-03-08 07:51:44,844 [INFO] Sending reply to client 'OK'
ptd-server 2021-03-08 08:02:14,609 [INFO] Got command from the client 'session,2021-03-08_07-40-27,stop,testing'
ptd-server 2021-03-08 08:02:24,620 [INFO] Sending to ptd: 'Stop'
ptd-server 2021-03-08 08:02:24,620 [INFO] Reply from ptd: 'Stopping untimed measurement'
ptd-server 2021-03-08 08:02:24,956 [INFO] Sending reply to client 'OK'
ptd-server 2021-03-08 08:02:24,964 [INFO] Got command from the client 'session,2021-03-08_07-40-27,upload,client.log'
ptd-server 2021-03-08 08:02:24,968 [INFO] Received '/home/anton/projects/mlperf/power-dev/output/2021-03-08_07-40-27client.log.tmp'
ptd-server 2021-03-08 08:02:24,968 [INFO] Removed '/home/anton/projects/mlperf/power-dev/output/2021-03-08_07-40-27client.log.tmp'
ptd-server 2021-03-08 08:02:24,969 [INFO] Sending reply to client 'OK'
ptd-server 2021-03-08 08:02:24,981 [INFO] Got command from the client 'session,2021-03-08_07-40-27,upload,client.json'
ptd-server 2021-03-08 08:02:24,984 [INFO] Received '/home/anton/projects/mlperf/power-dev/output/2021-03-08_07-40-27client.json.tmp'
ptd-server 2021-03-08 08:02:24,984 [INFO] Removed '/home/anton/projects/mlperf/power-dev/output/2021-03-08_07-40-27client.json.tmp'
ptd-server 2021-03-08 08:02:24,984 [INFO] Sending reply to client 'OK'
ptd-server 2021-03-08 08:02:24,987 [INFO] Got command from the client 'session,2021-03-08_07-40-27,done'
ptd-server 2021-03-08 08:02:24,987 [INFO] Sending to ptd: 'Stop'
ptd-server 2021-03-08 08:02:24,987 [INFO] Reply from ptd: 'Error: no measurement to stop'
ptd-server 2021-03-08 08:02:24,987 [INFO] Sending to ptd: 'SR,V,300.000000'
ptd-server 2021-03-08 08:02:26,489 [INFO] Reply from ptd: 'Range V changed'
ptd-server 2021-03-08 08:02:26,489 [INFO] Sending to ptd: 'SR,A,0.500000'
ptd-server 2021-03-08 08:02:27,990 [INFO] Reply from ptd: 'Range A changed'
ptd-server 2021-03-08 08:02:27,990 [INFO] Set initial values for Amps 0.500000 and Volts 300.000000
ptd-server 2021-03-08 08:02:27,990 [INFO] Stopping ptd...
