client 2021-03-17 23:56:01,541 [WARNING] Removing old loadgen logs directory '/home/scratch.mlperf_inf_ci/mlPerf/L1/Xavier_MaxQ-Computelab-Xavier-MaxQ-L1-5-2021-03-17-23-28-24-UTC/mlperf-inference/closed/NVIDIA/build/power_logs_temp'
client 2021-03-17 23:56:01,560 [INFO] Sending command to the server: 'mlcommons/power client v3'
client 2021-03-17 23:56:01,565 [INFO] Got response: 'mlcommons/power server v3'
client 2021-03-17 23:56:01,566 [INFO] Sending command to the server: 'stop'
client 2021-03-17 23:56:01,567 [INFO] Got response: 'OK'
client 2021-03-17 23:56:01,568 [INFO] Synchronizing with the server and with ib-01.dc4-in.nvidia.com...
client 2021-03-17 23:56:01,802 [INFO] NTP:offset = -0.004 s, delay = 0.202 s 
client 2021-03-17 23:56:01,803 [INFO] Sending command to the server: 'time'
client 2021-03-17 23:56:01,804 [INFO] Got response: '1616050561.7513745'
client 2021-03-17 23:56:01,805 [INFO] The time difference between the client and the server is within range 51.738 ms..53.837 ms
client 2021-03-17 23:56:01,805 [INFO] Sending command to the server: 'new,,5a9fa55c-28d1-4f40-a4c2-56b2a84b3454'
client 2021-03-17 23:56:01,807 [INFO] Got response: 'OK 2021-03-17_23-56-01,f2a04089-67e9-46f6-94e8-3cf07f53ad77'
client 2021-03-17 23:56:01,808 [INFO] Session id is '2021-03-17_23-56-01'
client 2021-03-17 23:56:01,808 [INFO] Sources: {"sources": {"client.py": "d1e75cb4b26101220ebd242e584cf3ca5d8f1996", "lib/__init__.py": "da39a3ee5e6b4b0d3255bfef95601890afd80709", "lib/client.py": "d42bebf5b74cb6ff3997e2a6c68422afac111a28", "lib/common.py": "b0bad80d8fa328a7636027d4d66ff453f8dd7889", "lib/external/ntplib.py": "4da8f970656505a40483206ef2b5d3dd5e81711d", "lib/server.py": "2ed36471c7af565d6c8438b2134edad1d7ddf166", "lib/source_hashes.py": "4cedff274c661cb1504052018fd4f00dfbf624ef", "lib/summary.py": "0db15d783907aa92038281af4e465545c0648ddb", "lib/time_sync.py": "76051226ec89287839723352f4162aaa24e0546a", "server.py": "99e1310e3f76292aef1b8792ce6b8c82f1d44d8b", "tests/unit/test_server.py": "64f11775bfed35232a0e8bb9593c0ff992432c59", "tests/unit/test_source_hashes.py": "cb41a7261eaf7d94ba5c0aae9c523174f6204be3"}, "modules": {"__main__": "client.py", "lib.client": "lib/client.py", "lib.common": "lib/common.py", "lib.external.ntplib": "lib/external/ntplib.py", "lib.source_hashes": "lib/source_hashes.py", "lib.summary": "lib/summary.py", "lib.time_sync": "lib/time_sync.py"}}
client 2021-03-17 23:56:01,812 [INFO] Running workload in ranging mode
client 2021-03-17 23:56:01,812 [INFO] Synchronizing with the server and with ib-01.dc4-in.nvidia.com...
client 2021-03-17 23:56:02,102 [INFO] NTP:offset = -0.003 s, delay = 0.202 s 
client 2021-03-17 23:56:02,103 [INFO] Sending command to the server: 'time'
client 2021-03-17 23:56:02,105 [INFO] Got response: '1616050562.0481932'
client 2021-03-17 23:56:02,106 [INFO] The time difference between the client and the server is within range 55.418 ms..57.778 ms
client 2021-03-17 23:56:02,106 [INFO] Sending command to the server: 'session,2021-03-17_23-56-01,start,ranging'
client 2021-03-17 23:56:31,129 [INFO] Got response: 'OK'
client 2021-03-17 23:56:31,130 [INFO] Running the workload 'LOG_DIR=/home/scratch.mlperf_inf_ci/mlPerf/L1/Xavier_MaxQ-Computelab-Xavier-MaxQ-L1-5-2021-03-17-23-28-24-UTC/mlperf-inference/closed/NVIDIA/build/power_logs_temp python3 code/main.py --benchmarks=ssd-resnet34 --scenarios=Offline --test_mode=PerformanceOnly --config_ver=maxq --action="run_harness" \\\n\t\t&& cp -v /home/scratch.mlperf_inf_ci/mlPerf/L1/Xavier_MaxQ-Computelab-Xavier-MaxQ-L1-5-2021-03-17-23-28-24-UTC/mlperf-inference/closed/NVIDIA/build/power_logs_temp/*/*/*/mlperf_log_detail.txt /home/scratch.mlperf_inf_ci/mlPerf/L1/Xavier_MaxQ-Computelab-Xavier-MaxQ-L1-5-2021-03-17-23-28-24-UTC/mlperf-inference/closed/NVIDIA/build/power_logs_temp/ \\\n\t\t&& cp -v /home/scratch.mlperf_inf_ci/mlPerf/L1/Xavier_MaxQ-Computelab-Xavier-MaxQ-L1-5-2021-03-17-23-28-24-UTC/mlperf-inference/closed/NVIDIA/build/power_logs_temp/*/*/*/mlperf_log_summary.txt /home/scratch.mlperf_inf_ci/mlPerf/L1/Xavier_MaxQ-Computelab-Xavier-MaxQ-L1-5-2021-03-17-23-28-24-UTC/mlperf-inference/closed/NVIDIA/build/power_logs_temp/'
client 2021-03-18 00:11:09,897 [INFO] Sending command to the server: 'session,2021-03-17_23-56-01,stop,ranging'
client 2021-03-18 00:11:20,482 [INFO] Got response: 'OK'
client 2021-03-18 00:11:20,490 [INFO] Packing logs into zip and uploading to the server
client 2021-03-18 00:11:20,519 [INFO] Zip file size: 11.2 kB
client 2021-03-18 00:11:20,540 [INFO] Got response: 'OK'
client 2021-03-18 00:11:20,541 [INFO] Running workload in testing mode
client 2021-03-18 00:11:20,541 [INFO] Synchronizing with the server and with ib-01.dc4-in.nvidia.com...
client 2021-03-18 00:11:20,750 [INFO] NTP:offset = -0.003 s, delay = 0.202 s 
client 2021-03-18 00:11:20,750 [INFO] Sending command to the server: 'time'
client 2021-03-18 00:11:20,752 [INFO] Got response: '1616051480.6894052'
client 2021-03-18 00:11:20,752 [INFO] The time difference between the client and the server is within range 61.235 ms..63.421 ms
client 2021-03-18 00:11:20,753 [INFO] Sending command to the server: 'session,2021-03-17_23-56-01,start,testing'
client 2021-03-18 00:11:33,832 [INFO] Got response: 'OK'
client 2021-03-18 00:11:33,833 [INFO] Running the workload 'LOG_DIR=/home/scratch.mlperf_inf_ci/mlPerf/L1/Xavier_MaxQ-Computelab-Xavier-MaxQ-L1-5-2021-03-17-23-28-24-UTC/mlperf-inference/closed/NVIDIA/build/power_logs_temp python3 code/main.py --benchmarks=ssd-resnet34 --scenarios=Offline --test_mode=PerformanceOnly --config_ver=maxq --action="run_harness" \\\n\t\t&& cp -v /home/scratch.mlperf_inf_ci/mlPerf/L1/Xavier_MaxQ-Computelab-Xavier-MaxQ-L1-5-2021-03-17-23-28-24-UTC/mlperf-inference/closed/NVIDIA/build/power_logs_temp/*/*/*/mlperf_log_detail.txt /home/scratch.mlperf_inf_ci/mlPerf/L1/Xavier_MaxQ-Computelab-Xavier-MaxQ-L1-5-2021-03-17-23-28-24-UTC/mlperf-inference/closed/NVIDIA/build/power_logs_temp/ \\\n\t\t&& cp -v /home/scratch.mlperf_inf_ci/mlPerf/L1/Xavier_MaxQ-Computelab-Xavier-MaxQ-L1-5-2021-03-17-23-28-24-UTC/mlperf-inference/closed/NVIDIA/build/power_logs_temp/*/*/*/mlperf_log_summary.txt /home/scratch.mlperf_inf_ci/mlPerf/L1/Xavier_MaxQ-Computelab-Xavier-MaxQ-L1-5-2021-03-17-23-28-24-UTC/mlperf-inference/closed/NVIDIA/build/power_logs_temp/'
client 2021-03-18 00:26:06,398 [INFO] Sending command to the server: 'session,2021-03-17_23-56-01,stop,testing'
client 2021-03-18 00:26:16,708 [INFO] Got response: 'OK'
client 2021-03-18 00:26:17,504 [INFO] Packing logs into zip and uploading to the server
client 2021-03-18 00:26:17,531 [INFO] Zip file size: 11.2 kB
client 2021-03-18 00:26:17,554 [INFO] Got response: 'OK'
client 2021-03-18 00:26:17,555 [INFO] Done runs
