ptd-server 2021-03-17 23:56:01,516 [INFO] Got command from the client 'stop'
ptd-server 2021-03-17 23:56:01,516 [INFO] The server will be stopped after processing this client
ptd-server 2021-03-17 23:56:01,516 [INFO] Sending reply to client 'OK'
ptd-server 2021-03-17 23:56:01,751 [INFO] Got command from the client 'time'
ptd-server 2021-03-17 23:56:01,751 [INFO] Sending reply to client '1616050561.7513745'
ptd-server 2021-03-17 23:56:01,751 [INFO] Got command from the client 'new,,5a9fa55c-28d1-4f40-a4c2-56b2a84b3454'
ptd-server 2021-03-17 23:56:01,751 [INFO] Sending reply to client 'OK 2021-03-17_23-56-01,f2a04089-67e9-46f6-94e8-3cf07f53ad77'
ptd-server 2021-03-17 23:56:02,048 [INFO] Got command from the client 'time'
ptd-server 2021-03-17 23:56:02,048 [INFO] Sending reply to client '1616050562.0481932'
ptd-server 2021-03-17 23:56:02,048 [INFO] Got command from the client 'session,2021-03-17_23-56-01,start,ranging'
ptd-server 2021-03-17 23:56:02,157 [INFO] Running PTDaemon: ['C:\\PTD\\ptd-windows-x86.exe', '-l', 'C:\\logs_ptdeamon.txt', '-p', '8888', '-c', '3', '-y', '52', '10.32.209.251']
ptd-server 2021-03-17 23:56:20,028 [INFO] Sending to ptd: 'Hello'
ptd-server 2021-03-17 23:56:20,028 [INFO] Reply from ptd: 'Hello, PTDaemon here!'
ptd-server 2021-03-17 23:56:20,028 [INFO] Sending to ptd: 'Identify'
ptd-server 2021-03-17 23:56:20,028 [INFO] Reply from ptd: 'YokogawaWT330E,1000,1,1,1,1,0,0,1,version=1.9.2-3976349f-20201208,OS=Windows 8 / Server 2012,mode=power,1,1,1,0,0,no_cal_date,YOKOGAWA;WT333E;C2VL22012V;F1.03'
ptd-server 2021-03-17 23:56:20,028 [INFO] Connected to PTDaemon
ptd-server 2021-03-17 23:56:20,028 [INFO] Sending to ptd: 'RR'
ptd-server 2021-03-17 23:56:20,028 [INFO] Reply from ptd: 'Ranges,0,0.500000,0,150.000000'
ptd-server 2021-03-17 23:56:20,028 [INFO] Initial range for Amps is 0.500000 for Volts is 150.000000
ptd-server 2021-03-17 23:56:20,028 [INFO] Sending to ptd: 'SR,V,Auto'
ptd-server 2021-03-17 23:56:20,543 [INFO] Reply from ptd: 'Range V changed'
ptd-server 2021-03-17 23:56:20,543 [INFO] Sending to ptd: 'SR,A,Auto'
ptd-server 2021-03-17 23:56:21,059 [INFO] Reply from ptd: 'Range A changed'
ptd-server 2021-03-17 23:56:31,073 [INFO] Starting ranging mode
ptd-server 2021-03-17 23:56:31,073 [INFO] Sending to ptd: 'Go,1000,0,2021-03-17_23-56-01_ranging'
ptd-server 2021-03-17 23:56:31,073 [INFO] Reply from ptd: 'Starting untimed measurement, maximum 500000 samples at 1000ms with 0 rampup samples'
ptd-server 2021-03-17 23:56:31,073 [INFO] Sending reply to client 'OK'
ptd-server 2021-03-18 00:11:09,848 [INFO] Got command from the client 'session,2021-03-17_23-56-01,stop,ranging'
ptd-server 2021-03-18 00:11:19,861 [INFO] Sending to ptd: 'Stop'
ptd-server 2021-03-18 00:11:19,861 [INFO] Reply from ptd: 'Stopping untimed measurement'
ptd-server 2021-03-18 00:11:20,423 [INFO] Sending reply to client 'OK'
ptd-server 2021-03-18 00:11:20,470 [INFO] Got command from the client 'session,2021-03-17_23-56-01,upload,ranging'
ptd-server 2021-03-18 00:11:20,470 [INFO] Received 'C:\\ptd-logs\\2021-03-17_23-56-01ranging.tmp'
ptd-server 2021-03-18 00:11:20,486 [INFO] Extracted 'C:\\ptd-logs\\2021-03-17_23-56-01ranging.tmp' into 'C:\\ptd-logs\\2021-03-17_23-56-01\\ranging'
ptd-server 2021-03-18 00:11:20,486 [INFO] Removed 'C:\\ptd-logs\\2021-03-17_23-56-01ranging.tmp'
ptd-server 2021-03-18 00:11:20,486 [INFO] Sending reply to client 'OK'
ptd-server 2021-03-18 00:11:20,689 [INFO] Got command from the client 'time'
ptd-server 2021-03-18 00:11:20,689 [INFO] Sending reply to client '1616051480.6894052'
ptd-server 2021-03-18 00:11:20,704 [INFO] Got command from the client 'session,2021-03-17_23-56-01,start,testing'
ptd-server 2021-03-18 00:11:20,704 [INFO] Sending to ptd: 'SR,V,120.080000'
ptd-server 2021-03-18 00:11:22,235 [INFO] Reply from ptd: 'Range V changed'
ptd-server 2021-03-18 00:11:22,235 [INFO] Sending to ptd: 'SR,A,0.425400'
ptd-server 2021-03-18 00:11:23,766 [INFO] Reply from ptd: 'Range A changed'
ptd-server 2021-03-18 00:11:33,780 [INFO] Starting testing mode
ptd-server 2021-03-18 00:11:33,780 [INFO] Sending to ptd: 'Go,1000,0,2021-03-17_23-56-01_testing'
ptd-server 2021-03-18 00:11:33,780 [INFO] Reply from ptd: 'Starting untimed measurement, maximum 500000 samples at 1000ms with 0 rampup samples'
ptd-server 2021-03-18 00:11:33,780 [INFO] Sending reply to client 'OK'
ptd-server 2021-03-18 00:26:06,339 [INFO] Got command from the client 'session,2021-03-17_23-56-01,stop,testing'
ptd-server 2021-03-18 00:26:16,367 [INFO] Sending to ptd: 'Stop'
ptd-server 2021-03-18 00:26:16,367 [INFO] Reply from ptd: 'Stopping untimed measurement'
ptd-server 2021-03-18 00:26:16,648 [INFO] Sending reply to client 'OK'
ptd-server 2021-03-18 00:26:17,476 [INFO] Got command from the client 'session,2021-03-17_23-56-01,upload,testing'
ptd-server 2021-03-18 00:26:17,476 [INFO] Received 'C:\\ptd-logs\\2021-03-17_23-56-01testing.tmp'
ptd-server 2021-03-18 00:26:17,492 [INFO] Extracted 'C:\\ptd-logs\\2021-03-17_23-56-01testing.tmp' into 'C:\\ptd-logs\\2021-03-17_23-56-01\\run_1'
ptd-server 2021-03-18 00:26:17,492 [INFO] Removed 'C:\\ptd-logs\\2021-03-17_23-56-01testing.tmp'
ptd-server 2021-03-18 00:26:17,492 [INFO] Sending reply to client 'OK'
ptd-server 2021-03-18 00:26:17,508 [INFO] Got command from the client 'session,2021-03-17_23-56-01,upload,client.log'
ptd-server 2021-03-18 00:26:17,508 [INFO] Received 'C:\\ptd-logs\\2021-03-17_23-56-01client.log.tmp'
ptd-server 2021-03-18 00:26:17,523 [INFO] Removed 'C:\\ptd-logs\\2021-03-17_23-56-01client.log.tmp'
ptd-server 2021-03-18 00:26:17,523 [INFO] Sending reply to client 'OK'
ptd-server 2021-03-18 00:26:17,555 [INFO] Got command from the client 'session,2021-03-17_23-56-01,upload,client.json'
ptd-server 2021-03-18 00:26:17,555 [INFO] Received 'C:\\ptd-logs\\2021-03-17_23-56-01client.json.tmp'
ptd-server 2021-03-18 00:26:17,570 [INFO] Removed 'C:\\ptd-logs\\2021-03-17_23-56-01client.json.tmp'
ptd-server 2021-03-18 00:26:17,570 [INFO] Sending reply to client 'OK'
ptd-server 2021-03-18 00:26:17,570 [INFO] Got command from the client 'session,2021-03-17_23-56-01,done'
ptd-server 2021-03-18 00:26:17,570 [INFO] Sending to ptd: 'Stop'
ptd-server 2021-03-18 00:26:17,570 [INFO] Reply from ptd: 'Error: no measurement to stop'
ptd-server 2021-03-18 00:26:17,570 [INFO] Sending to ptd: 'SR,V,150.000000'
ptd-server 2021-03-18 00:26:19,101 [INFO] Reply from ptd: 'Range V changed'
ptd-server 2021-03-18 00:26:19,101 [INFO] Sending to ptd: 'SR,A,0.500000'
ptd-server 2021-03-18 00:26:20,632 [INFO] Reply from ptd: 'Range A changed'
ptd-server 2021-03-18 00:26:20,632 [INFO] Set initial values for Amps 0.500000 and Volts 150.000000
ptd-server 2021-03-18 00:26:20,632 [INFO] Stopping ptd...
