ptd-server 2021-03-01 04:22:16,867 [INFO] Got command from the client 'time'
ptd-server 2021-03-01 04:22:16,867 [INFO] Sending reply to client '1614572536.8677604'
ptd-server 2021-03-01 04:22:16,868 [INFO] Got command from the client 'new,,2342ee25-35f6-462a-a29b-dc33e7cd9de4'
ptd-server 2021-03-01 04:22:16,869 [INFO] Sending reply to client 'OK 2021-03-01_04-22-16,3b867e8d-e473-4a7e-a35d-85c0520a62f8'
ptd-server 2021-03-01 04:22:16,897 [INFO] Got command from the client 'time'
ptd-server 2021-03-01 04:22:16,897 [INFO] Sending reply to client '1614572536.8978493'
ptd-server 2021-03-01 04:22:16,899 [INFO] Got command from the client 'session,2021-03-01_04-22-16,start,ranging'
ptd-server 2021-03-01 04:22:16,899 [INFO] Running PTDaemon: ['/home/anton/projects/mlperf/power/inference_v1.0/ptd-linux-x86', '-l', 'ptd.log', '-p', '8888', '52', '/dev/usbtmc0']
ptd-server 2021-03-01 04:22:34,068 [INFO] Sending to ptd: 'Hello'
ptd-server 2021-03-01 04:22:34,068 [INFO] Reply from ptd: 'Hello, PTDaemon here!'
ptd-server 2021-03-01 04:22:34,069 [INFO] Sending to ptd: 'Identify'
ptd-server 2021-03-01 04:22:34,069 [INFO] Reply from ptd: 'YokogawaWT330E,1000,1,1,1,1,0,0,1,version=1.9.2-e8c7a49a-20201208,OS=Linux 5.8.0-43-generic #49~20.04.1-Ubuntu SMP Fri Feb 5 09:57:56 UTC 2021 x86_64,mode=power,1,1,1,0,0,no_cal_date,YOKOGAWA;WT333E;C3VD30030E;F1.04'
ptd-server 2021-03-01 04:22:34,069 [INFO] Connected to PTDaemon
ptd-server 2021-03-01 04:22:34,069 [INFO] Sending to ptd: 'RR'
ptd-server 2021-03-01 04:22:34,070 [INFO] Reply from ptd: 'Ranges,0,0.500000,0,300.000000'
ptd-server 2021-03-01 04:22:34,070 [INFO] Initial range for Amps is 0.500000 for Volts is 300.000000
ptd-server 2021-03-01 04:22:34,070 [INFO] Sending to ptd: 'SR,V,Auto'
ptd-server 2021-03-01 04:22:34,573 [INFO] Reply from ptd: 'Range V changed'
ptd-server 2021-03-01 04:22:34,573 [INFO] Sending to ptd: 'SR,A,Auto'
ptd-server 2021-03-01 04:22:35,075 [INFO] Reply from ptd: 'Range A changed'
ptd-server 2021-03-01 04:22:45,085 [INFO] Starting ranging mode
ptd-server 2021-03-01 04:22:45,086 [INFO] Sending to ptd: 'Go,1000,0,2021-03-01_04-22-16_ranging'
ptd-server 2021-03-01 04:22:45,086 [INFO] Reply from ptd: 'Starting untimed measurement, maximum 500000 samples at 1000ms with 0 rampup samples'
ptd-server 2021-03-01 04:22:45,086 [INFO] Sending reply to client 'OK'
ptd-server 2021-03-01 04:33:00,276 [INFO] Got command from the client 'session,2021-03-01_04-22-16,stop,ranging'
ptd-server 2021-03-01 04:33:10,287 [INFO] Sending to ptd: 'Stop'
ptd-server 2021-03-01 04:33:10,287 [INFO] Reply from ptd: 'Stopping untimed measurement'
ptd-server 2021-03-01 04:33:10,527 [INFO] Sending reply to client 'OK'
ptd-server 2021-03-01 04:33:10,576 [INFO] Got command from the client 'time'
ptd-server 2021-03-01 04:33:10,576 [INFO] Sending reply to client '1614573190.5762138'
ptd-server 2021-03-01 04:33:10,577 [INFO] Got command from the client 'session,2021-03-01_04-22-16,start,testing'
ptd-server 2021-03-01 04:33:10,577 [INFO] Sending to ptd: 'SR,V,250.230000'
ptd-server 2021-03-01 04:33:12,587 [INFO] Reply from ptd: 'Range V changed'
ptd-server 2021-03-01 04:33:12,588 [INFO] Sending to ptd: 'SR,A,0.189660'
ptd-server 2021-03-01 04:33:14,089 [INFO] Reply from ptd: 'Range A changed'
ptd-server 2021-03-01 04:33:24,099 [INFO] Starting testing mode
ptd-server 2021-03-01 04:33:24,099 [INFO] Sending to ptd: 'Go,1000,0,2021-03-01_04-22-16_testing'
ptd-server 2021-03-01 04:33:24,100 [INFO] Reply from ptd: 'Starting untimed measurement, maximum 500000 samples at 1000ms with 0 rampup samples'
ptd-server 2021-03-01 04:33:24,100 [INFO] Sending reply to client 'OK'
ptd-server 2021-03-01 04:43:39,173 [INFO] Got command from the client 'session,2021-03-01_04-22-16,stop,testing'
ptd-server 2021-03-01 04:43:49,184 [INFO] Sending to ptd: 'Stop'
ptd-server 2021-03-01 04:43:49,184 [INFO] Reply from ptd: 'Stopping untimed measurement'
ptd-server 2021-03-01 04:43:49,314 [INFO] Sending reply to client 'OK'
ptd-server 2021-03-01 04:43:49,318 [INFO] Got command from the client 'session,2021-03-01_04-22-16,upload,client.log'
ptd-server 2021-03-01 04:43:49,319 [INFO] Received '/home/anton/projects/mlperf/power-dev/output/2021-03-01_04-22-16client.log.tmp'
ptd-server 2021-03-01 04:43:49,319 [INFO] Removed '/home/anton/projects/mlperf/power-dev/output/2021-03-01_04-22-16client.log.tmp'
ptd-server 2021-03-01 04:43:49,319 [INFO] Sending reply to client 'OK'
ptd-server 2021-03-01 04:43:49,324 [INFO] Got command from the client 'session,2021-03-01_04-22-16,upload,client.json'
ptd-server 2021-03-01 04:43:49,324 [INFO] Received '/home/anton/projects/mlperf/power-dev/output/2021-03-01_04-22-16client.json.tmp'
ptd-server 2021-03-01 04:43:49,324 [INFO] Removed '/home/anton/projects/mlperf/power-dev/output/2021-03-01_04-22-16client.json.tmp'
ptd-server 2021-03-01 04:43:49,324 [INFO] Sending reply to client 'OK'
ptd-server 2021-03-01 04:43:49,325 [INFO] Got command from the client 'session,2021-03-01_04-22-16,done'
ptd-server 2021-03-01 04:43:49,325 [INFO] Sending to ptd: 'Stop'
ptd-server 2021-03-01 04:43:50,100 [INFO] Reply from ptd: 'Error: no measurement to stop'
ptd-server 2021-03-01 04:43:50,101 [INFO] Sending to ptd: 'SR,V,300.000000'
ptd-server 2021-03-01 04:43:51,602 [INFO] Reply from ptd: 'Range V changed'
ptd-server 2021-03-01 04:43:51,602 [INFO] Sending to ptd: 'SR,A,0.500000'
ptd-server 2021-03-01 04:43:53,103 [INFO] Reply from ptd: 'Range A changed'
ptd-server 2021-03-01 04:43:53,104 [INFO] Set initial values for Amps 0.500000 and Volts 300.000000
ptd-server 2021-03-01 04:43:53,104 [INFO] Stopping ptd...
