ptd-server 2021-03-01 12:18:14,490 [INFO] Got command from the client 'time'
ptd-server 2021-03-01 12:18:14,490 [INFO] Sending reply to client '1614601094.4903011'
ptd-server 2021-03-01 12:18:14,491 [INFO] Got command from the client 'new,,0cc2eaac-fb95-4173-83c8-f4807de18514'
ptd-server 2021-03-01 12:18:14,492 [INFO] Sending reply to client 'OK 2021-03-01_12-18-14,5dd1a3db-ec51-4752-b7dd-d25d133141f9'
ptd-server 2021-03-01 12:18:14,539 [INFO] Got command from the client 'time'
ptd-server 2021-03-01 12:18:14,539 [INFO] Sending reply to client '1614601094.5396976'
ptd-server 2021-03-01 12:18:14,540 [INFO] Got command from the client 'session,2021-03-01_12-18-14,start,ranging'
ptd-server 2021-03-01 12:18:14,541 [INFO] Running PTDaemon: ['/home/anton/projects/mlperf/power/inference_v1.0/ptd-linux-x86', '-l', 'ptd.log', '-p', '8888', '52', '/dev/usbtmc0']
ptd-server 2021-03-01 12:18:31,709 [INFO] Sending to ptd: 'Hello'
ptd-server 2021-03-01 12:18:31,710 [INFO] Reply from ptd: 'Hello, PTDaemon here!'
ptd-server 2021-03-01 12:18:31,710 [INFO] Sending to ptd: 'Identify'
ptd-server 2021-03-01 12:18:31,710 [INFO] Reply from ptd: 'YokogawaWT330E,1000,1,1,1,1,0,0,1,version=1.9.2-e8c7a49a-20201208,OS=Linux 5.8.0-43-generic #49~20.04.1-Ubuntu SMP Fri Feb 5 09:57:56 UTC 2021 x86_64,mode=power,1,1,1,0,0,no_cal_date,YOKOGAWA;WT333E;C3VD30030E;F1.04'
ptd-server 2021-03-01 12:18:31,710 [INFO] Connected to PTDaemon
ptd-server 2021-03-01 12:18:31,711 [INFO] Sending to ptd: 'RR'
ptd-server 2021-03-01 12:18:31,711 [INFO] Reply from ptd: 'Ranges,0,0.500000,0,300.000000'
ptd-server 2021-03-01 12:18:31,711 [INFO] Initial range for Amps is 0.500000 for Volts is 300.000000
ptd-server 2021-03-01 12:18:31,711 [INFO] Sending to ptd: 'SR,V,Auto'
ptd-server 2021-03-01 12:18:32,214 [INFO] Reply from ptd: 'Range V changed'
ptd-server 2021-03-01 12:18:32,214 [INFO] Sending to ptd: 'SR,A,Auto'
ptd-server 2021-03-01 12:18:32,716 [INFO] Reply from ptd: 'Range A changed'
ptd-server 2021-03-01 12:18:42,727 [INFO] Starting ranging mode
ptd-server 2021-03-01 12:18:42,727 [INFO] Sending to ptd: 'Go,1000,0,2021-03-01_12-18-14_ranging'
ptd-server 2021-03-01 12:18:42,727 [INFO] Reply from ptd: 'Starting untimed measurement, maximum 500000 samples at 1000ms with 0 rampup samples'
ptd-server 2021-03-01 12:18:42,727 [INFO] Sending reply to client 'OK'
ptd-server 2021-03-01 12:28:57,649 [INFO] Got command from the client 'session,2021-03-01_12-18-14,stop,ranging'
ptd-server 2021-03-01 12:29:07,659 [INFO] Sending to ptd: 'Stop'
ptd-server 2021-03-01 12:29:07,660 [INFO] Reply from ptd: 'Stopping untimed measurement'
ptd-server 2021-03-01 12:29:07,925 [INFO] Sending reply to client 'OK'
ptd-server 2021-03-01 12:29:07,957 [INFO] Got command from the client 'time'
ptd-server 2021-03-01 12:29:07,957 [INFO] Sending reply to client '1614601747.9578655'
ptd-server 2021-03-01 12:29:07,959 [INFO] Got command from the client 'session,2021-03-01_12-18-14,start,testing'
ptd-server 2021-03-01 12:29:07,959 [INFO] Sending to ptd: 'SR,V,251.220000'
ptd-server 2021-03-01 12:29:09,460 [INFO] Reply from ptd: 'Range V changed'
ptd-server 2021-03-01 12:29:09,460 [INFO] Sending to ptd: 'SR,A,0.138380'
ptd-server 2021-03-01 12:29:10,962 [INFO] Reply from ptd: 'Range A changed'
ptd-server 2021-03-01 12:29:20,972 [INFO] Starting testing mode
ptd-server 2021-03-01 12:29:20,972 [INFO] Sending to ptd: 'Go,1000,0,2021-03-01_12-18-14_testing'
ptd-server 2021-03-01 12:29:20,973 [INFO] Reply from ptd: 'Starting untimed measurement, maximum 500000 samples at 1000ms with 0 rampup samples'
ptd-server 2021-03-01 12:29:20,973 [INFO] Sending reply to client 'OK'
ptd-server 2021-03-01 12:39:35,850 [INFO] Got command from the client 'session,2021-03-01_12-18-14,stop,testing'
ptd-server 2021-03-01 12:39:45,860 [INFO] Sending to ptd: 'Stop'
ptd-server 2021-03-01 12:39:45,861 [INFO] Reply from ptd: 'Stopping untimed measurement'
ptd-server 2021-03-01 12:39:46,003 [INFO] Sending reply to client 'OK'
ptd-server 2021-03-01 12:39:46,007 [INFO] Got command from the client 'session,2021-03-01_12-18-14,upload,client.log'
ptd-server 2021-03-01 12:39:46,008 [INFO] Received '/home/anton/projects/mlperf/power-dev/output/2021-03-01_12-18-14client.log.tmp'
ptd-server 2021-03-01 12:39:46,008 [INFO] Removed '/home/anton/projects/mlperf/power-dev/output/2021-03-01_12-18-14client.log.tmp'
ptd-server 2021-03-01 12:39:46,008 [INFO] Sending reply to client 'OK'
ptd-server 2021-03-01 12:39:46,012 [INFO] Got command from the client 'session,2021-03-01_12-18-14,upload,client.json'
ptd-server 2021-03-01 12:39:46,013 [INFO] Received '/home/anton/projects/mlperf/power-dev/output/2021-03-01_12-18-14client.json.tmp'
ptd-server 2021-03-01 12:39:46,013 [INFO] Removed '/home/anton/projects/mlperf/power-dev/output/2021-03-01_12-18-14client.json.tmp'
ptd-server 2021-03-01 12:39:46,013 [INFO] Sending reply to client 'OK'
ptd-server 2021-03-01 12:39:46,014 [INFO] Got command from the client 'session,2021-03-01_12-18-14,done'
ptd-server 2021-03-01 12:39:46,014 [INFO] Sending to ptd: 'Stop'
ptd-server 2021-03-01 12:39:46,015 [INFO] Reply from ptd: 'Error: no measurement to stop'
ptd-server 2021-03-01 12:39:46,015 [INFO] Sending to ptd: 'SR,V,300.000000'
ptd-server 2021-03-01 12:39:47,516 [INFO] Reply from ptd: 'Range V changed'
ptd-server 2021-03-01 12:39:47,516 [INFO] Sending to ptd: 'SR,A,0.500000'
ptd-server 2021-03-01 12:39:49,017 [INFO] Reply from ptd: 'Range A changed'
ptd-server 2021-03-01 12:39:49,018 [INFO] Set initial values for Amps 0.500000 and Volts 300.000000
ptd-server 2021-03-01 12:39:49,018 [INFO] Stopping ptd...
