ptd-server 2021-03-06 12:45:21,149 [INFO] Got command from the client 'time'
ptd-server 2021-03-06 12:45:21,149 [INFO] Sending reply to client '1615034721.1496365'
ptd-server 2021-03-06 12:45:21,153 [INFO] Got command from the client 'new,,e338b6e4-b450-4bc4-b312-cffc263b96b6'
ptd-server 2021-03-06 12:45:21,153 [INFO] Sending reply to client 'OK 2021-03-06_12-45-21,52516016-a328-40e5-a18f-c7481d6523c3'
ptd-server 2021-03-06 12:45:21,184 [INFO] Got command from the client 'time'
ptd-server 2021-03-06 12:45:21,184 [INFO] Sending reply to client '1615034721.1843271'
ptd-server 2021-03-06 12:45:21,188 [INFO] Got command from the client 'session,2021-03-06_12-45-21,start,ranging'
ptd-server 2021-03-06 12:45:21,189 [INFO] Running PTDaemon: ['/home/anton/projects/mlperf/power/inference_v1.0/ptd-linux-x86', '-l', 'ptd.log', '-p', '8888', '52', '/dev/usbtmc0']
ptd-server 2021-03-06 12:45:38,356 [INFO] Sending to ptd: 'Hello'
ptd-server 2021-03-06 12:45:38,357 [INFO] Reply from ptd: 'Hello, PTDaemon here!'
ptd-server 2021-03-06 12:45:38,357 [INFO] Sending to ptd: 'Identify'
ptd-server 2021-03-06 12:45:38,357 [INFO] Reply from ptd: 'YokogawaWT330E,1000,1,1,1,1,0,0,1,version=1.9.2-e8c7a49a-20201208,OS=Linux 5.8.0-43-generic #49~20.04.1-Ubuntu SMP Fri Feb 5 09:57:56 UTC 2021 x86_64,mode=power,1,1,1,0,0,no_cal_date,YOKOGAWA;WT333E;C3VD30030E;F1.04'
ptd-server 2021-03-06 12:45:38,357 [INFO] Connected to PTDaemon
ptd-server 2021-03-06 12:45:38,357 [INFO] Sending to ptd: 'RR'
ptd-server 2021-03-06 12:45:38,358 [INFO] Reply from ptd: 'Ranges,0,0.500000,0,300.000000'
ptd-server 2021-03-06 12:45:38,358 [INFO] Initial range for Amps is 0.500000 for Volts is 300.000000
ptd-server 2021-03-06 12:45:38,358 [INFO] Sending to ptd: 'SR,V,Auto'
ptd-server 2021-03-06 12:45:38,860 [INFO] Reply from ptd: 'Range V changed'
ptd-server 2021-03-06 12:45:38,860 [INFO] Sending to ptd: 'SR,A,Auto'
ptd-server 2021-03-06 12:45:39,363 [INFO] Reply from ptd: 'Range A changed'
ptd-server 2021-03-06 12:45:49,373 [INFO] Starting ranging mode
ptd-server 2021-03-06 12:45:49,373 [INFO] Sending to ptd: 'Go,1000,0,2021-03-06_12-45-21_ranging'
ptd-server 2021-03-06 12:45:49,374 [INFO] Reply from ptd: 'Starting untimed measurement, maximum 500000 samples at 1000ms with 0 rampup samples'
ptd-server 2021-03-06 12:45:49,374 [INFO] Sending reply to client 'OK'
ptd-server 2021-03-06 12:56:20,781 [INFO] Got command from the client 'session,2021-03-06_12-45-21,stop,ranging'
ptd-server 2021-03-06 12:56:30,792 [INFO] Sending to ptd: 'Stop'
ptd-server 2021-03-06 12:56:30,792 [INFO] Reply from ptd: 'Stopping untimed measurement'
ptd-server 2021-03-06 12:56:31,215 [INFO] Sending reply to client 'OK'
ptd-server 2021-03-06 12:56:31,266 [INFO] Got command from the client 'time'
ptd-server 2021-03-06 12:56:31,266 [INFO] Sending reply to client '1615035391.266393'
ptd-server 2021-03-06 12:56:31,270 [INFO] Got command from the client 'session,2021-03-06_12-45-21,start,testing'
ptd-server 2021-03-06 12:56:31,270 [INFO] Sending to ptd: 'SR,V,248.940000'
ptd-server 2021-03-06 12:56:32,875 [INFO] Reply from ptd: 'Range V changed'
ptd-server 2021-03-06 12:56:32,875 [INFO] Sending to ptd: 'SR,A,0.057780'
ptd-server 2021-03-06 12:56:34,377 [INFO] Reply from ptd: 'Range A changed'
ptd-server 2021-03-06 12:56:44,387 [INFO] Starting testing mode
ptd-server 2021-03-06 12:56:44,387 [INFO] Sending to ptd: 'Go,1000,0,2021-03-06_12-45-21_testing'
ptd-server 2021-03-06 12:56:44,388 [INFO] Reply from ptd: 'Starting untimed measurement, maximum 500000 samples at 1000ms with 0 rampup samples'
ptd-server 2021-03-06 12:56:44,388 [INFO] Sending reply to client 'OK'
ptd-server 2021-03-06 13:07:20,737 [INFO] Got command from the client 'session,2021-03-06_12-45-21,stop,testing'
ptd-server 2021-03-06 13:07:30,747 [INFO] Sending to ptd: 'Stop'
ptd-server 2021-03-06 13:07:30,748 [INFO] Reply from ptd: 'Stopping untimed measurement'
ptd-server 2021-03-06 13:07:30,972 [INFO] Sending reply to client 'OK'
ptd-server 2021-03-06 13:07:30,980 [INFO] Got command from the client 'session,2021-03-06_12-45-21,upload,client.log'
ptd-server 2021-03-06 13:07:30,983 [INFO] Received '/home/anton/projects/mlperf/power-dev/output/2021-03-06_12-45-21client.log.tmp'
ptd-server 2021-03-06 13:07:30,984 [INFO] Removed '/home/anton/projects/mlperf/power-dev/output/2021-03-06_12-45-21client.log.tmp'
ptd-server 2021-03-06 13:07:30,984 [INFO] Sending reply to client 'OK'
ptd-server 2021-03-06 13:07:30,998 [INFO] Got command from the client 'session,2021-03-06_12-45-21,upload,client.json'
ptd-server 2021-03-06 13:07:31,001 [INFO] Received '/home/anton/projects/mlperf/power-dev/output/2021-03-06_12-45-21client.json.tmp'
ptd-server 2021-03-06 13:07:31,001 [INFO] Removed '/home/anton/projects/mlperf/power-dev/output/2021-03-06_12-45-21client.json.tmp'
ptd-server 2021-03-06 13:07:31,001 [INFO] Sending reply to client 'OK'
ptd-server 2021-03-06 13:07:31,004 [INFO] Got command from the client 'session,2021-03-06_12-45-21,done'
ptd-server 2021-03-06 13:07:31,004 [INFO] Sending to ptd: 'Stop'
ptd-server 2021-03-06 13:07:31,388 [INFO] Reply from ptd: 'Error: no measurement to stop'
ptd-server 2021-03-06 13:07:31,389 [INFO] Sending to ptd: 'SR,V,300.000000'
ptd-server 2021-03-06 13:07:32,890 [INFO] Reply from ptd: 'Range V changed'
ptd-server 2021-03-06 13:07:32,890 [INFO] Sending to ptd: 'SR,A,0.500000'
ptd-server 2021-03-06 13:07:34,391 [INFO] Reply from ptd: 'Range A changed'
ptd-server 2021-03-06 13:07:34,391 [INFO] Set initial values for Amps 0.500000 and Volts 300.000000
ptd-server 2021-03-06 13:07:34,392 [INFO] Stopping ptd...
