ptd-server 2021-02-27 14:31:59,938 [INFO] Got command from the client 'time'
ptd-server 2021-02-27 14:31:59,938 [INFO] Sending reply to client '1614436319.9388793'
ptd-server 2021-02-27 14:31:59,940 [INFO] Got command from the client 'new,,fa1b709e-21db-4b00-a3ca-2565ebc06323'
ptd-server 2021-02-27 14:31:59,940 [INFO] Sending reply to client 'OK 2021-02-27_14-31-59,106b2bc4-7b3a-4792-b95d-d4e18b68a28d'
ptd-server 2021-02-27 14:31:59,968 [INFO] Got command from the client 'time'
ptd-server 2021-02-27 14:31:59,968 [INFO] Sending reply to client '1614436319.968737'
ptd-server 2021-02-27 14:31:59,969 [INFO] Got command from the client 'session,2021-02-27_14-31-59,start,ranging'
ptd-server 2021-02-27 14:31:59,970 [INFO] Running PTDaemon: ['/home/anton/projects/mlperf/power/inference_v1.0/ptd-linux-x86', '-l', 'ptd.log', '-p', '8888', '52', '/dev/usbtmc0']
ptd-server 2021-02-27 14:32:17,138 [INFO] Sending to ptd: 'Hello'
ptd-server 2021-02-27 14:32:17,139 [INFO] Reply from ptd: 'Hello, PTDaemon here!'
ptd-server 2021-02-27 14:32:17,139 [INFO] Sending to ptd: 'Identify'
ptd-server 2021-02-27 14:32:17,139 [INFO] Reply from ptd: 'YokogawaWT330E,1000,1,1,1,1,0,0,1,version=1.9.2-e8c7a49a-20201208,OS=Linux 5.8.0-43-generic #49~20.04.1-Ubuntu SMP Fri Feb 5 09:57:56 UTC 2021 x86_64,mode=power,1,1,1,0,0,no_cal_date,YOKOGAWA;WT333E;C3VD30030E;F1.04'
ptd-server 2021-02-27 14:32:17,140 [INFO] Connected to PTDaemon
ptd-server 2021-02-27 14:32:17,140 [INFO] Sending to ptd: 'RR'
ptd-server 2021-02-27 14:32:17,140 [INFO] Reply from ptd: 'Ranges,0,0.500000,0,300.000000'
ptd-server 2021-02-27 14:32:17,140 [INFO] Initial range for Amps is 0.500000 for Volts is 300.000000
ptd-server 2021-02-27 14:32:17,140 [INFO] Sending to ptd: 'SR,V,Auto'
ptd-server 2021-02-27 14:32:17,643 [INFO] Reply from ptd: 'Range V changed'
ptd-server 2021-02-27 14:32:17,643 [INFO] Sending to ptd: 'SR,A,Auto'
ptd-server 2021-02-27 14:32:18,145 [INFO] Reply from ptd: 'Range A changed'
ptd-server 2021-02-27 14:32:28,156 [INFO] Starting ranging mode
ptd-server 2021-02-27 14:32:28,156 [INFO] Sending to ptd: 'Go,1000,0,2021-02-27_14-31-59_ranging'
ptd-server 2021-02-27 14:32:28,156 [INFO] Reply from ptd: 'Starting untimed measurement, maximum 500000 samples at 1000ms with 0 rampup samples'
ptd-server 2021-02-27 14:32:28,157 [INFO] Sending reply to client 'OK'
ptd-server 2021-02-27 14:42:46,281 [INFO] Got command from the client 'session,2021-02-27_14-31-59,stop,ranging'
ptd-server 2021-02-27 14:42:56,292 [INFO] Sending to ptd: 'Stop'
ptd-server 2021-02-27 14:42:56,292 [INFO] Reply from ptd: 'Stopping untimed measurement'
ptd-server 2021-02-27 14:42:56,399 [INFO] Sending reply to client 'OK'
ptd-server 2021-02-27 14:42:56,447 [INFO] Got command from the client 'time'
ptd-server 2021-02-27 14:42:56,447 [INFO] Sending reply to client '1614436976.447586'
ptd-server 2021-02-27 14:42:56,448 [INFO] Got command from the client 'session,2021-02-27_14-31-59,start,testing'
ptd-server 2021-02-27 14:42:56,448 [INFO] Sending to ptd: 'SR,V,249.220000'
ptd-server 2021-02-27 14:42:58,657 [INFO] Reply from ptd: 'Range V changed'
ptd-server 2021-02-27 14:42:58,658 [INFO] Sending to ptd: 'SR,A,0.218720'
ptd-server 2021-02-27 14:43:00,159 [INFO] Reply from ptd: 'Range A changed'
ptd-server 2021-02-27 14:43:10,169 [INFO] Starting testing mode
ptd-server 2021-02-27 14:43:10,169 [INFO] Sending to ptd: 'Go,1000,0,2021-02-27_14-31-59_testing'
ptd-server 2021-02-27 14:43:10,170 [INFO] Reply from ptd: 'Starting untimed measurement, maximum 500000 samples at 1000ms with 0 rampup samples'
ptd-server 2021-02-27 14:43:10,170 [INFO] Sending reply to client 'OK'
ptd-server 2021-02-27 14:53:28,267 [INFO] Got command from the client 'session,2021-02-27_14-31-59,stop,testing'
ptd-server 2021-02-27 14:53:38,277 [INFO] Sending to ptd: 'Stop'
ptd-server 2021-02-27 14:53:38,278 [INFO] Reply from ptd: 'Stopping untimed measurement'
ptd-server 2021-02-27 14:53:38,332 [INFO] Sending reply to client 'OK'
ptd-server 2021-02-27 14:53:38,342 [INFO] Got command from the client 'session,2021-02-27_14-31-59,upload,client.log'
ptd-server 2021-02-27 14:53:38,342 [INFO] Received '/home/anton/projects/mlperf/power-dev/output/2021-02-27_14-31-59client.log.tmp'
ptd-server 2021-02-27 14:53:38,343 [INFO] Removed '/home/anton/projects/mlperf/power-dev/output/2021-02-27_14-31-59client.log.tmp'
ptd-server 2021-02-27 14:53:38,343 [INFO] Sending reply to client 'OK'
ptd-server 2021-02-27 14:53:38,348 [INFO] Got command from the client 'session,2021-02-27_14-31-59,upload,client.json'
ptd-server 2021-02-27 14:53:38,348 [INFO] Received '/home/anton/projects/mlperf/power-dev/output/2021-02-27_14-31-59client.json.tmp'
ptd-server 2021-02-27 14:53:38,349 [INFO] Removed '/home/anton/projects/mlperf/power-dev/output/2021-02-27_14-31-59client.json.tmp'
ptd-server 2021-02-27 14:53:38,349 [INFO] Sending reply to client 'OK'
ptd-server 2021-02-27 14:53:38,350 [INFO] Got command from the client 'session,2021-02-27_14-31-59,done'
ptd-server 2021-02-27 14:53:38,350 [INFO] Sending to ptd: 'Stop'
ptd-server 2021-02-27 14:53:39,171 [INFO] Reply from ptd: 'Error: no measurement to stop'
ptd-server 2021-02-27 14:53:39,171 [INFO] Sending to ptd: 'SR,V,300.000000'
ptd-server 2021-02-27 14:53:40,672 [INFO] Reply from ptd: 'Range V changed'
ptd-server 2021-02-27 14:53:40,673 [INFO] Sending to ptd: 'SR,A,0.500000'
ptd-server 2021-02-27 14:53:42,174 [INFO] Reply from ptd: 'Range A changed'
ptd-server 2021-02-27 14:53:42,174 [INFO] Set initial values for Amps 0.500000 and Volts 300.000000
ptd-server 2021-02-27 14:53:42,174 [INFO] Stopping ptd...
