ptd-server 2021-03-09 04:44:20,438 [INFO] Got command from the client 'time'
ptd-server 2021-03-09 04:44:20,438 [INFO] Sending reply to client '1615265060.4387596'
ptd-server 2021-03-09 04:44:20,440 [INFO] Got command from the client 'new,,a109a8fe-7039-4ee2-8e85-a257cbcfa417'
ptd-server 2021-03-09 04:44:20,440 [INFO] Sending reply to client 'OK 2021-03-09_04-44-20,156cfb40-90e6-4615-9522-2e83e1ec8c0d'
ptd-server 2021-03-09 04:44:20,479 [INFO] Got command from the client 'time'
ptd-server 2021-03-09 04:44:20,479 [INFO] Sending reply to client '1615265060.479329'
ptd-server 2021-03-09 04:44:20,481 [INFO] Got command from the client 'session,2021-03-09_04-44-20,start,ranging'
ptd-server 2021-03-09 04:44:20,481 [INFO] Running PTDaemon: ['/home/anton/projects/mlperf/power/inference_v1.0/ptd-linux-x86', '-l', 'ptd.log', '-p', '8888', '52', '/dev/usbtmc0']
ptd-server 2021-03-09 04:44:37,653 [INFO] Sending to ptd: 'Hello'
ptd-server 2021-03-09 04:44:37,653 [INFO] Reply from ptd: 'Hello, PTDaemon here!'
ptd-server 2021-03-09 04:44:37,654 [INFO] Sending to ptd: 'Identify'
ptd-server 2021-03-09 04:44:37,654 [INFO] Reply from ptd: 'YokogawaWT330E,1000,1,1,1,1,0,0,1,version=1.9.2-e8c7a49a-20201208,OS=Linux 5.8.0-43-generic #49~20.04.1-Ubuntu SMP Fri Feb 5 09:57:56 UTC 2021 x86_64,mode=power,1,1,1,0,0,no_cal_date,YOKOGAWA;WT333E;C3VD30030E;F1.04'
ptd-server 2021-03-09 04:44:37,654 [INFO] Connected to PTDaemon
ptd-server 2021-03-09 04:44:37,654 [INFO] Sending to ptd: 'RR'
ptd-server 2021-03-09 04:44:37,655 [INFO] Reply from ptd: 'Ranges,0,0.500000,0,300.000000'
ptd-server 2021-03-09 04:44:37,655 [INFO] Initial range for Amps is 0.500000 for Volts is 300.000000
ptd-server 2021-03-09 04:44:37,655 [INFO] Sending to ptd: 'SR,V,Auto'
ptd-server 2021-03-09 04:44:38,161 [INFO] Reply from ptd: 'Range V changed'
ptd-server 2021-03-09 04:44:38,162 [INFO] Sending to ptd: 'SR,A,Auto'
ptd-server 2021-03-09 04:44:38,664 [INFO] Reply from ptd: 'Range A changed'
ptd-server 2021-03-09 04:44:48,674 [INFO] Starting ranging mode
ptd-server 2021-03-09 04:44:48,674 [INFO] Sending to ptd: 'Go,1000,0,2021-03-09_04-44-20_ranging'
ptd-server 2021-03-09 04:44:48,675 [INFO] Reply from ptd: 'Starting untimed measurement, maximum 500000 samples at 1000ms with 0 rampup samples'
ptd-server 2021-03-09 04:44:48,675 [INFO] Sending reply to client 'OK'
ptd-server 2021-03-09 04:55:07,855 [INFO] Got command from the client 'session,2021-03-09_04-44-20,stop,ranging'
ptd-server 2021-03-09 04:55:17,866 [INFO] Sending to ptd: 'Stop'
ptd-server 2021-03-09 04:55:17,866 [INFO] Reply from ptd: 'Stopping untimed measurement'
ptd-server 2021-03-09 04:55:18,562 [INFO] Sending reply to client 'OK'
ptd-server 2021-03-09 04:55:18,599 [INFO] Got command from the client 'time'
ptd-server 2021-03-09 04:55:18,599 [INFO] Sending reply to client '1615265718.599942'
ptd-server 2021-03-09 04:55:18,602 [INFO] Got command from the client 'session,2021-03-09_04-44-20,start,testing'
ptd-server 2021-03-09 04:55:18,603 [INFO] Sending to ptd: 'SR,V,249.330000'
ptd-server 2021-03-09 04:55:20,176 [INFO] Reply from ptd: 'Range V changed'
ptd-server 2021-03-09 04:55:20,177 [INFO] Sending to ptd: 'SR,A,0.135890'
ptd-server 2021-03-09 04:55:21,678 [INFO] Reply from ptd: 'Range A changed'
ptd-server 2021-03-09 04:55:31,688 [INFO] Starting testing mode
ptd-server 2021-03-09 04:55:31,688 [INFO] Sending to ptd: 'Go,1000,0,2021-03-09_04-44-20_testing'
ptd-server 2021-03-09 04:55:31,689 [INFO] Reply from ptd: 'Starting untimed measurement, maximum 500000 samples at 1000ms with 0 rampup samples'
ptd-server 2021-03-09 04:55:31,689 [INFO] Sending reply to client 'OK'
ptd-server 2021-03-09 05:05:46,960 [INFO] Got command from the client 'session,2021-03-09_04-44-20,stop,testing'
ptd-server 2021-03-09 05:05:56,970 [INFO] Sending to ptd: 'Stop'
ptd-server 2021-03-09 05:05:56,971 [INFO] Reply from ptd: 'Stopping untimed measurement'
ptd-server 2021-03-09 05:05:57,334 [INFO] Sending reply to client 'OK'
ptd-server 2021-03-09 05:05:57,343 [INFO] Got command from the client 'session,2021-03-09_04-44-20,upload,client.log'
ptd-server 2021-03-09 05:05:57,344 [INFO] Received '/home/anton/projects/mlperf/power-dev/output/2021-03-09_04-44-20client.log.tmp'
ptd-server 2021-03-09 05:05:57,345 [INFO] Removed '/home/anton/projects/mlperf/power-dev/output/2021-03-09_04-44-20client.log.tmp'
ptd-server 2021-03-09 05:05:57,345 [INFO] Sending reply to client 'OK'
ptd-server 2021-03-09 05:05:57,351 [INFO] Got command from the client 'session,2021-03-09_04-44-20,upload,client.json'
ptd-server 2021-03-09 05:05:57,352 [INFO] Received '/home/anton/projects/mlperf/power-dev/output/2021-03-09_04-44-20client.json.tmp'
ptd-server 2021-03-09 05:05:57,353 [INFO] Removed '/home/anton/projects/mlperf/power-dev/output/2021-03-09_04-44-20client.json.tmp'
ptd-server 2021-03-09 05:05:57,353 [INFO] Sending reply to client 'OK'
ptd-server 2021-03-09 05:05:57,354 [INFO] Got command from the client 'session,2021-03-09_04-44-20,done'
ptd-server 2021-03-09 05:05:57,354 [INFO] Sending to ptd: 'Stop'
ptd-server 2021-03-09 05:05:57,690 [INFO] Reply from ptd: 'Error: no measurement to stop'
ptd-server 2021-03-09 05:05:57,690 [INFO] Sending to ptd: 'SR,V,300.000000'
ptd-server 2021-03-09 05:05:59,191 [INFO] Reply from ptd: 'Range V changed'
ptd-server 2021-03-09 05:05:59,191 [INFO] Sending to ptd: 'SR,A,0.500000'
ptd-server 2021-03-09 05:06:00,693 [INFO] Reply from ptd: 'Range A changed'
ptd-server 2021-03-09 05:06:00,693 [INFO] Set initial values for Amps 0.500000 and Volts 300.000000
ptd-server 2021-03-09 05:06:00,693 [INFO] Stopping ptd...
