ptd-server 2021-03-05 22:40:36,256 [INFO] Got command from the client 'time'
ptd-server 2021-03-05 22:40:36,256 [INFO] Sending reply to client '1614984036.2563899'
ptd-server 2021-03-05 22:40:36,259 [INFO] Got command from the client 'new,,be66860e-bcb3-4f4e-ac22-3b3f16941f4c'
ptd-server 2021-03-05 22:40:36,260 [INFO] Sending reply to client 'OK 2021-03-05_22-40-36,58c306af-84d2-4add-a06d-1912bd0e3a59'
ptd-server 2021-03-05 22:40:36,294 [INFO] Got command from the client 'time'
ptd-server 2021-03-05 22:40:36,295 [INFO] Sending reply to client '1614984036.2950273'
ptd-server 2021-03-05 22:40:36,298 [INFO] Got command from the client 'session,2021-03-05_22-40-36,start,ranging'
ptd-server 2021-03-05 22:40:36,298 [INFO] Running PTDaemon: ['/home/anton/projects/mlperf/power/inference_v1.0/ptd-linux-x86', '-l', 'ptd.log', '-p', '8888', '52', '/dev/usbtmc0']
ptd-server 2021-03-05 22:40:53,467 [INFO] Sending to ptd: 'Hello'
ptd-server 2021-03-05 22:40:53,468 [INFO] Reply from ptd: 'Hello, PTDaemon here!'
ptd-server 2021-03-05 22:40:53,468 [INFO] Sending to ptd: 'Identify'
ptd-server 2021-03-05 22:40:53,469 [INFO] Reply from ptd: 'YokogawaWT330E,1000,1,1,1,1,0,0,1,version=1.9.2-e8c7a49a-20201208,OS=Linux 5.8.0-43-generic #49~20.04.1-Ubuntu SMP Fri Feb 5 09:57:56 UTC 2021 x86_64,mode=power,1,1,1,0,0,no_cal_date,YOKOGAWA;WT333E;C3VD30030E;F1.04'
ptd-server 2021-03-05 22:40:53,469 [INFO] Connected to PTDaemon
ptd-server 2021-03-05 22:40:53,469 [INFO] Sending to ptd: 'RR'
ptd-server 2021-03-05 22:40:53,469 [INFO] Reply from ptd: 'Ranges,0,0.500000,0,300.000000'
ptd-server 2021-03-05 22:40:53,470 [INFO] Initial range for Amps is 0.500000 for Volts is 300.000000
ptd-server 2021-03-05 22:40:53,470 [INFO] Sending to ptd: 'SR,V,Auto'
ptd-server 2021-03-05 22:40:53,972 [INFO] Reply from ptd: 'Range V changed'
ptd-server 2021-03-05 22:40:53,972 [INFO] Sending to ptd: 'SR,A,Auto'
ptd-server 2021-03-05 22:40:54,475 [INFO] Reply from ptd: 'Range A changed'
ptd-server 2021-03-05 22:41:04,485 [INFO] Starting ranging mode
ptd-server 2021-03-05 22:41:04,485 [INFO] Sending to ptd: 'Go,1000,0,2021-03-05_22-40-36_ranging'
ptd-server 2021-03-05 22:41:04,486 [INFO] Reply from ptd: 'Starting untimed measurement, maximum 500000 samples at 1000ms with 0 rampup samples'
ptd-server 2021-03-05 22:41:04,486 [INFO] Sending reply to client 'OK'
ptd-server 2021-03-05 22:51:36,023 [INFO] Got command from the client 'session,2021-03-05_22-40-36,stop,ranging'
ptd-server 2021-03-05 22:51:46,033 [INFO] Sending to ptd: 'Stop'
ptd-server 2021-03-05 22:51:46,034 [INFO] Reply from ptd: 'Stopping untimed measurement'
ptd-server 2021-03-05 22:51:46,419 [INFO] Sending reply to client 'OK'
ptd-server 2021-03-05 22:51:46,494 [INFO] Got command from the client 'time'
ptd-server 2021-03-05 22:51:46,494 [INFO] Sending reply to client '1614984706.494661'
ptd-server 2021-03-05 22:51:46,499 [INFO] Got command from the client 'session,2021-03-05_22-40-36,start,testing'
ptd-server 2021-03-05 22:51:46,499 [INFO] Sending to ptd: 'SR,V,250.510000'
ptd-server 2021-03-05 22:51:48,000 [INFO] Reply from ptd: 'Range V changed'
ptd-server 2021-03-05 22:51:48,000 [INFO] Sending to ptd: 'SR,A,0.059620'
ptd-server 2021-03-05 22:51:49,502 [INFO] Reply from ptd: 'Range A changed'
ptd-server 2021-03-05 22:51:59,512 [INFO] Starting testing mode
ptd-server 2021-03-05 22:51:59,512 [INFO] Sending to ptd: 'Go,1000,0,2021-03-05_22-40-36_testing'
ptd-server 2021-03-05 22:51:59,513 [INFO] Reply from ptd: 'Starting untimed measurement, maximum 500000 samples at 1000ms with 0 rampup samples'
ptd-server 2021-03-05 22:51:59,513 [INFO] Sending reply to client 'OK'
ptd-server 2021-03-05 23:02:35,900 [INFO] Got command from the client 'session,2021-03-05_22-40-36,stop,testing'
ptd-server 2021-03-05 23:02:45,910 [INFO] Sending to ptd: 'Stop'
ptd-server 2021-03-05 23:02:45,911 [INFO] Reply from ptd: 'Stopping untimed measurement'
ptd-server 2021-03-05 23:02:46,114 [INFO] Sending reply to client 'OK'
ptd-server 2021-03-05 23:02:46,122 [INFO] Got command from the client 'session,2021-03-05_22-40-36,upload,client.log'
ptd-server 2021-03-05 23:02:46,126 [INFO] Received '/home/anton/projects/mlperf/power-dev/output/2021-03-05_22-40-36client.log.tmp'
ptd-server 2021-03-05 23:02:46,126 [INFO] Removed '/home/anton/projects/mlperf/power-dev/output/2021-03-05_22-40-36client.log.tmp'
ptd-server 2021-03-05 23:02:46,126 [INFO] Sending reply to client 'OK'
ptd-server 2021-03-05 23:02:46,139 [INFO] Got command from the client 'session,2021-03-05_22-40-36,upload,client.json'
ptd-server 2021-03-05 23:02:46,142 [INFO] Received '/home/anton/projects/mlperf/power-dev/output/2021-03-05_22-40-36client.json.tmp'
ptd-server 2021-03-05 23:02:46,143 [INFO] Removed '/home/anton/projects/mlperf/power-dev/output/2021-03-05_22-40-36client.json.tmp'
ptd-server 2021-03-05 23:02:46,143 [INFO] Sending reply to client 'OK'
ptd-server 2021-03-05 23:02:46,145 [INFO] Got command from the client 'session,2021-03-05_22-40-36,done'
ptd-server 2021-03-05 23:02:46,146 [INFO] Sending to ptd: 'Stop'
ptd-server 2021-03-05 23:02:46,513 [INFO] Reply from ptd: 'Error: no measurement to stop'
ptd-server 2021-03-05 23:02:46,514 [INFO] Sending to ptd: 'SR,V,300.000000'
ptd-server 2021-03-05 23:02:48,015 [INFO] Reply from ptd: 'Range V changed'
ptd-server 2021-03-05 23:02:48,015 [INFO] Sending to ptd: 'SR,A,0.500000'
ptd-server 2021-03-05 23:02:49,516 [INFO] Reply from ptd: 'Range A changed'
ptd-server 2021-03-05 23:02:49,517 [INFO] Set initial values for Amps 0.500000 and Volts 300.000000
ptd-server 2021-03-05 23:02:49,517 [INFO] Stopping ptd...
