client 2021-03-17 22:35:59,851 [WARNING] Removing old loadgen logs directory '/home/scratch.mlperf_inf_ci/mlPerf/L1/A100x8_MaxQ-Computelab-A100x8-MaxQ-L1-1-2021-03-17-14-11-35-UTC/mlperf-inference/closed/NVIDIA/build/power_logs_temp'
client 2021-03-17 22:35:59,857 [INFO] Sending command to the server: 'mlcommons/power client v3'
client 2021-03-17 22:35:59,858 [INFO] Got response: 'mlcommons/power server v3'
client 2021-03-17 22:35:59,858 [INFO] Sending command to the server: 'stop'
client 2021-03-17 22:35:59,859 [INFO] Got response: 'OK'
client 2021-03-17 22:35:59,859 [INFO] Synchronizing with the server and with ib-01.dc4-in.nvidia.com...
client 2021-03-17 22:36:00,063 [INFO] NTP:offset = 0.023 s, delay = 0.201 s 
client 2021-03-17 22:36:00,063 [INFO] Sending command to the server: 'time'
client 2021-03-17 22:36:00,064 [INFO] Got response: '1616045760.087715'
client 2021-03-17 22:36:00,064 [INFO] The time difference between the client and the server is within range -24.543 ms..-22.999 ms
client 2021-03-17 22:36:00,064 [INFO] Sending command to the server: 'new,,1ab43531-cf99-4bbc-999c-50c4bee47ce2'
client 2021-03-17 22:36:00,066 [INFO] Got response: 'OK 2021-03-17_22-36-00,2ab2aa91-88a7-404b-8fae-0e2751b8e5ce'
client 2021-03-17 22:36:00,066 [INFO] Session id is '2021-03-17_22-36-00'
client 2021-03-17 22:36:00,066 [INFO] Sources: {"sources": {"client.py": "d1e75cb4b26101220ebd242e584cf3ca5d8f1996", "lib/__init__.py": "da39a3ee5e6b4b0d3255bfef95601890afd80709", "lib/client.py": "d42bebf5b74cb6ff3997e2a6c68422afac111a28", "lib/common.py": "b0bad80d8fa328a7636027d4d66ff453f8dd7889", "lib/external/ntplib.py": "4da8f970656505a40483206ef2b5d3dd5e81711d", "lib/server.py": "2ed36471c7af565d6c8438b2134edad1d7ddf166", "lib/source_hashes.py": "4cedff274c661cb1504052018fd4f00dfbf624ef", "lib/summary.py": "0db15d783907aa92038281af4e465545c0648ddb", "lib/time_sync.py": "76051226ec89287839723352f4162aaa24e0546a", "server.py": "99e1310e3f76292aef1b8792ce6b8c82f1d44d8b", "tests/unit/test_server.py": "64f11775bfed35232a0e8bb9593c0ff992432c59", "tests/unit/test_source_hashes.py": "cb41a7261eaf7d94ba5c0aae9c523174f6204be3"}, "modules": {"__main__": "client.py", "lib.client": "lib/client.py", "lib.common": "lib/common.py", "lib.external.ntplib": "lib/external/ntplib.py", "lib.source_hashes": "lib/source_hashes.py", "lib.summary": "lib/summary.py", "lib.time_sync": "lib/time_sync.py"}}
client 2021-03-17 22:36:00,068 [INFO] Running workload in ranging mode
client 2021-03-17 22:36:00,068 [INFO] Synchronizing with the server and with ib-01.dc4-in.nvidia.com...
client 2021-03-17 22:36:00,270 [INFO] NTP:offset = 0.023 s, delay = 0.201 s 
client 2021-03-17 22:36:00,270 [INFO] Sending command to the server: 'time'
client 2021-03-17 22:36:00,272 [INFO] Got response: '1616045760.2907927'
client 2021-03-17 22:36:00,272 [INFO] The time difference between the client and the server is within range -20.083 ms..-18.699 ms
client 2021-03-17 22:36:00,272 [INFO] Sending command to the server: 'session,2021-03-17_22-36-00,start,ranging'
client 2021-03-17 22:36:39,934 [INFO] Got response: 'OK'
client 2021-03-17 22:36:39,935 [INFO] Running the workload 'LOG_DIR=/home/scratch.mlperf_inf_ci/mlPerf/L1/A100x8_MaxQ-Computelab-A100x8-MaxQ-L1-1-2021-03-17-14-11-35-UTC/mlperf-inference/closed/NVIDIA/build/power_logs_temp python3 code/main.py --benchmarks=bert --scenarios=Server --test_mode=PerformanceOnly --config_ver=maxq --action="run_harness" \\\n\t\t&& cp -v /home/scratch.mlperf_inf_ci/mlPerf/L1/A100x8_MaxQ-Computelab-A100x8-MaxQ-L1-1-2021-03-17-14-11-35-UTC/mlperf-inference/closed/NVIDIA/build/power_logs_temp/*/*/*/mlperf_log_detail.txt /home/scratch.mlperf_inf_ci/mlPerf/L1/A100x8_MaxQ-Computelab-A100x8-MaxQ-L1-1-2021-03-17-14-11-35-UTC/mlperf-inference/closed/NVIDIA/build/power_logs_temp/ \\\n\t\t&& cp -v /home/scratch.mlperf_inf_ci/mlPerf/L1/A100x8_MaxQ-Computelab-A100x8-MaxQ-L1-1-2021-03-17-14-11-35-UTC/mlperf-inference/closed/NVIDIA/build/power_logs_temp/*/*/*/mlperf_log_summary.txt /home/scratch.mlperf_inf_ci/mlPerf/L1/A100x8_MaxQ-Computelab-A100x8-MaxQ-L1-1-2021-03-17-14-11-35-UTC/mlperf-inference/closed/NVIDIA/build/power_logs_temp/'
client 2021-03-17 22:47:50,570 [INFO] Sending command to the server: 'session,2021-03-17_22-36-00,stop,ranging'
client 2021-03-17 22:48:00,673 [INFO] Got response: 'OK'
client 2021-03-17 22:48:00,678 [INFO] Packing logs into zip and uploading to the server
client 2021-03-17 22:48:00,703 [INFO] Zip file size: 64.0 kB
client 2021-03-17 22:48:00,725 [INFO] Got response: 'OK'
client 2021-03-17 22:48:00,726 [INFO] Running workload in testing mode
client 2021-03-17 22:48:00,727 [INFO] Synchronizing with the server and with ib-01.dc4-in.nvidia.com...
client 2021-03-17 22:48:00,931 [INFO] NTP:offset = 0.035 s, delay = 0.204 s 
client 2021-03-17 22:48:00,931 [INFO] Sending command to the server: 'time'
client 2021-03-17 22:48:00,933 [INFO] Got response: '1616046480.96353'
client 2021-03-17 22:48:00,933 [INFO] The time difference between the client and the server is within range -31.712 ms..-30.393 ms
client 2021-03-17 22:48:00,933 [INFO] Sending command to the server: 'session,2021-03-17_22-36-00,start,testing'
client 2021-03-17 22:48:22,616 [INFO] Got response: 'OK'
client 2021-03-17 22:48:22,616 [INFO] Running the workload 'LOG_DIR=/home/scratch.mlperf_inf_ci/mlPerf/L1/A100x8_MaxQ-Computelab-A100x8-MaxQ-L1-1-2021-03-17-14-11-35-UTC/mlperf-inference/closed/NVIDIA/build/power_logs_temp python3 code/main.py --benchmarks=bert --scenarios=Server --test_mode=PerformanceOnly --config_ver=maxq --action="run_harness" \\\n\t\t&& cp -v /home/scratch.mlperf_inf_ci/mlPerf/L1/A100x8_MaxQ-Computelab-A100x8-MaxQ-L1-1-2021-03-17-14-11-35-UTC/mlperf-inference/closed/NVIDIA/build/power_logs_temp/*/*/*/mlperf_log_detail.txt /home/scratch.mlperf_inf_ci/mlPerf/L1/A100x8_MaxQ-Computelab-A100x8-MaxQ-L1-1-2021-03-17-14-11-35-UTC/mlperf-inference/closed/NVIDIA/build/power_logs_temp/ \\\n\t\t&& cp -v /home/scratch.mlperf_inf_ci/mlPerf/L1/A100x8_MaxQ-Computelab-A100x8-MaxQ-L1-1-2021-03-17-14-11-35-UTC/mlperf-inference/closed/NVIDIA/build/power_logs_temp/*/*/*/mlperf_log_summary.txt /home/scratch.mlperf_inf_ci/mlPerf/L1/A100x8_MaxQ-Computelab-A100x8-MaxQ-L1-1-2021-03-17-14-11-35-UTC/mlperf-inference/closed/NVIDIA/build/power_logs_temp/'
client 2021-03-17 22:59:31,946 [INFO] Sending command to the server: 'session,2021-03-17_22-36-00,stop,testing'
client 2021-03-17 22:59:42,014 [INFO] Got response: 'OK'
client 2021-03-17 22:59:42,020 [INFO] Packing logs into zip and uploading to the server
client 2021-03-17 22:59:42,046 [INFO] Zip file size: 63.9 kB
client 2021-03-17 22:59:42,067 [INFO] Got response: 'OK'
client 2021-03-17 22:59:42,068 [INFO] Done runs
