ptd-server 2021-03-17 22:35:59,884 [INFO] Got command from the client 'stop'
ptd-server 2021-03-17 22:35:59,884 [INFO] The server will be stopped after processing this client
ptd-server 2021-03-17 22:35:59,884 [INFO] Sending reply to client 'OK'
ptd-server 2021-03-17 22:36:00,087 [INFO] Got command from the client 'time'
ptd-server 2021-03-17 22:36:00,087 [INFO] Sending reply to client '1616045760.087715'
ptd-server 2021-03-17 22:36:00,087 [INFO] Got command from the client 'new,,1ab43531-cf99-4bbc-999c-50c4bee47ce2'
ptd-server 2021-03-17 22:36:00,087 [INFO] Sending reply to client 'OK 2021-03-17_22-36-00,2ab2aa91-88a7-404b-8fae-0e2751b8e5ce'
ptd-server 2021-03-17 22:36:00,290 [INFO] Got command from the client 'time'
ptd-server 2021-03-17 22:36:00,290 [INFO] Sending reply to client '1616045760.2907927'
ptd-server 2021-03-17 22:36:00,290 [INFO] Got command from the client 'session,2021-03-17_22-36-00,start,ranging'
ptd-server 2021-03-17 22:36:00,400 [INFO] Running PTDaemon: ['C:\\PTD\\ptd-windows-x86.exe', '-l', 'C:\\logs_ptdeamon.txt', '-p', '8888', '-c', '1,3', '-y', '77', '172.22.0.90']
ptd-server 2021-03-17 22:36:19,788 [INFO] Sending to ptd: 'Hello'
ptd-server 2021-03-17 22:36:19,788 [INFO] Reply from ptd: 'Hello, PTDaemon here!'
ptd-server 2021-03-17 22:36:19,788 [INFO] Sending to ptd: 'Identify'
ptd-server 2021-03-17 22:36:19,788 [INFO] Reply from ptd: 'YokogawaWT330_multichannel,1000,1,1,1,1,0,0,1,version=1.9.2-3976349f-20201208,OS=Windows 8 / Server 2012,mode=power,1,1,2,0,0,no_cal_date,YOKOGAWA;WT333E;C2WA21018V;F1.04'
ptd-server 2021-03-17 22:36:19,788 [INFO] Connected to PTDaemon
ptd-server 2021-03-17 22:36:19,788 [INFO] Sending to ptd: 'RR'
ptd-server 2021-03-17 22:36:19,788 [INFO] Reply from ptd: 'Ranges,0,20.000000,1,300.000000'
ptd-server 2021-03-17 22:36:19,788 [INFO] Initial range for Amps is 20.000000 for Volts is Auto
ptd-server 2021-03-17 22:36:19,788 [INFO] Sending to ptd: 'SR,V,Auto'
ptd-server 2021-03-17 22:36:24,865 [INFO] Reply from ptd: 'Range V changed'
ptd-server 2021-03-17 22:36:24,865 [INFO] Sending to ptd: 'SR,A,Auto'
ptd-server 2021-03-17 22:36:29,942 [INFO] Reply from ptd: 'Range A changed'
ptd-server 2021-03-17 22:36:39,955 [INFO] Starting ranging mode
ptd-server 2021-03-17 22:36:39,955 [INFO] Sending to ptd: 'Go,1000,0,2021-03-17_22-36-00_ranging'
ptd-server 2021-03-17 22:36:39,955 [INFO] Reply from ptd: 'Starting untimed measurement, maximum 500000 samples at 1000ms with 0 rampup samples'
ptd-server 2021-03-17 22:36:39,955 [INFO] Sending reply to client 'OK'
ptd-server 2021-03-17 22:47:50,604 [INFO] Got command from the client 'session,2021-03-17_22-36-00,stop,ranging'
ptd-server 2021-03-17 22:48:00,604 [INFO] Sending to ptd: 'Stop'
ptd-server 2021-03-17 22:48:00,604 [INFO] Reply from ptd: 'Stopping untimed measurement'
ptd-server 2021-03-17 22:48:00,697 [INFO] Sending reply to client 'OK'
ptd-server 2021-03-17 22:48:00,729 [INFO] Got command from the client 'session,2021-03-17_22-36-00,upload,ranging'
ptd-server 2021-03-17 22:48:00,744 [INFO] Received 'C:\\ptd-logs\\2021-03-17_22-36-00ranging.tmp'
ptd-server 2021-03-17 22:48:00,760 [INFO] Extracted 'C:\\ptd-logs\\2021-03-17_22-36-00ranging.tmp' into 'C:\\ptd-logs\\2021-03-17_22-36-00\\ranging'
ptd-server 2021-03-17 22:48:00,760 [INFO] Removed 'C:\\ptd-logs\\2021-03-17_22-36-00ranging.tmp'
ptd-server 2021-03-17 22:48:00,760 [INFO] Sending reply to client 'OK'
ptd-server 2021-03-17 22:48:00,963 [INFO] Got command from the client 'time'
ptd-server 2021-03-17 22:48:00,963 [INFO] Sending reply to client '1616046480.96353'
ptd-server 2021-03-17 22:48:00,963 [INFO] Got command from the client 'session,2021-03-17_22-36-00,start,testing'
ptd-server 2021-03-17 22:48:00,963 [INFO] Sending to ptd: 'SR,V,233.840000'
ptd-server 2021-03-17 22:48:07,055 [INFO] Reply from ptd: 'Range V changed'
ptd-server 2021-03-17 22:48:07,055 [INFO] Sending to ptd: 'SR,A,5.450400'
ptd-server 2021-03-17 22:48:12,648 [INFO] Reply from ptd: 'Range A changed'
ptd-server 2021-03-17 22:48:22,648 [INFO] Starting testing mode
ptd-server 2021-03-17 22:48:22,648 [INFO] Sending to ptd: 'Go,1000,0,2021-03-17_22-36-00_testing'
ptd-server 2021-03-17 22:48:22,648 [INFO] Reply from ptd: 'Starting untimed measurement, maximum 500000 samples at 1000ms with 0 rampup samples'
ptd-server 2021-03-17 22:48:22,648 [INFO] Sending reply to client 'OK'
ptd-server 2021-03-17 22:59:31,982 [INFO] Got command from the client 'session,2021-03-17_22-36-00,stop,testing'
ptd-server 2021-03-17 22:59:42,010 [INFO] Sending to ptd: 'Stop'
ptd-server 2021-03-17 22:59:42,010 [INFO] Reply from ptd: 'Stopping untimed measurement'
ptd-server 2021-03-17 22:59:42,057 [INFO] Sending reply to client 'OK'
ptd-server 2021-03-17 22:59:42,088 [INFO] Got command from the client 'session,2021-03-17_22-36-00,upload,testing'
ptd-server 2021-03-17 22:59:42,088 [INFO] Received 'C:\\ptd-logs\\2021-03-17_22-36-00testing.tmp'
ptd-server 2021-03-17 22:59:42,104 [INFO] Extracted 'C:\\ptd-logs\\2021-03-17_22-36-00testing.tmp' into 'C:\\ptd-logs\\2021-03-17_22-36-00\\run_1'
ptd-server 2021-03-17 22:59:42,104 [INFO] Removed 'C:\\ptd-logs\\2021-03-17_22-36-00testing.tmp'
ptd-server 2021-03-17 22:59:42,104 [INFO] Sending reply to client 'OK'
ptd-server 2021-03-17 22:59:42,120 [INFO] Got command from the client 'session,2021-03-17_22-36-00,upload,client.log'
ptd-server 2021-03-17 22:59:42,120 [INFO] Received 'C:\\ptd-logs\\2021-03-17_22-36-00client.log.tmp'
ptd-server 2021-03-17 22:59:42,120 [INFO] Removed 'C:\\ptd-logs\\2021-03-17_22-36-00client.log.tmp'
ptd-server 2021-03-17 22:59:42,120 [INFO] Sending reply to client 'OK'
ptd-server 2021-03-17 22:59:42,151 [INFO] Got command from the client 'session,2021-03-17_22-36-00,upload,client.json'
ptd-server 2021-03-17 22:59:42,151 [INFO] Received 'C:\\ptd-logs\\2021-03-17_22-36-00client.json.tmp'
ptd-server 2021-03-17 22:59:42,167 [INFO] Removed 'C:\\ptd-logs\\2021-03-17_22-36-00client.json.tmp'
ptd-server 2021-03-17 22:59:42,167 [INFO] Sending reply to client 'OK'
ptd-server 2021-03-17 22:59:42,167 [INFO] Got command from the client 'session,2021-03-17_22-36-00,done'
ptd-server 2021-03-17 22:59:42,167 [INFO] Sending to ptd: 'Stop'
ptd-server 2021-03-17 22:59:42,651 [INFO] Reply from ptd: 'Error: no measurement to stop'
ptd-server 2021-03-17 22:59:42,651 [INFO] Sending to ptd: 'SR,V,Auto'
ptd-server 2021-03-17 22:59:47,728 [INFO] Reply from ptd: 'Range V changed'
ptd-server 2021-03-17 22:59:47,728 [INFO] Sending to ptd: 'SR,A,20.000000'
ptd-server 2021-03-17 22:59:53,321 [INFO] Reply from ptd: 'Range A changed'
ptd-server 2021-03-17 22:59:53,321 [INFO] Set initial values for Amps 20.000000 and Volts Auto
ptd-server 2021-03-17 22:59:53,321 [INFO] Stopping ptd...
