client 2021-03-19 03:02:32,388 [INFO] Sending command to the server: 'mlcommons/power client v3'
client 2021-03-19 03:02:32,389 [INFO] Got response: 'mlcommons/power server v3'
client 2021-03-19 03:02:32,389 [INFO] Synchronizing with the server and with 100.64.0.18...
client 2021-03-19 03:02:32,392 [INFO] NTP:offset = 0.000 s, delay = 0.001 s 
client 2021-03-19 03:02:32,392 [INFO] Sending command to the server: 'time'
client 2021-03-19 03:02:32,393 [INFO] Got response: '1616140952.282434'
client 2021-03-19 03:02:32,394 [INFO] The time difference between the client and the server is within range 109.775 ms..111.583 ms
client 2021-03-19 03:02:32,394 [INFO] Sending command to the server: 'new,ssd-resnet34_SingleStream,c937f74a-b439-47d8-91ea-db98ae54b4cc'
client 2021-03-19 03:02:32,396 [INFO] Got response: 'OK 2021-03-19_03-02-32_ssd-resnet34_SingleStream,4c32bbbc-184a-49cb-b2db-b0a28fbcd0c4'
client 2021-03-19 03:02:32,396 [INFO] Session id is '2021-03-19_03-02-32_ssd-resnet34_SingleStream'
client 2021-03-19 03:02:32,396 [INFO] Sources: {"sources": {"client.py": "d1e75cb4b26101220ebd242e584cf3ca5d8f1996", "lib/__init__.py": "da39a3ee5e6b4b0d3255bfef95601890afd80709", "lib/client.py": "d42bebf5b74cb6ff3997e2a6c68422afac111a28", "lib/common.py": "b0bad80d8fa328a7636027d4d66ff453f8dd7889", "lib/external/ntplib.py": "4da8f970656505a40483206ef2b5d3dd5e81711d", "lib/server.py": "2ed36471c7af565d6c8438b2134edad1d7ddf166", "lib/source_hashes.py": "4cedff274c661cb1504052018fd4f00dfbf624ef", "lib/summary.py": "0db15d783907aa92038281af4e465545c0648ddb", "lib/time_sync.py": "76051226ec89287839723352f4162aaa24e0546a", "server.py": "99e1310e3f76292aef1b8792ce6b8c82f1d44d8b", "tests/unit/test_server.py": "64f11775bfed35232a0e8bb9593c0ff992432c59", "tests/unit/test_source_hashes.py": "cb41a7261eaf7d94ba5c0aae9c523174f6204be3"}, "modules": {"__main__": "client.py", "lib.client": "lib/client.py", "lib.common": "lib/common.py", "lib.external.ntplib": "lib/external/ntplib.py", "lib.source_hashes": "lib/source_hashes.py", "lib.summary": "lib/summary.py", "lib.time_sync": "lib/time_sync.py"}}
client 2021-03-19 03:02:32,396 [INFO] Running workload in ranging mode
client 2021-03-19 03:02:32,396 [INFO] Synchronizing with the server and with 100.64.0.18...
client 2021-03-19 03:02:32,397 [INFO] NTP:offset = 0.000 s, delay = 0.001 s 
client 2021-03-19 03:02:32,397 [INFO] Sending command to the server: 'time'
client 2021-03-19 03:02:32,398 [INFO] Got response: '1616140952.282434'
client 2021-03-19 03:02:32,398 [INFO] The time difference between the client and the server is within range 114.880 ms..116.353 ms
client 2021-03-19 03:02:32,398 [INFO] Sending command to the server: 'session,2021-03-19_03-02-32_ssd-resnet34_SingleStream,start,ranging'
client 2021-03-19 03:02:56,177 [INFO] Got response: 'OK'
client 2021-03-19 03:02:56,177 [INFO] Running the workload "make run_harness RUN_ARGS='--benchmarks=ssd-resnet34 --scenarios=SingleStream --config_ver=default --log_dir build/logs/ --test_mode=PerformanceOnly'"
client 2021-03-19 03:13:09,865 [INFO] Sending command to the server: 'session,2021-03-19_03-02-32_ssd-resnet34_SingleStream,stop,ranging'
client 2021-03-19 03:13:20,129 [INFO] Got response: 'OK'
client 2021-03-19 03:13:20,130 [INFO] Running workload in testing mode
client 2021-03-19 03:13:20,130 [INFO] Synchronizing with the server and with 100.64.0.18...
client 2021-03-19 03:13:20,132 [INFO] NTP:offset = 0.000 s, delay = 0.001 s 
client 2021-03-19 03:13:20,132 [INFO] Sending command to the server: 'time'
client 2021-03-19 03:13:20,133 [INFO] Got response: '1616141600.0024045'
client 2021-03-19 03:13:20,133 [INFO] The time difference between the client and the server is within range 130.178 ms..131.236 ms
client 2021-03-19 03:13:20,133 [INFO] Sending command to the server: 'session,2021-03-19_03-02-32_ssd-resnet34_SingleStream,start,testing'
client 2021-03-19 03:13:33,256 [INFO] Got response: 'OK'
client 2021-03-19 03:13:33,256 [INFO] Running the workload "make run_harness RUN_ARGS='--benchmarks=ssd-resnet34 --scenarios=SingleStream --config_ver=default --log_dir build/logs/ --test_mode=PerformanceOnly'"
client 2021-03-19 03:23:46,697 [INFO] Sending command to the server: 'session,2021-03-19_03-02-32_ssd-resnet34_SingleStream,stop,testing'
client 2021-03-19 03:23:56,835 [INFO] Got response: 'OK'
client 2021-03-19 03:23:56,835 [INFO] Done runs
