ptd-server 2021-03-19 03:02:32,282 [INFO] Got command from the client 'time'
ptd-server 2021-03-19 03:02:32,282 [INFO] Sending reply to client '1616140952.282434'
ptd-server 2021-03-19 03:02:32,282 [INFO] Got command from the client 'new,ssd-resnet34_SingleStream,c937f74a-b439-47d8-91ea-db98ae54b4cc'
ptd-server 2021-03-19 03:02:32,282 [INFO] Sending reply to client 'OK 2021-03-19_03-02-32_ssd-resnet34_SingleStream,4c32bbbc-184a-49cb-b2db-b0a28fbcd0c4'
ptd-server 2021-03-19 03:02:32,282 [INFO] Got command from the client 'time'
ptd-server 2021-03-19 03:02:32,282 [INFO] Sending reply to client '1616140952.282434'
ptd-server 2021-03-19 03:02:32,282 [INFO] Got command from the client 'session,2021-03-19_03-02-32_ssd-resnet34_SingleStream,start,ranging'
ptd-server 2021-03-19 03:02:32,382 [INFO] Running PTDaemon: ['.\\ptd-windows-x86.exe', '-l', '.\\logs_ptdeamon.txt', '-p', '8888', '-g', '8', '1']
ptd-server 2021-03-19 03:02:45,023 [INFO] Sending to ptd: 'Hello'
ptd-server 2021-03-19 03:02:45,023 [INFO] Reply from ptd: 'Hello, PTDaemon here!'
ptd-server 2021-03-19 03:02:45,023 [INFO] Sending to ptd: 'Identify'
ptd-server 2021-03-19 03:02:45,023 [INFO] Reply from ptd: 'YokogawaWT210,1000,1,1,1,1,0,0,1,version=1.9.2-3976349f-20201208,OS=Windows 8 / Server 2012,mode=power,1,1,1,0,0,no_cal_date,YOKOGAWA;760401;0;F1.12'
ptd-server 2021-03-19 03:02:45,023 [INFO] Connected to PTDaemon
ptd-server 2021-03-19 03:02:45,023 [INFO] Sending to ptd: 'RR'
ptd-server 2021-03-19 03:02:45,023 [INFO] Reply from ptd: 'Ranges,1,10.000000,1,150.000000'
ptd-server 2021-03-19 03:02:45,023 [INFO] Initial range for Amps is Auto for Volts is Auto
ptd-server 2021-03-19 03:02:45,023 [INFO] Sending to ptd: 'SR,V,Auto'
ptd-server 2021-03-19 03:02:45,543 [INFO] Reply from ptd: 'Range V changed'
ptd-server 2021-03-19 03:02:45,543 [INFO] Sending to ptd: 'SR,A,Auto'
ptd-server 2021-03-19 03:02:46,063 [INFO] Reply from ptd: 'Range A changed'
ptd-server 2021-03-19 03:02:56,064 [INFO] Starting ranging mode
ptd-server 2021-03-19 03:02:56,064 [INFO] Sending to ptd: 'Go,1000,0,2021-03-19_03-02-32_ssd-resnet34_SingleStream_ranging'
ptd-server 2021-03-19 03:02:56,064 [INFO] Reply from ptd: 'Starting untimed measurement, maximum 500000 samples at 1000ms with 0 rampup samples'
ptd-server 2021-03-19 03:02:56,064 [INFO] Sending reply to client 'OK'
ptd-server 2021-03-19 03:13:09,731 [INFO] Got command from the client 'session,2021-03-19_03-02-32_ssd-resnet34_SingleStream,stop,ranging'
ptd-server 2021-03-19 03:13:19,732 [INFO] Sending to ptd: 'Stop'
ptd-server 2021-03-19 03:13:19,732 [INFO] Reply from ptd: 'Stopping untimed measurement'
ptd-server 2021-03-19 03:13:19,991 [INFO] Sending reply to client 'OK'
ptd-server 2021-03-19 03:13:20,002 [INFO] Got command from the client 'time'
ptd-server 2021-03-19 03:13:20,002 [INFO] Sending reply to client '1616141600.0024045'
ptd-server 2021-03-19 03:13:20,002 [INFO] Got command from the client 'session,2021-03-19_03-02-32_ssd-resnet34_SingleStream,start,testing'
ptd-server 2021-03-19 03:13:20,002 [INFO] Sending to ptd: 'SR,V,122.190000'
ptd-server 2021-03-19 03:13:21,602 [INFO] Reply from ptd: 'Range V changed'
ptd-server 2021-03-19 03:13:21,602 [INFO] Sending to ptd: 'SR,A,6.483000'
ptd-server 2021-03-19 03:13:23,122 [INFO] Reply from ptd: 'Range A changed'
ptd-server 2021-03-19 03:13:33,122 [INFO] Starting testing mode
ptd-server 2021-03-19 03:13:33,122 [INFO] Sending to ptd: 'Go,1000,0,2021-03-19_03-02-32_ssd-resnet34_SingleStream_testing'
ptd-server 2021-03-19 03:13:33,122 [INFO] Reply from ptd: 'Starting untimed measurement, maximum 500000 samples at 1000ms with 0 rampup samples'
ptd-server 2021-03-19 03:13:33,122 [INFO] Sending reply to client 'OK'
ptd-server 2021-03-19 03:23:46,544 [INFO] Got command from the client 'session,2021-03-19_03-02-32_ssd-resnet34_SingleStream,stop,testing'
ptd-server 2021-03-19 03:23:56,545 [INFO] Sending to ptd: 'Stop'
ptd-server 2021-03-19 03:23:56,545 [INFO] Reply from ptd: 'Stopping untimed measurement'
ptd-server 2021-03-19 03:23:56,674 [INFO] Sending reply to client 'OK'
ptd-server 2021-03-19 03:23:56,684 [INFO] Got command from the client 'session,2021-03-19_03-02-32_ssd-resnet34_SingleStream,upload,client.log'
ptd-server 2021-03-19 03:23:56,684 [INFO] Received '.\\outdir\\2021-03-19_03-02-32_ssd-resnet34_SingleStreamclient.log.tmp'
ptd-server 2021-03-19 03:23:56,695 [INFO] Removed '.\\outdir\\2021-03-19_03-02-32_ssd-resnet34_SingleStreamclient.log.tmp'
ptd-server 2021-03-19 03:23:56,695 [INFO] Sending reply to client 'OK'
ptd-server 2021-03-19 03:23:56,695 [INFO] Got command from the client 'session,2021-03-19_03-02-32_ssd-resnet34_SingleStream,upload,client.json'
ptd-server 2021-03-19 03:23:56,695 [INFO] Received '.\\outdir\\2021-03-19_03-02-32_ssd-resnet34_SingleStreamclient.json.tmp'
ptd-server 2021-03-19 03:23:56,705 [INFO] Removed '.\\outdir\\2021-03-19_03-02-32_ssd-resnet34_SingleStreamclient.json.tmp'
ptd-server 2021-03-19 03:23:56,705 [INFO] Sending reply to client 'OK'
ptd-server 2021-03-19 03:23:56,705 [INFO] Got command from the client 'session,2021-03-19_03-02-32_ssd-resnet34_SingleStream,done'
ptd-server 2021-03-19 03:23:56,705 [INFO] Sending to ptd: 'Stop'
ptd-server 2021-03-19 03:23:57,125 [INFO] Reply from ptd: 'Error: no measurement to stop'
ptd-server 2021-03-19 03:23:57,125 [INFO] Sending to ptd: 'SR,V,Auto'
ptd-server 2021-03-19 03:23:57,645 [INFO] Reply from ptd: 'Range V changed'
ptd-server 2021-03-19 03:23:57,645 [INFO] Sending to ptd: 'SR,A,Auto'
ptd-server 2021-03-19 03:23:58,165 [INFO] Reply from ptd: 'Range A changed'
ptd-server 2021-03-19 03:23:58,165 [INFO] Set initial values for Amps Auto and Volts Auto
ptd-server 2021-03-19 03:23:58,165 [INFO] Stopping ptd...
