client 2021-03-18 21:17:30,010 [WARNING] Removing old loadgen logs directory '/work/build/power_logs_temp'
client 2021-03-18 21:17:30,015 [INFO] Sending command to the server: 'mlcommons/power client v3'
client 2021-03-18 21:17:30,017 [INFO] Got response: 'mlcommons/power server v3'
client 2021-03-18 21:17:30,017 [INFO] Sending command to the server: 'stop'
client 2021-03-18 21:17:30,018 [INFO] Got response: 'OK'
client 2021-03-18 21:17:30,018 [INFO] Synchronizing with the server and with ib-01.dc4-in.nvidia.com...
client 2021-03-18 21:17:30,225 [INFO] NTP:offset = -5.740 s, delay = 0.204 s 
client 2021-03-18 21:17:30,225 [WARNING] The time offset between the system time and ib-01.dc4-in.nvidia.com is more then 200 ms (-5740.433 ms)
client 2021-03-18 21:17:30,225 [INFO] Sending command to the server: 'set_ntp'
client 2021-03-18 21:17:31,446 [INFO] Got response: 'OK'
client 2021-03-18 21:17:31,446 [INFO] Synchronizing with ib-01.dc4-in.nvidia.com time using NTP...
client 2021-03-18 21:17:33,821 [INFO] Set system time at 2021-03-18 21:17:33.821259
client 2021-03-18 21:17:34,024 [INFO] NTP:offset = 0.000 s, delay = 0.202 s 
client 2021-03-18 21:17:34,024 [INFO] Sending command to the server: 'time'
client 2021-03-18 21:17:34,026 [INFO] Got response: '1616127454.0134294'
client 2021-03-18 21:17:34,026 [INFO] The time difference between the client and the server is within range 11.099 ms..13.221 ms
client 2021-03-18 21:17:34,026 [INFO] Sending command to the server: 'new,,4ea12b1a-0726-4084-b1dd-f91b0e81a0ed'
client 2021-03-18 21:17:34,028 [INFO] Got response: 'OK 2021-03-18_21-17-34,1c1eed59-4955-4fee-99aa-3e0e436bbe55'
client 2021-03-18 21:17:34,028 [INFO] Session id is '2021-03-18_21-17-34'
client 2021-03-18 21:17:34,028 [INFO] Sources: {"sources": {"client.py": "d1e75cb4b26101220ebd242e584cf3ca5d8f1996", "lib/__init__.py": "da39a3ee5e6b4b0d3255bfef95601890afd80709", "lib/client.py": "d42bebf5b74cb6ff3997e2a6c68422afac111a28", "lib/common.py": "b0bad80d8fa328a7636027d4d66ff453f8dd7889", "lib/external/ntplib.py": "4da8f970656505a40483206ef2b5d3dd5e81711d", "lib/server.py": "2ed36471c7af565d6c8438b2134edad1d7ddf166", "lib/source_hashes.py": "4cedff274c661cb1504052018fd4f00dfbf624ef", "lib/summary.py": "0db15d783907aa92038281af4e465545c0648ddb", "lib/time_sync.py": "76051226ec89287839723352f4162aaa24e0546a", "server.py": "99e1310e3f76292aef1b8792ce6b8c82f1d44d8b", "tests/unit/test_server.py": "64f11775bfed35232a0e8bb9593c0ff992432c59", "tests/unit/test_source_hashes.py": "cb41a7261eaf7d94ba5c0aae9c523174f6204be3"}, "modules": {"__main__": "client.py", "lib.client": "lib/client.py", "lib.common": "lib/common.py", "lib.external.ntplib": "lib/external/ntplib.py", "lib.source_hashes": "lib/source_hashes.py", "lib.summary": "lib/summary.py", "lib.time_sync": "lib/time_sync.py"}}
client 2021-03-18 21:17:34,030 [INFO] Running workload in ranging mode
client 2021-03-18 21:17:34,030 [INFO] Synchronizing with the server and with ib-01.dc4-in.nvidia.com...
client 2021-03-18 21:17:34,233 [INFO] NTP:offset = 0.000 s, delay = 0.202 s 
client 2021-03-18 21:17:34,233 [INFO] Sending command to the server: 'time'
client 2021-03-18 21:17:34,235 [INFO] Got response: '1616127454.2321444'
client 2021-03-18 21:17:34,235 [INFO] The time difference between the client and the server is within range 1.646 ms..3.527 ms
client 2021-03-18 21:17:34,235 [INFO] Sending command to the server: 'session,2021-03-18_21-17-34,start,ranging'
client 2021-03-18 21:18:03,177 [INFO] Got response: 'OK'
client 2021-03-18 21:18:03,177 [INFO] Running the workload 'LOG_DIR=/work/build/power_logs_temp python3 code/main.py --benchmarks=ssd-resnet34 --scenarios=Server --config_ver=maxq --action="run_harness" \\\n\t\t&& cp -v /work/build/power_logs_temp/*/*/*/mlperf_log_detail.txt /work/build/power_logs_temp/ \\\n\t\t&& cp -v /work/build/power_logs_temp/*/*/*/mlperf_log_summary.txt /work/build/power_logs_temp/'
client 2021-03-18 21:28:30,634 [INFO] Sending command to the server: 'session,2021-03-18_21-17-34,stop,ranging'
client 2021-03-18 21:28:40,958 [INFO] Got response: 'OK'
client 2021-03-18 21:28:40,964 [INFO] Packing logs into zip and uploading to the server
client 2021-03-18 21:28:40,978 [INFO] Zip file size: 11.0 kB
client 2021-03-18 21:28:40,996 [INFO] Got response: 'OK'
client 2021-03-18 21:28:40,996 [INFO] Running workload in testing mode
client 2021-03-18 21:28:40,996 [INFO] Synchronizing with the server and with ib-01.dc4-in.nvidia.com...
client 2021-03-18 21:28:41,199 [INFO] NTP:offset = 0.002 s, delay = 0.202 s 
client 2021-03-18 21:28:41,200 [INFO] Sending command to the server: 'time'
client 2021-03-18 21:28:41,201 [INFO] Got response: '1616128121.2064521'
client 2021-03-18 21:28:41,201 [INFO] The time difference between the client and the server is within range -6.344 ms..-4.502 ms
client 2021-03-18 21:28:41,202 [INFO] Sending command to the server: 'session,2021-03-18_21-17-34,start,testing'
client 2021-03-18 21:28:54,262 [INFO] Got response: 'OK'
client 2021-03-18 21:28:54,263 [INFO] Running the workload 'LOG_DIR=/work/build/power_logs_temp python3 code/main.py --benchmarks=ssd-resnet34 --scenarios=Server --config_ver=maxq --action="run_harness" \\\n\t\t&& cp -v /work/build/power_logs_temp/*/*/*/mlperf_log_detail.txt /work/build/power_logs_temp/ \\\n\t\t&& cp -v /work/build/power_logs_temp/*/*/*/mlperf_log_summary.txt /work/build/power_logs_temp/'
client 2021-03-18 21:39:12,878 [INFO] Sending command to the server: 'session,2021-03-18_21-17-34,stop,testing'
client 2021-03-18 21:39:23,042 [INFO] Got response: 'OK'
client 2021-03-18 21:39:23,047 [INFO] Packing logs into zip and uploading to the server
client 2021-03-18 21:39:23,058 [INFO] Zip file size: 11.1 kB
client 2021-03-18 21:39:23,075 [INFO] Got response: 'OK'
client 2021-03-18 21:39:23,076 [INFO] Done runs
