ptd-server 2021-03-18 21:17:24,283 [INFO] Got command from the client 'stop'
ptd-server 2021-03-18 21:17:24,283 [INFO] The server will be stopped after processing this client
ptd-server 2021-03-18 21:17:24,283 [INFO] Sending reply to client 'OK'
ptd-server 2021-03-18 21:17:24,486 [INFO] Got command from the client 'set_ntp'
ptd-server 2021-03-18 21:17:24,502 [INFO] Synchronizing with ib-01.dc4-in.nvidia.com time using NTP...
ptd-server 2021-03-18 21:17:25,703 [INFO] Set system time at 2021-03-18 21:17:25.703013
ptd-server 2021-03-18 21:17:25,703 [INFO] Sending reply to client 'OK'
ptd-server 2021-03-18 21:17:34,013 [INFO] Got command from the client 'time'
ptd-server 2021-03-18 21:17:34,013 [INFO] Sending reply to client '1616127454.0134294'
ptd-server 2021-03-18 21:17:34,013 [INFO] Got command from the client 'new,,4ea12b1a-0726-4084-b1dd-f91b0e81a0ed'
ptd-server 2021-03-18 21:17:34,013 [INFO] Sending reply to client 'OK 2021-03-18_21-17-34,1c1eed59-4955-4fee-99aa-3e0e436bbe55'
ptd-server 2021-03-18 21:17:34,232 [INFO] Got command from the client 'time'
ptd-server 2021-03-18 21:17:34,232 [INFO] Sending reply to client '1616127454.2321444'
ptd-server 2021-03-18 21:17:34,232 [INFO] Got command from the client 'session,2021-03-18_21-17-34,start,ranging'
ptd-server 2021-03-18 21:17:34,341 [INFO] Running PTDaemon: ['C:\\PTD\\ptd-windows-x86.exe', '-l', 'C:\\logs_ptdeamon.txt', '-p', '8888', '-c', '1', '-y', '52', '172.18.220.100']
ptd-server 2021-03-18 21:17:52,131 [INFO] Sending to ptd: 'Hello'
ptd-server 2021-03-18 21:17:52,131 [INFO] Reply from ptd: 'Hello, PTDaemon here!'
ptd-server 2021-03-18 21:17:52,131 [INFO] Sending to ptd: 'Identify'
ptd-server 2021-03-18 21:17:52,131 [INFO] Reply from ptd: 'YokogawaWT330E,1000,1,1,1,1,0,0,1,version=1.9.2-3976349f-20201208,OS=Windows 8 / Server 2012,mode=power,1,1,1,0,0,no_cal_date,YOKOGAWA;WT333E;C2WC23035V;F1.04'
ptd-server 2021-03-18 21:17:52,131 [INFO] Connected to PTDaemon
ptd-server 2021-03-18 21:17:52,131 [INFO] Sending to ptd: 'RR'
ptd-server 2021-03-18 21:17:52,131 [INFO] Reply from ptd: 'Ranges,1,5.000000,1,300.000000'
ptd-server 2021-03-18 21:17:52,131 [INFO] Initial range for Amps is Auto for Volts is Auto
ptd-server 2021-03-18 21:17:52,131 [INFO] Sending to ptd: 'SR,V,Auto'
ptd-server 2021-03-18 21:17:52,646 [INFO] Reply from ptd: 'Range V changed'
ptd-server 2021-03-18 21:17:52,646 [INFO] Sending to ptd: 'SR,A,Auto'
ptd-server 2021-03-18 21:17:53,162 [INFO] Reply from ptd: 'Range A changed'
ptd-server 2021-03-18 21:18:03,175 [INFO] Starting ranging mode
ptd-server 2021-03-18 21:18:03,175 [INFO] Sending to ptd: 'Go,1000,0,2021-03-18_21-17-34_ranging'
ptd-server 2021-03-18 21:18:03,175 [INFO] Reply from ptd: 'Starting untimed measurement, maximum 500000 samples at 1000ms with 0 rampup samples'
ptd-server 2021-03-18 21:18:03,175 [INFO] Sending reply to client 'OK'
ptd-server 2021-03-18 21:28:30,631 [INFO] Got command from the client 'session,2021-03-18_21-17-34,stop,ranging'
ptd-server 2021-03-18 21:28:40,644 [INFO] Sending to ptd: 'Stop'
ptd-server 2021-03-18 21:28:40,644 [INFO] Reply from ptd: 'Stopping untimed measurement'
ptd-server 2021-03-18 21:28:40,956 [INFO] Sending reply to client 'OK'
ptd-server 2021-03-18 21:28:40,972 [INFO] Got command from the client 'session,2021-03-18_21-17-34,upload,ranging'
ptd-server 2021-03-18 21:28:40,987 [INFO] Received 'C:\\ptd-logs\\2021-03-18_21-17-34ranging.tmp'
ptd-server 2021-03-18 21:28:40,987 [INFO] Extracted 'C:\\ptd-logs\\2021-03-18_21-17-34ranging.tmp' into 'C:\\ptd-logs\\2021-03-18_21-17-34\\ranging'
ptd-server 2021-03-18 21:28:40,987 [INFO] Removed 'C:\\ptd-logs\\2021-03-18_21-17-34ranging.tmp'
ptd-server 2021-03-18 21:28:40,987 [INFO] Sending reply to client 'OK'
ptd-server 2021-03-18 21:28:41,206 [INFO] Got command from the client 'time'
ptd-server 2021-03-18 21:28:41,206 [INFO] Sending reply to client '1616128121.2064521'
ptd-server 2021-03-18 21:28:41,206 [INFO] Got command from the client 'session,2021-03-18_21-17-34,start,testing'
ptd-server 2021-03-18 21:28:41,206 [INFO] Sending to ptd: 'SR,V,206.450000'
ptd-server 2021-03-18 21:28:42,737 [INFO] Reply from ptd: 'Range V changed'
ptd-server 2021-03-18 21:28:42,737 [INFO] Sending to ptd: 'SR,A,6.254500'
ptd-server 2021-03-18 21:28:44,268 [INFO] Reply from ptd: 'Range A changed'
ptd-server 2021-03-18 21:28:54,268 [INFO] Starting testing mode
ptd-server 2021-03-18 21:28:54,268 [INFO] Sending to ptd: 'Go,1000,0,2021-03-18_21-17-34_testing'
ptd-server 2021-03-18 21:28:54,268 [INFO] Reply from ptd: 'Starting untimed measurement, maximum 500000 samples at 1000ms with 0 rampup samples'
ptd-server 2021-03-18 21:28:54,268 [INFO] Sending reply to client 'OK'
ptd-server 2021-03-18 21:39:12,880 [INFO] Got command from the client 'session,2021-03-18_21-17-34,stop,testing'
ptd-server 2021-03-18 21:39:22,893 [INFO] Sending to ptd: 'Stop'
ptd-server 2021-03-18 21:39:22,893 [INFO] Reply from ptd: 'Stopping untimed measurement'
ptd-server 2021-03-18 21:39:23,050 [INFO] Sending reply to client 'OK'
ptd-server 2021-03-18 21:39:23,065 [INFO] Got command from the client 'session,2021-03-18_21-17-34,upload,testing'
ptd-server 2021-03-18 21:39:23,065 [INFO] Received 'C:\\ptd-logs\\2021-03-18_21-17-34testing.tmp'
ptd-server 2021-03-18 21:39:23,081 [INFO] Extracted 'C:\\ptd-logs\\2021-03-18_21-17-34testing.tmp' into 'C:\\ptd-logs\\2021-03-18_21-17-34\\run_1'
ptd-server 2021-03-18 21:39:23,081 [INFO] Removed 'C:\\ptd-logs\\2021-03-18_21-17-34testing.tmp'
ptd-server 2021-03-18 21:39:23,081 [INFO] Sending reply to client 'OK'
ptd-server 2021-03-18 21:39:23,081 [INFO] Got command from the client 'session,2021-03-18_21-17-34,upload,client.log'
ptd-server 2021-03-18 21:39:23,097 [INFO] Received 'C:\\ptd-logs\\2021-03-18_21-17-34client.log.tmp'
ptd-server 2021-03-18 21:39:23,097 [INFO] Removed 'C:\\ptd-logs\\2021-03-18_21-17-34client.log.tmp'
ptd-server 2021-03-18 21:39:23,097 [INFO] Sending reply to client 'OK'
ptd-server 2021-03-18 21:39:23,112 [INFO] Got command from the client 'session,2021-03-18_21-17-34,upload,client.json'
ptd-server 2021-03-18 21:39:23,112 [INFO] Received 'C:\\ptd-logs\\2021-03-18_21-17-34client.json.tmp'
ptd-server 2021-03-18 21:39:23,128 [INFO] Removed 'C:\\ptd-logs\\2021-03-18_21-17-34client.json.tmp'
ptd-server 2021-03-18 21:39:23,128 [INFO] Sending reply to client 'OK'
ptd-server 2021-03-18 21:39:23,128 [INFO] Got command from the client 'session,2021-03-18_21-17-34,done'
ptd-server 2021-03-18 21:39:23,128 [INFO] Sending to ptd: 'Stop'
ptd-server 2021-03-18 21:39:23,284 [INFO] Reply from ptd: 'Error: no measurement to stop'
ptd-server 2021-03-18 21:39:23,284 [INFO] Sending to ptd: 'SR,V,Auto'
ptd-server 2021-03-18 21:39:23,800 [INFO] Reply from ptd: 'Range V changed'
ptd-server 2021-03-18 21:39:23,800 [INFO] Sending to ptd: 'SR,A,Auto'
ptd-server 2021-03-18 21:39:24,315 [INFO] Reply from ptd: 'Range A changed'
ptd-server 2021-03-18 21:39:24,315 [INFO] Set initial values for Amps Auto and Volts Auto
ptd-server 2021-03-18 21:39:24,315 [INFO] Stopping ptd...
