ptd-server 2021-02-28 02:39:52,652 [INFO] Got command from the client 'time'
ptd-server 2021-02-28 02:39:52,652 [INFO] Sending reply to client '1614479992.6522245'
ptd-server 2021-02-28 02:39:52,653 [INFO] Got command from the client 'new,,6702d79e-c962-4fa8-8dfc-97f10362d088'
ptd-server 2021-02-28 02:39:52,654 [INFO] Sending reply to client 'OK 2021-02-28_02-39-52,7809f415-7c4f-4c6f-b145-43fcfb211efe'
ptd-server 2021-02-28 02:39:52,682 [INFO] Got command from the client 'time'
ptd-server 2021-02-28 02:39:52,682 [INFO] Sending reply to client '1614479992.68216'
ptd-server 2021-02-28 02:39:52,683 [INFO] Got command from the client 'session,2021-02-28_02-39-52,start,ranging'
ptd-server 2021-02-28 02:39:52,683 [INFO] Running PTDaemon: ['/home/anton/projects/mlperf/power/inference_v1.0/ptd-linux-x86', '-l', 'ptd.log', '-p', '8888', '52', '/dev/usbtmc0']
ptd-server 2021-02-28 02:40:09,852 [INFO] Sending to ptd: 'Hello'
ptd-server 2021-02-28 02:40:09,853 [INFO] Reply from ptd: 'Hello, PTDaemon here!'
ptd-server 2021-02-28 02:40:09,853 [INFO] Sending to ptd: 'Identify'
ptd-server 2021-02-28 02:40:09,853 [INFO] Reply from ptd: 'YokogawaWT330E,1000,1,1,1,1,0,0,1,version=1.9.2-e8c7a49a-20201208,OS=Linux 5.8.0-43-generic #49~20.04.1-Ubuntu SMP Fri Feb 5 09:57:56 UTC 2021 x86_64,mode=power,1,1,1,0,0,no_cal_date,YOKOGAWA;WT333E;C3VD30030E;F1.04'
ptd-server 2021-02-28 02:40:09,853 [INFO] Connected to PTDaemon
ptd-server 2021-02-28 02:40:09,854 [INFO] Sending to ptd: 'RR'
ptd-server 2021-02-28 02:40:09,854 [INFO] Reply from ptd: 'Ranges,0,0.500000,0,300.000000'
ptd-server 2021-02-28 02:40:09,854 [INFO] Initial range for Amps is 0.500000 for Volts is 300.000000
ptd-server 2021-02-28 02:40:09,854 [INFO] Sending to ptd: 'SR,V,Auto'
ptd-server 2021-02-28 02:40:10,357 [INFO] Reply from ptd: 'Range V changed'
ptd-server 2021-02-28 02:40:10,357 [INFO] Sending to ptd: 'SR,A,Auto'
ptd-server 2021-02-28 02:40:10,859 [INFO] Reply from ptd: 'Range A changed'
ptd-server 2021-02-28 02:40:20,870 [INFO] Starting ranging mode
ptd-server 2021-02-28 02:40:20,870 [INFO] Sending to ptd: 'Go,1000,0,2021-02-28_02-39-52_ranging'
ptd-server 2021-02-28 02:40:20,870 [INFO] Reply from ptd: 'Starting untimed measurement, maximum 500000 samples at 1000ms with 0 rampup samples'
ptd-server 2021-02-28 02:40:20,870 [INFO] Sending reply to client 'OK'
ptd-server 2021-02-28 02:50:39,363 [INFO] Got command from the client 'session,2021-02-28_02-39-52,stop,ranging'
ptd-server 2021-02-28 02:50:49,373 [INFO] Sending to ptd: 'Stop'
ptd-server 2021-02-28 02:50:49,374 [INFO] Reply from ptd: 'Stopping untimed measurement'
ptd-server 2021-02-28 02:50:49,542 [INFO] Sending reply to client 'OK'
ptd-server 2021-02-28 02:50:49,572 [INFO] Got command from the client 'time'
ptd-server 2021-02-28 02:50:49,572 [INFO] Sending reply to client '1614480649.5721505'
ptd-server 2021-02-28 02:50:49,574 [INFO] Got command from the client 'session,2021-02-28_02-39-52,start,testing'
ptd-server 2021-02-28 02:50:49,574 [INFO] Sending to ptd: 'SR,V,250.840000'
ptd-server 2021-02-28 02:50:51,371 [INFO] Reply from ptd: 'Range V changed'
ptd-server 2021-02-28 02:50:51,372 [INFO] Sending to ptd: 'SR,A,0.173580'
ptd-server 2021-02-28 02:50:52,873 [INFO] Reply from ptd: 'Range A changed'
ptd-server 2021-02-28 02:51:02,883 [INFO] Starting testing mode
ptd-server 2021-02-28 02:51:02,883 [INFO] Sending to ptd: 'Go,1000,0,2021-02-28_02-39-52_testing'
ptd-server 2021-02-28 02:51:02,884 [INFO] Reply from ptd: 'Starting untimed measurement, maximum 500000 samples at 1000ms with 0 rampup samples'
ptd-server 2021-02-28 02:51:02,884 [INFO] Sending reply to client 'OK'
ptd-server 2021-02-28 03:01:21,209 [INFO] Got command from the client 'session,2021-02-28_02-39-52,stop,testing'
ptd-server 2021-02-28 03:01:31,219 [INFO] Sending to ptd: 'Stop'
ptd-server 2021-02-28 03:01:31,220 [INFO] Reply from ptd: 'Stopping untimed measurement'
ptd-server 2021-02-28 03:01:31,307 [INFO] Sending reply to client 'OK'
ptd-server 2021-02-28 03:01:31,316 [INFO] Got command from the client 'session,2021-02-28_02-39-52,upload,client.log'
ptd-server 2021-02-28 03:01:31,317 [INFO] Received '/home/anton/projects/mlperf/power-dev/output/2021-02-28_02-39-52client.log.tmp'
ptd-server 2021-02-28 03:01:31,317 [INFO] Removed '/home/anton/projects/mlperf/power-dev/output/2021-02-28_02-39-52client.log.tmp'
ptd-server 2021-02-28 03:01:31,318 [INFO] Sending reply to client 'OK'
ptd-server 2021-02-28 03:01:31,322 [INFO] Got command from the client 'session,2021-02-28_02-39-52,upload,client.json'
ptd-server 2021-02-28 03:01:31,323 [INFO] Received '/home/anton/projects/mlperf/power-dev/output/2021-02-28_02-39-52client.json.tmp'
ptd-server 2021-02-28 03:01:31,323 [INFO] Removed '/home/anton/projects/mlperf/power-dev/output/2021-02-28_02-39-52client.json.tmp'
ptd-server 2021-02-28 03:01:31,323 [INFO] Sending reply to client 'OK'
ptd-server 2021-02-28 03:01:31,324 [INFO] Got command from the client 'session,2021-02-28_02-39-52,done'
ptd-server 2021-02-28 03:01:31,324 [INFO] Sending to ptd: 'Stop'
ptd-server 2021-02-28 03:01:31,885 [INFO] Reply from ptd: 'Error: no measurement to stop'
ptd-server 2021-02-28 03:01:31,885 [INFO] Sending to ptd: 'SR,V,300.000000'
ptd-server 2021-02-28 03:01:33,386 [INFO] Reply from ptd: 'Range V changed'
ptd-server 2021-02-28 03:01:33,387 [INFO] Sending to ptd: 'SR,A,0.500000'
ptd-server 2021-02-28 03:01:34,888 [INFO] Reply from ptd: 'Range A changed'
ptd-server 2021-02-28 03:01:34,888 [INFO] Set initial values for Amps 0.500000 and Volts 300.000000
ptd-server 2021-02-28 03:01:34,888 [INFO] Stopping ptd...
