ptd-server 2021-03-07 09:21:46,875 [INFO] Got command from the client 'time'
ptd-server 2021-03-07 09:21:46,875 [INFO] Sending reply to client '1615108906.8755739'
ptd-server 2021-03-07 09:21:46,878 [INFO] Got command from the client 'new,,8d93b648-d4cd-4e2c-81f5-0ad93aa6e301'
ptd-server 2021-03-07 09:21:46,878 [INFO] Sending reply to client 'OK 2021-03-07_09-21-46,0a2f8aff-e269-4d42-9ff7-f504eae4ccec'
ptd-server 2021-03-07 09:21:46,915 [INFO] Got command from the client 'time'
ptd-server 2021-03-07 09:21:46,915 [INFO] Sending reply to client '1615108906.9154618'
ptd-server 2021-03-07 09:21:46,917 [INFO] Got command from the client 'session,2021-03-07_09-21-46,start,ranging'
ptd-server 2021-03-07 09:21:46,918 [INFO] Running PTDaemon: ['/home/anton/projects/mlperf/power/inference_v1.0/ptd-linux-x86', '-l', 'ptd.log', '-p', '8888', '52', '/dev/usbtmc0']
ptd-server 2021-03-07 09:22:04,087 [INFO] Sending to ptd: 'Hello'
ptd-server 2021-03-07 09:22:04,087 [INFO] Reply from ptd: 'Hello, PTDaemon here!'
ptd-server 2021-03-07 09:22:04,087 [INFO] Sending to ptd: 'Identify'
ptd-server 2021-03-07 09:22:04,088 [INFO] Reply from ptd: 'YokogawaWT330E,1000,1,1,1,1,0,0,1,version=1.9.2-e8c7a49a-20201208,OS=Linux 5.8.0-43-generic #49~20.04.1-Ubuntu SMP Fri Feb 5 09:57:56 UTC 2021 x86_64,mode=power,1,1,1,0,0,no_cal_date,YOKOGAWA;WT333E;C3VD30030E;F1.04'
ptd-server 2021-03-07 09:22:04,088 [INFO] Connected to PTDaemon
ptd-server 2021-03-07 09:22:04,088 [INFO] Sending to ptd: 'RR'
ptd-server 2021-03-07 09:22:04,088 [INFO] Reply from ptd: 'Ranges,0,0.500000,0,300.000000'
ptd-server 2021-03-07 09:22:04,089 [INFO] Initial range for Amps is 0.500000 for Volts is 300.000000
ptd-server 2021-03-07 09:22:04,089 [INFO] Sending to ptd: 'SR,V,Auto'
ptd-server 2021-03-07 09:22:04,593 [INFO] Reply from ptd: 'Range V changed'
ptd-server 2021-03-07 09:22:04,593 [INFO] Sending to ptd: 'SR,A,Auto'
ptd-server 2021-03-07 09:22:05,095 [INFO] Reply from ptd: 'Range A changed'
ptd-server 2021-03-07 09:22:15,100 [INFO] Starting ranging mode
ptd-server 2021-03-07 09:22:15,100 [INFO] Sending to ptd: 'Go,1000,0,2021-03-07_09-21-46_ranging'
ptd-server 2021-03-07 09:22:15,101 [INFO] Reply from ptd: 'Starting untimed measurement, maximum 500000 samples at 1000ms with 0 rampup samples'
ptd-server 2021-03-07 09:22:15,101 [INFO] Sending reply to client 'OK'
ptd-server 2021-03-07 09:32:40,013 [INFO] Got command from the client 'session,2021-03-07_09-21-46,stop,ranging'
ptd-server 2021-03-07 09:32:50,024 [INFO] Sending to ptd: 'Stop'
ptd-server 2021-03-07 09:32:50,024 [INFO] Reply from ptd: 'Stopping untimed measurement'
ptd-server 2021-03-07 09:32:50,547 [INFO] Sending reply to client 'OK'
ptd-server 2021-03-07 09:32:50,604 [INFO] Got command from the client 'time'
ptd-server 2021-03-07 09:32:50,605 [INFO] Sending reply to client '1615109570.6049914'
ptd-server 2021-03-07 09:32:50,608 [INFO] Got command from the client 'session,2021-03-07_09-21-46,start,testing'
ptd-server 2021-03-07 09:32:50,608 [INFO] Sending to ptd: 'SR,V,249.200000'
ptd-server 2021-03-07 09:32:52,110 [INFO] Reply from ptd: 'Range V changed'
ptd-server 2021-03-07 09:32:52,110 [INFO] Sending to ptd: 'SR,A,0.058270'
ptd-server 2021-03-07 09:32:53,611 [INFO] Reply from ptd: 'Range A changed'
ptd-server 2021-03-07 09:33:03,621 [INFO] Starting testing mode
ptd-server 2021-03-07 09:33:03,622 [INFO] Sending to ptd: 'Go,1000,0,2021-03-07_09-21-46_testing'
ptd-server 2021-03-07 09:33:03,622 [INFO] Reply from ptd: 'Starting untimed measurement, maximum 500000 samples at 1000ms with 0 rampup samples'
ptd-server 2021-03-07 09:33:03,622 [INFO] Sending reply to client 'OK'
ptd-server 2021-03-07 09:43:33,648 [INFO] Got command from the client 'session,2021-03-07_09-21-46,stop,testing'
ptd-server 2021-03-07 09:43:43,658 [INFO] Sending to ptd: 'Stop'
ptd-server 2021-03-07 09:43:43,658 [INFO] Reply from ptd: 'Stopping untimed measurement'
ptd-server 2021-03-07 09:43:43,935 [INFO] Sending reply to client 'OK'
ptd-server 2021-03-07 09:43:43,944 [INFO] Got command from the client 'session,2021-03-07_09-21-46,upload,client.log'
ptd-server 2021-03-07 09:43:43,947 [INFO] Received '/home/anton/projects/mlperf/power-dev/output/2021-03-07_09-21-46client.log.tmp'
ptd-server 2021-03-07 09:43:43,948 [INFO] Removed '/home/anton/projects/mlperf/power-dev/output/2021-03-07_09-21-46client.log.tmp'
ptd-server 2021-03-07 09:43:43,948 [INFO] Sending reply to client 'OK'
ptd-server 2021-03-07 09:43:43,960 [INFO] Got command from the client 'session,2021-03-07_09-21-46,upload,client.json'
ptd-server 2021-03-07 09:43:43,963 [INFO] Received '/home/anton/projects/mlperf/power-dev/output/2021-03-07_09-21-46client.json.tmp'
ptd-server 2021-03-07 09:43:43,963 [INFO] Removed '/home/anton/projects/mlperf/power-dev/output/2021-03-07_09-21-46client.json.tmp'
ptd-server 2021-03-07 09:43:43,963 [INFO] Sending reply to client 'OK'
ptd-server 2021-03-07 09:43:43,966 [INFO] Got command from the client 'session,2021-03-07_09-21-46,done'
ptd-server 2021-03-07 09:43:43,966 [INFO] Sending to ptd: 'Stop'
ptd-server 2021-03-07 09:43:44,623 [INFO] Reply from ptd: 'Error: no measurement to stop'
ptd-server 2021-03-07 09:43:44,623 [INFO] Sending to ptd: 'SR,V,300.000000'
ptd-server 2021-03-07 09:43:46,124 [INFO] Reply from ptd: 'Range V changed'
ptd-server 2021-03-07 09:43:46,124 [INFO] Sending to ptd: 'SR,A,0.500000'
ptd-server 2021-03-07 09:43:47,626 [INFO] Reply from ptd: 'Range A changed'
ptd-server 2021-03-07 09:43:47,626 [INFO] Set initial values for Amps 0.500000 and Volts 300.000000
ptd-server 2021-03-07 09:43:47,626 [INFO] Stopping ptd...
