ptd-server 2021-03-07 23:09:38,990 [INFO] Got command from the client 'time'
ptd-server 2021-03-07 23:09:38,990 [INFO] Sending reply to client '1615158578.9903255'
ptd-server 2021-03-07 23:09:38,993 [INFO] Got command from the client 'new,,d88a915b-59d2-4d9c-bac8-b0f61de69817'
ptd-server 2021-03-07 23:09:38,993 [INFO] Sending reply to client 'OK 2021-03-07_23-09-38,5bab3a63-716d-4c27-9ce9-4662cbd2a0d7'
ptd-server 2021-03-07 23:09:39,039 [INFO] Got command from the client 'time'
ptd-server 2021-03-07 23:09:39,039 [INFO] Sending reply to client '1615158579.039925'
ptd-server 2021-03-07 23:09:39,042 [INFO] Got command from the client 'session,2021-03-07_23-09-38,start,ranging'
ptd-server 2021-03-07 23:09:39,043 [INFO] Running PTDaemon: ['/home/anton/projects/mlperf/power/inference_v1.0/ptd-linux-x86', '-l', 'ptd.log', '-p', '8888', '52', '/dev/usbtmc0']
ptd-server 2021-03-07 23:09:56,209 [INFO] Sending to ptd: 'Hello'
ptd-server 2021-03-07 23:09:56,210 [INFO] Reply from ptd: 'Hello, PTDaemon here!'
ptd-server 2021-03-07 23:09:56,210 [INFO] Sending to ptd: 'Identify'
ptd-server 2021-03-07 23:09:56,210 [INFO] Reply from ptd: 'YokogawaWT330E,1000,1,1,1,1,0,0,1,version=1.9.2-e8c7a49a-20201208,OS=Linux 5.8.0-43-generic #49~20.04.1-Ubuntu SMP Fri Feb 5 09:57:56 UTC 2021 x86_64,mode=power,1,1,1,0,0,no_cal_date,YOKOGAWA;WT333E;C3VD30030E;F1.04'
ptd-server 2021-03-07 23:09:56,210 [INFO] Connected to PTDaemon
ptd-server 2021-03-07 23:09:56,210 [INFO] Sending to ptd: 'RR'
ptd-server 2021-03-07 23:09:56,211 [INFO] Reply from ptd: 'Ranges,0,0.500000,0,300.000000'
ptd-server 2021-03-07 23:09:56,211 [INFO] Initial range for Amps is 0.500000 for Volts is 300.000000
ptd-server 2021-03-07 23:09:56,211 [INFO] Sending to ptd: 'SR,V,Auto'
ptd-server 2021-03-07 23:09:56,713 [INFO] Reply from ptd: 'Range V changed'
ptd-server 2021-03-07 23:09:56,713 [INFO] Sending to ptd: 'SR,A,Auto'
ptd-server 2021-03-07 23:09:57,216 [INFO] Reply from ptd: 'Range A changed'
ptd-server 2021-03-07 23:10:07,224 [INFO] Starting ranging mode
ptd-server 2021-03-07 23:10:07,224 [INFO] Sending to ptd: 'Go,1000,0,2021-03-07_23-09-38_ranging'
ptd-server 2021-03-07 23:10:07,225 [INFO] Reply from ptd: 'Starting untimed measurement, maximum 500000 samples at 1000ms with 0 rampup samples'
ptd-server 2021-03-07 23:10:07,225 [INFO] Sending reply to client 'OK'
ptd-server 2021-03-07 23:20:32,193 [INFO] Got command from the client 'session,2021-03-07_23-09-38,stop,ranging'
ptd-server 2021-03-07 23:20:42,196 [INFO] Sending to ptd: 'Stop'
ptd-server 2021-03-07 23:20:42,197 [INFO] Reply from ptd: 'Stopping untimed measurement'
ptd-server 2021-03-07 23:20:42,806 [INFO] Sending reply to client 'OK'
ptd-server 2021-03-07 23:20:42,856 [INFO] Got command from the client 'time'
ptd-server 2021-03-07 23:20:42,857 [INFO] Sending reply to client '1615159242.8569694'
ptd-server 2021-03-07 23:20:42,861 [INFO] Got command from the client 'session,2021-03-07_23-09-38,start,testing'
ptd-server 2021-03-07 23:20:42,861 [INFO] Sending to ptd: 'SR,V,251.090000'
ptd-server 2021-03-07 23:20:44,362 [INFO] Reply from ptd: 'Range V changed'
ptd-server 2021-03-07 23:20:44,362 [INFO] Sending to ptd: 'SR,A,0.051190'
ptd-server 2021-03-07 23:20:45,864 [INFO] Reply from ptd: 'Range A changed'
ptd-server 2021-03-07 23:20:55,874 [INFO] Starting testing mode
ptd-server 2021-03-07 23:20:55,874 [INFO] Sending to ptd: 'Go,1000,0,2021-03-07_23-09-38_testing'
ptd-server 2021-03-07 23:20:55,875 [INFO] Reply from ptd: 'Starting untimed measurement, maximum 500000 samples at 1000ms with 0 rampup samples'
ptd-server 2021-03-07 23:20:55,875 [INFO] Sending reply to client 'OK'
ptd-server 2021-03-07 23:31:25,936 [INFO] Got command from the client 'session,2021-03-07_23-09-38,stop,testing'
ptd-server 2021-03-07 23:31:35,941 [INFO] Sending to ptd: 'Stop'
ptd-server 2021-03-07 23:31:35,942 [INFO] Reply from ptd: 'Stopping untimed measurement'
ptd-server 2021-03-07 23:31:36,239 [INFO] Sending reply to client 'OK'
ptd-server 2021-03-07 23:31:36,247 [INFO] Got command from the client 'session,2021-03-07_23-09-38,upload,client.log'
ptd-server 2021-03-07 23:31:36,251 [INFO] Received '/home/anton/projects/mlperf/power-dev/output/2021-03-07_23-09-38client.log.tmp'
ptd-server 2021-03-07 23:31:36,251 [INFO] Removed '/home/anton/projects/mlperf/power-dev/output/2021-03-07_23-09-38client.log.tmp'
ptd-server 2021-03-07 23:31:36,251 [INFO] Sending reply to client 'OK'
ptd-server 2021-03-07 23:31:36,264 [INFO] Got command from the client 'session,2021-03-07_23-09-38,upload,client.json'
ptd-server 2021-03-07 23:31:36,266 [INFO] Received '/home/anton/projects/mlperf/power-dev/output/2021-03-07_23-09-38client.json.tmp'
ptd-server 2021-03-07 23:31:36,267 [INFO] Removed '/home/anton/projects/mlperf/power-dev/output/2021-03-07_23-09-38client.json.tmp'
ptd-server 2021-03-07 23:31:36,267 [INFO] Sending reply to client 'OK'
ptd-server 2021-03-07 23:31:36,270 [INFO] Got command from the client 'session,2021-03-07_23-09-38,done'
ptd-server 2021-03-07 23:31:36,270 [INFO] Sending to ptd: 'Stop'
ptd-server 2021-03-07 23:31:36,876 [INFO] Reply from ptd: 'Error: no measurement to stop'
ptd-server 2021-03-07 23:31:36,876 [INFO] Sending to ptd: 'SR,V,300.000000'
ptd-server 2021-03-07 23:31:38,377 [INFO] Reply from ptd: 'Range V changed'
ptd-server 2021-03-07 23:31:38,378 [INFO] Sending to ptd: 'SR,A,0.500000'
ptd-server 2021-03-07 23:31:39,879 [INFO] Reply from ptd: 'Range A changed'
ptd-server 2021-03-07 23:31:39,879 [INFO] Set initial values for Amps 0.500000 and Volts 300.000000
ptd-server 2021-03-07 23:31:39,879 [INFO] Stopping ptd...
