ptd-server 2021-02-28 12:29:34,643 [INFO] Got command from the client 'time'
ptd-server 2021-02-28 12:29:34,643 [INFO] Sending reply to client '1614515374.6434035'
ptd-server 2021-02-28 12:29:34,644 [INFO] Got command from the client 'new,,fc935089-a0be-4cea-8983-583f26ec09c7'
ptd-server 2021-02-28 12:29:34,645 [INFO] Sending reply to client 'OK 2021-02-28_12-29-34,0150cba9-3625-44bf-991a-86054b0d9a7e'
ptd-server 2021-02-28 12:29:34,683 [INFO] Got command from the client 'time'
ptd-server 2021-02-28 12:29:34,683 [INFO] Sending reply to client '1614515374.6833296'
ptd-server 2021-02-28 12:29:34,684 [INFO] Got command from the client 'session,2021-02-28_12-29-34,start,ranging'
ptd-server 2021-02-28 12:29:34,684 [INFO] Running PTDaemon: ['/home/anton/projects/mlperf/power/inference_v1.0/ptd-linux-x86', '-l', 'ptd.log', '-p', '8888', '52', '/dev/usbtmc0']
ptd-server 2021-02-28 12:29:51,853 [INFO] Sending to ptd: 'Hello'
ptd-server 2021-02-28 12:29:51,853 [INFO] Reply from ptd: 'Hello, PTDaemon here!'
ptd-server 2021-02-28 12:29:51,853 [INFO] Sending to ptd: 'Identify'
ptd-server 2021-02-28 12:29:51,854 [INFO] Reply from ptd: 'YokogawaWT330E,1000,1,1,1,1,0,0,1,version=1.9.2-e8c7a49a-20201208,OS=Linux 5.8.0-43-generic #49~20.04.1-Ubuntu SMP Fri Feb 5 09:57:56 UTC 2021 x86_64,mode=power,1,1,1,0,0,no_cal_date,YOKOGAWA;WT333E;C3VD30030E;F1.04'
ptd-server 2021-02-28 12:29:51,854 [INFO] Connected to PTDaemon
ptd-server 2021-02-28 12:29:51,854 [INFO] Sending to ptd: 'RR'
ptd-server 2021-02-28 12:29:51,854 [INFO] Reply from ptd: 'Ranges,0,0.500000,0,300.000000'
ptd-server 2021-02-28 12:29:51,855 [INFO] Initial range for Amps is 0.500000 for Volts is 300.000000
ptd-server 2021-02-28 12:29:51,855 [INFO] Sending to ptd: 'SR,V,Auto'
ptd-server 2021-02-28 12:29:52,357 [INFO] Reply from ptd: 'Range V changed'
ptd-server 2021-02-28 12:29:52,357 [INFO] Sending to ptd: 'SR,A,Auto'
ptd-server 2021-02-28 12:29:52,860 [INFO] Reply from ptd: 'Range A changed'
ptd-server 2021-02-28 12:30:02,870 [INFO] Starting ranging mode
ptd-server 2021-02-28 12:30:02,870 [INFO] Sending to ptd: 'Go,1000,0,2021-02-28_12-29-34_ranging'
ptd-server 2021-02-28 12:30:02,871 [INFO] Reply from ptd: 'Starting untimed measurement, maximum 500000 samples at 1000ms with 0 rampup samples'
ptd-server 2021-02-28 12:30:02,871 [INFO] Sending reply to client 'OK'
ptd-server 2021-02-28 12:40:21,815 [INFO] Got command from the client 'session,2021-02-28_12-29-34,stop,ranging'
ptd-server 2021-02-28 12:40:31,825 [INFO] Sending to ptd: 'Stop'
ptd-server 2021-02-28 12:40:31,825 [INFO] Reply from ptd: 'Stopping untimed measurement'
ptd-server 2021-02-28 12:40:32,067 [INFO] Sending reply to client 'OK'
ptd-server 2021-02-28 12:40:32,109 [INFO] Got command from the client 'time'
ptd-server 2021-02-28 12:40:32,109 [INFO] Sending reply to client '1614516032.1095812'
ptd-server 2021-02-28 12:40:32,110 [INFO] Got command from the client 'session,2021-02-28_12-29-34,start,testing'
ptd-server 2021-02-28 12:40:32,110 [INFO] Sending to ptd: 'SR,V,249.760000'
ptd-server 2021-02-28 12:40:33,612 [INFO] Reply from ptd: 'Range V changed'
ptd-server 2021-02-28 12:40:33,612 [INFO] Sending to ptd: 'SR,A,0.170750'
ptd-server 2021-02-28 12:40:35,113 [INFO] Reply from ptd: 'Range A changed'
ptd-server 2021-02-28 12:40:45,124 [INFO] Starting testing mode
ptd-server 2021-02-28 12:40:45,124 [INFO] Sending to ptd: 'Go,1000,0,2021-02-28_12-29-34_testing'
ptd-server 2021-02-28 12:40:45,124 [INFO] Reply from ptd: 'Starting untimed measurement, maximum 500000 samples at 1000ms with 0 rampup samples'
ptd-server 2021-02-28 12:40:45,124 [INFO] Sending reply to client 'OK'
ptd-server 2021-02-28 12:51:03,831 [INFO] Got command from the client 'session,2021-02-28_12-29-34,stop,testing'
ptd-server 2021-02-28 12:51:13,841 [INFO] Sending to ptd: 'Stop'
ptd-server 2021-02-28 12:51:13,842 [INFO] Reply from ptd: 'Stopping untimed measurement'
ptd-server 2021-02-28 12:51:13,962 [INFO] Sending reply to client 'OK'
ptd-server 2021-02-28 12:51:13,965 [INFO] Got command from the client 'session,2021-02-28_12-29-34,upload,client.log'
ptd-server 2021-02-28 12:51:13,966 [INFO] Received '/home/anton/projects/mlperf/power-dev/output/2021-02-28_12-29-34client.log.tmp'
ptd-server 2021-02-28 12:51:13,966 [INFO] Removed '/home/anton/projects/mlperf/power-dev/output/2021-02-28_12-29-34client.log.tmp'
ptd-server 2021-02-28 12:51:13,966 [INFO] Sending reply to client 'OK'
ptd-server 2021-02-28 12:51:13,971 [INFO] Got command from the client 'session,2021-02-28_12-29-34,upload,client.json'
ptd-server 2021-02-28 12:51:13,971 [INFO] Received '/home/anton/projects/mlperf/power-dev/output/2021-02-28_12-29-34client.json.tmp'
ptd-server 2021-02-28 12:51:13,971 [INFO] Removed '/home/anton/projects/mlperf/power-dev/output/2021-02-28_12-29-34client.json.tmp'
ptd-server 2021-02-28 12:51:13,971 [INFO] Sending reply to client 'OK'
ptd-server 2021-02-28 12:51:13,972 [INFO] Got command from the client 'session,2021-02-28_12-29-34,done'
ptd-server 2021-02-28 12:51:13,972 [INFO] Sending to ptd: 'Stop'
ptd-server 2021-02-28 12:51:14,124 [INFO] Reply from ptd: 'Error: no measurement to stop'
ptd-server 2021-02-28 12:51:14,124 [INFO] Sending to ptd: 'SR,V,300.000000'
ptd-server 2021-02-28 12:51:15,626 [INFO] Reply from ptd: 'Range V changed'
ptd-server 2021-02-28 12:51:15,626 [INFO] Sending to ptd: 'SR,A,0.500000'
ptd-server 2021-02-28 12:51:17,127 [INFO] Reply from ptd: 'Range A changed'
ptd-server 2021-02-28 12:51:17,127 [INFO] Set initial values for Amps 0.500000 and Volts 300.000000
ptd-server 2021-02-28 12:51:17,128 [INFO] Stopping ptd...
