ptd-server 2021-03-09 12:20:26,636 [INFO] Got command from the client 'time'
ptd-server 2021-03-09 12:20:26,636 [INFO] Sending reply to client '1615292426.636103'
ptd-server 2021-03-09 12:20:26,637 [INFO] Got command from the client 'new,,d15bc80f-1b0d-485d-8583-79c9c1986985'
ptd-server 2021-03-09 12:20:26,637 [INFO] Sending reply to client 'OK 2021-03-09_12-20-26,a35984c3-826b-46b2-8787-019789a65cbb'
ptd-server 2021-03-09 12:20:26,686 [INFO] Got command from the client 'time'
ptd-server 2021-03-09 12:20:26,686 [INFO] Sending reply to client '1615292426.686212'
ptd-server 2021-03-09 12:20:26,688 [INFO] Got command from the client 'session,2021-03-09_12-20-26,start,ranging'
ptd-server 2021-03-09 12:20:26,688 [INFO] Running PTDaemon: ['/home/anton/projects/mlperf/power/inference_v1.0/ptd-linux-x86', '-l', 'ptd.log', '-p', '8888', '52', '/dev/usbtmc0']
ptd-server 2021-03-09 12:20:43,760 [INFO] Sending to ptd: 'Hello'
ptd-server 2021-03-09 12:20:43,761 [INFO] Reply from ptd: 'Hello, PTDaemon here!'
ptd-server 2021-03-09 12:20:43,761 [INFO] Sending to ptd: 'Identify'
ptd-server 2021-03-09 12:20:43,761 [INFO] Reply from ptd: 'YokogawaWT330E,1000,1,1,1,1,0,0,1,version=1.9.2-e8c7a49a-20201208,OS=Linux 5.8.0-43-generic #49~20.04.1-Ubuntu SMP Fri Feb 5 09:57:56 UTC 2021 x86_64,mode=power,1,1,1,0,0,no_cal_date,YOKOGAWA;WT333E;C3VD30030E;F1.04'
ptd-server 2021-03-09 12:20:43,761 [INFO] Connected to PTDaemon
ptd-server 2021-03-09 12:20:43,761 [INFO] Sending to ptd: 'RR'
ptd-server 2021-03-09 12:20:43,762 [INFO] Reply from ptd: 'Ranges,0,0.500000,0,300.000000'
ptd-server 2021-03-09 12:20:43,762 [INFO] Initial range for Amps is 0.500000 for Volts is 300.000000
ptd-server 2021-03-09 12:20:43,762 [INFO] Sending to ptd: 'SR,V,Auto'
ptd-server 2021-03-09 12:20:44,265 [INFO] Reply from ptd: 'Range V changed'
ptd-server 2021-03-09 12:20:44,265 [INFO] Sending to ptd: 'SR,A,Auto'
ptd-server 2021-03-09 12:20:44,767 [INFO] Reply from ptd: 'Range A changed'
ptd-server 2021-03-09 12:20:54,778 [INFO] Starting ranging mode
ptd-server 2021-03-09 12:20:54,778 [INFO] Sending to ptd: 'Go,1000,0,2021-03-09_12-20-26_ranging'
ptd-server 2021-03-09 12:20:54,778 [INFO] Reply from ptd: 'Starting untimed measurement, maximum 500000 samples at 1000ms with 0 rampup samples'
ptd-server 2021-03-09 12:20:54,778 [INFO] Sending reply to client 'OK'
ptd-server 2021-03-09 12:31:10,413 [INFO] Got command from the client 'session,2021-03-09_12-20-26,stop,ranging'
ptd-server 2021-03-09 12:31:20,424 [INFO] Sending to ptd: 'Stop'
ptd-server 2021-03-09 12:31:20,424 [INFO] Reply from ptd: 'Stopping untimed measurement'
ptd-server 2021-03-09 12:31:21,165 [INFO] Sending reply to client 'OK'
ptd-server 2021-03-09 12:31:21,212 [INFO] Got command from the client 'time'
ptd-server 2021-03-09 12:31:21,212 [INFO] Sending reply to client '1615293081.212526'
ptd-server 2021-03-09 12:31:21,215 [INFO] Got command from the client 'session,2021-03-09_12-20-26,start,testing'
ptd-server 2021-03-09 12:31:21,215 [INFO] Sending to ptd: 'SR,V,250.540000'
ptd-server 2021-03-09 12:31:22,716 [INFO] Reply from ptd: 'Range V changed'
ptd-server 2021-03-09 12:31:22,716 [INFO] Sending to ptd: 'SR,A,0.181230'
ptd-server 2021-03-09 12:31:24,218 [INFO] Reply from ptd: 'Range A changed'
ptd-server 2021-03-09 12:31:34,228 [INFO] Starting testing mode
ptd-server 2021-03-09 12:31:34,228 [INFO] Sending to ptd: 'Go,1000,0,2021-03-09_12-20-26_testing'
ptd-server 2021-03-09 12:31:34,229 [INFO] Reply from ptd: 'Starting untimed measurement, maximum 500000 samples at 1000ms with 0 rampup samples'
ptd-server 2021-03-09 12:31:34,229 [INFO] Sending reply to client 'OK'
ptd-server 2021-03-09 12:41:49,751 [INFO] Got command from the client 'session,2021-03-09_12-20-26,stop,testing'
ptd-server 2021-03-09 12:41:59,762 [INFO] Sending to ptd: 'Stop'
ptd-server 2021-03-09 12:41:59,762 [INFO] Reply from ptd: 'Stopping untimed measurement'
ptd-server 2021-03-09 12:42:00,143 [INFO] Sending reply to client 'OK'
ptd-server 2021-03-09 12:42:00,147 [INFO] Got command from the client 'session,2021-03-09_12-20-26,upload,client.log'
ptd-server 2021-03-09 12:42:00,148 [INFO] Received '/home/anton/projects/mlperf/power-dev/output/2021-03-09_12-20-26client.log.tmp'
ptd-server 2021-03-09 12:42:00,148 [INFO] Removed '/home/anton/projects/mlperf/power-dev/output/2021-03-09_12-20-26client.log.tmp'
ptd-server 2021-03-09 12:42:00,148 [INFO] Sending reply to client 'OK'
ptd-server 2021-03-09 12:42:00,152 [INFO] Got command from the client 'session,2021-03-09_12-20-26,upload,client.json'
ptd-server 2021-03-09 12:42:00,153 [INFO] Received '/home/anton/projects/mlperf/power-dev/output/2021-03-09_12-20-26client.json.tmp'
ptd-server 2021-03-09 12:42:00,153 [INFO] Removed '/home/anton/projects/mlperf/power-dev/output/2021-03-09_12-20-26client.json.tmp'
ptd-server 2021-03-09 12:42:00,153 [INFO] Sending reply to client 'OK'
ptd-server 2021-03-09 12:42:00,154 [INFO] Got command from the client 'session,2021-03-09_12-20-26,done'
ptd-server 2021-03-09 12:42:00,154 [INFO] Sending to ptd: 'Stop'
ptd-server 2021-03-09 12:42:00,230 [INFO] Reply from ptd: 'Error: no measurement to stop'
ptd-server 2021-03-09 12:42:00,230 [INFO] Sending to ptd: 'SR,V,300.000000'
ptd-server 2021-03-09 12:42:01,731 [INFO] Reply from ptd: 'Range V changed'
ptd-server 2021-03-09 12:42:01,732 [INFO] Sending to ptd: 'SR,A,0.500000'
ptd-server 2021-03-09 12:42:03,233 [INFO] Reply from ptd: 'Range A changed'
ptd-server 2021-03-09 12:42:03,233 [INFO] Set initial values for Amps 0.500000 and Volts 300.000000
ptd-server 2021-03-09 12:42:03,233 [INFO] Stopping ptd...
