client 2021-02-28 05:12:31,948 [INFO] Sending command to the server: 'mlcommons/power client v3'
client 2021-02-28 05:12:31,949 [INFO] Got response: 'mlcommons/power server v3'
client 2021-02-28 05:12:31,950 [INFO] Synchronizing with the server and with time.google.com...
client 2021-02-28 05:12:31,981 [INFO] NTP:offset = 0.002 s, delay = 0.025 s 
client 2021-02-28 05:12:31,981 [INFO] Sending command to the server: 'time'
client 2021-02-28 05:12:31,982 [INFO] Got response: '1614489151.9859948'
client 2021-02-28 05:12:31,982 [INFO] The time difference between the client and the server is within range -4.236 ms..-3.159 ms
client 2021-02-28 05:12:31,983 [INFO] Sending command to the server: 'new,,c5997da5-ab63-4f94-b246-7223d4563b8e'
client 2021-02-28 05:12:31,984 [INFO] Got response: 'OK 2021-02-28_05-12-31,ebb67cf8-6833-4244-8dc7-c91da73a2520'
client 2021-02-28 05:12:31,984 [INFO] Session id is '2021-02-28_05-12-31'
client 2021-02-28 05:12:31,984 [INFO] Sources: {"sources": {"client.py": "d1e75cb4b26101220ebd242e584cf3ca5d8f1996", "lib/__init__.py": "da39a3ee5e6b4b0d3255bfef95601890afd80709", "lib/client.py": "d42bebf5b74cb6ff3997e2a6c68422afac111a28", "lib/common.py": "b0bad80d8fa328a7636027d4d66ff453f8dd7889", "lib/external/ntplib.py": "4da8f970656505a40483206ef2b5d3dd5e81711d", "lib/server.py": "2ed36471c7af565d6c8438b2134edad1d7ddf166", "lib/source_hashes.py": "4cedff274c661cb1504052018fd4f00dfbf624ef", "lib/summary.py": "0db15d783907aa92038281af4e465545c0648ddb", "lib/time_sync.py": "76051226ec89287839723352f4162aaa24e0546a", "server.py": "99e1310e3f76292aef1b8792ce6b8c82f1d44d8b", "tests/unit/test_server.py": "64f11775bfed35232a0e8bb9593c0ff992432c59", "tests/unit/test_source_hashes.py": "cb41a7261eaf7d94ba5c0aae9c523174f6204be3"}, "modules": {"__main__": "client.py", "lib.client": "lib/client.py", "lib.common": "lib/common.py", "lib.external.ntplib": "lib/external/ntplib.py", "lib.source_hashes": "lib/source_hashes.py", "lib.summary": "lib/summary.py", "lib.time_sync": "lib/time_sync.py"}}
client 2021-02-28 05:12:31,985 [INFO] Running workload in ranging mode
client 2021-02-28 05:12:31,985 [INFO] Synchronizing with the server and with time.google.com...
client 2021-02-28 05:12:32,012 [INFO] NTP:offset = 0.002 s, delay = 0.025 s 
client 2021-02-28 05:12:32,012 [INFO] Sending command to the server: 'time'
client 2021-02-28 05:12:32,013 [INFO] Got response: '1614489152.016893'
client 2021-02-28 05:12:32,013 [INFO] The time difference between the client and the server is within range -4.179 ms..-3.181 ms
client 2021-02-28 05:12:32,013 [INFO] Sending command to the server: 'session,2021-02-28_05-12-31,start,ranging'
client 2021-02-28 05:13:00,201 [INFO] Got response: 'OK'
client 2021-02-28 05:13:00,202 [INFO] Running the workload 'ck benchmark program:image-classification-tflite-loadgen --env.CK_SILENT_MODE=YES --skip_print_timers --dep_add_tags.compiler=gcc,v7 --dep_add_tags.python=v3 --dep_add_tags.mlperf-inference-src=r1.0 --dep_add_tags.weights=mobilenet,v2-0.35-128,non-quantized --dep_add_tags.images=crop.875,preprocessed,using-opencv --dep_add_tags.library=tflite,v2.4.1,with.ruy --env.CK_LOADGEN_DATASET_SIZE=1024 --env.CK_LOADGEN_SCENARIO=SingleStream --env.CK_LOADGEN_MODE=PerformanceOnly --env.CK_LOADGEN_TARGET_LATENCY=3 --skip_stat_analysis --process_multi_keys --repetitions=1 --record --record_repo=local --record_uoa=mlperf-open-xavier-tflite-v2.4.1-ruy-mobilenet-v2-0.35-128-non-quantized-singlestream-performance-target_latency.3-power.workload --tags=mlperf,division.open,task.image-classification,platform.xavier,scenario.singlestream,mode.performance,workload.mobilenet-v2-0.35-128-non-quantized,preprocessed_using.opencv,inference_engine.tflite,inference_engine_version.v2.4.1,inference_engine_backend.ruy,target_latency.3,power.workload "@@@{\'meta\': {\'ck_benchmark_program\': \'ck benchmark program:image-classification-tflite-loadgen --env.CK_SILENT_MODE=YES --skip_print_timers --dep_add_tags.compiler=gcc,v7 --dep_add_tags.python=v3 --dep_add_tags.mlperf-inference-src=r1.0 --dep_add_tags.weights=mobilenet,v2-0.35-128,non-quantized --dep_add_tags.images=crop.875,preprocessed,using-opencv --dep_add_tags.library=tflite,v2.4.1,with.ruy --env.CK_LOADGEN_DATASET_SIZE=1024 --env.CK_LOADGEN_SCENARIO=SingleStream --env.CK_LOADGEN_MODE=PerformanceOnly --env.CK_LOADGEN_TARGET_LATENCY=3 --skip_stat_analysis --process_multi_keys --repetitions=1 --record --record_repo=local --record_uoa=mlperf-open-xavier-tflite-v2.4.1-ruy-mobilenet-v2-0.35-128-non-quantized-singlestream-performance-target_latency.3-power.workload --tags=mlperf,division.open,task.image-classification,platform.xavier,scenario.singlestream,mode.performance,workload.mobilenet-v2-0.35-128-non-quantized,preprocessed_using.opencv,inference_engine.tflite,inference_engine_version.v2.4.1,inference_engine_backend.ruy,target_latency.3,power.workload\'}}" && cat `ck find program:image-classification-tflite-loadgen`/tmp/mlperf_log_summary.txt && mkdir -p "$CK_MLPERF_POWER_CLIENT_LOADGEN_LOGS" && cp "$CK_MLPERF_POWER_CLIENT_LOADGEN_LOGS"/../mlperf_log_* "$CK_MLPERF_POWER_CLIENT_LOADGEN_LOGS"/'
client 2021-02-28 05:23:18,733 [INFO] Sending command to the server: 'session,2021-02-28_05-12-31,stop,ranging'
client 2021-02-28 05:23:28,914 [INFO] Got response: 'OK'
client 2021-02-28 05:23:28,963 [INFO] Running workload in testing mode
client 2021-02-28 05:23:28,964 [INFO] Synchronizing with the server and with time.google.com...
client 2021-02-28 05:23:28,999 [INFO] NTP:offset = 0.002 s, delay = 0.032 s 
client 2021-02-28 05:23:29,000 [INFO] Sending command to the server: 'time'
client 2021-02-28 05:23:29,001 [INFO] Got response: '1614489809.003141'
client 2021-02-28 05:23:29,001 [INFO] The time difference between the client and the server is within range -3.031 ms..-1.435 ms
client 2021-02-28 05:23:29,002 [INFO] Sending command to the server: 'session,2021-02-28_05-12-31,start,testing'
client 2021-02-28 05:23:42,217 [INFO] Got response: 'OK'
client 2021-02-28 05:23:42,217 [INFO] Running the workload 'ck benchmark program:image-classification-tflite-loadgen --env.CK_SILENT_MODE=YES --skip_print_timers --dep_add_tags.compiler=gcc,v7 --dep_add_tags.python=v3 --dep_add_tags.mlperf-inference-src=r1.0 --dep_add_tags.weights=mobilenet,v2-0.35-128,non-quantized --dep_add_tags.images=crop.875,preprocessed,using-opencv --dep_add_tags.library=tflite,v2.4.1,with.ruy --env.CK_LOADGEN_DATASET_SIZE=1024 --env.CK_LOADGEN_SCENARIO=SingleStream --env.CK_LOADGEN_MODE=PerformanceOnly --env.CK_LOADGEN_TARGET_LATENCY=3 --skip_stat_analysis --process_multi_keys --repetitions=1 --record --record_repo=local --record_uoa=mlperf-open-xavier-tflite-v2.4.1-ruy-mobilenet-v2-0.35-128-non-quantized-singlestream-performance-target_latency.3-power.workload --tags=mlperf,division.open,task.image-classification,platform.xavier,scenario.singlestream,mode.performance,workload.mobilenet-v2-0.35-128-non-quantized,preprocessed_using.opencv,inference_engine.tflite,inference_engine_version.v2.4.1,inference_engine_backend.ruy,target_latency.3,power.workload "@@@{\'meta\': {\'ck_benchmark_program\': \'ck benchmark program:image-classification-tflite-loadgen --env.CK_SILENT_MODE=YES --skip_print_timers --dep_add_tags.compiler=gcc,v7 --dep_add_tags.python=v3 --dep_add_tags.mlperf-inference-src=r1.0 --dep_add_tags.weights=mobilenet,v2-0.35-128,non-quantized --dep_add_tags.images=crop.875,preprocessed,using-opencv --dep_add_tags.library=tflite,v2.4.1,with.ruy --env.CK_LOADGEN_DATASET_SIZE=1024 --env.CK_LOADGEN_SCENARIO=SingleStream --env.CK_LOADGEN_MODE=PerformanceOnly --env.CK_LOADGEN_TARGET_LATENCY=3 --skip_stat_analysis --process_multi_keys --repetitions=1 --record --record_repo=local --record_uoa=mlperf-open-xavier-tflite-v2.4.1-ruy-mobilenet-v2-0.35-128-non-quantized-singlestream-performance-target_latency.3-power.workload --tags=mlperf,division.open,task.image-classification,platform.xavier,scenario.singlestream,mode.performance,workload.mobilenet-v2-0.35-128-non-quantized,preprocessed_using.opencv,inference_engine.tflite,inference_engine_version.v2.4.1,inference_engine_backend.ruy,target_latency.3,power.workload\'}}" && cat `ck find program:image-classification-tflite-loadgen`/tmp/mlperf_log_summary.txt && mkdir -p "$CK_MLPERF_POWER_CLIENT_LOADGEN_LOGS" && cp "$CK_MLPERF_POWER_CLIENT_LOADGEN_LOGS"/../mlperf_log_* "$CK_MLPERF_POWER_CLIENT_LOADGEN_LOGS"/'
client 2021-02-28 05:34:00,696 [INFO] Sending command to the server: 'session,2021-02-28_05-12-31,stop,testing'
client 2021-02-28 05:34:10,807 [INFO] Got response: 'OK'
client 2021-02-28 05:34:10,808 [INFO] Done runs
