ptd-server 2021-03-09 21:06:34,753 [INFO] Got command from the client 'time'
ptd-server 2021-03-09 21:06:34,753 [INFO] Sending reply to client '1615323994.7537675'
ptd-server 2021-03-09 21:06:34,755 [INFO] Got command from the client 'new,,59400461-f58b-4b89-91a9-619abbcb0f18'
ptd-server 2021-03-09 21:06:34,756 [INFO] Sending reply to client 'OK 2021-03-09_21-06-34,77af26c8-dc59-431c-bf29-acc35b6d5407'
ptd-server 2021-03-09 21:06:34,793 [INFO] Got command from the client 'time'
ptd-server 2021-03-09 21:06:34,793 [INFO] Sending reply to client '1615323994.7932086'
ptd-server 2021-03-09 21:06:34,794 [INFO] Got command from the client 'session,2021-03-09_21-06-34,start,ranging'
ptd-server 2021-03-09 21:06:34,795 [INFO] Running PTDaemon: ['/home/anton/projects/mlperf/power/inference_v1.0/ptd-linux-x86', '-l', 'ptd.log', '-p', '8888', '52', '/dev/usbtmc0']
ptd-server 2021-03-09 21:06:51,968 [INFO] Sending to ptd: 'Hello'
ptd-server 2021-03-09 21:06:51,968 [INFO] Reply from ptd: 'Hello, PTDaemon here!'
ptd-server 2021-03-09 21:06:51,969 [INFO] Sending to ptd: 'Identify'
ptd-server 2021-03-09 21:06:51,969 [INFO] Reply from ptd: 'YokogawaWT330E,1000,1,1,1,1,0,0,1,version=1.9.2-e8c7a49a-20201208,OS=Linux 5.8.0-43-generic #49~20.04.1-Ubuntu SMP Fri Feb 5 09:57:56 UTC 2021 x86_64,mode=power,1,1,1,0,0,no_cal_date,YOKOGAWA;WT333E;C3VD30030E;F1.04'
ptd-server 2021-03-09 21:06:51,969 [INFO] Connected to PTDaemon
ptd-server 2021-03-09 21:06:51,969 [INFO] Sending to ptd: 'RR'
ptd-server 2021-03-09 21:06:51,969 [INFO] Reply from ptd: 'Ranges,0,0.500000,0,300.000000'
ptd-server 2021-03-09 21:06:51,970 [INFO] Initial range for Amps is 0.500000 for Volts is 300.000000
ptd-server 2021-03-09 21:06:51,970 [INFO] Sending to ptd: 'SR,V,Auto'
ptd-server 2021-03-09 21:06:52,472 [INFO] Reply from ptd: 'Range V changed'
ptd-server 2021-03-09 21:06:52,472 [INFO] Sending to ptd: 'SR,A,Auto'
ptd-server 2021-03-09 21:06:52,975 [INFO] Reply from ptd: 'Range A changed'
ptd-server 2021-03-09 21:07:02,985 [INFO] Starting ranging mode
ptd-server 2021-03-09 21:07:02,985 [INFO] Sending to ptd: 'Go,1000,0,2021-03-09_21-06-34_ranging'
ptd-server 2021-03-09 21:07:02,986 [INFO] Reply from ptd: 'Starting untimed measurement, maximum 500000 samples at 1000ms with 0 rampup samples'
ptd-server 2021-03-09 21:07:02,986 [INFO] Sending reply to client 'OK'
ptd-server 2021-03-09 21:17:18,513 [INFO] Got command from the client 'session,2021-03-09_21-06-34,stop,ranging'
ptd-server 2021-03-09 21:17:28,523 [INFO] Sending to ptd: 'Stop'
ptd-server 2021-03-09 21:17:28,523 [INFO] Reply from ptd: 'Stopping untimed measurement'
ptd-server 2021-03-09 21:17:29,325 [INFO] Sending reply to client 'OK'
ptd-server 2021-03-09 21:17:29,365 [INFO] Got command from the client 'time'
ptd-server 2021-03-09 21:17:29,366 [INFO] Sending reply to client '1615324649.36609'
ptd-server 2021-03-09 21:17:29,368 [INFO] Got command from the client 'session,2021-03-09_21-06-34,start,testing'
ptd-server 2021-03-09 21:17:29,368 [INFO] Sending to ptd: 'SR,V,250.140000'
ptd-server 2021-03-09 21:17:30,869 [INFO] Reply from ptd: 'Range V changed'
ptd-server 2021-03-09 21:17:30,870 [INFO] Sending to ptd: 'SR,A,0.139980'
ptd-server 2021-03-09 21:17:32,371 [INFO] Reply from ptd: 'Range A changed'
ptd-server 2021-03-09 21:17:42,381 [INFO] Starting testing mode
ptd-server 2021-03-09 21:17:42,381 [INFO] Sending to ptd: 'Go,1000,0,2021-03-09_21-06-34_testing'
ptd-server 2021-03-09 21:17:42,382 [INFO] Reply from ptd: 'Starting untimed measurement, maximum 500000 samples at 1000ms with 0 rampup samples'
ptd-server 2021-03-09 21:17:42,382 [INFO] Sending reply to client 'OK'
ptd-server 2021-03-09 21:27:57,804 [INFO] Got command from the client 'session,2021-03-09_21-06-34,stop,testing'
ptd-server 2021-03-09 21:28:07,814 [INFO] Sending to ptd: 'Stop'
ptd-server 2021-03-09 21:28:07,815 [INFO] Reply from ptd: 'Stopping untimed measurement'
ptd-server 2021-03-09 21:28:08,215 [INFO] Sending reply to client 'OK'
ptd-server 2021-03-09 21:28:08,224 [INFO] Got command from the client 'session,2021-03-09_21-06-34,upload,client.log'
ptd-server 2021-03-09 21:28:08,226 [INFO] Received '/home/anton/projects/mlperf/power-dev/output/2021-03-09_21-06-34client.log.tmp'
ptd-server 2021-03-09 21:28:08,227 [INFO] Removed '/home/anton/projects/mlperf/power-dev/output/2021-03-09_21-06-34client.log.tmp'
ptd-server 2021-03-09 21:28:08,227 [INFO] Sending reply to client 'OK'
ptd-server 2021-03-09 21:28:08,234 [INFO] Got command from the client 'session,2021-03-09_21-06-34,upload,client.json'
ptd-server 2021-03-09 21:28:08,235 [INFO] Received '/home/anton/projects/mlperf/power-dev/output/2021-03-09_21-06-34client.json.tmp'
ptd-server 2021-03-09 21:28:08,235 [INFO] Removed '/home/anton/projects/mlperf/power-dev/output/2021-03-09_21-06-34client.json.tmp'
ptd-server 2021-03-09 21:28:08,235 [INFO] Sending reply to client 'OK'
ptd-server 2021-03-09 21:28:08,236 [INFO] Got command from the client 'session,2021-03-09_21-06-34,done'
ptd-server 2021-03-09 21:28:08,236 [INFO] Sending to ptd: 'Stop'
ptd-server 2021-03-09 21:28:08,383 [INFO] Reply from ptd: 'Error: no measurement to stop'
ptd-server 2021-03-09 21:28:08,383 [INFO] Sending to ptd: 'SR,V,300.000000'
ptd-server 2021-03-09 21:28:09,884 [INFO] Reply from ptd: 'Range V changed'
ptd-server 2021-03-09 21:28:09,884 [INFO] Sending to ptd: 'SR,A,0.500000'
ptd-server 2021-03-09 21:28:11,386 [INFO] Reply from ptd: 'Range A changed'
ptd-server 2021-03-09 21:28:11,386 [INFO] Set initial values for Amps 0.500000 and Volts 300.000000
ptd-server 2021-03-09 21:28:11,386 [INFO] Stopping ptd...
