ptd-server 2021-02-27 21:05:37,456 [INFO] Got command from the client 'time'
ptd-server 2021-02-27 21:05:37,456 [INFO] Sending reply to client '1614459937.4568396'
ptd-server 2021-02-27 21:05:37,457 [INFO] Got command from the client 'new,,2180286e-991a-446b-930a-9eddfd87af43'
ptd-server 2021-02-27 21:05:37,458 [INFO] Sending reply to client 'OK 2021-02-27_21-05-37,3e63d162-0cf2-4136-a331-d65c71152142'
ptd-server 2021-02-27 21:05:37,496 [INFO] Got command from the client 'time'
ptd-server 2021-02-27 21:05:37,496 [INFO] Sending reply to client '1614459937.496648'
ptd-server 2021-02-27 21:05:37,497 [INFO] Got command from the client 'session,2021-02-27_21-05-37,start,ranging'
ptd-server 2021-02-27 21:05:37,498 [INFO] Running PTDaemon: ['/home/anton/projects/mlperf/power/inference_v1.0/ptd-linux-x86', '-l', 'ptd.log', '-p', '8888', '52', '/dev/usbtmc0']
ptd-server 2021-02-27 21:05:54,666 [INFO] Sending to ptd: 'Hello'
ptd-server 2021-02-27 21:05:54,666 [INFO] Reply from ptd: 'Hello, PTDaemon here!'
ptd-server 2021-02-27 21:05:54,667 [INFO] Sending to ptd: 'Identify'
ptd-server 2021-02-27 21:05:54,667 [INFO] Reply from ptd: 'YokogawaWT330E,1000,1,1,1,1,0,0,1,version=1.9.2-e8c7a49a-20201208,OS=Linux 5.8.0-43-generic #49~20.04.1-Ubuntu SMP Fri Feb 5 09:57:56 UTC 2021 x86_64,mode=power,1,1,1,0,0,no_cal_date,YOKOGAWA;WT333E;C3VD30030E;F1.04'
ptd-server 2021-02-27 21:05:54,667 [INFO] Connected to PTDaemon
ptd-server 2021-02-27 21:05:54,667 [INFO] Sending to ptd: 'RR'
ptd-server 2021-02-27 21:05:54,667 [INFO] Reply from ptd: 'Ranges,0,0.500000,0,300.000000'
ptd-server 2021-02-27 21:05:54,668 [INFO] Initial range for Amps is 0.500000 for Volts is 300.000000
ptd-server 2021-02-27 21:05:54,668 [INFO] Sending to ptd: 'SR,V,Auto'
ptd-server 2021-02-27 21:05:55,170 [INFO] Reply from ptd: 'Range V changed'
ptd-server 2021-02-27 21:05:55,170 [INFO] Sending to ptd: 'SR,A,Auto'
ptd-server 2021-02-27 21:05:55,673 [INFO] Reply from ptd: 'Range A changed'
ptd-server 2021-02-27 21:06:05,683 [INFO] Starting ranging mode
ptd-server 2021-02-27 21:06:05,683 [INFO] Sending to ptd: 'Go,1000,0,2021-02-27_21-05-37_ranging'
ptd-server 2021-02-27 21:06:05,684 [INFO] Reply from ptd: 'Starting untimed measurement, maximum 500000 samples at 1000ms with 0 rampup samples'
ptd-server 2021-02-27 21:06:05,684 [INFO] Sending reply to client 'OK'
ptd-server 2021-02-27 21:16:24,194 [INFO] Got command from the client 'session,2021-02-27_21-05-37,stop,ranging'
ptd-server 2021-02-27 21:16:34,205 [INFO] Sending to ptd: 'Stop'
ptd-server 2021-02-27 21:16:34,205 [INFO] Reply from ptd: 'Stopping untimed measurement'
ptd-server 2021-02-27 21:16:34,335 [INFO] Sending reply to client 'OK'
ptd-server 2021-02-27 21:16:34,396 [INFO] Got command from the client 'time'
ptd-server 2021-02-27 21:16:34,396 [INFO] Sending reply to client '1614460594.396284'
ptd-server 2021-02-27 21:16:34,398 [INFO] Got command from the client 'session,2021-02-27_21-05-37,start,testing'
ptd-server 2021-02-27 21:16:34,398 [INFO] Sending to ptd: 'SR,V,251.710000'
ptd-server 2021-02-27 21:16:36,185 [INFO] Reply from ptd: 'Range V changed'
ptd-server 2021-02-27 21:16:36,185 [INFO] Sending to ptd: 'SR,A,0.194780'
ptd-server 2021-02-27 21:16:37,687 [INFO] Reply from ptd: 'Range A changed'
ptd-server 2021-02-27 21:16:47,697 [INFO] Starting testing mode
ptd-server 2021-02-27 21:16:47,697 [INFO] Sending to ptd: 'Go,1000,0,2021-02-27_21-05-37_testing'
ptd-server 2021-02-27 21:16:47,698 [INFO] Reply from ptd: 'Starting untimed measurement, maximum 500000 samples at 1000ms with 0 rampup samples'
ptd-server 2021-02-27 21:16:47,698 [INFO] Sending reply to client 'OK'
ptd-server 2021-02-27 21:27:06,185 [INFO] Got command from the client 'session,2021-02-27_21-05-37,stop,testing'
ptd-server 2021-02-27 21:27:16,195 [INFO] Sending to ptd: 'Stop'
ptd-server 2021-02-27 21:27:16,196 [INFO] Reply from ptd: 'Stopping untimed measurement'
ptd-server 2021-02-27 21:27:16,263 [INFO] Sending reply to client 'OK'
ptd-server 2021-02-27 21:27:16,267 [INFO] Got command from the client 'session,2021-02-27_21-05-37,upload,client.log'
ptd-server 2021-02-27 21:27:16,268 [INFO] Received '/home/anton/projects/mlperf/power-dev/output/2021-02-27_21-05-37client.log.tmp'
ptd-server 2021-02-27 21:27:16,268 [INFO] Removed '/home/anton/projects/mlperf/power-dev/output/2021-02-27_21-05-37client.log.tmp'
ptd-server 2021-02-27 21:27:16,268 [INFO] Sending reply to client 'OK'
ptd-server 2021-02-27 21:27:16,272 [INFO] Got command from the client 'session,2021-02-27_21-05-37,upload,client.json'
ptd-server 2021-02-27 21:27:16,272 [INFO] Received '/home/anton/projects/mlperf/power-dev/output/2021-02-27_21-05-37client.json.tmp'
ptd-server 2021-02-27 21:27:16,273 [INFO] Removed '/home/anton/projects/mlperf/power-dev/output/2021-02-27_21-05-37client.json.tmp'
ptd-server 2021-02-27 21:27:16,273 [INFO] Sending reply to client 'OK'
ptd-server 2021-02-27 21:27:16,274 [INFO] Got command from the client 'session,2021-02-27_21-05-37,done'
ptd-server 2021-02-27 21:27:16,274 [INFO] Sending to ptd: 'Stop'
ptd-server 2021-02-27 21:27:16,698 [INFO] Reply from ptd: 'Error: no measurement to stop'
ptd-server 2021-02-27 21:27:16,698 [INFO] Sending to ptd: 'SR,V,300.000000'
ptd-server 2021-02-27 21:27:18,200 [INFO] Reply from ptd: 'Range V changed'
ptd-server 2021-02-27 21:27:18,200 [INFO] Sending to ptd: 'SR,A,0.500000'
ptd-server 2021-02-27 21:27:19,701 [INFO] Reply from ptd: 'Range A changed'
ptd-server 2021-02-27 21:27:19,701 [INFO] Set initial values for Amps 0.500000 and Volts 300.000000
ptd-server 2021-02-27 21:27:19,701 [INFO] Stopping ptd...
