ptd-server 2021-03-08 01:00:41,069 [INFO] Got command from the client 'time'
ptd-server 2021-03-08 01:00:41,069 [INFO] Sending reply to client '1615165241.0693061'
ptd-server 2021-03-08 01:00:41,072 [INFO] Got command from the client 'new,,05e55f82-8916-4064-b9d3-50b3305ef320'
ptd-server 2021-03-08 01:00:41,073 [INFO] Sending reply to client 'OK 2021-03-08_01-00-41,0ba68008-f4d4-4f2f-9e20-0262615ddcf4'
ptd-server 2021-03-08 01:00:41,109 [INFO] Got command from the client 'time'
ptd-server 2021-03-08 01:00:41,109 [INFO] Sending reply to client '1615165241.109182'
ptd-server 2021-03-08 01:00:41,112 [INFO] Got command from the client 'session,2021-03-08_01-00-41,start,ranging'
ptd-server 2021-03-08 01:00:41,112 [INFO] Running PTDaemon: ['/home/anton/projects/mlperf/power/inference_v1.0/ptd-linux-x86', '-l', 'ptd.log', '-p', '8888', '52', '/dev/usbtmc0']
ptd-server 2021-03-08 01:00:58,283 [INFO] Sending to ptd: 'Hello'
ptd-server 2021-03-08 01:00:58,284 [INFO] Reply from ptd: 'Hello, PTDaemon here!'
ptd-server 2021-03-08 01:00:58,284 [INFO] Sending to ptd: 'Identify'
ptd-server 2021-03-08 01:00:58,285 [INFO] Reply from ptd: 'YokogawaWT330E,1000,1,1,1,1,0,0,1,version=1.9.2-e8c7a49a-20201208,OS=Linux 5.8.0-43-generic #49~20.04.1-Ubuntu SMP Fri Feb 5 09:57:56 UTC 2021 x86_64,mode=power,1,1,1,0,0,no_cal_date,YOKOGAWA;WT333E;C3VD30030E;F1.04'
ptd-server 2021-03-08 01:00:58,285 [INFO] Connected to PTDaemon
ptd-server 2021-03-08 01:00:58,285 [INFO] Sending to ptd: 'RR'
ptd-server 2021-03-08 01:00:58,285 [INFO] Reply from ptd: 'Ranges,0,0.500000,0,300.000000'
ptd-server 2021-03-08 01:00:58,285 [INFO] Initial range for Amps is 0.500000 for Volts is 300.000000
ptd-server 2021-03-08 01:00:58,286 [INFO] Sending to ptd: 'SR,V,Auto'
ptd-server 2021-03-08 01:00:58,788 [INFO] Reply from ptd: 'Range V changed'
ptd-server 2021-03-08 01:00:58,788 [INFO] Sending to ptd: 'SR,A,Auto'
ptd-server 2021-03-08 01:00:59,291 [INFO] Reply from ptd: 'Range A changed'
ptd-server 2021-03-08 01:01:09,296 [INFO] Starting ranging mode
ptd-server 2021-03-08 01:01:09,296 [INFO] Sending to ptd: 'Go,1000,0,2021-03-08_01-00-41_ranging'
ptd-server 2021-03-08 01:01:09,297 [INFO] Reply from ptd: 'Starting untimed measurement, maximum 500000 samples at 1000ms with 0 rampup samples'
ptd-server 2021-03-08 01:01:09,297 [INFO] Sending reply to client 'OK'
ptd-server 2021-03-08 01:11:34,306 [INFO] Got command from the client 'session,2021-03-08_01-00-41,stop,ranging'
ptd-server 2021-03-08 01:11:44,317 [INFO] Sending to ptd: 'Stop'
ptd-server 2021-03-08 01:11:44,317 [INFO] Reply from ptd: 'Stopping untimed measurement'
ptd-server 2021-03-08 01:11:44,930 [INFO] Sending reply to client 'OK'
ptd-server 2021-03-08 01:11:44,991 [INFO] Got command from the client 'time'
ptd-server 2021-03-08 01:11:44,991 [INFO] Sending reply to client '1615165904.9912403'
ptd-server 2021-03-08 01:11:44,995 [INFO] Got command from the client 'session,2021-03-08_01-00-41,start,testing'
ptd-server 2021-03-08 01:11:44,995 [INFO] Sending to ptd: 'SR,V,249.970000'
ptd-server 2021-03-08 01:11:46,799 [INFO] Reply from ptd: 'Range V changed'
ptd-server 2021-03-08 01:11:46,799 [INFO] Sending to ptd: 'SR,A,0.052340'
ptd-server 2021-03-08 01:11:48,300 [INFO] Reply from ptd: 'Range A changed'
ptd-server 2021-03-08 01:11:58,311 [INFO] Starting testing mode
ptd-server 2021-03-08 01:11:58,311 [INFO] Sending to ptd: 'Go,1000,0,2021-03-08_01-00-41_testing'
ptd-server 2021-03-08 01:11:58,311 [INFO] Reply from ptd: 'Starting untimed measurement, maximum 500000 samples at 1000ms with 0 rampup samples'
ptd-server 2021-03-08 01:11:58,311 [INFO] Sending reply to client 'OK'
ptd-server 2021-03-08 01:22:28,126 [INFO] Got command from the client 'session,2021-03-08_01-00-41,stop,testing'
ptd-server 2021-03-08 01:22:38,136 [INFO] Sending to ptd: 'Stop'
ptd-server 2021-03-08 01:22:38,137 [INFO] Reply from ptd: 'Stopping untimed measurement'
ptd-server 2021-03-08 01:22:38,464 [INFO] Sending reply to client 'OK'
ptd-server 2021-03-08 01:22:38,472 [INFO] Got command from the client 'session,2021-03-08_01-00-41,upload,client.log'
ptd-server 2021-03-08 01:22:38,475 [INFO] Received '/home/anton/projects/mlperf/power-dev/output/2021-03-08_01-00-41client.log.tmp'
ptd-server 2021-03-08 01:22:38,475 [INFO] Removed '/home/anton/projects/mlperf/power-dev/output/2021-03-08_01-00-41client.log.tmp'
ptd-server 2021-03-08 01:22:38,475 [INFO] Sending reply to client 'OK'
ptd-server 2021-03-08 01:22:38,488 [INFO] Got command from the client 'session,2021-03-08_01-00-41,upload,client.json'
ptd-server 2021-03-08 01:22:38,490 [INFO] Received '/home/anton/projects/mlperf/power-dev/output/2021-03-08_01-00-41client.json.tmp'
ptd-server 2021-03-08 01:22:38,491 [INFO] Removed '/home/anton/projects/mlperf/power-dev/output/2021-03-08_01-00-41client.json.tmp'
ptd-server 2021-03-08 01:22:38,491 [INFO] Sending reply to client 'OK'
ptd-server 2021-03-08 01:22:38,493 [INFO] Got command from the client 'session,2021-03-08_01-00-41,done'
ptd-server 2021-03-08 01:22:38,494 [INFO] Sending to ptd: 'Stop'
ptd-server 2021-03-08 01:22:38,494 [INFO] Reply from ptd: 'Error: no measurement to stop'
ptd-server 2021-03-08 01:22:38,494 [INFO] Sending to ptd: 'SR,V,300.000000'
ptd-server 2021-03-08 01:22:39,995 [INFO] Reply from ptd: 'Range V changed'
ptd-server 2021-03-08 01:22:39,995 [INFO] Sending to ptd: 'SR,A,0.500000'
ptd-server 2021-03-08 01:22:41,497 [INFO] Reply from ptd: 'Range A changed'
ptd-server 2021-03-08 01:22:41,497 [INFO] Set initial values for Amps 0.500000 and Volts 300.000000
ptd-server 2021-03-08 01:22:41,497 [INFO] Stopping ptd...
