ptd-server 2021-03-10 02:10:41,776 [INFO] Got command from the client 'time'
ptd-server 2021-03-10 02:10:41,776 [INFO] Sending reply to client '1615342241.7761874'
ptd-server 2021-03-10 02:10:41,777 [INFO] Got command from the client 'new,,432f0f34-82fc-4c12-83dc-acbb0d9efb01'
ptd-server 2021-03-10 02:10:41,778 [INFO] Sending reply to client 'OK 2021-03-10_02-10-41,8b8c05e4-acc6-46aa-b77b-069f0e32d86b'
ptd-server 2021-03-10 02:10:41,817 [INFO] Got command from the client 'time'
ptd-server 2021-03-10 02:10:41,817 [INFO] Sending reply to client '1615342241.8171742'
ptd-server 2021-03-10 02:10:41,819 [INFO] Got command from the client 'session,2021-03-10_02-10-41,start,ranging'
ptd-server 2021-03-10 02:10:41,819 [INFO] Running PTDaemon: ['/home/anton/projects/mlperf/power/inference_v1.0/ptd-linux-x86', '-l', 'ptd.log', '-p', '8888', '52', '/dev/usbtmc0']
ptd-server 2021-03-10 02:10:58,991 [INFO] Sending to ptd: 'Hello'
ptd-server 2021-03-10 02:10:58,992 [INFO] Reply from ptd: 'Hello, PTDaemon here!'
ptd-server 2021-03-10 02:10:58,992 [INFO] Sending to ptd: 'Identify'
ptd-server 2021-03-10 02:10:58,992 [INFO] Reply from ptd: 'YokogawaWT330E,1000,1,1,1,1,0,0,1,version=1.9.2-e8c7a49a-20201208,OS=Linux 5.8.0-43-generic #49~20.04.1-Ubuntu SMP Fri Feb 5 09:57:56 UTC 2021 x86_64,mode=power,1,1,1,0,0,no_cal_date,YOKOGAWA;WT333E;C3VD30030E;F1.04'
ptd-server 2021-03-10 02:10:58,992 [INFO] Connected to PTDaemon
ptd-server 2021-03-10 02:10:58,993 [INFO] Sending to ptd: 'RR'
ptd-server 2021-03-10 02:10:58,993 [INFO] Reply from ptd: 'Ranges,0,0.500000,0,300.000000'
ptd-server 2021-03-10 02:10:58,993 [INFO] Initial range for Amps is 0.500000 for Volts is 300.000000
ptd-server 2021-03-10 02:10:58,993 [INFO] Sending to ptd: 'SR,V,Auto'
ptd-server 2021-03-10 02:10:59,496 [INFO] Reply from ptd: 'Range V changed'
ptd-server 2021-03-10 02:10:59,496 [INFO] Sending to ptd: 'SR,A,Auto'
ptd-server 2021-03-10 02:10:59,998 [INFO] Reply from ptd: 'Range A changed'
ptd-server 2021-03-10 02:11:10,009 [INFO] Starting ranging mode
ptd-server 2021-03-10 02:11:10,009 [INFO] Sending to ptd: 'Go,1000,0,2021-03-10_02-10-41_ranging'
ptd-server 2021-03-10 02:11:10,009 [INFO] Reply from ptd: 'Starting untimed measurement, maximum 500000 samples at 1000ms with 0 rampup samples'
ptd-server 2021-03-10 02:11:10,009 [INFO] Sending reply to client 'OK'
ptd-server 2021-03-10 02:21:25,495 [INFO] Got command from the client 'session,2021-03-10_02-10-41,stop,ranging'
ptd-server 2021-03-10 02:21:35,505 [INFO] Sending to ptd: 'Stop'
ptd-server 2021-03-10 02:21:35,506 [INFO] Reply from ptd: 'Stopping untimed measurement'
ptd-server 2021-03-10 02:21:36,321 [INFO] Sending reply to client 'OK'
ptd-server 2021-03-10 02:21:36,375 [INFO] Got command from the client 'time'
ptd-server 2021-03-10 02:21:36,375 [INFO] Sending reply to client '1615342896.3756914'
ptd-server 2021-03-10 02:21:36,378 [INFO] Got command from the client 'session,2021-03-10_02-10-41,start,testing'
ptd-server 2021-03-10 02:21:36,378 [INFO] Sending to ptd: 'SR,V,249.510000'
ptd-server 2021-03-10 02:21:37,879 [INFO] Reply from ptd: 'Range V changed'
ptd-server 2021-03-10 02:21:37,879 [INFO] Sending to ptd: 'SR,A,0.168340'
ptd-server 2021-03-10 02:21:39,381 [INFO] Reply from ptd: 'Range A changed'
ptd-server 2021-03-10 02:21:49,391 [INFO] Starting testing mode
ptd-server 2021-03-10 02:21:49,391 [INFO] Sending to ptd: 'Go,1000,0,2021-03-10_02-10-41_testing'
ptd-server 2021-03-10 02:21:49,392 [INFO] Reply from ptd: 'Starting untimed measurement, maximum 500000 samples at 1000ms with 0 rampup samples'
ptd-server 2021-03-10 02:21:49,392 [INFO] Sending reply to client 'OK'
ptd-server 2021-03-10 02:32:04,910 [INFO] Got command from the client 'session,2021-03-10_02-10-41,stop,testing'
ptd-server 2021-03-10 02:32:14,920 [INFO] Sending to ptd: 'Stop'
ptd-server 2021-03-10 02:32:14,920 [INFO] Reply from ptd: 'Stopping untimed measurement'
ptd-server 2021-03-10 02:32:15,335 [INFO] Sending reply to client 'OK'
ptd-server 2021-03-10 02:32:15,352 [INFO] Got command from the client 'session,2021-03-10_02-10-41,upload,client.log'
ptd-server 2021-03-10 02:32:15,352 [INFO] Received '/home/anton/projects/mlperf/power-dev/output/2021-03-10_02-10-41client.log.tmp'
ptd-server 2021-03-10 02:32:15,353 [INFO] Removed '/home/anton/projects/mlperf/power-dev/output/2021-03-10_02-10-41client.log.tmp'
ptd-server 2021-03-10 02:32:15,353 [INFO] Sending reply to client 'OK'
ptd-server 2021-03-10 02:32:15,357 [INFO] Got command from the client 'session,2021-03-10_02-10-41,upload,client.json'
ptd-server 2021-03-10 02:32:15,358 [INFO] Received '/home/anton/projects/mlperf/power-dev/output/2021-03-10_02-10-41client.json.tmp'
ptd-server 2021-03-10 02:32:15,358 [INFO] Removed '/home/anton/projects/mlperf/power-dev/output/2021-03-10_02-10-41client.json.tmp'
ptd-server 2021-03-10 02:32:15,358 [INFO] Sending reply to client 'OK'
ptd-server 2021-03-10 02:32:15,359 [INFO] Got command from the client 'session,2021-03-10_02-10-41,done'
ptd-server 2021-03-10 02:32:15,359 [INFO] Sending to ptd: 'Stop'
ptd-server 2021-03-10 02:32:15,392 [INFO] Reply from ptd: 'Error: no measurement to stop'
ptd-server 2021-03-10 02:32:15,392 [INFO] Sending to ptd: 'SR,V,300.000000'
ptd-server 2021-03-10 02:32:16,894 [INFO] Reply from ptd: 'Range V changed'
ptd-server 2021-03-10 02:32:16,894 [INFO] Sending to ptd: 'SR,A,0.500000'
ptd-server 2021-03-10 02:32:18,395 [INFO] Reply from ptd: 'Range A changed'
ptd-server 2021-03-10 02:32:18,396 [INFO] Set initial values for Amps 0.500000 and Volts 300.000000
ptd-server 2021-03-10 02:32:18,396 [INFO] Stopping ptd...
