ptd-server 2021-02-26 17:06:42,919 [INFO] Got command from the client 'time'
ptd-server 2021-02-26 17:06:42,919 [INFO] Sending reply to client '1614359202.919333'
ptd-server 2021-02-26 17:06:42,920 [INFO] Got command from the client 'new,,a8af6ecf-2603-46e4-b5c2-f4874fd5b436'
ptd-server 2021-02-26 17:06:42,921 [INFO] Sending reply to client 'OK 2021-02-26_17-06-42,0c95c74e-b91b-43a6-a1cf-f45050886075'
ptd-server 2021-02-26 17:06:42,953 [INFO] Got command from the client 'time'
ptd-server 2021-02-26 17:06:42,953 [INFO] Sending reply to client '1614359202.9535773'
ptd-server 2021-02-26 17:06:42,954 [INFO] Got command from the client 'session,2021-02-26_17-06-42,start,ranging'
ptd-server 2021-02-26 17:06:42,954 [INFO] Running PTDaemon: ['/home/anton/projects/mlperf/power/inference_v1.0/ptd-linux-x86', '-l', 'ptd.log', '-p', '8888', '52', '/dev/usbtmc0']
ptd-server 2021-02-26 17:07:00,124 [INFO] Sending to ptd: 'Hello'
ptd-server 2021-02-26 17:07:00,124 [INFO] Reply from ptd: 'Hello, PTDaemon here!'
ptd-server 2021-02-26 17:07:00,124 [INFO] Sending to ptd: 'Identify'
ptd-server 2021-02-26 17:07:00,125 [INFO] Reply from ptd: 'YokogawaWT330E,1000,1,1,1,1,0,0,1,version=1.9.2-e8c7a49a-20201208,OS=Linux 5.8.0-43-generic #49~20.04.1-Ubuntu SMP Fri Feb 5 09:57:56 UTC 2021 x86_64,mode=power,1,1,1,0,0,no_cal_date,YOKOGAWA;WT333E;C3VD30030E;F1.04'
ptd-server 2021-02-26 17:07:00,125 [INFO] Connected to PTDaemon
ptd-server 2021-02-26 17:07:00,125 [INFO] Sending to ptd: 'RR'
ptd-server 2021-02-26 17:07:00,125 [INFO] Reply from ptd: 'Ranges,0,0.500000,0,300.000000'
ptd-server 2021-02-26 17:07:00,125 [INFO] Initial range for Amps is 0.500000 for Volts is 300.000000
ptd-server 2021-02-26 17:07:00,126 [INFO] Sending to ptd: 'SR,V,Auto'
ptd-server 2021-02-26 17:07:00,628 [INFO] Reply from ptd: 'Range V changed'
ptd-server 2021-02-26 17:07:00,628 [INFO] Sending to ptd: 'SR,A,Auto'
ptd-server 2021-02-26 17:07:01,131 [INFO] Reply from ptd: 'Range A changed'
ptd-server 2021-02-26 17:07:11,141 [INFO] Starting ranging mode
ptd-server 2021-02-26 17:07:11,141 [INFO] Sending to ptd: 'Go,1000,0,2021-02-26_17-06-42_ranging'
ptd-server 2021-02-26 17:07:11,141 [INFO] Reply from ptd: 'Starting untimed measurement, maximum 500000 samples at 1000ms with 0 rampup samples'
ptd-server 2021-02-26 17:07:11,142 [INFO] Sending reply to client 'OK'
ptd-server 2021-02-26 17:17:30,902 [INFO] Got command from the client 'session,2021-02-26_17-06-42,stop,ranging'
ptd-server 2021-02-26 17:17:40,913 [INFO] Sending to ptd: 'Stop'
ptd-server 2021-02-26 17:17:40,913 [INFO] Reply from ptd: 'Stopping untimed measurement'
ptd-server 2021-02-26 17:17:40,941 [INFO] Sending reply to client 'OK'
ptd-server 2021-02-26 17:17:40,977 [INFO] Got command from the client 'time'
ptd-server 2021-02-26 17:17:40,977 [INFO] Sending reply to client '1614359860.9779341'
ptd-server 2021-02-26 17:17:40,979 [INFO] Got command from the client 'session,2021-02-26_17-06-42,start,testing'
ptd-server 2021-02-26 17:17:40,979 [INFO] Sending to ptd: 'SR,V,249.670000'
ptd-server 2021-02-26 17:17:42,643 [INFO] Reply from ptd: 'Range V changed'
ptd-server 2021-02-26 17:17:42,643 [INFO] Sending to ptd: 'SR,A,0.232880'
ptd-server 2021-02-26 17:17:44,145 [INFO] Reply from ptd: 'Range A changed'
ptd-server 2021-02-26 17:17:54,155 [INFO] Starting testing mode
ptd-server 2021-02-26 17:17:54,155 [INFO] Sending to ptd: 'Go,1000,0,2021-02-26_17-06-42_testing'
ptd-server 2021-02-26 17:17:54,155 [INFO] Reply from ptd: 'Starting untimed measurement, maximum 500000 samples at 1000ms with 0 rampup samples'
ptd-server 2021-02-26 17:17:54,156 [INFO] Sending reply to client 'OK'
ptd-server 2021-02-26 17:28:12,828 [INFO] Got command from the client 'session,2021-02-26_17-06-42,stop,testing'
ptd-server 2021-02-26 17:28:22,839 [INFO] Sending to ptd: 'Stop'
ptd-server 2021-02-26 17:28:22,839 [INFO] Reply from ptd: 'Stopping untimed measurement'
ptd-server 2021-02-26 17:28:22,851 [INFO] Sending reply to client 'OK'
ptd-server 2021-02-26 17:28:22,854 [INFO] Got command from the client 'session,2021-02-26_17-06-42,upload,client.log'
ptd-server 2021-02-26 17:28:22,855 [INFO] Received '/home/anton/projects/mlperf/power-dev/output/2021-02-26_17-06-42client.log.tmp'
ptd-server 2021-02-26 17:28:22,855 [INFO] Removed '/home/anton/projects/mlperf/power-dev/output/2021-02-26_17-06-42client.log.tmp'
ptd-server 2021-02-26 17:28:22,855 [INFO] Sending reply to client 'OK'
ptd-server 2021-02-26 17:28:22,859 [INFO] Got command from the client 'session,2021-02-26_17-06-42,upload,client.json'
ptd-server 2021-02-26 17:28:22,859 [INFO] Received '/home/anton/projects/mlperf/power-dev/output/2021-02-26_17-06-42client.json.tmp'
ptd-server 2021-02-26 17:28:22,859 [INFO] Removed '/home/anton/projects/mlperf/power-dev/output/2021-02-26_17-06-42client.json.tmp'
ptd-server 2021-02-26 17:28:22,859 [INFO] Sending reply to client 'OK'
ptd-server 2021-02-26 17:28:22,860 [INFO] Got command from the client 'session,2021-02-26_17-06-42,done'
ptd-server 2021-02-26 17:28:22,860 [INFO] Sending to ptd: 'Stop'
ptd-server 2021-02-26 17:28:23,155 [INFO] Reply from ptd: 'Error: no measurement to stop'
ptd-server 2021-02-26 17:28:23,155 [INFO] Sending to ptd: 'SR,V,300.000000'
ptd-server 2021-02-26 17:28:24,657 [INFO] Reply from ptd: 'Range V changed'
ptd-server 2021-02-26 17:28:24,657 [INFO] Sending to ptd: 'SR,A,0.500000'
ptd-server 2021-02-26 17:28:26,158 [INFO] Reply from ptd: 'Range A changed'
ptd-server 2021-02-26 17:28:26,158 [INFO] Set initial values for Amps 0.500000 and Volts 300.000000
ptd-server 2021-02-26 17:28:26,158 [INFO] Stopping ptd...
