ptd-server 2021-03-06 22:39:45,098 [INFO] Got command from the client 'time'
ptd-server 2021-03-06 22:39:45,098 [INFO] Sending reply to client '1615070385.0986347'
ptd-server 2021-03-06 22:39:45,102 [INFO] Got command from the client 'new,,0247fb12-a43b-4cd1-94ab-3464eefa4418'
ptd-server 2021-03-06 22:39:45,103 [INFO] Sending reply to client 'OK 2021-03-06_22-39-45,99f89bf5-c546-4b62-89ef-f3c45b1ba733'
ptd-server 2021-03-06 22:39:45,138 [INFO] Got command from the client 'time'
ptd-server 2021-03-06 22:39:45,138 [INFO] Sending reply to client '1615070385.1384559'
ptd-server 2021-03-06 22:39:45,142 [INFO] Got command from the client 'session,2021-03-06_22-39-45,start,ranging'
ptd-server 2021-03-06 22:39:45,142 [INFO] Running PTDaemon: ['/home/anton/projects/mlperf/power/inference_v1.0/ptd-linux-x86', '-l', 'ptd.log', '-p', '8888', '52', '/dev/usbtmc0']
ptd-server 2021-03-06 22:40:02,310 [INFO] Sending to ptd: 'Hello'
ptd-server 2021-03-06 22:40:02,310 [INFO] Reply from ptd: 'Hello, PTDaemon here!'
ptd-server 2021-03-06 22:40:02,311 [INFO] Sending to ptd: 'Identify'
ptd-server 2021-03-06 22:40:02,311 [INFO] Reply from ptd: 'YokogawaWT330E,1000,1,1,1,1,0,0,1,version=1.9.2-e8c7a49a-20201208,OS=Linux 5.8.0-43-generic #49~20.04.1-Ubuntu SMP Fri Feb 5 09:57:56 UTC 2021 x86_64,mode=power,1,1,1,0,0,no_cal_date,YOKOGAWA;WT333E;C3VD30030E;F1.04'
ptd-server 2021-03-06 22:40:02,311 [INFO] Connected to PTDaemon
ptd-server 2021-03-06 22:40:02,311 [INFO] Sending to ptd: 'RR'
ptd-server 2021-03-06 22:40:02,311 [INFO] Reply from ptd: 'Ranges,0,0.500000,0,300.000000'
ptd-server 2021-03-06 22:40:02,312 [INFO] Initial range for Amps is 0.500000 for Volts is 300.000000
ptd-server 2021-03-06 22:40:02,312 [INFO] Sending to ptd: 'SR,V,Auto'
ptd-server 2021-03-06 22:40:02,814 [INFO] Reply from ptd: 'Range V changed'
ptd-server 2021-03-06 22:40:02,814 [INFO] Sending to ptd: 'SR,A,Auto'
ptd-server 2021-03-06 22:40:03,317 [INFO] Reply from ptd: 'Range A changed'
ptd-server 2021-03-06 22:40:13,327 [INFO] Starting ranging mode
ptd-server 2021-03-06 22:40:13,327 [INFO] Sending to ptd: 'Go,1000,0,2021-03-06_22-39-45_ranging'
ptd-server 2021-03-06 22:40:13,327 [INFO] Reply from ptd: 'Starting untimed measurement, maximum 500000 samples at 1000ms with 0 rampup samples'
ptd-server 2021-03-06 22:40:13,328 [INFO] Sending reply to client 'OK'
ptd-server 2021-03-06 22:50:45,608 [INFO] Got command from the client 'session,2021-03-06_22-39-45,stop,ranging'
ptd-server 2021-03-06 22:50:55,618 [INFO] Sending to ptd: 'Stop'
ptd-server 2021-03-06 22:50:55,619 [INFO] Reply from ptd: 'Stopping untimed measurement'
ptd-server 2021-03-06 22:50:56,098 [INFO] Sending reply to client 'OK'
ptd-server 2021-03-06 22:50:56,142 [INFO] Got command from the client 'time'
ptd-server 2021-03-06 22:50:56,143 [INFO] Sending reply to client '1615071056.1430972'
ptd-server 2021-03-06 22:50:56,147 [INFO] Got command from the client 'session,2021-03-06_22-39-45,start,testing'
ptd-server 2021-03-06 22:50:56,147 [INFO] Sending to ptd: 'SR,V,250.550000'
ptd-server 2021-03-06 22:50:57,828 [INFO] Reply from ptd: 'Range V changed'
ptd-server 2021-03-06 22:50:57,829 [INFO] Sending to ptd: 'SR,A,0.054740'
ptd-server 2021-03-06 22:50:59,330 [INFO] Reply from ptd: 'Range A changed'
ptd-server 2021-03-06 22:51:09,340 [INFO] Starting testing mode
ptd-server 2021-03-06 22:51:09,340 [INFO] Sending to ptd: 'Go,1000,0,2021-03-06_22-39-45_testing'
ptd-server 2021-03-06 22:51:09,341 [INFO] Reply from ptd: 'Starting untimed measurement, maximum 500000 samples at 1000ms with 0 rampup samples'
ptd-server 2021-03-06 22:51:09,341 [INFO] Sending reply to client 'OK'
ptd-server 2021-03-06 23:01:46,575 [INFO] Got command from the client 'session,2021-03-06_22-39-45,stop,testing'
ptd-server 2021-03-06 23:01:56,586 [INFO] Sending to ptd: 'Stop'
ptd-server 2021-03-06 23:01:56,586 [INFO] Reply from ptd: 'Stopping untimed measurement'
ptd-server 2021-03-06 23:01:56,842 [INFO] Sending reply to client 'OK'
ptd-server 2021-03-06 23:01:56,850 [INFO] Got command from the client 'session,2021-03-06_22-39-45,upload,client.log'
ptd-server 2021-03-06 23:01:56,854 [INFO] Received '/home/anton/projects/mlperf/power-dev/output/2021-03-06_22-39-45client.log.tmp'
ptd-server 2021-03-06 23:01:56,854 [INFO] Removed '/home/anton/projects/mlperf/power-dev/output/2021-03-06_22-39-45client.log.tmp'
ptd-server 2021-03-06 23:01:56,854 [INFO] Sending reply to client 'OK'
ptd-server 2021-03-06 23:01:56,867 [INFO] Got command from the client 'session,2021-03-06_22-39-45,upload,client.json'
ptd-server 2021-03-06 23:01:56,871 [INFO] Received '/home/anton/projects/mlperf/power-dev/output/2021-03-06_22-39-45client.json.tmp'
ptd-server 2021-03-06 23:01:56,871 [INFO] Removed '/home/anton/projects/mlperf/power-dev/output/2021-03-06_22-39-45client.json.tmp'
ptd-server 2021-03-06 23:01:56,871 [INFO] Sending reply to client 'OK'
ptd-server 2021-03-06 23:01:56,875 [INFO] Got command from the client 'session,2021-03-06_22-39-45,done'
ptd-server 2021-03-06 23:01:56,875 [INFO] Sending to ptd: 'Stop'
ptd-server 2021-03-06 23:01:57,341 [INFO] Reply from ptd: 'Error: no measurement to stop'
ptd-server 2021-03-06 23:01:57,341 [INFO] Sending to ptd: 'SR,V,300.000000'
ptd-server 2021-03-06 23:01:58,843 [INFO] Reply from ptd: 'Range V changed'
ptd-server 2021-03-06 23:01:58,843 [INFO] Sending to ptd: 'SR,A,0.500000'
ptd-server 2021-03-06 23:02:00,344 [INFO] Reply from ptd: 'Range A changed'
ptd-server 2021-03-06 23:02:00,344 [INFO] Set initial values for Amps 0.500000 and Volts 300.000000
ptd-server 2021-03-06 23:02:00,344 [INFO] Stopping ptd...
