client 2021-03-06 17:59:23,283 [INFO] Sending command to the server: 'mlcommons/power client v3'
client 2021-03-06 17:59:23,285 [INFO] Got response: 'mlcommons/power server v3'
client 2021-03-06 17:59:23,286 [INFO] Synchronizing with the server and with time.google.com...
client 2021-03-06 17:59:23,335 [INFO] NTP:offset = -0.004 s, delay = 0.038 s 
client 2021-03-06 17:59:23,335 [INFO] Sending command to the server: 'time'
client 2021-03-06 17:59:23,338 [INFO] Got response: '1615053563.337394'
client 2021-03-06 17:59:23,338 [INFO] The time difference between the client and the server is within range -1.987 ms..1.305 ms
client 2021-03-06 17:59:23,338 [INFO] Sending command to the server: 'new,,ceea41af-2dde-466e-863d-f397559e8995'
client 2021-03-06 17:59:23,342 [INFO] Got response: 'OK 2021-03-06_17-59-23,e44a0db1-f090-4936-86eb-cdc6937a769c'
client 2021-03-06 17:59:23,342 [INFO] Session id is '2021-03-06_17-59-23'
client 2021-03-06 17:59:23,342 [INFO] Sources: {"sources": {"client.py": "d1e75cb4b26101220ebd242e584cf3ca5d8f1996", "lib/__init__.py": "da39a3ee5e6b4b0d3255bfef95601890afd80709", "lib/client.py": "d42bebf5b74cb6ff3997e2a6c68422afac111a28", "lib/common.py": "b0bad80d8fa328a7636027d4d66ff453f8dd7889", "lib/external/ntplib.py": "4da8f970656505a40483206ef2b5d3dd5e81711d", "lib/server.py": "2ed36471c7af565d6c8438b2134edad1d7ddf166", "lib/source_hashes.py": "4cedff274c661cb1504052018fd4f00dfbf624ef", "lib/summary.py": "0db15d783907aa92038281af4e465545c0648ddb", "lib/time_sync.py": "76051226ec89287839723352f4162aaa24e0546a", "server.py": "99e1310e3f76292aef1b8792ce6b8c82f1d44d8b", "tests/unit/test_server.py": "64f11775bfed35232a0e8bb9593c0ff992432c59", "tests/unit/test_source_hashes.py": "cb41a7261eaf7d94ba5c0aae9c523174f6204be3"}, "modules": {"__main__": "client.py", "lib.client": "lib/client.py", "lib.common": "lib/common.py", "lib.external.ntplib": "lib/external/ntplib.py", "lib.source_hashes": "lib/source_hashes.py", "lib.summary": "lib/summary.py", "lib.time_sync": "lib/time_sync.py"}}
client 2021-03-06 17:59:23,343 [INFO] Running workload in ranging mode
client 2021-03-06 17:59:23,343 [INFO] Synchronizing with the server and with time.google.com...
client 2021-03-06 17:59:23,374 [INFO] NTP:offset = 0.001 s, delay = 0.028 s 
client 2021-03-06 17:59:23,374 [INFO] Sending command to the server: 'time'
client 2021-03-06 17:59:23,377 [INFO] Got response: '1615053563.3763103'
client 2021-03-06 17:59:23,377 [INFO] The time difference between the client and the server is within range -1.796 ms..1.032 ms
client 2021-03-06 17:59:23,377 [INFO] Sending command to the server: 'session,2021-03-06_17-59-23,start,ranging'
client 2021-03-06 17:59:51,566 [INFO] Got response: 'OK'
client 2021-03-06 17:59:51,566 [INFO] Running the workload 'ck benchmark program:image-classification-tflite-loadgen --env.CK_SILENT_MODE=YES --skip_print_timers --dep_add_tags.compiler=gcc,v9 --dep_add_tags.python=v3 --dep_add_tags.mlperf-inference-src=r1.0 --dep_add_tags.weights=mobilenet,v1-0.25-160,non-quantized --dep_add_tags.images=crop.875,preprocessed,using-opencv --dep_add_tags.library=tflite,v2.4.1,with.ruy --env.CK_LOADGEN_DATASET_SIZE=1024 --env.CK_LOADGEN_MODE=PerformanceOnly --env.CK_LOADGEN_SCENARIO=SingleStream --env.CK_FAN_MODE=on --env.CK_LOADGEN_TARGET_LATENCY=$CK_LOADGEN_TARGET_LATENCY --skip_stat_analysis --process_multi_keys --repetitions=1 --record --record_repo=local --record_uoa=mlperf-open-rpi4coral-tflite-v2.4.1-ruy-mobilenet-v1-0.25-160-non-quantized-singlestream-performance-target_latency.$CK_LOADGEN_TARGET_LATENCY-fan_mode.on-power.workload --tags=mlperf,division.open,task.image-classification,platform.rpi4coral,scenario.singlestream,mode.performance,workload.mobilenet-v1-0.25-160-non-quantized,preprocessed_using.opencv,inference_engine.tflite,inference_engine_version.v2.4.1,inference_engine_backend.ruy,fan_mode.on,target_latency.$CK_LOADGEN_TARGET_LATENCY,power.workload "@@@{\'meta\': {\'ck_benchmark_program\': \'ck benchmark program:image-classification-tflite-loadgen --env.CK_SILENT_MODE=YES --skip_print_timers --dep_add_tags.compiler=gcc,v9 --dep_add_tags.python=v3 --dep_add_tags.mlperf-inference-src=r1.0 --dep_add_tags.weights=mobilenet,v1-0.25-160,non-quantized --dep_add_tags.images=crop.875,preprocessed,using-opencv --dep_add_tags.library=tflite,v2.4.1,with.ruy --env.CK_LOADGEN_DATASET_SIZE=1024 --env.CK_LOADGEN_MODE=PerformanceOnly --env.CK_LOADGEN_SCENARIO=SingleStream --env.CK_FAN_MODE=on --env.CK_LOADGEN_TARGET_LATENCY=$CK_LOADGEN_TARGET_LATENCY --skip_stat_analysis --process_multi_keys --repetitions=1 --record --record_repo=local --record_uoa=mlperf-open-rpi4coral-tflite-v2.4.1-ruy-mobilenet-v1-0.25-160-non-quantized-singlestream-performance-target_latency.$CK_LOADGEN_TARGET_LATENCY-fan_mode.on-power.workload --tags=mlperf,division.open,task.image-classification,platform.rpi4coral,scenario.singlestream,mode.performance,workload.mobilenet-v1-0.25-160-non-quantized,preprocessed_using.opencv,inference_engine.tflite,inference_engine_version.v2.4.1,inference_engine_backend.ruy,fan_mode.on,target_latency.$CK_LOADGEN_TARGET_LATENCY,power.workload\'}}"  && mkdir -p "$CK_MLPERF_POWER_CLIENT_LOADGEN_LOGS" && cp "$CK_MLPERF_POWER_CLIENT_LOADGEN_LOGS"/../mlperf_log_* "$CK_MLPERF_POWER_CLIENT_LOADGEN_LOGS"/'
client 2021-03-06 18:10:23,574 [INFO] Sending command to the server: 'session,2021-03-06_17-59-23,stop,ranging'
client 2021-03-06 18:10:34,047 [INFO] Got response: 'OK'
client 2021-03-06 18:10:34,051 [INFO] Running workload in testing mode
client 2021-03-06 18:10:34,052 [INFO] Synchronizing with the server and with time.google.com...
client 2021-03-06 18:10:34,105 [INFO] NTP:offset = -0.001 s, delay = 0.046 s 
client 2021-03-06 18:10:34,105 [INFO] Sending command to the server: 'time'
client 2021-03-06 18:10:34,109 [INFO] Got response: '1615054234.10523'
client 2021-03-06 18:10:34,110 [INFO] The time difference between the client and the server is within range 0.315 ms..4.734 ms
client 2021-03-06 18:10:34,110 [INFO] Sending command to the server: 'session,2021-03-06_17-59-23,start,testing'
client 2021-03-06 18:10:47,582 [INFO] Got response: 'OK'
client 2021-03-06 18:10:47,583 [INFO] Running the workload 'ck benchmark program:image-classification-tflite-loadgen --env.CK_SILENT_MODE=YES --skip_print_timers --dep_add_tags.compiler=gcc,v9 --dep_add_tags.python=v3 --dep_add_tags.mlperf-inference-src=r1.0 --dep_add_tags.weights=mobilenet,v1-0.25-160,non-quantized --dep_add_tags.images=crop.875,preprocessed,using-opencv --dep_add_tags.library=tflite,v2.4.1,with.ruy --env.CK_LOADGEN_DATASET_SIZE=1024 --env.CK_LOADGEN_MODE=PerformanceOnly --env.CK_LOADGEN_SCENARIO=SingleStream --env.CK_FAN_MODE=on --env.CK_LOADGEN_TARGET_LATENCY=$CK_LOADGEN_TARGET_LATENCY --skip_stat_analysis --process_multi_keys --repetitions=1 --record --record_repo=local --record_uoa=mlperf-open-rpi4coral-tflite-v2.4.1-ruy-mobilenet-v1-0.25-160-non-quantized-singlestream-performance-target_latency.$CK_LOADGEN_TARGET_LATENCY-fan_mode.on-power.workload --tags=mlperf,division.open,task.image-classification,platform.rpi4coral,scenario.singlestream,mode.performance,workload.mobilenet-v1-0.25-160-non-quantized,preprocessed_using.opencv,inference_engine.tflite,inference_engine_version.v2.4.1,inference_engine_backend.ruy,fan_mode.on,target_latency.$CK_LOADGEN_TARGET_LATENCY,power.workload "@@@{\'meta\': {\'ck_benchmark_program\': \'ck benchmark program:image-classification-tflite-loadgen --env.CK_SILENT_MODE=YES --skip_print_timers --dep_add_tags.compiler=gcc,v9 --dep_add_tags.python=v3 --dep_add_tags.mlperf-inference-src=r1.0 --dep_add_tags.weights=mobilenet,v1-0.25-160,non-quantized --dep_add_tags.images=crop.875,preprocessed,using-opencv --dep_add_tags.library=tflite,v2.4.1,with.ruy --env.CK_LOADGEN_DATASET_SIZE=1024 --env.CK_LOADGEN_MODE=PerformanceOnly --env.CK_LOADGEN_SCENARIO=SingleStream --env.CK_FAN_MODE=on --env.CK_LOADGEN_TARGET_LATENCY=$CK_LOADGEN_TARGET_LATENCY --skip_stat_analysis --process_multi_keys --repetitions=1 --record --record_repo=local --record_uoa=mlperf-open-rpi4coral-tflite-v2.4.1-ruy-mobilenet-v1-0.25-160-non-quantized-singlestream-performance-target_latency.$CK_LOADGEN_TARGET_LATENCY-fan_mode.on-power.workload --tags=mlperf,division.open,task.image-classification,platform.rpi4coral,scenario.singlestream,mode.performance,workload.mobilenet-v1-0.25-160-non-quantized,preprocessed_using.opencv,inference_engine.tflite,inference_engine_version.v2.4.1,inference_engine_backend.ruy,fan_mode.on,target_latency.$CK_LOADGEN_TARGET_LATENCY,power.workload\'}}"  && mkdir -p "$CK_MLPERF_POWER_CLIENT_LOADGEN_LOGS" && cp "$CK_MLPERF_POWER_CLIENT_LOADGEN_LOGS"/../mlperf_log_* "$CK_MLPERF_POWER_CLIENT_LOADGEN_LOGS"/'
client 2021-03-06 18:21:24,527 [INFO] Sending command to the server: 'session,2021-03-06_17-59-23,stop,testing'
client 2021-03-06 18:21:34,785 [INFO] Got response: 'OK'
client 2021-03-06 18:21:34,787 [INFO] Done runs
