ptd-server 2021-03-06 17:59:23,337 [INFO] Got command from the client 'time'
ptd-server 2021-03-06 17:59:23,337 [INFO] Sending reply to client '1615053563.337394'
ptd-server 2021-03-06 17:59:23,340 [INFO] Got command from the client 'new,,ceea41af-2dde-466e-863d-f397559e8995'
ptd-server 2021-03-06 17:59:23,341 [INFO] Sending reply to client 'OK 2021-03-06_17-59-23,e44a0db1-f090-4936-86eb-cdc6937a769c'
ptd-server 2021-03-06 17:59:23,376 [INFO] Got command from the client 'time'
ptd-server 2021-03-06 17:59:23,376 [INFO] Sending reply to client '1615053563.3763103'
ptd-server 2021-03-06 17:59:23,379 [INFO] Got command from the client 'session,2021-03-06_17-59-23,start,ranging'
ptd-server 2021-03-06 17:59:23,380 [INFO] Running PTDaemon: ['/home/anton/projects/mlperf/power/inference_v1.0/ptd-linux-x86', '-l', 'ptd.log', '-p', '8888', '52', '/dev/usbtmc0']
ptd-server 2021-03-06 17:59:40,547 [INFO] Sending to ptd: 'Hello'
ptd-server 2021-03-06 17:59:40,548 [INFO] Reply from ptd: 'Hello, PTDaemon here!'
ptd-server 2021-03-06 17:59:40,548 [INFO] Sending to ptd: 'Identify'
ptd-server 2021-03-06 17:59:40,548 [INFO] Reply from ptd: 'YokogawaWT330E,1000,1,1,1,1,0,0,1,version=1.9.2-e8c7a49a-20201208,OS=Linux 5.8.0-43-generic #49~20.04.1-Ubuntu SMP Fri Feb 5 09:57:56 UTC 2021 x86_64,mode=power,1,1,1,0,0,no_cal_date,YOKOGAWA;WT333E;C3VD30030E;F1.04'
ptd-server 2021-03-06 17:59:40,548 [INFO] Connected to PTDaemon
ptd-server 2021-03-06 17:59:40,548 [INFO] Sending to ptd: 'RR'
ptd-server 2021-03-06 17:59:40,549 [INFO] Reply from ptd: 'Ranges,0,0.500000,0,300.000000'
ptd-server 2021-03-06 17:59:40,549 [INFO] Initial range for Amps is 0.500000 for Volts is 300.000000
ptd-server 2021-03-06 17:59:40,549 [INFO] Sending to ptd: 'SR,V,Auto'
ptd-server 2021-03-06 17:59:41,052 [INFO] Reply from ptd: 'Range V changed'
ptd-server 2021-03-06 17:59:41,052 [INFO] Sending to ptd: 'SR,A,Auto'
ptd-server 2021-03-06 17:59:41,554 [INFO] Reply from ptd: 'Range A changed'
ptd-server 2021-03-06 17:59:51,564 [INFO] Starting ranging mode
ptd-server 2021-03-06 17:59:51,564 [INFO] Sending to ptd: 'Go,1000,0,2021-03-06_17-59-23_ranging'
ptd-server 2021-03-06 17:59:51,565 [INFO] Reply from ptd: 'Starting untimed measurement, maximum 500000 samples at 1000ms with 0 rampup samples'
ptd-server 2021-03-06 17:59:51,565 [INFO] Sending reply to client 'OK'
ptd-server 2021-03-06 18:10:23,574 [INFO] Got command from the client 'session,2021-03-06_17-59-23,stop,ranging'
ptd-server 2021-03-06 18:10:33,585 [INFO] Sending to ptd: 'Stop'
ptd-server 2021-03-06 18:10:33,585 [INFO] Reply from ptd: 'Stopping untimed measurement'
ptd-server 2021-03-06 18:10:34,043 [INFO] Sending reply to client 'OK'
ptd-server 2021-03-06 18:10:34,105 [INFO] Got command from the client 'time'
ptd-server 2021-03-06 18:10:34,105 [INFO] Sending reply to client '1615054234.10523'
ptd-server 2021-03-06 18:10:34,110 [INFO] Got command from the client 'session,2021-03-06_17-59-23,start,testing'
ptd-server 2021-03-06 18:10:34,110 [INFO] Sending to ptd: 'SR,V,251.610000'
ptd-server 2021-03-06 18:10:36,066 [INFO] Reply from ptd: 'Range V changed'
ptd-server 2021-03-06 18:10:36,066 [INFO] Sending to ptd: 'SR,A,0.056990'
ptd-server 2021-03-06 18:10:37,568 [INFO] Reply from ptd: 'Range A changed'
ptd-server 2021-03-06 18:10:47,578 [INFO] Starting testing mode
ptd-server 2021-03-06 18:10:47,578 [INFO] Sending to ptd: 'Go,1000,0,2021-03-06_17-59-23_testing'
ptd-server 2021-03-06 18:10:47,578 [INFO] Reply from ptd: 'Starting untimed measurement, maximum 500000 samples at 1000ms with 0 rampup samples'
ptd-server 2021-03-06 18:10:47,579 [INFO] Sending reply to client 'OK'
ptd-server 2021-03-06 18:21:24,524 [INFO] Got command from the client 'session,2021-03-06_17-59-23,stop,testing'
ptd-server 2021-03-06 18:21:34,535 [INFO] Sending to ptd: 'Stop'
ptd-server 2021-03-06 18:21:34,535 [INFO] Reply from ptd: 'Stopping untimed measurement'
ptd-server 2021-03-06 18:21:34,778 [INFO] Sending reply to client 'OK'
ptd-server 2021-03-06 18:21:34,786 [INFO] Got command from the client 'session,2021-03-06_17-59-23,upload,client.log'
ptd-server 2021-03-06 18:21:34,791 [INFO] Received '/home/anton/projects/mlperf/power-dev/output/2021-03-06_17-59-23client.log.tmp'
ptd-server 2021-03-06 18:21:34,791 [INFO] Removed '/home/anton/projects/mlperf/power-dev/output/2021-03-06_17-59-23client.log.tmp'
ptd-server 2021-03-06 18:21:34,791 [INFO] Sending reply to client 'OK'
ptd-server 2021-03-06 18:21:34,805 [INFO] Got command from the client 'session,2021-03-06_17-59-23,upload,client.json'
ptd-server 2021-03-06 18:21:34,808 [INFO] Received '/home/anton/projects/mlperf/power-dev/output/2021-03-06_17-59-23client.json.tmp'
ptd-server 2021-03-06 18:21:34,809 [INFO] Removed '/home/anton/projects/mlperf/power-dev/output/2021-03-06_17-59-23client.json.tmp'
ptd-server 2021-03-06 18:21:34,809 [INFO] Sending reply to client 'OK'
ptd-server 2021-03-06 18:21:34,811 [INFO] Got command from the client 'session,2021-03-06_17-59-23,done'
ptd-server 2021-03-06 18:21:34,812 [INFO] Sending to ptd: 'Stop'
ptd-server 2021-03-06 18:21:34,812 [INFO] Reply from ptd: 'Error: no measurement to stop'
ptd-server 2021-03-06 18:21:34,812 [INFO] Sending to ptd: 'SR,V,300.000000'
ptd-server 2021-03-06 18:21:36,313 [INFO] Reply from ptd: 'Range V changed'
ptd-server 2021-03-06 18:21:36,313 [INFO] Sending to ptd: 'SR,A,0.500000'
ptd-server 2021-03-06 18:21:37,815 [INFO] Reply from ptd: 'Range A changed'
ptd-server 2021-03-06 18:21:37,815 [INFO] Set initial values for Amps 0.500000 and Volts 300.000000
ptd-server 2021-03-06 18:21:37,815 [INFO] Stopping ptd...
