ptd-server 2021-03-07 23:54:04,620 [INFO] Got command from the client 'time'
ptd-server 2021-03-07 23:54:04,621 [INFO] Sending reply to client '1615161244.6210089'
ptd-server 2021-03-07 23:54:04,624 [INFO] Got command from the client 'new,,865a20a0-2c3b-49eb-9780-3fe9ebc82d47'
ptd-server 2021-03-07 23:54:04,624 [INFO] Sending reply to client 'OK 2021-03-07_23-54-04,46f909c5-bb0b-4ced-a48a-fcdaf2b5801e'
ptd-server 2021-03-07 23:54:04,670 [INFO] Got command from the client 'time'
ptd-server 2021-03-07 23:54:04,670 [INFO] Sending reply to client '1615161244.6705854'
ptd-server 2021-03-07 23:54:04,674 [INFO] Got command from the client 'session,2021-03-07_23-54-04,start,ranging'
ptd-server 2021-03-07 23:54:04,674 [INFO] Running PTDaemon: ['/home/anton/projects/mlperf/power/inference_v1.0/ptd-linux-x86', '-l', 'ptd.log', '-p', '8888', '52', '/dev/usbtmc0']
ptd-server 2021-03-07 23:54:21,846 [INFO] Sending to ptd: 'Hello'
ptd-server 2021-03-07 23:54:21,847 [INFO] Reply from ptd: 'Hello, PTDaemon here!'
ptd-server 2021-03-07 23:54:21,847 [INFO] Sending to ptd: 'Identify'
ptd-server 2021-03-07 23:54:21,847 [INFO] Reply from ptd: 'YokogawaWT330E,1000,1,1,1,1,0,0,1,version=1.9.2-e8c7a49a-20201208,OS=Linux 5.8.0-43-generic #49~20.04.1-Ubuntu SMP Fri Feb 5 09:57:56 UTC 2021 x86_64,mode=power,1,1,1,0,0,no_cal_date,YOKOGAWA;WT333E;C3VD30030E;F1.04'
ptd-server 2021-03-07 23:54:21,848 [INFO] Connected to PTDaemon
ptd-server 2021-03-07 23:54:21,848 [INFO] Sending to ptd: 'RR'
ptd-server 2021-03-07 23:54:21,848 [INFO] Reply from ptd: 'Ranges,0,0.500000,0,300.000000'
ptd-server 2021-03-07 23:54:21,848 [INFO] Initial range for Amps is 0.500000 for Volts is 300.000000
ptd-server 2021-03-07 23:54:21,848 [INFO] Sending to ptd: 'SR,V,Auto'
ptd-server 2021-03-07 23:54:22,351 [INFO] Reply from ptd: 'Range V changed'
ptd-server 2021-03-07 23:54:22,351 [INFO] Sending to ptd: 'SR,A,Auto'
ptd-server 2021-03-07 23:54:22,853 [INFO] Reply from ptd: 'Range A changed'
ptd-server 2021-03-07 23:54:32,864 [INFO] Starting ranging mode
ptd-server 2021-03-07 23:54:32,864 [INFO] Sending to ptd: 'Go,1000,0,2021-03-07_23-54-04_ranging'
ptd-server 2021-03-07 23:54:32,864 [INFO] Reply from ptd: 'Starting untimed measurement, maximum 500000 samples at 1000ms with 0 rampup samples'
ptd-server 2021-03-07 23:54:32,865 [INFO] Sending reply to client 'OK'
ptd-server 2021-03-08 00:04:57,955 [INFO] Got command from the client 'session,2021-03-07_23-54-04,stop,ranging'
ptd-server 2021-03-08 00:05:07,965 [INFO] Sending to ptd: 'Stop'
ptd-server 2021-03-08 00:05:07,966 [INFO] Reply from ptd: 'Stopping untimed measurement'
ptd-server 2021-03-08 00:05:08,579 [INFO] Sending reply to client 'OK'
ptd-server 2021-03-08 00:05:08,620 [INFO] Got command from the client 'time'
ptd-server 2021-03-08 00:05:08,621 [INFO] Sending reply to client '1615161908.6209903'
ptd-server 2021-03-08 00:05:08,625 [INFO] Got command from the client 'session,2021-03-07_23-54-04,start,testing'
ptd-server 2021-03-08 00:05:08,625 [INFO] Sending to ptd: 'SR,V,251.410000'
ptd-server 2021-03-08 00:05:10,365 [INFO] Reply from ptd: 'Range V changed'
ptd-server 2021-03-08 00:05:10,365 [INFO] Sending to ptd: 'SR,A,0.053080'
ptd-server 2021-03-08 00:05:11,867 [INFO] Reply from ptd: 'Range A changed'
ptd-server 2021-03-08 00:05:21,877 [INFO] Starting testing mode
ptd-server 2021-03-08 00:05:21,877 [INFO] Sending to ptd: 'Go,1000,0,2021-03-07_23-54-04_testing'
ptd-server 2021-03-08 00:05:21,877 [INFO] Reply from ptd: 'Starting untimed measurement, maximum 500000 samples at 1000ms with 0 rampup samples'
ptd-server 2021-03-08 00:05:21,878 [INFO] Sending reply to client 'OK'
ptd-server 2021-03-08 00:15:51,758 [INFO] Got command from the client 'session,2021-03-07_23-54-04,stop,testing'
ptd-server 2021-03-08 00:16:01,768 [INFO] Sending to ptd: 'Stop'
ptd-server 2021-03-08 00:16:01,769 [INFO] Reply from ptd: 'Stopping untimed measurement'
ptd-server 2021-03-08 00:16:02,089 [INFO] Sending reply to client 'OK'
ptd-server 2021-03-08 00:16:02,098 [INFO] Got command from the client 'session,2021-03-07_23-54-04,upload,client.log'
ptd-server 2021-03-08 00:16:02,100 [INFO] Received '/home/anton/projects/mlperf/power-dev/output/2021-03-07_23-54-04client.log.tmp'
ptd-server 2021-03-08 00:16:02,101 [INFO] Removed '/home/anton/projects/mlperf/power-dev/output/2021-03-07_23-54-04client.log.tmp'
ptd-server 2021-03-08 00:16:02,101 [INFO] Sending reply to client 'OK'
ptd-server 2021-03-08 00:16:02,114 [INFO] Got command from the client 'session,2021-03-07_23-54-04,upload,client.json'
ptd-server 2021-03-08 00:16:02,117 [INFO] Received '/home/anton/projects/mlperf/power-dev/output/2021-03-07_23-54-04client.json.tmp'
ptd-server 2021-03-08 00:16:02,118 [INFO] Removed '/home/anton/projects/mlperf/power-dev/output/2021-03-07_23-54-04client.json.tmp'
ptd-server 2021-03-08 00:16:02,118 [INFO] Sending reply to client 'OK'
ptd-server 2021-03-08 00:16:02,120 [INFO] Got command from the client 'session,2021-03-07_23-54-04,done'
ptd-server 2021-03-08 00:16:02,121 [INFO] Sending to ptd: 'Stop'
ptd-server 2021-03-08 00:16:02,121 [INFO] Reply from ptd: 'Error: no measurement to stop'
ptd-server 2021-03-08 00:16:02,121 [INFO] Sending to ptd: 'SR,V,300.000000'
ptd-server 2021-03-08 00:16:03,622 [INFO] Reply from ptd: 'Range V changed'
ptd-server 2021-03-08 00:16:03,622 [INFO] Sending to ptd: 'SR,A,0.500000'
ptd-server 2021-03-08 00:16:05,124 [INFO] Reply from ptd: 'Range A changed'
ptd-server 2021-03-08 00:16:05,124 [INFO] Set initial values for Amps 0.500000 and Volts 300.000000
ptd-server 2021-03-08 00:16:05,124 [INFO] Stopping ptd...
