client 2021-03-18 03:19:12,714 [WARNING] Removing old loadgen logs directory '/home/scratch.mlperf_inf_ci/mlPerf/L1/A100_PCIex8_MaxQ-Computelab-A100-PCIEx8-MaxQ-L1-2-2021-03-17-03-56-44-UTC/mlperf-inference/closed/NVIDIA/build/power_logs_temp'
client 2021-03-18 03:19:12,719 [INFO] Sending command to the server: 'mlcommons/power client v3'
client 2021-03-18 03:19:12,719 [INFO] Got response: 'mlcommons/power server v3'
client 2021-03-18 03:19:12,719 [INFO] Sending command to the server: 'stop'
client 2021-03-18 03:19:12,720 [INFO] Got response: 'OK'
client 2021-03-18 03:19:12,720 [INFO] Synchronizing with the server and with ib-01.dc4-in.nvidia.com...
client 2021-03-18 03:19:12,925 [INFO] NTP:offset = 0.000 s, delay = 0.201 s 
client 2021-03-18 03:19:12,925 [INFO] Sending command to the server: 'time'
client 2021-03-18 03:19:12,926 [INFO] Got response: '1616062753.042564'
client 2021-03-18 03:19:12,926 [INFO] The time difference between the client and the server is within range -116.793 ms..-115.633 ms
client 2021-03-18 03:19:12,927 [INFO] Sending command to the server: 'new,,0f3febdc-df0c-4201-8af7-e7e4805ca665'
client 2021-03-18 03:19:12,928 [INFO] Got response: 'OK 2021-03-18_03-19-13,74044819-597d-4b35-a230-a6f21c18ac31'
client 2021-03-18 03:19:12,928 [INFO] Session id is '2021-03-18_03-19-13'
client 2021-03-18 03:19:12,928 [INFO] Sources: {"sources": {"client.py": "d1e75cb4b26101220ebd242e584cf3ca5d8f1996", "lib/__init__.py": "da39a3ee5e6b4b0d3255bfef95601890afd80709", "lib/client.py": "d42bebf5b74cb6ff3997e2a6c68422afac111a28", "lib/common.py": "b0bad80d8fa328a7636027d4d66ff453f8dd7889", "lib/external/ntplib.py": "4da8f970656505a40483206ef2b5d3dd5e81711d", "lib/server.py": "2ed36471c7af565d6c8438b2134edad1d7ddf166", "lib/source_hashes.py": "4cedff274c661cb1504052018fd4f00dfbf624ef", "lib/summary.py": "0db15d783907aa92038281af4e465545c0648ddb", "lib/time_sync.py": "76051226ec89287839723352f4162aaa24e0546a", "server.py": "99e1310e3f76292aef1b8792ce6b8c82f1d44d8b", "tests/unit/test_server.py": "64f11775bfed35232a0e8bb9593c0ff992432c59", "tests/unit/test_source_hashes.py": "cb41a7261eaf7d94ba5c0aae9c523174f6204be3"}, "modules": {"__main__": "client.py", "lib.client": "lib/client.py", "lib.common": "lib/common.py", "lib.external.ntplib": "lib/external/ntplib.py", "lib.source_hashes": "lib/source_hashes.py", "lib.summary": "lib/summary.py", "lib.time_sync": "lib/time_sync.py"}}
client 2021-03-18 03:19:12,944 [INFO] Running workload in ranging mode
client 2021-03-18 03:19:12,944 [INFO] Synchronizing with the server and with ib-01.dc4-in.nvidia.com...
client 2021-03-18 03:19:13,147 [INFO] NTP:offset = 0.000 s, delay = 0.202 s 
client 2021-03-18 03:19:13,147 [INFO] Sending command to the server: 'time'
client 2021-03-18 03:19:13,148 [INFO] Got response: '1616062753.2612767'
client 2021-03-18 03:19:13,149 [INFO] The time difference between the client and the server is within range -113.524 ms..-112.284 ms
client 2021-03-18 03:19:13,149 [INFO] Sending command to the server: 'session,2021-03-18_03-19-13,start,ranging'
client 2021-03-18 03:19:52,822 [INFO] Got response: 'OK'
client 2021-03-18 03:19:52,822 [INFO] Running the workload 'LOG_DIR=/home/scratch.mlperf_inf_ci/mlPerf/L1/A100_PCIex8_MaxQ-Computelab-A100-PCIEx8-MaxQ-L1-2-2021-03-17-03-56-44-UTC/mlperf-inference/closed/NVIDIA/build/power_logs_temp python3 code/main.py --benchmarks=bert --scenarios=Server --test_mode=PerformanceOnly --config_ver=maxq --action="run_harness" \\\n\t\t&& cp -v /home/scratch.mlperf_inf_ci/mlPerf/L1/A100_PCIex8_MaxQ-Computelab-A100-PCIEx8-MaxQ-L1-2-2021-03-17-03-56-44-UTC/mlperf-inference/closed/NVIDIA/build/power_logs_temp/*/*/*/mlperf_log_detail.txt /home/scratch.mlperf_inf_ci/mlPerf/L1/A100_PCIex8_MaxQ-Computelab-A100-PCIEx8-MaxQ-L1-2-2021-03-17-03-56-44-UTC/mlperf-inference/closed/NVIDIA/build/power_logs_temp/ \\\n\t\t&& cp -v /home/scratch.mlperf_inf_ci/mlPerf/L1/A100_PCIex8_MaxQ-Computelab-A100-PCIEx8-MaxQ-L1-2-2021-03-17-03-56-44-UTC/mlperf-inference/closed/NVIDIA/build/power_logs_temp/*/*/*/mlperf_log_summary.txt /home/scratch.mlperf_inf_ci/mlPerf/L1/A100_PCIex8_MaxQ-Computelab-A100-PCIEx8-MaxQ-L1-2-2021-03-17-03-56-44-UTC/mlperf-inference/closed/NVIDIA/build/power_logs_temp/'
client 2021-03-18 03:31:25,534 [INFO] Sending command to the server: 'session,2021-03-18_03-19-13,stop,ranging'
client 2021-03-18 03:31:35,972 [INFO] Got response: 'OK'
client 2021-03-18 03:31:35,979 [INFO] Packing logs into zip and uploading to the server
client 2021-03-18 03:31:36,014 [INFO] Zip file size: 63.9 kB
client 2021-03-18 03:31:36,034 [INFO] Got response: 'OK'
client 2021-03-18 03:31:36,035 [INFO] Running workload in testing mode
client 2021-03-18 03:31:36,035 [INFO] Synchronizing with the server and with ib-01.dc4-in.nvidia.com...
client 2021-03-18 03:31:36,238 [INFO] NTP:offset = 0.000 s, delay = 0.202 s 
client 2021-03-18 03:31:36,238 [INFO] Sending command to the server: 'time'
client 2021-03-18 03:31:36,239 [INFO] Got response: '1616063496.357085'
client 2021-03-18 03:31:36,239 [INFO] The time difference between the client and the server is within range -118.677 ms..-117.487 ms
client 2021-03-18 03:31:36,239 [INFO] Sending command to the server: 'session,2021-03-18_03-19-13,start,testing'
client 2021-03-18 03:31:57,926 [INFO] Got response: 'OK'
client 2021-03-18 03:31:57,926 [INFO] Running the workload 'LOG_DIR=/home/scratch.mlperf_inf_ci/mlPerf/L1/A100_PCIex8_MaxQ-Computelab-A100-PCIEx8-MaxQ-L1-2-2021-03-17-03-56-44-UTC/mlperf-inference/closed/NVIDIA/build/power_logs_temp python3 code/main.py --benchmarks=bert --scenarios=Server --test_mode=PerformanceOnly --config_ver=maxq --action="run_harness" \\\n\t\t&& cp -v /home/scratch.mlperf_inf_ci/mlPerf/L1/A100_PCIex8_MaxQ-Computelab-A100-PCIEx8-MaxQ-L1-2-2021-03-17-03-56-44-UTC/mlperf-inference/closed/NVIDIA/build/power_logs_temp/*/*/*/mlperf_log_detail.txt /home/scratch.mlperf_inf_ci/mlPerf/L1/A100_PCIex8_MaxQ-Computelab-A100-PCIEx8-MaxQ-L1-2-2021-03-17-03-56-44-UTC/mlperf-inference/closed/NVIDIA/build/power_logs_temp/ \\\n\t\t&& cp -v /home/scratch.mlperf_inf_ci/mlPerf/L1/A100_PCIex8_MaxQ-Computelab-A100-PCIEx8-MaxQ-L1-2-2021-03-17-03-56-44-UTC/mlperf-inference/closed/NVIDIA/build/power_logs_temp/*/*/*/mlperf_log_summary.txt /home/scratch.mlperf_inf_ci/mlPerf/L1/A100_PCIex8_MaxQ-Computelab-A100-PCIEx8-MaxQ-L1-2-2021-03-17-03-56-44-UTC/mlperf-inference/closed/NVIDIA/build/power_logs_temp/'
client 2021-03-18 03:43:31,678 [INFO] Sending command to the server: 'session,2021-03-18_03-19-13,stop,testing'
client 2021-03-18 03:43:41,916 [INFO] Got response: 'OK'
client 2021-03-18 03:43:41,923 [INFO] Packing logs into zip and uploading to the server
client 2021-03-18 03:43:41,959 [INFO] Zip file size: 63.9 kB
client 2021-03-18 03:43:41,978 [INFO] Got response: 'OK'
client 2021-03-18 03:43:41,978 [INFO] Done runs
