ptd-server 2021-03-18 03:19:12,839 [INFO] Got command from the client 'stop'
ptd-server 2021-03-18 03:19:12,839 [INFO] The server will be stopped after processing this client
ptd-server 2021-03-18 03:19:12,839 [INFO] Sending reply to client 'OK'
ptd-server 2021-03-18 03:19:13,042 [INFO] Got command from the client 'time'
ptd-server 2021-03-18 03:19:13,042 [INFO] Sending reply to client '1616062753.042564'
ptd-server 2021-03-18 03:19:13,042 [INFO] Got command from the client 'new,,0f3febdc-df0c-4201-8af7-e7e4805ca665'
ptd-server 2021-03-18 03:19:13,042 [INFO] Sending reply to client 'OK 2021-03-18_03-19-13,74044819-597d-4b35-a230-a6f21c18ac31'
ptd-server 2021-03-18 03:19:13,261 [INFO] Got command from the client 'time'
ptd-server 2021-03-18 03:19:13,261 [INFO] Sending reply to client '1616062753.2612767'
ptd-server 2021-03-18 03:19:13,261 [INFO] Got command from the client 'session,2021-03-18_03-19-13,start,ranging'
ptd-server 2021-03-18 03:19:13,370 [INFO] Running PTDaemon: ['C:\\PTD\\ptd-windows-x86.exe', '-l', 'C:\\logs_ptdeamon.txt', '-p', '8888', '-c', '1,3', '-y', '77', '10.117.41.199']
ptd-server 2021-03-18 03:19:32,773 [INFO] Sending to ptd: 'Hello'
ptd-server 2021-03-18 03:19:32,773 [INFO] Reply from ptd: 'Hello, PTDaemon here!'
ptd-server 2021-03-18 03:19:32,773 [INFO] Sending to ptd: 'Identify'
ptd-server 2021-03-18 03:19:32,773 [INFO] Reply from ptd: 'YokogawaWT330_multichannel,1000,1,1,1,1,0,0,1,version=1.9.2-3976349f-20201208,OS=Windows 8 / Server 2012,mode=power,1,1,2,0,0,no_cal_date,YOKOGAWA;WT333E;C2WL21011V;F1.04'
ptd-server 2021-03-18 03:19:32,773 [INFO] Connected to PTDaemon
ptd-server 2021-03-18 03:19:32,773 [INFO] Sending to ptd: 'RR'
ptd-server 2021-03-18 03:19:32,773 [INFO] Reply from ptd: 'Ranges,1,2.000000,1,300.000000'
ptd-server 2021-03-18 03:19:32,773 [INFO] Initial range for Amps is Auto for Volts is Auto
ptd-server 2021-03-18 03:19:32,773 [INFO] Sending to ptd: 'SR,V,Auto'
ptd-server 2021-03-18 03:19:37,850 [INFO] Reply from ptd: 'Range V changed'
ptd-server 2021-03-18 03:19:37,850 [INFO] Sending to ptd: 'SR,A,Auto'
ptd-server 2021-03-18 03:19:42,926 [INFO] Reply from ptd: 'Range A changed'
ptd-server 2021-03-18 03:19:52,940 [INFO] Starting ranging mode
ptd-server 2021-03-18 03:19:52,940 [INFO] Sending to ptd: 'Go,1000,0,2021-03-18_03-19-13_ranging'
ptd-server 2021-03-18 03:19:52,940 [INFO] Reply from ptd: 'Starting untimed measurement, maximum 500000 samples at 1000ms with 0 rampup samples'
ptd-server 2021-03-18 03:19:52,940 [INFO] Sending reply to client 'OK'
ptd-server 2021-03-18 03:31:25,653 [INFO] Got command from the client 'session,2021-03-18_03-19-13,stop,ranging'
ptd-server 2021-03-18 03:31:35,654 [INFO] Sending to ptd: 'Stop'
ptd-server 2021-03-18 03:31:35,654 [INFO] Reply from ptd: 'Stopping untimed measurement'
ptd-server 2021-03-18 03:31:36,091 [INFO] Sending reply to client 'OK'
ptd-server 2021-03-18 03:31:36,122 [INFO] Got command from the client 'session,2021-03-18_03-19-13,upload,ranging'
ptd-server 2021-03-18 03:31:36,138 [INFO] Received 'C:\\ptd-logs\\2021-03-18_03-19-13ranging.tmp'
ptd-server 2021-03-18 03:31:36,153 [INFO] Extracted 'C:\\ptd-logs\\2021-03-18_03-19-13ranging.tmp' into 'C:\\ptd-logs\\2021-03-18_03-19-13\\ranging'
ptd-server 2021-03-18 03:31:36,153 [INFO] Removed 'C:\\ptd-logs\\2021-03-18_03-19-13ranging.tmp'
ptd-server 2021-03-18 03:31:36,153 [INFO] Sending reply to client 'OK'
ptd-server 2021-03-18 03:31:36,357 [INFO] Got command from the client 'time'
ptd-server 2021-03-18 03:31:36,357 [INFO] Sending reply to client '1616063496.357085'
ptd-server 2021-03-18 03:31:36,357 [INFO] Got command from the client 'session,2021-03-18_03-19-13,start,testing'
ptd-server 2021-03-18 03:31:36,357 [INFO] Sending to ptd: 'SR,V,206.380000'
ptd-server 2021-03-18 03:31:42,449 [INFO] Reply from ptd: 'Range V changed'
ptd-server 2021-03-18 03:31:42,449 [INFO] Sending to ptd: 'SR,A,4.206100'
ptd-server 2021-03-18 03:31:48,041 [INFO] Reply from ptd: 'Range A changed'
ptd-server 2021-03-18 03:31:58,041 [INFO] Starting testing mode
ptd-server 2021-03-18 03:31:58,041 [INFO] Sending to ptd: 'Go,1000,0,2021-03-18_03-19-13_testing'
ptd-server 2021-03-18 03:31:58,041 [INFO] Reply from ptd: 'Starting untimed measurement, maximum 500000 samples at 1000ms with 0 rampup samples'
ptd-server 2021-03-18 03:31:58,041 [INFO] Sending reply to client 'OK'
ptd-server 2021-03-18 03:43:31,792 [INFO] Got command from the client 'session,2021-03-18_03-19-13,stop,testing'
ptd-server 2021-03-18 03:43:41,820 [INFO] Sending to ptd: 'Stop'
ptd-server 2021-03-18 03:43:41,820 [INFO] Reply from ptd: 'Stopping untimed measurement'
ptd-server 2021-03-18 03:43:42,039 [INFO] Sending reply to client 'OK'
ptd-server 2021-03-18 03:43:42,070 [INFO] Got command from the client 'session,2021-03-18_03-19-13,upload,testing'
ptd-server 2021-03-18 03:43:42,070 [INFO] Received 'C:\\ptd-logs\\2021-03-18_03-19-13testing.tmp'
ptd-server 2021-03-18 03:43:42,086 [INFO] Extracted 'C:\\ptd-logs\\2021-03-18_03-19-13testing.tmp' into 'C:\\ptd-logs\\2021-03-18_03-19-13\\run_1'
ptd-server 2021-03-18 03:43:42,101 [INFO] Removed 'C:\\ptd-logs\\2021-03-18_03-19-13testing.tmp'
ptd-server 2021-03-18 03:43:42,101 [INFO] Sending reply to client 'OK'
ptd-server 2021-03-18 03:43:42,101 [INFO] Got command from the client 'session,2021-03-18_03-19-13,upload,client.log'
ptd-server 2021-03-18 03:43:42,101 [INFO] Received 'C:\\ptd-logs\\2021-03-18_03-19-13client.log.tmp'
ptd-server 2021-03-18 03:43:42,101 [INFO] Removed 'C:\\ptd-logs\\2021-03-18_03-19-13client.log.tmp'
ptd-server 2021-03-18 03:43:42,101 [INFO] Sending reply to client 'OK'
ptd-server 2021-03-18 03:43:42,133 [INFO] Got command from the client 'session,2021-03-18_03-19-13,upload,client.json'
ptd-server 2021-03-18 03:43:42,133 [INFO] Received 'C:\\ptd-logs\\2021-03-18_03-19-13client.json.tmp'
ptd-server 2021-03-18 03:43:42,148 [INFO] Removed 'C:\\ptd-logs\\2021-03-18_03-19-13client.json.tmp'
ptd-server 2021-03-18 03:43:42,148 [INFO] Sending reply to client 'OK'
ptd-server 2021-03-18 03:43:42,148 [INFO] Got command from the client 'session,2021-03-18_03-19-13,done'
ptd-server 2021-03-18 03:43:42,148 [INFO] Sending to ptd: 'Stop'
ptd-server 2021-03-18 03:43:42,148 [INFO] Reply from ptd: 'Error: no measurement to stop'
ptd-server 2021-03-18 03:43:42,148 [INFO] Sending to ptd: 'SR,V,Auto'
ptd-server 2021-03-18 03:43:47,225 [INFO] Reply from ptd: 'Range V changed'
ptd-server 2021-03-18 03:43:47,225 [INFO] Sending to ptd: 'SR,A,Auto'
ptd-server 2021-03-18 03:43:52,303 [INFO] Reply from ptd: 'Range A changed'
ptd-server 2021-03-18 03:43:52,303 [INFO] Set initial values for Amps Auto and Volts Auto
ptd-server 2021-03-18 03:43:52,303 [INFO] Stopping ptd...
