ptd-server 2021-02-27 15:15:36,852 [INFO] Got command from the client 'time'
ptd-server 2021-02-27 15:15:36,852 [INFO] Sending reply to client '1614438936.8529682'
ptd-server 2021-02-27 15:15:36,854 [INFO] Got command from the client 'new,,60239ae0-9b87-423e-a0ec-ee6c98934f6c'
ptd-server 2021-02-27 15:15:36,854 [INFO] Sending reply to client 'OK 2021-02-27_15-15-36,a5d0944e-53fb-4549-8823-3cee1013dd4c'
ptd-server 2021-02-27 15:15:36,922 [INFO] Got command from the client 'time'
ptd-server 2021-02-27 15:15:36,922 [INFO] Sending reply to client '1614438936.922829'
ptd-server 2021-02-27 15:15:36,923 [INFO] Got command from the client 'session,2021-02-27_15-15-36,start,ranging'
ptd-server 2021-02-27 15:15:36,924 [INFO] Running PTDaemon: ['/home/anton/projects/mlperf/power/inference_v1.0/ptd-linux-x86', '-l', 'ptd.log', '-p', '8888', '52', '/dev/usbtmc0']
ptd-server 2021-02-27 15:15:54,093 [INFO] Sending to ptd: 'Hello'
ptd-server 2021-02-27 15:15:54,093 [INFO] Reply from ptd: 'Hello, PTDaemon here!'
ptd-server 2021-02-27 15:15:54,094 [INFO] Sending to ptd: 'Identify'
ptd-server 2021-02-27 15:15:54,094 [INFO] Reply from ptd: 'YokogawaWT330E,1000,1,1,1,1,0,0,1,version=1.9.2-e8c7a49a-20201208,OS=Linux 5.8.0-43-generic #49~20.04.1-Ubuntu SMP Fri Feb 5 09:57:56 UTC 2021 x86_64,mode=power,1,1,1,0,0,no_cal_date,YOKOGAWA;WT333E;C3VD30030E;F1.04'
ptd-server 2021-02-27 15:15:54,094 [INFO] Connected to PTDaemon
ptd-server 2021-02-27 15:15:54,094 [INFO] Sending to ptd: 'RR'
ptd-server 2021-02-27 15:15:54,095 [INFO] Reply from ptd: 'Ranges,0,0.500000,0,300.000000'
ptd-server 2021-02-27 15:15:54,095 [INFO] Initial range for Amps is 0.500000 for Volts is 300.000000
ptd-server 2021-02-27 15:15:54,095 [INFO] Sending to ptd: 'SR,V,Auto'
ptd-server 2021-02-27 15:15:54,597 [INFO] Reply from ptd: 'Range V changed'
ptd-server 2021-02-27 15:15:54,598 [INFO] Sending to ptd: 'SR,A,Auto'
ptd-server 2021-02-27 15:15:55,100 [INFO] Reply from ptd: 'Range A changed'
ptd-server 2021-02-27 15:16:05,110 [INFO] Starting ranging mode
ptd-server 2021-02-27 15:16:05,111 [INFO] Sending to ptd: 'Go,1000,0,2021-02-27_15-15-36_ranging'
ptd-server 2021-02-27 15:16:05,111 [INFO] Reply from ptd: 'Starting untimed measurement, maximum 500000 samples at 1000ms with 0 rampup samples'
ptd-server 2021-02-27 15:16:05,111 [INFO] Sending reply to client 'OK'
ptd-server 2021-02-27 15:26:23,566 [INFO] Got command from the client 'session,2021-02-27_15-15-36,stop,ranging'
ptd-server 2021-02-27 15:26:33,576 [INFO] Sending to ptd: 'Stop'
ptd-server 2021-02-27 15:26:33,577 [INFO] Reply from ptd: 'Stopping untimed measurement'
ptd-server 2021-02-27 15:26:33,689 [INFO] Sending reply to client 'OK'
ptd-server 2021-02-27 15:26:33,721 [INFO] Got command from the client 'time'
ptd-server 2021-02-27 15:26:33,721 [INFO] Sending reply to client '1614439593.7211416'
ptd-server 2021-02-27 15:26:33,722 [INFO] Got command from the client 'session,2021-02-27_15-15-36,start,testing'
ptd-server 2021-02-27 15:26:33,722 [INFO] Sending to ptd: 'SR,V,249.100000'
ptd-server 2021-02-27 15:26:35,613 [INFO] Reply from ptd: 'Range V changed'
ptd-server 2021-02-27 15:26:35,613 [INFO] Sending to ptd: 'SR,A,0.212530'
ptd-server 2021-02-27 15:26:37,114 [INFO] Reply from ptd: 'Range A changed'
ptd-server 2021-02-27 15:26:47,125 [INFO] Starting testing mode
ptd-server 2021-02-27 15:26:47,125 [INFO] Sending to ptd: 'Go,1000,0,2021-02-27_15-15-36_testing'
ptd-server 2021-02-27 15:26:47,125 [INFO] Reply from ptd: 'Starting untimed measurement, maximum 500000 samples at 1000ms with 0 rampup samples'
ptd-server 2021-02-27 15:26:47,125 [INFO] Sending reply to client 'OK'
ptd-server 2021-02-27 15:37:05,300 [INFO] Got command from the client 'session,2021-02-27_15-15-36,stop,testing'
ptd-server 2021-02-27 15:37:15,311 [INFO] Sending to ptd: 'Stop'
ptd-server 2021-02-27 15:37:15,311 [INFO] Reply from ptd: 'Stopping untimed measurement'
ptd-server 2021-02-27 15:37:15,367 [INFO] Sending reply to client 'OK'
ptd-server 2021-02-27 15:37:15,370 [INFO] Got command from the client 'session,2021-02-27_15-15-36,upload,client.log'
ptd-server 2021-02-27 15:37:15,371 [INFO] Received '/home/anton/projects/mlperf/power-dev/output/2021-02-27_15-15-36client.log.tmp'
ptd-server 2021-02-27 15:37:15,371 [INFO] Removed '/home/anton/projects/mlperf/power-dev/output/2021-02-27_15-15-36client.log.tmp'
ptd-server 2021-02-27 15:37:15,371 [INFO] Sending reply to client 'OK'
ptd-server 2021-02-27 15:37:15,375 [INFO] Got command from the client 'session,2021-02-27_15-15-36,upload,client.json'
ptd-server 2021-02-27 15:37:15,375 [INFO] Received '/home/anton/projects/mlperf/power-dev/output/2021-02-27_15-15-36client.json.tmp'
ptd-server 2021-02-27 15:37:15,376 [INFO] Removed '/home/anton/projects/mlperf/power-dev/output/2021-02-27_15-15-36client.json.tmp'
ptd-server 2021-02-27 15:37:15,376 [INFO] Sending reply to client 'OK'
ptd-server 2021-02-27 15:37:15,377 [INFO] Got command from the client 'session,2021-02-27_15-15-36,done'
ptd-server 2021-02-27 15:37:15,377 [INFO] Sending to ptd: 'Stop'
ptd-server 2021-02-27 15:37:16,125 [INFO] Reply from ptd: 'Error: no measurement to stop'
ptd-server 2021-02-27 15:37:16,125 [INFO] Sending to ptd: 'SR,V,300.000000'
ptd-server 2021-02-27 15:37:17,627 [INFO] Reply from ptd: 'Range V changed'
ptd-server 2021-02-27 15:37:17,627 [INFO] Sending to ptd: 'SR,A,0.500000'
ptd-server 2021-02-27 15:37:19,128 [INFO] Reply from ptd: 'Range A changed'
ptd-server 2021-02-27 15:37:19,129 [INFO] Set initial values for Amps 0.500000 and Volts 300.000000
ptd-server 2021-02-27 15:37:19,129 [INFO] Stopping ptd...
