ptd-server 2021-02-27 20:43:48,939 [INFO] Got command from the client 'time'
ptd-server 2021-02-27 20:43:48,939 [INFO] Sending reply to client '1614458628.9398265'
ptd-server 2021-02-27 20:43:48,941 [INFO] Got command from the client 'new,,d6dcd995-bb40-4a09-b6aa-f4be1367e385'
ptd-server 2021-02-27 20:43:48,941 [INFO] Sending reply to client 'OK 2021-02-27_20-43-48,83a14e07-5c20-4ca0-970e-b5ac2981d10e'
ptd-server 2021-02-27 20:43:48,979 [INFO] Got command from the client 'time'
ptd-server 2021-02-27 20:43:48,979 [INFO] Sending reply to client '1614458628.9796958'
ptd-server 2021-02-27 20:43:48,980 [INFO] Got command from the client 'session,2021-02-27_20-43-48,start,ranging'
ptd-server 2021-02-27 20:43:48,981 [INFO] Running PTDaemon: ['/home/anton/projects/mlperf/power/inference_v1.0/ptd-linux-x86', '-l', 'ptd.log', '-p', '8888', '52', '/dev/usbtmc0']
ptd-server 2021-02-27 20:44:06,148 [INFO] Sending to ptd: 'Hello'
ptd-server 2021-02-27 20:44:06,149 [INFO] Reply from ptd: 'Hello, PTDaemon here!'
ptd-server 2021-02-27 20:44:06,149 [INFO] Sending to ptd: 'Identify'
ptd-server 2021-02-27 20:44:06,149 [INFO] Reply from ptd: 'YokogawaWT330E,1000,1,1,1,1,0,0,1,version=1.9.2-e8c7a49a-20201208,OS=Linux 5.8.0-43-generic #49~20.04.1-Ubuntu SMP Fri Feb 5 09:57:56 UTC 2021 x86_64,mode=power,1,1,1,0,0,no_cal_date,YOKOGAWA;WT333E;C3VD30030E;F1.04'
ptd-server 2021-02-27 20:44:06,149 [INFO] Connected to PTDaemon
ptd-server 2021-02-27 20:44:06,150 [INFO] Sending to ptd: 'RR'
ptd-server 2021-02-27 20:44:06,150 [INFO] Reply from ptd: 'Ranges,0,0.500000,0,300.000000'
ptd-server 2021-02-27 20:44:06,150 [INFO] Initial range for Amps is 0.500000 for Volts is 300.000000
ptd-server 2021-02-27 20:44:06,150 [INFO] Sending to ptd: 'SR,V,Auto'
ptd-server 2021-02-27 20:44:06,653 [INFO] Reply from ptd: 'Range V changed'
ptd-server 2021-02-27 20:44:06,653 [INFO] Sending to ptd: 'SR,A,Auto'
ptd-server 2021-02-27 20:44:07,155 [INFO] Reply from ptd: 'Range A changed'
ptd-server 2021-02-27 20:44:17,165 [INFO] Starting ranging mode
ptd-server 2021-02-27 20:44:17,166 [INFO] Sending to ptd: 'Go,1000,0,2021-02-27_20-43-48_ranging'
ptd-server 2021-02-27 20:44:17,166 [INFO] Reply from ptd: 'Starting untimed measurement, maximum 500000 samples at 1000ms with 0 rampup samples'
ptd-server 2021-02-27 20:44:17,166 [INFO] Sending reply to client 'OK'
ptd-server 2021-02-27 20:54:35,590 [INFO] Got command from the client 'session,2021-02-27_20-43-48,stop,ranging'
ptd-server 2021-02-27 20:54:45,600 [INFO] Sending to ptd: 'Stop'
ptd-server 2021-02-27 20:54:45,601 [INFO] Reply from ptd: 'Stopping untimed measurement'
ptd-server 2021-02-27 20:54:45,731 [INFO] Sending reply to client 'OK'
ptd-server 2021-02-27 20:54:45,778 [INFO] Got command from the client 'time'
ptd-server 2021-02-27 20:54:45,778 [INFO] Sending reply to client '1614459285.778518'
ptd-server 2021-02-27 20:54:45,779 [INFO] Got command from the client 'session,2021-02-27_20-43-48,start,testing'
ptd-server 2021-02-27 20:54:45,780 [INFO] Sending to ptd: 'SR,V,250.830000'
ptd-server 2021-02-27 20:54:47,668 [INFO] Reply from ptd: 'Range V changed'
ptd-server 2021-02-27 20:54:47,668 [INFO] Sending to ptd: 'SR,A,0.175960'
ptd-server 2021-02-27 20:54:49,169 [INFO] Reply from ptd: 'Range A changed'
ptd-server 2021-02-27 20:54:59,179 [INFO] Starting testing mode
ptd-server 2021-02-27 20:54:59,180 [INFO] Sending to ptd: 'Go,1000,0,2021-02-27_20-43-48_testing'
ptd-server 2021-02-27 20:54:59,180 [INFO] Reply from ptd: 'Starting untimed measurement, maximum 500000 samples at 1000ms with 0 rampup samples'
ptd-server 2021-02-27 20:54:59,180 [INFO] Sending reply to client 'OK'
ptd-server 2021-02-27 21:05:17,542 [INFO] Got command from the client 'session,2021-02-27_20-43-48,stop,testing'
ptd-server 2021-02-27 21:05:27,553 [INFO] Sending to ptd: 'Stop'
ptd-server 2021-02-27 21:05:27,553 [INFO] Reply from ptd: 'Stopping untimed measurement'
ptd-server 2021-02-27 21:05:27,621 [INFO] Sending reply to client 'OK'
ptd-server 2021-02-27 21:05:27,783 [INFO] Got command from the client 'session,2021-02-27_20-43-48,upload,client.log'
ptd-server 2021-02-27 21:05:27,784 [INFO] Received '/home/anton/projects/mlperf/power-dev/output/2021-02-27_20-43-48client.log.tmp'
ptd-server 2021-02-27 21:05:27,784 [INFO] Removed '/home/anton/projects/mlperf/power-dev/output/2021-02-27_20-43-48client.log.tmp'
ptd-server 2021-02-27 21:05:27,784 [INFO] Sending reply to client 'OK'
ptd-server 2021-02-27 21:05:27,789 [INFO] Got command from the client 'session,2021-02-27_20-43-48,upload,client.json'
ptd-server 2021-02-27 21:05:27,789 [INFO] Received '/home/anton/projects/mlperf/power-dev/output/2021-02-27_20-43-48client.json.tmp'
ptd-server 2021-02-27 21:05:27,789 [INFO] Removed '/home/anton/projects/mlperf/power-dev/output/2021-02-27_20-43-48client.json.tmp'
ptd-server 2021-02-27 21:05:27,790 [INFO] Sending reply to client 'OK'
ptd-server 2021-02-27 21:05:27,790 [INFO] Got command from the client 'session,2021-02-27_20-43-48,done'
ptd-server 2021-02-27 21:05:27,791 [INFO] Sending to ptd: 'Stop'
ptd-server 2021-02-27 21:05:28,181 [INFO] Reply from ptd: 'Error: no measurement to stop'
ptd-server 2021-02-27 21:05:28,181 [INFO] Sending to ptd: 'SR,V,300.000000'
ptd-server 2021-02-27 21:05:29,682 [INFO] Reply from ptd: 'Range V changed'
ptd-server 2021-02-27 21:05:29,682 [INFO] Sending to ptd: 'SR,A,0.500000'
ptd-server 2021-02-27 21:05:31,184 [INFO] Reply from ptd: 'Range A changed'
ptd-server 2021-02-27 21:05:31,184 [INFO] Set initial values for Amps 0.500000 and Volts 300.000000
ptd-server 2021-02-27 21:05:31,184 [INFO] Stopping ptd...
