ptd-server 2021-03-07 10:28:22,600 [INFO] Got command from the client 'time'
ptd-server 2021-03-07 10:28:22,600 [INFO] Sending reply to client '1615112902.6008523'
ptd-server 2021-03-07 10:28:22,603 [INFO] Got command from the client 'new,,408d432c-0055-4eb0-a6ed-d8942fe73131'
ptd-server 2021-03-07 10:28:22,604 [INFO] Sending reply to client 'OK 2021-03-07_10-28-22,4fbb08cf-11f7-4398-b947-fb183143ae01'
ptd-server 2021-03-07 10:28:22,642 [INFO] Got command from the client 'time'
ptd-server 2021-03-07 10:28:22,642 [INFO] Sending reply to client '1615112902.6424856'
ptd-server 2021-03-07 10:28:22,644 [INFO] Got command from the client 'session,2021-03-07_10-28-22,start,ranging'
ptd-server 2021-03-07 10:28:22,645 [INFO] Running PTDaemon: ['/home/anton/projects/mlperf/power/inference_v1.0/ptd-linux-x86', '-l', 'ptd.log', '-p', '8888', '52', '/dev/usbtmc0']
ptd-server 2021-03-07 10:28:39,814 [INFO] Sending to ptd: 'Hello'
ptd-server 2021-03-07 10:28:39,814 [INFO] Reply from ptd: 'Hello, PTDaemon here!'
ptd-server 2021-03-07 10:28:39,814 [INFO] Sending to ptd: 'Identify'
ptd-server 2021-03-07 10:28:39,815 [INFO] Reply from ptd: 'YokogawaWT330E,1000,1,1,1,1,0,0,1,version=1.9.2-e8c7a49a-20201208,OS=Linux 5.8.0-43-generic #49~20.04.1-Ubuntu SMP Fri Feb 5 09:57:56 UTC 2021 x86_64,mode=power,1,1,1,0,0,no_cal_date,YOKOGAWA;WT333E;C3VD30030E;F1.04'
ptd-server 2021-03-07 10:28:39,815 [INFO] Connected to PTDaemon
ptd-server 2021-03-07 10:28:39,815 [INFO] Sending to ptd: 'RR'
ptd-server 2021-03-07 10:28:39,815 [INFO] Reply from ptd: 'Ranges,0,0.500000,0,300.000000'
ptd-server 2021-03-07 10:28:39,815 [INFO] Initial range for Amps is 0.500000 for Volts is 300.000000
ptd-server 2021-03-07 10:28:39,816 [INFO] Sending to ptd: 'SR,V,Auto'
ptd-server 2021-03-07 10:28:40,318 [INFO] Reply from ptd: 'Range V changed'
ptd-server 2021-03-07 10:28:40,318 [INFO] Sending to ptd: 'SR,A,Auto'
ptd-server 2021-03-07 10:28:40,821 [INFO] Reply from ptd: 'Range A changed'
ptd-server 2021-03-07 10:28:50,831 [INFO] Starting ranging mode
ptd-server 2021-03-07 10:28:50,831 [INFO] Sending to ptd: 'Go,1000,0,2021-03-07_10-28-22_ranging'
ptd-server 2021-03-07 10:28:50,832 [INFO] Reply from ptd: 'Starting untimed measurement, maximum 500000 samples at 1000ms with 0 rampup samples'
ptd-server 2021-03-07 10:28:50,832 [INFO] Sending reply to client 'OK'
ptd-server 2021-03-07 10:39:15,693 [INFO] Got command from the client 'session,2021-03-07_10-28-22,stop,ranging'
ptd-server 2021-03-07 10:39:25,703 [INFO] Sending to ptd: 'Stop'
ptd-server 2021-03-07 10:39:25,704 [INFO] Reply from ptd: 'Stopping untimed measurement'
ptd-server 2021-03-07 10:39:26,258 [INFO] Sending reply to client 'OK'
ptd-server 2021-03-07 10:39:26,331 [INFO] Got command from the client 'time'
ptd-server 2021-03-07 10:39:26,331 [INFO] Sending reply to client '1615113566.3314989'
ptd-server 2021-03-07 10:39:26,334 [INFO] Got command from the client 'session,2021-03-07_10-28-22,start,testing'
ptd-server 2021-03-07 10:39:26,335 [INFO] Sending to ptd: 'SR,V,247.920000'
ptd-server 2021-03-07 10:39:27,836 [INFO] Reply from ptd: 'Range V changed'
ptd-server 2021-03-07 10:39:27,836 [INFO] Sending to ptd: 'SR,A,0.055980'
ptd-server 2021-03-07 10:39:29,338 [INFO] Reply from ptd: 'Range A changed'
ptd-server 2021-03-07 10:39:39,348 [INFO] Starting testing mode
ptd-server 2021-03-07 10:39:39,348 [INFO] Sending to ptd: 'Go,1000,0,2021-03-07_10-28-22_testing'
ptd-server 2021-03-07 10:39:39,349 [INFO] Reply from ptd: 'Starting untimed measurement, maximum 500000 samples at 1000ms with 0 rampup samples'
ptd-server 2021-03-07 10:39:39,349 [INFO] Sending reply to client 'OK'
ptd-server 2021-03-07 10:50:09,088 [INFO] Got command from the client 'session,2021-03-07_10-28-22,stop,testing'
ptd-server 2021-03-07 10:50:19,098 [INFO] Sending to ptd: 'Stop'
ptd-server 2021-03-07 10:50:19,099 [INFO] Reply from ptd: 'Stopping untimed measurement'
ptd-server 2021-03-07 10:50:19,380 [INFO] Sending reply to client 'OK'
ptd-server 2021-03-07 10:50:19,388 [INFO] Got command from the client 'session,2021-03-07_10-28-22,upload,client.log'
ptd-server 2021-03-07 10:50:19,392 [INFO] Received '/home/anton/projects/mlperf/power-dev/output/2021-03-07_10-28-22client.log.tmp'
ptd-server 2021-03-07 10:50:19,392 [INFO] Removed '/home/anton/projects/mlperf/power-dev/output/2021-03-07_10-28-22client.log.tmp'
ptd-server 2021-03-07 10:50:19,392 [INFO] Sending reply to client 'OK'
ptd-server 2021-03-07 10:50:19,405 [INFO] Got command from the client 'session,2021-03-07_10-28-22,upload,client.json'
ptd-server 2021-03-07 10:50:19,409 [INFO] Received '/home/anton/projects/mlperf/power-dev/output/2021-03-07_10-28-22client.json.tmp'
ptd-server 2021-03-07 10:50:19,409 [INFO] Removed '/home/anton/projects/mlperf/power-dev/output/2021-03-07_10-28-22client.json.tmp'
ptd-server 2021-03-07 10:50:19,409 [INFO] Sending reply to client 'OK'
ptd-server 2021-03-07 10:50:19,412 [INFO] Got command from the client 'session,2021-03-07_10-28-22,done'
ptd-server 2021-03-07 10:50:19,412 [INFO] Sending to ptd: 'Stop'
ptd-server 2021-03-07 10:50:19,413 [INFO] Reply from ptd: 'Error: no measurement to stop'
ptd-server 2021-03-07 10:50:19,413 [INFO] Sending to ptd: 'SR,V,300.000000'
ptd-server 2021-03-07 10:50:20,914 [INFO] Reply from ptd: 'Range V changed'
ptd-server 2021-03-07 10:50:20,914 [INFO] Sending to ptd: 'SR,A,0.500000'
ptd-server 2021-03-07 10:50:22,415 [INFO] Reply from ptd: 'Range A changed'
ptd-server 2021-03-07 10:50:22,416 [INFO] Set initial values for Amps 0.500000 and Volts 300.000000
ptd-server 2021-03-07 10:50:22,416 [INFO] Stopping ptd...
