client 2021-03-17 03:30:45,425 [WARNING] Removing old loadgen logs directory '/home/scratch.mlperf_inf_ci/mlPerf/L1/A100_PCIex8_MaxQ-Computelab-A100-PCIEx8-MaxQ-L1-2-2021-03-17-03-56-44-UTC/mlperf-inference/closed/NVIDIA/build/power_logs_temp'
client 2021-03-17 03:30:45,431 [INFO] Sending command to the server: 'mlcommons/power client v3'
client 2021-03-17 03:30:45,437 [INFO] Got response: 'mlcommons/power server v3'
client 2021-03-17 03:30:45,437 [INFO] Sending command to the server: 'stop'
client 2021-03-17 03:30:45,438 [INFO] Got response: 'OK'
client 2021-03-17 03:30:45,438 [INFO] Synchronizing with the server and with ib-01.dc4-in.nvidia.com...
client 2021-03-17 03:30:45,645 [INFO] NTP:offset = 0.000 s, delay = 0.202 s 
client 2021-03-17 03:30:45,645 [INFO] Sending command to the server: 'time'
client 2021-03-17 03:30:45,646 [INFO] Got response: '1615977045.7100878'
client 2021-03-17 03:30:45,646 [INFO] The time difference between the client and the server is within range -64.572 ms..-63.465 ms
client 2021-03-17 03:30:45,646 [INFO] Sending command to the server: 'new,,eb66d34e-66ec-4e7e-9c50-f814a35eb170'
client 2021-03-17 03:30:45,648 [INFO] Got response: 'OK 2021-03-17_03-30-45,cdcd948a-1b49-4c14-ac0c-46ebbb4a6f89'
client 2021-03-17 03:30:45,648 [INFO] Session id is '2021-03-17_03-30-45'
client 2021-03-17 03:30:45,648 [INFO] Sources: {"sources": {"client.py": "d1e75cb4b26101220ebd242e584cf3ca5d8f1996", "lib/__init__.py": "da39a3ee5e6b4b0d3255bfef95601890afd80709", "lib/client.py": "d42bebf5b74cb6ff3997e2a6c68422afac111a28", "lib/common.py": "b0bad80d8fa328a7636027d4d66ff453f8dd7889", "lib/external/ntplib.py": "4da8f970656505a40483206ef2b5d3dd5e81711d", "lib/server.py": "2ed36471c7af565d6c8438b2134edad1d7ddf166", "lib/source_hashes.py": "4cedff274c661cb1504052018fd4f00dfbf624ef", "lib/summary.py": "0db15d783907aa92038281af4e465545c0648ddb", "lib/time_sync.py": "76051226ec89287839723352f4162aaa24e0546a", "server.py": "99e1310e3f76292aef1b8792ce6b8c82f1d44d8b", "tests/unit/test_server.py": "64f11775bfed35232a0e8bb9593c0ff992432c59", "tests/unit/test_source_hashes.py": "cb41a7261eaf7d94ba5c0aae9c523174f6204be3"}, "modules": {"__main__": "client.py", "lib.client": "lib/client.py", "lib.common": "lib/common.py", "lib.external.ntplib": "lib/external/ntplib.py", "lib.source_hashes": "lib/source_hashes.py", "lib.summary": "lib/summary.py", "lib.time_sync": "lib/time_sync.py"}}
client 2021-03-17 03:30:45,651 [INFO] Running workload in ranging mode
client 2021-03-17 03:30:45,651 [INFO] Synchronizing with the server and with ib-01.dc4-in.nvidia.com...
client 2021-03-17 03:30:45,854 [INFO] NTP:offset = 0.000 s, delay = 0.202 s 
client 2021-03-17 03:30:45,854 [INFO] Sending command to the server: 'time'
client 2021-03-17 03:30:45,855 [INFO] Got response: '1615977045.9287872'
client 2021-03-17 03:30:45,856 [INFO] The time difference between the client and the server is within range -74.025 ms..-72.702 ms
client 2021-03-17 03:30:45,856 [INFO] Sending command to the server: 'session,2021-03-17_03-30-45,start,ranging'
client 2021-03-17 03:31:27,531 [INFO] Got response: 'OK'
client 2021-03-17 03:31:27,531 [INFO] Running the workload 'LOG_DIR=/home/scratch.mlperf_inf_ci/mlPerf/L1/A100_PCIex8_MaxQ-Computelab-A100-PCIEx8-MaxQ-L1-2-2021-03-17-03-56-44-UTC/mlperf-inference/closed/NVIDIA/build/power_logs_temp python3 code/main.py --benchmarks=bert --scenarios=Offline --test_mode=PerformanceOnly --config_ver=maxq_high_accuracy --action="run_harness" \\\n\t\t&& cp -v /home/scratch.mlperf_inf_ci/mlPerf/L1/A100_PCIex8_MaxQ-Computelab-A100-PCIEx8-MaxQ-L1-2-2021-03-17-03-56-44-UTC/mlperf-inference/closed/NVIDIA/build/power_logs_temp/*/*/*/mlperf_log_detail.txt /home/scratch.mlperf_inf_ci/mlPerf/L1/A100_PCIex8_MaxQ-Computelab-A100-PCIEx8-MaxQ-L1-2-2021-03-17-03-56-44-UTC/mlperf-inference/closed/NVIDIA/build/power_logs_temp/ \\\n\t\t&& cp -v /home/scratch.mlperf_inf_ci/mlPerf/L1/A100_PCIex8_MaxQ-Computelab-A100-PCIEx8-MaxQ-L1-2-2021-03-17-03-56-44-UTC/mlperf-inference/closed/NVIDIA/build/power_logs_temp/*/*/*/mlperf_log_summary.txt /home/scratch.mlperf_inf_ci/mlPerf/L1/A100_PCIex8_MaxQ-Computelab-A100-PCIEx8-MaxQ-L1-2-2021-03-17-03-56-44-UTC/mlperf-inference/closed/NVIDIA/build/power_logs_temp/'
client 2021-03-17 03:43:01,319 [INFO] Sending command to the server: 'session,2021-03-17_03-30-45,stop,ranging'
client 2021-03-17 03:43:11,714 [INFO] Got response: 'OK'
client 2021-03-17 03:43:11,720 [INFO] Packing logs into zip and uploading to the server
client 2021-03-17 03:43:11,762 [INFO] Zip file size: 64.1 kB
client 2021-03-17 03:43:11,782 [INFO] Got response: 'OK'
client 2021-03-17 03:43:11,783 [INFO] Running workload in testing mode
client 2021-03-17 03:43:11,783 [INFO] Synchronizing with the server and with ib-01.dc4-in.nvidia.com...
client 2021-03-17 03:43:11,987 [INFO] NTP:offset = 0.000 s, delay = 0.202 s 
client 2021-03-17 03:43:11,987 [INFO] Sending command to the server: 'time'
client 2021-03-17 03:43:11,988 [INFO] Got response: '1615977792.0518534'
client 2021-03-17 03:43:11,988 [INFO] The time difference between the client and the server is within range -64.551 ms..-63.094 ms
client 2021-03-17 03:43:11,988 [INFO] Sending command to the server: 'session,2021-03-17_03-30-45,start,testing'
client 2021-03-17 03:43:33,677 [INFO] Got response: 'OK'
client 2021-03-17 03:43:33,677 [INFO] Running the workload 'LOG_DIR=/home/scratch.mlperf_inf_ci/mlPerf/L1/A100_PCIex8_MaxQ-Computelab-A100-PCIEx8-MaxQ-L1-2-2021-03-17-03-56-44-UTC/mlperf-inference/closed/NVIDIA/build/power_logs_temp python3 code/main.py --benchmarks=bert --scenarios=Offline --test_mode=PerformanceOnly --config_ver=maxq_high_accuracy --action="run_harness" \\\n\t\t&& cp -v /home/scratch.mlperf_inf_ci/mlPerf/L1/A100_PCIex8_MaxQ-Computelab-A100-PCIEx8-MaxQ-L1-2-2021-03-17-03-56-44-UTC/mlperf-inference/closed/NVIDIA/build/power_logs_temp/*/*/*/mlperf_log_detail.txt /home/scratch.mlperf_inf_ci/mlPerf/L1/A100_PCIex8_MaxQ-Computelab-A100-PCIEx8-MaxQ-L1-2-2021-03-17-03-56-44-UTC/mlperf-inference/closed/NVIDIA/build/power_logs_temp/ \\\n\t\t&& cp -v /home/scratch.mlperf_inf_ci/mlPerf/L1/A100_PCIex8_MaxQ-Computelab-A100-PCIEx8-MaxQ-L1-2-2021-03-17-03-56-44-UTC/mlperf-inference/closed/NVIDIA/build/power_logs_temp/*/*/*/mlperf_log_summary.txt /home/scratch.mlperf_inf_ci/mlPerf/L1/A100_PCIex8_MaxQ-Computelab-A100-PCIEx8-MaxQ-L1-2-2021-03-17-03-56-44-UTC/mlperf-inference/closed/NVIDIA/build/power_logs_temp/'
client 2021-03-17 03:55:10,286 [INFO] Sending command to the server: 'session,2021-03-17_03-30-45,stop,testing'
client 2021-03-17 03:55:20,483 [INFO] Got response: 'OK'
client 2021-03-17 03:55:20,489 [INFO] Packing logs into zip and uploading to the server
client 2021-03-17 03:55:20,526 [INFO] Zip file size: 64.0 kB
client 2021-03-17 03:55:20,545 [INFO] Got response: 'OK'
client 2021-03-17 03:55:20,545 [INFO] Done runs
