ptd-server 2021-03-17 03:30:45,507 [INFO] Got command from the client 'stop'
ptd-server 2021-03-17 03:30:45,507 [INFO] The server will be stopped after processing this client
ptd-server 2021-03-17 03:30:45,507 [INFO] Sending reply to client 'OK'
ptd-server 2021-03-17 03:30:45,710 [INFO] Got command from the client 'time'
ptd-server 2021-03-17 03:30:45,710 [INFO] Sending reply to client '1615977045.7100878'
ptd-server 2021-03-17 03:30:45,710 [INFO] Got command from the client 'new,,eb66d34e-66ec-4e7e-9c50-f814a35eb170'
ptd-server 2021-03-17 03:30:45,725 [INFO] Sending reply to client 'OK 2021-03-17_03-30-45,cdcd948a-1b49-4c14-ac0c-46ebbb4a6f89'
ptd-server 2021-03-17 03:30:45,928 [INFO] Got command from the client 'time'
ptd-server 2021-03-17 03:30:45,928 [INFO] Sending reply to client '1615977045.9287872'
ptd-server 2021-03-17 03:30:45,928 [INFO] Got command from the client 'session,2021-03-17_03-30-45,start,ranging'
ptd-server 2021-03-17 03:30:46,038 [INFO] Running PTDaemon: ['C:\\PTD\\ptd-windows-x86.exe', '-l', 'C:\\logs_ptdeamon.txt', '-p', '8888', '-c', '1,3', '-y', '77', '10.117.41.199']
ptd-server 2021-03-17 03:31:07,440 [INFO] Sending to ptd: 'Hello'
ptd-server 2021-03-17 03:31:07,440 [INFO] Reply from ptd: 'Hello, PTDaemon here!'
ptd-server 2021-03-17 03:31:07,440 [INFO] Sending to ptd: 'Identify'
ptd-server 2021-03-17 03:31:07,440 [INFO] Reply from ptd: 'YokogawaWT330_multichannel,1000,1,1,1,1,0,0,1,version=1.9.2-3976349f-20201208,OS=Windows 8 / Server 2012,mode=power,1,1,2,0,0,no_cal_date,YOKOGAWA;WT333E;C2WL21011V;F1.04'
ptd-server 2021-03-17 03:31:07,440 [INFO] Connected to PTDaemon
ptd-server 2021-03-17 03:31:07,440 [INFO] Sending to ptd: 'RR'
ptd-server 2021-03-17 03:31:07,440 [INFO] Reply from ptd: 'Ranges,1,2.000000,1,300.000000'
ptd-server 2021-03-17 03:31:07,440 [INFO] Initial range for Amps is Auto for Volts is Auto
ptd-server 2021-03-17 03:31:07,440 [INFO] Sending to ptd: 'SR,V,Auto'
ptd-server 2021-03-17 03:31:12,517 [INFO] Reply from ptd: 'Range V changed'
ptd-server 2021-03-17 03:31:12,517 [INFO] Sending to ptd: 'SR,A,Auto'
ptd-server 2021-03-17 03:31:17,594 [INFO] Reply from ptd: 'Range A changed'
ptd-server 2021-03-17 03:31:27,601 [INFO] Starting ranging mode
ptd-server 2021-03-17 03:31:27,601 [INFO] Sending to ptd: 'Go,1000,0,2021-03-17_03-30-45_ranging'
ptd-server 2021-03-17 03:31:27,601 [INFO] Reply from ptd: 'Starting untimed measurement, maximum 500000 samples at 1000ms with 0 rampup samples'
ptd-server 2021-03-17 03:31:27,601 [INFO] Sending reply to client 'OK'
ptd-server 2021-03-17 03:43:01,382 [INFO] Got command from the client 'session,2021-03-17_03-30-45,stop,ranging'
ptd-server 2021-03-17 03:43:11,411 [INFO] Sending to ptd: 'Stop'
ptd-server 2021-03-17 03:43:11,411 [INFO] Reply from ptd: 'Stopping untimed measurement'
ptd-server 2021-03-17 03:43:11,786 [INFO] Sending reply to client 'OK'
ptd-server 2021-03-17 03:43:11,833 [INFO] Got command from the client 'session,2021-03-17_03-30-45,upload,ranging'
ptd-server 2021-03-17 03:43:11,833 [INFO] Received 'C:\\ptd-logs\\2021-03-17_03-30-45ranging.tmp'
ptd-server 2021-03-17 03:43:11,848 [INFO] Extracted 'C:\\ptd-logs\\2021-03-17_03-30-45ranging.tmp' into 'C:\\ptd-logs\\2021-03-17_03-30-45\\ranging'
ptd-server 2021-03-17 03:43:11,848 [INFO] Removed 'C:\\ptd-logs\\2021-03-17_03-30-45ranging.tmp'
ptd-server 2021-03-17 03:43:11,848 [INFO] Sending reply to client 'OK'
ptd-server 2021-03-17 03:43:12,051 [INFO] Got command from the client 'time'
ptd-server 2021-03-17 03:43:12,051 [INFO] Sending reply to client '1615977792.0518534'
ptd-server 2021-03-17 03:43:12,051 [INFO] Got command from the client 'session,2021-03-17_03-30-45,start,testing'
ptd-server 2021-03-17 03:43:12,051 [INFO] Sending to ptd: 'SR,V,206.370000'
ptd-server 2021-03-17 03:43:18,159 [INFO] Reply from ptd: 'Range V changed'
ptd-server 2021-03-17 03:43:18,159 [INFO] Sending to ptd: 'SR,A,4.285200'
ptd-server 2021-03-17 03:43:23,748 [INFO] Reply from ptd: 'Range A changed'
ptd-server 2021-03-17 03:43:33,748 [INFO] Starting testing mode
ptd-server 2021-03-17 03:43:33,748 [INFO] Sending to ptd: 'Go,1000,0,2021-03-17_03-30-45_testing'
ptd-server 2021-03-17 03:43:33,748 [INFO] Reply from ptd: 'Starting untimed measurement, maximum 500000 samples at 1000ms with 0 rampup samples'
ptd-server 2021-03-17 03:43:33,748 [INFO] Sending reply to client 'OK'
ptd-server 2021-03-17 03:55:10,352 [INFO] Got command from the client 'session,2021-03-17_03-30-45,stop,testing'
ptd-server 2021-03-17 03:55:20,369 [INFO] Sending to ptd: 'Stop'
ptd-server 2021-03-17 03:55:20,369 [INFO] Reply from ptd: 'Stopping untimed measurement'
ptd-server 2021-03-17 03:55:20,556 [INFO] Sending reply to client 'OK'
ptd-server 2021-03-17 03:55:20,603 [INFO] Got command from the client 'session,2021-03-17_03-30-45,upload,testing'
ptd-server 2021-03-17 03:55:20,603 [INFO] Received 'C:\\ptd-logs\\2021-03-17_03-30-45testing.tmp'
ptd-server 2021-03-17 03:55:20,619 [INFO] Extracted 'C:\\ptd-logs\\2021-03-17_03-30-45testing.tmp' into 'C:\\ptd-logs\\2021-03-17_03-30-45\\run_1'
ptd-server 2021-03-17 03:55:20,619 [INFO] Removed 'C:\\ptd-logs\\2021-03-17_03-30-45testing.tmp'
ptd-server 2021-03-17 03:55:20,619 [INFO] Sending reply to client 'OK'
ptd-server 2021-03-17 03:55:20,619 [INFO] Got command from the client 'session,2021-03-17_03-30-45,upload,client.log'
ptd-server 2021-03-17 03:55:20,619 [INFO] Received 'C:\\ptd-logs\\2021-03-17_03-30-45client.log.tmp'
ptd-server 2021-03-17 03:55:20,635 [INFO] Removed 'C:\\ptd-logs\\2021-03-17_03-30-45client.log.tmp'
ptd-server 2021-03-17 03:55:20,635 [INFO] Sending reply to client 'OK'
ptd-server 2021-03-17 03:55:20,650 [INFO] Got command from the client 'session,2021-03-17_03-30-45,upload,client.json'
ptd-server 2021-03-17 03:55:20,650 [INFO] Received 'C:\\ptd-logs\\2021-03-17_03-30-45client.json.tmp'
ptd-server 2021-03-17 03:55:20,666 [INFO] Removed 'C:\\ptd-logs\\2021-03-17_03-30-45client.json.tmp'
ptd-server 2021-03-17 03:55:20,666 [INFO] Sending reply to client 'OK'
ptd-server 2021-03-17 03:55:20,666 [INFO] Got command from the client 'session,2021-03-17_03-30-45,done'
ptd-server 2021-03-17 03:55:20,666 [INFO] Sending to ptd: 'Stop'
ptd-server 2021-03-17 03:55:20,760 [INFO] Reply from ptd: 'Error: no measurement to stop'
ptd-server 2021-03-17 03:55:20,760 [INFO] Sending to ptd: 'SR,V,Auto'
ptd-server 2021-03-17 03:55:25,836 [INFO] Reply from ptd: 'Range V changed'
ptd-server 2021-03-17 03:55:25,836 [INFO] Sending to ptd: 'SR,A,Auto'
ptd-server 2021-03-17 03:55:30,916 [INFO] Reply from ptd: 'Range A changed'
ptd-server 2021-03-17 03:55:30,916 [INFO] Set initial values for Amps Auto and Volts Auto
ptd-server 2021-03-17 03:55:30,916 [INFO] Stopping ptd...
