ptd-server 2021-03-09 20:23:08,153 [INFO] Got command from the client 'time'
ptd-server 2021-03-09 20:23:08,154 [INFO] Sending reply to client '1615321388.1540568'
ptd-server 2021-03-09 20:23:08,156 [INFO] Got command from the client 'new,,2ec622a7-470d-4b11-bc64-6ee7f1a7fca2'
ptd-server 2021-03-09 20:23:08,157 [INFO] Sending reply to client 'OK 2021-03-09_20-23-08,f039469a-5b02-4810-acb8-be53c5ddd8c1'
ptd-server 2021-03-09 20:23:08,297 [INFO] Got command from the client 'time'
ptd-server 2021-03-09 20:23:08,297 [INFO] Sending reply to client '1615321388.2972941'
ptd-server 2021-03-09 20:23:08,299 [INFO] Got command from the client 'session,2021-03-09_20-23-08,start,ranging'
ptd-server 2021-03-09 20:23:08,299 [INFO] Running PTDaemon: ['/home/anton/projects/mlperf/power/inference_v1.0/ptd-linux-x86', '-l', 'ptd.log', '-p', '8888', '52', '/dev/usbtmc0']
ptd-server 2021-03-09 20:23:25,472 [INFO] Sending to ptd: 'Hello'
ptd-server 2021-03-09 20:23:25,473 [INFO] Reply from ptd: 'Hello, PTDaemon here!'
ptd-server 2021-03-09 20:23:25,473 [INFO] Sending to ptd: 'Identify'
ptd-server 2021-03-09 20:23:25,473 [INFO] Reply from ptd: 'YokogawaWT330E,1000,1,1,1,1,0,0,1,version=1.9.2-e8c7a49a-20201208,OS=Linux 5.8.0-43-generic #49~20.04.1-Ubuntu SMP Fri Feb 5 09:57:56 UTC 2021 x86_64,mode=power,1,1,1,0,0,no_cal_date,YOKOGAWA;WT333E;C3VD30030E;F1.04'
ptd-server 2021-03-09 20:23:25,473 [INFO] Connected to PTDaemon
ptd-server 2021-03-09 20:23:25,473 [INFO] Sending to ptd: 'RR'
ptd-server 2021-03-09 20:23:25,474 [INFO] Reply from ptd: 'Ranges,0,0.500000,0,300.000000'
ptd-server 2021-03-09 20:23:25,474 [INFO] Initial range for Amps is 0.500000 for Volts is 300.000000
ptd-server 2021-03-09 20:23:25,474 [INFO] Sending to ptd: 'SR,V,Auto'
ptd-server 2021-03-09 20:23:25,977 [INFO] Reply from ptd: 'Range V changed'
ptd-server 2021-03-09 20:23:25,977 [INFO] Sending to ptd: 'SR,A,Auto'
ptd-server 2021-03-09 20:23:26,479 [INFO] Reply from ptd: 'Range A changed'
ptd-server 2021-03-09 20:23:36,490 [INFO] Starting ranging mode
ptd-server 2021-03-09 20:23:36,490 [INFO] Sending to ptd: 'Go,1000,0,2021-03-09_20-23-08_ranging'
ptd-server 2021-03-09 20:23:36,490 [INFO] Reply from ptd: 'Starting untimed measurement, maximum 500000 samples at 1000ms with 0 rampup samples'
ptd-server 2021-03-09 20:23:36,490 [INFO] Sending reply to client 'OK'
ptd-server 2021-03-09 20:33:51,909 [INFO] Got command from the client 'session,2021-03-09_20-23-08,stop,ranging'
ptd-server 2021-03-09 20:34:01,919 [INFO] Sending to ptd: 'Stop'
ptd-server 2021-03-09 20:34:01,919 [INFO] Reply from ptd: 'Stopping untimed measurement'
ptd-server 2021-03-09 20:34:02,688 [INFO] Sending reply to client 'OK'
ptd-server 2021-03-09 20:34:02,847 [INFO] Got command from the client 'time'
ptd-server 2021-03-09 20:34:02,848 [INFO] Sending reply to client '1615322042.8480744'
ptd-server 2021-03-09 20:34:02,850 [INFO] Got command from the client 'session,2021-03-09_20-23-08,start,testing'
ptd-server 2021-03-09 20:34:02,850 [INFO] Sending to ptd: 'SR,V,249.670000'
ptd-server 2021-03-09 20:34:04,351 [INFO] Reply from ptd: 'Range V changed'
ptd-server 2021-03-09 20:34:04,352 [INFO] Sending to ptd: 'SR,A,0.146160'
ptd-server 2021-03-09 20:34:05,853 [INFO] Reply from ptd: 'Range A changed'
ptd-server 2021-03-09 20:34:15,863 [INFO] Starting testing mode
ptd-server 2021-03-09 20:34:15,863 [INFO] Sending to ptd: 'Go,1000,0,2021-03-09_20-23-08_testing'
ptd-server 2021-03-09 20:34:15,864 [INFO] Reply from ptd: 'Starting untimed measurement, maximum 500000 samples at 1000ms with 0 rampup samples'
ptd-server 2021-03-09 20:34:15,864 [INFO] Sending reply to client 'OK'
ptd-server 2021-03-09 20:44:31,741 [INFO] Got command from the client 'session,2021-03-09_20-23-08,stop,testing'
ptd-server 2021-03-09 20:44:41,752 [INFO] Sending to ptd: 'Stop'
ptd-server 2021-03-09 20:44:41,752 [INFO] Reply from ptd: 'Stopping untimed measurement'
ptd-server 2021-03-09 20:44:42,156 [INFO] Sending reply to client 'OK'
ptd-server 2021-03-09 20:44:42,165 [INFO] Got command from the client 'session,2021-03-09_20-23-08,upload,client.log'
ptd-server 2021-03-09 20:44:42,166 [INFO] Received '/home/anton/projects/mlperf/power-dev/output/2021-03-09_20-23-08client.log.tmp'
ptd-server 2021-03-09 20:44:42,167 [INFO] Removed '/home/anton/projects/mlperf/power-dev/output/2021-03-09_20-23-08client.log.tmp'
ptd-server 2021-03-09 20:44:42,167 [INFO] Sending reply to client 'OK'
ptd-server 2021-03-09 20:44:42,174 [INFO] Got command from the client 'session,2021-03-09_20-23-08,upload,client.json'
ptd-server 2021-03-09 20:44:42,174 [INFO] Received '/home/anton/projects/mlperf/power-dev/output/2021-03-09_20-23-08client.json.tmp'
ptd-server 2021-03-09 20:44:42,175 [INFO] Removed '/home/anton/projects/mlperf/power-dev/output/2021-03-09_20-23-08client.json.tmp'
ptd-server 2021-03-09 20:44:42,175 [INFO] Sending reply to client 'OK'
ptd-server 2021-03-09 20:44:42,176 [INFO] Got command from the client 'session,2021-03-09_20-23-08,done'
ptd-server 2021-03-09 20:44:42,176 [INFO] Sending to ptd: 'Stop'
ptd-server 2021-03-09 20:44:42,176 [INFO] Reply from ptd: 'Error: no measurement to stop'
ptd-server 2021-03-09 20:44:42,176 [INFO] Sending to ptd: 'SR,V,300.000000'
ptd-server 2021-03-09 20:44:43,678 [INFO] Reply from ptd: 'Range V changed'
ptd-server 2021-03-09 20:44:43,678 [INFO] Sending to ptd: 'SR,A,0.500000'
ptd-server 2021-03-09 20:44:45,179 [INFO] Reply from ptd: 'Range A changed'
ptd-server 2021-03-09 20:44:45,179 [INFO] Set initial values for Amps 0.500000 and Volts 300.000000
ptd-server 2021-03-09 20:44:45,179 [INFO] Stopping ptd...
