ptd-server 2021-03-06 03:54:33,916 [INFO] Got command from the client 'time'
ptd-server 2021-03-06 03:54:33,916 [INFO] Sending reply to client '1615002873.9168868'
ptd-server 2021-03-06 03:54:33,920 [INFO] Got command from the client 'new,,dd84b8a4-8f9f-40bb-a1a9-56423717900e'
ptd-server 2021-03-06 03:54:33,921 [INFO] Sending reply to client 'OK 2021-03-06_03-54-33,95545ce6-4ac4-486b-a2e5-38722f3bdfda'
ptd-server 2021-03-06 03:54:33,956 [INFO] Got command from the client 'time'
ptd-server 2021-03-06 03:54:33,956 [INFO] Sending reply to client '1615002873.9568288'
ptd-server 2021-03-06 03:54:33,960 [INFO] Got command from the client 'session,2021-03-06_03-54-33,start,ranging'
ptd-server 2021-03-06 03:54:33,960 [INFO] Running PTDaemon: ['/home/anton/projects/mlperf/power/inference_v1.0/ptd-linux-x86', '-l', 'ptd.log', '-p', '8888', '52', '/dev/usbtmc0']
ptd-server 2021-03-06 03:54:51,129 [INFO] Sending to ptd: 'Hello'
ptd-server 2021-03-06 03:54:51,129 [INFO] Reply from ptd: 'Hello, PTDaemon here!'
ptd-server 2021-03-06 03:54:51,130 [INFO] Sending to ptd: 'Identify'
ptd-server 2021-03-06 03:54:51,130 [INFO] Reply from ptd: 'YokogawaWT330E,1000,1,1,1,1,0,0,1,version=1.9.2-e8c7a49a-20201208,OS=Linux 5.8.0-43-generic #49~20.04.1-Ubuntu SMP Fri Feb 5 09:57:56 UTC 2021 x86_64,mode=power,1,1,1,0,0,no_cal_date,YOKOGAWA;WT333E;C3VD30030E;F1.04'
ptd-server 2021-03-06 03:54:51,130 [INFO] Connected to PTDaemon
ptd-server 2021-03-06 03:54:51,130 [INFO] Sending to ptd: 'RR'
ptd-server 2021-03-06 03:54:51,131 [INFO] Reply from ptd: 'Ranges,0,0.500000,0,300.000000'
ptd-server 2021-03-06 03:54:51,131 [INFO] Initial range for Amps is 0.500000 for Volts is 300.000000
ptd-server 2021-03-06 03:54:51,131 [INFO] Sending to ptd: 'SR,V,Auto'
ptd-server 2021-03-06 03:54:51,633 [INFO] Reply from ptd: 'Range V changed'
ptd-server 2021-03-06 03:54:51,634 [INFO] Sending to ptd: 'SR,A,Auto'
ptd-server 2021-03-06 03:54:52,136 [INFO] Reply from ptd: 'Range A changed'
ptd-server 2021-03-06 03:55:02,146 [INFO] Starting ranging mode
ptd-server 2021-03-06 03:55:02,147 [INFO] Sending to ptd: 'Go,1000,0,2021-03-06_03-54-33_ranging'
ptd-server 2021-03-06 03:55:02,147 [INFO] Reply from ptd: 'Starting untimed measurement, maximum 500000 samples at 1000ms with 0 rampup samples'
ptd-server 2021-03-06 03:55:02,147 [INFO] Sending reply to client 'OK'
ptd-server 2021-03-06 04:05:34,680 [INFO] Got command from the client 'session,2021-03-06_03-54-33,stop,ranging'
ptd-server 2021-03-06 04:05:44,691 [INFO] Sending to ptd: 'Stop'
ptd-server 2021-03-06 04:05:44,691 [INFO] Reply from ptd: 'Stopping untimed measurement'
ptd-server 2021-03-06 04:05:45,086 [INFO] Sending reply to client 'OK'
ptd-server 2021-03-06 04:05:45,126 [INFO] Got command from the client 'time'
ptd-server 2021-03-06 04:05:45,126 [INFO] Sending reply to client '1615003545.126385'
ptd-server 2021-03-06 04:05:45,130 [INFO] Got command from the client 'session,2021-03-06_03-54-33,start,testing'
ptd-server 2021-03-06 04:05:45,130 [INFO] Sending to ptd: 'SR,V,250.940000'
ptd-server 2021-03-06 04:05:46,648 [INFO] Reply from ptd: 'Range V changed'
ptd-server 2021-03-06 04:05:46,649 [INFO] Sending to ptd: 'SR,A,0.059270'
ptd-server 2021-03-06 04:05:48,150 [INFO] Reply from ptd: 'Range A changed'
ptd-server 2021-03-06 04:05:58,160 [INFO] Starting testing mode
ptd-server 2021-03-06 04:05:58,160 [INFO] Sending to ptd: 'Go,1000,0,2021-03-06_03-54-33_testing'
ptd-server 2021-03-06 04:05:58,161 [INFO] Reply from ptd: 'Starting untimed measurement, maximum 500000 samples at 1000ms with 0 rampup samples'
ptd-server 2021-03-06 04:05:58,161 [INFO] Sending reply to client 'OK'
ptd-server 2021-03-06 04:16:35,726 [INFO] Got command from the client 'session,2021-03-06_03-54-33,stop,testing'
ptd-server 2021-03-06 04:16:45,736 [INFO] Sending to ptd: 'Stop'
ptd-server 2021-03-06 04:16:45,737 [INFO] Reply from ptd: 'Stopping untimed measurement'
ptd-server 2021-03-06 04:16:45,952 [INFO] Sending reply to client 'OK'
ptd-server 2021-03-06 04:16:45,960 [INFO] Got command from the client 'session,2021-03-06_03-54-33,upload,client.log'
ptd-server 2021-03-06 04:16:45,963 [INFO] Received '/home/anton/projects/mlperf/power-dev/output/2021-03-06_03-54-33client.log.tmp'
ptd-server 2021-03-06 04:16:45,963 [INFO] Removed '/home/anton/projects/mlperf/power-dev/output/2021-03-06_03-54-33client.log.tmp'
ptd-server 2021-03-06 04:16:45,963 [INFO] Sending reply to client 'OK'
ptd-server 2021-03-06 04:16:45,976 [INFO] Got command from the client 'session,2021-03-06_03-54-33,upload,client.json'
ptd-server 2021-03-06 04:16:45,980 [INFO] Received '/home/anton/projects/mlperf/power-dev/output/2021-03-06_03-54-33client.json.tmp'
ptd-server 2021-03-06 04:16:45,980 [INFO] Removed '/home/anton/projects/mlperf/power-dev/output/2021-03-06_03-54-33client.json.tmp'
ptd-server 2021-03-06 04:16:45,980 [INFO] Sending reply to client 'OK'
ptd-server 2021-03-06 04:16:45,983 [INFO] Got command from the client 'session,2021-03-06_03-54-33,done'
ptd-server 2021-03-06 04:16:45,983 [INFO] Sending to ptd: 'Stop'
ptd-server 2021-03-06 04:16:46,161 [INFO] Reply from ptd: 'Error: no measurement to stop'
ptd-server 2021-03-06 04:16:46,161 [INFO] Sending to ptd: 'SR,V,300.000000'
ptd-server 2021-03-06 04:16:47,663 [INFO] Reply from ptd: 'Range V changed'
ptd-server 2021-03-06 04:16:47,663 [INFO] Sending to ptd: 'SR,A,0.500000'
ptd-server 2021-03-06 04:16:49,164 [INFO] Reply from ptd: 'Range A changed'
ptd-server 2021-03-06 04:16:49,164 [INFO] Set initial values for Amps 0.500000 and Volts 300.000000
ptd-server 2021-03-06 04:16:49,165 [INFO] Stopping ptd...
