ptd-server 2021-03-05 23:47:51,705 [INFO] Got command from the client 'time'
ptd-server 2021-03-05 23:47:51,705 [INFO] Sending reply to client '1614988071.7058432'
ptd-server 2021-03-05 23:47:51,709 [INFO] Got command from the client 'new,,27cf8237-a27a-4317-aa2e-14269108eae0'
ptd-server 2021-03-05 23:47:51,709 [INFO] Sending reply to client 'OK 2021-03-05_23-47-51,39e33d60-59a7-4008-82d4-b975a483272d'
ptd-server 2021-03-05 23:47:51,746 [INFO] Got command from the client 'time'
ptd-server 2021-03-05 23:47:51,747 [INFO] Sending reply to client '1614988071.746979'
ptd-server 2021-03-05 23:47:51,749 [INFO] Got command from the client 'session,2021-03-05_23-47-51,start,ranging'
ptd-server 2021-03-05 23:47:51,750 [INFO] Running PTDaemon: ['/home/anton/projects/mlperf/power/inference_v1.0/ptd-linux-x86', '-l', 'ptd.log', '-p', '8888', '52', '/dev/usbtmc0']
ptd-server 2021-03-05 23:48:08,917 [INFO] Sending to ptd: 'Hello'
ptd-server 2021-03-05 23:48:08,918 [INFO] Reply from ptd: 'Hello, PTDaemon here!'
ptd-server 2021-03-05 23:48:08,918 [INFO] Sending to ptd: 'Identify'
ptd-server 2021-03-05 23:48:08,918 [INFO] Reply from ptd: 'YokogawaWT330E,1000,1,1,1,1,0,0,1,version=1.9.2-e8c7a49a-20201208,OS=Linux 5.8.0-43-generic #49~20.04.1-Ubuntu SMP Fri Feb 5 09:57:56 UTC 2021 x86_64,mode=power,1,1,1,0,0,no_cal_date,YOKOGAWA;WT333E;C3VD30030E;F1.04'
ptd-server 2021-03-05 23:48:08,919 [INFO] Connected to PTDaemon
ptd-server 2021-03-05 23:48:08,919 [INFO] Sending to ptd: 'RR'
ptd-server 2021-03-05 23:48:08,919 [INFO] Reply from ptd: 'Ranges,0,0.500000,0,300.000000'
ptd-server 2021-03-05 23:48:08,919 [INFO] Initial range for Amps is 0.500000 for Volts is 300.000000
ptd-server 2021-03-05 23:48:08,919 [INFO] Sending to ptd: 'SR,V,Auto'
ptd-server 2021-03-05 23:48:09,422 [INFO] Reply from ptd: 'Range V changed'
ptd-server 2021-03-05 23:48:09,422 [INFO] Sending to ptd: 'SR,A,Auto'
ptd-server 2021-03-05 23:48:09,924 [INFO] Reply from ptd: 'Range A changed'
ptd-server 2021-03-05 23:48:19,935 [INFO] Starting ranging mode
ptd-server 2021-03-05 23:48:19,935 [INFO] Sending to ptd: 'Go,1000,0,2021-03-05_23-47-51_ranging'
ptd-server 2021-03-05 23:48:19,935 [INFO] Reply from ptd: 'Starting untimed measurement, maximum 500000 samples at 1000ms with 0 rampup samples'
ptd-server 2021-03-05 23:48:19,935 [INFO] Sending reply to client 'OK'
ptd-server 2021-03-05 23:58:51,738 [INFO] Got command from the client 'session,2021-03-05_23-47-51,stop,ranging'
ptd-server 2021-03-05 23:59:01,749 [INFO] Sending to ptd: 'Stop'
ptd-server 2021-03-05 23:59:01,749 [INFO] Reply from ptd: 'Stopping untimed measurement'
ptd-server 2021-03-05 23:59:02,135 [INFO] Sending reply to client 'OK'
ptd-server 2021-03-05 23:59:02,175 [INFO] Got command from the client 'time'
ptd-server 2021-03-05 23:59:02,175 [INFO] Sending reply to client '1614988742.1759229'
ptd-server 2021-03-05 23:59:02,180 [INFO] Got command from the client 'session,2021-03-05_23-47-51,start,testing'
ptd-server 2021-03-05 23:59:02,180 [INFO] Sending to ptd: 'SR,V,252.550000'
ptd-server 2021-03-05 23:59:03,681 [INFO] Reply from ptd: 'Range V changed'
ptd-server 2021-03-05 23:59:03,681 [INFO] Sending to ptd: 'SR,A,0.056150'
ptd-server 2021-03-05 23:59:05,183 [INFO] Reply from ptd: 'Range A changed'
ptd-server 2021-03-05 23:59:15,193 [INFO] Starting testing mode
ptd-server 2021-03-05 23:59:15,193 [INFO] Sending to ptd: 'Go,1000,0,2021-03-05_23-47-51_testing'
ptd-server 2021-03-05 23:59:15,193 [INFO] Reply from ptd: 'Starting untimed measurement, maximum 500000 samples at 1000ms with 0 rampup samples'
ptd-server 2021-03-05 23:59:15,194 [INFO] Sending reply to client 'OK'
ptd-server 2021-03-06 00:09:51,655 [INFO] Got command from the client 'session,2021-03-05_23-47-51,stop,testing'
ptd-server 2021-03-06 00:10:01,665 [INFO] Sending to ptd: 'Stop'
ptd-server 2021-03-06 00:10:01,666 [INFO] Reply from ptd: 'Stopping untimed measurement'
ptd-server 2021-03-06 00:10:01,870 [INFO] Sending reply to client 'OK'
ptd-server 2021-03-06 00:10:01,878 [INFO] Got command from the client 'session,2021-03-05_23-47-51,upload,client.log'
ptd-server 2021-03-06 00:10:01,882 [INFO] Received '/home/anton/projects/mlperf/power-dev/output/2021-03-05_23-47-51client.log.tmp'
ptd-server 2021-03-06 00:10:01,882 [INFO] Removed '/home/anton/projects/mlperf/power-dev/output/2021-03-05_23-47-51client.log.tmp'
ptd-server 2021-03-06 00:10:01,882 [INFO] Sending reply to client 'OK'
ptd-server 2021-03-06 00:10:01,895 [INFO] Got command from the client 'session,2021-03-05_23-47-51,upload,client.json'
ptd-server 2021-03-06 00:10:01,898 [INFO] Received '/home/anton/projects/mlperf/power-dev/output/2021-03-05_23-47-51client.json.tmp'
ptd-server 2021-03-06 00:10:01,899 [INFO] Removed '/home/anton/projects/mlperf/power-dev/output/2021-03-05_23-47-51client.json.tmp'
ptd-server 2021-03-06 00:10:01,899 [INFO] Sending reply to client 'OK'
ptd-server 2021-03-06 00:10:01,901 [INFO] Got command from the client 'session,2021-03-05_23-47-51,done'
ptd-server 2021-03-06 00:10:01,902 [INFO] Sending to ptd: 'Stop'
ptd-server 2021-03-06 00:10:02,193 [INFO] Reply from ptd: 'Error: no measurement to stop'
ptd-server 2021-03-06 00:10:02,193 [INFO] Sending to ptd: 'SR,V,300.000000'
ptd-server 2021-03-06 00:10:03,695 [INFO] Reply from ptd: 'Range V changed'
ptd-server 2021-03-06 00:10:03,695 [INFO] Sending to ptd: 'SR,A,0.500000'
ptd-server 2021-03-06 00:10:05,196 [INFO] Reply from ptd: 'Range A changed'
ptd-server 2021-03-06 00:10:05,196 [INFO] Set initial values for Amps 0.500000 and Volts 300.000000
ptd-server 2021-03-06 00:10:05,197 [INFO] Stopping ptd...
