ptd-server 2021-03-07 17:20:33,628 [INFO] Got command from the client 'time'
ptd-server 2021-03-07 17:20:33,628 [INFO] Sending reply to client '1615137633.6285973'
ptd-server 2021-03-07 17:20:33,631 [INFO] Got command from the client 'new,,bfeec254-4157-4547-b53a-881d24649782'
ptd-server 2021-03-07 17:20:33,632 [INFO] Sending reply to client 'OK 2021-03-07_17-20-33,77284176-45e2-40d7-8c1d-f513edb9cf6e'
ptd-server 2021-03-07 17:20:33,678 [INFO] Got command from the client 'time'
ptd-server 2021-03-07 17:20:33,678 [INFO] Sending reply to client '1615137633.6781764'
ptd-server 2021-03-07 17:20:33,681 [INFO] Got command from the client 'session,2021-03-07_17-20-33,start,ranging'
ptd-server 2021-03-07 17:20:33,682 [INFO] Running PTDaemon: ['/home/anton/projects/mlperf/power/inference_v1.0/ptd-linux-x86', '-l', 'ptd.log', '-p', '8888', '52', '/dev/usbtmc0']
ptd-server 2021-03-07 17:20:50,850 [INFO] Sending to ptd: 'Hello'
ptd-server 2021-03-07 17:20:50,850 [INFO] Reply from ptd: 'Hello, PTDaemon here!'
ptd-server 2021-03-07 17:20:50,850 [INFO] Sending to ptd: 'Identify'
ptd-server 2021-03-07 17:20:50,851 [INFO] Reply from ptd: 'YokogawaWT330E,1000,1,1,1,1,0,0,1,version=1.9.2-e8c7a49a-20201208,OS=Linux 5.8.0-43-generic #49~20.04.1-Ubuntu SMP Fri Feb 5 09:57:56 UTC 2021 x86_64,mode=power,1,1,1,0,0,no_cal_date,YOKOGAWA;WT333E;C3VD30030E;F1.04'
ptd-server 2021-03-07 17:20:50,851 [INFO] Connected to PTDaemon
ptd-server 2021-03-07 17:20:50,851 [INFO] Sending to ptd: 'RR'
ptd-server 2021-03-07 17:20:50,851 [INFO] Reply from ptd: 'Ranges,0,0.500000,0,300.000000'
ptd-server 2021-03-07 17:20:50,852 [INFO] Initial range for Amps is 0.500000 for Volts is 300.000000
ptd-server 2021-03-07 17:20:50,852 [INFO] Sending to ptd: 'SR,V,Auto'
ptd-server 2021-03-07 17:20:51,354 [INFO] Reply from ptd: 'Range V changed'
ptd-server 2021-03-07 17:20:51,354 [INFO] Sending to ptd: 'SR,A,Auto'
ptd-server 2021-03-07 17:20:51,857 [INFO] Reply from ptd: 'Range A changed'
ptd-server 2021-03-07 17:21:01,867 [INFO] Starting ranging mode
ptd-server 2021-03-07 17:21:01,867 [INFO] Sending to ptd: 'Go,1000,0,2021-03-07_17-20-33_ranging'
ptd-server 2021-03-07 17:21:01,868 [INFO] Reply from ptd: 'Starting untimed measurement, maximum 500000 samples at 1000ms with 0 rampup samples'
ptd-server 2021-03-07 17:21:01,868 [INFO] Sending reply to client 'OK'
ptd-server 2021-03-07 17:31:26,868 [INFO] Got command from the client 'session,2021-03-07_17-20-33,stop,ranging'
ptd-server 2021-03-07 17:31:36,878 [INFO] Sending to ptd: 'Stop'
ptd-server 2021-03-07 17:31:36,879 [INFO] Reply from ptd: 'Stopping untimed measurement'
ptd-server 2021-03-07 17:31:37,443 [INFO] Sending reply to client 'OK'
ptd-server 2021-03-07 17:31:37,489 [INFO] Got command from the client 'time'
ptd-server 2021-03-07 17:31:37,489 [INFO] Sending reply to client '1615138297.4891713'
ptd-server 2021-03-07 17:31:37,493 [INFO] Got command from the client 'session,2021-03-07_17-20-33,start,testing'
ptd-server 2021-03-07 17:31:37,493 [INFO] Sending to ptd: 'SR,V,249.280000'
ptd-server 2021-03-07 17:31:39,370 [INFO] Reply from ptd: 'Range V changed'
ptd-server 2021-03-07 17:31:39,370 [INFO] Sending to ptd: 'SR,A,0.051970'
ptd-server 2021-03-07 17:31:40,871 [INFO] Reply from ptd: 'Range A changed'
ptd-server 2021-03-07 17:31:50,882 [INFO] Starting testing mode
ptd-server 2021-03-07 17:31:50,882 [INFO] Sending to ptd: 'Go,1000,0,2021-03-07_17-20-33_testing'
ptd-server 2021-03-07 17:31:50,882 [INFO] Reply from ptd: 'Starting untimed measurement, maximum 500000 samples at 1000ms with 0 rampup samples'
ptd-server 2021-03-07 17:31:50,882 [INFO] Sending reply to client 'OK'
ptd-server 2021-03-07 17:42:20,999 [INFO] Got command from the client 'session,2021-03-07_17-20-33,stop,testing'
ptd-server 2021-03-07 17:42:31,010 [INFO] Sending to ptd: 'Stop'
ptd-server 2021-03-07 17:42:31,010 [INFO] Reply from ptd: 'Stopping untimed measurement'
ptd-server 2021-03-07 17:42:31,317 [INFO] Sending reply to client 'OK'
ptd-server 2021-03-07 17:42:31,325 [INFO] Got command from the client 'session,2021-03-07_17-20-33,upload,client.log'
ptd-server 2021-03-07 17:42:31,328 [INFO] Received '/home/anton/projects/mlperf/power-dev/output/2021-03-07_17-20-33client.log.tmp'
ptd-server 2021-03-07 17:42:31,329 [INFO] Removed '/home/anton/projects/mlperf/power-dev/output/2021-03-07_17-20-33client.log.tmp'
ptd-server 2021-03-07 17:42:31,329 [INFO] Sending reply to client 'OK'
ptd-server 2021-03-07 17:42:31,341 [INFO] Got command from the client 'session,2021-03-07_17-20-33,upload,client.json'
ptd-server 2021-03-07 17:42:31,344 [INFO] Received '/home/anton/projects/mlperf/power-dev/output/2021-03-07_17-20-33client.json.tmp'
ptd-server 2021-03-07 17:42:31,345 [INFO] Removed '/home/anton/projects/mlperf/power-dev/output/2021-03-07_17-20-33client.json.tmp'
ptd-server 2021-03-07 17:42:31,345 [INFO] Sending reply to client 'OK'
ptd-server 2021-03-07 17:42:31,347 [INFO] Got command from the client 'session,2021-03-07_17-20-33,done'
ptd-server 2021-03-07 17:42:31,348 [INFO] Sending to ptd: 'Stop'
ptd-server 2021-03-07 17:42:31,883 [INFO] Reply from ptd: 'Error: no measurement to stop'
ptd-server 2021-03-07 17:42:31,883 [INFO] Sending to ptd: 'SR,V,300.000000'
ptd-server 2021-03-07 17:42:33,384 [INFO] Reply from ptd: 'Range V changed'
ptd-server 2021-03-07 17:42:33,385 [INFO] Sending to ptd: 'SR,A,0.500000'
ptd-server 2021-03-07 17:42:34,886 [INFO] Reply from ptd: 'Range A changed'
ptd-server 2021-03-07 17:42:34,886 [INFO] Set initial values for Amps 0.500000 and Volts 300.000000
ptd-server 2021-03-07 17:42:34,886 [INFO] Stopping ptd...
