ptd-server 2021-03-05 21:33:20,471 [INFO] Got command from the client 'time'
ptd-server 2021-03-05 21:33:20,471 [INFO] Sending reply to client '1614980000.4717019'
ptd-server 2021-03-05 21:33:20,474 [INFO] Got command from the client 'new,,7acef679-3236-4305-a88c-054f4510c3f6'
ptd-server 2021-03-05 21:33:20,474 [INFO] Sending reply to client 'OK 2021-03-05_21-33-20,880cc301-75b4-4760-8e15-2613b9088bb8'
ptd-server 2021-03-05 21:33:20,511 [INFO] Got command from the client 'time'
ptd-server 2021-03-05 21:33:20,511 [INFO] Sending reply to client '1614980000.5116713'
ptd-server 2021-03-05 21:33:20,514 [INFO] Got command from the client 'session,2021-03-05_21-33-20,start,ranging'
ptd-server 2021-03-05 21:33:20,514 [INFO] Running PTDaemon: ['/home/anton/projects/mlperf/power/inference_v1.0/ptd-linux-x86', '-l', 'ptd.log', '-p', '8888', '52', '/dev/usbtmc0']
ptd-server 2021-03-05 21:33:37,683 [INFO] Sending to ptd: 'Hello'
ptd-server 2021-03-05 21:33:37,683 [INFO] Reply from ptd: 'Hello, PTDaemon here!'
ptd-server 2021-03-05 21:33:37,683 [INFO] Sending to ptd: 'Identify'
ptd-server 2021-03-05 21:33:37,684 [INFO] Reply from ptd: 'YokogawaWT330E,1000,1,1,1,1,0,0,1,version=1.9.2-e8c7a49a-20201208,OS=Linux 5.8.0-43-generic #49~20.04.1-Ubuntu SMP Fri Feb 5 09:57:56 UTC 2021 x86_64,mode=power,1,1,1,0,0,no_cal_date,YOKOGAWA;WT333E;C3VD30030E;F1.04'
ptd-server 2021-03-05 21:33:37,684 [INFO] Connected to PTDaemon
ptd-server 2021-03-05 21:33:37,684 [INFO] Sending to ptd: 'RR'
ptd-server 2021-03-05 21:33:37,684 [INFO] Reply from ptd: 'Ranges,0,0.500000,0,300.000000'
ptd-server 2021-03-05 21:33:37,684 [INFO] Initial range for Amps is 0.500000 for Volts is 300.000000
ptd-server 2021-03-05 21:33:37,684 [INFO] Sending to ptd: 'SR,V,Auto'
ptd-server 2021-03-05 21:33:38,187 [INFO] Reply from ptd: 'Range V changed'
ptd-server 2021-03-05 21:33:38,187 [INFO] Sending to ptd: 'SR,A,Auto'
ptd-server 2021-03-05 21:33:38,689 [INFO] Reply from ptd: 'Range A changed'
ptd-server 2021-03-05 21:33:48,700 [INFO] Starting ranging mode
ptd-server 2021-03-05 21:33:48,700 [INFO] Sending to ptd: 'Go,1000,0,2021-03-05_21-33-20_ranging'
ptd-server 2021-03-05 21:33:48,700 [INFO] Reply from ptd: 'Starting untimed measurement, maximum 500000 samples at 1000ms with 0 rampup samples'
ptd-server 2021-03-05 21:33:48,701 [INFO] Sending reply to client 'OK'
ptd-server 2021-03-05 21:44:20,132 [INFO] Got command from the client 'session,2021-03-05_21-33-20,stop,ranging'
ptd-server 2021-03-05 21:44:30,140 [INFO] Sending to ptd: 'Stop'
ptd-server 2021-03-05 21:44:30,140 [INFO] Reply from ptd: 'Stopping untimed measurement'
ptd-server 2021-03-05 21:44:30,525 [INFO] Sending reply to client 'OK'
ptd-server 2021-03-05 21:44:30,570 [INFO] Got command from the client 'time'
ptd-server 2021-03-05 21:44:30,570 [INFO] Sending reply to client '1614980670.5704634'
ptd-server 2021-03-05 21:44:30,573 [INFO] Got command from the client 'session,2021-03-05_21-33-20,start,testing'
ptd-server 2021-03-05 21:44:30,574 [INFO] Sending to ptd: 'SR,V,251.880000'
ptd-server 2021-03-05 21:44:32,201 [INFO] Reply from ptd: 'Range V changed'
ptd-server 2021-03-05 21:44:32,201 [INFO] Sending to ptd: 'SR,A,0.056520'
ptd-server 2021-03-05 21:44:33,703 [INFO] Reply from ptd: 'Range A changed'
ptd-server 2021-03-05 21:44:43,713 [INFO] Starting testing mode
ptd-server 2021-03-05 21:44:43,713 [INFO] Sending to ptd: 'Go,1000,0,2021-03-05_21-33-20_testing'
ptd-server 2021-03-05 21:44:43,713 [INFO] Reply from ptd: 'Starting untimed measurement, maximum 500000 samples at 1000ms with 0 rampup samples'
ptd-server 2021-03-05 21:44:43,714 [INFO] Sending reply to client 'OK'
ptd-server 2021-03-05 21:55:20,021 [INFO] Got command from the client 'session,2021-03-05_21-33-20,stop,testing'
ptd-server 2021-03-05 21:55:30,031 [INFO] Sending to ptd: 'Stop'
ptd-server 2021-03-05 21:55:30,031 [INFO] Reply from ptd: 'Stopping untimed measurement'
ptd-server 2021-03-05 21:55:30,226 [INFO] Sending reply to client 'OK'
ptd-server 2021-03-05 21:55:30,234 [INFO] Got command from the client 'session,2021-03-05_21-33-20,upload,client.log'
ptd-server 2021-03-05 21:55:30,237 [INFO] Received '/home/anton/projects/mlperf/power-dev/output/2021-03-05_21-33-20client.log.tmp'
ptd-server 2021-03-05 21:55:30,237 [INFO] Removed '/home/anton/projects/mlperf/power-dev/output/2021-03-05_21-33-20client.log.tmp'
ptd-server 2021-03-05 21:55:30,237 [INFO] Sending reply to client 'OK'
ptd-server 2021-03-05 21:55:30,250 [INFO] Got command from the client 'session,2021-03-05_21-33-20,upload,client.json'
ptd-server 2021-03-05 21:55:30,252 [INFO] Received '/home/anton/projects/mlperf/power-dev/output/2021-03-05_21-33-20client.json.tmp'
ptd-server 2021-03-05 21:55:30,253 [INFO] Removed '/home/anton/projects/mlperf/power-dev/output/2021-03-05_21-33-20client.json.tmp'
ptd-server 2021-03-05 21:55:30,253 [INFO] Sending reply to client 'OK'
ptd-server 2021-03-05 21:55:30,256 [INFO] Got command from the client 'session,2021-03-05_21-33-20,done'
ptd-server 2021-03-05 21:55:30,256 [INFO] Sending to ptd: 'Stop'
ptd-server 2021-03-05 21:55:30,713 [INFO] Reply from ptd: 'Error: no measurement to stop'
ptd-server 2021-03-05 21:55:30,713 [INFO] Sending to ptd: 'SR,V,300.000000'
ptd-server 2021-03-05 21:55:32,215 [INFO] Reply from ptd: 'Range V changed'
ptd-server 2021-03-05 21:55:32,215 [INFO] Sending to ptd: 'SR,A,0.500000'
ptd-server 2021-03-05 21:55:33,716 [INFO] Reply from ptd: 'Range A changed'
ptd-server 2021-03-05 21:55:33,717 [INFO] Set initial values for Amps 0.500000 and Volts 300.000000
ptd-server 2021-03-05 21:55:33,717 [INFO] Stopping ptd...
