ptd-server 2021-02-28 04:50:43,515 [INFO] Got command from the client 'time'
ptd-server 2021-02-28 04:50:43,515 [INFO] Sending reply to client '1614487843.5153306'
ptd-server 2021-02-28 04:50:43,516 [INFO] Got command from the client 'new,,badb503a-3c2f-4cc7-b586-2db42e7137f3'
ptd-server 2021-02-28 04:50:43,516 [INFO] Sending reply to client 'OK 2021-02-28_04-50-43,b7a29cfe-2153-4a32-bb6f-8ee5b6800688'
ptd-server 2021-02-28 04:50:43,547 [INFO] Got command from the client 'time'
ptd-server 2021-02-28 04:50:43,547 [INFO] Sending reply to client '1614487843.5478988'
ptd-server 2021-02-28 04:50:43,548 [INFO] Got command from the client 'session,2021-02-28_04-50-43,start,ranging'
ptd-server 2021-02-28 04:50:43,549 [INFO] Running PTDaemon: ['/home/anton/projects/mlperf/power/inference_v1.0/ptd-linux-x86', '-l', 'ptd.log', '-p', '8888', '52', '/dev/usbtmc0']
ptd-server 2021-02-28 04:51:00,717 [INFO] Sending to ptd: 'Hello'
ptd-server 2021-02-28 04:51:00,717 [INFO] Reply from ptd: 'Hello, PTDaemon here!'
ptd-server 2021-02-28 04:51:00,718 [INFO] Sending to ptd: 'Identify'
ptd-server 2021-02-28 04:51:00,718 [INFO] Reply from ptd: 'YokogawaWT330E,1000,1,1,1,1,0,0,1,version=1.9.2-e8c7a49a-20201208,OS=Linux 5.8.0-43-generic #49~20.04.1-Ubuntu SMP Fri Feb 5 09:57:56 UTC 2021 x86_64,mode=power,1,1,1,0,0,no_cal_date,YOKOGAWA;WT333E;C3VD30030E;F1.04'
ptd-server 2021-02-28 04:51:00,718 [INFO] Connected to PTDaemon
ptd-server 2021-02-28 04:51:00,718 [INFO] Sending to ptd: 'RR'
ptd-server 2021-02-28 04:51:00,718 [INFO] Reply from ptd: 'Ranges,0,0.500000,0,300.000000'
ptd-server 2021-02-28 04:51:00,719 [INFO] Initial range for Amps is 0.500000 for Volts is 300.000000
ptd-server 2021-02-28 04:51:00,719 [INFO] Sending to ptd: 'SR,V,Auto'
ptd-server 2021-02-28 04:51:01,221 [INFO] Reply from ptd: 'Range V changed'
ptd-server 2021-02-28 04:51:01,221 [INFO] Sending to ptd: 'SR,A,Auto'
ptd-server 2021-02-28 04:51:01,724 [INFO] Reply from ptd: 'Range A changed'
ptd-server 2021-02-28 04:51:11,734 [INFO] Starting ranging mode
ptd-server 2021-02-28 04:51:11,734 [INFO] Sending to ptd: 'Go,1000,0,2021-02-28_04-50-43_ranging'
ptd-server 2021-02-28 04:51:11,735 [INFO] Reply from ptd: 'Starting untimed measurement, maximum 500000 samples at 1000ms with 0 rampup samples'
ptd-server 2021-02-28 04:51:11,735 [INFO] Sending reply to client 'OK'
ptd-server 2021-02-28 05:01:30,328 [INFO] Got command from the client 'session,2021-02-28_04-50-43,stop,ranging'
ptd-server 2021-02-28 05:01:40,338 [INFO] Sending to ptd: 'Stop'
ptd-server 2021-02-28 05:01:40,338 [INFO] Reply from ptd: 'Stopping untimed measurement'
ptd-server 2021-02-28 05:01:40,516 [INFO] Sending reply to client 'OK'
ptd-server 2021-02-28 05:01:40,550 [INFO] Got command from the client 'time'
ptd-server 2021-02-28 05:01:40,550 [INFO] Sending reply to client '1614488500.55023'
ptd-server 2021-02-28 05:01:40,551 [INFO] Got command from the client 'session,2021-02-28_04-50-43,start,testing'
ptd-server 2021-02-28 05:01:40,551 [INFO] Sending to ptd: 'SR,V,250.160000'
ptd-server 2021-02-28 05:01:42,236 [INFO] Reply from ptd: 'Range V changed'
ptd-server 2021-02-28 05:01:42,237 [INFO] Sending to ptd: 'SR,A,0.175570'
ptd-server 2021-02-28 05:01:43,738 [INFO] Reply from ptd: 'Range A changed'
ptd-server 2021-02-28 05:01:53,748 [INFO] Starting testing mode
ptd-server 2021-02-28 05:01:53,748 [INFO] Sending to ptd: 'Go,1000,0,2021-02-28_04-50-43_testing'
ptd-server 2021-02-28 05:01:53,749 [INFO] Reply from ptd: 'Starting untimed measurement, maximum 500000 samples at 1000ms with 0 rampup samples'
ptd-server 2021-02-28 05:01:53,749 [INFO] Sending reply to client 'OK'
ptd-server 2021-02-28 05:12:12,180 [INFO] Got command from the client 'session,2021-02-28_04-50-43,stop,testing'
ptd-server 2021-02-28 05:12:22,190 [INFO] Sending to ptd: 'Stop'
ptd-server 2021-02-28 05:12:22,190 [INFO] Reply from ptd: 'Stopping untimed measurement'
ptd-server 2021-02-28 05:12:22,285 [INFO] Sending reply to client 'OK'
ptd-server 2021-02-28 05:12:22,289 [INFO] Got command from the client 'session,2021-02-28_04-50-43,upload,client.log'
ptd-server 2021-02-28 05:12:22,289 [INFO] Received '/home/anton/projects/mlperf/power-dev/output/2021-02-28_04-50-43client.log.tmp'
ptd-server 2021-02-28 05:12:22,290 [INFO] Removed '/home/anton/projects/mlperf/power-dev/output/2021-02-28_04-50-43client.log.tmp'
ptd-server 2021-02-28 05:12:22,290 [INFO] Sending reply to client 'OK'
ptd-server 2021-02-28 05:12:22,293 [INFO] Got command from the client 'session,2021-02-28_04-50-43,upload,client.json'
ptd-server 2021-02-28 05:12:22,294 [INFO] Received '/home/anton/projects/mlperf/power-dev/output/2021-02-28_04-50-43client.json.tmp'
ptd-server 2021-02-28 05:12:22,294 [INFO] Removed '/home/anton/projects/mlperf/power-dev/output/2021-02-28_04-50-43client.json.tmp'
ptd-server 2021-02-28 05:12:22,294 [INFO] Sending reply to client 'OK'
ptd-server 2021-02-28 05:12:22,295 [INFO] Got command from the client 'session,2021-02-28_04-50-43,done'
ptd-server 2021-02-28 05:12:22,295 [INFO] Sending to ptd: 'Stop'
ptd-server 2021-02-28 05:12:22,750 [INFO] Reply from ptd: 'Error: no measurement to stop'
ptd-server 2021-02-28 05:12:22,750 [INFO] Sending to ptd: 'SR,V,300.000000'
ptd-server 2021-02-28 05:12:24,251 [INFO] Reply from ptd: 'Range V changed'
ptd-server 2021-02-28 05:12:24,251 [INFO] Sending to ptd: 'SR,A,0.500000'
ptd-server 2021-02-28 05:12:25,753 [INFO] Reply from ptd: 'Range A changed'
ptd-server 2021-02-28 05:12:25,753 [INFO] Set initial values for Amps 0.500000 and Volts 300.000000
ptd-server 2021-02-28 05:12:25,753 [INFO] Stopping ptd...
