client 2021-03-17 07:33:21,699 [WARNING] Removing old loadgen logs directory '/home/scratch.mlperf_inf_ci/mlPerf/L1/XavierNX_MaxQ-Commputelab-XavierNX-MaxQ-L1-2-2021-03-17-10-42-27-UTC/mlperf-inference/closed/NVIDIA/build/power_logs_temp'
client 2021-03-17 07:33:21,713 [INFO] Sending command to the server: 'mlcommons/power client v3'
client 2021-03-17 07:33:21,720 [INFO] Got response: 'mlcommons/power server v3'
client 2021-03-17 07:33:21,720 [INFO] Sending command to the server: 'stop'
client 2021-03-17 07:33:21,722 [INFO] Got response: 'OK'
client 2021-03-17 07:33:21,722 [INFO] Synchronizing with the server and with ib-01.dc4-in.nvidia.com...
client 2021-03-17 07:33:22,153 [INFO] NTP:offset = 0.009 s, delay = 0.202 s 
client 2021-03-17 07:33:22,153 [INFO] Sending command to the server: 'time'
client 2021-03-17 07:33:22,161 [INFO] Got response: '1615991602.2156549'
client 2021-03-17 07:33:22,161 [INFO] The time difference between the client and the server is within range -61.759 ms..-54.162 ms
client 2021-03-17 07:33:22,161 [INFO] Sending command to the server: 'new,,a15135ae-46f3-4e56-97ed-a85a2228c81e'
client 2021-03-17 07:33:22,164 [INFO] Got response: 'OK 2021-03-17_07-33-22,9effa5aa-dea7-4f6b-b152-b24940663868'
client 2021-03-17 07:33:22,164 [INFO] Session id is '2021-03-17_07-33-22'
client 2021-03-17 07:33:22,165 [INFO] Sources: {"sources": {"client.py": "d1e75cb4b26101220ebd242e584cf3ca5d8f1996", "lib/__init__.py": "da39a3ee5e6b4b0d3255bfef95601890afd80709", "lib/client.py": "d42bebf5b74cb6ff3997e2a6c68422afac111a28", "lib/common.py": "b0bad80d8fa328a7636027d4d66ff453f8dd7889", "lib/external/ntplib.py": "4da8f970656505a40483206ef2b5d3dd5e81711d", "lib/server.py": "2ed36471c7af565d6c8438b2134edad1d7ddf166", "lib/source_hashes.py": "4cedff274c661cb1504052018fd4f00dfbf624ef", "lib/summary.py": "0db15d783907aa92038281af4e465545c0648ddb", "lib/time_sync.py": "76051226ec89287839723352f4162aaa24e0546a", "server.py": "99e1310e3f76292aef1b8792ce6b8c82f1d44d8b", "tests/unit/test_server.py": "64f11775bfed35232a0e8bb9593c0ff992432c59", "tests/unit/test_source_hashes.py": "cb41a7261eaf7d94ba5c0aae9c523174f6204be3"}, "modules": {"__main__": "client.py", "lib.client": "lib/client.py", "lib.common": "lib/common.py", "lib.external.ntplib": "lib/external/ntplib.py", "lib.source_hashes": "lib/source_hashes.py", "lib.summary": "lib/summary.py", "lib.time_sync": "lib/time_sync.py"}}
client 2021-03-17 07:33:22,168 [INFO] Running workload in ranging mode
client 2021-03-17 07:33:22,168 [INFO] Synchronizing with the server and with ib-01.dc4-in.nvidia.com...
client 2021-03-17 07:33:22,377 [INFO] NTP:offset = 0.009 s, delay = 0.202 s 
client 2021-03-17 07:33:22,377 [INFO] Sending command to the server: 'time'
client 2021-03-17 07:33:22,379 [INFO] Got response: '1615991602.4343772'
client 2021-03-17 07:33:22,379 [INFO] The time difference between the client and the server is within range -56.830 ms..-54.631 ms
client 2021-03-17 07:33:22,380 [INFO] Sending command to the server: 'session,2021-03-17_07-33-22,start,ranging'
client 2021-03-17 07:33:51,382 [INFO] Got response: 'OK'
client 2021-03-17 07:33:51,383 [INFO] Running the workload 'LOG_DIR=/home/scratch.mlperf_inf_ci/mlPerf/L1/XavierNX_MaxQ-Commputelab-XavierNX-MaxQ-L1-2-2021-03-17-10-42-27-UTC/mlperf-inference/closed/NVIDIA/build/power_logs_temp python3 code/main.py --benchmarks=resnet50 --scenarios=SingleStream --test_mode=PerformanceOnly --config_ver=maxq --action="run_harness" \\\n\t\t&& cp -v /home/scratch.mlperf_inf_ci/mlPerf/L1/XavierNX_MaxQ-Commputelab-XavierNX-MaxQ-L1-2-2021-03-17-10-42-27-UTC/mlperf-inference/closed/NVIDIA/build/power_logs_temp/*/*/*/mlperf_log_detail.txt /home/scratch.mlperf_inf_ci/mlPerf/L1/XavierNX_MaxQ-Commputelab-XavierNX-MaxQ-L1-2-2021-03-17-10-42-27-UTC/mlperf-inference/closed/NVIDIA/build/power_logs_temp/ \\\n\t\t&& cp -v /home/scratch.mlperf_inf_ci/mlPerf/L1/XavierNX_MaxQ-Commputelab-XavierNX-MaxQ-L1-2-2021-03-17-10-42-27-UTC/mlperf-inference/closed/NVIDIA/build/power_logs_temp/*/*/*/mlperf_log_summary.txt /home/scratch.mlperf_inf_ci/mlPerf/L1/XavierNX_MaxQ-Commputelab-XavierNX-MaxQ-L1-2-2021-03-17-10-42-27-UTC/mlperf-inference/closed/NVIDIA/build/power_logs_temp/'
client 2021-03-17 07:44:22,283 [INFO] Sending command to the server: 'session,2021-03-17_07-33-22,stop,ranging'
client 2021-03-17 07:44:32,597 [INFO] Got response: 'OK'
client 2021-03-17 07:44:32,606 [INFO] Packing logs into zip and uploading to the server
client 2021-03-17 07:44:32,645 [INFO] Zip file size: 23.1 kB
client 2021-03-17 07:44:32,665 [INFO] Got response: 'OK'
client 2021-03-17 07:44:32,667 [INFO] Running workload in testing mode
client 2021-03-17 07:44:32,667 [INFO] Synchronizing with the server and with ib-01.dc4-in.nvidia.com...
client 2021-03-17 07:44:32,877 [INFO] NTP:offset = 0.003 s, delay = 0.202 s 
client 2021-03-17 07:44:32,877 [INFO] Sending command to the server: 'time'
client 2021-03-17 07:44:32,879 [INFO] Got response: '1615992272.9305305'
client 2021-03-17 07:44:32,880 [INFO] The time difference between the client and the server is within range -52.802 ms..-50.485 ms
client 2021-03-17 07:44:32,880 [INFO] Sending command to the server: 'session,2021-03-17_07-33-22,start,testing'
client 2021-03-17 07:44:45,951 [INFO] Got response: 'OK'
client 2021-03-17 07:44:45,952 [INFO] Running the workload 'LOG_DIR=/home/scratch.mlperf_inf_ci/mlPerf/L1/XavierNX_MaxQ-Commputelab-XavierNX-MaxQ-L1-2-2021-03-17-10-42-27-UTC/mlperf-inference/closed/NVIDIA/build/power_logs_temp python3 code/main.py --benchmarks=resnet50 --scenarios=SingleStream --test_mode=PerformanceOnly --config_ver=maxq --action="run_harness" \\\n\t\t&& cp -v /home/scratch.mlperf_inf_ci/mlPerf/L1/XavierNX_MaxQ-Commputelab-XavierNX-MaxQ-L1-2-2021-03-17-10-42-27-UTC/mlperf-inference/closed/NVIDIA/build/power_logs_temp/*/*/*/mlperf_log_detail.txt /home/scratch.mlperf_inf_ci/mlPerf/L1/XavierNX_MaxQ-Commputelab-XavierNX-MaxQ-L1-2-2021-03-17-10-42-27-UTC/mlperf-inference/closed/NVIDIA/build/power_logs_temp/ \\\n\t\t&& cp -v /home/scratch.mlperf_inf_ci/mlPerf/L1/XavierNX_MaxQ-Commputelab-XavierNX-MaxQ-L1-2-2021-03-17-10-42-27-UTC/mlperf-inference/closed/NVIDIA/build/power_logs_temp/*/*/*/mlperf_log_summary.txt /home/scratch.mlperf_inf_ci/mlPerf/L1/XavierNX_MaxQ-Commputelab-XavierNX-MaxQ-L1-2-2021-03-17-10-42-27-UTC/mlperf-inference/closed/NVIDIA/build/power_logs_temp/'
client 2021-03-17 07:55:09,761 [INFO] Sending command to the server: 'session,2021-03-17_07-33-22,stop,testing'
client 2021-03-17 07:55:19,936 [INFO] Got response: 'OK'
client 2021-03-17 07:55:19,956 [INFO] Packing logs into zip and uploading to the server
client 2021-03-17 07:55:19,993 [INFO] Zip file size: 23.1 kB
client 2021-03-17 07:55:20,013 [INFO] Got response: 'OK'
client 2021-03-17 07:55:20,015 [INFO] Done runs
