ptd-server 2021-03-17 07:33:21,778 [INFO] Got command from the client 'stop'
ptd-server 2021-03-17 07:33:21,778 [INFO] The server will be stopped after processing this client
ptd-server 2021-03-17 07:33:21,778 [INFO] Sending reply to client 'OK'
ptd-server 2021-03-17 07:33:22,215 [INFO] Got command from the client 'time'
ptd-server 2021-03-17 07:33:22,215 [INFO] Sending reply to client '1615991602.2156549'
ptd-server 2021-03-17 07:33:22,215 [INFO] Got command from the client 'new,,a15135ae-46f3-4e56-97ed-a85a2228c81e'
ptd-server 2021-03-17 07:33:22,215 [INFO] Sending reply to client 'OK 2021-03-17_07-33-22,9effa5aa-dea7-4f6b-b152-b24940663868'
ptd-server 2021-03-17 07:33:22,434 [INFO] Got command from the client 'time'
ptd-server 2021-03-17 07:33:22,434 [INFO] Sending reply to client '1615991602.4343772'
ptd-server 2021-03-17 07:33:22,434 [INFO] Got command from the client 'session,2021-03-17_07-33-22,start,ranging'
ptd-server 2021-03-17 07:33:22,543 [INFO] Running PTDaemon: ['C:\\PTD\\ptd-windows-x86.exe', '-l', 'C:\\logs_ptdeamon.txt', '-p', '8888', '-c', '1', '-y', '52', '10.32.209.251']
ptd-server 2021-03-17 07:33:40,398 [INFO] Sending to ptd: 'Hello'
ptd-server 2021-03-17 07:33:40,398 [INFO] Reply from ptd: 'Hello, PTDaemon here!'
ptd-server 2021-03-17 07:33:40,398 [INFO] Sending to ptd: 'Identify'
ptd-server 2021-03-17 07:33:40,398 [INFO] Reply from ptd: 'YokogawaWT330E,1000,1,1,1,1,0,0,1,version=1.9.2-3976349f-20201208,OS=Windows 8 / Server 2012,mode=power,1,1,1,0,0,no_cal_date,YOKOGAWA;WT333E;C2VL22012V;F1.03'
ptd-server 2021-03-17 07:33:40,398 [INFO] Connected to PTDaemon
ptd-server 2021-03-17 07:33:40,398 [INFO] Sending to ptd: 'RR'
ptd-server 2021-03-17 07:33:40,398 [INFO] Reply from ptd: 'Ranges,0,0.500000,0,150.000000'
ptd-server 2021-03-17 07:33:40,398 [INFO] Initial range for Amps is 0.500000 for Volts is 150.000000
ptd-server 2021-03-17 07:33:40,398 [INFO] Sending to ptd: 'SR,V,Auto'
ptd-server 2021-03-17 07:33:40,914 [INFO] Reply from ptd: 'Range V changed'
ptd-server 2021-03-17 07:33:40,914 [INFO] Sending to ptd: 'SR,A,Auto'
ptd-server 2021-03-17 07:33:41,429 [INFO] Reply from ptd: 'Range A changed'
ptd-server 2021-03-17 07:33:51,440 [INFO] Starting ranging mode
ptd-server 2021-03-17 07:33:51,440 [INFO] Sending to ptd: 'Go,1000,0,2021-03-17_07-33-22_ranging'
ptd-server 2021-03-17 07:33:51,440 [INFO] Reply from ptd: 'Starting untimed measurement, maximum 500000 samples at 1000ms with 0 rampup samples'
ptd-server 2021-03-17 07:33:51,440 [INFO] Sending reply to client 'OK'
ptd-server 2021-03-17 07:44:22,339 [INFO] Got command from the client 'session,2021-03-17_07-33-22,stop,ranging'
ptd-server 2021-03-17 07:44:32,352 [INFO] Sending to ptd: 'Stop'
ptd-server 2021-03-17 07:44:32,352 [INFO] Reply from ptd: 'Stopping untimed measurement'
ptd-server 2021-03-17 07:44:32,649 [INFO] Sending reply to client 'OK'
ptd-server 2021-03-17 07:44:32,696 [INFO] Got command from the client 'session,2021-03-17_07-33-22,upload,ranging'
ptd-server 2021-03-17 07:44:32,696 [INFO] Received 'C:\\ptd-logs\\2021-03-17_07-33-22ranging.tmp'
ptd-server 2021-03-17 07:44:32,711 [INFO] Extracted 'C:\\ptd-logs\\2021-03-17_07-33-22ranging.tmp' into 'C:\\ptd-logs\\2021-03-17_07-33-22\\ranging'
ptd-server 2021-03-17 07:44:32,711 [INFO] Removed 'C:\\ptd-logs\\2021-03-17_07-33-22ranging.tmp'
ptd-server 2021-03-17 07:44:32,711 [INFO] Sending reply to client 'OK'
ptd-server 2021-03-17 07:44:32,930 [INFO] Got command from the client 'time'
ptd-server 2021-03-17 07:44:32,930 [INFO] Sending reply to client '1615992272.9305305'
ptd-server 2021-03-17 07:44:32,930 [INFO] Got command from the client 'session,2021-03-17_07-33-22,start,testing'
ptd-server 2021-03-17 07:44:32,930 [INFO] Sending to ptd: 'SR,V,120.200000'
ptd-server 2021-03-17 07:44:34,461 [INFO] Reply from ptd: 'Range V changed'
ptd-server 2021-03-17 07:44:34,461 [INFO] Sending to ptd: 'SR,A,0.262000'
ptd-server 2021-03-17 07:44:35,992 [INFO] Reply from ptd: 'Range A changed'
ptd-server 2021-03-17 07:44:46,005 [INFO] Starting testing mode
ptd-server 2021-03-17 07:44:46,005 [INFO] Sending to ptd: 'Go,1000,0,2021-03-17_07-33-22_testing'
ptd-server 2021-03-17 07:44:46,005 [INFO] Reply from ptd: 'Starting untimed measurement, maximum 500000 samples at 1000ms with 0 rampup samples'
ptd-server 2021-03-17 07:44:46,005 [INFO] Sending reply to client 'OK'
ptd-server 2021-03-17 07:55:09,822 [INFO] Got command from the client 'session,2021-03-17_07-33-22,stop,testing'
ptd-server 2021-03-17 07:55:19,837 [INFO] Sending to ptd: 'Stop'
ptd-server 2021-03-17 07:55:19,837 [INFO] Reply from ptd: 'Stopping untimed measurement'
ptd-server 2021-03-17 07:55:19,993 [INFO] Sending reply to client 'OK'
ptd-server 2021-03-17 07:55:20,040 [INFO] Got command from the client 'session,2021-03-17_07-33-22,upload,testing'
ptd-server 2021-03-17 07:55:20,055 [INFO] Received 'C:\\ptd-logs\\2021-03-17_07-33-22testing.tmp'
ptd-server 2021-03-17 07:55:20,071 [INFO] Extracted 'C:\\ptd-logs\\2021-03-17_07-33-22testing.tmp' into 'C:\\ptd-logs\\2021-03-17_07-33-22\\run_1'
ptd-server 2021-03-17 07:55:20,071 [INFO] Removed 'C:\\ptd-logs\\2021-03-17_07-33-22testing.tmp'
ptd-server 2021-03-17 07:55:20,071 [INFO] Sending reply to client 'OK'
ptd-server 2021-03-17 07:55:20,071 [INFO] Got command from the client 'session,2021-03-17_07-33-22,upload,client.log'
ptd-server 2021-03-17 07:55:20,071 [INFO] Received 'C:\\ptd-logs\\2021-03-17_07-33-22client.log.tmp'
ptd-server 2021-03-17 07:55:20,087 [INFO] Removed 'C:\\ptd-logs\\2021-03-17_07-33-22client.log.tmp'
ptd-server 2021-03-17 07:55:20,087 [INFO] Sending reply to client 'OK'
ptd-server 2021-03-17 07:55:20,134 [INFO] Got command from the client 'session,2021-03-17_07-33-22,upload,client.json'
ptd-server 2021-03-17 07:55:20,134 [INFO] Received 'C:\\ptd-logs\\2021-03-17_07-33-22client.json.tmp'
ptd-server 2021-03-17 07:55:20,149 [INFO] Removed 'C:\\ptd-logs\\2021-03-17_07-33-22client.json.tmp'
ptd-server 2021-03-17 07:55:20,149 [INFO] Sending reply to client 'OK'
ptd-server 2021-03-17 07:55:20,149 [INFO] Got command from the client 'session,2021-03-17_07-33-22,done'
ptd-server 2021-03-17 07:55:20,149 [INFO] Sending to ptd: 'Stop'
ptd-server 2021-03-17 07:55:20,149 [INFO] Reply from ptd: 'Error: no measurement to stop'
ptd-server 2021-03-17 07:55:20,149 [INFO] Sending to ptd: 'SR,V,150.000000'
ptd-server 2021-03-17 07:55:21,680 [INFO] Reply from ptd: 'Range V changed'
ptd-server 2021-03-17 07:55:21,680 [INFO] Sending to ptd: 'SR,A,0.500000'
ptd-server 2021-03-17 07:55:23,211 [INFO] Reply from ptd: 'Range A changed'
ptd-server 2021-03-17 07:55:23,211 [INFO] Set initial values for Amps 0.500000 and Volts 150.000000
ptd-server 2021-03-17 07:55:23,211 [INFO] Stopping ptd...
