ptd-server 2021-03-09 22:55:10,498 [INFO] Got command from the client 'time'
ptd-server 2021-03-09 22:55:10,498 [INFO] Sending reply to client '1615330510.4989295'
ptd-server 2021-03-09 22:55:10,501 [INFO] Got command from the client 'new,,d8caeb04-cfa8-403d-b5ab-1a0de2a15051'
ptd-server 2021-03-09 22:55:10,501 [INFO] Sending reply to client 'OK 2021-03-09_22-55-10,de81a39c-edd3-4dd6-96de-3be0a20a7919'
ptd-server 2021-03-09 22:55:10,549 [INFO] Got command from the client 'time'
ptd-server 2021-03-09 22:55:10,549 [INFO] Sending reply to client '1615330510.5494757'
ptd-server 2021-03-09 22:55:10,551 [INFO] Got command from the client 'session,2021-03-09_22-55-10,start,ranging'
ptd-server 2021-03-09 22:55:10,551 [INFO] Running PTDaemon: ['/home/anton/projects/mlperf/power/inference_v1.0/ptd-linux-x86', '-l', 'ptd.log', '-p', '8888', '52', '/dev/usbtmc0']
ptd-server 2021-03-09 22:55:27,725 [INFO] Sending to ptd: 'Hello'
ptd-server 2021-03-09 22:55:27,726 [INFO] Reply from ptd: 'Hello, PTDaemon here!'
ptd-server 2021-03-09 22:55:27,726 [INFO] Sending to ptd: 'Identify'
ptd-server 2021-03-09 22:55:27,726 [INFO] Reply from ptd: 'YokogawaWT330E,1000,1,1,1,1,0,0,1,version=1.9.2-e8c7a49a-20201208,OS=Linux 5.8.0-43-generic #49~20.04.1-Ubuntu SMP Fri Feb 5 09:57:56 UTC 2021 x86_64,mode=power,1,1,1,0,0,no_cal_date,YOKOGAWA;WT333E;C3VD30030E;F1.04'
ptd-server 2021-03-09 22:55:27,726 [INFO] Connected to PTDaemon
ptd-server 2021-03-09 22:55:27,726 [INFO] Sending to ptd: 'RR'
ptd-server 2021-03-09 22:55:27,727 [INFO] Reply from ptd: 'Ranges,0,0.500000,0,300.000000'
ptd-server 2021-03-09 22:55:27,727 [INFO] Initial range for Amps is 0.500000 for Volts is 300.000000
ptd-server 2021-03-09 22:55:27,727 [INFO] Sending to ptd: 'SR,V,Auto'
ptd-server 2021-03-09 22:55:28,230 [INFO] Reply from ptd: 'Range V changed'
ptd-server 2021-03-09 22:55:28,230 [INFO] Sending to ptd: 'SR,A,Auto'
ptd-server 2021-03-09 22:55:28,732 [INFO] Reply from ptd: 'Range A changed'
ptd-server 2021-03-09 22:55:38,742 [INFO] Starting ranging mode
ptd-server 2021-03-09 22:55:38,743 [INFO] Sending to ptd: 'Go,1000,0,2021-03-09_22-55-10_ranging'
ptd-server 2021-03-09 22:55:38,743 [INFO] Reply from ptd: 'Starting untimed measurement, maximum 500000 samples at 1000ms with 0 rampup samples'
ptd-server 2021-03-09 22:55:38,743 [INFO] Sending reply to client 'OK'
ptd-server 2021-03-09 23:05:54,180 [INFO] Got command from the client 'session,2021-03-09_22-55-10,stop,ranging'
ptd-server 2021-03-09 23:06:04,190 [INFO] Sending to ptd: 'Stop'
ptd-server 2021-03-09 23:06:04,191 [INFO] Reply from ptd: 'Stopping untimed measurement'
ptd-server 2021-03-09 23:06:05,013 [INFO] Sending reply to client 'OK'
ptd-server 2021-03-09 23:06:05,054 [INFO] Got command from the client 'time'
ptd-server 2021-03-09 23:06:05,054 [INFO] Sending reply to client '1615331165.0548234'
ptd-server 2021-03-09 23:06:05,057 [INFO] Got command from the client 'session,2021-03-09_22-55-10,start,testing'
ptd-server 2021-03-09 23:06:05,057 [INFO] Sending to ptd: 'SR,V,250.390000'
ptd-server 2021-03-09 23:06:06,558 [INFO] Reply from ptd: 'Range V changed'
ptd-server 2021-03-09 23:06:06,558 [INFO] Sending to ptd: 'SR,A,0.142040'
ptd-server 2021-03-09 23:06:08,060 [INFO] Reply from ptd: 'Range A changed'
ptd-server 2021-03-09 23:06:18,070 [INFO] Starting testing mode
ptd-server 2021-03-09 23:06:18,070 [INFO] Sending to ptd: 'Go,1000,0,2021-03-09_22-55-10_testing'
ptd-server 2021-03-09 23:06:18,071 [INFO] Reply from ptd: 'Starting untimed measurement, maximum 500000 samples at 1000ms with 0 rampup samples'
ptd-server 2021-03-09 23:06:18,071 [INFO] Sending reply to client 'OK'
ptd-server 2021-03-09 23:16:33,367 [INFO] Got command from the client 'session,2021-03-09_22-55-10,stop,testing'
ptd-server 2021-03-09 23:16:43,373 [INFO] Sending to ptd: 'Stop'
ptd-server 2021-03-09 23:16:43,373 [INFO] Reply from ptd: 'Stopping untimed measurement'
ptd-server 2021-03-09 23:16:43,788 [INFO] Sending reply to client 'OK'
ptd-server 2021-03-09 23:16:43,796 [INFO] Got command from the client 'session,2021-03-09_22-55-10,upload,client.log'
ptd-server 2021-03-09 23:16:43,797 [INFO] Received '/home/anton/projects/mlperf/power-dev/output/2021-03-09_22-55-10client.log.tmp'
ptd-server 2021-03-09 23:16:43,798 [INFO] Removed '/home/anton/projects/mlperf/power-dev/output/2021-03-09_22-55-10client.log.tmp'
ptd-server 2021-03-09 23:16:43,798 [INFO] Sending reply to client 'OK'
ptd-server 2021-03-09 23:16:43,805 [INFO] Got command from the client 'session,2021-03-09_22-55-10,upload,client.json'
ptd-server 2021-03-09 23:16:43,805 [INFO] Received '/home/anton/projects/mlperf/power-dev/output/2021-03-09_22-55-10client.json.tmp'
ptd-server 2021-03-09 23:16:43,806 [INFO] Removed '/home/anton/projects/mlperf/power-dev/output/2021-03-09_22-55-10client.json.tmp'
ptd-server 2021-03-09 23:16:43,806 [INFO] Sending reply to client 'OK'
ptd-server 2021-03-09 23:16:43,807 [INFO] Got command from the client 'session,2021-03-09_22-55-10,done'
ptd-server 2021-03-09 23:16:43,807 [INFO] Sending to ptd: 'Stop'
ptd-server 2021-03-09 23:16:44,072 [INFO] Reply from ptd: 'Error: no measurement to stop'
ptd-server 2021-03-09 23:16:44,072 [INFO] Sending to ptd: 'SR,V,300.000000'
ptd-server 2021-03-09 23:16:45,574 [INFO] Reply from ptd: 'Range V changed'
ptd-server 2021-03-09 23:16:45,574 [INFO] Sending to ptd: 'SR,A,0.500000'
ptd-server 2021-03-09 23:16:47,075 [INFO] Reply from ptd: 'Range A changed'
ptd-server 2021-03-09 23:16:47,075 [INFO] Set initial values for Amps 0.500000 and Volts 300.000000
ptd-server 2021-03-09 23:16:47,075 [INFO] Stopping ptd...
