ptd-server 2021-03-05 03:43:01,994 [INFO] Got command from the client 'time'
ptd-server 2021-03-05 03:43:01,994 [INFO] Sending reply to client '1614915781.994945'
ptd-server 2021-03-05 03:43:01,998 [INFO] Got command from the client 'new,,4f2c1b0d-5fb2-4cb5-8e15-a97342b6e78a'
ptd-server 2021-03-05 03:43:01,998 [INFO] Sending reply to client 'OK 2021-03-05_03-43-01,172c1ea2-2750-4dcf-a85d-ce8106c9d69e'
ptd-server 2021-03-05 03:43:02,037 [INFO] Got command from the client 'time'
ptd-server 2021-03-05 03:43:02,037 [INFO] Sending reply to client '1614915782.0373094'
ptd-server 2021-03-05 03:43:02,040 [INFO] Got command from the client 'session,2021-03-05_03-43-01,start,ranging'
ptd-server 2021-03-05 03:43:02,040 [INFO] Running PTDaemon: ['/home/anton/projects/mlperf/power/inference_v1.0/ptd-linux-x86', '-l', 'ptd.log', '-p', '8888', '52', '/dev/usbtmc0']
ptd-server 2021-03-05 03:43:19,209 [INFO] Sending to ptd: 'Hello'
ptd-server 2021-03-05 03:43:19,209 [INFO] Reply from ptd: 'Hello, PTDaemon here!'
ptd-server 2021-03-05 03:43:19,209 [INFO] Sending to ptd: 'Identify'
ptd-server 2021-03-05 03:43:19,210 [INFO] Reply from ptd: 'YokogawaWT330E,1000,1,1,1,1,0,0,1,version=1.9.2-e8c7a49a-20201208,OS=Linux 5.8.0-43-generic #49~20.04.1-Ubuntu SMP Fri Feb 5 09:57:56 UTC 2021 x86_64,mode=power,1,1,1,0,0,no_cal_date,YOKOGAWA;WT333E;C3VD30030E;F1.04'
ptd-server 2021-03-05 03:43:19,210 [INFO] Connected to PTDaemon
ptd-server 2021-03-05 03:43:19,210 [INFO] Sending to ptd: 'RR'
ptd-server 2021-03-05 03:43:19,211 [INFO] Reply from ptd: 'Ranges,0,0.500000,0,300.000000'
ptd-server 2021-03-05 03:43:19,211 [INFO] Initial range for Amps is 0.500000 for Volts is 300.000000
ptd-server 2021-03-05 03:43:19,211 [INFO] Sending to ptd: 'SR,V,Auto'
ptd-server 2021-03-05 03:43:19,713 [INFO] Reply from ptd: 'Range V changed'
ptd-server 2021-03-05 03:43:19,714 [INFO] Sending to ptd: 'SR,A,Auto'
ptd-server 2021-03-05 03:43:20,216 [INFO] Reply from ptd: 'Range A changed'
ptd-server 2021-03-05 03:43:30,227 [INFO] Starting ranging mode
ptd-server 2021-03-05 03:43:30,227 [INFO] Sending to ptd: 'Go,1000,0,2021-03-05_03-43-01_ranging'
ptd-server 2021-03-05 03:43:30,227 [INFO] Reply from ptd: 'Starting untimed measurement, maximum 500000 samples at 1000ms with 0 rampup samples'
ptd-server 2021-03-05 03:43:30,227 [INFO] Sending reply to client 'OK'
ptd-server 2021-03-05 03:54:01,932 [INFO] Got command from the client 'session,2021-03-05_03-43-01,stop,ranging'
ptd-server 2021-03-05 03:54:11,943 [INFO] Sending to ptd: 'Stop'
ptd-server 2021-03-05 03:54:11,943 [INFO] Reply from ptd: 'Stopping untimed measurement'
ptd-server 2021-03-05 03:54:12,255 [INFO] Sending reply to client 'OK'
ptd-server 2021-03-05 03:54:12,316 [INFO] Got command from the client 'time'
ptd-server 2021-03-05 03:54:12,316 [INFO] Sending reply to client '1614916452.3166528'
ptd-server 2021-03-05 03:54:12,320 [INFO] Got command from the client 'session,2021-03-05_03-43-01,start,testing'
ptd-server 2021-03-05 03:54:12,320 [INFO] Sending to ptd: 'SR,V,249.930000'
ptd-server 2021-03-05 03:54:13,822 [INFO] Reply from ptd: 'Range V changed'
ptd-server 2021-03-05 03:54:13,822 [INFO] Sending to ptd: 'SR,A,0.062840'
ptd-server 2021-03-05 03:54:15,323 [INFO] Reply from ptd: 'Range A changed'
ptd-server 2021-03-05 03:54:25,334 [INFO] Starting testing mode
ptd-server 2021-03-05 03:54:25,334 [INFO] Sending to ptd: 'Go,1000,0,2021-03-05_03-43-01_testing'
ptd-server 2021-03-05 03:54:25,334 [INFO] Reply from ptd: 'Starting untimed measurement, maximum 500000 samples at 1000ms with 0 rampup samples'
ptd-server 2021-03-05 03:54:25,334 [INFO] Sending reply to client 'OK'
ptd-server 2021-03-05 04:05:01,781 [INFO] Got command from the client 'session,2021-03-05_03-43-01,stop,testing'
ptd-server 2021-03-05 04:05:11,792 [INFO] Sending to ptd: 'Stop'
ptd-server 2021-03-05 04:05:11,792 [INFO] Reply from ptd: 'Stopping untimed measurement'
ptd-server 2021-03-05 04:05:11,956 [INFO] Sending reply to client 'OK'
ptd-server 2021-03-05 04:05:11,964 [INFO] Got command from the client 'session,2021-03-05_03-43-01,upload,client.log'
ptd-server 2021-03-05 04:05:11,967 [INFO] Received '/home/anton/projects/mlperf/power-dev/output/2021-03-05_03-43-01client.log.tmp'
ptd-server 2021-03-05 04:05:11,967 [INFO] Removed '/home/anton/projects/mlperf/power-dev/output/2021-03-05_03-43-01client.log.tmp'
ptd-server 2021-03-05 04:05:11,968 [INFO] Sending reply to client 'OK'
ptd-server 2021-03-05 04:05:11,980 [INFO] Got command from the client 'session,2021-03-05_03-43-01,upload,client.json'
ptd-server 2021-03-05 04:05:11,983 [INFO] Received '/home/anton/projects/mlperf/power-dev/output/2021-03-05_03-43-01client.json.tmp'
ptd-server 2021-03-05 04:05:11,984 [INFO] Removed '/home/anton/projects/mlperf/power-dev/output/2021-03-05_03-43-01client.json.tmp'
ptd-server 2021-03-05 04:05:11,984 [INFO] Sending reply to client 'OK'
ptd-server 2021-03-05 04:05:11,986 [INFO] Got command from the client 'session,2021-03-05_03-43-01,done'
ptd-server 2021-03-05 04:05:11,987 [INFO] Sending to ptd: 'Stop'
ptd-server 2021-03-05 04:05:12,335 [INFO] Reply from ptd: 'Error: no measurement to stop'
ptd-server 2021-03-05 04:05:12,335 [INFO] Sending to ptd: 'SR,V,300.000000'
ptd-server 2021-03-05 04:05:13,836 [INFO] Reply from ptd: 'Range V changed'
ptd-server 2021-03-05 04:05:13,836 [INFO] Sending to ptd: 'SR,A,0.500000'
ptd-server 2021-03-05 04:05:15,338 [INFO] Reply from ptd: 'Range A changed'
ptd-server 2021-03-05 04:05:15,338 [INFO] Set initial values for Amps 0.500000 and Volts 300.000000
ptd-server 2021-03-05 04:05:15,338 [INFO] Stopping ptd...
