ptd-server 2021-03-01 02:33:38,120 [INFO] Got command from the client 'time'
ptd-server 2021-03-01 02:33:38,120 [INFO] Sending reply to client '1614566018.120804'
ptd-server 2021-03-01 02:33:38,122 [INFO] Got command from the client 'new,,67e09a64-5c07-4318-a75f-a064f28b580b'
ptd-server 2021-03-01 02:33:38,122 [INFO] Sending reply to client 'OK 2021-03-01_02-33-38,a60bbb11-f196-4359-b12f-fda6eb48f183'
ptd-server 2021-03-01 02:33:38,155 [INFO] Got command from the client 'time'
ptd-server 2021-03-01 02:33:38,155 [INFO] Sending reply to client '1614566018.1556437'
ptd-server 2021-03-01 02:33:38,157 [INFO] Got command from the client 'session,2021-03-01_02-33-38,start,ranging'
ptd-server 2021-03-01 02:33:38,157 [INFO] Running PTDaemon: ['/home/anton/projects/mlperf/power/inference_v1.0/ptd-linux-x86', '-l', 'ptd.log', '-p', '8888', '52', '/dev/usbtmc0']
ptd-server 2021-03-01 02:33:55,324 [INFO] Sending to ptd: 'Hello'
ptd-server 2021-03-01 02:33:55,325 [INFO] Reply from ptd: 'Hello, PTDaemon here!'
ptd-server 2021-03-01 02:33:55,325 [INFO] Sending to ptd: 'Identify'
ptd-server 2021-03-01 02:33:55,326 [INFO] Reply from ptd: 'YokogawaWT330E,1000,1,1,1,1,0,0,1,version=1.9.2-e8c7a49a-20201208,OS=Linux 5.8.0-43-generic #49~20.04.1-Ubuntu SMP Fri Feb 5 09:57:56 UTC 2021 x86_64,mode=power,1,1,1,0,0,no_cal_date,YOKOGAWA;WT333E;C3VD30030E;F1.04'
ptd-server 2021-03-01 02:33:55,326 [INFO] Connected to PTDaemon
ptd-server 2021-03-01 02:33:55,326 [INFO] Sending to ptd: 'RR'
ptd-server 2021-03-01 02:33:55,326 [INFO] Reply from ptd: 'Ranges,0,0.500000,0,300.000000'
ptd-server 2021-03-01 02:33:55,326 [INFO] Initial range for Amps is 0.500000 for Volts is 300.000000
ptd-server 2021-03-01 02:33:55,326 [INFO] Sending to ptd: 'SR,V,Auto'
ptd-server 2021-03-01 02:33:55,829 [INFO] Reply from ptd: 'Range V changed'
ptd-server 2021-03-01 02:33:55,829 [INFO] Sending to ptd: 'SR,A,Auto'
ptd-server 2021-03-01 02:33:56,331 [INFO] Reply from ptd: 'Range A changed'
ptd-server 2021-03-01 02:34:06,342 [INFO] Starting ranging mode
ptd-server 2021-03-01 02:34:06,342 [INFO] Sending to ptd: 'Go,1000,0,2021-03-01_02-33-38_ranging'
ptd-server 2021-03-01 02:34:06,342 [INFO] Reply from ptd: 'Starting untimed measurement, maximum 500000 samples at 1000ms with 0 rampup samples'
ptd-server 2021-03-01 02:34:06,342 [INFO] Sending reply to client 'OK'
ptd-server 2021-03-01 02:44:21,936 [INFO] Got command from the client 'session,2021-03-01_02-33-38,stop,ranging'
ptd-server 2021-03-01 02:44:31,946 [INFO] Sending to ptd: 'Stop'
ptd-server 2021-03-01 02:44:31,947 [INFO] Reply from ptd: 'Stopping untimed measurement'
ptd-server 2021-03-01 02:44:32,176 [INFO] Sending reply to client 'OK'
ptd-server 2021-03-01 02:44:32,214 [INFO] Got command from the client 'time'
ptd-server 2021-03-01 02:44:32,214 [INFO] Sending reply to client '1614566672.214193'
ptd-server 2021-03-01 02:44:32,215 [INFO] Got command from the client 'session,2021-03-01_02-33-38,start,testing'
ptd-server 2021-03-01 02:44:32,215 [INFO] Sending to ptd: 'SR,V,250.230000'
ptd-server 2021-03-01 02:44:33,843 [INFO] Reply from ptd: 'Range V changed'
ptd-server 2021-03-01 02:44:33,843 [INFO] Sending to ptd: 'SR,A,0.172090'
ptd-server 2021-03-01 02:44:35,345 [INFO] Reply from ptd: 'Range A changed'
ptd-server 2021-03-01 02:44:45,355 [INFO] Starting testing mode
ptd-server 2021-03-01 02:44:45,355 [INFO] Sending to ptd: 'Go,1000,0,2021-03-01_02-33-38_testing'
ptd-server 2021-03-01 02:44:45,355 [INFO] Reply from ptd: 'Starting untimed measurement, maximum 500000 samples at 1000ms with 0 rampup samples'
ptd-server 2021-03-01 02:44:45,356 [INFO] Sending reply to client 'OK'
ptd-server 2021-03-01 02:55:00,683 [INFO] Got command from the client 'session,2021-03-01_02-33-38,stop,testing'
ptd-server 2021-03-01 02:55:10,694 [INFO] Sending to ptd: 'Stop'
ptd-server 2021-03-01 02:55:10,694 [INFO] Reply from ptd: 'Stopping untimed measurement'
ptd-server 2021-03-01 02:55:10,831 [INFO] Sending reply to client 'OK'
ptd-server 2021-03-01 02:55:10,843 [INFO] Got command from the client 'session,2021-03-01_02-33-38,upload,client.log'
ptd-server 2021-03-01 02:55:10,843 [INFO] Received '/home/anton/projects/mlperf/power-dev/output/2021-03-01_02-33-38client.log.tmp'
ptd-server 2021-03-01 02:55:10,843 [INFO] Removed '/home/anton/projects/mlperf/power-dev/output/2021-03-01_02-33-38client.log.tmp'
ptd-server 2021-03-01 02:55:10,843 [INFO] Sending reply to client 'OK'
ptd-server 2021-03-01 02:55:10,849 [INFO] Got command from the client 'session,2021-03-01_02-33-38,upload,client.json'
ptd-server 2021-03-01 02:55:10,849 [INFO] Received '/home/anton/projects/mlperf/power-dev/output/2021-03-01_02-33-38client.json.tmp'
ptd-server 2021-03-01 02:55:10,850 [INFO] Removed '/home/anton/projects/mlperf/power-dev/output/2021-03-01_02-33-38client.json.tmp'
ptd-server 2021-03-01 02:55:10,850 [INFO] Sending reply to client 'OK'
ptd-server 2021-03-01 02:55:10,851 [INFO] Got command from the client 'session,2021-03-01_02-33-38,done'
ptd-server 2021-03-01 02:55:10,851 [INFO] Sending to ptd: 'Stop'
ptd-server 2021-03-01 02:55:11,355 [INFO] Reply from ptd: 'Error: no measurement to stop'
ptd-server 2021-03-01 02:55:11,355 [INFO] Sending to ptd: 'SR,V,300.000000'
ptd-server 2021-03-01 02:55:12,856 [INFO] Reply from ptd: 'Range V changed'
ptd-server 2021-03-01 02:55:12,857 [INFO] Sending to ptd: 'SR,A,0.500000'
ptd-server 2021-03-01 02:55:14,358 [INFO] Reply from ptd: 'Range A changed'
ptd-server 2021-03-01 02:55:14,358 [INFO] Set initial values for Amps 0.500000 and Volts 300.000000
ptd-server 2021-03-01 02:55:14,358 [INFO] Stopping ptd...
