client 2021-03-19 11:45:17,717 [INFO] Sending command to the server: 'mlcommons/power client v3'
client 2021-03-19 11:45:17,718 [INFO] Got response: 'mlcommons/power server v3'
client 2021-03-19 11:45:17,718 [INFO] Synchronizing with the server and with 100.64.0.18...
client 2021-03-19 11:45:17,721 [INFO] NTP:offset = 0.000 s, delay = 0.001 s 
client 2021-03-19 11:45:17,721 [INFO] Sending command to the server: 'time'
client 2021-03-19 11:45:17,723 [INFO] Got response: '1616172317.6122403'
client 2021-03-19 11:45:17,723 [INFO] The time difference between the client and the server is within range 109.061 ms..110.811 ms
client 2021-03-19 11:45:17,723 [INFO] Sending command to the server: 'new,dlrm-99-9_Offline_HA,b9bca37b-1981-4c4d-8ca1-be10f5aec216'
client 2021-03-19 11:45:17,725 [INFO] Got response: 'OK 2021-03-19_11-45-17_dlrm-99-9_Offline_HA,f05ea1c5-74f0-44a6-9adf-80b1f7bda377'
client 2021-03-19 11:45:17,725 [INFO] Session id is '2021-03-19_11-45-17_dlrm-99-9_Offline_HA'
client 2021-03-19 11:45:17,725 [INFO] Sources: {"sources": {"client.py": "d1e75cb4b26101220ebd242e584cf3ca5d8f1996", "lib/__init__.py": "da39a3ee5e6b4b0d3255bfef95601890afd80709", "lib/client.py": "d42bebf5b74cb6ff3997e2a6c68422afac111a28", "lib/common.py": "b0bad80d8fa328a7636027d4d66ff453f8dd7889", "lib/external/ntplib.py": "4da8f970656505a40483206ef2b5d3dd5e81711d", "lib/server.py": "2ed36471c7af565d6c8438b2134edad1d7ddf166", "lib/source_hashes.py": "4cedff274c661cb1504052018fd4f00dfbf624ef", "lib/summary.py": "0db15d783907aa92038281af4e465545c0648ddb", "lib/time_sync.py": "76051226ec89287839723352f4162aaa24e0546a", "server.py": "99e1310e3f76292aef1b8792ce6b8c82f1d44d8b", "tests/unit/test_server.py": "64f11775bfed35232a0e8bb9593c0ff992432c59", "tests/unit/test_source_hashes.py": "cb41a7261eaf7d94ba5c0aae9c523174f6204be3"}, "modules": {"__main__": "client.py", "lib.client": "lib/client.py", "lib.common": "lib/common.py", "lib.external.ntplib": "lib/external/ntplib.py", "lib.source_hashes": "lib/source_hashes.py", "lib.summary": "lib/summary.py", "lib.time_sync": "lib/time_sync.py"}}
client 2021-03-19 11:45:17,725 [INFO] Running workload in ranging mode
client 2021-03-19 11:45:17,725 [INFO] Synchronizing with the server and with 100.64.0.18...
client 2021-03-19 11:45:17,726 [INFO] NTP:offset = 0.000 s, delay = 0.001 s 
client 2021-03-19 11:45:17,726 [INFO] Sending command to the server: 'time'
client 2021-03-19 11:45:17,727 [INFO] Got response: '1616172317.6219423'
client 2021-03-19 11:45:17,727 [INFO] The time difference between the client and the server is within range 104.553 ms..105.798 ms
client 2021-03-19 11:45:17,727 [INFO] Sending command to the server: 'session,2021-03-19_11-45-17_dlrm-99-9_Offline_HA,start,ranging'
client 2021-03-19 11:45:41,555 [INFO] Got response: 'OK'
client 2021-03-19 11:45:41,555 [INFO] Running the workload "make run_harness RUN_ARGS='--benchmarks=dlrm --scenarios=Offline --config_ver=high_accuracy --log_dir build/logs/ --test_mode=PerformanceOnly'"
client 2021-03-19 12:09:59,181 [INFO] Sending command to the server: 'session,2021-03-19_11-45-17_dlrm-99-9_Offline_HA,stop,ranging'
client 2021-03-19 12:10:09,508 [INFO] Got response: 'OK'
client 2021-03-19 12:10:09,508 [INFO] Running workload in testing mode
client 2021-03-19 12:10:09,509 [INFO] Synchronizing with the server and with 100.64.0.18...
client 2021-03-19 12:10:09,511 [INFO] NTP:offset = 0.000 s, delay = 0.001 s 
client 2021-03-19 12:10:09,511 [INFO] Sending command to the server: 'time'
client 2021-03-19 12:10:09,512 [INFO] Got response: '1616173809.361687'
client 2021-03-19 12:10:09,512 [INFO] The time difference between the client and the server is within range 149.554 ms..150.968 ms
client 2021-03-19 12:10:09,512 [INFO] Sending command to the server: 'session,2021-03-19_11-45-17_dlrm-99-9_Offline_HA,start,testing'
client 2021-03-19 12:10:22,648 [INFO] Got response: 'OK'
client 2021-03-19 12:10:22,648 [INFO] Running the workload "make run_harness RUN_ARGS='--benchmarks=dlrm --scenarios=Offline --config_ver=high_accuracy --log_dir build/logs/ --test_mode=PerformanceOnly'"
client 2021-03-19 12:34:41,855 [INFO] Sending command to the server: 'session,2021-03-19_11-45-17_dlrm-99-9_Offline_HA,stop,testing'
client 2021-03-19 12:34:52,018 [INFO] Got response: 'OK'
client 2021-03-19 12:34:52,018 [INFO] Done runs
