ptd-server 2021-03-19 11:45:17,612 [INFO] Got command from the client 'time'
ptd-server 2021-03-19 11:45:17,612 [INFO] Sending reply to client '1616172317.6122403'
ptd-server 2021-03-19 11:45:17,612 [INFO] Got command from the client 'new,dlrm-99-9_Offline_HA,b9bca37b-1981-4c4d-8ca1-be10f5aec216'
ptd-server 2021-03-19 11:45:17,621 [INFO] Sending reply to client 'OK 2021-03-19_11-45-17_dlrm-99-9_Offline_HA,f05ea1c5-74f0-44a6-9adf-80b1f7bda377'
ptd-server 2021-03-19 11:45:17,621 [INFO] Got command from the client 'time'
ptd-server 2021-03-19 11:45:17,621 [INFO] Sending reply to client '1616172317.6219423'
ptd-server 2021-03-19 11:45:17,621 [INFO] Got command from the client 'session,2021-03-19_11-45-17_dlrm-99-9_Offline_HA,start,ranging'
ptd-server 2021-03-19 11:45:17,722 [INFO] Running PTDaemon: ['.\\ptd-windows-x86.exe', '-l', '.\\logs_ptdeamon.txt', '-p', '8888', '-g', '8', '1']
ptd-server 2021-03-19 11:45:30,407 [INFO] Sending to ptd: 'Hello'
ptd-server 2021-03-19 11:45:30,407 [INFO] Reply from ptd: 'Hello, PTDaemon here!'
ptd-server 2021-03-19 11:45:30,407 [INFO] Sending to ptd: 'Identify'
ptd-server 2021-03-19 11:45:30,407 [INFO] Reply from ptd: 'YokogawaWT210,1000,1,1,1,1,0,0,1,version=1.9.2-3976349f-20201208,OS=Windows 8 / Server 2012,mode=power,1,1,1,0,0,no_cal_date,YOKOGAWA;760401;0;F1.12'
ptd-server 2021-03-19 11:45:30,407 [INFO] Connected to PTDaemon
ptd-server 2021-03-19 11:45:30,407 [INFO] Sending to ptd: 'RR'
ptd-server 2021-03-19 11:45:30,407 [INFO] Reply from ptd: 'Ranges,1,10.000000,1,150.000000'
ptd-server 2021-03-19 11:45:30,407 [INFO] Initial range for Amps is Auto for Volts is Auto
ptd-server 2021-03-19 11:45:30,407 [INFO] Sending to ptd: 'SR,V,Auto'
ptd-server 2021-03-19 11:45:30,927 [INFO] Reply from ptd: 'Range V changed'
ptd-server 2021-03-19 11:45:30,927 [INFO] Sending to ptd: 'SR,A,Auto'
ptd-server 2021-03-19 11:45:31,447 [INFO] Reply from ptd: 'Range A changed'
ptd-server 2021-03-19 11:45:41,448 [INFO] Starting ranging mode
ptd-server 2021-03-19 11:45:41,448 [INFO] Sending to ptd: 'Go,1000,0,2021-03-19_11-45-17_dlrm-99-9_Offline_HA_ranging'
ptd-server 2021-03-19 11:45:41,448 [INFO] Reply from ptd: 'Starting untimed measurement, maximum 500000 samples at 1000ms with 0 rampup samples'
ptd-server 2021-03-19 11:45:41,448 [INFO] Sending reply to client 'OK'
ptd-server 2021-03-19 12:09:59,031 [INFO] Got command from the client 'session,2021-03-19_11-45-17_dlrm-99-9_Offline_HA,stop,ranging'
ptd-server 2021-03-19 12:10:09,041 [INFO] Sending to ptd: 'Stop'
ptd-server 2021-03-19 12:10:09,041 [INFO] Reply from ptd: 'Stopping untimed measurement'
ptd-server 2021-03-19 12:10:09,361 [INFO] Sending reply to client 'OK'
ptd-server 2021-03-19 12:10:09,361 [INFO] Got command from the client 'time'
ptd-server 2021-03-19 12:10:09,361 [INFO] Sending reply to client '1616173809.361687'
ptd-server 2021-03-19 12:10:09,361 [INFO] Got command from the client 'session,2021-03-19_11-45-17_dlrm-99-9_Offline_HA,start,testing'
ptd-server 2021-03-19 12:10:09,361 [INFO] Sending to ptd: 'SR,V,121.880000'
ptd-server 2021-03-19 12:10:10,972 [INFO] Reply from ptd: 'Range V changed'
ptd-server 2021-03-19 12:10:10,972 [INFO] Sending to ptd: 'SR,A,6.932000'
ptd-server 2021-03-19 12:10:12,492 [INFO] Reply from ptd: 'Range A changed'
ptd-server 2021-03-19 12:10:22,502 [INFO] Starting testing mode
ptd-server 2021-03-19 12:10:22,502 [INFO] Sending to ptd: 'Go,1000,0,2021-03-19_11-45-17_dlrm-99-9_Offline_HA_testing'
ptd-server 2021-03-19 12:10:22,502 [INFO] Reply from ptd: 'Starting untimed measurement, maximum 500000 samples at 1000ms with 0 rampup samples'
ptd-server 2021-03-19 12:10:22,502 [INFO] Sending reply to client 'OK'
ptd-server 2021-03-19 12:34:41,674 [INFO] Got command from the client 'session,2021-03-19_11-45-17_dlrm-99-9_Offline_HA,stop,testing'
ptd-server 2021-03-19 12:34:51,674 [INFO] Sending to ptd: 'Stop'
ptd-server 2021-03-19 12:34:51,674 [INFO] Reply from ptd: 'Stopping untimed measurement'
ptd-server 2021-03-19 12:34:51,834 [INFO] Sending reply to client 'OK'
ptd-server 2021-03-19 12:34:51,834 [INFO] Got command from the client 'session,2021-03-19_11-45-17_dlrm-99-9_Offline_HA,upload,client.log'
ptd-server 2021-03-19 12:34:51,834 [INFO] Received '.\\outdir\\2021-03-19_11-45-17_dlrm-99-9_Offline_HAclient.log.tmp'
ptd-server 2021-03-19 12:34:51,844 [INFO] Removed '.\\outdir\\2021-03-19_11-45-17_dlrm-99-9_Offline_HAclient.log.tmp'
ptd-server 2021-03-19 12:34:51,844 [INFO] Sending reply to client 'OK'
ptd-server 2021-03-19 12:34:51,854 [INFO] Got command from the client 'session,2021-03-19_11-45-17_dlrm-99-9_Offline_HA,upload,client.json'
ptd-server 2021-03-19 12:34:51,864 [INFO] Received '.\\outdir\\2021-03-19_11-45-17_dlrm-99-9_Offline_HAclient.json.tmp'
ptd-server 2021-03-19 12:34:51,864 [INFO] Removed '.\\outdir\\2021-03-19_11-45-17_dlrm-99-9_Offline_HAclient.json.tmp'
ptd-server 2021-03-19 12:34:51,864 [INFO] Sending reply to client 'OK'
ptd-server 2021-03-19 12:34:51,864 [INFO] Got command from the client 'session,2021-03-19_11-45-17_dlrm-99-9_Offline_HA,done'
ptd-server 2021-03-19 12:34:51,874 [INFO] Sending to ptd: 'Stop'
ptd-server 2021-03-19 12:34:52,514 [INFO] Reply from ptd: 'Error: no measurement to stop'
ptd-server 2021-03-19 12:34:52,514 [INFO] Sending to ptd: 'SR,V,Auto'
ptd-server 2021-03-19 12:34:53,034 [INFO] Reply from ptd: 'Range V changed'
ptd-server 2021-03-19 12:34:53,034 [INFO] Sending to ptd: 'SR,A,Auto'
ptd-server 2021-03-19 12:34:53,564 [INFO] Reply from ptd: 'Range A changed'
ptd-server 2021-03-19 12:34:53,564 [INFO] Set initial values for Amps Auto and Volts Auto
ptd-server 2021-03-19 12:34:53,564 [INFO] Stopping ptd...
