ptd-server 2021-03-09 16:45:57,044 [INFO] Got command from the client 'time'
ptd-server 2021-03-09 16:45:57,044 [INFO] Sending reply to client '1615308357.0448506'
ptd-server 2021-03-09 16:45:57,047 [INFO] Got command from the client 'new,,bbe575a0-6ff6-413c-993f-c133a247556f'
ptd-server 2021-03-09 16:45:57,048 [INFO] Sending reply to client 'OK 2021-03-09_16-45-57,1cdb8575-b784-4c9c-9ba1-300592e37571'
ptd-server 2021-03-09 16:45:57,094 [INFO] Got command from the client 'time'
ptd-server 2021-03-09 16:45:57,095 [INFO] Sending reply to client '1615308357.095124'
ptd-server 2021-03-09 16:45:57,097 [INFO] Got command from the client 'session,2021-03-09_16-45-57,start,ranging'
ptd-server 2021-03-09 16:45:57,097 [INFO] Running PTDaemon: ['/home/anton/projects/mlperf/power/inference_v1.0/ptd-linux-x86', '-l', 'ptd.log', '-p', '8888', '52', '/dev/usbtmc0']
ptd-server 2021-03-09 16:46:14,270 [INFO] Sending to ptd: 'Hello'
ptd-server 2021-03-09 16:46:14,270 [INFO] Reply from ptd: 'Hello, PTDaemon here!'
ptd-server 2021-03-09 16:46:14,271 [INFO] Sending to ptd: 'Identify'
ptd-server 2021-03-09 16:46:14,271 [INFO] Reply from ptd: 'YokogawaWT330E,1000,1,1,1,1,0,0,1,version=1.9.2-e8c7a49a-20201208,OS=Linux 5.8.0-43-generic #49~20.04.1-Ubuntu SMP Fri Feb 5 09:57:56 UTC 2021 x86_64,mode=power,1,1,1,0,0,no_cal_date,YOKOGAWA;WT333E;C3VD30030E;F1.04'
ptd-server 2021-03-09 16:46:14,271 [INFO] Connected to PTDaemon
ptd-server 2021-03-09 16:46:14,271 [INFO] Sending to ptd: 'RR'
ptd-server 2021-03-09 16:46:14,272 [INFO] Reply from ptd: 'Ranges,0,0.500000,0,300.000000'
ptd-server 2021-03-09 16:46:14,272 [INFO] Initial range for Amps is 0.500000 for Volts is 300.000000
ptd-server 2021-03-09 16:46:14,272 [INFO] Sending to ptd: 'SR,V,Auto'
ptd-server 2021-03-09 16:46:14,774 [INFO] Reply from ptd: 'Range V changed'
ptd-server 2021-03-09 16:46:14,775 [INFO] Sending to ptd: 'SR,A,Auto'
ptd-server 2021-03-09 16:46:15,277 [INFO] Reply from ptd: 'Range A changed'
ptd-server 2021-03-09 16:46:25,287 [INFO] Starting ranging mode
ptd-server 2021-03-09 16:46:25,287 [INFO] Sending to ptd: 'Go,1000,0,2021-03-09_16-45-57_ranging'
ptd-server 2021-03-09 16:46:25,288 [INFO] Reply from ptd: 'Starting untimed measurement, maximum 500000 samples at 1000ms with 0 rampup samples'
ptd-server 2021-03-09 16:46:25,288 [INFO] Sending reply to client 'OK'
ptd-server 2021-03-09 16:56:40,806 [INFO] Got command from the client 'session,2021-03-09_16-45-57,stop,ranging'
ptd-server 2021-03-09 16:56:50,816 [INFO] Sending to ptd: 'Stop'
ptd-server 2021-03-09 16:56:50,816 [INFO] Reply from ptd: 'Stopping untimed measurement'
ptd-server 2021-03-09 16:56:51,567 [INFO] Sending reply to client 'OK'
ptd-server 2021-03-09 16:56:51,628 [INFO] Got command from the client 'time'
ptd-server 2021-03-09 16:56:51,628 [INFO] Sending reply to client '1615309011.6289716'
ptd-server 2021-03-09 16:56:51,631 [INFO] Got command from the client 'session,2021-03-09_16-45-57,start,testing'
ptd-server 2021-03-09 16:56:51,631 [INFO] Sending to ptd: 'SR,V,248.420000'
ptd-server 2021-03-09 16:56:53,133 [INFO] Reply from ptd: 'Range V changed'
ptd-server 2021-03-09 16:56:53,133 [INFO] Sending to ptd: 'SR,A,0.129520'
ptd-server 2021-03-09 16:56:54,634 [INFO] Reply from ptd: 'Range A changed'
ptd-server 2021-03-09 16:57:04,644 [INFO] Starting testing mode
ptd-server 2021-03-09 16:57:04,645 [INFO] Sending to ptd: 'Go,1000,0,2021-03-09_16-45-57_testing'
ptd-server 2021-03-09 16:57:04,645 [INFO] Reply from ptd: 'Starting untimed measurement, maximum 500000 samples at 1000ms with 0 rampup samples'
ptd-server 2021-03-09 16:57:04,645 [INFO] Sending reply to client 'OK'
ptd-server 2021-03-09 17:07:20,044 [INFO] Got command from the client 'session,2021-03-09_16-45-57,stop,testing'
ptd-server 2021-03-09 17:07:30,054 [INFO] Sending to ptd: 'Stop'
ptd-server 2021-03-09 17:07:30,055 [INFO] Reply from ptd: 'Stopping untimed measurement'
ptd-server 2021-03-09 17:07:30,445 [INFO] Sending reply to client 'OK'
ptd-server 2021-03-09 17:07:30,459 [INFO] Got command from the client 'session,2021-03-09_16-45-57,upload,client.log'
ptd-server 2021-03-09 17:07:30,460 [INFO] Received '/home/anton/projects/mlperf/power-dev/output/2021-03-09_16-45-57client.log.tmp'
ptd-server 2021-03-09 17:07:30,460 [INFO] Removed '/home/anton/projects/mlperf/power-dev/output/2021-03-09_16-45-57client.log.tmp'
ptd-server 2021-03-09 17:07:30,460 [INFO] Sending reply to client 'OK'
ptd-server 2021-03-09 17:07:30,467 [INFO] Got command from the client 'session,2021-03-09_16-45-57,upload,client.json'
ptd-server 2021-03-09 17:07:30,467 [INFO] Received '/home/anton/projects/mlperf/power-dev/output/2021-03-09_16-45-57client.json.tmp'
ptd-server 2021-03-09 17:07:30,468 [INFO] Removed '/home/anton/projects/mlperf/power-dev/output/2021-03-09_16-45-57client.json.tmp'
ptd-server 2021-03-09 17:07:30,468 [INFO] Sending reply to client 'OK'
ptd-server 2021-03-09 17:07:30,470 [INFO] Got command from the client 'session,2021-03-09_16-45-57,done'
ptd-server 2021-03-09 17:07:30,470 [INFO] Sending to ptd: 'Stop'
ptd-server 2021-03-09 17:07:30,646 [INFO] Reply from ptd: 'Error: no measurement to stop'
ptd-server 2021-03-09 17:07:30,646 [INFO] Sending to ptd: 'SR,V,300.000000'
ptd-server 2021-03-09 17:07:32,148 [INFO] Reply from ptd: 'Range V changed'
ptd-server 2021-03-09 17:07:32,148 [INFO] Sending to ptd: 'SR,A,0.500000'
ptd-server 2021-03-09 17:07:33,649 [INFO] Reply from ptd: 'Range A changed'
ptd-server 2021-03-09 17:07:33,649 [INFO] Set initial values for Amps 0.500000 and Volts 300.000000
ptd-server 2021-03-09 17:07:33,649 [INFO] Stopping ptd...
