ptd-server 2021-03-06 01:40:00,715 [INFO] Got command from the client 'time'
ptd-server 2021-03-06 01:40:00,715 [INFO] Sending reply to client '1614994800.7151544'
ptd-server 2021-03-06 01:40:00,718 [INFO] Got command from the client 'new,,3fd46592-a992-4f37-9c89-e1609424cf15'
ptd-server 2021-03-06 01:40:00,718 [INFO] Sending reply to client 'OK 2021-03-06_01-40-00,7895ec77-8a07-485d-b80c-683bbdcfef85'
ptd-server 2021-03-06 01:40:00,754 [INFO] Got command from the client 'time'
ptd-server 2021-03-06 01:40:00,754 [INFO] Sending reply to client '1614994800.7548673'
ptd-server 2021-03-06 01:40:00,757 [INFO] Got command from the client 'session,2021-03-06_01-40-00,start,ranging'
ptd-server 2021-03-06 01:40:00,758 [INFO] Running PTDaemon: ['/home/anton/projects/mlperf/power/inference_v1.0/ptd-linux-x86', '-l', 'ptd.log', '-p', '8888', '52', '/dev/usbtmc0']
ptd-server 2021-03-06 01:40:17,927 [INFO] Sending to ptd: 'Hello'
ptd-server 2021-03-06 01:40:17,927 [INFO] Reply from ptd: 'Hello, PTDaemon here!'
ptd-server 2021-03-06 01:40:17,927 [INFO] Sending to ptd: 'Identify'
ptd-server 2021-03-06 01:40:17,928 [INFO] Reply from ptd: 'YokogawaWT330E,1000,1,1,1,1,0,0,1,version=1.9.2-e8c7a49a-20201208,OS=Linux 5.8.0-43-generic #49~20.04.1-Ubuntu SMP Fri Feb 5 09:57:56 UTC 2021 x86_64,mode=power,1,1,1,0,0,no_cal_date,YOKOGAWA;WT333E;C3VD30030E;F1.04'
ptd-server 2021-03-06 01:40:17,928 [INFO] Connected to PTDaemon
ptd-server 2021-03-06 01:40:17,928 [INFO] Sending to ptd: 'RR'
ptd-server 2021-03-06 01:40:17,929 [INFO] Reply from ptd: 'Ranges,0,0.500000,0,300.000000'
ptd-server 2021-03-06 01:40:17,929 [INFO] Initial range for Amps is 0.500000 for Volts is 300.000000
ptd-server 2021-03-06 01:40:17,929 [INFO] Sending to ptd: 'SR,V,Auto'
ptd-server 2021-03-06 01:40:18,432 [INFO] Reply from ptd: 'Range V changed'
ptd-server 2021-03-06 01:40:18,432 [INFO] Sending to ptd: 'SR,A,Auto'
ptd-server 2021-03-06 01:40:18,935 [INFO] Reply from ptd: 'Range A changed'
ptd-server 2021-03-06 01:40:28,945 [INFO] Starting ranging mode
ptd-server 2021-03-06 01:40:28,945 [INFO] Sending to ptd: 'Go,1000,0,2021-03-06_01-40-00_ranging'
ptd-server 2021-03-06 01:40:28,946 [INFO] Reply from ptd: 'Starting untimed measurement, maximum 500000 samples at 1000ms with 0 rampup samples'
ptd-server 2021-03-06 01:40:28,946 [INFO] Sending reply to client 'OK'
ptd-server 2021-03-06 01:51:00,852 [INFO] Got command from the client 'session,2021-03-06_01-40-00,stop,ranging'
ptd-server 2021-03-06 01:51:10,862 [INFO] Sending to ptd: 'Stop'
ptd-server 2021-03-06 01:51:10,862 [INFO] Reply from ptd: 'Stopping untimed measurement'
ptd-server 2021-03-06 01:51:11,249 [INFO] Sending reply to client 'OK'
ptd-server 2021-03-06 01:51:11,301 [INFO] Got command from the client 'time'
ptd-server 2021-03-06 01:51:11,302 [INFO] Sending reply to client '1614995471.3019955'
ptd-server 2021-03-06 01:51:11,306 [INFO] Got command from the client 'session,2021-03-06_01-40-00,start,testing'
ptd-server 2021-03-06 01:51:11,306 [INFO] Sending to ptd: 'SR,V,251.380000'
ptd-server 2021-03-06 01:51:12,807 [INFO] Reply from ptd: 'Range V changed'
ptd-server 2021-03-06 01:51:12,808 [INFO] Sending to ptd: 'SR,A,0.060200'
ptd-server 2021-03-06 01:51:14,309 [INFO] Reply from ptd: 'Range A changed'
ptd-server 2021-03-06 01:51:24,319 [INFO] Starting testing mode
ptd-server 2021-03-06 01:51:24,319 [INFO] Sending to ptd: 'Go,1000,0,2021-03-06_01-40-00_testing'
ptd-server 2021-03-06 01:51:24,320 [INFO] Reply from ptd: 'Starting untimed measurement, maximum 500000 samples at 1000ms with 0 rampup samples'
ptd-server 2021-03-06 01:51:24,320 [INFO] Sending reply to client 'OK'
ptd-server 2021-03-06 02:02:00,907 [INFO] Got command from the client 'session,2021-03-06_01-40-00,stop,testing'
ptd-server 2021-03-06 02:02:10,917 [INFO] Sending to ptd: 'Stop'
ptd-server 2021-03-06 02:02:10,917 [INFO] Reply from ptd: 'Stopping untimed measurement'
ptd-server 2021-03-06 02:02:11,124 [INFO] Sending reply to client 'OK'
ptd-server 2021-03-06 02:02:11,132 [INFO] Got command from the client 'session,2021-03-06_01-40-00,upload,client.log'
ptd-server 2021-03-06 02:02:11,135 [INFO] Received '/home/anton/projects/mlperf/power-dev/output/2021-03-06_01-40-00client.log.tmp'
ptd-server 2021-03-06 02:02:11,136 [INFO] Removed '/home/anton/projects/mlperf/power-dev/output/2021-03-06_01-40-00client.log.tmp'
ptd-server 2021-03-06 02:02:11,136 [INFO] Sending reply to client 'OK'
ptd-server 2021-03-06 02:02:11,148 [INFO] Got command from the client 'session,2021-03-06_01-40-00,upload,client.json'
ptd-server 2021-03-06 02:02:11,151 [INFO] Received '/home/anton/projects/mlperf/power-dev/output/2021-03-06_01-40-00client.json.tmp'
ptd-server 2021-03-06 02:02:11,151 [INFO] Removed '/home/anton/projects/mlperf/power-dev/output/2021-03-06_01-40-00client.json.tmp'
ptd-server 2021-03-06 02:02:11,151 [INFO] Sending reply to client 'OK'
ptd-server 2021-03-06 02:02:11,154 [INFO] Got command from the client 'session,2021-03-06_01-40-00,done'
ptd-server 2021-03-06 02:02:11,154 [INFO] Sending to ptd: 'Stop'
ptd-server 2021-03-06 02:02:11,321 [INFO] Reply from ptd: 'Error: no measurement to stop'
ptd-server 2021-03-06 02:02:11,321 [INFO] Sending to ptd: 'SR,V,300.000000'
ptd-server 2021-03-06 02:02:12,822 [INFO] Reply from ptd: 'Range V changed'
ptd-server 2021-03-06 02:02:12,822 [INFO] Sending to ptd: 'SR,A,0.500000'
ptd-server 2021-03-06 02:02:14,324 [INFO] Reply from ptd: 'Range A changed'
ptd-server 2021-03-06 02:02:14,324 [INFO] Set initial values for Amps 0.500000 and Volts 300.000000
ptd-server 2021-03-06 02:02:14,324 [INFO] Stopping ptd...
