ptd-server 2021-03-06 13:07:46,365 [INFO] Got command from the client 'time'
ptd-server 2021-03-06 13:07:46,365 [INFO] Sending reply to client '1615036066.3658202'
ptd-server 2021-03-06 13:07:46,369 [INFO] Got command from the client 'new,,55cde1c9-0840-4f9e-9e34-e549523db824'
ptd-server 2021-03-06 13:07:46,369 [INFO] Sending reply to client 'OK 2021-03-06_13-07-46,b67e5aa8-3566-49e0-b825-5c946806aef6'
ptd-server 2021-03-06 13:07:46,405 [INFO] Got command from the client 'time'
ptd-server 2021-03-06 13:07:46,405 [INFO] Sending reply to client '1615036066.4055269'
ptd-server 2021-03-06 13:07:46,408 [INFO] Got command from the client 'session,2021-03-06_13-07-46,start,ranging'
ptd-server 2021-03-06 13:07:46,408 [INFO] Running PTDaemon: ['/home/anton/projects/mlperf/power/inference_v1.0/ptd-linux-x86', '-l', 'ptd.log', '-p', '8888', '52', '/dev/usbtmc0']
ptd-server 2021-03-06 13:08:03,576 [INFO] Sending to ptd: 'Hello'
ptd-server 2021-03-06 13:08:03,576 [INFO] Reply from ptd: 'Hello, PTDaemon here!'
ptd-server 2021-03-06 13:08:03,577 [INFO] Sending to ptd: 'Identify'
ptd-server 2021-03-06 13:08:03,577 [INFO] Reply from ptd: 'YokogawaWT330E,1000,1,1,1,1,0,0,1,version=1.9.2-e8c7a49a-20201208,OS=Linux 5.8.0-43-generic #49~20.04.1-Ubuntu SMP Fri Feb 5 09:57:56 UTC 2021 x86_64,mode=power,1,1,1,0,0,no_cal_date,YOKOGAWA;WT333E;C3VD30030E;F1.04'
ptd-server 2021-03-06 13:08:03,577 [INFO] Connected to PTDaemon
ptd-server 2021-03-06 13:08:03,577 [INFO] Sending to ptd: 'RR'
ptd-server 2021-03-06 13:08:03,578 [INFO] Reply from ptd: 'Ranges,0,0.500000,0,300.000000'
ptd-server 2021-03-06 13:08:03,578 [INFO] Initial range for Amps is 0.500000 for Volts is 300.000000
ptd-server 2021-03-06 13:08:03,578 [INFO] Sending to ptd: 'SR,V,Auto'
ptd-server 2021-03-06 13:08:04,080 [INFO] Reply from ptd: 'Range V changed'
ptd-server 2021-03-06 13:08:04,080 [INFO] Sending to ptd: 'SR,A,Auto'
ptd-server 2021-03-06 13:08:04,583 [INFO] Reply from ptd: 'Range A changed'
ptd-server 2021-03-06 13:08:14,593 [INFO] Starting ranging mode
ptd-server 2021-03-06 13:08:14,593 [INFO] Sending to ptd: 'Go,1000,0,2021-03-06_13-07-46_ranging'
ptd-server 2021-03-06 13:08:14,594 [INFO] Reply from ptd: 'Starting untimed measurement, maximum 500000 samples at 1000ms with 0 rampup samples'
ptd-server 2021-03-06 13:08:14,594 [INFO] Sending reply to client 'OK'
ptd-server 2021-03-06 13:18:46,569 [INFO] Got command from the client 'session,2021-03-06_13-07-46,stop,ranging'
ptd-server 2021-03-06 13:18:56,579 [INFO] Sending to ptd: 'Stop'
ptd-server 2021-03-06 13:18:56,580 [INFO] Reply from ptd: 'Stopping untimed measurement'
ptd-server 2021-03-06 13:18:57,017 [INFO] Sending reply to client 'OK'
ptd-server 2021-03-06 13:18:57,059 [INFO] Got command from the client 'time'
ptd-server 2021-03-06 13:18:57,060 [INFO] Sending reply to client '1615036737.0599875'
ptd-server 2021-03-06 13:18:57,064 [INFO] Got command from the client 'session,2021-03-06_13-07-46,start,testing'
ptd-server 2021-03-06 13:18:57,064 [INFO] Sending to ptd: 'SR,V,248.580000'
ptd-server 2021-03-06 13:18:58,565 [INFO] Reply from ptd: 'Range V changed'
ptd-server 2021-03-06 13:18:58,565 [INFO] Sending to ptd: 'SR,A,0.061610'
ptd-server 2021-03-06 13:19:00,066 [INFO] Reply from ptd: 'Range A changed'
ptd-server 2021-03-06 13:19:10,077 [INFO] Starting testing mode
ptd-server 2021-03-06 13:19:10,077 [INFO] Sending to ptd: 'Go,1000,0,2021-03-06_13-07-46_testing'
ptd-server 2021-03-06 13:19:10,077 [INFO] Reply from ptd: 'Starting untimed measurement, maximum 500000 samples at 1000ms with 0 rampup samples'
ptd-server 2021-03-06 13:19:10,077 [INFO] Sending reply to client 'OK'
ptd-server 2021-03-06 13:29:46,505 [INFO] Got command from the client 'session,2021-03-06_13-07-46,stop,testing'
ptd-server 2021-03-06 13:29:56,516 [INFO] Sending to ptd: 'Stop'
ptd-server 2021-03-06 13:29:56,516 [INFO] Reply from ptd: 'Stopping untimed measurement'
ptd-server 2021-03-06 13:29:56,739 [INFO] Sending reply to client 'OK'
ptd-server 2021-03-06 13:29:56,746 [INFO] Got command from the client 'session,2021-03-06_13-07-46,upload,client.log'
ptd-server 2021-03-06 13:29:56,750 [INFO] Received '/home/anton/projects/mlperf/power-dev/output/2021-03-06_13-07-46client.log.tmp'
ptd-server 2021-03-06 13:29:56,750 [INFO] Removed '/home/anton/projects/mlperf/power-dev/output/2021-03-06_13-07-46client.log.tmp'
ptd-server 2021-03-06 13:29:56,751 [INFO] Sending reply to client 'OK'
ptd-server 2021-03-06 13:29:56,763 [INFO] Got command from the client 'session,2021-03-06_13-07-46,upload,client.json'
ptd-server 2021-03-06 13:29:56,766 [INFO] Received '/home/anton/projects/mlperf/power-dev/output/2021-03-06_13-07-46client.json.tmp'
ptd-server 2021-03-06 13:29:56,766 [INFO] Removed '/home/anton/projects/mlperf/power-dev/output/2021-03-06_13-07-46client.json.tmp'
ptd-server 2021-03-06 13:29:56,766 [INFO] Sending reply to client 'OK'
ptd-server 2021-03-06 13:29:56,769 [INFO] Got command from the client 'session,2021-03-06_13-07-46,done'
ptd-server 2021-03-06 13:29:56,769 [INFO] Sending to ptd: 'Stop'
ptd-server 2021-03-06 13:29:57,078 [INFO] Reply from ptd: 'Error: no measurement to stop'
ptd-server 2021-03-06 13:29:57,078 [INFO] Sending to ptd: 'SR,V,300.000000'
ptd-server 2021-03-06 13:29:58,579 [INFO] Reply from ptd: 'Range V changed'
ptd-server 2021-03-06 13:29:58,580 [INFO] Sending to ptd: 'SR,A,0.500000'
ptd-server 2021-03-06 13:30:00,081 [INFO] Reply from ptd: 'Range A changed'
ptd-server 2021-03-06 13:30:00,081 [INFO] Set initial values for Amps 0.500000 and Volts 300.000000
ptd-server 2021-03-06 13:30:00,081 [INFO] Stopping ptd...
