client 2021-03-08 11:44:42,766 [INFO] Sending command to the server: 'mlcommons/power client v3'
client 2021-03-08 11:44:42,768 [INFO] Got response: 'mlcommons/power server v3'
client 2021-03-08 11:44:42,769 [INFO] Synchronizing with the server and with time.google.com...
client 2021-03-08 11:44:42,805 [INFO] NTP:offset = -0.001 s, delay = 0.028 s 
client 2021-03-08 11:44:42,805 [INFO] Sending command to the server: 'time'
client 2021-03-08 11:44:42,807 [INFO] Got response: '1615203882.805029'
client 2021-03-08 11:44:42,808 [INFO] The time difference between the client and the server is within range 0.553 ms..3.093 ms
client 2021-03-08 11:44:42,808 [INFO] Sending command to the server: 'new,,1cece7f8-2f52-48c5-aa68-bbf745ec11de'
client 2021-03-08 11:44:42,810 [INFO] Got response: 'OK 2021-03-08_11-44-42,bac0eed0-1846-4908-a3d4-d8eb4b76dac5'
client 2021-03-08 11:44:42,811 [INFO] Session id is '2021-03-08_11-44-42'
client 2021-03-08 11:44:42,811 [INFO] Sources: {"sources": {"client.py": "d1e75cb4b26101220ebd242e584cf3ca5d8f1996", "lib/__init__.py": "da39a3ee5e6b4b0d3255bfef95601890afd80709", "lib/client.py": "d42bebf5b74cb6ff3997e2a6c68422afac111a28", "lib/common.py": "b0bad80d8fa328a7636027d4d66ff453f8dd7889", "lib/external/ntplib.py": "4da8f970656505a40483206ef2b5d3dd5e81711d", "lib/server.py": "2ed36471c7af565d6c8438b2134edad1d7ddf166", "lib/source_hashes.py": "4cedff274c661cb1504052018fd4f00dfbf624ef", "lib/summary.py": "0db15d783907aa92038281af4e465545c0648ddb", "lib/time_sync.py": "76051226ec89287839723352f4162aaa24e0546a", "server.py": "99e1310e3f76292aef1b8792ce6b8c82f1d44d8b", "tests/unit/test_server.py": "64f11775bfed35232a0e8bb9593c0ff992432c59", "tests/unit/test_source_hashes.py": "cb41a7261eaf7d94ba5c0aae9c523174f6204be3"}, "modules": {"__main__": "client.py", "lib.client": "lib/client.py", "lib.common": "lib/common.py", "lib.external.ntplib": "lib/external/ntplib.py", "lib.source_hashes": "lib/source_hashes.py", "lib.summary": "lib/summary.py", "lib.time_sync": "lib/time_sync.py"}}
client 2021-03-08 11:44:42,811 [INFO] Running workload in ranging mode
client 2021-03-08 11:44:42,812 [INFO] Synchronizing with the server and with time.google.com...
client 2021-03-08 11:44:42,846 [INFO] NTP:offset = -0.005 s, delay = 0.032 s 
client 2021-03-08 11:44:42,846 [INFO] Sending command to the server: 'time'
client 2021-03-08 11:44:42,849 [INFO] Got response: '1615203882.8462846'
client 2021-03-08 11:44:42,849 [INFO] The time difference between the client and the server is within range 0.537 ms..3.073 ms
client 2021-03-08 11:44:42,849 [INFO] Sending command to the server: 'session,2021-03-08_11-44-42,start,ranging'
client 2021-03-08 11:45:11,042 [INFO] Got response: 'OK'
client 2021-03-08 11:45:11,042 [INFO] Running the workload 'ck benchmark program:image-classification-armnn-tflite-loadgen --env.CK_SILENT_MODE=YES --skip_print_timers --dep_add_tags.compiler=gcc,v9 --dep_add_tags.python=v3 --dep_add_tags.mlperf-inference-src=r1.0 --dep_add_tags.weights=mobilenet,v2-0.35-224,quantized --dep_add_tags.images=crop.875,preprocessed,using-opencv --dep_add_tags.library=armnn,rel.21.02,neon --env.CK_LOADGEN_DATASET_SIZE=1024 --env.USE_NEON=1 --env.CK_LOADGEN_MODE=PerformanceOnly --env.CK_LOADGEN_SCENARIO=SingleStream --env.CK_FAN_MODE=on --env.CK_LOADGEN_TARGET_LATENCY=$CK_LOADGEN_TARGET_LATENCY --skip_stat_analysis --process_multi_keys --repetitions=1 --record --record_repo=local --record_uoa=mlperf-open-rpi4coral-armnn-v21.02-neon-mobilenet-v2-0.35-224-quantized-singlestream-performance-target_latency.$CK_LOADGEN_TARGET_LATENCY-fan_mode.on-power.workload --tags=mlperf,division.open,task.image-classification,platform.rpi4coral,scenario.singlestream,mode.performance,workload.mobilenet-v2-0.35-224-quantized,preprocessed_using.opencv,inference_engine.armnn,inference_engine_version.v21.02,inference_engine_backend.neon,fan_mode.on,target_latency.$CK_LOADGEN_TARGET_LATENCY,power.workload "@@@{\'meta\': {\'ck_benchmark_program\': \'ck benchmark program:image-classification-armnn-tflite-loadgen --env.CK_SILENT_MODE=YES --skip_print_timers --dep_add_tags.compiler=gcc,v9 --dep_add_tags.python=v3 --dep_add_tags.mlperf-inference-src=r1.0 --dep_add_tags.weights=mobilenet,v2-0.35-224,quantized --dep_add_tags.images=crop.875,preprocessed,using-opencv --dep_add_tags.library=armnn,rel.21.02,neon --env.CK_LOADGEN_DATASET_SIZE=1024 --env.USE_NEON=1 --env.CK_LOADGEN_MODE=PerformanceOnly --env.CK_LOADGEN_SCENARIO=SingleStream --env.CK_FAN_MODE=on --env.CK_LOADGEN_TARGET_LATENCY=$CK_LOADGEN_TARGET_LATENCY --skip_stat_analysis --process_multi_keys --repetitions=1 --record --record_repo=local --record_uoa=mlperf-open-rpi4coral-armnn-v21.02-neon-mobilenet-v2-0.35-224-quantized-singlestream-performance-target_latency.$CK_LOADGEN_TARGET_LATENCY-fan_mode.on-power.workload --tags=mlperf,division.open,task.image-classification,platform.rpi4coral,scenario.singlestream,mode.performance,workload.mobilenet-v2-0.35-224-quantized,preprocessed_using.opencv,inference_engine.armnn,inference_engine_version.v21.02,inference_engine_backend.neon,fan_mode.on,target_latency.$CK_LOADGEN_TARGET_LATENCY,power.workload\'}}"  && mkdir -p "$CK_MLPERF_POWER_CLIENT_LOADGEN_LOGS" && cp "$CK_MLPERF_POWER_CLIENT_LOADGEN_LOGS"/../mlperf_log_* "$CK_MLPERF_POWER_CLIENT_LOADGEN_LOGS"/'
client 2021-03-08 11:55:36,122 [INFO] Sending command to the server: 'session,2021-03-08_11-44-42,stop,ranging'
client 2021-03-08 11:55:46,800 [INFO] Got response: 'OK'
client 2021-03-08 11:55:46,802 [INFO] Running workload in testing mode
client 2021-03-08 11:55:46,802 [INFO] Synchronizing with the server and with time.google.com...
client 2021-03-08 11:55:46,847 [INFO] NTP:offset = -0.009 s, delay = 0.038 s 
client 2021-03-08 11:55:46,847 [INFO] Sending command to the server: 'time'
client 2021-03-08 11:55:46,850 [INFO] Got response: '1615204546.843603'
client 2021-03-08 11:55:46,851 [INFO] The time difference between the client and the server is within range 3.959 ms..7.452 ms
client 2021-03-08 11:55:46,851 [INFO] Sending command to the server: 'session,2021-03-08_11-44-42,start,testing'
client 2021-03-08 11:56:00,062 [INFO] Got response: 'OK'
client 2021-03-08 11:56:00,063 [INFO] Running the workload 'ck benchmark program:image-classification-armnn-tflite-loadgen --env.CK_SILENT_MODE=YES --skip_print_timers --dep_add_tags.compiler=gcc,v9 --dep_add_tags.python=v3 --dep_add_tags.mlperf-inference-src=r1.0 --dep_add_tags.weights=mobilenet,v2-0.35-224,quantized --dep_add_tags.images=crop.875,preprocessed,using-opencv --dep_add_tags.library=armnn,rel.21.02,neon --env.CK_LOADGEN_DATASET_SIZE=1024 --env.USE_NEON=1 --env.CK_LOADGEN_MODE=PerformanceOnly --env.CK_LOADGEN_SCENARIO=SingleStream --env.CK_FAN_MODE=on --env.CK_LOADGEN_TARGET_LATENCY=$CK_LOADGEN_TARGET_LATENCY --skip_stat_analysis --process_multi_keys --repetitions=1 --record --record_repo=local --record_uoa=mlperf-open-rpi4coral-armnn-v21.02-neon-mobilenet-v2-0.35-224-quantized-singlestream-performance-target_latency.$CK_LOADGEN_TARGET_LATENCY-fan_mode.on-power.workload --tags=mlperf,division.open,task.image-classification,platform.rpi4coral,scenario.singlestream,mode.performance,workload.mobilenet-v2-0.35-224-quantized,preprocessed_using.opencv,inference_engine.armnn,inference_engine_version.v21.02,inference_engine_backend.neon,fan_mode.on,target_latency.$CK_LOADGEN_TARGET_LATENCY,power.workload "@@@{\'meta\': {\'ck_benchmark_program\': \'ck benchmark program:image-classification-armnn-tflite-loadgen --env.CK_SILENT_MODE=YES --skip_print_timers --dep_add_tags.compiler=gcc,v9 --dep_add_tags.python=v3 --dep_add_tags.mlperf-inference-src=r1.0 --dep_add_tags.weights=mobilenet,v2-0.35-224,quantized --dep_add_tags.images=crop.875,preprocessed,using-opencv --dep_add_tags.library=armnn,rel.21.02,neon --env.CK_LOADGEN_DATASET_SIZE=1024 --env.USE_NEON=1 --env.CK_LOADGEN_MODE=PerformanceOnly --env.CK_LOADGEN_SCENARIO=SingleStream --env.CK_FAN_MODE=on --env.CK_LOADGEN_TARGET_LATENCY=$CK_LOADGEN_TARGET_LATENCY --skip_stat_analysis --process_multi_keys --repetitions=1 --record --record_repo=local --record_uoa=mlperf-open-rpi4coral-armnn-v21.02-neon-mobilenet-v2-0.35-224-quantized-singlestream-performance-target_latency.$CK_LOADGEN_TARGET_LATENCY-fan_mode.on-power.workload --tags=mlperf,division.open,task.image-classification,platform.rpi4coral,scenario.singlestream,mode.performance,workload.mobilenet-v2-0.35-224-quantized,preprocessed_using.opencv,inference_engine.armnn,inference_engine_version.v21.02,inference_engine_backend.neon,fan_mode.on,target_latency.$CK_LOADGEN_TARGET_LATENCY,power.workload\'}}"  && mkdir -p "$CK_MLPERF_POWER_CLIENT_LOADGEN_LOGS" && cp "$CK_MLPERF_POWER_CLIENT_LOADGEN_LOGS"/../mlperf_log_* "$CK_MLPERF_POWER_CLIENT_LOADGEN_LOGS"/'
client 2021-03-08 12:06:29,851 [INFO] Sending command to the server: 'session,2021-03-08_11-44-42,stop,testing'
client 2021-03-08 12:06:40,218 [INFO] Got response: 'OK'
client 2021-03-08 12:06:40,220 [INFO] Done runs
