ptd-server 2021-02-27 14:53:48,405 [INFO] Got command from the client 'time'
ptd-server 2021-02-27 14:53:48,405 [INFO] Sending reply to client '1614437628.4053755'
ptd-server 2021-02-27 14:53:48,406 [INFO] Got command from the client 'new,,dc849651-72fd-4e87-b3bf-3510d0457963'
ptd-server 2021-02-27 14:53:48,407 [INFO] Sending reply to client 'OK 2021-02-27_14-53-48,1eda31dc-5802-4efa-a3db-6b93d3b10937'
ptd-server 2021-02-27 14:53:48,434 [INFO] Got command from the client 'time'
ptd-server 2021-02-27 14:53:48,435 [INFO] Sending reply to client '1614437628.4350595'
ptd-server 2021-02-27 14:53:48,436 [INFO] Got command from the client 'session,2021-02-27_14-53-48,start,ranging'
ptd-server 2021-02-27 14:53:48,436 [INFO] Running PTDaemon: ['/home/anton/projects/mlperf/power/inference_v1.0/ptd-linux-x86', '-l', 'ptd.log', '-p', '8888', '52', '/dev/usbtmc0']
ptd-server 2021-02-27 14:54:05,605 [INFO] Sending to ptd: 'Hello'
ptd-server 2021-02-27 14:54:05,606 [INFO] Reply from ptd: 'Hello, PTDaemon here!'
ptd-server 2021-02-27 14:54:05,606 [INFO] Sending to ptd: 'Identify'
ptd-server 2021-02-27 14:54:05,606 [INFO] Reply from ptd: 'YokogawaWT330E,1000,1,1,1,1,0,0,1,version=1.9.2-e8c7a49a-20201208,OS=Linux 5.8.0-43-generic #49~20.04.1-Ubuntu SMP Fri Feb 5 09:57:56 UTC 2021 x86_64,mode=power,1,1,1,0,0,no_cal_date,YOKOGAWA;WT333E;C3VD30030E;F1.04'
ptd-server 2021-02-27 14:54:05,606 [INFO] Connected to PTDaemon
ptd-server 2021-02-27 14:54:05,606 [INFO] Sending to ptd: 'RR'
ptd-server 2021-02-27 14:54:05,607 [INFO] Reply from ptd: 'Ranges,0,0.500000,0,300.000000'
ptd-server 2021-02-27 14:54:05,607 [INFO] Initial range for Amps is 0.500000 for Volts is 300.000000
ptd-server 2021-02-27 14:54:05,607 [INFO] Sending to ptd: 'SR,V,Auto'
ptd-server 2021-02-27 14:54:06,109 [INFO] Reply from ptd: 'Range V changed'
ptd-server 2021-02-27 14:54:06,110 [INFO] Sending to ptd: 'SR,A,Auto'
ptd-server 2021-02-27 14:54:06,612 [INFO] Reply from ptd: 'Range A changed'
ptd-server 2021-02-27 14:54:16,622 [INFO] Starting ranging mode
ptd-server 2021-02-27 14:54:16,622 [INFO] Sending to ptd: 'Go,1000,0,2021-02-27_14-53-48_ranging'
ptd-server 2021-02-27 14:54:16,623 [INFO] Reply from ptd: 'Starting untimed measurement, maximum 500000 samples at 1000ms with 0 rampup samples'
ptd-server 2021-02-27 14:54:16,623 [INFO] Sending reply to client 'OK'
ptd-server 2021-02-27 15:04:34,802 [INFO] Got command from the client 'session,2021-02-27_14-53-48,stop,ranging'
ptd-server 2021-02-27 15:04:44,813 [INFO] Sending to ptd: 'Stop'
ptd-server 2021-02-27 15:04:44,813 [INFO] Reply from ptd: 'Stopping untimed measurement'
ptd-server 2021-02-27 15:04:44,922 [INFO] Sending reply to client 'OK'
ptd-server 2021-02-27 15:04:44,984 [INFO] Got command from the client 'time'
ptd-server 2021-02-27 15:04:44,984 [INFO] Sending reply to client '1614438284.9842224'
ptd-server 2021-02-27 15:04:44,985 [INFO] Got command from the client 'session,2021-02-27_14-53-48,start,testing'
ptd-server 2021-02-27 15:04:44,985 [INFO] Sending to ptd: 'SR,V,249.480000'
ptd-server 2021-02-27 15:04:47,124 [INFO] Reply from ptd: 'Range V changed'
ptd-server 2021-02-27 15:04:47,125 [INFO] Sending to ptd: 'SR,A,0.176230'
ptd-server 2021-02-27 15:04:48,626 [INFO] Reply from ptd: 'Range A changed'
ptd-server 2021-02-27 15:04:58,636 [INFO] Starting testing mode
ptd-server 2021-02-27 15:04:58,636 [INFO] Sending to ptd: 'Go,1000,0,2021-02-27_14-53-48_testing'
ptd-server 2021-02-27 15:04:58,637 [INFO] Reply from ptd: 'Starting untimed measurement, maximum 500000 samples at 1000ms with 0 rampup samples'
ptd-server 2021-02-27 15:04:58,637 [INFO] Sending reply to client 'OK'
ptd-server 2021-02-27 15:15:16,769 [INFO] Got command from the client 'session,2021-02-27_14-53-48,stop,testing'
ptd-server 2021-02-27 15:15:26,779 [INFO] Sending to ptd: 'Stop'
ptd-server 2021-02-27 15:15:26,780 [INFO] Reply from ptd: 'Stopping untimed measurement'
ptd-server 2021-02-27 15:15:26,835 [INFO] Sending reply to client 'OK'
ptd-server 2021-02-27 15:15:26,838 [INFO] Got command from the client 'session,2021-02-27_14-53-48,upload,client.log'
ptd-server 2021-02-27 15:15:26,839 [INFO] Received '/home/anton/projects/mlperf/power-dev/output/2021-02-27_14-53-48client.log.tmp'
ptd-server 2021-02-27 15:15:26,839 [INFO] Removed '/home/anton/projects/mlperf/power-dev/output/2021-02-27_14-53-48client.log.tmp'
ptd-server 2021-02-27 15:15:26,839 [INFO] Sending reply to client 'OK'
ptd-server 2021-02-27 15:15:26,843 [INFO] Got command from the client 'session,2021-02-27_14-53-48,upload,client.json'
ptd-server 2021-02-27 15:15:26,843 [INFO] Received '/home/anton/projects/mlperf/power-dev/output/2021-02-27_14-53-48client.json.tmp'
ptd-server 2021-02-27 15:15:26,844 [INFO] Removed '/home/anton/projects/mlperf/power-dev/output/2021-02-27_14-53-48client.json.tmp'
ptd-server 2021-02-27 15:15:26,844 [INFO] Sending reply to client 'OK'
ptd-server 2021-02-27 15:15:26,844 [INFO] Got command from the client 'session,2021-02-27_14-53-48,done'
ptd-server 2021-02-27 15:15:26,845 [INFO] Sending to ptd: 'Stop'
ptd-server 2021-02-27 15:15:27,638 [INFO] Reply from ptd: 'Error: no measurement to stop'
ptd-server 2021-02-27 15:15:27,638 [INFO] Sending to ptd: 'SR,V,300.000000'
ptd-server 2021-02-27 15:15:29,139 [INFO] Reply from ptd: 'Range V changed'
ptd-server 2021-02-27 15:15:29,139 [INFO] Sending to ptd: 'SR,A,0.500000'
ptd-server 2021-02-27 15:15:30,641 [INFO] Reply from ptd: 'Range A changed'
ptd-server 2021-02-27 15:15:30,641 [INFO] Set initial values for Amps 0.500000 and Volts 300.000000
ptd-server 2021-02-27 15:15:30,641 [INFO] Stopping ptd...
