ptd-server 2021-03-06 14:15:02,412 [INFO] Got command from the client 'time'
ptd-server 2021-03-06 14:15:02,412 [INFO] Sending reply to client '1615040102.4126124'
ptd-server 2021-03-06 14:15:02,416 [INFO] Got command from the client 'new,,7c5efda4-c9ac-4a07-bdb3-fb815681c65b'
ptd-server 2021-03-06 14:15:02,416 [INFO] Sending reply to client 'OK 2021-03-06_14-15-02,da975709-a320-4644-9568-b747d26f9212'
ptd-server 2021-03-06 14:15:02,450 [INFO] Got command from the client 'time'
ptd-server 2021-03-06 14:15:02,451 [INFO] Sending reply to client '1615040102.4511094'
ptd-server 2021-03-06 14:15:02,454 [INFO] Got command from the client 'session,2021-03-06_14-15-02,start,ranging'
ptd-server 2021-03-06 14:15:02,454 [INFO] Running PTDaemon: ['/home/anton/projects/mlperf/power/inference_v1.0/ptd-linux-x86', '-l', 'ptd.log', '-p', '8888', '52', '/dev/usbtmc0']
ptd-server 2021-03-06 14:15:19,623 [INFO] Sending to ptd: 'Hello'
ptd-server 2021-03-06 14:15:19,623 [INFO] Reply from ptd: 'Hello, PTDaemon here!'
ptd-server 2021-03-06 14:15:19,623 [INFO] Sending to ptd: 'Identify'
ptd-server 2021-03-06 14:15:19,624 [INFO] Reply from ptd: 'YokogawaWT330E,1000,1,1,1,1,0,0,1,version=1.9.2-e8c7a49a-20201208,OS=Linux 5.8.0-43-generic #49~20.04.1-Ubuntu SMP Fri Feb 5 09:57:56 UTC 2021 x86_64,mode=power,1,1,1,0,0,no_cal_date,YOKOGAWA;WT333E;C3VD30030E;F1.04'
ptd-server 2021-03-06 14:15:19,624 [INFO] Connected to PTDaemon
ptd-server 2021-03-06 14:15:19,624 [INFO] Sending to ptd: 'RR'
ptd-server 2021-03-06 14:15:19,624 [INFO] Reply from ptd: 'Ranges,0,0.500000,0,300.000000'
ptd-server 2021-03-06 14:15:19,625 [INFO] Initial range for Amps is 0.500000 for Volts is 300.000000
ptd-server 2021-03-06 14:15:19,625 [INFO] Sending to ptd: 'SR,V,Auto'
ptd-server 2021-03-06 14:15:20,127 [INFO] Reply from ptd: 'Range V changed'
ptd-server 2021-03-06 14:15:20,127 [INFO] Sending to ptd: 'SR,A,Auto'
ptd-server 2021-03-06 14:15:20,630 [INFO] Reply from ptd: 'Range A changed'
ptd-server 2021-03-06 14:15:30,640 [INFO] Starting ranging mode
ptd-server 2021-03-06 14:15:30,640 [INFO] Sending to ptd: 'Go,1000,0,2021-03-06_14-15-02_ranging'
ptd-server 2021-03-06 14:15:30,641 [INFO] Reply from ptd: 'Starting untimed measurement, maximum 500000 samples at 1000ms with 0 rampup samples'
ptd-server 2021-03-06 14:15:30,641 [INFO] Sending reply to client 'OK'
ptd-server 2021-03-06 14:26:02,160 [INFO] Got command from the client 'session,2021-03-06_14-15-02,stop,ranging'
ptd-server 2021-03-06 14:26:12,171 [INFO] Sending to ptd: 'Stop'
ptd-server 2021-03-06 14:26:12,171 [INFO] Reply from ptd: 'Stopping untimed measurement'
ptd-server 2021-03-06 14:26:12,609 [INFO] Sending reply to client 'OK'
ptd-server 2021-03-06 14:26:12,653 [INFO] Got command from the client 'time'
ptd-server 2021-03-06 14:26:12,654 [INFO] Sending reply to client '1615040772.6540644'
ptd-server 2021-03-06 14:26:12,658 [INFO] Got command from the client 'session,2021-03-06_14-15-02,start,testing'
ptd-server 2021-03-06 14:26:12,658 [INFO] Sending to ptd: 'SR,V,251.080000'
ptd-server 2021-03-06 14:26:14,160 [INFO] Reply from ptd: 'Range V changed'
ptd-server 2021-03-06 14:26:14,160 [INFO] Sending to ptd: 'SR,A,0.059770'
ptd-server 2021-03-06 14:26:15,661 [INFO] Reply from ptd: 'Range A changed'
ptd-server 2021-03-06 14:26:25,664 [INFO] Starting testing mode
ptd-server 2021-03-06 14:26:25,664 [INFO] Sending to ptd: 'Go,1000,0,2021-03-06_14-15-02_testing'
ptd-server 2021-03-06 14:26:25,665 [INFO] Reply from ptd: 'Starting untimed measurement, maximum 500000 samples at 1000ms with 0 rampup samples'
ptd-server 2021-03-06 14:26:25,665 [INFO] Sending reply to client 'OK'
ptd-server 2021-03-06 14:37:02,250 [INFO] Got command from the client 'session,2021-03-06_14-15-02,stop,testing'
ptd-server 2021-03-06 14:37:12,261 [INFO] Sending to ptd: 'Stop'
ptd-server 2021-03-06 14:37:12,261 [INFO] Reply from ptd: 'Stopping untimed measurement'
ptd-server 2021-03-06 14:37:12,495 [INFO] Sending reply to client 'OK'
ptd-server 2021-03-06 14:37:12,503 [INFO] Got command from the client 'session,2021-03-06_14-15-02,upload,client.log'
ptd-server 2021-03-06 14:37:12,507 [INFO] Received '/home/anton/projects/mlperf/power-dev/output/2021-03-06_14-15-02client.log.tmp'
ptd-server 2021-03-06 14:37:12,507 [INFO] Removed '/home/anton/projects/mlperf/power-dev/output/2021-03-06_14-15-02client.log.tmp'
ptd-server 2021-03-06 14:37:12,507 [INFO] Sending reply to client 'OK'
ptd-server 2021-03-06 14:37:12,520 [INFO] Got command from the client 'session,2021-03-06_14-15-02,upload,client.json'
ptd-server 2021-03-06 14:37:12,522 [INFO] Received '/home/anton/projects/mlperf/power-dev/output/2021-03-06_14-15-02client.json.tmp'
ptd-server 2021-03-06 14:37:12,523 [INFO] Removed '/home/anton/projects/mlperf/power-dev/output/2021-03-06_14-15-02client.json.tmp'
ptd-server 2021-03-06 14:37:12,523 [INFO] Sending reply to client 'OK'
ptd-server 2021-03-06 14:37:12,526 [INFO] Got command from the client 'session,2021-03-06_14-15-02,done'
ptd-server 2021-03-06 14:37:12,526 [INFO] Sending to ptd: 'Stop'
ptd-server 2021-03-06 14:37:12,665 [INFO] Reply from ptd: 'Error: no measurement to stop'
ptd-server 2021-03-06 14:37:12,665 [INFO] Sending to ptd: 'SR,V,300.000000'
ptd-server 2021-03-06 14:37:14,167 [INFO] Reply from ptd: 'Range V changed'
ptd-server 2021-03-06 14:37:14,167 [INFO] Sending to ptd: 'SR,A,0.500000'
ptd-server 2021-03-06 14:37:15,668 [INFO] Reply from ptd: 'Range A changed'
ptd-server 2021-03-06 14:37:15,668 [INFO] Set initial values for Amps 0.500000 and Volts 300.000000
ptd-server 2021-03-06 14:37:15,669 [INFO] Stopping ptd...
