client 2021-03-18 00:07:48,366 [WARNING] Removing old loadgen logs directory '/home/scratch.mlperf_inf_ci/mlPerf/L1/A100x8_MaxQ-Computelab-A100x8-MaxQ-L1-1-2021-03-17-14-11-35-UTC/mlperf-inference/closed/NVIDIA/build/power_logs_temp'
client 2021-03-18 00:07:48,370 [INFO] Sending command to the server: 'mlcommons/power client v3'
client 2021-03-18 00:07:48,371 [INFO] Got response: 'mlcommons/power server v3'
client 2021-03-18 00:07:48,371 [INFO] Sending command to the server: 'stop'
client 2021-03-18 00:07:48,372 [INFO] Got response: 'OK'
client 2021-03-18 00:07:48,372 [INFO] Synchronizing with the server and with ib-01.dc4-in.nvidia.com...
client 2021-03-18 00:07:48,583 [INFO] NTP:offset = 0.103 s, delay = 0.202 s 
client 2021-03-18 00:07:48,583 [INFO] Sending command to the server: 'time'
client 2021-03-18 00:07:48,585 [INFO] Got response: '1616051268.6945736'
client 2021-03-18 00:07:48,585 [INFO] The time difference between the client and the server is within range -110.654 ms..-109.290 ms
client 2021-03-18 00:07:48,585 [INFO] Sending command to the server: 'new,,e64ad7f5-7e44-49ad-bf84-68804ac8a2aa'
client 2021-03-18 00:07:48,586 [INFO] Got response: 'OK 2021-03-18_00-07-48,c6ba83af-3bea-4bb5-8239-5cb837432c7b'
client 2021-03-18 00:07:48,586 [INFO] Session id is '2021-03-18_00-07-48'
client 2021-03-18 00:07:48,586 [INFO] Sources: {"sources": {"client.py": "d1e75cb4b26101220ebd242e584cf3ca5d8f1996", "lib/__init__.py": "da39a3ee5e6b4b0d3255bfef95601890afd80709", "lib/client.py": "d42bebf5b74cb6ff3997e2a6c68422afac111a28", "lib/common.py": "b0bad80d8fa328a7636027d4d66ff453f8dd7889", "lib/external/ntplib.py": "4da8f970656505a40483206ef2b5d3dd5e81711d", "lib/server.py": "2ed36471c7af565d6c8438b2134edad1d7ddf166", "lib/source_hashes.py": "4cedff274c661cb1504052018fd4f00dfbf624ef", "lib/summary.py": "0db15d783907aa92038281af4e465545c0648ddb", "lib/time_sync.py": "76051226ec89287839723352f4162aaa24e0546a", "server.py": "99e1310e3f76292aef1b8792ce6b8c82f1d44d8b", "tests/unit/test_server.py": "64f11775bfed35232a0e8bb9593c0ff992432c59", "tests/unit/test_source_hashes.py": "cb41a7261eaf7d94ba5c0aae9c523174f6204be3"}, "modules": {"__main__": "client.py", "lib.client": "lib/client.py", "lib.common": "lib/common.py", "lib.external.ntplib": "lib/external/ntplib.py", "lib.source_hashes": "lib/source_hashes.py", "lib.summary": "lib/summary.py", "lib.time_sync": "lib/time_sync.py"}}
client 2021-03-18 00:07:48,588 [INFO] Running workload in ranging mode
client 2021-03-18 00:07:48,588 [INFO] Synchronizing with the server and with ib-01.dc4-in.nvidia.com...
client 2021-03-18 00:07:48,790 [INFO] NTP:offset = 0.102 s, delay = 0.201 s 
client 2021-03-18 00:07:48,790 [INFO] Sending command to the server: 'time'
client 2021-03-18 00:07:48,791 [INFO] Got response: '1616051268.8976476'
client 2021-03-18 00:07:48,791 [INFO] The time difference between the client and the server is within range -107.120 ms..-105.870 ms
client 2021-03-18 00:07:48,791 [INFO] Sending command to the server: 'session,2021-03-18_00-07-48,start,ranging'
client 2021-03-18 00:08:28,419 [INFO] Got response: 'OK'
client 2021-03-18 00:08:28,419 [INFO] Running the workload 'LOG_DIR=/home/scratch.mlperf_inf_ci/mlPerf/L1/A100x8_MaxQ-Computelab-A100x8-MaxQ-L1-1-2021-03-17-14-11-35-UTC/mlperf-inference/closed/NVIDIA/build/power_logs_temp python3 code/main.py --benchmarks=ssd-resnet34 --scenarios=Server --test_mode=PerformanceOnly --config_ver=maxq --action="run_harness" \\\n\t\t&& cp -v /home/scratch.mlperf_inf_ci/mlPerf/L1/A100x8_MaxQ-Computelab-A100x8-MaxQ-L1-1-2021-03-17-14-11-35-UTC/mlperf-inference/closed/NVIDIA/build/power_logs_temp/*/*/*/mlperf_log_detail.txt /home/scratch.mlperf_inf_ci/mlPerf/L1/A100x8_MaxQ-Computelab-A100x8-MaxQ-L1-1-2021-03-17-14-11-35-UTC/mlperf-inference/closed/NVIDIA/build/power_logs_temp/ \\\n\t\t&& cp -v /home/scratch.mlperf_inf_ci/mlPerf/L1/A100x8_MaxQ-Computelab-A100x8-MaxQ-L1-1-2021-03-17-14-11-35-UTC/mlperf-inference/closed/NVIDIA/build/power_logs_temp/*/*/*/mlperf_log_summary.txt /home/scratch.mlperf_inf_ci/mlPerf/L1/A100x8_MaxQ-Computelab-A100x8-MaxQ-L1-1-2021-03-17-14-11-35-UTC/mlperf-inference/closed/NVIDIA/build/power_logs_temp/'
client 2021-03-18 00:18:59,898 [INFO] Sending command to the server: 'session,2021-03-18_00-07-48,stop,ranging'
client 2021-03-18 00:19:10,033 [INFO] Got response: 'OK'
client 2021-03-18 00:19:10,038 [INFO] Packing logs into zip and uploading to the server
client 2021-03-18 00:19:10,050 [INFO] Zip file size: 11.3 kB
client 2021-03-18 00:19:10,069 [INFO] Got response: 'OK'
client 2021-03-18 00:19:10,069 [INFO] Running workload in testing mode
client 2021-03-18 00:19:10,069 [INFO] Synchronizing with the server and with ib-01.dc4-in.nvidia.com...
client 2021-03-18 00:19:10,474 [INFO] NTP:offset = 0.112 s, delay = 0.201 s 
client 2021-03-18 00:19:10,474 [INFO] Sending command to the server: 'time'
client 2021-03-18 00:19:10,475 [INFO] Got response: '1616051950.5914378'
client 2021-03-18 00:19:10,475 [INFO] The time difference between the client and the server is within range -117.190 ms..-115.944 ms
client 2021-03-18 00:19:10,475 [INFO] Sending command to the server: 'session,2021-03-18_00-07-48,start,testing'
client 2021-03-18 00:19:32,167 [INFO] Got response: 'OK'
client 2021-03-18 00:19:32,167 [INFO] Running the workload 'LOG_DIR=/home/scratch.mlperf_inf_ci/mlPerf/L1/A100x8_MaxQ-Computelab-A100x8-MaxQ-L1-1-2021-03-17-14-11-35-UTC/mlperf-inference/closed/NVIDIA/build/power_logs_temp python3 code/main.py --benchmarks=ssd-resnet34 --scenarios=Server --test_mode=PerformanceOnly --config_ver=maxq --action="run_harness" \\\n\t\t&& cp -v /home/scratch.mlperf_inf_ci/mlPerf/L1/A100x8_MaxQ-Computelab-A100x8-MaxQ-L1-1-2021-03-17-14-11-35-UTC/mlperf-inference/closed/NVIDIA/build/power_logs_temp/*/*/*/mlperf_log_detail.txt /home/scratch.mlperf_inf_ci/mlPerf/L1/A100x8_MaxQ-Computelab-A100x8-MaxQ-L1-1-2021-03-17-14-11-35-UTC/mlperf-inference/closed/NVIDIA/build/power_logs_temp/ \\\n\t\t&& cp -v /home/scratch.mlperf_inf_ci/mlPerf/L1/A100x8_MaxQ-Computelab-A100x8-MaxQ-L1-1-2021-03-17-14-11-35-UTC/mlperf-inference/closed/NVIDIA/build/power_logs_temp/*/*/*/mlperf_log_summary.txt /home/scratch.mlperf_inf_ci/mlPerf/L1/A100x8_MaxQ-Computelab-A100x8-MaxQ-L1-1-2021-03-17-14-11-35-UTC/mlperf-inference/closed/NVIDIA/build/power_logs_temp/'
client 2021-03-18 00:30:02,696 [INFO] Sending command to the server: 'session,2021-03-18_00-07-48,stop,testing'
client 2021-03-18 00:30:12,769 [INFO] Got response: 'OK'
client 2021-03-18 00:30:12,774 [INFO] Packing logs into zip and uploading to the server
client 2021-03-18 00:30:12,787 [INFO] Zip file size: 11.3 kB
client 2021-03-18 00:30:12,805 [INFO] Got response: 'OK'
client 2021-03-18 00:30:12,806 [INFO] Done runs
