ptd-server 2021-03-18 00:07:48,475 [INFO] Got command from the client 'stop'
ptd-server 2021-03-18 00:07:48,475 [INFO] The server will be stopped after processing this client
ptd-server 2021-03-18 00:07:48,475 [INFO] Sending reply to client 'OK'
ptd-server 2021-03-18 00:07:48,694 [INFO] Got command from the client 'time'
ptd-server 2021-03-18 00:07:48,694 [INFO] Sending reply to client '1616051268.6945736'
ptd-server 2021-03-18 00:07:48,694 [INFO] Got command from the client 'new,,e64ad7f5-7e44-49ad-bf84-68804ac8a2aa'
ptd-server 2021-03-18 00:07:48,694 [INFO] Sending reply to client 'OK 2021-03-18_00-07-48,c6ba83af-3bea-4bb5-8239-5cb837432c7b'
ptd-server 2021-03-18 00:07:48,897 [INFO] Got command from the client 'time'
ptd-server 2021-03-18 00:07:48,897 [INFO] Sending reply to client '1616051268.8976476'
ptd-server 2021-03-18 00:07:48,897 [INFO] Got command from the client 'session,2021-03-18_00-07-48,start,ranging'
ptd-server 2021-03-18 00:07:49,006 [INFO] Running PTDaemon: ['C:\\PTD\\ptd-windows-x86.exe', '-l', 'C:\\logs_ptdeamon.txt', '-p', '8888', '-c', '1,3', '-y', '77', '172.22.0.90']
ptd-server 2021-03-18 00:08:08,362 [INFO] Sending to ptd: 'Hello'
ptd-server 2021-03-18 00:08:08,362 [INFO] Reply from ptd: 'Hello, PTDaemon here!'
ptd-server 2021-03-18 00:08:08,362 [INFO] Sending to ptd: 'Identify'
ptd-server 2021-03-18 00:08:08,362 [INFO] Reply from ptd: 'YokogawaWT330_multichannel,1000,1,1,1,1,0,0,1,version=1.9.2-3976349f-20201208,OS=Windows 8 / Server 2012,mode=power,1,1,2,0,0,no_cal_date,YOKOGAWA;WT333E;C2WA21018V;F1.04'
ptd-server 2021-03-18 00:08:08,362 [INFO] Connected to PTDaemon
ptd-server 2021-03-18 00:08:08,362 [INFO] Sending to ptd: 'RR'
ptd-server 2021-03-18 00:08:08,362 [INFO] Reply from ptd: 'Ranges,0,20.000000,1,300.000000'
ptd-server 2021-03-18 00:08:08,362 [INFO] Initial range for Amps is 20.000000 for Volts is Auto
ptd-server 2021-03-18 00:08:08,362 [INFO] Sending to ptd: 'SR,V,Auto'
ptd-server 2021-03-18 00:08:13,439 [INFO] Reply from ptd: 'Range V changed'
ptd-server 2021-03-18 00:08:13,439 [INFO] Sending to ptd: 'SR,A,Auto'
ptd-server 2021-03-18 00:08:18,517 [INFO] Reply from ptd: 'Range A changed'
ptd-server 2021-03-18 00:08:28,530 [INFO] Starting ranging mode
ptd-server 2021-03-18 00:08:28,530 [INFO] Sending to ptd: 'Go,1000,0,2021-03-18_00-07-48_ranging'
ptd-server 2021-03-18 00:08:28,530 [INFO] Reply from ptd: 'Starting untimed measurement, maximum 500000 samples at 1000ms with 0 rampup samples'
ptd-server 2021-03-18 00:08:28,530 [INFO] Sending reply to client 'OK'
ptd-server 2021-03-18 00:19:00,015 [INFO] Got command from the client 'session,2021-03-18_00-07-48,stop,ranging'
ptd-server 2021-03-18 00:19:10,029 [INFO] Sending to ptd: 'Stop'
ptd-server 2021-03-18 00:19:10,029 [INFO] Reply from ptd: 'Stopping untimed measurement'
ptd-server 2021-03-18 00:19:10,153 [INFO] Sending reply to client 'OK'
ptd-server 2021-03-18 00:19:10,169 [INFO] Got command from the client 'session,2021-03-18_00-07-48,upload,ranging'
ptd-server 2021-03-18 00:19:10,169 [INFO] Received 'C:\\ptd-logs\\2021-03-18_00-07-48ranging.tmp'
ptd-server 2021-03-18 00:19:10,185 [INFO] Extracted 'C:\\ptd-logs\\2021-03-18_00-07-48ranging.tmp' into 'C:\\ptd-logs\\2021-03-18_00-07-48\\ranging'
ptd-server 2021-03-18 00:19:10,185 [INFO] Removed 'C:\\ptd-logs\\2021-03-18_00-07-48ranging.tmp'
ptd-server 2021-03-18 00:19:10,185 [INFO] Sending reply to client 'OK'
ptd-server 2021-03-18 00:19:10,591 [INFO] Got command from the client 'time'
ptd-server 2021-03-18 00:19:10,591 [INFO] Sending reply to client '1616051950.5914378'
ptd-server 2021-03-18 00:19:10,591 [INFO] Got command from the client 'session,2021-03-18_00-07-48,start,testing'
ptd-server 2021-03-18 00:19:10,591 [INFO] Sending to ptd: 'SR,V,233.190000'
ptd-server 2021-03-18 00:19:16,685 [INFO] Reply from ptd: 'Range V changed'
ptd-server 2021-03-18 00:19:16,685 [INFO] Sending to ptd: 'SR,A,5.345600'
ptd-server 2021-03-18 00:19:22,277 [INFO] Reply from ptd: 'Range A changed'
ptd-server 2021-03-18 00:19:32,290 [INFO] Starting testing mode
ptd-server 2021-03-18 00:19:32,290 [INFO] Sending to ptd: 'Go,1000,0,2021-03-18_00-07-48_testing'
ptd-server 2021-03-18 00:19:32,290 [INFO] Reply from ptd: 'Starting untimed measurement, maximum 500000 samples at 1000ms with 0 rampup samples'
ptd-server 2021-03-18 00:19:32,290 [INFO] Sending reply to client 'OK'
ptd-server 2021-03-18 00:30:02,828 [INFO] Got command from the client 'session,2021-03-18_00-07-48,stop,testing'
ptd-server 2021-03-18 00:30:12,841 [INFO] Sending to ptd: 'Stop'
ptd-server 2021-03-18 00:30:12,841 [INFO] Reply from ptd: 'Stopping untimed measurement'
ptd-server 2021-03-18 00:30:12,903 [INFO] Sending reply to client 'OK'
ptd-server 2021-03-18 00:30:12,919 [INFO] Got command from the client 'session,2021-03-18_00-07-48,upload,testing'
ptd-server 2021-03-18 00:30:12,919 [INFO] Received 'C:\\ptd-logs\\2021-03-18_00-07-48testing.tmp'
ptd-server 2021-03-18 00:30:12,934 [INFO] Extracted 'C:\\ptd-logs\\2021-03-18_00-07-48testing.tmp' into 'C:\\ptd-logs\\2021-03-18_00-07-48\\run_1'
ptd-server 2021-03-18 00:30:12,934 [INFO] Removed 'C:\\ptd-logs\\2021-03-18_00-07-48testing.tmp'
ptd-server 2021-03-18 00:30:12,934 [INFO] Sending reply to client 'OK'
ptd-server 2021-03-18 00:30:12,934 [INFO] Got command from the client 'session,2021-03-18_00-07-48,upload,client.log'
ptd-server 2021-03-18 00:30:12,950 [INFO] Received 'C:\\ptd-logs\\2021-03-18_00-07-48client.log.tmp'
ptd-server 2021-03-18 00:30:12,950 [INFO] Removed 'C:\\ptd-logs\\2021-03-18_00-07-48client.log.tmp'
ptd-server 2021-03-18 00:30:12,950 [INFO] Sending reply to client 'OK'
ptd-server 2021-03-18 00:30:12,966 [INFO] Got command from the client 'session,2021-03-18_00-07-48,upload,client.json'
ptd-server 2021-03-18 00:30:12,966 [INFO] Received 'C:\\ptd-logs\\2021-03-18_00-07-48client.json.tmp'
ptd-server 2021-03-18 00:30:12,981 [INFO] Removed 'C:\\ptd-logs\\2021-03-18_00-07-48client.json.tmp'
ptd-server 2021-03-18 00:30:12,981 [INFO] Sending reply to client 'OK'
ptd-server 2021-03-18 00:30:12,981 [INFO] Got command from the client 'session,2021-03-18_00-07-48,done'
ptd-server 2021-03-18 00:30:12,981 [INFO] Sending to ptd: 'Stop'
ptd-server 2021-03-18 00:30:13,294 [INFO] Reply from ptd: 'Error: no measurement to stop'
ptd-server 2021-03-18 00:30:13,294 [INFO] Sending to ptd: 'SR,V,Auto'
ptd-server 2021-03-18 00:30:18,372 [INFO] Reply from ptd: 'Range V changed'
ptd-server 2021-03-18 00:30:18,372 [INFO] Sending to ptd: 'SR,A,20.000000'
ptd-server 2021-03-18 00:30:23,964 [INFO] Reply from ptd: 'Range A changed'
ptd-server 2021-03-18 00:30:23,964 [INFO] Set initial values for Amps 20.000000 and Volts Auto
ptd-server 2021-03-18 00:30:23,964 [INFO] Stopping ptd...
