ptd-server 2021-03-09 00:01:53,380 [INFO] Got command from the client 'time'
ptd-server 2021-03-09 00:01:53,380 [INFO] Sending reply to client '1615248113.3806617'
ptd-server 2021-03-09 00:01:53,382 [INFO] Got command from the client 'new,,a3a483f6-460d-4545-a17f-2dfcb191bbc6'
ptd-server 2021-03-09 00:01:53,383 [INFO] Sending reply to client 'OK 2021-03-09_00-01-53,70e39142-5ba7-4d6e-9ade-7d9bbf146e1c'
ptd-server 2021-03-09 00:01:53,428 [INFO] Got command from the client 'time'
ptd-server 2021-03-09 00:01:53,429 [INFO] Sending reply to client '1615248113.429028'
ptd-server 2021-03-09 00:01:53,430 [INFO] Got command from the client 'session,2021-03-09_00-01-53,start,ranging'
ptd-server 2021-03-09 00:01:53,431 [INFO] Running PTDaemon: ['/home/anton/projects/mlperf/power/inference_v1.0/ptd-linux-x86', '-l', 'ptd.log', '-p', '8888', '52', '/dev/usbtmc0']
ptd-server 2021-03-09 00:02:10,604 [INFO] Sending to ptd: 'Hello'
ptd-server 2021-03-09 00:02:10,604 [INFO] Reply from ptd: 'Hello, PTDaemon here!'
ptd-server 2021-03-09 00:02:10,604 [INFO] Sending to ptd: 'Identify'
ptd-server 2021-03-09 00:02:10,605 [INFO] Reply from ptd: 'YokogawaWT330E,1000,1,1,1,1,0,0,1,version=1.9.2-e8c7a49a-20201208,OS=Linux 5.8.0-43-generic #49~20.04.1-Ubuntu SMP Fri Feb 5 09:57:56 UTC 2021 x86_64,mode=power,1,1,1,0,0,no_cal_date,YOKOGAWA;WT333E;C3VD30030E;F1.04'
ptd-server 2021-03-09 00:02:10,605 [INFO] Connected to PTDaemon
ptd-server 2021-03-09 00:02:10,605 [INFO] Sending to ptd: 'RR'
ptd-server 2021-03-09 00:02:10,606 [INFO] Reply from ptd: 'Ranges,0,0.500000,0,300.000000'
ptd-server 2021-03-09 00:02:10,606 [INFO] Initial range for Amps is 0.500000 for Volts is 300.000000
ptd-server 2021-03-09 00:02:10,606 [INFO] Sending to ptd: 'SR,V,Auto'
ptd-server 2021-03-09 00:02:11,108 [INFO] Reply from ptd: 'Range V changed'
ptd-server 2021-03-09 00:02:11,108 [INFO] Sending to ptd: 'SR,A,Auto'
ptd-server 2021-03-09 00:02:11,611 [INFO] Reply from ptd: 'Range A changed'
ptd-server 2021-03-09 00:02:21,621 [INFO] Starting ranging mode
ptd-server 2021-03-09 00:02:21,621 [INFO] Sending to ptd: 'Go,1000,0,2021-03-09_00-01-53_ranging'
ptd-server 2021-03-09 00:02:21,622 [INFO] Reply from ptd: 'Starting untimed measurement, maximum 500000 samples at 1000ms with 0 rampup samples'
ptd-server 2021-03-09 00:02:21,622 [INFO] Sending reply to client 'OK'
ptd-server 2021-03-09 00:12:37,065 [INFO] Got command from the client 'session,2021-03-09_00-01-53,stop,ranging'
ptd-server 2021-03-09 00:12:47,076 [INFO] Sending to ptd: 'Stop'
ptd-server 2021-03-09 00:12:47,076 [INFO] Reply from ptd: 'Stopping untimed measurement'
ptd-server 2021-03-09 00:12:47,747 [INFO] Sending reply to client 'OK'
ptd-server 2021-03-09 00:12:47,809 [INFO] Got command from the client 'time'
ptd-server 2021-03-09 00:12:47,809 [INFO] Sending reply to client '1615248767.809553'
ptd-server 2021-03-09 00:12:47,812 [INFO] Got command from the client 'session,2021-03-09_00-01-53,start,testing'
ptd-server 2021-03-09 00:12:47,812 [INFO] Sending to ptd: 'SR,V,248.780000'
ptd-server 2021-03-09 00:12:49,314 [INFO] Reply from ptd: 'Range V changed'
ptd-server 2021-03-09 00:12:49,314 [INFO] Sending to ptd: 'SR,A,0.137050'
ptd-server 2021-03-09 00:12:50,815 [INFO] Reply from ptd: 'Range A changed'
ptd-server 2021-03-09 00:13:00,825 [INFO] Starting testing mode
ptd-server 2021-03-09 00:13:00,826 [INFO] Sending to ptd: 'Go,1000,0,2021-03-09_00-01-53_testing'
ptd-server 2021-03-09 00:13:00,826 [INFO] Reply from ptd: 'Starting untimed measurement, maximum 500000 samples at 1000ms with 0 rampup samples'
ptd-server 2021-03-09 00:13:00,826 [INFO] Sending reply to client 'OK'
ptd-server 2021-03-09 00:23:16,253 [INFO] Got command from the client 'session,2021-03-09_00-01-53,stop,testing'
ptd-server 2021-03-09 00:23:26,264 [INFO] Sending to ptd: 'Stop'
ptd-server 2021-03-09 00:23:26,264 [INFO] Reply from ptd: 'Stopping untimed measurement'
ptd-server 2021-03-09 00:23:26,608 [INFO] Sending reply to client 'OK'
ptd-server 2021-03-09 00:23:26,616 [INFO] Got command from the client 'session,2021-03-09_00-01-53,upload,client.log'
ptd-server 2021-03-09 00:23:26,617 [INFO] Received '/home/anton/projects/mlperf/power-dev/output/2021-03-09_00-01-53client.log.tmp'
ptd-server 2021-03-09 00:23:26,618 [INFO] Removed '/home/anton/projects/mlperf/power-dev/output/2021-03-09_00-01-53client.log.tmp'
ptd-server 2021-03-09 00:23:26,618 [INFO] Sending reply to client 'OK'
ptd-server 2021-03-09 00:23:26,625 [INFO] Got command from the client 'session,2021-03-09_00-01-53,upload,client.json'
ptd-server 2021-03-09 00:23:26,625 [INFO] Received '/home/anton/projects/mlperf/power-dev/output/2021-03-09_00-01-53client.json.tmp'
ptd-server 2021-03-09 00:23:26,625 [INFO] Removed '/home/anton/projects/mlperf/power-dev/output/2021-03-09_00-01-53client.json.tmp'
ptd-server 2021-03-09 00:23:26,626 [INFO] Sending reply to client 'OK'
ptd-server 2021-03-09 00:23:26,627 [INFO] Got command from the client 'session,2021-03-09_00-01-53,done'
ptd-server 2021-03-09 00:23:26,627 [INFO] Sending to ptd: 'Stop'
ptd-server 2021-03-09 00:23:26,826 [INFO] Reply from ptd: 'Error: no measurement to stop'
ptd-server 2021-03-09 00:23:26,826 [INFO] Sending to ptd: 'SR,V,300.000000'
ptd-server 2021-03-09 00:23:28,328 [INFO] Reply from ptd: 'Range V changed'
ptd-server 2021-03-09 00:23:28,328 [INFO] Sending to ptd: 'SR,A,0.500000'
ptd-server 2021-03-09 00:23:29,829 [INFO] Reply from ptd: 'Range A changed'
ptd-server 2021-03-09 00:23:29,830 [INFO] Set initial values for Amps 0.500000 and Volts 300.000000
ptd-server 2021-03-09 00:23:29,830 [INFO] Stopping ptd...
