ptd-server 2021-03-06 21:32:24,192 [INFO] Got command from the client 'time'
ptd-server 2021-03-06 21:32:24,192 [INFO] Sending reply to client '1615066344.1928103'
ptd-server 2021-03-06 21:32:24,195 [INFO] Got command from the client 'new,,bfbf6fe1-eb8a-4cf9-b4a9-f6f016790ae2'
ptd-server 2021-03-06 21:32:24,196 [INFO] Sending reply to client 'OK 2021-03-06_21-32-24,ee16ee20-6638-4e74-8f1f-f655412bc972'
ptd-server 2021-03-06 21:32:24,242 [INFO] Got command from the client 'time'
ptd-server 2021-03-06 21:32:24,242 [INFO] Sending reply to client '1615066344.242865'
ptd-server 2021-03-06 21:32:24,245 [INFO] Got command from the client 'session,2021-03-06_21-32-24,start,ranging'
ptd-server 2021-03-06 21:32:24,245 [INFO] Running PTDaemon: ['/home/anton/projects/mlperf/power/inference_v1.0/ptd-linux-x86', '-l', 'ptd.log', '-p', '8888', '52', '/dev/usbtmc0']
ptd-server 2021-03-06 21:32:41,413 [INFO] Sending to ptd: 'Hello'
ptd-server 2021-03-06 21:32:41,413 [INFO] Reply from ptd: 'Hello, PTDaemon here!'
ptd-server 2021-03-06 21:32:41,414 [INFO] Sending to ptd: 'Identify'
ptd-server 2021-03-06 21:32:41,414 [INFO] Reply from ptd: 'YokogawaWT330E,1000,1,1,1,1,0,0,1,version=1.9.2-e8c7a49a-20201208,OS=Linux 5.8.0-43-generic #49~20.04.1-Ubuntu SMP Fri Feb 5 09:57:56 UTC 2021 x86_64,mode=power,1,1,1,0,0,no_cal_date,YOKOGAWA;WT333E;C3VD30030E;F1.04'
ptd-server 2021-03-06 21:32:41,414 [INFO] Connected to PTDaemon
ptd-server 2021-03-06 21:32:41,414 [INFO] Sending to ptd: 'RR'
ptd-server 2021-03-06 21:32:41,415 [INFO] Reply from ptd: 'Ranges,0,0.500000,0,300.000000'
ptd-server 2021-03-06 21:32:41,415 [INFO] Initial range for Amps is 0.500000 for Volts is 300.000000
ptd-server 2021-03-06 21:32:41,415 [INFO] Sending to ptd: 'SR,V,Auto'
ptd-server 2021-03-06 21:32:41,917 [INFO] Reply from ptd: 'Range V changed'
ptd-server 2021-03-06 21:32:41,917 [INFO] Sending to ptd: 'SR,A,Auto'
ptd-server 2021-03-06 21:32:42,420 [INFO] Reply from ptd: 'Range A changed'
ptd-server 2021-03-06 21:32:52,430 [INFO] Starting ranging mode
ptd-server 2021-03-06 21:32:52,430 [INFO] Sending to ptd: 'Go,1000,0,2021-03-06_21-32-24_ranging'
ptd-server 2021-03-06 21:32:52,431 [INFO] Reply from ptd: 'Starting untimed measurement, maximum 500000 samples at 1000ms with 0 rampup samples'
ptd-server 2021-03-06 21:32:52,431 [INFO] Sending reply to client 'OK'
ptd-server 2021-03-06 21:43:24,511 [INFO] Got command from the client 'session,2021-03-06_21-32-24,stop,ranging'
ptd-server 2021-03-06 21:43:34,521 [INFO] Sending to ptd: 'Stop'
ptd-server 2021-03-06 21:43:34,521 [INFO] Reply from ptd: 'Stopping untimed measurement'
ptd-server 2021-03-06 21:43:34,999 [INFO] Sending reply to client 'OK'
ptd-server 2021-03-06 21:43:35,051 [INFO] Got command from the client 'time'
ptd-server 2021-03-06 21:43:35,051 [INFO] Sending reply to client '1615067015.0516217'
ptd-server 2021-03-06 21:43:35,055 [INFO] Got command from the client 'session,2021-03-06_21-32-24,start,testing'
ptd-server 2021-03-06 21:43:35,055 [INFO] Sending to ptd: 'SR,V,250.420000'
ptd-server 2021-03-06 21:43:36,933 [INFO] Reply from ptd: 'Range V changed'
ptd-server 2021-03-06 21:43:36,933 [INFO] Sending to ptd: 'SR,A,0.057770'
ptd-server 2021-03-06 21:43:38,434 [INFO] Reply from ptd: 'Range A changed'
ptd-server 2021-03-06 21:43:48,444 [INFO] Starting testing mode
ptd-server 2021-03-06 21:43:48,444 [INFO] Sending to ptd: 'Go,1000,0,2021-03-06_21-32-24_testing'
ptd-server 2021-03-06 21:43:48,445 [INFO] Reply from ptd: 'Starting untimed measurement, maximum 500000 samples at 1000ms with 0 rampup samples'
ptd-server 2021-03-06 21:43:48,445 [INFO] Sending reply to client 'OK'
ptd-server 2021-03-06 21:54:25,369 [INFO] Got command from the client 'session,2021-03-06_21-32-24,stop,testing'
ptd-server 2021-03-06 21:54:35,379 [INFO] Sending to ptd: 'Stop'
ptd-server 2021-03-06 21:54:35,380 [INFO] Reply from ptd: 'Stopping untimed measurement'
ptd-server 2021-03-06 21:54:35,645 [INFO] Sending reply to client 'OK'
ptd-server 2021-03-06 21:54:35,653 [INFO] Got command from the client 'session,2021-03-06_21-32-24,upload,client.log'
ptd-server 2021-03-06 21:54:35,655 [INFO] Received '/home/anton/projects/mlperf/power-dev/output/2021-03-06_21-32-24client.log.tmp'
ptd-server 2021-03-06 21:54:35,656 [INFO] Removed '/home/anton/projects/mlperf/power-dev/output/2021-03-06_21-32-24client.log.tmp'
ptd-server 2021-03-06 21:54:35,656 [INFO] Sending reply to client 'OK'
ptd-server 2021-03-06 21:54:35,668 [INFO] Got command from the client 'session,2021-03-06_21-32-24,upload,client.json'
ptd-server 2021-03-06 21:54:35,671 [INFO] Received '/home/anton/projects/mlperf/power-dev/output/2021-03-06_21-32-24client.json.tmp'
ptd-server 2021-03-06 21:54:35,671 [INFO] Removed '/home/anton/projects/mlperf/power-dev/output/2021-03-06_21-32-24client.json.tmp'
ptd-server 2021-03-06 21:54:35,671 [INFO] Sending reply to client 'OK'
ptd-server 2021-03-06 21:54:35,674 [INFO] Got command from the client 'session,2021-03-06_21-32-24,done'
ptd-server 2021-03-06 21:54:35,674 [INFO] Sending to ptd: 'Stop'
ptd-server 2021-03-06 21:54:35,674 [INFO] Reply from ptd: 'Error: no measurement to stop'
ptd-server 2021-03-06 21:54:35,675 [INFO] Sending to ptd: 'SR,V,300.000000'
ptd-server 2021-03-06 21:54:37,176 [INFO] Reply from ptd: 'Range V changed'
ptd-server 2021-03-06 21:54:37,176 [INFO] Sending to ptd: 'SR,A,0.500000'
ptd-server 2021-03-06 21:54:38,677 [INFO] Reply from ptd: 'Range A changed'
ptd-server 2021-03-06 21:54:38,677 [INFO] Set initial values for Amps 0.500000 and Volts 300.000000
ptd-server 2021-03-06 21:54:38,678 [INFO] Stopping ptd...
