ptd-server 2021-03-08 01:22:53,470 [INFO] Got command from the client 'time'
ptd-server 2021-03-08 01:22:53,470 [INFO] Sending reply to client '1615166573.47025'
ptd-server 2021-03-08 01:22:53,473 [INFO] Got command from the client 'new,,f095c27f-7991-4a5e-a268-684ba5a36d28'
ptd-server 2021-03-08 01:22:53,474 [INFO] Sending reply to client 'OK 2021-03-08_01-22-53,8483d290-58b1-4350-80d3-e57d6bf38a53'
ptd-server 2021-03-08 01:22:53,509 [INFO] Got command from the client 'time'
ptd-server 2021-03-08 01:22:53,509 [INFO] Sending reply to client '1615166573.5098555'
ptd-server 2021-03-08 01:22:53,513 [INFO] Got command from the client 'session,2021-03-08_01-22-53,start,ranging'
ptd-server 2021-03-08 01:22:53,513 [INFO] Running PTDaemon: ['/home/anton/projects/mlperf/power/inference_v1.0/ptd-linux-x86', '-l', 'ptd.log', '-p', '8888', '52', '/dev/usbtmc0']
ptd-server 2021-03-08 01:23:10,685 [INFO] Sending to ptd: 'Hello'
ptd-server 2021-03-08 01:23:10,686 [INFO] Reply from ptd: 'Hello, PTDaemon here!'
ptd-server 2021-03-08 01:23:10,686 [INFO] Sending to ptd: 'Identify'
ptd-server 2021-03-08 01:23:10,686 [INFO] Reply from ptd: 'YokogawaWT330E,1000,1,1,1,1,0,0,1,version=1.9.2-e8c7a49a-20201208,OS=Linux 5.8.0-43-generic #49~20.04.1-Ubuntu SMP Fri Feb 5 09:57:56 UTC 2021 x86_64,mode=power,1,1,1,0,0,no_cal_date,YOKOGAWA;WT333E;C3VD30030E;F1.04'
ptd-server 2021-03-08 01:23:10,687 [INFO] Connected to PTDaemon
ptd-server 2021-03-08 01:23:10,687 [INFO] Sending to ptd: 'RR'
ptd-server 2021-03-08 01:23:10,687 [INFO] Reply from ptd: 'Ranges,0,0.500000,0,300.000000'
ptd-server 2021-03-08 01:23:10,687 [INFO] Initial range for Amps is 0.500000 for Volts is 300.000000
ptd-server 2021-03-08 01:23:10,687 [INFO] Sending to ptd: 'SR,V,Auto'
ptd-server 2021-03-08 01:23:11,190 [INFO] Reply from ptd: 'Range V changed'
ptd-server 2021-03-08 01:23:11,190 [INFO] Sending to ptd: 'SR,A,Auto'
ptd-server 2021-03-08 01:23:11,692 [INFO] Reply from ptd: 'Range A changed'
ptd-server 2021-03-08 01:23:21,703 [INFO] Starting ranging mode
ptd-server 2021-03-08 01:23:21,703 [INFO] Sending to ptd: 'Go,1000,0,2021-03-08_01-22-53_ranging'
ptd-server 2021-03-08 01:23:21,703 [INFO] Reply from ptd: 'Starting untimed measurement, maximum 500000 samples at 1000ms with 0 rampup samples'
ptd-server 2021-03-08 01:23:21,704 [INFO] Sending reply to client 'OK'
ptd-server 2021-03-08 01:33:46,517 [INFO] Got command from the client 'session,2021-03-08_01-22-53,stop,ranging'
ptd-server 2021-03-08 01:33:56,528 [INFO] Sending to ptd: 'Stop'
ptd-server 2021-03-08 01:33:56,528 [INFO] Reply from ptd: 'Stopping untimed measurement'
ptd-server 2021-03-08 01:33:57,132 [INFO] Sending reply to client 'OK'
ptd-server 2021-03-08 01:33:57,173 [INFO] Got command from the client 'time'
ptd-server 2021-03-08 01:33:57,173 [INFO] Sending reply to client '1615167237.1734617'
ptd-server 2021-03-08 01:33:57,178 [INFO] Got command from the client 'session,2021-03-08_01-22-53,start,testing'
ptd-server 2021-03-08 01:33:57,178 [INFO] Sending to ptd: 'SR,V,250.250000'
ptd-server 2021-03-08 01:33:58,679 [INFO] Reply from ptd: 'Range V changed'
ptd-server 2021-03-08 01:33:58,679 [INFO] Sending to ptd: 'SR,A,0.055330'
ptd-server 2021-03-08 01:34:00,181 [INFO] Reply from ptd: 'Range A changed'
ptd-server 2021-03-08 01:34:10,191 [INFO] Starting testing mode
ptd-server 2021-03-08 01:34:10,191 [INFO] Sending to ptd: 'Go,1000,0,2021-03-08_01-22-53_testing'
ptd-server 2021-03-08 01:34:10,192 [INFO] Reply from ptd: 'Starting untimed measurement, maximum 500000 samples at 1000ms with 0 rampup samples'
ptd-server 2021-03-08 01:34:10,192 [INFO] Sending reply to client 'OK'
ptd-server 2021-03-08 01:44:39,796 [INFO] Got command from the client 'session,2021-03-08_01-22-53,stop,testing'
ptd-server 2021-03-08 01:44:49,807 [INFO] Sending to ptd: 'Stop'
ptd-server 2021-03-08 01:44:49,807 [INFO] Reply from ptd: 'Stopping untimed measurement'
ptd-server 2021-03-08 01:44:50,122 [INFO] Sending reply to client 'OK'
ptd-server 2021-03-08 01:44:50,130 [INFO] Got command from the client 'session,2021-03-08_01-22-53,upload,client.log'
ptd-server 2021-03-08 01:44:50,133 [INFO] Received '/home/anton/projects/mlperf/power-dev/output/2021-03-08_01-22-53client.log.tmp'
ptd-server 2021-03-08 01:44:50,133 [INFO] Removed '/home/anton/projects/mlperf/power-dev/output/2021-03-08_01-22-53client.log.tmp'
ptd-server 2021-03-08 01:44:50,133 [INFO] Sending reply to client 'OK'
ptd-server 2021-03-08 01:44:50,146 [INFO] Got command from the client 'session,2021-03-08_01-22-53,upload,client.json'
ptd-server 2021-03-08 01:44:50,149 [INFO] Received '/home/anton/projects/mlperf/power-dev/output/2021-03-08_01-22-53client.json.tmp'
ptd-server 2021-03-08 01:44:50,150 [INFO] Removed '/home/anton/projects/mlperf/power-dev/output/2021-03-08_01-22-53client.json.tmp'
ptd-server 2021-03-08 01:44:50,150 [INFO] Sending reply to client 'OK'
ptd-server 2021-03-08 01:44:50,152 [INFO] Got command from the client 'session,2021-03-08_01-22-53,done'
ptd-server 2021-03-08 01:44:50,153 [INFO] Sending to ptd: 'Stop'
ptd-server 2021-03-08 01:44:50,193 [INFO] Reply from ptd: 'Error: no measurement to stop'
ptd-server 2021-03-08 01:44:50,193 [INFO] Sending to ptd: 'SR,V,300.000000'
ptd-server 2021-03-08 01:44:51,694 [INFO] Reply from ptd: 'Range V changed'
ptd-server 2021-03-08 01:44:51,695 [INFO] Sending to ptd: 'SR,A,0.500000'
ptd-server 2021-03-08 01:44:53,196 [INFO] Reply from ptd: 'Range A changed'
ptd-server 2021-03-08 01:44:53,196 [INFO] Set initial values for Amps 0.500000 and Volts 300.000000
ptd-server 2021-03-08 01:44:53,196 [INFO] Stopping ptd...
