ptd-server 2021-02-27 15:59:13,851 [INFO] Got command from the client 'time'
ptd-server 2021-02-27 15:59:13,851 [INFO] Sending reply to client '1614441553.8518388'
ptd-server 2021-02-27 15:59:13,853 [INFO] Got command from the client 'new,,92bdff44-32e3-4f9e-a620-af91671f455d'
ptd-server 2021-02-27 15:59:13,853 [INFO] Sending reply to client 'OK 2021-02-27_15-59-13,bc5c6b00-accd-4970-bc40-95445049a446'
ptd-server 2021-02-27 15:59:13,881 [INFO] Got command from the client 'time'
ptd-server 2021-02-27 15:59:13,881 [INFO] Sending reply to client '1614441553.8817136'
ptd-server 2021-02-27 15:59:13,882 [INFO] Got command from the client 'session,2021-02-27_15-59-13,start,ranging'
ptd-server 2021-02-27 15:59:13,883 [INFO] Running PTDaemon: ['/home/anton/projects/mlperf/power/inference_v1.0/ptd-linux-x86', '-l', 'ptd.log', '-p', '8888', '52', '/dev/usbtmc0']
ptd-server 2021-02-27 15:59:31,052 [INFO] Sending to ptd: 'Hello'
ptd-server 2021-02-27 15:59:31,053 [INFO] Reply from ptd: 'Hello, PTDaemon here!'
ptd-server 2021-02-27 15:59:31,053 [INFO] Sending to ptd: 'Identify'
ptd-server 2021-02-27 15:59:31,053 [INFO] Reply from ptd: 'YokogawaWT330E,1000,1,1,1,1,0,0,1,version=1.9.2-e8c7a49a-20201208,OS=Linux 5.8.0-43-generic #49~20.04.1-Ubuntu SMP Fri Feb 5 09:57:56 UTC 2021 x86_64,mode=power,1,1,1,0,0,no_cal_date,YOKOGAWA;WT333E;C3VD30030E;F1.04'
ptd-server 2021-02-27 15:59:31,053 [INFO] Connected to PTDaemon
ptd-server 2021-02-27 15:59:31,053 [INFO] Sending to ptd: 'RR'
ptd-server 2021-02-27 15:59:31,054 [INFO] Reply from ptd: 'Ranges,0,0.500000,0,300.000000'
ptd-server 2021-02-27 15:59:31,054 [INFO] Initial range for Amps is 0.500000 for Volts is 300.000000
ptd-server 2021-02-27 15:59:31,054 [INFO] Sending to ptd: 'SR,V,Auto'
ptd-server 2021-02-27 15:59:31,556 [INFO] Reply from ptd: 'Range V changed'
ptd-server 2021-02-27 15:59:31,557 [INFO] Sending to ptd: 'SR,A,Auto'
ptd-server 2021-02-27 15:59:32,059 [INFO] Reply from ptd: 'Range A changed'
ptd-server 2021-02-27 15:59:42,069 [INFO] Starting ranging mode
ptd-server 2021-02-27 15:59:42,069 [INFO] Sending to ptd: 'Go,1000,0,2021-02-27_15-59-13_ranging'
ptd-server 2021-02-27 15:59:42,070 [INFO] Reply from ptd: 'Starting untimed measurement, maximum 500000 samples at 1000ms with 0 rampup samples'
ptd-server 2021-02-27 15:59:42,070 [INFO] Sending reply to client 'OK'
ptd-server 2021-02-27 16:10:00,551 [INFO] Got command from the client 'session,2021-02-27_15-59-13,stop,ranging'
ptd-server 2021-02-27 16:10:10,556 [INFO] Sending to ptd: 'Stop'
ptd-server 2021-02-27 16:10:10,557 [INFO] Reply from ptd: 'Stopping untimed measurement'
ptd-server 2021-02-27 16:10:10,673 [INFO] Sending reply to client 'OK'
ptd-server 2021-02-27 16:10:10,715 [INFO] Got command from the client 'time'
ptd-server 2021-02-27 16:10:10,715 [INFO] Sending reply to client '1614442210.715794'
ptd-server 2021-02-27 16:10:10,716 [INFO] Got command from the client 'session,2021-02-27_15-59-13,start,testing'
ptd-server 2021-02-27 16:10:10,717 [INFO] Sending to ptd: 'SR,V,248.810000'
ptd-server 2021-02-27 16:10:12,572 [INFO] Reply from ptd: 'Range V changed'
ptd-server 2021-02-27 16:10:12,572 [INFO] Sending to ptd: 'SR,A,0.211960'
ptd-server 2021-02-27 16:10:14,073 [INFO] Reply from ptd: 'Range A changed'
ptd-server 2021-02-27 16:10:24,083 [INFO] Starting testing mode
ptd-server 2021-02-27 16:10:24,084 [INFO] Sending to ptd: 'Go,1000,0,2021-02-27_15-59-13_testing'
ptd-server 2021-02-27 16:10:24,084 [INFO] Reply from ptd: 'Starting untimed measurement, maximum 500000 samples at 1000ms with 0 rampup samples'
ptd-server 2021-02-27 16:10:24,084 [INFO] Sending reply to client 'OK'
ptd-server 2021-02-27 16:20:42,467 [INFO] Got command from the client 'session,2021-02-27_15-59-13,stop,testing'
ptd-server 2021-02-27 16:20:52,477 [INFO] Sending to ptd: 'Stop'
ptd-server 2021-02-27 16:20:52,478 [INFO] Reply from ptd: 'Stopping untimed measurement'
ptd-server 2021-02-27 16:20:52,534 [INFO] Sending reply to client 'OK'
ptd-server 2021-02-27 16:20:52,539 [INFO] Got command from the client 'session,2021-02-27_15-59-13,upload,client.log'
ptd-server 2021-02-27 16:20:52,539 [INFO] Received '/home/anton/projects/mlperf/power-dev/output/2021-02-27_15-59-13client.log.tmp'
ptd-server 2021-02-27 16:20:52,540 [INFO] Removed '/home/anton/projects/mlperf/power-dev/output/2021-02-27_15-59-13client.log.tmp'
ptd-server 2021-02-27 16:20:52,540 [INFO] Sending reply to client 'OK'
ptd-server 2021-02-27 16:20:52,544 [INFO] Got command from the client 'session,2021-02-27_15-59-13,upload,client.json'
ptd-server 2021-02-27 16:20:52,544 [INFO] Received '/home/anton/projects/mlperf/power-dev/output/2021-02-27_15-59-13client.json.tmp'
ptd-server 2021-02-27 16:20:52,544 [INFO] Removed '/home/anton/projects/mlperf/power-dev/output/2021-02-27_15-59-13client.json.tmp'
ptd-server 2021-02-27 16:20:52,544 [INFO] Sending reply to client 'OK'
ptd-server 2021-02-27 16:20:52,545 [INFO] Got command from the client 'session,2021-02-27_15-59-13,done'
ptd-server 2021-02-27 16:20:52,545 [INFO] Sending to ptd: 'Stop'
ptd-server 2021-02-27 16:20:53,085 [INFO] Reply from ptd: 'Error: no measurement to stop'
ptd-server 2021-02-27 16:20:53,085 [INFO] Sending to ptd: 'SR,V,300.000000'
ptd-server 2021-02-27 16:20:54,586 [INFO] Reply from ptd: 'Range V changed'
ptd-server 2021-02-27 16:20:54,586 [INFO] Sending to ptd: 'SR,A,0.500000'
ptd-server 2021-02-27 16:20:56,088 [INFO] Reply from ptd: 'Range A changed'
ptd-server 2021-02-27 16:20:56,088 [INFO] Set initial values for Amps 0.500000 and Volts 300.000000
ptd-server 2021-02-27 16:20:56,088 [INFO] Stopping ptd...
