ptd-server 2021-03-07 08:59:33,678 [INFO] Got command from the client 'time'
ptd-server 2021-03-07 08:59:33,678 [INFO] Sending reply to client '1615107573.6782737'
ptd-server 2021-03-07 08:59:33,681 [INFO] Got command from the client 'new,,be97a940-4a59-40e3-b7d9-ac934e0ebca2'
ptd-server 2021-03-07 08:59:33,682 [INFO] Sending reply to client 'OK 2021-03-07_08-59-33,f45564f4-c3db-4371-a246-e7318858f70b'
ptd-server 2021-03-07 08:59:33,717 [INFO] Got command from the client 'time'
ptd-server 2021-03-07 08:59:33,718 [INFO] Sending reply to client '1615107573.718078'
ptd-server 2021-03-07 08:59:33,721 [INFO] Got command from the client 'session,2021-03-07_08-59-33,start,ranging'
ptd-server 2021-03-07 08:59:33,721 [INFO] Running PTDaemon: ['/home/anton/projects/mlperf/power/inference_v1.0/ptd-linux-x86', '-l', 'ptd.log', '-p', '8888', '52', '/dev/usbtmc0']
ptd-server 2021-03-07 08:59:50,891 [INFO] Sending to ptd: 'Hello'
ptd-server 2021-03-07 08:59:50,891 [INFO] Reply from ptd: 'Hello, PTDaemon here!'
ptd-server 2021-03-07 08:59:50,891 [INFO] Sending to ptd: 'Identify'
ptd-server 2021-03-07 08:59:50,892 [INFO] Reply from ptd: 'YokogawaWT330E,1000,1,1,1,1,0,0,1,version=1.9.2-e8c7a49a-20201208,OS=Linux 5.8.0-43-generic #49~20.04.1-Ubuntu SMP Fri Feb 5 09:57:56 UTC 2021 x86_64,mode=power,1,1,1,0,0,no_cal_date,YOKOGAWA;WT333E;C3VD30030E;F1.04'
ptd-server 2021-03-07 08:59:50,892 [INFO] Connected to PTDaemon
ptd-server 2021-03-07 08:59:50,892 [INFO] Sending to ptd: 'RR'
ptd-server 2021-03-07 08:59:50,892 [INFO] Reply from ptd: 'Ranges,0,0.500000,0,300.000000'
ptd-server 2021-03-07 08:59:50,893 [INFO] Initial range for Amps is 0.500000 for Volts is 300.000000
ptd-server 2021-03-07 08:59:50,893 [INFO] Sending to ptd: 'SR,V,Auto'
ptd-server 2021-03-07 08:59:51,395 [INFO] Reply from ptd: 'Range V changed'
ptd-server 2021-03-07 08:59:51,395 [INFO] Sending to ptd: 'SR,A,Auto'
ptd-server 2021-03-07 08:59:51,898 [INFO] Reply from ptd: 'Range A changed'
ptd-server 2021-03-07 09:00:01,908 [INFO] Starting ranging mode
ptd-server 2021-03-07 09:00:01,908 [INFO] Sending to ptd: 'Go,1000,0,2021-03-07_08-59-33_ranging'
ptd-server 2021-03-07 09:00:01,909 [INFO] Reply from ptd: 'Starting untimed measurement, maximum 500000 samples at 1000ms with 0 rampup samples'
ptd-server 2021-03-07 09:00:01,909 [INFO] Sending reply to client 'OK'
ptd-server 2021-03-07 09:10:27,094 [INFO] Got command from the client 'session,2021-03-07_08-59-33,stop,ranging'
ptd-server 2021-03-07 09:10:37,104 [INFO] Sending to ptd: 'Stop'
ptd-server 2021-03-07 09:10:37,105 [INFO] Reply from ptd: 'Stopping untimed measurement'
ptd-server 2021-03-07 09:10:37,643 [INFO] Sending reply to client 'OK'
ptd-server 2021-03-07 09:10:37,697 [INFO] Got command from the client 'time'
ptd-server 2021-03-07 09:10:37,697 [INFO] Sending reply to client '1615108237.6977167'
ptd-server 2021-03-07 09:10:37,702 [INFO] Got command from the client 'session,2021-03-07_08-59-33,start,testing'
ptd-server 2021-03-07 09:10:37,702 [INFO] Sending to ptd: 'SR,V,248.050000'
ptd-server 2021-03-07 09:10:39,411 [INFO] Reply from ptd: 'Range V changed'
ptd-server 2021-03-07 09:10:39,411 [INFO] Sending to ptd: 'SR,A,0.055450'
ptd-server 2021-03-07 09:10:40,912 [INFO] Reply from ptd: 'Range A changed'
ptd-server 2021-03-07 09:10:50,922 [INFO] Starting testing mode
ptd-server 2021-03-07 09:10:50,923 [INFO] Sending to ptd: 'Go,1000,0,2021-03-07_08-59-33_testing'
ptd-server 2021-03-07 09:10:50,923 [INFO] Reply from ptd: 'Starting untimed measurement, maximum 500000 samples at 1000ms with 0 rampup samples'
ptd-server 2021-03-07 09:10:50,923 [INFO] Sending reply to client 'OK'
ptd-server 2021-03-07 09:21:21,085 [INFO] Got command from the client 'session,2021-03-07_08-59-33,stop,testing'
ptd-server 2021-03-07 09:21:31,096 [INFO] Sending to ptd: 'Stop'
ptd-server 2021-03-07 09:21:31,096 [INFO] Reply from ptd: 'Stopping untimed measurement'
ptd-server 2021-03-07 09:21:31,371 [INFO] Sending reply to client 'OK'
ptd-server 2021-03-07 09:21:31,379 [INFO] Got command from the client 'session,2021-03-07_08-59-33,upload,client.log'
ptd-server 2021-03-07 09:21:31,381 [INFO] Received '/home/anton/projects/mlperf/power-dev/output/2021-03-07_08-59-33client.log.tmp'
ptd-server 2021-03-07 09:21:31,382 [INFO] Removed '/home/anton/projects/mlperf/power-dev/output/2021-03-07_08-59-33client.log.tmp'
ptd-server 2021-03-07 09:21:31,382 [INFO] Sending reply to client 'OK'
ptd-server 2021-03-07 09:21:31,394 [INFO] Got command from the client 'session,2021-03-07_08-59-33,upload,client.json'
ptd-server 2021-03-07 09:21:31,397 [INFO] Received '/home/anton/projects/mlperf/power-dev/output/2021-03-07_08-59-33client.json.tmp'
ptd-server 2021-03-07 09:21:31,397 [INFO] Removed '/home/anton/projects/mlperf/power-dev/output/2021-03-07_08-59-33client.json.tmp'
ptd-server 2021-03-07 09:21:31,398 [INFO] Sending reply to client 'OK'
ptd-server 2021-03-07 09:21:31,400 [INFO] Got command from the client 'session,2021-03-07_08-59-33,done'
ptd-server 2021-03-07 09:21:31,400 [INFO] Sending to ptd: 'Stop'
ptd-server 2021-03-07 09:21:31,924 [INFO] Reply from ptd: 'Error: no measurement to stop'
ptd-server 2021-03-07 09:21:31,924 [INFO] Sending to ptd: 'SR,V,300.000000'
ptd-server 2021-03-07 09:21:33,425 [INFO] Reply from ptd: 'Range V changed'
ptd-server 2021-03-07 09:21:33,426 [INFO] Sending to ptd: 'SR,A,0.500000'
ptd-server 2021-03-07 09:21:34,927 [INFO] Reply from ptd: 'Range A changed'
ptd-server 2021-03-07 09:21:34,927 [INFO] Set initial values for Amps 0.500000 and Volts 300.000000
ptd-server 2021-03-07 09:21:34,927 [INFO] Stopping ptd...
