ptd-server 2021-02-26 23:53:55,894 [INFO] Got command from the client 'time'
ptd-server 2021-02-26 23:53:55,894 [INFO] Sending reply to client '1614383635.894205'
ptd-server 2021-02-26 23:53:55,895 [INFO] Got command from the client 'new,,e98667b4-25f1-43b6-9586-0f11d6bca7f8'
ptd-server 2021-02-26 23:53:55,895 [INFO] Sending reply to client 'OK 2021-02-26_23-53-55,bf46d65f-5a71-486a-8898-0854a294ee16'
ptd-server 2021-02-26 23:53:55,933 [INFO] Got command from the client 'time'
ptd-server 2021-02-26 23:53:55,934 [INFO] Sending reply to client '1614383635.9340928'
ptd-server 2021-02-26 23:53:55,935 [INFO] Got command from the client 'session,2021-02-26_23-53-55,start,ranging'
ptd-server 2021-02-26 23:53:55,935 [INFO] Running PTDaemon: ['/home/anton/projects/mlperf/power/inference_v1.0/ptd-linux-x86', '-l', 'ptd.log', '-p', '8888', '52', '/dev/usbtmc0']
ptd-server 2021-02-26 23:54:13,102 [INFO] Sending to ptd: 'Hello'
ptd-server 2021-02-26 23:54:13,103 [INFO] Reply from ptd: 'Hello, PTDaemon here!'
ptd-server 2021-02-26 23:54:13,103 [INFO] Sending to ptd: 'Identify'
ptd-server 2021-02-26 23:54:13,103 [INFO] Reply from ptd: 'YokogawaWT330E,1000,1,1,1,1,0,0,1,version=1.9.2-e8c7a49a-20201208,OS=Linux 5.8.0-43-generic #49~20.04.1-Ubuntu SMP Fri Feb 5 09:57:56 UTC 2021 x86_64,mode=power,1,1,1,0,0,no_cal_date,YOKOGAWA;WT333E;C3VD30030E;F1.04'
ptd-server 2021-02-26 23:54:13,104 [INFO] Connected to PTDaemon
ptd-server 2021-02-26 23:54:13,104 [INFO] Sending to ptd: 'RR'
ptd-server 2021-02-26 23:54:13,104 [INFO] Reply from ptd: 'Ranges,0,0.500000,0,300.000000'
ptd-server 2021-02-26 23:54:13,104 [INFO] Initial range for Amps is 0.500000 for Volts is 300.000000
ptd-server 2021-02-26 23:54:13,104 [INFO] Sending to ptd: 'SR,V,Auto'
ptd-server 2021-02-26 23:54:13,607 [INFO] Reply from ptd: 'Range V changed'
ptd-server 2021-02-26 23:54:13,607 [INFO] Sending to ptd: 'SR,A,Auto'
ptd-server 2021-02-26 23:54:14,109 [INFO] Reply from ptd: 'Range A changed'
ptd-server 2021-02-26 23:54:24,120 [INFO] Starting ranging mode
ptd-server 2021-02-26 23:54:24,120 [INFO] Sending to ptd: 'Go,1000,0,2021-02-26_23-53-55_ranging'
ptd-server 2021-02-26 23:54:24,120 [INFO] Reply from ptd: 'Starting untimed measurement, maximum 500000 samples at 1000ms with 0 rampup samples'
ptd-server 2021-02-26 23:54:24,120 [INFO] Sending reply to client 'OK'
ptd-server 2021-02-27 00:04:42,711 [INFO] Got command from the client 'session,2021-02-26_23-53-55,stop,ranging'
ptd-server 2021-02-27 00:04:52,721 [INFO] Sending to ptd: 'Stop'
ptd-server 2021-02-27 00:04:52,722 [INFO] Reply from ptd: 'Stopping untimed measurement'
ptd-server 2021-02-27 00:04:52,771 [INFO] Sending reply to client 'OK'
ptd-server 2021-02-27 00:04:52,822 [INFO] Got command from the client 'time'
ptd-server 2021-02-27 00:04:52,822 [INFO] Sending reply to client '1614384292.8225424'
ptd-server 2021-02-27 00:04:52,823 [INFO] Got command from the client 'session,2021-02-26_23-53-55,start,testing'
ptd-server 2021-02-27 00:04:52,823 [INFO] Sending to ptd: 'SR,V,248.310000'
ptd-server 2021-02-27 00:04:54,621 [INFO] Reply from ptd: 'Range V changed'
ptd-server 2021-02-27 00:04:54,622 [INFO] Sending to ptd: 'SR,A,0.183250'
ptd-server 2021-02-27 00:04:56,123 [INFO] Reply from ptd: 'Range A changed'
ptd-server 2021-02-27 00:05:06,133 [INFO] Starting testing mode
ptd-server 2021-02-27 00:05:06,133 [INFO] Sending to ptd: 'Go,1000,0,2021-02-26_23-53-55_testing'
ptd-server 2021-02-27 00:05:06,134 [INFO] Reply from ptd: 'Starting untimed measurement, maximum 500000 samples at 1000ms with 0 rampup samples'
ptd-server 2021-02-27 00:05:06,134 [INFO] Sending reply to client 'OK'
ptd-server 2021-02-27 00:15:24,403 [INFO] Got command from the client 'session,2021-02-26_23-53-55,stop,testing'
ptd-server 2021-02-27 00:15:34,414 [INFO] Sending to ptd: 'Stop'
ptd-server 2021-02-27 00:15:34,414 [INFO] Reply from ptd: 'Stopping untimed measurement'
ptd-server 2021-02-27 00:15:34,439 [INFO] Sending reply to client 'OK'
ptd-server 2021-02-27 00:15:34,442 [INFO] Got command from the client 'session,2021-02-26_23-53-55,upload,client.log'
ptd-server 2021-02-27 00:15:34,443 [INFO] Received '/home/anton/projects/mlperf/power-dev/output/2021-02-26_23-53-55client.log.tmp'
ptd-server 2021-02-27 00:15:34,443 [INFO] Removed '/home/anton/projects/mlperf/power-dev/output/2021-02-26_23-53-55client.log.tmp'
ptd-server 2021-02-27 00:15:34,443 [INFO] Sending reply to client 'OK'
ptd-server 2021-02-27 00:15:34,447 [INFO] Got command from the client 'session,2021-02-26_23-53-55,upload,client.json'
ptd-server 2021-02-27 00:15:34,448 [INFO] Received '/home/anton/projects/mlperf/power-dev/output/2021-02-26_23-53-55client.json.tmp'
ptd-server 2021-02-27 00:15:34,448 [INFO] Removed '/home/anton/projects/mlperf/power-dev/output/2021-02-26_23-53-55client.json.tmp'
ptd-server 2021-02-27 00:15:34,448 [INFO] Sending reply to client 'OK'
ptd-server 2021-02-27 00:15:34,449 [INFO] Got command from the client 'session,2021-02-26_23-53-55,done'
ptd-server 2021-02-27 00:15:34,449 [INFO] Sending to ptd: 'Stop'
ptd-server 2021-02-27 00:15:35,135 [INFO] Reply from ptd: 'Error: no measurement to stop'
ptd-server 2021-02-27 00:15:35,135 [INFO] Sending to ptd: 'SR,V,300.000000'
ptd-server 2021-02-27 00:15:36,636 [INFO] Reply from ptd: 'Range V changed'
ptd-server 2021-02-27 00:15:36,636 [INFO] Sending to ptd: 'SR,A,0.500000'
ptd-server 2021-02-27 00:15:38,137 [INFO] Reply from ptd: 'Range A changed'
ptd-server 2021-02-27 00:15:38,137 [INFO] Set initial values for Amps 0.500000 and Volts 300.000000
ptd-server 2021-02-27 00:15:38,138 [INFO] Stopping ptd...
