ptd-server 2021-03-01 22:05:59,878 [INFO] Got command from the client 'time'
ptd-server 2021-03-01 22:05:59,878 [INFO] Sending reply to client '1614636359.8783271'
ptd-server 2021-03-01 22:05:59,879 [INFO] Got command from the client 'new,,bb7ecd0a-bce7-4f8b-abb8-13a1a9e6a58c'
ptd-server 2021-03-01 22:05:59,880 [INFO] Sending reply to client 'OK 2021-03-01_22-05-59,5b6ae63e-aaaa-4cc3-b1fd-f731587ebb0f'
ptd-server 2021-03-01 22:05:59,913 [INFO] Got command from the client 'time'
ptd-server 2021-03-01 22:05:59,913 [INFO] Sending reply to client '1614636359.9138155'
ptd-server 2021-03-01 22:05:59,914 [INFO] Got command from the client 'session,2021-03-01_22-05-59,start,ranging'
ptd-server 2021-03-01 22:05:59,915 [INFO] Running PTDaemon: ['/home/anton/projects/mlperf/power/inference_v1.0/ptd-linux-x86', '-l', 'ptd.log', '-p', '8888', '52', '/dev/usbtmc0']
ptd-server 2021-03-01 22:06:17,084 [INFO] Sending to ptd: 'Hello'
ptd-server 2021-03-01 22:06:17,084 [INFO] Reply from ptd: 'Hello, PTDaemon here!'
ptd-server 2021-03-01 22:06:17,085 [INFO] Sending to ptd: 'Identify'
ptd-server 2021-03-01 22:06:17,085 [INFO] Reply from ptd: 'YokogawaWT330E,1000,1,1,1,1,0,0,1,version=1.9.2-e8c7a49a-20201208,OS=Linux 5.8.0-43-generic #49~20.04.1-Ubuntu SMP Fri Feb 5 09:57:56 UTC 2021 x86_64,mode=power,1,1,1,0,0,no_cal_date,YOKOGAWA;WT333E;C3VD30030E;F1.04'
ptd-server 2021-03-01 22:06:17,085 [INFO] Connected to PTDaemon
ptd-server 2021-03-01 22:06:17,085 [INFO] Sending to ptd: 'RR'
ptd-server 2021-03-01 22:06:17,086 [INFO] Reply from ptd: 'Ranges,0,0.500000,0,300.000000'
ptd-server 2021-03-01 22:06:17,086 [INFO] Initial range for Amps is 0.500000 for Volts is 300.000000
ptd-server 2021-03-01 22:06:17,086 [INFO] Sending to ptd: 'SR,V,Auto'
ptd-server 2021-03-01 22:06:17,588 [INFO] Reply from ptd: 'Range V changed'
ptd-server 2021-03-01 22:06:17,589 [INFO] Sending to ptd: 'SR,A,Auto'
ptd-server 2021-03-01 22:06:18,091 [INFO] Reply from ptd: 'Range A changed'
ptd-server 2021-03-01 22:06:28,101 [INFO] Starting ranging mode
ptd-server 2021-03-01 22:06:28,101 [INFO] Sending to ptd: 'Go,1000,0,2021-03-01_22-05-59_ranging'
ptd-server 2021-03-01 22:06:28,102 [INFO] Reply from ptd: 'Starting untimed measurement, maximum 500000 samples at 1000ms with 0 rampup samples'
ptd-server 2021-03-01 22:06:28,102 [INFO] Sending reply to client 'OK'
ptd-server 2021-03-01 22:16:50,005 [INFO] Got command from the client 'session,2021-03-01_22-05-59,stop,ranging'
ptd-server 2021-03-01 22:17:00,012 [INFO] Sending to ptd: 'Stop'
ptd-server 2021-03-01 22:17:00,012 [INFO] Reply from ptd: 'Stopping untimed measurement'
ptd-server 2021-03-01 22:17:00,317 [INFO] Sending reply to client 'OK'
ptd-server 2021-03-01 22:17:00,361 [INFO] Got command from the client 'time'
ptd-server 2021-03-01 22:17:00,362 [INFO] Sending reply to client '1614637020.3619883'
ptd-server 2021-03-01 22:17:00,363 [INFO] Got command from the client 'session,2021-03-01_22-05-59,start,testing'
ptd-server 2021-03-01 22:17:00,363 [INFO] Sending to ptd: 'SR,V,252.190000'
ptd-server 2021-03-01 22:17:01,865 [INFO] Reply from ptd: 'Range V changed'
ptd-server 2021-03-01 22:17:01,865 [INFO] Sending to ptd: 'SR,A,0.208830'
ptd-server 2021-03-01 22:17:03,366 [INFO] Reply from ptd: 'Range A changed'
ptd-server 2021-03-01 22:17:13,376 [INFO] Starting testing mode
ptd-server 2021-03-01 22:17:13,376 [INFO] Sending to ptd: 'Go,1000,0,2021-03-01_22-05-59_testing'
ptd-server 2021-03-01 22:17:13,377 [INFO] Reply from ptd: 'Starting untimed measurement, maximum 500000 samples at 1000ms with 0 rampup samples'
ptd-server 2021-03-01 22:17:13,377 [INFO] Sending reply to client 'OK'
ptd-server 2021-03-01 22:27:32,133 [INFO] Got command from the client 'session,2021-03-01_22-05-59,stop,testing'
ptd-server 2021-03-01 22:27:42,144 [INFO] Sending to ptd: 'Stop'
ptd-server 2021-03-01 22:27:42,144 [INFO] Reply from ptd: 'Stopping untimed measurement'
ptd-server 2021-03-01 22:27:42,283 [INFO] Sending reply to client 'OK'
ptd-server 2021-03-01 22:27:42,286 [INFO] Got command from the client 'session,2021-03-01_22-05-59,upload,client.log'
ptd-server 2021-03-01 22:27:42,287 [INFO] Received '/home/anton/projects/mlperf/power-dev/output/2021-03-01_22-05-59client.log.tmp'
ptd-server 2021-03-01 22:27:42,287 [INFO] Removed '/home/anton/projects/mlperf/power-dev/output/2021-03-01_22-05-59client.log.tmp'
ptd-server 2021-03-01 22:27:42,287 [INFO] Sending reply to client 'OK'
ptd-server 2021-03-01 22:27:42,291 [INFO] Got command from the client 'session,2021-03-01_22-05-59,upload,client.json'
ptd-server 2021-03-01 22:27:42,292 [INFO] Received '/home/anton/projects/mlperf/power-dev/output/2021-03-01_22-05-59client.json.tmp'
ptd-server 2021-03-01 22:27:42,292 [INFO] Removed '/home/anton/projects/mlperf/power-dev/output/2021-03-01_22-05-59client.json.tmp'
ptd-server 2021-03-01 22:27:42,292 [INFO] Sending reply to client 'OK'
ptd-server 2021-03-01 22:27:42,293 [INFO] Got command from the client 'session,2021-03-01_22-05-59,done'
ptd-server 2021-03-01 22:27:42,293 [INFO] Sending to ptd: 'Stop'
ptd-server 2021-03-01 22:27:42,377 [INFO] Reply from ptd: 'Error: no measurement to stop'
ptd-server 2021-03-01 22:27:42,377 [INFO] Sending to ptd: 'SR,V,300.000000'
ptd-server 2021-03-01 22:27:43,879 [INFO] Reply from ptd: 'Range V changed'
ptd-server 2021-03-01 22:27:43,879 [INFO] Sending to ptd: 'SR,A,0.500000'
ptd-server 2021-03-01 22:27:45,380 [INFO] Reply from ptd: 'Range A changed'
ptd-server 2021-03-01 22:27:45,380 [INFO] Set initial values for Amps 0.500000 and Volts 300.000000
ptd-server 2021-03-01 22:27:45,380 [INFO] Stopping ptd...
