client 2021-03-17 10:58:58,170 [WARNING] Removing old loadgen logs directory '/home/scratch.mlperf_inf_ci/mlPerf/L1/XavierNX_MaxQ-Commputelab-XavierNX-MaxQ-L1-2-2021-03-17-10-42-27-UTC/mlperf-inference/closed/NVIDIA/build/power_logs_temp'
client 2021-03-17 10:58:58,185 [INFO] Sending command to the server: 'mlcommons/power client v3'
client 2021-03-17 10:58:58,192 [INFO] Got response: 'mlcommons/power server v3'
client 2021-03-17 10:58:58,192 [INFO] Sending command to the server: 'stop'
client 2021-03-17 10:58:58,194 [INFO] Got response: 'OK'
client 2021-03-17 10:58:58,194 [INFO] Synchronizing with the server and with ib-01.dc4-in.nvidia.com...
client 2021-03-17 10:58:58,628 [INFO] NTP:offset = 0.004 s, delay = 0.202 s 
client 2021-03-17 10:58:58,629 [INFO] Sending command to the server: 'time'
client 2021-03-17 10:58:58,636 [INFO] Got response: '1616003938.6794386'
client 2021-03-17 10:58:58,636 [INFO] The time difference between the client and the server is within range -50.126 ms..-42.764 ms
client 2021-03-17 10:58:58,637 [INFO] Sending command to the server: 'new,,1eab4929-174c-4de1-9da7-112a8d85578b'
client 2021-03-17 10:58:58,639 [INFO] Got response: 'OK 2021-03-17_10-58-58,9874053c-15e2-493e-9f41-e8b227d3ae2c'
client 2021-03-17 10:58:58,640 [INFO] Session id is '2021-03-17_10-58-58'
client 2021-03-17 10:58:58,640 [INFO] Sources: {"sources": {"client.py": "d1e75cb4b26101220ebd242e584cf3ca5d8f1996", "lib/__init__.py": "da39a3ee5e6b4b0d3255bfef95601890afd80709", "lib/client.py": "d42bebf5b74cb6ff3997e2a6c68422afac111a28", "lib/common.py": "b0bad80d8fa328a7636027d4d66ff453f8dd7889", "lib/external/ntplib.py": "4da8f970656505a40483206ef2b5d3dd5e81711d", "lib/server.py": "2ed36471c7af565d6c8438b2134edad1d7ddf166", "lib/source_hashes.py": "4cedff274c661cb1504052018fd4f00dfbf624ef", "lib/summary.py": "0db15d783907aa92038281af4e465545c0648ddb", "lib/time_sync.py": "76051226ec89287839723352f4162aaa24e0546a", "server.py": "99e1310e3f76292aef1b8792ce6b8c82f1d44d8b", "tests/unit/test_server.py": "64f11775bfed35232a0e8bb9593c0ff992432c59", "tests/unit/test_source_hashes.py": "cb41a7261eaf7d94ba5c0aae9c523174f6204be3"}, "modules": {"__main__": "client.py", "lib.client": "lib/client.py", "lib.common": "lib/common.py", "lib.external.ntplib": "lib/external/ntplib.py", "lib.source_hashes": "lib/source_hashes.py", "lib.summary": "lib/summary.py", "lib.time_sync": "lib/time_sync.py"}}
client 2021-03-17 10:58:58,644 [INFO] Running workload in ranging mode
client 2021-03-17 10:58:58,644 [INFO] Synchronizing with the server and with ib-01.dc4-in.nvidia.com...
client 2021-03-17 10:58:58,852 [INFO] NTP:offset = 0.003 s, delay = 0.202 s 
client 2021-03-17 10:58:58,853 [INFO] Sending command to the server: 'time'
client 2021-03-17 10:58:58,855 [INFO] Got response: '1616003938.898134'
client 2021-03-17 10:58:58,855 [INFO] The time difference between the client and the server is within range -44.796 ms..-42.464 ms
client 2021-03-17 10:58:58,856 [INFO] Sending command to the server: 'session,2021-03-17_10-58-58,start,ranging'
client 2021-03-17 10:59:27,861 [INFO] Got response: 'OK'
client 2021-03-17 10:59:27,862 [INFO] Running the workload 'LOG_DIR=/home/scratch.mlperf_inf_ci/mlPerf/L1/XavierNX_MaxQ-Commputelab-XavierNX-MaxQ-L1-2-2021-03-17-10-42-27-UTC/mlperf-inference/closed/NVIDIA/build/power_logs_temp python3 code/main.py --benchmarks=ssd-resnet34 --scenarios=SingleStream --test_mode=PerformanceOnly --config_ver=maxq --action="run_harness" \\\n\t\t&& cp -v /home/scratch.mlperf_inf_ci/mlPerf/L1/XavierNX_MaxQ-Commputelab-XavierNX-MaxQ-L1-2-2021-03-17-10-42-27-UTC/mlperf-inference/closed/NVIDIA/build/power_logs_temp/*/*/*/mlperf_log_detail.txt /home/scratch.mlperf_inf_ci/mlPerf/L1/XavierNX_MaxQ-Commputelab-XavierNX-MaxQ-L1-2-2021-03-17-10-42-27-UTC/mlperf-inference/closed/NVIDIA/build/power_logs_temp/ \\\n\t\t&& cp -v /home/scratch.mlperf_inf_ci/mlPerf/L1/XavierNX_MaxQ-Commputelab-XavierNX-MaxQ-L1-2-2021-03-17-10-42-27-UTC/mlperf-inference/closed/NVIDIA/build/power_logs_temp/*/*/*/mlperf_log_summary.txt /home/scratch.mlperf_inf_ci/mlPerf/L1/XavierNX_MaxQ-Commputelab-XavierNX-MaxQ-L1-2-2021-03-17-10-42-27-UTC/mlperf-inference/closed/NVIDIA/build/power_logs_temp/'
client 2021-03-17 11:09:50,596 [INFO] Sending command to the server: 'session,2021-03-17_10-58-58,stop,ranging'
client 2021-03-17 11:10:00,935 [INFO] Got response: 'OK'
client 2021-03-17 11:10:00,943 [INFO] Packing logs into zip and uploading to the server
client 2021-03-17 11:10:00,977 [INFO] Zip file size: 11.1 kB
client 2021-03-17 11:10:00,996 [INFO] Got response: 'OK'
client 2021-03-17 11:10:00,998 [INFO] Running workload in testing mode
client 2021-03-17 11:10:00,998 [INFO] Synchronizing with the server and with ib-01.dc4-in.nvidia.com...
client 2021-03-17 11:10:01,207 [INFO] NTP:offset = 0.001 s, delay = 0.202 s 
client 2021-03-17 11:10:01,207 [INFO] Sending command to the server: 'time'
client 2021-03-17 11:10:01,210 [INFO] Got response: '1616004601.2484043'
client 2021-03-17 11:10:01,210 [INFO] The time difference between the client and the server is within range -40.714 ms..-37.954 ms
client 2021-03-17 11:10:01,210 [INFO] Sending command to the server: 'session,2021-03-17_10-58-58,start,testing'
client 2021-03-17 11:10:14,295 [INFO] Got response: 'OK'
client 2021-03-17 11:10:14,296 [INFO] Running the workload 'LOG_DIR=/home/scratch.mlperf_inf_ci/mlPerf/L1/XavierNX_MaxQ-Commputelab-XavierNX-MaxQ-L1-2-2021-03-17-10-42-27-UTC/mlperf-inference/closed/NVIDIA/build/power_logs_temp python3 code/main.py --benchmarks=ssd-resnet34 --scenarios=SingleStream --test_mode=PerformanceOnly --config_ver=maxq --action="run_harness" \\\n\t\t&& cp -v /home/scratch.mlperf_inf_ci/mlPerf/L1/XavierNX_MaxQ-Commputelab-XavierNX-MaxQ-L1-2-2021-03-17-10-42-27-UTC/mlperf-inference/closed/NVIDIA/build/power_logs_temp/*/*/*/mlperf_log_detail.txt /home/scratch.mlperf_inf_ci/mlPerf/L1/XavierNX_MaxQ-Commputelab-XavierNX-MaxQ-L1-2-2021-03-17-10-42-27-UTC/mlperf-inference/closed/NVIDIA/build/power_logs_temp/ \\\n\t\t&& cp -v /home/scratch.mlperf_inf_ci/mlPerf/L1/XavierNX_MaxQ-Commputelab-XavierNX-MaxQ-L1-2-2021-03-17-10-42-27-UTC/mlperf-inference/closed/NVIDIA/build/power_logs_temp/*/*/*/mlperf_log_summary.txt /home/scratch.mlperf_inf_ci/mlPerf/L1/XavierNX_MaxQ-Commputelab-XavierNX-MaxQ-L1-2-2021-03-17-10-42-27-UTC/mlperf-inference/closed/NVIDIA/build/power_logs_temp/'
client 2021-03-17 11:20:31,635 [INFO] Sending command to the server: 'session,2021-03-17_10-58-58,stop,testing'
client 2021-03-17 11:20:41,813 [INFO] Got response: 'OK'
client 2021-03-17 11:20:41,821 [INFO] Packing logs into zip and uploading to the server
client 2021-03-17 11:20:41,867 [INFO] Zip file size: 11.1 kB
client 2021-03-17 11:20:41,887 [INFO] Got response: 'OK'
client 2021-03-17 11:20:41,888 [INFO] Done runs
