ptd-server 2021-03-17 10:58:58,240 [INFO] Got command from the client 'stop'
ptd-server 2021-03-17 10:58:58,240 [INFO] The server will be stopped after processing this client
ptd-server 2021-03-17 10:58:58,240 [INFO] Sending reply to client 'OK'
ptd-server 2021-03-17 10:58:58,679 [INFO] Got command from the client 'time'
ptd-server 2021-03-17 10:58:58,679 [INFO] Sending reply to client '1616003938.6794386'
ptd-server 2021-03-17 10:58:58,679 [INFO] Got command from the client 'new,,1eab4929-174c-4de1-9da7-112a8d85578b'
ptd-server 2021-03-17 10:58:58,679 [INFO] Sending reply to client 'OK 2021-03-17_10-58-58,9874053c-15e2-493e-9f41-e8b227d3ae2c'
ptd-server 2021-03-17 10:58:58,898 [INFO] Got command from the client 'time'
ptd-server 2021-03-17 10:58:58,898 [INFO] Sending reply to client '1616003938.898134'
ptd-server 2021-03-17 10:58:58,898 [INFO] Got command from the client 'session,2021-03-17_10-58-58,start,ranging'
ptd-server 2021-03-17 10:58:59,007 [INFO] Running PTDaemon: ['C:\\PTD\\ptd-windows-x86.exe', '-l', 'C:\\logs_ptdeamon.txt', '-p', '8888', '-c', '1', '-y', '52', '10.32.209.251']
ptd-server 2021-03-17 10:59:16,862 [INFO] Sending to ptd: 'Hello'
ptd-server 2021-03-17 10:59:16,862 [INFO] Reply from ptd: 'Hello, PTDaemon here!'
ptd-server 2021-03-17 10:59:16,862 [INFO] Sending to ptd: 'Identify'
ptd-server 2021-03-17 10:59:16,862 [INFO] Reply from ptd: 'YokogawaWT330E,1000,1,1,1,1,0,0,1,version=1.9.2-3976349f-20201208,OS=Windows 8 / Server 2012,mode=power,1,1,1,0,0,no_cal_date,YOKOGAWA;WT333E;C2VL22012V;F1.03'
ptd-server 2021-03-17 10:59:16,862 [INFO] Connected to PTDaemon
ptd-server 2021-03-17 10:59:16,862 [INFO] Sending to ptd: 'RR'
ptd-server 2021-03-17 10:59:16,862 [INFO] Reply from ptd: 'Ranges,0,0.500000,0,150.000000'
ptd-server 2021-03-17 10:59:16,862 [INFO] Initial range for Amps is 0.500000 for Volts is 150.000000
ptd-server 2021-03-17 10:59:16,862 [INFO] Sending to ptd: 'SR,V,Auto'
ptd-server 2021-03-17 10:59:17,377 [INFO] Reply from ptd: 'Range V changed'
ptd-server 2021-03-17 10:59:17,377 [INFO] Sending to ptd: 'SR,A,Auto'
ptd-server 2021-03-17 10:59:17,893 [INFO] Reply from ptd: 'Range A changed'
ptd-server 2021-03-17 10:59:27,907 [INFO] Starting ranging mode
ptd-server 2021-03-17 10:59:27,907 [INFO] Sending to ptd: 'Go,1000,0,2021-03-17_10-58-58_ranging'
ptd-server 2021-03-17 10:59:27,907 [INFO] Reply from ptd: 'Starting untimed measurement, maximum 500000 samples at 1000ms with 0 rampup samples'
ptd-server 2021-03-17 10:59:27,907 [INFO] Sending reply to client 'OK'
ptd-server 2021-03-17 11:09:50,639 [INFO] Got command from the client 'session,2021-03-17_10-58-58,stop,ranging'
ptd-server 2021-03-17 11:10:00,654 [INFO] Sending to ptd: 'Stop'
ptd-server 2021-03-17 11:10:00,654 [INFO] Reply from ptd: 'Stopping untimed measurement'
ptd-server 2021-03-17 11:10:00,982 [INFO] Sending reply to client 'OK'
ptd-server 2021-03-17 11:10:01,014 [INFO] Got command from the client 'session,2021-03-17_10-58-58,upload,ranging'
ptd-server 2021-03-17 11:10:01,029 [INFO] Received 'C:\\ptd-logs\\2021-03-17_10-58-58ranging.tmp'
ptd-server 2021-03-17 11:10:01,045 [INFO] Extracted 'C:\\ptd-logs\\2021-03-17_10-58-58ranging.tmp' into 'C:\\ptd-logs\\2021-03-17_10-58-58\\ranging'
ptd-server 2021-03-17 11:10:01,045 [INFO] Removed 'C:\\ptd-logs\\2021-03-17_10-58-58ranging.tmp'
ptd-server 2021-03-17 11:10:01,045 [INFO] Sending reply to client 'OK'
ptd-server 2021-03-17 11:10:01,248 [INFO] Got command from the client 'time'
ptd-server 2021-03-17 11:10:01,248 [INFO] Sending reply to client '1616004601.2484043'
ptd-server 2021-03-17 11:10:01,248 [INFO] Got command from the client 'session,2021-03-17_10-58-58,start,testing'
ptd-server 2021-03-17 11:10:01,248 [INFO] Sending to ptd: 'SR,V,120.800000'
ptd-server 2021-03-17 11:10:02,794 [INFO] Reply from ptd: 'Range V changed'
ptd-server 2021-03-17 11:10:02,794 [INFO] Sending to ptd: 'SR,A,0.293700'
ptd-server 2021-03-17 11:10:04,325 [INFO] Reply from ptd: 'Range A changed'
ptd-server 2021-03-17 11:10:14,338 [INFO] Starting testing mode
ptd-server 2021-03-17 11:10:14,338 [INFO] Sending to ptd: 'Go,1000,0,2021-03-17_10-58-58_testing'
ptd-server 2021-03-17 11:10:14,338 [INFO] Reply from ptd: 'Starting untimed measurement, maximum 500000 samples at 1000ms with 0 rampup samples'
ptd-server 2021-03-17 11:10:14,338 [INFO] Sending reply to client 'OK'
ptd-server 2021-03-17 11:20:31,676 [INFO] Got command from the client 'session,2021-03-17_10-58-58,stop,testing'
ptd-server 2021-03-17 11:20:41,689 [INFO] Sending to ptd: 'Stop'
ptd-server 2021-03-17 11:20:41,689 [INFO] Reply from ptd: 'Stopping untimed measurement'
ptd-server 2021-03-17 11:20:41,846 [INFO] Sending reply to client 'OK'
ptd-server 2021-03-17 11:20:41,908 [INFO] Got command from the client 'session,2021-03-17_10-58-58,upload,testing'
ptd-server 2021-03-17 11:20:41,908 [INFO] Received 'C:\\ptd-logs\\2021-03-17_10-58-58testing.tmp'
ptd-server 2021-03-17 11:20:41,924 [INFO] Extracted 'C:\\ptd-logs\\2021-03-17_10-58-58testing.tmp' into 'C:\\ptd-logs\\2021-03-17_10-58-58\\run_1'
ptd-server 2021-03-17 11:20:41,924 [INFO] Removed 'C:\\ptd-logs\\2021-03-17_10-58-58testing.tmp'
ptd-server 2021-03-17 11:20:41,924 [INFO] Sending reply to client 'OK'
ptd-server 2021-03-17 11:20:41,939 [INFO] Got command from the client 'session,2021-03-17_10-58-58,upload,client.log'
ptd-server 2021-03-17 11:20:41,939 [INFO] Received 'C:\\ptd-logs\\2021-03-17_10-58-58client.log.tmp'
ptd-server 2021-03-17 11:20:41,955 [INFO] Removed 'C:\\ptd-logs\\2021-03-17_10-58-58client.log.tmp'
ptd-server 2021-03-17 11:20:41,955 [INFO] Sending reply to client 'OK'
ptd-server 2021-03-17 11:20:41,986 [INFO] Got command from the client 'session,2021-03-17_10-58-58,upload,client.json'
ptd-server 2021-03-17 11:20:41,986 [INFO] Received 'C:\\ptd-logs\\2021-03-17_10-58-58client.json.tmp'
ptd-server 2021-03-17 11:20:42,002 [INFO] Removed 'C:\\ptd-logs\\2021-03-17_10-58-58client.json.tmp'
ptd-server 2021-03-17 11:20:42,002 [INFO] Sending reply to client 'OK'
ptd-server 2021-03-17 11:20:42,002 [INFO] Got command from the client 'session,2021-03-17_10-58-58,done'
ptd-server 2021-03-17 11:20:42,002 [INFO] Sending to ptd: 'Stop'
ptd-server 2021-03-17 11:20:42,345 [INFO] Reply from ptd: 'Error: no measurement to stop'
ptd-server 2021-03-17 11:20:42,345 [INFO] Sending to ptd: 'SR,V,150.000000'
ptd-server 2021-03-17 11:20:43,876 [INFO] Reply from ptd: 'Range V changed'
ptd-server 2021-03-17 11:20:43,876 [INFO] Sending to ptd: 'SR,A,0.500000'
ptd-server 2021-03-17 11:20:45,407 [INFO] Reply from ptd: 'Range A changed'
ptd-server 2021-03-17 11:20:45,407 [INFO] Set initial values for Amps 0.500000 and Volts 150.000000
ptd-server 2021-03-17 11:20:45,407 [INFO] Stopping ptd...
