ptd-server 2021-02-27 13:26:34,427 [INFO] Got command from the client 'time'
ptd-server 2021-02-27 13:26:34,427 [INFO] Sending reply to client '1614432394.4276226'
ptd-server 2021-02-27 13:26:34,428 [INFO] Got command from the client 'new,,35b3e8f6-c747-440a-8ef2-9d47bee2689a'
ptd-server 2021-02-27 13:26:34,429 [INFO] Sending reply to client 'OK 2021-02-27_13-26-34,1cad7d70-1082-454f-93c0-40bee4d53cbf'
ptd-server 2021-02-27 13:26:34,467 [INFO] Got command from the client 'time'
ptd-server 2021-02-27 13:26:34,467 [INFO] Sending reply to client '1614432394.467554'
ptd-server 2021-02-27 13:26:34,468 [INFO] Got command from the client 'session,2021-02-27_13-26-34,start,ranging'
ptd-server 2021-02-27 13:26:34,468 [INFO] Running PTDaemon: ['/home/anton/projects/mlperf/power/inference_v1.0/ptd-linux-x86', '-l', 'ptd.log', '-p', '8888', '52', '/dev/usbtmc0']
ptd-server 2021-02-27 13:26:51,637 [INFO] Sending to ptd: 'Hello'
ptd-server 2021-02-27 13:26:51,638 [INFO] Reply from ptd: 'Hello, PTDaemon here!'
ptd-server 2021-02-27 13:26:51,638 [INFO] Sending to ptd: 'Identify'
ptd-server 2021-02-27 13:26:51,638 [INFO] Reply from ptd: 'YokogawaWT330E,1000,1,1,1,1,0,0,1,version=1.9.2-e8c7a49a-20201208,OS=Linux 5.8.0-43-generic #49~20.04.1-Ubuntu SMP Fri Feb 5 09:57:56 UTC 2021 x86_64,mode=power,1,1,1,0,0,no_cal_date,YOKOGAWA;WT333E;C3VD30030E;F1.04'
ptd-server 2021-02-27 13:26:51,638 [INFO] Connected to PTDaemon
ptd-server 2021-02-27 13:26:51,638 [INFO] Sending to ptd: 'RR'
ptd-server 2021-02-27 13:26:51,639 [INFO] Reply from ptd: 'Ranges,0,0.500000,0,300.000000'
ptd-server 2021-02-27 13:26:51,639 [INFO] Initial range for Amps is 0.500000 for Volts is 300.000000
ptd-server 2021-02-27 13:26:51,639 [INFO] Sending to ptd: 'SR,V,Auto'
ptd-server 2021-02-27 13:26:52,141 [INFO] Reply from ptd: 'Range V changed'
ptd-server 2021-02-27 13:26:52,142 [INFO] Sending to ptd: 'SR,A,Auto'
ptd-server 2021-02-27 13:26:52,644 [INFO] Reply from ptd: 'Range A changed'
ptd-server 2021-02-27 13:27:02,654 [INFO] Starting ranging mode
ptd-server 2021-02-27 13:27:02,655 [INFO] Sending to ptd: 'Go,1000,0,2021-02-27_13-26-34_ranging'
ptd-server 2021-02-27 13:27:02,655 [INFO] Reply from ptd: 'Starting untimed measurement, maximum 500000 samples at 1000ms with 0 rampup samples'
ptd-server 2021-02-27 13:27:02,655 [INFO] Sending reply to client 'OK'
ptd-server 2021-02-27 13:37:21,239 [INFO] Got command from the client 'session,2021-02-27_13-26-34,stop,ranging'
ptd-server 2021-02-27 13:37:31,249 [INFO] Sending to ptd: 'Stop'
ptd-server 2021-02-27 13:37:31,250 [INFO] Reply from ptd: 'Stopping untimed measurement'
ptd-server 2021-02-27 13:37:31,347 [INFO] Sending reply to client 'OK'
ptd-server 2021-02-27 13:37:31,375 [INFO] Got command from the client 'time'
ptd-server 2021-02-27 13:37:31,375 [INFO] Sending reply to client '1614433051.375731'
ptd-server 2021-02-27 13:37:31,376 [INFO] Got command from the client 'session,2021-02-27_13-26-34,start,testing'
ptd-server 2021-02-27 13:37:31,377 [INFO] Sending to ptd: 'SR,V,251.970000'
ptd-server 2021-02-27 13:37:33,156 [INFO] Reply from ptd: 'Range V changed'
ptd-server 2021-02-27 13:37:33,156 [INFO] Sending to ptd: 'SR,A,0.176020'
ptd-server 2021-02-27 13:37:34,658 [INFO] Reply from ptd: 'Range A changed'
ptd-server 2021-02-27 13:37:44,668 [INFO] Starting testing mode
ptd-server 2021-02-27 13:37:44,668 [INFO] Sending to ptd: 'Go,1000,0,2021-02-27_13-26-34_testing'
ptd-server 2021-02-27 13:37:44,668 [INFO] Reply from ptd: 'Starting untimed measurement, maximum 500000 samples at 1000ms with 0 rampup samples'
ptd-server 2021-02-27 13:37:44,669 [INFO] Sending reply to client 'OK'
ptd-server 2021-02-27 13:48:03,283 [INFO] Got command from the client 'session,2021-02-27_13-26-34,stop,testing'
ptd-server 2021-02-27 13:48:13,294 [INFO] Sending to ptd: 'Stop'
ptd-server 2021-02-27 13:48:13,294 [INFO] Reply from ptd: 'Stopping untimed measurement'
ptd-server 2021-02-27 13:48:13,343 [INFO] Sending reply to client 'OK'
ptd-server 2021-02-27 13:48:13,346 [INFO] Got command from the client 'session,2021-02-27_13-26-34,upload,client.log'
ptd-server 2021-02-27 13:48:13,347 [INFO] Received '/home/anton/projects/mlperf/power-dev/output/2021-02-27_13-26-34client.log.tmp'
ptd-server 2021-02-27 13:48:13,347 [INFO] Removed '/home/anton/projects/mlperf/power-dev/output/2021-02-27_13-26-34client.log.tmp'
ptd-server 2021-02-27 13:48:13,347 [INFO] Sending reply to client 'OK'
ptd-server 2021-02-27 13:48:13,351 [INFO] Got command from the client 'session,2021-02-27_13-26-34,upload,client.json'
ptd-server 2021-02-27 13:48:13,352 [INFO] Received '/home/anton/projects/mlperf/power-dev/output/2021-02-27_13-26-34client.json.tmp'
ptd-server 2021-02-27 13:48:13,352 [INFO] Removed '/home/anton/projects/mlperf/power-dev/output/2021-02-27_13-26-34client.json.tmp'
ptd-server 2021-02-27 13:48:13,352 [INFO] Sending reply to client 'OK'
ptd-server 2021-02-27 13:48:13,353 [INFO] Got command from the client 'session,2021-02-27_13-26-34,done'
ptd-server 2021-02-27 13:48:13,353 [INFO] Sending to ptd: 'Stop'
ptd-server 2021-02-27 13:48:13,668 [INFO] Reply from ptd: 'Error: no measurement to stop'
ptd-server 2021-02-27 13:48:13,668 [INFO] Sending to ptd: 'SR,V,300.000000'
ptd-server 2021-02-27 13:48:15,170 [INFO] Reply from ptd: 'Range V changed'
ptd-server 2021-02-27 13:48:15,170 [INFO] Sending to ptd: 'SR,A,0.500000'
ptd-server 2021-02-27 13:48:16,671 [INFO] Reply from ptd: 'Range A changed'
ptd-server 2021-02-27 13:48:16,671 [INFO] Set initial values for Amps 0.500000 and Volts 300.000000
ptd-server 2021-02-27 13:48:16,672 [INFO] Stopping ptd...
