ptd-server 2021-03-09 15:19:04,814 [INFO] Got command from the client 'time'
ptd-server 2021-03-09 15:19:04,815 [INFO] Sending reply to client '1615303144.815103'
ptd-server 2021-03-09 15:19:04,817 [INFO] Got command from the client 'new,,38184ae7-9b61-44a0-8d94-f256cf21cad2'
ptd-server 2021-03-09 15:19:04,818 [INFO] Sending reply to client 'OK 2021-03-09_15-19-04,eac8ebee-657d-45f1-8e1e-2a5170e5cd63'
ptd-server 2021-03-09 15:19:04,864 [INFO] Got command from the client 'time'
ptd-server 2021-03-09 15:19:04,864 [INFO] Sending reply to client '1615303144.8641431'
ptd-server 2021-03-09 15:19:04,866 [INFO] Got command from the client 'session,2021-03-09_15-19-04,start,ranging'
ptd-server 2021-03-09 15:19:04,866 [INFO] Running PTDaemon: ['/home/anton/projects/mlperf/power/inference_v1.0/ptd-linux-x86', '-l', 'ptd.log', '-p', '8888', '52', '/dev/usbtmc0']
ptd-server 2021-03-09 15:19:22,038 [INFO] Sending to ptd: 'Hello'
ptd-server 2021-03-09 15:19:22,039 [INFO] Reply from ptd: 'Hello, PTDaemon here!'
ptd-server 2021-03-09 15:19:22,039 [INFO] Sending to ptd: 'Identify'
ptd-server 2021-03-09 15:19:22,040 [INFO] Reply from ptd: 'YokogawaWT330E,1000,1,1,1,1,0,0,1,version=1.9.2-e8c7a49a-20201208,OS=Linux 5.8.0-43-generic #49~20.04.1-Ubuntu SMP Fri Feb 5 09:57:56 UTC 2021 x86_64,mode=power,1,1,1,0,0,no_cal_date,YOKOGAWA;WT333E;C3VD30030E;F1.04'
ptd-server 2021-03-09 15:19:22,040 [INFO] Connected to PTDaemon
ptd-server 2021-03-09 15:19:22,040 [INFO] Sending to ptd: 'RR'
ptd-server 2021-03-09 15:19:22,040 [INFO] Reply from ptd: 'Ranges,0,0.500000,0,300.000000'
ptd-server 2021-03-09 15:19:22,040 [INFO] Initial range for Amps is 0.500000 for Volts is 300.000000
ptd-server 2021-03-09 15:19:22,040 [INFO] Sending to ptd: 'SR,V,Auto'
ptd-server 2021-03-09 15:19:22,543 [INFO] Reply from ptd: 'Range V changed'
ptd-server 2021-03-09 15:19:22,543 [INFO] Sending to ptd: 'SR,A,Auto'
ptd-server 2021-03-09 15:19:23,046 [INFO] Reply from ptd: 'Range A changed'
ptd-server 2021-03-09 15:19:33,056 [INFO] Starting ranging mode
ptd-server 2021-03-09 15:19:33,056 [INFO] Sending to ptd: 'Go,1000,0,2021-03-09_15-19-04_ranging'
ptd-server 2021-03-09 15:19:33,056 [INFO] Reply from ptd: 'Starting untimed measurement, maximum 500000 samples at 1000ms with 0 rampup samples'
ptd-server 2021-03-09 15:19:33,057 [INFO] Sending reply to client 'OK'
ptd-server 2021-03-09 15:29:48,827 [INFO] Got command from the client 'session,2021-03-09_15-19-04,stop,ranging'
ptd-server 2021-03-09 15:29:58,837 [INFO] Sending to ptd: 'Stop'
ptd-server 2021-03-09 15:29:58,838 [INFO] Reply from ptd: 'Stopping untimed measurement'
ptd-server 2021-03-09 15:29:59,632 [INFO] Sending reply to client 'OK'
ptd-server 2021-03-09 15:29:59,679 [INFO] Got command from the client 'time'
ptd-server 2021-03-09 15:29:59,679 [INFO] Sending reply to client '1615303799.6792054'
ptd-server 2021-03-09 15:29:59,681 [INFO] Got command from the client 'session,2021-03-09_15-19-04,start,testing'
ptd-server 2021-03-09 15:29:59,681 [INFO] Sending to ptd: 'SR,V,250.720000'
ptd-server 2021-03-09 15:30:01,183 [INFO] Reply from ptd: 'Range V changed'
ptd-server 2021-03-09 15:30:01,183 [INFO] Sending to ptd: 'SR,A,0.179920'
ptd-server 2021-03-09 15:30:02,684 [INFO] Reply from ptd: 'Range A changed'
ptd-server 2021-03-09 15:30:12,694 [INFO] Starting testing mode
ptd-server 2021-03-09 15:30:12,695 [INFO] Sending to ptd: 'Go,1000,0,2021-03-09_15-19-04_testing'
ptd-server 2021-03-09 15:30:12,695 [INFO] Reply from ptd: 'Starting untimed measurement, maximum 500000 samples at 1000ms with 0 rampup samples'
ptd-server 2021-03-09 15:30:12,695 [INFO] Sending reply to client 'OK'
ptd-server 2021-03-09 15:40:28,090 [INFO] Got command from the client 'session,2021-03-09_15-19-04,stop,testing'
ptd-server 2021-03-09 15:40:38,100 [INFO] Sending to ptd: 'Stop'
ptd-server 2021-03-09 15:40:38,101 [INFO] Reply from ptd: 'Stopping untimed measurement'
ptd-server 2021-03-09 15:40:38,490 [INFO] Sending reply to client 'OK'
ptd-server 2021-03-09 15:40:38,498 [INFO] Got command from the client 'session,2021-03-09_15-19-04,upload,client.log'
ptd-server 2021-03-09 15:40:38,500 [INFO] Received '/home/anton/projects/mlperf/power-dev/output/2021-03-09_15-19-04client.log.tmp'
ptd-server 2021-03-09 15:40:38,500 [INFO] Removed '/home/anton/projects/mlperf/power-dev/output/2021-03-09_15-19-04client.log.tmp'
ptd-server 2021-03-09 15:40:38,500 [INFO] Sending reply to client 'OK'
ptd-server 2021-03-09 15:40:38,507 [INFO] Got command from the client 'session,2021-03-09_15-19-04,upload,client.json'
ptd-server 2021-03-09 15:40:38,507 [INFO] Received '/home/anton/projects/mlperf/power-dev/output/2021-03-09_15-19-04client.json.tmp'
ptd-server 2021-03-09 15:40:38,508 [INFO] Removed '/home/anton/projects/mlperf/power-dev/output/2021-03-09_15-19-04client.json.tmp'
ptd-server 2021-03-09 15:40:38,508 [INFO] Sending reply to client 'OK'
ptd-server 2021-03-09 15:40:38,509 [INFO] Got command from the client 'session,2021-03-09_15-19-04,done'
ptd-server 2021-03-09 15:40:38,509 [INFO] Sending to ptd: 'Stop'
ptd-server 2021-03-09 15:40:38,696 [INFO] Reply from ptd: 'Error: no measurement to stop'
ptd-server 2021-03-09 15:40:38,696 [INFO] Sending to ptd: 'SR,V,300.000000'
ptd-server 2021-03-09 15:40:40,197 [INFO] Reply from ptd: 'Range V changed'
ptd-server 2021-03-09 15:40:40,197 [INFO] Sending to ptd: 'SR,A,0.500000'
ptd-server 2021-03-09 15:40:41,699 [INFO] Reply from ptd: 'Range A changed'
ptd-server 2021-03-09 15:40:41,699 [INFO] Set initial values for Amps 0.500000 and Volts 300.000000
ptd-server 2021-03-09 15:40:41,699 [INFO] Stopping ptd...
