ptd-server 2021-03-05 12:57:33,991 [INFO] Got command from the client 'time'
ptd-server 2021-03-05 12:57:33,991 [INFO] Sending reply to client '1614949053.991166'
ptd-server 2021-03-05 12:57:33,994 [INFO] Got command from the client 'new,,be97f895-c856-4d2c-a322-eb216ce9e486'
ptd-server 2021-03-05 12:57:33,994 [INFO] Sending reply to client 'OK 2021-03-05_12-57-33,77e36620-a6be-4577-8c02-e112d94bb667'
ptd-server 2021-03-05 12:57:34,040 [INFO] Got command from the client 'time'
ptd-server 2021-03-05 12:57:34,040 [INFO] Sending reply to client '1614949054.040455'
ptd-server 2021-03-05 12:57:34,043 [INFO] Got command from the client 'session,2021-03-05_12-57-33,start,ranging'
ptd-server 2021-03-05 12:57:34,043 [INFO] Running PTDaemon: ['/home/anton/projects/mlperf/power/inference_v1.0/ptd-linux-x86', '-l', 'ptd.log', '-p', '8888', '52', '/dev/usbtmc0']
ptd-server 2021-03-05 12:57:51,210 [INFO] Sending to ptd: 'Hello'
ptd-server 2021-03-05 12:57:51,211 [INFO] Reply from ptd: 'Hello, PTDaemon here!'
ptd-server 2021-03-05 12:57:51,211 [INFO] Sending to ptd: 'Identify'
ptd-server 2021-03-05 12:57:51,212 [INFO] Reply from ptd: 'YokogawaWT330E,1000,1,1,1,1,0,0,1,version=1.9.2-e8c7a49a-20201208,OS=Linux 5.8.0-43-generic #49~20.04.1-Ubuntu SMP Fri Feb 5 09:57:56 UTC 2021 x86_64,mode=power,1,1,1,0,0,no_cal_date,YOKOGAWA;WT333E;C3VD30030E;F1.04'
ptd-server 2021-03-05 12:57:51,212 [INFO] Connected to PTDaemon
ptd-server 2021-03-05 12:57:51,212 [INFO] Sending to ptd: 'RR'
ptd-server 2021-03-05 12:57:51,212 [INFO] Reply from ptd: 'Ranges,0,0.500000,0,300.000000'
ptd-server 2021-03-05 12:57:51,212 [INFO] Initial range for Amps is 0.500000 for Volts is 300.000000
ptd-server 2021-03-05 12:57:51,212 [INFO] Sending to ptd: 'SR,V,Auto'
ptd-server 2021-03-05 12:57:51,715 [INFO] Reply from ptd: 'Range V changed'
ptd-server 2021-03-05 12:57:51,715 [INFO] Sending to ptd: 'SR,A,Auto'
ptd-server 2021-03-05 12:57:52,217 [INFO] Reply from ptd: 'Range A changed'
ptd-server 2021-03-05 12:58:02,228 [INFO] Starting ranging mode
ptd-server 2021-03-05 12:58:02,228 [INFO] Sending to ptd: 'Go,1000,0,2021-03-05_12-57-33_ranging'
ptd-server 2021-03-05 12:58:02,228 [INFO] Reply from ptd: 'Starting untimed measurement, maximum 500000 samples at 1000ms with 0 rampup samples'
ptd-server 2021-03-05 12:58:02,228 [INFO] Sending reply to client 'OK'
ptd-server 2021-03-05 13:08:33,725 [INFO] Got command from the client 'session,2021-03-05_12-57-33,stop,ranging'
ptd-server 2021-03-05 13:08:43,735 [INFO] Sending to ptd: 'Stop'
ptd-server 2021-03-05 13:08:43,736 [INFO] Reply from ptd: 'Stopping untimed measurement'
ptd-server 2021-03-05 13:08:44,055 [INFO] Sending reply to client 'OK'
ptd-server 2021-03-05 13:08:44,110 [INFO] Got command from the client 'time'
ptd-server 2021-03-05 13:08:44,110 [INFO] Sending reply to client '1614949724.1102374'
ptd-server 2021-03-05 13:08:44,114 [INFO] Got command from the client 'session,2021-03-05_12-57-33,start,testing'
ptd-server 2021-03-05 13:08:44,114 [INFO] Sending to ptd: 'SR,V,251.440000'
ptd-server 2021-03-05 13:08:45,729 [INFO] Reply from ptd: 'Range V changed'
ptd-server 2021-03-05 13:08:45,729 [INFO] Sending to ptd: 'SR,A,0.056710'
ptd-server 2021-03-05 13:08:47,231 [INFO] Reply from ptd: 'Range A changed'
ptd-server 2021-03-05 13:08:57,241 [INFO] Starting testing mode
ptd-server 2021-03-05 13:08:57,241 [INFO] Sending to ptd: 'Go,1000,0,2021-03-05_12-57-33_testing'
ptd-server 2021-03-05 13:08:57,241 [INFO] Reply from ptd: 'Starting untimed measurement, maximum 500000 samples at 1000ms with 0 rampup samples'
ptd-server 2021-03-05 13:08:57,242 [INFO] Sending reply to client 'OK'
ptd-server 2021-03-05 13:19:33,503 [INFO] Got command from the client 'session,2021-03-05_12-57-33,stop,testing'
ptd-server 2021-03-05 13:19:43,514 [INFO] Sending to ptd: 'Stop'
ptd-server 2021-03-05 13:19:43,514 [INFO] Reply from ptd: 'Stopping untimed measurement'
ptd-server 2021-03-05 13:19:43,697 [INFO] Sending reply to client 'OK'
ptd-server 2021-03-05 13:19:43,704 [INFO] Got command from the client 'session,2021-03-05_12-57-33,upload,client.log'
ptd-server 2021-03-05 13:19:43,707 [INFO] Received '/home/anton/projects/mlperf/power-dev/output/2021-03-05_12-57-33client.log.tmp'
ptd-server 2021-03-05 13:19:43,708 [INFO] Removed '/home/anton/projects/mlperf/power-dev/output/2021-03-05_12-57-33client.log.tmp'
ptd-server 2021-03-05 13:19:43,708 [INFO] Sending reply to client 'OK'
ptd-server 2021-03-05 13:19:43,720 [INFO] Got command from the client 'session,2021-03-05_12-57-33,upload,client.json'
ptd-server 2021-03-05 13:19:43,723 [INFO] Received '/home/anton/projects/mlperf/power-dev/output/2021-03-05_12-57-33client.json.tmp'
ptd-server 2021-03-05 13:19:43,723 [INFO] Removed '/home/anton/projects/mlperf/power-dev/output/2021-03-05_12-57-33client.json.tmp'
ptd-server 2021-03-05 13:19:43,723 [INFO] Sending reply to client 'OK'
ptd-server 2021-03-05 13:19:43,726 [INFO] Got command from the client 'session,2021-03-05_12-57-33,done'
ptd-server 2021-03-05 13:19:43,726 [INFO] Sending to ptd: 'Stop'
ptd-server 2021-03-05 13:19:44,241 [INFO] Reply from ptd: 'Error: no measurement to stop'
ptd-server 2021-03-05 13:19:44,241 [INFO] Sending to ptd: 'SR,V,300.000000'
ptd-server 2021-03-05 13:19:45,743 [INFO] Reply from ptd: 'Range V changed'
ptd-server 2021-03-05 13:19:45,743 [INFO] Sending to ptd: 'SR,A,0.500000'
ptd-server 2021-03-05 13:19:47,244 [INFO] Reply from ptd: 'Range A changed'
ptd-server 2021-03-05 13:19:47,244 [INFO] Set initial values for Amps 0.500000 and Volts 300.000000
ptd-server 2021-03-05 13:19:47,244 [INFO] Stopping ptd...
