client 2021-03-16 00:18:35,810 [WARNING] Removing old loadgen logs directory '/home/scratch.mlperf_inf_ci/mlPerf/L1/A100x4_MaxQ-Computelab-A100x4-MaxQ-L1-5-2021-03-16-00-05-54-UTC/mlperf-inference/closed/NVIDIA/build/power_logs_temp'
client 2021-03-16 00:18:35,813 [INFO] Sending command to the server: 'mlcommons/power client v3'
client 2021-03-16 00:18:35,815 [INFO] Got response: 'mlcommons/power server v3'
client 2021-03-16 00:18:35,815 [INFO] Sending command to the server: 'stop'
client 2021-03-16 00:18:35,816 [INFO] Got response: 'OK'
client 2021-03-16 00:18:35,816 [INFO] Synchronizing with the server and with ib-01.dc4-in.nvidia.com...
client 2021-03-16 00:18:36,021 [INFO] NTP:offset = -0.132 s, delay = 0.202 s 
client 2021-03-16 00:18:36,021 [INFO] Sending command to the server: 'time'
client 2021-03-16 00:18:36,022 [INFO] Got response: '1615879115.9478312'
client 2021-03-16 00:18:36,022 [INFO] The time difference between the client and the server is within range 73.259 ms..74.700 ms
client 2021-03-16 00:18:36,022 [INFO] Sending command to the server: 'new,,08df8f49-a8cf-4b16-a0e0-c3dd4ab3bac7'
client 2021-03-16 00:18:36,024 [INFO] Got response: 'OK 2021-03-16_00-18-35,fa21c6b1-80c5-4d9d-97e3-8948f9a056f5'
client 2021-03-16 00:18:36,024 [INFO] Session id is '2021-03-16_00-18-35'
client 2021-03-16 00:18:36,024 [INFO] Sources: {"sources": {"client.py": "d1e75cb4b26101220ebd242e584cf3ca5d8f1996", "lib/__init__.py": "da39a3ee5e6b4b0d3255bfef95601890afd80709", "lib/client.py": "d42bebf5b74cb6ff3997e2a6c68422afac111a28", "lib/common.py": "b0bad80d8fa328a7636027d4d66ff453f8dd7889", "lib/external/ntplib.py": "4da8f970656505a40483206ef2b5d3dd5e81711d", "lib/server.py": "2ed36471c7af565d6c8438b2134edad1d7ddf166", "lib/source_hashes.py": "4cedff274c661cb1504052018fd4f00dfbf624ef", "lib/summary.py": "0db15d783907aa92038281af4e465545c0648ddb", "lib/time_sync.py": "76051226ec89287839723352f4162aaa24e0546a", "server.py": "99e1310e3f76292aef1b8792ce6b8c82f1d44d8b", "tests/unit/test_server.py": "64f11775bfed35232a0e8bb9593c0ff992432c59", "tests/unit/test_source_hashes.py": "cb41a7261eaf7d94ba5c0aae9c523174f6204be3"}, "modules": {"__main__": "client.py", "lib.client": "lib/client.py", "lib.common": "lib/common.py", "lib.external.ntplib": "lib/external/ntplib.py", "lib.source_hashes": "lib/source_hashes.py", "lib.summary": "lib/summary.py", "lib.time_sync": "lib/time_sync.py"}}
client 2021-03-16 00:18:36,025 [INFO] Running workload in ranging mode
client 2021-03-16 00:18:36,025 [INFO] Synchronizing with the server and with ib-01.dc4-in.nvidia.com...
client 2021-03-16 00:18:36,228 [INFO] NTP:offset = -0.132 s, delay = 0.202 s 
client 2021-03-16 00:18:36,228 [INFO] Sending command to the server: 'time'
client 2021-03-16 00:18:36,230 [INFO] Got response: '1615879116.1509159'
client 2021-03-16 00:18:36,230 [INFO] The time difference between the client and the server is within range 77.521 ms..79.395 ms
client 2021-03-16 00:18:36,230 [INFO] Sending command to the server: 'session,2021-03-16_00-18-35,start,ranging'
client 2021-03-16 00:19:05,187 [INFO] Got response: 'OK'
client 2021-03-16 00:19:05,187 [INFO] Running the workload 'LOG_DIR=/home/scratch.mlperf_inf_ci/mlPerf/L1/A100x4_MaxQ-Computelab-A100x4-MaxQ-L1-5-2021-03-16-00-05-54-UTC/mlperf-inference/closed/NVIDIA/build/power_logs_temp python3 code/main.py --benchmarks=ssd-resnet34 --scenarios=Offline --test_mode=PerformanceOnly --config_ver=maxq --action="run_harness" \\\n\t\t&& cp -v /home/scratch.mlperf_inf_ci/mlPerf/L1/A100x4_MaxQ-Computelab-A100x4-MaxQ-L1-5-2021-03-16-00-05-54-UTC/mlperf-inference/closed/NVIDIA/build/power_logs_temp/*/*/*/mlperf_log_detail.txt /home/scratch.mlperf_inf_ci/mlPerf/L1/A100x4_MaxQ-Computelab-A100x4-MaxQ-L1-5-2021-03-16-00-05-54-UTC/mlperf-inference/closed/NVIDIA/build/power_logs_temp/ \\\n\t\t&& cp -v /home/scratch.mlperf_inf_ci/mlPerf/L1/A100x4_MaxQ-Computelab-A100x4-MaxQ-L1-5-2021-03-16-00-05-54-UTC/mlperf-inference/closed/NVIDIA/build/power_logs_temp/*/*/*/mlperf_log_summary.txt /home/scratch.mlperf_inf_ci/mlPerf/L1/A100x4_MaxQ-Computelab-A100x4-MaxQ-L1-5-2021-03-16-00-05-54-UTC/mlperf-inference/closed/NVIDIA/build/power_logs_temp/'
client 2021-03-16 00:32:51,489 [INFO] Sending command to the server: 'session,2021-03-16_00-18-35,stop,ranging'
client 2021-03-16 00:33:01,651 [INFO] Got response: 'OK'
client 2021-03-16 00:33:01,656 [INFO] Packing logs into zip and uploading to the server
client 2021-03-16 00:33:01,667 [INFO] Zip file size: 11.2 kB
client 2021-03-16 00:33:01,685 [INFO] Got response: 'OK'
client 2021-03-16 00:33:01,686 [INFO] Running workload in testing mode
client 2021-03-16 00:33:01,686 [INFO] Synchronizing with the server and with ib-01.dc4-in.nvidia.com...
client 2021-03-16 00:33:01,889 [INFO] NTP:offset = -0.146 s, delay = 0.202 s 
client 2021-03-16 00:33:01,889 [INFO] Sending command to the server: 'time'
client 2021-03-16 00:33:01,891 [INFO] Got response: '1615879981.805939'
client 2021-03-16 00:33:01,891 [INFO] The time difference between the client and the server is within range 83.698 ms..85.314 ms
client 2021-03-16 00:33:01,891 [INFO] Sending command to the server: 'session,2021-03-16_00-18-35,start,testing'
client 2021-03-16 00:33:15,284 [INFO] Got response: 'OK'
client 2021-03-16 00:33:15,284 [INFO] Running the workload 'LOG_DIR=/home/scratch.mlperf_inf_ci/mlPerf/L1/A100x4_MaxQ-Computelab-A100x4-MaxQ-L1-5-2021-03-16-00-05-54-UTC/mlperf-inference/closed/NVIDIA/build/power_logs_temp python3 code/main.py --benchmarks=ssd-resnet34 --scenarios=Offline --test_mode=PerformanceOnly --config_ver=maxq --action="run_harness" \\\n\t\t&& cp -v /home/scratch.mlperf_inf_ci/mlPerf/L1/A100x4_MaxQ-Computelab-A100x4-MaxQ-L1-5-2021-03-16-00-05-54-UTC/mlperf-inference/closed/NVIDIA/build/power_logs_temp/*/*/*/mlperf_log_detail.txt /home/scratch.mlperf_inf_ci/mlPerf/L1/A100x4_MaxQ-Computelab-A100x4-MaxQ-L1-5-2021-03-16-00-05-54-UTC/mlperf-inference/closed/NVIDIA/build/power_logs_temp/ \\\n\t\t&& cp -v /home/scratch.mlperf_inf_ci/mlPerf/L1/A100x4_MaxQ-Computelab-A100x4-MaxQ-L1-5-2021-03-16-00-05-54-UTC/mlperf-inference/closed/NVIDIA/build/power_logs_temp/*/*/*/mlperf_log_summary.txt /home/scratch.mlperf_inf_ci/mlPerf/L1/A100x4_MaxQ-Computelab-A100x4-MaxQ-L1-5-2021-03-16-00-05-54-UTC/mlperf-inference/closed/NVIDIA/build/power_logs_temp/'
client 2021-03-16 00:47:12,281 [INFO] Sending command to the server: 'session,2021-03-16_00-18-35,stop,testing'
client 2021-03-16 00:47:22,358 [INFO] Got response: 'OK'
client 2021-03-16 00:47:22,362 [INFO] Packing logs into zip and uploading to the server
client 2021-03-16 00:47:22,371 [INFO] Zip file size: 11.2 kB
client 2021-03-16 00:47:22,388 [INFO] Got response: 'OK'
client 2021-03-16 00:47:22,389 [INFO] Done runs
