ptd-server 2021-03-16 00:18:35,744 [INFO] Got command from the client 'stop'
ptd-server 2021-03-16 00:18:35,744 [INFO] The server will be stopped after processing this client
ptd-server 2021-03-16 00:18:35,744 [INFO] Sending reply to client 'OK'
ptd-server 2021-03-16 00:18:35,947 [INFO] Got command from the client 'time'
ptd-server 2021-03-16 00:18:35,947 [INFO] Sending reply to client '1615879115.9478312'
ptd-server 2021-03-16 00:18:35,947 [INFO] Got command from the client 'new,,08df8f49-a8cf-4b16-a0e0-c3dd4ab3bac7'
ptd-server 2021-03-16 00:18:35,947 [INFO] Sending reply to client 'OK 2021-03-16_00-18-35,fa21c6b1-80c5-4d9d-97e3-8948f9a056f5'
ptd-server 2021-03-16 00:18:36,150 [INFO] Got command from the client 'time'
ptd-server 2021-03-16 00:18:36,150 [INFO] Sending reply to client '1615879116.1509159'
ptd-server 2021-03-16 00:18:36,150 [INFO] Got command from the client 'session,2021-03-16_00-18-35,start,ranging'
ptd-server 2021-03-16 00:18:36,260 [INFO] Running PTDaemon: ['C:\\PTD\\ptd-windows-x86.exe', '-l', 'C:\\logs_ptdeamon.txt', '-p', '8888', '-c', '1', '-y', '52', '172.18.220.100']
ptd-server 2021-03-16 00:18:54,074 [INFO] Sending to ptd: 'Hello'
ptd-server 2021-03-16 00:18:54,074 [INFO] Reply from ptd: 'Hello, PTDaemon here!'
ptd-server 2021-03-16 00:18:54,074 [INFO] Sending to ptd: 'Identify'
ptd-server 2021-03-16 00:18:54,074 [INFO] Reply from ptd: 'YokogawaWT330E,1000,1,1,1,1,0,0,1,version=1.9.2-3976349f-20201208,OS=Windows 8 / Server 2012,mode=power,1,1,1,0,0,no_cal_date,YOKOGAWA;WT333E;C2WC23035V;F1.04'
ptd-server 2021-03-16 00:18:54,074 [INFO] Connected to PTDaemon
ptd-server 2021-03-16 00:18:54,074 [INFO] Sending to ptd: 'RR'
ptd-server 2021-03-16 00:18:54,074 [INFO] Reply from ptd: 'Ranges,1,5.000000,1,300.000000'
ptd-server 2021-03-16 00:18:54,074 [INFO] Initial range for Amps is Auto for Volts is Auto
ptd-server 2021-03-16 00:18:54,074 [INFO] Sending to ptd: 'SR,V,Auto'
ptd-server 2021-03-16 00:18:54,590 [INFO] Reply from ptd: 'Range V changed'
ptd-server 2021-03-16 00:18:54,590 [INFO] Sending to ptd: 'SR,A,Auto'
ptd-server 2021-03-16 00:18:55,106 [INFO] Reply from ptd: 'Range A changed'
ptd-server 2021-03-16 00:19:05,119 [INFO] Starting ranging mode
ptd-server 2021-03-16 00:19:05,119 [INFO] Sending to ptd: 'Go,1000,0,2021-03-16_00-18-35_ranging'
ptd-server 2021-03-16 00:19:05,119 [INFO] Reply from ptd: 'Starting untimed measurement, maximum 500000 samples at 1000ms with 0 rampup samples'
ptd-server 2021-03-16 00:19:05,119 [INFO] Sending reply to client 'OK'
ptd-server 2021-03-16 00:32:51,416 [INFO] Got command from the client 'session,2021-03-16_00-18-35,stop,ranging'
ptd-server 2021-03-16 00:33:01,431 [INFO] Sending to ptd: 'Stop'
ptd-server 2021-03-16 00:33:01,431 [INFO] Reply from ptd: 'Stopping untimed measurement'
ptd-server 2021-03-16 00:33:01,571 [INFO] Sending reply to client 'OK'
ptd-server 2021-03-16 00:33:01,587 [INFO] Got command from the client 'session,2021-03-16_00-18-35,upload,ranging'
ptd-server 2021-03-16 00:33:01,587 [INFO] Received 'C:\\ptd-logs\\2021-03-16_00-18-35ranging.tmp'
ptd-server 2021-03-16 00:33:01,602 [INFO] Extracted 'C:\\ptd-logs\\2021-03-16_00-18-35ranging.tmp' into 'C:\\ptd-logs\\2021-03-16_00-18-35\\ranging'
ptd-server 2021-03-16 00:33:01,602 [INFO] Removed 'C:\\ptd-logs\\2021-03-16_00-18-35ranging.tmp'
ptd-server 2021-03-16 00:33:01,602 [INFO] Sending reply to client 'OK'
ptd-server 2021-03-16 00:33:01,805 [INFO] Got command from the client 'time'
ptd-server 2021-03-16 00:33:01,805 [INFO] Sending reply to client '1615879981.805939'
ptd-server 2021-03-16 00:33:01,805 [INFO] Got command from the client 'session,2021-03-16_00-18-35,start,testing'
ptd-server 2021-03-16 00:33:01,805 [INFO] Sending to ptd: 'SR,V,206.880000'
ptd-server 2021-03-16 00:33:03,664 [INFO] Reply from ptd: 'Range V changed'
ptd-server 2021-03-16 00:33:03,664 [INFO] Sending to ptd: 'SR,A,6.262700'
ptd-server 2021-03-16 00:33:05,195 [INFO] Reply from ptd: 'Range A changed'
ptd-server 2021-03-16 00:33:15,210 [INFO] Starting testing mode
ptd-server 2021-03-16 00:33:15,210 [INFO] Sending to ptd: 'Go,1000,0,2021-03-16_00-18-35_testing'
ptd-server 2021-03-16 00:33:15,210 [INFO] Reply from ptd: 'Starting untimed measurement, maximum 500000 samples at 1000ms with 0 rampup samples'
ptd-server 2021-03-16 00:33:15,210 [INFO] Sending reply to client 'OK'
ptd-server 2021-03-16 00:47:12,190 [INFO] Got command from the client 'session,2021-03-16_00-18-35,stop,testing'
ptd-server 2021-03-16 00:47:22,205 [INFO] Sending to ptd: 'Stop'
ptd-server 2021-03-16 00:47:22,205 [INFO] Reply from ptd: 'Stopping untimed measurement'
ptd-server 2021-03-16 00:47:22,267 [INFO] Sending reply to client 'OK'
ptd-server 2021-03-16 00:47:22,283 [INFO] Got command from the client 'session,2021-03-16_00-18-35,upload,testing'
ptd-server 2021-03-16 00:47:22,283 [INFO] Received 'C:\\ptd-logs\\2021-03-16_00-18-35testing.tmp'
ptd-server 2021-03-16 00:47:22,298 [INFO] Extracted 'C:\\ptd-logs\\2021-03-16_00-18-35testing.tmp' into 'C:\\ptd-logs\\2021-03-16_00-18-35\\run_1'
ptd-server 2021-03-16 00:47:22,298 [INFO] Removed 'C:\\ptd-logs\\2021-03-16_00-18-35testing.tmp'
ptd-server 2021-03-16 00:47:22,298 [INFO] Sending reply to client 'OK'
ptd-server 2021-03-16 00:47:22,314 [INFO] Got command from the client 'session,2021-03-16_00-18-35,upload,client.log'
ptd-server 2021-03-16 00:47:22,314 [INFO] Received 'C:\\ptd-logs\\2021-03-16_00-18-35client.log.tmp'
ptd-server 2021-03-16 00:47:22,330 [INFO] Removed 'C:\\ptd-logs\\2021-03-16_00-18-35client.log.tmp'
ptd-server 2021-03-16 00:47:22,330 [INFO] Sending reply to client 'OK'
ptd-server 2021-03-16 00:47:22,345 [INFO] Got command from the client 'session,2021-03-16_00-18-35,upload,client.json'
ptd-server 2021-03-16 00:47:22,345 [INFO] Received 'C:\\ptd-logs\\2021-03-16_00-18-35client.json.tmp'
ptd-server 2021-03-16 00:47:22,361 [INFO] Removed 'C:\\ptd-logs\\2021-03-16_00-18-35client.json.tmp'
ptd-server 2021-03-16 00:47:22,361 [INFO] Sending reply to client 'OK'
ptd-server 2021-03-16 00:47:22,361 [INFO] Got command from the client 'session,2021-03-16_00-18-35,done'
ptd-server 2021-03-16 00:47:22,361 [INFO] Sending to ptd: 'Stop'
ptd-server 2021-03-16 00:47:22,361 [INFO] Reply from ptd: 'Error: no measurement to stop'
ptd-server 2021-03-16 00:47:22,361 [INFO] Sending to ptd: 'SR,V,Auto'
ptd-server 2021-03-16 00:47:22,876 [INFO] Reply from ptd: 'Range V changed'
ptd-server 2021-03-16 00:47:22,876 [INFO] Sending to ptd: 'SR,A,Auto'
ptd-server 2021-03-16 00:47:23,392 [INFO] Reply from ptd: 'Range A changed'
ptd-server 2021-03-16 00:47:23,392 [INFO] Set initial values for Amps Auto and Volts Auto
ptd-server 2021-03-16 00:47:23,392 [INFO] Stopping ptd...
