ptd-server 2021-03-09 18:34:33,153 [INFO] Got command from the client 'time'
ptd-server 2021-03-09 18:34:33,153 [INFO] Sending reply to client '1615314873.1532035'
ptd-server 2021-03-09 18:34:33,154 [INFO] Got command from the client 'new,,be6c1185-d531-47a0-b69e-74edef138d35'
ptd-server 2021-03-09 18:34:33,155 [INFO] Sending reply to client 'OK 2021-03-09_18-34-33,80e7849f-a801-4242-86b7-bcccc715a2e8'
ptd-server 2021-03-09 18:34:33,189 [INFO] Got command from the client 'time'
ptd-server 2021-03-09 18:34:33,189 [INFO] Sending reply to client '1615314873.189634'
ptd-server 2021-03-09 18:34:33,191 [INFO] Got command from the client 'session,2021-03-09_18-34-33,start,ranging'
ptd-server 2021-03-09 18:34:33,192 [INFO] Running PTDaemon: ['/home/anton/projects/mlperf/power/inference_v1.0/ptd-linux-x86', '-l', 'ptd.log', '-p', '8888', '52', '/dev/usbtmc0']
ptd-server 2021-03-09 18:34:50,363 [INFO] Sending to ptd: 'Hello'
ptd-server 2021-03-09 18:34:50,364 [INFO] Reply from ptd: 'Hello, PTDaemon here!'
ptd-server 2021-03-09 18:34:50,364 [INFO] Sending to ptd: 'Identify'
ptd-server 2021-03-09 18:34:50,365 [INFO] Reply from ptd: 'YokogawaWT330E,1000,1,1,1,1,0,0,1,version=1.9.2-e8c7a49a-20201208,OS=Linux 5.8.0-43-generic #49~20.04.1-Ubuntu SMP Fri Feb 5 09:57:56 UTC 2021 x86_64,mode=power,1,1,1,0,0,no_cal_date,YOKOGAWA;WT333E;C3VD30030E;F1.04'
ptd-server 2021-03-09 18:34:50,365 [INFO] Connected to PTDaemon
ptd-server 2021-03-09 18:34:50,365 [INFO] Sending to ptd: 'RR'
ptd-server 2021-03-09 18:34:50,365 [INFO] Reply from ptd: 'Ranges,0,0.500000,0,300.000000'
ptd-server 2021-03-09 18:34:50,365 [INFO] Initial range for Amps is 0.500000 for Volts is 300.000000
ptd-server 2021-03-09 18:34:50,365 [INFO] Sending to ptd: 'SR,V,Auto'
ptd-server 2021-03-09 18:34:50,868 [INFO] Reply from ptd: 'Range V changed'
ptd-server 2021-03-09 18:34:50,868 [INFO] Sending to ptd: 'SR,A,Auto'
ptd-server 2021-03-09 18:34:51,371 [INFO] Reply from ptd: 'Range A changed'
ptd-server 2021-03-09 18:35:01,381 [INFO] Starting ranging mode
ptd-server 2021-03-09 18:35:01,381 [INFO] Sending to ptd: 'Go,1000,0,2021-03-09_18-34-33_ranging'
ptd-server 2021-03-09 18:35:01,382 [INFO] Reply from ptd: 'Starting untimed measurement, maximum 500000 samples at 1000ms with 0 rampup samples'
ptd-server 2021-03-09 18:35:01,382 [INFO] Sending reply to client 'OK'
ptd-server 2021-03-09 18:45:16,763 [INFO] Got command from the client 'session,2021-03-09_18-34-33,stop,ranging'
ptd-server 2021-03-09 18:45:26,773 [INFO] Sending to ptd: 'Stop'
ptd-server 2021-03-09 18:45:26,773 [INFO] Reply from ptd: 'Stopping untimed measurement'
ptd-server 2021-03-09 18:45:27,548 [INFO] Sending reply to client 'OK'
ptd-server 2021-03-09 18:45:27,593 [INFO] Got command from the client 'time'
ptd-server 2021-03-09 18:45:27,594 [INFO] Sending reply to client '1615315527.5941062'
ptd-server 2021-03-09 18:45:27,596 [INFO] Got command from the client 'session,2021-03-09_18-34-33,start,testing'
ptd-server 2021-03-09 18:45:27,596 [INFO] Sending to ptd: 'SR,V,248.130000'
ptd-server 2021-03-09 18:45:29,098 [INFO] Reply from ptd: 'Range V changed'
ptd-server 2021-03-09 18:45:29,098 [INFO] Sending to ptd: 'SR,A,0.146870'
ptd-server 2021-03-09 18:45:30,599 [INFO] Reply from ptd: 'Range A changed'
ptd-server 2021-03-09 18:45:40,609 [INFO] Starting testing mode
ptd-server 2021-03-09 18:45:40,610 [INFO] Sending to ptd: 'Go,1000,0,2021-03-09_18-34-33_testing'
ptd-server 2021-03-09 18:45:40,610 [INFO] Reply from ptd: 'Starting untimed measurement, maximum 500000 samples at 1000ms with 0 rampup samples'
ptd-server 2021-03-09 18:45:40,610 [INFO] Sending reply to client 'OK'
ptd-server 2021-03-09 18:55:55,922 [INFO] Got command from the client 'session,2021-03-09_18-34-33,stop,testing'
ptd-server 2021-03-09 18:56:05,932 [INFO] Sending to ptd: 'Stop'
ptd-server 2021-03-09 18:56:05,933 [INFO] Reply from ptd: 'Stopping untimed measurement'
ptd-server 2021-03-09 18:56:06,333 [INFO] Sending reply to client 'OK'
ptd-server 2021-03-09 18:56:06,341 [INFO] Got command from the client 'session,2021-03-09_18-34-33,upload,client.log'
ptd-server 2021-03-09 18:56:06,343 [INFO] Received '/home/anton/projects/mlperf/power-dev/output/2021-03-09_18-34-33client.log.tmp'
ptd-server 2021-03-09 18:56:06,343 [INFO] Removed '/home/anton/projects/mlperf/power-dev/output/2021-03-09_18-34-33client.log.tmp'
ptd-server 2021-03-09 18:56:06,343 [INFO] Sending reply to client 'OK'
ptd-server 2021-03-09 18:56:06,352 [INFO] Got command from the client 'session,2021-03-09_18-34-33,upload,client.json'
ptd-server 2021-03-09 18:56:06,352 [INFO] Received '/home/anton/projects/mlperf/power-dev/output/2021-03-09_18-34-33client.json.tmp'
ptd-server 2021-03-09 18:56:06,353 [INFO] Removed '/home/anton/projects/mlperf/power-dev/output/2021-03-09_18-34-33client.json.tmp'
ptd-server 2021-03-09 18:56:06,353 [INFO] Sending reply to client 'OK'
ptd-server 2021-03-09 18:56:06,354 [INFO] Got command from the client 'session,2021-03-09_18-34-33,done'
ptd-server 2021-03-09 18:56:06,354 [INFO] Sending to ptd: 'Stop'
ptd-server 2021-03-09 18:56:06,610 [INFO] Reply from ptd: 'Error: no measurement to stop'
ptd-server 2021-03-09 18:56:06,610 [INFO] Sending to ptd: 'SR,V,300.000000'
ptd-server 2021-03-09 18:56:08,112 [INFO] Reply from ptd: 'Range V changed'
ptd-server 2021-03-09 18:56:08,112 [INFO] Sending to ptd: 'SR,A,0.500000'
ptd-server 2021-03-09 18:56:09,613 [INFO] Reply from ptd: 'Range A changed'
ptd-server 2021-03-09 18:56:09,613 [INFO] Set initial values for Amps 0.500000 and Volts 300.000000
ptd-server 2021-03-09 18:56:09,614 [INFO] Stopping ptd...
