ptd-server 2021-02-28 13:13:12,011 [INFO] Got command from the client 'time'
ptd-server 2021-02-28 13:13:12,011 [INFO] Sending reply to client '1614517992.0118198'
ptd-server 2021-02-28 13:13:12,013 [INFO] Got command from the client 'new,,50d117a4-4f89-4d2a-9abe-0f76fe6e6692'
ptd-server 2021-02-28 13:13:12,013 [INFO] Sending reply to client 'OK 2021-02-28_13-13-12,77a5a684-412c-4c4e-bc10-fa5c9abfad98'
ptd-server 2021-02-28 13:13:12,053 [INFO] Got command from the client 'time'
ptd-server 2021-02-28 13:13:12,053 [INFO] Sending reply to client '1614517992.0534482'
ptd-server 2021-02-28 13:13:12,054 [INFO] Got command from the client 'session,2021-02-28_13-13-12,start,ranging'
ptd-server 2021-02-28 13:13:12,054 [INFO] Running PTDaemon: ['/home/anton/projects/mlperf/power/inference_v1.0/ptd-linux-x86', '-l', 'ptd.log', '-p', '8888', '52', '/dev/usbtmc0']
ptd-server 2021-02-28 13:13:29,224 [INFO] Sending to ptd: 'Hello'
ptd-server 2021-02-28 13:13:29,224 [INFO] Reply from ptd: 'Hello, PTDaemon here!'
ptd-server 2021-02-28 13:13:29,225 [INFO] Sending to ptd: 'Identify'
ptd-server 2021-02-28 13:13:29,225 [INFO] Reply from ptd: 'YokogawaWT330E,1000,1,1,1,1,0,0,1,version=1.9.2-e8c7a49a-20201208,OS=Linux 5.8.0-43-generic #49~20.04.1-Ubuntu SMP Fri Feb 5 09:57:56 UTC 2021 x86_64,mode=power,1,1,1,0,0,no_cal_date,YOKOGAWA;WT333E;C3VD30030E;F1.04'
ptd-server 2021-02-28 13:13:29,225 [INFO] Connected to PTDaemon
ptd-server 2021-02-28 13:13:29,225 [INFO] Sending to ptd: 'RR'
ptd-server 2021-02-28 13:13:29,226 [INFO] Reply from ptd: 'Ranges,0,0.500000,0,300.000000'
ptd-server 2021-02-28 13:13:29,226 [INFO] Initial range for Amps is 0.500000 for Volts is 300.000000
ptd-server 2021-02-28 13:13:29,226 [INFO] Sending to ptd: 'SR,V,Auto'
ptd-server 2021-02-28 13:13:29,728 [INFO] Reply from ptd: 'Range V changed'
ptd-server 2021-02-28 13:13:29,728 [INFO] Sending to ptd: 'SR,A,Auto'
ptd-server 2021-02-28 13:13:30,231 [INFO] Reply from ptd: 'Range A changed'
ptd-server 2021-02-28 13:13:40,241 [INFO] Starting ranging mode
ptd-server 2021-02-28 13:13:40,241 [INFO] Sending to ptd: 'Go,1000,0,2021-02-28_13-13-12_ranging'
ptd-server 2021-02-28 13:13:40,242 [INFO] Reply from ptd: 'Starting untimed measurement, maximum 500000 samples at 1000ms with 0 rampup samples'
ptd-server 2021-02-28 13:13:40,242 [INFO] Sending reply to client 'OK'
ptd-server 2021-02-28 13:23:58,947 [INFO] Got command from the client 'session,2021-02-28_13-13-12,stop,ranging'
ptd-server 2021-02-28 13:24:08,957 [INFO] Sending to ptd: 'Stop'
ptd-server 2021-02-28 13:24:08,958 [INFO] Reply from ptd: 'Stopping untimed measurement'
ptd-server 2021-02-28 13:24:09,172 [INFO] Sending reply to client 'OK'
ptd-server 2021-02-28 13:24:09,217 [INFO] Got command from the client 'time'
ptd-server 2021-02-28 13:24:09,217 [INFO] Sending reply to client '1614518649.2174382'
ptd-server 2021-02-28 13:24:09,218 [INFO] Got command from the client 'session,2021-02-28_13-13-12,start,testing'
ptd-server 2021-02-28 13:24:09,218 [INFO] Sending to ptd: 'SR,V,250.670000'
ptd-server 2021-02-28 13:24:10,743 [INFO] Reply from ptd: 'Range V changed'
ptd-server 2021-02-28 13:24:10,744 [INFO] Sending to ptd: 'SR,A,0.171150'
ptd-server 2021-02-28 13:24:12,245 [INFO] Reply from ptd: 'Range A changed'
ptd-server 2021-02-28 13:24:22,255 [INFO] Starting testing mode
ptd-server 2021-02-28 13:24:22,255 [INFO] Sending to ptd: 'Go,1000,0,2021-02-28_13-13-12_testing'
ptd-server 2021-02-28 13:24:22,256 [INFO] Reply from ptd: 'Starting untimed measurement, maximum 500000 samples at 1000ms with 0 rampup samples'
ptd-server 2021-02-28 13:24:22,256 [INFO] Sending reply to client 'OK'
ptd-server 2021-02-28 13:34:41,030 [INFO] Got command from the client 'session,2021-02-28_13-13-12,stop,testing'
ptd-server 2021-02-28 13:34:51,040 [INFO] Sending to ptd: 'Stop'
ptd-server 2021-02-28 13:34:51,041 [INFO] Reply from ptd: 'Stopping untimed measurement'
ptd-server 2021-02-28 13:34:51,162 [INFO] Sending reply to client 'OK'
ptd-server 2021-02-28 13:34:51,166 [INFO] Got command from the client 'session,2021-02-28_13-13-12,upload,client.log'
ptd-server 2021-02-28 13:34:51,167 [INFO] Received '/home/anton/projects/mlperf/power-dev/output/2021-02-28_13-13-12client.log.tmp'
ptd-server 2021-02-28 13:34:51,167 [INFO] Removed '/home/anton/projects/mlperf/power-dev/output/2021-02-28_13-13-12client.log.tmp'
ptd-server 2021-02-28 13:34:51,167 [INFO] Sending reply to client 'OK'
ptd-server 2021-02-28 13:34:51,171 [INFO] Got command from the client 'session,2021-02-28_13-13-12,upload,client.json'
ptd-server 2021-02-28 13:34:51,172 [INFO] Received '/home/anton/projects/mlperf/power-dev/output/2021-02-28_13-13-12client.json.tmp'
ptd-server 2021-02-28 13:34:51,172 [INFO] Removed '/home/anton/projects/mlperf/power-dev/output/2021-02-28_13-13-12client.json.tmp'
ptd-server 2021-02-28 13:34:51,172 [INFO] Sending reply to client 'OK'
ptd-server 2021-02-28 13:34:51,173 [INFO] Got command from the client 'session,2021-02-28_13-13-12,done'
ptd-server 2021-02-28 13:34:51,173 [INFO] Sending to ptd: 'Stop'
ptd-server 2021-02-28 13:34:51,256 [INFO] Reply from ptd: 'Error: no measurement to stop'
ptd-server 2021-02-28 13:34:51,257 [INFO] Sending to ptd: 'SR,V,300.000000'
ptd-server 2021-02-28 13:34:52,758 [INFO] Reply from ptd: 'Range V changed'
ptd-server 2021-02-28 13:34:52,758 [INFO] Sending to ptd: 'SR,A,0.500000'
ptd-server 2021-02-28 13:34:54,259 [INFO] Reply from ptd: 'Range A changed'
ptd-server 2021-02-28 13:34:54,260 [INFO] Set initial values for Amps 0.500000 and Volts 300.000000
ptd-server 2021-02-28 13:34:54,260 [INFO] Stopping ptd...
