ptd-server 2021-02-28 07:45:11,495 [INFO] Got command from the client 'time'
ptd-server 2021-02-28 07:45:11,495 [INFO] Sending reply to client '1614498311.4952798'
ptd-server 2021-02-28 07:45:11,496 [INFO] Got command from the client 'new,,03906305-839c-4458-b508-f286722fabb6'
ptd-server 2021-02-28 07:45:11,497 [INFO] Sending reply to client 'OK 2021-02-28_07-45-11,0a23ce63-63d0-4a5a-af2f-f201d520788e'
ptd-server 2021-02-28 07:45:11,533 [INFO] Got command from the client 'time'
ptd-server 2021-02-28 07:45:11,533 [INFO] Sending reply to client '1614498311.533358'
ptd-server 2021-02-28 07:45:11,534 [INFO] Got command from the client 'session,2021-02-28_07-45-11,start,ranging'
ptd-server 2021-02-28 07:45:11,534 [INFO] Running PTDaemon: ['/home/anton/projects/mlperf/power/inference_v1.0/ptd-linux-x86', '-l', 'ptd.log', '-p', '8888', '52', '/dev/usbtmc0']
ptd-server 2021-02-28 07:45:28,703 [INFO] Sending to ptd: 'Hello'
ptd-server 2021-02-28 07:45:28,704 [INFO] Reply from ptd: 'Hello, PTDaemon here!'
ptd-server 2021-02-28 07:45:28,704 [INFO] Sending to ptd: 'Identify'
ptd-server 2021-02-28 07:45:28,704 [INFO] Reply from ptd: 'YokogawaWT330E,1000,1,1,1,1,0,0,1,version=1.9.2-e8c7a49a-20201208,OS=Linux 5.8.0-43-generic #49~20.04.1-Ubuntu SMP Fri Feb 5 09:57:56 UTC 2021 x86_64,mode=power,1,1,1,0,0,no_cal_date,YOKOGAWA;WT333E;C3VD30030E;F1.04'
ptd-server 2021-02-28 07:45:28,704 [INFO] Connected to PTDaemon
ptd-server 2021-02-28 07:45:28,705 [INFO] Sending to ptd: 'RR'
ptd-server 2021-02-28 07:45:28,705 [INFO] Reply from ptd: 'Ranges,0,0.500000,0,300.000000'
ptd-server 2021-02-28 07:45:28,705 [INFO] Initial range for Amps is 0.500000 for Volts is 300.000000
ptd-server 2021-02-28 07:45:28,705 [INFO] Sending to ptd: 'SR,V,Auto'
ptd-server 2021-02-28 07:45:29,208 [INFO] Reply from ptd: 'Range V changed'
ptd-server 2021-02-28 07:45:29,208 [INFO] Sending to ptd: 'SR,A,Auto'
ptd-server 2021-02-28 07:45:29,710 [INFO] Reply from ptd: 'Range A changed'
ptd-server 2021-02-28 07:45:39,720 [INFO] Starting ranging mode
ptd-server 2021-02-28 07:45:39,720 [INFO] Sending to ptd: 'Go,1000,0,2021-02-28_07-45-11_ranging'
ptd-server 2021-02-28 07:45:39,721 [INFO] Reply from ptd: 'Starting untimed measurement, maximum 500000 samples at 1000ms with 0 rampup samples'
ptd-server 2021-02-28 07:45:39,721 [INFO] Sending reply to client 'OK'
ptd-server 2021-02-28 07:55:58,401 [INFO] Got command from the client 'session,2021-02-28_07-45-11,stop,ranging'
ptd-server 2021-02-28 07:56:08,411 [INFO] Sending to ptd: 'Stop'
ptd-server 2021-02-28 07:56:08,412 [INFO] Reply from ptd: 'Stopping untimed measurement'
ptd-server 2021-02-28 07:56:08,592 [INFO] Sending reply to client 'OK'
ptd-server 2021-02-28 07:56:08,623 [INFO] Got command from the client 'time'
ptd-server 2021-02-28 07:56:08,623 [INFO] Sending reply to client '1614498968.6237888'
ptd-server 2021-02-28 07:56:08,624 [INFO] Got command from the client 'session,2021-02-28_07-45-11,start,testing'
ptd-server 2021-02-28 07:56:08,624 [INFO] Sending to ptd: 'SR,V,247.970000'
ptd-server 2021-02-28 07:56:10,223 [INFO] Reply from ptd: 'Range V changed'
ptd-server 2021-02-28 07:56:10,223 [INFO] Sending to ptd: 'SR,A,0.174870'
ptd-server 2021-02-28 07:56:11,724 [INFO] Reply from ptd: 'Range A changed'
ptd-server 2021-02-28 07:56:21,734 [INFO] Starting testing mode
ptd-server 2021-02-28 07:56:21,735 [INFO] Sending to ptd: 'Go,1000,0,2021-02-28_07-45-11_testing'
ptd-server 2021-02-28 07:56:21,735 [INFO] Reply from ptd: 'Starting untimed measurement, maximum 500000 samples at 1000ms with 0 rampup samples'
ptd-server 2021-02-28 07:56:21,735 [INFO] Sending reply to client 'OK'
ptd-server 2021-02-28 08:06:40,244 [INFO] Got command from the client 'session,2021-02-28_07-45-11,stop,testing'
ptd-server 2021-02-28 08:06:50,254 [INFO] Sending to ptd: 'Stop'
ptd-server 2021-02-28 08:06:50,254 [INFO] Reply from ptd: 'Stopping untimed measurement'
ptd-server 2021-02-28 08:06:50,358 [INFO] Sending reply to client 'OK'
ptd-server 2021-02-28 08:06:50,361 [INFO] Got command from the client 'session,2021-02-28_07-45-11,upload,client.log'
ptd-server 2021-02-28 08:06:50,362 [INFO] Received '/home/anton/projects/mlperf/power-dev/output/2021-02-28_07-45-11client.log.tmp'
ptd-server 2021-02-28 08:06:50,362 [INFO] Removed '/home/anton/projects/mlperf/power-dev/output/2021-02-28_07-45-11client.log.tmp'
ptd-server 2021-02-28 08:06:50,362 [INFO] Sending reply to client 'OK'
ptd-server 2021-02-28 08:06:50,366 [INFO] Got command from the client 'session,2021-02-28_07-45-11,upload,client.json'
ptd-server 2021-02-28 08:06:50,367 [INFO] Received '/home/anton/projects/mlperf/power-dev/output/2021-02-28_07-45-11client.json.tmp'
ptd-server 2021-02-28 08:06:50,367 [INFO] Removed '/home/anton/projects/mlperf/power-dev/output/2021-02-28_07-45-11client.json.tmp'
ptd-server 2021-02-28 08:06:50,367 [INFO] Sending reply to client 'OK'
ptd-server 2021-02-28 08:06:50,368 [INFO] Got command from the client 'session,2021-02-28_07-45-11,done'
ptd-server 2021-02-28 08:06:50,368 [INFO] Sending to ptd: 'Stop'
ptd-server 2021-02-28 08:06:50,735 [INFO] Reply from ptd: 'Error: no measurement to stop'
ptd-server 2021-02-28 08:06:50,735 [INFO] Sending to ptd: 'SR,V,300.000000'
ptd-server 2021-02-28 08:06:52,237 [INFO] Reply from ptd: 'Range V changed'
ptd-server 2021-02-28 08:06:52,237 [INFO] Sending to ptd: 'SR,A,0.500000'
ptd-server 2021-02-28 08:06:53,738 [INFO] Reply from ptd: 'Range A changed'
ptd-server 2021-02-28 08:06:53,738 [INFO] Set initial values for Amps 0.500000 and Volts 300.000000
ptd-server 2021-02-28 08:06:53,739 [INFO] Stopping ptd...
