ptd-server 2021-02-28 08:07:00,014 [INFO] Got command from the client 'time'
ptd-server 2021-02-28 08:07:00,014 [INFO] Sending reply to client '1614499620.0146768'
ptd-server 2021-02-28 08:07:00,015 [INFO] Got command from the client 'new,,e90114dd-f933-4c1b-8175-353ef922b54d'
ptd-server 2021-02-28 08:07:00,016 [INFO] Sending reply to client 'OK 2021-02-28_08-07-00,f06aec5e-b3ae-4cee-a786-b3a47a9a8043'
ptd-server 2021-02-28 08:07:00,054 [INFO] Got command from the client 'time'
ptd-server 2021-02-28 08:07:00,054 [INFO] Sending reply to client '1614499620.0543716'
ptd-server 2021-02-28 08:07:00,055 [INFO] Got command from the client 'session,2021-02-28_08-07-00,start,ranging'
ptd-server 2021-02-28 08:07:00,055 [INFO] Running PTDaemon: ['/home/anton/projects/mlperf/power/inference_v1.0/ptd-linux-x86', '-l', 'ptd.log', '-p', '8888', '52', '/dev/usbtmc0']
ptd-server 2021-02-28 08:07:17,224 [INFO] Sending to ptd: 'Hello'
ptd-server 2021-02-28 08:07:17,225 [INFO] Reply from ptd: 'Hello, PTDaemon here!'
ptd-server 2021-02-28 08:07:17,225 [INFO] Sending to ptd: 'Identify'
ptd-server 2021-02-28 08:07:17,225 [INFO] Reply from ptd: 'YokogawaWT330E,1000,1,1,1,1,0,0,1,version=1.9.2-e8c7a49a-20201208,OS=Linux 5.8.0-43-generic #49~20.04.1-Ubuntu SMP Fri Feb 5 09:57:56 UTC 2021 x86_64,mode=power,1,1,1,0,0,no_cal_date,YOKOGAWA;WT333E;C3VD30030E;F1.04'
ptd-server 2021-02-28 08:07:17,226 [INFO] Connected to PTDaemon
ptd-server 2021-02-28 08:07:17,226 [INFO] Sending to ptd: 'RR'
ptd-server 2021-02-28 08:07:17,226 [INFO] Reply from ptd: 'Ranges,0,0.500000,0,300.000000'
ptd-server 2021-02-28 08:07:17,226 [INFO] Initial range for Amps is 0.500000 for Volts is 300.000000
ptd-server 2021-02-28 08:07:17,226 [INFO] Sending to ptd: 'SR,V,Auto'
ptd-server 2021-02-28 08:07:17,729 [INFO] Reply from ptd: 'Range V changed'
ptd-server 2021-02-28 08:07:17,729 [INFO] Sending to ptd: 'SR,A,Auto'
ptd-server 2021-02-28 08:07:18,231 [INFO] Reply from ptd: 'Range A changed'
ptd-server 2021-02-28 08:07:28,242 [INFO] Starting ranging mode
ptd-server 2021-02-28 08:07:28,242 [INFO] Sending to ptd: 'Go,1000,0,2021-02-28_08-07-00_ranging'
ptd-server 2021-02-28 08:07:28,242 [INFO] Reply from ptd: 'Starting untimed measurement, maximum 500000 samples at 1000ms with 0 rampup samples'
ptd-server 2021-02-28 08:07:28,242 [INFO] Sending reply to client 'OK'
ptd-server 2021-02-28 08:17:47,226 [INFO] Got command from the client 'session,2021-02-28_08-07-00,stop,ranging'
ptd-server 2021-02-28 08:17:57,236 [INFO] Sending to ptd: 'Stop'
ptd-server 2021-02-28 08:17:57,237 [INFO] Reply from ptd: 'Stopping untimed measurement'
ptd-server 2021-02-28 08:17:57,429 [INFO] Sending reply to client 'OK'
ptd-server 2021-02-28 08:17:57,464 [INFO] Got command from the client 'time'
ptd-server 2021-02-28 08:17:57,464 [INFO] Sending reply to client '1614500277.4647245'
ptd-server 2021-02-28 08:17:57,466 [INFO] Got command from the client 'session,2021-02-28_08-07-00,start,testing'
ptd-server 2021-02-28 08:17:57,466 [INFO] Sending to ptd: 'SR,V,250.270000'
ptd-server 2021-02-28 08:17:58,967 [INFO] Reply from ptd: 'Range V changed'
ptd-server 2021-02-28 08:17:58,967 [INFO] Sending to ptd: 'SR,A,0.223500'
ptd-server 2021-02-28 08:18:00,469 [INFO] Reply from ptd: 'Range A changed'
ptd-server 2021-02-28 08:18:10,479 [INFO] Starting testing mode
ptd-server 2021-02-28 08:18:10,479 [INFO] Sending to ptd: 'Go,1000,0,2021-02-28_08-07-00_testing'
ptd-server 2021-02-28 08:18:10,479 [INFO] Reply from ptd: 'Starting untimed measurement, maximum 500000 samples at 1000ms with 0 rampup samples'
ptd-server 2021-02-28 08:18:10,480 [INFO] Sending reply to client 'OK'
ptd-server 2021-02-28 08:28:29,168 [INFO] Got command from the client 'session,2021-02-28_08-07-00,stop,testing'
ptd-server 2021-02-28 08:28:39,178 [INFO] Sending to ptd: 'Stop'
ptd-server 2021-02-28 08:28:39,179 [INFO] Reply from ptd: 'Stopping untimed measurement'
ptd-server 2021-02-28 08:28:39,283 [INFO] Sending reply to client 'OK'
ptd-server 2021-02-28 08:28:39,288 [INFO] Got command from the client 'session,2021-02-28_08-07-00,upload,client.log'
ptd-server 2021-02-28 08:28:39,289 [INFO] Received '/home/anton/projects/mlperf/power-dev/output/2021-02-28_08-07-00client.log.tmp'
ptd-server 2021-02-28 08:28:39,289 [INFO] Removed '/home/anton/projects/mlperf/power-dev/output/2021-02-28_08-07-00client.log.tmp'
ptd-server 2021-02-28 08:28:39,289 [INFO] Sending reply to client 'OK'
ptd-server 2021-02-28 08:28:39,293 [INFO] Got command from the client 'session,2021-02-28_08-07-00,upload,client.json'
ptd-server 2021-02-28 08:28:39,294 [INFO] Received '/home/anton/projects/mlperf/power-dev/output/2021-02-28_08-07-00client.json.tmp'
ptd-server 2021-02-28 08:28:39,294 [INFO] Removed '/home/anton/projects/mlperf/power-dev/output/2021-02-28_08-07-00client.json.tmp'
ptd-server 2021-02-28 08:28:39,294 [INFO] Sending reply to client 'OK'
ptd-server 2021-02-28 08:28:39,295 [INFO] Got command from the client 'session,2021-02-28_08-07-00,done'
ptd-server 2021-02-28 08:28:39,295 [INFO] Sending to ptd: 'Stop'
ptd-server 2021-02-28 08:28:39,479 [INFO] Reply from ptd: 'Error: no measurement to stop'
ptd-server 2021-02-28 08:28:39,479 [INFO] Sending to ptd: 'SR,V,300.000000'
ptd-server 2021-02-28 08:28:40,981 [INFO] Reply from ptd: 'Range V changed'
ptd-server 2021-02-28 08:28:40,981 [INFO] Sending to ptd: 'SR,A,0.500000'
ptd-server 2021-02-28 08:28:42,482 [INFO] Reply from ptd: 'Range A changed'
ptd-server 2021-02-28 08:28:42,482 [INFO] Set initial values for Amps 0.500000 and Volts 300.000000
ptd-server 2021-02-28 08:28:42,482 [INFO] Stopping ptd...
