ptd-server 2021-03-07 13:03:47,448 [INFO] Got command from the client 'time'
ptd-server 2021-03-07 13:03:47,448 [INFO] Sending reply to client '1615122227.448899'
ptd-server 2021-03-07 13:03:47,451 [INFO] Got command from the client 'new,,928a57df-a708-4309-b570-fe86563d954f'
ptd-server 2021-03-07 13:03:47,452 [INFO] Sending reply to client 'OK 2021-03-07_13-03-47,aa51583a-7247-4ebc-a9f0-3fd319da332b'
ptd-server 2021-03-07 13:03:47,489 [INFO] Got command from the client 'time'
ptd-server 2021-03-07 13:03:47,489 [INFO] Sending reply to client '1615122227.4891448'
ptd-server 2021-03-07 13:03:47,491 [INFO] Got command from the client 'session,2021-03-07_13-03-47,start,ranging'
ptd-server 2021-03-07 13:03:47,491 [INFO] Running PTDaemon: ['/home/anton/projects/mlperf/power/inference_v1.0/ptd-linux-x86', '-l', 'ptd.log', '-p', '8888', '52', '/dev/usbtmc0']
ptd-server 2021-03-07 13:04:04,660 [INFO] Sending to ptd: 'Hello'
ptd-server 2021-03-07 13:04:04,660 [INFO] Reply from ptd: 'Hello, PTDaemon here!'
ptd-server 2021-03-07 13:04:04,661 [INFO] Sending to ptd: 'Identify'
ptd-server 2021-03-07 13:04:04,661 [INFO] Reply from ptd: 'YokogawaWT330E,1000,1,1,1,1,0,0,1,version=1.9.2-e8c7a49a-20201208,OS=Linux 5.8.0-43-generic #49~20.04.1-Ubuntu SMP Fri Feb 5 09:57:56 UTC 2021 x86_64,mode=power,1,1,1,0,0,no_cal_date,YOKOGAWA;WT333E;C3VD30030E;F1.04'
ptd-server 2021-03-07 13:04:04,661 [INFO] Connected to PTDaemon
ptd-server 2021-03-07 13:04:04,661 [INFO] Sending to ptd: 'RR'
ptd-server 2021-03-07 13:04:04,662 [INFO] Reply from ptd: 'Ranges,0,0.500000,0,300.000000'
ptd-server 2021-03-07 13:04:04,662 [INFO] Initial range for Amps is 0.500000 for Volts is 300.000000
ptd-server 2021-03-07 13:04:04,662 [INFO] Sending to ptd: 'SR,V,Auto'
ptd-server 2021-03-07 13:04:05,192 [INFO] Reply from ptd: 'Range V changed'
ptd-server 2021-03-07 13:04:05,192 [INFO] Sending to ptd: 'SR,A,Auto'
ptd-server 2021-03-07 13:04:05,694 [INFO] Reply from ptd: 'Range A changed'
ptd-server 2021-03-07 13:04:15,704 [INFO] Starting ranging mode
ptd-server 2021-03-07 13:04:15,705 [INFO] Sending to ptd: 'Go,1000,0,2021-03-07_13-03-47_ranging'
ptd-server 2021-03-07 13:04:15,705 [INFO] Reply from ptd: 'Starting untimed measurement, maximum 500000 samples at 1000ms with 0 rampup samples'
ptd-server 2021-03-07 13:04:15,705 [INFO] Sending reply to client 'OK'
ptd-server 2021-03-07 13:14:40,809 [INFO] Got command from the client 'session,2021-03-07_13-03-47,stop,ranging'
ptd-server 2021-03-07 13:14:50,820 [INFO] Sending to ptd: 'Stop'
ptd-server 2021-03-07 13:14:50,820 [INFO] Reply from ptd: 'Stopping untimed measurement'
ptd-server 2021-03-07 13:14:51,391 [INFO] Sending reply to client 'OK'
ptd-server 2021-03-07 13:14:51,438 [INFO] Got command from the client 'time'
ptd-server 2021-03-07 13:14:51,439 [INFO] Sending reply to client '1615122891.4390054'
ptd-server 2021-03-07 13:14:51,442 [INFO] Got command from the client 'session,2021-03-07_13-03-47,start,testing'
ptd-server 2021-03-07 13:14:51,442 [INFO] Sending to ptd: 'SR,V,250.380000'
ptd-server 2021-03-07 13:14:53,206 [INFO] Reply from ptd: 'Range V changed'
ptd-server 2021-03-07 13:14:53,207 [INFO] Sending to ptd: 'SR,A,0.057070'
ptd-server 2021-03-07 13:14:54,708 [INFO] Reply from ptd: 'Range A changed'
ptd-server 2021-03-07 13:15:04,718 [INFO] Starting testing mode
ptd-server 2021-03-07 13:15:04,718 [INFO] Sending to ptd: 'Go,1000,0,2021-03-07_13-03-47_testing'
ptd-server 2021-03-07 13:15:04,719 [INFO] Reply from ptd: 'Starting untimed measurement, maximum 500000 samples at 1000ms with 0 rampup samples'
ptd-server 2021-03-07 13:15:04,719 [INFO] Sending reply to client 'OK'
ptd-server 2021-03-07 13:25:34,781 [INFO] Got command from the client 'session,2021-03-07_13-03-47,stop,testing'
ptd-server 2021-03-07 13:25:44,792 [INFO] Sending to ptd: 'Stop'
ptd-server 2021-03-07 13:25:44,792 [INFO] Reply from ptd: 'Stopping untimed measurement'
ptd-server 2021-03-07 13:25:45,080 [INFO] Sending reply to client 'OK'
ptd-server 2021-03-07 13:25:45,087 [INFO] Got command from the client 'session,2021-03-07_13-03-47,upload,client.log'
ptd-server 2021-03-07 13:25:45,091 [INFO] Received '/home/anton/projects/mlperf/power-dev/output/2021-03-07_13-03-47client.log.tmp'
ptd-server 2021-03-07 13:25:45,091 [INFO] Removed '/home/anton/projects/mlperf/power-dev/output/2021-03-07_13-03-47client.log.tmp'
ptd-server 2021-03-07 13:25:45,091 [INFO] Sending reply to client 'OK'
ptd-server 2021-03-07 13:25:45,103 [INFO] Got command from the client 'session,2021-03-07_13-03-47,upload,client.json'
ptd-server 2021-03-07 13:25:45,106 [INFO] Received '/home/anton/projects/mlperf/power-dev/output/2021-03-07_13-03-47client.json.tmp'
ptd-server 2021-03-07 13:25:45,107 [INFO] Removed '/home/anton/projects/mlperf/power-dev/output/2021-03-07_13-03-47client.json.tmp'
ptd-server 2021-03-07 13:25:45,107 [INFO] Sending reply to client 'OK'
ptd-server 2021-03-07 13:25:45,109 [INFO] Got command from the client 'session,2021-03-07_13-03-47,done'
ptd-server 2021-03-07 13:25:45,110 [INFO] Sending to ptd: 'Stop'
ptd-server 2021-03-07 13:25:45,720 [INFO] Reply from ptd: 'Error: no measurement to stop'
ptd-server 2021-03-07 13:25:45,720 [INFO] Sending to ptd: 'SR,V,300.000000'
ptd-server 2021-03-07 13:25:47,221 [INFO] Reply from ptd: 'Range V changed'
ptd-server 2021-03-07 13:25:47,221 [INFO] Sending to ptd: 'SR,A,0.500000'
ptd-server 2021-03-07 13:25:48,723 [INFO] Reply from ptd: 'Range A changed'
ptd-server 2021-03-07 13:25:48,723 [INFO] Set initial values for Amps 0.500000 and Volts 300.000000
ptd-server 2021-03-07 13:25:48,723 [INFO] Stopping ptd...
