client 2021-03-17 07:15:10,522 [WARNING] Removing old loadgen logs directory '/home/scratch.mlperf_inf_ci/mlPerf/L1/A100_PCIex8_MaxQ-Computelab-A100-PCIEx8-MaxQ-L1-2-2021-03-17-03-56-44-UTC/mlperf-inference/closed/NVIDIA/build/power_logs_temp'
client 2021-03-17 07:15:10,527 [INFO] Sending command to the server: 'mlcommons/power client v3'
client 2021-03-17 07:15:10,527 [INFO] Got response: 'mlcommons/power server v3'
client 2021-03-17 07:15:10,528 [INFO] Sending command to the server: 'stop'
client 2021-03-17 07:15:10,529 [INFO] Got response: 'OK'
client 2021-03-17 07:15:10,529 [INFO] Synchronizing with the server and with ib-01.dc4-in.nvidia.com...
client 2021-03-17 07:15:10,738 [INFO] NTP:offset = 0.003 s, delay = 0.206 s 
client 2021-03-17 07:15:10,738 [INFO] Sending command to the server: 'time'
client 2021-03-17 07:15:10,739 [INFO] Got response: '1615990510.8308961'
client 2021-03-17 07:15:10,739 [INFO] The time difference between the client and the server is within range -92.198 ms..-91.029 ms
client 2021-03-17 07:15:10,739 [INFO] Sending command to the server: 'new,,cfaf17d0-2d41-4e63-a8fd-798151126844'
client 2021-03-17 07:15:10,741 [INFO] Got response: 'OK 2021-03-17_07-15-10,7d82cb88-c632-4c12-8e45-31e2ba32dfad'
client 2021-03-17 07:15:10,741 [INFO] Session id is '2021-03-17_07-15-10'
client 2021-03-17 07:15:10,741 [INFO] Sources: {"sources": {"client.py": "d1e75cb4b26101220ebd242e584cf3ca5d8f1996", "lib/__init__.py": "da39a3ee5e6b4b0d3255bfef95601890afd80709", "lib/client.py": "d42bebf5b74cb6ff3997e2a6c68422afac111a28", "lib/common.py": "b0bad80d8fa328a7636027d4d66ff453f8dd7889", "lib/external/ntplib.py": "4da8f970656505a40483206ef2b5d3dd5e81711d", "lib/server.py": "2ed36471c7af565d6c8438b2134edad1d7ddf166", "lib/source_hashes.py": "4cedff274c661cb1504052018fd4f00dfbf624ef", "lib/summary.py": "0db15d783907aa92038281af4e465545c0648ddb", "lib/time_sync.py": "76051226ec89287839723352f4162aaa24e0546a", "server.py": "99e1310e3f76292aef1b8792ce6b8c82f1d44d8b", "tests/unit/test_server.py": "64f11775bfed35232a0e8bb9593c0ff992432c59", "tests/unit/test_source_hashes.py": "cb41a7261eaf7d94ba5c0aae9c523174f6204be3"}, "modules": {"__main__": "client.py", "lib.client": "lib/client.py", "lib.common": "lib/common.py", "lib.external.ntplib": "lib/external/ntplib.py", "lib.source_hashes": "lib/source_hashes.py", "lib.summary": "lib/summary.py", "lib.time_sync": "lib/time_sync.py"}}
client 2021-03-17 07:15:10,743 [INFO] Running workload in ranging mode
client 2021-03-17 07:15:10,744 [INFO] Synchronizing with the server and with ib-01.dc4-in.nvidia.com...
client 2021-03-17 07:15:10,946 [INFO] NTP:offset = 0.000 s, delay = 0.201 s 
client 2021-03-17 07:15:10,946 [INFO] Sending command to the server: 'time'
client 2021-03-17 07:15:10,947 [INFO] Got response: '1615990511.0340362'
client 2021-03-17 07:15:10,947 [INFO] The time difference between the client and the server is within range -87.334 ms..-86.132 ms
client 2021-03-17 07:15:10,947 [INFO] Sending command to the server: 'session,2021-03-17_07-15-10,start,ranging'
client 2021-03-17 07:15:50,593 [INFO] Got response: 'OK'
client 2021-03-17 07:15:50,593 [INFO] Running the workload 'LOG_DIR=/home/scratch.mlperf_inf_ci/mlPerf/L1/A100_PCIex8_MaxQ-Computelab-A100-PCIEx8-MaxQ-L1-2-2021-03-17-03-56-44-UTC/mlperf-inference/closed/NVIDIA/build/power_logs_temp python3 code/main.py --benchmarks=3d-unet --scenarios=Offline --test_mode=PerformanceOnly --config_ver=maxq_high_accuracy --action="run_harness" \\\n\t\t&& cp -v /home/scratch.mlperf_inf_ci/mlPerf/L1/A100_PCIex8_MaxQ-Computelab-A100-PCIEx8-MaxQ-L1-2-2021-03-17-03-56-44-UTC/mlperf-inference/closed/NVIDIA/build/power_logs_temp/*/*/*/mlperf_log_detail.txt /home/scratch.mlperf_inf_ci/mlPerf/L1/A100_PCIex8_MaxQ-Computelab-A100-PCIEx8-MaxQ-L1-2-2021-03-17-03-56-44-UTC/mlperf-inference/closed/NVIDIA/build/power_logs_temp/ \\\n\t\t&& cp -v /home/scratch.mlperf_inf_ci/mlPerf/L1/A100_PCIex8_MaxQ-Computelab-A100-PCIEx8-MaxQ-L1-2-2021-03-17-03-56-44-UTC/mlperf-inference/closed/NVIDIA/build/power_logs_temp/*/*/*/mlperf_log_summary.txt /home/scratch.mlperf_inf_ci/mlPerf/L1/A100_PCIex8_MaxQ-Computelab-A100-PCIEx8-MaxQ-L1-2-2021-03-17-03-56-44-UTC/mlperf-inference/closed/NVIDIA/build/power_logs_temp/'
client 2021-03-17 07:28:09,245 [INFO] Sending command to the server: 'session,2021-03-17_07-15-10,stop,ranging'
client 2021-03-17 07:28:19,691 [INFO] Got response: 'OK'
client 2021-03-17 07:28:19,698 [INFO] Packing logs into zip and uploading to the server
client 2021-03-17 07:28:19,742 [INFO] Zip file size: 10.7 kB
client 2021-03-17 07:28:19,760 [INFO] Got response: 'OK'
client 2021-03-17 07:28:19,761 [INFO] Running workload in testing mode
client 2021-03-17 07:28:19,761 [INFO] Synchronizing with the server and with ib-01.dc4-in.nvidia.com...
client 2021-03-17 07:28:19,964 [INFO] NTP:offset = 0.000 s, delay = 0.202 s 
client 2021-03-17 07:28:19,964 [INFO] Sending command to the server: 'time'
client 2021-03-17 07:28:19,965 [INFO] Got response: '1615991300.0688472'
client 2021-03-17 07:28:19,965 [INFO] The time difference between the client and the server is within range -104.458 ms..-103.061 ms
client 2021-03-17 07:28:19,965 [INFO] Sending command to the server: 'session,2021-03-17_07-15-10,start,testing'
client 2021-03-17 07:28:41,672 [INFO] Got response: 'OK'
client 2021-03-17 07:28:41,672 [INFO] Running the workload 'LOG_DIR=/home/scratch.mlperf_inf_ci/mlPerf/L1/A100_PCIex8_MaxQ-Computelab-A100-PCIEx8-MaxQ-L1-2-2021-03-17-03-56-44-UTC/mlperf-inference/closed/NVIDIA/build/power_logs_temp python3 code/main.py --benchmarks=3d-unet --scenarios=Offline --test_mode=PerformanceOnly --config_ver=maxq_high_accuracy --action="run_harness" \\\n\t\t&& cp -v /home/scratch.mlperf_inf_ci/mlPerf/L1/A100_PCIex8_MaxQ-Computelab-A100-PCIEx8-MaxQ-L1-2-2021-03-17-03-56-44-UTC/mlperf-inference/closed/NVIDIA/build/power_logs_temp/*/*/*/mlperf_log_detail.txt /home/scratch.mlperf_inf_ci/mlPerf/L1/A100_PCIex8_MaxQ-Computelab-A100-PCIEx8-MaxQ-L1-2-2021-03-17-03-56-44-UTC/mlperf-inference/closed/NVIDIA/build/power_logs_temp/ \\\n\t\t&& cp -v /home/scratch.mlperf_inf_ci/mlPerf/L1/A100_PCIex8_MaxQ-Computelab-A100-PCIEx8-MaxQ-L1-2-2021-03-17-03-56-44-UTC/mlperf-inference/closed/NVIDIA/build/power_logs_temp/*/*/*/mlperf_log_summary.txt /home/scratch.mlperf_inf_ci/mlPerf/L1/A100_PCIex8_MaxQ-Computelab-A100-PCIEx8-MaxQ-L1-2-2021-03-17-03-56-44-UTC/mlperf-inference/closed/NVIDIA/build/power_logs_temp/'
client 2021-03-17 07:41:00,223 [INFO] Sending command to the server: 'session,2021-03-17_07-15-10,stop,testing'
client 2021-03-17 07:41:10,450 [INFO] Got response: 'OK'
client 2021-03-17 07:41:10,458 [INFO] Packing logs into zip and uploading to the server
client 2021-03-17 07:41:10,504 [INFO] Zip file size: 10.7 kB
client 2021-03-17 07:41:10,521 [INFO] Got response: 'OK'
client 2021-03-17 07:41:10,522 [INFO] Done runs
