ptd-server 2021-03-06 02:02:26,128 [INFO] Got command from the client 'time'
ptd-server 2021-03-06 02:02:26,128 [INFO] Sending reply to client '1614996146.1286883'
ptd-server 2021-03-06 02:02:26,132 [INFO] Got command from the client 'new,,ce632843-7f56-4a83-9274-80202164220e'
ptd-server 2021-03-06 02:02:26,132 [INFO] Sending reply to client 'OK 2021-03-06_02-02-26,2cb85b17-6d49-45f6-9190-bee427277c65'
ptd-server 2021-03-06 02:02:26,168 [INFO] Got command from the client 'time'
ptd-server 2021-03-06 02:02:26,168 [INFO] Sending reply to client '1614996146.168441'
ptd-server 2021-03-06 02:02:26,171 [INFO] Got command from the client 'session,2021-03-06_02-02-26,start,ranging'
ptd-server 2021-03-06 02:02:26,172 [INFO] Running PTDaemon: ['/home/anton/projects/mlperf/power/inference_v1.0/ptd-linux-x86', '-l', 'ptd.log', '-p', '8888', '52', '/dev/usbtmc0']
ptd-server 2021-03-06 02:02:43,340 [INFO] Sending to ptd: 'Hello'
ptd-server 2021-03-06 02:02:43,341 [INFO] Reply from ptd: 'Hello, PTDaemon here!'
ptd-server 2021-03-06 02:02:43,341 [INFO] Sending to ptd: 'Identify'
ptd-server 2021-03-06 02:02:43,341 [INFO] Reply from ptd: 'YokogawaWT330E,1000,1,1,1,1,0,0,1,version=1.9.2-e8c7a49a-20201208,OS=Linux 5.8.0-43-generic #49~20.04.1-Ubuntu SMP Fri Feb 5 09:57:56 UTC 2021 x86_64,mode=power,1,1,1,0,0,no_cal_date,YOKOGAWA;WT333E;C3VD30030E;F1.04'
ptd-server 2021-03-06 02:02:43,342 [INFO] Connected to PTDaemon
ptd-server 2021-03-06 02:02:43,342 [INFO] Sending to ptd: 'RR'
ptd-server 2021-03-06 02:02:43,342 [INFO] Reply from ptd: 'Ranges,0,0.500000,0,300.000000'
ptd-server 2021-03-06 02:02:43,342 [INFO] Initial range for Amps is 0.500000 for Volts is 300.000000
ptd-server 2021-03-06 02:02:43,342 [INFO] Sending to ptd: 'SR,V,Auto'
ptd-server 2021-03-06 02:02:43,886 [INFO] Reply from ptd: 'Range V changed'
ptd-server 2021-03-06 02:02:43,886 [INFO] Sending to ptd: 'SR,A,Auto'
ptd-server 2021-03-06 02:02:44,389 [INFO] Reply from ptd: 'Range A changed'
ptd-server 2021-03-06 02:02:54,396 [INFO] Starting ranging mode
ptd-server 2021-03-06 02:02:54,396 [INFO] Sending to ptd: 'Go,1000,0,2021-03-06_02-02-26_ranging'
ptd-server 2021-03-06 02:02:54,397 [INFO] Reply from ptd: 'Starting untimed measurement, maximum 500000 samples at 1000ms with 0 rampup samples'
ptd-server 2021-03-06 02:02:54,397 [INFO] Sending reply to client 'OK'
ptd-server 2021-03-06 02:13:26,001 [INFO] Got command from the client 'session,2021-03-06_02-02-26,stop,ranging'
ptd-server 2021-03-06 02:13:36,011 [INFO] Sending to ptd: 'Stop'
ptd-server 2021-03-06 02:13:36,012 [INFO] Reply from ptd: 'Stopping untimed measurement'
ptd-server 2021-03-06 02:13:36,406 [INFO] Sending reply to client 'OK'
ptd-server 2021-03-06 02:13:36,456 [INFO] Got command from the client 'time'
ptd-server 2021-03-06 02:13:36,457 [INFO] Sending reply to client '1614996816.4570415'
ptd-server 2021-03-06 02:13:36,461 [INFO] Got command from the client 'session,2021-03-06_02-02-26,start,testing'
ptd-server 2021-03-06 02:13:36,462 [INFO] Sending to ptd: 'SR,V,252.290000'
ptd-server 2021-03-06 02:13:37,963 [INFO] Reply from ptd: 'Range V changed'
ptd-server 2021-03-06 02:13:37,963 [INFO] Sending to ptd: 'SR,A,0.057450'
ptd-server 2021-03-06 02:13:39,464 [INFO] Reply from ptd: 'Range A changed'
ptd-server 2021-03-06 02:13:49,475 [INFO] Starting testing mode
ptd-server 2021-03-06 02:13:49,475 [INFO] Sending to ptd: 'Go,1000,0,2021-03-06_02-02-26_testing'
ptd-server 2021-03-06 02:13:49,475 [INFO] Reply from ptd: 'Starting untimed measurement, maximum 500000 samples at 1000ms with 0 rampup samples'
ptd-server 2021-03-06 02:13:49,476 [INFO] Sending reply to client 'OK'
ptd-server 2021-03-06 02:24:25,842 [INFO] Got command from the client 'session,2021-03-06_02-02-26,stop,testing'
ptd-server 2021-03-06 02:24:35,852 [INFO] Sending to ptd: 'Stop'
ptd-server 2021-03-06 02:24:35,853 [INFO] Reply from ptd: 'Stopping untimed measurement'
ptd-server 2021-03-06 02:24:36,072 [INFO] Sending reply to client 'OK'
ptd-server 2021-03-06 02:24:36,087 [INFO] Got command from the client 'session,2021-03-06_02-02-26,upload,client.log'
ptd-server 2021-03-06 02:24:36,090 [INFO] Received '/home/anton/projects/mlperf/power-dev/output/2021-03-06_02-02-26client.log.tmp'
ptd-server 2021-03-06 02:24:36,090 [INFO] Removed '/home/anton/projects/mlperf/power-dev/output/2021-03-06_02-02-26client.log.tmp'
ptd-server 2021-03-06 02:24:36,090 [INFO] Sending reply to client 'OK'
ptd-server 2021-03-06 02:24:36,102 [INFO] Got command from the client 'session,2021-03-06_02-02-26,upload,client.json'
ptd-server 2021-03-06 02:24:36,105 [INFO] Received '/home/anton/projects/mlperf/power-dev/output/2021-03-06_02-02-26client.json.tmp'
ptd-server 2021-03-06 02:24:36,106 [INFO] Removed '/home/anton/projects/mlperf/power-dev/output/2021-03-06_02-02-26client.json.tmp'
ptd-server 2021-03-06 02:24:36,106 [INFO] Sending reply to client 'OK'
ptd-server 2021-03-06 02:24:36,110 [INFO] Got command from the client 'session,2021-03-06_02-02-26,done'
ptd-server 2021-03-06 02:24:36,110 [INFO] Sending to ptd: 'Stop'
ptd-server 2021-03-06 02:24:36,475 [INFO] Reply from ptd: 'Error: no measurement to stop'
ptd-server 2021-03-06 02:24:36,475 [INFO] Sending to ptd: 'SR,V,300.000000'
ptd-server 2021-03-06 02:24:37,977 [INFO] Reply from ptd: 'Range V changed'
ptd-server 2021-03-06 02:24:37,977 [INFO] Sending to ptd: 'SR,A,0.500000'
ptd-server 2021-03-06 02:24:39,478 [INFO] Reply from ptd: 'Range A changed'
ptd-server 2021-03-06 02:24:39,478 [INFO] Set initial values for Amps 0.500000 and Volts 300.000000
ptd-server 2021-03-06 02:24:39,479 [INFO] Stopping ptd...
