ptd-server 2021-03-17 12:04:44,497 [INFO] Got command from the client 'stop'
ptd-server 2021-03-17 12:04:44,497 [INFO] The server will be stopped after processing this client
ptd-server 2021-03-17 12:04:44,497 [INFO] Sending reply to client 'OK'
ptd-server 2021-03-17 12:04:44,731 [INFO] Got command from the client 'set_ntp'
ptd-server 2021-03-17 12:04:44,731 [INFO] Synchronizing with ib-01.dc4-in.nvidia.com time using NTP...
ptd-server 2021-03-17 12:04:45,912 [INFO] Set system time at 2021-03-17 12:04:45.912795
ptd-server 2021-03-17 12:04:45,912 [INFO] Sending reply to client 'OK'
ptd-server 2021-03-17 12:04:54,223 [INFO] Got command from the client 'time'
ptd-server 2021-03-17 12:04:54,238 [INFO] Sending reply to client '1616007894.238773'
ptd-server 2021-03-17 12:04:54,238 [INFO] Got command from the client 'new,,5b37045b-8291-47d7-a922-0ebea60ff391'
ptd-server 2021-03-17 12:04:54,238 [INFO] Sending reply to client 'OK 2021-03-17_12-04-54,c5dff24f-9732-4d4c-9937-80a9f3ded59d'
ptd-server 2021-03-17 12:04:54,443 [INFO] Got command from the client 'time'
ptd-server 2021-03-17 12:04:54,443 [INFO] Sending reply to client '1616007894.4431882'
ptd-server 2021-03-17 12:04:54,443 [INFO] Got command from the client 'session,2021-03-17_12-04-54,start,ranging'
ptd-server 2021-03-17 12:04:54,552 [INFO] Running PTDaemon: ['C:\\PTD\\ptd-windows-x86.exe', '-l', 'C:\\logs_ptdeamon.txt', '-p', '8888', '-c', '1,3', '-y', '77', '172.22.0.90']
ptd-server 2021-03-17 12:05:14,829 [INFO] Sending to ptd: 'Hello'
ptd-server 2021-03-17 12:05:14,829 [INFO] Reply from ptd: 'Hello, PTDaemon here!'
ptd-server 2021-03-17 12:05:14,829 [INFO] Sending to ptd: 'Identify'
ptd-server 2021-03-17 12:05:14,829 [INFO] Reply from ptd: 'YokogawaWT330_multichannel,1000,1,1,1,1,0,0,1,version=1.9.2-3976349f-20201208,OS=Windows 8 / Server 2012,mode=power,1,1,2,0,0,no_cal_date,YOKOGAWA;WT333E;C2WA21018V;F1.04'
ptd-server 2021-03-17 12:05:14,829 [INFO] Connected to PTDaemon
ptd-server 2021-03-17 12:05:14,829 [INFO] Sending to ptd: 'RR'
ptd-server 2021-03-17 12:05:14,829 [INFO] Reply from ptd: 'Ranges,0,20.000000,1,300.000000'
ptd-server 2021-03-17 12:05:14,829 [INFO] Initial range for Amps is 20.000000 for Volts is Auto
ptd-server 2021-03-17 12:05:14,829 [INFO] Sending to ptd: 'SR,V,Auto'
ptd-server 2021-03-17 12:05:19,908 [INFO] Reply from ptd: 'Range V changed'
ptd-server 2021-03-17 12:05:19,908 [INFO] Sending to ptd: 'SR,A,Auto'
ptd-server 2021-03-17 12:05:24,984 [INFO] Reply from ptd: 'Range A changed'
ptd-server 2021-03-17 12:05:34,997 [INFO] Starting ranging mode
ptd-server 2021-03-17 12:05:34,997 [INFO] Sending to ptd: 'Go,1000,0,2021-03-17_12-04-54_ranging'
ptd-server 2021-03-17 12:05:34,997 [INFO] Reply from ptd: 'Starting untimed measurement, maximum 500000 samples at 1000ms with 0 rampup samples'
ptd-server 2021-03-17 12:05:34,997 [INFO] Sending reply to client 'OK'
ptd-server 2021-03-17 12:21:14,583 [INFO] Got command from the client 'session,2021-03-17_12-04-54,stop,ranging'
ptd-server 2021-03-17 12:21:24,583 [INFO] Sending to ptd: 'Stop'
ptd-server 2021-03-17 12:21:24,583 [INFO] Reply from ptd: 'Stopping untimed measurement'
ptd-server 2021-03-17 12:21:24,630 [INFO] Sending reply to client 'OK'
ptd-server 2021-03-17 12:21:24,661 [INFO] Got command from the client 'session,2021-03-17_12-04-54,upload,ranging'
ptd-server 2021-03-17 12:21:24,661 [INFO] Received 'C:\\ptd-logs\\2021-03-17_12-04-54ranging.tmp'
ptd-server 2021-03-17 12:21:24,677 [INFO] Extracted 'C:\\ptd-logs\\2021-03-17_12-04-54ranging.tmp' into 'C:\\ptd-logs\\2021-03-17_12-04-54\\ranging'
ptd-server 2021-03-17 12:21:24,677 [INFO] Removed 'C:\\ptd-logs\\2021-03-17_12-04-54ranging.tmp'
ptd-server 2021-03-17 12:21:24,677 [INFO] Sending reply to client 'OK'
ptd-server 2021-03-17 12:21:24,880 [INFO] Got command from the client 'time'
ptd-server 2021-03-17 12:21:24,880 [INFO] Sending reply to client '1616008884.8806653'
ptd-server 2021-03-17 12:21:24,880 [INFO] Got command from the client 'session,2021-03-17_12-04-54,start,testing'
ptd-server 2021-03-17 12:21:24,880 [INFO] Sending to ptd: 'SR,V,233.680000'
ptd-server 2021-03-17 12:21:31,097 [INFO] Reply from ptd: 'Range V changed'
ptd-server 2021-03-17 12:21:31,097 [INFO] Sending to ptd: 'SR,A,5.447600'
ptd-server 2021-03-17 12:21:36,690 [INFO] Reply from ptd: 'Range A changed'
ptd-server 2021-03-17 12:21:46,703 [INFO] Starting testing mode
ptd-server 2021-03-17 12:21:46,703 [INFO] Sending to ptd: 'Go,1000,0,2021-03-17_12-04-54_testing'
ptd-server 2021-03-17 12:21:46,703 [INFO] Reply from ptd: 'Starting untimed measurement, maximum 500000 samples at 1000ms with 0 rampup samples'
ptd-server 2021-03-17 12:21:46,703 [INFO] Sending reply to client 'OK'
ptd-server 2021-03-17 12:37:29,064 [INFO] Got command from the client 'session,2021-03-17_12-04-54,stop,testing'
ptd-server 2021-03-17 12:37:39,077 [INFO] Sending to ptd: 'Stop'
ptd-server 2021-03-17 12:37:39,077 [INFO] Reply from ptd: 'Stopping untimed measurement'
ptd-server 2021-03-17 12:37:39,093 [INFO] Sending reply to client 'OK'
ptd-server 2021-03-17 12:37:39,124 [INFO] Got command from the client 'session,2021-03-17_12-04-54,upload,testing'
ptd-server 2021-03-17 12:37:39,124 [INFO] Received 'C:\\ptd-logs\\2021-03-17_12-04-54testing.tmp'
ptd-server 2021-03-17 12:37:39,140 [INFO] Extracted 'C:\\ptd-logs\\2021-03-17_12-04-54testing.tmp' into 'C:\\ptd-logs\\2021-03-17_12-04-54\\run_1'
ptd-server 2021-03-17 12:37:39,140 [INFO] Removed 'C:\\ptd-logs\\2021-03-17_12-04-54testing.tmp'
ptd-server 2021-03-17 12:37:39,140 [INFO] Sending reply to client 'OK'
ptd-server 2021-03-17 12:37:39,155 [INFO] Got command from the client 'session,2021-03-17_12-04-54,upload,client.log'
ptd-server 2021-03-17 12:37:39,155 [INFO] Received 'C:\\ptd-logs\\2021-03-17_12-04-54client.log.tmp'
ptd-server 2021-03-17 12:37:39,155 [INFO] Removed 'C:\\ptd-logs\\2021-03-17_12-04-54client.log.tmp'
ptd-server 2021-03-17 12:37:39,155 [INFO] Sending reply to client 'OK'
ptd-server 2021-03-17 12:37:39,187 [INFO] Got command from the client 'session,2021-03-17_12-04-54,upload,client.json'
ptd-server 2021-03-17 12:37:39,187 [INFO] Received 'C:\\ptd-logs\\2021-03-17_12-04-54client.json.tmp'
ptd-server 2021-03-17 12:37:39,187 [INFO] Removed 'C:\\ptd-logs\\2021-03-17_12-04-54client.json.tmp'
ptd-server 2021-03-17 12:37:39,187 [INFO] Sending reply to client 'OK'
ptd-server 2021-03-17 12:37:39,187 [INFO] Got command from the client 'session,2021-03-17_12-04-54,done'
ptd-server 2021-03-17 12:37:39,187 [INFO] Sending to ptd: 'Stop'
ptd-server 2021-03-17 12:37:39,718 [INFO] Reply from ptd: 'Error: no measurement to stop'
ptd-server 2021-03-17 12:37:39,718 [INFO] Sending to ptd: 'SR,V,Auto'
ptd-server 2021-03-17 12:37:44,789 [INFO] Reply from ptd: 'Range V changed'
ptd-server 2021-03-17 12:37:44,789 [INFO] Sending to ptd: 'SR,A,20.000000'
ptd-server 2021-03-17 12:37:50,371 [INFO] Reply from ptd: 'Range A changed'
ptd-server 2021-03-17 12:37:50,371 [INFO] Set initial values for Amps 20.000000 and Volts Auto
ptd-server 2021-03-17 12:37:50,371 [INFO] Stopping ptd...
