ptd-server 2021-02-27 13:04:45,921 [INFO] Got command from the client 'time'
ptd-server 2021-02-27 13:04:45,922 [INFO] Sending reply to client '1614431085.922021'
ptd-server 2021-02-27 13:04:45,923 [INFO] Got command from the client 'new,,15d3dd84-8907-46cd-b83a-e8fc6a2f09e8'
ptd-server 2021-02-27 13:04:45,923 [INFO] Sending reply to client 'OK 2021-02-27_13-04-45,0c534060-a006-4841-a918-42dff75138a9'
ptd-server 2021-02-27 13:04:45,951 [INFO] Got command from the client 'time'
ptd-server 2021-02-27 13:04:45,952 [INFO] Sending reply to client '1614431085.9521163'
ptd-server 2021-02-27 13:04:45,953 [INFO] Got command from the client 'session,2021-02-27_13-04-45,start,ranging'
ptd-server 2021-02-27 13:04:45,953 [INFO] Running PTDaemon: ['/home/anton/projects/mlperf/power/inference_v1.0/ptd-linux-x86', '-l', 'ptd.log', '-p', '8888', '52', '/dev/usbtmc0']
ptd-server 2021-02-27 13:05:03,121 [INFO] Sending to ptd: 'Hello'
ptd-server 2021-02-27 13:05:03,122 [INFO] Reply from ptd: 'Hello, PTDaemon here!'
ptd-server 2021-02-27 13:05:03,122 [INFO] Sending to ptd: 'Identify'
ptd-server 2021-02-27 13:05:03,123 [INFO] Reply from ptd: 'YokogawaWT330E,1000,1,1,1,1,0,0,1,version=1.9.2-e8c7a49a-20201208,OS=Linux 5.8.0-43-generic #49~20.04.1-Ubuntu SMP Fri Feb 5 09:57:56 UTC 2021 x86_64,mode=power,1,1,1,0,0,no_cal_date,YOKOGAWA;WT333E;C3VD30030E;F1.04'
ptd-server 2021-02-27 13:05:03,123 [INFO] Connected to PTDaemon
ptd-server 2021-02-27 13:05:03,123 [INFO] Sending to ptd: 'RR'
ptd-server 2021-02-27 13:05:03,123 [INFO] Reply from ptd: 'Ranges,0,0.500000,0,300.000000'
ptd-server 2021-02-27 13:05:03,123 [INFO] Initial range for Amps is 0.500000 for Volts is 300.000000
ptd-server 2021-02-27 13:05:03,123 [INFO] Sending to ptd: 'SR,V,Auto'
ptd-server 2021-02-27 13:05:03,626 [INFO] Reply from ptd: 'Range V changed'
ptd-server 2021-02-27 13:05:03,626 [INFO] Sending to ptd: 'SR,A,Auto'
ptd-server 2021-02-27 13:05:04,129 [INFO] Reply from ptd: 'Range A changed'
ptd-server 2021-02-27 13:05:14,139 [INFO] Starting ranging mode
ptd-server 2021-02-27 13:05:14,139 [INFO] Sending to ptd: 'Go,1000,0,2021-02-27_13-04-45_ranging'
ptd-server 2021-02-27 13:05:14,139 [INFO] Reply from ptd: 'Starting untimed measurement, maximum 500000 samples at 1000ms with 0 rampup samples'
ptd-server 2021-02-27 13:05:14,140 [INFO] Sending reply to client 'OK'
ptd-server 2021-02-27 13:15:32,860 [INFO] Got command from the client 'session,2021-02-27_13-04-45,stop,ranging'
ptd-server 2021-02-27 13:15:42,871 [INFO] Sending to ptd: 'Stop'
ptd-server 2021-02-27 13:15:42,871 [INFO] Reply from ptd: 'Stopping untimed measurement'
ptd-server 2021-02-27 13:15:42,964 [INFO] Sending reply to client 'OK'
ptd-server 2021-02-27 13:15:42,999 [INFO] Got command from the client 'time'
ptd-server 2021-02-27 13:15:42,999 [INFO] Sending reply to client '1614431742.9998124'
ptd-server 2021-02-27 13:15:43,000 [INFO] Got command from the client 'session,2021-02-27_13-04-45,start,testing'
ptd-server 2021-02-27 13:15:43,001 [INFO] Sending to ptd: 'SR,V,251.500000'
ptd-server 2021-02-27 13:15:44,641 [INFO] Reply from ptd: 'Range V changed'
ptd-server 2021-02-27 13:15:44,641 [INFO] Sending to ptd: 'SR,A,0.221850'
ptd-server 2021-02-27 13:15:46,142 [INFO] Reply from ptd: 'Range A changed'
ptd-server 2021-02-27 13:15:56,152 [INFO] Starting testing mode
ptd-server 2021-02-27 13:15:56,152 [INFO] Sending to ptd: 'Go,1000,0,2021-02-27_13-04-45_testing'
ptd-server 2021-02-27 13:15:56,153 [INFO] Reply from ptd: 'Starting untimed measurement, maximum 500000 samples at 1000ms with 0 rampup samples'
ptd-server 2021-02-27 13:15:56,153 [INFO] Sending reply to client 'OK'
ptd-server 2021-02-27 13:26:14,624 [INFO] Got command from the client 'session,2021-02-27_13-04-45,stop,testing'
ptd-server 2021-02-27 13:26:24,635 [INFO] Sending to ptd: 'Stop'
ptd-server 2021-02-27 13:26:24,635 [INFO] Reply from ptd: 'Stopping untimed measurement'
ptd-server 2021-02-27 13:26:24,682 [INFO] Sending reply to client 'OK'
ptd-server 2021-02-27 13:26:24,685 [INFO] Got command from the client 'session,2021-02-27_13-04-45,upload,client.log'
ptd-server 2021-02-27 13:26:24,686 [INFO] Received '/home/anton/projects/mlperf/power-dev/output/2021-02-27_13-04-45client.log.tmp'
ptd-server 2021-02-27 13:26:24,686 [INFO] Removed '/home/anton/projects/mlperf/power-dev/output/2021-02-27_13-04-45client.log.tmp'
ptd-server 2021-02-27 13:26:24,686 [INFO] Sending reply to client 'OK'
ptd-server 2021-02-27 13:26:24,690 [INFO] Got command from the client 'session,2021-02-27_13-04-45,upload,client.json'
ptd-server 2021-02-27 13:26:24,690 [INFO] Received '/home/anton/projects/mlperf/power-dev/output/2021-02-27_13-04-45client.json.tmp'
ptd-server 2021-02-27 13:26:24,691 [INFO] Removed '/home/anton/projects/mlperf/power-dev/output/2021-02-27_13-04-45client.json.tmp'
ptd-server 2021-02-27 13:26:24,691 [INFO] Sending reply to client 'OK'
ptd-server 2021-02-27 13:26:24,692 [INFO] Got command from the client 'session,2021-02-27_13-04-45,done'
ptd-server 2021-02-27 13:26:24,692 [INFO] Sending to ptd: 'Stop'
ptd-server 2021-02-27 13:26:25,153 [INFO] Reply from ptd: 'Error: no measurement to stop'
ptd-server 2021-02-27 13:26:25,153 [INFO] Sending to ptd: 'SR,V,300.000000'
ptd-server 2021-02-27 13:26:26,655 [INFO] Reply from ptd: 'Range V changed'
ptd-server 2021-02-27 13:26:26,655 [INFO] Sending to ptd: 'SR,A,0.500000'
ptd-server 2021-02-27 13:26:28,156 [INFO] Reply from ptd: 'Range A changed'
ptd-server 2021-02-27 13:26:28,156 [INFO] Set initial values for Amps 0.500000 and Volts 300.000000
ptd-server 2021-02-27 13:26:28,156 [INFO] Stopping ptd...
