ptd-server 2021-03-16 23:40:06,991 [INFO] Got command from the client 'stop'
ptd-server 2021-03-16 23:40:06,991 [INFO] The server will be stopped after processing this client
ptd-server 2021-03-16 23:40:06,991 [INFO] Sending reply to client 'OK'
ptd-server 2021-03-16 23:40:07,195 [INFO] Got command from the client 'set_ntp'
ptd-server 2021-03-16 23:40:07,195 [INFO] Synchronizing with ib-01.dc4-in.nvidia.com time using NTP...
ptd-server 2021-03-16 23:40:08,368 [INFO] Set system time at 2021-03-16 23:40:08.368522
ptd-server 2021-03-16 23:40:08,368 [INFO] Sending reply to client 'OK'
ptd-server 2021-03-16 23:40:16,680 [INFO] Got command from the client 'time'
ptd-server 2021-03-16 23:40:16,680 [INFO] Sending reply to client '1615963216.6803782'
ptd-server 2021-03-16 23:40:16,680 [INFO] Got command from the client 'new,,f077788d-a802-4997-90b8-f9ff25b8b78d'
ptd-server 2021-03-16 23:40:16,680 [INFO] Sending reply to client 'OK 2021-03-16_23-40-16,6d001d61-55bd-4c6b-981e-d19b0d090778'
ptd-server 2021-03-16 23:40:16,899 [INFO] Got command from the client 'time'
ptd-server 2021-03-16 23:40:16,899 [INFO] Sending reply to client '1615963216.8990607'
ptd-server 2021-03-16 23:40:16,899 [INFO] Got command from the client 'session,2021-03-16_23-40-16,start,ranging'
ptd-server 2021-03-16 23:40:17,008 [INFO] Running PTDaemon: ['C:\\PTD\\ptd-windows-x86.exe', '-l', 'C:\\logs_ptdeamon.txt', '-p', '8888', '-c', '1', '-y', '52', '172.18.220.100']
ptd-server 2021-03-16 23:40:34,878 [INFO] Sending to ptd: 'Hello'
ptd-server 2021-03-16 23:40:34,878 [INFO] Reply from ptd: 'Hello, PTDaemon here!'
ptd-server 2021-03-16 23:40:34,878 [INFO] Sending to ptd: 'Identify'
ptd-server 2021-03-16 23:40:34,878 [INFO] Reply from ptd: 'YokogawaWT330E,1000,1,1,1,1,0,0,1,version=1.9.2-3976349f-20201208,OS=Windows 8 / Server 2012,mode=power,1,1,1,0,0,no_cal_date,YOKOGAWA;WT333E;C2WC23035V;F1.04'
ptd-server 2021-03-16 23:40:34,878 [INFO] Connected to PTDaemon
ptd-server 2021-03-16 23:40:34,878 [INFO] Sending to ptd: 'RR'
ptd-server 2021-03-16 23:40:34,878 [INFO] Reply from ptd: 'Ranges,1,5.000000,1,300.000000'
ptd-server 2021-03-16 23:40:34,878 [INFO] Initial range for Amps is Auto for Volts is Auto
ptd-server 2021-03-16 23:40:34,878 [INFO] Sending to ptd: 'SR,V,Auto'
ptd-server 2021-03-16 23:40:35,394 [INFO] Reply from ptd: 'Range V changed'
ptd-server 2021-03-16 23:40:35,394 [INFO] Sending to ptd: 'SR,A,Auto'
ptd-server 2021-03-16 23:40:35,909 [INFO] Reply from ptd: 'Range A changed'
ptd-server 2021-03-16 23:40:45,919 [INFO] Starting ranging mode
ptd-server 2021-03-16 23:40:45,919 [INFO] Sending to ptd: 'Go,1000,0,2021-03-16_23-40-16_ranging'
ptd-server 2021-03-16 23:40:45,919 [INFO] Reply from ptd: 'Starting untimed measurement, maximum 500000 samples at 1000ms with 0 rampup samples'
ptd-server 2021-03-16 23:40:45,919 [INFO] Sending reply to client 'OK'
ptd-server 2021-03-16 23:59:18,649 [INFO] Got command from the client 'session,2021-03-16_23-40-16,stop,ranging'
ptd-server 2021-03-16 23:59:28,663 [INFO] Sending to ptd: 'Stop'
ptd-server 2021-03-16 23:59:28,663 [INFO] Reply from ptd: 'Stopping untimed measurement'
ptd-server 2021-03-16 23:59:28,897 [INFO] Sending reply to client 'OK'
ptd-server 2021-03-16 23:59:29,194 [INFO] Got command from the client 'session,2021-03-16_23-40-16,upload,ranging'
ptd-server 2021-03-16 23:59:29,225 [INFO] Received 'C:\\ptd-logs\\2021-03-16_23-40-16ranging.tmp'
ptd-server 2021-03-16 23:59:29,256 [INFO] Extracted 'C:\\ptd-logs\\2021-03-16_23-40-16ranging.tmp' into 'C:\\ptd-logs\\2021-03-16_23-40-16\\ranging'
ptd-server 2021-03-16 23:59:29,256 [INFO] Removed 'C:\\ptd-logs\\2021-03-16_23-40-16ranging.tmp'
ptd-server 2021-03-16 23:59:29,256 [INFO] Sending reply to client 'OK'
ptd-server 2021-03-16 23:59:29,475 [INFO] Got command from the client 'time'
ptd-server 2021-03-16 23:59:29,475 [INFO] Sending reply to client '1615964369.4753468'
ptd-server 2021-03-16 23:59:29,475 [INFO] Got command from the client 'session,2021-03-16_23-40-16,start,testing'
ptd-server 2021-03-16 23:59:29,475 [INFO] Sending to ptd: 'SR,V,206.570000'
ptd-server 2021-03-16 23:59:31,584 [INFO] Reply from ptd: 'Range V changed'
ptd-server 2021-03-16 23:59:31,584 [INFO] Sending to ptd: 'SR,A,6.397000'
ptd-server 2021-03-16 23:59:33,115 [INFO] Reply from ptd: 'Range A changed'
ptd-server 2021-03-16 23:59:43,124 [INFO] Starting testing mode
ptd-server 2021-03-16 23:59:43,124 [INFO] Sending to ptd: 'Go,1000,0,2021-03-16_23-40-16_testing'
ptd-server 2021-03-16 23:59:43,124 [INFO] Reply from ptd: 'Starting untimed measurement, maximum 500000 samples at 1000ms with 0 rampup samples'
ptd-server 2021-03-16 23:59:43,124 [INFO] Sending reply to client 'OK'
ptd-server 2021-03-17 00:15:40,070 [INFO] Got command from the client 'session,2021-03-16_23-40-16,stop,testing'
ptd-server 2021-03-17 00:15:50,070 [INFO] Sending to ptd: 'Stop'
ptd-server 2021-03-17 00:15:50,070 [INFO] Reply from ptd: 'Stopping untimed measurement'
ptd-server 2021-03-17 00:15:50,179 [INFO] Sending reply to client 'OK'
ptd-server 2021-03-17 00:15:50,804 [INFO] Got command from the client 'session,2021-03-16_23-40-16,upload,testing'
ptd-server 2021-03-17 00:15:50,835 [INFO] Received 'C:\\ptd-logs\\2021-03-16_23-40-16testing.tmp'
ptd-server 2021-03-17 00:15:50,882 [INFO] Extracted 'C:\\ptd-logs\\2021-03-16_23-40-16testing.tmp' into 'C:\\ptd-logs\\2021-03-16_23-40-16\\run_1'
ptd-server 2021-03-17 00:15:50,882 [INFO] Removed 'C:\\ptd-logs\\2021-03-16_23-40-16testing.tmp'
ptd-server 2021-03-17 00:15:50,882 [INFO] Sending reply to client 'OK'
ptd-server 2021-03-17 00:15:50,882 [INFO] Got command from the client 'session,2021-03-16_23-40-16,upload,client.log'
ptd-server 2021-03-17 00:15:50,882 [INFO] Received 'C:\\ptd-logs\\2021-03-16_23-40-16client.log.tmp'
ptd-server 2021-03-17 00:15:50,897 [INFO] Removed 'C:\\ptd-logs\\2021-03-16_23-40-16client.log.tmp'
ptd-server 2021-03-17 00:15:50,897 [INFO] Sending reply to client 'OK'
ptd-server 2021-03-17 00:15:51,179 [INFO] Got command from the client 'session,2021-03-16_23-40-16,upload,client.json'
ptd-server 2021-03-17 00:15:51,194 [INFO] Received 'C:\\ptd-logs\\2021-03-16_23-40-16client.json.tmp'
ptd-server 2021-03-17 00:15:51,194 [INFO] Removed 'C:\\ptd-logs\\2021-03-16_23-40-16client.json.tmp'
ptd-server 2021-03-17 00:15:51,194 [INFO] Sending reply to client 'OK'
ptd-server 2021-03-17 00:15:51,194 [INFO] Got command from the client 'session,2021-03-16_23-40-16,done'
ptd-server 2021-03-17 00:15:51,194 [INFO] Sending to ptd: 'Stop'
ptd-server 2021-03-17 00:15:51,194 [INFO] Reply from ptd: 'Error: no measurement to stop'
ptd-server 2021-03-17 00:15:51,194 [INFO] Sending to ptd: 'SR,V,Auto'
ptd-server 2021-03-17 00:15:51,725 [INFO] Reply from ptd: 'Range V changed'
ptd-server 2021-03-17 00:15:51,725 [INFO] Sending to ptd: 'SR,A,Auto'
ptd-server 2021-03-17 00:15:52,241 [INFO] Reply from ptd: 'Range A changed'
ptd-server 2021-03-17 00:15:52,241 [INFO] Set initial values for Amps Auto and Volts Auto
ptd-server 2021-03-17 00:15:52,241 [INFO] Stopping ptd...
