ptd-server 2021-03-17 07:15:10,627 [INFO] Got command from the client 'stop'
ptd-server 2021-03-17 07:15:10,627 [INFO] The server will be stopped after processing this client
ptd-server 2021-03-17 07:15:10,627 [INFO] Sending reply to client 'OK'
ptd-server 2021-03-17 07:15:10,830 [INFO] Got command from the client 'time'
ptd-server 2021-03-17 07:15:10,830 [INFO] Sending reply to client '1615990510.8308961'
ptd-server 2021-03-17 07:15:10,830 [INFO] Got command from the client 'new,,cfaf17d0-2d41-4e63-a8fd-798151126844'
ptd-server 2021-03-17 07:15:10,830 [INFO] Sending reply to client 'OK 2021-03-17_07-15-10,7d82cb88-c632-4c12-8e45-31e2ba32dfad'
ptd-server 2021-03-17 07:15:11,034 [INFO] Got command from the client 'time'
ptd-server 2021-03-17 07:15:11,034 [INFO] Sending reply to client '1615990511.0340362'
ptd-server 2021-03-17 07:15:11,049 [INFO] Got command from the client 'session,2021-03-17_07-15-10,start,ranging'
ptd-server 2021-03-17 07:15:11,158 [INFO] Running PTDaemon: ['C:\\PTD\\ptd-windows-x86.exe', '-l', 'C:\\logs_ptdeamon.txt', '-p', '8888', '-c', '1,3', '-y', '77', '10.117.41.199']
ptd-server 2021-03-17 07:15:30,534 [INFO] Sending to ptd: 'Hello'
ptd-server 2021-03-17 07:15:30,534 [INFO] Reply from ptd: 'Hello, PTDaemon here!'
ptd-server 2021-03-17 07:15:30,534 [INFO] Sending to ptd: 'Identify'
ptd-server 2021-03-17 07:15:30,534 [INFO] Reply from ptd: 'YokogawaWT330_multichannel,1000,1,1,1,1,0,0,1,version=1.9.2-3976349f-20201208,OS=Windows 8 / Server 2012,mode=power,1,1,2,0,0,no_cal_date,YOKOGAWA;WT333E;C2WL21011V;F1.04'
ptd-server 2021-03-17 07:15:30,534 [INFO] Connected to PTDaemon
ptd-server 2021-03-17 07:15:30,534 [INFO] Sending to ptd: 'RR'
ptd-server 2021-03-17 07:15:30,534 [INFO] Reply from ptd: 'Ranges,1,2.000000,1,300.000000'
ptd-server 2021-03-17 07:15:30,534 [INFO] Initial range for Amps is Auto for Volts is Auto
ptd-server 2021-03-17 07:15:30,534 [INFO] Sending to ptd: 'SR,V,Auto'
ptd-server 2021-03-17 07:15:35,610 [INFO] Reply from ptd: 'Range V changed'
ptd-server 2021-03-17 07:15:35,610 [INFO] Sending to ptd: 'SR,A,Auto'
ptd-server 2021-03-17 07:15:40,687 [INFO] Reply from ptd: 'Range A changed'
ptd-server 2021-03-17 07:15:50,687 [INFO] Starting ranging mode
ptd-server 2021-03-17 07:15:50,687 [INFO] Sending to ptd: 'Go,1000,0,2021-03-17_07-15-10_ranging'
ptd-server 2021-03-17 07:15:50,687 [INFO] Reply from ptd: 'Starting untimed measurement, maximum 500000 samples at 1000ms with 0 rampup samples'
ptd-server 2021-03-17 07:15:50,687 [INFO] Sending reply to client 'OK'
ptd-server 2021-03-17 07:28:09,338 [INFO] Got command from the client 'session,2021-03-17_07-15-10,stop,ranging'
ptd-server 2021-03-17 07:28:19,365 [INFO] Sending to ptd: 'Stop'
ptd-server 2021-03-17 07:28:19,365 [INFO] Reply from ptd: 'Stopping untimed measurement'
ptd-server 2021-03-17 07:28:19,787 [INFO] Sending reply to client 'OK'
ptd-server 2021-03-17 07:28:19,834 [INFO] Got command from the client 'session,2021-03-17_07-15-10,upload,ranging'
ptd-server 2021-03-17 07:28:19,834 [INFO] Received 'C:\\ptd-logs\\2021-03-17_07-15-10ranging.tmp'
ptd-server 2021-03-17 07:28:19,850 [INFO] Extracted 'C:\\ptd-logs\\2021-03-17_07-15-10ranging.tmp' into 'C:\\ptd-logs\\2021-03-17_07-15-10\\ranging'
ptd-server 2021-03-17 07:28:19,850 [INFO] Removed 'C:\\ptd-logs\\2021-03-17_07-15-10ranging.tmp'
ptd-server 2021-03-17 07:28:19,850 [INFO] Sending reply to client 'OK'
ptd-server 2021-03-17 07:28:20,053 [INFO] Got command from the client 'time'
ptd-server 2021-03-17 07:28:20,068 [INFO] Sending reply to client '1615991300.0688472'
ptd-server 2021-03-17 07:28:20,068 [INFO] Got command from the client 'session,2021-03-17_07-15-10,start,testing'
ptd-server 2021-03-17 07:28:20,068 [INFO] Sending to ptd: 'SR,V,206.410000'
ptd-server 2021-03-17 07:28:26,161 [INFO] Reply from ptd: 'Range V changed'
ptd-server 2021-03-17 07:28:26,161 [INFO] Sending to ptd: 'SR,A,4.213400'
ptd-server 2021-03-17 07:28:31,755 [INFO] Reply from ptd: 'Range A changed'
ptd-server 2021-03-17 07:28:41,768 [INFO] Starting testing mode
ptd-server 2021-03-17 07:28:41,768 [INFO] Sending to ptd: 'Go,1000,0,2021-03-17_07-15-10_testing'
ptd-server 2021-03-17 07:28:41,768 [INFO] Reply from ptd: 'Starting untimed measurement, maximum 500000 samples at 1000ms with 0 rampup samples'
ptd-server 2021-03-17 07:28:41,768 [INFO] Sending reply to client 'OK'
ptd-server 2021-03-17 07:41:00,317 [INFO] Got command from the client 'session,2021-03-17_07-15-10,stop,testing'
ptd-server 2021-03-17 07:41:10,346 [INFO] Sending to ptd: 'Stop'
ptd-server 2021-03-17 07:41:10,346 [INFO] Reply from ptd: 'Stopping untimed measurement'
ptd-server 2021-03-17 07:41:10,549 [INFO] Sending reply to client 'OK'
ptd-server 2021-03-17 07:41:10,596 [INFO] Got command from the client 'session,2021-03-17_07-15-10,upload,testing'
ptd-server 2021-03-17 07:41:10,611 [INFO] Received 'C:\\ptd-logs\\2021-03-17_07-15-10testing.tmp'
ptd-server 2021-03-17 07:41:10,611 [INFO] Extracted 'C:\\ptd-logs\\2021-03-17_07-15-10testing.tmp' into 'C:\\ptd-logs\\2021-03-17_07-15-10\\run_1'
ptd-server 2021-03-17 07:41:10,611 [INFO] Removed 'C:\\ptd-logs\\2021-03-17_07-15-10testing.tmp'
ptd-server 2021-03-17 07:41:10,611 [INFO] Sending reply to client 'OK'
ptd-server 2021-03-17 07:41:10,627 [INFO] Got command from the client 'session,2021-03-17_07-15-10,upload,client.log'
ptd-server 2021-03-17 07:41:10,627 [INFO] Received 'C:\\ptd-logs\\2021-03-17_07-15-10client.log.tmp'
ptd-server 2021-03-17 07:41:10,643 [INFO] Removed 'C:\\ptd-logs\\2021-03-17_07-15-10client.log.tmp'
ptd-server 2021-03-17 07:41:10,643 [INFO] Sending reply to client 'OK'
ptd-server 2021-03-17 07:41:10,674 [INFO] Got command from the client 'session,2021-03-17_07-15-10,upload,client.json'
ptd-server 2021-03-17 07:41:10,674 [INFO] Received 'C:\\ptd-logs\\2021-03-17_07-15-10client.json.tmp'
ptd-server 2021-03-17 07:41:10,674 [INFO] Removed 'C:\\ptd-logs\\2021-03-17_07-15-10client.json.tmp'
ptd-server 2021-03-17 07:41:10,674 [INFO] Sending reply to client 'OK'
ptd-server 2021-03-17 07:41:10,674 [INFO] Got command from the client 'session,2021-03-17_07-15-10,done'
ptd-server 2021-03-17 07:41:10,674 [INFO] Sending to ptd: 'Stop'
ptd-server 2021-03-17 07:41:10,783 [INFO] Reply from ptd: 'Error: no measurement to stop'
ptd-server 2021-03-17 07:41:10,783 [INFO] Sending to ptd: 'SR,V,Auto'
ptd-server 2021-03-17 07:41:15,860 [INFO] Reply from ptd: 'Range V changed'
ptd-server 2021-03-17 07:41:15,860 [INFO] Sending to ptd: 'SR,A,Auto'
ptd-server 2021-03-17 07:41:20,936 [INFO] Reply from ptd: 'Range A changed'
ptd-server 2021-03-17 07:41:20,936 [INFO] Set initial values for Amps Auto and Volts Auto
ptd-server 2021-03-17 07:41:20,936 [INFO] Stopping ptd...
