ptd-server 2021-03-05 18:11:33,124 [INFO] Got command from the client 'time'
ptd-server 2021-03-05 18:11:33,125 [INFO] Sending reply to client '1614967893.1249855'
ptd-server 2021-03-05 18:11:33,127 [INFO] Got command from the client 'new,,509a0bcd-d6a8-47ca-85c6-66dac393751d'
ptd-server 2021-03-05 18:11:33,128 [INFO] Sending reply to client 'OK 2021-03-05_18-11-33,4132e747-cb06-4086-939a-32732c185fe2'
ptd-server 2021-03-05 18:11:33,162 [INFO] Got command from the client 'time'
ptd-server 2021-03-05 18:11:33,162 [INFO] Sending reply to client '1614967893.162656'
ptd-server 2021-03-05 18:11:33,165 [INFO] Got command from the client 'session,2021-03-05_18-11-33,start,ranging'
ptd-server 2021-03-05 18:11:33,165 [INFO] Running PTDaemon: ['/home/anton/projects/mlperf/power/inference_v1.0/ptd-linux-x86', '-l', 'ptd.log', '-p', '8888', '52', '/dev/usbtmc0']
ptd-server 2021-03-05 18:11:50,333 [INFO] Sending to ptd: 'Hello'
ptd-server 2021-03-05 18:11:50,333 [INFO] Reply from ptd: 'Hello, PTDaemon here!'
ptd-server 2021-03-05 18:11:50,333 [INFO] Sending to ptd: 'Identify'
ptd-server 2021-03-05 18:11:50,334 [INFO] Reply from ptd: 'YokogawaWT330E,1000,1,1,1,1,0,0,1,version=1.9.2-e8c7a49a-20201208,OS=Linux 5.8.0-43-generic #49~20.04.1-Ubuntu SMP Fri Feb 5 09:57:56 UTC 2021 x86_64,mode=power,1,1,1,0,0,no_cal_date,YOKOGAWA;WT333E;C3VD30030E;F1.04'
ptd-server 2021-03-05 18:11:50,334 [INFO] Connected to PTDaemon
ptd-server 2021-03-05 18:11:50,334 [INFO] Sending to ptd: 'RR'
ptd-server 2021-03-05 18:11:50,334 [INFO] Reply from ptd: 'Ranges,0,0.500000,0,300.000000'
ptd-server 2021-03-05 18:11:50,335 [INFO] Initial range for Amps is 0.500000 for Volts is 300.000000
ptd-server 2021-03-05 18:11:50,335 [INFO] Sending to ptd: 'SR,V,Auto'
ptd-server 2021-03-05 18:11:50,837 [INFO] Reply from ptd: 'Range V changed'
ptd-server 2021-03-05 18:11:50,837 [INFO] Sending to ptd: 'SR,A,Auto'
ptd-server 2021-03-05 18:11:51,340 [INFO] Reply from ptd: 'Range A changed'
ptd-server 2021-03-05 18:12:01,350 [INFO] Starting ranging mode
ptd-server 2021-03-05 18:12:01,350 [INFO] Sending to ptd: 'Go,1000,0,2021-03-05_18-11-33_ranging'
ptd-server 2021-03-05 18:12:01,351 [INFO] Reply from ptd: 'Starting untimed measurement, maximum 500000 samples at 1000ms with 0 rampup samples'
ptd-server 2021-03-05 18:12:01,351 [INFO] Sending reply to client 'OK'
ptd-server 2021-03-05 18:22:32,645 [INFO] Got command from the client 'session,2021-03-05_18-11-33,stop,ranging'
ptd-server 2021-03-05 18:22:42,656 [INFO] Sending to ptd: 'Stop'
ptd-server 2021-03-05 18:22:42,656 [INFO] Reply from ptd: 'Stopping untimed measurement'
ptd-server 2021-03-05 18:22:43,001 [INFO] Sending reply to client 'OK'
ptd-server 2021-03-05 18:22:43,046 [INFO] Got command from the client 'time'
ptd-server 2021-03-05 18:22:43,046 [INFO] Sending reply to client '1614968563.0463068'
ptd-server 2021-03-05 18:22:43,050 [INFO] Got command from the client 'session,2021-03-05_18-11-33,start,testing'
ptd-server 2021-03-05 18:22:43,050 [INFO] Sending to ptd: 'SR,V,249.120000'
ptd-server 2021-03-05 18:22:44,853 [INFO] Reply from ptd: 'Range V changed'
ptd-server 2021-03-05 18:22:44,853 [INFO] Sending to ptd: 'SR,A,0.058270'
ptd-server 2021-03-05 18:22:46,354 [INFO] Reply from ptd: 'Range A changed'
ptd-server 2021-03-05 18:22:56,365 [INFO] Starting testing mode
ptd-server 2021-03-05 18:22:56,365 [INFO] Sending to ptd: 'Go,1000,0,2021-03-05_18-11-33_testing'
ptd-server 2021-03-05 18:22:56,365 [INFO] Reply from ptd: 'Starting untimed measurement, maximum 500000 samples at 1000ms with 0 rampup samples'
ptd-server 2021-03-05 18:22:56,365 [INFO] Sending reply to client 'OK'
ptd-server 2021-03-05 18:33:32,674 [INFO] Got command from the client 'session,2021-03-05_18-11-33,stop,testing'
ptd-server 2021-03-05 18:33:42,685 [INFO] Sending to ptd: 'Stop'
ptd-server 2021-03-05 18:33:42,685 [INFO] Reply from ptd: 'Stopping untimed measurement'
ptd-server 2021-03-05 18:33:42,875 [INFO] Sending reply to client 'OK'
ptd-server 2021-03-05 18:33:42,882 [INFO] Got command from the client 'session,2021-03-05_18-11-33,upload,client.log'
ptd-server 2021-03-05 18:33:42,885 [INFO] Received '/home/anton/projects/mlperf/power-dev/output/2021-03-05_18-11-33client.log.tmp'
ptd-server 2021-03-05 18:33:42,885 [INFO] Removed '/home/anton/projects/mlperf/power-dev/output/2021-03-05_18-11-33client.log.tmp'
ptd-server 2021-03-05 18:33:42,886 [INFO] Sending reply to client 'OK'
ptd-server 2021-03-05 18:33:42,898 [INFO] Got command from the client 'session,2021-03-05_18-11-33,upload,client.json'
ptd-server 2021-03-05 18:33:42,901 [INFO] Received '/home/anton/projects/mlperf/power-dev/output/2021-03-05_18-11-33client.json.tmp'
ptd-server 2021-03-05 18:33:42,901 [INFO] Removed '/home/anton/projects/mlperf/power-dev/output/2021-03-05_18-11-33client.json.tmp'
ptd-server 2021-03-05 18:33:42,901 [INFO] Sending reply to client 'OK'
ptd-server 2021-03-05 18:33:42,904 [INFO] Got command from the client 'session,2021-03-05_18-11-33,done'
ptd-server 2021-03-05 18:33:42,904 [INFO] Sending to ptd: 'Stop'
ptd-server 2021-03-05 18:33:43,365 [INFO] Reply from ptd: 'Error: no measurement to stop'
ptd-server 2021-03-05 18:33:43,365 [INFO] Sending to ptd: 'SR,V,300.000000'
ptd-server 2021-03-05 18:33:44,867 [INFO] Reply from ptd: 'Range V changed'
ptd-server 2021-03-05 18:33:44,867 [INFO] Sending to ptd: 'SR,A,0.500000'
ptd-server 2021-03-05 18:33:46,368 [INFO] Reply from ptd: 'Range A changed'
ptd-server 2021-03-05 18:33:46,368 [INFO] Set initial values for Amps 0.500000 and Volts 300.000000
ptd-server 2021-03-05 18:33:46,369 [INFO] Stopping ptd...
