ptd-server 2021-02-28 07:01:34,506 [INFO] Got command from the client 'time'
ptd-server 2021-02-28 07:01:34,506 [INFO] Sending reply to client '1614495694.5063112'
ptd-server 2021-02-28 07:01:34,507 [INFO] Got command from the client 'new,,1bb443b1-cc33-4d78-8feb-a36888df3b57'
ptd-server 2021-02-28 07:01:34,507 [INFO] Sending reply to client 'OK 2021-02-28_07-01-34,af09a83a-67d7-456a-93e1-6ea083947ca3'
ptd-server 2021-02-28 07:01:34,533 [INFO] Got command from the client 'time'
ptd-server 2021-02-28 07:01:34,533 [INFO] Sending reply to client '1614495694.533123'
ptd-server 2021-02-28 07:01:34,534 [INFO] Got command from the client 'session,2021-02-28_07-01-34,start,ranging'
ptd-server 2021-02-28 07:01:34,534 [INFO] Running PTDaemon: ['/home/anton/projects/mlperf/power/inference_v1.0/ptd-linux-x86', '-l', 'ptd.log', '-p', '8888', '52', '/dev/usbtmc0']
ptd-server 2021-02-28 07:01:51,703 [INFO] Sending to ptd: 'Hello'
ptd-server 2021-02-28 07:01:51,704 [INFO] Reply from ptd: 'Hello, PTDaemon here!'
ptd-server 2021-02-28 07:01:51,704 [INFO] Sending to ptd: 'Identify'
ptd-server 2021-02-28 07:01:51,704 [INFO] Reply from ptd: 'YokogawaWT330E,1000,1,1,1,1,0,0,1,version=1.9.2-e8c7a49a-20201208,OS=Linux 5.8.0-43-generic #49~20.04.1-Ubuntu SMP Fri Feb 5 09:57:56 UTC 2021 x86_64,mode=power,1,1,1,0,0,no_cal_date,YOKOGAWA;WT333E;C3VD30030E;F1.04'
ptd-server 2021-02-28 07:01:51,704 [INFO] Connected to PTDaemon
ptd-server 2021-02-28 07:01:51,704 [INFO] Sending to ptd: 'RR'
ptd-server 2021-02-28 07:01:51,705 [INFO] Reply from ptd: 'Ranges,0,0.500000,0,300.000000'
ptd-server 2021-02-28 07:01:51,705 [INFO] Initial range for Amps is 0.500000 for Volts is 300.000000
ptd-server 2021-02-28 07:01:51,705 [INFO] Sending to ptd: 'SR,V,Auto'
ptd-server 2021-02-28 07:01:52,208 [INFO] Reply from ptd: 'Range V changed'
ptd-server 2021-02-28 07:01:52,208 [INFO] Sending to ptd: 'SR,A,Auto'
ptd-server 2021-02-28 07:01:52,710 [INFO] Reply from ptd: 'Range A changed'
ptd-server 2021-02-28 07:02:02,721 [INFO] Starting ranging mode
ptd-server 2021-02-28 07:02:02,721 [INFO] Sending to ptd: 'Go,1000,0,2021-02-28_07-01-34_ranging'
ptd-server 2021-02-28 07:02:02,721 [INFO] Reply from ptd: 'Starting untimed measurement, maximum 500000 samples at 1000ms with 0 rampup samples'
ptd-server 2021-02-28 07:02:02,721 [INFO] Sending reply to client 'OK'
ptd-server 2021-02-28 07:12:21,275 [INFO] Got command from the client 'session,2021-02-28_07-01-34,stop,ranging'
ptd-server 2021-02-28 07:12:31,285 [INFO] Sending to ptd: 'Stop'
ptd-server 2021-02-28 07:12:31,285 [INFO] Reply from ptd: 'Stopping untimed measurement'
ptd-server 2021-02-28 07:12:31,477 [INFO] Sending reply to client 'OK'
ptd-server 2021-02-28 07:12:31,510 [INFO] Got command from the client 'time'
ptd-server 2021-02-28 07:12:31,510 [INFO] Sending reply to client '1614496351.510299'
ptd-server 2021-02-28 07:12:31,511 [INFO] Got command from the client 'session,2021-02-28_07-01-34,start,testing'
ptd-server 2021-02-28 07:12:31,511 [INFO] Sending to ptd: 'SR,V,248.440000'
ptd-server 2021-02-28 07:12:33,223 [INFO] Reply from ptd: 'Range V changed'
ptd-server 2021-02-28 07:12:33,223 [INFO] Sending to ptd: 'SR,A,0.172640'
ptd-server 2021-02-28 07:12:34,724 [INFO] Reply from ptd: 'Range A changed'
ptd-server 2021-02-28 07:12:44,732 [INFO] Starting testing mode
ptd-server 2021-02-28 07:12:44,732 [INFO] Sending to ptd: 'Go,1000,0,2021-02-28_07-01-34_testing'
ptd-server 2021-02-28 07:12:44,733 [INFO] Reply from ptd: 'Starting untimed measurement, maximum 500000 samples at 1000ms with 0 rampup samples'
ptd-server 2021-02-28 07:12:44,733 [INFO] Sending reply to client 'OK'
ptd-server 2021-02-28 07:23:03,376 [INFO] Got command from the client 'session,2021-02-28_07-01-34,stop,testing'
ptd-server 2021-02-28 07:23:13,386 [INFO] Sending to ptd: 'Stop'
ptd-server 2021-02-28 07:23:13,387 [INFO] Reply from ptd: 'Stopping untimed measurement'
ptd-server 2021-02-28 07:23:13,491 [INFO] Sending reply to client 'OK'
ptd-server 2021-02-28 07:23:13,495 [INFO] Got command from the client 'session,2021-02-28_07-01-34,upload,client.log'
ptd-server 2021-02-28 07:23:13,496 [INFO] Received '/home/anton/projects/mlperf/power-dev/output/2021-02-28_07-01-34client.log.tmp'
ptd-server 2021-02-28 07:23:13,496 [INFO] Removed '/home/anton/projects/mlperf/power-dev/output/2021-02-28_07-01-34client.log.tmp'
ptd-server 2021-02-28 07:23:13,496 [INFO] Sending reply to client 'OK'
ptd-server 2021-02-28 07:23:13,501 [INFO] Got command from the client 'session,2021-02-28_07-01-34,upload,client.json'
ptd-server 2021-02-28 07:23:13,501 [INFO] Received '/home/anton/projects/mlperf/power-dev/output/2021-02-28_07-01-34client.json.tmp'
ptd-server 2021-02-28 07:23:13,501 [INFO] Removed '/home/anton/projects/mlperf/power-dev/output/2021-02-28_07-01-34client.json.tmp'
ptd-server 2021-02-28 07:23:13,501 [INFO] Sending reply to client 'OK'
ptd-server 2021-02-28 07:23:13,502 [INFO] Got command from the client 'session,2021-02-28_07-01-34,done'
ptd-server 2021-02-28 07:23:13,503 [INFO] Sending to ptd: 'Stop'
ptd-server 2021-02-28 07:23:13,733 [INFO] Reply from ptd: 'Error: no measurement to stop'
ptd-server 2021-02-28 07:23:13,733 [INFO] Sending to ptd: 'SR,V,300.000000'
ptd-server 2021-02-28 07:23:15,235 [INFO] Reply from ptd: 'Range V changed'
ptd-server 2021-02-28 07:23:15,235 [INFO] Sending to ptd: 'SR,A,0.500000'
ptd-server 2021-02-28 07:23:16,736 [INFO] Reply from ptd: 'Range A changed'
ptd-server 2021-02-28 07:23:16,736 [INFO] Set initial values for Amps 0.500000 and Volts 300.000000
ptd-server 2021-02-28 07:23:16,737 [INFO] Stopping ptd...
