ptd-server 2021-03-01 02:11:50,599 [INFO] Got command from the client 'time'
ptd-server 2021-03-01 02:11:50,599 [INFO] Sending reply to client '1614564710.5998368'
ptd-server 2021-03-01 02:11:50,601 [INFO] Got command from the client 'new,,eff9b7f6-6a30-457a-9c55-fbc681bd0a33'
ptd-server 2021-03-01 02:11:50,601 [INFO] Sending reply to client 'OK 2021-03-01_02-11-50,8d5676cf-e965-478b-8fab-577140fc9081'
ptd-server 2021-03-01 02:11:50,629 [INFO] Got command from the client 'time'
ptd-server 2021-03-01 02:11:50,629 [INFO] Sending reply to client '1614564710.6295233'
ptd-server 2021-03-01 02:11:50,630 [INFO] Got command from the client 'session,2021-03-01_02-11-50,start,ranging'
ptd-server 2021-03-01 02:11:50,630 [INFO] Running PTDaemon: ['/home/anton/projects/mlperf/power/inference_v1.0/ptd-linux-x86', '-l', 'ptd.log', '-p', '8888', '52', '/dev/usbtmc0']
ptd-server 2021-03-01 02:12:07,799 [INFO] Sending to ptd: 'Hello'
ptd-server 2021-03-01 02:12:07,800 [INFO] Reply from ptd: 'Hello, PTDaemon here!'
ptd-server 2021-03-01 02:12:07,800 [INFO] Sending to ptd: 'Identify'
ptd-server 2021-03-01 02:12:07,800 [INFO] Reply from ptd: 'YokogawaWT330E,1000,1,1,1,1,0,0,1,version=1.9.2-e8c7a49a-20201208,OS=Linux 5.8.0-43-generic #49~20.04.1-Ubuntu SMP Fri Feb 5 09:57:56 UTC 2021 x86_64,mode=power,1,1,1,0,0,no_cal_date,YOKOGAWA;WT333E;C3VD30030E;F1.04'
ptd-server 2021-03-01 02:12:07,800 [INFO] Connected to PTDaemon
ptd-server 2021-03-01 02:12:07,800 [INFO] Sending to ptd: 'RR'
ptd-server 2021-03-01 02:12:07,801 [INFO] Reply from ptd: 'Ranges,0,0.500000,0,300.000000'
ptd-server 2021-03-01 02:12:07,801 [INFO] Initial range for Amps is 0.500000 for Volts is 300.000000
ptd-server 2021-03-01 02:12:07,801 [INFO] Sending to ptd: 'SR,V,Auto'
ptd-server 2021-03-01 02:12:08,303 [INFO] Reply from ptd: 'Range V changed'
ptd-server 2021-03-01 02:12:08,304 [INFO] Sending to ptd: 'SR,A,Auto'
ptd-server 2021-03-01 02:12:08,806 [INFO] Reply from ptd: 'Range A changed'
ptd-server 2021-03-01 02:12:18,816 [INFO] Starting ranging mode
ptd-server 2021-03-01 02:12:18,817 [INFO] Sending to ptd: 'Go,1000,0,2021-03-01_02-11-50_ranging'
ptd-server 2021-03-01 02:12:18,817 [INFO] Reply from ptd: 'Starting untimed measurement, maximum 500000 samples at 1000ms with 0 rampup samples'
ptd-server 2021-03-01 02:12:18,817 [INFO] Sending reply to client 'OK'
ptd-server 2021-03-01 02:22:39,403 [INFO] Got command from the client 'session,2021-03-01_02-11-50,stop,ranging'
ptd-server 2021-03-01 02:22:49,414 [INFO] Sending to ptd: 'Stop'
ptd-server 2021-03-01 02:22:49,414 [INFO] Reply from ptd: 'Stopping untimed measurement'
ptd-server 2021-03-01 02:22:49,651 [INFO] Sending reply to client 'OK'
ptd-server 2021-03-01 02:22:49,687 [INFO] Got command from the client 'time'
ptd-server 2021-03-01 02:22:49,687 [INFO] Sending reply to client '1614565369.6874118'
ptd-server 2021-03-01 02:22:49,688 [INFO] Got command from the client 'session,2021-03-01_02-11-50,start,testing'
ptd-server 2021-03-01 02:22:49,688 [INFO] Sending to ptd: 'SR,V,250.230000'
ptd-server 2021-03-01 02:22:51,319 [INFO] Reply from ptd: 'Range V changed'
ptd-server 2021-03-01 02:22:51,319 [INFO] Sending to ptd: 'SR,A,0.188490'
ptd-server 2021-03-01 02:22:52,820 [INFO] Reply from ptd: 'Range A changed'
ptd-server 2021-03-01 02:23:02,830 [INFO] Starting testing mode
ptd-server 2021-03-01 02:23:02,830 [INFO] Sending to ptd: 'Go,1000,0,2021-03-01_02-11-50_testing'
ptd-server 2021-03-01 02:23:02,831 [INFO] Reply from ptd: 'Starting untimed measurement, maximum 500000 samples at 1000ms with 0 rampup samples'
ptd-server 2021-03-01 02:23:02,831 [INFO] Sending reply to client 'OK'
ptd-server 2021-03-01 02:33:18,272 [INFO] Got command from the client 'session,2021-03-01_02-11-50,stop,testing'
ptd-server 2021-03-01 02:33:28,282 [INFO] Sending to ptd: 'Stop'
ptd-server 2021-03-01 02:33:28,282 [INFO] Reply from ptd: 'Stopping untimed measurement'
ptd-server 2021-03-01 02:33:28,410 [INFO] Sending reply to client 'OK'
ptd-server 2021-03-01 02:33:28,420 [INFO] Got command from the client 'session,2021-03-01_02-11-50,upload,client.log'
ptd-server 2021-03-01 02:33:28,420 [INFO] Received '/home/anton/projects/mlperf/power-dev/output/2021-03-01_02-11-50client.log.tmp'
ptd-server 2021-03-01 02:33:28,420 [INFO] Removed '/home/anton/projects/mlperf/power-dev/output/2021-03-01_02-11-50client.log.tmp'
ptd-server 2021-03-01 02:33:28,421 [INFO] Sending reply to client 'OK'
ptd-server 2021-03-01 02:33:28,425 [INFO] Got command from the client 'session,2021-03-01_02-11-50,upload,client.json'
ptd-server 2021-03-01 02:33:28,426 [INFO] Received '/home/anton/projects/mlperf/power-dev/output/2021-03-01_02-11-50client.json.tmp'
ptd-server 2021-03-01 02:33:28,426 [INFO] Removed '/home/anton/projects/mlperf/power-dev/output/2021-03-01_02-11-50client.json.tmp'
ptd-server 2021-03-01 02:33:28,426 [INFO] Sending reply to client 'OK'
ptd-server 2021-03-01 02:33:28,427 [INFO] Got command from the client 'session,2021-03-01_02-11-50,done'
ptd-server 2021-03-01 02:33:28,427 [INFO] Sending to ptd: 'Stop'
ptd-server 2021-03-01 02:33:28,832 [INFO] Reply from ptd: 'Error: no measurement to stop'
ptd-server 2021-03-01 02:33:28,832 [INFO] Sending to ptd: 'SR,V,300.000000'
ptd-server 2021-03-01 02:33:30,333 [INFO] Reply from ptd: 'Range V changed'
ptd-server 2021-03-01 02:33:30,333 [INFO] Sending to ptd: 'SR,A,0.500000'
ptd-server 2021-03-01 02:33:31,835 [INFO] Reply from ptd: 'Range A changed'
ptd-server 2021-03-01 02:33:31,835 [INFO] Set initial values for Amps 0.500000 and Volts 300.000000
ptd-server 2021-03-01 02:33:31,835 [INFO] Stopping ptd...
