ptd-server 2021-03-07 15:17:01,317 [INFO] Got command from the client 'time'
ptd-server 2021-03-07 15:17:01,317 [INFO] Sending reply to client '1615130221.3172493'
ptd-server 2021-03-07 15:17:01,320 [INFO] Got command from the client 'new,,4b1260b2-0806-44b5-9f0b-ec20a0f37ea0'
ptd-server 2021-03-07 15:17:01,321 [INFO] Sending reply to client 'OK 2021-03-07_15-17-01,d57b2b9e-b52d-4bef-84cf-a4105dcd8ee2'
ptd-server 2021-03-07 15:17:01,358 [INFO] Got command from the client 'time'
ptd-server 2021-03-07 15:17:01,358 [INFO] Sending reply to client '1615130221.3585918'
ptd-server 2021-03-07 15:17:01,362 [INFO] Got command from the client 'session,2021-03-07_15-17-01,start,ranging'
ptd-server 2021-03-07 15:17:01,362 [INFO] Running PTDaemon: ['/home/anton/projects/mlperf/power/inference_v1.0/ptd-linux-x86', '-l', 'ptd.log', '-p', '8888', '52', '/dev/usbtmc0']
ptd-server 2021-03-07 15:17:18,531 [INFO] Sending to ptd: 'Hello'
ptd-server 2021-03-07 15:17:18,531 [INFO] Reply from ptd: 'Hello, PTDaemon here!'
ptd-server 2021-03-07 15:17:18,531 [INFO] Sending to ptd: 'Identify'
ptd-server 2021-03-07 15:17:18,532 [INFO] Reply from ptd: 'YokogawaWT330E,1000,1,1,1,1,0,0,1,version=1.9.2-e8c7a49a-20201208,OS=Linux 5.8.0-43-generic #49~20.04.1-Ubuntu SMP Fri Feb 5 09:57:56 UTC 2021 x86_64,mode=power,1,1,1,0,0,no_cal_date,YOKOGAWA;WT333E;C3VD30030E;F1.04'
ptd-server 2021-03-07 15:17:18,532 [INFO] Connected to PTDaemon
ptd-server 2021-03-07 15:17:18,532 [INFO] Sending to ptd: 'RR'
ptd-server 2021-03-07 15:17:18,532 [INFO] Reply from ptd: 'Ranges,0,0.500000,0,300.000000'
ptd-server 2021-03-07 15:17:18,533 [INFO] Initial range for Amps is 0.500000 for Volts is 300.000000
ptd-server 2021-03-07 15:17:18,533 [INFO] Sending to ptd: 'SR,V,Auto'
ptd-server 2021-03-07 15:17:19,035 [INFO] Reply from ptd: 'Range V changed'
ptd-server 2021-03-07 15:17:19,035 [INFO] Sending to ptd: 'SR,A,Auto'
ptd-server 2021-03-07 15:17:19,538 [INFO] Reply from ptd: 'Range A changed'
ptd-server 2021-03-07 15:17:29,548 [INFO] Starting ranging mode
ptd-server 2021-03-07 15:17:29,548 [INFO] Sending to ptd: 'Go,1000,0,2021-03-07_15-17-01_ranging'
ptd-server 2021-03-07 15:17:29,549 [INFO] Reply from ptd: 'Starting untimed measurement, maximum 500000 samples at 1000ms with 0 rampup samples'
ptd-server 2021-03-07 15:17:29,549 [INFO] Sending reply to client 'OK'
ptd-server 2021-03-07 15:27:54,494 [INFO] Got command from the client 'session,2021-03-07_15-17-01,stop,ranging'
ptd-server 2021-03-07 15:28:04,504 [INFO] Sending to ptd: 'Stop'
ptd-server 2021-03-07 15:28:04,504 [INFO] Reply from ptd: 'Stopping untimed measurement'
ptd-server 2021-03-07 15:28:05,065 [INFO] Sending reply to client 'OK'
ptd-server 2021-03-07 15:28:05,114 [INFO] Got command from the client 'time'
ptd-server 2021-03-07 15:28:05,114 [INFO] Sending reply to client '1615130885.1144853'
ptd-server 2021-03-07 15:28:05,119 [INFO] Got command from the client 'session,2021-03-07_15-17-01,start,testing'
ptd-server 2021-03-07 15:28:05,119 [INFO] Sending to ptd: 'SR,V,251.620000'
ptd-server 2021-03-07 15:28:06,621 [INFO] Reply from ptd: 'Range V changed'
ptd-server 2021-03-07 15:28:06,621 [INFO] Sending to ptd: 'SR,A,0.054880'
ptd-server 2021-03-07 15:28:08,122 [INFO] Reply from ptd: 'Range A changed'
ptd-server 2021-03-07 15:28:18,132 [INFO] Starting testing mode
ptd-server 2021-03-07 15:28:18,133 [INFO] Sending to ptd: 'Go,1000,0,2021-03-07_15-17-01_testing'
ptd-server 2021-03-07 15:28:18,133 [INFO] Reply from ptd: 'Starting untimed measurement, maximum 500000 samples at 1000ms with 0 rampup samples'
ptd-server 2021-03-07 15:28:18,133 [INFO] Sending reply to client 'OK'
ptd-server 2021-03-07 15:38:47,894 [INFO] Got command from the client 'session,2021-03-07_15-17-01,stop,testing'
ptd-server 2021-03-07 15:38:57,905 [INFO] Sending to ptd: 'Stop'
ptd-server 2021-03-07 15:38:57,905 [INFO] Reply from ptd: 'Stopping untimed measurement'
ptd-server 2021-03-07 15:38:58,221 [INFO] Sending reply to client 'OK'
ptd-server 2021-03-07 15:38:58,230 [INFO] Got command from the client 'session,2021-03-07_15-17-01,upload,client.log'
ptd-server 2021-03-07 15:38:58,234 [INFO] Received '/home/anton/projects/mlperf/power-dev/output/2021-03-07_15-17-01client.log.tmp'
ptd-server 2021-03-07 15:38:58,234 [INFO] Removed '/home/anton/projects/mlperf/power-dev/output/2021-03-07_15-17-01client.log.tmp'
ptd-server 2021-03-07 15:38:58,234 [INFO] Sending reply to client 'OK'
ptd-server 2021-03-07 15:38:58,248 [INFO] Got command from the client 'session,2021-03-07_15-17-01,upload,client.json'
ptd-server 2021-03-07 15:38:58,251 [INFO] Received '/home/anton/projects/mlperf/power-dev/output/2021-03-07_15-17-01client.json.tmp'
ptd-server 2021-03-07 15:38:58,252 [INFO] Removed '/home/anton/projects/mlperf/power-dev/output/2021-03-07_15-17-01client.json.tmp'
ptd-server 2021-03-07 15:38:58,252 [INFO] Sending reply to client 'OK'
ptd-server 2021-03-07 15:38:58,255 [INFO] Got command from the client 'session,2021-03-07_15-17-01,done'
ptd-server 2021-03-07 15:38:58,255 [INFO] Sending to ptd: 'Stop'
ptd-server 2021-03-07 15:38:58,256 [INFO] Reply from ptd: 'Error: no measurement to stop'
ptd-server 2021-03-07 15:38:58,256 [INFO] Sending to ptd: 'SR,V,300.000000'
ptd-server 2021-03-07 15:38:59,757 [INFO] Reply from ptd: 'Range V changed'
ptd-server 2021-03-07 15:38:59,757 [INFO] Sending to ptd: 'SR,A,0.500000'
ptd-server 2021-03-07 15:39:01,259 [INFO] Reply from ptd: 'Range A changed'
ptd-server 2021-03-07 15:39:01,259 [INFO] Set initial values for Amps 0.500000 and Volts 300.000000
ptd-server 2021-03-07 15:39:01,259 [INFO] Stopping ptd...
