client 2021-03-17 09:02:52,070 [WARNING] Removing old loadgen logs directory '/home/scratch.mlperf_inf_ci/mlPerf/L1/XavierNX_MaxQ-Commputelab-XavierNX-MaxQ-L1-2-2021-03-17-10-42-27-UTC/mlperf-inference/closed/NVIDIA/build/power_logs_temp'
client 2021-03-17 09:02:52,084 [INFO] Sending command to the server: 'mlcommons/power client v3'
client 2021-03-17 09:02:52,090 [INFO] Got response: 'mlcommons/power server v3'
client 2021-03-17 09:02:52,091 [INFO] Sending command to the server: 'stop'
client 2021-03-17 09:02:52,093 [INFO] Got response: 'OK'
client 2021-03-17 09:02:52,093 [INFO] Synchronizing with the server and with ib-01.dc4-in.nvidia.com...
client 2021-03-17 09:02:52,329 [INFO] NTP:offset = 0.006 s, delay = 0.211 s 
client 2021-03-17 09:02:52,330 [INFO] Sending command to the server: 'time'
client 2021-03-17 09:02:52,333 [INFO] Got response: '1615996972.3975265'
client 2021-03-17 09:02:52,333 [INFO] The time difference between the client and the server is within range -67.206 ms..-63.989 ms
client 2021-03-17 09:02:52,334 [INFO] Sending command to the server: 'new,,c63833d2-324d-415e-b379-deca71fb1db4'
client 2021-03-17 09:02:52,336 [INFO] Got response: 'OK 2021-03-17_09-02-52,a6ff2bc5-37f4-44d0-bb24-6589109dfa8a'
client 2021-03-17 09:02:52,337 [INFO] Session id is '2021-03-17_09-02-52'
client 2021-03-17 09:02:52,337 [INFO] Sources: {"sources": {"client.py": "d1e75cb4b26101220ebd242e584cf3ca5d8f1996", "lib/__init__.py": "da39a3ee5e6b4b0d3255bfef95601890afd80709", "lib/client.py": "d42bebf5b74cb6ff3997e2a6c68422afac111a28", "lib/common.py": "b0bad80d8fa328a7636027d4d66ff453f8dd7889", "lib/external/ntplib.py": "4da8f970656505a40483206ef2b5d3dd5e81711d", "lib/server.py": "2ed36471c7af565d6c8438b2134edad1d7ddf166", "lib/source_hashes.py": "4cedff274c661cb1504052018fd4f00dfbf624ef", "lib/summary.py": "0db15d783907aa92038281af4e465545c0648ddb", "lib/time_sync.py": "76051226ec89287839723352f4162aaa24e0546a", "server.py": "99e1310e3f76292aef1b8792ce6b8c82f1d44d8b", "tests/unit/test_server.py": "64f11775bfed35232a0e8bb9593c0ff992432c59", "tests/unit/test_source_hashes.py": "cb41a7261eaf7d94ba5c0aae9c523174f6204be3"}, "modules": {"__main__": "client.py", "lib.client": "lib/client.py", "lib.common": "lib/common.py", "lib.external.ntplib": "lib/external/ntplib.py", "lib.source_hashes": "lib/source_hashes.py", "lib.summary": "lib/summary.py", "lib.time_sync": "lib/time_sync.py"}}
client 2021-03-17 09:02:52,341 [INFO] Running workload in ranging mode
client 2021-03-17 09:02:52,341 [INFO] Synchronizing with the server and with ib-01.dc4-in.nvidia.com...
client 2021-03-17 09:02:52,549 [INFO] NTP:offset = 0.001 s, delay = 0.202 s 
client 2021-03-17 09:02:52,550 [INFO] Sending command to the server: 'time'
client 2021-03-17 09:02:52,552 [INFO] Got response: '1615996972.6162293'
client 2021-03-17 09:02:52,553 [INFO] The time difference between the client and the server is within range -65.780 ms..-63.199 ms
client 2021-03-17 09:02:52,553 [INFO] Sending command to the server: 'session,2021-03-17_09-02-52,start,ranging'
client 2021-03-17 09:03:21,531 [INFO] Got response: 'OK'
client 2021-03-17 09:03:21,532 [INFO] Running the workload 'LOG_DIR=/home/scratch.mlperf_inf_ci/mlPerf/L1/XavierNX_MaxQ-Commputelab-XavierNX-MaxQ-L1-2-2021-03-17-10-42-27-UTC/mlperf-inference/closed/NVIDIA/build/power_logs_temp python3 code/main.py --benchmarks=ssd-mobilenet --scenarios=Offline --test_mode=PerformanceOnly --config_ver=maxq --action="run_harness" \\\n\t\t&& cp -v /home/scratch.mlperf_inf_ci/mlPerf/L1/XavierNX_MaxQ-Commputelab-XavierNX-MaxQ-L1-2-2021-03-17-10-42-27-UTC/mlperf-inference/closed/NVIDIA/build/power_logs_temp/*/*/*/mlperf_log_detail.txt /home/scratch.mlperf_inf_ci/mlPerf/L1/XavierNX_MaxQ-Commputelab-XavierNX-MaxQ-L1-2-2021-03-17-10-42-27-UTC/mlperf-inference/closed/NVIDIA/build/power_logs_temp/ \\\n\t\t&& cp -v /home/scratch.mlperf_inf_ci/mlPerf/L1/XavierNX_MaxQ-Commputelab-XavierNX-MaxQ-L1-2-2021-03-17-10-42-27-UTC/mlperf-inference/closed/NVIDIA/build/power_logs_temp/*/*/*/mlperf_log_summary.txt /home/scratch.mlperf_inf_ci/mlPerf/L1/XavierNX_MaxQ-Commputelab-XavierNX-MaxQ-L1-2-2021-03-17-10-42-27-UTC/mlperf-inference/closed/NVIDIA/build/power_logs_temp/'
client 2021-03-17 09:15:42,475 [INFO] Sending command to the server: 'session,2021-03-17_09-02-52,stop,ranging'
client 2021-03-17 09:15:52,800 [INFO] Got response: 'OK'
client 2021-03-17 09:15:52,809 [INFO] Packing logs into zip and uploading to the server
client 2021-03-17 09:15:52,844 [INFO] Zip file size: 15.8 kB
client 2021-03-17 09:15:52,865 [INFO] Got response: 'OK'
client 2021-03-17 09:15:52,867 [INFO] Running workload in testing mode
client 2021-03-17 09:15:52,867 [INFO] Synchronizing with the server and with ib-01.dc4-in.nvidia.com...
client 2021-03-17 09:15:53,283 [INFO] NTP:offset = 0.005 s, delay = 0.207 s 
client 2021-03-17 09:15:53,284 [INFO] Sending command to the server: 'time'
client 2021-03-17 09:15:53,291 [INFO] Got response: '1615997753.3498263'
client 2021-03-17 09:15:53,291 [INFO] The time difference between the client and the server is within range -65.442 ms..-57.998 ms
client 2021-03-17 09:15:53,292 [INFO] Sending command to the server: 'session,2021-03-17_09-02-52,start,testing'
client 2021-03-17 09:16:06,362 [INFO] Got response: 'OK'
client 2021-03-17 09:16:06,363 [INFO] Running the workload 'LOG_DIR=/home/scratch.mlperf_inf_ci/mlPerf/L1/XavierNX_MaxQ-Commputelab-XavierNX-MaxQ-L1-2-2021-03-17-10-42-27-UTC/mlperf-inference/closed/NVIDIA/build/power_logs_temp python3 code/main.py --benchmarks=ssd-mobilenet --scenarios=Offline --test_mode=PerformanceOnly --config_ver=maxq --action="run_harness" \\\n\t\t&& cp -v /home/scratch.mlperf_inf_ci/mlPerf/L1/XavierNX_MaxQ-Commputelab-XavierNX-MaxQ-L1-2-2021-03-17-10-42-27-UTC/mlperf-inference/closed/NVIDIA/build/power_logs_temp/*/*/*/mlperf_log_detail.txt /home/scratch.mlperf_inf_ci/mlPerf/L1/XavierNX_MaxQ-Commputelab-XavierNX-MaxQ-L1-2-2021-03-17-10-42-27-UTC/mlperf-inference/closed/NVIDIA/build/power_logs_temp/ \\\n\t\t&& cp -v /home/scratch.mlperf_inf_ci/mlPerf/L1/XavierNX_MaxQ-Commputelab-XavierNX-MaxQ-L1-2-2021-03-17-10-42-27-UTC/mlperf-inference/closed/NVIDIA/build/power_logs_temp/*/*/*/mlperf_log_summary.txt /home/scratch.mlperf_inf_ci/mlPerf/L1/XavierNX_MaxQ-Commputelab-XavierNX-MaxQ-L1-2-2021-03-17-10-42-27-UTC/mlperf-inference/closed/NVIDIA/build/power_logs_temp/'
client 2021-03-17 09:28:18,405 [INFO] Sending command to the server: 'session,2021-03-17_09-02-52,stop,testing'
client 2021-03-17 09:28:28,583 [INFO] Got response: 'OK'
client 2021-03-17 09:28:28,591 [INFO] Packing logs into zip and uploading to the server
client 2021-03-17 09:28:28,626 [INFO] Zip file size: 15.8 kB
client 2021-03-17 09:28:28,646 [INFO] Got response: 'OK'
client 2021-03-17 09:28:28,647 [INFO] Done runs
