ptd-server 2021-03-17 09:02:52,147 [INFO] Got command from the client 'stop'
ptd-server 2021-03-17 09:02:52,147 [INFO] The server will be stopped after processing this client
ptd-server 2021-03-17 09:02:52,147 [INFO] Sending reply to client 'OK'
ptd-server 2021-03-17 09:02:52,397 [INFO] Got command from the client 'time'
ptd-server 2021-03-17 09:02:52,397 [INFO] Sending reply to client '1615996972.3975265'
ptd-server 2021-03-17 09:02:52,397 [INFO] Got command from the client 'new,,c63833d2-324d-415e-b379-deca71fb1db4'
ptd-server 2021-03-17 09:02:52,397 [INFO] Sending reply to client 'OK 2021-03-17_09-02-52,a6ff2bc5-37f4-44d0-bb24-6589109dfa8a'
ptd-server 2021-03-17 09:02:52,616 [INFO] Got command from the client 'time'
ptd-server 2021-03-17 09:02:52,616 [INFO] Sending reply to client '1615996972.6162293'
ptd-server 2021-03-17 09:02:52,616 [INFO] Got command from the client 'session,2021-03-17_09-02-52,start,ranging'
ptd-server 2021-03-17 09:02:52,725 [INFO] Running PTDaemon: ['C:\\PTD\\ptd-windows-x86.exe', '-l', 'C:\\logs_ptdeamon.txt', '-p', '8888', '-c', '1', '-y', '52', '10.32.209.251']
ptd-server 2021-03-17 09:03:10,549 [INFO] Sending to ptd: 'Hello'
ptd-server 2021-03-17 09:03:10,549 [INFO] Reply from ptd: 'Hello, PTDaemon here!'
ptd-server 2021-03-17 09:03:10,549 [INFO] Sending to ptd: 'Identify'
ptd-server 2021-03-17 09:03:10,549 [INFO] Reply from ptd: 'YokogawaWT330E,1000,1,1,1,1,0,0,1,version=1.9.2-3976349f-20201208,OS=Windows 8 / Server 2012,mode=power,1,1,1,0,0,no_cal_date,YOKOGAWA;WT333E;C2VL22012V;F1.03'
ptd-server 2021-03-17 09:03:10,549 [INFO] Connected to PTDaemon
ptd-server 2021-03-17 09:03:10,549 [INFO] Sending to ptd: 'RR'
ptd-server 2021-03-17 09:03:10,549 [INFO] Reply from ptd: 'Ranges,0,0.500000,0,150.000000'
ptd-server 2021-03-17 09:03:10,549 [INFO] Initial range for Amps is 0.500000 for Volts is 150.000000
ptd-server 2021-03-17 09:03:10,549 [INFO] Sending to ptd: 'SR,V,Auto'
ptd-server 2021-03-17 09:03:11,064 [INFO] Reply from ptd: 'Range V changed'
ptd-server 2021-03-17 09:03:11,064 [INFO] Sending to ptd: 'SR,A,Auto'
ptd-server 2021-03-17 09:03:11,580 [INFO] Reply from ptd: 'Range A changed'
ptd-server 2021-03-17 09:03:21,593 [INFO] Starting ranging mode
ptd-server 2021-03-17 09:03:21,593 [INFO] Sending to ptd: 'Go,1000,0,2021-03-17_09-02-52_ranging'
ptd-server 2021-03-17 09:03:21,593 [INFO] Reply from ptd: 'Starting untimed measurement, maximum 500000 samples at 1000ms with 0 rampup samples'
ptd-server 2021-03-17 09:03:21,593 [INFO] Sending reply to client 'OK'
ptd-server 2021-03-17 09:15:42,542 [INFO] Got command from the client 'session,2021-03-17_09-02-52,stop,ranging'
ptd-server 2021-03-17 09:15:52,553 [INFO] Sending to ptd: 'Stop'
ptd-server 2021-03-17 09:15:52,553 [INFO] Reply from ptd: 'Stopping untimed measurement'
ptd-server 2021-03-17 09:15:52,865 [INFO] Sending reply to client 'OK'
ptd-server 2021-03-17 09:15:52,912 [INFO] Got command from the client 'session,2021-03-17_09-02-52,upload,ranging'
ptd-server 2021-03-17 09:15:52,912 [INFO] Received 'C:\\ptd-logs\\2021-03-17_09-02-52ranging.tmp'
ptd-server 2021-03-17 09:15:52,928 [INFO] Extracted 'C:\\ptd-logs\\2021-03-17_09-02-52ranging.tmp' into 'C:\\ptd-logs\\2021-03-17_09-02-52\\ranging'
ptd-server 2021-03-17 09:15:52,928 [INFO] Removed 'C:\\ptd-logs\\2021-03-17_09-02-52ranging.tmp'
ptd-server 2021-03-17 09:15:52,928 [INFO] Sending reply to client 'OK'
ptd-server 2021-03-17 09:15:53,349 [INFO] Got command from the client 'time'
ptd-server 2021-03-17 09:15:53,349 [INFO] Sending reply to client '1615997753.3498263'
ptd-server 2021-03-17 09:15:53,349 [INFO] Got command from the client 'session,2021-03-17_09-02-52,start,testing'
ptd-server 2021-03-17 09:15:53,365 [INFO] Sending to ptd: 'SR,V,119.970000'
ptd-server 2021-03-17 09:15:54,896 [INFO] Reply from ptd: 'Range V changed'
ptd-server 2021-03-17 09:15:54,896 [INFO] Sending to ptd: 'SR,A,0.404000'
ptd-server 2021-03-17 09:15:56,427 [INFO] Reply from ptd: 'Range A changed'
ptd-server 2021-03-17 09:16:06,427 [INFO] Starting testing mode
ptd-server 2021-03-17 09:16:06,427 [INFO] Sending to ptd: 'Go,1000,0,2021-03-17_09-02-52_testing'
ptd-server 2021-03-17 09:16:06,427 [INFO] Reply from ptd: 'Starting untimed measurement, maximum 500000 samples at 1000ms with 0 rampup samples'
ptd-server 2021-03-17 09:16:06,427 [INFO] Sending reply to client 'OK'
ptd-server 2021-03-17 09:28:18,476 [INFO] Got command from the client 'session,2021-03-17_09-02-52,stop,testing'
ptd-server 2021-03-17 09:28:28,490 [INFO] Sending to ptd: 'Stop'
ptd-server 2021-03-17 09:28:28,490 [INFO] Reply from ptd: 'Stopping untimed measurement'
ptd-server 2021-03-17 09:28:28,646 [INFO] Sending reply to client 'OK'
ptd-server 2021-03-17 09:28:28,693 [INFO] Got command from the client 'session,2021-03-17_09-02-52,upload,testing'
ptd-server 2021-03-17 09:28:28,693 [INFO] Received 'C:\\ptd-logs\\2021-03-17_09-02-52testing.tmp'
ptd-server 2021-03-17 09:28:28,709 [INFO] Extracted 'C:\\ptd-logs\\2021-03-17_09-02-52testing.tmp' into 'C:\\ptd-logs\\2021-03-17_09-02-52\\run_1'
ptd-server 2021-03-17 09:28:28,709 [INFO] Removed 'C:\\ptd-logs\\2021-03-17_09-02-52testing.tmp'
ptd-server 2021-03-17 09:28:28,709 [INFO] Sending reply to client 'OK'
ptd-server 2021-03-17 09:28:28,724 [INFO] Got command from the client 'session,2021-03-17_09-02-52,upload,client.log'
ptd-server 2021-03-17 09:28:28,724 [INFO] Received 'C:\\ptd-logs\\2021-03-17_09-02-52client.log.tmp'
ptd-server 2021-03-17 09:28:28,740 [INFO] Removed 'C:\\ptd-logs\\2021-03-17_09-02-52client.log.tmp'
ptd-server 2021-03-17 09:28:28,740 [INFO] Sending reply to client 'OK'
ptd-server 2021-03-17 09:28:28,771 [INFO] Got command from the client 'session,2021-03-17_09-02-52,upload,client.json'
ptd-server 2021-03-17 09:28:28,787 [INFO] Received 'C:\\ptd-logs\\2021-03-17_09-02-52client.json.tmp'
ptd-server 2021-03-17 09:28:28,787 [INFO] Removed 'C:\\ptd-logs\\2021-03-17_09-02-52client.json.tmp'
ptd-server 2021-03-17 09:28:28,787 [INFO] Sending reply to client 'OK'
ptd-server 2021-03-17 09:28:28,787 [INFO] Got command from the client 'session,2021-03-17_09-02-52,done'
ptd-server 2021-03-17 09:28:28,787 [INFO] Sending to ptd: 'Stop'
ptd-server 2021-03-17 09:28:29,443 [INFO] Reply from ptd: 'Error: no measurement to stop'
ptd-server 2021-03-17 09:28:29,443 [INFO] Sending to ptd: 'SR,V,150.000000'
ptd-server 2021-03-17 09:28:30,974 [INFO] Reply from ptd: 'Range V changed'
ptd-server 2021-03-17 09:28:30,974 [INFO] Sending to ptd: 'SR,A,0.500000'
ptd-server 2021-03-17 09:28:32,505 [INFO] Reply from ptd: 'Range A changed'
ptd-server 2021-03-17 09:28:32,505 [INFO] Set initial values for Amps 0.500000 and Volts 150.000000
ptd-server 2021-03-17 09:28:32,505 [INFO] Stopping ptd...
