ptd-server 2021-03-06 22:17:17,856 [INFO] Got command from the client 'time'
ptd-server 2021-03-06 22:17:17,856 [INFO] Sending reply to client '1615069037.8563566'
ptd-server 2021-03-06 22:17:17,860 [INFO] Got command from the client 'new,,26c94490-ae51-4cba-85fc-1278258ee34f'
ptd-server 2021-03-06 22:17:17,860 [INFO] Sending reply to client 'OK 2021-03-06_22-17-17,194025f3-82a0-436f-9755-52bf55bcd669'
ptd-server 2021-03-06 22:17:17,895 [INFO] Got command from the client 'time'
ptd-server 2021-03-06 22:17:17,895 [INFO] Sending reply to client '1615069037.895404'
ptd-server 2021-03-06 22:17:17,898 [INFO] Got command from the client 'session,2021-03-06_22-17-17,start,ranging'
ptd-server 2021-03-06 22:17:17,898 [INFO] Running PTDaemon: ['/home/anton/projects/mlperf/power/inference_v1.0/ptd-linux-x86', '-l', 'ptd.log', '-p', '8888', '52', '/dev/usbtmc0']
ptd-server 2021-03-06 22:17:35,065 [INFO] Sending to ptd: 'Hello'
ptd-server 2021-03-06 22:17:35,066 [INFO] Reply from ptd: 'Hello, PTDaemon here!'
ptd-server 2021-03-06 22:17:35,066 [INFO] Sending to ptd: 'Identify'
ptd-server 2021-03-06 22:17:35,066 [INFO] Reply from ptd: 'YokogawaWT330E,1000,1,1,1,1,0,0,1,version=1.9.2-e8c7a49a-20201208,OS=Linux 5.8.0-43-generic #49~20.04.1-Ubuntu SMP Fri Feb 5 09:57:56 UTC 2021 x86_64,mode=power,1,1,1,0,0,no_cal_date,YOKOGAWA;WT333E;C3VD30030E;F1.04'
ptd-server 2021-03-06 22:17:35,067 [INFO] Connected to PTDaemon
ptd-server 2021-03-06 22:17:35,067 [INFO] Sending to ptd: 'RR'
ptd-server 2021-03-06 22:17:35,067 [INFO] Reply from ptd: 'Ranges,0,0.500000,0,300.000000'
ptd-server 2021-03-06 22:17:35,067 [INFO] Initial range for Amps is 0.500000 for Volts is 300.000000
ptd-server 2021-03-06 22:17:35,067 [INFO] Sending to ptd: 'SR,V,Auto'
ptd-server 2021-03-06 22:17:35,597 [INFO] Reply from ptd: 'Range V changed'
ptd-server 2021-03-06 22:17:35,597 [INFO] Sending to ptd: 'SR,A,Auto'
ptd-server 2021-03-06 22:17:36,100 [INFO] Reply from ptd: 'Range A changed'
ptd-server 2021-03-06 22:17:46,108 [INFO] Starting ranging mode
ptd-server 2021-03-06 22:17:46,108 [INFO] Sending to ptd: 'Go,1000,0,2021-03-06_22-17-17_ranging'
ptd-server 2021-03-06 22:17:46,109 [INFO] Reply from ptd: 'Starting untimed measurement, maximum 500000 samples at 1000ms with 0 rampup samples'
ptd-server 2021-03-06 22:17:46,109 [INFO] Sending reply to client 'OK'
ptd-server 2021-03-06 22:28:18,277 [INFO] Got command from the client 'session,2021-03-06_22-17-17,stop,ranging'
ptd-server 2021-03-06 22:28:28,287 [INFO] Sending to ptd: 'Stop'
ptd-server 2021-03-06 22:28:28,287 [INFO] Reply from ptd: 'Stopping untimed measurement'
ptd-server 2021-03-06 22:28:28,769 [INFO] Sending reply to client 'OK'
ptd-server 2021-03-06 22:28:28,808 [INFO] Got command from the client 'time'
ptd-server 2021-03-06 22:28:28,809 [INFO] Sending reply to client '1615069708.8090863'
ptd-server 2021-03-06 22:28:28,813 [INFO] Got command from the client 'session,2021-03-06_22-17-17,start,testing'
ptd-server 2021-03-06 22:28:28,813 [INFO] Sending to ptd: 'SR,V,250.340000'
ptd-server 2021-03-06 22:28:30,611 [INFO] Reply from ptd: 'Range V changed'
ptd-server 2021-03-06 22:28:30,611 [INFO] Sending to ptd: 'SR,A,0.055080'
ptd-server 2021-03-06 22:28:32,112 [INFO] Reply from ptd: 'Range A changed'
ptd-server 2021-03-06 22:28:42,122 [INFO] Starting testing mode
ptd-server 2021-03-06 22:28:42,123 [INFO] Sending to ptd: 'Go,1000,0,2021-03-06_22-17-17_testing'
ptd-server 2021-03-06 22:28:42,123 [INFO] Reply from ptd: 'Starting untimed measurement, maximum 500000 samples at 1000ms with 0 rampup samples'
ptd-server 2021-03-06 22:28:42,123 [INFO] Sending reply to client 'OK'
ptd-server 2021-03-06 22:39:19,278 [INFO] Got command from the client 'session,2021-03-06_22-17-17,stop,testing'
ptd-server 2021-03-06 22:39:29,288 [INFO] Sending to ptd: 'Stop'
ptd-server 2021-03-06 22:39:29,288 [INFO] Reply from ptd: 'Stopping untimed measurement'
ptd-server 2021-03-06 22:39:29,532 [INFO] Sending reply to client 'OK'
ptd-server 2021-03-06 22:39:29,540 [INFO] Got command from the client 'session,2021-03-06_22-17-17,upload,client.log'
ptd-server 2021-03-06 22:39:29,544 [INFO] Received '/home/anton/projects/mlperf/power-dev/output/2021-03-06_22-17-17client.log.tmp'
ptd-server 2021-03-06 22:39:29,544 [INFO] Removed '/home/anton/projects/mlperf/power-dev/output/2021-03-06_22-17-17client.log.tmp'
ptd-server 2021-03-06 22:39:29,544 [INFO] Sending reply to client 'OK'
ptd-server 2021-03-06 22:39:29,557 [INFO] Got command from the client 'session,2021-03-06_22-17-17,upload,client.json'
ptd-server 2021-03-06 22:39:29,559 [INFO] Received '/home/anton/projects/mlperf/power-dev/output/2021-03-06_22-17-17client.json.tmp'
ptd-server 2021-03-06 22:39:29,560 [INFO] Removed '/home/anton/projects/mlperf/power-dev/output/2021-03-06_22-17-17client.json.tmp'
ptd-server 2021-03-06 22:39:29,560 [INFO] Sending reply to client 'OK'
ptd-server 2021-03-06 22:39:29,563 [INFO] Got command from the client 'session,2021-03-06_22-17-17,done'
ptd-server 2021-03-06 22:39:29,563 [INFO] Sending to ptd: 'Stop'
ptd-server 2021-03-06 22:39:30,124 [INFO] Reply from ptd: 'Error: no measurement to stop'
ptd-server 2021-03-06 22:39:30,124 [INFO] Sending to ptd: 'SR,V,300.000000'
ptd-server 2021-03-06 22:39:31,625 [INFO] Reply from ptd: 'Range V changed'
ptd-server 2021-03-06 22:39:31,626 [INFO] Sending to ptd: 'SR,A,0.500000'
ptd-server 2021-03-06 22:39:33,127 [INFO] Reply from ptd: 'Range A changed'
ptd-server 2021-03-06 22:39:33,127 [INFO] Set initial values for Amps 0.500000 and Volts 300.000000
ptd-server 2021-03-06 22:39:33,127 [INFO] Stopping ptd...
