ptd-server 2021-03-01 04:43:59,403 [INFO] Got command from the client 'time'
ptd-server 2021-03-01 04:43:59,404 [INFO] Sending reply to client '1614573839.4040768'
ptd-server 2021-03-01 04:43:59,405 [INFO] Got command from the client 'new,,a9f40f11-08af-40b9-9f8e-c8288f2d3b2e'
ptd-server 2021-03-01 04:43:59,405 [INFO] Sending reply to client 'OK 2021-03-01_04-43-59,d777682c-8e69-4c78-aa7d-557e750605bd'
ptd-server 2021-03-01 04:43:59,433 [INFO] Got command from the client 'time'
ptd-server 2021-03-01 04:43:59,434 [INFO] Sending reply to client '1614573839.4340594'
ptd-server 2021-03-01 04:43:59,435 [INFO] Got command from the client 'session,2021-03-01_04-43-59,start,ranging'
ptd-server 2021-03-01 04:43:59,435 [INFO] Running PTDaemon: ['/home/anton/projects/mlperf/power/inference_v1.0/ptd-linux-x86', '-l', 'ptd.log', '-p', '8888', '52', '/dev/usbtmc0']
ptd-server 2021-03-01 04:44:16,604 [INFO] Sending to ptd: 'Hello'
ptd-server 2021-03-01 04:44:16,605 [INFO] Reply from ptd: 'Hello, PTDaemon here!'
ptd-server 2021-03-01 04:44:16,605 [INFO] Sending to ptd: 'Identify'
ptd-server 2021-03-01 04:44:16,605 [INFO] Reply from ptd: 'YokogawaWT330E,1000,1,1,1,1,0,0,1,version=1.9.2-e8c7a49a-20201208,OS=Linux 5.8.0-43-generic #49~20.04.1-Ubuntu SMP Fri Feb 5 09:57:56 UTC 2021 x86_64,mode=power,1,1,1,0,0,no_cal_date,YOKOGAWA;WT333E;C3VD30030E;F1.04'
ptd-server 2021-03-01 04:44:16,606 [INFO] Connected to PTDaemon
ptd-server 2021-03-01 04:44:16,606 [INFO] Sending to ptd: 'RR'
ptd-server 2021-03-01 04:44:16,606 [INFO] Reply from ptd: 'Ranges,0,0.500000,0,300.000000'
ptd-server 2021-03-01 04:44:16,606 [INFO] Initial range for Amps is 0.500000 for Volts is 300.000000
ptd-server 2021-03-01 04:44:16,606 [INFO] Sending to ptd: 'SR,V,Auto'
ptd-server 2021-03-01 04:44:17,109 [INFO] Reply from ptd: 'Range V changed'
ptd-server 2021-03-01 04:44:17,109 [INFO] Sending to ptd: 'SR,A,Auto'
ptd-server 2021-03-01 04:44:17,611 [INFO] Reply from ptd: 'Range A changed'
ptd-server 2021-03-01 04:44:27,622 [INFO] Starting ranging mode
ptd-server 2021-03-01 04:44:27,622 [INFO] Sending to ptd: 'Go,1000,0,2021-03-01_04-43-59_ranging'
ptd-server 2021-03-01 04:44:27,622 [INFO] Reply from ptd: 'Starting untimed measurement, maximum 500000 samples at 1000ms with 0 rampup samples'
ptd-server 2021-03-01 04:44:27,623 [INFO] Sending reply to client 'OK'
ptd-server 2021-03-01 04:54:42,793 [INFO] Got command from the client 'session,2021-03-01_04-43-59,stop,ranging'
ptd-server 2021-03-01 04:54:52,803 [INFO] Sending to ptd: 'Stop'
ptd-server 2021-03-01 04:54:52,804 [INFO] Reply from ptd: 'Stopping untimed measurement'
ptd-server 2021-03-01 04:54:53,043 [INFO] Sending reply to client 'OK'
ptd-server 2021-03-01 04:54:53,087 [INFO] Got command from the client 'time'
ptd-server 2021-03-01 04:54:53,087 [INFO] Sending reply to client '1614574493.0876617'
ptd-server 2021-03-01 04:54:53,088 [INFO] Got command from the client 'session,2021-03-01_04-43-59,start,testing'
ptd-server 2021-03-01 04:54:53,089 [INFO] Sending to ptd: 'SR,V,250.270000'
ptd-server 2021-03-01 04:54:55,124 [INFO] Reply from ptd: 'Range V changed'
ptd-server 2021-03-01 04:54:55,124 [INFO] Sending to ptd: 'SR,A,0.172980'
ptd-server 2021-03-01 04:54:56,625 [INFO] Reply from ptd: 'Range A changed'
ptd-server 2021-03-01 04:55:06,636 [INFO] Starting testing mode
ptd-server 2021-03-01 04:55:06,636 [INFO] Sending to ptd: 'Go,1000,0,2021-03-01_04-43-59_testing'
ptd-server 2021-03-01 04:55:06,636 [INFO] Reply from ptd: 'Starting untimed measurement, maximum 500000 samples at 1000ms with 0 rampup samples'
ptd-server 2021-03-01 04:55:06,637 [INFO] Sending reply to client 'OK'
ptd-server 2021-03-01 05:05:21,788 [INFO] Got command from the client 'session,2021-03-01_04-43-59,stop,testing'
ptd-server 2021-03-01 05:05:31,799 [INFO] Sending to ptd: 'Stop'
ptd-server 2021-03-01 05:05:31,799 [INFO] Reply from ptd: 'Stopping untimed measurement'
ptd-server 2021-03-01 05:05:31,930 [INFO] Sending reply to client 'OK'
ptd-server 2021-03-01 05:05:31,934 [INFO] Got command from the client 'session,2021-03-01_04-43-59,upload,client.log'
ptd-server 2021-03-01 05:05:31,934 [INFO] Received '/home/anton/projects/mlperf/power-dev/output/2021-03-01_04-43-59client.log.tmp'
ptd-server 2021-03-01 05:05:31,935 [INFO] Removed '/home/anton/projects/mlperf/power-dev/output/2021-03-01_04-43-59client.log.tmp'
ptd-server 2021-03-01 05:05:31,935 [INFO] Sending reply to client 'OK'
ptd-server 2021-03-01 05:05:31,939 [INFO] Got command from the client 'session,2021-03-01_04-43-59,upload,client.json'
ptd-server 2021-03-01 05:05:31,939 [INFO] Received '/home/anton/projects/mlperf/power-dev/output/2021-03-01_04-43-59client.json.tmp'
ptd-server 2021-03-01 05:05:31,939 [INFO] Removed '/home/anton/projects/mlperf/power-dev/output/2021-03-01_04-43-59client.json.tmp'
ptd-server 2021-03-01 05:05:31,939 [INFO] Sending reply to client 'OK'
ptd-server 2021-03-01 05:05:31,940 [INFO] Got command from the client 'session,2021-03-01_04-43-59,done'
ptd-server 2021-03-01 05:05:31,940 [INFO] Sending to ptd: 'Stop'
ptd-server 2021-03-01 05:05:32,637 [INFO] Reply from ptd: 'Error: no measurement to stop'
ptd-server 2021-03-01 05:05:32,637 [INFO] Sending to ptd: 'SR,V,300.000000'
ptd-server 2021-03-01 05:05:34,138 [INFO] Reply from ptd: 'Range V changed'
ptd-server 2021-03-01 05:05:34,138 [INFO] Sending to ptd: 'SR,A,0.500000'
ptd-server 2021-03-01 05:05:35,640 [INFO] Reply from ptd: 'Range A changed'
ptd-server 2021-03-01 05:05:35,640 [INFO] Set initial values for Amps 0.500000 and Volts 300.000000
ptd-server 2021-03-01 05:05:35,640 [INFO] Stopping ptd...
