ptd-server 2021-03-02 00:06:08,592 [INFO] Got command from the client 'time'
ptd-server 2021-03-02 00:06:08,592 [INFO] Sending reply to client '1614643568.5927792'
ptd-server 2021-03-02 00:06:08,593 [INFO] Got command from the client 'new,,770cb622-de97-4854-aaff-c7a16423ead8'
ptd-server 2021-03-02 00:06:08,594 [INFO] Sending reply to client 'OK 2021-03-02_00-06-08,34ac3039-38f7-43f4-9d89-64ec941feddc'
ptd-server 2021-03-02 00:06:08,626 [INFO] Got command from the client 'time'
ptd-server 2021-03-02 00:06:08,626 [INFO] Sending reply to client '1614643568.6268327'
ptd-server 2021-03-02 00:06:08,628 [INFO] Got command from the client 'session,2021-03-02_00-06-08,start,ranging'
ptd-server 2021-03-02 00:06:08,628 [INFO] Running PTDaemon: ['/home/anton/projects/mlperf/power/inference_v1.0/ptd-linux-x86', '-l', 'ptd.log', '-p', '8888', '52', '/dev/usbtmc0']
ptd-server 2021-03-02 00:06:25,796 [INFO] Sending to ptd: 'Hello'
ptd-server 2021-03-02 00:06:25,796 [INFO] Reply from ptd: 'Hello, PTDaemon here!'
ptd-server 2021-03-02 00:06:25,797 [INFO] Sending to ptd: 'Identify'
ptd-server 2021-03-02 00:06:25,797 [INFO] Reply from ptd: 'YokogawaWT330E,1000,1,1,1,1,0,0,1,version=1.9.2-e8c7a49a-20201208,OS=Linux 5.8.0-43-generic #49~20.04.1-Ubuntu SMP Fri Feb 5 09:57:56 UTC 2021 x86_64,mode=power,1,1,1,0,0,no_cal_date,YOKOGAWA;WT333E;C3VD30030E;F1.04'
ptd-server 2021-03-02 00:06:25,797 [INFO] Connected to PTDaemon
ptd-server 2021-03-02 00:06:25,797 [INFO] Sending to ptd: 'RR'
ptd-server 2021-03-02 00:06:25,798 [INFO] Reply from ptd: 'Ranges,0,0.500000,0,300.000000'
ptd-server 2021-03-02 00:06:25,798 [INFO] Initial range for Amps is 0.500000 for Volts is 300.000000
ptd-server 2021-03-02 00:06:25,798 [INFO] Sending to ptd: 'SR,V,Auto'
ptd-server 2021-03-02 00:06:26,300 [INFO] Reply from ptd: 'Range V changed'
ptd-server 2021-03-02 00:06:26,301 [INFO] Sending to ptd: 'SR,A,Auto'
ptd-server 2021-03-02 00:06:26,803 [INFO] Reply from ptd: 'Range A changed'
ptd-server 2021-03-02 00:06:36,813 [INFO] Starting ranging mode
ptd-server 2021-03-02 00:06:36,813 [INFO] Sending to ptd: 'Go,1000,0,2021-03-02_00-06-08_ranging'
ptd-server 2021-03-02 00:06:36,814 [INFO] Reply from ptd: 'Starting untimed measurement, maximum 500000 samples at 1000ms with 0 rampup samples'
ptd-server 2021-03-02 00:06:36,814 [INFO] Sending reply to client 'OK'
ptd-server 2021-03-02 00:16:58,636 [INFO] Got command from the client 'session,2021-03-02_00-06-08,stop,ranging'
ptd-server 2021-03-02 00:17:08,647 [INFO] Sending to ptd: 'Stop'
ptd-server 2021-03-02 00:17:08,647 [INFO] Reply from ptd: 'Stopping untimed measurement'
ptd-server 2021-03-02 00:17:08,917 [INFO] Sending reply to client 'OK'
ptd-server 2021-03-02 00:17:08,955 [INFO] Got command from the client 'time'
ptd-server 2021-03-02 00:17:08,955 [INFO] Sending reply to client '1614644228.9551864'
ptd-server 2021-03-02 00:17:08,956 [INFO] Got command from the client 'session,2021-03-02_00-06-08,start,testing'
ptd-server 2021-03-02 00:17:08,956 [INFO] Sending to ptd: 'SR,V,250.380000'
ptd-server 2021-03-02 00:17:10,457 [INFO] Reply from ptd: 'Range V changed'
ptd-server 2021-03-02 00:17:10,458 [INFO] Sending to ptd: 'SR,A,0.173110'
ptd-server 2021-03-02 00:17:11,959 [INFO] Reply from ptd: 'Range A changed'
ptd-server 2021-03-02 00:17:21,969 [INFO] Starting testing mode
ptd-server 2021-03-02 00:17:21,969 [INFO] Sending to ptd: 'Go,1000,0,2021-03-02_00-06-08_testing'
ptd-server 2021-03-02 00:17:21,970 [INFO] Reply from ptd: 'Starting untimed measurement, maximum 500000 samples at 1000ms with 0 rampup samples'
ptd-server 2021-03-02 00:17:21,970 [INFO] Sending reply to client 'OK'
ptd-server 2021-03-02 00:27:41,084 [INFO] Got command from the client 'session,2021-03-02_00-06-08,stop,testing'
ptd-server 2021-03-02 00:27:51,094 [INFO] Sending to ptd: 'Stop'
ptd-server 2021-03-02 00:27:51,095 [INFO] Reply from ptd: 'Stopping untimed measurement'
ptd-server 2021-03-02 00:27:51,241 [INFO] Sending reply to client 'OK'
ptd-server 2021-03-02 00:27:51,251 [INFO] Got command from the client 'session,2021-03-02_00-06-08,upload,client.log'
ptd-server 2021-03-02 00:27:51,252 [INFO] Received '/home/anton/projects/mlperf/power-dev/output/2021-03-02_00-06-08client.log.tmp'
ptd-server 2021-03-02 00:27:51,252 [INFO] Removed '/home/anton/projects/mlperf/power-dev/output/2021-03-02_00-06-08client.log.tmp'
ptd-server 2021-03-02 00:27:51,252 [INFO] Sending reply to client 'OK'
ptd-server 2021-03-02 00:27:51,257 [INFO] Got command from the client 'session,2021-03-02_00-06-08,upload,client.json'
ptd-server 2021-03-02 00:27:51,257 [INFO] Received '/home/anton/projects/mlperf/power-dev/output/2021-03-02_00-06-08client.json.tmp'
ptd-server 2021-03-02 00:27:51,258 [INFO] Removed '/home/anton/projects/mlperf/power-dev/output/2021-03-02_00-06-08client.json.tmp'
ptd-server 2021-03-02 00:27:51,258 [INFO] Sending reply to client 'OK'
ptd-server 2021-03-02 00:27:51,259 [INFO] Got command from the client 'session,2021-03-02_00-06-08,done'
ptd-server 2021-03-02 00:27:51,259 [INFO] Sending to ptd: 'Stop'
ptd-server 2021-03-02 00:27:51,971 [INFO] Reply from ptd: 'Error: no measurement to stop'
ptd-server 2021-03-02 00:27:51,971 [INFO] Sending to ptd: 'SR,V,300.000000'
ptd-server 2021-03-02 00:27:53,472 [INFO] Reply from ptd: 'Range V changed'
ptd-server 2021-03-02 00:27:53,472 [INFO] Sending to ptd: 'SR,A,0.500000'
ptd-server 2021-03-02 00:27:54,974 [INFO] Reply from ptd: 'Range A changed'
ptd-server 2021-03-02 00:27:54,974 [INFO] Set initial values for Amps 0.500000 and Volts 300.000000
ptd-server 2021-03-02 00:27:54,974 [INFO] Stopping ptd...
