client 2021-03-17 20:34:38,343 [WARNING] Removing old loadgen logs directory '/home/scratch.mlperf_inf_ci/mlPerf/L1/Xavier_MaxQ-Computelab-Xavier-MaxQ-L1-5-2021-03-17-23-28-24-UTC/mlperf-inference/closed/NVIDIA/build/power_logs_temp'
client 2021-03-17 20:34:38,365 [INFO] Sending command to the server: 'mlcommons/power client v3'
client 2021-03-17 20:34:38,369 [INFO] Got response: 'mlcommons/power server v3'
client 2021-03-17 20:34:38,370 [INFO] Sending command to the server: 'stop'
client 2021-03-17 20:34:38,371 [INFO] Got response: 'OK'
client 2021-03-17 20:34:38,371 [INFO] Synchronizing with the server and with ib-01.dc4-in.nvidia.com...
client 2021-03-17 20:34:38,598 [INFO] NTP:offset = -0.001 s, delay = 0.205 s 
client 2021-03-17 20:34:38,599 [INFO] Sending command to the server: 'time'
client 2021-03-17 20:34:38,600 [INFO] Got response: '1616038478.5468667'
client 2021-03-17 20:34:38,601 [INFO] The time difference between the client and the server is within range 51.825 ms..54.545 ms
client 2021-03-17 20:34:38,601 [INFO] Sending command to the server: 'new,,ef7d9667-755b-413b-815e-59d04c7e1e39'
client 2021-03-17 20:34:38,604 [INFO] Got response: 'OK 2021-03-17_20-34-38,d2c39bc6-9cf0-4683-918e-593aa91179c0'
client 2021-03-17 20:34:38,604 [INFO] Session id is '2021-03-17_20-34-38'
client 2021-03-17 20:34:38,605 [INFO] Sources: {"sources": {"client.py": "d1e75cb4b26101220ebd242e584cf3ca5d8f1996", "lib/__init__.py": "da39a3ee5e6b4b0d3255bfef95601890afd80709", "lib/client.py": "d42bebf5b74cb6ff3997e2a6c68422afac111a28", "lib/common.py": "b0bad80d8fa328a7636027d4d66ff453f8dd7889", "lib/external/ntplib.py": "4da8f970656505a40483206ef2b5d3dd5e81711d", "lib/server.py": "2ed36471c7af565d6c8438b2134edad1d7ddf166", "lib/source_hashes.py": "4cedff274c661cb1504052018fd4f00dfbf624ef", "lib/summary.py": "0db15d783907aa92038281af4e465545c0648ddb", "lib/time_sync.py": "76051226ec89287839723352f4162aaa24e0546a", "server.py": "99e1310e3f76292aef1b8792ce6b8c82f1d44d8b", "tests/unit/test_server.py": "64f11775bfed35232a0e8bb9593c0ff992432c59", "tests/unit/test_source_hashes.py": "cb41a7261eaf7d94ba5c0aae9c523174f6204be3"}, "modules": {"__main__": "client.py", "lib.client": "lib/client.py", "lib.common": "lib/common.py", "lib.external.ntplib": "lib/external/ntplib.py", "lib.source_hashes": "lib/source_hashes.py", "lib.summary": "lib/summary.py", "lib.time_sync": "lib/time_sync.py"}}
client 2021-03-17 20:34:38,609 [INFO] Running workload in ranging mode
client 2021-03-17 20:34:38,609 [INFO] Synchronizing with the server and with ib-01.dc4-in.nvidia.com...
client 2021-03-17 20:34:38,817 [INFO] NTP:offset = -0.002 s, delay = 0.202 s 
client 2021-03-17 20:34:38,818 [INFO] Sending command to the server: 'time'
client 2021-03-17 20:34:38,819 [INFO] Got response: '1616038478.7655563'
client 2021-03-17 20:34:38,820 [INFO] The time difference between the client and the server is within range 52.615 ms..54.703 ms
client 2021-03-17 20:34:38,820 [INFO] Sending command to the server: 'session,2021-03-17_20-34-38,start,ranging'
client 2021-03-17 20:35:07,812 [INFO] Got response: 'OK'
client 2021-03-17 20:35:07,812 [INFO] Running the workload 'LOG_DIR=/home/scratch.mlperf_inf_ci/mlPerf/L1/Xavier_MaxQ-Computelab-Xavier-MaxQ-L1-5-2021-03-17-23-28-24-UTC/mlperf-inference/closed/NVIDIA/build/power_logs_temp python3 code/main.py --benchmarks=resnet50 --scenarios=Offline --test_mode=PerformanceOnly --config_ver=maxq --action="run_harness" \\\n\t\t&& cp -v /home/scratch.mlperf_inf_ci/mlPerf/L1/Xavier_MaxQ-Computelab-Xavier-MaxQ-L1-5-2021-03-17-23-28-24-UTC/mlperf-inference/closed/NVIDIA/build/power_logs_temp/*/*/*/mlperf_log_detail.txt /home/scratch.mlperf_inf_ci/mlPerf/L1/Xavier_MaxQ-Computelab-Xavier-MaxQ-L1-5-2021-03-17-23-28-24-UTC/mlperf-inference/closed/NVIDIA/build/power_logs_temp/ \\\n\t\t&& cp -v /home/scratch.mlperf_inf_ci/mlPerf/L1/Xavier_MaxQ-Computelab-Xavier-MaxQ-L1-5-2021-03-17-23-28-24-UTC/mlperf-inference/closed/NVIDIA/build/power_logs_temp/*/*/*/mlperf_log_summary.txt /home/scratch.mlperf_inf_ci/mlPerf/L1/Xavier_MaxQ-Computelab-Xavier-MaxQ-L1-5-2021-03-17-23-28-24-UTC/mlperf-inference/closed/NVIDIA/build/power_logs_temp/'
client 2021-03-17 20:47:33,791 [INFO] Sending command to the server: 'session,2021-03-17_20-34-38,stop,ranging'
client 2021-03-17 20:47:44,317 [INFO] Got response: 'OK'
client 2021-03-17 20:47:44,325 [INFO] Packing logs into zip and uploading to the server
client 2021-03-17 20:47:44,359 [INFO] Zip file size: 23.2 kB
client 2021-03-17 20:47:44,382 [INFO] Got response: 'OK'
client 2021-03-17 20:47:44,384 [INFO] Running workload in testing mode
client 2021-03-17 20:47:44,384 [INFO] Synchronizing with the server and with ib-01.dc4-in.nvidia.com...
client 2021-03-17 20:47:44,593 [INFO] NTP:offset = -0.001 s, delay = 0.202 s 
client 2021-03-17 20:47:44,593 [INFO] Sending command to the server: 'time'
client 2021-03-17 20:47:44,595 [INFO] Got response: '1616039264.5365522'
client 2021-03-17 20:47:44,595 [INFO] The time difference between the client and the server is within range 57.006 ms..59.358 ms
client 2021-03-17 20:47:44,596 [INFO] Sending command to the server: 'session,2021-03-17_20-34-38,start,testing'
client 2021-03-17 20:47:57,677 [INFO] Got response: 'OK'
client 2021-03-17 20:47:57,678 [INFO] Running the workload 'LOG_DIR=/home/scratch.mlperf_inf_ci/mlPerf/L1/Xavier_MaxQ-Computelab-Xavier-MaxQ-L1-5-2021-03-17-23-28-24-UTC/mlperf-inference/closed/NVIDIA/build/power_logs_temp python3 code/main.py --benchmarks=resnet50 --scenarios=Offline --test_mode=PerformanceOnly --config_ver=maxq --action="run_harness" \\\n\t\t&& cp -v /home/scratch.mlperf_inf_ci/mlPerf/L1/Xavier_MaxQ-Computelab-Xavier-MaxQ-L1-5-2021-03-17-23-28-24-UTC/mlperf-inference/closed/NVIDIA/build/power_logs_temp/*/*/*/mlperf_log_detail.txt /home/scratch.mlperf_inf_ci/mlPerf/L1/Xavier_MaxQ-Computelab-Xavier-MaxQ-L1-5-2021-03-17-23-28-24-UTC/mlperf-inference/closed/NVIDIA/build/power_logs_temp/ \\\n\t\t&& cp -v /home/scratch.mlperf_inf_ci/mlPerf/L1/Xavier_MaxQ-Computelab-Xavier-MaxQ-L1-5-2021-03-17-23-28-24-UTC/mlperf-inference/closed/NVIDIA/build/power_logs_temp/*/*/*/mlperf_log_summary.txt /home/scratch.mlperf_inf_ci/mlPerf/L1/Xavier_MaxQ-Computelab-Xavier-MaxQ-L1-5-2021-03-17-23-28-24-UTC/mlperf-inference/closed/NVIDIA/build/power_logs_temp/'
client 2021-03-17 21:00:21,787 [INFO] Sending command to the server: 'session,2021-03-17_20-34-38,stop,testing'
client 2021-03-17 21:00:32,066 [INFO] Got response: 'OK'
client 2021-03-17 21:00:32,094 [INFO] Packing logs into zip and uploading to the server
client 2021-03-17 21:00:32,129 [INFO] Zip file size: 23.2 kB
client 2021-03-17 21:00:32,151 [INFO] Got response: 'OK'
client 2021-03-17 21:00:32,153 [INFO] Done runs
