ptd-server 2021-03-17 20:34:38,312 [INFO] Got command from the client 'stop'
ptd-server 2021-03-17 20:34:38,312 [INFO] The server will be stopped after processing this client
ptd-server 2021-03-17 20:34:38,312 [INFO] Sending reply to client 'OK'
ptd-server 2021-03-17 20:34:38,546 [INFO] Got command from the client 'time'
ptd-server 2021-03-17 20:34:38,546 [INFO] Sending reply to client '1616038478.5468667'
ptd-server 2021-03-17 20:34:38,546 [INFO] Got command from the client 'new,,ef7d9667-755b-413b-815e-59d04c7e1e39'
ptd-server 2021-03-17 20:34:38,546 [INFO] Sending reply to client 'OK 2021-03-17_20-34-38,d2c39bc6-9cf0-4683-918e-593aa91179c0'
ptd-server 2021-03-17 20:34:38,765 [INFO] Got command from the client 'time'
ptd-server 2021-03-17 20:34:38,765 [INFO] Sending reply to client '1616038478.7655563'
ptd-server 2021-03-17 20:34:38,765 [INFO] Got command from the client 'session,2021-03-17_20-34-38,start,ranging'
ptd-server 2021-03-17 20:34:38,874 [INFO] Running PTDaemon: ['C:\\PTD\\ptd-windows-x86.exe', '-l', 'C:\\logs_ptdeamon.txt', '-p', '8888', '-c', '3', '-y', '52', '10.32.209.251']
ptd-server 2021-03-17 20:34:56,715 [INFO] Sending to ptd: 'Hello'
ptd-server 2021-03-17 20:34:56,715 [INFO] Reply from ptd: 'Hello, PTDaemon here!'
ptd-server 2021-03-17 20:34:56,715 [INFO] Sending to ptd: 'Identify'
ptd-server 2021-03-17 20:34:56,715 [INFO] Reply from ptd: 'YokogawaWT330E,1000,1,1,1,1,0,0,1,version=1.9.2-3976349f-20201208,OS=Windows 8 / Server 2012,mode=power,1,1,1,0,0,no_cal_date,YOKOGAWA;WT333E;C2VL22012V;F1.03'
ptd-server 2021-03-17 20:34:56,715 [INFO] Connected to PTDaemon
ptd-server 2021-03-17 20:34:56,715 [INFO] Sending to ptd: 'RR'
ptd-server 2021-03-17 20:34:56,715 [INFO] Reply from ptd: 'Ranges,0,0.500000,0,150.000000'
ptd-server 2021-03-17 20:34:56,715 [INFO] Initial range for Amps is 0.500000 for Volts is 150.000000
ptd-server 2021-03-17 20:34:56,715 [INFO] Sending to ptd: 'SR,V,Auto'
ptd-server 2021-03-17 20:34:57,231 [INFO] Reply from ptd: 'Range V changed'
ptd-server 2021-03-17 20:34:57,231 [INFO] Sending to ptd: 'SR,A,Auto'
ptd-server 2021-03-17 20:34:57,746 [INFO] Reply from ptd: 'Range A changed'
ptd-server 2021-03-17 20:35:07,759 [INFO] Starting ranging mode
ptd-server 2021-03-17 20:35:07,759 [INFO] Sending to ptd: 'Go,1000,0,2021-03-17_20-34-38_ranging'
ptd-server 2021-03-17 20:35:07,759 [INFO] Reply from ptd: 'Starting untimed measurement, maximum 500000 samples at 1000ms with 0 rampup samples'
ptd-server 2021-03-17 20:35:07,759 [INFO] Sending reply to client 'OK'
ptd-server 2021-03-17 20:47:33,739 [INFO] Got command from the client 'session,2021-03-17_20-34-38,stop,ranging'
ptd-server 2021-03-17 20:47:43,739 [INFO] Sending to ptd: 'Stop'
ptd-server 2021-03-17 20:47:43,739 [INFO] Reply from ptd: 'Stopping untimed measurement'
ptd-server 2021-03-17 20:47:44,255 [INFO] Sending reply to client 'OK'
ptd-server 2021-03-17 20:47:44,317 [INFO] Got command from the client 'session,2021-03-17_20-34-38,upload,ranging'
ptd-server 2021-03-17 20:47:44,317 [INFO] Received 'C:\\ptd-logs\\2021-03-17_20-34-38ranging.tmp'
ptd-server 2021-03-17 20:47:44,333 [INFO] Extracted 'C:\\ptd-logs\\2021-03-17_20-34-38ranging.tmp' into 'C:\\ptd-logs\\2021-03-17_20-34-38\\ranging'
ptd-server 2021-03-17 20:47:44,333 [INFO] Removed 'C:\\ptd-logs\\2021-03-17_20-34-38ranging.tmp'
ptd-server 2021-03-17 20:47:44,333 [INFO] Sending reply to client 'OK'
ptd-server 2021-03-17 20:47:44,536 [INFO] Got command from the client 'time'
ptd-server 2021-03-17 20:47:44,536 [INFO] Sending reply to client '1616039264.5365522'
ptd-server 2021-03-17 20:47:44,552 [INFO] Got command from the client 'session,2021-03-17_20-34-38,start,testing'
ptd-server 2021-03-17 20:47:44,552 [INFO] Sending to ptd: 'SR,V,120.820000'
ptd-server 2021-03-17 20:47:46,083 [INFO] Reply from ptd: 'Range V changed'
ptd-server 2021-03-17 20:47:46,083 [INFO] Sending to ptd: 'SR,A,0.466300'
ptd-server 2021-03-17 20:47:47,613 [INFO] Reply from ptd: 'Range A changed'
ptd-server 2021-03-17 20:47:57,627 [INFO] Starting testing mode
ptd-server 2021-03-17 20:47:57,627 [INFO] Sending to ptd: 'Go,1000,0,2021-03-17_20-34-38_testing'
ptd-server 2021-03-17 20:47:57,627 [INFO] Reply from ptd: 'Starting untimed measurement, maximum 500000 samples at 1000ms with 0 rampup samples'
ptd-server 2021-03-17 20:47:57,627 [INFO] Sending reply to client 'OK'
ptd-server 2021-03-17 21:00:21,745 [INFO] Got command from the client 'session,2021-03-17_20-34-38,stop,testing'
ptd-server 2021-03-17 21:00:31,759 [INFO] Sending to ptd: 'Stop'
ptd-server 2021-03-17 21:00:31,759 [INFO] Reply from ptd: 'Stopping untimed measurement'
ptd-server 2021-03-17 21:00:32,009 [INFO] Sending reply to client 'OK'
ptd-server 2021-03-17 21:00:32,087 [INFO] Got command from the client 'session,2021-03-17_20-34-38,upload,testing'
ptd-server 2021-03-17 21:00:32,087 [INFO] Received 'C:\\ptd-logs\\2021-03-17_20-34-38testing.tmp'
ptd-server 2021-03-17 21:00:32,103 [INFO] Extracted 'C:\\ptd-logs\\2021-03-17_20-34-38testing.tmp' into 'C:\\ptd-logs\\2021-03-17_20-34-38\\run_1'
ptd-server 2021-03-17 21:00:32,103 [INFO] Removed 'C:\\ptd-logs\\2021-03-17_20-34-38testing.tmp'
ptd-server 2021-03-17 21:00:32,103 [INFO] Sending reply to client 'OK'
ptd-server 2021-03-17 21:00:32,103 [INFO] Got command from the client 'session,2021-03-17_20-34-38,upload,client.log'
ptd-server 2021-03-17 21:00:32,118 [INFO] Received 'C:\\ptd-logs\\2021-03-17_20-34-38client.log.tmp'
ptd-server 2021-03-17 21:00:32,118 [INFO] Removed 'C:\\ptd-logs\\2021-03-17_20-34-38client.log.tmp'
ptd-server 2021-03-17 21:00:32,118 [INFO] Sending reply to client 'OK'
ptd-server 2021-03-17 21:00:32,165 [INFO] Got command from the client 'session,2021-03-17_20-34-38,upload,client.json'
ptd-server 2021-03-17 21:00:32,165 [INFO] Received 'C:\\ptd-logs\\2021-03-17_20-34-38client.json.tmp'
ptd-server 2021-03-17 21:00:32,181 [INFO] Removed 'C:\\ptd-logs\\2021-03-17_20-34-38client.json.tmp'
ptd-server 2021-03-17 21:00:32,181 [INFO] Sending reply to client 'OK'
ptd-server 2021-03-17 21:00:32,181 [INFO] Got command from the client 'session,2021-03-17_20-34-38,done'
ptd-server 2021-03-17 21:00:32,181 [INFO] Sending to ptd: 'Stop'
ptd-server 2021-03-17 21:00:32,634 [INFO] Reply from ptd: 'Error: no measurement to stop'
ptd-server 2021-03-17 21:00:32,634 [INFO] Sending to ptd: 'SR,V,150.000000'
ptd-server 2021-03-17 21:00:34,165 [INFO] Reply from ptd: 'Range V changed'
ptd-server 2021-03-17 21:00:34,165 [INFO] Sending to ptd: 'SR,A,0.500000'
ptd-server 2021-03-17 21:00:35,698 [INFO] Reply from ptd: 'Range A changed'
ptd-server 2021-03-17 21:00:35,698 [INFO] Set initial values for Amps 0.500000 and Volts 150.000000
ptd-server 2021-03-17 21:00:35,698 [INFO] Stopping ptd...
