ptd-server 2021-03-08 22:56:35,663 [INFO] Got command from the client 'time'
ptd-server 2021-03-08 22:56:35,663 [INFO] Sending reply to client '1615244195.6637652'
ptd-server 2021-03-08 22:56:35,666 [INFO] Got command from the client 'new,,fdd893fa-63ce-4c81-92ec-554a491bb95f'
ptd-server 2021-03-08 22:56:35,667 [INFO] Sending reply to client 'OK 2021-03-08_22-56-35,d7f008cd-099a-4ee0-b325-efdee664f875'
ptd-server 2021-03-08 22:56:35,712 [INFO] Got command from the client 'time'
ptd-server 2021-03-08 22:56:35,712 [INFO] Sending reply to client '1615244195.7121835'
ptd-server 2021-03-08 22:56:35,714 [INFO] Got command from the client 'session,2021-03-08_22-56-35,start,ranging'
ptd-server 2021-03-08 22:56:35,715 [INFO] Running PTDaemon: ['/home/anton/projects/mlperf/power/inference_v1.0/ptd-linux-x86', '-l', 'ptd.log', '-p', '8888', '52', '/dev/usbtmc0']
ptd-server 2021-03-08 22:56:52,887 [INFO] Sending to ptd: 'Hello'
ptd-server 2021-03-08 22:56:52,888 [INFO] Reply from ptd: 'Hello, PTDaemon here!'
ptd-server 2021-03-08 22:56:52,888 [INFO] Sending to ptd: 'Identify'
ptd-server 2021-03-08 22:56:52,888 [INFO] Reply from ptd: 'YokogawaWT330E,1000,1,1,1,1,0,0,1,version=1.9.2-e8c7a49a-20201208,OS=Linux 5.8.0-43-generic #49~20.04.1-Ubuntu SMP Fri Feb 5 09:57:56 UTC 2021 x86_64,mode=power,1,1,1,0,0,no_cal_date,YOKOGAWA;WT333E;C3VD30030E;F1.04'
ptd-server 2021-03-08 22:56:52,888 [INFO] Connected to PTDaemon
ptd-server 2021-03-08 22:56:52,889 [INFO] Sending to ptd: 'RR'
ptd-server 2021-03-08 22:56:52,889 [INFO] Reply from ptd: 'Ranges,0,0.500000,0,300.000000'
ptd-server 2021-03-08 22:56:52,889 [INFO] Initial range for Amps is 0.500000 for Volts is 300.000000
ptd-server 2021-03-08 22:56:52,889 [INFO] Sending to ptd: 'SR,V,Auto'
ptd-server 2021-03-08 22:56:53,392 [INFO] Reply from ptd: 'Range V changed'
ptd-server 2021-03-08 22:56:53,392 [INFO] Sending to ptd: 'SR,A,Auto'
ptd-server 2021-03-08 22:56:53,894 [INFO] Reply from ptd: 'Range A changed'
ptd-server 2021-03-08 22:57:03,905 [INFO] Starting ranging mode
ptd-server 2021-03-08 22:57:03,905 [INFO] Sending to ptd: 'Go,1000,0,2021-03-08_22-56-35_ranging'
ptd-server 2021-03-08 22:57:03,905 [INFO] Reply from ptd: 'Starting untimed measurement, maximum 500000 samples at 1000ms with 0 rampup samples'
ptd-server 2021-03-08 22:57:03,905 [INFO] Sending reply to client 'OK'
ptd-server 2021-03-08 23:07:23,704 [INFO] Got command from the client 'session,2021-03-08_22-56-35,stop,ranging'
ptd-server 2021-03-08 23:07:33,714 [INFO] Sending to ptd: 'Stop'
ptd-server 2021-03-08 23:07:33,715 [INFO] Reply from ptd: 'Stopping untimed measurement'
ptd-server 2021-03-08 23:07:34,390 [INFO] Sending reply to client 'OK'
ptd-server 2021-03-08 23:07:34,432 [INFO] Got command from the client 'time'
ptd-server 2021-03-08 23:07:34,432 [INFO] Sending reply to client '1615244854.4324503'
ptd-server 2021-03-08 23:07:34,434 [INFO] Got command from the client 'session,2021-03-08_22-56-35,start,testing'
ptd-server 2021-03-08 23:07:34,434 [INFO] Sending to ptd: 'SR,V,250.090000'
ptd-server 2021-03-08 23:07:35,936 [INFO] Reply from ptd: 'Range V changed'
ptd-server 2021-03-08 23:07:35,936 [INFO] Sending to ptd: 'SR,A,0.136680'
ptd-server 2021-03-08 23:07:37,437 [INFO] Reply from ptd: 'Range A changed'
ptd-server 2021-03-08 23:07:47,448 [INFO] Starting testing mode
ptd-server 2021-03-08 23:07:47,448 [INFO] Sending to ptd: 'Go,1000,0,2021-03-08_22-56-35_testing'
ptd-server 2021-03-08 23:07:47,448 [INFO] Reply from ptd: 'Starting untimed measurement, maximum 500000 samples at 1000ms with 0 rampup samples'
ptd-server 2021-03-08 23:07:47,448 [INFO] Sending reply to client 'OK'
ptd-server 2021-03-08 23:18:03,210 [INFO] Got command from the client 'session,2021-03-08_22-56-35,stop,testing'
ptd-server 2021-03-08 23:18:13,220 [INFO] Sending to ptd: 'Stop'
ptd-server 2021-03-08 23:18:13,220 [INFO] Reply from ptd: 'Stopping untimed measurement'
ptd-server 2021-03-08 23:18:13,561 [INFO] Sending reply to client 'OK'
ptd-server 2021-03-08 23:18:13,571 [INFO] Got command from the client 'session,2021-03-08_22-56-35,upload,client.log'
ptd-server 2021-03-08 23:18:13,572 [INFO] Received '/home/anton/projects/mlperf/power-dev/output/2021-03-08_22-56-35client.log.tmp'
ptd-server 2021-03-08 23:18:13,572 [INFO] Removed '/home/anton/projects/mlperf/power-dev/output/2021-03-08_22-56-35client.log.tmp'
ptd-server 2021-03-08 23:18:13,573 [INFO] Sending reply to client 'OK'
ptd-server 2021-03-08 23:18:13,579 [INFO] Got command from the client 'session,2021-03-08_22-56-35,upload,client.json'
ptd-server 2021-03-08 23:18:13,580 [INFO] Received '/home/anton/projects/mlperf/power-dev/output/2021-03-08_22-56-35client.json.tmp'
ptd-server 2021-03-08 23:18:13,580 [INFO] Removed '/home/anton/projects/mlperf/power-dev/output/2021-03-08_22-56-35client.json.tmp'
ptd-server 2021-03-08 23:18:13,580 [INFO] Sending reply to client 'OK'
ptd-server 2021-03-08 23:18:13,581 [INFO] Got command from the client 'session,2021-03-08_22-56-35,done'
ptd-server 2021-03-08 23:18:13,581 [INFO] Sending to ptd: 'Stop'
ptd-server 2021-03-08 23:18:13,582 [INFO] Reply from ptd: 'Error: no measurement to stop'
ptd-server 2021-03-08 23:18:13,582 [INFO] Sending to ptd: 'SR,V,300.000000'
ptd-server 2021-03-08 23:18:15,083 [INFO] Reply from ptd: 'Range V changed'
ptd-server 2021-03-08 23:18:15,083 [INFO] Sending to ptd: 'SR,A,0.500000'
ptd-server 2021-03-08 23:18:16,584 [INFO] Reply from ptd: 'Range A changed'
ptd-server 2021-03-08 23:18:16,585 [INFO] Set initial values for Amps 0.500000 and Volts 300.000000
ptd-server 2021-03-08 23:18:16,585 [INFO] Stopping ptd...
