ptd-server 2021-03-09 06:54:41,858 [INFO] Got command from the client 'time'
ptd-server 2021-03-09 06:54:41,858 [INFO] Sending reply to client '1615272881.8586483'
ptd-server 2021-03-09 06:54:41,860 [INFO] Got command from the client 'new,,ecef959f-28c4-4b60-8e24-a8e08b532c7a'
ptd-server 2021-03-09 06:54:41,861 [INFO] Sending reply to client 'OK 2021-03-09_06-54-41,fd0258af-adb3-4cc3-bbea-8f3be37e4559'
ptd-server 2021-03-09 06:54:41,898 [INFO] Got command from the client 'time'
ptd-server 2021-03-09 06:54:41,898 [INFO] Sending reply to client '1615272881.8986082'
ptd-server 2021-03-09 06:54:41,900 [INFO] Got command from the client 'session,2021-03-09_06-54-41,start,ranging'
ptd-server 2021-03-09 06:54:41,900 [INFO] Running PTDaemon: ['/home/anton/projects/mlperf/power/inference_v1.0/ptd-linux-x86', '-l', 'ptd.log', '-p', '8888', '52', '/dev/usbtmc0']
ptd-server 2021-03-09 06:54:59,073 [INFO] Sending to ptd: 'Hello'
ptd-server 2021-03-09 06:54:59,074 [INFO] Reply from ptd: 'Hello, PTDaemon here!'
ptd-server 2021-03-09 06:54:59,074 [INFO] Sending to ptd: 'Identify'
ptd-server 2021-03-09 06:54:59,074 [INFO] Reply from ptd: 'YokogawaWT330E,1000,1,1,1,1,0,0,1,version=1.9.2-e8c7a49a-20201208,OS=Linux 5.8.0-43-generic #49~20.04.1-Ubuntu SMP Fri Feb 5 09:57:56 UTC 2021 x86_64,mode=power,1,1,1,0,0,no_cal_date,YOKOGAWA;WT333E;C3VD30030E;F1.04'
ptd-server 2021-03-09 06:54:59,074 [INFO] Connected to PTDaemon
ptd-server 2021-03-09 06:54:59,075 [INFO] Sending to ptd: 'RR'
ptd-server 2021-03-09 06:54:59,075 [INFO] Reply from ptd: 'Ranges,0,0.500000,0,300.000000'
ptd-server 2021-03-09 06:54:59,075 [INFO] Initial range for Amps is 0.500000 for Volts is 300.000000
ptd-server 2021-03-09 06:54:59,075 [INFO] Sending to ptd: 'SR,V,Auto'
ptd-server 2021-03-09 06:54:59,577 [INFO] Reply from ptd: 'Range V changed'
ptd-server 2021-03-09 06:54:59,578 [INFO] Sending to ptd: 'SR,A,Auto'
ptd-server 2021-03-09 06:55:00,080 [INFO] Reply from ptd: 'Range A changed'
ptd-server 2021-03-09 06:55:10,090 [INFO] Starting ranging mode
ptd-server 2021-03-09 06:55:10,091 [INFO] Sending to ptd: 'Go,1000,0,2021-03-09_06-54-41_ranging'
ptd-server 2021-03-09 06:55:10,091 [INFO] Reply from ptd: 'Starting untimed measurement, maximum 500000 samples at 1000ms with 0 rampup samples'
ptd-server 2021-03-09 06:55:10,091 [INFO] Sending reply to client 'OK'
ptd-server 2021-03-09 07:05:25,320 [INFO] Got command from the client 'session,2021-03-09_06-54-41,stop,ranging'
ptd-server 2021-03-09 07:05:35,331 [INFO] Sending to ptd: 'Stop'
ptd-server 2021-03-09 07:05:35,331 [INFO] Reply from ptd: 'Stopping untimed measurement'
ptd-server 2021-03-09 07:05:36,042 [INFO] Sending reply to client 'OK'
ptd-server 2021-03-09 07:05:36,086 [INFO] Got command from the client 'time'
ptd-server 2021-03-09 07:05:36,086 [INFO] Sending reply to client '1615273536.0868094'
ptd-server 2021-03-09 07:05:36,088 [INFO] Got command from the client 'session,2021-03-09_06-54-41,start,testing'
ptd-server 2021-03-09 07:05:36,089 [INFO] Sending to ptd: 'SR,V,249.560000'
ptd-server 2021-03-09 07:05:37,593 [INFO] Reply from ptd: 'Range V changed'
ptd-server 2021-03-09 07:05:37,593 [INFO] Sending to ptd: 'SR,A,0.138940'
ptd-server 2021-03-09 07:05:39,094 [INFO] Reply from ptd: 'Range A changed'
ptd-server 2021-03-09 07:05:49,105 [INFO] Starting testing mode
ptd-server 2021-03-09 07:05:49,105 [INFO] Sending to ptd: 'Go,1000,0,2021-03-09_06-54-41_testing'
ptd-server 2021-03-09 07:05:49,105 [INFO] Reply from ptd: 'Starting untimed measurement, maximum 500000 samples at 1000ms with 0 rampup samples'
ptd-server 2021-03-09 07:05:49,105 [INFO] Sending reply to client 'OK'
ptd-server 2021-03-09 07:16:04,326 [INFO] Got command from the client 'session,2021-03-09_06-54-41,stop,testing'
ptd-server 2021-03-09 07:16:14,336 [INFO] Sending to ptd: 'Stop'
ptd-server 2021-03-09 07:16:14,337 [INFO] Reply from ptd: 'Stopping untimed measurement'
ptd-server 2021-03-09 07:16:14,710 [INFO] Sending reply to client 'OK'
ptd-server 2021-03-09 07:16:14,718 [INFO] Got command from the client 'session,2021-03-09_06-54-41,upload,client.log'
ptd-server 2021-03-09 07:16:14,720 [INFO] Received '/home/anton/projects/mlperf/power-dev/output/2021-03-09_06-54-41client.log.tmp'
ptd-server 2021-03-09 07:16:14,720 [INFO] Removed '/home/anton/projects/mlperf/power-dev/output/2021-03-09_06-54-41client.log.tmp'
ptd-server 2021-03-09 07:16:14,720 [INFO] Sending reply to client 'OK'
ptd-server 2021-03-09 07:16:14,727 [INFO] Got command from the client 'session,2021-03-09_06-54-41,upload,client.json'
ptd-server 2021-03-09 07:16:14,727 [INFO] Received '/home/anton/projects/mlperf/power-dev/output/2021-03-09_06-54-41client.json.tmp'
ptd-server 2021-03-09 07:16:14,727 [INFO] Removed '/home/anton/projects/mlperf/power-dev/output/2021-03-09_06-54-41client.json.tmp'
ptd-server 2021-03-09 07:16:14,728 [INFO] Sending reply to client 'OK'
ptd-server 2021-03-09 07:16:14,729 [INFO] Got command from the client 'session,2021-03-09_06-54-41,done'
ptd-server 2021-03-09 07:16:14,729 [INFO] Sending to ptd: 'Stop'
ptd-server 2021-03-09 07:16:15,106 [INFO] Reply from ptd: 'Error: no measurement to stop'
ptd-server 2021-03-09 07:16:15,106 [INFO] Sending to ptd: 'SR,V,300.000000'
ptd-server 2021-03-09 07:16:16,607 [INFO] Reply from ptd: 'Range V changed'
ptd-server 2021-03-09 07:16:16,608 [INFO] Sending to ptd: 'SR,A,0.500000'
ptd-server 2021-03-09 07:16:18,109 [INFO] Reply from ptd: 'Range A changed'
ptd-server 2021-03-09 07:16:18,109 [INFO] Set initial values for Amps 0.500000 and Volts 300.000000
ptd-server 2021-03-09 07:16:18,109 [INFO] Stopping ptd...
