ptd-server 2021-03-07 18:49:25,697 [INFO] Got command from the client 'time'
ptd-server 2021-03-07 18:49:25,697 [INFO] Sending reply to client '1615142965.697704'
ptd-server 2021-03-07 18:49:25,701 [INFO] Got command from the client 'new,,f35969dc-4a65-4265-b79d-90bbfac66221'
ptd-server 2021-03-07 18:49:25,701 [INFO] Sending reply to client 'OK 2021-03-07_18-49-25,bf71633a-72d9-4ff4-98c6-71830b6154e9'
ptd-server 2021-03-07 18:49:25,737 [INFO] Got command from the client 'time'
ptd-server 2021-03-07 18:49:25,737 [INFO] Sending reply to client '1615142965.7374969'
ptd-server 2021-03-07 18:49:25,741 [INFO] Got command from the client 'session,2021-03-07_18-49-25,start,ranging'
ptd-server 2021-03-07 18:49:25,741 [INFO] Running PTDaemon: ['/home/anton/projects/mlperf/power/inference_v1.0/ptd-linux-x86', '-l', 'ptd.log', '-p', '8888', '52', '/dev/usbtmc0']
ptd-server 2021-03-07 18:49:42,913 [INFO] Sending to ptd: 'Hello'
ptd-server 2021-03-07 18:49:42,913 [INFO] Reply from ptd: 'Hello, PTDaemon here!'
ptd-server 2021-03-07 18:49:42,914 [INFO] Sending to ptd: 'Identify'
ptd-server 2021-03-07 18:49:42,914 [INFO] Reply from ptd: 'YokogawaWT330E,1000,1,1,1,1,0,0,1,version=1.9.2-e8c7a49a-20201208,OS=Linux 5.8.0-43-generic #49~20.04.1-Ubuntu SMP Fri Feb 5 09:57:56 UTC 2021 x86_64,mode=power,1,1,1,0,0,no_cal_date,YOKOGAWA;WT333E;C3VD30030E;F1.04'
ptd-server 2021-03-07 18:49:42,914 [INFO] Connected to PTDaemon
ptd-server 2021-03-07 18:49:42,914 [INFO] Sending to ptd: 'RR'
ptd-server 2021-03-07 18:49:42,915 [INFO] Reply from ptd: 'Ranges,0,0.500000,0,300.000000'
ptd-server 2021-03-07 18:49:42,915 [INFO] Initial range for Amps is 0.500000 for Volts is 300.000000
ptd-server 2021-03-07 18:49:42,915 [INFO] Sending to ptd: 'SR,V,Auto'
ptd-server 2021-03-07 18:49:43,417 [INFO] Reply from ptd: 'Range V changed'
ptd-server 2021-03-07 18:49:43,417 [INFO] Sending to ptd: 'SR,A,Auto'
ptd-server 2021-03-07 18:49:43,920 [INFO] Reply from ptd: 'Range A changed'
ptd-server 2021-03-07 18:49:53,930 [INFO] Starting ranging mode
ptd-server 2021-03-07 18:49:53,930 [INFO] Sending to ptd: 'Go,1000,0,2021-03-07_18-49-25_ranging'
ptd-server 2021-03-07 18:49:53,931 [INFO] Reply from ptd: 'Starting untimed measurement, maximum 500000 samples at 1000ms with 0 rampup samples'
ptd-server 2021-03-07 18:49:53,931 [INFO] Sending reply to client 'OK'
ptd-server 2021-03-07 19:00:18,965 [INFO] Got command from the client 'session,2021-03-07_18-49-25,stop,ranging'
ptd-server 2021-03-07 19:00:28,976 [INFO] Sending to ptd: 'Stop'
ptd-server 2021-03-07 19:00:28,976 [INFO] Reply from ptd: 'Stopping untimed measurement'
ptd-server 2021-03-07 19:00:29,560 [INFO] Sending reply to client 'OK'
ptd-server 2021-03-07 19:00:29,608 [INFO] Got command from the client 'time'
ptd-server 2021-03-07 19:00:29,608 [INFO] Sending reply to client '1615143629.6087718'
ptd-server 2021-03-07 19:00:29,612 [INFO] Got command from the client 'session,2021-03-07_18-49-25,start,testing'
ptd-server 2021-03-07 19:00:29,612 [INFO] Sending to ptd: 'SR,V,250.450000'
ptd-server 2021-03-07 19:00:31,433 [INFO] Reply from ptd: 'Range V changed'
ptd-server 2021-03-07 19:00:31,433 [INFO] Sending to ptd: 'SR,A,0.057110'
ptd-server 2021-03-07 19:00:32,934 [INFO] Reply from ptd: 'Range A changed'
ptd-server 2021-03-07 19:00:42,944 [INFO] Starting testing mode
ptd-server 2021-03-07 19:00:42,944 [INFO] Sending to ptd: 'Go,1000,0,2021-03-07_18-49-25_testing'
ptd-server 2021-03-07 19:00:42,945 [INFO] Reply from ptd: 'Starting untimed measurement, maximum 500000 samples at 1000ms with 0 rampup samples'
ptd-server 2021-03-07 19:00:42,945 [INFO] Sending reply to client 'OK'
ptd-server 2021-03-07 19:11:12,677 [INFO] Got command from the client 'session,2021-03-07_18-49-25,stop,testing'
ptd-server 2021-03-07 19:11:22,688 [INFO] Sending to ptd: 'Stop'
ptd-server 2021-03-07 19:11:22,688 [INFO] Reply from ptd: 'Stopping untimed measurement'
ptd-server 2021-03-07 19:11:22,985 [INFO] Sending reply to client 'OK'
ptd-server 2021-03-07 19:11:22,993 [INFO] Got command from the client 'session,2021-03-07_18-49-25,upload,client.log'
ptd-server 2021-03-07 19:11:22,996 [INFO] Received '/home/anton/projects/mlperf/power-dev/output/2021-03-07_18-49-25client.log.tmp'
ptd-server 2021-03-07 19:11:22,997 [INFO] Removed '/home/anton/projects/mlperf/power-dev/output/2021-03-07_18-49-25client.log.tmp'
ptd-server 2021-03-07 19:11:22,997 [INFO] Sending reply to client 'OK'
ptd-server 2021-03-07 19:11:23,009 [INFO] Got command from the client 'session,2021-03-07_18-49-25,upload,client.json'
ptd-server 2021-03-07 19:11:23,012 [INFO] Received '/home/anton/projects/mlperf/power-dev/output/2021-03-07_18-49-25client.json.tmp'
ptd-server 2021-03-07 19:11:23,012 [INFO] Removed '/home/anton/projects/mlperf/power-dev/output/2021-03-07_18-49-25client.json.tmp'
ptd-server 2021-03-07 19:11:23,012 [INFO] Sending reply to client 'OK'
ptd-server 2021-03-07 19:11:23,015 [INFO] Got command from the client 'session,2021-03-07_18-49-25,done'
ptd-server 2021-03-07 19:11:23,015 [INFO] Sending to ptd: 'Stop'
ptd-server 2021-03-07 19:11:23,015 [INFO] Reply from ptd: 'Error: no measurement to stop'
ptd-server 2021-03-07 19:11:23,015 [INFO] Sending to ptd: 'SR,V,300.000000'
ptd-server 2021-03-07 19:11:24,517 [INFO] Reply from ptd: 'Range V changed'
ptd-server 2021-03-07 19:11:24,517 [INFO] Sending to ptd: 'SR,A,0.500000'
ptd-server 2021-03-07 19:11:26,018 [INFO] Reply from ptd: 'Range A changed'
ptd-server 2021-03-07 19:11:26,018 [INFO] Set initial values for Amps 0.500000 and Volts 300.000000
ptd-server 2021-03-07 19:11:26,019 [INFO] Stopping ptd...
