ptd-server 2021-03-09 12:42:09,698 [INFO] Got command from the client 'time'
ptd-server 2021-03-09 12:42:09,698 [INFO] Sending reply to client '1615293729.6984084'
ptd-server 2021-03-09 12:42:09,700 [INFO] Got command from the client 'new,,b82da7e1-1170-46e1-9b8c-661359bbc14c'
ptd-server 2021-03-09 12:42:09,701 [INFO] Sending reply to client 'OK 2021-03-09_12-42-09,66cdbfed-3071-4ddf-bcb5-92286ee2027b'
ptd-server 2021-03-09 12:42:09,739 [INFO] Got command from the client 'time'
ptd-server 2021-03-09 12:42:09,739 [INFO] Sending reply to client '1615293729.739326'
ptd-server 2021-03-09 12:42:09,741 [INFO] Got command from the client 'session,2021-03-09_12-42-09,start,ranging'
ptd-server 2021-03-09 12:42:09,742 [INFO] Running PTDaemon: ['/home/anton/projects/mlperf/power/inference_v1.0/ptd-linux-x86', '-l', 'ptd.log', '-p', '8888', '52', '/dev/usbtmc0']
ptd-server 2021-03-09 12:42:26,914 [INFO] Sending to ptd: 'Hello'
ptd-server 2021-03-09 12:42:26,915 [INFO] Reply from ptd: 'Hello, PTDaemon here!'
ptd-server 2021-03-09 12:42:26,915 [INFO] Sending to ptd: 'Identify'
ptd-server 2021-03-09 12:42:26,915 [INFO] Reply from ptd: 'YokogawaWT330E,1000,1,1,1,1,0,0,1,version=1.9.2-e8c7a49a-20201208,OS=Linux 5.8.0-43-generic #49~20.04.1-Ubuntu SMP Fri Feb 5 09:57:56 UTC 2021 x86_64,mode=power,1,1,1,0,0,no_cal_date,YOKOGAWA;WT333E;C3VD30030E;F1.04'
ptd-server 2021-03-09 12:42:26,916 [INFO] Connected to PTDaemon
ptd-server 2021-03-09 12:42:26,916 [INFO] Sending to ptd: 'RR'
ptd-server 2021-03-09 12:42:26,916 [INFO] Reply from ptd: 'Ranges,0,0.500000,0,300.000000'
ptd-server 2021-03-09 12:42:26,916 [INFO] Initial range for Amps is 0.500000 for Volts is 300.000000
ptd-server 2021-03-09 12:42:26,917 [INFO] Sending to ptd: 'SR,V,Auto'
ptd-server 2021-03-09 12:42:27,419 [INFO] Reply from ptd: 'Range V changed'
ptd-server 2021-03-09 12:42:27,419 [INFO] Sending to ptd: 'SR,A,Auto'
ptd-server 2021-03-09 12:42:27,922 [INFO] Reply from ptd: 'Range A changed'
ptd-server 2021-03-09 12:42:37,932 [INFO] Starting ranging mode
ptd-server 2021-03-09 12:42:37,932 [INFO] Sending to ptd: 'Go,1000,0,2021-03-09_12-42-09_ranging'
ptd-server 2021-03-09 12:42:37,933 [INFO] Reply from ptd: 'Starting untimed measurement, maximum 500000 samples at 1000ms with 0 rampup samples'
ptd-server 2021-03-09 12:42:37,933 [INFO] Sending reply to client 'OK'
ptd-server 2021-03-09 12:52:53,467 [INFO] Got command from the client 'session,2021-03-09_12-42-09,stop,ranging'
ptd-server 2021-03-09 12:53:03,478 [INFO] Sending to ptd: 'Stop'
ptd-server 2021-03-09 12:53:03,478 [INFO] Reply from ptd: 'Stopping untimed measurement'
ptd-server 2021-03-09 12:53:04,216 [INFO] Sending reply to client 'OK'
ptd-server 2021-03-09 12:53:04,257 [INFO] Got command from the client 'time'
ptd-server 2021-03-09 12:53:04,257 [INFO] Sending reply to client '1615294384.2574625'
ptd-server 2021-03-09 12:53:04,260 [INFO] Got command from the client 'session,2021-03-09_12-42-09,start,testing'
ptd-server 2021-03-09 12:53:04,260 [INFO] Sending to ptd: 'SR,V,250.680000'
ptd-server 2021-03-09 12:53:05,762 [INFO] Reply from ptd: 'Range V changed'
ptd-server 2021-03-09 12:53:05,762 [INFO] Sending to ptd: 'SR,A,0.152170'
ptd-server 2021-03-09 12:53:07,263 [INFO] Reply from ptd: 'Range A changed'
ptd-server 2021-03-09 12:53:17,273 [INFO] Starting testing mode
ptd-server 2021-03-09 12:53:17,274 [INFO] Sending to ptd: 'Go,1000,0,2021-03-09_12-42-09_testing'
ptd-server 2021-03-09 12:53:17,274 [INFO] Reply from ptd: 'Starting untimed measurement, maximum 500000 samples at 1000ms with 0 rampup samples'
ptd-server 2021-03-09 12:53:17,274 [INFO] Sending reply to client 'OK'
ptd-server 2021-03-09 13:03:32,729 [INFO] Got command from the client 'session,2021-03-09_12-42-09,stop,testing'
ptd-server 2021-03-09 13:03:42,739 [INFO] Sending to ptd: 'Stop'
ptd-server 2021-03-09 13:03:42,740 [INFO] Reply from ptd: 'Stopping untimed measurement'
ptd-server 2021-03-09 13:03:43,115 [INFO] Sending reply to client 'OK'
ptd-server 2021-03-09 13:03:43,124 [INFO] Got command from the client 'session,2021-03-09_12-42-09,upload,client.log'
ptd-server 2021-03-09 13:03:43,126 [INFO] Received '/home/anton/projects/mlperf/power-dev/output/2021-03-09_12-42-09client.log.tmp'
ptd-server 2021-03-09 13:03:43,127 [INFO] Removed '/home/anton/projects/mlperf/power-dev/output/2021-03-09_12-42-09client.log.tmp'
ptd-server 2021-03-09 13:03:43,127 [INFO] Sending reply to client 'OK'
ptd-server 2021-03-09 13:03:43,134 [INFO] Got command from the client 'session,2021-03-09_12-42-09,upload,client.json'
ptd-server 2021-03-09 13:03:43,135 [INFO] Received '/home/anton/projects/mlperf/power-dev/output/2021-03-09_12-42-09client.json.tmp'
ptd-server 2021-03-09 13:03:43,135 [INFO] Removed '/home/anton/projects/mlperf/power-dev/output/2021-03-09_12-42-09client.json.tmp'
ptd-server 2021-03-09 13:03:43,135 [INFO] Sending reply to client 'OK'
ptd-server 2021-03-09 13:03:43,136 [INFO] Got command from the client 'session,2021-03-09_12-42-09,done'
ptd-server 2021-03-09 13:03:43,137 [INFO] Sending to ptd: 'Stop'
ptd-server 2021-03-09 13:03:43,275 [INFO] Reply from ptd: 'Error: no measurement to stop'
ptd-server 2021-03-09 13:03:43,275 [INFO] Sending to ptd: 'SR,V,300.000000'
ptd-server 2021-03-09 13:03:44,776 [INFO] Reply from ptd: 'Range V changed'
ptd-server 2021-03-09 13:03:44,776 [INFO] Sending to ptd: 'SR,A,0.500000'
ptd-server 2021-03-09 13:03:46,278 [INFO] Reply from ptd: 'Range A changed'
ptd-server 2021-03-09 13:03:46,278 [INFO] Set initial values for Amps 0.500000 and Volts 300.000000
ptd-server 2021-03-09 13:03:46,278 [INFO] Stopping ptd...
