ptd-server 2021-02-28 04:07:06,525 [INFO] Got command from the client 'time'
ptd-server 2021-02-28 04:07:06,525 [INFO] Sending reply to client '1614485226.5252647'
ptd-server 2021-02-28 04:07:06,526 [INFO] Got command from the client 'new,,abb22f6a-78e3-4da3-844c-9487cd42c2be'
ptd-server 2021-02-28 04:07:06,527 [INFO] Sending reply to client 'OK 2021-02-28_04-07-06,043e292b-2a03-4333-8e6f-1c35b976fc40'
ptd-server 2021-02-28 04:07:06,564 [INFO] Got command from the client 'time'
ptd-server 2021-02-28 04:07:06,565 [INFO] Sending reply to client '1614485226.5650334'
ptd-server 2021-02-28 04:07:06,566 [INFO] Got command from the client 'session,2021-02-28_04-07-06,start,ranging'
ptd-server 2021-02-28 04:07:06,566 [INFO] Running PTDaemon: ['/home/anton/projects/mlperf/power/inference_v1.0/ptd-linux-x86', '-l', 'ptd.log', '-p', '8888', '52', '/dev/usbtmc0']
ptd-server 2021-02-28 04:07:23,734 [INFO] Sending to ptd: 'Hello'
ptd-server 2021-02-28 04:07:23,734 [INFO] Reply from ptd: 'Hello, PTDaemon here!'
ptd-server 2021-02-28 04:07:23,735 [INFO] Sending to ptd: 'Identify'
ptd-server 2021-02-28 04:07:23,735 [INFO] Reply from ptd: 'YokogawaWT330E,1000,1,1,1,1,0,0,1,version=1.9.2-e8c7a49a-20201208,OS=Linux 5.8.0-43-generic #49~20.04.1-Ubuntu SMP Fri Feb 5 09:57:56 UTC 2021 x86_64,mode=power,1,1,1,0,0,no_cal_date,YOKOGAWA;WT333E;C3VD30030E;F1.04'
ptd-server 2021-02-28 04:07:23,735 [INFO] Connected to PTDaemon
ptd-server 2021-02-28 04:07:23,735 [INFO] Sending to ptd: 'RR'
ptd-server 2021-02-28 04:07:23,736 [INFO] Reply from ptd: 'Ranges,0,0.500000,0,300.000000'
ptd-server 2021-02-28 04:07:23,736 [INFO] Initial range for Amps is 0.500000 for Volts is 300.000000
ptd-server 2021-02-28 04:07:23,736 [INFO] Sending to ptd: 'SR,V,Auto'
ptd-server 2021-02-28 04:07:24,239 [INFO] Reply from ptd: 'Range V changed'
ptd-server 2021-02-28 04:07:24,239 [INFO] Sending to ptd: 'SR,A,Auto'
ptd-server 2021-02-28 04:07:24,741 [INFO] Reply from ptd: 'Range A changed'
ptd-server 2021-02-28 04:07:34,752 [INFO] Starting ranging mode
ptd-server 2021-02-28 04:07:34,752 [INFO] Sending to ptd: 'Go,1000,0,2021-02-28_04-07-06_ranging'
ptd-server 2021-02-28 04:07:34,752 [INFO] Reply from ptd: 'Starting untimed measurement, maximum 500000 samples at 1000ms with 0 rampup samples'
ptd-server 2021-02-28 04:07:34,752 [INFO] Sending reply to client 'OK'
ptd-server 2021-02-28 04:17:53,177 [INFO] Got command from the client 'session,2021-02-28_04-07-06,stop,ranging'
ptd-server 2021-02-28 04:18:03,187 [INFO] Sending to ptd: 'Stop'
ptd-server 2021-02-28 04:18:03,188 [INFO] Reply from ptd: 'Stopping untimed measurement'
ptd-server 2021-02-28 04:18:03,359 [INFO] Sending reply to client 'OK'
ptd-server 2021-02-28 04:18:03,394 [INFO] Got command from the client 'time'
ptd-server 2021-02-28 04:18:03,394 [INFO] Sending reply to client '1614485883.3949199'
ptd-server 2021-02-28 04:18:03,396 [INFO] Got command from the client 'session,2021-02-28_04-07-06,start,testing'
ptd-server 2021-02-28 04:18:03,396 [INFO] Sending to ptd: 'SR,V,249.360000'
ptd-server 2021-02-28 04:18:05,254 [INFO] Reply from ptd: 'Range V changed'
ptd-server 2021-02-28 04:18:05,254 [INFO] Sending to ptd: 'SR,A,0.172430'
ptd-server 2021-02-28 04:18:06,755 [INFO] Reply from ptd: 'Range A changed'
ptd-server 2021-02-28 04:18:16,765 [INFO] Starting testing mode
ptd-server 2021-02-28 04:18:16,766 [INFO] Sending to ptd: 'Go,1000,0,2021-02-28_04-07-06_testing'
ptd-server 2021-02-28 04:18:16,766 [INFO] Reply from ptd: 'Starting untimed measurement, maximum 500000 samples at 1000ms with 0 rampup samples'
ptd-server 2021-02-28 04:18:16,766 [INFO] Sending reply to client 'OK'
ptd-server 2021-02-28 04:28:35,045 [INFO] Got command from the client 'session,2021-02-28_04-07-06,stop,testing'
ptd-server 2021-02-28 04:28:45,055 [INFO] Sending to ptd: 'Stop'
ptd-server 2021-02-28 04:28:45,055 [INFO] Reply from ptd: 'Stopping untimed measurement'
ptd-server 2021-02-28 04:28:45,150 [INFO] Sending reply to client 'OK'
ptd-server 2021-02-28 04:28:45,154 [INFO] Got command from the client 'session,2021-02-28_04-07-06,upload,client.log'
ptd-server 2021-02-28 04:28:45,154 [INFO] Received '/home/anton/projects/mlperf/power-dev/output/2021-02-28_04-07-06client.log.tmp'
ptd-server 2021-02-28 04:28:45,154 [INFO] Removed '/home/anton/projects/mlperf/power-dev/output/2021-02-28_04-07-06client.log.tmp'
ptd-server 2021-02-28 04:28:45,154 [INFO] Sending reply to client 'OK'
ptd-server 2021-02-28 04:28:45,159 [INFO] Got command from the client 'session,2021-02-28_04-07-06,upload,client.json'
ptd-server 2021-02-28 04:28:45,159 [INFO] Received '/home/anton/projects/mlperf/power-dev/output/2021-02-28_04-07-06client.json.tmp'
ptd-server 2021-02-28 04:28:45,159 [INFO] Removed '/home/anton/projects/mlperf/power-dev/output/2021-02-28_04-07-06client.json.tmp'
ptd-server 2021-02-28 04:28:45,159 [INFO] Sending reply to client 'OK'
ptd-server 2021-02-28 04:28:45,160 [INFO] Got command from the client 'session,2021-02-28_04-07-06,done'
ptd-server 2021-02-28 04:28:45,160 [INFO] Sending to ptd: 'Stop'
ptd-server 2021-02-28 04:28:45,766 [INFO] Reply from ptd: 'Error: no measurement to stop'
ptd-server 2021-02-28 04:28:45,766 [INFO] Sending to ptd: 'SR,V,300.000000'
ptd-server 2021-02-28 04:28:47,268 [INFO] Reply from ptd: 'Range V changed'
ptd-server 2021-02-28 04:28:47,268 [INFO] Sending to ptd: 'SR,A,0.500000'
ptd-server 2021-02-28 04:28:48,769 [INFO] Reply from ptd: 'Range A changed'
ptd-server 2021-02-28 04:28:48,769 [INFO] Set initial values for Amps 0.500000 and Volts 300.000000
ptd-server 2021-02-28 04:28:48,769 [INFO] Stopping ptd...
