client 2021-03-18 01:12:17,873 [WARNING] Removing old loadgen logs directory '/work/build/power_logs_temp'
client 2021-03-18 01:12:17,878 [INFO] Sending command to the server: 'mlcommons/power client v3'
client 2021-03-18 01:12:17,879 [INFO] Got response: 'mlcommons/power server v3'
client 2021-03-18 01:12:17,879 [INFO] Sending command to the server: 'stop'
client 2021-03-18 01:12:17,880 [INFO] Got response: 'OK'
client 2021-03-18 01:12:17,880 [INFO] Synchronizing with the server and with ib-01.dc4-in.nvidia.com...
client 2021-03-18 01:12:18,085 [INFO] NTP:offset = -5.941 s, delay = 0.202 s 
client 2021-03-18 01:12:18,085 [WARNING] The time offset between the system time and ib-01.dc4-in.nvidia.com is more then 200 ms (-5941.285 ms)
client 2021-03-18 01:12:18,085 [INFO] Sending command to the server: 'set_ntp'
client 2021-03-18 01:12:19,339 [INFO] Got response: 'OK'
client 2021-03-18 01:12:19,339 [INFO] Synchronizing with ib-01.dc4-in.nvidia.com time using NTP...
client 2021-03-18 01:12:21,517 [INFO] Set system time at 2021-03-18 01:12:21.517054
client 2021-03-18 01:12:21,720 [INFO] NTP:offset = 0.000 s, delay = 0.202 s 
client 2021-03-18 01:12:21,720 [INFO] Sending command to the server: 'time'
client 2021-03-18 01:12:21,722 [INFO] Got response: '1616055141.7070599'
client 2021-03-18 01:12:21,722 [INFO] The time difference between the client and the server is within range 13.294 ms..15.565 ms
client 2021-03-18 01:12:21,722 [INFO] Sending command to the server: 'new,,13a1597a-15d3-4065-a2a2-e2d5929f4d9d'
client 2021-03-18 01:12:21,724 [INFO] Got response: 'OK 2021-03-18_01-12-21,4bc260e0-51a7-4fb9-b482-43309ead10a5'
client 2021-03-18 01:12:21,725 [INFO] Session id is '2021-03-18_01-12-21'
client 2021-03-18 01:12:21,725 [INFO] Sources: {"sources": {"client.py": "d1e75cb4b26101220ebd242e584cf3ca5d8f1996", "lib/__init__.py": "da39a3ee5e6b4b0d3255bfef95601890afd80709", "lib/client.py": "d42bebf5b74cb6ff3997e2a6c68422afac111a28", "lib/common.py": "b0bad80d8fa328a7636027d4d66ff453f8dd7889", "lib/external/ntplib.py": "4da8f970656505a40483206ef2b5d3dd5e81711d", "lib/server.py": "2ed36471c7af565d6c8438b2134edad1d7ddf166", "lib/source_hashes.py": "4cedff274c661cb1504052018fd4f00dfbf624ef", "lib/summary.py": "0db15d783907aa92038281af4e465545c0648ddb", "lib/time_sync.py": "76051226ec89287839723352f4162aaa24e0546a", "server.py": "99e1310e3f76292aef1b8792ce6b8c82f1d44d8b", "tests/unit/test_server.py": "64f11775bfed35232a0e8bb9593c0ff992432c59", "tests/unit/test_source_hashes.py": "cb41a7261eaf7d94ba5c0aae9c523174f6204be3"}, "modules": {"__main__": "client.py", "lib.client": "lib/client.py", "lib.common": "lib/common.py", "lib.external.ntplib": "lib/external/ntplib.py", "lib.source_hashes": "lib/source_hashes.py", "lib.summary": "lib/summary.py", "lib.time_sync": "lib/time_sync.py"}}
client 2021-03-18 01:12:21,730 [INFO] Running workload in ranging mode
client 2021-03-18 01:12:21,730 [INFO] Synchronizing with the server and with ib-01.dc4-in.nvidia.com...
client 2021-03-18 01:12:21,933 [INFO] NTP:offset = 0.000 s, delay = 0.202 s 
client 2021-03-18 01:12:21,933 [INFO] Sending command to the server: 'time'
client 2021-03-18 01:12:21,935 [INFO] Got response: '1616055141.9257631'
client 2021-03-18 01:12:21,935 [INFO] The time difference between the client and the server is within range 7.873 ms..9.765 ms
client 2021-03-18 01:12:21,935 [INFO] Sending command to the server: 'session,2021-03-18_01-12-21,start,ranging'
client 2021-03-18 01:12:51,784 [INFO] Got response: 'OK'
client 2021-03-18 01:12:51,784 [INFO] Running the workload 'LOG_DIR=/work/build/power_logs_temp python3 code/main.py --benchmarks=rnnt --scenarios=Offline --config_ver=maxq --action="run_harness" \\\n\t\t&& cp -v /work/build/power_logs_temp/*/*/*/mlperf_log_detail.txt /work/build/power_logs_temp/ \\\n\t\t&& cp -v /work/build/power_logs_temp/*/*/*/mlperf_log_summary.txt /work/build/power_logs_temp/'
client 2021-03-18 01:24:30,376 [INFO] Sending command to the server: 'session,2021-03-18_01-12-21,stop,ranging'
client 2021-03-18 01:24:40,687 [INFO] Got response: 'OK'
client 2021-03-18 01:24:40,692 [INFO] Packing logs into zip and uploading to the server
client 2021-03-18 01:24:40,743 [INFO] Zip file size: 21.8 kB
client 2021-03-18 01:24:40,765 [INFO] Got response: 'OK'
client 2021-03-18 01:24:40,765 [INFO] Running workload in testing mode
client 2021-03-18 01:24:40,766 [INFO] Synchronizing with the server and with ib-01.dc4-in.nvidia.com...
client 2021-03-18 01:24:40,968 [INFO] NTP:offset = 0.003 s, delay = 0.202 s 
client 2021-03-18 01:24:40,968 [INFO] Sending command to the server: 'time'
client 2021-03-18 01:24:40,970 [INFO] Got response: '1616055880.980406'
client 2021-03-18 01:24:40,971 [INFO] The time difference between the client and the server is within range -11.520 ms..-9.365 ms
client 2021-03-18 01:24:40,971 [INFO] Sending command to the server: 'session,2021-03-18_01-12-21,start,testing'
client 2021-03-18 01:24:54,038 [INFO] Got response: 'OK'
client 2021-03-18 01:24:54,038 [INFO] Running the workload 'LOG_DIR=/work/build/power_logs_temp python3 code/main.py --benchmarks=rnnt --scenarios=Offline --config_ver=maxq --action="run_harness" \\\n\t\t&& cp -v /work/build/power_logs_temp/*/*/*/mlperf_log_detail.txt /work/build/power_logs_temp/ \\\n\t\t&& cp -v /work/build/power_logs_temp/*/*/*/mlperf_log_summary.txt /work/build/power_logs_temp/'
client 2021-03-18 01:36:31,634 [INFO] Sending command to the server: 'session,2021-03-18_01-12-21,stop,testing'
client 2021-03-18 01:36:41,786 [INFO] Got response: 'OK'
client 2021-03-18 01:36:41,791 [INFO] Packing logs into zip and uploading to the server
client 2021-03-18 01:36:41,804 [INFO] Zip file size: 21.8 kB
client 2021-03-18 01:36:41,822 [INFO] Got response: 'OK'
client 2021-03-18 01:36:41,823 [INFO] Done runs
