ptd-server 2021-03-18 01:12:11,996 [INFO] Got command from the client 'stop'
ptd-server 2021-03-18 01:12:11,996 [INFO] The server will be stopped after processing this client
ptd-server 2021-03-18 01:12:11,996 [INFO] Sending reply to client 'OK'
ptd-server 2021-03-18 01:12:12,199 [INFO] Got command from the client 'set_ntp'
ptd-server 2021-03-18 01:12:12,199 [INFO] Synchronizing with ib-01.dc4-in.nvidia.com time using NTP...
ptd-server 2021-03-18 01:12:13,396 [INFO] Set system time at 2021-03-18 01:12:13.396631
ptd-server 2021-03-18 01:12:13,396 [INFO] Sending reply to client 'OK'
ptd-server 2021-03-18 01:12:21,707 [INFO] Got command from the client 'time'
ptd-server 2021-03-18 01:12:21,707 [INFO] Sending reply to client '1616055141.7070599'
ptd-server 2021-03-18 01:12:21,722 [INFO] Got command from the client 'new,,13a1597a-15d3-4065-a2a2-e2d5929f4d9d'
ptd-server 2021-03-18 01:12:21,722 [INFO] Sending reply to client 'OK 2021-03-18_01-12-21,4bc260e0-51a7-4fb9-b482-43309ead10a5'
ptd-server 2021-03-18 01:12:21,925 [INFO] Got command from the client 'time'
ptd-server 2021-03-18 01:12:21,925 [INFO] Sending reply to client '1616055141.9257631'
ptd-server 2021-03-18 01:12:21,925 [INFO] Got command from the client 'session,2021-03-18_01-12-21,start,ranging'
ptd-server 2021-03-18 01:12:22,035 [INFO] Running PTDaemon: ['C:\\PTD\\ptd-windows-x86.exe', '-l', 'C:\\logs_ptdeamon.txt', '-p', '8888', '-c', '1', '-y', '52', '172.18.220.100']
ptd-server 2021-03-18 01:12:40,764 [INFO] Sending to ptd: 'Hello'
ptd-server 2021-03-18 01:12:40,764 [INFO] Reply from ptd: 'Hello, PTDaemon here!'
ptd-server 2021-03-18 01:12:40,764 [INFO] Sending to ptd: 'Identify'
ptd-server 2021-03-18 01:12:40,764 [INFO] Reply from ptd: 'YokogawaWT330E,1000,1,1,1,1,0,0,1,version=1.9.2-3976349f-20201208,OS=Windows 8 / Server 2012,mode=power,1,1,1,0,0,no_cal_date,YOKOGAWA;WT333E;C2WC23035V;F1.04'
ptd-server 2021-03-18 01:12:40,764 [INFO] Connected to PTDaemon
ptd-server 2021-03-18 01:12:40,764 [INFO] Sending to ptd: 'RR'
ptd-server 2021-03-18 01:12:40,764 [INFO] Reply from ptd: 'Ranges,1,5.000000,1,300.000000'
ptd-server 2021-03-18 01:12:40,764 [INFO] Initial range for Amps is Auto for Volts is Auto
ptd-server 2021-03-18 01:12:40,764 [INFO] Sending to ptd: 'SR,V,Auto'
ptd-server 2021-03-18 01:12:41,273 [INFO] Reply from ptd: 'Range V changed'
ptd-server 2021-03-18 01:12:41,273 [INFO] Sending to ptd: 'SR,A,Auto'
ptd-server 2021-03-18 01:12:41,782 [INFO] Reply from ptd: 'Range A changed'
ptd-server 2021-03-18 01:12:51,782 [INFO] Starting ranging mode
ptd-server 2021-03-18 01:12:51,782 [INFO] Sending to ptd: 'Go,1000,0,2021-03-18_01-12-21_ranging'
ptd-server 2021-03-18 01:12:51,782 [INFO] Reply from ptd: 'Starting untimed measurement, maximum 500000 samples at 1000ms with 0 rampup samples'
ptd-server 2021-03-18 01:12:51,782 [INFO] Sending reply to client 'OK'
ptd-server 2021-03-18 01:24:30,375 [INFO] Got command from the client 'session,2021-03-18_01-12-21,stop,ranging'
ptd-server 2021-03-18 01:24:40,388 [INFO] Sending to ptd: 'Stop'
ptd-server 2021-03-18 01:24:40,388 [INFO] Reply from ptd: 'Stopping untimed measurement'
ptd-server 2021-03-18 01:24:40,685 [INFO] Sending reply to client 'OK'
ptd-server 2021-03-18 01:24:40,747 [INFO] Got command from the client 'session,2021-03-18_01-12-21,upload,ranging'
ptd-server 2021-03-18 01:24:40,747 [INFO] Received 'C:\\ptd-logs\\2021-03-18_01-12-21ranging.tmp'
ptd-server 2021-03-18 01:24:40,763 [INFO] Extracted 'C:\\ptd-logs\\2021-03-18_01-12-21ranging.tmp' into 'C:\\ptd-logs\\2021-03-18_01-12-21\\ranging'
ptd-server 2021-03-18 01:24:40,763 [INFO] Removed 'C:\\ptd-logs\\2021-03-18_01-12-21ranging.tmp'
ptd-server 2021-03-18 01:24:40,763 [INFO] Sending reply to client 'OK'
ptd-server 2021-03-18 01:24:40,980 [INFO] Got command from the client 'time'
ptd-server 2021-03-18 01:24:40,980 [INFO] Sending reply to client '1616055880.980406'
ptd-server 2021-03-18 01:24:40,982 [INFO] Got command from the client 'session,2021-03-18_01-12-21,start,testing'
ptd-server 2021-03-18 01:24:40,982 [INFO] Sending to ptd: 'SR,V,206.500000'
ptd-server 2021-03-18 01:24:42,501 [INFO] Reply from ptd: 'Range V changed'
ptd-server 2021-03-18 01:24:42,501 [INFO] Sending to ptd: 'SR,A,6.527000'
ptd-server 2021-03-18 01:24:44,032 [INFO] Reply from ptd: 'Range A changed'
ptd-server 2021-03-18 01:24:54,047 [INFO] Starting testing mode
ptd-server 2021-03-18 01:24:54,047 [INFO] Sending to ptd: 'Go,1000,0,2021-03-18_01-12-21_testing'
ptd-server 2021-03-18 01:24:54,047 [INFO] Reply from ptd: 'Starting untimed measurement, maximum 500000 samples at 1000ms with 0 rampup samples'
ptd-server 2021-03-18 01:24:54,047 [INFO] Sending reply to client 'OK'
ptd-server 2021-03-18 01:36:31,649 [INFO] Got command from the client 'session,2021-03-18_01-12-21,stop,testing'
ptd-server 2021-03-18 01:36:41,651 [INFO] Sending to ptd: 'Stop'
ptd-server 2021-03-18 01:36:41,651 [INFO] Reply from ptd: 'Stopping untimed measurement'
ptd-server 2021-03-18 01:36:41,807 [INFO] Sending reply to client 'OK'
ptd-server 2021-03-18 01:36:41,823 [INFO] Got command from the client 'session,2021-03-18_01-12-21,upload,testing'
ptd-server 2021-03-18 01:36:41,823 [INFO] Received 'C:\\ptd-logs\\2021-03-18_01-12-21testing.tmp'
ptd-server 2021-03-18 01:36:41,838 [INFO] Extracted 'C:\\ptd-logs\\2021-03-18_01-12-21testing.tmp' into 'C:\\ptd-logs\\2021-03-18_01-12-21\\run_1'
ptd-server 2021-03-18 01:36:41,838 [INFO] Removed 'C:\\ptd-logs\\2021-03-18_01-12-21testing.tmp'
ptd-server 2021-03-18 01:36:41,838 [INFO] Sending reply to client 'OK'
ptd-server 2021-03-18 01:36:41,838 [INFO] Got command from the client 'session,2021-03-18_01-12-21,upload,client.log'
ptd-server 2021-03-18 01:36:41,838 [INFO] Received 'C:\\ptd-logs\\2021-03-18_01-12-21client.log.tmp'
ptd-server 2021-03-18 01:36:41,854 [INFO] Removed 'C:\\ptd-logs\\2021-03-18_01-12-21client.log.tmp'
ptd-server 2021-03-18 01:36:41,854 [INFO] Sending reply to client 'OK'
ptd-server 2021-03-18 01:36:41,869 [INFO] Got command from the client 'session,2021-03-18_01-12-21,upload,client.json'
ptd-server 2021-03-18 01:36:41,869 [INFO] Received 'C:\\ptd-logs\\2021-03-18_01-12-21client.json.tmp'
ptd-server 2021-03-18 01:36:41,885 [INFO] Removed 'C:\\ptd-logs\\2021-03-18_01-12-21client.json.tmp'
ptd-server 2021-03-18 01:36:41,885 [INFO] Sending reply to client 'OK'
ptd-server 2021-03-18 01:36:41,885 [INFO] Got command from the client 'session,2021-03-18_01-12-21,done'
ptd-server 2021-03-18 01:36:41,885 [INFO] Sending to ptd: 'Stop'
ptd-server 2021-03-18 01:36:42,057 [INFO] Reply from ptd: 'Error: no measurement to stop'
ptd-server 2021-03-18 01:36:42,057 [INFO] Sending to ptd: 'SR,V,Auto'
ptd-server 2021-03-18 01:36:42,572 [INFO] Reply from ptd: 'Range V changed'
ptd-server 2021-03-18 01:36:42,572 [INFO] Sending to ptd: 'SR,A,Auto'
ptd-server 2021-03-18 01:36:43,088 [INFO] Reply from ptd: 'Range A changed'
ptd-server 2021-03-18 01:36:43,088 [INFO] Set initial values for Amps Auto and Volts Auto
ptd-server 2021-03-18 01:36:43,088 [INFO] Stopping ptd...
