ptd-server 2021-02-27 09:26:42,647 [INFO] Got command from the client 'time'
ptd-server 2021-02-27 09:26:42,647 [INFO] Sending reply to client '1614418002.6475902'
ptd-server 2021-02-27 09:26:42,648 [INFO] Got command from the client 'new,,203137fd-c212-4029-a516-97eb31be77fc'
ptd-server 2021-02-27 09:26:42,649 [INFO] Sending reply to client 'OK 2021-02-27_09-26-42,9f4b60be-eb09-44f3-8c82-01a480fc5ab6'
ptd-server 2021-02-27 09:26:42,677 [INFO] Got command from the client 'time'
ptd-server 2021-02-27 09:26:42,677 [INFO] Sending reply to client '1614418002.677264'
ptd-server 2021-02-27 09:26:42,678 [INFO] Got command from the client 'session,2021-02-27_09-26-42,start,ranging'
ptd-server 2021-02-27 09:26:42,678 [INFO] Running PTDaemon: ['/home/anton/projects/mlperf/power/inference_v1.0/ptd-linux-x86', '-l', 'ptd.log', '-p', '8888', '52', '/dev/usbtmc0']
ptd-server 2021-02-27 09:26:59,846 [INFO] Sending to ptd: 'Hello'
ptd-server 2021-02-27 09:26:59,846 [INFO] Reply from ptd: 'Hello, PTDaemon here!'
ptd-server 2021-02-27 09:26:59,846 [INFO] Sending to ptd: 'Identify'
ptd-server 2021-02-27 09:26:59,847 [INFO] Reply from ptd: 'YokogawaWT330E,1000,1,1,1,1,0,0,1,version=1.9.2-e8c7a49a-20201208,OS=Linux 5.8.0-43-generic #49~20.04.1-Ubuntu SMP Fri Feb 5 09:57:56 UTC 2021 x86_64,mode=power,1,1,1,0,0,no_cal_date,YOKOGAWA;WT333E;C3VD30030E;F1.04'
ptd-server 2021-02-27 09:26:59,847 [INFO] Connected to PTDaemon
ptd-server 2021-02-27 09:26:59,847 [INFO] Sending to ptd: 'RR'
ptd-server 2021-02-27 09:26:59,847 [INFO] Reply from ptd: 'Ranges,0,0.500000,0,300.000000'
ptd-server 2021-02-27 09:26:59,847 [INFO] Initial range for Amps is 0.500000 for Volts is 300.000000
ptd-server 2021-02-27 09:26:59,848 [INFO] Sending to ptd: 'SR,V,Auto'
ptd-server 2021-02-27 09:27:00,350 [INFO] Reply from ptd: 'Range V changed'
ptd-server 2021-02-27 09:27:00,350 [INFO] Sending to ptd: 'SR,A,Auto'
ptd-server 2021-02-27 09:27:00,853 [INFO] Reply from ptd: 'Range A changed'
ptd-server 2021-02-27 09:27:10,863 [INFO] Starting ranging mode
ptd-server 2021-02-27 09:27:10,863 [INFO] Sending to ptd: 'Go,1000,0,2021-02-27_09-26-42_ranging'
ptd-server 2021-02-27 09:27:10,863 [INFO] Reply from ptd: 'Starting untimed measurement, maximum 500000 samples at 1000ms with 0 rampup samples'
ptd-server 2021-02-27 09:27:10,864 [INFO] Sending reply to client 'OK'
ptd-server 2021-02-27 09:37:29,258 [INFO] Got command from the client 'session,2021-02-27_09-26-42,stop,ranging'
ptd-server 2021-02-27 09:37:39,269 [INFO] Sending to ptd: 'Stop'
ptd-server 2021-02-27 09:37:39,269 [INFO] Reply from ptd: 'Stopping untimed measurement'
ptd-server 2021-02-27 09:37:39,339 [INFO] Sending reply to client 'OK'
ptd-server 2021-02-27 09:37:39,374 [INFO] Got command from the client 'time'
ptd-server 2021-02-27 09:37:39,374 [INFO] Sending reply to client '1614418659.3749483'
ptd-server 2021-02-27 09:37:39,376 [INFO] Got command from the client 'session,2021-02-27_09-26-42,start,testing'
ptd-server 2021-02-27 09:37:39,376 [INFO] Sending to ptd: 'SR,V,249.990000'
ptd-server 2021-02-27 09:37:41,365 [INFO] Reply from ptd: 'Range V changed'
ptd-server 2021-02-27 09:37:41,365 [INFO] Sending to ptd: 'SR,A,0.175190'
ptd-server 2021-02-27 09:37:42,867 [INFO] Reply from ptd: 'Range A changed'
ptd-server 2021-02-27 09:37:52,877 [INFO] Starting testing mode
ptd-server 2021-02-27 09:37:52,877 [INFO] Sending to ptd: 'Go,1000,0,2021-02-27_09-26-42_testing'
ptd-server 2021-02-27 09:37:52,877 [INFO] Reply from ptd: 'Starting untimed measurement, maximum 500000 samples at 1000ms with 0 rampup samples'
ptd-server 2021-02-27 09:37:52,878 [INFO] Sending reply to client 'OK'
ptd-server 2021-02-27 09:48:11,311 [INFO] Got command from the client 'session,2021-02-27_09-26-42,stop,testing'
ptd-server 2021-02-27 09:48:21,321 [INFO] Sending to ptd: 'Stop'
ptd-server 2021-02-27 09:48:21,322 [INFO] Reply from ptd: 'Stopping untimed measurement'
ptd-server 2021-02-27 09:48:21,358 [INFO] Sending reply to client 'OK'
ptd-server 2021-02-27 09:48:21,361 [INFO] Got command from the client 'session,2021-02-27_09-26-42,upload,client.log'
ptd-server 2021-02-27 09:48:21,362 [INFO] Received '/home/anton/projects/mlperf/power-dev/output/2021-02-27_09-26-42client.log.tmp'
ptd-server 2021-02-27 09:48:21,362 [INFO] Removed '/home/anton/projects/mlperf/power-dev/output/2021-02-27_09-26-42client.log.tmp'
ptd-server 2021-02-27 09:48:21,362 [INFO] Sending reply to client 'OK'
ptd-server 2021-02-27 09:48:21,366 [INFO] Got command from the client 'session,2021-02-27_09-26-42,upload,client.json'
ptd-server 2021-02-27 09:48:21,366 [INFO] Received '/home/anton/projects/mlperf/power-dev/output/2021-02-27_09-26-42client.json.tmp'
ptd-server 2021-02-27 09:48:21,367 [INFO] Removed '/home/anton/projects/mlperf/power-dev/output/2021-02-27_09-26-42client.json.tmp'
ptd-server 2021-02-27 09:48:21,367 [INFO] Sending reply to client 'OK'
ptd-server 2021-02-27 09:48:21,368 [INFO] Got command from the client 'session,2021-02-27_09-26-42,done'
ptd-server 2021-02-27 09:48:21,368 [INFO] Sending to ptd: 'Stop'
ptd-server 2021-02-27 09:48:21,877 [INFO] Reply from ptd: 'Error: no measurement to stop'
ptd-server 2021-02-27 09:48:21,877 [INFO] Sending to ptd: 'SR,V,300.000000'
ptd-server 2021-02-27 09:48:23,379 [INFO] Reply from ptd: 'Range V changed'
ptd-server 2021-02-27 09:48:23,379 [INFO] Sending to ptd: 'SR,A,0.500000'
ptd-server 2021-02-27 09:48:24,880 [INFO] Reply from ptd: 'Range A changed'
ptd-server 2021-02-27 09:48:24,880 [INFO] Set initial values for Amps 0.500000 and Volts 300.000000
ptd-server 2021-02-27 09:48:24,881 [INFO] Stopping ptd...
