ptd-server 2021-03-06 10:30:46,592 [INFO] Got command from the client 'time'
ptd-server 2021-03-06 10:30:46,592 [INFO] Sending reply to client '1615026646.5927508'
ptd-server 2021-03-06 10:30:46,596 [INFO] Got command from the client 'new,,834d9e66-8ee0-4764-ae98-e0013b11c109'
ptd-server 2021-03-06 10:30:46,596 [INFO] Sending reply to client 'OK 2021-03-06_10-30-46,26572ca4-3f7b-4eb6-9607-0adfa52b32da'
ptd-server 2021-03-06 10:30:46,641 [INFO] Got command from the client 'time'
ptd-server 2021-03-06 10:30:46,641 [INFO] Sending reply to client '1615026646.6411648'
ptd-server 2021-03-06 10:30:46,644 [INFO] Got command from the client 'session,2021-03-06_10-30-46,start,ranging'
ptd-server 2021-03-06 10:30:46,644 [INFO] Running PTDaemon: ['/home/anton/projects/mlperf/power/inference_v1.0/ptd-linux-x86', '-l', 'ptd.log', '-p', '8888', '52', '/dev/usbtmc0']
ptd-server 2021-03-06 10:31:03,813 [INFO] Sending to ptd: 'Hello'
ptd-server 2021-03-06 10:31:03,814 [INFO] Reply from ptd: 'Hello, PTDaemon here!'
ptd-server 2021-03-06 10:31:03,814 [INFO] Sending to ptd: 'Identify'
ptd-server 2021-03-06 10:31:03,814 [INFO] Reply from ptd: 'YokogawaWT330E,1000,1,1,1,1,0,0,1,version=1.9.2-e8c7a49a-20201208,OS=Linux 5.8.0-43-generic #49~20.04.1-Ubuntu SMP Fri Feb 5 09:57:56 UTC 2021 x86_64,mode=power,1,1,1,0,0,no_cal_date,YOKOGAWA;WT333E;C3VD30030E;F1.04'
ptd-server 2021-03-06 10:31:03,814 [INFO] Connected to PTDaemon
ptd-server 2021-03-06 10:31:03,814 [INFO] Sending to ptd: 'RR'
ptd-server 2021-03-06 10:31:03,815 [INFO] Reply from ptd: 'Ranges,0,0.500000,0,300.000000'
ptd-server 2021-03-06 10:31:03,815 [INFO] Initial range for Amps is 0.500000 for Volts is 300.000000
ptd-server 2021-03-06 10:31:03,815 [INFO] Sending to ptd: 'SR,V,Auto'
ptd-server 2021-03-06 10:31:04,317 [INFO] Reply from ptd: 'Range V changed'
ptd-server 2021-03-06 10:31:04,317 [INFO] Sending to ptd: 'SR,A,Auto'
ptd-server 2021-03-06 10:31:04,820 [INFO] Reply from ptd: 'Range A changed'
ptd-server 2021-03-06 10:31:14,830 [INFO] Starting ranging mode
ptd-server 2021-03-06 10:31:14,830 [INFO] Sending to ptd: 'Go,1000,0,2021-03-06_10-30-46_ranging'
ptd-server 2021-03-06 10:31:14,831 [INFO] Reply from ptd: 'Starting untimed measurement, maximum 500000 samples at 1000ms with 0 rampup samples'
ptd-server 2021-03-06 10:31:14,831 [INFO] Sending reply to client 'OK'
ptd-server 2021-03-06 10:41:46,355 [INFO] Got command from the client 'session,2021-03-06_10-30-46,stop,ranging'
ptd-server 2021-03-06 10:41:56,366 [INFO] Sending to ptd: 'Stop'
ptd-server 2021-03-06 10:41:56,366 [INFO] Reply from ptd: 'Stopping untimed measurement'
ptd-server 2021-03-06 10:41:56,780 [INFO] Sending reply to client 'OK'
ptd-server 2021-03-06 10:41:56,825 [INFO] Got command from the client 'time'
ptd-server 2021-03-06 10:41:56,825 [INFO] Sending reply to client '1615027316.825264'
ptd-server 2021-03-06 10:41:56,829 [INFO] Got command from the client 'session,2021-03-06_10-30-46,start,testing'
ptd-server 2021-03-06 10:41:56,829 [INFO] Sending to ptd: 'SR,V,250.030000'
ptd-server 2021-03-06 10:41:58,333 [INFO] Reply from ptd: 'Range V changed'
ptd-server 2021-03-06 10:41:58,333 [INFO] Sending to ptd: 'SR,A,0.058110'
ptd-server 2021-03-06 10:41:59,834 [INFO] Reply from ptd: 'Range A changed'
ptd-server 2021-03-06 10:42:09,845 [INFO] Starting testing mode
ptd-server 2021-03-06 10:42:09,845 [INFO] Sending to ptd: 'Go,1000,0,2021-03-06_10-30-46_testing'
ptd-server 2021-03-06 10:42:09,845 [INFO] Reply from ptd: 'Starting untimed measurement, maximum 500000 samples at 1000ms with 0 rampup samples'
ptd-server 2021-03-06 10:42:09,845 [INFO] Sending reply to client 'OK'
ptd-server 2021-03-06 10:52:46,196 [INFO] Got command from the client 'session,2021-03-06_10-30-46,stop,testing'
ptd-server 2021-03-06 10:52:56,206 [INFO] Sending to ptd: 'Stop'
ptd-server 2021-03-06 10:52:56,207 [INFO] Reply from ptd: 'Stopping untimed measurement'
ptd-server 2021-03-06 10:52:56,428 [INFO] Sending reply to client 'OK'
ptd-server 2021-03-06 10:52:56,436 [INFO] Got command from the client 'session,2021-03-06_10-30-46,upload,client.log'
ptd-server 2021-03-06 10:52:56,439 [INFO] Received '/home/anton/projects/mlperf/power-dev/output/2021-03-06_10-30-46client.log.tmp'
ptd-server 2021-03-06 10:52:56,440 [INFO] Removed '/home/anton/projects/mlperf/power-dev/output/2021-03-06_10-30-46client.log.tmp'
ptd-server 2021-03-06 10:52:56,440 [INFO] Sending reply to client 'OK'
ptd-server 2021-03-06 10:52:56,452 [INFO] Got command from the client 'session,2021-03-06_10-30-46,upload,client.json'
ptd-server 2021-03-06 10:52:56,455 [INFO] Received '/home/anton/projects/mlperf/power-dev/output/2021-03-06_10-30-46client.json.tmp'
ptd-server 2021-03-06 10:52:56,456 [INFO] Removed '/home/anton/projects/mlperf/power-dev/output/2021-03-06_10-30-46client.json.tmp'
ptd-server 2021-03-06 10:52:56,456 [INFO] Sending reply to client 'OK'
ptd-server 2021-03-06 10:52:56,459 [INFO] Got command from the client 'session,2021-03-06_10-30-46,done'
ptd-server 2021-03-06 10:52:56,459 [INFO] Sending to ptd: 'Stop'
ptd-server 2021-03-06 10:52:56,846 [INFO] Reply from ptd: 'Error: no measurement to stop'
ptd-server 2021-03-06 10:52:56,846 [INFO] Sending to ptd: 'SR,V,300.000000'
ptd-server 2021-03-06 10:52:58,347 [INFO] Reply from ptd: 'Range V changed'
ptd-server 2021-03-06 10:52:58,347 [INFO] Sending to ptd: 'SR,A,0.500000'
ptd-server 2021-03-06 10:52:59,849 [INFO] Reply from ptd: 'Range A changed'
ptd-server 2021-03-06 10:52:59,849 [INFO] Set initial values for Amps 0.500000 and Volts 300.000000
ptd-server 2021-03-06 10:52:59,849 [INFO] Stopping ptd...
