ptd-server 2021-03-01 04:00:34,290 [INFO] Got command from the client 'time'
ptd-server 2021-03-01 04:00:34,290 [INFO] Sending reply to client '1614571234.2902908'
ptd-server 2021-03-01 04:00:34,291 [INFO] Got command from the client 'new,,31da6489-4b62-4bf2-922f-bb8bd645b7f4'
ptd-server 2021-03-01 04:00:34,292 [INFO] Sending reply to client 'OK 2021-03-01_04-00-34,a584b55d-8d2e-421f-8320-d89dd96e2823'
ptd-server 2021-03-01 04:00:34,330 [INFO] Got command from the client 'time'
ptd-server 2021-03-01 04:00:34,330 [INFO] Sending reply to client '1614571234.3302443'
ptd-server 2021-03-01 04:00:34,331 [INFO] Got command from the client 'session,2021-03-01_04-00-34,start,ranging'
ptd-server 2021-03-01 04:00:34,331 [INFO] Running PTDaemon: ['/home/anton/projects/mlperf/power/inference_v1.0/ptd-linux-x86', '-l', 'ptd.log', '-p', '8888', '52', '/dev/usbtmc0']
ptd-server 2021-03-01 04:00:51,500 [INFO] Sending to ptd: 'Hello'
ptd-server 2021-03-01 04:00:51,501 [INFO] Reply from ptd: 'Hello, PTDaemon here!'
ptd-server 2021-03-01 04:00:51,501 [INFO] Sending to ptd: 'Identify'
ptd-server 2021-03-01 04:00:51,501 [INFO] Reply from ptd: 'YokogawaWT330E,1000,1,1,1,1,0,0,1,version=1.9.2-e8c7a49a-20201208,OS=Linux 5.8.0-43-generic #49~20.04.1-Ubuntu SMP Fri Feb 5 09:57:56 UTC 2021 x86_64,mode=power,1,1,1,0,0,no_cal_date,YOKOGAWA;WT333E;C3VD30030E;F1.04'
ptd-server 2021-03-01 04:00:51,502 [INFO] Connected to PTDaemon
ptd-server 2021-03-01 04:00:51,502 [INFO] Sending to ptd: 'RR'
ptd-server 2021-03-01 04:00:51,502 [INFO] Reply from ptd: 'Ranges,0,0.500000,0,300.000000'
ptd-server 2021-03-01 04:00:51,502 [INFO] Initial range for Amps is 0.500000 for Volts is 300.000000
ptd-server 2021-03-01 04:00:51,502 [INFO] Sending to ptd: 'SR,V,Auto'
ptd-server 2021-03-01 04:00:52,005 [INFO] Reply from ptd: 'Range V changed'
ptd-server 2021-03-01 04:00:52,005 [INFO] Sending to ptd: 'SR,A,Auto'
ptd-server 2021-03-01 04:00:52,507 [INFO] Reply from ptd: 'Range A changed'
ptd-server 2021-03-01 04:01:02,518 [INFO] Starting ranging mode
ptd-server 2021-03-01 04:01:02,518 [INFO] Sending to ptd: 'Go,1000,0,2021-03-01_04-00-34_ranging'
ptd-server 2021-03-01 04:01:02,518 [INFO] Reply from ptd: 'Starting untimed measurement, maximum 500000 samples at 1000ms with 0 rampup samples'
ptd-server 2021-03-01 04:01:02,518 [INFO] Sending reply to client 'OK'
ptd-server 2021-03-01 04:11:18,272 [INFO] Got command from the client 'session,2021-03-01_04-00-34,stop,ranging'
ptd-server 2021-03-01 04:11:28,283 [INFO] Sending to ptd: 'Stop'
ptd-server 2021-03-01 04:11:28,283 [INFO] Reply from ptd: 'Stopping untimed measurement'
ptd-server 2021-03-01 04:11:28,522 [INFO] Sending reply to client 'OK'
ptd-server 2021-03-01 04:11:28,579 [INFO] Got command from the client 'time'
ptd-server 2021-03-01 04:11:28,579 [INFO] Sending reply to client '1614571888.5795565'
ptd-server 2021-03-01 04:11:28,580 [INFO] Got command from the client 'session,2021-03-01_04-00-34,start,testing'
ptd-server 2021-03-01 04:11:28,580 [INFO] Sending to ptd: 'SR,V,250.250000'
ptd-server 2021-03-01 04:11:30,082 [INFO] Reply from ptd: 'Range V changed'
ptd-server 2021-03-01 04:11:30,082 [INFO] Sending to ptd: 'SR,A,0.178720'
ptd-server 2021-03-01 04:11:31,583 [INFO] Reply from ptd: 'Range A changed'
ptd-server 2021-03-01 04:11:41,593 [INFO] Starting testing mode
ptd-server 2021-03-01 04:11:41,594 [INFO] Sending to ptd: 'Go,1000,0,2021-03-01_04-00-34_testing'
ptd-server 2021-03-01 04:11:41,594 [INFO] Reply from ptd: 'Starting untimed measurement, maximum 500000 samples at 1000ms with 0 rampup samples'
ptd-server 2021-03-01 04:11:41,594 [INFO] Sending reply to client 'OK'
ptd-server 2021-03-01 04:21:57,261 [INFO] Got command from the client 'session,2021-03-01_04-00-34,stop,testing'
ptd-server 2021-03-01 04:22:07,272 [INFO] Sending to ptd: 'Stop'
ptd-server 2021-03-01 04:22:07,272 [INFO] Reply from ptd: 'Stopping untimed measurement'
ptd-server 2021-03-01 04:22:07,399 [INFO] Sending reply to client 'OK'
ptd-server 2021-03-01 04:22:07,402 [INFO] Got command from the client 'session,2021-03-01_04-00-34,upload,client.log'
ptd-server 2021-03-01 04:22:07,403 [INFO] Received '/home/anton/projects/mlperf/power-dev/output/2021-03-01_04-00-34client.log.tmp'
ptd-server 2021-03-01 04:22:07,403 [INFO] Removed '/home/anton/projects/mlperf/power-dev/output/2021-03-01_04-00-34client.log.tmp'
ptd-server 2021-03-01 04:22:07,403 [INFO] Sending reply to client 'OK'
ptd-server 2021-03-01 04:22:07,408 [INFO] Got command from the client 'session,2021-03-01_04-00-34,upload,client.json'
ptd-server 2021-03-01 04:22:07,408 [INFO] Received '/home/anton/projects/mlperf/power-dev/output/2021-03-01_04-00-34client.json.tmp'
ptd-server 2021-03-01 04:22:07,408 [INFO] Removed '/home/anton/projects/mlperf/power-dev/output/2021-03-01_04-00-34client.json.tmp'
ptd-server 2021-03-01 04:22:07,408 [INFO] Sending reply to client 'OK'
ptd-server 2021-03-01 04:22:07,409 [INFO] Got command from the client 'session,2021-03-01_04-00-34,done'
ptd-server 2021-03-01 04:22:07,409 [INFO] Sending to ptd: 'Stop'
ptd-server 2021-03-01 04:22:07,594 [INFO] Reply from ptd: 'Error: no measurement to stop'
ptd-server 2021-03-01 04:22:07,595 [INFO] Sending to ptd: 'SR,V,300.000000'
ptd-server 2021-03-01 04:22:09,096 [INFO] Reply from ptd: 'Range V changed'
ptd-server 2021-03-01 04:22:09,096 [INFO] Sending to ptd: 'SR,A,0.500000'
ptd-server 2021-03-01 04:22:10,597 [INFO] Reply from ptd: 'Range A changed'
ptd-server 2021-03-01 04:22:10,598 [INFO] Set initial values for Amps 0.500000 and Volts 300.000000
ptd-server 2021-03-01 04:22:10,598 [INFO] Stopping ptd...
