ptd-server 2021-03-09 00:23:36,358 [INFO] Got command from the client 'time'
ptd-server 2021-03-09 00:23:36,358 [INFO] Sending reply to client '1615249416.358521'
ptd-server 2021-03-09 00:23:36,360 [INFO] Got command from the client 'new,,f88cb7ef-d859-4d72-9964-ddd09c218114'
ptd-server 2021-03-09 00:23:36,361 [INFO] Sending reply to client 'OK 2021-03-09_00-23-36,c2988c17-8ff1-4e0b-8104-a9c6f0cde49c'
ptd-server 2021-03-09 00:23:36,398 [INFO] Got command from the client 'time'
ptd-server 2021-03-09 00:23:36,398 [INFO] Sending reply to client '1615249416.39826'
ptd-server 2021-03-09 00:23:36,400 [INFO] Got command from the client 'session,2021-03-09_00-23-36,start,ranging'
ptd-server 2021-03-09 00:23:36,400 [INFO] Running PTDaemon: ['/home/anton/projects/mlperf/power/inference_v1.0/ptd-linux-x86', '-l', 'ptd.log', '-p', '8888', '52', '/dev/usbtmc0']
ptd-server 2021-03-09 00:23:53,573 [INFO] Sending to ptd: 'Hello'
ptd-server 2021-03-09 00:23:53,574 [INFO] Reply from ptd: 'Hello, PTDaemon here!'
ptd-server 2021-03-09 00:23:53,574 [INFO] Sending to ptd: 'Identify'
ptd-server 2021-03-09 00:23:53,574 [INFO] Reply from ptd: 'YokogawaWT330E,1000,1,1,1,1,0,0,1,version=1.9.2-e8c7a49a-20201208,OS=Linux 5.8.0-43-generic #49~20.04.1-Ubuntu SMP Fri Feb 5 09:57:56 UTC 2021 x86_64,mode=power,1,1,1,0,0,no_cal_date,YOKOGAWA;WT333E;C3VD30030E;F1.04'
ptd-server 2021-03-09 00:23:53,574 [INFO] Connected to PTDaemon
ptd-server 2021-03-09 00:23:53,574 [INFO] Sending to ptd: 'RR'
ptd-server 2021-03-09 00:23:53,575 [INFO] Reply from ptd: 'Ranges,0,0.500000,0,300.000000'
ptd-server 2021-03-09 00:23:53,575 [INFO] Initial range for Amps is 0.500000 for Volts is 300.000000
ptd-server 2021-03-09 00:23:53,575 [INFO] Sending to ptd: 'SR,V,Auto'
ptd-server 2021-03-09 00:23:54,078 [INFO] Reply from ptd: 'Range V changed'
ptd-server 2021-03-09 00:23:54,078 [INFO] Sending to ptd: 'SR,A,Auto'
ptd-server 2021-03-09 00:23:54,580 [INFO] Reply from ptd: 'Range A changed'
ptd-server 2021-03-09 00:24:04,590 [INFO] Starting ranging mode
ptd-server 2021-03-09 00:24:04,591 [INFO] Sending to ptd: 'Go,1000,0,2021-03-09_00-23-36_ranging'
ptd-server 2021-03-09 00:24:04,591 [INFO] Reply from ptd: 'Starting untimed measurement, maximum 500000 samples at 1000ms with 0 rampup samples'
ptd-server 2021-03-09 00:24:04,591 [INFO] Sending reply to client 'OK'
ptd-server 2021-03-09 00:34:24,466 [INFO] Got command from the client 'session,2021-03-09_00-23-36,stop,ranging'
ptd-server 2021-03-09 00:34:34,476 [INFO] Sending to ptd: 'Stop'
ptd-server 2021-03-09 00:34:34,477 [INFO] Reply from ptd: 'Stopping untimed measurement'
ptd-server 2021-03-09 00:34:35,165 [INFO] Sending reply to client 'OK'
ptd-server 2021-03-09 00:34:35,208 [INFO] Got command from the client 'time'
ptd-server 2021-03-09 00:34:35,208 [INFO] Sending reply to client '1615250075.2084298'
ptd-server 2021-03-09 00:34:35,210 [INFO] Got command from the client 'session,2021-03-09_00-23-36,start,testing'
ptd-server 2021-03-09 00:34:35,211 [INFO] Sending to ptd: 'SR,V,248.040000'
ptd-server 2021-03-09 00:34:36,712 [INFO] Reply from ptd: 'Range V changed'
ptd-server 2021-03-09 00:34:36,712 [INFO] Sending to ptd: 'SR,A,0.139980'
ptd-server 2021-03-09 00:34:38,214 [INFO] Reply from ptd: 'Range A changed'
ptd-server 2021-03-09 00:34:48,224 [INFO] Starting testing mode
ptd-server 2021-03-09 00:34:48,224 [INFO] Sending to ptd: 'Go,1000,0,2021-03-09_00-23-36_testing'
ptd-server 2021-03-09 00:34:48,224 [INFO] Reply from ptd: 'Starting untimed measurement, maximum 500000 samples at 1000ms with 0 rampup samples'
ptd-server 2021-03-09 00:34:48,225 [INFO] Sending reply to client 'OK'
ptd-server 2021-03-09 00:45:03,927 [INFO] Got command from the client 'session,2021-03-09_00-23-36,stop,testing'
ptd-server 2021-03-09 00:45:13,938 [INFO] Sending to ptd: 'Stop'
ptd-server 2021-03-09 00:45:13,938 [INFO] Reply from ptd: 'Stopping untimed measurement'
ptd-server 2021-03-09 00:45:14,289 [INFO] Sending reply to client 'OK'
ptd-server 2021-03-09 00:45:14,294 [INFO] Got command from the client 'session,2021-03-09_00-23-36,upload,client.log'
ptd-server 2021-03-09 00:45:14,295 [INFO] Received '/home/anton/projects/mlperf/power-dev/output/2021-03-09_00-23-36client.log.tmp'
ptd-server 2021-03-09 00:45:14,295 [INFO] Removed '/home/anton/projects/mlperf/power-dev/output/2021-03-09_00-23-36client.log.tmp'
ptd-server 2021-03-09 00:45:14,295 [INFO] Sending reply to client 'OK'
ptd-server 2021-03-09 00:45:14,299 [INFO] Got command from the client 'session,2021-03-09_00-23-36,upload,client.json'
ptd-server 2021-03-09 00:45:14,300 [INFO] Received '/home/anton/projects/mlperf/power-dev/output/2021-03-09_00-23-36client.json.tmp'
ptd-server 2021-03-09 00:45:14,300 [INFO] Removed '/home/anton/projects/mlperf/power-dev/output/2021-03-09_00-23-36client.json.tmp'
ptd-server 2021-03-09 00:45:14,300 [INFO] Sending reply to client 'OK'
ptd-server 2021-03-09 00:45:14,301 [INFO] Got command from the client 'session,2021-03-09_00-23-36,done'
ptd-server 2021-03-09 00:45:14,301 [INFO] Sending to ptd: 'Stop'
ptd-server 2021-03-09 00:45:14,302 [INFO] Reply from ptd: 'Error: no measurement to stop'
ptd-server 2021-03-09 00:45:14,302 [INFO] Sending to ptd: 'SR,V,300.000000'
ptd-server 2021-03-09 00:45:15,803 [INFO] Reply from ptd: 'Range V changed'
ptd-server 2021-03-09 00:45:15,803 [INFO] Sending to ptd: 'SR,A,0.500000'
ptd-server 2021-03-09 00:45:17,304 [INFO] Reply from ptd: 'Range A changed'
ptd-server 2021-03-09 00:45:17,305 [INFO] Set initial values for Amps 0.500000 and Volts 300.000000
ptd-server 2021-03-09 00:45:17,305 [INFO] Stopping ptd...
