ptd-server 2021-03-07 02:50:39,844 [INFO] Got command from the client 'time'
ptd-server 2021-03-07 02:50:39,845 [INFO] Sending reply to client '1615085439.8450387'
ptd-server 2021-03-07 02:50:39,848 [INFO] Got command from the client 'new,,715f3b3a-9477-4818-b110-d3ea66410afd'
ptd-server 2021-03-07 02:50:39,849 [INFO] Sending reply to client 'OK 2021-03-07_02-50-39,826ea4e1-7de8-44f9-9c5c-952c3c8e0233'
ptd-server 2021-03-07 02:50:39,884 [INFO] Got command from the client 'time'
ptd-server 2021-03-07 02:50:39,884 [INFO] Sending reply to client '1615085439.8848283'
ptd-server 2021-03-07 02:50:39,888 [INFO] Got command from the client 'session,2021-03-07_02-50-39,start,ranging'
ptd-server 2021-03-07 02:50:39,888 [INFO] Running PTDaemon: ['/home/anton/projects/mlperf/power/inference_v1.0/ptd-linux-x86', '-l', 'ptd.log', '-p', '8888', '52', '/dev/usbtmc0']
ptd-server 2021-03-07 02:50:57,056 [INFO] Sending to ptd: 'Hello'
ptd-server 2021-03-07 02:50:57,057 [INFO] Reply from ptd: 'Hello, PTDaemon here!'
ptd-server 2021-03-07 02:50:57,057 [INFO] Sending to ptd: 'Identify'
ptd-server 2021-03-07 02:50:57,058 [INFO] Reply from ptd: 'YokogawaWT330E,1000,1,1,1,1,0,0,1,version=1.9.2-e8c7a49a-20201208,OS=Linux 5.8.0-43-generic #49~20.04.1-Ubuntu SMP Fri Feb 5 09:57:56 UTC 2021 x86_64,mode=power,1,1,1,0,0,no_cal_date,YOKOGAWA;WT333E;C3VD30030E;F1.04'
ptd-server 2021-03-07 02:50:57,058 [INFO] Connected to PTDaemon
ptd-server 2021-03-07 02:50:57,058 [INFO] Sending to ptd: 'RR'
ptd-server 2021-03-07 02:50:57,058 [INFO] Reply from ptd: 'Ranges,0,0.500000,0,300.000000'
ptd-server 2021-03-07 02:50:57,058 [INFO] Initial range for Amps is 0.500000 for Volts is 300.000000
ptd-server 2021-03-07 02:50:57,058 [INFO] Sending to ptd: 'SR,V,Auto'
ptd-server 2021-03-07 02:50:57,561 [INFO] Reply from ptd: 'Range V changed'
ptd-server 2021-03-07 02:50:57,561 [INFO] Sending to ptd: 'SR,A,Auto'
ptd-server 2021-03-07 02:50:58,063 [INFO] Reply from ptd: 'Range A changed'
ptd-server 2021-03-07 02:51:08,074 [INFO] Starting ranging mode
ptd-server 2021-03-07 02:51:08,074 [INFO] Sending to ptd: 'Go,1000,0,2021-03-07_02-50-39_ranging'
ptd-server 2021-03-07 02:51:08,074 [INFO] Reply from ptd: 'Starting untimed measurement, maximum 500000 samples at 1000ms with 0 rampup samples'
ptd-server 2021-03-07 02:51:08,074 [INFO] Sending reply to client 'OK'
ptd-server 2021-03-07 03:01:34,023 [INFO] Got command from the client 'session,2021-03-07_02-50-39,stop,ranging'
ptd-server 2021-03-07 03:01:44,034 [INFO] Sending to ptd: 'Stop'
ptd-server 2021-03-07 03:01:44,034 [INFO] Reply from ptd: 'Stopping untimed measurement'
ptd-server 2021-03-07 03:01:44,571 [INFO] Sending reply to client 'OK'
ptd-server 2021-03-07 03:01:44,612 [INFO] Got command from the client 'time'
ptd-server 2021-03-07 03:01:44,612 [INFO] Sending reply to client '1615086104.6124463'
ptd-server 2021-03-07 03:01:44,617 [INFO] Got command from the client 'session,2021-03-07_02-50-39,start,testing'
ptd-server 2021-03-07 03:01:44,617 [INFO] Sending to ptd: 'SR,V,251.780000'
ptd-server 2021-03-07 03:01:46,119 [INFO] Reply from ptd: 'Range V changed'
ptd-server 2021-03-07 03:01:46,119 [INFO] Sending to ptd: 'SR,A,0.058930'
ptd-server 2021-03-07 03:01:47,620 [INFO] Reply from ptd: 'Range A changed'
ptd-server 2021-03-07 03:01:57,630 [INFO] Starting testing mode
ptd-server 2021-03-07 03:01:57,630 [INFO] Sending to ptd: 'Go,1000,0,2021-03-07_02-50-39_testing'
ptd-server 2021-03-07 03:01:57,631 [INFO] Reply from ptd: 'Starting untimed measurement, maximum 500000 samples at 1000ms with 0 rampup samples'
ptd-server 2021-03-07 03:01:57,631 [INFO] Sending reply to client 'OK'
ptd-server 2021-03-07 03:12:28,245 [INFO] Got command from the client 'session,2021-03-07_02-50-39,stop,testing'
ptd-server 2021-03-07 03:12:38,255 [INFO] Sending to ptd: 'Stop'
ptd-server 2021-03-07 03:12:38,256 [INFO] Reply from ptd: 'Stopping untimed measurement'
ptd-server 2021-03-07 03:12:38,532 [INFO] Sending reply to client 'OK'
ptd-server 2021-03-07 03:12:38,540 [INFO] Got command from the client 'session,2021-03-07_02-50-39,upload,client.log'
ptd-server 2021-03-07 03:12:38,544 [INFO] Received '/home/anton/projects/mlperf/power-dev/output/2021-03-07_02-50-39client.log.tmp'
ptd-server 2021-03-07 03:12:38,544 [INFO] Removed '/home/anton/projects/mlperf/power-dev/output/2021-03-07_02-50-39client.log.tmp'
ptd-server 2021-03-07 03:12:38,544 [INFO] Sending reply to client 'OK'
ptd-server 2021-03-07 03:12:38,557 [INFO] Got command from the client 'session,2021-03-07_02-50-39,upload,client.json'
ptd-server 2021-03-07 03:12:38,560 [INFO] Received '/home/anton/projects/mlperf/power-dev/output/2021-03-07_02-50-39client.json.tmp'
ptd-server 2021-03-07 03:12:38,560 [INFO] Removed '/home/anton/projects/mlperf/power-dev/output/2021-03-07_02-50-39client.json.tmp'
ptd-server 2021-03-07 03:12:38,560 [INFO] Sending reply to client 'OK'
ptd-server 2021-03-07 03:12:38,563 [INFO] Got command from the client 'session,2021-03-07_02-50-39,done'
ptd-server 2021-03-07 03:12:38,563 [INFO] Sending to ptd: 'Stop'
ptd-server 2021-03-07 03:12:38,631 [INFO] Reply from ptd: 'Error: no measurement to stop'
ptd-server 2021-03-07 03:12:38,631 [INFO] Sending to ptd: 'SR,V,300.000000'
ptd-server 2021-03-07 03:12:40,133 [INFO] Reply from ptd: 'Range V changed'
ptd-server 2021-03-07 03:12:40,133 [INFO] Sending to ptd: 'SR,A,0.500000'
ptd-server 2021-03-07 03:12:41,634 [INFO] Reply from ptd: 'Range A changed'
ptd-server 2021-03-07 03:12:41,634 [INFO] Set initial values for Amps 0.500000 and Volts 300.000000
ptd-server 2021-03-07 03:12:41,634 [INFO] Stopping ptd...
