ptd-server 2021-03-09 07:38:07,605 [INFO] Got command from the client 'time'
ptd-server 2021-03-09 07:38:07,605 [INFO] Sending reply to client '1615275487.6056762'
ptd-server 2021-03-09 07:38:07,607 [INFO] Got command from the client 'new,,9c25875a-e8e8-4940-a4f4-ee14a2de9eda'
ptd-server 2021-03-09 07:38:07,608 [INFO] Sending reply to client 'OK 2021-03-09_07-38-07,ccf20141-83f5-4b02-a904-d4b30dc8e5f8'
ptd-server 2021-03-09 07:38:07,644 [INFO] Got command from the client 'time'
ptd-server 2021-03-09 07:38:07,644 [INFO] Sending reply to client '1615275487.644187'
ptd-server 2021-03-09 07:38:07,646 [INFO] Got command from the client 'session,2021-03-09_07-38-07,start,ranging'
ptd-server 2021-03-09 07:38:07,646 [INFO] Running PTDaemon: ['/home/anton/projects/mlperf/power/inference_v1.0/ptd-linux-x86', '-l', 'ptd.log', '-p', '8888', '52', '/dev/usbtmc0']
ptd-server 2021-03-09 07:38:24,818 [INFO] Sending to ptd: 'Hello'
ptd-server 2021-03-09 07:38:24,819 [INFO] Reply from ptd: 'Hello, PTDaemon here!'
ptd-server 2021-03-09 07:38:24,819 [INFO] Sending to ptd: 'Identify'
ptd-server 2021-03-09 07:38:24,819 [INFO] Reply from ptd: 'YokogawaWT330E,1000,1,1,1,1,0,0,1,version=1.9.2-e8c7a49a-20201208,OS=Linux 5.8.0-43-generic #49~20.04.1-Ubuntu SMP Fri Feb 5 09:57:56 UTC 2021 x86_64,mode=power,1,1,1,0,0,no_cal_date,YOKOGAWA;WT333E;C3VD30030E;F1.04'
ptd-server 2021-03-09 07:38:24,819 [INFO] Connected to PTDaemon
ptd-server 2021-03-09 07:38:24,819 [INFO] Sending to ptd: 'RR'
ptd-server 2021-03-09 07:38:24,820 [INFO] Reply from ptd: 'Ranges,0,0.500000,0,300.000000'
ptd-server 2021-03-09 07:38:24,820 [INFO] Initial range for Amps is 0.500000 for Volts is 300.000000
ptd-server 2021-03-09 07:38:24,820 [INFO] Sending to ptd: 'SR,V,Auto'
ptd-server 2021-03-09 07:38:25,322 [INFO] Reply from ptd: 'Range V changed'
ptd-server 2021-03-09 07:38:25,323 [INFO] Sending to ptd: 'SR,A,Auto'
ptd-server 2021-03-09 07:38:25,825 [INFO] Reply from ptd: 'Range A changed'
ptd-server 2021-03-09 07:38:35,835 [INFO] Starting ranging mode
ptd-server 2021-03-09 07:38:35,836 [INFO] Sending to ptd: 'Go,1000,0,2021-03-09_07-38-07_ranging'
ptd-server 2021-03-09 07:38:35,836 [INFO] Reply from ptd: 'Starting untimed measurement, maximum 500000 samples at 1000ms with 0 rampup samples'
ptd-server 2021-03-09 07:38:35,836 [INFO] Sending reply to client 'OK'
ptd-server 2021-03-09 07:48:51,175 [INFO] Got command from the client 'session,2021-03-09_07-38-07,stop,ranging'
ptd-server 2021-03-09 07:49:01,186 [INFO] Sending to ptd: 'Stop'
ptd-server 2021-03-09 07:49:01,186 [INFO] Reply from ptd: 'Stopping untimed measurement'
ptd-server 2021-03-09 07:49:01,898 [INFO] Sending reply to client 'OK'
ptd-server 2021-03-09 07:49:01,940 [INFO] Got command from the client 'time'
ptd-server 2021-03-09 07:49:01,940 [INFO] Sending reply to client '1615276141.9403443'
ptd-server 2021-03-09 07:49:01,942 [INFO] Got command from the client 'session,2021-03-09_07-38-07,start,testing'
ptd-server 2021-03-09 07:49:01,942 [INFO] Sending to ptd: 'SR,V,248.440000'
ptd-server 2021-03-09 07:49:03,443 [INFO] Reply from ptd: 'Range V changed'
ptd-server 2021-03-09 07:49:03,444 [INFO] Sending to ptd: 'SR,A,0.147800'
ptd-server 2021-03-09 07:49:04,945 [INFO] Reply from ptd: 'Range A changed'
ptd-server 2021-03-09 07:49:14,955 [INFO] Starting testing mode
ptd-server 2021-03-09 07:49:14,955 [INFO] Sending to ptd: 'Go,1000,0,2021-03-09_07-38-07_testing'
ptd-server 2021-03-09 07:49:14,956 [INFO] Reply from ptd: 'Starting untimed measurement, maximum 500000 samples at 1000ms with 0 rampup samples'
ptd-server 2021-03-09 07:49:14,956 [INFO] Sending reply to client 'OK'
ptd-server 2021-03-09 07:59:30,281 [INFO] Got command from the client 'session,2021-03-09_07-38-07,stop,testing'
ptd-server 2021-03-09 07:59:40,291 [INFO] Sending to ptd: 'Stop'
ptd-server 2021-03-09 07:59:40,292 [INFO] Reply from ptd: 'Stopping untimed measurement'
ptd-server 2021-03-09 07:59:40,655 [INFO] Sending reply to client 'OK'
ptd-server 2021-03-09 07:59:40,663 [INFO] Got command from the client 'session,2021-03-09_07-38-07,upload,client.log'
ptd-server 2021-03-09 07:59:40,664 [INFO] Received '/home/anton/projects/mlperf/power-dev/output/2021-03-09_07-38-07client.log.tmp'
ptd-server 2021-03-09 07:59:40,665 [INFO] Removed '/home/anton/projects/mlperf/power-dev/output/2021-03-09_07-38-07client.log.tmp'
ptd-server 2021-03-09 07:59:40,665 [INFO] Sending reply to client 'OK'
ptd-server 2021-03-09 07:59:40,671 [INFO] Got command from the client 'session,2021-03-09_07-38-07,upload,client.json'
ptd-server 2021-03-09 07:59:40,671 [INFO] Received '/home/anton/projects/mlperf/power-dev/output/2021-03-09_07-38-07client.json.tmp'
ptd-server 2021-03-09 07:59:40,672 [INFO] Removed '/home/anton/projects/mlperf/power-dev/output/2021-03-09_07-38-07client.json.tmp'
ptd-server 2021-03-09 07:59:40,672 [INFO] Sending reply to client 'OK'
ptd-server 2021-03-09 07:59:40,673 [INFO] Got command from the client 'session,2021-03-09_07-38-07,done'
ptd-server 2021-03-09 07:59:40,673 [INFO] Sending to ptd: 'Stop'
ptd-server 2021-03-09 07:59:40,956 [INFO] Reply from ptd: 'Error: no measurement to stop'
ptd-server 2021-03-09 07:59:40,956 [INFO] Sending to ptd: 'SR,V,300.000000'
ptd-server 2021-03-09 07:59:42,458 [INFO] Reply from ptd: 'Range V changed'
ptd-server 2021-03-09 07:59:42,458 [INFO] Sending to ptd: 'SR,A,0.500000'
ptd-server 2021-03-09 07:59:43,959 [INFO] Reply from ptd: 'Range A changed'
ptd-server 2021-03-09 07:59:43,960 [INFO] Set initial values for Amps 0.500000 and Volts 300.000000
ptd-server 2021-03-09 07:59:43,960 [INFO] Stopping ptd...
