ptd-server 2021-03-09 10:53:34,171 [INFO] Got command from the client 'time'
ptd-server 2021-03-09 10:53:34,172 [INFO] Sending reply to client '1615287214.1720967'
ptd-server 2021-03-09 10:53:34,173 [INFO] Got command from the client 'new,,a9f13650-9b56-4b1e-b855-2b6b7d3e8dbc'
ptd-server 2021-03-09 10:53:34,174 [INFO] Sending reply to client 'OK 2021-03-09_10-53-34,5d8c8dce-a9b3-4d44-8cb1-811a2bb4eab6'
ptd-server 2021-03-09 10:53:34,211 [INFO] Got command from the client 'time'
ptd-server 2021-03-09 10:53:34,211 [INFO] Sending reply to client '1615287214.2118294'
ptd-server 2021-03-09 10:53:34,213 [INFO] Got command from the client 'session,2021-03-09_10-53-34,start,ranging'
ptd-server 2021-03-09 10:53:34,213 [INFO] Running PTDaemon: ['/home/anton/projects/mlperf/power/inference_v1.0/ptd-linux-x86', '-l', 'ptd.log', '-p', '8888', '52', '/dev/usbtmc0']
ptd-server 2021-03-09 10:53:51,385 [INFO] Sending to ptd: 'Hello'
ptd-server 2021-03-09 10:53:51,385 [INFO] Reply from ptd: 'Hello, PTDaemon here!'
ptd-server 2021-03-09 10:53:51,386 [INFO] Sending to ptd: 'Identify'
ptd-server 2021-03-09 10:53:51,386 [INFO] Reply from ptd: 'YokogawaWT330E,1000,1,1,1,1,0,0,1,version=1.9.2-e8c7a49a-20201208,OS=Linux 5.8.0-43-generic #49~20.04.1-Ubuntu SMP Fri Feb 5 09:57:56 UTC 2021 x86_64,mode=power,1,1,1,0,0,no_cal_date,YOKOGAWA;WT333E;C3VD30030E;F1.04'
ptd-server 2021-03-09 10:53:51,386 [INFO] Connected to PTDaemon
ptd-server 2021-03-09 10:53:51,386 [INFO] Sending to ptd: 'RR'
ptd-server 2021-03-09 10:53:51,387 [INFO] Reply from ptd: 'Ranges,0,0.500000,0,300.000000'
ptd-server 2021-03-09 10:53:51,387 [INFO] Initial range for Amps is 0.500000 for Volts is 300.000000
ptd-server 2021-03-09 10:53:51,387 [INFO] Sending to ptd: 'SR,V,Auto'
ptd-server 2021-03-09 10:53:51,889 [INFO] Reply from ptd: 'Range V changed'
ptd-server 2021-03-09 10:53:51,890 [INFO] Sending to ptd: 'SR,A,Auto'
ptd-server 2021-03-09 10:53:52,392 [INFO] Reply from ptd: 'Range A changed'
ptd-server 2021-03-09 10:54:02,402 [INFO] Starting ranging mode
ptd-server 2021-03-09 10:54:02,403 [INFO] Sending to ptd: 'Go,1000,0,2021-03-09_10-53-34_ranging'
ptd-server 2021-03-09 10:54:02,403 [INFO] Reply from ptd: 'Starting untimed measurement, maximum 500000 samples at 1000ms with 0 rampup samples'
ptd-server 2021-03-09 10:54:02,403 [INFO] Sending reply to client 'OK'
ptd-server 2021-03-09 11:04:18,033 [INFO] Got command from the client 'session,2021-03-09_10-53-34,stop,ranging'
ptd-server 2021-03-09 11:04:28,044 [INFO] Sending to ptd: 'Stop'
ptd-server 2021-03-09 11:04:28,044 [INFO] Reply from ptd: 'Stopping untimed measurement'
ptd-server 2021-03-09 11:04:28,898 [INFO] Sending reply to client 'OK'
ptd-server 2021-03-09 11:04:28,961 [INFO] Got command from the client 'time'
ptd-server 2021-03-09 11:04:28,961 [INFO] Sending reply to client '1615287868.9613473'
ptd-server 2021-03-09 11:04:28,963 [INFO] Got command from the client 'session,2021-03-09_10-53-34,start,testing'
ptd-server 2021-03-09 11:04:28,964 [INFO] Sending to ptd: 'SR,V,249.860000'
ptd-server 2021-03-09 11:04:30,465 [INFO] Reply from ptd: 'Range V changed'
ptd-server 2021-03-09 11:04:30,465 [INFO] Sending to ptd: 'SR,A,0.165840'
ptd-server 2021-03-09 11:04:31,966 [INFO] Reply from ptd: 'Range A changed'
ptd-server 2021-03-09 11:04:41,976 [INFO] Starting testing mode
ptd-server 2021-03-09 11:04:41,976 [INFO] Sending to ptd: 'Go,1000,0,2021-03-09_10-53-34_testing'
ptd-server 2021-03-09 11:04:41,977 [INFO] Reply from ptd: 'Starting untimed measurement, maximum 500000 samples at 1000ms with 0 rampup samples'
ptd-server 2021-03-09 11:04:41,977 [INFO] Sending reply to client 'OK'
ptd-server 2021-03-09 11:14:57,351 [INFO] Got command from the client 'session,2021-03-09_10-53-34,stop,testing'
ptd-server 2021-03-09 11:15:07,360 [INFO] Sending to ptd: 'Stop'
ptd-server 2021-03-09 11:15:07,361 [INFO] Reply from ptd: 'Stopping untimed measurement'
ptd-server 2021-03-09 11:15:07,757 [INFO] Sending reply to client 'OK'
ptd-server 2021-03-09 11:15:07,767 [INFO] Got command from the client 'session,2021-03-09_10-53-34,upload,client.log'
ptd-server 2021-03-09 11:15:07,769 [INFO] Received '/home/anton/projects/mlperf/power-dev/output/2021-03-09_10-53-34client.log.tmp'
ptd-server 2021-03-09 11:15:07,769 [INFO] Removed '/home/anton/projects/mlperf/power-dev/output/2021-03-09_10-53-34client.log.tmp'
ptd-server 2021-03-09 11:15:07,769 [INFO] Sending reply to client 'OK'
ptd-server 2021-03-09 11:15:07,774 [INFO] Got command from the client 'session,2021-03-09_10-53-34,upload,client.json'
ptd-server 2021-03-09 11:15:07,775 [INFO] Received '/home/anton/projects/mlperf/power-dev/output/2021-03-09_10-53-34client.json.tmp'
ptd-server 2021-03-09 11:15:07,775 [INFO] Removed '/home/anton/projects/mlperf/power-dev/output/2021-03-09_10-53-34client.json.tmp'
ptd-server 2021-03-09 11:15:07,775 [INFO] Sending reply to client 'OK'
ptd-server 2021-03-09 11:15:07,776 [INFO] Got command from the client 'session,2021-03-09_10-53-34,done'
ptd-server 2021-03-09 11:15:07,776 [INFO] Sending to ptd: 'Stop'
ptd-server 2021-03-09 11:15:07,977 [INFO] Reply from ptd: 'Error: no measurement to stop'
ptd-server 2021-03-09 11:15:07,977 [INFO] Sending to ptd: 'SR,V,300.000000'
ptd-server 2021-03-09 11:15:09,479 [INFO] Reply from ptd: 'Range V changed'
ptd-server 2021-03-09 11:15:09,479 [INFO] Sending to ptd: 'SR,A,0.500000'
ptd-server 2021-03-09 11:15:10,980 [INFO] Reply from ptd: 'Range A changed'
ptd-server 2021-03-09 11:15:10,980 [INFO] Set initial values for Amps 0.500000 and Volts 300.000000
ptd-server 2021-03-09 11:15:10,980 [INFO] Stopping ptd...
