ptd-server 2021-03-16 13:15:58,653 [INFO] Got command from the client 'time'
ptd-server 2021-03-16 13:15:58,653 [INFO] Sending reply to client '1615900558.6535585'
ptd-server 2021-03-16 13:15:58,655 [INFO] Got command from the client 'new,,eda6dd90-4254-450b-a18e-ec7fed0db7f6'
ptd-server 2021-03-16 13:15:58,657 [INFO] Sending reply to client 'OK 2021-03-16_13-15-58,cc11ee50-ce4a-4d94-903f-eab25dd04c14'
ptd-server 2021-03-16 13:15:58,707 [INFO] Got command from the client 'time'
ptd-server 2021-03-16 13:15:58,707 [INFO] Sending reply to client '1615900558.7074137'
ptd-server 2021-03-16 13:15:58,709 [INFO] Got command from the client 'session,2021-03-16_13-15-58,start,ranging'
ptd-server 2021-03-16 13:15:58,709 [INFO] Running PTDaemon: ['/home/anton/projects/mlperf/power/inference_v1.0/ptd-linux-x86', '-l', 'ptd.log', '-p', '8888', '52', '/dev/usbtmc0']
ptd-server 2021-03-16 13:16:15,883 [INFO] Sending to ptd: 'Hello'
ptd-server 2021-03-16 13:16:15,884 [INFO] Reply from ptd: 'Hello, PTDaemon here!'
ptd-server 2021-03-16 13:16:15,884 [INFO] Sending to ptd: 'Identify'
ptd-server 2021-03-16 13:16:15,885 [INFO] Reply from ptd: 'YokogawaWT330E,1000,1,1,1,1,0,0,1,version=1.9.2-e8c7a49a-20201208,OS=Linux 5.8.0-44-generic #50~20.04.1-Ubuntu SMP Wed Feb 10 21:07:30 UTC 2021 x86_64,mode=power,1,1,1,0,0,no_cal_date,YOKOGAWA;WT333E;C3VD30030E;F1.04'
ptd-server 2021-03-16 13:16:15,885 [INFO] Connected to PTDaemon
ptd-server 2021-03-16 13:16:15,885 [INFO] Sending to ptd: 'RR'
ptd-server 2021-03-16 13:16:15,885 [INFO] Reply from ptd: 'Ranges,1,0.500000,1,300.000000'
ptd-server 2021-03-16 13:16:15,886 [INFO] Initial range for Amps is Auto for Volts is Auto
ptd-server 2021-03-16 13:16:15,886 [INFO] Sending to ptd: 'SR,V,Auto'
ptd-server 2021-03-16 13:16:16,388 [INFO] Reply from ptd: 'Range V changed'
ptd-server 2021-03-16 13:16:16,388 [INFO] Sending to ptd: 'SR,A,Auto'
ptd-server 2021-03-16 13:16:16,891 [INFO] Reply from ptd: 'Range A changed'
ptd-server 2021-03-16 13:16:26,901 [INFO] Starting ranging mode
ptd-server 2021-03-16 13:16:26,901 [INFO] Sending to ptd: 'Go,1000,0,2021-03-16_13-15-58_ranging'
ptd-server 2021-03-16 13:16:26,902 [INFO] Reply from ptd: 'Starting untimed measurement, maximum 500000 samples at 1000ms with 0 rampup samples'
ptd-server 2021-03-16 13:16:26,902 [INFO] Sending reply to client 'OK'
ptd-server 2021-03-16 13:26:49,931 [INFO] Got command from the client 'session,2021-03-16_13-15-58,stop,ranging'
ptd-server 2021-03-16 13:26:59,942 [INFO] Sending to ptd: 'Stop'
ptd-server 2021-03-16 13:26:59,942 [INFO] Reply from ptd: 'Stopping untimed measurement'
ptd-server 2021-03-16 13:27:00,800 [INFO] Sending reply to client 'OK'
ptd-server 2021-03-16 13:27:00,845 [INFO] Got command from the client 'time'
ptd-server 2021-03-16 13:27:00,846 [INFO] Sending reply to client '1615901220.8460567'
ptd-server 2021-03-16 13:27:00,849 [INFO] Got command from the client 'session,2021-03-16_13-15-58,start,testing'
ptd-server 2021-03-16 13:27:00,849 [INFO] Sending to ptd: 'SR,V,249.290000'
ptd-server 2021-03-16 13:27:02,404 [INFO] Reply from ptd: 'Range V changed'
ptd-server 2021-03-16 13:27:02,404 [INFO] Sending to ptd: 'SR,A,0.140990'
ptd-server 2021-03-16 13:27:03,906 [INFO] Reply from ptd: 'Range A changed'
ptd-server 2021-03-16 13:27:13,916 [INFO] Starting testing mode
ptd-server 2021-03-16 13:27:13,916 [INFO] Sending to ptd: 'Go,1000,0,2021-03-16_13-15-58_testing'
ptd-server 2021-03-16 13:27:13,917 [INFO] Reply from ptd: 'Starting untimed measurement, maximum 500000 samples at 1000ms with 0 rampup samples'
ptd-server 2021-03-16 13:27:13,917 [INFO] Sending reply to client 'OK'
ptd-server 2021-03-16 13:37:30,004 [INFO] Got command from the client 'session,2021-03-16_13-15-58,stop,testing'
ptd-server 2021-03-16 13:37:40,014 [INFO] Sending to ptd: 'Stop'
ptd-server 2021-03-16 13:37:40,015 [INFO] Reply from ptd: 'Stopping untimed measurement'
ptd-server 2021-03-16 13:37:40,449 [INFO] Sending reply to client 'OK'
ptd-server 2021-03-16 13:37:40,457 [INFO] Got command from the client 'session,2021-03-16_13-15-58,upload,client.log'
ptd-server 2021-03-16 13:37:40,459 [INFO] Received '/home/anton/projects/mlperf/power-dev/output/2021-03-16_13-15-58client.log.tmp'
ptd-server 2021-03-16 13:37:40,459 [INFO] Removed '/home/anton/projects/mlperf/power-dev/output/2021-03-16_13-15-58client.log.tmp'
ptd-server 2021-03-16 13:37:40,459 [INFO] Sending reply to client 'OK'
ptd-server 2021-03-16 13:37:40,466 [INFO] Got command from the client 'session,2021-03-16_13-15-58,upload,client.json'
ptd-server 2021-03-16 13:37:40,466 [INFO] Received '/home/anton/projects/mlperf/power-dev/output/2021-03-16_13-15-58client.json.tmp'
ptd-server 2021-03-16 13:37:40,467 [INFO] Removed '/home/anton/projects/mlperf/power-dev/output/2021-03-16_13-15-58client.json.tmp'
ptd-server 2021-03-16 13:37:40,467 [INFO] Sending reply to client 'OK'
ptd-server 2021-03-16 13:37:40,468 [INFO] Got command from the client 'session,2021-03-16_13-15-58,done'
ptd-server 2021-03-16 13:37:40,468 [INFO] Sending to ptd: 'Stop'
ptd-server 2021-03-16 13:37:40,917 [INFO] Reply from ptd: 'Error: no measurement to stop'
ptd-server 2021-03-16 13:37:40,918 [INFO] Sending to ptd: 'SR,V,Auto'
ptd-server 2021-03-16 13:37:41,420 [INFO] Reply from ptd: 'Range V changed'
ptd-server 2021-03-16 13:37:41,420 [INFO] Sending to ptd: 'SR,A,Auto'
ptd-server 2021-03-16 13:37:41,923 [INFO] Reply from ptd: 'Range A changed'
ptd-server 2021-03-16 13:37:41,923 [INFO] Set initial values for Amps Auto and Volts Auto
ptd-server 2021-03-16 13:37:41,923 [INFO] Stopping ptd...
