ptd-server 2021-03-02 00:49:51,727 [INFO] Got command from the client 'time'
ptd-server 2021-03-02 00:49:51,727 [INFO] Sending reply to client '1614646191.7276251'
ptd-server 2021-03-02 00:49:51,728 [INFO] Got command from the client 'new,,100aba55-b2c2-4cca-a1d2-2966d370a90f'
ptd-server 2021-03-02 00:49:51,729 [INFO] Sending reply to client 'OK 2021-03-02_00-49-51,118c688d-101f-41eb-aa3d-db62937c335e'
ptd-server 2021-03-02 00:49:51,767 [INFO] Got command from the client 'time'
ptd-server 2021-03-02 00:49:51,767 [INFO] Sending reply to client '1614646191.767437'
ptd-server 2021-03-02 00:49:51,768 [INFO] Got command from the client 'session,2021-03-02_00-49-51,start,ranging'
ptd-server 2021-03-02 00:49:51,768 [INFO] Running PTDaemon: ['/home/anton/projects/mlperf/power/inference_v1.0/ptd-linux-x86', '-l', 'ptd.log', '-p', '8888', '52', '/dev/usbtmc0']
ptd-server 2021-03-02 00:50:08,936 [INFO] Sending to ptd: 'Hello'
ptd-server 2021-03-02 00:50:08,937 [INFO] Reply from ptd: 'Hello, PTDaemon here!'
ptd-server 2021-03-02 00:50:08,937 [INFO] Sending to ptd: 'Identify'
ptd-server 2021-03-02 00:50:08,937 [INFO] Reply from ptd: 'YokogawaWT330E,1000,1,1,1,1,0,0,1,version=1.9.2-e8c7a49a-20201208,OS=Linux 5.8.0-43-generic #49~20.04.1-Ubuntu SMP Fri Feb 5 09:57:56 UTC 2021 x86_64,mode=power,1,1,1,0,0,no_cal_date,YOKOGAWA;WT333E;C3VD30030E;F1.04'
ptd-server 2021-03-02 00:50:08,938 [INFO] Connected to PTDaemon
ptd-server 2021-03-02 00:50:08,938 [INFO] Sending to ptd: 'RR'
ptd-server 2021-03-02 00:50:08,938 [INFO] Reply from ptd: 'Ranges,0,0.500000,0,300.000000'
ptd-server 2021-03-02 00:50:08,938 [INFO] Initial range for Amps is 0.500000 for Volts is 300.000000
ptd-server 2021-03-02 00:50:08,938 [INFO] Sending to ptd: 'SR,V,Auto'
ptd-server 2021-03-02 00:50:09,441 [INFO] Reply from ptd: 'Range V changed'
ptd-server 2021-03-02 00:50:09,441 [INFO] Sending to ptd: 'SR,A,Auto'
ptd-server 2021-03-02 00:50:09,943 [INFO] Reply from ptd: 'Range A changed'
ptd-server 2021-03-02 00:50:19,954 [INFO] Starting ranging mode
ptd-server 2021-03-02 00:50:19,954 [INFO] Sending to ptd: 'Go,1000,0,2021-03-02_00-49-51_ranging'
ptd-server 2021-03-02 00:50:19,954 [INFO] Reply from ptd: 'Starting untimed measurement, maximum 500000 samples at 1000ms with 0 rampup samples'
ptd-server 2021-03-02 00:50:19,954 [INFO] Sending reply to client 'OK'
ptd-server 2021-03-02 01:00:39,166 [INFO] Got command from the client 'session,2021-03-02_00-49-51,stop,ranging'
ptd-server 2021-03-02 01:00:49,176 [INFO] Sending to ptd: 'Stop'
ptd-server 2021-03-02 01:00:49,177 [INFO] Reply from ptd: 'Stopping untimed measurement'
ptd-server 2021-03-02 01:00:49,457 [INFO] Sending reply to client 'OK'
ptd-server 2021-03-02 01:00:49,504 [INFO] Got command from the client 'time'
ptd-server 2021-03-02 01:00:49,505 [INFO] Sending reply to client '1614646849.5050685'
ptd-server 2021-03-02 01:00:49,506 [INFO] Got command from the client 'session,2021-03-02_00-49-51,start,testing'
ptd-server 2021-03-02 01:00:49,506 [INFO] Sending to ptd: 'SR,V,249.770000'
ptd-server 2021-03-02 01:00:51,455 [INFO] Reply from ptd: 'Range V changed'
ptd-server 2021-03-02 01:00:51,455 [INFO] Sending to ptd: 'SR,A,0.176700'
ptd-server 2021-03-02 01:00:52,957 [INFO] Reply from ptd: 'Range A changed'
ptd-server 2021-03-02 01:01:02,967 [INFO] Starting testing mode
ptd-server 2021-03-02 01:01:02,967 [INFO] Sending to ptd: 'Go,1000,0,2021-03-02_00-49-51_testing'
ptd-server 2021-03-02 01:01:02,968 [INFO] Reply from ptd: 'Starting untimed measurement, maximum 500000 samples at 1000ms with 0 rampup samples'
ptd-server 2021-03-02 01:01:02,968 [INFO] Sending reply to client 'OK'
ptd-server 2021-03-02 01:11:22,104 [INFO] Got command from the client 'session,2021-03-02_00-49-51,stop,testing'
ptd-server 2021-03-02 01:11:32,114 [INFO] Sending to ptd: 'Stop'
ptd-server 2021-03-02 01:11:32,115 [INFO] Reply from ptd: 'Stopping untimed measurement'
ptd-server 2021-03-02 01:11:32,264 [INFO] Sending reply to client 'OK'
ptd-server 2021-03-02 01:11:32,271 [INFO] Got command from the client 'session,2021-03-02_00-49-51,upload,client.log'
ptd-server 2021-03-02 01:11:32,272 [INFO] Received '/home/anton/projects/mlperf/power-dev/output/2021-03-02_00-49-51client.log.tmp'
ptd-server 2021-03-02 01:11:32,272 [INFO] Removed '/home/anton/projects/mlperf/power-dev/output/2021-03-02_00-49-51client.log.tmp'
ptd-server 2021-03-02 01:11:32,272 [INFO] Sending reply to client 'OK'
ptd-server 2021-03-02 01:11:32,277 [INFO] Got command from the client 'session,2021-03-02_00-49-51,upload,client.json'
ptd-server 2021-03-02 01:11:32,278 [INFO] Received '/home/anton/projects/mlperf/power-dev/output/2021-03-02_00-49-51client.json.tmp'
ptd-server 2021-03-02 01:11:32,278 [INFO] Removed '/home/anton/projects/mlperf/power-dev/output/2021-03-02_00-49-51client.json.tmp'
ptd-server 2021-03-02 01:11:32,278 [INFO] Sending reply to client 'OK'
ptd-server 2021-03-02 01:11:32,279 [INFO] Got command from the client 'session,2021-03-02_00-49-51,done'
ptd-server 2021-03-02 01:11:32,279 [INFO] Sending to ptd: 'Stop'
ptd-server 2021-03-02 01:11:32,968 [INFO] Reply from ptd: 'Error: no measurement to stop'
ptd-server 2021-03-02 01:11:32,968 [INFO] Sending to ptd: 'SR,V,300.000000'
ptd-server 2021-03-02 01:11:34,469 [INFO] Reply from ptd: 'Range V changed'
ptd-server 2021-03-02 01:11:34,469 [INFO] Sending to ptd: 'SR,A,0.500000'
ptd-server 2021-03-02 01:11:35,971 [INFO] Reply from ptd: 'Range A changed'
ptd-server 2021-03-02 01:11:35,971 [INFO] Set initial values for Amps 0.500000 and Volts 300.000000
ptd-server 2021-03-02 01:11:35,971 [INFO] Stopping ptd...
