ptd-server 2021-03-05 21:10:55,101 [INFO] Got command from the client 'time'
ptd-server 2021-03-05 21:10:55,101 [INFO] Sending reply to client '1614978655.1011796'
ptd-server 2021-03-05 21:10:55,103 [INFO] Got command from the client 'new,,e86bff81-e1a0-4a6e-a449-16b9e0175380'
ptd-server 2021-03-05 21:10:55,104 [INFO] Sending reply to client 'OK 2021-03-05_21-10-55,b7dc073e-2c26-440b-b1f8-613647713421'
ptd-server 2021-03-05 21:10:55,139 [INFO] Got command from the client 'time'
ptd-server 2021-03-05 21:10:55,139 [INFO] Sending reply to client '1614978655.1394613'
ptd-server 2021-03-05 21:10:55,141 [INFO] Got command from the client 'session,2021-03-05_21-10-55,start,ranging'
ptd-server 2021-03-05 21:10:55,142 [INFO] Running PTDaemon: ['/home/anton/projects/mlperf/power/inference_v1.0/ptd-linux-x86', '-l', 'ptd.log', '-p', '8888', '52', '/dev/usbtmc0']
ptd-server 2021-03-05 21:11:12,310 [INFO] Sending to ptd: 'Hello'
ptd-server 2021-03-05 21:11:12,310 [INFO] Reply from ptd: 'Hello, PTDaemon here!'
ptd-server 2021-03-05 21:11:12,310 [INFO] Sending to ptd: 'Identify'
ptd-server 2021-03-05 21:11:12,311 [INFO] Reply from ptd: 'YokogawaWT330E,1000,1,1,1,1,0,0,1,version=1.9.2-e8c7a49a-20201208,OS=Linux 5.8.0-43-generic #49~20.04.1-Ubuntu SMP Fri Feb 5 09:57:56 UTC 2021 x86_64,mode=power,1,1,1,0,0,no_cal_date,YOKOGAWA;WT333E;C3VD30030E;F1.04'
ptd-server 2021-03-05 21:11:12,311 [INFO] Connected to PTDaemon
ptd-server 2021-03-05 21:11:12,311 [INFO] Sending to ptd: 'RR'
ptd-server 2021-03-05 21:11:12,311 [INFO] Reply from ptd: 'Ranges,0,0.500000,0,300.000000'
ptd-server 2021-03-05 21:11:12,312 [INFO] Initial range for Amps is 0.500000 for Volts is 300.000000
ptd-server 2021-03-05 21:11:12,312 [INFO] Sending to ptd: 'SR,V,Auto'
ptd-server 2021-03-05 21:11:12,814 [INFO] Reply from ptd: 'Range V changed'
ptd-server 2021-03-05 21:11:12,814 [INFO] Sending to ptd: 'SR,A,Auto'
ptd-server 2021-03-05 21:11:13,317 [INFO] Reply from ptd: 'Range A changed'
ptd-server 2021-03-05 21:11:23,327 [INFO] Starting ranging mode
ptd-server 2021-03-05 21:11:23,327 [INFO] Sending to ptd: 'Go,1000,0,2021-03-05_21-10-55_ranging'
ptd-server 2021-03-05 21:11:23,328 [INFO] Reply from ptd: 'Starting untimed measurement, maximum 500000 samples at 1000ms with 0 rampup samples'
ptd-server 2021-03-05 21:11:23,328 [INFO] Sending reply to client 'OK'
ptd-server 2021-03-05 21:21:55,209 [INFO] Got command from the client 'session,2021-03-05_21-10-55,stop,ranging'
ptd-server 2021-03-05 21:22:05,220 [INFO] Sending to ptd: 'Stop'
ptd-server 2021-03-05 21:22:05,220 [INFO] Reply from ptd: 'Stopping untimed measurement'
ptd-server 2021-03-05 21:22:05,587 [INFO] Sending reply to client 'OK'
ptd-server 2021-03-05 21:22:05,644 [INFO] Got command from the client 'time'
ptd-server 2021-03-05 21:22:05,645 [INFO] Sending reply to client '1614979325.6450036'
ptd-server 2021-03-05 21:22:05,648 [INFO] Got command from the client 'session,2021-03-05_21-10-55,start,testing'
ptd-server 2021-03-05 21:22:05,648 [INFO] Sending to ptd: 'SR,V,251.070000'
ptd-server 2021-03-05 21:22:07,150 [INFO] Reply from ptd: 'Range V changed'
ptd-server 2021-03-05 21:22:07,150 [INFO] Sending to ptd: 'SR,A,0.060830'
ptd-server 2021-03-05 21:22:08,651 [INFO] Reply from ptd: 'Range A changed'
ptd-server 2021-03-05 21:22:18,661 [INFO] Starting testing mode
ptd-server 2021-03-05 21:22:18,661 [INFO] Sending to ptd: 'Go,1000,0,2021-03-05_21-10-55_testing'
ptd-server 2021-03-05 21:22:18,662 [INFO] Reply from ptd: 'Starting untimed measurement, maximum 500000 samples at 1000ms with 0 rampup samples'
ptd-server 2021-03-05 21:22:18,662 [INFO] Sending reply to client 'OK'
ptd-server 2021-03-05 21:32:55,336 [INFO] Got command from the client 'session,2021-03-05_21-10-55,stop,testing'
ptd-server 2021-03-05 21:33:05,346 [INFO] Sending to ptd: 'Stop'
ptd-server 2021-03-05 21:33:05,346 [INFO] Reply from ptd: 'Stopping untimed measurement'
ptd-server 2021-03-05 21:33:05,542 [INFO] Sending reply to client 'OK'
ptd-server 2021-03-05 21:33:05,550 [INFO] Got command from the client 'session,2021-03-05_21-10-55,upload,client.log'
ptd-server 2021-03-05 21:33:05,553 [INFO] Received '/home/anton/projects/mlperf/power-dev/output/2021-03-05_21-10-55client.log.tmp'
ptd-server 2021-03-05 21:33:05,554 [INFO] Removed '/home/anton/projects/mlperf/power-dev/output/2021-03-05_21-10-55client.log.tmp'
ptd-server 2021-03-05 21:33:05,554 [INFO] Sending reply to client 'OK'
ptd-server 2021-03-05 21:33:05,566 [INFO] Got command from the client 'session,2021-03-05_21-10-55,upload,client.json'
ptd-server 2021-03-05 21:33:05,569 [INFO] Received '/home/anton/projects/mlperf/power-dev/output/2021-03-05_21-10-55client.json.tmp'
ptd-server 2021-03-05 21:33:05,569 [INFO] Removed '/home/anton/projects/mlperf/power-dev/output/2021-03-05_21-10-55client.json.tmp'
ptd-server 2021-03-05 21:33:05,569 [INFO] Sending reply to client 'OK'
ptd-server 2021-03-05 21:33:05,572 [INFO] Got command from the client 'session,2021-03-05_21-10-55,done'
ptd-server 2021-03-05 21:33:05,572 [INFO] Sending to ptd: 'Stop'
ptd-server 2021-03-05 21:33:05,662 [INFO] Reply from ptd: 'Error: no measurement to stop'
ptd-server 2021-03-05 21:33:05,662 [INFO] Sending to ptd: 'SR,V,300.000000'
ptd-server 2021-03-05 21:33:07,163 [INFO] Reply from ptd: 'Range V changed'
ptd-server 2021-03-05 21:33:07,164 [INFO] Sending to ptd: 'SR,A,0.500000'
ptd-server 2021-03-05 21:33:08,665 [INFO] Reply from ptd: 'Range A changed'
ptd-server 2021-03-05 21:33:08,665 [INFO] Set initial values for Amps 0.500000 and Volts 300.000000
ptd-server 2021-03-05 21:33:08,665 [INFO] Stopping ptd...
