ptd-server 2021-03-07 08:37:21,751 [INFO] Got command from the client 'time'
ptd-server 2021-03-07 08:37:21,751 [INFO] Sending reply to client '1615106241.751713'
ptd-server 2021-03-07 08:37:21,754 [INFO] Got command from the client 'new,,36266bd5-52f9-46d6-aa19-4ccaa7d63539'
ptd-server 2021-03-07 08:37:21,755 [INFO] Sending reply to client 'OK 2021-03-07_08-37-21,e83a84e4-2279-4289-960c-abef71a426c5'
ptd-server 2021-03-07 08:37:21,789 [INFO] Got command from the client 'time'
ptd-server 2021-03-07 08:37:21,789 [INFO] Sending reply to client '1615106241.7893763'
ptd-server 2021-03-07 08:37:21,792 [INFO] Got command from the client 'session,2021-03-07_08-37-21,start,ranging'
ptd-server 2021-03-07 08:37:21,792 [INFO] Running PTDaemon: ['/home/anton/projects/mlperf/power/inference_v1.0/ptd-linux-x86', '-l', 'ptd.log', '-p', '8888', '52', '/dev/usbtmc0']
ptd-server 2021-03-07 08:37:38,961 [INFO] Sending to ptd: 'Hello'
ptd-server 2021-03-07 08:37:38,962 [INFO] Reply from ptd: 'Hello, PTDaemon here!'
ptd-server 2021-03-07 08:37:38,962 [INFO] Sending to ptd: 'Identify'
ptd-server 2021-03-07 08:37:38,962 [INFO] Reply from ptd: 'YokogawaWT330E,1000,1,1,1,1,0,0,1,version=1.9.2-e8c7a49a-20201208,OS=Linux 5.8.0-43-generic #49~20.04.1-Ubuntu SMP Fri Feb 5 09:57:56 UTC 2021 x86_64,mode=power,1,1,1,0,0,no_cal_date,YOKOGAWA;WT333E;C3VD30030E;F1.04'
ptd-server 2021-03-07 08:37:38,962 [INFO] Connected to PTDaemon
ptd-server 2021-03-07 08:37:38,963 [INFO] Sending to ptd: 'RR'
ptd-server 2021-03-07 08:37:38,963 [INFO] Reply from ptd: 'Ranges,0,0.500000,0,300.000000'
ptd-server 2021-03-07 08:37:38,963 [INFO] Initial range for Amps is 0.500000 for Volts is 300.000000
ptd-server 2021-03-07 08:37:38,963 [INFO] Sending to ptd: 'SR,V,Auto'
ptd-server 2021-03-07 08:37:39,466 [INFO] Reply from ptd: 'Range V changed'
ptd-server 2021-03-07 08:37:39,466 [INFO] Sending to ptd: 'SR,A,Auto'
ptd-server 2021-03-07 08:37:39,968 [INFO] Reply from ptd: 'Range A changed'
ptd-server 2021-03-07 08:37:49,979 [INFO] Starting ranging mode
ptd-server 2021-03-07 08:37:49,979 [INFO] Sending to ptd: 'Go,1000,0,2021-03-07_08-37-21_ranging'
ptd-server 2021-03-07 08:37:49,979 [INFO] Reply from ptd: 'Starting untimed measurement, maximum 500000 samples at 1000ms with 0 rampup samples'
ptd-server 2021-03-07 08:37:49,979 [INFO] Sending reply to client 'OK'
ptd-server 2021-03-07 08:48:14,891 [INFO] Got command from the client 'session,2021-03-07_08-37-21,stop,ranging'
ptd-server 2021-03-07 08:48:24,901 [INFO] Sending to ptd: 'Stop'
ptd-server 2021-03-07 08:48:24,902 [INFO] Reply from ptd: 'Stopping untimed measurement'
ptd-server 2021-03-07 08:48:25,449 [INFO] Sending reply to client 'OK'
ptd-server 2021-03-07 08:48:25,489 [INFO] Got command from the client 'time'
ptd-server 2021-03-07 08:48:25,489 [INFO] Sending reply to client '1615106905.4892788'
ptd-server 2021-03-07 08:48:25,493 [INFO] Got command from the client 'session,2021-03-07_08-37-21,start,testing'
ptd-server 2021-03-07 08:48:25,493 [INFO] Sending to ptd: 'SR,V,248.630000'
ptd-server 2021-03-07 08:48:26,994 [INFO] Reply from ptd: 'Range V changed'
ptd-server 2021-03-07 08:48:26,995 [INFO] Sending to ptd: 'SR,A,0.052450'
ptd-server 2021-03-07 08:48:28,496 [INFO] Reply from ptd: 'Range A changed'
ptd-server 2021-03-07 08:48:38,506 [INFO] Starting testing mode
ptd-server 2021-03-07 08:48:38,506 [INFO] Sending to ptd: 'Go,1000,0,2021-03-07_08-37-21_testing'
ptd-server 2021-03-07 08:48:38,507 [INFO] Reply from ptd: 'Starting untimed measurement, maximum 500000 samples at 1000ms with 0 rampup samples'
ptd-server 2021-03-07 08:48:38,507 [INFO] Sending reply to client 'OK'
ptd-server 2021-03-07 08:59:08,368 [INFO] Got command from the client 'session,2021-03-07_08-37-21,stop,testing'
ptd-server 2021-03-07 08:59:18,379 [INFO] Sending to ptd: 'Stop'
ptd-server 2021-03-07 08:59:18,379 [INFO] Reply from ptd: 'Stopping untimed measurement'
ptd-server 2021-03-07 08:59:18,659 [INFO] Sending reply to client 'OK'
ptd-server 2021-03-07 08:59:18,666 [INFO] Got command from the client 'session,2021-03-07_08-37-21,upload,client.log'
ptd-server 2021-03-07 08:59:18,670 [INFO] Received '/home/anton/projects/mlperf/power-dev/output/2021-03-07_08-37-21client.log.tmp'
ptd-server 2021-03-07 08:59:18,670 [INFO] Removed '/home/anton/projects/mlperf/power-dev/output/2021-03-07_08-37-21client.log.tmp'
ptd-server 2021-03-07 08:59:18,670 [INFO] Sending reply to client 'OK'
ptd-server 2021-03-07 08:59:18,682 [INFO] Got command from the client 'session,2021-03-07_08-37-21,upload,client.json'
ptd-server 2021-03-07 08:59:18,685 [INFO] Received '/home/anton/projects/mlperf/power-dev/output/2021-03-07_08-37-21client.json.tmp'
ptd-server 2021-03-07 08:59:18,686 [INFO] Removed '/home/anton/projects/mlperf/power-dev/output/2021-03-07_08-37-21client.json.tmp'
ptd-server 2021-03-07 08:59:18,686 [INFO] Sending reply to client 'OK'
ptd-server 2021-03-07 08:59:18,689 [INFO] Got command from the client 'session,2021-03-07_08-37-21,done'
ptd-server 2021-03-07 08:59:18,689 [INFO] Sending to ptd: 'Stop'
ptd-server 2021-03-07 08:59:18,689 [INFO] Reply from ptd: 'Error: no measurement to stop'
ptd-server 2021-03-07 08:59:18,689 [INFO] Sending to ptd: 'SR,V,300.000000'
ptd-server 2021-03-07 08:59:20,191 [INFO] Reply from ptd: 'Range V changed'
ptd-server 2021-03-07 08:59:20,191 [INFO] Sending to ptd: 'SR,A,0.500000'
ptd-server 2021-03-07 08:59:21,692 [INFO] Reply from ptd: 'Range A changed'
ptd-server 2021-03-07 08:59:21,692 [INFO] Set initial values for Amps 0.500000 and Volts 300.000000
ptd-server 2021-03-07 08:59:21,692 [INFO] Stopping ptd...
