ptd-server 2021-03-05 18:56:23,615 [INFO] Got command from the client 'time'
ptd-server 2021-03-05 18:56:23,615 [INFO] Sending reply to client '1614970583.615577'
ptd-server 2021-03-05 18:56:23,618 [INFO] Got command from the client 'new,,6c0b42ce-728a-456b-9d59-8622d461dfcc'
ptd-server 2021-03-05 18:56:23,619 [INFO] Sending reply to client 'OK 2021-03-05_18-56-23,23273958-5223-4f28-8b7d-35612f3385e5'
ptd-server 2021-03-05 18:56:23,675 [INFO] Got command from the client 'time'
ptd-server 2021-03-05 18:56:23,675 [INFO] Sending reply to client '1614970583.6754663'
ptd-server 2021-03-05 18:56:23,679 [INFO] Got command from the client 'session,2021-03-05_18-56-23,start,ranging'
ptd-server 2021-03-05 18:56:23,679 [INFO] Running PTDaemon: ['/home/anton/projects/mlperf/power/inference_v1.0/ptd-linux-x86', '-l', 'ptd.log', '-p', '8888', '52', '/dev/usbtmc0']
ptd-server 2021-03-05 18:56:40,848 [INFO] Sending to ptd: 'Hello'
ptd-server 2021-03-05 18:56:40,848 [INFO] Reply from ptd: 'Hello, PTDaemon here!'
ptd-server 2021-03-05 18:56:40,849 [INFO] Sending to ptd: 'Identify'
ptd-server 2021-03-05 18:56:40,849 [INFO] Reply from ptd: 'YokogawaWT330E,1000,1,1,1,1,0,0,1,version=1.9.2-e8c7a49a-20201208,OS=Linux 5.8.0-43-generic #49~20.04.1-Ubuntu SMP Fri Feb 5 09:57:56 UTC 2021 x86_64,mode=power,1,1,1,0,0,no_cal_date,YOKOGAWA;WT333E;C3VD30030E;F1.04'
ptd-server 2021-03-05 18:56:40,849 [INFO] Connected to PTDaemon
ptd-server 2021-03-05 18:56:40,849 [INFO] Sending to ptd: 'RR'
ptd-server 2021-03-05 18:56:40,850 [INFO] Reply from ptd: 'Ranges,0,0.500000,0,300.000000'
ptd-server 2021-03-05 18:56:40,850 [INFO] Initial range for Amps is 0.500000 for Volts is 300.000000
ptd-server 2021-03-05 18:56:40,850 [INFO] Sending to ptd: 'SR,V,Auto'
ptd-server 2021-03-05 18:56:41,352 [INFO] Reply from ptd: 'Range V changed'
ptd-server 2021-03-05 18:56:41,352 [INFO] Sending to ptd: 'SR,A,Auto'
ptd-server 2021-03-05 18:56:41,855 [INFO] Reply from ptd: 'Range A changed'
ptd-server 2021-03-05 18:56:51,860 [INFO] Starting ranging mode
ptd-server 2021-03-05 18:56:51,860 [INFO] Sending to ptd: 'Go,1000,0,2021-03-05_18-56-23_ranging'
ptd-server 2021-03-05 18:56:51,861 [INFO] Reply from ptd: 'Starting untimed measurement, maximum 500000 samples at 1000ms with 0 rampup samples'
ptd-server 2021-03-05 18:56:51,861 [INFO] Sending reply to client 'OK'
ptd-server 2021-03-05 19:07:23,535 [INFO] Got command from the client 'session,2021-03-05_18-56-23,stop,ranging'
ptd-server 2021-03-05 19:07:33,544 [INFO] Sending to ptd: 'Stop'
ptd-server 2021-03-05 19:07:33,545 [INFO] Reply from ptd: 'Stopping untimed measurement'
ptd-server 2021-03-05 19:07:33,957 [INFO] Sending reply to client 'OK'
ptd-server 2021-03-05 19:07:34,022 [INFO] Got command from the client 'time'
ptd-server 2021-03-05 19:07:34,022 [INFO] Sending reply to client '1614971254.022819'
ptd-server 2021-03-05 19:07:34,026 [INFO] Got command from the client 'session,2021-03-05_18-56-23,start,testing'
ptd-server 2021-03-05 19:07:34,026 [INFO] Sending to ptd: 'SR,V,250.440000'
ptd-server 2021-03-05 19:07:35,528 [INFO] Reply from ptd: 'Range V changed'
ptd-server 2021-03-05 19:07:35,528 [INFO] Sending to ptd: 'SR,A,0.059380'
ptd-server 2021-03-05 19:07:37,029 [INFO] Reply from ptd: 'Range A changed'
ptd-server 2021-03-05 19:07:47,039 [INFO] Starting testing mode
ptd-server 2021-03-05 19:07:47,039 [INFO] Sending to ptd: 'Go,1000,0,2021-03-05_18-56-23_testing'
ptd-server 2021-03-05 19:07:47,040 [INFO] Reply from ptd: 'Starting untimed measurement, maximum 500000 samples at 1000ms with 0 rampup samples'
ptd-server 2021-03-05 19:07:47,040 [INFO] Sending reply to client 'OK'
ptd-server 2021-03-05 19:18:23,664 [INFO] Got command from the client 'session,2021-03-05_18-56-23,stop,testing'
ptd-server 2021-03-05 19:18:33,674 [INFO] Sending to ptd: 'Stop'
ptd-server 2021-03-05 19:18:33,675 [INFO] Reply from ptd: 'Stopping untimed measurement'
ptd-server 2021-03-05 19:18:33,862 [INFO] Sending reply to client 'OK'
ptd-server 2021-03-05 19:18:33,870 [INFO] Got command from the client 'session,2021-03-05_18-56-23,upload,client.log'
ptd-server 2021-03-05 19:18:33,873 [INFO] Received '/home/anton/projects/mlperf/power-dev/output/2021-03-05_18-56-23client.log.tmp'
ptd-server 2021-03-05 19:18:33,874 [INFO] Removed '/home/anton/projects/mlperf/power-dev/output/2021-03-05_18-56-23client.log.tmp'
ptd-server 2021-03-05 19:18:33,874 [INFO] Sending reply to client 'OK'
ptd-server 2021-03-05 19:18:33,886 [INFO] Got command from the client 'session,2021-03-05_18-56-23,upload,client.json'
ptd-server 2021-03-05 19:18:33,889 [INFO] Received '/home/anton/projects/mlperf/power-dev/output/2021-03-05_18-56-23client.json.tmp'
ptd-server 2021-03-05 19:18:33,889 [INFO] Removed '/home/anton/projects/mlperf/power-dev/output/2021-03-05_18-56-23client.json.tmp'
ptd-server 2021-03-05 19:18:33,889 [INFO] Sending reply to client 'OK'
ptd-server 2021-03-05 19:18:33,892 [INFO] Got command from the client 'session,2021-03-05_18-56-23,done'
ptd-server 2021-03-05 19:18:33,892 [INFO] Sending to ptd: 'Stop'
ptd-server 2021-03-05 19:18:34,041 [INFO] Reply from ptd: 'Error: no measurement to stop'
ptd-server 2021-03-05 19:18:34,041 [INFO] Sending to ptd: 'SR,V,300.000000'
ptd-server 2021-03-05 19:18:35,542 [INFO] Reply from ptd: 'Range V changed'
ptd-server 2021-03-05 19:18:35,542 [INFO] Sending to ptd: 'SR,A,0.500000'
ptd-server 2021-03-05 19:18:37,043 [INFO] Reply from ptd: 'Range A changed'
ptd-server 2021-03-05 19:18:37,044 [INFO] Set initial values for Amps 0.500000 and Volts 300.000000
ptd-server 2021-03-05 19:18:37,044 [INFO] Stopping ptd...
