ptd-server 2021-02-28 10:17:51,374 [INFO] Got command from the client 'time'
ptd-server 2021-02-28 10:17:51,374 [INFO] Sending reply to client '1614507471.374488'
ptd-server 2021-02-28 10:17:51,375 [INFO] Got command from the client 'new,,4ac2a9d4-ade2-4baf-9726-77f4d2324690'
ptd-server 2021-02-28 10:17:51,376 [INFO] Sending reply to client 'OK 2021-02-28_10-17-51,3df3819b-664e-4814-930c-a08b14026eee'
ptd-server 2021-02-28 10:17:51,414 [INFO] Got command from the client 'time'
ptd-server 2021-02-28 10:17:51,414 [INFO] Sending reply to client '1614507471.4145825'
ptd-server 2021-02-28 10:17:51,415 [INFO] Got command from the client 'session,2021-02-28_10-17-51,start,ranging'
ptd-server 2021-02-28 10:17:51,415 [INFO] Running PTDaemon: ['/home/anton/projects/mlperf/power/inference_v1.0/ptd-linux-x86', '-l', 'ptd.log', '-p', '8888', '52', '/dev/usbtmc0']
ptd-server 2021-02-28 10:18:08,584 [INFO] Sending to ptd: 'Hello'
ptd-server 2021-02-28 10:18:08,585 [INFO] Reply from ptd: 'Hello, PTDaemon here!'
ptd-server 2021-02-28 10:18:08,585 [INFO] Sending to ptd: 'Identify'
ptd-server 2021-02-28 10:18:08,586 [INFO] Reply from ptd: 'YokogawaWT330E,1000,1,1,1,1,0,0,1,version=1.9.2-e8c7a49a-20201208,OS=Linux 5.8.0-43-generic #49~20.04.1-Ubuntu SMP Fri Feb 5 09:57:56 UTC 2021 x86_64,mode=power,1,1,1,0,0,no_cal_date,YOKOGAWA;WT333E;C3VD30030E;F1.04'
ptd-server 2021-02-28 10:18:08,586 [INFO] Connected to PTDaemon
ptd-server 2021-02-28 10:18:08,586 [INFO] Sending to ptd: 'RR'
ptd-server 2021-02-28 10:18:08,586 [INFO] Reply from ptd: 'Ranges,0,0.500000,0,300.000000'
ptd-server 2021-02-28 10:18:08,586 [INFO] Initial range for Amps is 0.500000 for Volts is 300.000000
ptd-server 2021-02-28 10:18:08,586 [INFO] Sending to ptd: 'SR,V,Auto'
ptd-server 2021-02-28 10:18:09,089 [INFO] Reply from ptd: 'Range V changed'
ptd-server 2021-02-28 10:18:09,089 [INFO] Sending to ptd: 'SR,A,Auto'
ptd-server 2021-02-28 10:18:09,591 [INFO] Reply from ptd: 'Range A changed'
ptd-server 2021-02-28 10:18:19,602 [INFO] Starting ranging mode
ptd-server 2021-02-28 10:18:19,602 [INFO] Sending to ptd: 'Go,1000,0,2021-02-28_10-17-51_ranging'
ptd-server 2021-02-28 10:18:19,602 [INFO] Reply from ptd: 'Starting untimed measurement, maximum 500000 samples at 1000ms with 0 rampup samples'
ptd-server 2021-02-28 10:18:19,602 [INFO] Sending reply to client 'OK'
ptd-server 2021-02-28 10:28:38,511 [INFO] Got command from the client 'session,2021-02-28_10-17-51,stop,ranging'
ptd-server 2021-02-28 10:28:48,520 [INFO] Sending to ptd: 'Stop'
ptd-server 2021-02-28 10:28:48,521 [INFO] Reply from ptd: 'Stopping untimed measurement'
ptd-server 2021-02-28 10:28:48,724 [INFO] Sending reply to client 'OK'
ptd-server 2021-02-28 10:28:48,763 [INFO] Got command from the client 'time'
ptd-server 2021-02-28 10:28:48,763 [INFO] Sending reply to client '1614508128.763414'
ptd-server 2021-02-28 10:28:48,764 [INFO] Got command from the client 'session,2021-02-28_10-17-51,start,testing'
ptd-server 2021-02-28 10:28:48,764 [INFO] Sending to ptd: 'SR,V,250.000000'
ptd-server 2021-02-28 10:28:50,266 [INFO] Reply from ptd: 'Range V changed'
ptd-server 2021-02-28 10:28:50,266 [INFO] Sending to ptd: 'SR,A,0.217430'
ptd-server 2021-02-28 10:28:51,767 [INFO] Reply from ptd: 'Range A changed'
ptd-server 2021-02-28 10:29:01,777 [INFO] Starting testing mode
ptd-server 2021-02-28 10:29:01,778 [INFO] Sending to ptd: 'Go,1000,0,2021-02-28_10-17-51_testing'
ptd-server 2021-02-28 10:29:01,778 [INFO] Reply from ptd: 'Starting untimed measurement, maximum 500000 samples at 1000ms with 0 rampup samples'
ptd-server 2021-02-28 10:29:01,778 [INFO] Sending reply to client 'OK'
ptd-server 2021-02-28 10:39:20,430 [INFO] Got command from the client 'session,2021-02-28_10-17-51,stop,testing'
ptd-server 2021-02-28 10:39:30,441 [INFO] Sending to ptd: 'Stop'
ptd-server 2021-02-28 10:39:30,441 [INFO] Reply from ptd: 'Stopping untimed measurement'
ptd-server 2021-02-28 10:39:30,557 [INFO] Sending reply to client 'OK'
ptd-server 2021-02-28 10:39:30,561 [INFO] Got command from the client 'session,2021-02-28_10-17-51,upload,client.log'
ptd-server 2021-02-28 10:39:30,561 [INFO] Received '/home/anton/projects/mlperf/power-dev/output/2021-02-28_10-17-51client.log.tmp'
ptd-server 2021-02-28 10:39:30,562 [INFO] Removed '/home/anton/projects/mlperf/power-dev/output/2021-02-28_10-17-51client.log.tmp'
ptd-server 2021-02-28 10:39:30,562 [INFO] Sending reply to client 'OK'
ptd-server 2021-02-28 10:39:30,566 [INFO] Got command from the client 'session,2021-02-28_10-17-51,upload,client.json'
ptd-server 2021-02-28 10:39:30,567 [INFO] Received '/home/anton/projects/mlperf/power-dev/output/2021-02-28_10-17-51client.json.tmp'
ptd-server 2021-02-28 10:39:30,567 [INFO] Removed '/home/anton/projects/mlperf/power-dev/output/2021-02-28_10-17-51client.json.tmp'
ptd-server 2021-02-28 10:39:30,567 [INFO] Sending reply to client 'OK'
ptd-server 2021-02-28 10:39:30,568 [INFO] Got command from the client 'session,2021-02-28_10-17-51,done'
ptd-server 2021-02-28 10:39:30,568 [INFO] Sending to ptd: 'Stop'
ptd-server 2021-02-28 10:39:30,778 [INFO] Reply from ptd: 'Error: no measurement to stop'
ptd-server 2021-02-28 10:39:30,778 [INFO] Sending to ptd: 'SR,V,300.000000'
ptd-server 2021-02-28 10:39:32,280 [INFO] Reply from ptd: 'Range V changed'
ptd-server 2021-02-28 10:39:32,280 [INFO] Sending to ptd: 'SR,A,0.500000'
ptd-server 2021-02-28 10:39:33,781 [INFO] Reply from ptd: 'Range A changed'
ptd-server 2021-02-28 10:39:33,781 [INFO] Set initial values for Amps 0.500000 and Volts 300.000000
ptd-server 2021-02-28 10:39:33,781 [INFO] Stopping ptd...
