ptd-server 2021-03-01 13:01:37,803 [INFO] Got command from the client 'time'
ptd-server 2021-03-01 13:01:37,803 [INFO] Sending reply to client '1614603697.80366'
ptd-server 2021-03-01 13:01:37,804 [INFO] Got command from the client 'new,,fa61b95b-b21c-4462-ba25-1c88f8ee54cc'
ptd-server 2021-03-01 13:01:37,805 [INFO] Sending reply to client 'OK 2021-03-01_13-01-37,16490c99-de45-4a3f-8709-61f0a7899d18'
ptd-server 2021-03-01 13:01:37,843 [INFO] Got command from the client 'time'
ptd-server 2021-03-01 13:01:37,843 [INFO] Sending reply to client '1614603697.8434746'
ptd-server 2021-03-01 13:01:37,844 [INFO] Got command from the client 'session,2021-03-01_13-01-37,start,ranging'
ptd-server 2021-03-01 13:01:37,844 [INFO] Running PTDaemon: ['/home/anton/projects/mlperf/power/inference_v1.0/ptd-linux-x86', '-l', 'ptd.log', '-p', '8888', '52', '/dev/usbtmc0']
ptd-server 2021-03-01 13:01:55,012 [INFO] Sending to ptd: 'Hello'
ptd-server 2021-03-01 13:01:55,013 [INFO] Reply from ptd: 'Hello, PTDaemon here!'
ptd-server 2021-03-01 13:01:55,013 [INFO] Sending to ptd: 'Identify'
ptd-server 2021-03-01 13:01:55,013 [INFO] Reply from ptd: 'YokogawaWT330E,1000,1,1,1,1,0,0,1,version=1.9.2-e8c7a49a-20201208,OS=Linux 5.8.0-43-generic #49~20.04.1-Ubuntu SMP Fri Feb 5 09:57:56 UTC 2021 x86_64,mode=power,1,1,1,0,0,no_cal_date,YOKOGAWA;WT333E;C3VD30030E;F1.04'
ptd-server 2021-03-01 13:01:55,013 [INFO] Connected to PTDaemon
ptd-server 2021-03-01 13:01:55,013 [INFO] Sending to ptd: 'RR'
ptd-server 2021-03-01 13:01:55,014 [INFO] Reply from ptd: 'Ranges,0,0.500000,0,300.000000'
ptd-server 2021-03-01 13:01:55,014 [INFO] Initial range for Amps is 0.500000 for Volts is 300.000000
ptd-server 2021-03-01 13:01:55,014 [INFO] Sending to ptd: 'SR,V,Auto'
ptd-server 2021-03-01 13:01:55,517 [INFO] Reply from ptd: 'Range V changed'
ptd-server 2021-03-01 13:01:55,517 [INFO] Sending to ptd: 'SR,A,Auto'
ptd-server 2021-03-01 13:01:56,019 [INFO] Reply from ptd: 'Range A changed'
ptd-server 2021-03-01 13:02:06,029 [INFO] Starting ranging mode
ptd-server 2021-03-01 13:02:06,030 [INFO] Sending to ptd: 'Go,1000,0,2021-03-01_13-01-37_ranging'
ptd-server 2021-03-01 13:02:06,030 [INFO] Reply from ptd: 'Starting untimed measurement, maximum 500000 samples at 1000ms with 0 rampup samples'
ptd-server 2021-03-01 13:02:06,030 [INFO] Sending reply to client 'OK'
ptd-server 2021-03-01 13:12:21,051 [INFO] Got command from the client 'session,2021-03-01_13-01-37,stop,ranging'
ptd-server 2021-03-01 13:12:31,062 [INFO] Sending to ptd: 'Stop'
ptd-server 2021-03-01 13:12:31,062 [INFO] Reply from ptd: 'Stopping untimed measurement'
ptd-server 2021-03-01 13:12:31,317 [INFO] Sending reply to client 'OK'
ptd-server 2021-03-01 13:12:31,353 [INFO] Got command from the client 'time'
ptd-server 2021-03-01 13:12:31,353 [INFO] Sending reply to client '1614604351.3535259'
ptd-server 2021-03-01 13:12:31,354 [INFO] Got command from the client 'session,2021-03-01_13-01-37,start,testing'
ptd-server 2021-03-01 13:12:31,354 [INFO] Sending to ptd: 'SR,V,249.900000'
ptd-server 2021-03-01 13:12:33,531 [INFO] Reply from ptd: 'Range V changed'
ptd-server 2021-03-01 13:12:33,531 [INFO] Sending to ptd: 'SR,A,0.145450'
ptd-server 2021-03-01 13:12:35,033 [INFO] Reply from ptd: 'Range A changed'
ptd-server 2021-03-01 13:12:45,043 [INFO] Starting testing mode
ptd-server 2021-03-01 13:12:45,043 [INFO] Sending to ptd: 'Go,1000,0,2021-03-01_13-01-37_testing'
ptd-server 2021-03-01 13:12:45,043 [INFO] Reply from ptd: 'Starting untimed measurement, maximum 500000 samples at 1000ms with 0 rampup samples'
ptd-server 2021-03-01 13:12:45,044 [INFO] Sending reply to client 'OK'
ptd-server 2021-03-01 13:22:59,901 [INFO] Got command from the client 'session,2021-03-01_13-01-37,stop,testing'
ptd-server 2021-03-01 13:23:09,912 [INFO] Sending to ptd: 'Stop'
ptd-server 2021-03-01 13:23:09,912 [INFO] Reply from ptd: 'Stopping untimed measurement'
ptd-server 2021-03-01 13:23:10,067 [INFO] Sending reply to client 'OK'
ptd-server 2021-03-01 13:23:10,070 [INFO] Got command from the client 'session,2021-03-01_13-01-37,upload,client.log'
ptd-server 2021-03-01 13:23:10,071 [INFO] Received '/home/anton/projects/mlperf/power-dev/output/2021-03-01_13-01-37client.log.tmp'
ptd-server 2021-03-01 13:23:10,071 [INFO] Removed '/home/anton/projects/mlperf/power-dev/output/2021-03-01_13-01-37client.log.tmp'
ptd-server 2021-03-01 13:23:10,071 [INFO] Sending reply to client 'OK'
ptd-server 2021-03-01 13:23:10,075 [INFO] Got command from the client 'session,2021-03-01_13-01-37,upload,client.json'
ptd-server 2021-03-01 13:23:10,076 [INFO] Received '/home/anton/projects/mlperf/power-dev/output/2021-03-01_13-01-37client.json.tmp'
ptd-server 2021-03-01 13:23:10,076 [INFO] Removed '/home/anton/projects/mlperf/power-dev/output/2021-03-01_13-01-37client.json.tmp'
ptd-server 2021-03-01 13:23:10,076 [INFO] Sending reply to client 'OK'
ptd-server 2021-03-01 13:23:10,077 [INFO] Got command from the client 'session,2021-03-01_13-01-37,done'
ptd-server 2021-03-01 13:23:10,077 [INFO] Sending to ptd: 'Stop'
ptd-server 2021-03-01 13:23:10,078 [INFO] Reply from ptd: 'Error: no measurement to stop'
ptd-server 2021-03-01 13:23:10,078 [INFO] Sending to ptd: 'SR,V,300.000000'
ptd-server 2021-03-01 13:23:11,579 [INFO] Reply from ptd: 'Range V changed'
ptd-server 2021-03-01 13:23:11,579 [INFO] Sending to ptd: 'SR,A,0.500000'
ptd-server 2021-03-01 13:23:13,081 [INFO] Reply from ptd: 'Range A changed'
ptd-server 2021-03-01 13:23:13,081 [INFO] Set initial values for Amps 0.500000 and Volts 300.000000
ptd-server 2021-03-01 13:23:13,081 [INFO] Stopping ptd...
