ptd-server 2021-03-06 00:32:42,510 [INFO] Got command from the client 'time'
ptd-server 2021-03-06 00:32:42,510 [INFO] Sending reply to client '1614990762.5104632'
ptd-server 2021-03-06 00:32:42,514 [INFO] Got command from the client 'new,,2b6b380e-1e90-4e68-8b62-66fb71f1353b'
ptd-server 2021-03-06 00:32:42,515 [INFO] Sending reply to client 'OK 2021-03-06_00-32-42,2632199f-9c51-4feb-b9ae-889138a542ef'
ptd-server 2021-03-06 00:32:42,555 [INFO] Got command from the client 'time'
ptd-server 2021-03-06 00:32:42,555 [INFO] Sending reply to client '1614990762.555707'
ptd-server 2021-03-06 00:32:42,558 [INFO] Got command from the client 'session,2021-03-06_00-32-42,start,ranging'
ptd-server 2021-03-06 00:32:42,559 [INFO] Running PTDaemon: ['/home/anton/projects/mlperf/power/inference_v1.0/ptd-linux-x86', '-l', 'ptd.log', '-p', '8888', '52', '/dev/usbtmc0']
ptd-server 2021-03-06 00:32:59,728 [INFO] Sending to ptd: 'Hello'
ptd-server 2021-03-06 00:32:59,728 [INFO] Reply from ptd: 'Hello, PTDaemon here!'
ptd-server 2021-03-06 00:32:59,729 [INFO] Sending to ptd: 'Identify'
ptd-server 2021-03-06 00:32:59,729 [INFO] Reply from ptd: 'YokogawaWT330E,1000,1,1,1,1,0,0,1,version=1.9.2-e8c7a49a-20201208,OS=Linux 5.8.0-43-generic #49~20.04.1-Ubuntu SMP Fri Feb 5 09:57:56 UTC 2021 x86_64,mode=power,1,1,1,0,0,no_cal_date,YOKOGAWA;WT333E;C3VD30030E;F1.04'
ptd-server 2021-03-06 00:32:59,729 [INFO] Connected to PTDaemon
ptd-server 2021-03-06 00:32:59,729 [INFO] Sending to ptd: 'RR'
ptd-server 2021-03-06 00:32:59,730 [INFO] Reply from ptd: 'Ranges,0,0.500000,0,300.000000'
ptd-server 2021-03-06 00:32:59,730 [INFO] Initial range for Amps is 0.500000 for Volts is 300.000000
ptd-server 2021-03-06 00:32:59,730 [INFO] Sending to ptd: 'SR,V,Auto'
ptd-server 2021-03-06 00:33:00,232 [INFO] Reply from ptd: 'Range V changed'
ptd-server 2021-03-06 00:33:00,232 [INFO] Sending to ptd: 'SR,A,Auto'
ptd-server 2021-03-06 00:33:00,735 [INFO] Reply from ptd: 'Range A changed'
ptd-server 2021-03-06 00:33:10,745 [INFO] Starting ranging mode
ptd-server 2021-03-06 00:33:10,745 [INFO] Sending to ptd: 'Go,1000,0,2021-03-06_00-32-42_ranging'
ptd-server 2021-03-06 00:33:10,746 [INFO] Reply from ptd: 'Starting untimed measurement, maximum 500000 samples at 1000ms with 0 rampup samples'
ptd-server 2021-03-06 00:33:10,746 [INFO] Sending reply to client 'OK'
ptd-server 2021-03-06 00:43:42,657 [INFO] Got command from the client 'session,2021-03-06_00-32-42,stop,ranging'
ptd-server 2021-03-06 00:43:52,667 [INFO] Sending to ptd: 'Stop'
ptd-server 2021-03-06 00:43:52,668 [INFO] Reply from ptd: 'Stopping untimed measurement'
ptd-server 2021-03-06 00:43:53,057 [INFO] Sending reply to client 'OK'
ptd-server 2021-03-06 00:43:53,106 [INFO] Got command from the client 'time'
ptd-server 2021-03-06 00:43:53,106 [INFO] Sending reply to client '1614991433.1062176'
ptd-server 2021-03-06 00:43:53,112 [INFO] Got command from the client 'session,2021-03-06_00-32-42,start,testing'
ptd-server 2021-03-06 00:43:53,113 [INFO] Sending to ptd: 'SR,V,250.710000'
ptd-server 2021-03-06 00:43:54,614 [INFO] Reply from ptd: 'Range V changed'
ptd-server 2021-03-06 00:43:54,614 [INFO] Sending to ptd: 'SR,A,0.057140'
ptd-server 2021-03-06 00:43:56,115 [INFO] Reply from ptd: 'Range A changed'
ptd-server 2021-03-06 00:44:06,126 [INFO] Starting testing mode
ptd-server 2021-03-06 00:44:06,126 [INFO] Sending to ptd: 'Go,1000,0,2021-03-06_00-32-42_testing'
ptd-server 2021-03-06 00:44:06,126 [INFO] Reply from ptd: 'Starting untimed measurement, maximum 500000 samples at 1000ms with 0 rampup samples'
ptd-server 2021-03-06 00:44:06,126 [INFO] Sending reply to client 'OK'
ptd-server 2021-03-06 00:54:42,908 [INFO] Got command from the client 'session,2021-03-06_00-32-42,stop,testing'
ptd-server 2021-03-06 00:54:52,918 [INFO] Sending to ptd: 'Stop'
ptd-server 2021-03-06 00:54:52,918 [INFO] Reply from ptd: 'Stopping untimed measurement'
ptd-server 2021-03-06 00:54:53,125 [INFO] Sending reply to client 'OK'
ptd-server 2021-03-06 00:54:53,134 [INFO] Got command from the client 'session,2021-03-06_00-32-42,upload,client.log'
ptd-server 2021-03-06 00:54:53,137 [INFO] Received '/home/anton/projects/mlperf/power-dev/output/2021-03-06_00-32-42client.log.tmp'
ptd-server 2021-03-06 00:54:53,137 [INFO] Removed '/home/anton/projects/mlperf/power-dev/output/2021-03-06_00-32-42client.log.tmp'
ptd-server 2021-03-06 00:54:53,138 [INFO] Sending reply to client 'OK'
ptd-server 2021-03-06 00:54:53,150 [INFO] Got command from the client 'session,2021-03-06_00-32-42,upload,client.json'
ptd-server 2021-03-06 00:54:53,153 [INFO] Received '/home/anton/projects/mlperf/power-dev/output/2021-03-06_00-32-42client.json.tmp'
ptd-server 2021-03-06 00:54:53,154 [INFO] Removed '/home/anton/projects/mlperf/power-dev/output/2021-03-06_00-32-42client.json.tmp'
ptd-server 2021-03-06 00:54:53,154 [INFO] Sending reply to client 'OK'
ptd-server 2021-03-06 00:54:53,156 [INFO] Got command from the client 'session,2021-03-06_00-32-42,done'
ptd-server 2021-03-06 00:54:53,156 [INFO] Sending to ptd: 'Stop'
ptd-server 2021-03-06 00:54:53,157 [INFO] Reply from ptd: 'Error: no measurement to stop'
ptd-server 2021-03-06 00:54:53,157 [INFO] Sending to ptd: 'SR,V,300.000000'
ptd-server 2021-03-06 00:54:54,658 [INFO] Reply from ptd: 'Range V changed'
ptd-server 2021-03-06 00:54:54,658 [INFO] Sending to ptd: 'SR,A,0.500000'
ptd-server 2021-03-06 00:54:56,160 [INFO] Reply from ptd: 'Range A changed'
ptd-server 2021-03-06 00:54:56,160 [INFO] Set initial values for Amps 0.500000 and Volts 300.000000
ptd-server 2021-03-06 00:54:56,160 [INFO] Stopping ptd...
