ptd-server 2021-02-27 17:48:16,257 [INFO] Got command from the client 'time'
ptd-server 2021-02-27 17:48:16,257 [INFO] Sending reply to client '1614448096.2576795'
ptd-server 2021-02-27 17:48:16,258 [INFO] Got command from the client 'new,,816e4ca6-1e2a-4b20-abe9-37808b59350c'
ptd-server 2021-02-27 17:48:16,259 [INFO] Sending reply to client 'OK 2021-02-27_17-48-16,51668dc2-4af5-4913-a056-3247c2079e46'
ptd-server 2021-02-27 17:48:16,297 [INFO] Got command from the client 'time'
ptd-server 2021-02-27 17:48:16,297 [INFO] Sending reply to client '1614448096.2972836'
ptd-server 2021-02-27 17:48:16,298 [INFO] Got command from the client 'session,2021-02-27_17-48-16,start,ranging'
ptd-server 2021-02-27 17:48:16,298 [INFO] Running PTDaemon: ['/home/anton/projects/mlperf/power/inference_v1.0/ptd-linux-x86', '-l', 'ptd.log', '-p', '8888', '52', '/dev/usbtmc0']
ptd-server 2021-02-27 17:48:33,466 [INFO] Sending to ptd: 'Hello'
ptd-server 2021-02-27 17:48:33,466 [INFO] Reply from ptd: 'Hello, PTDaemon here!'
ptd-server 2021-02-27 17:48:33,466 [INFO] Sending to ptd: 'Identify'
ptd-server 2021-02-27 17:48:33,467 [INFO] Reply from ptd: 'YokogawaWT330E,1000,1,1,1,1,0,0,1,version=1.9.2-e8c7a49a-20201208,OS=Linux 5.8.0-43-generic #49~20.04.1-Ubuntu SMP Fri Feb 5 09:57:56 UTC 2021 x86_64,mode=power,1,1,1,0,0,no_cal_date,YOKOGAWA;WT333E;C3VD30030E;F1.04'
ptd-server 2021-02-27 17:48:33,467 [INFO] Connected to PTDaemon
ptd-server 2021-02-27 17:48:33,467 [INFO] Sending to ptd: 'RR'
ptd-server 2021-02-27 17:48:33,467 [INFO] Reply from ptd: 'Ranges,0,0.500000,0,300.000000'
ptd-server 2021-02-27 17:48:33,467 [INFO] Initial range for Amps is 0.500000 for Volts is 300.000000
ptd-server 2021-02-27 17:48:33,468 [INFO] Sending to ptd: 'SR,V,Auto'
ptd-server 2021-02-27 17:48:33,970 [INFO] Reply from ptd: 'Range V changed'
ptd-server 2021-02-27 17:48:33,970 [INFO] Sending to ptd: 'SR,A,Auto'
ptd-server 2021-02-27 17:48:34,473 [INFO] Reply from ptd: 'Range A changed'
ptd-server 2021-02-27 17:48:44,483 [INFO] Starting ranging mode
ptd-server 2021-02-27 17:48:44,483 [INFO] Sending to ptd: 'Go,1000,0,2021-02-27_17-48-16_ranging'
ptd-server 2021-02-27 17:48:44,484 [INFO] Reply from ptd: 'Starting untimed measurement, maximum 500000 samples at 1000ms with 0 rampup samples'
ptd-server 2021-02-27 17:48:44,484 [INFO] Sending reply to client 'OK'
ptd-server 2021-02-27 17:59:02,703 [INFO] Got command from the client 'session,2021-02-27_17-48-16,stop,ranging'
ptd-server 2021-02-27 17:59:12,713 [INFO] Sending to ptd: 'Stop'
ptd-server 2021-02-27 17:59:12,714 [INFO] Reply from ptd: 'Stopping untimed measurement'
ptd-server 2021-02-27 17:59:12,837 [INFO] Sending reply to client 'OK'
ptd-server 2021-02-27 17:59:12,874 [INFO] Got command from the client 'time'
ptd-server 2021-02-27 17:59:12,875 [INFO] Sending reply to client '1614448752.8749864'
ptd-server 2021-02-27 17:59:12,876 [INFO] Got command from the client 'session,2021-02-27_17-48-16,start,testing'
ptd-server 2021-02-27 17:59:12,876 [INFO] Sending to ptd: 'SR,V,248.780000'
ptd-server 2021-02-27 17:59:14,985 [INFO] Reply from ptd: 'Range V changed'
ptd-server 2021-02-27 17:59:14,985 [INFO] Sending to ptd: 'SR,A,0.178850'
ptd-server 2021-02-27 17:59:16,487 [INFO] Reply from ptd: 'Range A changed'
ptd-server 2021-02-27 17:59:26,497 [INFO] Starting testing mode
ptd-server 2021-02-27 17:59:26,497 [INFO] Sending to ptd: 'Go,1000,0,2021-02-27_17-48-16_testing'
ptd-server 2021-02-27 17:59:26,497 [INFO] Reply from ptd: 'Starting untimed measurement, maximum 500000 samples at 1000ms with 0 rampup samples'
ptd-server 2021-02-27 17:59:26,498 [INFO] Sending reply to client 'OK'
ptd-server 2021-02-27 18:09:44,732 [INFO] Got command from the client 'session,2021-02-27_17-48-16,stop,testing'
ptd-server 2021-02-27 18:09:54,742 [INFO] Sending to ptd: 'Stop'
ptd-server 2021-02-27 18:09:54,743 [INFO] Reply from ptd: 'Stopping untimed measurement'
ptd-server 2021-02-27 18:09:54,807 [INFO] Sending reply to client 'OK'
ptd-server 2021-02-27 18:09:54,811 [INFO] Got command from the client 'session,2021-02-27_17-48-16,upload,client.log'
ptd-server 2021-02-27 18:09:54,811 [INFO] Received '/home/anton/projects/mlperf/power-dev/output/2021-02-27_17-48-16client.log.tmp'
ptd-server 2021-02-27 18:09:54,811 [INFO] Removed '/home/anton/projects/mlperf/power-dev/output/2021-02-27_17-48-16client.log.tmp'
ptd-server 2021-02-27 18:09:54,812 [INFO] Sending reply to client 'OK'
ptd-server 2021-02-27 18:09:54,816 [INFO] Got command from the client 'session,2021-02-27_17-48-16,upload,client.json'
ptd-server 2021-02-27 18:09:54,816 [INFO] Received '/home/anton/projects/mlperf/power-dev/output/2021-02-27_17-48-16client.json.tmp'
ptd-server 2021-02-27 18:09:54,816 [INFO] Removed '/home/anton/projects/mlperf/power-dev/output/2021-02-27_17-48-16client.json.tmp'
ptd-server 2021-02-27 18:09:54,816 [INFO] Sending reply to client 'OK'
ptd-server 2021-02-27 18:09:54,817 [INFO] Got command from the client 'session,2021-02-27_17-48-16,done'
ptd-server 2021-02-27 18:09:54,817 [INFO] Sending to ptd: 'Stop'
ptd-server 2021-02-27 18:09:55,497 [INFO] Reply from ptd: 'Error: no measurement to stop'
ptd-server 2021-02-27 18:09:55,497 [INFO] Sending to ptd: 'SR,V,300.000000'
ptd-server 2021-02-27 18:09:56,999 [INFO] Reply from ptd: 'Range V changed'
ptd-server 2021-02-27 18:09:56,999 [INFO] Sending to ptd: 'SR,A,0.500000'
ptd-server 2021-02-27 18:09:58,500 [INFO] Reply from ptd: 'Range A changed'
ptd-server 2021-02-27 18:09:58,501 [INFO] Set initial values for Amps 0.500000 and Volts 300.000000
ptd-server 2021-02-27 18:09:58,501 [INFO] Stopping ptd...
