ptd-server 2021-03-01 13:23:19,345 [INFO] Got command from the client 'time'
ptd-server 2021-03-01 13:23:19,345 [INFO] Sending reply to client '1614604999.3456645'
ptd-server 2021-03-01 13:23:19,346 [INFO] Got command from the client 'new,,dadb844f-c946-48d3-b8c1-5fe91936c2e4'
ptd-server 2021-03-01 13:23:19,347 [INFO] Sending reply to client 'OK 2021-03-01_13-23-19,5664c173-5456-4b76-bf4c-4a3b2aa64fe0'
ptd-server 2021-03-01 13:23:19,385 [INFO] Got command from the client 'time'
ptd-server 2021-03-01 13:23:19,385 [INFO] Sending reply to client '1614604999.3854291'
ptd-server 2021-03-01 13:23:19,386 [INFO] Got command from the client 'session,2021-03-01_13-23-19,start,ranging'
ptd-server 2021-03-01 13:23:19,386 [INFO] Running PTDaemon: ['/home/anton/projects/mlperf/power/inference_v1.0/ptd-linux-x86', '-l', 'ptd.log', '-p', '8888', '52', '/dev/usbtmc0']
ptd-server 2021-03-01 13:23:36,556 [INFO] Sending to ptd: 'Hello'
ptd-server 2021-03-01 13:23:36,556 [INFO] Reply from ptd: 'Hello, PTDaemon here!'
ptd-server 2021-03-01 13:23:36,557 [INFO] Sending to ptd: 'Identify'
ptd-server 2021-03-01 13:23:36,557 [INFO] Reply from ptd: 'YokogawaWT330E,1000,1,1,1,1,0,0,1,version=1.9.2-e8c7a49a-20201208,OS=Linux 5.8.0-43-generic #49~20.04.1-Ubuntu SMP Fri Feb 5 09:57:56 UTC 2021 x86_64,mode=power,1,1,1,0,0,no_cal_date,YOKOGAWA;WT333E;C3VD30030E;F1.04'
ptd-server 2021-03-01 13:23:36,557 [INFO] Connected to PTDaemon
ptd-server 2021-03-01 13:23:36,557 [INFO] Sending to ptd: 'RR'
ptd-server 2021-03-01 13:23:36,558 [INFO] Reply from ptd: 'Ranges,0,0.500000,0,300.000000'
ptd-server 2021-03-01 13:23:36,558 [INFO] Initial range for Amps is 0.500000 for Volts is 300.000000
ptd-server 2021-03-01 13:23:36,558 [INFO] Sending to ptd: 'SR,V,Auto'
ptd-server 2021-03-01 13:23:37,060 [INFO] Reply from ptd: 'Range V changed'
ptd-server 2021-03-01 13:23:37,061 [INFO] Sending to ptd: 'SR,A,Auto'
ptd-server 2021-03-01 13:23:37,563 [INFO] Reply from ptd: 'Range A changed'
ptd-server 2021-03-01 13:23:47,573 [INFO] Starting ranging mode
ptd-server 2021-03-01 13:23:47,573 [INFO] Sending to ptd: 'Go,1000,0,2021-03-01_13-23-19_ranging'
ptd-server 2021-03-01 13:23:47,574 [INFO] Reply from ptd: 'Starting untimed measurement, maximum 500000 samples at 1000ms with 0 rampup samples'
ptd-server 2021-03-01 13:23:47,574 [INFO] Sending reply to client 'OK'
ptd-server 2021-03-01 13:34:02,758 [INFO] Got command from the client 'session,2021-03-01_13-23-19,stop,ranging'
ptd-server 2021-03-01 13:34:12,768 [INFO] Sending to ptd: 'Stop'
ptd-server 2021-03-01 13:34:12,769 [INFO] Reply from ptd: 'Stopping untimed measurement'
ptd-server 2021-03-01 13:34:13,043 [INFO] Sending reply to client 'OK'
ptd-server 2021-03-01 13:34:13,083 [INFO] Got command from the client 'time'
ptd-server 2021-03-01 13:34:13,083 [INFO] Sending reply to client '1614605653.0831475'
ptd-server 2021-03-01 13:34:13,084 [INFO] Got command from the client 'session,2021-03-01_13-23-19,start,testing'
ptd-server 2021-03-01 13:34:13,084 [INFO] Sending to ptd: 'SR,V,250.240000'
ptd-server 2021-03-01 13:34:15,075 [INFO] Reply from ptd: 'Range V changed'
ptd-server 2021-03-01 13:34:15,075 [INFO] Sending to ptd: 'SR,A,0.142540'
ptd-server 2021-03-01 13:34:16,576 [INFO] Reply from ptd: 'Range A changed'
ptd-server 2021-03-01 13:34:26,587 [INFO] Starting testing mode
ptd-server 2021-03-01 13:34:26,587 [INFO] Sending to ptd: 'Go,1000,0,2021-03-01_13-23-19_testing'
ptd-server 2021-03-01 13:34:26,587 [INFO] Reply from ptd: 'Starting untimed measurement, maximum 500000 samples at 1000ms with 0 rampup samples'
ptd-server 2021-03-01 13:34:26,587 [INFO] Sending reply to client 'OK'
ptd-server 2021-03-01 13:44:41,445 [INFO] Got command from the client 'session,2021-03-01_13-23-19,stop,testing'
ptd-server 2021-03-01 13:44:51,455 [INFO] Sending to ptd: 'Stop'
ptd-server 2021-03-01 13:44:51,456 [INFO] Reply from ptd: 'Stopping untimed measurement'
ptd-server 2021-03-01 13:44:51,594 [INFO] Sending reply to client 'OK'
ptd-server 2021-03-01 13:44:51,597 [INFO] Got command from the client 'session,2021-03-01_13-23-19,upload,client.log'
ptd-server 2021-03-01 13:44:51,598 [INFO] Received '/home/anton/projects/mlperf/power-dev/output/2021-03-01_13-23-19client.log.tmp'
ptd-server 2021-03-01 13:44:51,598 [INFO] Removed '/home/anton/projects/mlperf/power-dev/output/2021-03-01_13-23-19client.log.tmp'
ptd-server 2021-03-01 13:44:51,598 [INFO] Sending reply to client 'OK'
ptd-server 2021-03-01 13:44:51,603 [INFO] Got command from the client 'session,2021-03-01_13-23-19,upload,client.json'
ptd-server 2021-03-01 13:44:51,603 [INFO] Received '/home/anton/projects/mlperf/power-dev/output/2021-03-01_13-23-19client.json.tmp'
ptd-server 2021-03-01 13:44:51,603 [INFO] Removed '/home/anton/projects/mlperf/power-dev/output/2021-03-01_13-23-19client.json.tmp'
ptd-server 2021-03-01 13:44:51,603 [INFO] Sending reply to client 'OK'
ptd-server 2021-03-01 13:44:51,604 [INFO] Got command from the client 'session,2021-03-01_13-23-19,done'
ptd-server 2021-03-01 13:44:51,604 [INFO] Sending to ptd: 'Stop'
ptd-server 2021-03-01 13:44:51,604 [INFO] Reply from ptd: 'Error: no measurement to stop'
ptd-server 2021-03-01 13:44:51,604 [INFO] Sending to ptd: 'SR,V,300.000000'
ptd-server 2021-03-01 13:44:53,106 [INFO] Reply from ptd: 'Range V changed'
ptd-server 2021-03-01 13:44:53,106 [INFO] Sending to ptd: 'SR,A,0.500000'
ptd-server 2021-03-01 13:44:54,607 [INFO] Reply from ptd: 'Range A changed'
ptd-server 2021-03-01 13:44:54,607 [INFO] Set initial values for Amps 0.500000 and Volts 300.000000
ptd-server 2021-03-01 13:44:54,608 [INFO] Stopping ptd...
