ptd-server 2021-02-28 03:23:29,611 [INFO] Got command from the client 'time'
ptd-server 2021-02-28 03:23:29,611 [INFO] Sending reply to client '1614482609.611462'
ptd-server 2021-02-28 03:23:29,612 [INFO] Got command from the client 'new,,fedb28db-861f-4a4e-9756-9209278246ef'
ptd-server 2021-02-28 03:23:29,613 [INFO] Sending reply to client 'OK 2021-02-28_03-23-29,aca0fb47-c05d-4cde-9e96-11da19cc8bcb'
ptd-server 2021-02-28 03:23:29,641 [INFO] Got command from the client 'time'
ptd-server 2021-02-28 03:23:29,641 [INFO] Sending reply to client '1614482609.6411936'
ptd-server 2021-02-28 03:23:29,642 [INFO] Got command from the client 'session,2021-02-28_03-23-29,start,ranging'
ptd-server 2021-02-28 03:23:29,642 [INFO] Running PTDaemon: ['/home/anton/projects/mlperf/power/inference_v1.0/ptd-linux-x86', '-l', 'ptd.log', '-p', '8888', '52', '/dev/usbtmc0']
ptd-server 2021-02-28 03:23:46,811 [INFO] Sending to ptd: 'Hello'
ptd-server 2021-02-28 03:23:46,811 [INFO] Reply from ptd: 'Hello, PTDaemon here!'
ptd-server 2021-02-28 03:23:46,811 [INFO] Sending to ptd: 'Identify'
ptd-server 2021-02-28 03:23:46,812 [INFO] Reply from ptd: 'YokogawaWT330E,1000,1,1,1,1,0,0,1,version=1.9.2-e8c7a49a-20201208,OS=Linux 5.8.0-43-generic #49~20.04.1-Ubuntu SMP Fri Feb 5 09:57:56 UTC 2021 x86_64,mode=power,1,1,1,0,0,no_cal_date,YOKOGAWA;WT333E;C3VD30030E;F1.04'
ptd-server 2021-02-28 03:23:46,812 [INFO] Connected to PTDaemon
ptd-server 2021-02-28 03:23:46,812 [INFO] Sending to ptd: 'RR'
ptd-server 2021-02-28 03:23:46,812 [INFO] Reply from ptd: 'Ranges,0,0.500000,0,300.000000'
ptd-server 2021-02-28 03:23:46,813 [INFO] Initial range for Amps is 0.500000 for Volts is 300.000000
ptd-server 2021-02-28 03:23:46,813 [INFO] Sending to ptd: 'SR,V,Auto'
ptd-server 2021-02-28 03:23:47,315 [INFO] Reply from ptd: 'Range V changed'
ptd-server 2021-02-28 03:23:47,315 [INFO] Sending to ptd: 'SR,A,Auto'
ptd-server 2021-02-28 03:23:47,818 [INFO] Reply from ptd: 'Range A changed'
ptd-server 2021-02-28 03:23:57,828 [INFO] Starting ranging mode
ptd-server 2021-02-28 03:23:57,828 [INFO] Sending to ptd: 'Go,1000,0,2021-02-28_03-23-29_ranging'
ptd-server 2021-02-28 03:23:57,829 [INFO] Reply from ptd: 'Starting untimed measurement, maximum 500000 samples at 1000ms with 0 rampup samples'
ptd-server 2021-02-28 03:23:57,829 [INFO] Sending reply to client 'OK'
ptd-server 2021-02-28 03:34:16,244 [INFO] Got command from the client 'session,2021-02-28_03-23-29,stop,ranging'
ptd-server 2021-02-28 03:34:26,254 [INFO] Sending to ptd: 'Stop'
ptd-server 2021-02-28 03:34:26,254 [INFO] Reply from ptd: 'Stopping untimed measurement'
ptd-server 2021-02-28 03:34:26,424 [INFO] Sending reply to client 'OK'
ptd-server 2021-02-28 03:34:26,458 [INFO] Got command from the client 'time'
ptd-server 2021-02-28 03:34:26,458 [INFO] Sending reply to client '1614483266.4586394'
ptd-server 2021-02-28 03:34:26,459 [INFO] Got command from the client 'session,2021-02-28_03-23-29,start,testing'
ptd-server 2021-02-28 03:34:26,459 [INFO] Sending to ptd: 'SR,V,250.970000'
ptd-server 2021-02-28 03:34:28,330 [INFO] Reply from ptd: 'Range V changed'
ptd-server 2021-02-28 03:34:28,330 [INFO] Sending to ptd: 'SR,A,0.171870'
ptd-server 2021-02-28 03:34:29,832 [INFO] Reply from ptd: 'Range A changed'
ptd-server 2021-02-28 03:34:39,842 [INFO] Starting testing mode
ptd-server 2021-02-28 03:34:39,842 [INFO] Sending to ptd: 'Go,1000,0,2021-02-28_03-23-29_testing'
ptd-server 2021-02-28 03:34:39,843 [INFO] Reply from ptd: 'Starting untimed measurement, maximum 500000 samples at 1000ms with 0 rampup samples'
ptd-server 2021-02-28 03:34:39,843 [INFO] Sending reply to client 'OK'
ptd-server 2021-02-28 03:44:58,114 [INFO] Got command from the client 'session,2021-02-28_03-23-29,stop,testing'
ptd-server 2021-02-28 03:45:08,125 [INFO] Sending to ptd: 'Stop'
ptd-server 2021-02-28 03:45:08,125 [INFO] Reply from ptd: 'Stopping untimed measurement'
ptd-server 2021-02-28 03:45:08,216 [INFO] Sending reply to client 'OK'
ptd-server 2021-02-28 03:45:08,219 [INFO] Got command from the client 'session,2021-02-28_03-23-29,upload,client.log'
ptd-server 2021-02-28 03:45:08,220 [INFO] Received '/home/anton/projects/mlperf/power-dev/output/2021-02-28_03-23-29client.log.tmp'
ptd-server 2021-02-28 03:45:08,220 [INFO] Removed '/home/anton/projects/mlperf/power-dev/output/2021-02-28_03-23-29client.log.tmp'
ptd-server 2021-02-28 03:45:08,220 [INFO] Sending reply to client 'OK'
ptd-server 2021-02-28 03:45:08,224 [INFO] Got command from the client 'session,2021-02-28_03-23-29,upload,client.json'
ptd-server 2021-02-28 03:45:08,225 [INFO] Received '/home/anton/projects/mlperf/power-dev/output/2021-02-28_03-23-29client.json.tmp'
ptd-server 2021-02-28 03:45:08,225 [INFO] Removed '/home/anton/projects/mlperf/power-dev/output/2021-02-28_03-23-29client.json.tmp'
ptd-server 2021-02-28 03:45:08,225 [INFO] Sending reply to client 'OK'
ptd-server 2021-02-28 03:45:08,226 [INFO] Got command from the client 'session,2021-02-28_03-23-29,done'
ptd-server 2021-02-28 03:45:08,226 [INFO] Sending to ptd: 'Stop'
ptd-server 2021-02-28 03:45:08,843 [INFO] Reply from ptd: 'Error: no measurement to stop'
ptd-server 2021-02-28 03:45:08,844 [INFO] Sending to ptd: 'SR,V,300.000000'
ptd-server 2021-02-28 03:45:10,345 [INFO] Reply from ptd: 'Range V changed'
ptd-server 2021-02-28 03:45:10,345 [INFO] Sending to ptd: 'SR,A,0.500000'
ptd-server 2021-02-28 03:45:11,846 [INFO] Reply from ptd: 'Range A changed'
ptd-server 2021-02-28 03:45:11,847 [INFO] Set initial values for Amps 0.500000 and Volts 300.000000
ptd-server 2021-02-28 03:45:11,847 [INFO] Stopping ptd...
