client 2021-03-17 22:51:01,344 [WARNING] Removing old loadgen logs directory '/home/scratch.mlperf_inf_ci/mlPerf/L1/Xavier_MaxQ-Computelab-Xavier-MaxQ-L1-5-2021-03-17-23-28-24-UTC/mlperf-inference/closed/NVIDIA/build/power_logs_temp'
client 2021-03-17 22:51:01,353 [INFO] Sending command to the server: 'mlcommons/power client v3'
client 2021-03-17 22:51:01,354 [INFO] Got response: 'mlcommons/power server v3'
client 2021-03-17 22:51:01,355 [INFO] Sending command to the server: 'stop'
client 2021-03-17 22:51:01,356 [INFO] Got response: 'OK'
client 2021-03-17 22:51:01,356 [INFO] Synchronizing with the server and with ib-01.dc4-in.nvidia.com...
client 2021-03-17 22:51:01,582 [INFO] NTP:offset = -0.001 s, delay = 0.202 s 
client 2021-03-17 22:51:01,583 [INFO] Sending command to the server: 'time'
client 2021-03-17 22:51:01,585 [INFO] Got response: '1616046661.542632'
client 2021-03-17 22:51:01,585 [INFO] The time difference between the client and the server is within range 40.852 ms..43.286 ms
client 2021-03-17 22:51:01,586 [INFO] Sending command to the server: 'new,,44be35ab-c9a0-4bf8-9e52-f5b15f49596f'
client 2021-03-17 22:51:01,588 [INFO] Got response: 'OK 2021-03-17_22-51-01,fc2ee46e-ec24-4aec-87c8-ab93f3783b18'
client 2021-03-17 22:51:01,589 [INFO] Session id is '2021-03-17_22-51-01'
client 2021-03-17 22:51:01,589 [INFO] Sources: {"sources": {"client.py": "d1e75cb4b26101220ebd242e584cf3ca5d8f1996", "lib/__init__.py": "da39a3ee5e6b4b0d3255bfef95601890afd80709", "lib/client.py": "d42bebf5b74cb6ff3997e2a6c68422afac111a28", "lib/common.py": "b0bad80d8fa328a7636027d4d66ff453f8dd7889", "lib/external/ntplib.py": "4da8f970656505a40483206ef2b5d3dd5e81711d", "lib/server.py": "2ed36471c7af565d6c8438b2134edad1d7ddf166", "lib/source_hashes.py": "4cedff274c661cb1504052018fd4f00dfbf624ef", "lib/summary.py": "0db15d783907aa92038281af4e465545c0648ddb", "lib/time_sync.py": "76051226ec89287839723352f4162aaa24e0546a", "server.py": "99e1310e3f76292aef1b8792ce6b8c82f1d44d8b", "tests/unit/test_server.py": "64f11775bfed35232a0e8bb9593c0ff992432c59", "tests/unit/test_source_hashes.py": "cb41a7261eaf7d94ba5c0aae9c523174f6204be3"}, "modules": {"__main__": "client.py", "lib.client": "lib/client.py", "lib.common": "lib/common.py", "lib.external.ntplib": "lib/external/ntplib.py", "lib.source_hashes": "lib/source_hashes.py", "lib.summary": "lib/summary.py", "lib.time_sync": "lib/time_sync.py"}}
client 2021-03-17 22:51:01,592 [INFO] Running workload in ranging mode
client 2021-03-17 22:51:01,593 [INFO] Synchronizing with the server and with ib-01.dc4-in.nvidia.com...
client 2021-03-17 22:51:01,807 [INFO] NTP:offset = -0.001 s, delay = 0.202 s 
client 2021-03-17 22:51:01,808 [INFO] Sending command to the server: 'time'
client 2021-03-17 22:51:01,809 [INFO] Got response: '1616046661.7613828'
client 2021-03-17 22:51:01,810 [INFO] The time difference between the client and the server is within range 46.657 ms..48.941 ms
client 2021-03-17 22:51:01,810 [INFO] Sending command to the server: 'session,2021-03-17_22-51-01,start,ranging'
client 2021-03-17 22:51:30,801 [INFO] Got response: 'OK'
client 2021-03-17 22:51:30,802 [INFO] Running the workload 'LOG_DIR=/home/scratch.mlperf_inf_ci/mlPerf/L1/Xavier_MaxQ-Computelab-Xavier-MaxQ-L1-5-2021-03-17-23-28-24-UTC/mlperf-inference/closed/NVIDIA/build/power_logs_temp python3 code/main.py --benchmarks=ssd-mobilenet --scenarios=Offline --test_mode=PerformanceOnly --config_ver=maxq --action="run_harness" \\\n\t\t&& cp -v /home/scratch.mlperf_inf_ci/mlPerf/L1/Xavier_MaxQ-Computelab-Xavier-MaxQ-L1-5-2021-03-17-23-28-24-UTC/mlperf-inference/closed/NVIDIA/build/power_logs_temp/*/*/*/mlperf_log_detail.txt /home/scratch.mlperf_inf_ci/mlPerf/L1/Xavier_MaxQ-Computelab-Xavier-MaxQ-L1-5-2021-03-17-23-28-24-UTC/mlperf-inference/closed/NVIDIA/build/power_logs_temp/ \\\n\t\t&& cp -v /home/scratch.mlperf_inf_ci/mlPerf/L1/Xavier_MaxQ-Computelab-Xavier-MaxQ-L1-5-2021-03-17-23-28-24-UTC/mlperf-inference/closed/NVIDIA/build/power_logs_temp/*/*/*/mlperf_log_summary.txt /home/scratch.mlperf_inf_ci/mlPerf/L1/Xavier_MaxQ-Computelab-Xavier-MaxQ-L1-5-2021-03-17-23-28-24-UTC/mlperf-inference/closed/NVIDIA/build/power_logs_temp/'
client 2021-03-17 23:05:09,400 [INFO] Sending command to the server: 'session,2021-03-17_22-51-01,stop,ranging'
client 2021-03-17 23:05:19,954 [INFO] Got response: 'OK'
client 2021-03-17 23:05:19,972 [INFO] Packing logs into zip and uploading to the server
client 2021-03-17 23:05:20,004 [INFO] Zip file size: 16.0 kB
client 2021-03-17 23:05:20,025 [INFO] Got response: 'OK'
client 2021-03-17 23:05:20,026 [INFO] Running workload in testing mode
client 2021-03-17 23:05:20,026 [INFO] Synchronizing with the server and with ib-01.dc4-in.nvidia.com...
client 2021-03-17 23:05:20,235 [INFO] NTP:offset = -0.000 s, delay = 0.202 s 
client 2021-03-17 23:05:20,235 [INFO] Sending command to the server: 'time'
client 2021-03-17 23:05:20,237 [INFO] Got response: '1616047520.193057'
client 2021-03-17 23:05:20,237 [INFO] The time difference between the client and the server is within range 42.776 ms..44.465 ms
client 2021-03-17 23:05:20,238 [INFO] Sending command to the server: 'session,2021-03-17_22-51-01,start,testing'
client 2021-03-17 23:05:33,306 [INFO] Got response: 'OK'
client 2021-03-17 23:05:33,307 [INFO] Running the workload 'LOG_DIR=/home/scratch.mlperf_inf_ci/mlPerf/L1/Xavier_MaxQ-Computelab-Xavier-MaxQ-L1-5-2021-03-17-23-28-24-UTC/mlperf-inference/closed/NVIDIA/build/power_logs_temp python3 code/main.py --benchmarks=ssd-mobilenet --scenarios=Offline --test_mode=PerformanceOnly --config_ver=maxq --action="run_harness" \\\n\t\t&& cp -v /home/scratch.mlperf_inf_ci/mlPerf/L1/Xavier_MaxQ-Computelab-Xavier-MaxQ-L1-5-2021-03-17-23-28-24-UTC/mlperf-inference/closed/NVIDIA/build/power_logs_temp/*/*/*/mlperf_log_detail.txt /home/scratch.mlperf_inf_ci/mlPerf/L1/Xavier_MaxQ-Computelab-Xavier-MaxQ-L1-5-2021-03-17-23-28-24-UTC/mlperf-inference/closed/NVIDIA/build/power_logs_temp/ \\\n\t\t&& cp -v /home/scratch.mlperf_inf_ci/mlPerf/L1/Xavier_MaxQ-Computelab-Xavier-MaxQ-L1-5-2021-03-17-23-28-24-UTC/mlperf-inference/closed/NVIDIA/build/power_logs_temp/*/*/*/mlperf_log_summary.txt /home/scratch.mlperf_inf_ci/mlPerf/L1/Xavier_MaxQ-Computelab-Xavier-MaxQ-L1-5-2021-03-17-23-28-24-UTC/mlperf-inference/closed/NVIDIA/build/power_logs_temp/'
client 2021-03-17 23:19:08,607 [INFO] Sending command to the server: 'session,2021-03-17_22-51-01,stop,testing'
client 2021-03-17 23:19:18,900 [INFO] Got response: 'OK'
client 2021-03-17 23:19:19,000 [INFO] Packing logs into zip and uploading to the server
client 2021-03-17 23:19:19,039 [INFO] Zip file size: 16.0 kB
client 2021-03-17 23:19:19,060 [INFO] Got response: 'OK'
client 2021-03-17 23:19:19,061 [INFO] Done runs
