ptd-server 2021-03-17 22:51:01,308 [INFO] Got command from the client 'stop'
ptd-server 2021-03-17 22:51:01,308 [INFO] The server will be stopped after processing this client
ptd-server 2021-03-17 22:51:01,308 [INFO] Sending reply to client 'OK'
ptd-server 2021-03-17 22:51:01,527 [INFO] Got command from the client 'time'
ptd-server 2021-03-17 22:51:01,542 [INFO] Sending reply to client '1616046661.542632'
ptd-server 2021-03-17 22:51:01,542 [INFO] Got command from the client 'new,,44be35ab-c9a0-4bf8-9e52-f5b15f49596f'
ptd-server 2021-03-17 22:51:01,542 [INFO] Sending reply to client 'OK 2021-03-17_22-51-01,fc2ee46e-ec24-4aec-87c8-ab93f3783b18'
ptd-server 2021-03-17 22:51:01,761 [INFO] Got command from the client 'time'
ptd-server 2021-03-17 22:51:01,761 [INFO] Sending reply to client '1616046661.7613828'
ptd-server 2021-03-17 22:51:01,761 [INFO] Got command from the client 'session,2021-03-17_22-51-01,start,ranging'
ptd-server 2021-03-17 22:51:01,870 [INFO] Running PTDaemon: ['C:\\PTD\\ptd-windows-x86.exe', '-l', 'C:\\logs_ptdeamon.txt', '-p', '8888', '-c', '3', '-y', '52', '10.32.209.251']
ptd-server 2021-03-17 22:51:19,725 [INFO] Sending to ptd: 'Hello'
ptd-server 2021-03-17 22:51:19,725 [INFO] Reply from ptd: 'Hello, PTDaemon here!'
ptd-server 2021-03-17 22:51:19,725 [INFO] Sending to ptd: 'Identify'
ptd-server 2021-03-17 22:51:19,725 [INFO] Reply from ptd: 'YokogawaWT330E,1000,1,1,1,1,0,0,1,version=1.9.2-3976349f-20201208,OS=Windows 8 / Server 2012,mode=power,1,1,1,0,0,no_cal_date,YOKOGAWA;WT333E;C2VL22012V;F1.03'
ptd-server 2021-03-17 22:51:19,725 [INFO] Connected to PTDaemon
ptd-server 2021-03-17 22:51:19,725 [INFO] Sending to ptd: 'RR'
ptd-server 2021-03-17 22:51:19,725 [INFO] Reply from ptd: 'Ranges,0,0.500000,0,150.000000'
ptd-server 2021-03-17 22:51:19,725 [INFO] Initial range for Amps is 0.500000 for Volts is 150.000000
ptd-server 2021-03-17 22:51:19,725 [INFO] Sending to ptd: 'SR,V,Auto'
ptd-server 2021-03-17 22:51:20,241 [INFO] Reply from ptd: 'Range V changed'
ptd-server 2021-03-17 22:51:20,241 [INFO] Sending to ptd: 'SR,A,Auto'
ptd-server 2021-03-17 22:51:20,756 [INFO] Reply from ptd: 'Range A changed'
ptd-server 2021-03-17 22:51:30,757 [INFO] Starting ranging mode
ptd-server 2021-03-17 22:51:30,757 [INFO] Sending to ptd: 'Go,1000,0,2021-03-17_22-51-01_ranging'
ptd-server 2021-03-17 22:51:30,757 [INFO] Reply from ptd: 'Starting untimed measurement, maximum 500000 samples at 1000ms with 0 rampup samples'
ptd-server 2021-03-17 22:51:30,757 [INFO] Sending reply to client 'OK'
ptd-server 2021-03-17 23:05:09,351 [INFO] Got command from the client 'session,2021-03-17_22-51-01,stop,ranging'
ptd-server 2021-03-17 23:05:19,365 [INFO] Sending to ptd: 'Stop'
ptd-server 2021-03-17 23:05:19,365 [INFO] Reply from ptd: 'Stopping untimed measurement'
ptd-server 2021-03-17 23:05:19,896 [INFO] Sending reply to client 'OK'
ptd-server 2021-03-17 23:05:19,958 [INFO] Got command from the client 'session,2021-03-17_22-51-01,upload,ranging'
ptd-server 2021-03-17 23:05:19,958 [INFO] Received 'C:\\ptd-logs\\2021-03-17_22-51-01ranging.tmp'
ptd-server 2021-03-17 23:05:19,974 [INFO] Extracted 'C:\\ptd-logs\\2021-03-17_22-51-01ranging.tmp' into 'C:\\ptd-logs\\2021-03-17_22-51-01\\ranging'
ptd-server 2021-03-17 23:05:19,974 [INFO] Removed 'C:\\ptd-logs\\2021-03-17_22-51-01ranging.tmp'
ptd-server 2021-03-17 23:05:19,974 [INFO] Sending reply to client 'OK'
ptd-server 2021-03-17 23:05:20,193 [INFO] Got command from the client 'time'
ptd-server 2021-03-17 23:05:20,193 [INFO] Sending reply to client '1616047520.193057'
ptd-server 2021-03-17 23:05:20,193 [INFO] Got command from the client 'session,2021-03-17_22-51-01,start,testing'
ptd-server 2021-03-17 23:05:20,193 [INFO] Sending to ptd: 'SR,V,120.320000'
ptd-server 2021-03-17 23:05:21,723 [INFO] Reply from ptd: 'Range V changed'
ptd-server 2021-03-17 23:05:21,723 [INFO] Sending to ptd: 'SR,A,0.433800'
ptd-server 2021-03-17 23:05:23,254 [INFO] Reply from ptd: 'Range A changed'
ptd-server 2021-03-17 23:05:33,257 [INFO] Starting testing mode
ptd-server 2021-03-17 23:05:33,257 [INFO] Sending to ptd: 'Go,1000,0,2021-03-17_22-51-01_testing'
ptd-server 2021-03-17 23:05:33,257 [INFO] Reply from ptd: 'Starting untimed measurement, maximum 500000 samples at 1000ms with 0 rampup samples'
ptd-server 2021-03-17 23:05:33,257 [INFO] Sending reply to client 'OK'
ptd-server 2021-03-17 23:19:08,559 [INFO] Got command from the client 'session,2021-03-17_22-51-01,stop,testing'
ptd-server 2021-03-17 23:19:18,572 [INFO] Sending to ptd: 'Stop'
ptd-server 2021-03-17 23:19:18,572 [INFO] Reply from ptd: 'Stopping untimed measurement'
ptd-server 2021-03-17 23:19:18,853 [INFO] Sending reply to client 'OK'
ptd-server 2021-03-17 23:19:18,994 [INFO] Got command from the client 'session,2021-03-17_22-51-01,upload,testing'
ptd-server 2021-03-17 23:19:18,994 [INFO] Received 'C:\\ptd-logs\\2021-03-17_22-51-01testing.tmp'
ptd-server 2021-03-17 23:19:19,009 [INFO] Extracted 'C:\\ptd-logs\\2021-03-17_22-51-01testing.tmp' into 'C:\\ptd-logs\\2021-03-17_22-51-01\\run_1'
ptd-server 2021-03-17 23:19:19,009 [INFO] Removed 'C:\\ptd-logs\\2021-03-17_22-51-01testing.tmp'
ptd-server 2021-03-17 23:19:19,009 [INFO] Sending reply to client 'OK'
ptd-server 2021-03-17 23:19:19,025 [INFO] Got command from the client 'session,2021-03-17_22-51-01,upload,client.log'
ptd-server 2021-03-17 23:19:19,025 [INFO] Received 'C:\\ptd-logs\\2021-03-17_22-51-01client.log.tmp'
ptd-server 2021-03-17 23:19:19,025 [INFO] Removed 'C:\\ptd-logs\\2021-03-17_22-51-01client.log.tmp'
ptd-server 2021-03-17 23:19:19,025 [INFO] Sending reply to client 'OK'
ptd-server 2021-03-17 23:19:19,072 [INFO] Got command from the client 'session,2021-03-17_22-51-01,upload,client.json'
ptd-server 2021-03-17 23:19:19,072 [INFO] Received 'C:\\ptd-logs\\2021-03-17_22-51-01client.json.tmp'
ptd-server 2021-03-17 23:19:19,088 [INFO] Removed 'C:\\ptd-logs\\2021-03-17_22-51-01client.json.tmp'
ptd-server 2021-03-17 23:19:19,088 [INFO] Sending reply to client 'OK'
ptd-server 2021-03-17 23:19:19,088 [INFO] Got command from the client 'session,2021-03-17_22-51-01,done'
ptd-server 2021-03-17 23:19:19,088 [INFO] Sending to ptd: 'Stop'
ptd-server 2021-03-17 23:19:19,259 [INFO] Reply from ptd: 'Error: no measurement to stop'
ptd-server 2021-03-17 23:19:19,259 [INFO] Sending to ptd: 'SR,V,150.000000'
ptd-server 2021-03-17 23:19:20,790 [INFO] Reply from ptd: 'Range V changed'
ptd-server 2021-03-17 23:19:20,790 [INFO] Sending to ptd: 'SR,A,0.500000'
ptd-server 2021-03-17 23:19:22,321 [INFO] Reply from ptd: 'Range A changed'
ptd-server 2021-03-17 23:19:22,321 [INFO] Set initial values for Amps 0.500000 and Volts 150.000000
ptd-server 2021-03-17 23:19:22,321 [INFO] Stopping ptd...
