ptd-server 2021-03-08 11:00:18,307 [INFO] Got command from the client 'time'
ptd-server 2021-03-08 11:00:18,307 [INFO] Sending reply to client '1615201218.3072023'
ptd-server 2021-03-08 11:00:18,310 [INFO] Got command from the client 'new,,ab7fbba4-ff95-432d-9a92-b040e0e9a09e'
ptd-server 2021-03-08 11:00:18,311 [INFO] Sending reply to client 'OK 2021-03-08_11-00-18,601344a0-0993-4cf4-8b35-f9033351b556'
ptd-server 2021-03-08 11:00:18,346 [INFO] Got command from the client 'time'
ptd-server 2021-03-08 11:00:18,347 [INFO] Sending reply to client '1615201218.3470764'
ptd-server 2021-03-08 11:00:18,350 [INFO] Got command from the client 'session,2021-03-08_11-00-18,start,ranging'
ptd-server 2021-03-08 11:00:18,350 [INFO] Running PTDaemon: ['/home/anton/projects/mlperf/power/inference_v1.0/ptd-linux-x86', '-l', 'ptd.log', '-p', '8888', '52', '/dev/usbtmc0']
ptd-server 2021-03-08 11:00:35,523 [INFO] Sending to ptd: 'Hello'
ptd-server 2021-03-08 11:00:35,524 [INFO] Reply from ptd: 'Hello, PTDaemon here!'
ptd-server 2021-03-08 11:00:35,524 [INFO] Sending to ptd: 'Identify'
ptd-server 2021-03-08 11:00:35,524 [INFO] Reply from ptd: 'YokogawaWT330E,1000,1,1,1,1,0,0,1,version=1.9.2-e8c7a49a-20201208,OS=Linux 5.8.0-43-generic #49~20.04.1-Ubuntu SMP Fri Feb 5 09:57:56 UTC 2021 x86_64,mode=power,1,1,1,0,0,no_cal_date,YOKOGAWA;WT333E;C3VD30030E;F1.04'
ptd-server 2021-03-08 11:00:35,524 [INFO] Connected to PTDaemon
ptd-server 2021-03-08 11:00:35,524 [INFO] Sending to ptd: 'RR'
ptd-server 2021-03-08 11:00:35,525 [INFO] Reply from ptd: 'Ranges,0,0.500000,0,300.000000'
ptd-server 2021-03-08 11:00:35,525 [INFO] Initial range for Amps is 0.500000 for Volts is 300.000000
ptd-server 2021-03-08 11:00:35,525 [INFO] Sending to ptd: 'SR,V,Auto'
ptd-server 2021-03-08 11:00:36,027 [INFO] Reply from ptd: 'Range V changed'
ptd-server 2021-03-08 11:00:36,027 [INFO] Sending to ptd: 'SR,A,Auto'
ptd-server 2021-03-08 11:00:36,530 [INFO] Reply from ptd: 'Range A changed'
ptd-server 2021-03-08 11:00:46,540 [INFO] Starting ranging mode
ptd-server 2021-03-08 11:00:46,540 [INFO] Sending to ptd: 'Go,1000,0,2021-03-08_11-00-18_ranging'
ptd-server 2021-03-08 11:00:46,541 [INFO] Reply from ptd: 'Starting untimed measurement, maximum 500000 samples at 1000ms with 0 rampup samples'
ptd-server 2021-03-08 11:00:46,541 [INFO] Sending reply to client 'OK'
ptd-server 2021-03-08 11:11:11,427 [INFO] Got command from the client 'session,2021-03-08_11-00-18,stop,ranging'
ptd-server 2021-03-08 11:11:21,437 [INFO] Sending to ptd: 'Stop'
ptd-server 2021-03-08 11:11:21,437 [INFO] Reply from ptd: 'Stopping untimed measurement'
ptd-server 2021-03-08 11:11:22,096 [INFO] Sending reply to client 'OK'
ptd-server 2021-03-08 11:11:22,164 [INFO] Got command from the client 'time'
ptd-server 2021-03-08 11:11:22,164 [INFO] Sending reply to client '1615201882.1641872'
ptd-server 2021-03-08 11:11:22,167 [INFO] Got command from the client 'session,2021-03-08_11-00-18,start,testing'
ptd-server 2021-03-08 11:11:22,168 [INFO] Sending to ptd: 'SR,V,250.590000'
ptd-server 2021-03-08 11:11:23,669 [INFO] Reply from ptd: 'Range V changed'
ptd-server 2021-03-08 11:11:23,669 [INFO] Sending to ptd: 'SR,A,0.054500'
ptd-server 2021-03-08 11:11:25,170 [INFO] Reply from ptd: 'Range A changed'
ptd-server 2021-03-08 11:11:35,181 [INFO] Starting testing mode
ptd-server 2021-03-08 11:11:35,181 [INFO] Sending to ptd: 'Go,1000,0,2021-03-08_11-00-18_testing'
ptd-server 2021-03-08 11:11:35,181 [INFO] Reply from ptd: 'Starting untimed measurement, maximum 500000 samples at 1000ms with 0 rampup samples'
ptd-server 2021-03-08 11:11:35,181 [INFO] Sending reply to client 'OK'
ptd-server 2021-03-08 11:22:04,769 [INFO] Got command from the client 'session,2021-03-08_11-00-18,stop,testing'
ptd-server 2021-03-08 11:22:14,779 [INFO] Sending to ptd: 'Stop'
ptd-server 2021-03-08 11:22:14,780 [INFO] Reply from ptd: 'Stopping untimed measurement'
ptd-server 2021-03-08 11:22:15,117 [INFO] Sending reply to client 'OK'
ptd-server 2021-03-08 11:22:15,125 [INFO] Got command from the client 'session,2021-03-08_11-00-18,upload,client.log'
ptd-server 2021-03-08 11:22:15,128 [INFO] Received '/home/anton/projects/mlperf/power-dev/output/2021-03-08_11-00-18client.log.tmp'
ptd-server 2021-03-08 11:22:15,129 [INFO] Removed '/home/anton/projects/mlperf/power-dev/output/2021-03-08_11-00-18client.log.tmp'
ptd-server 2021-03-08 11:22:15,129 [INFO] Sending reply to client 'OK'
ptd-server 2021-03-08 11:22:15,141 [INFO] Got command from the client 'session,2021-03-08_11-00-18,upload,client.json'
ptd-server 2021-03-08 11:22:15,144 [INFO] Received '/home/anton/projects/mlperf/power-dev/output/2021-03-08_11-00-18client.json.tmp'
ptd-server 2021-03-08 11:22:15,145 [INFO] Removed '/home/anton/projects/mlperf/power-dev/output/2021-03-08_11-00-18client.json.tmp'
ptd-server 2021-03-08 11:22:15,145 [INFO] Sending reply to client 'OK'
ptd-server 2021-03-08 11:22:15,147 [INFO] Got command from the client 'session,2021-03-08_11-00-18,done'
ptd-server 2021-03-08 11:22:15,147 [INFO] Sending to ptd: 'Stop'
ptd-server 2021-03-08 11:22:15,182 [INFO] Reply from ptd: 'Error: no measurement to stop'
ptd-server 2021-03-08 11:22:15,182 [INFO] Sending to ptd: 'SR,V,300.000000'
ptd-server 2021-03-08 11:22:16,683 [INFO] Reply from ptd: 'Range V changed'
ptd-server 2021-03-08 11:22:16,684 [INFO] Sending to ptd: 'SR,A,0.500000'
ptd-server 2021-03-08 11:22:18,185 [INFO] Reply from ptd: 'Range A changed'
ptd-server 2021-03-08 11:22:18,185 [INFO] Set initial values for Amps 0.500000 and Volts 300.000000
ptd-server 2021-03-08 11:22:18,185 [INFO] Stopping ptd...
