ptd-server 2021-03-05 04:27:52,289 [INFO] Got command from the client 'time'
ptd-server 2021-03-05 04:27:52,289 [INFO] Sending reply to client '1614918472.2894952'
ptd-server 2021-03-05 04:27:52,292 [INFO] Got command from the client 'new,,9c8ce111-b557-438e-946d-e76e31facf0c'
ptd-server 2021-03-05 04:27:52,292 [INFO] Sending reply to client 'OK 2021-03-05_04-27-52,ed7f3573-ed4b-4458-96ac-82f1ec328d1f'
ptd-server 2021-03-05 04:27:52,329 [INFO] Got command from the client 'time'
ptd-server 2021-03-05 04:27:52,329 [INFO] Sending reply to client '1614918472.329296'
ptd-server 2021-03-05 04:27:52,331 [INFO] Got command from the client 'session,2021-03-05_04-27-52,start,ranging'
ptd-server 2021-03-05 04:27:52,332 [INFO] Running PTDaemon: ['/home/anton/projects/mlperf/power/inference_v1.0/ptd-linux-x86', '-l', 'ptd.log', '-p', '8888', '52', '/dev/usbtmc0']
ptd-server 2021-03-05 04:28:09,501 [INFO] Sending to ptd: 'Hello'
ptd-server 2021-03-05 04:28:09,502 [INFO] Reply from ptd: 'Hello, PTDaemon here!'
ptd-server 2021-03-05 04:28:09,502 [INFO] Sending to ptd: 'Identify'
ptd-server 2021-03-05 04:28:09,502 [INFO] Reply from ptd: 'YokogawaWT330E,1000,1,1,1,1,0,0,1,version=1.9.2-e8c7a49a-20201208,OS=Linux 5.8.0-43-generic #49~20.04.1-Ubuntu SMP Fri Feb 5 09:57:56 UTC 2021 x86_64,mode=power,1,1,1,0,0,no_cal_date,YOKOGAWA;WT333E;C3VD30030E;F1.04'
ptd-server 2021-03-05 04:28:09,502 [INFO] Connected to PTDaemon
ptd-server 2021-03-05 04:28:09,503 [INFO] Sending to ptd: 'RR'
ptd-server 2021-03-05 04:28:09,503 [INFO] Reply from ptd: 'Ranges,0,0.500000,0,300.000000'
ptd-server 2021-03-05 04:28:09,503 [INFO] Initial range for Amps is 0.500000 for Volts is 300.000000
ptd-server 2021-03-05 04:28:09,503 [INFO] Sending to ptd: 'SR,V,Auto'
ptd-server 2021-03-05 04:28:10,029 [INFO] Reply from ptd: 'Range V changed'
ptd-server 2021-03-05 04:28:10,029 [INFO] Sending to ptd: 'SR,A,Auto'
ptd-server 2021-03-05 04:28:10,532 [INFO] Reply from ptd: 'Range A changed'
ptd-server 2021-03-05 04:28:20,540 [INFO] Starting ranging mode
ptd-server 2021-03-05 04:28:20,540 [INFO] Sending to ptd: 'Go,1000,0,2021-03-05_04-27-52_ranging'
ptd-server 2021-03-05 04:28:20,541 [INFO] Reply from ptd: 'Starting untimed measurement, maximum 500000 samples at 1000ms with 0 rampup samples'
ptd-server 2021-03-05 04:28:20,541 [INFO] Sending reply to client 'OK'
ptd-server 2021-03-05 04:38:51,975 [INFO] Got command from the client 'session,2021-03-05_04-27-52,stop,ranging'
ptd-server 2021-03-05 04:39:01,986 [INFO] Sending to ptd: 'Stop'
ptd-server 2021-03-05 04:39:01,986 [INFO] Reply from ptd: 'Stopping untimed measurement'
ptd-server 2021-03-05 04:39:02,308 [INFO] Sending reply to client 'OK'
ptd-server 2021-03-05 04:39:02,348 [INFO] Got command from the client 'time'
ptd-server 2021-03-05 04:39:02,348 [INFO] Sending reply to client '1614919142.3483481'
ptd-server 2021-03-05 04:39:02,352 [INFO] Got command from the client 'session,2021-03-05_04-27-52,start,testing'
ptd-server 2021-03-05 04:39:02,352 [INFO] Sending to ptd: 'SR,V,250.020000'
ptd-server 2021-03-05 04:39:04,042 [INFO] Reply from ptd: 'Range V changed'
ptd-server 2021-03-05 04:39:04,043 [INFO] Sending to ptd: 'SR,A,0.063650'
ptd-server 2021-03-05 04:39:05,544 [INFO] Reply from ptd: 'Range A changed'
ptd-server 2021-03-05 04:39:15,554 [INFO] Starting testing mode
ptd-server 2021-03-05 04:39:15,554 [INFO] Sending to ptd: 'Go,1000,0,2021-03-05_04-27-52_testing'
ptd-server 2021-03-05 04:39:15,555 [INFO] Reply from ptd: 'Starting untimed measurement, maximum 500000 samples at 1000ms with 0 rampup samples'
ptd-server 2021-03-05 04:39:15,555 [INFO] Sending reply to client 'OK'
ptd-server 2021-03-05 04:49:51,836 [INFO] Got command from the client 'session,2021-03-05_04-27-52,stop,testing'
ptd-server 2021-03-05 04:50:01,847 [INFO] Sending to ptd: 'Stop'
ptd-server 2021-03-05 04:50:01,847 [INFO] Reply from ptd: 'Stopping untimed measurement'
ptd-server 2021-03-05 04:50:02,021 [INFO] Sending reply to client 'OK'
ptd-server 2021-03-05 04:50:02,030 [INFO] Got command from the client 'session,2021-03-05_04-27-52,upload,client.log'
ptd-server 2021-03-05 04:50:02,033 [INFO] Received '/home/anton/projects/mlperf/power-dev/output/2021-03-05_04-27-52client.log.tmp'
ptd-server 2021-03-05 04:50:02,033 [INFO] Removed '/home/anton/projects/mlperf/power-dev/output/2021-03-05_04-27-52client.log.tmp'
ptd-server 2021-03-05 04:50:02,033 [INFO] Sending reply to client 'OK'
ptd-server 2021-03-05 04:50:02,046 [INFO] Got command from the client 'session,2021-03-05_04-27-52,upload,client.json'
ptd-server 2021-03-05 04:50:02,049 [INFO] Received '/home/anton/projects/mlperf/power-dev/output/2021-03-05_04-27-52client.json.tmp'
ptd-server 2021-03-05 04:50:02,049 [INFO] Removed '/home/anton/projects/mlperf/power-dev/output/2021-03-05_04-27-52client.json.tmp'
ptd-server 2021-03-05 04:50:02,049 [INFO] Sending reply to client 'OK'
ptd-server 2021-03-05 04:50:02,052 [INFO] Got command from the client 'session,2021-03-05_04-27-52,done'
ptd-server 2021-03-05 04:50:02,052 [INFO] Sending to ptd: 'Stop'
ptd-server 2021-03-05 04:50:02,556 [INFO] Reply from ptd: 'Error: no measurement to stop'
ptd-server 2021-03-05 04:50:02,556 [INFO] Sending to ptd: 'SR,V,300.000000'
ptd-server 2021-03-05 04:50:04,057 [INFO] Reply from ptd: 'Range V changed'
ptd-server 2021-03-05 04:50:04,058 [INFO] Sending to ptd: 'SR,A,0.500000'
ptd-server 2021-03-05 04:50:05,559 [INFO] Reply from ptd: 'Range A changed'
ptd-server 2021-03-05 04:50:05,559 [INFO] Set initial values for Amps 0.500000 and Volts 300.000000
ptd-server 2021-03-05 04:50:05,559 [INFO] Stopping ptd...
