client 2021-03-17 09:31:51,736 [WARNING] Removing old loadgen logs directory '/home/scratch.mlperf_inf_ci/mlPerf/L1/XavierNX_MaxQ-Commputelab-XavierNX-MaxQ-L1-2-2021-03-17-10-42-27-UTC/mlperf-inference/closed/NVIDIA/build/power_logs_temp'
client 2021-03-17 09:31:51,753 [INFO] Sending command to the server: 'mlcommons/power client v3'
client 2021-03-17 09:31:51,759 [INFO] Got response: 'mlcommons/power server v3'
client 2021-03-17 09:31:51,759 [INFO] Sending command to the server: 'stop'
client 2021-03-17 09:31:51,761 [INFO] Got response: 'OK'
client 2021-03-17 09:31:51,762 [INFO] Synchronizing with the server and with ib-01.dc4-in.nvidia.com...
client 2021-03-17 09:31:51,990 [INFO] NTP:offset = 0.004 s, delay = 0.202 s 
client 2021-03-17 09:31:51,990 [INFO] Sending command to the server: 'time'
client 2021-03-17 09:31:51,993 [INFO] Got response: '1615998712.0652237'
client 2021-03-17 09:31:51,993 [INFO] The time difference between the client and the server is within range -74.354 ms..-71.357 ms
client 2021-03-17 09:31:51,994 [INFO] Sending command to the server: 'new,,6c036263-beff-46f1-ba42-d7f9eeccc78f'
client 2021-03-17 09:31:51,996 [INFO] Got response: 'OK 2021-03-17_09-31-52,eedce2f5-ad2a-48d8-8f1e-a2bb357e70b9'
client 2021-03-17 09:31:51,997 [INFO] Session id is '2021-03-17_09-31-52'
client 2021-03-17 09:31:51,997 [INFO] Sources: {"sources": {"client.py": "d1e75cb4b26101220ebd242e584cf3ca5d8f1996", "lib/__init__.py": "da39a3ee5e6b4b0d3255bfef95601890afd80709", "lib/client.py": "d42bebf5b74cb6ff3997e2a6c68422afac111a28", "lib/common.py": "b0bad80d8fa328a7636027d4d66ff453f8dd7889", "lib/external/ntplib.py": "4da8f970656505a40483206ef2b5d3dd5e81711d", "lib/server.py": "2ed36471c7af565d6c8438b2134edad1d7ddf166", "lib/source_hashes.py": "4cedff274c661cb1504052018fd4f00dfbf624ef", "lib/summary.py": "0db15d783907aa92038281af4e465545c0648ddb", "lib/time_sync.py": "76051226ec89287839723352f4162aaa24e0546a", "server.py": "99e1310e3f76292aef1b8792ce6b8c82f1d44d8b", "tests/unit/test_server.py": "64f11775bfed35232a0e8bb9593c0ff992432c59", "tests/unit/test_source_hashes.py": "cb41a7261eaf7d94ba5c0aae9c523174f6204be3"}, "modules": {"__main__": "client.py", "lib.client": "lib/client.py", "lib.common": "lib/common.py", "lib.external.ntplib": "lib/external/ntplib.py", "lib.source_hashes": "lib/source_hashes.py", "lib.summary": "lib/summary.py", "lib.time_sync": "lib/time_sync.py"}}
client 2021-03-17 09:31:52,000 [INFO] Running workload in ranging mode
client 2021-03-17 09:31:52,001 [INFO] Synchronizing with the server and with ib-01.dc4-in.nvidia.com...
client 2021-03-17 09:31:52,209 [INFO] NTP:offset = 0.004 s, delay = 0.202 s 
client 2021-03-17 09:31:52,210 [INFO] Sending command to the server: 'time'
client 2021-03-17 09:31:52,212 [INFO] Got response: '1615998712.2838914'
client 2021-03-17 09:31:52,212 [INFO] The time difference between the client and the server is within range -73.770 ms..-71.256 ms
client 2021-03-17 09:31:52,213 [INFO] Sending command to the server: 'session,2021-03-17_09-31-52,start,ranging'
client 2021-03-17 09:32:21,223 [INFO] Got response: 'OK'
client 2021-03-17 09:32:21,224 [INFO] Running the workload 'LOG_DIR=/home/scratch.mlperf_inf_ci/mlPerf/L1/XavierNX_MaxQ-Commputelab-XavierNX-MaxQ-L1-2-2021-03-17-10-42-27-UTC/mlperf-inference/closed/NVIDIA/build/power_logs_temp python3 code/main.py --benchmarks=ssd-mobilenet --scenarios=SingleStream --test_mode=PerformanceOnly --config_ver=maxq --action="run_harness" \\\n\t\t&& cp -v /home/scratch.mlperf_inf_ci/mlPerf/L1/XavierNX_MaxQ-Commputelab-XavierNX-MaxQ-L1-2-2021-03-17-10-42-27-UTC/mlperf-inference/closed/NVIDIA/build/power_logs_temp/*/*/*/mlperf_log_detail.txt /home/scratch.mlperf_inf_ci/mlPerf/L1/XavierNX_MaxQ-Commputelab-XavierNX-MaxQ-L1-2-2021-03-17-10-42-27-UTC/mlperf-inference/closed/NVIDIA/build/power_logs_temp/ \\\n\t\t&& cp -v /home/scratch.mlperf_inf_ci/mlPerf/L1/XavierNX_MaxQ-Commputelab-XavierNX-MaxQ-L1-2-2021-03-17-10-42-27-UTC/mlperf-inference/closed/NVIDIA/build/power_logs_temp/*/*/*/mlperf_log_summary.txt /home/scratch.mlperf_inf_ci/mlPerf/L1/XavierNX_MaxQ-Commputelab-XavierNX-MaxQ-L1-2-2021-03-17-10-42-27-UTC/mlperf-inference/closed/NVIDIA/build/power_logs_temp/'
client 2021-03-17 09:42:48,534 [INFO] Sending command to the server: 'session,2021-03-17_09-31-52,stop,ranging'
client 2021-03-17 09:42:58,852 [INFO] Got response: 'OK'
client 2021-03-17 09:42:58,861 [INFO] Packing logs into zip and uploading to the server
client 2021-03-17 09:42:58,898 [INFO] Zip file size: 15.9 kB
client 2021-03-17 09:42:58,918 [INFO] Got response: 'OK'
client 2021-03-17 09:42:58,919 [INFO] Running workload in testing mode
client 2021-03-17 09:42:58,920 [INFO] Synchronizing with the server and with ib-01.dc4-in.nvidia.com...
client 2021-03-17 09:42:59,128 [INFO] NTP:offset = 0.003 s, delay = 0.202 s 
client 2021-03-17 09:42:59,128 [INFO] Sending command to the server: 'time'
client 2021-03-17 09:42:59,130 [INFO] Got response: '1615999379.1930406'
client 2021-03-17 09:42:59,131 [INFO] The time difference between the client and the server is within range -64.327 ms..-61.967 ms
client 2021-03-17 09:42:59,131 [INFO] Sending command to the server: 'session,2021-03-17_09-31-52,start,testing'
client 2021-03-17 09:43:12,312 [INFO] Got response: 'OK'
client 2021-03-17 09:43:12,313 [INFO] Running the workload 'LOG_DIR=/home/scratch.mlperf_inf_ci/mlPerf/L1/XavierNX_MaxQ-Commputelab-XavierNX-MaxQ-L1-2-2021-03-17-10-42-27-UTC/mlperf-inference/closed/NVIDIA/build/power_logs_temp python3 code/main.py --benchmarks=ssd-mobilenet --scenarios=SingleStream --test_mode=PerformanceOnly --config_ver=maxq --action="run_harness" \\\n\t\t&& cp -v /home/scratch.mlperf_inf_ci/mlPerf/L1/XavierNX_MaxQ-Commputelab-XavierNX-MaxQ-L1-2-2021-03-17-10-42-27-UTC/mlperf-inference/closed/NVIDIA/build/power_logs_temp/*/*/*/mlperf_log_detail.txt /home/scratch.mlperf_inf_ci/mlPerf/L1/XavierNX_MaxQ-Commputelab-XavierNX-MaxQ-L1-2-2021-03-17-10-42-27-UTC/mlperf-inference/closed/NVIDIA/build/power_logs_temp/ \\\n\t\t&& cp -v /home/scratch.mlperf_inf_ci/mlPerf/L1/XavierNX_MaxQ-Commputelab-XavierNX-MaxQ-L1-2-2021-03-17-10-42-27-UTC/mlperf-inference/closed/NVIDIA/build/power_logs_temp/*/*/*/mlperf_log_summary.txt /home/scratch.mlperf_inf_ci/mlPerf/L1/XavierNX_MaxQ-Commputelab-XavierNX-MaxQ-L1-2-2021-03-17-10-42-27-UTC/mlperf-inference/closed/NVIDIA/build/power_logs_temp/'
client 2021-03-17 09:53:32,763 [INFO] Sending command to the server: 'session,2021-03-17_09-31-52,stop,testing'
client 2021-03-17 09:53:42,938 [INFO] Got response: 'OK'
client 2021-03-17 09:53:43,006 [INFO] Packing logs into zip and uploading to the server
client 2021-03-17 09:53:43,039 [INFO] Zip file size: 15.9 kB
client 2021-03-17 09:53:43,058 [INFO] Got response: 'OK'
client 2021-03-17 09:53:43,060 [INFO] Done runs
