ptd-server 2021-03-17 09:31:51,830 [INFO] Got command from the client 'stop'
ptd-server 2021-03-17 09:31:51,830 [INFO] The server will be stopped after processing this client
ptd-server 2021-03-17 09:31:51,830 [INFO] Sending reply to client 'OK'
ptd-server 2021-03-17 09:31:52,065 [INFO] Got command from the client 'time'
ptd-server 2021-03-17 09:31:52,065 [INFO] Sending reply to client '1615998712.0652237'
ptd-server 2021-03-17 09:31:52,065 [INFO] Got command from the client 'new,,6c036263-beff-46f1-ba42-d7f9eeccc78f'
ptd-server 2021-03-17 09:31:52,065 [INFO] Sending reply to client 'OK 2021-03-17_09-31-52,eedce2f5-ad2a-48d8-8f1e-a2bb357e70b9'
ptd-server 2021-03-17 09:31:52,283 [INFO] Got command from the client 'time'
ptd-server 2021-03-17 09:31:52,283 [INFO] Sending reply to client '1615998712.2838914'
ptd-server 2021-03-17 09:31:52,283 [INFO] Got command from the client 'session,2021-03-17_09-31-52,start,ranging'
ptd-server 2021-03-17 09:31:52,393 [INFO] Running PTDaemon: ['C:\\PTD\\ptd-windows-x86.exe', '-l', 'C:\\logs_ptdeamon.txt', '-p', '8888', '-c', '1', '-y', '52', '10.32.209.251']
ptd-server 2021-03-17 09:32:10,250 [INFO] Sending to ptd: 'Hello'
ptd-server 2021-03-17 09:32:10,250 [INFO] Reply from ptd: 'Hello, PTDaemon here!'
ptd-server 2021-03-17 09:32:10,250 [INFO] Sending to ptd: 'Identify'
ptd-server 2021-03-17 09:32:10,250 [INFO] Reply from ptd: 'YokogawaWT330E,1000,1,1,1,1,0,0,1,version=1.9.2-3976349f-20201208,OS=Windows 8 / Server 2012,mode=power,1,1,1,0,0,no_cal_date,YOKOGAWA;WT333E;C2VL22012V;F1.03'
ptd-server 2021-03-17 09:32:10,250 [INFO] Connected to PTDaemon
ptd-server 2021-03-17 09:32:10,250 [INFO] Sending to ptd: 'RR'
ptd-server 2021-03-17 09:32:10,250 [INFO] Reply from ptd: 'Ranges,0,0.500000,0,150.000000'
ptd-server 2021-03-17 09:32:10,250 [INFO] Initial range for Amps is 0.500000 for Volts is 150.000000
ptd-server 2021-03-17 09:32:10,250 [INFO] Sending to ptd: 'SR,V,Auto'
ptd-server 2021-03-17 09:32:10,766 [INFO] Reply from ptd: 'Range V changed'
ptd-server 2021-03-17 09:32:10,766 [INFO] Sending to ptd: 'SR,A,Auto'
ptd-server 2021-03-17 09:32:11,281 [INFO] Reply from ptd: 'Range A changed'
ptd-server 2021-03-17 09:32:21,296 [INFO] Starting ranging mode
ptd-server 2021-03-17 09:32:21,296 [INFO] Sending to ptd: 'Go,1000,0,2021-03-17_09-31-52_ranging'
ptd-server 2021-03-17 09:32:21,296 [INFO] Reply from ptd: 'Starting untimed measurement, maximum 500000 samples at 1000ms with 0 rampup samples'
ptd-server 2021-03-17 09:32:21,296 [INFO] Sending reply to client 'OK'
ptd-server 2021-03-17 09:42:48,598 [INFO] Got command from the client 'session,2021-03-17_09-31-52,stop,ranging'
ptd-server 2021-03-17 09:42:58,599 [INFO] Sending to ptd: 'Stop'
ptd-server 2021-03-17 09:42:58,599 [INFO] Reply from ptd: 'Stopping untimed measurement'
ptd-server 2021-03-17 09:42:58,911 [INFO] Sending reply to client 'OK'
ptd-server 2021-03-17 09:42:58,958 [INFO] Got command from the client 'session,2021-03-17_09-31-52,upload,ranging'
ptd-server 2021-03-17 09:42:58,974 [INFO] Received 'C:\\ptd-logs\\2021-03-17_09-31-52ranging.tmp'
ptd-server 2021-03-17 09:42:58,974 [INFO] Extracted 'C:\\ptd-logs\\2021-03-17_09-31-52ranging.tmp' into 'C:\\ptd-logs\\2021-03-17_09-31-52\\ranging'
ptd-server 2021-03-17 09:42:58,974 [INFO] Removed 'C:\\ptd-logs\\2021-03-17_09-31-52ranging.tmp'
ptd-server 2021-03-17 09:42:58,974 [INFO] Sending reply to client 'OK'
ptd-server 2021-03-17 09:42:59,193 [INFO] Got command from the client 'time'
ptd-server 2021-03-17 09:42:59,193 [INFO] Sending reply to client '1615999379.1930406'
ptd-server 2021-03-17 09:42:59,193 [INFO] Got command from the client 'session,2021-03-17_09-31-52,start,testing'
ptd-server 2021-03-17 09:42:59,193 [INFO] Sending to ptd: 'SR,V,119.660000'
ptd-server 2021-03-17 09:43:00,833 [INFO] Reply from ptd: 'Range V changed'
ptd-server 2021-03-17 09:43:00,833 [INFO] Sending to ptd: 'SR,A,0.252600'
ptd-server 2021-03-17 09:43:02,364 [INFO] Reply from ptd: 'Range A changed'
ptd-server 2021-03-17 09:43:12,377 [INFO] Starting testing mode
ptd-server 2021-03-17 09:43:12,377 [INFO] Sending to ptd: 'Go,1000,0,2021-03-17_09-31-52_testing'
ptd-server 2021-03-17 09:43:12,377 [INFO] Reply from ptd: 'Starting untimed measurement, maximum 500000 samples at 1000ms with 0 rampup samples'
ptd-server 2021-03-17 09:43:12,377 [INFO] Sending reply to client 'OK'
ptd-server 2021-03-17 09:53:32,824 [INFO] Got command from the client 'session,2021-03-17_09-31-52,stop,testing'
ptd-server 2021-03-17 09:53:42,837 [INFO] Sending to ptd: 'Stop'
ptd-server 2021-03-17 09:53:42,837 [INFO] Reply from ptd: 'Stopping untimed measurement'
ptd-server 2021-03-17 09:53:42,993 [INFO] Sending reply to client 'OK'
ptd-server 2021-03-17 09:53:43,102 [INFO] Got command from the client 'session,2021-03-17_09-31-52,upload,testing'
ptd-server 2021-03-17 09:53:43,102 [INFO] Received 'C:\\ptd-logs\\2021-03-17_09-31-52testing.tmp'
ptd-server 2021-03-17 09:53:43,118 [INFO] Extracted 'C:\\ptd-logs\\2021-03-17_09-31-52testing.tmp' into 'C:\\ptd-logs\\2021-03-17_09-31-52\\run_1'
ptd-server 2021-03-17 09:53:43,118 [INFO] Removed 'C:\\ptd-logs\\2021-03-17_09-31-52testing.tmp'
ptd-server 2021-03-17 09:53:43,118 [INFO] Sending reply to client 'OK'
ptd-server 2021-03-17 09:53:43,134 [INFO] Got command from the client 'session,2021-03-17_09-31-52,upload,client.log'
ptd-server 2021-03-17 09:53:43,134 [INFO] Received 'C:\\ptd-logs\\2021-03-17_09-31-52client.log.tmp'
ptd-server 2021-03-17 09:53:43,134 [INFO] Removed 'C:\\ptd-logs\\2021-03-17_09-31-52client.log.tmp'
ptd-server 2021-03-17 09:53:43,134 [INFO] Sending reply to client 'OK'
ptd-server 2021-03-17 09:53:43,180 [INFO] Got command from the client 'session,2021-03-17_09-31-52,upload,client.json'
ptd-server 2021-03-17 09:53:43,180 [INFO] Received 'C:\\ptd-logs\\2021-03-17_09-31-52client.json.tmp'
ptd-server 2021-03-17 09:53:43,196 [INFO] Removed 'C:\\ptd-logs\\2021-03-17_09-31-52client.json.tmp'
ptd-server 2021-03-17 09:53:43,196 [INFO] Sending reply to client 'OK'
ptd-server 2021-03-17 09:53:43,196 [INFO] Got command from the client 'session,2021-03-17_09-31-52,done'
ptd-server 2021-03-17 09:53:43,196 [INFO] Sending to ptd: 'Stop'
ptd-server 2021-03-17 09:53:43,384 [INFO] Reply from ptd: 'Error: no measurement to stop'
ptd-server 2021-03-17 09:53:43,384 [INFO] Sending to ptd: 'SR,V,150.000000'
ptd-server 2021-03-17 09:53:44,914 [INFO] Reply from ptd: 'Range V changed'
ptd-server 2021-03-17 09:53:44,914 [INFO] Sending to ptd: 'SR,A,0.500000'
ptd-server 2021-03-17 09:53:46,445 [INFO] Reply from ptd: 'Range A changed'
ptd-server 2021-03-17 09:53:46,445 [INFO] Set initial values for Amps 0.500000 and Volts 150.000000
ptd-server 2021-03-17 09:53:46,445 [INFO] Stopping ptd...
