ptd-server 2021-03-10 00:43:45,843 [INFO] Got command from the client 'time'
ptd-server 2021-03-10 00:43:45,843 [INFO] Sending reply to client '1615337025.8438954'
ptd-server 2021-03-10 00:43:45,845 [INFO] Got command from the client 'new,,47b7ef4e-aca6-4e4f-824d-5c64313350af'
ptd-server 2021-03-10 00:43:45,846 [INFO] Sending reply to client 'OK 2021-03-10_00-43-45,475fd83e-552e-46e6-93ab-f61ef091be89'
ptd-server 2021-03-10 00:43:45,883 [INFO] Got command from the client 'time'
ptd-server 2021-03-10 00:43:45,883 [INFO] Sending reply to client '1615337025.883752'
ptd-server 2021-03-10 00:43:45,887 [INFO] Got command from the client 'session,2021-03-10_00-43-45,start,ranging'
ptd-server 2021-03-10 00:43:45,887 [INFO] Running PTDaemon: ['/home/anton/projects/mlperf/power/inference_v1.0/ptd-linux-x86', '-l', 'ptd.log', '-p', '8888', '52', '/dev/usbtmc0']
ptd-server 2021-03-10 00:44:03,060 [INFO] Sending to ptd: 'Hello'
ptd-server 2021-03-10 00:44:03,061 [INFO] Reply from ptd: 'Hello, PTDaemon here!'
ptd-server 2021-03-10 00:44:03,061 [INFO] Sending to ptd: 'Identify'
ptd-server 2021-03-10 00:44:03,061 [INFO] Reply from ptd: 'YokogawaWT330E,1000,1,1,1,1,0,0,1,version=1.9.2-e8c7a49a-20201208,OS=Linux 5.8.0-43-generic #49~20.04.1-Ubuntu SMP Fri Feb 5 09:57:56 UTC 2021 x86_64,mode=power,1,1,1,0,0,no_cal_date,YOKOGAWA;WT333E;C3VD30030E;F1.04'
ptd-server 2021-03-10 00:44:03,061 [INFO] Connected to PTDaemon
ptd-server 2021-03-10 00:44:03,062 [INFO] Sending to ptd: 'RR'
ptd-server 2021-03-10 00:44:03,062 [INFO] Reply from ptd: 'Ranges,0,0.500000,0,300.000000'
ptd-server 2021-03-10 00:44:03,062 [INFO] Initial range for Amps is 0.500000 for Volts is 300.000000
ptd-server 2021-03-10 00:44:03,062 [INFO] Sending to ptd: 'SR,V,Auto'
ptd-server 2021-03-10 00:44:03,565 [INFO] Reply from ptd: 'Range V changed'
ptd-server 2021-03-10 00:44:03,565 [INFO] Sending to ptd: 'SR,A,Auto'
ptd-server 2021-03-10 00:44:04,067 [INFO] Reply from ptd: 'Range A changed'
ptd-server 2021-03-10 00:44:14,078 [INFO] Starting ranging mode
ptd-server 2021-03-10 00:44:14,078 [INFO] Sending to ptd: 'Go,1000,0,2021-03-10_00-43-45_ranging'
ptd-server 2021-03-10 00:44:14,078 [INFO] Reply from ptd: 'Starting untimed measurement, maximum 500000 samples at 1000ms with 0 rampup samples'
ptd-server 2021-03-10 00:44:14,078 [INFO] Sending reply to client 'OK'
ptd-server 2021-03-10 00:54:29,737 [INFO] Got command from the client 'session,2021-03-10_00-43-45,stop,ranging'
ptd-server 2021-03-10 00:54:39,747 [INFO] Sending to ptd: 'Stop'
ptd-server 2021-03-10 00:54:39,748 [INFO] Reply from ptd: 'Stopping untimed measurement'
ptd-server 2021-03-10 00:54:40,556 [INFO] Sending reply to client 'OK'
ptd-server 2021-03-10 00:54:40,611 [INFO] Got command from the client 'time'
ptd-server 2021-03-10 00:54:40,611 [INFO] Sending reply to client '1615337680.6119225'
ptd-server 2021-03-10 00:54:40,613 [INFO] Got command from the client 'session,2021-03-10_00-43-45,start,testing'
ptd-server 2021-03-10 00:54:40,613 [INFO] Sending to ptd: 'SR,V,247.260000'
ptd-server 2021-03-10 00:54:42,114 [INFO] Reply from ptd: 'Range V changed'
ptd-server 2021-03-10 00:54:42,114 [INFO] Sending to ptd: 'SR,A,0.168220'
ptd-server 2021-03-10 00:54:43,616 [INFO] Reply from ptd: 'Range A changed'
ptd-server 2021-03-10 00:54:53,626 [INFO] Starting testing mode
ptd-server 2021-03-10 00:54:53,626 [INFO] Sending to ptd: 'Go,1000,0,2021-03-10_00-43-45_testing'
ptd-server 2021-03-10 00:54:53,627 [INFO] Reply from ptd: 'Starting untimed measurement, maximum 500000 samples at 1000ms with 0 rampup samples'
ptd-server 2021-03-10 00:54:53,627 [INFO] Sending reply to client 'OK'
ptd-server 2021-03-10 01:05:11,623 [INFO] Got command from the client 'session,2021-03-10_00-43-45,stop,testing'
ptd-server 2021-03-10 01:05:21,627 [INFO] Sending to ptd: 'Stop'
ptd-server 2021-03-10 01:05:21,627 [INFO] Reply from ptd: 'Stopping untimed measurement'
ptd-server 2021-03-10 01:05:22,046 [INFO] Sending reply to client 'OK'
ptd-server 2021-03-10 01:05:22,056 [INFO] Got command from the client 'session,2021-03-10_00-43-45,upload,client.log'
ptd-server 2021-03-10 01:05:22,057 [INFO] Received '/home/anton/projects/mlperf/power-dev/output/2021-03-10_00-43-45client.log.tmp'
ptd-server 2021-03-10 01:05:22,058 [INFO] Removed '/home/anton/projects/mlperf/power-dev/output/2021-03-10_00-43-45client.log.tmp'
ptd-server 2021-03-10 01:05:22,058 [INFO] Sending reply to client 'OK'
ptd-server 2021-03-10 01:05:22,064 [INFO] Got command from the client 'session,2021-03-10_00-43-45,upload,client.json'
ptd-server 2021-03-10 01:05:22,065 [INFO] Received '/home/anton/projects/mlperf/power-dev/output/2021-03-10_00-43-45client.json.tmp'
ptd-server 2021-03-10 01:05:22,065 [INFO] Removed '/home/anton/projects/mlperf/power-dev/output/2021-03-10_00-43-45client.json.tmp'
ptd-server 2021-03-10 01:05:22,065 [INFO] Sending reply to client 'OK'
ptd-server 2021-03-10 01:05:22,066 [INFO] Got command from the client 'session,2021-03-10_00-43-45,done'
ptd-server 2021-03-10 01:05:22,066 [INFO] Sending to ptd: 'Stop'
ptd-server 2021-03-10 01:05:22,628 [INFO] Reply from ptd: 'Error: no measurement to stop'
ptd-server 2021-03-10 01:05:22,628 [INFO] Sending to ptd: 'SR,V,300.000000'
ptd-server 2021-03-10 01:05:24,129 [INFO] Reply from ptd: 'Range V changed'
ptd-server 2021-03-10 01:05:24,129 [INFO] Sending to ptd: 'SR,A,0.500000'
ptd-server 2021-03-10 01:05:25,631 [INFO] Reply from ptd: 'Range A changed'
ptd-server 2021-03-10 01:05:25,631 [INFO] Set initial values for Amps 0.500000 and Volts 300.000000
ptd-server 2021-03-10 01:05:25,631 [INFO] Stopping ptd...
