ptd-server 2021-02-28 09:34:14,381 [INFO] Got command from the client 'time'
ptd-server 2021-02-28 09:34:14,381 [INFO] Sending reply to client '1614504854.381323'
ptd-server 2021-02-28 09:34:14,382 [INFO] Got command from the client 'new,,c27895e0-e311-4568-ad86-56575f15a226'
ptd-server 2021-02-28 09:34:14,383 [INFO] Sending reply to client 'OK 2021-02-28_09-34-14,1b853e3b-7dd1-4f28-ab1e-186d7c3d4d81'
ptd-server 2021-02-28 09:34:14,411 [INFO] Got command from the client 'time'
ptd-server 2021-02-28 09:34:14,411 [INFO] Sending reply to client '1614504854.4114256'
ptd-server 2021-02-28 09:34:14,412 [INFO] Got command from the client 'session,2021-02-28_09-34-14,start,ranging'
ptd-server 2021-02-28 09:34:14,412 [INFO] Running PTDaemon: ['/home/anton/projects/mlperf/power/inference_v1.0/ptd-linux-x86', '-l', 'ptd.log', '-p', '8888', '52', '/dev/usbtmc0']
ptd-server 2021-02-28 09:34:31,581 [INFO] Sending to ptd: 'Hello'
ptd-server 2021-02-28 09:34:31,582 [INFO] Reply from ptd: 'Hello, PTDaemon here!'
ptd-server 2021-02-28 09:34:31,582 [INFO] Sending to ptd: 'Identify'
ptd-server 2021-02-28 09:34:31,582 [INFO] Reply from ptd: 'YokogawaWT330E,1000,1,1,1,1,0,0,1,version=1.9.2-e8c7a49a-20201208,OS=Linux 5.8.0-43-generic #49~20.04.1-Ubuntu SMP Fri Feb 5 09:57:56 UTC 2021 x86_64,mode=power,1,1,1,0,0,no_cal_date,YOKOGAWA;WT333E;C3VD30030E;F1.04'
ptd-server 2021-02-28 09:34:31,583 [INFO] Connected to PTDaemon
ptd-server 2021-02-28 09:34:31,583 [INFO] Sending to ptd: 'RR'
ptd-server 2021-02-28 09:34:31,583 [INFO] Reply from ptd: 'Ranges,0,0.500000,0,300.000000'
ptd-server 2021-02-28 09:34:31,583 [INFO] Initial range for Amps is 0.500000 for Volts is 300.000000
ptd-server 2021-02-28 09:34:31,583 [INFO] Sending to ptd: 'SR,V,Auto'
ptd-server 2021-02-28 09:34:32,086 [INFO] Reply from ptd: 'Range V changed'
ptd-server 2021-02-28 09:34:32,086 [INFO] Sending to ptd: 'SR,A,Auto'
ptd-server 2021-02-28 09:34:32,588 [INFO] Reply from ptd: 'Range A changed'
ptd-server 2021-02-28 09:34:42,599 [INFO] Starting ranging mode
ptd-server 2021-02-28 09:34:42,599 [INFO] Sending to ptd: 'Go,1000,0,2021-02-28_09-34-14_ranging'
ptd-server 2021-02-28 09:34:42,599 [INFO] Reply from ptd: 'Starting untimed measurement, maximum 500000 samples at 1000ms with 0 rampup samples'
ptd-server 2021-02-28 09:34:42,599 [INFO] Sending reply to client 'OK'
ptd-server 2021-02-28 09:45:01,199 [INFO] Got command from the client 'session,2021-02-28_09-34-14,stop,ranging'
ptd-server 2021-02-28 09:45:11,210 [INFO] Sending to ptd: 'Stop'
ptd-server 2021-02-28 09:45:11,210 [INFO] Reply from ptd: 'Stopping untimed measurement'
ptd-server 2021-02-28 09:45:11,403 [INFO] Sending reply to client 'OK'
ptd-server 2021-02-28 09:45:11,447 [INFO] Got command from the client 'time'
ptd-server 2021-02-28 09:45:11,447 [INFO] Sending reply to client '1614505511.4474823'
ptd-server 2021-02-28 09:45:11,448 [INFO] Got command from the client 'session,2021-02-28_09-34-14,start,testing'
ptd-server 2021-02-28 09:45:11,448 [INFO] Sending to ptd: 'SR,V,251.030000'
ptd-server 2021-02-28 09:45:13,100 [INFO] Reply from ptd: 'Range V changed'
ptd-server 2021-02-28 09:45:13,100 [INFO] Sending to ptd: 'SR,A,0.210800'
ptd-server 2021-02-28 09:45:14,602 [INFO] Reply from ptd: 'Range A changed'
ptd-server 2021-02-28 09:45:24,612 [INFO] Starting testing mode
ptd-server 2021-02-28 09:45:24,612 [INFO] Sending to ptd: 'Go,1000,0,2021-02-28_09-34-14_testing'
ptd-server 2021-02-28 09:45:24,613 [INFO] Reply from ptd: 'Starting untimed measurement, maximum 500000 samples at 1000ms with 0 rampup samples'
ptd-server 2021-02-28 09:45:24,613 [INFO] Sending reply to client 'OK'
ptd-server 2021-02-28 09:55:43,194 [INFO] Got command from the client 'session,2021-02-28_09-34-14,stop,testing'
ptd-server 2021-02-28 09:55:53,205 [INFO] Sending to ptd: 'Stop'
ptd-server 2021-02-28 09:55:53,205 [INFO] Reply from ptd: 'Stopping untimed measurement'
ptd-server 2021-02-28 09:55:53,316 [INFO] Sending reply to client 'OK'
ptd-server 2021-02-28 09:55:53,319 [INFO] Got command from the client 'session,2021-02-28_09-34-14,upload,client.log'
ptd-server 2021-02-28 09:55:53,320 [INFO] Received '/home/anton/projects/mlperf/power-dev/output/2021-02-28_09-34-14client.log.tmp'
ptd-server 2021-02-28 09:55:53,320 [INFO] Removed '/home/anton/projects/mlperf/power-dev/output/2021-02-28_09-34-14client.log.tmp'
ptd-server 2021-02-28 09:55:53,320 [INFO] Sending reply to client 'OK'
ptd-server 2021-02-28 09:55:53,324 [INFO] Got command from the client 'session,2021-02-28_09-34-14,upload,client.json'
ptd-server 2021-02-28 09:55:53,324 [INFO] Received '/home/anton/projects/mlperf/power-dev/output/2021-02-28_09-34-14client.json.tmp'
ptd-server 2021-02-28 09:55:53,325 [INFO] Removed '/home/anton/projects/mlperf/power-dev/output/2021-02-28_09-34-14client.json.tmp'
ptd-server 2021-02-28 09:55:53,325 [INFO] Sending reply to client 'OK'
ptd-server 2021-02-28 09:55:53,326 [INFO] Got command from the client 'session,2021-02-28_09-34-14,done'
ptd-server 2021-02-28 09:55:53,326 [INFO] Sending to ptd: 'Stop'
ptd-server 2021-02-28 09:55:53,613 [INFO] Reply from ptd: 'Error: no measurement to stop'
ptd-server 2021-02-28 09:55:53,613 [INFO] Sending to ptd: 'SR,V,300.000000'
ptd-server 2021-02-28 09:55:55,115 [INFO] Reply from ptd: 'Range V changed'
ptd-server 2021-02-28 09:55:55,115 [INFO] Sending to ptd: 'SR,A,0.500000'
ptd-server 2021-02-28 09:55:56,616 [INFO] Reply from ptd: 'Range A changed'
ptd-server 2021-02-28 09:55:56,616 [INFO] Set initial values for Amps 0.500000 and Volts 300.000000
ptd-server 2021-02-28 09:55:56,617 [INFO] Stopping ptd...
