ptd-server 2021-03-09 04:00:54,695 [INFO] Got command from the client 'time'
ptd-server 2021-03-09 04:00:54,695 [INFO] Sending reply to client '1615262454.6958594'
ptd-server 2021-03-09 04:00:54,697 [INFO] Got command from the client 'new,,fe9ce27a-39dd-4473-ad5f-c0350151a0d4'
ptd-server 2021-03-09 04:00:54,697 [INFO] Sending reply to client 'OK 2021-03-09_04-00-54,3c88ca0c-2bca-4d79-b701-64e890b2c6bf'
ptd-server 2021-03-09 04:00:54,736 [INFO] Got command from the client 'time'
ptd-server 2021-03-09 04:00:54,736 [INFO] Sending reply to client '1615262454.7367647'
ptd-server 2021-03-09 04:00:54,738 [INFO] Got command from the client 'session,2021-03-09_04-00-54,start,ranging'
ptd-server 2021-03-09 04:00:54,738 [INFO] Running PTDaemon: ['/home/anton/projects/mlperf/power/inference_v1.0/ptd-linux-x86', '-l', 'ptd.log', '-p', '8888', '52', '/dev/usbtmc0']
ptd-server 2021-03-09 04:01:11,910 [INFO] Sending to ptd: 'Hello'
ptd-server 2021-03-09 04:01:11,911 [INFO] Reply from ptd: 'Hello, PTDaemon here!'
ptd-server 2021-03-09 04:01:11,911 [INFO] Sending to ptd: 'Identify'
ptd-server 2021-03-09 04:01:11,911 [INFO] Reply from ptd: 'YokogawaWT330E,1000,1,1,1,1,0,0,1,version=1.9.2-e8c7a49a-20201208,OS=Linux 5.8.0-43-generic #49~20.04.1-Ubuntu SMP Fri Feb 5 09:57:56 UTC 2021 x86_64,mode=power,1,1,1,0,0,no_cal_date,YOKOGAWA;WT333E;C3VD30030E;F1.04'
ptd-server 2021-03-09 04:01:11,911 [INFO] Connected to PTDaemon
ptd-server 2021-03-09 04:01:11,911 [INFO] Sending to ptd: 'RR'
ptd-server 2021-03-09 04:01:11,912 [INFO] Reply from ptd: 'Ranges,0,0.500000,0,300.000000'
ptd-server 2021-03-09 04:01:11,912 [INFO] Initial range for Amps is 0.500000 for Volts is 300.000000
ptd-server 2021-03-09 04:01:11,912 [INFO] Sending to ptd: 'SR,V,Auto'
ptd-server 2021-03-09 04:01:12,414 [INFO] Reply from ptd: 'Range V changed'
ptd-server 2021-03-09 04:01:12,415 [INFO] Sending to ptd: 'SR,A,Auto'
ptd-server 2021-03-09 04:01:12,917 [INFO] Reply from ptd: 'Range A changed'
ptd-server 2021-03-09 04:01:22,927 [INFO] Starting ranging mode
ptd-server 2021-03-09 04:01:22,928 [INFO] Sending to ptd: 'Go,1000,0,2021-03-09_04-00-54_ranging'
ptd-server 2021-03-09 04:01:22,928 [INFO] Reply from ptd: 'Starting untimed measurement, maximum 500000 samples at 1000ms with 0 rampup samples'
ptd-server 2021-03-09 04:01:22,928 [INFO] Sending reply to client 'OK'
ptd-server 2021-03-09 04:11:38,275 [INFO] Got command from the client 'session,2021-03-09_04-00-54,stop,ranging'
ptd-server 2021-03-09 04:11:48,286 [INFO] Sending to ptd: 'Stop'
ptd-server 2021-03-09 04:11:48,286 [INFO] Reply from ptd: 'Stopping untimed measurement'
ptd-server 2021-03-09 04:11:48,982 [INFO] Sending reply to client 'OK'
ptd-server 2021-03-09 04:11:49,025 [INFO] Got command from the client 'time'
ptd-server 2021-03-09 04:11:49,025 [INFO] Sending reply to client '1615263109.025332'
ptd-server 2021-03-09 04:11:49,027 [INFO] Got command from the client 'session,2021-03-09_04-00-54,start,testing'
ptd-server 2021-03-09 04:11:49,027 [INFO] Sending to ptd: 'SR,V,249.750000'
ptd-server 2021-03-09 04:11:50,529 [INFO] Reply from ptd: 'Range V changed'
ptd-server 2021-03-09 04:11:50,529 [INFO] Sending to ptd: 'SR,A,0.157420'
ptd-server 2021-03-09 04:11:52,030 [INFO] Reply from ptd: 'Range A changed'
ptd-server 2021-03-09 04:12:02,040 [INFO] Starting testing mode
ptd-server 2021-03-09 04:12:02,041 [INFO] Sending to ptd: 'Go,1000,0,2021-03-09_04-00-54_testing'
ptd-server 2021-03-09 04:12:02,041 [INFO] Reply from ptd: 'Starting untimed measurement, maximum 500000 samples at 1000ms with 0 rampup samples'
ptd-server 2021-03-09 04:12:02,041 [INFO] Sending reply to client 'OK'
ptd-server 2021-03-09 04:22:17,361 [INFO] Got command from the client 'session,2021-03-09_04-00-54,stop,testing'
ptd-server 2021-03-09 04:22:27,372 [INFO] Sending to ptd: 'Stop'
ptd-server 2021-03-09 04:22:27,372 [INFO] Reply from ptd: 'Stopping untimed measurement'
ptd-server 2021-03-09 04:22:27,727 [INFO] Sending reply to client 'OK'
ptd-server 2021-03-09 04:22:27,736 [INFO] Got command from the client 'session,2021-03-09_04-00-54,upload,client.log'
ptd-server 2021-03-09 04:22:27,737 [INFO] Received '/home/anton/projects/mlperf/power-dev/output/2021-03-09_04-00-54client.log.tmp'
ptd-server 2021-03-09 04:22:27,738 [INFO] Removed '/home/anton/projects/mlperf/power-dev/output/2021-03-09_04-00-54client.log.tmp'
ptd-server 2021-03-09 04:22:27,738 [INFO] Sending reply to client 'OK'
ptd-server 2021-03-09 04:22:27,745 [INFO] Got command from the client 'session,2021-03-09_04-00-54,upload,client.json'
ptd-server 2021-03-09 04:22:27,745 [INFO] Received '/home/anton/projects/mlperf/power-dev/output/2021-03-09_04-00-54client.json.tmp'
ptd-server 2021-03-09 04:22:27,746 [INFO] Removed '/home/anton/projects/mlperf/power-dev/output/2021-03-09_04-00-54client.json.tmp'
ptd-server 2021-03-09 04:22:27,746 [INFO] Sending reply to client 'OK'
ptd-server 2021-03-09 04:22:27,747 [INFO] Got command from the client 'session,2021-03-09_04-00-54,done'
ptd-server 2021-03-09 04:22:27,747 [INFO] Sending to ptd: 'Stop'
ptd-server 2021-03-09 04:22:28,041 [INFO] Reply from ptd: 'Error: no measurement to stop'
ptd-server 2021-03-09 04:22:28,041 [INFO] Sending to ptd: 'SR,V,300.000000'
ptd-server 2021-03-09 04:22:29,543 [INFO] Reply from ptd: 'Range V changed'
ptd-server 2021-03-09 04:22:29,543 [INFO] Sending to ptd: 'SR,A,0.500000'
ptd-server 2021-03-09 04:22:31,044 [INFO] Reply from ptd: 'Range A changed'
ptd-server 2021-03-09 04:22:31,044 [INFO] Set initial values for Amps 0.500000 and Volts 300.000000
ptd-server 2021-03-09 04:22:31,044 [INFO] Stopping ptd...
