ptd-server 2021-03-07 21:18:36,361 [INFO] Got command from the client 'time'
ptd-server 2021-03-07 21:18:36,361 [INFO] Sending reply to client '1615151916.3617918'
ptd-server 2021-03-07 21:18:36,365 [INFO] Got command from the client 'new,,bcb99c67-5e67-4455-bb5d-6562aeda28f0'
ptd-server 2021-03-07 21:18:36,365 [INFO] Sending reply to client 'OK 2021-03-07_21-18-36,e63c5146-7948-4bd5-88fb-e2e2b94c0990'
ptd-server 2021-03-07 21:18:36,405 [INFO] Got command from the client 'time'
ptd-server 2021-03-07 21:18:36,405 [INFO] Sending reply to client '1615151916.4058444'
ptd-server 2021-03-07 21:18:36,410 [INFO] Got command from the client 'session,2021-03-07_21-18-36,start,ranging'
ptd-server 2021-03-07 21:18:36,410 [INFO] Running PTDaemon: ['/home/anton/projects/mlperf/power/inference_v1.0/ptd-linux-x86', '-l', 'ptd.log', '-p', '8888', '52', '/dev/usbtmc0']
ptd-server 2021-03-07 21:18:53,583 [INFO] Sending to ptd: 'Hello'
ptd-server 2021-03-07 21:18:53,584 [INFO] Reply from ptd: 'Hello, PTDaemon here!'
ptd-server 2021-03-07 21:18:53,584 [INFO] Sending to ptd: 'Identify'
ptd-server 2021-03-07 21:18:53,584 [INFO] Reply from ptd: 'YokogawaWT330E,1000,1,1,1,1,0,0,1,version=1.9.2-e8c7a49a-20201208,OS=Linux 5.8.0-43-generic #49~20.04.1-Ubuntu SMP Fri Feb 5 09:57:56 UTC 2021 x86_64,mode=power,1,1,1,0,0,no_cal_date,YOKOGAWA;WT333E;C3VD30030E;F1.04'
ptd-server 2021-03-07 21:18:53,584 [INFO] Connected to PTDaemon
ptd-server 2021-03-07 21:18:53,584 [INFO] Sending to ptd: 'RR'
ptd-server 2021-03-07 21:18:53,585 [INFO] Reply from ptd: 'Ranges,0,0.500000,0,300.000000'
ptd-server 2021-03-07 21:18:53,585 [INFO] Initial range for Amps is 0.500000 for Volts is 300.000000
ptd-server 2021-03-07 21:18:53,585 [INFO] Sending to ptd: 'SR,V,Auto'
ptd-server 2021-03-07 21:18:54,087 [INFO] Reply from ptd: 'Range V changed'
ptd-server 2021-03-07 21:18:54,088 [INFO] Sending to ptd: 'SR,A,Auto'
ptd-server 2021-03-07 21:18:54,590 [INFO] Reply from ptd: 'Range A changed'
ptd-server 2021-03-07 21:19:04,600 [INFO] Starting ranging mode
ptd-server 2021-03-07 21:19:04,601 [INFO] Sending to ptd: 'Go,1000,0,2021-03-07_21-18-36_ranging'
ptd-server 2021-03-07 21:19:04,601 [INFO] Reply from ptd: 'Starting untimed measurement, maximum 500000 samples at 1000ms with 0 rampup samples'
ptd-server 2021-03-07 21:19:04,601 [INFO] Sending reply to client 'OK'
ptd-server 2021-03-07 21:29:29,460 [INFO] Got command from the client 'session,2021-03-07_21-18-36,stop,ranging'
ptd-server 2021-03-07 21:29:39,470 [INFO] Sending to ptd: 'Stop'
ptd-server 2021-03-07 21:29:39,471 [INFO] Reply from ptd: 'Stopping untimed measurement'
ptd-server 2021-03-07 21:29:40,060 [INFO] Sending reply to client 'OK'
ptd-server 2021-03-07 21:29:40,119 [INFO] Got command from the client 'time'
ptd-server 2021-03-07 21:29:40,119 [INFO] Sending reply to client '1615152580.1192768'
ptd-server 2021-03-07 21:29:40,123 [INFO] Got command from the client 'session,2021-03-07_21-18-36,start,testing'
ptd-server 2021-03-07 21:29:40,123 [INFO] Sending to ptd: 'SR,V,251.720000'
ptd-server 2021-03-07 21:29:41,625 [INFO] Reply from ptd: 'Range V changed'
ptd-server 2021-03-07 21:29:41,625 [INFO] Sending to ptd: 'SR,A,0.053060'
ptd-server 2021-03-07 21:29:43,126 [INFO] Reply from ptd: 'Range A changed'
ptd-server 2021-03-07 21:29:53,137 [INFO] Starting testing mode
ptd-server 2021-03-07 21:29:53,137 [INFO] Sending to ptd: 'Go,1000,0,2021-03-07_21-18-36_testing'
ptd-server 2021-03-07 21:29:53,137 [INFO] Reply from ptd: 'Starting untimed measurement, maximum 500000 samples at 1000ms with 0 rampup samples'
ptd-server 2021-03-07 21:29:53,137 [INFO] Sending reply to client 'OK'
ptd-server 2021-03-07 21:40:22,829 [INFO] Got command from the client 'session,2021-03-07_21-18-36,stop,testing'
ptd-server 2021-03-07 21:40:32,840 [INFO] Sending to ptd: 'Stop'
ptd-server 2021-03-07 21:40:32,840 [INFO] Reply from ptd: 'Stopping untimed measurement'
ptd-server 2021-03-07 21:40:33,143 [INFO] Sending reply to client 'OK'
ptd-server 2021-03-07 21:40:33,151 [INFO] Got command from the client 'session,2021-03-07_21-18-36,upload,client.log'
ptd-server 2021-03-07 21:40:33,155 [INFO] Received '/home/anton/projects/mlperf/power-dev/output/2021-03-07_21-18-36client.log.tmp'
ptd-server 2021-03-07 21:40:33,155 [INFO] Removed '/home/anton/projects/mlperf/power-dev/output/2021-03-07_21-18-36client.log.tmp'
ptd-server 2021-03-07 21:40:33,155 [INFO] Sending reply to client 'OK'
ptd-server 2021-03-07 21:40:33,167 [INFO] Got command from the client 'session,2021-03-07_21-18-36,upload,client.json'
ptd-server 2021-03-07 21:40:33,170 [INFO] Received '/home/anton/projects/mlperf/power-dev/output/2021-03-07_21-18-36client.json.tmp'
ptd-server 2021-03-07 21:40:33,171 [INFO] Removed '/home/anton/projects/mlperf/power-dev/output/2021-03-07_21-18-36client.json.tmp'
ptd-server 2021-03-07 21:40:33,171 [INFO] Sending reply to client 'OK'
ptd-server 2021-03-07 21:40:33,174 [INFO] Got command from the client 'session,2021-03-07_21-18-36,done'
ptd-server 2021-03-07 21:40:33,174 [INFO] Sending to ptd: 'Stop'
ptd-server 2021-03-07 21:40:33,175 [INFO] Reply from ptd: 'Error: no measurement to stop'
ptd-server 2021-03-07 21:40:33,175 [INFO] Sending to ptd: 'SR,V,300.000000'
ptd-server 2021-03-07 21:40:34,676 [INFO] Reply from ptd: 'Range V changed'
ptd-server 2021-03-07 21:40:34,677 [INFO] Sending to ptd: 'SR,A,0.500000'
ptd-server 2021-03-07 21:40:36,178 [INFO] Reply from ptd: 'Range A changed'
ptd-server 2021-03-07 21:40:36,178 [INFO] Set initial values for Amps 0.500000 and Volts 300.000000
ptd-server 2021-03-07 21:40:36,178 [INFO] Stopping ptd...
