
Running Server accuracy
model.dpuv4e
/home/web/aaronn/val_dataset
--mode AccuracyOnly --scenario Server --num_samples 50000 --max_async_queries 200 --qps 5920 --min_time 600000
loading xclbin: /home/web/aaronn/03-21-dell-amd-mlperf.gaoyue/rt-engine/v4e_8pe_375MHz_333MHz_xilinx_vck5000-es1_gen3x16_2_202020_1_67ffac7_Mar11Thu1637.xclbin
done loading xclbin
loading xclbin: /home/web/aaronn/03-21-dell-amd-mlperf.gaoyue/rt-engine/v4e_8pe_375MHz_333MHz_xilinx_vck5000-es1_gen3x16_2_202020_1_67ffac7_Mar11Thu1637.xclbin
done loading xclbin
Query count: 270336
Sample count: 50000
Target QPS: 5920
Start loadgen
Loaded samples: 50000
accuracy=75.948%, good=37974, total=50000

Running Server performance #1
model.dpuv4e
/home/web/aaronn/val_dataset
--mode PerformanceOnly --scenario Server --num_samples 1024 --max_async_queries 200 --qps 5920 --min_time 600000
loading xclbin: /home/web/aaronn/03-21-dell-amd-mlperf.gaoyue/rt-engine/v4e_8pe_375MHz_333MHz_xilinx_vck5000-es1_gen3x16_2_202020_1_67ffac7_Mar11Thu1637.xclbin
done loading xclbin
loading xclbin: /home/web/aaronn/03-21-dell-amd-mlperf.gaoyue/rt-engine/v4e_8pe_375MHz_333MHz_xilinx_vck5000-es1_gen3x16_2_202020_1_67ffac7_Mar11Thu1637.xclbin
done loading xclbin
Query count: 270336
Sample count: 1024
Target QPS: 5920
Start loadgen
Loaded samples: 1024

Running Server performance #2
model.dpuv4e
/home/web/aaronn/val_dataset
--mode PerformanceOnly --scenario Server --num_samples 1024 --max_async_queries 200 --qps 5920 --min_time 600000
loading xclbin: /home/web/aaronn/03-21-dell-amd-mlperf.gaoyue/rt-engine/v4e_8pe_375MHz_333MHz_xilinx_vck5000-es1_gen3x16_2_202020_1_67ffac7_Mar11Thu1637.xclbin
done loading xclbin
loading xclbin: /home/web/aaronn/03-21-dell-amd-mlperf.gaoyue/rt-engine/v4e_8pe_375MHz_333MHz_xilinx_vck5000-es1_gen3x16_2_202020_1_67ffac7_Mar11Thu1637.xclbin
done loading xclbin
Query count: 270336
Sample count: 1024
Target QPS: 5920
Start loadgen
Loaded samples: 1024

Running Server performance #3
model.dpuv4e
/home/web/aaronn/val_dataset
--mode PerformanceOnly --scenario Server --num_samples 1024 --max_async_queries 200 --qps 5920 --min_time 600000
loading xclbin: /home/web/aaronn/03-21-dell-amd-mlperf.gaoyue/rt-engine/v4e_8pe_375MHz_333MHz_xilinx_vck5000-es1_gen3x16_2_202020_1_67ffac7_Mar11Thu1637.xclbin
done loading xclbin
loading xclbin: /home/web/aaronn/03-21-dell-amd-mlperf.gaoyue/rt-engine/v4e_8pe_375MHz_333MHz_xilinx_vck5000-es1_gen3x16_2_202020_1_67ffac7_Mar11Thu1637.xclbin
done loading xclbin
Query count: 270336
Sample count: 1024
Target QPS: 5920
Start loadgen
Loaded samples: 1024

Running Server performance #4
model.dpuv4e
/home/web/aaronn/val_dataset
--mode PerformanceOnly --scenario Server --num_samples 1024 --max_async_queries 200 --qps 5920 --min_time 600000
loading xclbin: /home/web/aaronn/03-21-dell-amd-mlperf.gaoyue/rt-engine/v4e_8pe_375MHz_333MHz_xilinx_vck5000-es1_gen3x16_2_202020_1_67ffac7_Mar11Thu1637.xclbin
done loading xclbin
loading xclbin: /home/web/aaronn/03-21-dell-amd-mlperf.gaoyue/rt-engine/v4e_8pe_375MHz_333MHz_xilinx_vck5000-es1_gen3x16_2_202020_1_67ffac7_Mar11Thu1637.xclbin
done loading xclbin
Query count: 270336
Sample count: 1024
Target QPS: 5920
Start loadgen
Loaded samples: 1024

Running Server performance #5
model.dpuv4e
/home/web/aaronn/val_dataset
--mode PerformanceOnly --scenario Server --num_samples 1024 --max_async_queries 200 --qps 5920 --min_time 600000
loading xclbin: /home/web/aaronn/03-21-dell-amd-mlperf.gaoyue/rt-engine/v4e_8pe_375MHz_333MHz_xilinx_vck5000-es1_gen3x16_2_202020_1_67ffac7_Mar11Thu1637.xclbin
done loading xclbin
loading xclbin: /home/web/aaronn/03-21-dell-amd-mlperf.gaoyue/rt-engine/v4e_8pe_375MHz_333MHz_xilinx_vck5000-es1_gen3x16_2_202020_1_67ffac7_Mar11Thu1637.xclbin
done loading xclbin
Query count: 270336
Sample count: 1024
Target QPS: 5920
Start loadgen
Loaded samples: 1024

Running Server TEST01 compliance
model.dpuv4e
/home/web/aaronn/val_dataset
--mode PerformanceOnly --scenario Server --num_samples 1024 --max_async_queries 200 --qps 5920 --min_time 600000
loading xclbin: /home/web/aaronn/03-21-dell-amd-mlperf.gaoyue/rt-engine/v4e_8pe_375MHz_333MHz_xilinx_vck5000-es1_gen3x16_2_202020_1_67ffac7_Mar11Thu1637.xclbin
done loading xclbin
loading xclbin: /home/web/aaronn/03-21-dell-amd-mlperf.gaoyue/rt-engine/v4e_8pe_375MHz_333MHz_xilinx_vck5000-es1_gen3x16_2_202020_1_67ffac7_Mar11Thu1637.xclbin
done loading xclbin
Query count: 270336
Sample count: 1024
Target QPS: 5920
Start loadgen
Loaded samples: 1024
Verifying accuracy. This might take a while...
Reading accuracy mode results...
Reading performance mode results...
num_acc_log_entries = 50000
num_acc_log_duplicate_keys = 0
num_acc_log_data_mismatch = 0
num_perf_log_entries = 4089
num_perf_log_qsl_idx_match = 4089
num_perf_log_data_mismatch = 0
num_missing_qsl_idxs = 0
TEST PASS

Verifying performance.
reference score = 5921.31
test score = 5921.31
TEST PASS
Parsing arguments.
python3 ../mlperf-inference/compliance/nvidia/TEST01/verify_performance.py -r results/dpuv4e/resnet50/Server/performance/run_1/mlperf_log_summary.txt -t compliance/dpuv4e/resnet50/Server/TEST01/performance/mlperf_log_summary.txt | tee verify_performance.txt
Accuracy check pass: True
Performance check pass: True
TEST01 verification complete

Running Server TEST04 compliance
model.dpuv4e
/home/web/aaronn/val_dataset
--mode PerformanceOnly --scenario Server --num_samples 1024 --max_async_queries 200 --qps 5920 --min_time 600000
loading xclbin: /home/web/aaronn/03-21-dell-amd-mlperf.gaoyue/rt-engine/v4e_8pe_375MHz_333MHz_xilinx_vck5000-es1_gen3x16_2_202020_1_67ffac7_Mar11Thu1637.xclbin
done loading xclbin
loading xclbin: /home/web/aaronn/03-21-dell-amd-mlperf.gaoyue/rt-engine/v4e_8pe_375MHz_333MHz_xilinx_vck5000-es1_gen3x16_2_202020_1_67ffac7_Mar11Thu1637.xclbin
done loading xclbin
Query count: 270336
Sample count: 1024
Target QPS: 5920
Start loadgen
Loaded samples: 1024
model.dpuv4e
/home/web/aaronn/val_dataset
--mode PerformanceOnly --scenario Server --num_samples 1024 --max_async_queries 200 --qps 5920 --min_time 600000
loading xclbin: /home/web/aaronn/03-21-dell-amd-mlperf.gaoyue/rt-engine/v4e_8pe_375MHz_333MHz_xilinx_vck5000-es1_gen3x16_2_202020_1_67ffac7_Mar11Thu1637.xclbin
done loading xclbin
loading xclbin: /home/web/aaronn/03-21-dell-amd-mlperf.gaoyue/rt-engine/v4e_8pe_375MHz_333MHz_xilinx_vck5000-es1_gen3x16_2_202020_1_67ffac7_Mar11Thu1637.xclbin
done loading xclbin
Query count: 270336
Sample count: 1024
Target QPS: 5920
Start loadgen
Loaded samples: 1024
Verifying performance.
TEST04-A score = 5718.11
TEST04-B score = 5718.11
TEST PASS
Parsing arguments.
Performance check pass: True
TEST04 verification complete

Running Server TEST05 compliance
model.dpuv4e
/home/web/aaronn/val_dataset
--mode PerformanceOnly --scenario Server --num_samples 1024 --max_async_queries 200 --qps 5920 --min_time 600000
loading xclbin: /home/web/aaronn/03-21-dell-amd-mlperf.gaoyue/rt-engine/v4e_8pe_375MHz_333MHz_xilinx_vck5000-es1_gen3x16_2_202020_1_67ffac7_Mar11Thu1637.xclbin
done loading xclbin
loading xclbin: /home/web/aaronn/03-21-dell-amd-mlperf.gaoyue/rt-engine/v4e_8pe_375MHz_333MHz_xilinx_vck5000-es1_gen3x16_2_202020_1_67ffac7_Mar11Thu1637.xclbin
done loading xclbin
Query count: 270336
Sample count: 1024
Target QPS: 5920
Start loadgen
Loaded samples: 1024
Verifying performance.
reference score = 5921.31
test score = 5915.14
TEST PASS
Parsing arguments.
Performance check pass: True
TEST05 verification complete

Running Offline accuracy
model.dpuv4e
/home/web/aaronn/val_dataset
--mode AccuracyOnly --scenario Offline --num_samples 50000 --max_async_queries 200 --qps 6400 --min_time 600000
loading xclbin: /home/web/aaronn/03-21-dell-amd-mlperf.gaoyue/rt-engine/v4e_8pe_375MHz_333MHz_xilinx_vck5000-es1_gen3x16_2_202020_1_67ffac7_Mar11Thu1637.xclbin
done loading xclbin
loading xclbin: /home/web/aaronn/03-21-dell-amd-mlperf.gaoyue/rt-engine/v4e_8pe_375MHz_333MHz_xilinx_vck5000-es1_gen3x16_2_202020_1_67ffac7_Mar11Thu1637.xclbin
done loading xclbin
Query count: 270336
Sample count: 50000
Target QPS: 6400
Start loadgen
Loaded samples: 50000
accuracy=75.948%, good=37974, total=50000

Running Offline performance #1
model.dpuv4e
/home/web/aaronn/val_dataset
--mode PerformanceOnly --scenario Offline --num_samples 24576 --max_async_queries 200 --qps 6400 --min_time 600000
loading xclbin: /home/web/aaronn/03-21-dell-amd-mlperf.gaoyue/rt-engine/v4e_8pe_375MHz_333MHz_xilinx_vck5000-es1_gen3x16_2_202020_1_67ffac7_Mar11Thu1637.xclbin
done loading xclbin
loading xclbin: /home/web/aaronn/03-21-dell-amd-mlperf.gaoyue/rt-engine/v4e_8pe_375MHz_333MHz_xilinx_vck5000-es1_gen3x16_2_202020_1_67ffac7_Mar11Thu1637.xclbin
done loading xclbin
Query count: 270336
Sample count: 24576
Target QPS: 6400
Start loadgen
Loaded samples: 24576

Running Offline TEST01 compliance
model.dpuv4e
/home/web/aaronn/val_dataset
--mode PerformanceOnly --scenario Offline --num_samples 24576 --max_async_queries 200 --qps 6400 --min_time 600000
loading xclbin: /home/web/aaronn/03-21-dell-amd-mlperf.gaoyue/rt-engine/v4e_8pe_375MHz_333MHz_xilinx_vck5000-es1_gen3x16_2_202020_1_67ffac7_Mar11Thu1637.xclbin
done loading xclbin
loading xclbin: /home/web/aaronn/03-21-dell-amd-mlperf.gaoyue/rt-engine/v4e_8pe_375MHz_333MHz_xilinx_vck5000-es1_gen3x16_2_202020_1_67ffac7_Mar11Thu1637.xclbin
done loading xclbin
Query count: 270336
Sample count: 24576
Target QPS: 6400
Start loadgen
Loaded samples: 24576
Verifying accuracy. This might take a while...
Reading accuracy mode results...
Reading performance mode results...
num_acc_log_entries = 50000
num_acc_log_duplicate_keys = 0
num_acc_log_data_mismatch = 0
num_perf_log_entries = 4074
num_perf_log_qsl_idx_match = 4074
num_perf_log_data_mismatch = 0
num_missing_qsl_idxs = 0
TEST PASS

Verifying performance.
reference score = 6257.38
test score = 6257.81
TEST PASS
Parsing arguments.
python3 ../mlperf-inference/compliance/nvidia/TEST01/verify_performance.py -r results/dpuv4e/resnet50/Offline/performance/run_1/mlperf_log_summary.txt -t compliance/dpuv4e/resnet50/Offline/TEST01/performance/mlperf_log_summary.txt | tee verify_performance.txt
Accuracy check pass: True
Performance check pass: True
TEST01 verification complete

Running Offline TEST04 compliance
model.dpuv4e
/home/web/aaronn/val_dataset
--mode PerformanceOnly --scenario Offline --num_samples 24576 --max_async_queries 200 --qps 6400 --min_time 600000
loading xclbin: /home/web/aaronn/03-21-dell-amd-mlperf.gaoyue/rt-engine/v4e_8pe_375MHz_333MHz_xilinx_vck5000-es1_gen3x16_2_202020_1_67ffac7_Mar11Thu1637.xclbin
done loading xclbin
loading xclbin: /home/web/aaronn/03-21-dell-amd-mlperf.gaoyue/rt-engine/v4e_8pe_375MHz_333MHz_xilinx_vck5000-es1_gen3x16_2_202020_1_67ffac7_Mar11Thu1637.xclbin
done loading xclbin
Query count: 270336
Sample count: 24576
Target QPS: 6400
Start loadgen
Loaded samples: 24576
model.dpuv4e
/home/web/aaronn/val_dataset
--mode PerformanceOnly --scenario Offline --num_samples 24576 --max_async_queries 200 --qps 6400 --min_time 600000
loading xclbin: /home/web/aaronn/03-21-dell-amd-mlperf.gaoyue/rt-engine/v4e_8pe_375MHz_333MHz_xilinx_vck5000-es1_gen3x16_2_202020_1_67ffac7_Mar11Thu1637.xclbin
done loading xclbin
loading xclbin: /home/web/aaronn/03-21-dell-amd-mlperf.gaoyue/rt-engine/v4e_8pe_375MHz_333MHz_xilinx_vck5000-es1_gen3x16_2_202020_1_67ffac7_Mar11Thu1637.xclbin
done loading xclbin
Query count: 270336
Sample count: 24576
Target QPS: 6400
Start loadgen
Loaded samples: 24576
Verifying performance.
TEST04-A score = 6251.77
TEST04-B score = 6251.93
TEST PASS
Parsing arguments.
Performance check pass: True
TEST04 verification complete

Running Offline TEST05 compliance
model.dpuv4e
/home/web/aaronn/val_dataset
--mode PerformanceOnly --scenario Offline --num_samples 24576 --max_async_queries 200 --qps 6400 --min_time 600000
loading xclbin: /home/web/aaronn/03-21-dell-amd-mlperf.gaoyue/rt-engine/v4e_8pe_375MHz_333MHz_xilinx_vck5000-es1_gen3x16_2_202020_1_67ffac7_Mar11Thu1637.xclbin
done loading xclbin
loading xclbin: /home/web/aaronn/03-21-dell-amd-mlperf.gaoyue/rt-engine/v4e_8pe_375MHz_333MHz_xilinx_vck5000-es1_gen3x16_2_202020_1_67ffac7_Mar11Thu1637.xclbin
done loading xclbin
Query count: 270336
Sample count: 24576
Target QPS: 6400
Start loadgen
Loaded samples: 24576
Verifying performance.
reference score = 6257.38
test score = 6257.79
TEST PASS
Parsing arguments.
Performance check pass: True
TEST05 verification complete
