client 2021-03-18 21:57:18,405 [INFO] Sending command to the server: 'mlcommons/power client v3'
client 2021-03-18 21:57:18,406 [INFO] Got response: 'mlcommons/power server v3'
client 2021-03-18 21:57:18,406 [INFO] Synchronizing with the server and with 100.64.0.18...
client 2021-03-18 21:57:18,409 [INFO] NTP:offset = -0.000 s, delay = 0.001 s 
client 2021-03-18 21:57:18,409 [INFO] Sending command to the server: 'time'
client 2021-03-18 21:57:18,410 [INFO] Got response: '1616122638.0839005'
client 2021-03-18 21:57:18,410 [INFO] The time difference between the client and the server is within range 325.409 ms..327.016 ms
client 2021-03-18 21:57:18,410 [WARNING] The time difference between the client and the server is more than 200 ms
client 2021-03-18 21:57:18,410 [INFO] Sending command to the server: 'set_ntp'
client 2021-03-18 21:57:19,416 [INFO] Got response: 'OK'
client 2021-03-18 21:57:19,416 [INFO] Synchronizing with 100.64.0.18 time using NTP...
client 2021-03-18 21:57:26,523 [INFO] Set system time at 2021-03-18 21:57:26.523371
client 2021-03-18 21:57:26,525 [INFO] NTP:offset = -0.000 s, delay = 0.001 s 
client 2021-03-18 21:57:26,525 [INFO] Sending command to the server: 'time'
client 2021-03-18 21:57:26,528 [INFO] Got response: '1616122646.5227783'
client 2021-03-18 21:57:26,529 [INFO] The time difference between the client and the server is within range 3.098 ms..6.347 ms
client 2021-03-18 21:57:26,529 [INFO] Sending command to the server: 'new,resnet50_Server,61198d76-4b86-41d3-8dfb-e9f130490eee'
client 2021-03-18 21:57:26,532 [INFO] Got response: 'OK 2021-03-18_21-57-26_resnet50_Server,8b487720-fedc-4081-bed9-5ebaf15a1e4a'
client 2021-03-18 21:57:26,532 [INFO] Session id is '2021-03-18_21-57-26_resnet50_Server'
client 2021-03-18 21:57:26,532 [INFO] Sources: {"sources": {"client.py": "d1e75cb4b26101220ebd242e584cf3ca5d8f1996", "lib/__init__.py": "da39a3ee5e6b4b0d3255bfef95601890afd80709", "lib/client.py": "d42bebf5b74cb6ff3997e2a6c68422afac111a28", "lib/common.py": "b0bad80d8fa328a7636027d4d66ff453f8dd7889", "lib/external/ntplib.py": "4da8f970656505a40483206ef2b5d3dd5e81711d", "lib/server.py": "2ed36471c7af565d6c8438b2134edad1d7ddf166", "lib/source_hashes.py": "4cedff274c661cb1504052018fd4f00dfbf624ef", "lib/summary.py": "0db15d783907aa92038281af4e465545c0648ddb", "lib/time_sync.py": "76051226ec89287839723352f4162aaa24e0546a", "server.py": "99e1310e3f76292aef1b8792ce6b8c82f1d44d8b", "tests/unit/test_server.py": "64f11775bfed35232a0e8bb9593c0ff992432c59", "tests/unit/test_source_hashes.py": "cb41a7261eaf7d94ba5c0aae9c523174f6204be3"}, "modules": {"__main__": "client.py", "lib.client": "lib/client.py", "lib.common": "lib/common.py", "lib.external.ntplib": "lib/external/ntplib.py", "lib.source_hashes": "lib/source_hashes.py", "lib.summary": "lib/summary.py", "lib.time_sync": "lib/time_sync.py"}}
client 2021-03-18 21:57:26,533 [INFO] Running workload in ranging mode
client 2021-03-18 21:57:26,533 [INFO] Synchronizing with the server and with 100.64.0.18...
client 2021-03-18 21:57:26,534 [INFO] NTP:offset = -0.000 s, delay = 0.001 s 
client 2021-03-18 21:57:26,535 [INFO] Sending command to the server: 'time'
client 2021-03-18 21:57:26,536 [INFO] Got response: '1616122646.5324862'
client 2021-03-18 21:57:26,536 [INFO] The time difference between the client and the server is within range 2.570 ms..4.295 ms
client 2021-03-18 21:57:26,536 [INFO] Sending command to the server: 'session,2021-03-18_21-57-26_resnet50_Server,start,ranging'
client 2021-03-18 21:57:50,359 [INFO] Got response: 'OK'
client 2021-03-18 21:57:50,359 [INFO] Running the workload "make run_harness RUN_ARGS='--benchmarks=resnet50 --scenarios=Server --config_ver=default --log_dir build/logs/ --test_mode=PerformanceOnly'"
client 2021-03-18 22:08:14,004 [INFO] Sending command to the server: 'session,2021-03-18_21-57-26_resnet50_Server,stop,ranging'
client 2021-03-18 22:08:24,232 [INFO] Got response: 'OK'
client 2021-03-18 22:08:24,232 [INFO] Running workload in testing mode
client 2021-03-18 22:08:24,232 [INFO] Synchronizing with the server and with 100.64.0.18...
client 2021-03-18 22:08:24,235 [INFO] NTP:offset = -0.000 s, delay = 0.001 s 
client 2021-03-18 22:08:24,235 [INFO] Sending command to the server: 'time'
client 2021-03-18 22:08:24,235 [INFO] Got response: '1616123304.2120285'
client 2021-03-18 22:08:24,236 [INFO] The time difference between the client and the server is within range 23.113 ms..24.008 ms
client 2021-03-18 22:08:24,236 [INFO] Sending command to the server: 'session,2021-03-18_21-57-26_resnet50_Server,start,testing'
client 2021-03-18 22:08:37,450 [INFO] Got response: 'OK'
client 2021-03-18 22:08:37,450 [INFO] Running the workload "make run_harness RUN_ARGS='--benchmarks=resnet50 --scenarios=Server --config_ver=default --log_dir build/logs/ --test_mode=PerformanceOnly'"
client 2021-03-18 22:19:01,081 [INFO] Sending command to the server: 'session,2021-03-18_21-57-26_resnet50_Server,stop,testing'
client 2021-03-18 22:19:11,188 [INFO] Got response: 'OK'
client 2021-03-18 22:19:11,188 [INFO] Done runs
