ptd-server 2021-03-18 21:57:18,083 [INFO] Got command from the client 'time'
ptd-server 2021-03-18 21:57:18,083 [INFO] Sending reply to client '1616122638.0839005'
ptd-server 2021-03-18 21:57:18,083 [INFO] Got command from the client 'set_ntp'
ptd-server 2021-03-18 21:57:18,083 [INFO] Synchronizing with 100.64.0.18 time using NTP...
ptd-server 2021-03-18 21:57:19,412 [INFO] Set system time at 2021-03-18 21:57:19.412655
ptd-server 2021-03-18 21:57:19,412 [INFO] Sending reply to client 'OK'
ptd-server 2021-03-18 21:57:26,522 [INFO] Got command from the client 'time'
ptd-server 2021-03-18 21:57:26,522 [INFO] Sending reply to client '1616122646.5227783'
ptd-server 2021-03-18 21:57:26,522 [INFO] Got command from the client 'new,resnet50_Server,61198d76-4b86-41d3-8dfb-e9f130490eee'
ptd-server 2021-03-18 21:57:26,522 [INFO] Sending reply to client 'OK 2021-03-18_21-57-26_resnet50_Server,8b487720-fedc-4081-bed9-5ebaf15a1e4a'
ptd-server 2021-03-18 21:57:26,532 [INFO] Got command from the client 'time'
ptd-server 2021-03-18 21:57:26,532 [INFO] Sending reply to client '1616122646.5324862'
ptd-server 2021-03-18 21:57:26,532 [INFO] Got command from the client 'session,2021-03-18_21-57-26_resnet50_Server,start,ranging'
ptd-server 2021-03-18 21:57:26,632 [INFO] Running PTDaemon: ['.\\ptd-windows-x86.exe', '-l', '.\\logs_ptdeamon.txt', '-p', '8888', '-g', '8', '1']
ptd-server 2021-03-18 21:57:39,302 [INFO] Sending to ptd: 'Hello'
ptd-server 2021-03-18 21:57:39,302 [INFO] Reply from ptd: 'Hello, PTDaemon here!'
ptd-server 2021-03-18 21:57:39,302 [INFO] Sending to ptd: 'Identify'
ptd-server 2021-03-18 21:57:39,302 [INFO] Reply from ptd: 'YokogawaWT210,1000,1,1,1,1,0,0,1,version=1.9.2-3976349f-20201208,OS=Windows 8 / Server 2012,mode=power,1,1,1,0,0,no_cal_date,YOKOGAWA;760401;0;F1.12'
ptd-server 2021-03-18 21:57:39,302 [INFO] Connected to PTDaemon
ptd-server 2021-03-18 21:57:39,302 [INFO] Sending to ptd: 'RR'
ptd-server 2021-03-18 21:57:39,302 [INFO] Reply from ptd: 'Ranges,1,10.000000,1,150.000000'
ptd-server 2021-03-18 21:57:39,302 [INFO] Initial range for Amps is Auto for Volts is Auto
ptd-server 2021-03-18 21:57:39,302 [INFO] Sending to ptd: 'SR,V,Auto'
ptd-server 2021-03-18 21:57:39,822 [INFO] Reply from ptd: 'Range V changed'
ptd-server 2021-03-18 21:57:39,822 [INFO] Sending to ptd: 'SR,A,Auto'
ptd-server 2021-03-18 21:57:40,343 [INFO] Reply from ptd: 'Range A changed'
ptd-server 2021-03-18 21:57:50,353 [INFO] Starting ranging mode
ptd-server 2021-03-18 21:57:50,353 [INFO] Sending to ptd: 'Go,1000,0,2021-03-18_21-57-26_resnet50_Server_ranging'
ptd-server 2021-03-18 21:57:50,353 [INFO] Reply from ptd: 'Starting untimed measurement, maximum 500000 samples at 1000ms with 0 rampup samples'
ptd-server 2021-03-18 21:57:50,353 [INFO] Sending reply to client 'OK'
ptd-server 2021-03-18 22:08:13,981 [INFO] Got command from the client 'session,2021-03-18_21-57-26_resnet50_Server,stop,ranging'
ptd-server 2021-03-18 22:08:23,981 [INFO] Sending to ptd: 'Stop'
ptd-server 2021-03-18 22:08:23,981 [INFO] Reply from ptd: 'Stopping untimed measurement'
ptd-server 2021-03-18 22:08:24,201 [INFO] Sending reply to client 'OK'
ptd-server 2021-03-18 22:08:24,212 [INFO] Got command from the client 'time'
ptd-server 2021-03-18 22:08:24,212 [INFO] Sending reply to client '1616123304.2120285'
ptd-server 2021-03-18 22:08:24,212 [INFO] Got command from the client 'session,2021-03-18_21-57-26_resnet50_Server,start,testing'
ptd-server 2021-03-18 22:08:24,212 [INFO] Sending to ptd: 'SR,V,122.380000'
ptd-server 2021-03-18 22:08:25,892 [INFO] Reply from ptd: 'Range V changed'
ptd-server 2021-03-18 22:08:25,892 [INFO] Sending to ptd: 'SR,A,6.698000'
ptd-server 2021-03-18 22:08:27,412 [INFO] Reply from ptd: 'Range A changed'
ptd-server 2021-03-18 22:08:37,422 [INFO] Starting testing mode
ptd-server 2021-03-18 22:08:37,422 [INFO] Sending to ptd: 'Go,1000,0,2021-03-18_21-57-26_resnet50_Server_testing'
ptd-server 2021-03-18 22:08:37,422 [INFO] Reply from ptd: 'Starting untimed measurement, maximum 500000 samples at 1000ms with 0 rampup samples'
ptd-server 2021-03-18 22:08:37,422 [INFO] Sending reply to client 'OK'
ptd-server 2021-03-18 22:19:01,030 [INFO] Got command from the client 'session,2021-03-18_21-57-26_resnet50_Server,stop,testing'
ptd-server 2021-03-18 22:19:11,030 [INFO] Sending to ptd: 'Stop'
ptd-server 2021-03-18 22:19:11,030 [INFO] Reply from ptd: 'Stopping untimed measurement'
ptd-server 2021-03-18 22:19:11,140 [INFO] Sending reply to client 'OK'
ptd-server 2021-03-18 22:19:11,140 [INFO] Got command from the client 'session,2021-03-18_21-57-26_resnet50_Server,upload,client.log'
ptd-server 2021-03-18 22:19:11,140 [INFO] Received '.\\outdir\\2021-03-18_21-57-26_resnet50_Serverclient.log.tmp'
ptd-server 2021-03-18 22:19:11,150 [INFO] Removed '.\\outdir\\2021-03-18_21-57-26_resnet50_Serverclient.log.tmp'
ptd-server 2021-03-18 22:19:11,150 [INFO] Sending reply to client 'OK'
ptd-server 2021-03-18 22:19:11,150 [INFO] Got command from the client 'session,2021-03-18_21-57-26_resnet50_Server,upload,client.json'
ptd-server 2021-03-18 22:19:11,160 [INFO] Received '.\\outdir\\2021-03-18_21-57-26_resnet50_Serverclient.json.tmp'
ptd-server 2021-03-18 22:19:11,160 [INFO] Removed '.\\outdir\\2021-03-18_21-57-26_resnet50_Serverclient.json.tmp'
ptd-server 2021-03-18 22:19:11,160 [INFO] Sending reply to client 'OK'
ptd-server 2021-03-18 22:19:11,160 [INFO] Got command from the client 'session,2021-03-18_21-57-26_resnet50_Server,done'
ptd-server 2021-03-18 22:19:11,160 [INFO] Sending to ptd: 'Stop'
ptd-server 2021-03-18 22:19:11,431 [INFO] Reply from ptd: 'Error: no measurement to stop'
ptd-server 2021-03-18 22:19:11,431 [INFO] Sending to ptd: 'SR,V,Auto'
ptd-server 2021-03-18 22:19:11,951 [INFO] Reply from ptd: 'Range V changed'
ptd-server 2021-03-18 22:19:11,951 [INFO] Sending to ptd: 'SR,A,Auto'
ptd-server 2021-03-18 22:19:12,471 [INFO] Reply from ptd: 'Range A changed'
ptd-server 2021-03-18 22:19:12,471 [INFO] Set initial values for Amps Auto and Volts Auto
ptd-server 2021-03-18 22:19:12,471 [INFO] Stopping ptd...
