ptd-server 2021-03-07 20:34:11,908 [INFO] Got command from the client 'time'
ptd-server 2021-03-07 20:34:11,908 [INFO] Sending reply to client '1615149251.908698'
ptd-server 2021-03-07 20:34:11,911 [INFO] Got command from the client 'new,,8cd4400a-18ad-4216-b628-de5b3e2edbb0'
ptd-server 2021-03-07 20:34:11,912 [INFO] Sending reply to client 'OK 2021-03-07_20-34-11,28dd52b0-8539-4625-a7dc-97d20a4ec170'
ptd-server 2021-03-07 20:34:11,948 [INFO] Got command from the client 'time'
ptd-server 2021-03-07 20:34:11,948 [INFO] Sending reply to client '1615149251.948644'
ptd-server 2021-03-07 20:34:11,951 [INFO] Got command from the client 'session,2021-03-07_20-34-11,start,ranging'
ptd-server 2021-03-07 20:34:11,951 [INFO] Running PTDaemon: ['/home/anton/projects/mlperf/power/inference_v1.0/ptd-linux-x86', '-l', 'ptd.log', '-p', '8888', '52', '/dev/usbtmc0']
ptd-server 2021-03-07 20:34:29,123 [INFO] Sending to ptd: 'Hello'
ptd-server 2021-03-07 20:34:29,124 [INFO] Reply from ptd: 'Hello, PTDaemon here!'
ptd-server 2021-03-07 20:34:29,124 [INFO] Sending to ptd: 'Identify'
ptd-server 2021-03-07 20:34:29,124 [INFO] Reply from ptd: 'YokogawaWT330E,1000,1,1,1,1,0,0,1,version=1.9.2-e8c7a49a-20201208,OS=Linux 5.8.0-43-generic #49~20.04.1-Ubuntu SMP Fri Feb 5 09:57:56 UTC 2021 x86_64,mode=power,1,1,1,0,0,no_cal_date,YOKOGAWA;WT333E;C3VD30030E;F1.04'
ptd-server 2021-03-07 20:34:29,124 [INFO] Connected to PTDaemon
ptd-server 2021-03-07 20:34:29,124 [INFO] Sending to ptd: 'RR'
ptd-server 2021-03-07 20:34:29,125 [INFO] Reply from ptd: 'Ranges,0,0.500000,0,300.000000'
ptd-server 2021-03-07 20:34:29,125 [INFO] Initial range for Amps is 0.500000 for Volts is 300.000000
ptd-server 2021-03-07 20:34:29,125 [INFO] Sending to ptd: 'SR,V,Auto'
ptd-server 2021-03-07 20:34:29,627 [INFO] Reply from ptd: 'Range V changed'
ptd-server 2021-03-07 20:34:29,628 [INFO] Sending to ptd: 'SR,A,Auto'
ptd-server 2021-03-07 20:34:30,130 [INFO] Reply from ptd: 'Range A changed'
ptd-server 2021-03-07 20:34:40,140 [INFO] Starting ranging mode
ptd-server 2021-03-07 20:34:40,141 [INFO] Sending to ptd: 'Go,1000,0,2021-03-07_20-34-11_ranging'
ptd-server 2021-03-07 20:34:40,141 [INFO] Reply from ptd: 'Starting untimed measurement, maximum 500000 samples at 1000ms with 0 rampup samples'
ptd-server 2021-03-07 20:34:40,141 [INFO] Sending reply to client 'OK'
ptd-server 2021-03-07 20:45:05,075 [INFO] Got command from the client 'session,2021-03-07_20-34-11,stop,ranging'
ptd-server 2021-03-07 20:45:15,085 [INFO] Sending to ptd: 'Stop'
ptd-server 2021-03-07 20:45:15,086 [INFO] Reply from ptd: 'Stopping untimed measurement'
ptd-server 2021-03-07 20:45:15,673 [INFO] Sending reply to client 'OK'
ptd-server 2021-03-07 20:45:15,726 [INFO] Got command from the client 'time'
ptd-server 2021-03-07 20:45:15,726 [INFO] Sending reply to client '1615149915.726397'
ptd-server 2021-03-07 20:45:15,730 [INFO] Got command from the client 'session,2021-03-07_20-34-11,start,testing'
ptd-server 2021-03-07 20:45:15,731 [INFO] Sending to ptd: 'SR,V,250.120000'
ptd-server 2021-03-07 20:45:17,232 [INFO] Reply from ptd: 'Range V changed'
ptd-server 2021-03-07 20:45:17,232 [INFO] Sending to ptd: 'SR,A,0.052020'
ptd-server 2021-03-07 20:45:18,734 [INFO] Reply from ptd: 'Range A changed'
ptd-server 2021-03-07 20:45:28,744 [INFO] Starting testing mode
ptd-server 2021-03-07 20:45:28,744 [INFO] Sending to ptd: 'Go,1000,0,2021-03-07_20-34-11_testing'
ptd-server 2021-03-07 20:45:28,744 [INFO] Reply from ptd: 'Starting untimed measurement, maximum 500000 samples at 1000ms with 0 rampup samples'
ptd-server 2021-03-07 20:45:28,745 [INFO] Sending reply to client 'OK'
ptd-server 2021-03-07 20:55:58,449 [INFO] Got command from the client 'session,2021-03-07_20-34-11,stop,testing'
ptd-server 2021-03-07 20:56:08,459 [INFO] Sending to ptd: 'Stop'
ptd-server 2021-03-07 20:56:08,460 [INFO] Reply from ptd: 'Stopping untimed measurement'
ptd-server 2021-03-07 20:56:08,761 [INFO] Sending reply to client 'OK'
ptd-server 2021-03-07 20:56:08,769 [INFO] Got command from the client 'session,2021-03-07_20-34-11,upload,client.log'
ptd-server 2021-03-07 20:56:08,772 [INFO] Received '/home/anton/projects/mlperf/power-dev/output/2021-03-07_20-34-11client.log.tmp'
ptd-server 2021-03-07 20:56:08,773 [INFO] Removed '/home/anton/projects/mlperf/power-dev/output/2021-03-07_20-34-11client.log.tmp'
ptd-server 2021-03-07 20:56:08,773 [INFO] Sending reply to client 'OK'
ptd-server 2021-03-07 20:56:08,785 [INFO] Got command from the client 'session,2021-03-07_20-34-11,upload,client.json'
ptd-server 2021-03-07 20:56:08,788 [INFO] Received '/home/anton/projects/mlperf/power-dev/output/2021-03-07_20-34-11client.json.tmp'
ptd-server 2021-03-07 20:56:08,788 [INFO] Removed '/home/anton/projects/mlperf/power-dev/output/2021-03-07_20-34-11client.json.tmp'
ptd-server 2021-03-07 20:56:08,788 [INFO] Sending reply to client 'OK'
ptd-server 2021-03-07 20:56:08,791 [INFO] Got command from the client 'session,2021-03-07_20-34-11,done'
ptd-server 2021-03-07 20:56:08,791 [INFO] Sending to ptd: 'Stop'
ptd-server 2021-03-07 20:56:08,791 [INFO] Reply from ptd: 'Error: no measurement to stop'
ptd-server 2021-03-07 20:56:08,791 [INFO] Sending to ptd: 'SR,V,300.000000'
ptd-server 2021-03-07 20:56:10,293 [INFO] Reply from ptd: 'Range V changed'
ptd-server 2021-03-07 20:56:10,293 [INFO] Sending to ptd: 'SR,A,0.500000'
ptd-server 2021-03-07 20:56:11,794 [INFO] Reply from ptd: 'Range A changed'
ptd-server 2021-03-07 20:56:11,794 [INFO] Set initial values for Amps 0.500000 and Volts 300.000000
ptd-server 2021-03-07 20:56:11,794 [INFO] Stopping ptd...
