ptd-server 2021-03-09 08:43:16,179 [INFO] Got command from the client 'time'
ptd-server 2021-03-09 08:43:16,179 [INFO] Sending reply to client '1615279396.1796308'
ptd-server 2021-03-09 08:43:16,180 [INFO] Got command from the client 'new,,b538bf0b-854b-41eb-af76-396fce4a5cc1'
ptd-server 2021-03-09 08:43:16,181 [INFO] Sending reply to client 'OK 2021-03-09_08-43-16,d01f0478-36ff-4a36-a706-d6a5a4f49b7e'
ptd-server 2021-03-09 08:43:16,214 [INFO] Got command from the client 'time'
ptd-server 2021-03-09 08:43:16,214 [INFO] Sending reply to client '1615279396.2142148'
ptd-server 2021-03-09 08:43:16,215 [INFO] Got command from the client 'session,2021-03-09_08-43-16,start,ranging'
ptd-server 2021-03-09 08:43:16,216 [INFO] Running PTDaemon: ['/home/anton/projects/mlperf/power/inference_v1.0/ptd-linux-x86', '-l', 'ptd.log', '-p', '8888', '52', '/dev/usbtmc0']
ptd-server 2021-03-09 08:43:33,387 [INFO] Sending to ptd: 'Hello'
ptd-server 2021-03-09 08:43:33,388 [INFO] Reply from ptd: 'Hello, PTDaemon here!'
ptd-server 2021-03-09 08:43:33,388 [INFO] Sending to ptd: 'Identify'
ptd-server 2021-03-09 08:43:33,388 [INFO] Reply from ptd: 'YokogawaWT330E,1000,1,1,1,1,0,0,1,version=1.9.2-e8c7a49a-20201208,OS=Linux 5.8.0-43-generic #49~20.04.1-Ubuntu SMP Fri Feb 5 09:57:56 UTC 2021 x86_64,mode=power,1,1,1,0,0,no_cal_date,YOKOGAWA;WT333E;C3VD30030E;F1.04'
ptd-server 2021-03-09 08:43:33,389 [INFO] Connected to PTDaemon
ptd-server 2021-03-09 08:43:33,389 [INFO] Sending to ptd: 'RR'
ptd-server 2021-03-09 08:43:33,389 [INFO] Reply from ptd: 'Ranges,0,0.500000,0,300.000000'
ptd-server 2021-03-09 08:43:33,389 [INFO] Initial range for Amps is 0.500000 for Volts is 300.000000
ptd-server 2021-03-09 08:43:33,389 [INFO] Sending to ptd: 'SR,V,Auto'
ptd-server 2021-03-09 08:43:33,892 [INFO] Reply from ptd: 'Range V changed'
ptd-server 2021-03-09 08:43:33,892 [INFO] Sending to ptd: 'SR,A,Auto'
ptd-server 2021-03-09 08:43:34,394 [INFO] Reply from ptd: 'Range A changed'
ptd-server 2021-03-09 08:43:44,405 [INFO] Starting ranging mode
ptd-server 2021-03-09 08:43:44,405 [INFO] Sending to ptd: 'Go,1000,0,2021-03-09_08-43-16_ranging'
ptd-server 2021-03-09 08:43:44,405 [INFO] Reply from ptd: 'Starting untimed measurement, maximum 500000 samples at 1000ms with 0 rampup samples'
ptd-server 2021-03-09 08:43:44,405 [INFO] Sending reply to client 'OK'
ptd-server 2021-03-09 08:53:59,873 [INFO] Got command from the client 'session,2021-03-09_08-43-16,stop,ranging'
ptd-server 2021-03-09 08:54:09,880 [INFO] Sending to ptd: 'Stop'
ptd-server 2021-03-09 08:54:09,880 [INFO] Reply from ptd: 'Stopping untimed measurement'
ptd-server 2021-03-09 08:54:11,193 [INFO] Sending reply to client 'OK'
ptd-server 2021-03-09 08:54:11,232 [INFO] Got command from the client 'time'
ptd-server 2021-03-09 08:54:11,232 [INFO] Sending reply to client '1615280051.232966'
ptd-server 2021-03-09 08:54:11,234 [INFO] Got command from the client 'session,2021-03-09_08-43-16,start,testing'
ptd-server 2021-03-09 08:54:11,234 [INFO] Sending to ptd: 'SR,V,248.420000'
ptd-server 2021-03-09 08:54:12,736 [INFO] Reply from ptd: 'Range V changed'
ptd-server 2021-03-09 08:54:12,736 [INFO] Sending to ptd: 'SR,A,0.157730'
ptd-server 2021-03-09 08:54:14,237 [INFO] Reply from ptd: 'Range A changed'
ptd-server 2021-03-09 08:54:24,247 [INFO] Starting testing mode
ptd-server 2021-03-09 08:54:24,247 [INFO] Sending to ptd: 'Go,1000,0,2021-03-09_08-43-16_testing'
ptd-server 2021-03-09 08:54:24,248 [INFO] Reply from ptd: 'Starting untimed measurement, maximum 500000 samples at 1000ms with 0 rampup samples'
ptd-server 2021-03-09 08:54:24,248 [INFO] Sending reply to client 'OK'
ptd-server 2021-03-09 09:04:39,502 [INFO] Got command from the client 'session,2021-03-09_08-43-16,stop,testing'
ptd-server 2021-03-09 09:04:49,512 [INFO] Sending to ptd: 'Stop'
ptd-server 2021-03-09 09:04:49,513 [INFO] Reply from ptd: 'Stopping untimed measurement'
ptd-server 2021-03-09 09:04:49,889 [INFO] Sending reply to client 'OK'
ptd-server 2021-03-09 09:04:49,897 [INFO] Got command from the client 'session,2021-03-09_08-43-16,upload,client.log'
ptd-server 2021-03-09 09:04:49,899 [INFO] Received '/home/anton/projects/mlperf/power-dev/output/2021-03-09_08-43-16client.log.tmp'
ptd-server 2021-03-09 09:04:49,899 [INFO] Removed '/home/anton/projects/mlperf/power-dev/output/2021-03-09_08-43-16client.log.tmp'
ptd-server 2021-03-09 09:04:49,899 [INFO] Sending reply to client 'OK'
ptd-server 2021-03-09 09:04:49,905 [INFO] Got command from the client 'session,2021-03-09_08-43-16,upload,client.json'
ptd-server 2021-03-09 09:04:49,906 [INFO] Received '/home/anton/projects/mlperf/power-dev/output/2021-03-09_08-43-16client.json.tmp'
ptd-server 2021-03-09 09:04:49,907 [INFO] Removed '/home/anton/projects/mlperf/power-dev/output/2021-03-09_08-43-16client.json.tmp'
ptd-server 2021-03-09 09:04:49,907 [INFO] Sending reply to client 'OK'
ptd-server 2021-03-09 09:04:49,908 [INFO] Got command from the client 'session,2021-03-09_08-43-16,done'
ptd-server 2021-03-09 09:04:49,908 [INFO] Sending to ptd: 'Stop'
ptd-server 2021-03-09 09:04:50,249 [INFO] Reply from ptd: 'Error: no measurement to stop'
ptd-server 2021-03-09 09:04:50,249 [INFO] Sending to ptd: 'SR,V,300.000000'
ptd-server 2021-03-09 09:04:51,750 [INFO] Reply from ptd: 'Range V changed'
ptd-server 2021-03-09 09:04:51,750 [INFO] Sending to ptd: 'SR,A,0.500000'
ptd-server 2021-03-09 09:04:53,252 [INFO] Reply from ptd: 'Range A changed'
ptd-server 2021-03-09 09:04:53,252 [INFO] Set initial values for Amps 0.500000 and Volts 300.000000
ptd-server 2021-03-09 09:04:53,252 [INFO] Stopping ptd...
