ptd-server 2021-03-09 19:17:59,185 [INFO] Got command from the client 'time'
ptd-server 2021-03-09 19:17:59,185 [INFO] Sending reply to client '1615317479.1855323'
ptd-server 2021-03-09 19:17:59,186 [INFO] Got command from the client 'new,,f4c12aef-1322-4839-9ac9-615b0411f902'
ptd-server 2021-03-09 19:17:59,187 [INFO] Sending reply to client 'OK 2021-03-09_19-17-59,0589be39-5f95-4c72-8fef-06afc0bb3daf'
ptd-server 2021-03-09 19:17:59,222 [INFO] Got command from the client 'time'
ptd-server 2021-03-09 19:17:59,222 [INFO] Sending reply to client '1615317479.2221932'
ptd-server 2021-03-09 19:17:59,223 [INFO] Got command from the client 'session,2021-03-09_19-17-59,start,ranging'
ptd-server 2021-03-09 19:17:59,224 [INFO] Running PTDaemon: ['/home/anton/projects/mlperf/power/inference_v1.0/ptd-linux-x86', '-l', 'ptd.log', '-p', '8888', '52', '/dev/usbtmc0']
ptd-server 2021-03-09 19:18:16,396 [INFO] Sending to ptd: 'Hello'
ptd-server 2021-03-09 19:18:16,397 [INFO] Reply from ptd: 'Hello, PTDaemon here!'
ptd-server 2021-03-09 19:18:16,397 [INFO] Sending to ptd: 'Identify'
ptd-server 2021-03-09 19:18:16,397 [INFO] Reply from ptd: 'YokogawaWT330E,1000,1,1,1,1,0,0,1,version=1.9.2-e8c7a49a-20201208,OS=Linux 5.8.0-43-generic #49~20.04.1-Ubuntu SMP Fri Feb 5 09:57:56 UTC 2021 x86_64,mode=power,1,1,1,0,0,no_cal_date,YOKOGAWA;WT333E;C3VD30030E;F1.04'
ptd-server 2021-03-09 19:18:16,397 [INFO] Connected to PTDaemon
ptd-server 2021-03-09 19:18:16,398 [INFO] Sending to ptd: 'RR'
ptd-server 2021-03-09 19:18:16,398 [INFO] Reply from ptd: 'Ranges,0,0.500000,0,300.000000'
ptd-server 2021-03-09 19:18:16,398 [INFO] Initial range for Amps is 0.500000 for Volts is 300.000000
ptd-server 2021-03-09 19:18:16,398 [INFO] Sending to ptd: 'SR,V,Auto'
ptd-server 2021-03-09 19:18:16,901 [INFO] Reply from ptd: 'Range V changed'
ptd-server 2021-03-09 19:18:16,901 [INFO] Sending to ptd: 'SR,A,Auto'
ptd-server 2021-03-09 19:18:17,403 [INFO] Reply from ptd: 'Range A changed'
ptd-server 2021-03-09 19:18:27,413 [INFO] Starting ranging mode
ptd-server 2021-03-09 19:18:27,414 [INFO] Sending to ptd: 'Go,1000,0,2021-03-09_19-17-59_ranging'
ptd-server 2021-03-09 19:18:27,414 [INFO] Reply from ptd: 'Starting untimed measurement, maximum 500000 samples at 1000ms with 0 rampup samples'
ptd-server 2021-03-09 19:18:27,414 [INFO] Sending reply to client 'OK'
ptd-server 2021-03-09 19:28:42,619 [INFO] Got command from the client 'session,2021-03-09_19-17-59,stop,ranging'
ptd-server 2021-03-09 19:28:52,629 [INFO] Sending to ptd: 'Stop'
ptd-server 2021-03-09 19:28:52,630 [INFO] Reply from ptd: 'Stopping untimed measurement'
ptd-server 2021-03-09 19:28:53,418 [INFO] Sending reply to client 'OK'
ptd-server 2021-03-09 19:28:53,465 [INFO] Got command from the client 'time'
ptd-server 2021-03-09 19:28:53,465 [INFO] Sending reply to client '1615318133.4653633'
ptd-server 2021-03-09 19:28:53,467 [INFO] Got command from the client 'session,2021-03-09_19-17-59,start,testing'
ptd-server 2021-03-09 19:28:53,467 [INFO] Sending to ptd: 'SR,V,248.680000'
ptd-server 2021-03-09 19:28:54,968 [INFO] Reply from ptd: 'Range V changed'
ptd-server 2021-03-09 19:28:54,968 [INFO] Sending to ptd: 'SR,A,0.140400'
ptd-server 2021-03-09 19:28:56,470 [INFO] Reply from ptd: 'Range A changed'
ptd-server 2021-03-09 19:29:06,480 [INFO] Starting testing mode
ptd-server 2021-03-09 19:29:06,480 [INFO] Sending to ptd: 'Go,1000,0,2021-03-09_19-17-59_testing'
ptd-server 2021-03-09 19:29:06,481 [INFO] Reply from ptd: 'Starting untimed measurement, maximum 500000 samples at 1000ms with 0 rampup samples'
ptd-server 2021-03-09 19:29:06,481 [INFO] Sending reply to client 'OK'
ptd-server 2021-03-09 19:39:21,808 [INFO] Got command from the client 'session,2021-03-09_19-17-59,stop,testing'
ptd-server 2021-03-09 19:39:31,819 [INFO] Sending to ptd: 'Stop'
ptd-server 2021-03-09 19:39:31,819 [INFO] Reply from ptd: 'Stopping untimed measurement'
ptd-server 2021-03-09 19:39:32,223 [INFO] Sending reply to client 'OK'
ptd-server 2021-03-09 19:39:32,231 [INFO] Got command from the client 'session,2021-03-09_19-17-59,upload,client.log'
ptd-server 2021-03-09 19:39:32,233 [INFO] Received '/home/anton/projects/mlperf/power-dev/output/2021-03-09_19-17-59client.log.tmp'
ptd-server 2021-03-09 19:39:32,233 [INFO] Removed '/home/anton/projects/mlperf/power-dev/output/2021-03-09_19-17-59client.log.tmp'
ptd-server 2021-03-09 19:39:32,233 [INFO] Sending reply to client 'OK'
ptd-server 2021-03-09 19:39:32,241 [INFO] Got command from the client 'session,2021-03-09_19-17-59,upload,client.json'
ptd-server 2021-03-09 19:39:32,241 [INFO] Received '/home/anton/projects/mlperf/power-dev/output/2021-03-09_19-17-59client.json.tmp'
ptd-server 2021-03-09 19:39:32,242 [INFO] Removed '/home/anton/projects/mlperf/power-dev/output/2021-03-09_19-17-59client.json.tmp'
ptd-server 2021-03-09 19:39:32,242 [INFO] Sending reply to client 'OK'
ptd-server 2021-03-09 19:39:32,243 [INFO] Got command from the client 'session,2021-03-09_19-17-59,done'
ptd-server 2021-03-09 19:39:32,243 [INFO] Sending to ptd: 'Stop'
ptd-server 2021-03-09 19:39:32,481 [INFO] Reply from ptd: 'Error: no measurement to stop'
ptd-server 2021-03-09 19:39:32,482 [INFO] Sending to ptd: 'SR,V,300.000000'
ptd-server 2021-03-09 19:39:33,983 [INFO] Reply from ptd: 'Range V changed'
ptd-server 2021-03-09 19:39:33,983 [INFO] Sending to ptd: 'SR,A,0.500000'
ptd-server 2021-03-09 19:39:35,484 [INFO] Reply from ptd: 'Range A changed'
ptd-server 2021-03-09 19:39:35,484 [INFO] Set initial values for Amps 0.500000 and Volts 300.000000
ptd-server 2021-03-09 19:39:35,485 [INFO] Stopping ptd...
