client 2021-03-19 11:16:03,273 [INFO] Sending command to the server: 'mlcommons/power client v3'
client 2021-03-19 11:16:03,274 [INFO] Got response: 'mlcommons/power server v3'
client 2021-03-19 11:16:03,274 [INFO] Synchronizing with the server and with 100.64.0.18...
client 2021-03-19 11:16:03,276 [INFO] NTP:offset = -0.001 s, delay = 0.001 s 
client 2021-03-19 11:16:03,276 [INFO] Sending command to the server: 'time'
client 2021-03-19 11:16:03,278 [INFO] Got response: '1616170563.2079937'
client 2021-03-19 11:16:03,278 [INFO] The time difference between the client and the server is within range 68.872 ms..70.655 ms
client 2021-03-19 11:16:03,278 [INFO] Sending command to the server: 'new,dlrm-99-9_Server_HA,eb3ecffc-b861-4404-ba68-9233864ef5ce'
client 2021-03-19 11:16:03,280 [INFO] Got response: 'OK 2021-03-19_11-16-03_dlrm-99-9_Server_HA,82260f5e-56e8-4998-ac0a-d32c46b76bc4'
client 2021-03-19 11:16:03,280 [INFO] Session id is '2021-03-19_11-16-03_dlrm-99-9_Server_HA'
client 2021-03-19 11:16:03,280 [INFO] Sources: {"sources": {"client.py": "d1e75cb4b26101220ebd242e584cf3ca5d8f1996", "lib/__init__.py": "da39a3ee5e6b4b0d3255bfef95601890afd80709", "lib/client.py": "d42bebf5b74cb6ff3997e2a6c68422afac111a28", "lib/common.py": "b0bad80d8fa328a7636027d4d66ff453f8dd7889", "lib/external/ntplib.py": "4da8f970656505a40483206ef2b5d3dd5e81711d", "lib/server.py": "2ed36471c7af565d6c8438b2134edad1d7ddf166", "lib/source_hashes.py": "4cedff274c661cb1504052018fd4f00dfbf624ef", "lib/summary.py": "0db15d783907aa92038281af4e465545c0648ddb", "lib/time_sync.py": "76051226ec89287839723352f4162aaa24e0546a", "server.py": "99e1310e3f76292aef1b8792ce6b8c82f1d44d8b", "tests/unit/test_server.py": "64f11775bfed35232a0e8bb9593c0ff992432c59", "tests/unit/test_source_hashes.py": "cb41a7261eaf7d94ba5c0aae9c523174f6204be3"}, "modules": {"__main__": "client.py", "lib.client": "lib/client.py", "lib.common": "lib/common.py", "lib.external.ntplib": "lib/external/ntplib.py", "lib.source_hashes": "lib/source_hashes.py", "lib.summary": "lib/summary.py", "lib.time_sync": "lib/time_sync.py"}}
client 2021-03-19 11:16:03,281 [INFO] Running workload in ranging mode
client 2021-03-19 11:16:03,281 [INFO] Synchronizing with the server and with 100.64.0.18...
client 2021-03-19 11:16:03,282 [INFO] NTP:offset = -0.001 s, delay = 0.001 s 
client 2021-03-19 11:16:03,282 [INFO] Sending command to the server: 'time'
client 2021-03-19 11:16:03,283 [INFO] Got response: '1616170563.217765'
client 2021-03-19 11:16:03,283 [INFO] The time difference between the client and the server is within range 64.373 ms..65.983 ms
client 2021-03-19 11:16:03,283 [INFO] Sending command to the server: 'session,2021-03-19_11-16-03_dlrm-99-9_Server_HA,start,ranging'
client 2021-03-19 11:16:27,098 [INFO] Got response: 'OK'
client 2021-03-19 11:16:27,099 [INFO] Running the workload "make run_harness RUN_ARGS='--benchmarks=dlrm --scenarios=Server --config_ver=high_accuracy --log_dir build/logs/ --test_mode=PerformanceOnly'"
client 2021-03-19 11:29:07,962 [INFO] Sending command to the server: 'session,2021-03-19_11-16-03_dlrm-99-9_Server_HA,stop,ranging'
client 2021-03-19 11:29:18,281 [INFO] Got response: 'OK'
client 2021-03-19 11:29:18,282 [INFO] Running workload in testing mode
client 2021-03-19 11:29:18,282 [INFO] Synchronizing with the server and with 100.64.0.18...
client 2021-03-19 11:29:18,284 [INFO] NTP:offset = -0.000 s, delay = 0.001 s 
client 2021-03-19 11:29:18,284 [INFO] Sending command to the server: 'time'
client 2021-03-19 11:29:18,285 [INFO] Got response: '1616171358.2032814'
client 2021-03-19 11:29:18,285 [INFO] The time difference between the client and the server is within range 81.515 ms..82.553 ms
client 2021-03-19 11:29:18,285 [INFO] Sending command to the server: 'session,2021-03-19_11-16-03_dlrm-99-9_Server_HA,start,testing'
client 2021-03-19 11:29:31,329 [INFO] Got response: 'OK'
client 2021-03-19 11:29:31,329 [INFO] Running the workload "make run_harness RUN_ARGS='--benchmarks=dlrm --scenarios=Server --config_ver=high_accuracy --log_dir build/logs/ --test_mode=PerformanceOnly'"
client 2021-03-19 11:42:12,733 [INFO] Sending command to the server: 'session,2021-03-19_11-16-03_dlrm-99-9_Server_HA,stop,testing'
client 2021-03-19 11:42:22,894 [INFO] Got response: 'OK'
client 2021-03-19 11:42:22,894 [INFO] Done runs
