ptd-server 2021-03-19 11:16:03,207 [INFO] Got command from the client 'time'
ptd-server 2021-03-19 11:16:03,207 [INFO] Sending reply to client '1616170563.2079937'
ptd-server 2021-03-19 11:16:03,207 [INFO] Got command from the client 'new,dlrm-99-9_Server_HA,eb3ecffc-b861-4404-ba68-9233864ef5ce'
ptd-server 2021-03-19 11:16:03,207 [INFO] Sending reply to client 'OK 2021-03-19_11-16-03_dlrm-99-9_Server_HA,82260f5e-56e8-4998-ac0a-d32c46b76bc4'
ptd-server 2021-03-19 11:16:03,207 [INFO] Got command from the client 'time'
ptd-server 2021-03-19 11:16:03,217 [INFO] Sending reply to client '1616170563.217765'
ptd-server 2021-03-19 11:16:03,217 [INFO] Got command from the client 'session,2021-03-19_11-16-03_dlrm-99-9_Server_HA,start,ranging'
ptd-server 2021-03-19 11:16:03,328 [INFO] Running PTDaemon: ['.\\ptd-windows-x86.exe', '-l', '.\\logs_ptdeamon.txt', '-p', '8888', '-g', '8', '1']
ptd-server 2021-03-19 11:16:15,989 [INFO] Sending to ptd: 'Hello'
ptd-server 2021-03-19 11:16:15,989 [INFO] Reply from ptd: 'Hello, PTDaemon here!'
ptd-server 2021-03-19 11:16:15,989 [INFO] Sending to ptd: 'Identify'
ptd-server 2021-03-19 11:16:15,989 [INFO] Reply from ptd: 'YokogawaWT210,1000,1,1,1,1,0,0,1,version=1.9.2-3976349f-20201208,OS=Windows 8 / Server 2012,mode=power,1,1,1,0,0,no_cal_date,YOKOGAWA;760401;0;F1.12'
ptd-server 2021-03-19 11:16:15,989 [INFO] Connected to PTDaemon
ptd-server 2021-03-19 11:16:15,989 [INFO] Sending to ptd: 'RR'
ptd-server 2021-03-19 11:16:15,989 [INFO] Reply from ptd: 'Ranges,1,10.000000,1,150.000000'
ptd-server 2021-03-19 11:16:15,989 [INFO] Initial range for Amps is Auto for Volts is Auto
ptd-server 2021-03-19 11:16:15,989 [INFO] Sending to ptd: 'SR,V,Auto'
ptd-server 2021-03-19 11:16:16,509 [INFO] Reply from ptd: 'Range V changed'
ptd-server 2021-03-19 11:16:16,509 [INFO] Sending to ptd: 'SR,A,Auto'
ptd-server 2021-03-19 11:16:17,029 [INFO] Reply from ptd: 'Range A changed'
ptd-server 2021-03-19 11:16:27,029 [INFO] Starting ranging mode
ptd-server 2021-03-19 11:16:27,029 [INFO] Sending to ptd: 'Go,1000,0,2021-03-19_11-16-03_dlrm-99-9_Server_HA_ranging'
ptd-server 2021-03-19 11:16:27,029 [INFO] Reply from ptd: 'Starting untimed measurement, maximum 500000 samples at 1000ms with 0 rampup samples'
ptd-server 2021-03-19 11:16:27,029 [INFO] Sending reply to client 'OK'
ptd-server 2021-03-19 11:29:07,876 [INFO] Got command from the client 'session,2021-03-19_11-16-03_dlrm-99-9_Server_HA,stop,ranging'
ptd-server 2021-03-19 11:29:17,887 [INFO] Sending to ptd: 'Stop'
ptd-server 2021-03-19 11:29:17,887 [INFO] Reply from ptd: 'Stopping untimed measurement'
ptd-server 2021-03-19 11:29:18,192 [INFO] Sending reply to client 'OK'
ptd-server 2021-03-19 11:29:18,203 [INFO] Got command from the client 'time'
ptd-server 2021-03-19 11:29:18,203 [INFO] Sending reply to client '1616171358.2032814'
ptd-server 2021-03-19 11:29:18,203 [INFO] Got command from the client 'session,2021-03-19_11-16-03_dlrm-99-9_Server_HA,start,testing'
ptd-server 2021-03-19 11:29:18,203 [INFO] Sending to ptd: 'SR,V,121.840000'
ptd-server 2021-03-19 11:29:19,723 [INFO] Reply from ptd: 'Range V changed'
ptd-server 2021-03-19 11:29:19,723 [INFO] Sending to ptd: 'SR,A,6.947000'
ptd-server 2021-03-19 11:29:21,243 [INFO] Reply from ptd: 'Range A changed'
ptd-server 2021-03-19 11:29:31,243 [INFO] Starting testing mode
ptd-server 2021-03-19 11:29:31,243 [INFO] Sending to ptd: 'Go,1000,0,2021-03-19_11-16-03_dlrm-99-9_Server_HA_testing'
ptd-server 2021-03-19 11:29:31,243 [INFO] Reply from ptd: 'Starting untimed measurement, maximum 500000 samples at 1000ms with 0 rampup samples'
ptd-server 2021-03-19 11:29:31,243 [INFO] Sending reply to client 'OK'
ptd-server 2021-03-19 11:42:12,627 [INFO] Got command from the client 'session,2021-03-19_11-16-03_dlrm-99-9_Server_HA,stop,testing'
ptd-server 2021-03-19 11:42:22,637 [INFO] Sending to ptd: 'Stop'
ptd-server 2021-03-19 11:42:22,637 [INFO] Reply from ptd: 'Stopping untimed measurement'
ptd-server 2021-03-19 11:42:22,787 [INFO] Sending reply to client 'OK'
ptd-server 2021-03-19 11:42:22,787 [INFO] Got command from the client 'session,2021-03-19_11-16-03_dlrm-99-9_Server_HA,upload,client.log'
ptd-server 2021-03-19 11:42:22,797 [INFO] Received '.\\outdir\\2021-03-19_11-16-03_dlrm-99-9_Server_HAclient.log.tmp'
ptd-server 2021-03-19 11:42:22,797 [INFO] Removed '.\\outdir\\2021-03-19_11-16-03_dlrm-99-9_Server_HAclient.log.tmp'
ptd-server 2021-03-19 11:42:22,797 [INFO] Sending reply to client 'OK'
ptd-server 2021-03-19 11:42:22,817 [INFO] Got command from the client 'session,2021-03-19_11-16-03_dlrm-99-9_Server_HA,upload,client.json'
ptd-server 2021-03-19 11:42:22,817 [INFO] Received '.\\outdir\\2021-03-19_11-16-03_dlrm-99-9_Server_HAclient.json.tmp'
ptd-server 2021-03-19 11:42:22,827 [INFO] Removed '.\\outdir\\2021-03-19_11-16-03_dlrm-99-9_Server_HAclient.json.tmp'
ptd-server 2021-03-19 11:42:22,827 [INFO] Sending reply to client 'OK'
ptd-server 2021-03-19 11:42:22,827 [INFO] Got command from the client 'session,2021-03-19_11-16-03_dlrm-99-9_Server_HA,done'
ptd-server 2021-03-19 11:42:22,827 [INFO] Sending to ptd: 'Stop'
ptd-server 2021-03-19 11:42:23,257 [INFO] Reply from ptd: 'Error: no measurement to stop'
ptd-server 2021-03-19 11:42:23,257 [INFO] Sending to ptd: 'SR,V,Auto'
ptd-server 2021-03-19 11:42:23,778 [INFO] Reply from ptd: 'Range V changed'
ptd-server 2021-03-19 11:42:23,778 [INFO] Sending to ptd: 'SR,A,Auto'
ptd-server 2021-03-19 11:42:24,298 [INFO] Reply from ptd: 'Range A changed'
ptd-server 2021-03-19 11:42:24,298 [INFO] Set initial values for Amps Auto and Volts Auto
ptd-server 2021-03-19 11:42:24,298 [INFO] Stopping ptd...
