client 2021-03-16 23:40:12,735 [WARNING] Removing old loadgen logs directory '/work/build/power_logs_temp'
client 2021-03-16 23:40:12,747 [INFO] Sending command to the server: 'mlcommons/power client v3'
client 2021-03-16 23:40:12,749 [INFO] Got response: 'mlcommons/power server v3'
client 2021-03-16 23:40:12,749 [INFO] Sending command to the server: 'stop'
client 2021-03-16 23:40:12,750 [INFO] Got response: 'OK'
client 2021-03-16 23:40:12,750 [INFO] Synchronizing with the server and with ib-01.dc4-in.nvidia.com...
client 2021-03-16 23:40:12,955 [INFO] NTP:offset = -5.801 s, delay = 0.202 s 
client 2021-03-16 23:40:12,955 [WARNING] The time offset between the system time and ib-01.dc4-in.nvidia.com is more then 200 ms (-5800.884 ms)
client 2021-03-16 23:40:12,955 [INFO] Sending command to the server: 'set_ntp'
client 2021-03-16 23:40:14,171 [INFO] Got response: 'OK'
client 2021-03-16 23:40:14,171 [INFO] Synchronizing with ib-01.dc4-in.nvidia.com time using NTP...
client 2021-03-16 23:40:16,485 [INFO] Set system time at 2021-03-16 23:40:16.485857
client 2021-03-16 23:40:16,689 [INFO] NTP:offset = 0.000 s, delay = 0.202 s 
client 2021-03-16 23:40:16,689 [INFO] Sending command to the server: 'time'
client 2021-03-16 23:40:16,691 [INFO] Got response: '1615963216.6803782'
client 2021-03-16 23:40:16,691 [INFO] The time difference between the client and the server is within range 8.901 ms..10.948 ms
client 2021-03-16 23:40:16,691 [INFO] Sending command to the server: 'new,,f077788d-a802-4997-90b8-f9ff25b8b78d'
client 2021-03-16 23:40:16,693 [INFO] Got response: 'OK 2021-03-16_23-40-16,6d001d61-55bd-4c6b-981e-d19b0d090778'
client 2021-03-16 23:40:16,693 [INFO] Session id is '2021-03-16_23-40-16'
client 2021-03-16 23:40:16,693 [INFO] Sources: {"sources": {"client.py": "d1e75cb4b26101220ebd242e584cf3ca5d8f1996", "lib/__init__.py": "da39a3ee5e6b4b0d3255bfef95601890afd80709", "lib/client.py": "d42bebf5b74cb6ff3997e2a6c68422afac111a28", "lib/common.py": "b0bad80d8fa328a7636027d4d66ff453f8dd7889", "lib/external/ntplib.py": "4da8f970656505a40483206ef2b5d3dd5e81711d", "lib/server.py": "2ed36471c7af565d6c8438b2134edad1d7ddf166", "lib/source_hashes.py": "4cedff274c661cb1504052018fd4f00dfbf624ef", "lib/summary.py": "0db15d783907aa92038281af4e465545c0648ddb", "lib/time_sync.py": "76051226ec89287839723352f4162aaa24e0546a", "server.py": "99e1310e3f76292aef1b8792ce6b8c82f1d44d8b", "tests/unit/test_server.py": "64f11775bfed35232a0e8bb9593c0ff992432c59", "tests/unit/test_source_hashes.py": "cb41a7261eaf7d94ba5c0aae9c523174f6204be3"}, "modules": {"__main__": "client.py", "lib.client": "lib/client.py", "lib.common": "lib/common.py", "lib.external.ntplib": "lib/external/ntplib.py", "lib.source_hashes": "lib/source_hashes.py", "lib.summary": "lib/summary.py", "lib.time_sync": "lib/time_sync.py"}}
client 2021-03-16 23:40:16,696 [INFO] Running workload in ranging mode
client 2021-03-16 23:40:16,696 [INFO] Synchronizing with the server and with ib-01.dc4-in.nvidia.com...
client 2021-03-16 23:40:16,898 [INFO] NTP:offset = 0.000 s, delay = 0.202 s 
client 2021-03-16 23:40:16,898 [INFO] Sending command to the server: 'time'
client 2021-03-16 23:40:16,900 [INFO] Got response: '1615963216.8990607'
client 2021-03-16 23:40:16,900 [INFO] The time difference between the client and the server is within range -0.096 ms..1.597 ms
client 2021-03-16 23:40:16,900 [INFO] Sending command to the server: 'session,2021-03-16_23-40-16,start,ranging'
client 2021-03-16 23:40:45,921 [INFO] Got response: 'OK'
client 2021-03-16 23:40:45,921 [INFO] Running the workload 'LOG_DIR=/work/build/power_logs_temp python3 code/main.py --benchmarks=dlrm --scenarios=Offline --config_ver=maxq_high_accuracy --action="run_harness" \\\n\t\t&& cp -v /work/build/power_logs_temp/*/*/*/mlperf_log_detail.txt /work/build/power_logs_temp/ \\\n\t\t&& cp -v /work/build/power_logs_temp/*/*/*/mlperf_log_summary.txt /work/build/power_logs_temp/'
client 2021-03-16 23:59:18,650 [INFO] Sending command to the server: 'session,2021-03-16_23-40-16,stop,ranging'
client 2021-03-16 23:59:28,886 [INFO] Got response: 'OK'
client 2021-03-16 23:59:28,892 [INFO] Packing logs into zip and uploading to the server
client 2021-03-16 23:59:29,184 [INFO] Zip file size: 1.3 MB
client 2021-03-16 23:59:29,257 [INFO] Got response: 'OK'
client 2021-03-16 23:59:29,258 [INFO] Running workload in testing mode
client 2021-03-16 23:59:29,258 [INFO] Synchronizing with the server and with ib-01.dc4-in.nvidia.com...
client 2021-03-16 23:59:29,461 [INFO] NTP:offset = 0.003 s, delay = 0.202 s 
client 2021-03-16 23:59:29,461 [INFO] Sending command to the server: 'time'
client 2021-03-16 23:59:29,463 [INFO] Got response: '1615964369.4753468'
client 2021-03-16 23:59:29,463 [INFO] The time difference between the client and the server is within range -13.695 ms..-11.645 ms
client 2021-03-16 23:59:29,463 [INFO] Sending command to the server: 'session,2021-03-16_23-40-16,start,testing'
client 2021-03-16 23:59:43,113 [INFO] Got response: 'OK'
client 2021-03-16 23:59:43,113 [INFO] Running the workload 'LOG_DIR=/work/build/power_logs_temp python3 code/main.py --benchmarks=dlrm --scenarios=Offline --config_ver=maxq_high_accuracy --action="run_harness" \\\n\t\t&& cp -v /work/build/power_logs_temp/*/*/*/mlperf_log_detail.txt /work/build/power_logs_temp/ \\\n\t\t&& cp -v /work/build/power_logs_temp/*/*/*/mlperf_log_summary.txt /work/build/power_logs_temp/'
client 2021-03-17 00:15:40,057 [INFO] Sending command to the server: 'session,2021-03-16_23-40-16,stop,testing'
client 2021-03-17 00:15:50,164 [INFO] Got response: 'OK'
client 2021-03-17 00:15:50,169 [INFO] Packing logs into zip and uploading to the server
client 2021-03-17 00:15:50,788 [INFO] Zip file size: 1.3 MB
client 2021-03-17 00:15:50,857 [INFO] Got response: 'OK'
client 2021-03-17 00:15:50,858 [INFO] Done runs
