ptd-server 2021-03-02 01:33:32,744 [INFO] Got command from the client 'time'
ptd-server 2021-03-02 01:33:32,744 [INFO] Sending reply to client '1614648812.744841'
ptd-server 2021-03-02 01:33:32,746 [INFO] Got command from the client 'new,,cd9a60fc-fb7f-4ed1-9439-23d6b4d046c5'
ptd-server 2021-03-02 01:33:32,746 [INFO] Sending reply to client 'OK 2021-03-02_01-33-32,50a1259e-682c-42c7-afe5-23d39d6c6783'
ptd-server 2021-03-02 01:33:32,779 [INFO] Got command from the client 'time'
ptd-server 2021-03-02 01:33:32,779 [INFO] Sending reply to client '1614648812.7792382'
ptd-server 2021-03-02 01:33:32,780 [INFO] Got command from the client 'session,2021-03-02_01-33-32,start,ranging'
ptd-server 2021-03-02 01:33:32,780 [INFO] Running PTDaemon: ['/home/anton/projects/mlperf/power/inference_v1.0/ptd-linux-x86', '-l', 'ptd.log', '-p', '8888', '52', '/dev/usbtmc0']
ptd-server 2021-03-02 01:33:49,948 [INFO] Sending to ptd: 'Hello'
ptd-server 2021-03-02 01:33:49,948 [INFO] Reply from ptd: 'Hello, PTDaemon here!'
ptd-server 2021-03-02 01:33:49,948 [INFO] Sending to ptd: 'Identify'
ptd-server 2021-03-02 01:33:49,949 [INFO] Reply from ptd: 'YokogawaWT330E,1000,1,1,1,1,0,0,1,version=1.9.2-e8c7a49a-20201208,OS=Linux 5.8.0-43-generic #49~20.04.1-Ubuntu SMP Fri Feb 5 09:57:56 UTC 2021 x86_64,mode=power,1,1,1,0,0,no_cal_date,YOKOGAWA;WT333E;C3VD30030E;F1.04'
ptd-server 2021-03-02 01:33:49,949 [INFO] Connected to PTDaemon
ptd-server 2021-03-02 01:33:49,949 [INFO] Sending to ptd: 'RR'
ptd-server 2021-03-02 01:33:49,949 [INFO] Reply from ptd: 'Ranges,0,0.500000,0,300.000000'
ptd-server 2021-03-02 01:33:49,950 [INFO] Initial range for Amps is 0.500000 for Volts is 300.000000
ptd-server 2021-03-02 01:33:49,950 [INFO] Sending to ptd: 'SR,V,Auto'
ptd-server 2021-03-02 01:33:50,452 [INFO] Reply from ptd: 'Range V changed'
ptd-server 2021-03-02 01:33:50,452 [INFO] Sending to ptd: 'SR,A,Auto'
ptd-server 2021-03-02 01:33:50,955 [INFO] Reply from ptd: 'Range A changed'
ptd-server 2021-03-02 01:34:00,965 [INFO] Starting ranging mode
ptd-server 2021-03-02 01:34:00,965 [INFO] Sending to ptd: 'Go,1000,0,2021-03-02_01-33-32_ranging'
ptd-server 2021-03-02 01:34:00,966 [INFO] Reply from ptd: 'Starting untimed measurement, maximum 500000 samples at 1000ms with 0 rampup samples'
ptd-server 2021-03-02 01:34:00,966 [INFO] Sending reply to client 'OK'
ptd-server 2021-03-02 01:44:20,341 [INFO] Got command from the client 'session,2021-03-02_01-33-32,stop,ranging'
ptd-server 2021-03-02 01:44:30,351 [INFO] Sending to ptd: 'Stop'
ptd-server 2021-03-02 01:44:30,351 [INFO] Reply from ptd: 'Stopping untimed measurement'
ptd-server 2021-03-02 01:44:30,630 [INFO] Sending reply to client 'OK'
ptd-server 2021-03-02 01:44:30,670 [INFO] Got command from the client 'time'
ptd-server 2021-03-02 01:44:30,670 [INFO] Sending reply to client '1614649470.67089'
ptd-server 2021-03-02 01:44:30,672 [INFO] Got command from the client 'session,2021-03-02_01-33-32,start,testing'
ptd-server 2021-03-02 01:44:30,672 [INFO] Sending to ptd: 'SR,V,250.710000'
ptd-server 2021-03-02 01:44:32,467 [INFO] Reply from ptd: 'Range V changed'
ptd-server 2021-03-02 01:44:32,467 [INFO] Sending to ptd: 'SR,A,0.169650'
ptd-server 2021-03-02 01:44:33,969 [INFO] Reply from ptd: 'Range A changed'
ptd-server 2021-03-02 01:44:43,979 [INFO] Starting testing mode
ptd-server 2021-03-02 01:44:43,979 [INFO] Sending to ptd: 'Go,1000,0,2021-03-02_01-33-32_testing'
ptd-server 2021-03-02 01:44:43,979 [INFO] Reply from ptd: 'Starting untimed measurement, maximum 500000 samples at 1000ms with 0 rampup samples'
ptd-server 2021-03-02 01:44:43,980 [INFO] Sending reply to client 'OK'
ptd-server 2021-03-02 01:55:02,876 [INFO] Got command from the client 'session,2021-03-02_01-33-32,stop,testing'
ptd-server 2021-03-02 01:55:12,887 [INFO] Sending to ptd: 'Stop'
ptd-server 2021-03-02 01:55:12,887 [INFO] Reply from ptd: 'Stopping untimed measurement'
ptd-server 2021-03-02 01:55:13,041 [INFO] Sending reply to client 'OK'
ptd-server 2021-03-02 01:55:13,051 [INFO] Got command from the client 'session,2021-03-02_01-33-32,upload,client.log'
ptd-server 2021-03-02 01:55:13,051 [INFO] Received '/home/anton/projects/mlperf/power-dev/output/2021-03-02_01-33-32client.log.tmp'
ptd-server 2021-03-02 01:55:13,052 [INFO] Removed '/home/anton/projects/mlperf/power-dev/output/2021-03-02_01-33-32client.log.tmp'
ptd-server 2021-03-02 01:55:13,052 [INFO] Sending reply to client 'OK'
ptd-server 2021-03-02 01:55:13,056 [INFO] Got command from the client 'session,2021-03-02_01-33-32,upload,client.json'
ptd-server 2021-03-02 01:55:13,057 [INFO] Received '/home/anton/projects/mlperf/power-dev/output/2021-03-02_01-33-32client.json.tmp'
ptd-server 2021-03-02 01:55:13,057 [INFO] Removed '/home/anton/projects/mlperf/power-dev/output/2021-03-02_01-33-32client.json.tmp'
ptd-server 2021-03-02 01:55:13,057 [INFO] Sending reply to client 'OK'
ptd-server 2021-03-02 01:55:13,058 [INFO] Got command from the client 'session,2021-03-02_01-33-32,done'
ptd-server 2021-03-02 01:55:13,058 [INFO] Sending to ptd: 'Stop'
ptd-server 2021-03-02 01:55:13,059 [INFO] Reply from ptd: 'Error: no measurement to stop'
ptd-server 2021-03-02 01:55:13,059 [INFO] Sending to ptd: 'SR,V,300.000000'
ptd-server 2021-03-02 01:55:14,560 [INFO] Reply from ptd: 'Range V changed'
ptd-server 2021-03-02 01:55:14,560 [INFO] Sending to ptd: 'SR,A,0.500000'
ptd-server 2021-03-02 01:55:16,062 [INFO] Reply from ptd: 'Range A changed'
ptd-server 2021-03-02 01:55:16,062 [INFO] Set initial values for Amps 0.500000 and Volts 300.000000
ptd-server 2021-03-02 01:55:16,062 [INFO] Stopping ptd...
