ptd-server 2021-02-28 14:18:37,476 [INFO] Got command from the client 'time'
ptd-server 2021-02-28 14:18:37,476 [INFO] Sending reply to client '1614521917.4762082'
ptd-server 2021-02-28 14:18:37,477 [INFO] Got command from the client 'new,,a1fbb546-59fa-4bde-a870-da3ee4ddf155'
ptd-server 2021-02-28 14:18:37,478 [INFO] Sending reply to client 'OK 2021-02-28_14-18-37,db08d05f-92eb-482a-a3b0-029e90929ec5'
ptd-server 2021-02-28 14:18:37,515 [INFO] Got command from the client 'time'
ptd-server 2021-02-28 14:18:37,515 [INFO] Sending reply to client '1614521917.5159643'
ptd-server 2021-02-28 14:18:37,517 [INFO] Got command from the client 'session,2021-02-28_14-18-37,start,ranging'
ptd-server 2021-02-28 14:18:37,517 [INFO] Running PTDaemon: ['/home/anton/projects/mlperf/power/inference_v1.0/ptd-linux-x86', '-l', 'ptd.log', '-p', '8888', '52', '/dev/usbtmc0']
ptd-server 2021-02-28 14:18:54,685 [INFO] Sending to ptd: 'Hello'
ptd-server 2021-02-28 14:18:54,686 [INFO] Reply from ptd: 'Hello, PTDaemon here!'
ptd-server 2021-02-28 14:18:54,686 [INFO] Sending to ptd: 'Identify'
ptd-server 2021-02-28 14:18:54,687 [INFO] Reply from ptd: 'YokogawaWT330E,1000,1,1,1,1,0,0,1,version=1.9.2-e8c7a49a-20201208,OS=Linux 5.8.0-43-generic #49~20.04.1-Ubuntu SMP Fri Feb 5 09:57:56 UTC 2021 x86_64,mode=power,1,1,1,0,0,no_cal_date,YOKOGAWA;WT333E;C3VD30030E;F1.04'
ptd-server 2021-02-28 14:18:54,687 [INFO] Connected to PTDaemon
ptd-server 2021-02-28 14:18:54,687 [INFO] Sending to ptd: 'RR'
ptd-server 2021-02-28 14:18:54,687 [INFO] Reply from ptd: 'Ranges,0,0.500000,0,300.000000'
ptd-server 2021-02-28 14:18:54,687 [INFO] Initial range for Amps is 0.500000 for Volts is 300.000000
ptd-server 2021-02-28 14:18:54,688 [INFO] Sending to ptd: 'SR,V,Auto'
ptd-server 2021-02-28 14:18:55,190 [INFO] Reply from ptd: 'Range V changed'
ptd-server 2021-02-28 14:18:55,190 [INFO] Sending to ptd: 'SR,A,Auto'
ptd-server 2021-02-28 14:18:55,693 [INFO] Reply from ptd: 'Range A changed'
ptd-server 2021-02-28 14:19:05,703 [INFO] Starting ranging mode
ptd-server 2021-02-28 14:19:05,703 [INFO] Sending to ptd: 'Go,1000,0,2021-02-28_14-18-37_ranging'
ptd-server 2021-02-28 14:19:05,703 [INFO] Reply from ptd: 'Starting untimed measurement, maximum 500000 samples at 1000ms with 0 rampup samples'
ptd-server 2021-02-28 14:19:05,704 [INFO] Sending reply to client 'OK'
ptd-server 2021-02-28 14:29:24,158 [INFO] Got command from the client 'session,2021-02-28_14-18-37,stop,ranging'
ptd-server 2021-02-28 14:29:34,169 [INFO] Sending to ptd: 'Stop'
ptd-server 2021-02-28 14:29:34,169 [INFO] Reply from ptd: 'Stopping untimed measurement'
ptd-server 2021-02-28 14:29:34,390 [INFO] Sending reply to client 'OK'
ptd-server 2021-02-28 14:29:34,424 [INFO] Got command from the client 'time'
ptd-server 2021-02-28 14:29:34,425 [INFO] Sending reply to client '1614522574.4250565'
ptd-server 2021-02-28 14:29:34,426 [INFO] Got command from the client 'session,2021-02-28_14-18-37,start,testing'
ptd-server 2021-02-28 14:29:34,426 [INFO] Sending to ptd: 'SR,V,250.800000'
ptd-server 2021-02-28 14:29:36,205 [INFO] Reply from ptd: 'Range V changed'
ptd-server 2021-02-28 14:29:36,205 [INFO] Sending to ptd: 'SR,A,0.190240'
ptd-server 2021-02-28 14:29:37,706 [INFO] Reply from ptd: 'Range A changed'
ptd-server 2021-02-28 14:29:47,716 [INFO] Starting testing mode
ptd-server 2021-02-28 14:29:47,717 [INFO] Sending to ptd: 'Go,1000,0,2021-02-28_14-18-37_testing'
ptd-server 2021-02-28 14:29:47,717 [INFO] Reply from ptd: 'Starting untimed measurement, maximum 500000 samples at 1000ms with 0 rampup samples'
ptd-server 2021-02-28 14:29:47,717 [INFO] Sending reply to client 'OK'
ptd-server 2021-02-28 14:40:06,027 [INFO] Got command from the client 'session,2021-02-28_14-18-37,stop,testing'
ptd-server 2021-02-28 14:40:16,038 [INFO] Sending to ptd: 'Stop'
ptd-server 2021-02-28 14:40:16,038 [INFO] Reply from ptd: 'Stopping untimed measurement'
ptd-server 2021-02-28 14:40:16,161 [INFO] Sending reply to client 'OK'
ptd-server 2021-02-28 14:40:16,164 [INFO] Got command from the client 'session,2021-02-28_14-18-37,upload,client.log'
ptd-server 2021-02-28 14:40:16,164 [INFO] Received '/home/anton/projects/mlperf/power-dev/output/2021-02-28_14-18-37client.log.tmp'
ptd-server 2021-02-28 14:40:16,165 [INFO] Removed '/home/anton/projects/mlperf/power-dev/output/2021-02-28_14-18-37client.log.tmp'
ptd-server 2021-02-28 14:40:16,165 [INFO] Sending reply to client 'OK'
ptd-server 2021-02-28 14:40:16,168 [INFO] Got command from the client 'session,2021-02-28_14-18-37,upload,client.json'
ptd-server 2021-02-28 14:40:16,169 [INFO] Received '/home/anton/projects/mlperf/power-dev/output/2021-02-28_14-18-37client.json.tmp'
ptd-server 2021-02-28 14:40:16,169 [INFO] Removed '/home/anton/projects/mlperf/power-dev/output/2021-02-28_14-18-37client.json.tmp'
ptd-server 2021-02-28 14:40:16,169 [INFO] Sending reply to client 'OK'
ptd-server 2021-02-28 14:40:16,170 [INFO] Got command from the client 'session,2021-02-28_14-18-37,done'
ptd-server 2021-02-28 14:40:16,170 [INFO] Sending to ptd: 'Stop'
ptd-server 2021-02-28 14:40:16,718 [INFO] Reply from ptd: 'Error: no measurement to stop'
ptd-server 2021-02-28 14:40:16,718 [INFO] Sending to ptd: 'SR,V,300.000000'
ptd-server 2021-02-28 14:40:18,219 [INFO] Reply from ptd: 'Range V changed'
ptd-server 2021-02-28 14:40:18,219 [INFO] Sending to ptd: 'SR,A,0.500000'
ptd-server 2021-02-28 14:40:19,721 [INFO] Reply from ptd: 'Range A changed'
ptd-server 2021-02-28 14:40:19,721 [INFO] Set initial values for Amps 0.500000 and Volts 300.000000
ptd-server 2021-02-28 14:40:19,721 [INFO] Stopping ptd...
