client 2021-02-27 12:21:08,881 [INFO] Sending command to the server: 'mlcommons/power client v3'
client 2021-02-27 12:21:08,882 [INFO] Got response: 'mlcommons/power server v3'
client 2021-02-27 12:21:08,882 [INFO] Synchronizing with the server and with time.google.com...
client 2021-02-27 12:21:08,926 [INFO] NTP:offset = 0.003 s, delay = 0.037 s 
client 2021-02-27 12:21:08,926 [INFO] Sending command to the server: 'time'
client 2021-02-27 12:21:08,927 [INFO] Got response: '1614428468.933142'
client 2021-02-27 12:21:08,927 [INFO] The time difference between the client and the server is within range -6.941 ms..-5.814 ms
client 2021-02-27 12:21:08,927 [INFO] Sending command to the server: 'new,,84bbfed2-f50b-4403-936a-f16ebfecf4ab'
client 2021-02-27 12:21:08,928 [INFO] Got response: 'OK 2021-02-27_12-21-08,7aefa7f0-2108-4d1e-ba0d-c89aa918ddd3'
client 2021-02-27 12:21:08,928 [INFO] Session id is '2021-02-27_12-21-08'
client 2021-02-27 12:21:08,929 [INFO] Sources: {"sources": {"client.py": "d1e75cb4b26101220ebd242e584cf3ca5d8f1996", "lib/__init__.py": "da39a3ee5e6b4b0d3255bfef95601890afd80709", "lib/client.py": "d42bebf5b74cb6ff3997e2a6c68422afac111a28", "lib/common.py": "b0bad80d8fa328a7636027d4d66ff453f8dd7889", "lib/external/ntplib.py": "4da8f970656505a40483206ef2b5d3dd5e81711d", "lib/server.py": "2ed36471c7af565d6c8438b2134edad1d7ddf166", "lib/source_hashes.py": "4cedff274c661cb1504052018fd4f00dfbf624ef", "lib/summary.py": "0db15d783907aa92038281af4e465545c0648ddb", "lib/time_sync.py": "76051226ec89287839723352f4162aaa24e0546a", "server.py": "99e1310e3f76292aef1b8792ce6b8c82f1d44d8b", "tests/unit/test_server.py": "64f11775bfed35232a0e8bb9593c0ff992432c59", "tests/unit/test_source_hashes.py": "cb41a7261eaf7d94ba5c0aae9c523174f6204be3"}, "modules": {"__main__": "client.py", "lib.client": "lib/client.py", "lib.common": "lib/common.py", "lib.external.ntplib": "lib/external/ntplib.py", "lib.source_hashes": "lib/source_hashes.py", "lib.summary": "lib/summary.py", "lib.time_sync": "lib/time_sync.py"}}
client 2021-02-27 12:21:08,929 [INFO] Running workload in ranging mode
client 2021-02-27 12:21:08,929 [INFO] Synchronizing with the server and with time.google.com...
client 2021-02-27 12:21:08,965 [INFO] NTP:offset = 0.006 s, delay = 0.033 s 
client 2021-02-27 12:21:08,965 [INFO] Sending command to the server: 'time'
client 2021-02-27 12:21:08,966 [INFO] Got response: '1614428468.9728568'
client 2021-02-27 12:21:08,967 [INFO] The time difference between the client and the server is within range -6.932 ms..-5.808 ms
client 2021-02-27 12:21:08,967 [INFO] Sending command to the server: 'session,2021-02-27_12-21-08,start,ranging'
client 2021-02-27 12:21:37,154 [INFO] Got response: 'OK'
client 2021-02-27 12:21:37,155 [INFO] Running the workload 'ck benchmark program:image-classification-tflite-loadgen --env.CK_SILENT_MODE=YES --skip_print_timers --dep_add_tags.compiler=gcc,v7 --dep_add_tags.python=v3 --dep_add_tags.mlperf-inference-src=r1.0 --dep_add_tags.weights=mobilenet,v1-0.5-160,non-quantized --dep_add_tags.images=crop.875,preprocessed,using-opencv --dep_add_tags.library=tflite,v2.4.1,with.ruy --env.CK_LOADGEN_DATASET_SIZE=1024 --env.CK_LOADGEN_SCENARIO=SingleStream --env.CK_LOADGEN_MODE=PerformanceOnly --env.CK_LOADGEN_TARGET_LATENCY=5 --skip_stat_analysis --process_multi_keys --repetitions=1 --record --record_repo=local --record_uoa=mlperf-open-xavier-tflite-v2.4.1-ruy-mobilenet-v1-0.5-160-non-quantized-singlestream-performance-target_latency.5-power.workload --tags=mlperf,division.open,task.image-classification,platform.xavier,scenario.singlestream,mode.performance,workload.mobilenet-v1-0.5-160-non-quantized,preprocessed_using.opencv,inference_engine.tflite,inference_engine_version.v2.4.1,inference_engine_backend.ruy,target_latency.5,power.workload "@@@{\'meta\': {\'ck_benchmark_program\': \'ck benchmark program:image-classification-tflite-loadgen --env.CK_SILENT_MODE=YES --skip_print_timers --dep_add_tags.compiler=gcc,v7 --dep_add_tags.python=v3 --dep_add_tags.mlperf-inference-src=r1.0 --dep_add_tags.weights=mobilenet,v1-0.5-160,non-quantized --dep_add_tags.images=crop.875,preprocessed,using-opencv --dep_add_tags.library=tflite,v2.4.1,with.ruy --env.CK_LOADGEN_DATASET_SIZE=1024 --env.CK_LOADGEN_SCENARIO=SingleStream --env.CK_LOADGEN_MODE=PerformanceOnly --env.CK_LOADGEN_TARGET_LATENCY=5 --skip_stat_analysis --process_multi_keys --repetitions=1 --record --record_repo=local --record_uoa=mlperf-open-xavier-tflite-v2.4.1-ruy-mobilenet-v1-0.5-160-non-quantized-singlestream-performance-target_latency.5-power.workload --tags=mlperf,division.open,task.image-classification,platform.xavier,scenario.singlestream,mode.performance,workload.mobilenet-v1-0.5-160-non-quantized,preprocessed_using.opencv,inference_engine.tflite,inference_engine_version.v2.4.1,inference_engine_backend.ruy,target_latency.5,power.workload\'}}" && cat `ck find program:image-classification-tflite-loadgen`/tmp/mlperf_log_summary.txt && mkdir -p "$CK_MLPERF_POWER_CLIENT_LOADGEN_LOGS" && cp "$CK_MLPERF_POWER_CLIENT_LOADGEN_LOGS"/../mlperf_log_* "$CK_MLPERF_POWER_CLIENT_LOADGEN_LOGS"/'
client 2021-02-27 12:31:55,706 [INFO] Sending command to the server: 'session,2021-02-27_12-21-08,stop,ranging'
client 2021-02-27 12:32:05,808 [INFO] Got response: 'OK'
client 2021-02-27 12:32:05,809 [INFO] Running workload in testing mode
client 2021-02-27 12:32:05,809 [INFO] Synchronizing with the server and with time.google.com...
client 2021-02-27 12:32:05,844 [INFO] NTP:offset = 0.003 s, delay = 0.032 s 
client 2021-02-27 12:32:05,844 [INFO] Sending command to the server: 'time'
client 2021-02-27 12:32:05,845 [INFO] Got response: '1614429125.8525128'
client 2021-02-27 12:32:05,845 [INFO] The time difference between the client and the server is within range -8.202 ms..-7.034 ms
client 2021-02-27 12:32:05,845 [INFO] Sending command to the server: 'session,2021-02-27_12-21-08,start,testing'
client 2021-02-27 12:32:19,167 [INFO] Got response: 'OK'
client 2021-02-27 12:32:19,167 [INFO] Running the workload 'ck benchmark program:image-classification-tflite-loadgen --env.CK_SILENT_MODE=YES --skip_print_timers --dep_add_tags.compiler=gcc,v7 --dep_add_tags.python=v3 --dep_add_tags.mlperf-inference-src=r1.0 --dep_add_tags.weights=mobilenet,v1-0.5-160,non-quantized --dep_add_tags.images=crop.875,preprocessed,using-opencv --dep_add_tags.library=tflite,v2.4.1,with.ruy --env.CK_LOADGEN_DATASET_SIZE=1024 --env.CK_LOADGEN_SCENARIO=SingleStream --env.CK_LOADGEN_MODE=PerformanceOnly --env.CK_LOADGEN_TARGET_LATENCY=5 --skip_stat_analysis --process_multi_keys --repetitions=1 --record --record_repo=local --record_uoa=mlperf-open-xavier-tflite-v2.4.1-ruy-mobilenet-v1-0.5-160-non-quantized-singlestream-performance-target_latency.5-power.workload --tags=mlperf,division.open,task.image-classification,platform.xavier,scenario.singlestream,mode.performance,workload.mobilenet-v1-0.5-160-non-quantized,preprocessed_using.opencv,inference_engine.tflite,inference_engine_version.v2.4.1,inference_engine_backend.ruy,target_latency.5,power.workload "@@@{\'meta\': {\'ck_benchmark_program\': \'ck benchmark program:image-classification-tflite-loadgen --env.CK_SILENT_MODE=YES --skip_print_timers --dep_add_tags.compiler=gcc,v7 --dep_add_tags.python=v3 --dep_add_tags.mlperf-inference-src=r1.0 --dep_add_tags.weights=mobilenet,v1-0.5-160,non-quantized --dep_add_tags.images=crop.875,preprocessed,using-opencv --dep_add_tags.library=tflite,v2.4.1,with.ruy --env.CK_LOADGEN_DATASET_SIZE=1024 --env.CK_LOADGEN_SCENARIO=SingleStream --env.CK_LOADGEN_MODE=PerformanceOnly --env.CK_LOADGEN_TARGET_LATENCY=5 --skip_stat_analysis --process_multi_keys --repetitions=1 --record --record_repo=local --record_uoa=mlperf-open-xavier-tflite-v2.4.1-ruy-mobilenet-v1-0.5-160-non-quantized-singlestream-performance-target_latency.5-power.workload --tags=mlperf,division.open,task.image-classification,platform.xavier,scenario.singlestream,mode.performance,workload.mobilenet-v1-0.5-160-non-quantized,preprocessed_using.opencv,inference_engine.tflite,inference_engine_version.v2.4.1,inference_engine_backend.ruy,target_latency.5,power.workload\'}}" && cat `ck find program:image-classification-tflite-loadgen`/tmp/mlperf_log_summary.txt && mkdir -p "$CK_MLPERF_POWER_CLIENT_LOADGEN_LOGS" && cp "$CK_MLPERF_POWER_CLIENT_LOADGEN_LOGS"/../mlperf_log_* "$CK_MLPERF_POWER_CLIENT_LOADGEN_LOGS"/'
client 2021-02-27 12:42:37,725 [INFO] Sending command to the server: 'session,2021-02-27_12-21-08,stop,testing'
client 2021-02-27 12:42:47,784 [INFO] Got response: 'OK'
client 2021-02-27 12:42:47,785 [INFO] Done runs
