ptd-server 2021-02-27 12:21:08,933 [INFO] Got command from the client 'time'
ptd-server 2021-02-27 12:21:08,933 [INFO] Sending reply to client '1614428468.933142'
ptd-server 2021-02-27 12:21:08,934 [INFO] Got command from the client 'new,,84bbfed2-f50b-4403-936a-f16ebfecf4ab'
ptd-server 2021-02-27 12:21:08,934 [INFO] Sending reply to client 'OK 2021-02-27_12-21-08,7aefa7f0-2108-4d1e-ba0d-c89aa918ddd3'
ptd-server 2021-02-27 12:21:08,972 [INFO] Got command from the client 'time'
ptd-server 2021-02-27 12:21:08,972 [INFO] Sending reply to client '1614428468.9728568'
ptd-server 2021-02-27 12:21:08,973 [INFO] Got command from the client 'session,2021-02-27_12-21-08,start,ranging'
ptd-server 2021-02-27 12:21:08,974 [INFO] Running PTDaemon: ['/home/anton/projects/mlperf/power/inference_v1.0/ptd-linux-x86', '-l', 'ptd.log', '-p', '8888', '52', '/dev/usbtmc0']
ptd-server 2021-02-27 12:21:26,142 [INFO] Sending to ptd: 'Hello'
ptd-server 2021-02-27 12:21:26,143 [INFO] Reply from ptd: 'Hello, PTDaemon here!'
ptd-server 2021-02-27 12:21:26,143 [INFO] Sending to ptd: 'Identify'
ptd-server 2021-02-27 12:21:26,143 [INFO] Reply from ptd: 'YokogawaWT330E,1000,1,1,1,1,0,0,1,version=1.9.2-e8c7a49a-20201208,OS=Linux 5.8.0-43-generic #49~20.04.1-Ubuntu SMP Fri Feb 5 09:57:56 UTC 2021 x86_64,mode=power,1,1,1,0,0,no_cal_date,YOKOGAWA;WT333E;C3VD30030E;F1.04'
ptd-server 2021-02-27 12:21:26,143 [INFO] Connected to PTDaemon
ptd-server 2021-02-27 12:21:26,144 [INFO] Sending to ptd: 'RR'
ptd-server 2021-02-27 12:21:26,144 [INFO] Reply from ptd: 'Ranges,0,0.500000,0,300.000000'
ptd-server 2021-02-27 12:21:26,144 [INFO] Initial range for Amps is 0.500000 for Volts is 300.000000
ptd-server 2021-02-27 12:21:26,144 [INFO] Sending to ptd: 'SR,V,Auto'
ptd-server 2021-02-27 12:21:26,647 [INFO] Reply from ptd: 'Range V changed'
ptd-server 2021-02-27 12:21:26,647 [INFO] Sending to ptd: 'SR,A,Auto'
ptd-server 2021-02-27 12:21:27,149 [INFO] Reply from ptd: 'Range A changed'
ptd-server 2021-02-27 12:21:37,159 [INFO] Starting ranging mode
ptd-server 2021-02-27 12:21:37,160 [INFO] Sending to ptd: 'Go,1000,0,2021-02-27_12-21-08_ranging'
ptd-server 2021-02-27 12:21:37,160 [INFO] Reply from ptd: 'Starting untimed measurement, maximum 500000 samples at 1000ms with 0 rampup samples'
ptd-server 2021-02-27 12:21:37,160 [INFO] Sending reply to client 'OK'
ptd-server 2021-02-27 12:31:55,714 [INFO] Got command from the client 'session,2021-02-27_12-21-08,stop,ranging'
ptd-server 2021-02-27 12:32:05,725 [INFO] Sending to ptd: 'Stop'
ptd-server 2021-02-27 12:32:05,725 [INFO] Reply from ptd: 'Stopping untimed measurement'
ptd-server 2021-02-27 12:32:05,815 [INFO] Sending reply to client 'OK'
ptd-server 2021-02-27 12:32:05,852 [INFO] Got command from the client 'time'
ptd-server 2021-02-27 12:32:05,852 [INFO] Sending reply to client '1614429125.8525128'
ptd-server 2021-02-27 12:32:05,853 [INFO] Got command from the client 'session,2021-02-27_12-21-08,start,testing'
ptd-server 2021-02-27 12:32:05,853 [INFO] Sending to ptd: 'SR,V,250.230000'
ptd-server 2021-02-27 12:32:07,662 [INFO] Reply from ptd: 'Range V changed'
ptd-server 2021-02-27 12:32:07,662 [INFO] Sending to ptd: 'SR,A,0.206380'
ptd-server 2021-02-27 12:32:09,163 [INFO] Reply from ptd: 'Range A changed'
ptd-server 2021-02-27 12:32:19,173 [INFO] Starting testing mode
ptd-server 2021-02-27 12:32:19,174 [INFO] Sending to ptd: 'Go,1000,0,2021-02-27_12-21-08_testing'
ptd-server 2021-02-27 12:32:19,174 [INFO] Reply from ptd: 'Starting untimed measurement, maximum 500000 samples at 1000ms with 0 rampup samples'
ptd-server 2021-02-27 12:32:19,174 [INFO] Sending reply to client 'OK'
ptd-server 2021-02-27 12:42:37,731 [INFO] Got command from the client 'session,2021-02-27_12-21-08,stop,testing'
ptd-server 2021-02-27 12:42:47,742 [INFO] Sending to ptd: 'Stop'
ptd-server 2021-02-27 12:42:47,742 [INFO] Reply from ptd: 'Stopping untimed measurement'
ptd-server 2021-02-27 12:42:47,789 [INFO] Sending reply to client 'OK'
ptd-server 2021-02-27 12:42:47,792 [INFO] Got command from the client 'session,2021-02-27_12-21-08,upload,client.log'
ptd-server 2021-02-27 12:42:47,793 [INFO] Received '/home/anton/projects/mlperf/power-dev/output/2021-02-27_12-21-08client.log.tmp'
ptd-server 2021-02-27 12:42:47,793 [INFO] Removed '/home/anton/projects/mlperf/power-dev/output/2021-02-27_12-21-08client.log.tmp'
ptd-server 2021-02-27 12:42:47,793 [INFO] Sending reply to client 'OK'
ptd-server 2021-02-27 12:42:47,797 [INFO] Got command from the client 'session,2021-02-27_12-21-08,upload,client.json'
ptd-server 2021-02-27 12:42:47,798 [INFO] Received '/home/anton/projects/mlperf/power-dev/output/2021-02-27_12-21-08client.json.tmp'
ptd-server 2021-02-27 12:42:47,798 [INFO] Removed '/home/anton/projects/mlperf/power-dev/output/2021-02-27_12-21-08client.json.tmp'
ptd-server 2021-02-27 12:42:47,798 [INFO] Sending reply to client 'OK'
ptd-server 2021-02-27 12:42:47,799 [INFO] Got command from the client 'session,2021-02-27_12-21-08,done'
ptd-server 2021-02-27 12:42:47,799 [INFO] Sending to ptd: 'Stop'
ptd-server 2021-02-27 12:42:48,175 [INFO] Reply from ptd: 'Error: no measurement to stop'
ptd-server 2021-02-27 12:42:48,175 [INFO] Sending to ptd: 'SR,V,300.000000'
ptd-server 2021-02-27 12:42:49,676 [INFO] Reply from ptd: 'Range V changed'
ptd-server 2021-02-27 12:42:49,677 [INFO] Sending to ptd: 'SR,A,0.500000'
ptd-server 2021-02-27 12:42:51,178 [INFO] Reply from ptd: 'Range A changed'
ptd-server 2021-02-27 12:42:51,178 [INFO] Set initial values for Amps 0.500000 and Volts 300.000000
ptd-server 2021-02-27 12:42:51,178 [INFO] Stopping ptd...
