client 2021-03-01 01:50:08,031 [INFO] Sending command to the server: 'mlcommons/power client v3'
client 2021-03-01 01:50:08,032 [INFO] Got response: 'mlcommons/power server v3'
client 2021-03-01 01:50:08,032 [INFO] Synchronizing with the server and with time.google.com...
client 2021-03-01 01:50:08,074 [INFO] NTP:offset = 0.008 s, delay = 0.034 s 
client 2021-03-01 01:50:08,074 [INFO] Sending command to the server: 'time'
client 2021-03-01 01:50:08,075 [INFO] Got response: '1614563408.08102'
client 2021-03-01 01:50:08,075 [INFO] The time difference between the client and the server is within range -6.610 ms..-5.493 ms
client 2021-03-01 01:50:08,075 [INFO] Sending command to the server: 'new,,020716db-cb1e-45f2-8d1e-a3f9f7e5839e'
client 2021-03-01 01:50:08,077 [INFO] Got response: 'OK 2021-03-01_01-50-08,e76a7156-c112-409d-9624-923226280bc6'
client 2021-03-01 01:50:08,077 [INFO] Session id is '2021-03-01_01-50-08'
client 2021-03-01 01:50:08,077 [INFO] Sources: {"sources": {"client.py": "d1e75cb4b26101220ebd242e584cf3ca5d8f1996", "lib/__init__.py": "da39a3ee5e6b4b0d3255bfef95601890afd80709", "lib/client.py": "d42bebf5b74cb6ff3997e2a6c68422afac111a28", "lib/common.py": "b0bad80d8fa328a7636027d4d66ff453f8dd7889", "lib/external/ntplib.py": "4da8f970656505a40483206ef2b5d3dd5e81711d", "lib/server.py": "2ed36471c7af565d6c8438b2134edad1d7ddf166", "lib/source_hashes.py": "4cedff274c661cb1504052018fd4f00dfbf624ef", "lib/summary.py": "0db15d783907aa92038281af4e465545c0648ddb", "lib/time_sync.py": "76051226ec89287839723352f4162aaa24e0546a", "server.py": "99e1310e3f76292aef1b8792ce6b8c82f1d44d8b", "tests/unit/test_server.py": "64f11775bfed35232a0e8bb9593c0ff992432c59", "tests/unit/test_source_hashes.py": "cb41a7261eaf7d94ba5c0aae9c523174f6204be3"}, "modules": {"__main__": "client.py", "lib.client": "lib/client.py", "lib.common": "lib/common.py", "lib.external.ntplib": "lib/external/ntplib.py", "lib.source_hashes": "lib/source_hashes.py", "lib.summary": "lib/summary.py", "lib.time_sync": "lib/time_sync.py"}}
client 2021-03-01 01:50:08,078 [INFO] Running workload in ranging mode
client 2021-03-01 01:50:08,078 [INFO] Synchronizing with the server and with time.google.com...
client 2021-03-01 01:50:08,116 [INFO] NTP:offset = 0.009 s, delay = 0.035 s 
client 2021-03-01 01:50:08,116 [INFO] Sending command to the server: 'time'
client 2021-03-01 01:50:08,117 [INFO] Got response: '1614563408.122889'
client 2021-03-01 01:50:08,117 [INFO] The time difference between the client and the server is within range -6.662 ms..-5.470 ms
client 2021-03-01 01:50:08,117 [INFO] Sending command to the server: 'session,2021-03-01_01-50-08,start,ranging'
client 2021-03-01 01:50:36,305 [INFO] Got response: 'OK'
client 2021-03-01 01:50:36,306 [INFO] Running the workload 'ck benchmark program:image-classification-armnn-tflite-loadgen --env.CK_SILENT_MODE=YES --skip_print_timers --dep_add_tags.compiler=gcc,v7 --dep_add_tags.python=v3 --dep_add_tags.mlperf-inference-src=r1.0 --dep_add_tags.weights=efficientnet,lite0,quantized --dep_add_tags.images=crop.875,preprocessed,using-opencv --dep_add_tags.library=armnn,rel.21.02,neon --env.CK_LOADGEN_DATASET_SIZE=1024 --env.USE_NEON=1 --env.CK_LOADGEN_SCENARIO=SingleStream --env.CK_LOADGEN_MODE=PerformanceOnly --env.CK_LOADGEN_TARGET_LATENCY=15 --skip_stat_analysis --process_multi_keys --repetitions=1 --record --record_repo=local --record_uoa=mlperf-open-xavier-armnn-v21.02-neon-efficientnet-lite0-quantized-singlestream-performance-target_latency.15-power.workload --tags=mlperf,division.open,task.image-classification,platform.xavier,scenario.singlestream,mode.performance,workload.efficientnet-lite0-quantized,preprocessed_using.opencv,inference_engine.armnn,inference_engine_version.v21.02,inference_engine_backend.neon,target_latency.15,power.workload "@@@{\'meta\': {\'ck_benchmark_program\': \'ck benchmark program:image-classification-armnn-tflite-loadgen --env.CK_SILENT_MODE=YES --skip_print_timers --dep_add_tags.compiler=gcc,v7 --dep_add_tags.python=v3 --dep_add_tags.mlperf-inference-src=r1.0 --dep_add_tags.weights=efficientnet,lite0,quantized --dep_add_tags.images=crop.875,preprocessed,using-opencv --dep_add_tags.library=armnn,rel.21.02,neon --env.CK_LOADGEN_DATASET_SIZE=1024 --env.USE_NEON=1 --env.CK_LOADGEN_SCENARIO=SingleStream --env.CK_LOADGEN_MODE=PerformanceOnly --env.CK_LOADGEN_TARGET_LATENCY=15 --skip_stat_analysis --process_multi_keys --repetitions=1 --record --record_repo=local --record_uoa=mlperf-open-xavier-armnn-v21.02-neon-efficientnet-lite0-quantized-singlestream-performance-target_latency.15-power.workload --tags=mlperf,division.open,task.image-classification,platform.xavier,scenario.singlestream,mode.performance,workload.efficientnet-lite0-quantized,preprocessed_using.opencv,inference_engine.armnn,inference_engine_version.v21.02,inference_engine_backend.neon,target_latency.15,power.workload\'}}" && cat `ck find program:image-classification-armnn-tflite-loadgen`/tmp/mlperf_log_summary.txt && mkdir -p "$CK_MLPERF_POWER_CLIENT_LOADGEN_LOGS" && cp "$CK_MLPERF_POWER_CLIENT_LOADGEN_LOGS"/../mlperf_log_* "$CK_MLPERF_POWER_CLIENT_LOADGEN_LOGS"/'
client 2021-03-01 02:00:51,343 [INFO] Sending command to the server: 'session,2021-03-01_01-50-08,stop,ranging'
client 2021-03-01 02:01:01,584 [INFO] Got response: 'OK'
client 2021-03-01 02:01:01,585 [INFO] Running workload in testing mode
client 2021-03-01 02:01:01,585 [INFO] Synchronizing with the server and with time.google.com...
client 2021-03-01 02:01:01,614 [INFO] NTP:offset = 0.007 s, delay = 0.026 s 
client 2021-03-01 02:01:01,614 [INFO] Sending command to the server: 'time'
client 2021-03-01 02:01:01,615 [INFO] Got response: '1614564061.6217444'
client 2021-03-01 02:01:01,615 [INFO] The time difference between the client and the server is within range -7.069 ms..-5.908 ms
client 2021-03-01 02:01:01,616 [INFO] Sending command to the server: 'session,2021-03-01_01-50-08,start,testing'
client 2021-03-01 02:01:15,319 [INFO] Got response: 'OK'
client 2021-03-01 02:01:15,320 [INFO] Running the workload 'ck benchmark program:image-classification-armnn-tflite-loadgen --env.CK_SILENT_MODE=YES --skip_print_timers --dep_add_tags.compiler=gcc,v7 --dep_add_tags.python=v3 --dep_add_tags.mlperf-inference-src=r1.0 --dep_add_tags.weights=efficientnet,lite0,quantized --dep_add_tags.images=crop.875,preprocessed,using-opencv --dep_add_tags.library=armnn,rel.21.02,neon --env.CK_LOADGEN_DATASET_SIZE=1024 --env.USE_NEON=1 --env.CK_LOADGEN_SCENARIO=SingleStream --env.CK_LOADGEN_MODE=PerformanceOnly --env.CK_LOADGEN_TARGET_LATENCY=15 --skip_stat_analysis --process_multi_keys --repetitions=1 --record --record_repo=local --record_uoa=mlperf-open-xavier-armnn-v21.02-neon-efficientnet-lite0-quantized-singlestream-performance-target_latency.15-power.workload --tags=mlperf,division.open,task.image-classification,platform.xavier,scenario.singlestream,mode.performance,workload.efficientnet-lite0-quantized,preprocessed_using.opencv,inference_engine.armnn,inference_engine_version.v21.02,inference_engine_backend.neon,target_latency.15,power.workload "@@@{\'meta\': {\'ck_benchmark_program\': \'ck benchmark program:image-classification-armnn-tflite-loadgen --env.CK_SILENT_MODE=YES --skip_print_timers --dep_add_tags.compiler=gcc,v7 --dep_add_tags.python=v3 --dep_add_tags.mlperf-inference-src=r1.0 --dep_add_tags.weights=efficientnet,lite0,quantized --dep_add_tags.images=crop.875,preprocessed,using-opencv --dep_add_tags.library=armnn,rel.21.02,neon --env.CK_LOADGEN_DATASET_SIZE=1024 --env.USE_NEON=1 --env.CK_LOADGEN_SCENARIO=SingleStream --env.CK_LOADGEN_MODE=PerformanceOnly --env.CK_LOADGEN_TARGET_LATENCY=15 --skip_stat_analysis --process_multi_keys --repetitions=1 --record --record_repo=local --record_uoa=mlperf-open-xavier-armnn-v21.02-neon-efficientnet-lite0-quantized-singlestream-performance-target_latency.15-power.workload --tags=mlperf,division.open,task.image-classification,platform.xavier,scenario.singlestream,mode.performance,workload.efficientnet-lite0-quantized,preprocessed_using.opencv,inference_engine.armnn,inference_engine_version.v21.02,inference_engine_backend.neon,target_latency.15,power.workload\'}}" && cat `ck find program:image-classification-armnn-tflite-loadgen`/tmp/mlperf_log_summary.txt && mkdir -p "$CK_MLPERF_POWER_CLIENT_LOADGEN_LOGS" && cp "$CK_MLPERF_POWER_CLIENT_LOADGEN_LOGS"/../mlperf_log_* "$CK_MLPERF_POWER_CLIENT_LOADGEN_LOGS"/'
client 2021-03-01 02:11:30,365 [INFO] Sending command to the server: 'session,2021-03-01_01-50-08,stop,testing'
client 2021-03-01 02:11:40,508 [INFO] Got response: 'OK'
client 2021-03-01 02:11:40,509 [INFO] Done runs
