client 2021-03-06 21:54:50,747 [INFO] Sending command to the server: 'mlcommons/power client v3'
client 2021-03-06 21:54:50,750 [INFO] Got response: 'mlcommons/power server v3'
client 2021-03-06 21:54:50,750 [INFO] Synchronizing with the server and with time.google.com...
client 2021-03-06 21:54:50,790 [INFO] NTP:offset = -0.003 s, delay = 0.031 s 
client 2021-03-06 21:54:50,791 [INFO] Sending command to the server: 'time'
client 2021-03-06 21:54:50,793 [INFO] Got response: '1615067690.7877624'
client 2021-03-06 21:54:50,794 [INFO] The time difference between the client and the server is within range 3.350 ms..6.222 ms
client 2021-03-06 21:54:50,794 [INFO] Sending command to the server: 'new,,b615ec71-fa60-41ee-9cc4-2c262e037e5a'
client 2021-03-06 21:54:50,798 [INFO] Got response: 'OK 2021-03-06_21-54-50,611c55f7-88a3-4b23-b086-b8603c861bd2'
client 2021-03-06 21:54:50,798 [INFO] Session id is '2021-03-06_21-54-50'
client 2021-03-06 21:54:50,798 [INFO] Sources: {"sources": {"client.py": "d1e75cb4b26101220ebd242e584cf3ca5d8f1996", "lib/__init__.py": "da39a3ee5e6b4b0d3255bfef95601890afd80709", "lib/client.py": "d42bebf5b74cb6ff3997e2a6c68422afac111a28", "lib/common.py": "b0bad80d8fa328a7636027d4d66ff453f8dd7889", "lib/external/ntplib.py": "4da8f970656505a40483206ef2b5d3dd5e81711d", "lib/server.py": "2ed36471c7af565d6c8438b2134edad1d7ddf166", "lib/source_hashes.py": "4cedff274c661cb1504052018fd4f00dfbf624ef", "lib/summary.py": "0db15d783907aa92038281af4e465545c0648ddb", "lib/time_sync.py": "76051226ec89287839723352f4162aaa24e0546a", "server.py": "99e1310e3f76292aef1b8792ce6b8c82f1d44d8b", "tests/unit/test_server.py": "64f11775bfed35232a0e8bb9593c0ff992432c59", "tests/unit/test_source_hashes.py": "cb41a7261eaf7d94ba5c0aae9c523174f6204be3"}, "modules": {"__main__": "client.py", "lib.client": "lib/client.py", "lib.common": "lib/common.py", "lib.external.ntplib": "lib/external/ntplib.py", "lib.source_hashes": "lib/source_hashes.py", "lib.summary": "lib/summary.py", "lib.time_sync": "lib/time_sync.py"}}
client 2021-03-06 21:54:50,799 [INFO] Running workload in ranging mode
client 2021-03-06 21:54:50,799 [INFO] Synchronizing with the server and with time.google.com...
client 2021-03-06 21:54:50,830 [INFO] NTP:offset = -0.001 s, delay = 0.029 s 
client 2021-03-06 21:54:50,830 [INFO] Sending command to the server: 'time'
client 2021-03-06 21:54:50,833 [INFO] Got response: '1615067690.8275983'
client 2021-03-06 21:54:50,833 [INFO] The time difference between the client and the server is within range 3.357 ms..6.254 ms
client 2021-03-06 21:54:50,834 [INFO] Sending command to the server: 'session,2021-03-06_21-54-50,start,ranging'
client 2021-03-06 21:55:19,023 [INFO] Got response: 'OK'
client 2021-03-06 21:55:19,023 [INFO] Running the workload 'ck benchmark program:image-classification-tflite-loadgen --env.CK_SILENT_MODE=YES --skip_print_timers --dep_add_tags.compiler=gcc,v9 --dep_add_tags.python=v3 --dep_add_tags.mlperf-inference-src=r1.0 --dep_add_tags.weights=mobilenet,v3-large_224_1.0_uint8 --dep_add_tags.images=crop.875,preprocessed,using-opencv --dep_add_tags.library=tflite,v2.4.1,with.ruy --env.CK_LOADGEN_DATASET_SIZE=1024 --env.CK_LOADGEN_MODE=PerformanceOnly --env.CK_LOADGEN_SCENARIO=SingleStream --env.CK_LOADGEN_TARGET_LATENCY=$CK_LOADGEN_TARGET_LATENCY --env.CK_FAN_MODE=on --skip_stat_analysis --process_multi_keys --repetitions=1 --record --record_repo=local --record_uoa=mlperf-open-rpi4coral-tflite-v2.4.1-ruy-mobilenet-v3-large_224_1.0_uint8-singlestream-performance-target_latency.$CK_LOADGEN_TARGET_LATENCY-fan_mode.on-power.workload --tags=mlperf,division.open,task.image-classification,platform.rpi4coral,scenario.singlestream,mode.performance,workload.mobilenet-v3-large_224_1.0_uint8,preprocessed_using.opencv,inference_engine.tflite,inference_engine_version.v2.4.1,inference_engine_backend.ruy,target_latency.$CK_LOADGEN_TARGET_LATENCY,fan_mode.on,power.workload "@@@{\'meta\': {\'ck_benchmark_program\': \'ck benchmark program:image-classification-tflite-loadgen --env.CK_SILENT_MODE=YES --skip_print_timers --dep_add_tags.compiler=gcc,v9 --dep_add_tags.python=v3 --dep_add_tags.mlperf-inference-src=r1.0 --dep_add_tags.weights=mobilenet,v3-large_224_1.0_uint8 --dep_add_tags.images=crop.875,preprocessed,using-opencv --dep_add_tags.library=tflite,v2.4.1,with.ruy --env.CK_LOADGEN_DATASET_SIZE=1024 --env.CK_LOADGEN_MODE=PerformanceOnly --env.CK_LOADGEN_SCENARIO=SingleStream --env.CK_LOADGEN_TARGET_LATENCY=$CK_LOADGEN_TARGET_LATENCY --env.CK_FAN_MODE=on --skip_stat_analysis --process_multi_keys --repetitions=1 --record --record_repo=local --record_uoa=mlperf-open-rpi4coral-tflite-v2.4.1-ruy-mobilenet-v3-large_224_1.0_uint8-singlestream-performance-target_latency.$CK_LOADGEN_TARGET_LATENCY-fan_mode.on-power.workload --tags=mlperf,division.open,task.image-classification,platform.rpi4coral,scenario.singlestream,mode.performance,workload.mobilenet-v3-large_224_1.0_uint8,preprocessed_using.opencv,inference_engine.tflite,inference_engine_version.v2.4.1,inference_engine_backend.ruy,target_latency.$CK_LOADGEN_TARGET_LATENCY,fan_mode.on,power.workload\'}}" && cat `ck find program:image-classification-tflite-loadgen`/tmp/mlperf_log_summary.txt && mkdir -p "$CK_MLPERF_POWER_CLIENT_LOADGEN_LOGS" && cp "$CK_MLPERF_POWER_CLIENT_LOADGEN_LOGS"/../mlperf_log_* "$CK_MLPERF_POWER_CLIENT_LOADGEN_LOGS"/'
client 2021-03-06 22:05:51,142 [INFO] Sending command to the server: 'session,2021-03-06_21-54-50,stop,ranging'
client 2021-03-06 22:06:01,634 [INFO] Got response: 'OK'
client 2021-03-06 22:06:01,636 [INFO] Running workload in testing mode
client 2021-03-06 22:06:01,636 [INFO] Synchronizing with the server and with time.google.com...
client 2021-03-06 22:06:01,689 [INFO] NTP:offset = -0.002 s, delay = 0.028 s 
client 2021-03-06 22:06:01,690 [INFO] Sending command to the server: 'time'
client 2021-03-06 22:06:01,693 [INFO] Got response: '1615068361.6861463'
client 2021-03-06 22:06:01,693 [INFO] The time difference between the client and the server is within range 4.018 ms..7.726 ms
client 2021-03-06 22:06:01,694 [INFO] Sending command to the server: 'session,2021-03-06_21-54-50,start,testing'
client 2021-03-06 22:06:15,038 [INFO] Got response: 'OK'
client 2021-03-06 22:06:15,039 [INFO] Running the workload 'ck benchmark program:image-classification-tflite-loadgen --env.CK_SILENT_MODE=YES --skip_print_timers --dep_add_tags.compiler=gcc,v9 --dep_add_tags.python=v3 --dep_add_tags.mlperf-inference-src=r1.0 --dep_add_tags.weights=mobilenet,v3-large_224_1.0_uint8 --dep_add_tags.images=crop.875,preprocessed,using-opencv --dep_add_tags.library=tflite,v2.4.1,with.ruy --env.CK_LOADGEN_DATASET_SIZE=1024 --env.CK_LOADGEN_MODE=PerformanceOnly --env.CK_LOADGEN_SCENARIO=SingleStream --env.CK_LOADGEN_TARGET_LATENCY=$CK_LOADGEN_TARGET_LATENCY --env.CK_FAN_MODE=on --skip_stat_analysis --process_multi_keys --repetitions=1 --record --record_repo=local --record_uoa=mlperf-open-rpi4coral-tflite-v2.4.1-ruy-mobilenet-v3-large_224_1.0_uint8-singlestream-performance-target_latency.$CK_LOADGEN_TARGET_LATENCY-fan_mode.on-power.workload --tags=mlperf,division.open,task.image-classification,platform.rpi4coral,scenario.singlestream,mode.performance,workload.mobilenet-v3-large_224_1.0_uint8,preprocessed_using.opencv,inference_engine.tflite,inference_engine_version.v2.4.1,inference_engine_backend.ruy,target_latency.$CK_LOADGEN_TARGET_LATENCY,fan_mode.on,power.workload "@@@{\'meta\': {\'ck_benchmark_program\': \'ck benchmark program:image-classification-tflite-loadgen --env.CK_SILENT_MODE=YES --skip_print_timers --dep_add_tags.compiler=gcc,v9 --dep_add_tags.python=v3 --dep_add_tags.mlperf-inference-src=r1.0 --dep_add_tags.weights=mobilenet,v3-large_224_1.0_uint8 --dep_add_tags.images=crop.875,preprocessed,using-opencv --dep_add_tags.library=tflite,v2.4.1,with.ruy --env.CK_LOADGEN_DATASET_SIZE=1024 --env.CK_LOADGEN_MODE=PerformanceOnly --env.CK_LOADGEN_SCENARIO=SingleStream --env.CK_LOADGEN_TARGET_LATENCY=$CK_LOADGEN_TARGET_LATENCY --env.CK_FAN_MODE=on --skip_stat_analysis --process_multi_keys --repetitions=1 --record --record_repo=local --record_uoa=mlperf-open-rpi4coral-tflite-v2.4.1-ruy-mobilenet-v3-large_224_1.0_uint8-singlestream-performance-target_latency.$CK_LOADGEN_TARGET_LATENCY-fan_mode.on-power.workload --tags=mlperf,division.open,task.image-classification,platform.rpi4coral,scenario.singlestream,mode.performance,workload.mobilenet-v3-large_224_1.0_uint8,preprocessed_using.opencv,inference_engine.tflite,inference_engine_version.v2.4.1,inference_engine_backend.ruy,target_latency.$CK_LOADGEN_TARGET_LATENCY,fan_mode.on,power.workload\'}}" && cat `ck find program:image-classification-tflite-loadgen`/tmp/mlperf_log_summary.txt && mkdir -p "$CK_MLPERF_POWER_CLIENT_LOADGEN_LOGS" && cp "$CK_MLPERF_POWER_CLIENT_LOADGEN_LOGS"/../mlperf_log_* "$CK_MLPERF_POWER_CLIENT_LOADGEN_LOGS"/'
client 2021-03-06 22:16:52,040 [INFO] Sending command to the server: 'session,2021-03-06_21-54-50,stop,testing'
client 2021-03-06 22:17:02,306 [INFO] Got response: 'OK'
client 2021-03-06 22:17:02,307 [INFO] Done runs
