ptd-server 2021-03-06 21:54:50,787 [INFO] Got command from the client 'time'
ptd-server 2021-03-06 21:54:50,787 [INFO] Sending reply to client '1615067690.7877624'
ptd-server 2021-03-06 21:54:50,790 [INFO] Got command from the client 'new,,b615ec71-fa60-41ee-9cc4-2c262e037e5a'
ptd-server 2021-03-06 21:54:50,791 [INFO] Sending reply to client 'OK 2021-03-06_21-54-50,611c55f7-88a3-4b23-b086-b8603c861bd2'
ptd-server 2021-03-06 21:54:50,827 [INFO] Got command from the client 'time'
ptd-server 2021-03-06 21:54:50,827 [INFO] Sending reply to client '1615067690.8275983'
ptd-server 2021-03-06 21:54:50,831 [INFO] Got command from the client 'session,2021-03-06_21-54-50,start,ranging'
ptd-server 2021-03-06 21:54:50,831 [INFO] Running PTDaemon: ['/home/anton/projects/mlperf/power/inference_v1.0/ptd-linux-x86', '-l', 'ptd.log', '-p', '8888', '52', '/dev/usbtmc0']
ptd-server 2021-03-06 21:55:07,999 [INFO] Sending to ptd: 'Hello'
ptd-server 2021-03-06 21:55:07,999 [INFO] Reply from ptd: 'Hello, PTDaemon here!'
ptd-server 2021-03-06 21:55:07,999 [INFO] Sending to ptd: 'Identify'
ptd-server 2021-03-06 21:55:08,000 [INFO] Reply from ptd: 'YokogawaWT330E,1000,1,1,1,1,0,0,1,version=1.9.2-e8c7a49a-20201208,OS=Linux 5.8.0-43-generic #49~20.04.1-Ubuntu SMP Fri Feb 5 09:57:56 UTC 2021 x86_64,mode=power,1,1,1,0,0,no_cal_date,YOKOGAWA;WT333E;C3VD30030E;F1.04'
ptd-server 2021-03-06 21:55:08,000 [INFO] Connected to PTDaemon
ptd-server 2021-03-06 21:55:08,000 [INFO] Sending to ptd: 'RR'
ptd-server 2021-03-06 21:55:08,000 [INFO] Reply from ptd: 'Ranges,0,0.500000,0,300.000000'
ptd-server 2021-03-06 21:55:08,000 [INFO] Initial range for Amps is 0.500000 for Volts is 300.000000
ptd-server 2021-03-06 21:55:08,001 [INFO] Sending to ptd: 'SR,V,Auto'
ptd-server 2021-03-06 21:55:08,503 [INFO] Reply from ptd: 'Range V changed'
ptd-server 2021-03-06 21:55:08,503 [INFO] Sending to ptd: 'SR,A,Auto'
ptd-server 2021-03-06 21:55:09,006 [INFO] Reply from ptd: 'Range A changed'
ptd-server 2021-03-06 21:55:19,016 [INFO] Starting ranging mode
ptd-server 2021-03-06 21:55:19,016 [INFO] Sending to ptd: 'Go,1000,0,2021-03-06_21-54-50_ranging'
ptd-server 2021-03-06 21:55:19,017 [INFO] Reply from ptd: 'Starting untimed measurement, maximum 500000 samples at 1000ms with 0 rampup samples'
ptd-server 2021-03-06 21:55:19,017 [INFO] Sending reply to client 'OK'
ptd-server 2021-03-06 22:05:51,139 [INFO] Got command from the client 'session,2021-03-06_21-54-50,stop,ranging'
ptd-server 2021-03-06 22:06:01,149 [INFO] Sending to ptd: 'Stop'
ptd-server 2021-03-06 22:06:01,149 [INFO] Reply from ptd: 'Stopping untimed measurement'
ptd-server 2021-03-06 22:06:01,627 [INFO] Sending reply to client 'OK'
ptd-server 2021-03-06 22:06:01,686 [INFO] Got command from the client 'time'
ptd-server 2021-03-06 22:06:01,686 [INFO] Sending reply to client '1615068361.6861463'
ptd-server 2021-03-06 22:06:01,690 [INFO] Got command from the client 'session,2021-03-06_21-54-50,start,testing'
ptd-server 2021-03-06 22:06:01,690 [INFO] Sending to ptd: 'SR,V,251.860000'
ptd-server 2021-03-06 22:06:03,518 [INFO] Reply from ptd: 'Range V changed'
ptd-server 2021-03-06 22:06:03,519 [INFO] Sending to ptd: 'SR,A,0.059800'
ptd-server 2021-03-06 22:06:05,020 [INFO] Reply from ptd: 'Range A changed'
ptd-server 2021-03-06 22:06:15,030 [INFO] Starting testing mode
ptd-server 2021-03-06 22:06:15,030 [INFO] Sending to ptd: 'Go,1000,0,2021-03-06_21-54-50_testing'
ptd-server 2021-03-06 22:06:15,031 [INFO] Reply from ptd: 'Starting untimed measurement, maximum 500000 samples at 1000ms with 0 rampup samples'
ptd-server 2021-03-06 22:06:15,031 [INFO] Sending reply to client 'OK'
ptd-server 2021-03-06 22:16:52,039 [INFO] Got command from the client 'session,2021-03-06_21-54-50,stop,testing'
ptd-server 2021-03-06 22:17:02,050 [INFO] Sending to ptd: 'Stop'
ptd-server 2021-03-06 22:17:02,050 [INFO] Reply from ptd: 'Stopping untimed measurement'
ptd-server 2021-03-06 22:17:02,299 [INFO] Sending reply to client 'OK'
ptd-server 2021-03-06 22:17:02,308 [INFO] Got command from the client 'session,2021-03-06_21-54-50,upload,client.log'
ptd-server 2021-03-06 22:17:02,311 [INFO] Received '/home/anton/projects/mlperf/power-dev/output/2021-03-06_21-54-50client.log.tmp'
ptd-server 2021-03-06 22:17:02,312 [INFO] Removed '/home/anton/projects/mlperf/power-dev/output/2021-03-06_21-54-50client.log.tmp'
ptd-server 2021-03-06 22:17:02,312 [INFO] Sending reply to client 'OK'
ptd-server 2021-03-06 22:17:02,325 [INFO] Got command from the client 'session,2021-03-06_21-54-50,upload,client.json'
ptd-server 2021-03-06 22:17:02,328 [INFO] Received '/home/anton/projects/mlperf/power-dev/output/2021-03-06_21-54-50client.json.tmp'
ptd-server 2021-03-06 22:17:02,329 [INFO] Removed '/home/anton/projects/mlperf/power-dev/output/2021-03-06_21-54-50client.json.tmp'
ptd-server 2021-03-06 22:17:02,329 [INFO] Sending reply to client 'OK'
ptd-server 2021-03-06 22:17:02,332 [INFO] Got command from the client 'session,2021-03-06_21-54-50,done'
ptd-server 2021-03-06 22:17:02,332 [INFO] Sending to ptd: 'Stop'
ptd-server 2021-03-06 22:17:03,032 [INFO] Reply from ptd: 'Error: no measurement to stop'
ptd-server 2021-03-06 22:17:03,032 [INFO] Sending to ptd: 'SR,V,300.000000'
ptd-server 2021-03-06 22:17:04,533 [INFO] Reply from ptd: 'Range V changed'
ptd-server 2021-03-06 22:17:04,533 [INFO] Sending to ptd: 'SR,A,0.500000'
ptd-server 2021-03-06 22:17:06,035 [INFO] Reply from ptd: 'Range A changed'
ptd-server 2021-03-06 22:17:06,035 [INFO] Set initial values for Amps 0.500000 and Volts 300.000000
ptd-server 2021-03-06 22:17:06,035 [INFO] Stopping ptd...
