ptd-server 2021-03-09 03:17:28,809 [INFO] Got command from the client 'time'
ptd-server 2021-03-09 03:17:28,809 [INFO] Sending reply to client '1615259848.8093781'
ptd-server 2021-03-09 03:17:28,812 [INFO] Got command from the client 'new,,004200b3-2777-497d-9c42-8d921e3f6ba7'
ptd-server 2021-03-09 03:17:28,812 [INFO] Sending reply to client 'OK 2021-03-09_03-17-28,1d884c85-dd25-434a-9bbc-dca8eb538de0'
ptd-server 2021-03-09 03:17:28,859 [INFO] Got command from the client 'time'
ptd-server 2021-03-09 03:17:28,859 [INFO] Sending reply to client '1615259848.859228'
ptd-server 2021-03-09 03:17:28,861 [INFO] Got command from the client 'session,2021-03-09_03-17-28,start,ranging'
ptd-server 2021-03-09 03:17:28,861 [INFO] Running PTDaemon: ['/home/anton/projects/mlperf/power/inference_v1.0/ptd-linux-x86', '-l', 'ptd.log', '-p', '8888', '52', '/dev/usbtmc0']
ptd-server 2021-03-09 03:17:46,033 [INFO] Sending to ptd: 'Hello'
ptd-server 2021-03-09 03:17:46,034 [INFO] Reply from ptd: 'Hello, PTDaemon here!'
ptd-server 2021-03-09 03:17:46,034 [INFO] Sending to ptd: 'Identify'
ptd-server 2021-03-09 03:17:46,034 [INFO] Reply from ptd: 'YokogawaWT330E,1000,1,1,1,1,0,0,1,version=1.9.2-e8c7a49a-20201208,OS=Linux 5.8.0-43-generic #49~20.04.1-Ubuntu SMP Fri Feb 5 09:57:56 UTC 2021 x86_64,mode=power,1,1,1,0,0,no_cal_date,YOKOGAWA;WT333E;C3VD30030E;F1.04'
ptd-server 2021-03-09 03:17:46,035 [INFO] Connected to PTDaemon
ptd-server 2021-03-09 03:17:46,035 [INFO] Sending to ptd: 'RR'
ptd-server 2021-03-09 03:17:46,035 [INFO] Reply from ptd: 'Ranges,0,0.500000,0,300.000000'
ptd-server 2021-03-09 03:17:46,035 [INFO] Initial range for Amps is 0.500000 for Volts is 300.000000
ptd-server 2021-03-09 03:17:46,035 [INFO] Sending to ptd: 'SR,V,Auto'
ptd-server 2021-03-09 03:17:46,538 [INFO] Reply from ptd: 'Range V changed'
ptd-server 2021-03-09 03:17:46,538 [INFO] Sending to ptd: 'SR,A,Auto'
ptd-server 2021-03-09 03:17:47,040 [INFO] Reply from ptd: 'Range A changed'
ptd-server 2021-03-09 03:17:57,051 [INFO] Starting ranging mode
ptd-server 2021-03-09 03:17:57,051 [INFO] Sending to ptd: 'Go,1000,0,2021-03-09_03-17-28_ranging'
ptd-server 2021-03-09 03:17:57,051 [INFO] Reply from ptd: 'Starting untimed measurement, maximum 500000 samples at 1000ms with 0 rampup samples'
ptd-server 2021-03-09 03:17:57,051 [INFO] Sending reply to client 'OK'
ptd-server 2021-03-09 03:28:12,615 [INFO] Got command from the client 'session,2021-03-09_03-17-28,stop,ranging'
ptd-server 2021-03-09 03:28:22,625 [INFO] Sending to ptd: 'Stop'
ptd-server 2021-03-09 03:28:22,626 [INFO] Reply from ptd: 'Stopping untimed measurement'
ptd-server 2021-03-09 03:28:23,332 [INFO] Sending reply to client 'OK'
ptd-server 2021-03-09 03:28:23,387 [INFO] Got command from the client 'time'
ptd-server 2021-03-09 03:28:23,387 [INFO] Sending reply to client '1615260503.3879404'
ptd-server 2021-03-09 03:28:23,389 [INFO] Got command from the client 'session,2021-03-09_03-17-28,start,testing'
ptd-server 2021-03-09 03:28:23,390 [INFO] Sending to ptd: 'SR,V,251.280000'
ptd-server 2021-03-09 03:28:24,891 [INFO] Reply from ptd: 'Range V changed'
ptd-server 2021-03-09 03:28:24,891 [INFO] Sending to ptd: 'SR,A,0.127150'
ptd-server 2021-03-09 03:28:26,392 [INFO] Reply from ptd: 'Range A changed'
ptd-server 2021-03-09 03:28:36,403 [INFO] Starting testing mode
ptd-server 2021-03-09 03:28:36,403 [INFO] Sending to ptd: 'Go,1000,0,2021-03-09_03-17-28_testing'
ptd-server 2021-03-09 03:28:36,403 [INFO] Reply from ptd: 'Starting untimed measurement, maximum 500000 samples at 1000ms with 0 rampup samples'
ptd-server 2021-03-09 03:28:36,403 [INFO] Sending reply to client 'OK'
ptd-server 2021-03-09 03:38:51,622 [INFO] Got command from the client 'session,2021-03-09_03-17-28,stop,testing'
ptd-server 2021-03-09 03:39:01,632 [INFO] Sending to ptd: 'Stop'
ptd-server 2021-03-09 03:39:01,633 [INFO] Reply from ptd: 'Stopping untimed measurement'
ptd-server 2021-03-09 03:39:01,985 [INFO] Sending reply to client 'OK'
ptd-server 2021-03-09 03:39:01,995 [INFO] Got command from the client 'session,2021-03-09_03-17-28,upload,client.log'
ptd-server 2021-03-09 03:39:01,996 [INFO] Received '/home/anton/projects/mlperf/power-dev/output/2021-03-09_03-17-28client.log.tmp'
ptd-server 2021-03-09 03:39:01,997 [INFO] Removed '/home/anton/projects/mlperf/power-dev/output/2021-03-09_03-17-28client.log.tmp'
ptd-server 2021-03-09 03:39:01,997 [INFO] Sending reply to client 'OK'
ptd-server 2021-03-09 03:39:02,002 [INFO] Got command from the client 'session,2021-03-09_03-17-28,upload,client.json'
ptd-server 2021-03-09 03:39:02,003 [INFO] Received '/home/anton/projects/mlperf/power-dev/output/2021-03-09_03-17-28client.json.tmp'
ptd-server 2021-03-09 03:39:02,003 [INFO] Removed '/home/anton/projects/mlperf/power-dev/output/2021-03-09_03-17-28client.json.tmp'
ptd-server 2021-03-09 03:39:02,003 [INFO] Sending reply to client 'OK'
ptd-server 2021-03-09 03:39:02,004 [INFO] Got command from the client 'session,2021-03-09_03-17-28,done'
ptd-server 2021-03-09 03:39:02,004 [INFO] Sending to ptd: 'Stop'
ptd-server 2021-03-09 03:39:02,403 [INFO] Reply from ptd: 'Error: no measurement to stop'
ptd-server 2021-03-09 03:39:02,403 [INFO] Sending to ptd: 'SR,V,300.000000'
ptd-server 2021-03-09 03:39:03,905 [INFO] Reply from ptd: 'Range V changed'
ptd-server 2021-03-09 03:39:03,905 [INFO] Sending to ptd: 'SR,A,0.500000'
ptd-server 2021-03-09 03:39:05,406 [INFO] Reply from ptd: 'Range A changed'
ptd-server 2021-03-09 03:39:05,406 [INFO] Set initial values for Amps 0.500000 and Volts 300.000000
ptd-server 2021-03-09 03:39:05,407 [INFO] Stopping ptd...
