ptd-server 2021-03-08 00:38:29,173 [INFO] Got command from the client 'time'
ptd-server 2021-03-08 00:38:29,173 [INFO] Sending reply to client '1615163909.1736407'
ptd-server 2021-03-08 00:38:29,176 [INFO] Got command from the client 'new,,8c9508df-eeb8-4d42-b56e-453bedf06893'
ptd-server 2021-03-08 00:38:29,177 [INFO] Sending reply to client 'OK 2021-03-08_00-38-29,b92bff14-b439-4270-8516-99b143714088'
ptd-server 2021-03-08 00:38:29,222 [INFO] Got command from the client 'time'
ptd-server 2021-03-08 00:38:29,223 [INFO] Sending reply to client '1615163909.223035'
ptd-server 2021-03-08 00:38:29,226 [INFO] Got command from the client 'session,2021-03-08_00-38-29,start,ranging'
ptd-server 2021-03-08 00:38:29,226 [INFO] Running PTDaemon: ['/home/anton/projects/mlperf/power/inference_v1.0/ptd-linux-x86', '-l', 'ptd.log', '-p', '8888', '52', '/dev/usbtmc0']
ptd-server 2021-03-08 00:38:46,399 [INFO] Sending to ptd: 'Hello'
ptd-server 2021-03-08 00:38:46,400 [INFO] Reply from ptd: 'Hello, PTDaemon here!'
ptd-server 2021-03-08 00:38:46,400 [INFO] Sending to ptd: 'Identify'
ptd-server 2021-03-08 00:38:46,400 [INFO] Reply from ptd: 'YokogawaWT330E,1000,1,1,1,1,0,0,1,version=1.9.2-e8c7a49a-20201208,OS=Linux 5.8.0-43-generic #49~20.04.1-Ubuntu SMP Fri Feb 5 09:57:56 UTC 2021 x86_64,mode=power,1,1,1,0,0,no_cal_date,YOKOGAWA;WT333E;C3VD30030E;F1.04'
ptd-server 2021-03-08 00:38:46,400 [INFO] Connected to PTDaemon
ptd-server 2021-03-08 00:38:46,401 [INFO] Sending to ptd: 'RR'
ptd-server 2021-03-08 00:38:46,401 [INFO] Reply from ptd: 'Ranges,0,0.500000,0,300.000000'
ptd-server 2021-03-08 00:38:46,401 [INFO] Initial range for Amps is 0.500000 for Volts is 300.000000
ptd-server 2021-03-08 00:38:46,401 [INFO] Sending to ptd: 'SR,V,Auto'
ptd-server 2021-03-08 00:38:46,904 [INFO] Reply from ptd: 'Range V changed'
ptd-server 2021-03-08 00:38:46,904 [INFO] Sending to ptd: 'SR,A,Auto'
ptd-server 2021-03-08 00:38:47,406 [INFO] Reply from ptd: 'Range A changed'
ptd-server 2021-03-08 00:38:57,416 [INFO] Starting ranging mode
ptd-server 2021-03-08 00:38:57,417 [INFO] Sending to ptd: 'Go,1000,0,2021-03-08_00-38-29_ranging'
ptd-server 2021-03-08 00:38:57,417 [INFO] Reply from ptd: 'Starting untimed measurement, maximum 500000 samples at 1000ms with 0 rampup samples'
ptd-server 2021-03-08 00:38:57,417 [INFO] Sending reply to client 'OK'
ptd-server 2021-03-08 00:49:22,331 [INFO] Got command from the client 'session,2021-03-08_00-38-29,stop,ranging'
ptd-server 2021-03-08 00:49:32,341 [INFO] Sending to ptd: 'Stop'
ptd-server 2021-03-08 00:49:32,342 [INFO] Reply from ptd: 'Stopping untimed measurement'
ptd-server 2021-03-08 00:49:32,946 [INFO] Sending reply to client 'OK'
ptd-server 2021-03-08 00:49:32,991 [INFO] Got command from the client 'time'
ptd-server 2021-03-08 00:49:32,992 [INFO] Sending reply to client '1615164572.991967'
ptd-server 2021-03-08 00:49:32,996 [INFO] Got command from the client 'session,2021-03-08_00-38-29,start,testing'
ptd-server 2021-03-08 00:49:32,996 [INFO] Sending to ptd: 'SR,V,249.980000'
ptd-server 2021-03-08 00:49:34,498 [INFO] Reply from ptd: 'Range V changed'
ptd-server 2021-03-08 00:49:34,498 [INFO] Sending to ptd: 'SR,A,0.054960'
ptd-server 2021-03-08 00:49:35,999 [INFO] Reply from ptd: 'Range A changed'
ptd-server 2021-03-08 00:49:46,009 [INFO] Starting testing mode
ptd-server 2021-03-08 00:49:46,010 [INFO] Sending to ptd: 'Go,1000,0,2021-03-08_00-38-29_testing'
ptd-server 2021-03-08 00:49:46,010 [INFO] Reply from ptd: 'Starting untimed measurement, maximum 500000 samples at 1000ms with 0 rampup samples'
ptd-server 2021-03-08 00:49:46,010 [INFO] Sending reply to client 'OK'
ptd-server 2021-03-08 01:00:15,751 [INFO] Got command from the client 'session,2021-03-08_00-38-29,stop,testing'
ptd-server 2021-03-08 01:00:25,761 [INFO] Sending to ptd: 'Stop'
ptd-server 2021-03-08 01:00:25,761 [INFO] Reply from ptd: 'Stopping untimed measurement'
ptd-server 2021-03-08 01:00:26,080 [INFO] Sending reply to client 'OK'
ptd-server 2021-03-08 01:00:26,088 [INFO] Got command from the client 'session,2021-03-08_00-38-29,upload,client.log'
ptd-server 2021-03-08 01:00:26,091 [INFO] Received '/home/anton/projects/mlperf/power-dev/output/2021-03-08_00-38-29client.log.tmp'
ptd-server 2021-03-08 01:00:26,092 [INFO] Removed '/home/anton/projects/mlperf/power-dev/output/2021-03-08_00-38-29client.log.tmp'
ptd-server 2021-03-08 01:00:26,092 [INFO] Sending reply to client 'OK'
ptd-server 2021-03-08 01:00:26,106 [INFO] Got command from the client 'session,2021-03-08_00-38-29,upload,client.json'
ptd-server 2021-03-08 01:00:26,109 [INFO] Received '/home/anton/projects/mlperf/power-dev/output/2021-03-08_00-38-29client.json.tmp'
ptd-server 2021-03-08 01:00:26,109 [INFO] Removed '/home/anton/projects/mlperf/power-dev/output/2021-03-08_00-38-29client.json.tmp'
ptd-server 2021-03-08 01:00:26,109 [INFO] Sending reply to client 'OK'
ptd-server 2021-03-08 01:00:26,112 [INFO] Got command from the client 'session,2021-03-08_00-38-29,done'
ptd-server 2021-03-08 01:00:26,112 [INFO] Sending to ptd: 'Stop'
ptd-server 2021-03-08 01:00:26,113 [INFO] Reply from ptd: 'Error: no measurement to stop'
ptd-server 2021-03-08 01:00:26,113 [INFO] Sending to ptd: 'SR,V,300.000000'
ptd-server 2021-03-08 01:00:27,614 [INFO] Reply from ptd: 'Range V changed'
ptd-server 2021-03-08 01:00:27,614 [INFO] Sending to ptd: 'SR,A,0.500000'
ptd-server 2021-03-08 01:00:29,116 [INFO] Reply from ptd: 'Range A changed'
ptd-server 2021-03-08 01:00:29,116 [INFO] Set initial values for Amps 0.500000 and Volts 300.000000
ptd-server 2021-03-08 01:00:29,116 [INFO] Stopping ptd...
