ptd-server 2021-03-09 07:16:24,612 [INFO] Got command from the client 'time'
ptd-server 2021-03-09 07:16:24,612 [INFO] Sending reply to client '1615274184.6126232'
ptd-server 2021-03-09 07:16:24,614 [INFO] Got command from the client 'new,,300174f2-5afe-40ff-8e7a-d4fa603a8b60'
ptd-server 2021-03-09 07:16:24,615 [INFO] Sending reply to client 'OK 2021-03-09_07-16-24,e9d250a0-2643-4b86-89fd-b68f1ae3d45f'
ptd-server 2021-03-09 07:16:24,657 [INFO] Got command from the client 'time'
ptd-server 2021-03-09 07:16:24,657 [INFO] Sending reply to client '1615274184.6573768'
ptd-server 2021-03-09 07:16:24,659 [INFO] Got command from the client 'session,2021-03-09_07-16-24,start,ranging'
ptd-server 2021-03-09 07:16:24,659 [INFO] Running PTDaemon: ['/home/anton/projects/mlperf/power/inference_v1.0/ptd-linux-x86', '-l', 'ptd.log', '-p', '8888', '52', '/dev/usbtmc0']
ptd-server 2021-03-09 07:16:41,832 [INFO] Sending to ptd: 'Hello'
ptd-server 2021-03-09 07:16:41,833 [INFO] Reply from ptd: 'Hello, PTDaemon here!'
ptd-server 2021-03-09 07:16:41,833 [INFO] Sending to ptd: 'Identify'
ptd-server 2021-03-09 07:16:41,834 [INFO] Reply from ptd: 'YokogawaWT330E,1000,1,1,1,1,0,0,1,version=1.9.2-e8c7a49a-20201208,OS=Linux 5.8.0-43-generic #49~20.04.1-Ubuntu SMP Fri Feb 5 09:57:56 UTC 2021 x86_64,mode=power,1,1,1,0,0,no_cal_date,YOKOGAWA;WT333E;C3VD30030E;F1.04'
ptd-server 2021-03-09 07:16:41,834 [INFO] Connected to PTDaemon
ptd-server 2021-03-09 07:16:41,834 [INFO] Sending to ptd: 'RR'
ptd-server 2021-03-09 07:16:41,834 [INFO] Reply from ptd: 'Ranges,0,0.500000,0,300.000000'
ptd-server 2021-03-09 07:16:41,834 [INFO] Initial range for Amps is 0.500000 for Volts is 300.000000
ptd-server 2021-03-09 07:16:41,835 [INFO] Sending to ptd: 'SR,V,Auto'
ptd-server 2021-03-09 07:16:42,337 [INFO] Reply from ptd: 'Range V changed'
ptd-server 2021-03-09 07:16:42,337 [INFO] Sending to ptd: 'SR,A,Auto'
ptd-server 2021-03-09 07:16:42,840 [INFO] Reply from ptd: 'Range A changed'
ptd-server 2021-03-09 07:16:52,850 [INFO] Starting ranging mode
ptd-server 2021-03-09 07:16:52,850 [INFO] Sending to ptd: 'Go,1000,0,2021-03-09_07-16-24_ranging'
ptd-server 2021-03-09 07:16:52,851 [INFO] Reply from ptd: 'Starting untimed measurement, maximum 500000 samples at 1000ms with 0 rampup samples'
ptd-server 2021-03-09 07:16:52,851 [INFO] Sending reply to client 'OK'
ptd-server 2021-03-09 07:27:08,312 [INFO] Got command from the client 'session,2021-03-09_07-16-24,stop,ranging'
ptd-server 2021-03-09 07:27:18,322 [INFO] Sending to ptd: 'Stop'
ptd-server 2021-03-09 07:27:18,322 [INFO] Reply from ptd: 'Stopping untimed measurement'
ptd-server 2021-03-09 07:27:19,059 [INFO] Sending reply to client 'OK'
ptd-server 2021-03-09 07:27:19,098 [INFO] Got command from the client 'time'
ptd-server 2021-03-09 07:27:19,098 [INFO] Sending reply to client '1615274839.0987499'
ptd-server 2021-03-09 07:27:19,101 [INFO] Got command from the client 'session,2021-03-09_07-16-24,start,testing'
ptd-server 2021-03-09 07:27:19,101 [INFO] Sending to ptd: 'SR,V,248.680000'
ptd-server 2021-03-09 07:27:20,602 [INFO] Reply from ptd: 'Range V changed'
ptd-server 2021-03-09 07:27:20,602 [INFO] Sending to ptd: 'SR,A,0.163460'
ptd-server 2021-03-09 07:27:22,104 [INFO] Reply from ptd: 'Range A changed'
ptd-server 2021-03-09 07:27:32,114 [INFO] Starting testing mode
ptd-server 2021-03-09 07:27:32,114 [INFO] Sending to ptd: 'Go,1000,0,2021-03-09_07-16-24_testing'
ptd-server 2021-03-09 07:27:32,114 [INFO] Reply from ptd: 'Starting untimed measurement, maximum 500000 samples at 1000ms with 0 rampup samples'
ptd-server 2021-03-09 07:27:32,114 [INFO] Sending reply to client 'OK'
ptd-server 2021-03-09 07:37:47,553 [INFO] Got command from the client 'session,2021-03-09_07-16-24,stop,testing'
ptd-server 2021-03-09 07:37:57,563 [INFO] Sending to ptd: 'Stop'
ptd-server 2021-03-09 07:37:57,564 [INFO] Reply from ptd: 'Stopping untimed measurement'
ptd-server 2021-03-09 07:37:57,929 [INFO] Sending reply to client 'OK'
ptd-server 2021-03-09 07:37:57,938 [INFO] Got command from the client 'session,2021-03-09_07-16-24,upload,client.log'
ptd-server 2021-03-09 07:37:57,939 [INFO] Received '/home/anton/projects/mlperf/power-dev/output/2021-03-09_07-16-24client.log.tmp'
ptd-server 2021-03-09 07:37:57,939 [INFO] Removed '/home/anton/projects/mlperf/power-dev/output/2021-03-09_07-16-24client.log.tmp'
ptd-server 2021-03-09 07:37:57,939 [INFO] Sending reply to client 'OK'
ptd-server 2021-03-09 07:37:57,947 [INFO] Got command from the client 'session,2021-03-09_07-16-24,upload,client.json'
ptd-server 2021-03-09 07:37:57,947 [INFO] Received '/home/anton/projects/mlperf/power-dev/output/2021-03-09_07-16-24client.json.tmp'
ptd-server 2021-03-09 07:37:57,948 [INFO] Removed '/home/anton/projects/mlperf/power-dev/output/2021-03-09_07-16-24client.json.tmp'
ptd-server 2021-03-09 07:37:57,948 [INFO] Sending reply to client 'OK'
ptd-server 2021-03-09 07:37:57,950 [INFO] Got command from the client 'session,2021-03-09_07-16-24,done'
ptd-server 2021-03-09 07:37:57,950 [INFO] Sending to ptd: 'Stop'
ptd-server 2021-03-09 07:37:58,115 [INFO] Reply from ptd: 'Error: no measurement to stop'
ptd-server 2021-03-09 07:37:58,115 [INFO] Sending to ptd: 'SR,V,300.000000'
ptd-server 2021-03-09 07:37:59,616 [INFO] Reply from ptd: 'Range V changed'
ptd-server 2021-03-09 07:37:59,616 [INFO] Sending to ptd: 'SR,A,0.500000'
ptd-server 2021-03-09 07:38:01,118 [INFO] Reply from ptd: 'Range A changed'
ptd-server 2021-03-09 07:38:01,118 [INFO] Set initial values for Amps 0.500000 and Volts 300.000000
ptd-server 2021-03-09 07:38:01,118 [INFO] Stopping ptd...
