ptd-server 2021-03-09 21:28:17,882 [INFO] Got command from the client 'time'
ptd-server 2021-03-09 21:28:17,883 [INFO] Sending reply to client '1615325297.8830073'
ptd-server 2021-03-09 21:28:17,884 [INFO] Got command from the client 'new,,7ab03948-f592-46d9-b937-b0f78dffb0f6'
ptd-server 2021-03-09 21:28:17,885 [INFO] Sending reply to client 'OK 2021-03-09_21-28-17,d222e462-f1fe-4c7c-897b-a47819675423'
ptd-server 2021-03-09 21:28:17,914 [INFO] Got command from the client 'time'
ptd-server 2021-03-09 21:28:17,915 [INFO] Sending reply to client '1615325297.9150503'
ptd-server 2021-03-09 21:28:17,916 [INFO] Got command from the client 'session,2021-03-09_21-28-17,start,ranging'
ptd-server 2021-03-09 21:28:17,917 [INFO] Running PTDaemon: ['/home/anton/projects/mlperf/power/inference_v1.0/ptd-linux-x86', '-l', 'ptd.log', '-p', '8888', '52', '/dev/usbtmc0']
ptd-server 2021-03-09 21:28:35,090 [INFO] Sending to ptd: 'Hello'
ptd-server 2021-03-09 21:28:35,091 [INFO] Reply from ptd: 'Hello, PTDaemon here!'
ptd-server 2021-03-09 21:28:35,091 [INFO] Sending to ptd: 'Identify'
ptd-server 2021-03-09 21:28:35,091 [INFO] Reply from ptd: 'YokogawaWT330E,1000,1,1,1,1,0,0,1,version=1.9.2-e8c7a49a-20201208,OS=Linux 5.8.0-43-generic #49~20.04.1-Ubuntu SMP Fri Feb 5 09:57:56 UTC 2021 x86_64,mode=power,1,1,1,0,0,no_cal_date,YOKOGAWA;WT333E;C3VD30030E;F1.04'
ptd-server 2021-03-09 21:28:35,091 [INFO] Connected to PTDaemon
ptd-server 2021-03-09 21:28:35,091 [INFO] Sending to ptd: 'RR'
ptd-server 2021-03-09 21:28:35,092 [INFO] Reply from ptd: 'Ranges,0,0.500000,0,300.000000'
ptd-server 2021-03-09 21:28:35,092 [INFO] Initial range for Amps is 0.500000 for Volts is 300.000000
ptd-server 2021-03-09 21:28:35,092 [INFO] Sending to ptd: 'SR,V,Auto'
ptd-server 2021-03-09 21:28:35,594 [INFO] Reply from ptd: 'Range V changed'
ptd-server 2021-03-09 21:28:35,595 [INFO] Sending to ptd: 'SR,A,Auto'
ptd-server 2021-03-09 21:28:36,097 [INFO] Reply from ptd: 'Range A changed'
ptd-server 2021-03-09 21:28:46,107 [INFO] Starting ranging mode
ptd-server 2021-03-09 21:28:46,107 [INFO] Sending to ptd: 'Go,1000,0,2021-03-09_21-28-17_ranging'
ptd-server 2021-03-09 21:28:46,108 [INFO] Reply from ptd: 'Starting untimed measurement, maximum 500000 samples at 1000ms with 0 rampup samples'
ptd-server 2021-03-09 21:28:46,108 [INFO] Sending reply to client 'OK'
ptd-server 2021-03-09 21:39:01,673 [INFO] Got command from the client 'session,2021-03-09_21-28-17,stop,ranging'
ptd-server 2021-03-09 21:39:11,684 [INFO] Sending to ptd: 'Stop'
ptd-server 2021-03-09 21:39:11,684 [INFO] Reply from ptd: 'Stopping untimed measurement'
ptd-server 2021-03-09 21:39:12,469 [INFO] Sending reply to client 'OK'
ptd-server 2021-03-09 21:39:12,511 [INFO] Got command from the client 'time'
ptd-server 2021-03-09 21:39:12,512 [INFO] Sending reply to client '1615325952.512085'
ptd-server 2021-03-09 21:39:12,514 [INFO] Got command from the client 'session,2021-03-09_21-28-17,start,testing'
ptd-server 2021-03-09 21:39:12,514 [INFO] Sending to ptd: 'SR,V,249.920000'
ptd-server 2021-03-09 21:39:14,015 [INFO] Reply from ptd: 'Range V changed'
ptd-server 2021-03-09 21:39:14,015 [INFO] Sending to ptd: 'SR,A,0.132270'
ptd-server 2021-03-09 21:39:15,517 [INFO] Reply from ptd: 'Range A changed'
ptd-server 2021-03-09 21:39:25,527 [INFO] Starting testing mode
ptd-server 2021-03-09 21:39:25,527 [INFO] Sending to ptd: 'Go,1000,0,2021-03-09_21-28-17_testing'
ptd-server 2021-03-09 21:39:25,528 [INFO] Reply from ptd: 'Starting untimed measurement, maximum 500000 samples at 1000ms with 0 rampup samples'
ptd-server 2021-03-09 21:39:25,528 [INFO] Sending reply to client 'OK'
ptd-server 2021-03-09 21:49:40,782 [INFO] Got command from the client 'session,2021-03-09_21-28-17,stop,testing'
ptd-server 2021-03-09 21:49:50,792 [INFO] Sending to ptd: 'Stop'
ptd-server 2021-03-09 21:49:50,793 [INFO] Reply from ptd: 'Stopping untimed measurement'
ptd-server 2021-03-09 21:49:51,198 [INFO] Sending reply to client 'OK'
ptd-server 2021-03-09 21:49:51,206 [INFO] Got command from the client 'session,2021-03-09_21-28-17,upload,client.log'
ptd-server 2021-03-09 21:49:51,207 [INFO] Received '/home/anton/projects/mlperf/power-dev/output/2021-03-09_21-28-17client.log.tmp'
ptd-server 2021-03-09 21:49:51,208 [INFO] Removed '/home/anton/projects/mlperf/power-dev/output/2021-03-09_21-28-17client.log.tmp'
ptd-server 2021-03-09 21:49:51,208 [INFO] Sending reply to client 'OK'
ptd-server 2021-03-09 21:49:51,215 [INFO] Got command from the client 'session,2021-03-09_21-28-17,upload,client.json'
ptd-server 2021-03-09 21:49:51,215 [INFO] Received '/home/anton/projects/mlperf/power-dev/output/2021-03-09_21-28-17client.json.tmp'
ptd-server 2021-03-09 21:49:51,216 [INFO] Removed '/home/anton/projects/mlperf/power-dev/output/2021-03-09_21-28-17client.json.tmp'
ptd-server 2021-03-09 21:49:51,216 [INFO] Sending reply to client 'OK'
ptd-server 2021-03-09 21:49:51,217 [INFO] Got command from the client 'session,2021-03-09_21-28-17,done'
ptd-server 2021-03-09 21:49:51,217 [INFO] Sending to ptd: 'Stop'
ptd-server 2021-03-09 21:49:51,529 [INFO] Reply from ptd: 'Error: no measurement to stop'
ptd-server 2021-03-09 21:49:51,529 [INFO] Sending to ptd: 'SR,V,300.000000'
ptd-server 2021-03-09 21:49:53,030 [INFO] Reply from ptd: 'Range V changed'
ptd-server 2021-03-09 21:49:53,030 [INFO] Sending to ptd: 'SR,A,0.500000'
ptd-server 2021-03-09 21:49:54,532 [INFO] Reply from ptd: 'Range A changed'
ptd-server 2021-03-09 21:49:54,532 [INFO] Set initial values for Amps 0.500000 and Volts 300.000000
ptd-server 2021-03-09 21:49:54,532 [INFO] Stopping ptd...
