ptd-server 2021-03-06 11:15:37,997 [INFO] Got command from the client 'time'
ptd-server 2021-03-06 11:15:37,997 [INFO] Sending reply to client '1615029337.9974957'
ptd-server 2021-03-06 11:15:38,000 [INFO] Got command from the client 'new,,1d922a3b-5043-46b0-af9a-2799fee69950'
ptd-server 2021-03-06 11:15:38,001 [INFO] Sending reply to client 'OK 2021-03-06_11-15-38,a97e602d-38fa-4be3-8f5d-aaed8e199891'
ptd-server 2021-03-06 11:15:38,047 [INFO] Got command from the client 'time'
ptd-server 2021-03-06 11:15:38,047 [INFO] Sending reply to client '1615029338.047396'
ptd-server 2021-03-06 11:15:38,051 [INFO] Got command from the client 'session,2021-03-06_11-15-38,start,ranging'
ptd-server 2021-03-06 11:15:38,051 [INFO] Running PTDaemon: ['/home/anton/projects/mlperf/power/inference_v1.0/ptd-linux-x86', '-l', 'ptd.log', '-p', '8888', '52', '/dev/usbtmc0']
ptd-server 2021-03-06 11:15:55,221 [INFO] Sending to ptd: 'Hello'
ptd-server 2021-03-06 11:15:55,221 [INFO] Reply from ptd: 'Hello, PTDaemon here!'
ptd-server 2021-03-06 11:15:55,221 [INFO] Sending to ptd: 'Identify'
ptd-server 2021-03-06 11:15:55,222 [INFO] Reply from ptd: 'YokogawaWT330E,1000,1,1,1,1,0,0,1,version=1.9.2-e8c7a49a-20201208,OS=Linux 5.8.0-43-generic #49~20.04.1-Ubuntu SMP Fri Feb 5 09:57:56 UTC 2021 x86_64,mode=power,1,1,1,0,0,no_cal_date,YOKOGAWA;WT333E;C3VD30030E;F1.04'
ptd-server 2021-03-06 11:15:55,222 [INFO] Connected to PTDaemon
ptd-server 2021-03-06 11:15:55,222 [INFO] Sending to ptd: 'RR'
ptd-server 2021-03-06 11:15:55,222 [INFO] Reply from ptd: 'Ranges,0,0.500000,0,300.000000'
ptd-server 2021-03-06 11:15:55,223 [INFO] Initial range for Amps is 0.500000 for Volts is 300.000000
ptd-server 2021-03-06 11:15:55,223 [INFO] Sending to ptd: 'SR,V,Auto'
ptd-server 2021-03-06 11:15:55,725 [INFO] Reply from ptd: 'Range V changed'
ptd-server 2021-03-06 11:15:55,725 [INFO] Sending to ptd: 'SR,A,Auto'
ptd-server 2021-03-06 11:15:56,228 [INFO] Reply from ptd: 'Range A changed'
ptd-server 2021-03-06 11:16:06,238 [INFO] Starting ranging mode
ptd-server 2021-03-06 11:16:06,238 [INFO] Sending to ptd: 'Go,1000,0,2021-03-06_11-15-38_ranging'
ptd-server 2021-03-06 11:16:06,239 [INFO] Reply from ptd: 'Starting untimed measurement, maximum 500000 samples at 1000ms with 0 rampup samples'
ptd-server 2021-03-06 11:16:06,239 [INFO] Sending reply to client 'OK'
ptd-server 2021-03-06 11:26:37,792 [INFO] Got command from the client 'session,2021-03-06_11-15-38,stop,ranging'
ptd-server 2021-03-06 11:26:47,803 [INFO] Sending to ptd: 'Stop'
ptd-server 2021-03-06 11:26:47,803 [INFO] Reply from ptd: 'Stopping untimed measurement'
ptd-server 2021-03-06 11:26:48,230 [INFO] Sending reply to client 'OK'
ptd-server 2021-03-06 11:26:48,276 [INFO] Got command from the client 'time'
ptd-server 2021-03-06 11:26:48,276 [INFO] Sending reply to client '1615030008.276781'
ptd-server 2021-03-06 11:26:48,280 [INFO] Got command from the client 'session,2021-03-06_11-15-38,start,testing'
ptd-server 2021-03-06 11:26:48,280 [INFO] Sending to ptd: 'SR,V,249.630000'
ptd-server 2021-03-06 11:26:49,782 [INFO] Reply from ptd: 'Range V changed'
ptd-server 2021-03-06 11:26:49,782 [INFO] Sending to ptd: 'SR,A,0.056270'
ptd-server 2021-03-06 11:26:51,283 [INFO] Reply from ptd: 'Range A changed'
ptd-server 2021-03-06 11:27:01,293 [INFO] Starting testing mode
ptd-server 2021-03-06 11:27:01,294 [INFO] Sending to ptd: 'Go,1000,0,2021-03-06_11-15-38_testing'
ptd-server 2021-03-06 11:27:01,294 [INFO] Reply from ptd: 'Starting untimed measurement, maximum 500000 samples at 1000ms with 0 rampup samples'
ptd-server 2021-03-06 11:27:01,294 [INFO] Sending reply to client 'OK'
ptd-server 2021-03-06 11:37:37,793 [INFO] Got command from the client 'session,2021-03-06_11-15-38,stop,testing'
ptd-server 2021-03-06 11:37:47,803 [INFO] Sending to ptd: 'Stop'
ptd-server 2021-03-06 11:37:47,804 [INFO] Reply from ptd: 'Stopping untimed measurement'
ptd-server 2021-03-06 11:37:48,022 [INFO] Sending reply to client 'OK'
ptd-server 2021-03-06 11:37:48,030 [INFO] Got command from the client 'session,2021-03-06_11-15-38,upload,client.log'
ptd-server 2021-03-06 11:37:48,034 [INFO] Received '/home/anton/projects/mlperf/power-dev/output/2021-03-06_11-15-38client.log.tmp'
ptd-server 2021-03-06 11:37:48,034 [INFO] Removed '/home/anton/projects/mlperf/power-dev/output/2021-03-06_11-15-38client.log.tmp'
ptd-server 2021-03-06 11:37:48,034 [INFO] Sending reply to client 'OK'
ptd-server 2021-03-06 11:37:48,046 [INFO] Got command from the client 'session,2021-03-06_11-15-38,upload,client.json'
ptd-server 2021-03-06 11:37:48,049 [INFO] Received '/home/anton/projects/mlperf/power-dev/output/2021-03-06_11-15-38client.json.tmp'
ptd-server 2021-03-06 11:37:48,049 [INFO] Removed '/home/anton/projects/mlperf/power-dev/output/2021-03-06_11-15-38client.json.tmp'
ptd-server 2021-03-06 11:37:48,050 [INFO] Sending reply to client 'OK'
ptd-server 2021-03-06 11:37:48,052 [INFO] Got command from the client 'session,2021-03-06_11-15-38,done'
ptd-server 2021-03-06 11:37:48,052 [INFO] Sending to ptd: 'Stop'
ptd-server 2021-03-06 11:37:48,294 [INFO] Reply from ptd: 'Error: no measurement to stop'
ptd-server 2021-03-06 11:37:48,294 [INFO] Sending to ptd: 'SR,V,300.000000'
ptd-server 2021-03-06 11:37:49,796 [INFO] Reply from ptd: 'Range V changed'
ptd-server 2021-03-06 11:37:49,796 [INFO] Sending to ptd: 'SR,A,0.500000'
ptd-server 2021-03-06 11:37:51,297 [INFO] Reply from ptd: 'Range A changed'
ptd-server 2021-03-06 11:37:51,297 [INFO] Set initial values for Amps 0.500000 and Volts 300.000000
ptd-server 2021-03-06 11:37:51,297 [INFO] Stopping ptd...
