client 2021-03-17 20:07:11,510 [WARNING] Removing old loadgen logs directory '/home/scratch.mlperf_inf_ci/mlPerf/L1/Xavier_MaxQ-Computelab-Xavier-MaxQ-L1-5-2021-03-17-23-28-24-UTC/mlperf-inference/closed/NVIDIA/build/power_logs_temp'
client 2021-03-17 20:07:11,520 [INFO] Sending command to the server: 'mlcommons/power client v3'
client 2021-03-17 20:07:11,525 [INFO] Got response: 'mlcommons/power server v3'
client 2021-03-17 20:07:11,526 [INFO] Sending command to the server: 'stop'
client 2021-03-17 20:07:11,527 [INFO] Got response: 'OK'
client 2021-03-17 20:07:11,528 [INFO] Synchronizing with the server and with ib-01.dc4-in.nvidia.com...
client 2021-03-17 20:07:11,749 [INFO] NTP:offset = -0.002 s, delay = 0.202 s 
client 2021-03-17 20:07:11,750 [INFO] Sending command to the server: 'time'
client 2021-03-17 20:07:11,752 [INFO] Got response: '1616036831.699212'
client 2021-03-17 20:07:11,752 [INFO] The time difference between the client and the server is within range 50.946 ms..53.288 ms
client 2021-03-17 20:07:11,753 [INFO] Sending command to the server: 'new,,5443588b-09db-4365-8320-20c816f5a18a'
client 2021-03-17 20:07:11,755 [INFO] Got response: 'OK 2021-03-17_20-07-11,c1b8bb68-e917-44b8-bb7f-214cc92fed7b'
client 2021-03-17 20:07:11,755 [INFO] Session id is '2021-03-17_20-07-11'
client 2021-03-17 20:07:11,755 [INFO] Sources: {"sources": {"client.py": "d1e75cb4b26101220ebd242e584cf3ca5d8f1996", "lib/__init__.py": "da39a3ee5e6b4b0d3255bfef95601890afd80709", "lib/client.py": "d42bebf5b74cb6ff3997e2a6c68422afac111a28", "lib/common.py": "b0bad80d8fa328a7636027d4d66ff453f8dd7889", "lib/external/ntplib.py": "4da8f970656505a40483206ef2b5d3dd5e81711d", "lib/server.py": "2ed36471c7af565d6c8438b2134edad1d7ddf166", "lib/source_hashes.py": "4cedff274c661cb1504052018fd4f00dfbf624ef", "lib/summary.py": "0db15d783907aa92038281af4e465545c0648ddb", "lib/time_sync.py": "76051226ec89287839723352f4162aaa24e0546a", "server.py": "99e1310e3f76292aef1b8792ce6b8c82f1d44d8b", "tests/unit/test_server.py": "64f11775bfed35232a0e8bb9593c0ff992432c59", "tests/unit/test_source_hashes.py": "cb41a7261eaf7d94ba5c0aae9c523174f6204be3"}, "modules": {"__main__": "client.py", "lib.client": "lib/client.py", "lib.common": "lib/common.py", "lib.external.ntplib": "lib/external/ntplib.py", "lib.source_hashes": "lib/source_hashes.py", "lib.summary": "lib/summary.py", "lib.time_sync": "lib/time_sync.py"}}
client 2021-03-17 20:07:11,760 [INFO] Running workload in ranging mode
client 2021-03-17 20:07:11,761 [INFO] Synchronizing with the server and with ib-01.dc4-in.nvidia.com...
client 2021-03-17 20:07:11,968 [INFO] NTP:offset = -0.002 s, delay = 0.202 s 
client 2021-03-17 20:07:11,968 [INFO] Sending command to the server: 'time'
client 2021-03-17 20:07:11,970 [INFO] Got response: '1616036831.9179082'
client 2021-03-17 20:07:11,970 [INFO] The time difference between the client and the server is within range 50.770 ms..52.747 ms
client 2021-03-17 20:07:11,971 [INFO] Sending command to the server: 'session,2021-03-17_20-07-11,start,ranging'
client 2021-03-17 20:07:40,945 [INFO] Got response: 'OK'
client 2021-03-17 20:07:40,946 [INFO] Running the workload 'LOG_DIR=/home/scratch.mlperf_inf_ci/mlPerf/L1/Xavier_MaxQ-Computelab-Xavier-MaxQ-L1-5-2021-03-17-23-28-24-UTC/mlperf-inference/closed/NVIDIA/build/power_logs_temp python3 code/main.py --benchmarks=bert --scenarios=SingleStream --test_mode=PerformanceOnly --config_ver=maxq --action="run_harness" \\\n\t\t&& cp -v /home/scratch.mlperf_inf_ci/mlPerf/L1/Xavier_MaxQ-Computelab-Xavier-MaxQ-L1-5-2021-03-17-23-28-24-UTC/mlperf-inference/closed/NVIDIA/build/power_logs_temp/*/*/*/mlperf_log_detail.txt /home/scratch.mlperf_inf_ci/mlPerf/L1/Xavier_MaxQ-Computelab-Xavier-MaxQ-L1-5-2021-03-17-23-28-24-UTC/mlperf-inference/closed/NVIDIA/build/power_logs_temp/ \\\n\t\t&& cp -v /home/scratch.mlperf_inf_ci/mlPerf/L1/Xavier_MaxQ-Computelab-Xavier-MaxQ-L1-5-2021-03-17-23-28-24-UTC/mlperf-inference/closed/NVIDIA/build/power_logs_temp/*/*/*/mlperf_log_summary.txt /home/scratch.mlperf_inf_ci/mlPerf/L1/Xavier_MaxQ-Computelab-Xavier-MaxQ-L1-5-2021-03-17-23-28-24-UTC/mlperf-inference/closed/NVIDIA/build/power_logs_temp/'
client 2021-03-17 20:17:57,356 [INFO] Sending command to the server: 'session,2021-03-17_20-07-11,stop,ranging'
client 2021-03-17 20:18:07,889 [INFO] Got response: 'OK'
client 2021-03-17 20:18:07,897 [INFO] Packing logs into zip and uploading to the server
client 2021-03-17 20:18:07,954 [INFO] Zip file size: 64.0 kB
client 2021-03-17 20:18:07,978 [INFO] Got response: 'OK'
client 2021-03-17 20:18:07,980 [INFO] Running workload in testing mode
client 2021-03-17 20:18:07,980 [INFO] Synchronizing with the server and with ib-01.dc4-in.nvidia.com...
client 2021-03-17 20:18:08,189 [INFO] NTP:offset = -0.002 s, delay = 0.202 s 
client 2021-03-17 20:18:08,189 [INFO] Sending command to the server: 'time'
client 2021-03-17 20:18:08,191 [INFO] Got response: '1616037488.1371722'
client 2021-03-17 20:18:08,191 [INFO] The time difference between the client and the server is within range 52.415 ms..54.646 ms
client 2021-03-17 20:18:08,192 [INFO] Sending command to the server: 'session,2021-03-17_20-07-11,start,testing'
client 2021-03-17 20:18:21,265 [INFO] Got response: 'OK'
client 2021-03-17 20:18:21,265 [INFO] Running the workload 'LOG_DIR=/home/scratch.mlperf_inf_ci/mlPerf/L1/Xavier_MaxQ-Computelab-Xavier-MaxQ-L1-5-2021-03-17-23-28-24-UTC/mlperf-inference/closed/NVIDIA/build/power_logs_temp python3 code/main.py --benchmarks=bert --scenarios=SingleStream --test_mode=PerformanceOnly --config_ver=maxq --action="run_harness" \\\n\t\t&& cp -v /home/scratch.mlperf_inf_ci/mlPerf/L1/Xavier_MaxQ-Computelab-Xavier-MaxQ-L1-5-2021-03-17-23-28-24-UTC/mlperf-inference/closed/NVIDIA/build/power_logs_temp/*/*/*/mlperf_log_detail.txt /home/scratch.mlperf_inf_ci/mlPerf/L1/Xavier_MaxQ-Computelab-Xavier-MaxQ-L1-5-2021-03-17-23-28-24-UTC/mlperf-inference/closed/NVIDIA/build/power_logs_temp/ \\\n\t\t&& cp -v /home/scratch.mlperf_inf_ci/mlPerf/L1/Xavier_MaxQ-Computelab-Xavier-MaxQ-L1-5-2021-03-17-23-28-24-UTC/mlperf-inference/closed/NVIDIA/build/power_logs_temp/*/*/*/mlperf_log_summary.txt /home/scratch.mlperf_inf_ci/mlPerf/L1/Xavier_MaxQ-Computelab-Xavier-MaxQ-L1-5-2021-03-17-23-28-24-UTC/mlperf-inference/closed/NVIDIA/build/power_logs_temp/'
client 2021-03-17 20:28:35,594 [INFO] Sending command to the server: 'session,2021-03-17_20-07-11,stop,testing'
client 2021-03-17 20:28:45,872 [INFO] Got response: 'OK'
client 2021-03-17 20:28:45,883 [INFO] Packing logs into zip and uploading to the server
client 2021-03-17 20:28:45,948 [INFO] Zip file size: 64.0 kB
client 2021-03-17 20:28:45,973 [INFO] Got response: 'OK'
client 2021-03-17 20:28:45,975 [INFO] Done runs
