ptd-server 2021-03-17 20:07:11,464 [INFO] Got command from the client 'stop'
ptd-server 2021-03-17 20:07:11,464 [INFO] The server will be stopped after processing this client
ptd-server 2021-03-17 20:07:11,464 [INFO] Sending reply to client 'OK'
ptd-server 2021-03-17 20:07:11,699 [INFO] Got command from the client 'time'
ptd-server 2021-03-17 20:07:11,699 [INFO] Sending reply to client '1616036831.699212'
ptd-server 2021-03-17 20:07:11,699 [INFO] Got command from the client 'new,,5443588b-09db-4365-8320-20c816f5a18a'
ptd-server 2021-03-17 20:07:11,699 [INFO] Sending reply to client 'OK 2021-03-17_20-07-11,c1b8bb68-e917-44b8-bb7f-214cc92fed7b'
ptd-server 2021-03-17 20:07:11,917 [INFO] Got command from the client 'time'
ptd-server 2021-03-17 20:07:11,917 [INFO] Sending reply to client '1616036831.9179082'
ptd-server 2021-03-17 20:07:11,917 [INFO] Got command from the client 'session,2021-03-17_20-07-11,start,ranging'
ptd-server 2021-03-17 20:07:12,027 [INFO] Running PTDaemon: ['C:\\PTD\\ptd-windows-x86.exe', '-l', 'C:\\logs_ptdeamon.txt', '-p', '8888', '-c', '3', '-y', '52', '10.32.209.251']
ptd-server 2021-03-17 20:07:29,864 [INFO] Sending to ptd: 'Hello'
ptd-server 2021-03-17 20:07:29,864 [INFO] Reply from ptd: 'Hello, PTDaemon here!'
ptd-server 2021-03-17 20:07:29,864 [INFO] Sending to ptd: 'Identify'
ptd-server 2021-03-17 20:07:29,864 [INFO] Reply from ptd: 'YokogawaWT330E,1000,1,1,1,1,0,0,1,version=1.9.2-3976349f-20201208,OS=Windows 8 / Server 2012,mode=power,1,1,1,0,0,no_cal_date,YOKOGAWA;WT333E;C2VL22012V;F1.03'
ptd-server 2021-03-17 20:07:29,864 [INFO] Connected to PTDaemon
ptd-server 2021-03-17 20:07:29,864 [INFO] Sending to ptd: 'RR'
ptd-server 2021-03-17 20:07:29,864 [INFO] Reply from ptd: 'Ranges,0,0.500000,0,150.000000'
ptd-server 2021-03-17 20:07:29,864 [INFO] Initial range for Amps is 0.500000 for Volts is 150.000000
ptd-server 2021-03-17 20:07:29,864 [INFO] Sending to ptd: 'SR,V,Auto'
ptd-server 2021-03-17 20:07:30,380 [INFO] Reply from ptd: 'Range V changed'
ptd-server 2021-03-17 20:07:30,380 [INFO] Sending to ptd: 'SR,A,Auto'
ptd-server 2021-03-17 20:07:30,895 [INFO] Reply from ptd: 'Range A changed'
ptd-server 2021-03-17 20:07:40,895 [INFO] Starting ranging mode
ptd-server 2021-03-17 20:07:40,895 [INFO] Sending to ptd: 'Go,1000,0,2021-03-17_20-07-11_ranging'
ptd-server 2021-03-17 20:07:40,895 [INFO] Reply from ptd: 'Starting untimed measurement, maximum 500000 samples at 1000ms with 0 rampup samples'
ptd-server 2021-03-17 20:07:40,895 [INFO] Sending reply to client 'OK'
ptd-server 2021-03-17 20:17:57,296 [INFO] Got command from the client 'session,2021-03-17_20-07-11,stop,ranging'
ptd-server 2021-03-17 20:18:07,324 [INFO] Sending to ptd: 'Stop'
ptd-server 2021-03-17 20:18:07,324 [INFO] Reply from ptd: 'Stopping untimed measurement'
ptd-server 2021-03-17 20:18:07,840 [INFO] Sending reply to client 'OK'
ptd-server 2021-03-17 20:18:07,902 [INFO] Got command from the client 'session,2021-03-17_20-07-11,upload,ranging'
ptd-server 2021-03-17 20:18:07,902 [INFO] Received 'C:\\ptd-logs\\2021-03-17_20-07-11ranging.tmp'
ptd-server 2021-03-17 20:18:07,918 [INFO] Extracted 'C:\\ptd-logs\\2021-03-17_20-07-11ranging.tmp' into 'C:\\ptd-logs\\2021-03-17_20-07-11\\ranging'
ptd-server 2021-03-17 20:18:07,918 [INFO] Removed 'C:\\ptd-logs\\2021-03-17_20-07-11ranging.tmp'
ptd-server 2021-03-17 20:18:07,918 [INFO] Sending reply to client 'OK'
ptd-server 2021-03-17 20:18:08,137 [INFO] Got command from the client 'time'
ptd-server 2021-03-17 20:18:08,137 [INFO] Sending reply to client '1616037488.1371722'
ptd-server 2021-03-17 20:18:08,137 [INFO] Got command from the client 'session,2021-03-17_20-07-11,start,testing'
ptd-server 2021-03-17 20:18:08,137 [INFO] Sending to ptd: 'SR,V,121.630000'
ptd-server 2021-03-17 20:18:09,668 [INFO] Reply from ptd: 'Range V changed'
ptd-server 2021-03-17 20:18:09,668 [INFO] Sending to ptd: 'SR,A,0.358300'
ptd-server 2021-03-17 20:18:11,198 [INFO] Reply from ptd: 'Range A changed'
ptd-server 2021-03-17 20:18:21,212 [INFO] Starting testing mode
ptd-server 2021-03-17 20:18:21,212 [INFO] Sending to ptd: 'Go,1000,0,2021-03-17_20-07-11_testing'
ptd-server 2021-03-17 20:18:21,212 [INFO] Reply from ptd: 'Starting untimed measurement, maximum 500000 samples at 1000ms with 0 rampup samples'
ptd-server 2021-03-17 20:18:21,212 [INFO] Sending reply to client 'OK'
ptd-server 2021-03-17 20:28:35,545 [INFO] Got command from the client 'session,2021-03-17_20-07-11,stop,testing'
ptd-server 2021-03-17 20:28:45,559 [INFO] Sending to ptd: 'Stop'
ptd-server 2021-03-17 20:28:45,559 [INFO] Reply from ptd: 'Stopping untimed measurement'
ptd-server 2021-03-17 20:28:45,824 [INFO] Sending reply to client 'OK'
ptd-server 2021-03-17 20:28:45,902 [INFO] Got command from the client 'session,2021-03-17_20-07-11,upload,testing'
ptd-server 2021-03-17 20:28:45,902 [INFO] Received 'C:\\ptd-logs\\2021-03-17_20-07-11testing.tmp'
ptd-server 2021-03-17 20:28:45,918 [INFO] Extracted 'C:\\ptd-logs\\2021-03-17_20-07-11testing.tmp' into 'C:\\ptd-logs\\2021-03-17_20-07-11\\run_1'
ptd-server 2021-03-17 20:28:45,918 [INFO] Removed 'C:\\ptd-logs\\2021-03-17_20-07-11testing.tmp'
ptd-server 2021-03-17 20:28:45,918 [INFO] Sending reply to client 'OK'
ptd-server 2021-03-17 20:28:45,933 [INFO] Got command from the client 'session,2021-03-17_20-07-11,upload,client.log'
ptd-server 2021-03-17 20:28:45,933 [INFO] Received 'C:\\ptd-logs\\2021-03-17_20-07-11client.log.tmp'
ptd-server 2021-03-17 20:28:45,949 [INFO] Removed 'C:\\ptd-logs\\2021-03-17_20-07-11client.log.tmp'
ptd-server 2021-03-17 20:28:45,949 [INFO] Sending reply to client 'OK'
ptd-server 2021-03-17 20:28:45,996 [INFO] Got command from the client 'session,2021-03-17_20-07-11,upload,client.json'
ptd-server 2021-03-17 20:28:45,996 [INFO] Received 'C:\\ptd-logs\\2021-03-17_20-07-11client.json.tmp'
ptd-server 2021-03-17 20:28:45,996 [INFO] Removed 'C:\\ptd-logs\\2021-03-17_20-07-11client.json.tmp'
ptd-server 2021-03-17 20:28:45,996 [INFO] Sending reply to client 'OK'
ptd-server 2021-03-17 20:28:46,011 [INFO] Got command from the client 'session,2021-03-17_20-07-11,done'
ptd-server 2021-03-17 20:28:46,011 [INFO] Sending to ptd: 'Stop'
ptd-server 2021-03-17 20:28:46,215 [INFO] Reply from ptd: 'Error: no measurement to stop'
ptd-server 2021-03-17 20:28:46,215 [INFO] Sending to ptd: 'SR,V,150.000000'
ptd-server 2021-03-17 20:28:47,745 [INFO] Reply from ptd: 'Range V changed'
ptd-server 2021-03-17 20:28:47,745 [INFO] Sending to ptd: 'SR,A,0.500000'
ptd-server 2021-03-17 20:28:49,276 [INFO] Reply from ptd: 'Range A changed'
ptd-server 2021-03-17 20:28:49,276 [INFO] Set initial values for Amps 0.500000 and Volts 150.000000
ptd-server 2021-03-17 20:28:49,276 [INFO] Stopping ptd...
