ptd-server 2021-03-05 12:12:43,702 [INFO] Got command from the client 'time'
ptd-server 2021-03-05 12:12:43,702 [INFO] Sending reply to client '1614946363.7025747'
ptd-server 2021-03-05 12:12:43,705 [INFO] Got command from the client 'new,,30b31ed1-fc32-46e5-a3ac-8d9da7f8109d'
ptd-server 2021-03-05 12:12:43,706 [INFO] Sending reply to client 'OK 2021-03-05_12-12-43,30f9c2ab-534b-461b-9c12-1c85ed6f3408'
ptd-server 2021-03-05 12:12:43,742 [INFO] Got command from the client 'time'
ptd-server 2021-03-05 12:12:43,742 [INFO] Sending reply to client '1614946363.7425225'
ptd-server 2021-03-05 12:12:43,745 [INFO] Got command from the client 'session,2021-03-05_12-12-43,start,ranging'
ptd-server 2021-03-05 12:12:43,745 [INFO] Running PTDaemon: ['/home/anton/projects/mlperf/power/inference_v1.0/ptd-linux-x86', '-l', 'ptd.log', '-p', '8888', '52', '/dev/usbtmc0']
ptd-server 2021-03-05 12:13:00,915 [INFO] Sending to ptd: 'Hello'
ptd-server 2021-03-05 12:13:00,915 [INFO] Reply from ptd: 'Hello, PTDaemon here!'
ptd-server 2021-03-05 12:13:00,916 [INFO] Sending to ptd: 'Identify'
ptd-server 2021-03-05 12:13:00,916 [INFO] Reply from ptd: 'YokogawaWT330E,1000,1,1,1,1,0,0,1,version=1.9.2-e8c7a49a-20201208,OS=Linux 5.8.0-43-generic #49~20.04.1-Ubuntu SMP Fri Feb 5 09:57:56 UTC 2021 x86_64,mode=power,1,1,1,0,0,no_cal_date,YOKOGAWA;WT333E;C3VD30030E;F1.04'
ptd-server 2021-03-05 12:13:00,916 [INFO] Connected to PTDaemon
ptd-server 2021-03-05 12:13:00,916 [INFO] Sending to ptd: 'RR'
ptd-server 2021-03-05 12:13:00,916 [INFO] Reply from ptd: 'Ranges,0,0.500000,0,300.000000'
ptd-server 2021-03-05 12:13:00,917 [INFO] Initial range for Amps is 0.500000 for Volts is 300.000000
ptd-server 2021-03-05 12:13:00,917 [INFO] Sending to ptd: 'SR,V,Auto'
ptd-server 2021-03-05 12:13:01,419 [INFO] Reply from ptd: 'Range V changed'
ptd-server 2021-03-05 12:13:01,419 [INFO] Sending to ptd: 'SR,A,Auto'
ptd-server 2021-03-05 12:13:01,922 [INFO] Reply from ptd: 'Range A changed'
ptd-server 2021-03-05 12:13:11,932 [INFO] Starting ranging mode
ptd-server 2021-03-05 12:13:11,932 [INFO] Sending to ptd: 'Go,1000,0,2021-03-05_12-12-43_ranging'
ptd-server 2021-03-05 12:13:11,933 [INFO] Reply from ptd: 'Starting untimed measurement, maximum 500000 samples at 1000ms with 0 rampup samples'
ptd-server 2021-03-05 12:13:11,933 [INFO] Sending reply to client 'OK'
ptd-server 2021-03-05 12:23:43,465 [INFO] Got command from the client 'session,2021-03-05_12-12-43,stop,ranging'
ptd-server 2021-03-05 12:23:53,475 [INFO] Sending to ptd: 'Stop'
ptd-server 2021-03-05 12:23:53,476 [INFO] Reply from ptd: 'Stopping untimed measurement'
ptd-server 2021-03-05 12:23:53,794 [INFO] Sending reply to client 'OK'
ptd-server 2021-03-05 12:23:53,841 [INFO] Got command from the client 'time'
ptd-server 2021-03-05 12:23:53,841 [INFO] Sending reply to client '1614947033.8412755'
ptd-server 2021-03-05 12:23:53,845 [INFO] Got command from the client 'session,2021-03-05_12-12-43,start,testing'
ptd-server 2021-03-05 12:23:53,846 [INFO] Sending to ptd: 'SR,V,250.440000'
ptd-server 2021-03-05 12:23:55,435 [INFO] Reply from ptd: 'Range V changed'
ptd-server 2021-03-05 12:23:55,435 [INFO] Sending to ptd: 'SR,A,0.056500'
ptd-server 2021-03-05 12:23:56,936 [INFO] Reply from ptd: 'Range A changed'
ptd-server 2021-03-05 12:24:06,947 [INFO] Starting testing mode
ptd-server 2021-03-05 12:24:06,947 [INFO] Sending to ptd: 'Go,1000,0,2021-03-05_12-12-43_testing'
ptd-server 2021-03-05 12:24:06,947 [INFO] Reply from ptd: 'Starting untimed measurement, maximum 500000 samples at 1000ms with 0 rampup samples'
ptd-server 2021-03-05 12:24:06,947 [INFO] Sending reply to client 'OK'
ptd-server 2021-03-05 12:34:43,173 [INFO] Got command from the client 'session,2021-03-05_12-12-43,stop,testing'
ptd-server 2021-03-05 12:34:53,183 [INFO] Sending to ptd: 'Stop'
ptd-server 2021-03-05 12:34:53,184 [INFO] Reply from ptd: 'Stopping untimed measurement'
ptd-server 2021-03-05 12:34:53,368 [INFO] Sending reply to client 'OK'
ptd-server 2021-03-05 12:34:53,376 [INFO] Got command from the client 'session,2021-03-05_12-12-43,upload,client.log'
ptd-server 2021-03-05 12:34:53,379 [INFO] Received '/home/anton/projects/mlperf/power-dev/output/2021-03-05_12-12-43client.log.tmp'
ptd-server 2021-03-05 12:34:53,379 [INFO] Removed '/home/anton/projects/mlperf/power-dev/output/2021-03-05_12-12-43client.log.tmp'
ptd-server 2021-03-05 12:34:53,380 [INFO] Sending reply to client 'OK'
ptd-server 2021-03-05 12:34:53,392 [INFO] Got command from the client 'session,2021-03-05_12-12-43,upload,client.json'
ptd-server 2021-03-05 12:34:53,394 [INFO] Received '/home/anton/projects/mlperf/power-dev/output/2021-03-05_12-12-43client.json.tmp'
ptd-server 2021-03-05 12:34:53,395 [INFO] Removed '/home/anton/projects/mlperf/power-dev/output/2021-03-05_12-12-43client.json.tmp'
ptd-server 2021-03-05 12:34:53,395 [INFO] Sending reply to client 'OK'
ptd-server 2021-03-05 12:34:53,397 [INFO] Got command from the client 'session,2021-03-05_12-12-43,done'
ptd-server 2021-03-05 12:34:53,398 [INFO] Sending to ptd: 'Stop'
ptd-server 2021-03-05 12:34:53,947 [INFO] Reply from ptd: 'Error: no measurement to stop'
ptd-server 2021-03-05 12:34:53,947 [INFO] Sending to ptd: 'SR,V,300.000000'
ptd-server 2021-03-05 12:34:55,449 [INFO] Reply from ptd: 'Range V changed'
ptd-server 2021-03-05 12:34:55,449 [INFO] Sending to ptd: 'SR,A,0.500000'
ptd-server 2021-03-05 12:34:56,950 [INFO] Reply from ptd: 'Range A changed'
ptd-server 2021-03-05 12:34:56,950 [INFO] Set initial values for Amps 0.500000 and Volts 300.000000
ptd-server 2021-03-05 12:34:56,951 [INFO] Stopping ptd...
