client 2021-03-16 08:53:28,328 [WARNING] Removing old loadgen logs directory '/home/scratch.mlperf_inf_ci/mlPerf/L1/A100x4_MaxQ-Computelab-A100x4-MaxQ-L1-5-2021-03-16-00-05-54-UTC/mlperf-inference/closed/NVIDIA/build/power_logs_temp'
client 2021-03-16 08:53:28,332 [INFO] Sending command to the server: 'mlcommons/power client v3'
client 2021-03-16 08:53:28,333 [INFO] Got response: 'mlcommons/power server v3'
client 2021-03-16 08:53:28,333 [INFO] Sending command to the server: 'stop'
client 2021-03-16 08:53:28,335 [INFO] Got response: 'OK'
client 2021-03-16 08:53:28,335 [INFO] Synchronizing with the server and with ib-01.dc4-in.nvidia.com...
client 2021-03-16 08:53:28,538 [INFO] NTP:offset = 0.063 s, delay = 0.201 s 
client 2021-03-16 08:53:28,538 [INFO] Sending command to the server: 'time'
client 2021-03-16 08:53:28,540 [INFO] Got response: '1615910008.687542'
client 2021-03-16 08:53:28,540 [INFO] The time difference between the client and the server is within range -149.174 ms..-147.190 ms
client 2021-03-16 08:53:28,540 [INFO] Sending command to the server: 'new,,b1c09252-9aca-48fc-b9ef-501863122d96'
client 2021-03-16 08:53:28,542 [INFO] Got response: 'OK 2021-03-16_08-53-28,f9f80e71-fb0f-433a-ac17-576fff094079'
client 2021-03-16 08:53:28,542 [INFO] Session id is '2021-03-16_08-53-28'
client 2021-03-16 08:53:28,542 [INFO] Sources: {"sources": {"client.py": "d1e75cb4b26101220ebd242e584cf3ca5d8f1996", "lib/__init__.py": "da39a3ee5e6b4b0d3255bfef95601890afd80709", "lib/client.py": "d42bebf5b74cb6ff3997e2a6c68422afac111a28", "lib/common.py": "b0bad80d8fa328a7636027d4d66ff453f8dd7889", "lib/external/ntplib.py": "4da8f970656505a40483206ef2b5d3dd5e81711d", "lib/server.py": "2ed36471c7af565d6c8438b2134edad1d7ddf166", "lib/source_hashes.py": "4cedff274c661cb1504052018fd4f00dfbf624ef", "lib/summary.py": "0db15d783907aa92038281af4e465545c0648ddb", "lib/time_sync.py": "76051226ec89287839723352f4162aaa24e0546a", "server.py": "99e1310e3f76292aef1b8792ce6b8c82f1d44d8b", "tests/unit/test_server.py": "64f11775bfed35232a0e8bb9593c0ff992432c59", "tests/unit/test_source_hashes.py": "cb41a7261eaf7d94ba5c0aae9c523174f6204be3"}, "modules": {"__main__": "client.py", "lib.client": "lib/client.py", "lib.common": "lib/common.py", "lib.external.ntplib": "lib/external/ntplib.py", "lib.source_hashes": "lib/source_hashes.py", "lib.summary": "lib/summary.py", "lib.time_sync": "lib/time_sync.py"}}
client 2021-03-16 08:53:28,544 [INFO] Running workload in ranging mode
client 2021-03-16 08:53:28,544 [INFO] Synchronizing with the server and with ib-01.dc4-in.nvidia.com...
client 2021-03-16 08:53:28,746 [INFO] NTP:offset = 0.063 s, delay = 0.201 s 
client 2021-03-16 08:53:28,746 [INFO] Sending command to the server: 'time'
client 2021-03-16 08:53:28,748 [INFO] Got response: '1615910008.890585'
client 2021-03-16 08:53:28,748 [INFO] The time difference between the client and the server is within range -143.628 ms..-142.000 ms
client 2021-03-16 08:53:28,748 [INFO] Sending command to the server: 'session,2021-03-16_08-53-28,start,ranging'
client 2021-03-16 08:53:57,707 [INFO] Got response: 'OK'
client 2021-03-16 08:53:57,707 [INFO] Running the workload 'LOG_DIR=/home/scratch.mlperf_inf_ci/mlPerf/L1/A100x4_MaxQ-Computelab-A100x4-MaxQ-L1-5-2021-03-16-00-05-54-UTC/mlperf-inference/closed/NVIDIA/build/power_logs_temp python3 code/main.py --benchmarks=resnet50 --scenarios=Server --test_mode=PerformanceOnly --config_ver=maxq --action="run_harness" \\\n\t\t&& cp -v /home/scratch.mlperf_inf_ci/mlPerf/L1/A100x4_MaxQ-Computelab-A100x4-MaxQ-L1-5-2021-03-16-00-05-54-UTC/mlperf-inference/closed/NVIDIA/build/power_logs_temp/*/*/*/mlperf_log_detail.txt /home/scratch.mlperf_inf_ci/mlPerf/L1/A100x4_MaxQ-Computelab-A100x4-MaxQ-L1-5-2021-03-16-00-05-54-UTC/mlperf-inference/closed/NVIDIA/build/power_logs_temp/ \\\n\t\t&& cp -v /home/scratch.mlperf_inf_ci/mlPerf/L1/A100x4_MaxQ-Computelab-A100x4-MaxQ-L1-5-2021-03-16-00-05-54-UTC/mlperf-inference/closed/NVIDIA/build/power_logs_temp/*/*/*/mlperf_log_summary.txt /home/scratch.mlperf_inf_ci/mlPerf/L1/A100x4_MaxQ-Computelab-A100x4-MaxQ-L1-5-2021-03-16-00-05-54-UTC/mlperf-inference/closed/NVIDIA/build/power_logs_temp/'
client 2021-03-16 09:04:50,125 [INFO] Sending command to the server: 'session,2021-03-16_08-53-28,stop,ranging'
client 2021-03-16 09:05:00,298 [INFO] Got response: 'OK'
client 2021-03-16 09:05:00,303 [INFO] Packing logs into zip and uploading to the server
client 2021-03-16 09:05:00,315 [INFO] Zip file size: 23.3 kB
client 2021-03-16 09:05:00,334 [INFO] Got response: 'OK'
client 2021-03-16 09:05:00,335 [INFO] Running workload in testing mode
client 2021-03-16 09:05:00,335 [INFO] Synchronizing with the server and with ib-01.dc4-in.nvidia.com...
client 2021-03-16 09:05:00,537 [INFO] NTP:offset = 0.066 s, delay = 0.201 s 
client 2021-03-16 09:05:00,538 [INFO] Sending command to the server: 'time'
client 2021-03-16 09:05:00,539 [INFO] Got response: '1615910700.687106'
client 2021-03-16 09:05:00,539 [INFO] The time difference between the client and the server is within range -149.029 ms..-147.202 ms
client 2021-03-16 09:05:00,539 [INFO] Sending command to the server: 'session,2021-03-16_08-53-28,start,testing'
client 2021-03-16 09:05:13,777 [INFO] Got response: 'OK'
client 2021-03-16 09:05:13,777 [INFO] Running the workload 'LOG_DIR=/home/scratch.mlperf_inf_ci/mlPerf/L1/A100x4_MaxQ-Computelab-A100x4-MaxQ-L1-5-2021-03-16-00-05-54-UTC/mlperf-inference/closed/NVIDIA/build/power_logs_temp python3 code/main.py --benchmarks=resnet50 --scenarios=Server --test_mode=PerformanceOnly --config_ver=maxq --action="run_harness" \\\n\t\t&& cp -v /home/scratch.mlperf_inf_ci/mlPerf/L1/A100x4_MaxQ-Computelab-A100x4-MaxQ-L1-5-2021-03-16-00-05-54-UTC/mlperf-inference/closed/NVIDIA/build/power_logs_temp/*/*/*/mlperf_log_detail.txt /home/scratch.mlperf_inf_ci/mlPerf/L1/A100x4_MaxQ-Computelab-A100x4-MaxQ-L1-5-2021-03-16-00-05-54-UTC/mlperf-inference/closed/NVIDIA/build/power_logs_temp/ \\\n\t\t&& cp -v /home/scratch.mlperf_inf_ci/mlPerf/L1/A100x4_MaxQ-Computelab-A100x4-MaxQ-L1-5-2021-03-16-00-05-54-UTC/mlperf-inference/closed/NVIDIA/build/power_logs_temp/*/*/*/mlperf_log_summary.txt /home/scratch.mlperf_inf_ci/mlPerf/L1/A100x4_MaxQ-Computelab-A100x4-MaxQ-L1-5-2021-03-16-00-05-54-UTC/mlperf-inference/closed/NVIDIA/build/power_logs_temp/'
client 2021-03-16 09:16:06,611 [INFO] Sending command to the server: 'session,2021-03-16_08-53-28,stop,testing'
client 2021-03-16 09:16:16,711 [INFO] Got response: 'OK'
client 2021-03-16 09:16:16,715 [INFO] Packing logs into zip and uploading to the server
client 2021-03-16 09:16:16,725 [INFO] Zip file size: 23.3 kB
client 2021-03-16 09:16:16,743 [INFO] Got response: 'OK'
client 2021-03-16 09:16:16,743 [INFO] Done runs
