ptd-server 2021-03-16 08:53:28,484 [INFO] Got command from the client 'stop'
ptd-server 2021-03-16 08:53:28,484 [INFO] The server will be stopped after processing this client
ptd-server 2021-03-16 08:53:28,484 [INFO] Sending reply to client 'OK'
ptd-server 2021-03-16 08:53:28,687 [INFO] Got command from the client 'time'
ptd-server 2021-03-16 08:53:28,687 [INFO] Sending reply to client '1615910008.687542'
ptd-server 2021-03-16 08:53:28,687 [INFO] Got command from the client 'new,,b1c09252-9aca-48fc-b9ef-501863122d96'
ptd-server 2021-03-16 08:53:28,687 [INFO] Sending reply to client 'OK 2021-03-16_08-53-28,f9f80e71-fb0f-433a-ac17-576fff094079'
ptd-server 2021-03-16 08:53:28,890 [INFO] Got command from the client 'time'
ptd-server 2021-03-16 08:53:28,890 [INFO] Sending reply to client '1615910008.890585'
ptd-server 2021-03-16 08:53:28,890 [INFO] Got command from the client 'session,2021-03-16_08-53-28,start,ranging'
ptd-server 2021-03-16 08:53:28,999 [INFO] Running PTDaemon: ['C:\\PTD\\ptd-windows-x86.exe', '-l', 'C:\\logs_ptdeamon.txt', '-p', '8888', '-c', '1', '-y', '52', '172.18.220.100']
ptd-server 2021-03-16 08:53:46,830 [INFO] Sending to ptd: 'Hello'
ptd-server 2021-03-16 08:53:46,830 [INFO] Reply from ptd: 'Hello, PTDaemon here!'
ptd-server 2021-03-16 08:53:46,830 [INFO] Sending to ptd: 'Identify'
ptd-server 2021-03-16 08:53:46,830 [INFO] Reply from ptd: 'YokogawaWT330E,1000,1,1,1,1,0,0,1,version=1.9.2-3976349f-20201208,OS=Windows 8 / Server 2012,mode=power,1,1,1,0,0,no_cal_date,YOKOGAWA;WT333E;C2WC23035V;F1.04'
ptd-server 2021-03-16 08:53:46,830 [INFO] Connected to PTDaemon
ptd-server 2021-03-16 08:53:46,830 [INFO] Sending to ptd: 'RR'
ptd-server 2021-03-16 08:53:46,830 [INFO] Reply from ptd: 'Ranges,1,5.000000,1,300.000000'
ptd-server 2021-03-16 08:53:46,830 [INFO] Initial range for Amps is Auto for Volts is Auto
ptd-server 2021-03-16 08:53:46,830 [INFO] Sending to ptd: 'SR,V,Auto'
ptd-server 2021-03-16 08:53:47,345 [INFO] Reply from ptd: 'Range V changed'
ptd-server 2021-03-16 08:53:47,345 [INFO] Sending to ptd: 'SR,A,Auto'
ptd-server 2021-03-16 08:53:47,861 [INFO] Reply from ptd: 'Range A changed'
ptd-server 2021-03-16 08:53:57,861 [INFO] Starting ranging mode
ptd-server 2021-03-16 08:53:57,861 [INFO] Sending to ptd: 'Go,1000,0,2021-03-16_08-53-28_ranging'
ptd-server 2021-03-16 08:53:57,861 [INFO] Reply from ptd: 'Starting untimed measurement, maximum 500000 samples at 1000ms with 0 rampup samples'
ptd-server 2021-03-16 08:53:57,861 [INFO] Sending reply to client 'OK'
ptd-server 2021-03-16 09:04:50,280 [INFO] Got command from the client 'session,2021-03-16_08-53-28,stop,ranging'
ptd-server 2021-03-16 09:05:00,280 [INFO] Sending to ptd: 'Stop'
ptd-server 2021-03-16 09:05:00,280 [INFO] Reply from ptd: 'Stopping untimed measurement'
ptd-server 2021-03-16 09:05:00,452 [INFO] Sending reply to client 'OK'
ptd-server 2021-03-16 09:05:00,468 [INFO] Got command from the client 'session,2021-03-16_08-53-28,upload,ranging'
ptd-server 2021-03-16 09:05:00,468 [INFO] Received 'C:\\ptd-logs\\2021-03-16_08-53-28ranging.tmp'
ptd-server 2021-03-16 09:05:00,483 [INFO] Extracted 'C:\\ptd-logs\\2021-03-16_08-53-28ranging.tmp' into 'C:\\ptd-logs\\2021-03-16_08-53-28\\ranging'
ptd-server 2021-03-16 09:05:00,483 [INFO] Removed 'C:\\ptd-logs\\2021-03-16_08-53-28ranging.tmp'
ptd-server 2021-03-16 09:05:00,483 [INFO] Sending reply to client 'OK'
ptd-server 2021-03-16 09:05:00,687 [INFO] Got command from the client 'time'
ptd-server 2021-03-16 09:05:00,687 [INFO] Sending reply to client '1615910700.687106'
ptd-server 2021-03-16 09:05:00,687 [INFO] Got command from the client 'session,2021-03-16_08-53-28,start,testing'
ptd-server 2021-03-16 09:05:00,702 [INFO] Sending to ptd: 'SR,V,206.810000'
ptd-server 2021-03-16 09:05:02,405 [INFO] Reply from ptd: 'Range V changed'
ptd-server 2021-03-16 09:05:02,405 [INFO] Sending to ptd: 'SR,A,6.231700'
ptd-server 2021-03-16 09:05:03,936 [INFO] Reply from ptd: 'Range A changed'
ptd-server 2021-03-16 09:05:13,936 [INFO] Starting testing mode
ptd-server 2021-03-16 09:05:13,936 [INFO] Sending to ptd: 'Go,1000,0,2021-03-16_08-53-28_testing'
ptd-server 2021-03-16 09:05:13,936 [INFO] Reply from ptd: 'Starting untimed measurement, maximum 500000 samples at 1000ms with 0 rampup samples'
ptd-server 2021-03-16 09:05:13,936 [INFO] Sending reply to client 'OK'
ptd-server 2021-03-16 09:16:06,774 [INFO] Got command from the client 'session,2021-03-16_08-53-28,stop,testing'
ptd-server 2021-03-16 09:16:16,786 [INFO] Sending to ptd: 'Stop'
ptd-server 2021-03-16 09:16:16,786 [INFO] Reply from ptd: 'Stopping untimed measurement'
ptd-server 2021-03-16 09:16:16,864 [INFO] Sending reply to client 'OK'
ptd-server 2021-03-16 09:16:16,879 [INFO] Got command from the client 'session,2021-03-16_08-53-28,upload,testing'
ptd-server 2021-03-16 09:16:16,895 [INFO] Received 'C:\\ptd-logs\\2021-03-16_08-53-28testing.tmp'
ptd-server 2021-03-16 09:16:16,895 [INFO] Extracted 'C:\\ptd-logs\\2021-03-16_08-53-28testing.tmp' into 'C:\\ptd-logs\\2021-03-16_08-53-28\\run_1'
ptd-server 2021-03-16 09:16:16,895 [INFO] Removed 'C:\\ptd-logs\\2021-03-16_08-53-28testing.tmp'
ptd-server 2021-03-16 09:16:16,895 [INFO] Sending reply to client 'OK'
ptd-server 2021-03-16 09:16:16,910 [INFO] Got command from the client 'session,2021-03-16_08-53-28,upload,client.log'
ptd-server 2021-03-16 09:16:16,910 [INFO] Received 'C:\\ptd-logs\\2021-03-16_08-53-28client.log.tmp'
ptd-server 2021-03-16 09:16:16,910 [INFO] Removed 'C:\\ptd-logs\\2021-03-16_08-53-28client.log.tmp'
ptd-server 2021-03-16 09:16:16,910 [INFO] Sending reply to client 'OK'
ptd-server 2021-03-16 09:16:16,926 [INFO] Got command from the client 'session,2021-03-16_08-53-28,upload,client.json'
ptd-server 2021-03-16 09:16:16,926 [INFO] Received 'C:\\ptd-logs\\2021-03-16_08-53-28client.json.tmp'
ptd-server 2021-03-16 09:16:16,942 [INFO] Removed 'C:\\ptd-logs\\2021-03-16_08-53-28client.json.tmp'
ptd-server 2021-03-16 09:16:16,942 [INFO] Sending reply to client 'OK'
ptd-server 2021-03-16 09:16:16,942 [INFO] Got command from the client 'session,2021-03-16_08-53-28,done'
ptd-server 2021-03-16 09:16:16,942 [INFO] Sending to ptd: 'Stop'
ptd-server 2021-03-16 09:16:16,942 [INFO] Reply from ptd: 'Error: no measurement to stop'
ptd-server 2021-03-16 09:16:16,942 [INFO] Sending to ptd: 'SR,V,Auto'
ptd-server 2021-03-16 09:16:17,457 [INFO] Reply from ptd: 'Range V changed'
ptd-server 2021-03-16 09:16:17,457 [INFO] Sending to ptd: 'SR,A,Auto'
ptd-server 2021-03-16 09:16:17,973 [INFO] Reply from ptd: 'Range A changed'
ptd-server 2021-03-16 09:16:17,973 [INFO] Set initial values for Amps Auto and Volts Auto
ptd-server 2021-03-16 09:16:17,973 [INFO] Stopping ptd...
