client 2021-03-19 07:23:02,861 [INFO] Sending command to the server: 'mlcommons/power client v3'
client 2021-03-19 07:23:02,862 [INFO] Got response: 'mlcommons/power server v3'
client 2021-03-19 07:23:02,862 [INFO] Synchronizing with the server and with 100.64.0.18...
client 2021-03-19 07:23:02,864 [INFO] NTP:offset = 0.000 s, delay = 0.001 s 
client 2021-03-19 07:23:02,864 [INFO] Sending command to the server: 'time'
client 2021-03-19 07:23:02,866 [INFO] Got response: '1616156582.7530277'
client 2021-03-19 07:23:02,866 [INFO] The time difference between the client and the server is within range 111.748 ms..113.287 ms
client 2021-03-19 07:23:02,866 [INFO] Sending command to the server: 'new,rnnt_Server_default,1be9679b-5614-4b6f-be92-82a824dab39d'
client 2021-03-19 07:23:02,868 [INFO] Got response: 'OK 2021-03-19_07-23-02_rnnt_Server_default,d40f191c-bed6-43de-8675-ef466a5118bb'
client 2021-03-19 07:23:02,868 [INFO] Session id is '2021-03-19_07-23-02_rnnt_Server_default'
client 2021-03-19 07:23:02,868 [INFO] Sources: {"sources": {"client.py": "d1e75cb4b26101220ebd242e584cf3ca5d8f1996", "lib/__init__.py": "da39a3ee5e6b4b0d3255bfef95601890afd80709", "lib/client.py": "d42bebf5b74cb6ff3997e2a6c68422afac111a28", "lib/common.py": "b0bad80d8fa328a7636027d4d66ff453f8dd7889", "lib/external/ntplib.py": "4da8f970656505a40483206ef2b5d3dd5e81711d", "lib/server.py": "2ed36471c7af565d6c8438b2134edad1d7ddf166", "lib/source_hashes.py": "4cedff274c661cb1504052018fd4f00dfbf624ef", "lib/summary.py": "0db15d783907aa92038281af4e465545c0648ddb", "lib/time_sync.py": "76051226ec89287839723352f4162aaa24e0546a", "server.py": "99e1310e3f76292aef1b8792ce6b8c82f1d44d8b", "tests/unit/test_server.py": "64f11775bfed35232a0e8bb9593c0ff992432c59", "tests/unit/test_source_hashes.py": "cb41a7261eaf7d94ba5c0aae9c523174f6204be3"}, "modules": {"__main__": "client.py", "lib.client": "lib/client.py", "lib.common": "lib/common.py", "lib.external.ntplib": "lib/external/ntplib.py", "lib.source_hashes": "lib/source_hashes.py", "lib.summary": "lib/summary.py", "lib.time_sync": "lib/time_sync.py"}}
client 2021-03-19 07:23:02,868 [INFO] Running workload in ranging mode
client 2021-03-19 07:23:02,868 [INFO] Synchronizing with the server and with 100.64.0.18...
client 2021-03-19 07:23:02,869 [INFO] NTP:offset = 0.000 s, delay = 0.001 s 
client 2021-03-19 07:23:02,869 [INFO] Sending command to the server: 'time'
client 2021-03-19 07:23:02,870 [INFO] Got response: '1616156582.762734'
client 2021-03-19 07:23:02,870 [INFO] The time difference between the client and the server is within range 107.044 ms..108.092 ms
client 2021-03-19 07:23:02,870 [INFO] Sending command to the server: 'session,2021-03-19_07-23-02_rnnt_Server_default,start,ranging'
client 2021-03-19 07:23:26,663 [INFO] Got response: 'OK'
client 2021-03-19 07:23:26,663 [INFO] Running the workload "make run_harness RUN_ARGS='--benchmarks=rnnt --scenarios=Server --config_ver=default --log_dir build/logs/ --test_mode=PerformanceOnly'"
client 2021-03-19 07:34:03,249 [INFO] Sending command to the server: 'session,2021-03-19_07-23-02_rnnt_Server_default,stop,ranging'
client 2021-03-19 07:34:13,518 [INFO] Got response: 'OK'
client 2021-03-19 07:34:13,519 [INFO] Running workload in testing mode
client 2021-03-19 07:34:13,519 [INFO] Synchronizing with the server and with 100.64.0.18...
client 2021-03-19 07:34:13,521 [INFO] NTP:offset = 0.000 s, delay = 0.001 s 
client 2021-03-19 07:34:13,521 [INFO] Sending command to the server: 'time'
client 2021-03-19 07:34:13,523 [INFO] Got response: '1616157253.390475'
client 2021-03-19 07:34:13,523 [INFO] The time difference between the client and the server is within range 131.155 ms..132.641 ms
client 2021-03-19 07:34:13,523 [INFO] Sending command to the server: 'session,2021-03-19_07-23-02_rnnt_Server_default,start,testing'
client 2021-03-19 07:34:26,743 [INFO] Got response: 'OK'
client 2021-03-19 07:34:26,743 [INFO] Running the workload "make run_harness RUN_ARGS='--benchmarks=rnnt --scenarios=Server --config_ver=default --log_dir build/logs/ --test_mode=PerformanceOnly'"
client 2021-03-19 07:45:03,304 [INFO] Sending command to the server: 'session,2021-03-19_07-23-02_rnnt_Server_default,stop,testing'
client 2021-03-19 07:45:13,458 [INFO] Got response: 'OK'
client 2021-03-19 07:45:13,458 [INFO] Done runs
