ptd-server 2021-03-19 07:23:02,753 [INFO] Got command from the client 'time'
ptd-server 2021-03-19 07:23:02,753 [INFO] Sending reply to client '1616156582.7530277'
ptd-server 2021-03-19 07:23:02,753 [INFO] Got command from the client 'new,rnnt_Server_default,1be9679b-5614-4b6f-be92-82a824dab39d'
ptd-server 2021-03-19 07:23:02,762 [INFO] Sending reply to client 'OK 2021-03-19_07-23-02_rnnt_Server_default,d40f191c-bed6-43de-8675-ef466a5118bb'
ptd-server 2021-03-19 07:23:02,762 [INFO] Got command from the client 'time'
ptd-server 2021-03-19 07:23:02,762 [INFO] Sending reply to client '1616156582.762734'
ptd-server 2021-03-19 07:23:02,762 [INFO] Got command from the client 'session,2021-03-19_07-23-02_rnnt_Server_default,start,ranging'
ptd-server 2021-03-19 07:23:02,863 [INFO] Running PTDaemon: ['.\\ptd-windows-x86.exe', '-l', '.\\logs_ptdeamon.txt', '-p', '8888', '-g', '8', '1']
ptd-server 2021-03-19 07:23:15,503 [INFO] Sending to ptd: 'Hello'
ptd-server 2021-03-19 07:23:15,503 [INFO] Reply from ptd: 'Hello, PTDaemon here!'
ptd-server 2021-03-19 07:23:15,503 [INFO] Sending to ptd: 'Identify'
ptd-server 2021-03-19 07:23:15,503 [INFO] Reply from ptd: 'YokogawaWT210,1000,1,1,1,1,0,0,1,version=1.9.2-3976349f-20201208,OS=Windows 8 / Server 2012,mode=power,1,1,1,0,0,no_cal_date,YOKOGAWA;760401;0;F1.12'
ptd-server 2021-03-19 07:23:15,503 [INFO] Connected to PTDaemon
ptd-server 2021-03-19 07:23:15,503 [INFO] Sending to ptd: 'RR'
ptd-server 2021-03-19 07:23:15,503 [INFO] Reply from ptd: 'Ranges,1,10.000000,1,150.000000'
ptd-server 2021-03-19 07:23:15,503 [INFO] Initial range for Amps is Auto for Volts is Auto
ptd-server 2021-03-19 07:23:15,503 [INFO] Sending to ptd: 'SR,V,Auto'
ptd-server 2021-03-19 07:23:16,023 [INFO] Reply from ptd: 'Range V changed'
ptd-server 2021-03-19 07:23:16,023 [INFO] Sending to ptd: 'SR,A,Auto'
ptd-server 2021-03-19 07:23:16,553 [INFO] Reply from ptd: 'Range A changed'
ptd-server 2021-03-19 07:23:26,553 [INFO] Starting ranging mode
ptd-server 2021-03-19 07:23:26,553 [INFO] Sending to ptd: 'Go,1000,0,2021-03-19_07-23-02_rnnt_Server_default_ranging'
ptd-server 2021-03-19 07:23:26,553 [INFO] Reply from ptd: 'Starting untimed measurement, maximum 500000 samples at 1000ms with 0 rampup samples'
ptd-server 2021-03-19 07:23:26,553 [INFO] Sending reply to client 'OK'
ptd-server 2021-03-19 07:34:03,120 [INFO] Got command from the client 'session,2021-03-19_07-23-02_rnnt_Server_default,stop,ranging'
ptd-server 2021-03-19 07:34:13,120 [INFO] Sending to ptd: 'Stop'
ptd-server 2021-03-19 07:34:13,120 [INFO] Reply from ptd: 'Stopping untimed measurement'
ptd-server 2021-03-19 07:34:13,390 [INFO] Sending reply to client 'OK'
ptd-server 2021-03-19 07:34:13,390 [INFO] Got command from the client 'time'
ptd-server 2021-03-19 07:34:13,390 [INFO] Sending reply to client '1616157253.390475'
ptd-server 2021-03-19 07:34:13,390 [INFO] Got command from the client 'session,2021-03-19_07-23-02_rnnt_Server_default,start,testing'
ptd-server 2021-03-19 07:34:13,390 [INFO] Sending to ptd: 'SR,V,120.530000'
ptd-server 2021-03-19 07:34:15,090 [INFO] Reply from ptd: 'Range V changed'
ptd-server 2021-03-19 07:34:15,090 [INFO] Sending to ptd: 'SR,A,7.210000'
ptd-server 2021-03-19 07:34:16,611 [INFO] Reply from ptd: 'Range A changed'
ptd-server 2021-03-19 07:34:26,611 [INFO] Starting testing mode
ptd-server 2021-03-19 07:34:26,611 [INFO] Sending to ptd: 'Go,1000,0,2021-03-19_07-23-02_rnnt_Server_default_testing'
ptd-server 2021-03-19 07:34:26,611 [INFO] Reply from ptd: 'Starting untimed measurement, maximum 500000 samples at 1000ms with 0 rampup samples'
ptd-server 2021-03-19 07:34:26,611 [INFO] Sending reply to client 'OK'
ptd-server 2021-03-19 07:45:03,157 [INFO] Got command from the client 'session,2021-03-19_07-23-02_rnnt_Server_default,stop,testing'
ptd-server 2021-03-19 07:45:13,168 [INFO] Sending to ptd: 'Stop'
ptd-server 2021-03-19 07:45:13,168 [INFO] Reply from ptd: 'Stopping untimed measurement'
ptd-server 2021-03-19 07:45:13,308 [INFO] Sending reply to client 'OK'
ptd-server 2021-03-19 07:45:13,308 [INFO] Got command from the client 'session,2021-03-19_07-23-02_rnnt_Server_default,upload,client.log'
ptd-server 2021-03-19 07:45:13,308 [INFO] Received '.\\outdir\\2021-03-19_07-23-02_rnnt_Server_defaultclient.log.tmp'
ptd-server 2021-03-19 07:45:13,318 [INFO] Removed '.\\outdir\\2021-03-19_07-23-02_rnnt_Server_defaultclient.log.tmp'
ptd-server 2021-03-19 07:45:13,318 [INFO] Sending reply to client 'OK'
ptd-server 2021-03-19 07:45:13,318 [INFO] Got command from the client 'session,2021-03-19_07-23-02_rnnt_Server_default,upload,client.json'
ptd-server 2021-03-19 07:45:13,318 [INFO] Received '.\\outdir\\2021-03-19_07-23-02_rnnt_Server_defaultclient.json.tmp'
ptd-server 2021-03-19 07:45:13,328 [INFO] Removed '.\\outdir\\2021-03-19_07-23-02_rnnt_Server_defaultclient.json.tmp'
ptd-server 2021-03-19 07:45:13,328 [INFO] Sending reply to client 'OK'
ptd-server 2021-03-19 07:45:13,328 [INFO] Got command from the client 'session,2021-03-19_07-23-02_rnnt_Server_default,done'
ptd-server 2021-03-19 07:45:13,328 [INFO] Sending to ptd: 'Stop'
ptd-server 2021-03-19 07:45:13,618 [INFO] Reply from ptd: 'Error: no measurement to stop'
ptd-server 2021-03-19 07:45:13,618 [INFO] Sending to ptd: 'SR,V,Auto'
ptd-server 2021-03-19 07:45:14,138 [INFO] Reply from ptd: 'Range V changed'
ptd-server 2021-03-19 07:45:14,138 [INFO] Sending to ptd: 'SR,A,Auto'
ptd-server 2021-03-19 07:45:14,658 [INFO] Reply from ptd: 'Range A changed'
ptd-server 2021-03-19 07:45:14,658 [INFO] Set initial values for Amps Auto and Volts Auto
ptd-server 2021-03-19 07:45:14,658 [INFO] Stopping ptd...
