ptd-server 2021-03-01 22:54:32,554 [INFO] Got command from the client 'time'
ptd-server 2021-03-01 22:54:32,554 [INFO] Sending reply to client '1614639272.5548148'
ptd-server 2021-03-01 22:54:32,556 [INFO] Got command from the client 'new,,93390c5b-a60c-4ace-bfba-3c88c1a3818f'
ptd-server 2021-03-01 22:54:32,556 [INFO] Sending reply to client 'OK 2021-03-01_22-54-32,13f85ba5-74e0-4fdd-a1bc-86c453c7238c'
ptd-server 2021-03-01 22:54:32,594 [INFO] Got command from the client 'time'
ptd-server 2021-03-01 22:54:32,594 [INFO] Sending reply to client '1614639272.5945895'
ptd-server 2021-03-01 22:54:32,595 [INFO] Got command from the client 'session,2021-03-01_22-54-32,start,ranging'
ptd-server 2021-03-01 22:54:32,596 [INFO] Running PTDaemon: ['/home/anton/projects/mlperf/power/inference_v1.0/ptd-linux-x86', '-l', 'ptd.log', '-p', '8888', '52', '/dev/usbtmc0']
ptd-server 2021-03-01 22:54:49,764 [INFO] Sending to ptd: 'Hello'
ptd-server 2021-03-01 22:54:49,764 [INFO] Reply from ptd: 'Hello, PTDaemon here!'
ptd-server 2021-03-01 22:54:49,765 [INFO] Sending to ptd: 'Identify'
ptd-server 2021-03-01 22:54:49,765 [INFO] Reply from ptd: 'YokogawaWT330E,1000,1,1,1,1,0,0,1,version=1.9.2-e8c7a49a-20201208,OS=Linux 5.8.0-43-generic #49~20.04.1-Ubuntu SMP Fri Feb 5 09:57:56 UTC 2021 x86_64,mode=power,1,1,1,0,0,no_cal_date,YOKOGAWA;WT333E;C3VD30030E;F1.04'
ptd-server 2021-03-01 22:54:49,765 [INFO] Connected to PTDaemon
ptd-server 2021-03-01 22:54:49,765 [INFO] Sending to ptd: 'RR'
ptd-server 2021-03-01 22:54:49,765 [INFO] Reply from ptd: 'Ranges,0,0.500000,0,300.000000'
ptd-server 2021-03-01 22:54:49,766 [INFO] Initial range for Amps is 0.500000 for Volts is 300.000000
ptd-server 2021-03-01 22:54:49,766 [INFO] Sending to ptd: 'SR,V,Auto'
ptd-server 2021-03-01 22:54:50,268 [INFO] Reply from ptd: 'Range V changed'
ptd-server 2021-03-01 22:54:50,268 [INFO] Sending to ptd: 'SR,A,Auto'
ptd-server 2021-03-01 22:54:50,771 [INFO] Reply from ptd: 'Range A changed'
ptd-server 2021-03-01 22:55:00,781 [INFO] Starting ranging mode
ptd-server 2021-03-01 22:55:00,781 [INFO] Sending to ptd: 'Go,1000,0,2021-03-01_22-54-32_ranging'
ptd-server 2021-03-01 22:55:00,782 [INFO] Reply from ptd: 'Starting untimed measurement, maximum 500000 samples at 1000ms with 0 rampup samples'
ptd-server 2021-03-01 22:55:00,782 [INFO] Sending reply to client 'OK'
ptd-server 2021-03-01 23:05:20,133 [INFO] Got command from the client 'session,2021-03-01_22-54-32,stop,ranging'
ptd-server 2021-03-01 23:05:30,144 [INFO] Sending to ptd: 'Stop'
ptd-server 2021-03-01 23:05:30,144 [INFO] Reply from ptd: 'Stopping untimed measurement'
ptd-server 2021-03-01 23:05:30,406 [INFO] Sending reply to client 'OK'
ptd-server 2021-03-01 23:05:30,443 [INFO] Got command from the client 'time'
ptd-server 2021-03-01 23:05:30,443 [INFO] Sending reply to client '1614639930.4438667'
ptd-server 2021-03-01 23:05:30,447 [INFO] Got command from the client 'session,2021-03-01_22-54-32,start,testing'
ptd-server 2021-03-01 23:05:30,447 [INFO] Sending to ptd: 'SR,V,249.360000'
ptd-server 2021-03-01 23:05:32,284 [INFO] Reply from ptd: 'Range V changed'
ptd-server 2021-03-01 23:05:32,284 [INFO] Sending to ptd: 'SR,A,0.203320'
ptd-server 2021-03-01 23:05:33,785 [INFO] Reply from ptd: 'Range A changed'
ptd-server 2021-03-01 23:05:43,795 [INFO] Starting testing mode
ptd-server 2021-03-01 23:05:43,795 [INFO] Sending to ptd: 'Go,1000,0,2021-03-01_22-54-32_testing'
ptd-server 2021-03-01 23:05:43,796 [INFO] Reply from ptd: 'Starting untimed measurement, maximum 500000 samples at 1000ms with 0 rampup samples'
ptd-server 2021-03-01 23:05:43,796 [INFO] Sending reply to client 'OK'
ptd-server 2021-03-01 23:16:02,991 [INFO] Got command from the client 'session,2021-03-01_22-54-32,stop,testing'
ptd-server 2021-03-01 23:16:13,001 [INFO] Sending to ptd: 'Stop'
ptd-server 2021-03-01 23:16:13,002 [INFO] Reply from ptd: 'Stopping untimed measurement'
ptd-server 2021-03-01 23:16:13,148 [INFO] Sending reply to client 'OK'
ptd-server 2021-03-01 23:16:13,152 [INFO] Got command from the client 'session,2021-03-01_22-54-32,upload,client.log'
ptd-server 2021-03-01 23:16:13,152 [INFO] Received '/home/anton/projects/mlperf/power-dev/output/2021-03-01_22-54-32client.log.tmp'
ptd-server 2021-03-01 23:16:13,153 [INFO] Removed '/home/anton/projects/mlperf/power-dev/output/2021-03-01_22-54-32client.log.tmp'
ptd-server 2021-03-01 23:16:13,153 [INFO] Sending reply to client 'OK'
ptd-server 2021-03-01 23:16:13,157 [INFO] Got command from the client 'session,2021-03-01_22-54-32,upload,client.json'
ptd-server 2021-03-01 23:16:13,157 [INFO] Received '/home/anton/projects/mlperf/power-dev/output/2021-03-01_22-54-32client.json.tmp'
ptd-server 2021-03-01 23:16:13,157 [INFO] Removed '/home/anton/projects/mlperf/power-dev/output/2021-03-01_22-54-32client.json.tmp'
ptd-server 2021-03-01 23:16:13,157 [INFO] Sending reply to client 'OK'
ptd-server 2021-03-01 23:16:13,158 [INFO] Got command from the client 'session,2021-03-01_22-54-32,done'
ptd-server 2021-03-01 23:16:13,158 [INFO] Sending to ptd: 'Stop'
ptd-server 2021-03-01 23:16:13,797 [INFO] Reply from ptd: 'Error: no measurement to stop'
ptd-server 2021-03-01 23:16:13,797 [INFO] Sending to ptd: 'SR,V,300.000000'
ptd-server 2021-03-01 23:16:15,298 [INFO] Reply from ptd: 'Range V changed'
ptd-server 2021-03-01 23:16:15,298 [INFO] Sending to ptd: 'SR,A,0.500000'
ptd-server 2021-03-01 23:16:16,800 [INFO] Reply from ptd: 'Range A changed'
ptd-server 2021-03-01 23:16:16,800 [INFO] Set initial values for Amps 0.500000 and Volts 300.000000
ptd-server 2021-03-01 23:16:16,800 [INFO] Stopping ptd...
