ptd-server 2021-03-07 22:47:26,537 [INFO] Got command from the client 'time'
ptd-server 2021-03-07 22:47:26,537 [INFO] Sending reply to client '1615157246.5375674'
ptd-server 2021-03-07 22:47:26,540 [INFO] Got command from the client 'new,,d8c45f9a-73f6-4ae4-8c0a-d91654219463'
ptd-server 2021-03-07 22:47:26,541 [INFO] Sending reply to client 'OK 2021-03-07_22-47-26,b96f068a-9901-44ca-935e-cbd0983c8d07'
ptd-server 2021-03-07 22:47:26,587 [INFO] Got command from the client 'time'
ptd-server 2021-03-07 22:47:26,587 [INFO] Sending reply to client '1615157246.5878074'
ptd-server 2021-03-07 22:47:26,592 [INFO] Got command from the client 'session,2021-03-07_22-47-26,start,ranging'
ptd-server 2021-03-07 22:47:26,592 [INFO] Running PTDaemon: ['/home/anton/projects/mlperf/power/inference_v1.0/ptd-linux-x86', '-l', 'ptd.log', '-p', '8888', '52', '/dev/usbtmc0']
ptd-server 2021-03-07 22:47:43,764 [INFO] Sending to ptd: 'Hello'
ptd-server 2021-03-07 22:47:43,765 [INFO] Reply from ptd: 'Hello, PTDaemon here!'
ptd-server 2021-03-07 22:47:43,765 [INFO] Sending to ptd: 'Identify'
ptd-server 2021-03-07 22:47:43,765 [INFO] Reply from ptd: 'YokogawaWT330E,1000,1,1,1,1,0,0,1,version=1.9.2-e8c7a49a-20201208,OS=Linux 5.8.0-43-generic #49~20.04.1-Ubuntu SMP Fri Feb 5 09:57:56 UTC 2021 x86_64,mode=power,1,1,1,0,0,no_cal_date,YOKOGAWA;WT333E;C3VD30030E;F1.04'
ptd-server 2021-03-07 22:47:43,765 [INFO] Connected to PTDaemon
ptd-server 2021-03-07 22:47:43,765 [INFO] Sending to ptd: 'RR'
ptd-server 2021-03-07 22:47:43,765 [INFO] Reply from ptd: 'Ranges,0,0.500000,0,300.000000'
ptd-server 2021-03-07 22:47:43,766 [INFO] Initial range for Amps is 0.500000 for Volts is 300.000000
ptd-server 2021-03-07 22:47:43,766 [INFO] Sending to ptd: 'SR,V,Auto'
ptd-server 2021-03-07 22:47:44,286 [INFO] Reply from ptd: 'Range V changed'
ptd-server 2021-03-07 22:47:44,286 [INFO] Sending to ptd: 'SR,A,Auto'
ptd-server 2021-03-07 22:47:44,788 [INFO] Reply from ptd: 'Range A changed'
ptd-server 2021-03-07 22:47:54,799 [INFO] Starting ranging mode
ptd-server 2021-03-07 22:47:54,799 [INFO] Sending to ptd: 'Go,1000,0,2021-03-07_22-47-26_ranging'
ptd-server 2021-03-07 22:47:54,799 [INFO] Reply from ptd: 'Starting untimed measurement, maximum 500000 samples at 1000ms with 0 rampup samples'
ptd-server 2021-03-07 22:47:54,799 [INFO] Sending reply to client 'OK'
ptd-server 2021-03-07 22:58:19,865 [INFO] Got command from the client 'session,2021-03-07_22-47-26,stop,ranging'
ptd-server 2021-03-07 22:58:29,876 [INFO] Sending to ptd: 'Stop'
ptd-server 2021-03-07 22:58:29,876 [INFO] Reply from ptd: 'Stopping untimed measurement'
ptd-server 2021-03-07 22:58:30,470 [INFO] Sending reply to client 'OK'
ptd-server 2021-03-07 22:58:30,530 [INFO] Got command from the client 'time'
ptd-server 2021-03-07 22:58:30,531 [INFO] Sending reply to client '1615157910.5310614'
ptd-server 2021-03-07 22:58:30,535 [INFO] Got command from the client 'session,2021-03-07_22-47-26,start,testing'
ptd-server 2021-03-07 22:58:30,535 [INFO] Sending to ptd: 'SR,V,252.140000'
ptd-server 2021-03-07 22:58:32,300 [INFO] Reply from ptd: 'Range V changed'
ptd-server 2021-03-07 22:58:32,300 [INFO] Sending to ptd: 'SR,A,0.049460'
ptd-server 2021-03-07 22:58:33,802 [INFO] Reply from ptd: 'Range A changed'
ptd-server 2021-03-07 22:58:43,812 [INFO] Starting testing mode
ptd-server 2021-03-07 22:58:43,812 [INFO] Sending to ptd: 'Go,1000,0,2021-03-07_22-47-26_testing'
ptd-server 2021-03-07 22:58:43,813 [INFO] Reply from ptd: 'Starting untimed measurement, maximum 500000 samples at 1000ms with 0 rampup samples'
ptd-server 2021-03-07 22:58:43,813 [INFO] Sending reply to client 'OK'
ptd-server 2021-03-07 23:09:13,569 [INFO] Got command from the client 'session,2021-03-07_22-47-26,stop,testing'
ptd-server 2021-03-07 23:09:23,580 [INFO] Sending to ptd: 'Stop'
ptd-server 2021-03-07 23:09:23,580 [INFO] Reply from ptd: 'Stopping untimed measurement'
ptd-server 2021-03-07 23:09:23,926 [INFO] Sending reply to client 'OK'
ptd-server 2021-03-07 23:09:23,934 [INFO] Got command from the client 'session,2021-03-07_22-47-26,upload,client.log'
ptd-server 2021-03-07 23:09:23,936 [INFO] Received '/home/anton/projects/mlperf/power-dev/output/2021-03-07_22-47-26client.log.tmp'
ptd-server 2021-03-07 23:09:23,937 [INFO] Removed '/home/anton/projects/mlperf/power-dev/output/2021-03-07_22-47-26client.log.tmp'
ptd-server 2021-03-07 23:09:23,937 [INFO] Sending reply to client 'OK'
ptd-server 2021-03-07 23:09:23,949 [INFO] Got command from the client 'session,2021-03-07_22-47-26,upload,client.json'
ptd-server 2021-03-07 23:09:23,952 [INFO] Received '/home/anton/projects/mlperf/power-dev/output/2021-03-07_22-47-26client.json.tmp'
ptd-server 2021-03-07 23:09:23,952 [INFO] Removed '/home/anton/projects/mlperf/power-dev/output/2021-03-07_22-47-26client.json.tmp'
ptd-server 2021-03-07 23:09:23,953 [INFO] Sending reply to client 'OK'
ptd-server 2021-03-07 23:09:23,955 [INFO] Got command from the client 'session,2021-03-07_22-47-26,done'
ptd-server 2021-03-07 23:09:23,956 [INFO] Sending to ptd: 'Stop'
ptd-server 2021-03-07 23:09:23,956 [INFO] Reply from ptd: 'Error: no measurement to stop'
ptd-server 2021-03-07 23:09:23,956 [INFO] Sending to ptd: 'SR,V,300.000000'
ptd-server 2021-03-07 23:09:25,457 [INFO] Reply from ptd: 'Range V changed'
ptd-server 2021-03-07 23:09:25,458 [INFO] Sending to ptd: 'SR,A,0.500000'
ptd-server 2021-03-07 23:09:26,959 [INFO] Reply from ptd: 'Range A changed'
ptd-server 2021-03-07 23:09:26,959 [INFO] Set initial values for Amps 0.500000 and Volts 300.000000
ptd-server 2021-03-07 23:09:26,959 [INFO] Stopping ptd...
