ptd-server 2021-03-10 00:22:02,995 [INFO] Got command from the client 'time'
ptd-server 2021-03-10 00:22:02,995 [INFO] Sending reply to client '1615335722.9958692'
ptd-server 2021-03-10 00:22:02,998 [INFO] Got command from the client 'new,,12428c5f-a2f6-44a6-b342-f1edf19c6232'
ptd-server 2021-03-10 00:22:02,998 [INFO] Sending reply to client 'OK 2021-03-10_00-22-02,edd0f5ec-a263-4cc3-bb66-7a81947e0f81'
ptd-server 2021-03-10 00:22:03,036 [INFO] Got command from the client 'time'
ptd-server 2021-03-10 00:22:03,036 [INFO] Sending reply to client '1615335723.0363696'
ptd-server 2021-03-10 00:22:03,038 [INFO] Got command from the client 'session,2021-03-10_00-22-02,start,ranging'
ptd-server 2021-03-10 00:22:03,039 [INFO] Running PTDaemon: ['/home/anton/projects/mlperf/power/inference_v1.0/ptd-linux-x86', '-l', 'ptd.log', '-p', '8888', '52', '/dev/usbtmc0']
ptd-server 2021-03-10 00:22:20,211 [INFO] Sending to ptd: 'Hello'
ptd-server 2021-03-10 00:22:20,212 [INFO] Reply from ptd: 'Hello, PTDaemon here!'
ptd-server 2021-03-10 00:22:20,212 [INFO] Sending to ptd: 'Identify'
ptd-server 2021-03-10 00:22:20,212 [INFO] Reply from ptd: 'YokogawaWT330E,1000,1,1,1,1,0,0,1,version=1.9.2-e8c7a49a-20201208,OS=Linux 5.8.0-43-generic #49~20.04.1-Ubuntu SMP Fri Feb 5 09:57:56 UTC 2021 x86_64,mode=power,1,1,1,0,0,no_cal_date,YOKOGAWA;WT333E;C3VD30030E;F1.04'
ptd-server 2021-03-10 00:22:20,213 [INFO] Connected to PTDaemon
ptd-server 2021-03-10 00:22:20,213 [INFO] Sending to ptd: 'RR'
ptd-server 2021-03-10 00:22:20,213 [INFO] Reply from ptd: 'Ranges,0,0.500000,0,300.000000'
ptd-server 2021-03-10 00:22:20,213 [INFO] Initial range for Amps is 0.500000 for Volts is 300.000000
ptd-server 2021-03-10 00:22:20,214 [INFO] Sending to ptd: 'SR,V,Auto'
ptd-server 2021-03-10 00:22:20,716 [INFO] Reply from ptd: 'Range V changed'
ptd-server 2021-03-10 00:22:20,716 [INFO] Sending to ptd: 'SR,A,Auto'
ptd-server 2021-03-10 00:22:21,219 [INFO] Reply from ptd: 'Range A changed'
ptd-server 2021-03-10 00:22:31,229 [INFO] Starting ranging mode
ptd-server 2021-03-10 00:22:31,229 [INFO] Sending to ptd: 'Go,1000,0,2021-03-10_00-22-02_ranging'
ptd-server 2021-03-10 00:22:31,230 [INFO] Reply from ptd: 'Starting untimed measurement, maximum 500000 samples at 1000ms with 0 rampup samples'
ptd-server 2021-03-10 00:22:31,230 [INFO] Sending reply to client 'OK'
ptd-server 2021-03-10 00:32:46,508 [INFO] Got command from the client 'session,2021-03-10_00-22-02,stop,ranging'
ptd-server 2021-03-10 00:32:56,518 [INFO] Sending to ptd: 'Stop'
ptd-server 2021-03-10 00:32:56,519 [INFO] Reply from ptd: 'Stopping untimed measurement'
ptd-server 2021-03-10 00:32:57,312 [INFO] Sending reply to client 'OK'
ptd-server 2021-03-10 00:32:57,355 [INFO] Got command from the client 'time'
ptd-server 2021-03-10 00:32:57,355 [INFO] Sending reply to client '1615336377.3555627'
ptd-server 2021-03-10 00:32:57,360 [INFO] Got command from the client 'session,2021-03-10_00-22-02,start,testing'
ptd-server 2021-03-10 00:32:57,360 [INFO] Sending to ptd: 'SR,V,248.980000'
ptd-server 2021-03-10 00:32:58,861 [INFO] Reply from ptd: 'Range V changed'
ptd-server 2021-03-10 00:32:58,861 [INFO] Sending to ptd: 'SR,A,0.147280'
ptd-server 2021-03-10 00:33:00,363 [INFO] Reply from ptd: 'Range A changed'
ptd-server 2021-03-10 00:33:10,373 [INFO] Starting testing mode
ptd-server 2021-03-10 00:33:10,373 [INFO] Sending to ptd: 'Go,1000,0,2021-03-10_00-22-02_testing'
ptd-server 2021-03-10 00:33:10,373 [INFO] Reply from ptd: 'Starting untimed measurement, maximum 500000 samples at 1000ms with 0 rampup samples'
ptd-server 2021-03-10 00:33:10,374 [INFO] Sending reply to client 'OK'
ptd-server 2021-03-10 00:43:25,624 [INFO] Got command from the client 'session,2021-03-10_00-22-02,stop,testing'
ptd-server 2021-03-10 00:43:35,634 [INFO] Sending to ptd: 'Stop'
ptd-server 2021-03-10 00:43:35,634 [INFO] Reply from ptd: 'Stopping untimed measurement'
ptd-server 2021-03-10 00:43:36,044 [INFO] Sending reply to client 'OK'
ptd-server 2021-03-10 00:43:36,053 [INFO] Got command from the client 'session,2021-03-10_00-22-02,upload,client.log'
ptd-server 2021-03-10 00:43:36,055 [INFO] Received '/home/anton/projects/mlperf/power-dev/output/2021-03-10_00-22-02client.log.tmp'
ptd-server 2021-03-10 00:43:36,055 [INFO] Removed '/home/anton/projects/mlperf/power-dev/output/2021-03-10_00-22-02client.log.tmp'
ptd-server 2021-03-10 00:43:36,055 [INFO] Sending reply to client 'OK'
ptd-server 2021-03-10 00:43:36,062 [INFO] Got command from the client 'session,2021-03-10_00-22-02,upload,client.json'
ptd-server 2021-03-10 00:43:36,063 [INFO] Received '/home/anton/projects/mlperf/power-dev/output/2021-03-10_00-22-02client.json.tmp'
ptd-server 2021-03-10 00:43:36,063 [INFO] Removed '/home/anton/projects/mlperf/power-dev/output/2021-03-10_00-22-02client.json.tmp'
ptd-server 2021-03-10 00:43:36,063 [INFO] Sending reply to client 'OK'
ptd-server 2021-03-10 00:43:36,064 [INFO] Got command from the client 'session,2021-03-10_00-22-02,done'
ptd-server 2021-03-10 00:43:36,064 [INFO] Sending to ptd: 'Stop'
ptd-server 2021-03-10 00:43:36,373 [INFO] Reply from ptd: 'Error: no measurement to stop'
ptd-server 2021-03-10 00:43:36,373 [INFO] Sending to ptd: 'SR,V,300.000000'
ptd-server 2021-03-10 00:43:37,875 [INFO] Reply from ptd: 'Range V changed'
ptd-server 2021-03-10 00:43:37,875 [INFO] Sending to ptd: 'SR,A,0.500000'
ptd-server 2021-03-10 00:43:39,376 [INFO] Reply from ptd: 'Range A changed'
ptd-server 2021-03-10 00:43:39,377 [INFO] Set initial values for Amps 0.500000 and Volts 300.000000
ptd-server 2021-03-10 00:43:39,377 [INFO] Stopping ptd...
