ptd-server 2021-03-07 07:52:58,094 [INFO] Got command from the client 'time'
ptd-server 2021-03-07 07:52:58,094 [INFO] Sending reply to client '1615103578.0945394'
ptd-server 2021-03-07 07:52:58,097 [INFO] Got command from the client 'new,,05adcca7-d06a-4c11-982c-0af42f4d7b7f'
ptd-server 2021-03-07 07:52:58,097 [INFO] Sending reply to client 'OK 2021-03-07_07-52-58,6df4c3e0-b6cc-4832-8107-20a0c7ed6ea5'
ptd-server 2021-03-07 07:52:58,134 [INFO] Got command from the client 'time'
ptd-server 2021-03-07 07:52:58,134 [INFO] Sending reply to client '1615103578.1344142'
ptd-server 2021-03-07 07:52:58,138 [INFO] Got command from the client 'session,2021-03-07_07-52-58,start,ranging'
ptd-server 2021-03-07 07:52:58,138 [INFO] Running PTDaemon: ['/home/anton/projects/mlperf/power/inference_v1.0/ptd-linux-x86', '-l', 'ptd.log', '-p', '8888', '52', '/dev/usbtmc0']
ptd-server 2021-03-07 07:53:15,307 [INFO] Sending to ptd: 'Hello'
ptd-server 2021-03-07 07:53:15,307 [INFO] Reply from ptd: 'Hello, PTDaemon here!'
ptd-server 2021-03-07 07:53:15,307 [INFO] Sending to ptd: 'Identify'
ptd-server 2021-03-07 07:53:15,308 [INFO] Reply from ptd: 'YokogawaWT330E,1000,1,1,1,1,0,0,1,version=1.9.2-e8c7a49a-20201208,OS=Linux 5.8.0-43-generic #49~20.04.1-Ubuntu SMP Fri Feb 5 09:57:56 UTC 2021 x86_64,mode=power,1,1,1,0,0,no_cal_date,YOKOGAWA;WT333E;C3VD30030E;F1.04'
ptd-server 2021-03-07 07:53:15,308 [INFO] Connected to PTDaemon
ptd-server 2021-03-07 07:53:15,308 [INFO] Sending to ptd: 'RR'
ptd-server 2021-03-07 07:53:15,308 [INFO] Reply from ptd: 'Ranges,0,0.500000,0,300.000000'
ptd-server 2021-03-07 07:53:15,309 [INFO] Initial range for Amps is 0.500000 for Volts is 300.000000
ptd-server 2021-03-07 07:53:15,309 [INFO] Sending to ptd: 'SR,V,Auto'
ptd-server 2021-03-07 07:53:15,828 [INFO] Reply from ptd: 'Range V changed'
ptd-server 2021-03-07 07:53:15,828 [INFO] Sending to ptd: 'SR,A,Auto'
ptd-server 2021-03-07 07:53:16,330 [INFO] Reply from ptd: 'Range A changed'
ptd-server 2021-03-07 07:53:26,341 [INFO] Starting ranging mode
ptd-server 2021-03-07 07:53:26,341 [INFO] Sending to ptd: 'Go,1000,0,2021-03-07_07-52-58_ranging'
ptd-server 2021-03-07 07:53:26,341 [INFO] Reply from ptd: 'Starting untimed measurement, maximum 500000 samples at 1000ms with 0 rampup samples'
ptd-server 2021-03-07 07:53:26,341 [INFO] Sending reply to client 'OK'
ptd-server 2021-03-07 08:03:51,142 [INFO] Got command from the client 'session,2021-03-07_07-52-58,stop,ranging'
ptd-server 2021-03-07 08:04:01,152 [INFO] Sending to ptd: 'Stop'
ptd-server 2021-03-07 08:04:01,152 [INFO] Reply from ptd: 'Stopping untimed measurement'
ptd-server 2021-03-07 08:04:01,677 [INFO] Sending reply to client 'OK'
ptd-server 2021-03-07 08:04:01,719 [INFO] Got command from the client 'time'
ptd-server 2021-03-07 08:04:01,720 [INFO] Sending reply to client '1615104241.7200544'
ptd-server 2021-03-07 08:04:01,724 [INFO] Got command from the client 'session,2021-03-07_07-52-58,start,testing'
ptd-server 2021-03-07 08:04:01,724 [INFO] Sending to ptd: 'SR,V,250.640000'
ptd-server 2021-03-07 08:04:03,226 [INFO] Reply from ptd: 'Range V changed'
ptd-server 2021-03-07 08:04:03,226 [INFO] Sending to ptd: 'SR,A,0.052530'
ptd-server 2021-03-07 08:04:04,727 [INFO] Reply from ptd: 'Range A changed'
ptd-server 2021-03-07 08:04:14,737 [INFO] Starting testing mode
ptd-server 2021-03-07 08:04:14,738 [INFO] Sending to ptd: 'Go,1000,0,2021-03-07_07-52-58_testing'
ptd-server 2021-03-07 08:04:14,738 [INFO] Reply from ptd: 'Starting untimed measurement, maximum 500000 samples at 1000ms with 0 rampup samples'
ptd-server 2021-03-07 08:04:14,738 [INFO] Sending reply to client 'OK'
ptd-server 2021-03-07 08:14:44,472 [INFO] Got command from the client 'session,2021-03-07_07-52-58,stop,testing'
ptd-server 2021-03-07 08:14:54,482 [INFO] Sending to ptd: 'Stop'
ptd-server 2021-03-07 08:14:54,483 [INFO] Reply from ptd: 'Stopping untimed measurement'
ptd-server 2021-03-07 08:14:54,765 [INFO] Sending reply to client 'OK'
ptd-server 2021-03-07 08:14:54,773 [INFO] Got command from the client 'session,2021-03-07_07-52-58,upload,client.log'
ptd-server 2021-03-07 08:14:54,776 [INFO] Received '/home/anton/projects/mlperf/power-dev/output/2021-03-07_07-52-58client.log.tmp'
ptd-server 2021-03-07 08:14:54,776 [INFO] Removed '/home/anton/projects/mlperf/power-dev/output/2021-03-07_07-52-58client.log.tmp'
ptd-server 2021-03-07 08:14:54,776 [INFO] Sending reply to client 'OK'
ptd-server 2021-03-07 08:14:54,789 [INFO] Got command from the client 'session,2021-03-07_07-52-58,upload,client.json'
ptd-server 2021-03-07 08:14:54,792 [INFO] Received '/home/anton/projects/mlperf/power-dev/output/2021-03-07_07-52-58client.json.tmp'
ptd-server 2021-03-07 08:14:54,793 [INFO] Removed '/home/anton/projects/mlperf/power-dev/output/2021-03-07_07-52-58client.json.tmp'
ptd-server 2021-03-07 08:14:54,793 [INFO] Sending reply to client 'OK'
ptd-server 2021-03-07 08:14:54,796 [INFO] Got command from the client 'session,2021-03-07_07-52-58,done'
ptd-server 2021-03-07 08:14:54,796 [INFO] Sending to ptd: 'Stop'
ptd-server 2021-03-07 08:14:54,796 [INFO] Reply from ptd: 'Error: no measurement to stop'
ptd-server 2021-03-07 08:14:54,796 [INFO] Sending to ptd: 'SR,V,300.000000'
ptd-server 2021-03-07 08:14:56,298 [INFO] Reply from ptd: 'Range V changed'
ptd-server 2021-03-07 08:14:56,298 [INFO] Sending to ptd: 'SR,A,0.500000'
ptd-server 2021-03-07 08:14:57,799 [INFO] Reply from ptd: 'Range A changed'
ptd-server 2021-03-07 08:14:57,800 [INFO] Set initial values for Amps 0.500000 and Volts 300.000000
ptd-server 2021-03-07 08:14:57,800 [INFO] Stopping ptd...
