ptd-server 2021-02-28 05:12:31,985 [INFO] Got command from the client 'time'
ptd-server 2021-02-28 05:12:31,986 [INFO] Sending reply to client '1614489151.9859948'
ptd-server 2021-02-28 05:12:31,987 [INFO] Got command from the client 'new,,c5997da5-ab63-4f94-b246-7223d4563b8e'
ptd-server 2021-02-28 05:12:31,987 [INFO] Sending reply to client 'OK 2021-02-28_05-12-31,ebb67cf8-6833-4244-8dc7-c91da73a2520'
ptd-server 2021-02-28 05:12:32,016 [INFO] Got command from the client 'time'
ptd-server 2021-02-28 05:12:32,016 [INFO] Sending reply to client '1614489152.016893'
ptd-server 2021-02-28 05:12:32,017 [INFO] Got command from the client 'session,2021-02-28_05-12-31,start,ranging'
ptd-server 2021-02-28 05:12:32,018 [INFO] Running PTDaemon: ['/home/anton/projects/mlperf/power/inference_v1.0/ptd-linux-x86', '-l', 'ptd.log', '-p', '8888', '52', '/dev/usbtmc0']
ptd-server 2021-02-28 05:12:49,186 [INFO] Sending to ptd: 'Hello'
ptd-server 2021-02-28 05:12:49,187 [INFO] Reply from ptd: 'Hello, PTDaemon here!'
ptd-server 2021-02-28 05:12:49,187 [INFO] Sending to ptd: 'Identify'
ptd-server 2021-02-28 05:12:49,187 [INFO] Reply from ptd: 'YokogawaWT330E,1000,1,1,1,1,0,0,1,version=1.9.2-e8c7a49a-20201208,OS=Linux 5.8.0-43-generic #49~20.04.1-Ubuntu SMP Fri Feb 5 09:57:56 UTC 2021 x86_64,mode=power,1,1,1,0,0,no_cal_date,YOKOGAWA;WT333E;C3VD30030E;F1.04'
ptd-server 2021-02-28 05:12:49,188 [INFO] Connected to PTDaemon
ptd-server 2021-02-28 05:12:49,188 [INFO] Sending to ptd: 'RR'
ptd-server 2021-02-28 05:12:49,188 [INFO] Reply from ptd: 'Ranges,0,0.500000,0,300.000000'
ptd-server 2021-02-28 05:12:49,188 [INFO] Initial range for Amps is 0.500000 for Volts is 300.000000
ptd-server 2021-02-28 05:12:49,188 [INFO] Sending to ptd: 'SR,V,Auto'
ptd-server 2021-02-28 05:12:49,691 [INFO] Reply from ptd: 'Range V changed'
ptd-server 2021-02-28 05:12:49,691 [INFO] Sending to ptd: 'SR,A,Auto'
ptd-server 2021-02-28 05:12:50,193 [INFO] Reply from ptd: 'Range A changed'
ptd-server 2021-02-28 05:13:00,204 [INFO] Starting ranging mode
ptd-server 2021-02-28 05:13:00,204 [INFO] Sending to ptd: 'Go,1000,0,2021-02-28_05-12-31_ranging'
ptd-server 2021-02-28 05:13:00,204 [INFO] Reply from ptd: 'Starting untimed measurement, maximum 500000 samples at 1000ms with 0 rampup samples'
ptd-server 2021-02-28 05:13:00,204 [INFO] Sending reply to client 'OK'
ptd-server 2021-02-28 05:23:18,736 [INFO] Got command from the client 'session,2021-02-28_05-12-31,stop,ranging'
ptd-server 2021-02-28 05:23:28,746 [INFO] Sending to ptd: 'Stop'
ptd-server 2021-02-28 05:23:28,747 [INFO] Reply from ptd: 'Stopping untimed measurement'
ptd-server 2021-02-28 05:23:28,915 [INFO] Sending reply to client 'OK'
ptd-server 2021-02-28 05:23:29,003 [INFO] Got command from the client 'time'
ptd-server 2021-02-28 05:23:29,003 [INFO] Sending reply to client '1614489809.003141'
ptd-server 2021-02-28 05:23:29,005 [INFO] Got command from the client 'session,2021-02-28_05-12-31,start,testing'
ptd-server 2021-02-28 05:23:29,005 [INFO] Sending to ptd: 'SR,V,249.270000'
ptd-server 2021-02-28 05:23:30,706 [INFO] Reply from ptd: 'Range V changed'
ptd-server 2021-02-28 05:23:30,706 [INFO] Sending to ptd: 'SR,A,0.193450'
ptd-server 2021-02-28 05:23:32,207 [INFO] Reply from ptd: 'Range A changed'
ptd-server 2021-02-28 05:23:42,218 [INFO] Starting testing mode
ptd-server 2021-02-28 05:23:42,218 [INFO] Sending to ptd: 'Go,1000,0,2021-02-28_05-12-31_testing'
ptd-server 2021-02-28 05:23:42,218 [INFO] Reply from ptd: 'Starting untimed measurement, maximum 500000 samples at 1000ms with 0 rampup samples'
ptd-server 2021-02-28 05:23:42,218 [INFO] Sending reply to client 'OK'
ptd-server 2021-02-28 05:34:00,699 [INFO] Got command from the client 'session,2021-02-28_05-12-31,stop,testing'
ptd-server 2021-02-28 05:34:10,709 [INFO] Sending to ptd: 'Stop'
ptd-server 2021-02-28 05:34:10,710 [INFO] Reply from ptd: 'Stopping untimed measurement'
ptd-server 2021-02-28 05:34:10,809 [INFO] Sending reply to client 'OK'
ptd-server 2021-02-28 05:34:10,820 [INFO] Got command from the client 'session,2021-02-28_05-12-31,upload,client.log'
ptd-server 2021-02-28 05:34:10,821 [INFO] Received '/home/anton/projects/mlperf/power-dev/output/2021-02-28_05-12-31client.log.tmp'
ptd-server 2021-02-28 05:34:10,821 [INFO] Removed '/home/anton/projects/mlperf/power-dev/output/2021-02-28_05-12-31client.log.tmp'
ptd-server 2021-02-28 05:34:10,821 [INFO] Sending reply to client 'OK'
ptd-server 2021-02-28 05:34:10,825 [INFO] Got command from the client 'session,2021-02-28_05-12-31,upload,client.json'
ptd-server 2021-02-28 05:34:10,826 [INFO] Received '/home/anton/projects/mlperf/power-dev/output/2021-02-28_05-12-31client.json.tmp'
ptd-server 2021-02-28 05:34:10,826 [INFO] Removed '/home/anton/projects/mlperf/power-dev/output/2021-02-28_05-12-31client.json.tmp'
ptd-server 2021-02-28 05:34:10,826 [INFO] Sending reply to client 'OK'
ptd-server 2021-02-28 05:34:10,827 [INFO] Got command from the client 'session,2021-02-28_05-12-31,done'
ptd-server 2021-02-28 05:34:10,827 [INFO] Sending to ptd: 'Stop'
ptd-server 2021-02-28 05:34:11,219 [INFO] Reply from ptd: 'Error: no measurement to stop'
ptd-server 2021-02-28 05:34:11,219 [INFO] Sending to ptd: 'SR,V,300.000000'
ptd-server 2021-02-28 05:34:12,720 [INFO] Reply from ptd: 'Range V changed'
ptd-server 2021-02-28 05:34:12,721 [INFO] Sending to ptd: 'SR,A,0.500000'
ptd-server 2021-02-28 05:34:14,222 [INFO] Reply from ptd: 'Range A changed'
ptd-server 2021-02-28 05:34:14,222 [INFO] Set initial values for Amps 0.500000 and Volts 300.000000
ptd-server 2021-02-28 05:34:14,222 [INFO] Stopping ptd...
