ptd-server 2021-03-03 00:42:01,637 [INFO] Got command from the client 'time'
ptd-server 2021-03-03 00:42:01,637 [INFO] Sending reply to client '1614732121.6374164'
ptd-server 2021-03-03 00:42:01,640 [INFO] Got command from the client 'new,,626e53a2-357e-40a2-9115-2742fae30e87'
ptd-server 2021-03-03 00:42:01,641 [INFO] Sending reply to client 'OK 2021-03-03_00-42-01,ca1ae056-28d0-4c03-9173-2ced4ac57f68'
ptd-server 2021-03-03 00:42:01,677 [INFO] Got command from the client 'time'
ptd-server 2021-03-03 00:42:01,677 [INFO] Sending reply to client '1614732121.6774054'
ptd-server 2021-03-03 00:42:01,681 [INFO] Got command from the client 'session,2021-03-03_00-42-01,start,ranging'
ptd-server 2021-03-03 00:42:01,681 [INFO] Running PTDaemon: ['/home/anton/projects/mlperf/power/inference_v1.0/ptd-linux-x86', '-l', 'ptd.log', '-p', '8888', '52', '/dev/usbtmc0']
ptd-server 2021-03-03 00:42:18,850 [INFO] Sending to ptd: 'Hello'
ptd-server 2021-03-03 00:42:18,850 [INFO] Reply from ptd: 'Hello, PTDaemon here!'
ptd-server 2021-03-03 00:42:18,851 [INFO] Sending to ptd: 'Identify'
ptd-server 2021-03-03 00:42:18,851 [INFO] Reply from ptd: 'YokogawaWT330E,1000,1,1,1,1,0,0,1,version=1.9.2-e8c7a49a-20201208,OS=Linux 5.8.0-43-generic #49~20.04.1-Ubuntu SMP Fri Feb 5 09:57:56 UTC 2021 x86_64,mode=power,1,1,1,0,0,no_cal_date,YOKOGAWA;WT333E;C3VD30030E;F1.04'
ptd-server 2021-03-03 00:42:18,851 [INFO] Connected to PTDaemon
ptd-server 2021-03-03 00:42:18,851 [INFO] Sending to ptd: 'RR'
ptd-server 2021-03-03 00:42:18,852 [INFO] Reply from ptd: 'Ranges,0,0.500000,0,300.000000'
ptd-server 2021-03-03 00:42:18,852 [INFO] Initial range for Amps is 0.500000 for Volts is 300.000000
ptd-server 2021-03-03 00:42:18,852 [INFO] Sending to ptd: 'SR,V,Auto'
ptd-server 2021-03-03 00:42:19,354 [INFO] Reply from ptd: 'Range V changed'
ptd-server 2021-03-03 00:42:19,354 [INFO] Sending to ptd: 'SR,A,Auto'
ptd-server 2021-03-03 00:42:19,857 [INFO] Reply from ptd: 'Range A changed'
ptd-server 2021-03-03 00:42:29,867 [INFO] Starting ranging mode
ptd-server 2021-03-03 00:42:29,867 [INFO] Sending to ptd: 'Go,1000,0,2021-03-03_00-42-01_ranging'
ptd-server 2021-03-03 00:42:29,868 [INFO] Reply from ptd: 'Starting untimed measurement, maximum 500000 samples at 1000ms with 0 rampup samples'
ptd-server 2021-03-03 00:42:29,868 [INFO] Sending reply to client 'OK'
ptd-server 2021-03-03 00:53:07,061 [INFO] Got command from the client 'session,2021-03-03_00-42-01,stop,ranging'
ptd-server 2021-03-03 00:53:17,071 [INFO] Sending to ptd: 'Stop'
ptd-server 2021-03-03 00:53:17,071 [INFO] Reply from ptd: 'Stopping untimed measurement'
ptd-server 2021-03-03 00:53:17,364 [INFO] Sending reply to client 'OK'
ptd-server 2021-03-03 00:53:17,406 [INFO] Got command from the client 'time'
ptd-server 2021-03-03 00:53:17,406 [INFO] Sending reply to client '1614732797.4061534'
ptd-server 2021-03-03 00:53:17,411 [INFO] Got command from the client 'session,2021-03-03_00-42-01,start,testing'
ptd-server 2021-03-03 00:53:17,411 [INFO] Sending to ptd: 'SR,V,249.350000'
ptd-server 2021-03-03 00:53:19,370 [INFO] Reply from ptd: 'Range V changed'
ptd-server 2021-03-03 00:53:19,370 [INFO] Sending to ptd: 'SR,A,0.049970'
ptd-server 2021-03-03 00:53:20,871 [INFO] Reply from ptd: 'Range A changed'
ptd-server 2021-03-03 00:53:30,882 [INFO] Starting testing mode
ptd-server 2021-03-03 00:53:30,882 [INFO] Sending to ptd: 'Go,1000,0,2021-03-03_00-42-01_testing'
ptd-server 2021-03-03 00:53:30,882 [INFO] Reply from ptd: 'Starting untimed measurement, maximum 500000 samples at 1000ms with 0 rampup samples'
ptd-server 2021-03-03 00:53:30,882 [INFO] Sending reply to client 'OK'
ptd-server 2021-03-03 01:04:12,576 [INFO] Got command from the client 'session,2021-03-03_00-42-01,stop,testing'
ptd-server 2021-03-03 01:04:22,586 [INFO] Sending to ptd: 'Stop'
ptd-server 2021-03-03 01:04:22,587 [INFO] Reply from ptd: 'Stopping untimed measurement'
ptd-server 2021-03-03 01:04:22,748 [INFO] Sending reply to client 'OK'
ptd-server 2021-03-03 01:04:22,756 [INFO] Got command from the client 'session,2021-03-03_00-42-01,upload,client.log'
ptd-server 2021-03-03 01:04:22,760 [INFO] Received '/home/anton/projects/mlperf/power-dev/output/2021-03-03_00-42-01client.log.tmp'
ptd-server 2021-03-03 01:04:22,760 [INFO] Removed '/home/anton/projects/mlperf/power-dev/output/2021-03-03_00-42-01client.log.tmp'
ptd-server 2021-03-03 01:04:22,760 [INFO] Sending reply to client 'OK'
ptd-server 2021-03-03 01:04:22,773 [INFO] Got command from the client 'session,2021-03-03_00-42-01,upload,client.json'
ptd-server 2021-03-03 01:04:22,776 [INFO] Received '/home/anton/projects/mlperf/power-dev/output/2021-03-03_00-42-01client.json.tmp'
ptd-server 2021-03-03 01:04:22,776 [INFO] Removed '/home/anton/projects/mlperf/power-dev/output/2021-03-03_00-42-01client.json.tmp'
ptd-server 2021-03-03 01:04:22,777 [INFO] Sending reply to client 'OK'
ptd-server 2021-03-03 01:04:22,779 [INFO] Got command from the client 'session,2021-03-03_00-42-01,done'
ptd-server 2021-03-03 01:04:22,780 [INFO] Sending to ptd: 'Stop'
ptd-server 2021-03-03 01:04:22,883 [INFO] Reply from ptd: 'Error: no measurement to stop'
ptd-server 2021-03-03 01:04:22,883 [INFO] Sending to ptd: 'SR,V,300.000000'
ptd-server 2021-03-03 01:04:24,384 [INFO] Reply from ptd: 'Range V changed'
ptd-server 2021-03-03 01:04:24,384 [INFO] Sending to ptd: 'SR,A,0.500000'
ptd-server 2021-03-03 01:04:25,886 [INFO] Reply from ptd: 'Range A changed'
ptd-server 2021-03-03 01:04:25,886 [INFO] Set initial values for Amps 0.500000 and Volts 300.000000
ptd-server 2021-03-03 01:04:25,886 [INFO] Stopping ptd...
