ptd-server 2021-03-01 11:34:50,393 [INFO] Got command from the client 'time'
ptd-server 2021-03-01 11:34:50,393 [INFO] Sending reply to client '1614598490.39372'
ptd-server 2021-03-01 11:34:50,394 [INFO] Got command from the client 'new,,fa4b9ba7-af83-4d6d-9c81-506f3b528934'
ptd-server 2021-03-01 11:34:50,395 [INFO] Sending reply to client 'OK 2021-03-01_11-34-50,4af81bdf-2fca-46d2-9f42-91d4e14c7cde'
ptd-server 2021-03-01 11:34:50,433 [INFO] Got command from the client 'time'
ptd-server 2021-03-01 11:34:50,433 [INFO] Sending reply to client '1614598490.4335318'
ptd-server 2021-03-01 11:34:50,434 [INFO] Got command from the client 'session,2021-03-01_11-34-50,start,ranging'
ptd-server 2021-03-01 11:34:50,434 [INFO] Running PTDaemon: ['/home/anton/projects/mlperf/power/inference_v1.0/ptd-linux-x86', '-l', 'ptd.log', '-p', '8888', '52', '/dev/usbtmc0']
ptd-server 2021-03-01 11:35:07,603 [INFO] Sending to ptd: 'Hello'
ptd-server 2021-03-01 11:35:07,603 [INFO] Reply from ptd: 'Hello, PTDaemon here!'
ptd-server 2021-03-01 11:35:07,603 [INFO] Sending to ptd: 'Identify'
ptd-server 2021-03-01 11:35:07,604 [INFO] Reply from ptd: 'YokogawaWT330E,1000,1,1,1,1,0,0,1,version=1.9.2-e8c7a49a-20201208,OS=Linux 5.8.0-43-generic #49~20.04.1-Ubuntu SMP Fri Feb 5 09:57:56 UTC 2021 x86_64,mode=power,1,1,1,0,0,no_cal_date,YOKOGAWA;WT333E;C3VD30030E;F1.04'
ptd-server 2021-03-01 11:35:07,604 [INFO] Connected to PTDaemon
ptd-server 2021-03-01 11:35:07,604 [INFO] Sending to ptd: 'RR'
ptd-server 2021-03-01 11:35:07,604 [INFO] Reply from ptd: 'Ranges,0,0.500000,0,300.000000'
ptd-server 2021-03-01 11:35:07,604 [INFO] Initial range for Amps is 0.500000 for Volts is 300.000000
ptd-server 2021-03-01 11:35:07,604 [INFO] Sending to ptd: 'SR,V,Auto'
ptd-server 2021-03-01 11:35:08,107 [INFO] Reply from ptd: 'Range V changed'
ptd-server 2021-03-01 11:35:08,107 [INFO] Sending to ptd: 'SR,A,Auto'
ptd-server 2021-03-01 11:35:08,610 [INFO] Reply from ptd: 'Range A changed'
ptd-server 2021-03-01 11:35:18,620 [INFO] Starting ranging mode
ptd-server 2021-03-01 11:35:18,620 [INFO] Sending to ptd: 'Go,1000,0,2021-03-01_11-34-50_ranging'
ptd-server 2021-03-01 11:35:18,620 [INFO] Reply from ptd: 'Starting untimed measurement, maximum 500000 samples at 1000ms with 0 rampup samples'
ptd-server 2021-03-01 11:35:18,621 [INFO] Sending reply to client 'OK'
ptd-server 2021-03-01 11:45:33,929 [INFO] Got command from the client 'session,2021-03-01_11-34-50,stop,ranging'
ptd-server 2021-03-01 11:45:43,939 [INFO] Sending to ptd: 'Stop'
ptd-server 2021-03-01 11:45:43,939 [INFO] Reply from ptd: 'Stopping untimed measurement'
ptd-server 2021-03-01 11:45:44,185 [INFO] Sending reply to client 'OK'
ptd-server 2021-03-01 11:45:44,241 [INFO] Got command from the client 'time'
ptd-server 2021-03-01 11:45:44,241 [INFO] Sending reply to client '1614599144.2413902'
ptd-server 2021-03-01 11:45:44,242 [INFO] Got command from the client 'session,2021-03-01_11-34-50,start,testing'
ptd-server 2021-03-01 11:45:44,242 [INFO] Sending to ptd: 'SR,V,252.030000'
ptd-server 2021-03-01 11:45:46,122 [INFO] Reply from ptd: 'Range V changed'
ptd-server 2021-03-01 11:45:46,123 [INFO] Sending to ptd: 'SR,A,0.142270'
ptd-server 2021-03-01 11:45:47,624 [INFO] Reply from ptd: 'Range A changed'
ptd-server 2021-03-01 11:45:57,634 [INFO] Starting testing mode
ptd-server 2021-03-01 11:45:57,634 [INFO] Sending to ptd: 'Go,1000,0,2021-03-01_11-34-50_testing'
ptd-server 2021-03-01 11:45:57,635 [INFO] Reply from ptd: 'Starting untimed measurement, maximum 500000 samples at 1000ms with 0 rampup samples'
ptd-server 2021-03-01 11:45:57,635 [INFO] Sending reply to client 'OK'
ptd-server 2021-03-01 11:56:12,543 [INFO] Got command from the client 'session,2021-03-01_11-34-50,stop,testing'
ptd-server 2021-03-01 11:56:22,554 [INFO] Sending to ptd: 'Stop'
ptd-server 2021-03-01 11:56:22,554 [INFO] Reply from ptd: 'Stopping untimed measurement'
ptd-server 2021-03-01 11:56:22,694 [INFO] Sending reply to client 'OK'
ptd-server 2021-03-01 11:56:22,697 [INFO] Got command from the client 'session,2021-03-01_11-34-50,upload,client.log'
ptd-server 2021-03-01 11:56:22,698 [INFO] Received '/home/anton/projects/mlperf/power-dev/output/2021-03-01_11-34-50client.log.tmp'
ptd-server 2021-03-01 11:56:22,698 [INFO] Removed '/home/anton/projects/mlperf/power-dev/output/2021-03-01_11-34-50client.log.tmp'
ptd-server 2021-03-01 11:56:22,698 [INFO] Sending reply to client 'OK'
ptd-server 2021-03-01 11:56:22,702 [INFO] Got command from the client 'session,2021-03-01_11-34-50,upload,client.json'
ptd-server 2021-03-01 11:56:22,703 [INFO] Received '/home/anton/projects/mlperf/power-dev/output/2021-03-01_11-34-50client.json.tmp'
ptd-server 2021-03-01 11:56:22,703 [INFO] Removed '/home/anton/projects/mlperf/power-dev/output/2021-03-01_11-34-50client.json.tmp'
ptd-server 2021-03-01 11:56:22,703 [INFO] Sending reply to client 'OK'
ptd-server 2021-03-01 11:56:22,704 [INFO] Got command from the client 'session,2021-03-01_11-34-50,done'
ptd-server 2021-03-01 11:56:22,704 [INFO] Sending to ptd: 'Stop'
ptd-server 2021-03-01 11:56:22,704 [INFO] Reply from ptd: 'Error: no measurement to stop'
ptd-server 2021-03-01 11:56:22,704 [INFO] Sending to ptd: 'SR,V,300.000000'
ptd-server 2021-03-01 11:56:24,206 [INFO] Reply from ptd: 'Range V changed'
ptd-server 2021-03-01 11:56:24,206 [INFO] Sending to ptd: 'SR,A,0.500000'
ptd-server 2021-03-01 11:56:25,707 [INFO] Reply from ptd: 'Range A changed'
ptd-server 2021-03-01 11:56:25,707 [INFO] Set initial values for Amps 0.500000 and Volts 300.000000
ptd-server 2021-03-01 11:56:25,707 [INFO] Stopping ptd...
