ptd-server 2021-03-08 07:18:14,591 [INFO] Got command from the client 'time'
ptd-server 2021-03-08 07:18:14,591 [INFO] Sending reply to client '1615187894.59122'
ptd-server 2021-03-08 07:18:14,595 [INFO] Got command from the client 'new,,3b4eac65-723a-485e-97de-75cfbf36c4e9'
ptd-server 2021-03-08 07:18:14,595 [INFO] Sending reply to client 'OK 2021-03-08_07-18-14,ac872555-66c8-4c18-9aec-92602e774bce'
ptd-server 2021-03-08 07:18:14,630 [INFO] Got command from the client 'time'
ptd-server 2021-03-08 07:18:14,631 [INFO] Sending reply to client '1615187894.6310852'
ptd-server 2021-03-08 07:18:14,634 [INFO] Got command from the client 'session,2021-03-08_07-18-14,start,ranging'
ptd-server 2021-03-08 07:18:14,635 [INFO] Running PTDaemon: ['/home/anton/projects/mlperf/power/inference_v1.0/ptd-linux-x86', '-l', 'ptd.log', '-p', '8888', '52', '/dev/usbtmc0']
ptd-server 2021-03-08 07:18:31,807 [INFO] Sending to ptd: 'Hello'
ptd-server 2021-03-08 07:18:31,808 [INFO] Reply from ptd: 'Hello, PTDaemon here!'
ptd-server 2021-03-08 07:18:31,808 [INFO] Sending to ptd: 'Identify'
ptd-server 2021-03-08 07:18:31,809 [INFO] Reply from ptd: 'YokogawaWT330E,1000,1,1,1,1,0,0,1,version=1.9.2-e8c7a49a-20201208,OS=Linux 5.8.0-43-generic #49~20.04.1-Ubuntu SMP Fri Feb 5 09:57:56 UTC 2021 x86_64,mode=power,1,1,1,0,0,no_cal_date,YOKOGAWA;WT333E;C3VD30030E;F1.04'
ptd-server 2021-03-08 07:18:31,809 [INFO] Connected to PTDaemon
ptd-server 2021-03-08 07:18:31,809 [INFO] Sending to ptd: 'RR'
ptd-server 2021-03-08 07:18:31,809 [INFO] Reply from ptd: 'Ranges,0,0.500000,0,300.000000'
ptd-server 2021-03-08 07:18:31,809 [INFO] Initial range for Amps is 0.500000 for Volts is 300.000000
ptd-server 2021-03-08 07:18:31,809 [INFO] Sending to ptd: 'SR,V,Auto'
ptd-server 2021-03-08 07:18:32,312 [INFO] Reply from ptd: 'Range V changed'
ptd-server 2021-03-08 07:18:32,312 [INFO] Sending to ptd: 'SR,A,Auto'
ptd-server 2021-03-08 07:18:32,815 [INFO] Reply from ptd: 'Range A changed'
ptd-server 2021-03-08 07:18:42,825 [INFO] Starting ranging mode
ptd-server 2021-03-08 07:18:42,825 [INFO] Sending to ptd: 'Go,1000,0,2021-03-08_07-18-14_ranging'
ptd-server 2021-03-08 07:18:42,826 [INFO] Reply from ptd: 'Starting untimed measurement, maximum 500000 samples at 1000ms with 0 rampup samples'
ptd-server 2021-03-08 07:18:42,826 [INFO] Sending reply to client 'OK'
ptd-server 2021-03-08 07:29:08,037 [INFO] Got command from the client 'session,2021-03-08_07-18-14,stop,ranging'
ptd-server 2021-03-08 07:29:18,047 [INFO] Sending to ptd: 'Stop'
ptd-server 2021-03-08 07:29:18,047 [INFO] Reply from ptd: 'Stopping untimed measurement'
ptd-server 2021-03-08 07:29:18,688 [INFO] Sending reply to client 'OK'
ptd-server 2021-03-08 07:29:18,745 [INFO] Got command from the client 'time'
ptd-server 2021-03-08 07:29:18,746 [INFO] Sending reply to client '1615188558.7459733'
ptd-server 2021-03-08 07:29:18,750 [INFO] Got command from the client 'session,2021-03-08_07-18-14,start,testing'
ptd-server 2021-03-08 07:29:18,750 [INFO] Sending to ptd: 'SR,V,248.010000'
ptd-server 2021-03-08 07:29:20,327 [INFO] Reply from ptd: 'Range V changed'
ptd-server 2021-03-08 07:29:20,327 [INFO] Sending to ptd: 'SR,A,0.051770'
ptd-server 2021-03-08 07:29:21,829 [INFO] Reply from ptd: 'Range A changed'
ptd-server 2021-03-08 07:29:31,839 [INFO] Starting testing mode
ptd-server 2021-03-08 07:29:31,839 [INFO] Sending to ptd: 'Go,1000,0,2021-03-08_07-18-14_testing'
ptd-server 2021-03-08 07:29:31,840 [INFO] Reply from ptd: 'Starting untimed measurement, maximum 500000 samples at 1000ms with 0 rampup samples'
ptd-server 2021-03-08 07:29:31,840 [INFO] Sending reply to client 'OK'
ptd-server 2021-03-08 07:40:01,959 [INFO] Got command from the client 'session,2021-03-08_07-18-14,stop,testing'
ptd-server 2021-03-08 07:40:11,970 [INFO] Sending to ptd: 'Stop'
ptd-server 2021-03-08 07:40:11,970 [INFO] Reply from ptd: 'Stopping untimed measurement'
ptd-server 2021-03-08 07:40:12,317 [INFO] Sending reply to client 'OK'
ptd-server 2021-03-08 07:40:12,326 [INFO] Got command from the client 'session,2021-03-08_07-18-14,upload,client.log'
ptd-server 2021-03-08 07:40:12,329 [INFO] Received '/home/anton/projects/mlperf/power-dev/output/2021-03-08_07-18-14client.log.tmp'
ptd-server 2021-03-08 07:40:12,329 [INFO] Removed '/home/anton/projects/mlperf/power-dev/output/2021-03-08_07-18-14client.log.tmp'
ptd-server 2021-03-08 07:40:12,329 [INFO] Sending reply to client 'OK'
ptd-server 2021-03-08 07:40:12,342 [INFO] Got command from the client 'session,2021-03-08_07-18-14,upload,client.json'
ptd-server 2021-03-08 07:40:12,345 [INFO] Received '/home/anton/projects/mlperf/power-dev/output/2021-03-08_07-18-14client.json.tmp'
ptd-server 2021-03-08 07:40:12,345 [INFO] Removed '/home/anton/projects/mlperf/power-dev/output/2021-03-08_07-18-14client.json.tmp'
ptd-server 2021-03-08 07:40:12,345 [INFO] Sending reply to client 'OK'
ptd-server 2021-03-08 07:40:12,348 [INFO] Got command from the client 'session,2021-03-08_07-18-14,done'
ptd-server 2021-03-08 07:40:12,348 [INFO] Sending to ptd: 'Stop'
ptd-server 2021-03-08 07:40:12,840 [INFO] Reply from ptd: 'Error: no measurement to stop'
ptd-server 2021-03-08 07:40:12,841 [INFO] Sending to ptd: 'SR,V,300.000000'
ptd-server 2021-03-08 07:40:14,342 [INFO] Reply from ptd: 'Range V changed'
ptd-server 2021-03-08 07:40:14,342 [INFO] Sending to ptd: 'SR,A,0.500000'
ptd-server 2021-03-08 07:40:15,843 [INFO] Reply from ptd: 'Range A changed'
ptd-server 2021-03-08 07:40:15,844 [INFO] Set initial values for Amps 0.500000 and Volts 300.000000
ptd-server 2021-03-08 07:40:15,844 [INFO] Stopping ptd...
