client 2021-03-19 02:40:14,912 [INFO] Sending command to the server: 'mlcommons/power client v3'
client 2021-03-19 02:40:14,913 [INFO] Got response: 'mlcommons/power server v3'
client 2021-03-19 02:40:14,913 [INFO] Synchronizing with the server and with 100.64.0.18...
client 2021-03-19 02:40:14,915 [INFO] NTP:offset = 0.002 s, delay = 0.001 s 
client 2021-03-19 02:40:14,915 [INFO] Sending command to the server: 'time'
client 2021-03-19 02:40:14,917 [INFO] Got response: '1616139614.8515198'
client 2021-03-19 02:40:14,917 [INFO] The time difference between the client and the server is within range 64.366 ms..66.161 ms
client 2021-03-19 02:40:14,917 [INFO] Sending command to the server: 'new,ssd-resnet34_Server,752fb6c2-38f5-491e-9018-9054327f127b'
client 2021-03-19 02:40:14,919 [INFO] Got response: 'OK 2021-03-19_02-40-14_ssd-resnet34_Server,f9bf4594-097b-49ca-b4f1-e004ac94bbb9'
client 2021-03-19 02:40:14,919 [INFO] Session id is '2021-03-19_02-40-14_ssd-resnet34_Server'
client 2021-03-19 02:40:14,919 [INFO] Sources: {"sources": {"client.py": "d1e75cb4b26101220ebd242e584cf3ca5d8f1996", "lib/__init__.py": "da39a3ee5e6b4b0d3255bfef95601890afd80709", "lib/client.py": "d42bebf5b74cb6ff3997e2a6c68422afac111a28", "lib/common.py": "b0bad80d8fa328a7636027d4d66ff453f8dd7889", "lib/external/ntplib.py": "4da8f970656505a40483206ef2b5d3dd5e81711d", "lib/server.py": "2ed36471c7af565d6c8438b2134edad1d7ddf166", "lib/source_hashes.py": "4cedff274c661cb1504052018fd4f00dfbf624ef", "lib/summary.py": "0db15d783907aa92038281af4e465545c0648ddb", "lib/time_sync.py": "76051226ec89287839723352f4162aaa24e0546a", "server.py": "99e1310e3f76292aef1b8792ce6b8c82f1d44d8b", "tests/unit/test_server.py": "64f11775bfed35232a0e8bb9593c0ff992432c59", "tests/unit/test_source_hashes.py": "cb41a7261eaf7d94ba5c0aae9c523174f6204be3"}, "modules": {"__main__": "client.py", "lib.client": "lib/client.py", "lib.common": "lib/common.py", "lib.external.ntplib": "lib/external/ntplib.py", "lib.source_hashes": "lib/source_hashes.py", "lib.summary": "lib/summary.py", "lib.time_sync": "lib/time_sync.py"}}
client 2021-03-19 02:40:14,919 [INFO] Running workload in ranging mode
client 2021-03-19 02:40:14,919 [INFO] Synchronizing with the server and with 100.64.0.18...
client 2021-03-19 02:40:14,920 [INFO] NTP:offset = 0.002 s, delay = 0.001 s 
client 2021-03-19 02:40:14,920 [INFO] Sending command to the server: 'time'
client 2021-03-19 02:40:14,921 [INFO] Got response: '1616139614.8515198'
client 2021-03-19 02:40:14,921 [INFO] The time difference between the client and the server is within range 69.073 ms..70.304 ms
client 2021-03-19 02:40:14,921 [INFO] Sending command to the server: 'session,2021-03-19_02-40-14_ssd-resnet34_Server,start,ranging'
client 2021-03-19 02:40:38,711 [INFO] Got response: 'OK'
client 2021-03-19 02:40:38,712 [INFO] Running the workload "make run_harness RUN_ARGS='--benchmarks=ssd-resnet34 --scenarios=Server --config_ver=default --log_dir build/logs/ --test_mode=PerformanceOnly'"
client 2021-03-19 02:50:54,545 [INFO] Sending command to the server: 'session,2021-03-19_02-40-14_ssd-resnet34_Server,stop,ranging'
client 2021-03-19 02:51:04,800 [INFO] Got response: 'OK'
client 2021-03-19 02:51:04,800 [INFO] Running workload in testing mode
client 2021-03-19 02:51:04,800 [INFO] Synchronizing with the server and with 100.64.0.18...
client 2021-03-19 02:51:04,802 [INFO] NTP:offset = 0.001 s, delay = 0.001 s 
client 2021-03-19 02:51:04,803 [INFO] Sending command to the server: 'time'
client 2021-03-19 02:51:04,804 [INFO] Got response: '1616140264.712288'
client 2021-03-19 02:51:04,804 [INFO] The time difference between the client and the server is within range 90.823 ms..92.222 ms
client 2021-03-19 02:51:04,804 [INFO] Sending command to the server: 'session,2021-03-19_02-40-14_ssd-resnet34_Server,start,testing'
client 2021-03-19 02:51:17,863 [INFO] Got response: 'OK'
client 2021-03-19 02:51:17,863 [INFO] Running the workload "make run_harness RUN_ARGS='--benchmarks=ssd-resnet34 --scenarios=Server --config_ver=default --log_dir build/logs/ --test_mode=PerformanceOnly'"
client 2021-03-19 03:01:33,854 [INFO] Sending command to the server: 'session,2021-03-19_02-40-14_ssd-resnet34_Server,stop,testing'
client 2021-03-19 03:01:44,002 [INFO] Got response: 'OK'
client 2021-03-19 03:01:44,002 [INFO] Done runs
