ptd-server 2021-03-19 02:40:14,851 [INFO] Got command from the client 'time'
ptd-server 2021-03-19 02:40:14,851 [INFO] Sending reply to client '1616139614.8515198'
ptd-server 2021-03-19 02:40:14,851 [INFO] Got command from the client 'new,ssd-resnet34_Server,752fb6c2-38f5-491e-9018-9054327f127b'
ptd-server 2021-03-19 02:40:14,851 [INFO] Sending reply to client 'OK 2021-03-19_02-40-14_ssd-resnet34_Server,f9bf4594-097b-49ca-b4f1-e004ac94bbb9'
ptd-server 2021-03-19 02:40:14,851 [INFO] Got command from the client 'time'
ptd-server 2021-03-19 02:40:14,851 [INFO] Sending reply to client '1616139614.8515198'
ptd-server 2021-03-19 02:40:14,851 [INFO] Got command from the client 'session,2021-03-19_02-40-14_ssd-resnet34_Server,start,ranging'
ptd-server 2021-03-19 02:40:14,961 [INFO] Running PTDaemon: ['.\\ptd-windows-x86.exe', '-l', '.\\logs_ptdeamon.txt', '-p', '8888', '-g', '8', '1']
ptd-server 2021-03-19 02:40:27,601 [INFO] Sending to ptd: 'Hello'
ptd-server 2021-03-19 02:40:27,601 [INFO] Reply from ptd: 'Hello, PTDaemon here!'
ptd-server 2021-03-19 02:40:27,601 [INFO] Sending to ptd: 'Identify'
ptd-server 2021-03-19 02:40:27,601 [INFO] Reply from ptd: 'YokogawaWT210,1000,1,1,1,1,0,0,1,version=1.9.2-3976349f-20201208,OS=Windows 8 / Server 2012,mode=power,1,1,1,0,0,no_cal_date,YOKOGAWA;760401;0;F1.12'
ptd-server 2021-03-19 02:40:27,601 [INFO] Connected to PTDaemon
ptd-server 2021-03-19 02:40:27,601 [INFO] Sending to ptd: 'RR'
ptd-server 2021-03-19 02:40:27,601 [INFO] Reply from ptd: 'Ranges,1,10.000000,1,150.000000'
ptd-server 2021-03-19 02:40:27,601 [INFO] Initial range for Amps is Auto for Volts is Auto
ptd-server 2021-03-19 02:40:27,601 [INFO] Sending to ptd: 'SR,V,Auto'
ptd-server 2021-03-19 02:40:28,121 [INFO] Reply from ptd: 'Range V changed'
ptd-server 2021-03-19 02:40:28,121 [INFO] Sending to ptd: 'SR,A,Auto'
ptd-server 2021-03-19 02:40:28,641 [INFO] Reply from ptd: 'Range A changed'
ptd-server 2021-03-19 02:40:38,642 [INFO] Starting ranging mode
ptd-server 2021-03-19 02:40:38,642 [INFO] Sending to ptd: 'Go,1000,0,2021-03-19_02-40-14_ssd-resnet34_Server_ranging'
ptd-server 2021-03-19 02:40:38,642 [INFO] Reply from ptd: 'Starting untimed measurement, maximum 500000 samples at 1000ms with 0 rampup samples'
ptd-server 2021-03-19 02:40:38,642 [INFO] Sending reply to client 'OK'
ptd-server 2021-03-19 02:50:54,451 [INFO] Got command from the client 'session,2021-03-19_02-40-14_ssd-resnet34_Server,stop,ranging'
ptd-server 2021-03-19 02:51:04,452 [INFO] Sending to ptd: 'Stop'
ptd-server 2021-03-19 02:51:04,452 [INFO] Reply from ptd: 'Stopping untimed measurement'
ptd-server 2021-03-19 02:51:04,712 [INFO] Sending reply to client 'OK'
ptd-server 2021-03-19 02:51:04,712 [INFO] Got command from the client 'time'
ptd-server 2021-03-19 02:51:04,712 [INFO] Sending reply to client '1616140264.712288'
ptd-server 2021-03-19 02:51:04,712 [INFO] Got command from the client 'session,2021-03-19_02-40-14_ssd-resnet34_Server,start,testing'
ptd-server 2021-03-19 02:51:04,712 [INFO] Sending to ptd: 'SR,V,122.270000'
ptd-server 2021-03-19 02:51:06,232 [INFO] Reply from ptd: 'Range V changed'
ptd-server 2021-03-19 02:51:06,232 [INFO] Sending to ptd: 'SR,A,6.639000'
ptd-server 2021-03-19 02:51:07,763 [INFO] Reply from ptd: 'Range A changed'
ptd-server 2021-03-19 02:51:17,773 [INFO] Starting testing mode
ptd-server 2021-03-19 02:51:17,773 [INFO] Sending to ptd: 'Go,1000,0,2021-03-19_02-40-14_ssd-resnet34_Server_testing'
ptd-server 2021-03-19 02:51:17,773 [INFO] Reply from ptd: 'Starting untimed measurement, maximum 500000 samples at 1000ms with 0 rampup samples'
ptd-server 2021-03-19 02:51:17,773 [INFO] Sending reply to client 'OK'
ptd-server 2021-03-19 03:01:33,747 [INFO] Got command from the client 'session,2021-03-19_02-40-14_ssd-resnet34_Server,stop,testing'
ptd-server 2021-03-19 03:01:43,758 [INFO] Sending to ptd: 'Stop'
ptd-server 2021-03-19 03:01:43,758 [INFO] Reply from ptd: 'Stopping untimed measurement'
ptd-server 2021-03-19 03:01:43,888 [INFO] Sending reply to client 'OK'
ptd-server 2021-03-19 03:01:43,888 [INFO] Got command from the client 'session,2021-03-19_02-40-14_ssd-resnet34_Server,upload,client.log'
ptd-server 2021-03-19 03:01:43,888 [INFO] Received '.\\outdir\\2021-03-19_02-40-14_ssd-resnet34_Serverclient.log.tmp'
ptd-server 2021-03-19 03:01:43,898 [INFO] Removed '.\\outdir\\2021-03-19_02-40-14_ssd-resnet34_Serverclient.log.tmp'
ptd-server 2021-03-19 03:01:43,898 [INFO] Sending reply to client 'OK'
ptd-server 2021-03-19 03:01:43,908 [INFO] Got command from the client 'session,2021-03-19_02-40-14_ssd-resnet34_Server,upload,client.json'
ptd-server 2021-03-19 03:01:43,908 [INFO] Received '.\\outdir\\2021-03-19_02-40-14_ssd-resnet34_Serverclient.json.tmp'
ptd-server 2021-03-19 03:01:43,918 [INFO] Removed '.\\outdir\\2021-03-19_02-40-14_ssd-resnet34_Serverclient.json.tmp'
ptd-server 2021-03-19 03:01:43,918 [INFO] Sending reply to client 'OK'
ptd-server 2021-03-19 03:01:43,918 [INFO] Got command from the client 'session,2021-03-19_02-40-14_ssd-resnet34_Server,done'
ptd-server 2021-03-19 03:01:43,918 [INFO] Sending to ptd: 'Stop'
ptd-server 2021-03-19 03:01:43,918 [INFO] Reply from ptd: 'Error: no measurement to stop'
ptd-server 2021-03-19 03:01:43,918 [INFO] Sending to ptd: 'SR,V,Auto'
ptd-server 2021-03-19 03:01:44,438 [INFO] Reply from ptd: 'Range V changed'
ptd-server 2021-03-19 03:01:44,438 [INFO] Sending to ptd: 'SR,A,Auto'
ptd-server 2021-03-19 03:01:44,958 [INFO] Reply from ptd: 'Range A changed'
ptd-server 2021-03-19 03:01:44,958 [INFO] Set initial values for Amps Auto and Volts Auto
ptd-server 2021-03-19 03:01:44,958 [INFO] Stopping ptd...
