ptd-server 2021-03-06 09:23:27,855 [INFO] Got command from the client 'time'
ptd-server 2021-03-06 09:23:27,856 [INFO] Sending reply to client '1615022607.8559785'
ptd-server 2021-03-06 09:23:27,859 [INFO] Got command from the client 'new,,4c0b35de-2bf4-4c95-ac54-8d62cbfde8d2'
ptd-server 2021-03-06 09:23:27,859 [INFO] Sending reply to client 'OK 2021-03-06_09-23-27,a2e3c70e-edf2-418c-8bb1-f6007f16dfad'
ptd-server 2021-03-06 09:23:27,895 [INFO] Got command from the client 'time'
ptd-server 2021-03-06 09:23:27,895 [INFO] Sending reply to client '1615022607.8959424'
ptd-server 2021-03-06 09:23:27,899 [INFO] Got command from the client 'session,2021-03-06_09-23-27,start,ranging'
ptd-server 2021-03-06 09:23:27,899 [INFO] Running PTDaemon: ['/home/anton/projects/mlperf/power/inference_v1.0/ptd-linux-x86', '-l', 'ptd.log', '-p', '8888', '52', '/dev/usbtmc0']
ptd-server 2021-03-06 09:23:45,068 [INFO] Sending to ptd: 'Hello'
ptd-server 2021-03-06 09:23:45,069 [INFO] Reply from ptd: 'Hello, PTDaemon here!'
ptd-server 2021-03-06 09:23:45,069 [INFO] Sending to ptd: 'Identify'
ptd-server 2021-03-06 09:23:45,070 [INFO] Reply from ptd: 'YokogawaWT330E,1000,1,1,1,1,0,0,1,version=1.9.2-e8c7a49a-20201208,OS=Linux 5.8.0-43-generic #49~20.04.1-Ubuntu SMP Fri Feb 5 09:57:56 UTC 2021 x86_64,mode=power,1,1,1,0,0,no_cal_date,YOKOGAWA;WT333E;C3VD30030E;F1.04'
ptd-server 2021-03-06 09:23:45,070 [INFO] Connected to PTDaemon
ptd-server 2021-03-06 09:23:45,070 [INFO] Sending to ptd: 'RR'
ptd-server 2021-03-06 09:23:45,070 [INFO] Reply from ptd: 'Ranges,0,0.500000,0,300.000000'
ptd-server 2021-03-06 09:23:45,070 [INFO] Initial range for Amps is 0.500000 for Volts is 300.000000
ptd-server 2021-03-06 09:23:45,070 [INFO] Sending to ptd: 'SR,V,Auto'
ptd-server 2021-03-06 09:23:45,573 [INFO] Reply from ptd: 'Range V changed'
ptd-server 2021-03-06 09:23:45,573 [INFO] Sending to ptd: 'SR,A,Auto'
ptd-server 2021-03-06 09:23:46,075 [INFO] Reply from ptd: 'Range A changed'
ptd-server 2021-03-06 09:23:56,086 [INFO] Starting ranging mode
ptd-server 2021-03-06 09:23:56,086 [INFO] Sending to ptd: 'Go,1000,0,2021-03-06_09-23-27_ranging'
ptd-server 2021-03-06 09:23:56,086 [INFO] Reply from ptd: 'Starting untimed measurement, maximum 500000 samples at 1000ms with 0 rampup samples'
ptd-server 2021-03-06 09:23:56,086 [INFO] Sending reply to client 'OK'
ptd-server 2021-03-06 09:34:29,277 [INFO] Got command from the client 'session,2021-03-06_09-23-27,stop,ranging'
ptd-server 2021-03-06 09:34:39,287 [INFO] Sending to ptd: 'Stop'
ptd-server 2021-03-06 09:34:39,287 [INFO] Reply from ptd: 'Stopping untimed measurement'
ptd-server 2021-03-06 09:34:39,694 [INFO] Sending reply to client 'OK'
ptd-server 2021-03-06 09:34:39,744 [INFO] Got command from the client 'time'
ptd-server 2021-03-06 09:34:39,744 [INFO] Sending reply to client '1615023279.744735'
ptd-server 2021-03-06 09:34:39,748 [INFO] Got command from the client 'session,2021-03-06_09-23-27,start,testing'
ptd-server 2021-03-06 09:34:39,749 [INFO] Sending to ptd: 'SR,V,249.960000'
ptd-server 2021-03-06 09:34:41,587 [INFO] Reply from ptd: 'Range V changed'
ptd-server 2021-03-06 09:34:41,587 [INFO] Sending to ptd: 'SR,A,0.060640'
ptd-server 2021-03-06 09:34:43,089 [INFO] Reply from ptd: 'Range A changed'
ptd-server 2021-03-06 09:34:53,099 [INFO] Starting testing mode
ptd-server 2021-03-06 09:34:53,099 [INFO] Sending to ptd: 'Go,1000,0,2021-03-06_09-23-27_testing'
ptd-server 2021-03-06 09:34:53,099 [INFO] Reply from ptd: 'Starting untimed measurement, maximum 500000 samples at 1000ms with 0 rampup samples'
ptd-server 2021-03-06 09:34:53,100 [INFO] Sending reply to client 'OK'
ptd-server 2021-03-06 09:45:31,050 [INFO] Got command from the client 'session,2021-03-06_09-23-27,stop,testing'
ptd-server 2021-03-06 09:45:41,061 [INFO] Sending to ptd: 'Stop'
ptd-server 2021-03-06 09:45:41,061 [INFO] Reply from ptd: 'Stopping untimed measurement'
ptd-server 2021-03-06 09:45:41,299 [INFO] Sending reply to client 'OK'
ptd-server 2021-03-06 09:45:41,307 [INFO] Got command from the client 'session,2021-03-06_09-23-27,upload,client.log'
ptd-server 2021-03-06 09:45:41,310 [INFO] Received '/home/anton/projects/mlperf/power-dev/output/2021-03-06_09-23-27client.log.tmp'
ptd-server 2021-03-06 09:45:41,311 [INFO] Removed '/home/anton/projects/mlperf/power-dev/output/2021-03-06_09-23-27client.log.tmp'
ptd-server 2021-03-06 09:45:41,311 [INFO] Sending reply to client 'OK'
ptd-server 2021-03-06 09:45:41,324 [INFO] Got command from the client 'session,2021-03-06_09-23-27,upload,client.json'
ptd-server 2021-03-06 09:45:41,327 [INFO] Received '/home/anton/projects/mlperf/power-dev/output/2021-03-06_09-23-27client.json.tmp'
ptd-server 2021-03-06 09:45:41,327 [INFO] Removed '/home/anton/projects/mlperf/power-dev/output/2021-03-06_09-23-27client.json.tmp'
ptd-server 2021-03-06 09:45:41,327 [INFO] Sending reply to client 'OK'
ptd-server 2021-03-06 09:45:41,330 [INFO] Got command from the client 'session,2021-03-06_09-23-27,done'
ptd-server 2021-03-06 09:45:41,330 [INFO] Sending to ptd: 'Stop'
ptd-server 2021-03-06 09:45:41,331 [INFO] Reply from ptd: 'Error: no measurement to stop'
ptd-server 2021-03-06 09:45:41,331 [INFO] Sending to ptd: 'SR,V,300.000000'
ptd-server 2021-03-06 09:45:42,832 [INFO] Reply from ptd: 'Range V changed'
ptd-server 2021-03-06 09:45:42,832 [INFO] Sending to ptd: 'SR,A,0.500000'
ptd-server 2021-03-06 09:45:44,333 [INFO] Reply from ptd: 'Range A changed'
ptd-server 2021-03-06 09:45:44,334 [INFO] Set initial values for Amps 0.500000 and Volts 300.000000
ptd-server 2021-03-06 09:45:44,334 [INFO] Stopping ptd...
