ptd-server 2021-03-05 18:33:58,373 [INFO] Got command from the client 'time'
ptd-server 2021-03-05 18:33:58,373 [INFO] Sending reply to client '1614969238.3731697'
ptd-server 2021-03-05 18:33:58,376 [INFO] Got command from the client 'new,,00ea42f0-67a5-4959-b811-4d175c1250db'
ptd-server 2021-03-05 18:33:58,376 [INFO] Sending reply to client 'OK 2021-03-05_18-33-58,d6f65cca-b8d9-4794-8b5d-51e0edffdc5d'
ptd-server 2021-03-05 18:33:58,412 [INFO] Got command from the client 'time'
ptd-server 2021-03-05 18:33:58,413 [INFO] Sending reply to client '1614969238.4130385'
ptd-server 2021-03-05 18:33:58,415 [INFO] Got command from the client 'session,2021-03-05_18-33-58,start,ranging'
ptd-server 2021-03-05 18:33:58,416 [INFO] Running PTDaemon: ['/home/anton/projects/mlperf/power/inference_v1.0/ptd-linux-x86', '-l', 'ptd.log', '-p', '8888', '52', '/dev/usbtmc0']
ptd-server 2021-03-05 18:34:15,583 [INFO] Sending to ptd: 'Hello'
ptd-server 2021-03-05 18:34:15,584 [INFO] Reply from ptd: 'Hello, PTDaemon here!'
ptd-server 2021-03-05 18:34:15,584 [INFO] Sending to ptd: 'Identify'
ptd-server 2021-03-05 18:34:15,585 [INFO] Reply from ptd: 'YokogawaWT330E,1000,1,1,1,1,0,0,1,version=1.9.2-e8c7a49a-20201208,OS=Linux 5.8.0-43-generic #49~20.04.1-Ubuntu SMP Fri Feb 5 09:57:56 UTC 2021 x86_64,mode=power,1,1,1,0,0,no_cal_date,YOKOGAWA;WT333E;C3VD30030E;F1.04'
ptd-server 2021-03-05 18:34:15,585 [INFO] Connected to PTDaemon
ptd-server 2021-03-05 18:34:15,585 [INFO] Sending to ptd: 'RR'
ptd-server 2021-03-05 18:34:15,585 [INFO] Reply from ptd: 'Ranges,0,0.500000,0,300.000000'
ptd-server 2021-03-05 18:34:15,585 [INFO] Initial range for Amps is 0.500000 for Volts is 300.000000
ptd-server 2021-03-05 18:34:15,585 [INFO] Sending to ptd: 'SR,V,Auto'
ptd-server 2021-03-05 18:34:16,088 [INFO] Reply from ptd: 'Range V changed'
ptd-server 2021-03-05 18:34:16,088 [INFO] Sending to ptd: 'SR,A,Auto'
ptd-server 2021-03-05 18:34:16,590 [INFO] Reply from ptd: 'Range A changed'
ptd-server 2021-03-05 18:34:26,601 [INFO] Starting ranging mode
ptd-server 2021-03-05 18:34:26,601 [INFO] Sending to ptd: 'Go,1000,0,2021-03-05_18-33-58_ranging'
ptd-server 2021-03-05 18:34:26,601 [INFO] Reply from ptd: 'Starting untimed measurement, maximum 500000 samples at 1000ms with 0 rampup samples'
ptd-server 2021-03-05 18:34:26,601 [INFO] Sending reply to client 'OK'
ptd-server 2021-03-05 18:44:58,131 [INFO] Got command from the client 'session,2021-03-05_18-33-58,stop,ranging'
ptd-server 2021-03-05 18:45:08,141 [INFO] Sending to ptd: 'Stop'
ptd-server 2021-03-05 18:45:08,141 [INFO] Reply from ptd: 'Stopping untimed measurement'
ptd-server 2021-03-05 18:45:08,503 [INFO] Sending reply to client 'OK'
ptd-server 2021-03-05 18:45:08,546 [INFO] Got command from the client 'time'
ptd-server 2021-03-05 18:45:08,546 [INFO] Sending reply to client '1614969908.546208'
ptd-server 2021-03-05 18:45:08,549 [INFO] Got command from the client 'session,2021-03-05_18-33-58,start,testing'
ptd-server 2021-03-05 18:45:08,550 [INFO] Sending to ptd: 'SR,V,249.770000'
ptd-server 2021-03-05 18:45:10,102 [INFO] Reply from ptd: 'Range V changed'
ptd-server 2021-03-05 18:45:10,102 [INFO] Sending to ptd: 'SR,A,0.061060'
ptd-server 2021-03-05 18:45:11,603 [INFO] Reply from ptd: 'Range A changed'
ptd-server 2021-03-05 18:45:21,614 [INFO] Starting testing mode
ptd-server 2021-03-05 18:45:21,614 [INFO] Sending to ptd: 'Go,1000,0,2021-03-05_18-33-58_testing'
ptd-server 2021-03-05 18:45:21,614 [INFO] Reply from ptd: 'Starting untimed measurement, maximum 500000 samples at 1000ms with 0 rampup samples'
ptd-server 2021-03-05 18:45:21,615 [INFO] Sending reply to client 'OK'
ptd-server 2021-03-05 18:55:58,031 [INFO] Got command from the client 'session,2021-03-05_18-33-58,stop,testing'
ptd-server 2021-03-05 18:56:08,041 [INFO] Sending to ptd: 'Stop'
ptd-server 2021-03-05 18:56:08,042 [INFO] Reply from ptd: 'Stopping untimed measurement'
ptd-server 2021-03-05 18:56:08,231 [INFO] Sending reply to client 'OK'
ptd-server 2021-03-05 18:56:08,239 [INFO] Got command from the client 'session,2021-03-05_18-33-58,upload,client.log'
ptd-server 2021-03-05 18:56:08,242 [INFO] Received '/home/anton/projects/mlperf/power-dev/output/2021-03-05_18-33-58client.log.tmp'
ptd-server 2021-03-05 18:56:08,242 [INFO] Removed '/home/anton/projects/mlperf/power-dev/output/2021-03-05_18-33-58client.log.tmp'
ptd-server 2021-03-05 18:56:08,242 [INFO] Sending reply to client 'OK'
ptd-server 2021-03-05 18:56:08,255 [INFO] Got command from the client 'session,2021-03-05_18-33-58,upload,client.json'
ptd-server 2021-03-05 18:56:08,257 [INFO] Received '/home/anton/projects/mlperf/power-dev/output/2021-03-05_18-33-58client.json.tmp'
ptd-server 2021-03-05 18:56:08,258 [INFO] Removed '/home/anton/projects/mlperf/power-dev/output/2021-03-05_18-33-58client.json.tmp'
ptd-server 2021-03-05 18:56:08,258 [INFO] Sending reply to client 'OK'
ptd-server 2021-03-05 18:56:08,261 [INFO] Got command from the client 'session,2021-03-05_18-33-58,done'
ptd-server 2021-03-05 18:56:08,261 [INFO] Sending to ptd: 'Stop'
ptd-server 2021-03-05 18:56:08,615 [INFO] Reply from ptd: 'Error: no measurement to stop'
ptd-server 2021-03-05 18:56:08,615 [INFO] Sending to ptd: 'SR,V,300.000000'
ptd-server 2021-03-05 18:56:10,116 [INFO] Reply from ptd: 'Range V changed'
ptd-server 2021-03-05 18:56:10,116 [INFO] Sending to ptd: 'SR,A,0.500000'
ptd-server 2021-03-05 18:56:11,617 [INFO] Reply from ptd: 'Range A changed'
ptd-server 2021-03-05 18:56:11,618 [INFO] Set initial values for Amps 0.500000 and Volts 300.000000
ptd-server 2021-03-05 18:56:11,618 [INFO] Stopping ptd...
