ptd-server 2021-03-08 09:09:16,090 [INFO] Got command from the client 'time'
ptd-server 2021-03-08 09:09:16,090 [INFO] Sending reply to client '1615194556.09052'
ptd-server 2021-03-08 09:09:16,093 [INFO] Got command from the client 'new,,05330fee-b9f4-4691-91f6-595d5c451325'
ptd-server 2021-03-08 09:09:16,093 [INFO] Sending reply to client 'OK 2021-03-08_09-09-16,6f452afc-96f4-4700-bc95-5401c591a459'
ptd-server 2021-03-08 09:09:16,129 [INFO] Got command from the client 'time'
ptd-server 2021-03-08 09:09:16,130 [INFO] Sending reply to client '1615194556.1300738'
ptd-server 2021-03-08 09:09:16,132 [INFO] Got command from the client 'session,2021-03-08_09-09-16,start,ranging'
ptd-server 2021-03-08 09:09:16,132 [INFO] Running PTDaemon: ['/home/anton/projects/mlperf/power/inference_v1.0/ptd-linux-x86', '-l', 'ptd.log', '-p', '8888', '52', '/dev/usbtmc0']
ptd-server 2021-03-08 09:09:33,305 [INFO] Sending to ptd: 'Hello'
ptd-server 2021-03-08 09:09:33,306 [INFO] Reply from ptd: 'Hello, PTDaemon here!'
ptd-server 2021-03-08 09:09:33,306 [INFO] Sending to ptd: 'Identify'
ptd-server 2021-03-08 09:09:33,306 [INFO] Reply from ptd: 'YokogawaWT330E,1000,1,1,1,1,0,0,1,version=1.9.2-e8c7a49a-20201208,OS=Linux 5.8.0-43-generic #49~20.04.1-Ubuntu SMP Fri Feb 5 09:57:56 UTC 2021 x86_64,mode=power,1,1,1,0,0,no_cal_date,YOKOGAWA;WT333E;C3VD30030E;F1.04'
ptd-server 2021-03-08 09:09:33,307 [INFO] Connected to PTDaemon
ptd-server 2021-03-08 09:09:33,307 [INFO] Sending to ptd: 'RR'
ptd-server 2021-03-08 09:09:33,307 [INFO] Reply from ptd: 'Ranges,0,0.500000,0,300.000000'
ptd-server 2021-03-08 09:09:33,307 [INFO] Initial range for Amps is 0.500000 for Volts is 300.000000
ptd-server 2021-03-08 09:09:33,307 [INFO] Sending to ptd: 'SR,V,Auto'
ptd-server 2021-03-08 09:09:33,810 [INFO] Reply from ptd: 'Range V changed'
ptd-server 2021-03-08 09:09:33,810 [INFO] Sending to ptd: 'SR,A,Auto'
ptd-server 2021-03-08 09:09:34,312 [INFO] Reply from ptd: 'Range A changed'
ptd-server 2021-03-08 09:09:44,323 [INFO] Starting ranging mode
ptd-server 2021-03-08 09:09:44,323 [INFO] Sending to ptd: 'Go,1000,0,2021-03-08_09-09-16_ranging'
ptd-server 2021-03-08 09:09:44,323 [INFO] Reply from ptd: 'Starting untimed measurement, maximum 500000 samples at 1000ms with 0 rampup samples'
ptd-server 2021-03-08 09:09:44,323 [INFO] Sending reply to client 'OK'
ptd-server 2021-03-08 09:20:09,310 [INFO] Got command from the client 'session,2021-03-08_09-09-16,stop,ranging'
ptd-server 2021-03-08 09:20:19,321 [INFO] Sending to ptd: 'Stop'
ptd-server 2021-03-08 09:20:19,321 [INFO] Reply from ptd: 'Stopping untimed measurement'
ptd-server 2021-03-08 09:20:20,294 [INFO] Sending reply to client 'OK'
ptd-server 2021-03-08 09:20:20,351 [INFO] Got command from the client 'time'
ptd-server 2021-03-08 09:20:20,351 [INFO] Sending reply to client '1615195220.3516424'
ptd-server 2021-03-08 09:20:20,355 [INFO] Got command from the client 'session,2021-03-08_09-09-16,start,testing'
ptd-server 2021-03-08 09:20:20,355 [INFO] Sending to ptd: 'SR,V,249.530000'
ptd-server 2021-03-08 09:20:21,856 [INFO] Reply from ptd: 'Range V changed'
ptd-server 2021-03-08 09:20:21,856 [INFO] Sending to ptd: 'SR,A,0.051410'
ptd-server 2021-03-08 09:20:23,357 [INFO] Reply from ptd: 'Range A changed'
ptd-server 2021-03-08 09:20:33,368 [INFO] Starting testing mode
ptd-server 2021-03-08 09:20:33,368 [INFO] Sending to ptd: 'Go,1000,0,2021-03-08_09-09-16_testing'
ptd-server 2021-03-08 09:20:33,368 [INFO] Reply from ptd: 'Starting untimed measurement, maximum 500000 samples at 1000ms with 0 rampup samples'
ptd-server 2021-03-08 09:20:33,369 [INFO] Sending reply to client 'OK'
ptd-server 2021-03-08 09:31:03,159 [INFO] Got command from the client 'session,2021-03-08_09-09-16,stop,testing'
ptd-server 2021-03-08 09:31:13,169 [INFO] Sending to ptd: 'Stop'
ptd-server 2021-03-08 09:31:13,170 [INFO] Reply from ptd: 'Stopping untimed measurement'
ptd-server 2021-03-08 09:31:13,511 [INFO] Sending reply to client 'OK'
ptd-server 2021-03-08 09:31:13,519 [INFO] Got command from the client 'session,2021-03-08_09-09-16,upload,client.log'
ptd-server 2021-03-08 09:31:13,522 [INFO] Received '/home/anton/projects/mlperf/power-dev/output/2021-03-08_09-09-16client.log.tmp'
ptd-server 2021-03-08 09:31:13,523 [INFO] Removed '/home/anton/projects/mlperf/power-dev/output/2021-03-08_09-09-16client.log.tmp'
ptd-server 2021-03-08 09:31:13,523 [INFO] Sending reply to client 'OK'
ptd-server 2021-03-08 09:31:13,535 [INFO] Got command from the client 'session,2021-03-08_09-09-16,upload,client.json'
ptd-server 2021-03-08 09:31:13,538 [INFO] Received '/home/anton/projects/mlperf/power-dev/output/2021-03-08_09-09-16client.json.tmp'
ptd-server 2021-03-08 09:31:13,538 [INFO] Removed '/home/anton/projects/mlperf/power-dev/output/2021-03-08_09-09-16client.json.tmp'
ptd-server 2021-03-08 09:31:13,538 [INFO] Sending reply to client 'OK'
ptd-server 2021-03-08 09:31:13,541 [INFO] Got command from the client 'session,2021-03-08_09-09-16,done'
ptd-server 2021-03-08 09:31:13,541 [INFO] Sending to ptd: 'Stop'
ptd-server 2021-03-08 09:31:13,541 [INFO] Reply from ptd: 'Error: no measurement to stop'
ptd-server 2021-03-08 09:31:13,541 [INFO] Sending to ptd: 'SR,V,300.000000'
ptd-server 2021-03-08 09:31:15,043 [INFO] Reply from ptd: 'Range V changed'
ptd-server 2021-03-08 09:31:15,043 [INFO] Sending to ptd: 'SR,A,0.500000'
ptd-server 2021-03-08 09:31:16,544 [INFO] Reply from ptd: 'Range A changed'
ptd-server 2021-03-08 09:31:16,544 [INFO] Set initial values for Amps 0.500000 and Volts 300.000000
ptd-server 2021-03-08 09:31:16,545 [INFO] Stopping ptd...
