ptd-server 2021-03-19 06:33:18,113 [INFO] Got command from the client 'time'
ptd-server 2021-03-19 06:33:18,113 [INFO] Sending reply to client '1616153598.113024'
ptd-server 2021-03-19 06:33:18,113 [INFO] Got command from the client 'new,rnnt_Offline_default,d63ab784-b981-4ace-af12-62dd4f1d6645'
ptd-server 2021-03-19 06:33:18,113 [INFO] Sending reply to client 'OK 2021-03-19_06-33-18_rnnt_Offline_default,03ae9419-4066-4727-bffd-91bb96bb79fc'
ptd-server 2021-03-19 06:33:18,113 [INFO] Got command from the client 'time'
ptd-server 2021-03-19 06:33:18,113 [INFO] Sending reply to client '1616153598.113024'
ptd-server 2021-03-19 06:33:18,113 [INFO] Got command from the client 'session,2021-03-19_06-33-18_rnnt_Offline_default,start,ranging'
ptd-server 2021-03-19 06:33:18,213 [INFO] Running PTDaemon: ['.\\ptd-windows-x86.exe', '-l', '.\\logs_ptdeamon.txt', '-p', '8888', '-g', '8', '1']
ptd-server 2021-03-19 06:33:30,853 [INFO] Sending to ptd: 'Hello'
ptd-server 2021-03-19 06:33:30,853 [INFO] Reply from ptd: 'Hello, PTDaemon here!'
ptd-server 2021-03-19 06:33:30,853 [INFO] Sending to ptd: 'Identify'
ptd-server 2021-03-19 06:33:30,853 [INFO] Reply from ptd: 'YokogawaWT210,1000,1,1,1,1,0,0,1,version=1.9.2-3976349f-20201208,OS=Windows 8 / Server 2012,mode=power,1,1,1,0,0,no_cal_date,YOKOGAWA;760401;0;F1.12'
ptd-server 2021-03-19 06:33:30,853 [INFO] Connected to PTDaemon
ptd-server 2021-03-19 06:33:30,853 [INFO] Sending to ptd: 'RR'
ptd-server 2021-03-19 06:33:30,853 [INFO] Reply from ptd: 'Ranges,1,10.000000,1,150.000000'
ptd-server 2021-03-19 06:33:30,853 [INFO] Initial range for Amps is Auto for Volts is Auto
ptd-server 2021-03-19 06:33:30,853 [INFO] Sending to ptd: 'SR,V,Auto'
ptd-server 2021-03-19 06:33:31,373 [INFO] Reply from ptd: 'Range V changed'
ptd-server 2021-03-19 06:33:31,373 [INFO] Sending to ptd: 'SR,A,Auto'
ptd-server 2021-03-19 06:33:31,893 [INFO] Reply from ptd: 'Range A changed'
ptd-server 2021-03-19 06:33:41,894 [INFO] Starting ranging mode
ptd-server 2021-03-19 06:33:41,894 [INFO] Sending to ptd: 'Go,1000,0,2021-03-19_06-33-18_rnnt_Offline_default_ranging'
ptd-server 2021-03-19 06:33:41,894 [INFO] Reply from ptd: 'Starting untimed measurement, maximum 500000 samples at 1000ms with 0 rampup samples'
ptd-server 2021-03-19 06:33:41,894 [INFO] Sending reply to client 'OK'
ptd-server 2021-03-19 06:56:15,202 [INFO] Got command from the client 'session,2021-03-19_06-33-18_rnnt_Offline_default,stop,ranging'
ptd-server 2021-03-19 06:56:25,202 [INFO] Sending to ptd: 'Stop'
ptd-server 2021-03-19 06:56:25,202 [INFO] Reply from ptd: 'Stopping untimed measurement'
ptd-server 2021-03-19 06:56:25,472 [INFO] Sending reply to client 'OK'
ptd-server 2021-03-19 06:56:25,472 [INFO] Got command from the client 'time'
ptd-server 2021-03-19 06:56:25,472 [INFO] Sending reply to client '1616154985.4725258'
ptd-server 2021-03-19 06:56:25,472 [INFO] Got command from the client 'session,2021-03-19_06-33-18_rnnt_Offline_default,start,testing'
ptd-server 2021-03-19 06:56:25,472 [INFO] Sending to ptd: 'SR,V,120.640000'
ptd-server 2021-03-19 06:56:27,433 [INFO] Reply from ptd: 'Range V changed'
ptd-server 2021-03-19 06:56:27,433 [INFO] Sending to ptd: 'SR,A,7.225000'
ptd-server 2021-03-19 06:56:28,953 [INFO] Reply from ptd: 'Range A changed'
ptd-server 2021-03-19 06:56:38,953 [INFO] Starting testing mode
ptd-server 2021-03-19 06:56:38,953 [INFO] Sending to ptd: 'Go,1000,0,2021-03-19_06-33-18_rnnt_Offline_default_testing'
ptd-server 2021-03-19 06:56:38,953 [INFO] Reply from ptd: 'Starting untimed measurement, maximum 500000 samples at 1000ms with 0 rampup samples'
ptd-server 2021-03-19 06:56:38,953 [INFO] Sending reply to client 'OK'
ptd-server 2021-03-19 07:19:12,799 [INFO] Got command from the client 'session,2021-03-19_06-33-18_rnnt_Offline_default,stop,testing'
ptd-server 2021-03-19 07:19:22,809 [INFO] Sending to ptd: 'Stop'
ptd-server 2021-03-19 07:19:22,809 [INFO] Reply from ptd: 'Stopping untimed measurement'
ptd-server 2021-03-19 07:19:22,948 [INFO] Sending reply to client 'OK'
ptd-server 2021-03-19 07:19:22,948 [INFO] Got command from the client 'session,2021-03-19_06-33-18_rnnt_Offline_default,upload,client.log'
ptd-server 2021-03-19 07:19:22,948 [INFO] Received '.\\outdir\\2021-03-19_06-33-18_rnnt_Offline_defaultclient.log.tmp'
ptd-server 2021-03-19 07:19:22,958 [INFO] Removed '.\\outdir\\2021-03-19_06-33-18_rnnt_Offline_defaultclient.log.tmp'
ptd-server 2021-03-19 07:19:22,958 [INFO] Sending reply to client 'OK'
ptd-server 2021-03-19 07:19:22,968 [INFO] Got command from the client 'session,2021-03-19_06-33-18_rnnt_Offline_default,upload,client.json'
ptd-server 2021-03-19 07:19:22,968 [INFO] Received '.\\outdir\\2021-03-19_06-33-18_rnnt_Offline_defaultclient.json.tmp'
ptd-server 2021-03-19 07:19:22,978 [INFO] Removed '.\\outdir\\2021-03-19_06-33-18_rnnt_Offline_defaultclient.json.tmp'
ptd-server 2021-03-19 07:19:22,978 [INFO] Sending reply to client 'OK'
ptd-server 2021-03-19 07:19:22,978 [INFO] Got command from the client 'session,2021-03-19_06-33-18_rnnt_Offline_default,done'
ptd-server 2021-03-19 07:19:22,978 [INFO] Sending to ptd: 'Stop'
ptd-server 2021-03-19 07:19:22,978 [INFO] Reply from ptd: 'Error: no measurement to stop'
ptd-server 2021-03-19 07:19:22,978 [INFO] Sending to ptd: 'SR,V,Auto'
ptd-server 2021-03-19 07:19:23,509 [INFO] Reply from ptd: 'Range V changed'
ptd-server 2021-03-19 07:19:23,509 [INFO] Sending to ptd: 'SR,A,Auto'
ptd-server 2021-03-19 07:19:24,029 [INFO] Reply from ptd: 'Range A changed'
ptd-server 2021-03-19 07:19:24,029 [INFO] Set initial values for Amps Auto and Volts Auto
ptd-server 2021-03-19 07:19:24,029 [INFO] Stopping ptd...
