ptd-server 2021-03-06 00:55:08,259 [INFO] Got command from the client 'time'
ptd-server 2021-03-06 00:55:08,259 [INFO] Sending reply to client '1614992108.2593677'
ptd-server 2021-03-06 00:55:08,262 [INFO] Got command from the client 'new,,84b870ca-d891-4956-a1fd-b7cde6aa0783'
ptd-server 2021-03-06 00:55:08,263 [INFO] Sending reply to client 'OK 2021-03-06_00-55-08,0bd9b04e-4a8f-4f8f-bd2d-23a855657188'
ptd-server 2021-03-06 00:55:08,299 [INFO] Got command from the client 'time'
ptd-server 2021-03-06 00:55:08,299 [INFO] Sending reply to client '1614992108.2993076'
ptd-server 2021-03-06 00:55:08,302 [INFO] Got command from the client 'session,2021-03-06_00-55-08,start,ranging'
ptd-server 2021-03-06 00:55:08,303 [INFO] Running PTDaemon: ['/home/anton/projects/mlperf/power/inference_v1.0/ptd-linux-x86', '-l', 'ptd.log', '-p', '8888', '52', '/dev/usbtmc0']
ptd-server 2021-03-06 00:55:25,471 [INFO] Sending to ptd: 'Hello'
ptd-server 2021-03-06 00:55:25,472 [INFO] Reply from ptd: 'Hello, PTDaemon here!'
ptd-server 2021-03-06 00:55:25,472 [INFO] Sending to ptd: 'Identify'
ptd-server 2021-03-06 00:55:25,472 [INFO] Reply from ptd: 'YokogawaWT330E,1000,1,1,1,1,0,0,1,version=1.9.2-e8c7a49a-20201208,OS=Linux 5.8.0-43-generic #49~20.04.1-Ubuntu SMP Fri Feb 5 09:57:56 UTC 2021 x86_64,mode=power,1,1,1,0,0,no_cal_date,YOKOGAWA;WT333E;C3VD30030E;F1.04'
ptd-server 2021-03-06 00:55:25,473 [INFO] Connected to PTDaemon
ptd-server 2021-03-06 00:55:25,473 [INFO] Sending to ptd: 'RR'
ptd-server 2021-03-06 00:55:25,473 [INFO] Reply from ptd: 'Ranges,0,0.500000,0,300.000000'
ptd-server 2021-03-06 00:55:25,473 [INFO] Initial range for Amps is 0.500000 for Volts is 300.000000
ptd-server 2021-03-06 00:55:25,473 [INFO] Sending to ptd: 'SR,V,Auto'
ptd-server 2021-03-06 00:55:25,976 [INFO] Reply from ptd: 'Range V changed'
ptd-server 2021-03-06 00:55:25,976 [INFO] Sending to ptd: 'SR,A,Auto'
ptd-server 2021-03-06 00:55:26,478 [INFO] Reply from ptd: 'Range A changed'
ptd-server 2021-03-06 00:55:36,488 [INFO] Starting ranging mode
ptd-server 2021-03-06 00:55:36,489 [INFO] Sending to ptd: 'Go,1000,0,2021-03-06_00-55-08_ranging'
ptd-server 2021-03-06 00:55:36,489 [INFO] Reply from ptd: 'Starting untimed measurement, maximum 500000 samples at 1000ms with 0 rampup samples'
ptd-server 2021-03-06 00:55:36,489 [INFO] Sending reply to client 'OK'
ptd-server 2021-03-06 01:06:08,719 [INFO] Got command from the client 'session,2021-03-06_00-55-08,stop,ranging'
ptd-server 2021-03-06 01:06:18,730 [INFO] Sending to ptd: 'Stop'
ptd-server 2021-03-06 01:06:18,730 [INFO] Reply from ptd: 'Stopping untimed measurement'
ptd-server 2021-03-06 01:06:19,117 [INFO] Sending reply to client 'OK'
ptd-server 2021-03-06 01:06:19,158 [INFO] Got command from the client 'time'
ptd-server 2021-03-06 01:06:19,159 [INFO] Sending reply to client '1614992779.1590393'
ptd-server 2021-03-06 01:06:19,162 [INFO] Got command from the client 'session,2021-03-06_00-55-08,start,testing'
ptd-server 2021-03-06 01:06:19,162 [INFO] Sending to ptd: 'SR,V,251.360000'
ptd-server 2021-03-06 01:06:20,990 [INFO] Reply from ptd: 'Range V changed'
ptd-server 2021-03-06 01:06:20,990 [INFO] Sending to ptd: 'SR,A,0.059610'
ptd-server 2021-03-06 01:06:22,491 [INFO] Reply from ptd: 'Range A changed'
ptd-server 2021-03-06 01:06:32,502 [INFO] Starting testing mode
ptd-server 2021-03-06 01:06:32,502 [INFO] Sending to ptd: 'Go,1000,0,2021-03-06_00-55-08_testing'
ptd-server 2021-03-06 01:06:32,502 [INFO] Reply from ptd: 'Starting untimed measurement, maximum 500000 samples at 1000ms with 0 rampup samples'
ptd-server 2021-03-06 01:06:32,502 [INFO] Sending reply to client 'OK'
ptd-server 2021-03-06 01:17:09,581 [INFO] Got command from the client 'session,2021-03-06_00-55-08,stop,testing'
ptd-server 2021-03-06 01:17:19,592 [INFO] Sending to ptd: 'Stop'
ptd-server 2021-03-06 01:17:19,592 [INFO] Reply from ptd: 'Stopping untimed measurement'
ptd-server 2021-03-06 01:17:19,794 [INFO] Sending reply to client 'OK'
ptd-server 2021-03-06 01:17:19,802 [INFO] Got command from the client 'session,2021-03-06_00-55-08,upload,client.log'
ptd-server 2021-03-06 01:17:19,805 [INFO] Received '/home/anton/projects/mlperf/power-dev/output/2021-03-06_00-55-08client.log.tmp'
ptd-server 2021-03-06 01:17:19,806 [INFO] Removed '/home/anton/projects/mlperf/power-dev/output/2021-03-06_00-55-08client.log.tmp'
ptd-server 2021-03-06 01:17:19,806 [INFO] Sending reply to client 'OK'
ptd-server 2021-03-06 01:17:19,818 [INFO] Got command from the client 'session,2021-03-06_00-55-08,upload,client.json'
ptd-server 2021-03-06 01:17:19,821 [INFO] Received '/home/anton/projects/mlperf/power-dev/output/2021-03-06_00-55-08client.json.tmp'
ptd-server 2021-03-06 01:17:19,822 [INFO] Removed '/home/anton/projects/mlperf/power-dev/output/2021-03-06_00-55-08client.json.tmp'
ptd-server 2021-03-06 01:17:19,822 [INFO] Sending reply to client 'OK'
ptd-server 2021-03-06 01:17:19,825 [INFO] Got command from the client 'session,2021-03-06_00-55-08,done'
ptd-server 2021-03-06 01:17:19,825 [INFO] Sending to ptd: 'Stop'
ptd-server 2021-03-06 01:17:20,503 [INFO] Reply from ptd: 'Error: no measurement to stop'
ptd-server 2021-03-06 01:17:20,503 [INFO] Sending to ptd: 'SR,V,300.000000'
ptd-server 2021-03-06 01:17:22,004 [INFO] Reply from ptd: 'Range V changed'
ptd-server 2021-03-06 01:17:22,004 [INFO] Sending to ptd: 'SR,A,0.500000'
ptd-server 2021-03-06 01:17:23,506 [INFO] Reply from ptd: 'Range A changed'
ptd-server 2021-03-06 01:17:23,506 [INFO] Set initial values for Amps 0.500000 and Volts 300.000000
ptd-server 2021-03-06 01:17:23,506 [INFO] Stopping ptd...
