ptd-server 2021-02-28 12:07:46,076 [INFO] Got command from the client 'time'
ptd-server 2021-02-28 12:07:46,076 [INFO] Sending reply to client '1614514066.076829'
ptd-server 2021-02-28 12:07:46,078 [INFO] Got command from the client 'new,,fdeeb4b2-2f62-428a-b888-40a43cd9a6bf'
ptd-server 2021-02-28 12:07:46,078 [INFO] Sending reply to client 'OK 2021-02-28_12-07-46,cc12da7d-5379-41ad-9c5c-32b8494bf2ac'
ptd-server 2021-02-28 12:07:46,115 [INFO] Got command from the client 'time'
ptd-server 2021-02-28 12:07:46,115 [INFO] Sending reply to client '1614514066.1157362'
ptd-server 2021-02-28 12:07:46,116 [INFO] Got command from the client 'session,2021-02-28_12-07-46,start,ranging'
ptd-server 2021-02-28 12:07:46,117 [INFO] Running PTDaemon: ['/home/anton/projects/mlperf/power/inference_v1.0/ptd-linux-x86', '-l', 'ptd.log', '-p', '8888', '52', '/dev/usbtmc0']
ptd-server 2021-02-28 12:08:03,285 [INFO] Sending to ptd: 'Hello'
ptd-server 2021-02-28 12:08:03,286 [INFO] Reply from ptd: 'Hello, PTDaemon here!'
ptd-server 2021-02-28 12:08:03,286 [INFO] Sending to ptd: 'Identify'
ptd-server 2021-02-28 12:08:03,287 [INFO] Reply from ptd: 'YokogawaWT330E,1000,1,1,1,1,0,0,1,version=1.9.2-e8c7a49a-20201208,OS=Linux 5.8.0-43-generic #49~20.04.1-Ubuntu SMP Fri Feb 5 09:57:56 UTC 2021 x86_64,mode=power,1,1,1,0,0,no_cal_date,YOKOGAWA;WT333E;C3VD30030E;F1.04'
ptd-server 2021-02-28 12:08:03,287 [INFO] Connected to PTDaemon
ptd-server 2021-02-28 12:08:03,287 [INFO] Sending to ptd: 'RR'
ptd-server 2021-02-28 12:08:03,287 [INFO] Reply from ptd: 'Ranges,0,0.500000,0,300.000000'
ptd-server 2021-02-28 12:08:03,287 [INFO] Initial range for Amps is 0.500000 for Volts is 300.000000
ptd-server 2021-02-28 12:08:03,287 [INFO] Sending to ptd: 'SR,V,Auto'
ptd-server 2021-02-28 12:08:03,790 [INFO] Reply from ptd: 'Range V changed'
ptd-server 2021-02-28 12:08:03,790 [INFO] Sending to ptd: 'SR,A,Auto'
ptd-server 2021-02-28 12:08:04,292 [INFO] Reply from ptd: 'Range A changed'
ptd-server 2021-02-28 12:08:14,303 [INFO] Starting ranging mode
ptd-server 2021-02-28 12:08:14,303 [INFO] Sending to ptd: 'Go,1000,0,2021-02-28_12-07-46_ranging'
ptd-server 2021-02-28 12:08:14,303 [INFO] Reply from ptd: 'Starting untimed measurement, maximum 500000 samples at 1000ms with 0 rampup samples'
ptd-server 2021-02-28 12:08:14,303 [INFO] Sending reply to client 'OK'
ptd-server 2021-02-28 12:18:33,098 [INFO] Got command from the client 'session,2021-02-28_12-07-46,stop,ranging'
ptd-server 2021-02-28 12:18:43,108 [INFO] Sending to ptd: 'Stop'
ptd-server 2021-02-28 12:18:43,109 [INFO] Reply from ptd: 'Stopping untimed measurement'
ptd-server 2021-02-28 12:18:43,321 [INFO] Sending reply to client 'OK'
ptd-server 2021-02-28 12:18:43,365 [INFO] Got command from the client 'time'
ptd-server 2021-02-28 12:18:43,365 [INFO] Sending reply to client '1614514723.3652937'
ptd-server 2021-02-28 12:18:43,366 [INFO] Got command from the client 'session,2021-02-28_12-07-46,start,testing'
ptd-server 2021-02-28 12:18:43,366 [INFO] Sending to ptd: 'SR,V,249.730000'
ptd-server 2021-02-28 12:18:44,868 [INFO] Reply from ptd: 'Range V changed'
ptd-server 2021-02-28 12:18:44,868 [INFO] Sending to ptd: 'SR,A,0.194880'
ptd-server 2021-02-28 12:18:46,369 [INFO] Reply from ptd: 'Range A changed'
ptd-server 2021-02-28 12:18:56,379 [INFO] Starting testing mode
ptd-server 2021-02-28 12:18:56,379 [INFO] Sending to ptd: 'Go,1000,0,2021-02-28_12-07-46_testing'
ptd-server 2021-02-28 12:18:56,380 [INFO] Reply from ptd: 'Starting untimed measurement, maximum 500000 samples at 1000ms with 0 rampup samples'
ptd-server 2021-02-28 12:18:56,380 [INFO] Sending reply to client 'OK'
ptd-server 2021-02-28 12:29:15,064 [INFO] Got command from the client 'session,2021-02-28_12-07-46,stop,testing'
ptd-server 2021-02-28 12:29:25,074 [INFO] Sending to ptd: 'Stop'
ptd-server 2021-02-28 12:29:25,075 [INFO] Reply from ptd: 'Stopping untimed measurement'
ptd-server 2021-02-28 12:29:25,189 [INFO] Sending reply to client 'OK'
ptd-server 2021-02-28 12:29:25,193 [INFO] Got command from the client 'session,2021-02-28_12-07-46,upload,client.log'
ptd-server 2021-02-28 12:29:25,193 [INFO] Received '/home/anton/projects/mlperf/power-dev/output/2021-02-28_12-07-46client.log.tmp'
ptd-server 2021-02-28 12:29:25,193 [INFO] Removed '/home/anton/projects/mlperf/power-dev/output/2021-02-28_12-07-46client.log.tmp'
ptd-server 2021-02-28 12:29:25,193 [INFO] Sending reply to client 'OK'
ptd-server 2021-02-28 12:29:25,197 [INFO] Got command from the client 'session,2021-02-28_12-07-46,upload,client.json'
ptd-server 2021-02-28 12:29:25,198 [INFO] Received '/home/anton/projects/mlperf/power-dev/output/2021-02-28_12-07-46client.json.tmp'
ptd-server 2021-02-28 12:29:25,198 [INFO] Removed '/home/anton/projects/mlperf/power-dev/output/2021-02-28_12-07-46client.json.tmp'
ptd-server 2021-02-28 12:29:25,198 [INFO] Sending reply to client 'OK'
ptd-server 2021-02-28 12:29:25,199 [INFO] Got command from the client 'session,2021-02-28_12-07-46,done'
ptd-server 2021-02-28 12:29:25,199 [INFO] Sending to ptd: 'Stop'
ptd-server 2021-02-28 12:29:25,380 [INFO] Reply from ptd: 'Error: no measurement to stop'
ptd-server 2021-02-28 12:29:25,380 [INFO] Sending to ptd: 'SR,V,300.000000'
ptd-server 2021-02-28 12:29:26,882 [INFO] Reply from ptd: 'Range V changed'
ptd-server 2021-02-28 12:29:26,882 [INFO] Sending to ptd: 'SR,A,0.500000'
ptd-server 2021-02-28 12:29:28,383 [INFO] Reply from ptd: 'Range A changed'
ptd-server 2021-02-28 12:29:28,383 [INFO] Set initial values for Amps 0.500000 and Volts 300.000000
ptd-server 2021-02-28 12:29:28,383 [INFO] Stopping ptd...
