ptd-server 2021-03-07 08:15:09,731 [INFO] Got command from the client 'time'
ptd-server 2021-03-07 08:15:09,731 [INFO] Sending reply to client '1615104909.7311614'
ptd-server 2021-03-07 08:15:09,735 [INFO] Got command from the client 'new,,8a1b777a-184d-4d0d-adfb-df90d474fc7e'
ptd-server 2021-03-07 08:15:09,735 [INFO] Sending reply to client 'OK 2021-03-07_08-15-09,58748c17-79bf-466c-973e-3ec905e6f47b'
ptd-server 2021-03-07 08:15:09,774 [INFO] Got command from the client 'time'
ptd-server 2021-03-07 08:15:09,774 [INFO] Sending reply to client '1615104909.774421'
ptd-server 2021-03-07 08:15:09,777 [INFO] Got command from the client 'session,2021-03-07_08-15-09,start,ranging'
ptd-server 2021-03-07 08:15:09,778 [INFO] Running PTDaemon: ['/home/anton/projects/mlperf/power/inference_v1.0/ptd-linux-x86', '-l', 'ptd.log', '-p', '8888', '52', '/dev/usbtmc0']
ptd-server 2021-03-07 08:15:26,947 [INFO] Sending to ptd: 'Hello'
ptd-server 2021-03-07 08:15:26,948 [INFO] Reply from ptd: 'Hello, PTDaemon here!'
ptd-server 2021-03-07 08:15:26,948 [INFO] Sending to ptd: 'Identify'
ptd-server 2021-03-07 08:15:26,948 [INFO] Reply from ptd: 'YokogawaWT330E,1000,1,1,1,1,0,0,1,version=1.9.2-e8c7a49a-20201208,OS=Linux 5.8.0-43-generic #49~20.04.1-Ubuntu SMP Fri Feb 5 09:57:56 UTC 2021 x86_64,mode=power,1,1,1,0,0,no_cal_date,YOKOGAWA;WT333E;C3VD30030E;F1.04'
ptd-server 2021-03-07 08:15:26,948 [INFO] Connected to PTDaemon
ptd-server 2021-03-07 08:15:26,948 [INFO] Sending to ptd: 'RR'
ptd-server 2021-03-07 08:15:26,949 [INFO] Reply from ptd: 'Ranges,0,0.500000,0,300.000000'
ptd-server 2021-03-07 08:15:26,949 [INFO] Initial range for Amps is 0.500000 for Volts is 300.000000
ptd-server 2021-03-07 08:15:26,949 [INFO] Sending to ptd: 'SR,V,Auto'
ptd-server 2021-03-07 08:15:27,452 [INFO] Reply from ptd: 'Range V changed'
ptd-server 2021-03-07 08:15:27,452 [INFO] Sending to ptd: 'SR,A,Auto'
ptd-server 2021-03-07 08:15:27,954 [INFO] Reply from ptd: 'Range A changed'
ptd-server 2021-03-07 08:15:37,965 [INFO] Starting ranging mode
ptd-server 2021-03-07 08:15:37,965 [INFO] Sending to ptd: 'Go,1000,0,2021-03-07_08-15-09_ranging'
ptd-server 2021-03-07 08:15:37,965 [INFO] Reply from ptd: 'Starting untimed measurement, maximum 500000 samples at 1000ms with 0 rampup samples'
ptd-server 2021-03-07 08:15:37,965 [INFO] Sending reply to client 'OK'
ptd-server 2021-03-07 08:26:02,916 [INFO] Got command from the client 'session,2021-03-07_08-15-09,stop,ranging'
ptd-server 2021-03-07 08:26:12,927 [INFO] Sending to ptd: 'Stop'
ptd-server 2021-03-07 08:26:12,927 [INFO] Reply from ptd: 'Stopping untimed measurement'
ptd-server 2021-03-07 08:26:13,453 [INFO] Sending reply to client 'OK'
ptd-server 2021-03-07 08:26:13,495 [INFO] Got command from the client 'time'
ptd-server 2021-03-07 08:26:13,496 [INFO] Sending reply to client '1615105573.4959729'
ptd-server 2021-03-07 08:26:13,501 [INFO] Got command from the client 'session,2021-03-07_08-15-09,start,testing'
ptd-server 2021-03-07 08:26:13,501 [INFO] Sending to ptd: 'SR,V,249.340000'
ptd-server 2021-03-07 08:26:15,003 [INFO] Reply from ptd: 'Range V changed'
ptd-server 2021-03-07 08:26:15,003 [INFO] Sending to ptd: 'SR,A,0.056670'
ptd-server 2021-03-07 08:26:16,504 [INFO] Reply from ptd: 'Range A changed'
ptd-server 2021-03-07 08:26:26,514 [INFO] Starting testing mode
ptd-server 2021-03-07 08:26:26,515 [INFO] Sending to ptd: 'Go,1000,0,2021-03-07_08-15-09_testing'
ptd-server 2021-03-07 08:26:26,515 [INFO] Reply from ptd: 'Starting untimed measurement, maximum 500000 samples at 1000ms with 0 rampup samples'
ptd-server 2021-03-07 08:26:26,515 [INFO] Sending reply to client 'OK'
ptd-server 2021-03-07 08:36:56,355 [INFO] Got command from the client 'session,2021-03-07_08-15-09,stop,testing'
ptd-server 2021-03-07 08:37:06,365 [INFO] Sending to ptd: 'Stop'
ptd-server 2021-03-07 08:37:06,365 [INFO] Reply from ptd: 'Stopping untimed measurement'
ptd-server 2021-03-07 08:37:06,648 [INFO] Sending reply to client 'OK'
ptd-server 2021-03-07 08:37:06,657 [INFO] Got command from the client 'session,2021-03-07_08-15-09,upload,client.log'
ptd-server 2021-03-07 08:37:06,660 [INFO] Received '/home/anton/projects/mlperf/power-dev/output/2021-03-07_08-15-09client.log.tmp'
ptd-server 2021-03-07 08:37:06,660 [INFO] Removed '/home/anton/projects/mlperf/power-dev/output/2021-03-07_08-15-09client.log.tmp'
ptd-server 2021-03-07 08:37:06,660 [INFO] Sending reply to client 'OK'
ptd-server 2021-03-07 08:37:06,673 [INFO] Got command from the client 'session,2021-03-07_08-15-09,upload,client.json'
ptd-server 2021-03-07 08:37:06,675 [INFO] Received '/home/anton/projects/mlperf/power-dev/output/2021-03-07_08-15-09client.json.tmp'
ptd-server 2021-03-07 08:37:06,676 [INFO] Removed '/home/anton/projects/mlperf/power-dev/output/2021-03-07_08-15-09client.json.tmp'
ptd-server 2021-03-07 08:37:06,676 [INFO] Sending reply to client 'OK'
ptd-server 2021-03-07 08:37:06,678 [INFO] Got command from the client 'session,2021-03-07_08-15-09,done'
ptd-server 2021-03-07 08:37:06,679 [INFO] Sending to ptd: 'Stop'
ptd-server 2021-03-07 08:37:06,679 [INFO] Reply from ptd: 'Error: no measurement to stop'
ptd-server 2021-03-07 08:37:06,679 [INFO] Sending to ptd: 'SR,V,300.000000'
ptd-server 2021-03-07 08:37:08,180 [INFO] Reply from ptd: 'Range V changed'
ptd-server 2021-03-07 08:37:08,181 [INFO] Sending to ptd: 'SR,A,0.500000'
ptd-server 2021-03-07 08:37:09,682 [INFO] Reply from ptd: 'Range A changed'
ptd-server 2021-03-07 08:37:09,682 [INFO] Set initial values for Amps 0.500000 and Volts 300.000000
ptd-server 2021-03-07 08:37:09,682 [INFO] Stopping ptd...
