ptd-server 2021-03-17 15:53:02,317 [INFO] Got command from the client 'time'
ptd-server 2021-03-17 15:53:02,317 [INFO] Sending reply to client '1615996382.3179321'
ptd-server 2021-03-17 15:53:02,319 [INFO] Got command from the client 'new,,9be8483b-5ae4-49bd-a2d0-cd6bfccd1928'
ptd-server 2021-03-17 15:53:02,319 [INFO] Sending reply to client 'OK 2021-03-17_15-53-02,7fefcd98-f113-4e5a-9a74-228fa9b9099b'
ptd-server 2021-03-17 15:53:02,343 [INFO] Got command from the client 'time'
ptd-server 2021-03-17 15:53:02,343 [INFO] Sending reply to client '1615996382.3433828'
ptd-server 2021-03-17 15:53:02,344 [INFO] Got command from the client 'session,2021-03-17_15-53-02,start,ranging'
ptd-server 2021-03-17 15:53:02,344 [INFO] Running PTDaemon: ['/home/anton/projects/mlperf/power/inference_v1.0/ptd-linux-x86', '-l', 'ptd.log', '-p', '9888', '52', '/dev/usbtmc1']
ptd-server 2021-03-17 15:53:19,455 [INFO] Sending to ptd: 'Hello'
ptd-server 2021-03-17 15:53:19,456 [INFO] Reply from ptd: 'Hello, PTDaemon here!'
ptd-server 2021-03-17 15:53:19,457 [INFO] Sending to ptd: 'Identify'
ptd-server 2021-03-17 15:53:19,457 [INFO] Reply from ptd: 'YokogawaWT330E,1000,1,1,1,1,0,0,1,version=1.9.2-e8c7a49a-20201208,OS=Linux 5.8.0-45-generic #51~20.04.1-Ubuntu SMP Tue Feb 23 13:46:31 UTC 2021 x86_64,mode=power,1,1,1,0,0,no_cal_date,YOKOGAWA;WT333E;C3VD30030E;F1.04'
ptd-server 2021-03-17 15:53:19,457 [INFO] Connected to PTDaemon
ptd-server 2021-03-17 15:53:19,457 [INFO] Sending to ptd: 'RR'
ptd-server 2021-03-17 15:53:19,458 [INFO] Reply from ptd: 'Ranges,1,2.000000,1,300.000000'
ptd-server 2021-03-17 15:53:19,458 [INFO] Initial range for Amps is Auto for Volts is Auto
ptd-server 2021-03-17 15:53:19,459 [INFO] Sending to ptd: 'SR,V,Auto'
ptd-server 2021-03-17 15:53:19,962 [INFO] Reply from ptd: 'Range V changed'
ptd-server 2021-03-17 15:53:19,962 [INFO] Sending to ptd: 'SR,A,Auto'
ptd-server 2021-03-17 15:53:20,464 [INFO] Reply from ptd: 'Range A changed'
ptd-server 2021-03-17 15:53:30,475 [INFO] Starting ranging mode
ptd-server 2021-03-17 15:53:30,475 [INFO] Sending to ptd: 'Go,1000,0,2021-03-17_15-53-02_ranging'
ptd-server 2021-03-17 15:53:30,476 [INFO] Reply from ptd: 'Starting untimed measurement, maximum 500000 samples at 1000ms with 0 rampup samples'
ptd-server 2021-03-17 15:53:30,476 [INFO] Sending reply to client 'OK'
ptd-server 2021-03-17 16:05:43,907 [INFO] Got command from the client 'session,2021-03-17_15-53-02,stop,ranging'
ptd-server 2021-03-17 16:05:53,909 [INFO] Sending to ptd: 'Stop'
ptd-server 2021-03-17 16:05:53,910 [INFO] Reply from ptd: 'Stopping untimed measurement'
ptd-server 2021-03-17 16:05:53,968 [INFO] Sending reply to client 'OK'
ptd-server 2021-03-17 16:05:53,999 [INFO] Got command from the client 'time'
ptd-server 2021-03-17 16:05:53,999 [INFO] Sending reply to client '1615997153.9993148'
ptd-server 2021-03-17 16:05:54,000 [INFO] Got command from the client 'session,2021-03-17_15-53-02,start,testing'
ptd-server 2021-03-17 16:05:54,000 [INFO] Sending to ptd: 'SR,V,244.630000'
ptd-server 2021-03-17 16:05:55,978 [INFO] Reply from ptd: 'Range V changed'
ptd-server 2021-03-17 16:05:55,978 [INFO] Sending to ptd: 'SR,A,2.374100'
ptd-server 2021-03-17 16:05:57,480 [INFO] Reply from ptd: 'Range A changed'
ptd-server 2021-03-17 16:06:07,491 [INFO] Starting testing mode
ptd-server 2021-03-17 16:06:07,491 [INFO] Sending to ptd: 'Go,1000,0,2021-03-17_15-53-02_testing'
ptd-server 2021-03-17 16:06:07,492 [INFO] Reply from ptd: 'Starting untimed measurement, maximum 500000 samples at 1000ms with 0 rampup samples'
ptd-server 2021-03-17 16:06:07,492 [INFO] Sending reply to client 'OK'
ptd-server 2021-03-17 16:18:20,942 [INFO] Got command from the client 'session,2021-03-17_15-53-02,stop,testing'
ptd-server 2021-03-17 16:18:30,952 [INFO] Sending to ptd: 'Stop'
ptd-server 2021-03-17 16:18:30,953 [INFO] Reply from ptd: 'Stopping untimed measurement'
ptd-server 2021-03-17 16:18:30,986 [INFO] Sending reply to client 'OK'
ptd-server 2021-03-17 16:18:30,988 [INFO] Got command from the client 'session,2021-03-17_15-53-02,upload,client.log'
ptd-server 2021-03-17 16:18:30,989 [INFO] Received '/home/anton/projects/mlperf/power-dev/output/2021-03-17_15-53-02client.log.tmp'
ptd-server 2021-03-17 16:18:30,989 [INFO] Removed '/home/anton/projects/mlperf/power-dev/output/2021-03-17_15-53-02client.log.tmp'
ptd-server 2021-03-17 16:18:30,989 [INFO] Sending reply to client 'OK'
ptd-server 2021-03-17 16:18:30,992 [INFO] Got command from the client 'session,2021-03-17_15-53-02,upload,client.json'
ptd-server 2021-03-17 16:18:30,992 [INFO] Received '/home/anton/projects/mlperf/power-dev/output/2021-03-17_15-53-02client.json.tmp'
ptd-server 2021-03-17 16:18:30,993 [INFO] Removed '/home/anton/projects/mlperf/power-dev/output/2021-03-17_15-53-02client.json.tmp'
ptd-server 2021-03-17 16:18:30,993 [INFO] Sending reply to client 'OK'
ptd-server 2021-03-17 16:18:30,993 [INFO] Got command from the client 'session,2021-03-17_15-53-02,done'
ptd-server 2021-03-17 16:18:30,994 [INFO] Sending to ptd: 'Stop'
ptd-server 2021-03-17 16:18:31,493 [INFO] Reply from ptd: 'Error: no measurement to stop'
ptd-server 2021-03-17 16:18:31,494 [INFO] Sending to ptd: 'SR,V,Auto'
ptd-server 2021-03-17 16:18:31,997 [INFO] Reply from ptd: 'Range V changed'
ptd-server 2021-03-17 16:18:31,997 [INFO] Sending to ptd: 'SR,A,Auto'
ptd-server 2021-03-17 16:18:32,499 [INFO] Reply from ptd: 'Range A changed'
ptd-server 2021-03-17 16:18:32,499 [INFO] Set initial values for Amps Auto and Volts Auto
ptd-server 2021-03-17 16:18:32,499 [INFO] Stopping ptd...
