ptd-server 2021-03-09 18:56:16,160 [INFO] Got command from the client 'time'
ptd-server 2021-03-09 18:56:16,160 [INFO] Sending reply to client '1615316176.160209'
ptd-server 2021-03-09 18:56:16,162 [INFO] Got command from the client 'new,,5a8de1f9-b508-4c4e-b6f8-38afb395c29d'
ptd-server 2021-03-09 18:56:16,162 [INFO] Sending reply to client 'OK 2021-03-09_18-56-16,69f9afe6-691c-4015-b985-e9b1b67c74f6'
ptd-server 2021-03-09 18:56:16,199 [INFO] Got command from the client 'time'
ptd-server 2021-03-09 18:56:16,199 [INFO] Sending reply to client '1615316176.1997'
ptd-server 2021-03-09 18:56:16,201 [INFO] Got command from the client 'session,2021-03-09_18-56-16,start,ranging'
ptd-server 2021-03-09 18:56:16,201 [INFO] Running PTDaemon: ['/home/anton/projects/mlperf/power/inference_v1.0/ptd-linux-x86', '-l', 'ptd.log', '-p', '8888', '52', '/dev/usbtmc0']
ptd-server 2021-03-09 18:56:33,374 [INFO] Sending to ptd: 'Hello'
ptd-server 2021-03-09 18:56:33,375 [INFO] Reply from ptd: 'Hello, PTDaemon here!'
ptd-server 2021-03-09 18:56:33,375 [INFO] Sending to ptd: 'Identify'
ptd-server 2021-03-09 18:56:33,375 [INFO] Reply from ptd: 'YokogawaWT330E,1000,1,1,1,1,0,0,1,version=1.9.2-e8c7a49a-20201208,OS=Linux 5.8.0-43-generic #49~20.04.1-Ubuntu SMP Fri Feb 5 09:57:56 UTC 2021 x86_64,mode=power,1,1,1,0,0,no_cal_date,YOKOGAWA;WT333E;C3VD30030E;F1.04'
ptd-server 2021-03-09 18:56:33,375 [INFO] Connected to PTDaemon
ptd-server 2021-03-09 18:56:33,376 [INFO] Sending to ptd: 'RR'
ptd-server 2021-03-09 18:56:33,376 [INFO] Reply from ptd: 'Ranges,0,0.500000,0,300.000000'
ptd-server 2021-03-09 18:56:33,376 [INFO] Initial range for Amps is 0.500000 for Volts is 300.000000
ptd-server 2021-03-09 18:56:33,376 [INFO] Sending to ptd: 'SR,V,Auto'
ptd-server 2021-03-09 18:56:33,879 [INFO] Reply from ptd: 'Range V changed'
ptd-server 2021-03-09 18:56:33,879 [INFO] Sending to ptd: 'SR,A,Auto'
ptd-server 2021-03-09 18:56:34,381 [INFO] Reply from ptd: 'Range A changed'
ptd-server 2021-03-09 18:56:44,391 [INFO] Starting ranging mode
ptd-server 2021-03-09 18:56:44,392 [INFO] Sending to ptd: 'Go,1000,0,2021-03-09_18-56-16_ranging'
ptd-server 2021-03-09 18:56:44,392 [INFO] Reply from ptd: 'Starting untimed measurement, maximum 500000 samples at 1000ms with 0 rampup samples'
ptd-server 2021-03-09 18:56:44,392 [INFO] Sending reply to client 'OK'
ptd-server 2021-03-09 19:06:59,888 [INFO] Got command from the client 'session,2021-03-09_18-56-16,stop,ranging'
ptd-server 2021-03-09 19:07:09,899 [INFO] Sending to ptd: 'Stop'
ptd-server 2021-03-09 19:07:09,899 [INFO] Reply from ptd: 'Stopping untimed measurement'
ptd-server 2021-03-09 19:07:10,662 [INFO] Sending reply to client 'OK'
ptd-server 2021-03-09 19:07:10,708 [INFO] Got command from the client 'time'
ptd-server 2021-03-09 19:07:10,708 [INFO] Sending reply to client '1615316830.708429'
ptd-server 2021-03-09 19:07:10,710 [INFO] Got command from the client 'session,2021-03-09_18-56-16,start,testing'
ptd-server 2021-03-09 19:07:10,710 [INFO] Sending to ptd: 'SR,V,250.770000'
ptd-server 2021-03-09 19:07:12,211 [INFO] Reply from ptd: 'Range V changed'
ptd-server 2021-03-09 19:07:12,212 [INFO] Sending to ptd: 'SR,A,0.150900'
ptd-server 2021-03-09 19:07:13,713 [INFO] Reply from ptd: 'Range A changed'
ptd-server 2021-03-09 19:07:23,723 [INFO] Starting testing mode
ptd-server 2021-03-09 19:07:23,723 [INFO] Sending to ptd: 'Go,1000,0,2021-03-09_18-56-16_testing'
ptd-server 2021-03-09 19:07:23,724 [INFO] Reply from ptd: 'Starting untimed measurement, maximum 500000 samples at 1000ms with 0 rampup samples'
ptd-server 2021-03-09 19:07:23,724 [INFO] Sending reply to client 'OK'
ptd-server 2021-03-09 19:17:39,216 [INFO] Got command from the client 'session,2021-03-09_18-56-16,stop,testing'
ptd-server 2021-03-09 19:17:49,226 [INFO] Sending to ptd: 'Stop'
ptd-server 2021-03-09 19:17:49,227 [INFO] Reply from ptd: 'Stopping untimed measurement'
ptd-server 2021-03-09 19:17:49,621 [INFO] Sending reply to client 'OK'
ptd-server 2021-03-09 19:17:49,630 [INFO] Got command from the client 'session,2021-03-09_18-56-16,upload,client.log'
ptd-server 2021-03-09 19:17:49,631 [INFO] Received '/home/anton/projects/mlperf/power-dev/output/2021-03-09_18-56-16client.log.tmp'
ptd-server 2021-03-09 19:17:49,631 [INFO] Removed '/home/anton/projects/mlperf/power-dev/output/2021-03-09_18-56-16client.log.tmp'
ptd-server 2021-03-09 19:17:49,632 [INFO] Sending reply to client 'OK'
ptd-server 2021-03-09 19:17:49,638 [INFO] Got command from the client 'session,2021-03-09_18-56-16,upload,client.json'
ptd-server 2021-03-09 19:17:49,638 [INFO] Received '/home/anton/projects/mlperf/power-dev/output/2021-03-09_18-56-16client.json.tmp'
ptd-server 2021-03-09 19:17:49,638 [INFO] Removed '/home/anton/projects/mlperf/power-dev/output/2021-03-09_18-56-16client.json.tmp'
ptd-server 2021-03-09 19:17:49,639 [INFO] Sending reply to client 'OK'
ptd-server 2021-03-09 19:17:49,640 [INFO] Got command from the client 'session,2021-03-09_18-56-16,done'
ptd-server 2021-03-09 19:17:49,640 [INFO] Sending to ptd: 'Stop'
ptd-server 2021-03-09 19:17:49,725 [INFO] Reply from ptd: 'Error: no measurement to stop'
ptd-server 2021-03-09 19:17:49,725 [INFO] Sending to ptd: 'SR,V,300.000000'
ptd-server 2021-03-09 19:17:51,226 [INFO] Reply from ptd: 'Range V changed'
ptd-server 2021-03-09 19:17:51,227 [INFO] Sending to ptd: 'SR,A,0.500000'
ptd-server 2021-03-09 19:17:52,728 [INFO] Reply from ptd: 'Range A changed'
ptd-server 2021-03-09 19:17:52,728 [INFO] Set initial values for Amps 0.500000 and Volts 300.000000
ptd-server 2021-03-09 19:17:52,728 [INFO] Stopping ptd...
