ptd-server 2021-03-17 06:03:01,184 [INFO] Got command from the client 'stop'
ptd-server 2021-03-17 06:03:01,184 [INFO] The server will be stopped after processing this client
ptd-server 2021-03-17 06:03:01,184 [INFO] Sending reply to client 'OK'
ptd-server 2021-03-17 06:03:01,403 [INFO] Got command from the client 'time'
ptd-server 2021-03-17 06:03:01,403 [INFO] Sending reply to client '1615986181.4035134'
ptd-server 2021-03-17 06:03:01,403 [INFO] Got command from the client 'new,,f8ff3a44-e699-4f1f-8a58-6a399e8c2601'
ptd-server 2021-03-17 06:03:01,403 [INFO] Sending reply to client 'OK 2021-03-17_06-03-01,eb4f9419-f09e-4ee2-91cb-1657467ab796'
ptd-server 2021-03-17 06:03:01,606 [INFO] Got command from the client 'time'
ptd-server 2021-03-17 06:03:01,606 [INFO] Sending reply to client '1615986181.6066437'
ptd-server 2021-03-17 06:03:01,606 [INFO] Got command from the client 'session,2021-03-17_06-03-01,start,ranging'
ptd-server 2021-03-17 06:03:01,715 [INFO] Running PTDaemon: ['C:\\PTD\\ptd-windows-x86.exe', '-l', 'C:\\logs_ptdeamon.txt', '-p', '8888', '-c', '1,3', '-y', '77', '10.117.41.199']
ptd-server 2021-03-17 06:03:21,120 [INFO] Sending to ptd: 'Hello'
ptd-server 2021-03-17 06:03:21,120 [INFO] Reply from ptd: 'Hello, PTDaemon here!'
ptd-server 2021-03-17 06:03:21,120 [INFO] Sending to ptd: 'Identify'
ptd-server 2021-03-17 06:03:21,120 [INFO] Reply from ptd: 'YokogawaWT330_multichannel,1000,1,1,1,1,0,0,1,version=1.9.2-3976349f-20201208,OS=Windows 8 / Server 2012,mode=power,1,1,2,0,0,no_cal_date,YOKOGAWA;WT333E;C2WL21011V;F1.04'
ptd-server 2021-03-17 06:03:21,120 [INFO] Connected to PTDaemon
ptd-server 2021-03-17 06:03:21,120 [INFO] Sending to ptd: 'RR'
ptd-server 2021-03-17 06:03:21,120 [INFO] Reply from ptd: 'Ranges,1,2.000000,1,300.000000'
ptd-server 2021-03-17 06:03:21,120 [INFO] Initial range for Amps is Auto for Volts is Auto
ptd-server 2021-03-17 06:03:21,120 [INFO] Sending to ptd: 'SR,V,Auto'
ptd-server 2021-03-17 06:03:26,196 [INFO] Reply from ptd: 'Range V changed'
ptd-server 2021-03-17 06:03:26,196 [INFO] Sending to ptd: 'SR,A,Auto'
ptd-server 2021-03-17 06:03:31,276 [INFO] Reply from ptd: 'Range A changed'
ptd-server 2021-03-17 06:03:41,289 [INFO] Starting ranging mode
ptd-server 2021-03-17 06:03:41,289 [INFO] Sending to ptd: 'Go,1000,0,2021-03-17_06-03-01_ranging'
ptd-server 2021-03-17 06:03:41,289 [INFO] Reply from ptd: 'Starting untimed measurement, maximum 500000 samples at 1000ms with 0 rampup samples'
ptd-server 2021-03-17 06:03:41,289 [INFO] Sending reply to client 'OK'
ptd-server 2021-03-17 06:15:28,009 [INFO] Got command from the client 'session,2021-03-17_06-03-01,stop,ranging'
ptd-server 2021-03-17 06:15:38,023 [INFO] Sending to ptd: 'Stop'
ptd-server 2021-03-17 06:15:38,023 [INFO] Reply from ptd: 'Stopping untimed measurement'
ptd-server 2021-03-17 06:15:38,429 [INFO] Sending reply to client 'OK'
ptd-server 2021-03-17 06:15:38,460 [INFO] Got command from the client 'session,2021-03-17_06-03-01,upload,ranging'
ptd-server 2021-03-17 06:15:38,460 [INFO] Received 'C:\\ptd-logs\\2021-03-17_06-03-01ranging.tmp'
ptd-server 2021-03-17 06:15:38,476 [INFO] Extracted 'C:\\ptd-logs\\2021-03-17_06-03-01ranging.tmp' into 'C:\\ptd-logs\\2021-03-17_06-03-01\\ranging'
ptd-server 2021-03-17 06:15:38,476 [INFO] Removed 'C:\\ptd-logs\\2021-03-17_06-03-01ranging.tmp'
ptd-server 2021-03-17 06:15:38,476 [INFO] Sending reply to client 'OK'
ptd-server 2021-03-17 06:15:38,679 [INFO] Got command from the client 'time'
ptd-server 2021-03-17 06:15:38,679 [INFO] Sending reply to client '1615986938.6797104'
ptd-server 2021-03-17 06:15:38,679 [INFO] Got command from the client 'session,2021-03-17_06-03-01,start,testing'
ptd-server 2021-03-17 06:15:38,679 [INFO] Sending to ptd: 'SR,V,206.400000'
ptd-server 2021-03-17 06:15:44,771 [INFO] Reply from ptd: 'Range V changed'
ptd-server 2021-03-17 06:15:44,771 [INFO] Sending to ptd: 'SR,A,4.233200'
ptd-server 2021-03-17 06:15:50,364 [INFO] Reply from ptd: 'Range A changed'
ptd-server 2021-03-17 06:16:00,377 [INFO] Starting testing mode
ptd-server 2021-03-17 06:16:00,377 [INFO] Sending to ptd: 'Go,1000,0,2021-03-17_06-03-01_testing'
ptd-server 2021-03-17 06:16:00,377 [INFO] Reply from ptd: 'Starting untimed measurement, maximum 500000 samples at 1000ms with 0 rampup samples'
ptd-server 2021-03-17 06:16:00,377 [INFO] Sending reply to client 'OK'
ptd-server 2021-03-17 06:27:47,806 [INFO] Got command from the client 'session,2021-03-17_06-03-01,stop,testing'
ptd-server 2021-03-17 06:27:57,819 [INFO] Sending to ptd: 'Stop'
ptd-server 2021-03-17 06:27:57,819 [INFO] Reply from ptd: 'Stopping untimed measurement'
ptd-server 2021-03-17 06:27:58,007 [INFO] Sending reply to client 'OK'
ptd-server 2021-03-17 06:27:58,038 [INFO] Got command from the client 'session,2021-03-17_06-03-01,upload,testing'
ptd-server 2021-03-17 06:27:58,038 [INFO] Received 'C:\\ptd-logs\\2021-03-17_06-03-01testing.tmp'
ptd-server 2021-03-17 06:27:58,053 [INFO] Extracted 'C:\\ptd-logs\\2021-03-17_06-03-01testing.tmp' into 'C:\\ptd-logs\\2021-03-17_06-03-01\\run_1'
ptd-server 2021-03-17 06:27:58,053 [INFO] Removed 'C:\\ptd-logs\\2021-03-17_06-03-01testing.tmp'
ptd-server 2021-03-17 06:27:58,053 [INFO] Sending reply to client 'OK'
ptd-server 2021-03-17 06:27:58,053 [INFO] Got command from the client 'session,2021-03-17_06-03-01,upload,client.log'
ptd-server 2021-03-17 06:27:58,069 [INFO] Received 'C:\\ptd-logs\\2021-03-17_06-03-01client.log.tmp'
ptd-server 2021-03-17 06:27:58,069 [INFO] Removed 'C:\\ptd-logs\\2021-03-17_06-03-01client.log.tmp'
ptd-server 2021-03-17 06:27:58,069 [INFO] Sending reply to client 'OK'
ptd-server 2021-03-17 06:27:58,100 [INFO] Got command from the client 'session,2021-03-17_06-03-01,upload,client.json'
ptd-server 2021-03-17 06:27:58,100 [INFO] Received 'C:\\ptd-logs\\2021-03-17_06-03-01client.json.tmp'
ptd-server 2021-03-17 06:27:58,100 [INFO] Removed 'C:\\ptd-logs\\2021-03-17_06-03-01client.json.tmp'
ptd-server 2021-03-17 06:27:58,100 [INFO] Sending reply to client 'OK'
ptd-server 2021-03-17 06:27:58,100 [INFO] Got command from the client 'session,2021-03-17_06-03-01,done'
ptd-server 2021-03-17 06:27:58,100 [INFO] Sending to ptd: 'Stop'
ptd-server 2021-03-17 06:27:58,382 [INFO] Reply from ptd: 'Error: no measurement to stop'
ptd-server 2021-03-17 06:27:58,382 [INFO] Sending to ptd: 'SR,V,Auto'
ptd-server 2021-03-17 06:28:03,458 [INFO] Reply from ptd: 'Range V changed'
ptd-server 2021-03-17 06:28:03,458 [INFO] Sending to ptd: 'SR,A,Auto'
ptd-server 2021-03-17 06:28:08,535 [INFO] Reply from ptd: 'Range A changed'
ptd-server 2021-03-17 06:28:08,535 [INFO] Set initial values for Amps Auto and Volts Auto
ptd-server 2021-03-17 06:28:08,535 [INFO] Stopping ptd...
