ptd-server 2021-03-06 12:22:54,013 [INFO] Got command from the client 'time'
ptd-server 2021-03-06 12:22:54,013 [INFO] Sending reply to client '1615033374.0137184'
ptd-server 2021-03-06 12:22:54,016 [INFO] Got command from the client 'new,,cd8b172a-c41a-45a4-a21d-8cc8421761a9'
ptd-server 2021-03-06 12:22:54,017 [INFO] Sending reply to client 'OK 2021-03-06_12-22-54,5b115adc-36fb-4633-b360-7d1b57ab4da9'
ptd-server 2021-03-06 12:22:54,057 [INFO] Got command from the client 'time'
ptd-server 2021-03-06 12:22:54,057 [INFO] Sending reply to client '1615033374.057529'
ptd-server 2021-03-06 12:22:54,060 [INFO] Got command from the client 'session,2021-03-06_12-22-54,start,ranging'
ptd-server 2021-03-06 12:22:54,060 [INFO] Running PTDaemon: ['/home/anton/projects/mlperf/power/inference_v1.0/ptd-linux-x86', '-l', 'ptd.log', '-p', '8888', '52', '/dev/usbtmc0']
ptd-server 2021-03-06 12:23:11,229 [INFO] Sending to ptd: 'Hello'
ptd-server 2021-03-06 12:23:11,229 [INFO] Reply from ptd: 'Hello, PTDaemon here!'
ptd-server 2021-03-06 12:23:11,229 [INFO] Sending to ptd: 'Identify'
ptd-server 2021-03-06 12:23:11,230 [INFO] Reply from ptd: 'YokogawaWT330E,1000,1,1,1,1,0,0,1,version=1.9.2-e8c7a49a-20201208,OS=Linux 5.8.0-43-generic #49~20.04.1-Ubuntu SMP Fri Feb 5 09:57:56 UTC 2021 x86_64,mode=power,1,1,1,0,0,no_cal_date,YOKOGAWA;WT333E;C3VD30030E;F1.04'
ptd-server 2021-03-06 12:23:11,230 [INFO] Connected to PTDaemon
ptd-server 2021-03-06 12:23:11,230 [INFO] Sending to ptd: 'RR'
ptd-server 2021-03-06 12:23:11,230 [INFO] Reply from ptd: 'Ranges,0,0.500000,0,300.000000'
ptd-server 2021-03-06 12:23:11,231 [INFO] Initial range for Amps is 0.500000 for Volts is 300.000000
ptd-server 2021-03-06 12:23:11,231 [INFO] Sending to ptd: 'SR,V,Auto'
ptd-server 2021-03-06 12:23:11,733 [INFO] Reply from ptd: 'Range V changed'
ptd-server 2021-03-06 12:23:11,733 [INFO] Sending to ptd: 'SR,A,Auto'
ptd-server 2021-03-06 12:23:12,236 [INFO] Reply from ptd: 'Range A changed'
ptd-server 2021-03-06 12:23:22,246 [INFO] Starting ranging mode
ptd-server 2021-03-06 12:23:22,246 [INFO] Sending to ptd: 'Go,1000,0,2021-03-06_12-22-54_ranging'
ptd-server 2021-03-06 12:23:22,247 [INFO] Reply from ptd: 'Starting untimed measurement, maximum 500000 samples at 1000ms with 0 rampup samples'
ptd-server 2021-03-06 12:23:22,247 [INFO] Sending reply to client 'OK'
ptd-server 2021-03-06 12:33:54,548 [INFO] Got command from the client 'session,2021-03-06_12-22-54,stop,ranging'
ptd-server 2021-03-06 12:34:04,558 [INFO] Sending to ptd: 'Stop'
ptd-server 2021-03-06 12:34:04,559 [INFO] Reply from ptd: 'Stopping untimed measurement'
ptd-server 2021-03-06 12:34:04,992 [INFO] Sending reply to client 'OK'
ptd-server 2021-03-06 12:34:05,029 [INFO] Got command from the client 'time'
ptd-server 2021-03-06 12:34:05,029 [INFO] Sending reply to client '1615034045.0294063'
ptd-server 2021-03-06 12:34:05,033 [INFO] Got command from the client 'session,2021-03-06_12-22-54,start,testing'
ptd-server 2021-03-06 12:34:05,033 [INFO] Sending to ptd: 'SR,V,248.240000'
ptd-server 2021-03-06 12:34:06,748 [INFO] Reply from ptd: 'Range V changed'
ptd-server 2021-03-06 12:34:06,749 [INFO] Sending to ptd: 'SR,A,0.061040'
ptd-server 2021-03-06 12:34:08,250 [INFO] Reply from ptd: 'Range A changed'
ptd-server 2021-03-06 12:34:18,260 [INFO] Starting testing mode
ptd-server 2021-03-06 12:34:18,260 [INFO] Sending to ptd: 'Go,1000,0,2021-03-06_12-22-54_testing'
ptd-server 2021-03-06 12:34:18,261 [INFO] Reply from ptd: 'Starting untimed measurement, maximum 500000 samples at 1000ms with 0 rampup samples'
ptd-server 2021-03-06 12:34:18,261 [INFO] Sending reply to client 'OK'
ptd-server 2021-03-06 12:44:55,461 [INFO] Got command from the client 'session,2021-03-06_12-22-54,stop,testing'
ptd-server 2021-03-06 12:45:05,472 [INFO] Sending to ptd: 'Stop'
ptd-server 2021-03-06 12:45:05,472 [INFO] Reply from ptd: 'Stopping untimed measurement'
ptd-server 2021-03-06 12:45:05,695 [INFO] Sending reply to client 'OK'
ptd-server 2021-03-06 12:45:05,703 [INFO] Got command from the client 'session,2021-03-06_12-22-54,upload,client.log'
ptd-server 2021-03-06 12:45:05,706 [INFO] Received '/home/anton/projects/mlperf/power-dev/output/2021-03-06_12-22-54client.log.tmp'
ptd-server 2021-03-06 12:45:05,706 [INFO] Removed '/home/anton/projects/mlperf/power-dev/output/2021-03-06_12-22-54client.log.tmp'
ptd-server 2021-03-06 12:45:05,706 [INFO] Sending reply to client 'OK'
ptd-server 2021-03-06 12:45:05,719 [INFO] Got command from the client 'session,2021-03-06_12-22-54,upload,client.json'
ptd-server 2021-03-06 12:45:05,722 [INFO] Received '/home/anton/projects/mlperf/power-dev/output/2021-03-06_12-22-54client.json.tmp'
ptd-server 2021-03-06 12:45:05,722 [INFO] Removed '/home/anton/projects/mlperf/power-dev/output/2021-03-06_12-22-54client.json.tmp'
ptd-server 2021-03-06 12:45:05,722 [INFO] Sending reply to client 'OK'
ptd-server 2021-03-06 12:45:05,726 [INFO] Got command from the client 'session,2021-03-06_12-22-54,done'
ptd-server 2021-03-06 12:45:05,726 [INFO] Sending to ptd: 'Stop'
ptd-server 2021-03-06 12:45:06,262 [INFO] Reply from ptd: 'Error: no measurement to stop'
ptd-server 2021-03-06 12:45:06,262 [INFO] Sending to ptd: 'SR,V,300.000000'
ptd-server 2021-03-06 12:45:07,763 [INFO] Reply from ptd: 'Range V changed'
ptd-server 2021-03-06 12:45:07,763 [INFO] Sending to ptd: 'SR,A,0.500000'
ptd-server 2021-03-06 12:45:09,265 [INFO] Reply from ptd: 'Range A changed'
ptd-server 2021-03-06 12:45:09,265 [INFO] Set initial values for Amps 0.500000 and Volts 300.000000
ptd-server 2021-03-06 12:45:09,265 [INFO] Stopping ptd...
