ptd-server 2021-02-28 01:12:37,240 [INFO] Got command from the client 'time'
ptd-server 2021-02-28 01:12:37,240 [INFO] Sending reply to client '1614474757.240718'
ptd-server 2021-02-28 01:12:37,241 [INFO] Got command from the client 'new,,5ef315c4-8996-4110-a7c0-7429579aa9b4'
ptd-server 2021-02-28 01:12:37,242 [INFO] Sending reply to client 'OK 2021-02-28_01-12-37,652f4d51-d76f-4776-83d8-45fb89797239'
ptd-server 2021-02-28 01:12:37,280 [INFO] Got command from the client 'time'
ptd-server 2021-02-28 01:12:37,280 [INFO] Sending reply to client '1614474757.2805564'
ptd-server 2021-02-28 01:12:37,281 [INFO] Got command from the client 'session,2021-02-28_01-12-37,start,ranging'
ptd-server 2021-02-28 01:12:37,281 [INFO] Running PTDaemon: ['/home/anton/projects/mlperf/power/inference_v1.0/ptd-linux-x86', '-l', 'ptd.log', '-p', '8888', '52', '/dev/usbtmc0']
ptd-server 2021-02-28 01:12:54,450 [INFO] Sending to ptd: 'Hello'
ptd-server 2021-02-28 01:12:54,450 [INFO] Reply from ptd: 'Hello, PTDaemon here!'
ptd-server 2021-02-28 01:12:54,450 [INFO] Sending to ptd: 'Identify'
ptd-server 2021-02-28 01:12:54,451 [INFO] Reply from ptd: 'YokogawaWT330E,1000,1,1,1,1,0,0,1,version=1.9.2-e8c7a49a-20201208,OS=Linux 5.8.0-43-generic #49~20.04.1-Ubuntu SMP Fri Feb 5 09:57:56 UTC 2021 x86_64,mode=power,1,1,1,0,0,no_cal_date,YOKOGAWA;WT333E;C3VD30030E;F1.04'
ptd-server 2021-02-28 01:12:54,451 [INFO] Connected to PTDaemon
ptd-server 2021-02-28 01:12:54,451 [INFO] Sending to ptd: 'RR'
ptd-server 2021-02-28 01:12:54,451 [INFO] Reply from ptd: 'Ranges,0,0.500000,0,300.000000'
ptd-server 2021-02-28 01:12:54,452 [INFO] Initial range for Amps is 0.500000 for Volts is 300.000000
ptd-server 2021-02-28 01:12:54,452 [INFO] Sending to ptd: 'SR,V,Auto'
ptd-server 2021-02-28 01:12:54,954 [INFO] Reply from ptd: 'Range V changed'
ptd-server 2021-02-28 01:12:54,954 [INFO] Sending to ptd: 'SR,A,Auto'
ptd-server 2021-02-28 01:12:55,457 [INFO] Reply from ptd: 'Range A changed'
ptd-server 2021-02-28 01:13:05,467 [INFO] Starting ranging mode
ptd-server 2021-02-28 01:13:05,467 [INFO] Sending to ptd: 'Go,1000,0,2021-02-28_01-12-37_ranging'
ptd-server 2021-02-28 01:13:05,468 [INFO] Reply from ptd: 'Starting untimed measurement, maximum 500000 samples at 1000ms with 0 rampup samples'
ptd-server 2021-02-28 01:13:05,468 [INFO] Sending reply to client 'OK'
ptd-server 2021-02-28 01:23:24,365 [INFO] Got command from the client 'session,2021-02-28_01-12-37,stop,ranging'
ptd-server 2021-02-28 01:23:34,376 [INFO] Sending to ptd: 'Stop'
ptd-server 2021-02-28 01:23:34,376 [INFO] Reply from ptd: 'Stopping untimed measurement'
ptd-server 2021-02-28 01:23:34,526 [INFO] Sending reply to client 'OK'
ptd-server 2021-02-28 01:23:34,559 [INFO] Got command from the client 'time'
ptd-server 2021-02-28 01:23:34,559 [INFO] Sending reply to client '1614475414.5595162'
ptd-server 2021-02-28 01:23:34,560 [INFO] Got command from the client 'session,2021-02-28_01-12-37,start,testing'
ptd-server 2021-02-28 01:23:34,560 [INFO] Sending to ptd: 'SR,V,250.130000'
ptd-server 2021-02-28 01:23:36,062 [INFO] Reply from ptd: 'Range V changed'
ptd-server 2021-02-28 01:23:36,062 [INFO] Sending to ptd: 'SR,A,0.177000'
ptd-server 2021-02-28 01:23:37,563 [INFO] Reply from ptd: 'Range A changed'
ptd-server 2021-02-28 01:23:47,574 [INFO] Starting testing mode
ptd-server 2021-02-28 01:23:47,574 [INFO] Sending to ptd: 'Go,1000,0,2021-02-28_01-12-37_testing'
ptd-server 2021-02-28 01:23:47,574 [INFO] Reply from ptd: 'Starting untimed measurement, maximum 500000 samples at 1000ms with 0 rampup samples'
ptd-server 2021-02-28 01:23:47,574 [INFO] Sending reply to client 'OK'
ptd-server 2021-02-28 01:34:06,307 [INFO] Got command from the client 'session,2021-02-28_01-12-37,stop,testing'
ptd-server 2021-02-28 01:34:16,317 [INFO] Sending to ptd: 'Stop'
ptd-server 2021-02-28 01:34:16,318 [INFO] Reply from ptd: 'Stopping untimed measurement'
ptd-server 2021-02-28 01:34:16,401 [INFO] Sending reply to client 'OK'
ptd-server 2021-02-28 01:34:16,404 [INFO] Got command from the client 'session,2021-02-28_01-12-37,upload,client.log'
ptd-server 2021-02-28 01:34:16,405 [INFO] Received '/home/anton/projects/mlperf/power-dev/output/2021-02-28_01-12-37client.log.tmp'
ptd-server 2021-02-28 01:34:16,405 [INFO] Removed '/home/anton/projects/mlperf/power-dev/output/2021-02-28_01-12-37client.log.tmp'
ptd-server 2021-02-28 01:34:16,405 [INFO] Sending reply to client 'OK'
ptd-server 2021-02-28 01:34:16,409 [INFO] Got command from the client 'session,2021-02-28_01-12-37,upload,client.json'
ptd-server 2021-02-28 01:34:16,410 [INFO] Received '/home/anton/projects/mlperf/power-dev/output/2021-02-28_01-12-37client.json.tmp'
ptd-server 2021-02-28 01:34:16,410 [INFO] Removed '/home/anton/projects/mlperf/power-dev/output/2021-02-28_01-12-37client.json.tmp'
ptd-server 2021-02-28 01:34:16,410 [INFO] Sending reply to client 'OK'
ptd-server 2021-02-28 01:34:16,411 [INFO] Got command from the client 'session,2021-02-28_01-12-37,done'
ptd-server 2021-02-28 01:34:16,411 [INFO] Sending to ptd: 'Stop'
ptd-server 2021-02-28 01:34:16,575 [INFO] Reply from ptd: 'Error: no measurement to stop'
ptd-server 2021-02-28 01:34:16,575 [INFO] Sending to ptd: 'SR,V,300.000000'
ptd-server 2021-02-28 01:34:18,076 [INFO] Reply from ptd: 'Range V changed'
ptd-server 2021-02-28 01:34:18,076 [INFO] Sending to ptd: 'SR,A,0.500000'
ptd-server 2021-02-28 01:34:19,578 [INFO] Reply from ptd: 'Range A changed'
ptd-server 2021-02-28 01:34:19,578 [INFO] Set initial values for Amps 0.500000 and Volts 300.000000
ptd-server 2021-02-28 01:34:19,578 [INFO] Stopping ptd...
