client 2021-03-19 10:14:34,811 [INFO] Sending command to the server: 'mlcommons/power client v3'
client 2021-03-19 10:14:34,812 [INFO] Got response: 'mlcommons/power server v3'
client 2021-03-19 10:14:34,812 [INFO] Synchronizing with the server and with 100.64.0.18...
client 2021-03-19 10:14:34,814 [INFO] NTP:offset = -0.000 s, delay = 0.001 s 
client 2021-03-19 10:14:34,814 [INFO] Sending command to the server: 'time'
client 2021-03-19 10:14:34,815 [INFO] Got response: '1616166874.617515'
client 2021-03-19 10:14:34,815 [INFO] The time difference between the client and the server is within range 197.212 ms..198.449 ms
client 2021-03-19 10:14:34,816 [INFO] Sending command to the server: 'new,dlrm-99_Server_default,d00c0090-5c70-441c-89b5-6bc98b69aac1'
client 2021-03-19 10:14:34,817 [INFO] Got response: 'OK 2021-03-19_10-14-34_dlrm-99_Server_default,6a002ec9-cce8-488d-8a4e-5f60b27fe911'
client 2021-03-19 10:14:34,817 [INFO] Session id is '2021-03-19_10-14-34_dlrm-99_Server_default'
client 2021-03-19 10:14:34,817 [INFO] Sources: {"sources": {"client.py": "d1e75cb4b26101220ebd242e584cf3ca5d8f1996", "lib/__init__.py": "da39a3ee5e6b4b0d3255bfef95601890afd80709", "lib/client.py": "d42bebf5b74cb6ff3997e2a6c68422afac111a28", "lib/common.py": "b0bad80d8fa328a7636027d4d66ff453f8dd7889", "lib/external/ntplib.py": "4da8f970656505a40483206ef2b5d3dd5e81711d", "lib/server.py": "2ed36471c7af565d6c8438b2134edad1d7ddf166", "lib/source_hashes.py": "4cedff274c661cb1504052018fd4f00dfbf624ef", "lib/summary.py": "0db15d783907aa92038281af4e465545c0648ddb", "lib/time_sync.py": "76051226ec89287839723352f4162aaa24e0546a", "server.py": "99e1310e3f76292aef1b8792ce6b8c82f1d44d8b", "tests/unit/test_server.py": "64f11775bfed35232a0e8bb9593c0ff992432c59", "tests/unit/test_source_hashes.py": "cb41a7261eaf7d94ba5c0aae9c523174f6204be3"}, "modules": {"__main__": "client.py", "lib.client": "lib/client.py", "lib.common": "lib/common.py", "lib.external.ntplib": "lib/external/ntplib.py", "lib.source_hashes": "lib/source_hashes.py", "lib.summary": "lib/summary.py", "lib.time_sync": "lib/time_sync.py"}}
client 2021-03-19 10:14:34,817 [INFO] Running workload in ranging mode
client 2021-03-19 10:14:34,817 [INFO] Synchronizing with the server and with 100.64.0.18...
client 2021-03-19 10:14:34,818 [INFO] NTP:offset = 0.000 s, delay = 0.001 s 
client 2021-03-19 10:14:34,818 [INFO] Sending command to the server: 'time'
client 2021-03-19 10:14:34,819 [INFO] Got response: '1616166874.617515'
client 2021-03-19 10:14:34,819 [INFO] The time difference between the client and the server is within range 201.171 ms..202.393 ms
client 2021-03-19 10:14:34,820 [WARNING] The time difference between the client and the server is more than 200 ms
client 2021-03-19 10:14:34,820 [INFO] Sending command to the server: 'set_ntp'
client 2021-03-19 10:14:35,826 [INFO] Got response: 'OK'
client 2021-03-19 10:14:35,826 [INFO] Synchronizing with 100.64.0.18 time using NTP...
client 2021-03-19 10:14:42,933 [INFO] Set system time at 2021-03-19 10:14:42.933227
client 2021-03-19 10:14:42,935 [INFO] NTP:offset = 0.000 s, delay = 0.001 s 
client 2021-03-19 10:14:42,935 [INFO] Sending command to the server: 'time'
client 2021-03-19 10:14:42,938 [INFO] Got response: '1616166882.9336812'
client 2021-03-19 10:14:42,938 [INFO] The time difference between the client and the server is within range 1.993 ms..5.148 ms
client 2021-03-19 10:14:42,939 [INFO] Sending command to the server: 'session,2021-03-19_10-14-34_dlrm-99_Server_default,start,ranging'
client 2021-03-19 10:15:06,789 [INFO] Got response: 'OK'
client 2021-03-19 10:15:06,789 [INFO] Running the workload "make run_harness RUN_ARGS='--benchmarks=dlrm --scenarios=Server --config_ver=default --log_dir build/logs/ --test_mode=PerformanceOnly'"
client 2021-03-19 10:27:47,534 [INFO] Sending command to the server: 'session,2021-03-19_10-14-34_dlrm-99_Server_default,stop,ranging'
client 2021-03-19 10:27:57,826 [INFO] Got response: 'OK'
client 2021-03-19 10:27:57,827 [INFO] Running workload in testing mode
client 2021-03-19 10:27:57,827 [INFO] Synchronizing with the server and with 100.64.0.18...
client 2021-03-19 10:27:57,829 [INFO] NTP:offset = 0.000 s, delay = 0.001 s 
client 2021-03-19 10:27:57,829 [INFO] Sending command to the server: 'time'
client 2021-03-19 10:27:57,831 [INFO] Got response: '1616167677.8183162'
client 2021-03-19 10:27:57,831 [INFO] The time difference between the client and the server is within range 11.393 ms..13.174 ms
client 2021-03-19 10:27:57,831 [INFO] Sending command to the server: 'session,2021-03-19_10-14-34_dlrm-99_Server_default,start,testing'
client 2021-03-19 10:28:10,873 [INFO] Got response: 'OK'
client 2021-03-19 10:28:10,873 [INFO] Running the workload "make run_harness RUN_ARGS='--benchmarks=dlrm --scenarios=Server --config_ver=default --log_dir build/logs/ --test_mode=PerformanceOnly'"
client 2021-03-19 10:40:52,733 [INFO] Sending command to the server: 'session,2021-03-19_10-14-34_dlrm-99_Server_default,stop,testing'
client 2021-03-19 10:41:02,901 [INFO] Got response: 'OK'
client 2021-03-19 10:41:02,901 [INFO] Done runs
