ptd-server 2021-03-19 10:14:34,617 [INFO] Got command from the client 'time'
ptd-server 2021-03-19 10:14:34,617 [INFO] Sending reply to client '1616166874.617515'
ptd-server 2021-03-19 10:14:34,617 [INFO] Got command from the client 'new,dlrm-99_Server_default,d00c0090-5c70-441c-89b5-6bc98b69aac1'
ptd-server 2021-03-19 10:14:34,617 [INFO] Sending reply to client 'OK 2021-03-19_10-14-34_dlrm-99_Server_default,6a002ec9-cce8-488d-8a4e-5f60b27fe911'
ptd-server 2021-03-19 10:14:34,617 [INFO] Got command from the client 'time'
ptd-server 2021-03-19 10:14:34,617 [INFO] Sending reply to client '1616166874.617515'
ptd-server 2021-03-19 10:14:34,617 [INFO] Got command from the client 'set_ntp'
ptd-server 2021-03-19 10:14:34,617 [INFO] Synchronizing with 100.64.0.18 time using NTP...
ptd-server 2021-03-19 10:14:35,823 [INFO] Set system time at 2021-03-19 10:14:35.823416
ptd-server 2021-03-19 10:14:35,823 [INFO] Sending reply to client 'OK'
ptd-server 2021-03-19 10:14:42,933 [INFO] Got command from the client 'time'
ptd-server 2021-03-19 10:14:42,933 [INFO] Sending reply to client '1616166882.9336812'
ptd-server 2021-03-19 10:14:42,933 [INFO] Got command from the client 'session,2021-03-19_10-14-34_dlrm-99_Server_default,start,ranging'
ptd-server 2021-03-19 10:14:43,033 [INFO] Running PTDaemon: ['.\\ptd-windows-x86.exe', '-l', '.\\logs_ptdeamon.txt', '-p', '8888', '-g', '8', '1']
ptd-server 2021-03-19 10:14:55,744 [INFO] Sending to ptd: 'Hello'
ptd-server 2021-03-19 10:14:55,744 [INFO] Reply from ptd: 'Hello, PTDaemon here!'
ptd-server 2021-03-19 10:14:55,744 [INFO] Sending to ptd: 'Identify'
ptd-server 2021-03-19 10:14:55,744 [INFO] Reply from ptd: 'YokogawaWT210,1000,1,1,1,1,0,0,1,version=1.9.2-3976349f-20201208,OS=Windows 8 / Server 2012,mode=power,1,1,1,0,0,no_cal_date,YOKOGAWA;760401;0;F1.12'
ptd-server 2021-03-19 10:14:55,744 [INFO] Connected to PTDaemon
ptd-server 2021-03-19 10:14:55,744 [INFO] Sending to ptd: 'RR'
ptd-server 2021-03-19 10:14:55,744 [INFO] Reply from ptd: 'Ranges,1,10.000000,1,150.000000'
ptd-server 2021-03-19 10:14:55,744 [INFO] Initial range for Amps is Auto for Volts is Auto
ptd-server 2021-03-19 10:14:55,744 [INFO] Sending to ptd: 'SR,V,Auto'
ptd-server 2021-03-19 10:14:56,264 [INFO] Reply from ptd: 'Range V changed'
ptd-server 2021-03-19 10:14:56,264 [INFO] Sending to ptd: 'SR,A,Auto'
ptd-server 2021-03-19 10:14:56,784 [INFO] Reply from ptd: 'Range A changed'
ptd-server 2021-03-19 10:15:06,784 [INFO] Starting ranging mode
ptd-server 2021-03-19 10:15:06,784 [INFO] Sending to ptd: 'Go,1000,0,2021-03-19_10-14-34_dlrm-99_Server_default_ranging'
ptd-server 2021-03-19 10:15:06,784 [INFO] Reply from ptd: 'Starting untimed measurement, maximum 500000 samples at 1000ms with 0 rampup samples'
ptd-server 2021-03-19 10:15:06,784 [INFO] Sending reply to client 'OK'
ptd-server 2021-03-19 10:27:47,517 [INFO] Got command from the client 'session,2021-03-19_10-14-34_dlrm-99_Server_default,stop,ranging'
ptd-server 2021-03-19 10:27:57,518 [INFO] Sending to ptd: 'Stop'
ptd-server 2021-03-19 10:27:57,518 [INFO] Reply from ptd: 'Stopping untimed measurement'
ptd-server 2021-03-19 10:27:57,808 [INFO] Sending reply to client 'OK'
ptd-server 2021-03-19 10:27:57,818 [INFO] Got command from the client 'time'
ptd-server 2021-03-19 10:27:57,818 [INFO] Sending reply to client '1616167677.8183162'
ptd-server 2021-03-19 10:27:57,818 [INFO] Got command from the client 'session,2021-03-19_10-14-34_dlrm-99_Server_default,start,testing'
ptd-server 2021-03-19 10:27:57,818 [INFO] Sending to ptd: 'SR,V,121.790000'
ptd-server 2021-03-19 10:27:59,338 [INFO] Reply from ptd: 'Range V changed'
ptd-server 2021-03-19 10:27:59,338 [INFO] Sending to ptd: 'SR,A,6.962000'
ptd-server 2021-03-19 10:28:00,858 [INFO] Reply from ptd: 'Range A changed'
ptd-server 2021-03-19 10:28:10,858 [INFO] Starting testing mode
ptd-server 2021-03-19 10:28:10,858 [INFO] Sending to ptd: 'Go,1000,0,2021-03-19_10-14-34_dlrm-99_Server_default_testing'
ptd-server 2021-03-19 10:28:10,858 [INFO] Reply from ptd: 'Starting untimed measurement, maximum 500000 samples at 1000ms with 0 rampup samples'
ptd-server 2021-03-19 10:28:10,858 [INFO] Sending reply to client 'OK'
ptd-server 2021-03-19 10:40:52,711 [INFO] Got command from the client 'session,2021-03-19_10-14-34_dlrm-99_Server_default,stop,testing'
ptd-server 2021-03-19 10:41:02,721 [INFO] Sending to ptd: 'Stop'
ptd-server 2021-03-19 10:41:02,721 [INFO] Reply from ptd: 'Stopping untimed measurement'
ptd-server 2021-03-19 10:41:02,871 [INFO] Sending reply to client 'OK'
ptd-server 2021-03-19 10:41:02,881 [INFO] Got command from the client 'session,2021-03-19_10-14-34_dlrm-99_Server_default,upload,client.log'
ptd-server 2021-03-19 10:41:02,881 [INFO] Received '.\\outdir\\2021-03-19_10-14-34_dlrm-99_Server_defaultclient.log.tmp'
ptd-server 2021-03-19 10:41:02,891 [INFO] Removed '.\\outdir\\2021-03-19_10-14-34_dlrm-99_Server_defaultclient.log.tmp'
ptd-server 2021-03-19 10:41:02,891 [INFO] Sending reply to client 'OK'
ptd-server 2021-03-19 10:41:02,901 [INFO] Got command from the client 'session,2021-03-19_10-14-34_dlrm-99_Server_default,upload,client.json'
ptd-server 2021-03-19 10:41:02,901 [INFO] Received '.\\outdir\\2021-03-19_10-14-34_dlrm-99_Server_defaultclient.json.tmp'
ptd-server 2021-03-19 10:41:02,911 [INFO] Removed '.\\outdir\\2021-03-19_10-14-34_dlrm-99_Server_defaultclient.json.tmp'
ptd-server 2021-03-19 10:41:02,911 [INFO] Sending reply to client 'OK'
ptd-server 2021-03-19 10:41:02,911 [INFO] Got command from the client 'session,2021-03-19_10-14-34_dlrm-99_Server_default,done'
ptd-server 2021-03-19 10:41:02,911 [INFO] Sending to ptd: 'Stop'
ptd-server 2021-03-19 10:41:02,911 [INFO] Reply from ptd: 'Error: no measurement to stop'
ptd-server 2021-03-19 10:41:02,911 [INFO] Sending to ptd: 'SR,V,Auto'
ptd-server 2021-03-19 10:41:03,431 [INFO] Reply from ptd: 'Range V changed'
ptd-server 2021-03-19 10:41:03,431 [INFO] Sending to ptd: 'SR,A,Auto'
ptd-server 2021-03-19 10:41:03,952 [INFO] Reply from ptd: 'Range A changed'
ptd-server 2021-03-19 10:41:03,952 [INFO] Set initial values for Amps Auto and Volts Auto
ptd-server 2021-03-19 10:41:03,952 [INFO] Stopping ptd...
