client 2021-03-09 17:29:23,173 [INFO] Sending command to the server: 'mlcommons/power client v3'
client 2021-03-09 17:29:23,174 [INFO] Got response: 'mlcommons/power server v3'
client 2021-03-09 17:29:23,174 [INFO] Synchronizing with the server and with time.google.com...
client 2021-03-09 17:29:23,245 [INFO] NTP:offset = 0.000 s, delay = 0.039 s 
client 2021-03-09 17:29:23,245 [INFO] Sending command to the server: 'time'
client 2021-03-09 17:29:23,247 [INFO] Got response: '1615310963.2476077'
client 2021-03-09 17:29:23,247 [INFO] The time difference between the client and the server is within range -1.835 ms..-0.391 ms
client 2021-03-09 17:29:23,247 [INFO] Sending command to the server: 'new,,500b3367-3562-4be8-8205-91ff4fe90750'
client 2021-03-09 17:29:23,248 [INFO] Got response: 'OK 2021-03-09_17-29-23,967e69a6-5b84-47cb-9f42-aeb7954d16a3'
client 2021-03-09 17:29:23,249 [INFO] Session id is '2021-03-09_17-29-23'
client 2021-03-09 17:29:23,249 [INFO] Sources: {"sources": {"client.py": "d1e75cb4b26101220ebd242e584cf3ca5d8f1996", "lib/__init__.py": "da39a3ee5e6b4b0d3255bfef95601890afd80709", "lib/client.py": "d42bebf5b74cb6ff3997e2a6c68422afac111a28", "lib/common.py": "b0bad80d8fa328a7636027d4d66ff453f8dd7889", "lib/external/ntplib.py": "4da8f970656505a40483206ef2b5d3dd5e81711d", "lib/server.py": "2ed36471c7af565d6c8438b2134edad1d7ddf166", "lib/source_hashes.py": "4cedff274c661cb1504052018fd4f00dfbf624ef", "lib/summary.py": "0db15d783907aa92038281af4e465545c0648ddb", "lib/time_sync.py": "76051226ec89287839723352f4162aaa24e0546a", "server.py": "99e1310e3f76292aef1b8792ce6b8c82f1d44d8b", "tests/unit/test_server.py": "64f11775bfed35232a0e8bb9593c0ff992432c59", "tests/unit/test_source_hashes.py": "cb41a7261eaf7d94ba5c0aae9c523174f6204be3"}, "modules": {"__main__": "client.py", "lib.client": "lib/client.py", "lib.common": "lib/common.py", "lib.external.ntplib": "lib/external/ntplib.py", "lib.source_hashes": "lib/source_hashes.py", "lib.summary": "lib/summary.py", "lib.time_sync": "lib/time_sync.py"}}
client 2021-03-09 17:29:23,249 [INFO] Running workload in ranging mode
client 2021-03-09 17:29:23,250 [INFO] Synchronizing with the server and with time.google.com...
client 2021-03-09 17:29:23,285 [INFO] NTP:offset = -0.003 s, delay = 0.033 s 
client 2021-03-09 17:29:23,286 [INFO] Sending command to the server: 'time'
client 2021-03-09 17:29:23,287 [INFO] Got response: '1615310963.288442'
client 2021-03-09 17:29:23,288 [INFO] The time difference between the client and the server is within range -2.146 ms..-0.250 ms
client 2021-03-09 17:29:23,288 [INFO] Sending command to the server: 'session,2021-03-09_17-29-23,start,ranging'
client 2021-03-09 17:29:51,480 [INFO] Got response: 'OK'
client 2021-03-09 17:29:51,481 [INFO] Running the workload 'ck benchmark program:image-classification-armnn-tflite-loadgen --env.CK_SILENT_MODE=YES --skip_print_timers --dep_add_tags.compiler=gcc,v7 --dep_add_tags.python=v3 --dep_add_tags.mlperf-inference-src=r1.0 --dep_add_tags.weights=mobilenet,v1-0.25-128,non-quantized --dep_add_tags.images=crop.875,preprocessed,using-opencv --dep_add_tags.library=armnn,rel.21.02,neon --env.CK_LOADGEN_DATASET_SIZE=1024 --env.USE_NEON=1 --env.CK_LOADGEN_MODE=PerformanceOnly --env.CK_LOADGEN_SCENARIO=SingleStream --env.CK_LOADGEN_TARGET_LATENCY=$CK_LOADGEN_TARGET_LATENCY --skip_stat_analysis --process_multi_keys --repetitions=1 --record --record_repo=local --record_uoa=mlperf-open-xavier-armnn-v21.02-neon-mobilenet-v1-0.25-128-non-quantized-singlestream-performance-target_latency.$CK_LOADGEN_TARGET_LATENCY-power.workload --tags=mlperf,division.open,task.image-classification,platform.xavier,scenario.singlestream,mode.performance,workload.mobilenet-v1-0.25-128-non-quantized,preprocessed_using.opencv,inference_engine.armnn,inference_engine_version.v21.02,inference_engine_backend.neon,target_latency.$CK_LOADGEN_TARGET_LATENCY,power.workload "@@@{\'meta\': {\'ck_benchmark_program\': \'ck benchmark program:image-classification-armnn-tflite-loadgen --env.CK_SILENT_MODE=YES --skip_print_timers --dep_add_tags.compiler=gcc,v7 --dep_add_tags.python=v3 --dep_add_tags.mlperf-inference-src=r1.0 --dep_add_tags.weights=mobilenet,v1-0.25-128,non-quantized --dep_add_tags.images=crop.875,preprocessed,using-opencv --dep_add_tags.library=armnn,rel.21.02,neon --env.CK_LOADGEN_DATASET_SIZE=1024 --env.USE_NEON=1 --env.CK_LOADGEN_MODE=PerformanceOnly --env.CK_LOADGEN_SCENARIO=SingleStream --env.CK_LOADGEN_TARGET_LATENCY=$CK_LOADGEN_TARGET_LATENCY --skip_stat_analysis --process_multi_keys --repetitions=1 --record --record_repo=local --record_uoa=mlperf-open-xavier-armnn-v21.02-neon-mobilenet-v1-0.25-128-non-quantized-singlestream-performance-target_latency.$CK_LOADGEN_TARGET_LATENCY-power.workload --tags=mlperf,division.open,task.image-classification,platform.xavier,scenario.singlestream,mode.performance,workload.mobilenet-v1-0.25-128-non-quantized,preprocessed_using.opencv,inference_engine.armnn,inference_engine_version.v21.02,inference_engine_backend.neon,target_latency.$CK_LOADGEN_TARGET_LATENCY,power.workload\'}}"  && mkdir -p "$CK_MLPERF_POWER_CLIENT_LOADGEN_LOGS" && cp "$CK_MLPERF_POWER_CLIENT_LOADGEN_LOGS"/../mlperf_log_* "$CK_MLPERF_POWER_CLIENT_LOADGEN_LOGS"/'
client 2021-03-09 17:40:07,192 [INFO] Sending command to the server: 'session,2021-03-09_17-29-23,stop,ranging'
client 2021-03-09 17:40:17,966 [INFO] Got response: 'OK'
client 2021-03-09 17:40:17,971 [INFO] Running workload in testing mode
client 2021-03-09 17:40:17,973 [INFO] Synchronizing with the server and with time.google.com...
client 2021-03-09 17:40:18,094 [INFO] NTP:offset = 0.038 s, delay = 0.113 s 
client 2021-03-09 17:40:18,094 [INFO] Sending command to the server: 'time'
client 2021-03-09 17:40:18,096 [INFO] Got response: '1615311618.0947335'
client 2021-03-09 17:40:18,097 [INFO] The time difference between the client and the server is within range 0.038 ms..2.436 ms
client 2021-03-09 17:40:18,097 [INFO] Sending command to the server: 'session,2021-03-09_17-29-23,start,testing'
client 2021-03-09 17:40:31,113 [INFO] Got response: 'OK'
client 2021-03-09 17:40:31,115 [INFO] Running the workload 'ck benchmark program:image-classification-armnn-tflite-loadgen --env.CK_SILENT_MODE=YES --skip_print_timers --dep_add_tags.compiler=gcc,v7 --dep_add_tags.python=v3 --dep_add_tags.mlperf-inference-src=r1.0 --dep_add_tags.weights=mobilenet,v1-0.25-128,non-quantized --dep_add_tags.images=crop.875,preprocessed,using-opencv --dep_add_tags.library=armnn,rel.21.02,neon --env.CK_LOADGEN_DATASET_SIZE=1024 --env.USE_NEON=1 --env.CK_LOADGEN_MODE=PerformanceOnly --env.CK_LOADGEN_SCENARIO=SingleStream --env.CK_LOADGEN_TARGET_LATENCY=$CK_LOADGEN_TARGET_LATENCY --skip_stat_analysis --process_multi_keys --repetitions=1 --record --record_repo=local --record_uoa=mlperf-open-xavier-armnn-v21.02-neon-mobilenet-v1-0.25-128-non-quantized-singlestream-performance-target_latency.$CK_LOADGEN_TARGET_LATENCY-power.workload --tags=mlperf,division.open,task.image-classification,platform.xavier,scenario.singlestream,mode.performance,workload.mobilenet-v1-0.25-128-non-quantized,preprocessed_using.opencv,inference_engine.armnn,inference_engine_version.v21.02,inference_engine_backend.neon,target_latency.$CK_LOADGEN_TARGET_LATENCY,power.workload "@@@{\'meta\': {\'ck_benchmark_program\': \'ck benchmark program:image-classification-armnn-tflite-loadgen --env.CK_SILENT_MODE=YES --skip_print_timers --dep_add_tags.compiler=gcc,v7 --dep_add_tags.python=v3 --dep_add_tags.mlperf-inference-src=r1.0 --dep_add_tags.weights=mobilenet,v1-0.25-128,non-quantized --dep_add_tags.images=crop.875,preprocessed,using-opencv --dep_add_tags.library=armnn,rel.21.02,neon --env.CK_LOADGEN_DATASET_SIZE=1024 --env.USE_NEON=1 --env.CK_LOADGEN_MODE=PerformanceOnly --env.CK_LOADGEN_SCENARIO=SingleStream --env.CK_LOADGEN_TARGET_LATENCY=$CK_LOADGEN_TARGET_LATENCY --skip_stat_analysis --process_multi_keys --repetitions=1 --record --record_repo=local --record_uoa=mlperf-open-xavier-armnn-v21.02-neon-mobilenet-v1-0.25-128-non-quantized-singlestream-performance-target_latency.$CK_LOADGEN_TARGET_LATENCY-power.workload --tags=mlperf,division.open,task.image-classification,platform.xavier,scenario.singlestream,mode.performance,workload.mobilenet-v1-0.25-128-non-quantized,preprocessed_using.opencv,inference_engine.armnn,inference_engine_version.v21.02,inference_engine_backend.neon,target_latency.$CK_LOADGEN_TARGET_LATENCY,power.workload\'}}"  && mkdir -p "$CK_MLPERF_POWER_CLIENT_LOADGEN_LOGS" && cp "$CK_MLPERF_POWER_CLIENT_LOADGEN_LOGS"/../mlperf_log_* "$CK_MLPERF_POWER_CLIENT_LOADGEN_LOGS"/'
client 2021-03-09 17:50:46,751 [INFO] Sending command to the server: 'session,2021-03-09_17-29-23,stop,testing'
client 2021-03-09 17:50:57,171 [INFO] Got response: 'OK'
client 2021-03-09 17:50:57,174 [INFO] Done runs
