ptd-server 2021-03-09 17:29:23,247 [INFO] Got command from the client 'time'
ptd-server 2021-03-09 17:29:23,247 [INFO] Sending reply to client '1615310963.2476077'
ptd-server 2021-03-09 17:29:23,249 [INFO] Got command from the client 'new,,500b3367-3562-4be8-8205-91ff4fe90750'
ptd-server 2021-03-09 17:29:23,249 [INFO] Sending reply to client 'OK 2021-03-09_17-29-23,967e69a6-5b84-47cb-9f42-aeb7954d16a3'
ptd-server 2021-03-09 17:29:23,288 [INFO] Got command from the client 'time'
ptd-server 2021-03-09 17:29:23,288 [INFO] Sending reply to client '1615310963.288442'
ptd-server 2021-03-09 17:29:23,290 [INFO] Got command from the client 'session,2021-03-09_17-29-23,start,ranging'
ptd-server 2021-03-09 17:29:23,290 [INFO] Running PTDaemon: ['/home/anton/projects/mlperf/power/inference_v1.0/ptd-linux-x86', '-l', 'ptd.log', '-p', '8888', '52', '/dev/usbtmc0']
ptd-server 2021-03-09 17:29:40,462 [INFO] Sending to ptd: 'Hello'
ptd-server 2021-03-09 17:29:40,462 [INFO] Reply from ptd: 'Hello, PTDaemon here!'
ptd-server 2021-03-09 17:29:40,463 [INFO] Sending to ptd: 'Identify'
ptd-server 2021-03-09 17:29:40,463 [INFO] Reply from ptd: 'YokogawaWT330E,1000,1,1,1,1,0,0,1,version=1.9.2-e8c7a49a-20201208,OS=Linux 5.8.0-43-generic #49~20.04.1-Ubuntu SMP Fri Feb 5 09:57:56 UTC 2021 x86_64,mode=power,1,1,1,0,0,no_cal_date,YOKOGAWA;WT333E;C3VD30030E;F1.04'
ptd-server 2021-03-09 17:29:40,463 [INFO] Connected to PTDaemon
ptd-server 2021-03-09 17:29:40,463 [INFO] Sending to ptd: 'RR'
ptd-server 2021-03-09 17:29:40,464 [INFO] Reply from ptd: 'Ranges,0,0.500000,0,300.000000'
ptd-server 2021-03-09 17:29:40,464 [INFO] Initial range for Amps is 0.500000 for Volts is 300.000000
ptd-server 2021-03-09 17:29:40,464 [INFO] Sending to ptd: 'SR,V,Auto'
ptd-server 2021-03-09 17:29:40,966 [INFO] Reply from ptd: 'Range V changed'
ptd-server 2021-03-09 17:29:40,966 [INFO] Sending to ptd: 'SR,A,Auto'
ptd-server 2021-03-09 17:29:41,469 [INFO] Reply from ptd: 'Range A changed'
ptd-server 2021-03-09 17:29:51,479 [INFO] Starting ranging mode
ptd-server 2021-03-09 17:29:51,479 [INFO] Sending to ptd: 'Go,1000,0,2021-03-09_17-29-23_ranging'
ptd-server 2021-03-09 17:29:51,480 [INFO] Reply from ptd: 'Starting untimed measurement, maximum 500000 samples at 1000ms with 0 rampup samples'
ptd-server 2021-03-09 17:29:51,480 [INFO] Sending reply to client 'OK'
ptd-server 2021-03-09 17:40:07,192 [INFO] Got command from the client 'session,2021-03-09_17-29-23,stop,ranging'
ptd-server 2021-03-09 17:40:17,202 [INFO] Sending to ptd: 'Stop'
ptd-server 2021-03-09 17:40:17,202 [INFO] Reply from ptd: 'Stopping untimed measurement'
ptd-server 2021-03-09 17:40:17,964 [INFO] Sending reply to client 'OK'
ptd-server 2021-03-09 17:40:18,094 [INFO] Got command from the client 'time'
ptd-server 2021-03-09 17:40:18,094 [INFO] Sending reply to client '1615311618.0947335'
ptd-server 2021-03-09 17:40:18,097 [INFO] Got command from the client 'session,2021-03-09_17-29-23,start,testing'
ptd-server 2021-03-09 17:40:18,097 [INFO] Sending to ptd: 'SR,V,249.260000'
ptd-server 2021-03-09 17:40:19,598 [INFO] Reply from ptd: 'Range V changed'
ptd-server 2021-03-09 17:40:19,598 [INFO] Sending to ptd: 'SR,A,0.126800'
ptd-server 2021-03-09 17:40:21,100 [INFO] Reply from ptd: 'Range A changed'
ptd-server 2021-03-09 17:40:31,110 [INFO] Starting testing mode
ptd-server 2021-03-09 17:40:31,110 [INFO] Sending to ptd: 'Go,1000,0,2021-03-09_17-29-23_testing'
ptd-server 2021-03-09 17:40:31,111 [INFO] Reply from ptd: 'Starting untimed measurement, maximum 500000 samples at 1000ms with 0 rampup samples'
ptd-server 2021-03-09 17:40:31,111 [INFO] Sending reply to client 'OK'
ptd-server 2021-03-09 17:50:46,750 [INFO] Got command from the client 'session,2021-03-09_17-29-23,stop,testing'
ptd-server 2021-03-09 17:50:56,760 [INFO] Sending to ptd: 'Stop'
ptd-server 2021-03-09 17:50:56,761 [INFO] Reply from ptd: 'Stopping untimed measurement'
ptd-server 2021-03-09 17:50:57,168 [INFO] Sending reply to client 'OK'
ptd-server 2021-03-09 17:50:57,177 [INFO] Got command from the client 'session,2021-03-09_17-29-23,upload,client.log'
ptd-server 2021-03-09 17:50:57,178 [INFO] Received '/home/anton/projects/mlperf/power-dev/output/2021-03-09_17-29-23client.log.tmp'
ptd-server 2021-03-09 17:50:57,179 [INFO] Removed '/home/anton/projects/mlperf/power-dev/output/2021-03-09_17-29-23client.log.tmp'
ptd-server 2021-03-09 17:50:57,179 [INFO] Sending reply to client 'OK'
ptd-server 2021-03-09 17:50:57,184 [INFO] Got command from the client 'session,2021-03-09_17-29-23,upload,client.json'
ptd-server 2021-03-09 17:50:57,185 [INFO] Received '/home/anton/projects/mlperf/power-dev/output/2021-03-09_17-29-23client.json.tmp'
ptd-server 2021-03-09 17:50:57,185 [INFO] Removed '/home/anton/projects/mlperf/power-dev/output/2021-03-09_17-29-23client.json.tmp'
ptd-server 2021-03-09 17:50:57,185 [INFO] Sending reply to client 'OK'
ptd-server 2021-03-09 17:50:57,186 [INFO] Got command from the client 'session,2021-03-09_17-29-23,done'
ptd-server 2021-03-09 17:50:57,186 [INFO] Sending to ptd: 'Stop'
ptd-server 2021-03-09 17:50:57,187 [INFO] Reply from ptd: 'Error: no measurement to stop'
ptd-server 2021-03-09 17:50:57,187 [INFO] Sending to ptd: 'SR,V,300.000000'
ptd-server 2021-03-09 17:50:58,688 [INFO] Reply from ptd: 'Range V changed'
ptd-server 2021-03-09 17:50:58,688 [INFO] Sending to ptd: 'SR,A,0.500000'
ptd-server 2021-03-09 17:51:00,190 [INFO] Reply from ptd: 'Range A changed'
ptd-server 2021-03-09 17:51:00,190 [INFO] Set initial values for Amps 0.500000 and Volts 300.000000
ptd-server 2021-03-09 17:51:00,190 [INFO] Stopping ptd...
