client 2021-03-17 06:59:38,156 [WARNING] Removing old loadgen logs directory '/home/scratch.mlperf_inf_ci/mlPerf/L1/XavierNX_MaxQ-Commputelab-XavierNX-MaxQ-L1-2-2021-03-17-10-42-27-UTC/mlperf-inference/closed/NVIDIA/build/power_logs_temp'
client 2021-03-17 06:59:38,170 [INFO] Sending command to the server: 'mlcommons/power client v3'
client 2021-03-17 06:59:38,176 [INFO] Got response: 'mlcommons/power server v3'
client 2021-03-17 06:59:38,177 [INFO] Sending command to the server: 'stop'
client 2021-03-17 06:59:38,179 [INFO] Got response: 'OK'
client 2021-03-17 06:59:38,179 [INFO] Synchronizing with the server and with ib-01.dc4-in.nvidia.com...
client 2021-03-17 06:59:38,407 [INFO] NTP:offset = 0.000 s, delay = 0.202 s 
client 2021-03-17 06:59:38,407 [INFO] Sending command to the server: 'time'
client 2021-03-17 06:59:38,409 [INFO] Got response: '1615989578.4609377'
client 2021-03-17 06:59:38,410 [INFO] The time difference between the client and the server is within range -53.213 ms..-50.629 ms
client 2021-03-17 06:59:38,410 [INFO] Sending command to the server: 'new,,404ed6e2-65fc-41fa-8ef4-c699fe9e74d1'
client 2021-03-17 06:59:38,413 [INFO] Got response: 'OK 2021-03-17_06-59-38,ecf3a14b-0485-437b-9a4f-b8fdbedafc3a'
client 2021-03-17 06:59:38,413 [INFO] Session id is '2021-03-17_06-59-38'
client 2021-03-17 06:59:38,414 [INFO] Sources: {"sources": {"client.py": "d1e75cb4b26101220ebd242e584cf3ca5d8f1996", "lib/__init__.py": "da39a3ee5e6b4b0d3255bfef95601890afd80709", "lib/client.py": "d42bebf5b74cb6ff3997e2a6c68422afac111a28", "lib/common.py": "b0bad80d8fa328a7636027d4d66ff453f8dd7889", "lib/external/ntplib.py": "4da8f970656505a40483206ef2b5d3dd5e81711d", "lib/server.py": "2ed36471c7af565d6c8438b2134edad1d7ddf166", "lib/source_hashes.py": "4cedff274c661cb1504052018fd4f00dfbf624ef", "lib/summary.py": "0db15d783907aa92038281af4e465545c0648ddb", "lib/time_sync.py": "76051226ec89287839723352f4162aaa24e0546a", "server.py": "99e1310e3f76292aef1b8792ce6b8c82f1d44d8b", "tests/unit/test_server.py": "64f11775bfed35232a0e8bb9593c0ff992432c59", "tests/unit/test_source_hashes.py": "cb41a7261eaf7d94ba5c0aae9c523174f6204be3"}, "modules": {"__main__": "client.py", "lib.client": "lib/client.py", "lib.common": "lib/common.py", "lib.external.ntplib": "lib/external/ntplib.py", "lib.source_hashes": "lib/source_hashes.py", "lib.summary": "lib/summary.py", "lib.time_sync": "lib/time_sync.py"}}
client 2021-03-17 06:59:38,417 [INFO] Running workload in ranging mode
client 2021-03-17 06:59:38,418 [INFO] Synchronizing with the server and with ib-01.dc4-in.nvidia.com...
client 2021-03-17 06:59:38,627 [INFO] NTP:offset = 0.000 s, delay = 0.202 s 
client 2021-03-17 06:59:38,628 [INFO] Sending command to the server: 'time'
client 2021-03-17 06:59:38,630 [INFO] Got response: '1615989578.6796587'
client 2021-03-17 06:59:38,630 [INFO] The time difference between the client and the server is within range -51.614 ms..-49.209 ms
client 2021-03-17 06:59:38,630 [INFO] Sending command to the server: 'session,2021-03-17_06-59-38,start,ranging'
client 2021-03-17 07:00:07,634 [INFO] Got response: 'OK'
client 2021-03-17 07:00:07,635 [INFO] Running the workload 'LOG_DIR=/home/scratch.mlperf_inf_ci/mlPerf/L1/XavierNX_MaxQ-Commputelab-XavierNX-MaxQ-L1-2-2021-03-17-10-42-27-UTC/mlperf-inference/closed/NVIDIA/build/power_logs_temp python3 code/main.py --benchmarks=resnet50 --scenarios=Offline --test_mode=PerformanceOnly --config_ver=maxq --action="run_harness" \\\n\t\t&& cp -v /home/scratch.mlperf_inf_ci/mlPerf/L1/XavierNX_MaxQ-Commputelab-XavierNX-MaxQ-L1-2-2021-03-17-10-42-27-UTC/mlperf-inference/closed/NVIDIA/build/power_logs_temp/*/*/*/mlperf_log_detail.txt /home/scratch.mlperf_inf_ci/mlPerf/L1/XavierNX_MaxQ-Commputelab-XavierNX-MaxQ-L1-2-2021-03-17-10-42-27-UTC/mlperf-inference/closed/NVIDIA/build/power_logs_temp/ \\\n\t\t&& cp -v /home/scratch.mlperf_inf_ci/mlPerf/L1/XavierNX_MaxQ-Commputelab-XavierNX-MaxQ-L1-2-2021-03-17-10-42-27-UTC/mlperf-inference/closed/NVIDIA/build/power_logs_temp/*/*/*/mlperf_log_summary.txt /home/scratch.mlperf_inf_ci/mlPerf/L1/XavierNX_MaxQ-Commputelab-XavierNX-MaxQ-L1-2-2021-03-17-10-42-27-UTC/mlperf-inference/closed/NVIDIA/build/power_logs_temp/'
client 2021-03-17 07:12:25,168 [INFO] Sending command to the server: 'session,2021-03-17_06-59-38,stop,ranging'
client 2021-03-17 07:12:35,481 [INFO] Got response: 'OK'
client 2021-03-17 07:12:35,490 [INFO] Packing logs into zip and uploading to the server
client 2021-03-17 07:12:35,537 [INFO] Zip file size: 22.9 kB
client 2021-03-17 07:12:35,558 [INFO] Got response: 'OK'
client 2021-03-17 07:12:35,560 [INFO] Running workload in testing mode
client 2021-03-17 07:12:35,561 [INFO] Synchronizing with the server and with ib-01.dc4-in.nvidia.com...
client 2021-03-17 07:12:35,770 [INFO] NTP:offset = 0.005 s, delay = 0.202 s 
client 2021-03-17 07:12:35,771 [INFO] Sending command to the server: 'time'
client 2021-03-17 07:12:35,773 [INFO] Got response: '1615990355.8188784'
client 2021-03-17 07:12:35,773 [INFO] The time difference between the client and the server is within range -47.867 ms..-45.331 ms
client 2021-03-17 07:12:35,774 [INFO] Sending command to the server: 'session,2021-03-17_06-59-38,start,testing'
client 2021-03-17 07:12:48,851 [INFO] Got response: 'OK'
client 2021-03-17 07:12:48,852 [INFO] Running the workload 'LOG_DIR=/home/scratch.mlperf_inf_ci/mlPerf/L1/XavierNX_MaxQ-Commputelab-XavierNX-MaxQ-L1-2-2021-03-17-10-42-27-UTC/mlperf-inference/closed/NVIDIA/build/power_logs_temp python3 code/main.py --benchmarks=resnet50 --scenarios=Offline --test_mode=PerformanceOnly --config_ver=maxq --action="run_harness" \\\n\t\t&& cp -v /home/scratch.mlperf_inf_ci/mlPerf/L1/XavierNX_MaxQ-Commputelab-XavierNX-MaxQ-L1-2-2021-03-17-10-42-27-UTC/mlperf-inference/closed/NVIDIA/build/power_logs_temp/*/*/*/mlperf_log_detail.txt /home/scratch.mlperf_inf_ci/mlPerf/L1/XavierNX_MaxQ-Commputelab-XavierNX-MaxQ-L1-2-2021-03-17-10-42-27-UTC/mlperf-inference/closed/NVIDIA/build/power_logs_temp/ \\\n\t\t&& cp -v /home/scratch.mlperf_inf_ci/mlPerf/L1/XavierNX_MaxQ-Commputelab-XavierNX-MaxQ-L1-2-2021-03-17-10-42-27-UTC/mlperf-inference/closed/NVIDIA/build/power_logs_temp/*/*/*/mlperf_log_summary.txt /home/scratch.mlperf_inf_ci/mlPerf/L1/XavierNX_MaxQ-Commputelab-XavierNX-MaxQ-L1-2-2021-03-17-10-42-27-UTC/mlperf-inference/closed/NVIDIA/build/power_logs_temp/'
client 2021-03-17 07:24:57,739 [INFO] Sending command to the server: 'session,2021-03-17_06-59-38,stop,testing'
client 2021-03-17 07:25:07,911 [INFO] Got response: 'OK'
client 2021-03-17 07:25:07,919 [INFO] Packing logs into zip and uploading to the server
client 2021-03-17 07:25:07,955 [INFO] Zip file size: 22.9 kB
client 2021-03-17 07:25:07,975 [INFO] Got response: 'OK'
client 2021-03-17 07:25:07,976 [INFO] Done runs
