ptd-server 2021-03-17 06:59:38,226 [INFO] Got command from the client 'stop'
ptd-server 2021-03-17 06:59:38,226 [INFO] The server will be stopped after processing this client
ptd-server 2021-03-17 06:59:38,226 [INFO] Sending reply to client 'OK'
ptd-server 2021-03-17 06:59:38,460 [INFO] Got command from the client 'time'
ptd-server 2021-03-17 06:59:38,460 [INFO] Sending reply to client '1615989578.4609377'
ptd-server 2021-03-17 06:59:38,460 [INFO] Got command from the client 'new,,404ed6e2-65fc-41fa-8ef4-c699fe9e74d1'
ptd-server 2021-03-17 06:59:38,460 [INFO] Sending reply to client 'OK 2021-03-17_06-59-38,ecf3a14b-0485-437b-9a4f-b8fdbedafc3a'
ptd-server 2021-03-17 06:59:38,679 [INFO] Got command from the client 'time'
ptd-server 2021-03-17 06:59:38,679 [INFO] Sending reply to client '1615989578.6796587'
ptd-server 2021-03-17 06:59:38,679 [INFO] Got command from the client 'session,2021-03-17_06-59-38,start,ranging'
ptd-server 2021-03-17 06:59:38,788 [INFO] Running PTDaemon: ['C:\\PTD\\ptd-windows-x86.exe', '-l', 'C:\\logs_ptdeamon.txt', '-p', '8888', '-c', '1', '-y', '52', '10.32.209.251']
ptd-server 2021-03-17 06:59:56,635 [INFO] Sending to ptd: 'Hello'
ptd-server 2021-03-17 06:59:56,635 [INFO] Reply from ptd: 'Hello, PTDaemon here!'
ptd-server 2021-03-17 06:59:56,635 [INFO] Sending to ptd: 'Identify'
ptd-server 2021-03-17 06:59:56,635 [INFO] Reply from ptd: 'YokogawaWT330E,1000,1,1,1,1,0,0,1,version=1.9.2-3976349f-20201208,OS=Windows 8 / Server 2012,mode=power,1,1,1,0,0,no_cal_date,YOKOGAWA;WT333E;C2VL22012V;F1.03'
ptd-server 2021-03-17 06:59:56,635 [INFO] Connected to PTDaemon
ptd-server 2021-03-17 06:59:56,635 [INFO] Sending to ptd: 'RR'
ptd-server 2021-03-17 06:59:56,635 [INFO] Reply from ptd: 'Ranges,0,0.500000,0,150.000000'
ptd-server 2021-03-17 06:59:56,635 [INFO] Initial range for Amps is 0.500000 for Volts is 150.000000
ptd-server 2021-03-17 06:59:56,635 [INFO] Sending to ptd: 'SR,V,Auto'
ptd-server 2021-03-17 06:59:57,150 [INFO] Reply from ptd: 'Range V changed'
ptd-server 2021-03-17 06:59:57,150 [INFO] Sending to ptd: 'SR,A,Auto'
ptd-server 2021-03-17 06:59:57,666 [INFO] Reply from ptd: 'Range A changed'
ptd-server 2021-03-17 07:00:07,680 [INFO] Starting ranging mode
ptd-server 2021-03-17 07:00:07,680 [INFO] Sending to ptd: 'Go,1000,0,2021-03-17_06-59-38_ranging'
ptd-server 2021-03-17 07:00:07,680 [INFO] Reply from ptd: 'Starting untimed measurement, maximum 500000 samples at 1000ms with 0 rampup samples'
ptd-server 2021-03-17 07:00:07,680 [INFO] Sending reply to client 'OK'
ptd-server 2021-03-17 07:12:25,227 [INFO] Got command from the client 'session,2021-03-17_06-59-38,stop,ranging'
ptd-server 2021-03-17 07:12:35,240 [INFO] Sending to ptd: 'Stop'
ptd-server 2021-03-17 07:12:35,240 [INFO] Reply from ptd: 'Stopping untimed measurement'
ptd-server 2021-03-17 07:12:35,537 [INFO] Sending reply to client 'OK'
ptd-server 2021-03-17 07:12:35,584 [INFO] Got command from the client 'session,2021-03-17_06-59-38,upload,ranging'
ptd-server 2021-03-17 07:12:35,600 [INFO] Received 'C:\\ptd-logs\\2021-03-17_06-59-38ranging.tmp'
ptd-server 2021-03-17 07:12:35,615 [INFO] Extracted 'C:\\ptd-logs\\2021-03-17_06-59-38ranging.tmp' into 'C:\\ptd-logs\\2021-03-17_06-59-38\\ranging'
ptd-server 2021-03-17 07:12:35,615 [INFO] Removed 'C:\\ptd-logs\\2021-03-17_06-59-38ranging.tmp'
ptd-server 2021-03-17 07:12:35,615 [INFO] Sending reply to client 'OK'
ptd-server 2021-03-17 07:12:35,818 [INFO] Got command from the client 'time'
ptd-server 2021-03-17 07:12:35,818 [INFO] Sending reply to client '1615990355.8188784'
ptd-server 2021-03-17 07:12:35,834 [INFO] Got command from the client 'session,2021-03-17_06-59-38,start,testing'
ptd-server 2021-03-17 07:12:35,834 [INFO] Sending to ptd: 'SR,V,119.360000'
ptd-server 2021-03-17 07:12:37,365 [INFO] Reply from ptd: 'Range V changed'
ptd-server 2021-03-17 07:12:37,365 [INFO] Sending to ptd: 'SR,A,0.411700'
ptd-server 2021-03-17 07:12:38,896 [INFO] Reply from ptd: 'Range A changed'
ptd-server 2021-03-17 07:12:48,909 [INFO] Starting testing mode
ptd-server 2021-03-17 07:12:48,909 [INFO] Sending to ptd: 'Go,1000,0,2021-03-17_06-59-38_testing'
ptd-server 2021-03-17 07:12:48,909 [INFO] Reply from ptd: 'Starting untimed measurement, maximum 500000 samples at 1000ms with 0 rampup samples'
ptd-server 2021-03-17 07:12:48,909 [INFO] Sending reply to client 'OK'
ptd-server 2021-03-17 07:24:57,806 [INFO] Got command from the client 'session,2021-03-17_06-59-38,stop,testing'
ptd-server 2021-03-17 07:25:07,819 [INFO] Sending to ptd: 'Stop'
ptd-server 2021-03-17 07:25:07,819 [INFO] Reply from ptd: 'Stopping untimed measurement'
ptd-server 2021-03-17 07:25:07,975 [INFO] Sending reply to client 'OK'
ptd-server 2021-03-17 07:25:08,022 [INFO] Got command from the client 'session,2021-03-17_06-59-38,upload,testing'
ptd-server 2021-03-17 07:25:08,022 [INFO] Received 'C:\\ptd-logs\\2021-03-17_06-59-38testing.tmp'
ptd-server 2021-03-17 07:25:08,037 [INFO] Extracted 'C:\\ptd-logs\\2021-03-17_06-59-38testing.tmp' into 'C:\\ptd-logs\\2021-03-17_06-59-38\\run_1'
ptd-server 2021-03-17 07:25:08,037 [INFO] Removed 'C:\\ptd-logs\\2021-03-17_06-59-38testing.tmp'
ptd-server 2021-03-17 07:25:08,037 [INFO] Sending reply to client 'OK'
ptd-server 2021-03-17 07:25:08,037 [INFO] Got command from the client 'session,2021-03-17_06-59-38,upload,client.log'
ptd-server 2021-03-17 07:25:08,037 [INFO] Received 'C:\\ptd-logs\\2021-03-17_06-59-38client.log.tmp'
ptd-server 2021-03-17 07:25:08,053 [INFO] Removed 'C:\\ptd-logs\\2021-03-17_06-59-38client.log.tmp'
ptd-server 2021-03-17 07:25:08,053 [INFO] Sending reply to client 'OK'
ptd-server 2021-03-17 07:25:08,100 [INFO] Got command from the client 'session,2021-03-17_06-59-38,upload,client.json'
ptd-server 2021-03-17 07:25:08,100 [INFO] Received 'C:\\ptd-logs\\2021-03-17_06-59-38client.json.tmp'
ptd-server 2021-03-17 07:25:08,100 [INFO] Removed 'C:\\ptd-logs\\2021-03-17_06-59-38client.json.tmp'
ptd-server 2021-03-17 07:25:08,116 [INFO] Sending reply to client 'OK'
ptd-server 2021-03-17 07:25:08,116 [INFO] Got command from the client 'session,2021-03-17_06-59-38,done'
ptd-server 2021-03-17 07:25:08,116 [INFO] Sending to ptd: 'Stop'
ptd-server 2021-03-17 07:25:08,116 [INFO] Reply from ptd: 'Error: no measurement to stop'
ptd-server 2021-03-17 07:25:08,116 [INFO] Sending to ptd: 'SR,V,150.000000'
ptd-server 2021-03-17 07:25:09,647 [INFO] Reply from ptd: 'Range V changed'
ptd-server 2021-03-17 07:25:09,647 [INFO] Sending to ptd: 'SR,A,0.500000'
ptd-server 2021-03-17 07:25:11,177 [INFO] Reply from ptd: 'Range A changed'
ptd-server 2021-03-17 07:25:11,177 [INFO] Set initial values for Amps 0.500000 and Volts 150.000000
ptd-server 2021-03-17 07:25:11,177 [INFO] Stopping ptd...
