ptd-server 2021-03-05 19:41:14,099 [INFO] Got command from the client 'time'
ptd-server 2021-03-05 19:41:14,099 [INFO] Sending reply to client '1614973274.0998242'
ptd-server 2021-03-05 19:41:14,102 [INFO] Got command from the client 'new,,481ffda0-5ee7-430c-9751-8ecffc7e396d'
ptd-server 2021-03-05 19:41:14,102 [INFO] Sending reply to client 'OK 2021-03-05_19-41-14,818ceacc-dd2e-4156-974a-5126c0f0a7d3'
ptd-server 2021-03-05 19:41:14,145 [INFO] Got command from the client 'time'
ptd-server 2021-03-05 19:41:14,145 [INFO] Sending reply to client '1614973274.1457188'
ptd-server 2021-03-05 19:41:14,148 [INFO] Got command from the client 'session,2021-03-05_19-41-14,start,ranging'
ptd-server 2021-03-05 19:41:14,148 [INFO] Running PTDaemon: ['/home/anton/projects/mlperf/power/inference_v1.0/ptd-linux-x86', '-l', 'ptd.log', '-p', '8888', '52', '/dev/usbtmc0']
ptd-server 2021-03-05 19:41:31,316 [INFO] Sending to ptd: 'Hello'
ptd-server 2021-03-05 19:41:31,317 [INFO] Reply from ptd: 'Hello, PTDaemon here!'
ptd-server 2021-03-05 19:41:31,317 [INFO] Sending to ptd: 'Identify'
ptd-server 2021-03-05 19:41:31,318 [INFO] Reply from ptd: 'YokogawaWT330E,1000,1,1,1,1,0,0,1,version=1.9.2-e8c7a49a-20201208,OS=Linux 5.8.0-43-generic #49~20.04.1-Ubuntu SMP Fri Feb 5 09:57:56 UTC 2021 x86_64,mode=power,1,1,1,0,0,no_cal_date,YOKOGAWA;WT333E;C3VD30030E;F1.04'
ptd-server 2021-03-05 19:41:31,318 [INFO] Connected to PTDaemon
ptd-server 2021-03-05 19:41:31,318 [INFO] Sending to ptd: 'RR'
ptd-server 2021-03-05 19:41:31,318 [INFO] Reply from ptd: 'Ranges,0,0.500000,0,300.000000'
ptd-server 2021-03-05 19:41:31,318 [INFO] Initial range for Amps is 0.500000 for Volts is 300.000000
ptd-server 2021-03-05 19:41:31,318 [INFO] Sending to ptd: 'SR,V,Auto'
ptd-server 2021-03-05 19:41:31,821 [INFO] Reply from ptd: 'Range V changed'
ptd-server 2021-03-05 19:41:31,821 [INFO] Sending to ptd: 'SR,A,Auto'
ptd-server 2021-03-05 19:41:32,324 [INFO] Reply from ptd: 'Range A changed'
ptd-server 2021-03-05 19:41:42,334 [INFO] Starting ranging mode
ptd-server 2021-03-05 19:41:42,334 [INFO] Sending to ptd: 'Go,1000,0,2021-03-05_19-41-14_ranging'
ptd-server 2021-03-05 19:41:42,334 [INFO] Reply from ptd: 'Starting untimed measurement, maximum 500000 samples at 1000ms with 0 rampup samples'
ptd-server 2021-03-05 19:41:42,335 [INFO] Sending reply to client 'OK'
ptd-server 2021-03-05 19:52:14,242 [INFO] Got command from the client 'session,2021-03-05_19-41-14,stop,ranging'
ptd-server 2021-03-05 19:52:24,253 [INFO] Sending to ptd: 'Stop'
ptd-server 2021-03-05 19:52:24,253 [INFO] Reply from ptd: 'Stopping untimed measurement'
ptd-server 2021-03-05 19:52:24,639 [INFO] Sending reply to client 'OK'
ptd-server 2021-03-05 19:52:24,684 [INFO] Got command from the client 'time'
ptd-server 2021-03-05 19:52:24,684 [INFO] Sending reply to client '1614973944.6843061'
ptd-server 2021-03-05 19:52:24,687 [INFO] Got command from the client 'session,2021-03-05_19-41-14,start,testing'
ptd-server 2021-03-05 19:52:24,687 [INFO] Sending to ptd: 'SR,V,248.630000'
ptd-server 2021-03-05 19:52:26,189 [INFO] Reply from ptd: 'Range V changed'
ptd-server 2021-03-05 19:52:26,189 [INFO] Sending to ptd: 'SR,A,0.061590'
ptd-server 2021-03-05 19:52:27,690 [INFO] Reply from ptd: 'Range A changed'
ptd-server 2021-03-05 19:52:37,701 [INFO] Starting testing mode
ptd-server 2021-03-05 19:52:37,701 [INFO] Sending to ptd: 'Go,1000,0,2021-03-05_19-41-14_testing'
ptd-server 2021-03-05 19:52:37,701 [INFO] Reply from ptd: 'Starting untimed measurement, maximum 500000 samples at 1000ms with 0 rampup samples'
ptd-server 2021-03-05 19:52:37,701 [INFO] Sending reply to client 'OK'
ptd-server 2021-03-05 20:03:14,430 [INFO] Got command from the client 'session,2021-03-05_19-41-14,stop,testing'
ptd-server 2021-03-05 20:03:24,440 [INFO] Sending to ptd: 'Stop'
ptd-server 2021-03-05 20:03:24,441 [INFO] Reply from ptd: 'Stopping untimed measurement'
ptd-server 2021-03-05 20:03:24,636 [INFO] Sending reply to client 'OK'
ptd-server 2021-03-05 20:03:24,644 [INFO] Got command from the client 'session,2021-03-05_19-41-14,upload,client.log'
ptd-server 2021-03-05 20:03:24,648 [INFO] Received '/home/anton/projects/mlperf/power-dev/output/2021-03-05_19-41-14client.log.tmp'
ptd-server 2021-03-05 20:03:24,649 [INFO] Removed '/home/anton/projects/mlperf/power-dev/output/2021-03-05_19-41-14client.log.tmp'
ptd-server 2021-03-05 20:03:24,649 [INFO] Sending reply to client 'OK'
ptd-server 2021-03-05 20:03:24,661 [INFO] Got command from the client 'session,2021-03-05_19-41-14,upload,client.json'
ptd-server 2021-03-05 20:03:24,664 [INFO] Received '/home/anton/projects/mlperf/power-dev/output/2021-03-05_19-41-14client.json.tmp'
ptd-server 2021-03-05 20:03:24,665 [INFO] Removed '/home/anton/projects/mlperf/power-dev/output/2021-03-05_19-41-14client.json.tmp'
ptd-server 2021-03-05 20:03:24,665 [INFO] Sending reply to client 'OK'
ptd-server 2021-03-05 20:03:24,667 [INFO] Got command from the client 'session,2021-03-05_19-41-14,done'
ptd-server 2021-03-05 20:03:24,667 [INFO] Sending to ptd: 'Stop'
ptd-server 2021-03-05 20:03:24,701 [INFO] Reply from ptd: 'Error: no measurement to stop'
ptd-server 2021-03-05 20:03:24,701 [INFO] Sending to ptd: 'SR,V,300.000000'
ptd-server 2021-03-05 20:03:26,202 [INFO] Reply from ptd: 'Range V changed'
ptd-server 2021-03-05 20:03:26,203 [INFO] Sending to ptd: 'SR,A,0.500000'
ptd-server 2021-03-05 20:03:27,704 [INFO] Reply from ptd: 'Range A changed'
ptd-server 2021-03-05 20:03:27,704 [INFO] Set initial values for Amps 0.500000 and Volts 300.000000
ptd-server 2021-03-05 20:03:27,704 [INFO] Stopping ptd...
