ptd-server 2021-03-08 04:42:46,900 [INFO] Got command from the client 'time'
ptd-server 2021-03-08 04:42:46,900 [INFO] Sending reply to client '1615178566.9007757'
ptd-server 2021-03-08 04:42:46,904 [INFO] Got command from the client 'new,,3feaf74a-27dc-4533-b18c-d3de0bac6004'
ptd-server 2021-03-08 04:42:46,904 [INFO] Sending reply to client 'OK 2021-03-08_04-42-46,5e7b81e3-bfe2-47a3-a1a6-5d241320be15'
ptd-server 2021-03-08 04:42:46,940 [INFO] Got command from the client 'time'
ptd-server 2021-03-08 04:42:46,940 [INFO] Sending reply to client '1615178566.9405472'
ptd-server 2021-03-08 04:42:46,944 [INFO] Got command from the client 'session,2021-03-08_04-42-46,start,ranging'
ptd-server 2021-03-08 04:42:46,944 [INFO] Running PTDaemon: ['/home/anton/projects/mlperf/power/inference_v1.0/ptd-linux-x86', '-l', 'ptd.log', '-p', '8888', '52', '/dev/usbtmc0']
ptd-server 2021-03-08 04:43:04,116 [INFO] Sending to ptd: 'Hello'
ptd-server 2021-03-08 04:43:04,116 [INFO] Reply from ptd: 'Hello, PTDaemon here!'
ptd-server 2021-03-08 04:43:04,117 [INFO] Sending to ptd: 'Identify'
ptd-server 2021-03-08 04:43:04,117 [INFO] Reply from ptd: 'YokogawaWT330E,1000,1,1,1,1,0,0,1,version=1.9.2-e8c7a49a-20201208,OS=Linux 5.8.0-43-generic #49~20.04.1-Ubuntu SMP Fri Feb 5 09:57:56 UTC 2021 x86_64,mode=power,1,1,1,0,0,no_cal_date,YOKOGAWA;WT333E;C3VD30030E;F1.04'
ptd-server 2021-03-08 04:43:04,117 [INFO] Connected to PTDaemon
ptd-server 2021-03-08 04:43:04,117 [INFO] Sending to ptd: 'RR'
ptd-server 2021-03-08 04:43:04,118 [INFO] Reply from ptd: 'Ranges,0,0.500000,0,300.000000'
ptd-server 2021-03-08 04:43:04,118 [INFO] Initial range for Amps is 0.500000 for Volts is 300.000000
ptd-server 2021-03-08 04:43:04,118 [INFO] Sending to ptd: 'SR,V,Auto'
ptd-server 2021-03-08 04:43:04,620 [INFO] Reply from ptd: 'Range V changed'
ptd-server 2021-03-08 04:43:04,620 [INFO] Sending to ptd: 'SR,A,Auto'
ptd-server 2021-03-08 04:43:05,123 [INFO] Reply from ptd: 'Range A changed'
ptd-server 2021-03-08 04:43:15,133 [INFO] Starting ranging mode
ptd-server 2021-03-08 04:43:15,133 [INFO] Sending to ptd: 'Go,1000,0,2021-03-08_04-42-46_ranging'
ptd-server 2021-03-08 04:43:15,134 [INFO] Reply from ptd: 'Starting untimed measurement, maximum 500000 samples at 1000ms with 0 rampup samples'
ptd-server 2021-03-08 04:43:15,134 [INFO] Sending reply to client 'OK'
ptd-server 2021-03-08 04:53:40,253 [INFO] Got command from the client 'session,2021-03-08_04-42-46,stop,ranging'
ptd-server 2021-03-08 04:53:50,263 [INFO] Sending to ptd: 'Stop'
ptd-server 2021-03-08 04:53:50,264 [INFO] Reply from ptd: 'Stopping untimed measurement'
ptd-server 2021-03-08 04:53:50,889 [INFO] Sending reply to client 'OK'
ptd-server 2021-03-08 04:53:50,936 [INFO] Got command from the client 'time'
ptd-server 2021-03-08 04:53:50,936 [INFO] Sending reply to client '1615179230.936425'
ptd-server 2021-03-08 04:53:50,940 [INFO] Got command from the client 'session,2021-03-08_04-42-46,start,testing'
ptd-server 2021-03-08 04:53:50,941 [INFO] Sending to ptd: 'SR,V,251.170000'
ptd-server 2021-03-08 04:53:52,635 [INFO] Reply from ptd: 'Range V changed'
ptd-server 2021-03-08 04:53:52,636 [INFO] Sending to ptd: 'SR,A,0.053620'
ptd-server 2021-03-08 04:53:54,137 [INFO] Reply from ptd: 'Range A changed'
ptd-server 2021-03-08 04:54:04,147 [INFO] Starting testing mode
ptd-server 2021-03-08 04:54:04,148 [INFO] Sending to ptd: 'Go,1000,0,2021-03-08_04-42-46_testing'
ptd-server 2021-03-08 04:54:04,148 [INFO] Reply from ptd: 'Starting untimed measurement, maximum 500000 samples at 1000ms with 0 rampup samples'
ptd-server 2021-03-08 04:54:04,148 [INFO] Sending reply to client 'OK'
ptd-server 2021-03-08 05:04:34,006 [INFO] Got command from the client 'session,2021-03-08_04-42-46,stop,testing'
ptd-server 2021-03-08 05:04:44,016 [INFO] Sending to ptd: 'Stop'
ptd-server 2021-03-08 05:04:44,017 [INFO] Reply from ptd: 'Stopping untimed measurement'
ptd-server 2021-03-08 05:04:44,353 [INFO] Sending reply to client 'OK'
ptd-server 2021-03-08 05:04:44,361 [INFO] Got command from the client 'session,2021-03-08_04-42-46,upload,client.log'
ptd-server 2021-03-08 05:04:44,365 [INFO] Received '/home/anton/projects/mlperf/power-dev/output/2021-03-08_04-42-46client.log.tmp'
ptd-server 2021-03-08 05:04:44,365 [INFO] Removed '/home/anton/projects/mlperf/power-dev/output/2021-03-08_04-42-46client.log.tmp'
ptd-server 2021-03-08 05:04:44,365 [INFO] Sending reply to client 'OK'
ptd-server 2021-03-08 05:04:44,377 [INFO] Got command from the client 'session,2021-03-08_04-42-46,upload,client.json'
ptd-server 2021-03-08 05:04:44,380 [INFO] Received '/home/anton/projects/mlperf/power-dev/output/2021-03-08_04-42-46client.json.tmp'
ptd-server 2021-03-08 05:04:44,380 [INFO] Removed '/home/anton/projects/mlperf/power-dev/output/2021-03-08_04-42-46client.json.tmp'
ptd-server 2021-03-08 05:04:44,381 [INFO] Sending reply to client 'OK'
ptd-server 2021-03-08 05:04:44,383 [INFO] Got command from the client 'session,2021-03-08_04-42-46,done'
ptd-server 2021-03-08 05:04:44,383 [INFO] Sending to ptd: 'Stop'
ptd-server 2021-03-08 05:04:44,384 [INFO] Reply from ptd: 'Error: no measurement to stop'
ptd-server 2021-03-08 05:04:44,384 [INFO] Sending to ptd: 'SR,V,300.000000'
ptd-server 2021-03-08 05:04:45,885 [INFO] Reply from ptd: 'Range V changed'
ptd-server 2021-03-08 05:04:45,885 [INFO] Sending to ptd: 'SR,A,0.500000'
ptd-server 2021-03-08 05:04:47,387 [INFO] Reply from ptd: 'Range A changed'
ptd-server 2021-03-08 05:04:47,387 [INFO] Set initial values for Amps 0.500000 and Volts 300.000000
ptd-server 2021-03-08 05:04:47,387 [INFO] Stopping ptd...
