client 2021-03-17 03:58:46,023 [WARNING] Removing old loadgen logs directory '/home/scratch.mlperf_inf_ci/mlPerf/L1/A100_PCIex8_MaxQ-Computelab-A100-PCIEx8-MaxQ-L1-2-2021-03-17-03-56-44-UTC/mlperf-inference/closed/NVIDIA/build/power_logs_temp'
client 2021-03-17 03:58:46,028 [INFO] Sending command to the server: 'mlcommons/power client v3'
client 2021-03-17 03:58:46,029 [INFO] Got response: 'mlcommons/power server v3'
client 2021-03-17 03:58:46,029 [INFO] Sending command to the server: 'stop'
client 2021-03-17 03:58:46,030 [INFO] Got response: 'OK'
client 2021-03-17 03:58:46,030 [INFO] Synchronizing with the server and with ib-01.dc4-in.nvidia.com...
client 2021-03-17 03:58:46,236 [INFO] NTP:offset = 0.000 s, delay = 0.202 s 
client 2021-03-17 03:58:46,236 [INFO] Sending command to the server: 'time'
client 2021-03-17 03:58:46,237 [INFO] Got response: '1615978726.3133569'
client 2021-03-17 03:58:46,237 [INFO] The time difference between the client and the server is within range -76.815 ms..-75.499 ms
client 2021-03-17 03:58:46,237 [INFO] Sending command to the server: 'new,,e0b8103f-f7a6-4f30-bf0e-5d6a784e1f5c'
client 2021-03-17 03:58:46,239 [INFO] Got response: 'OK 2021-03-17_03-58-46,122a78aa-9aa5-4d4d-876c-865ec59648c8'
client 2021-03-17 03:58:46,239 [INFO] Session id is '2021-03-17_03-58-46'
client 2021-03-17 03:58:46,239 [INFO] Sources: {"sources": {"client.py": "d1e75cb4b26101220ebd242e584cf3ca5d8f1996", "lib/__init__.py": "da39a3ee5e6b4b0d3255bfef95601890afd80709", "lib/client.py": "d42bebf5b74cb6ff3997e2a6c68422afac111a28", "lib/common.py": "b0bad80d8fa328a7636027d4d66ff453f8dd7889", "lib/external/ntplib.py": "4da8f970656505a40483206ef2b5d3dd5e81711d", "lib/server.py": "2ed36471c7af565d6c8438b2134edad1d7ddf166", "lib/source_hashes.py": "4cedff274c661cb1504052018fd4f00dfbf624ef", "lib/summary.py": "0db15d783907aa92038281af4e465545c0648ddb", "lib/time_sync.py": "76051226ec89287839723352f4162aaa24e0546a", "server.py": "99e1310e3f76292aef1b8792ce6b8c82f1d44d8b", "tests/unit/test_server.py": "64f11775bfed35232a0e8bb9593c0ff992432c59", "tests/unit/test_source_hashes.py": "cb41a7261eaf7d94ba5c0aae9c523174f6204be3"}, "modules": {"__main__": "client.py", "lib.client": "lib/client.py", "lib.common": "lib/common.py", "lib.external.ntplib": "lib/external/ntplib.py", "lib.source_hashes": "lib/source_hashes.py", "lib.summary": "lib/summary.py", "lib.time_sync": "lib/time_sync.py"}}
client 2021-03-17 03:58:46,242 [INFO] Running workload in ranging mode
client 2021-03-17 03:58:46,242 [INFO] Synchronizing with the server and with ib-01.dc4-in.nvidia.com...
client 2021-03-17 03:58:46,446 [INFO] NTP:offset = 0.001 s, delay = 0.203 s 
client 2021-03-17 03:58:46,446 [INFO] Sending command to the server: 'time'
client 2021-03-17 03:58:46,447 [INFO] Got response: '1615978726.5164163'
client 2021-03-17 03:58:46,447 [INFO] The time difference between the client and the server is within range -69.848 ms..-68.572 ms
client 2021-03-17 03:58:46,447 [INFO] Sending command to the server: 'session,2021-03-17_03-58-46,start,ranging'
client 2021-03-17 03:59:26,069 [INFO] Got response: 'OK'
client 2021-03-17 03:59:26,070 [INFO] Running the workload 'LOG_DIR=/home/scratch.mlperf_inf_ci/mlPerf/L1/A100_PCIex8_MaxQ-Computelab-A100-PCIEx8-MaxQ-L1-2-2021-03-17-03-56-44-UTC/mlperf-inference/closed/NVIDIA/build/power_logs_temp python3 code/main.py --benchmarks=bert --scenarios=Offline --test_mode=PerformanceOnly --config_ver=maxq --action="run_harness" \\\n\t\t&& cp -v /home/scratch.mlperf_inf_ci/mlPerf/L1/A100_PCIex8_MaxQ-Computelab-A100-PCIEx8-MaxQ-L1-2-2021-03-17-03-56-44-UTC/mlperf-inference/closed/NVIDIA/build/power_logs_temp/*/*/*/mlperf_log_detail.txt /home/scratch.mlperf_inf_ci/mlPerf/L1/A100_PCIex8_MaxQ-Computelab-A100-PCIEx8-MaxQ-L1-2-2021-03-17-03-56-44-UTC/mlperf-inference/closed/NVIDIA/build/power_logs_temp/ \\\n\t\t&& cp -v /home/scratch.mlperf_inf_ci/mlPerf/L1/A100_PCIex8_MaxQ-Computelab-A100-PCIEx8-MaxQ-L1-2-2021-03-17-03-56-44-UTC/mlperf-inference/closed/NVIDIA/build/power_logs_temp/*/*/*/mlperf_log_summary.txt /home/scratch.mlperf_inf_ci/mlPerf/L1/A100_PCIex8_MaxQ-Computelab-A100-PCIEx8-MaxQ-L1-2-2021-03-17-03-56-44-UTC/mlperf-inference/closed/NVIDIA/build/power_logs_temp/'
client 2021-03-17 04:11:49,666 [INFO] Sending command to the server: 'session,2021-03-17_03-58-46,stop,ranging'
client 2021-03-17 04:12:00,063 [INFO] Got response: 'OK'
client 2021-03-17 04:12:00,070 [INFO] Packing logs into zip and uploading to the server
client 2021-03-17 04:12:00,108 [INFO] Zip file size: 64.0 kB
client 2021-03-17 04:12:00,129 [INFO] Got response: 'OK'
client 2021-03-17 04:12:00,129 [INFO] Running workload in testing mode
client 2021-03-17 04:12:00,129 [INFO] Synchronizing with the server and with ib-01.dc4-in.nvidia.com...
client 2021-03-17 04:12:00,333 [INFO] NTP:offset = 0.000 s, delay = 0.201 s 
client 2021-03-17 04:12:00,333 [INFO] Sending command to the server: 'time'
client 2021-03-17 04:12:00,334 [INFO] Got response: '1615979520.406181'
client 2021-03-17 04:12:00,334 [INFO] The time difference between the client and the server is within range -72.917 ms..-71.310 ms
client 2021-03-17 04:12:00,334 [INFO] Sending command to the server: 'session,2021-03-17_03-58-46,start,testing'
client 2021-03-17 04:12:22,020 [INFO] Got response: 'OK'
client 2021-03-17 04:12:22,020 [INFO] Running the workload 'LOG_DIR=/home/scratch.mlperf_inf_ci/mlPerf/L1/A100_PCIex8_MaxQ-Computelab-A100-PCIEx8-MaxQ-L1-2-2021-03-17-03-56-44-UTC/mlperf-inference/closed/NVIDIA/build/power_logs_temp python3 code/main.py --benchmarks=bert --scenarios=Offline --test_mode=PerformanceOnly --config_ver=maxq --action="run_harness" \\\n\t\t&& cp -v /home/scratch.mlperf_inf_ci/mlPerf/L1/A100_PCIex8_MaxQ-Computelab-A100-PCIEx8-MaxQ-L1-2-2021-03-17-03-56-44-UTC/mlperf-inference/closed/NVIDIA/build/power_logs_temp/*/*/*/mlperf_log_detail.txt /home/scratch.mlperf_inf_ci/mlPerf/L1/A100_PCIex8_MaxQ-Computelab-A100-PCIEx8-MaxQ-L1-2-2021-03-17-03-56-44-UTC/mlperf-inference/closed/NVIDIA/build/power_logs_temp/ \\\n\t\t&& cp -v /home/scratch.mlperf_inf_ci/mlPerf/L1/A100_PCIex8_MaxQ-Computelab-A100-PCIEx8-MaxQ-L1-2-2021-03-17-03-56-44-UTC/mlperf-inference/closed/NVIDIA/build/power_logs_temp/*/*/*/mlperf_log_summary.txt /home/scratch.mlperf_inf_ci/mlPerf/L1/A100_PCIex8_MaxQ-Computelab-A100-PCIEx8-MaxQ-L1-2-2021-03-17-03-56-44-UTC/mlperf-inference/closed/NVIDIA/build/power_logs_temp/'
client 2021-03-17 04:24:49,126 [INFO] Sending command to the server: 'session,2021-03-17_03-58-46,stop,testing'
client 2021-03-17 04:24:59,326 [INFO] Got response: 'OK'
client 2021-03-17 04:24:59,333 [INFO] Packing logs into zip and uploading to the server
client 2021-03-17 04:24:59,365 [INFO] Zip file size: 64.0 kB
client 2021-03-17 04:24:59,383 [INFO] Got response: 'OK'
client 2021-03-17 04:24:59,384 [INFO] Done runs
