ptd-server 2021-03-17 03:58:46,094 [INFO] Got command from the client 'stop'
ptd-server 2021-03-17 03:58:46,094 [INFO] The server will be stopped after processing this client
ptd-server 2021-03-17 03:58:46,094 [INFO] Sending reply to client 'OK'
ptd-server 2021-03-17 03:58:46,313 [INFO] Got command from the client 'time'
ptd-server 2021-03-17 03:58:46,313 [INFO] Sending reply to client '1615978726.3133569'
ptd-server 2021-03-17 03:58:46,313 [INFO] Got command from the client 'new,,e0b8103f-f7a6-4f30-bf0e-5d6a784e1f5c'
ptd-server 2021-03-17 03:58:46,313 [INFO] Sending reply to client 'OK 2021-03-17_03-58-46,122a78aa-9aa5-4d4d-876c-865ec59648c8'
ptd-server 2021-03-17 03:58:46,516 [INFO] Got command from the client 'time'
ptd-server 2021-03-17 03:58:46,516 [INFO] Sending reply to client '1615978726.5164163'
ptd-server 2021-03-17 03:58:46,516 [INFO] Got command from the client 'session,2021-03-17_03-58-46,start,ranging'
ptd-server 2021-03-17 03:58:46,625 [INFO] Running PTDaemon: ['C:\\PTD\\ptd-windows-x86.exe', '-l', 'C:\\logs_ptdeamon.txt', '-p', '8888', '-c', '1,3', '-y', '77', '10.117.41.199']
ptd-server 2021-03-17 03:59:05,981 [INFO] Sending to ptd: 'Hello'
ptd-server 2021-03-17 03:59:05,981 [INFO] Reply from ptd: 'Hello, PTDaemon here!'
ptd-server 2021-03-17 03:59:05,981 [INFO] Sending to ptd: 'Identify'
ptd-server 2021-03-17 03:59:05,981 [INFO] Reply from ptd: 'YokogawaWT330_multichannel,1000,1,1,1,1,0,0,1,version=1.9.2-3976349f-20201208,OS=Windows 8 / Server 2012,mode=power,1,1,2,0,0,no_cal_date,YOKOGAWA;WT333E;C2WL21011V;F1.04'
ptd-server 2021-03-17 03:59:05,981 [INFO] Connected to PTDaemon
ptd-server 2021-03-17 03:59:05,981 [INFO] Sending to ptd: 'RR'
ptd-server 2021-03-17 03:59:05,981 [INFO] Reply from ptd: 'Ranges,1,2.000000,1,300.000000'
ptd-server 2021-03-17 03:59:05,981 [INFO] Initial range for Amps is Auto for Volts is Auto
ptd-server 2021-03-17 03:59:05,981 [INFO] Sending to ptd: 'SR,V,Auto'
ptd-server 2021-03-17 03:59:11,058 [INFO] Reply from ptd: 'Range V changed'
ptd-server 2021-03-17 03:59:11,058 [INFO] Sending to ptd: 'SR,A,Auto'
ptd-server 2021-03-17 03:59:16,135 [INFO] Reply from ptd: 'Range A changed'
ptd-server 2021-03-17 03:59:26,140 [INFO] Starting ranging mode
ptd-server 2021-03-17 03:59:26,140 [INFO] Sending to ptd: 'Go,1000,0,2021-03-17_03-58-46_ranging'
ptd-server 2021-03-17 03:59:26,140 [INFO] Reply from ptd: 'Starting untimed measurement, maximum 500000 samples at 1000ms with 0 rampup samples'
ptd-server 2021-03-17 03:59:26,140 [INFO] Sending reply to client 'OK'
ptd-server 2021-03-17 04:11:49,736 [INFO] Got command from the client 'session,2021-03-17_03-58-46,stop,ranging'
ptd-server 2021-03-17 04:11:59,750 [INFO] Sending to ptd: 'Stop'
ptd-server 2021-03-17 04:11:59,750 [INFO] Reply from ptd: 'Stopping untimed measurement'
ptd-server 2021-03-17 04:12:00,140 [INFO] Sending reply to client 'OK'
ptd-server 2021-03-17 04:12:00,171 [INFO] Got command from the client 'session,2021-03-17_03-58-46,upload,ranging'
ptd-server 2021-03-17 04:12:00,187 [INFO] Received 'C:\\ptd-logs\\2021-03-17_03-58-46ranging.tmp'
ptd-server 2021-03-17 04:12:00,203 [INFO] Extracted 'C:\\ptd-logs\\2021-03-17_03-58-46ranging.tmp' into 'C:\\ptd-logs\\2021-03-17_03-58-46\\ranging'
ptd-server 2021-03-17 04:12:00,203 [INFO] Removed 'C:\\ptd-logs\\2021-03-17_03-58-46ranging.tmp'
ptd-server 2021-03-17 04:12:00,203 [INFO] Sending reply to client 'OK'
ptd-server 2021-03-17 04:12:00,406 [INFO] Got command from the client 'time'
ptd-server 2021-03-17 04:12:00,406 [INFO] Sending reply to client '1615979520.406181'
ptd-server 2021-03-17 04:12:00,406 [INFO] Got command from the client 'session,2021-03-17_03-58-46,start,testing'
ptd-server 2021-03-17 04:12:00,406 [INFO] Sending to ptd: 'SR,V,206.370000'
ptd-server 2021-03-17 04:12:06,498 [INFO] Reply from ptd: 'Range V changed'
ptd-server 2021-03-17 04:12:06,498 [INFO] Sending to ptd: 'SR,A,4.220600'
ptd-server 2021-03-17 04:12:12,090 [INFO] Reply from ptd: 'Range A changed'
ptd-server 2021-03-17 04:12:22,091 [INFO] Starting testing mode
ptd-server 2021-03-17 04:12:22,091 [INFO] Sending to ptd: 'Go,1000,0,2021-03-17_03-58-46_testing'
ptd-server 2021-03-17 04:12:22,091 [INFO] Reply from ptd: 'Starting untimed measurement, maximum 500000 samples at 1000ms with 0 rampup samples'
ptd-server 2021-03-17 04:12:22,091 [INFO] Sending reply to client 'OK'
ptd-server 2021-03-17 04:24:49,196 [INFO] Got command from the client 'session,2021-03-17_03-58-46,stop,testing'
ptd-server 2021-03-17 04:24:59,209 [INFO] Sending to ptd: 'Stop'
ptd-server 2021-03-17 04:24:59,209 [INFO] Reply from ptd: 'Stopping untimed measurement'
ptd-server 2021-03-17 04:24:59,397 [INFO] Sending reply to client 'OK'
ptd-server 2021-03-17 04:24:59,443 [INFO] Got command from the client 'session,2021-03-17_03-58-46,upload,testing'
ptd-server 2021-03-17 04:24:59,443 [INFO] Received 'C:\\ptd-logs\\2021-03-17_03-58-46testing.tmp'
ptd-server 2021-03-17 04:24:59,459 [INFO] Extracted 'C:\\ptd-logs\\2021-03-17_03-58-46testing.tmp' into 'C:\\ptd-logs\\2021-03-17_03-58-46\\run_1'
ptd-server 2021-03-17 04:24:59,459 [INFO] Removed 'C:\\ptd-logs\\2021-03-17_03-58-46testing.tmp'
ptd-server 2021-03-17 04:24:59,459 [INFO] Sending reply to client 'OK'
ptd-server 2021-03-17 04:24:59,459 [INFO] Got command from the client 'session,2021-03-17_03-58-46,upload,client.log'
ptd-server 2021-03-17 04:24:59,459 [INFO] Received 'C:\\ptd-logs\\2021-03-17_03-58-46client.log.tmp'
ptd-server 2021-03-17 04:24:59,475 [INFO] Removed 'C:\\ptd-logs\\2021-03-17_03-58-46client.log.tmp'
ptd-server 2021-03-17 04:24:59,475 [INFO] Sending reply to client 'OK'
ptd-server 2021-03-17 04:24:59,490 [INFO] Got command from the client 'session,2021-03-17_03-58-46,upload,client.json'
ptd-server 2021-03-17 04:24:59,490 [INFO] Received 'C:\\ptd-logs\\2021-03-17_03-58-46client.json.tmp'
ptd-server 2021-03-17 04:24:59,506 [INFO] Removed 'C:\\ptd-logs\\2021-03-17_03-58-46client.json.tmp'
ptd-server 2021-03-17 04:24:59,506 [INFO] Sending reply to client 'OK'
ptd-server 2021-03-17 04:24:59,506 [INFO] Got command from the client 'session,2021-03-17_03-58-46,done'
ptd-server 2021-03-17 04:24:59,506 [INFO] Sending to ptd: 'Stop'
ptd-server 2021-03-17 04:25:00,100 [INFO] Reply from ptd: 'Error: no measurement to stop'
ptd-server 2021-03-17 04:25:00,100 [INFO] Sending to ptd: 'SR,V,Auto'
ptd-server 2021-03-17 04:25:05,176 [INFO] Reply from ptd: 'Range V changed'
ptd-server 2021-03-17 04:25:05,176 [INFO] Sending to ptd: 'SR,A,Auto'
ptd-server 2021-03-17 04:25:10,253 [INFO] Reply from ptd: 'Range A changed'
ptd-server 2021-03-17 04:25:10,253 [INFO] Set initial values for Amps Auto and Volts Auto
ptd-server 2021-03-17 04:25:10,253 [INFO] Stopping ptd...
