ptd-server 2021-03-06 08:16:06,281 [INFO] Got command from the client 'time'
ptd-server 2021-03-06 08:16:06,281 [INFO] Sending reply to client '1615018566.2816107'
ptd-server 2021-03-06 08:16:06,284 [INFO] Got command from the client 'new,,41031cc9-ea67-4614-9e48-bb2f38658074'
ptd-server 2021-03-06 08:16:06,285 [INFO] Sending reply to client 'OK 2021-03-06_08-16-06,70e82b87-ccb9-491c-8531-6331c3a49e44'
ptd-server 2021-03-06 08:16:06,319 [INFO] Got command from the client 'time'
ptd-server 2021-03-06 08:16:06,319 [INFO] Sending reply to client '1615018566.3192666'
ptd-server 2021-03-06 08:16:06,322 [INFO] Got command from the client 'session,2021-03-06_08-16-06,start,ranging'
ptd-server 2021-03-06 08:16:06,323 [INFO] Running PTDaemon: ['/home/anton/projects/mlperf/power/inference_v1.0/ptd-linux-x86', '-l', 'ptd.log', '-p', '8888', '52', '/dev/usbtmc0']
ptd-server 2021-03-06 08:16:23,491 [INFO] Sending to ptd: 'Hello'
ptd-server 2021-03-06 08:16:23,492 [INFO] Reply from ptd: 'Hello, PTDaemon here!'
ptd-server 2021-03-06 08:16:23,492 [INFO] Sending to ptd: 'Identify'
ptd-server 2021-03-06 08:16:23,492 [INFO] Reply from ptd: 'YokogawaWT330E,1000,1,1,1,1,0,0,1,version=1.9.2-e8c7a49a-20201208,OS=Linux 5.8.0-43-generic #49~20.04.1-Ubuntu SMP Fri Feb 5 09:57:56 UTC 2021 x86_64,mode=power,1,1,1,0,0,no_cal_date,YOKOGAWA;WT333E;C3VD30030E;F1.04'
ptd-server 2021-03-06 08:16:23,492 [INFO] Connected to PTDaemon
ptd-server 2021-03-06 08:16:23,492 [INFO] Sending to ptd: 'RR'
ptd-server 2021-03-06 08:16:23,493 [INFO] Reply from ptd: 'Ranges,0,0.500000,0,300.000000'
ptd-server 2021-03-06 08:16:23,493 [INFO] Initial range for Amps is 0.500000 for Volts is 300.000000
ptd-server 2021-03-06 08:16:23,493 [INFO] Sending to ptd: 'SR,V,Auto'
ptd-server 2021-03-06 08:16:23,996 [INFO] Reply from ptd: 'Range V changed'
ptd-server 2021-03-06 08:16:23,996 [INFO] Sending to ptd: 'SR,A,Auto'
ptd-server 2021-03-06 08:16:24,498 [INFO] Reply from ptd: 'Range A changed'
ptd-server 2021-03-06 08:16:34,508 [INFO] Starting ranging mode
ptd-server 2021-03-06 08:16:34,509 [INFO] Sending to ptd: 'Go,1000,0,2021-03-06_08-16-06_ranging'
ptd-server 2021-03-06 08:16:34,509 [INFO] Reply from ptd: 'Starting untimed measurement, maximum 500000 samples at 1000ms with 0 rampup samples'
ptd-server 2021-03-06 08:16:34,509 [INFO] Sending reply to client 'OK'
ptd-server 2021-03-06 08:27:08,103 [INFO] Got command from the client 'session,2021-03-06_08-16-06,stop,ranging'
ptd-server 2021-03-06 08:27:18,113 [INFO] Sending to ptd: 'Stop'
ptd-server 2021-03-06 08:27:18,114 [INFO] Reply from ptd: 'Stopping untimed measurement'
ptd-server 2021-03-06 08:27:18,527 [INFO] Sending reply to client 'OK'
ptd-server 2021-03-06 08:27:18,582 [INFO] Got command from the client 'time'
ptd-server 2021-03-06 08:27:18,582 [INFO] Sending reply to client '1615019238.5828323'
ptd-server 2021-03-06 08:27:18,586 [INFO] Got command from the client 'session,2021-03-06_08-16-06,start,testing'
ptd-server 2021-03-06 08:27:18,586 [INFO] Sending to ptd: 'SR,V,248.960000'
ptd-server 2021-03-06 08:27:20,087 [INFO] Reply from ptd: 'Range V changed'
ptd-server 2021-03-06 08:27:20,088 [INFO] Sending to ptd: 'SR,A,0.059650'
ptd-server 2021-03-06 08:27:21,589 [INFO] Reply from ptd: 'Range A changed'
ptd-server 2021-03-06 08:27:31,599 [INFO] Starting testing mode
ptd-server 2021-03-06 08:27:31,599 [INFO] Sending to ptd: 'Go,1000,0,2021-03-06_08-16-06_testing'
ptd-server 2021-03-06 08:27:31,600 [INFO] Reply from ptd: 'Starting untimed measurement, maximum 500000 samples at 1000ms with 0 rampup samples'
ptd-server 2021-03-06 08:27:31,600 [INFO] Sending reply to client 'OK'
ptd-server 2021-03-06 08:38:08,176 [INFO] Got command from the client 'session,2021-03-06_08-16-06,stop,testing'
ptd-server 2021-03-06 08:38:18,186 [INFO] Sending to ptd: 'Stop'
ptd-server 2021-03-06 08:38:18,187 [INFO] Reply from ptd: 'Stopping untimed measurement'
ptd-server 2021-03-06 08:38:18,404 [INFO] Sending reply to client 'OK'
ptd-server 2021-03-06 08:38:18,412 [INFO] Got command from the client 'session,2021-03-06_08-16-06,upload,client.log'
ptd-server 2021-03-06 08:38:18,416 [INFO] Received '/home/anton/projects/mlperf/power-dev/output/2021-03-06_08-16-06client.log.tmp'
ptd-server 2021-03-06 08:38:18,416 [INFO] Removed '/home/anton/projects/mlperf/power-dev/output/2021-03-06_08-16-06client.log.tmp'
ptd-server 2021-03-06 08:38:18,416 [INFO] Sending reply to client 'OK'
ptd-server 2021-03-06 08:38:18,429 [INFO] Got command from the client 'session,2021-03-06_08-16-06,upload,client.json'
ptd-server 2021-03-06 08:38:18,432 [INFO] Received '/home/anton/projects/mlperf/power-dev/output/2021-03-06_08-16-06client.json.tmp'
ptd-server 2021-03-06 08:38:18,433 [INFO] Removed '/home/anton/projects/mlperf/power-dev/output/2021-03-06_08-16-06client.json.tmp'
ptd-server 2021-03-06 08:38:18,433 [INFO] Sending reply to client 'OK'
ptd-server 2021-03-06 08:38:18,436 [INFO] Got command from the client 'session,2021-03-06_08-16-06,done'
ptd-server 2021-03-06 08:38:18,436 [INFO] Sending to ptd: 'Stop'
ptd-server 2021-03-06 08:38:18,600 [INFO] Reply from ptd: 'Error: no measurement to stop'
ptd-server 2021-03-06 08:38:18,600 [INFO] Sending to ptd: 'SR,V,300.000000'
ptd-server 2021-03-06 08:38:20,102 [INFO] Reply from ptd: 'Range V changed'
ptd-server 2021-03-06 08:38:20,102 [INFO] Sending to ptd: 'SR,A,0.500000'
ptd-server 2021-03-06 08:38:21,603 [INFO] Reply from ptd: 'Range A changed'
ptd-server 2021-03-06 08:38:21,603 [INFO] Set initial values for Amps 0.500000 and Volts 300.000000
ptd-server 2021-03-06 08:38:21,603 [INFO] Stopping ptd...
