ptd-server 2021-03-01 22:27:53,551 [INFO] Got command from the client 'time'
ptd-server 2021-03-01 22:27:53,551 [INFO] Sending reply to client '1614637673.5516634'
ptd-server 2021-03-01 22:27:53,552 [INFO] Got command from the client 'new,,0fec50a1-38ab-480d-9e93-302f6d534a8c'
ptd-server 2021-03-01 22:27:53,553 [INFO] Sending reply to client 'OK 2021-03-01_22-27-53,7d7bad3f-ea9e-49ea-9422-2046c948ab8b'
ptd-server 2021-03-01 22:27:53,591 [INFO] Got command from the client 'time'
ptd-server 2021-03-01 22:27:53,591 [INFO] Sending reply to client '1614637673.5914364'
ptd-server 2021-03-01 22:27:53,592 [INFO] Got command from the client 'session,2021-03-01_22-27-53,start,ranging'
ptd-server 2021-03-01 22:27:53,592 [INFO] Running PTDaemon: ['/home/anton/projects/mlperf/power/inference_v1.0/ptd-linux-x86', '-l', 'ptd.log', '-p', '8888', '52', '/dev/usbtmc0']
ptd-server 2021-03-01 22:28:10,761 [INFO] Sending to ptd: 'Hello'
ptd-server 2021-03-01 22:28:10,762 [INFO] Reply from ptd: 'Hello, PTDaemon here!'
ptd-server 2021-03-01 22:28:10,762 [INFO] Sending to ptd: 'Identify'
ptd-server 2021-03-01 22:28:10,762 [INFO] Reply from ptd: 'YokogawaWT330E,1000,1,1,1,1,0,0,1,version=1.9.2-e8c7a49a-20201208,OS=Linux 5.8.0-43-generic #49~20.04.1-Ubuntu SMP Fri Feb 5 09:57:56 UTC 2021 x86_64,mode=power,1,1,1,0,0,no_cal_date,YOKOGAWA;WT333E;C3VD30030E;F1.04'
ptd-server 2021-03-01 22:28:10,762 [INFO] Connected to PTDaemon
ptd-server 2021-03-01 22:28:10,762 [INFO] Sending to ptd: 'RR'
ptd-server 2021-03-01 22:28:10,763 [INFO] Reply from ptd: 'Ranges,0,0.500000,0,300.000000'
ptd-server 2021-03-01 22:28:10,763 [INFO] Initial range for Amps is 0.500000 for Volts is 300.000000
ptd-server 2021-03-01 22:28:10,763 [INFO] Sending to ptd: 'SR,V,Auto'
ptd-server 2021-03-01 22:28:11,265 [INFO] Reply from ptd: 'Range V changed'
ptd-server 2021-03-01 22:28:11,266 [INFO] Sending to ptd: 'SR,A,Auto'
ptd-server 2021-03-01 22:28:11,768 [INFO] Reply from ptd: 'Range A changed'
ptd-server 2021-03-01 22:28:21,778 [INFO] Starting ranging mode
ptd-server 2021-03-01 22:28:21,778 [INFO] Sending to ptd: 'Go,1000,0,2021-03-01_22-27-53_ranging'
ptd-server 2021-03-01 22:28:21,779 [INFO] Reply from ptd: 'Starting untimed measurement, maximum 500000 samples at 1000ms with 0 rampup samples'
ptd-server 2021-03-01 22:28:21,779 [INFO] Sending reply to client 'OK'
ptd-server 2021-03-01 22:38:40,677 [INFO] Got command from the client 'session,2021-03-01_22-27-53,stop,ranging'
ptd-server 2021-03-01 22:38:50,687 [INFO] Sending to ptd: 'Stop'
ptd-server 2021-03-01 22:38:50,688 [INFO] Reply from ptd: 'Stopping untimed measurement'
ptd-server 2021-03-01 22:38:50,960 [INFO] Sending reply to client 'OK'
ptd-server 2021-03-01 22:38:51,001 [INFO] Got command from the client 'time'
ptd-server 2021-03-01 22:38:51,002 [INFO] Sending reply to client '1614638331.0019813'
ptd-server 2021-03-01 22:38:51,004 [INFO] Got command from the client 'session,2021-03-01_22-27-53,start,testing'
ptd-server 2021-03-01 22:38:51,004 [INFO] Sending to ptd: 'SR,V,250.410000'
ptd-server 2021-03-01 22:38:52,505 [INFO] Reply from ptd: 'Range V changed'
ptd-server 2021-03-01 22:38:52,505 [INFO] Sending to ptd: 'SR,A,0.207200'
ptd-server 2021-03-01 22:38:54,007 [INFO] Reply from ptd: 'Range A changed'
ptd-server 2021-03-01 22:39:04,017 [INFO] Starting testing mode
ptd-server 2021-03-01 22:39:04,017 [INFO] Sending to ptd: 'Go,1000,0,2021-03-01_22-27-53_testing'
ptd-server 2021-03-01 22:39:04,017 [INFO] Reply from ptd: 'Starting untimed measurement, maximum 500000 samples at 1000ms with 0 rampup samples'
ptd-server 2021-03-01 22:39:04,018 [INFO] Sending reply to client 'OK'
ptd-server 2021-03-01 22:49:22,847 [INFO] Got command from the client 'session,2021-03-01_22-27-53,stop,testing'
ptd-server 2021-03-01 22:49:32,857 [INFO] Sending to ptd: 'Stop'
ptd-server 2021-03-01 22:49:32,858 [INFO] Reply from ptd: 'Stopping untimed measurement'
ptd-server 2021-03-01 22:49:33,003 [INFO] Sending reply to client 'OK'
ptd-server 2021-03-01 22:49:33,014 [INFO] Got command from the client 'session,2021-03-01_22-27-53,upload,client.log'
ptd-server 2021-03-01 22:49:33,015 [INFO] Received '/home/anton/projects/mlperf/power-dev/output/2021-03-01_22-27-53client.log.tmp'
ptd-server 2021-03-01 22:49:33,015 [INFO] Removed '/home/anton/projects/mlperf/power-dev/output/2021-03-01_22-27-53client.log.tmp'
ptd-server 2021-03-01 22:49:33,015 [INFO] Sending reply to client 'OK'
ptd-server 2021-03-01 22:49:33,020 [INFO] Got command from the client 'session,2021-03-01_22-27-53,upload,client.json'
ptd-server 2021-03-01 22:49:33,020 [INFO] Received '/home/anton/projects/mlperf/power-dev/output/2021-03-01_22-27-53client.json.tmp'
ptd-server 2021-03-01 22:49:33,020 [INFO] Removed '/home/anton/projects/mlperf/power-dev/output/2021-03-01_22-27-53client.json.tmp'
ptd-server 2021-03-01 22:49:33,020 [INFO] Sending reply to client 'OK'
ptd-server 2021-03-01 22:49:33,021 [INFO] Got command from the client 'session,2021-03-01_22-27-53,done'
ptd-server 2021-03-01 22:49:33,022 [INFO] Sending to ptd: 'Stop'
ptd-server 2021-03-01 22:49:33,022 [INFO] Reply from ptd: 'Error: no measurement to stop'
ptd-server 2021-03-01 22:49:33,022 [INFO] Sending to ptd: 'SR,V,300.000000'
ptd-server 2021-03-01 22:49:34,523 [INFO] Reply from ptd: 'Range V changed'
ptd-server 2021-03-01 22:49:34,524 [INFO] Sending to ptd: 'SR,A,0.500000'
ptd-server 2021-03-01 22:49:36,025 [INFO] Reply from ptd: 'Range A changed'
ptd-server 2021-03-01 22:49:36,025 [INFO] Set initial values for Amps 0.500000 and Volts 300.000000
ptd-server 2021-03-01 22:49:36,025 [INFO] Stopping ptd...
