client 2021-03-03 00:06:49,401 [INFO] Sending command to the server: 'mlcommons/power client v3'
client 2021-03-03 00:06:49,404 [INFO] Got response: 'mlcommons/power server v3'
client 2021-03-03 00:06:49,404 [INFO] Synchronizing with the server and with time.google.com...
client 2021-03-03 00:06:49,457 [INFO] NTP:offset = -0.008 s, delay = 0.031 s 
client 2021-03-03 00:06:49,458 [INFO] Sending command to the server: 'time'
client 2021-03-03 00:06:49,460 [INFO] Got response: '1614730009.4469151'
client 2021-03-03 00:06:49,461 [INFO] The time difference between the client and the server is within range 11.136 ms..14.055 ms
client 2021-03-03 00:06:49,461 [INFO] Sending command to the server: 'new,,25874ee8-3924-4a1f-9931-2a48c329b469'
client 2021-03-03 00:06:49,464 [INFO] Got response: 'OK 2021-03-03_00-06-49,f74f4151-df7e-4d85-8019-190594346a37'
client 2021-03-03 00:06:49,464 [INFO] Session id is '2021-03-03_00-06-49'
client 2021-03-03 00:06:49,464 [INFO] Sources: {"sources": {"client.py": "d1e75cb4b26101220ebd242e584cf3ca5d8f1996", "lib/__init__.py": "da39a3ee5e6b4b0d3255bfef95601890afd80709", "lib/client.py": "d42bebf5b74cb6ff3997e2a6c68422afac111a28", "lib/common.py": "b0bad80d8fa328a7636027d4d66ff453f8dd7889", "lib/external/ntplib.py": "4da8f970656505a40483206ef2b5d3dd5e81711d", "lib/server.py": "2ed36471c7af565d6c8438b2134edad1d7ddf166", "lib/source_hashes.py": "4cedff274c661cb1504052018fd4f00dfbf624ef", "lib/summary.py": "0db15d783907aa92038281af4e465545c0648ddb", "lib/time_sync.py": "76051226ec89287839723352f4162aaa24e0546a", "server.py": "99e1310e3f76292aef1b8792ce6b8c82f1d44d8b", "tests/unit/test_server.py": "64f11775bfed35232a0e8bb9593c0ff992432c59", "tests/unit/test_source_hashes.py": "cb41a7261eaf7d94ba5c0aae9c523174f6204be3"}, "modules": {"__main__": "client.py", "lib.client": "lib/client.py", "lib.common": "lib/common.py", "lib.external.ntplib": "lib/external/ntplib.py", "lib.source_hashes": "lib/source_hashes.py", "lib.summary": "lib/summary.py", "lib.time_sync": "lib/time_sync.py"}}
client 2021-03-03 00:06:49,465 [INFO] Running workload in ranging mode
client 2021-03-03 00:06:49,465 [INFO] Synchronizing with the server and with time.google.com...
client 2021-03-03 00:06:49,497 [INFO] NTP:offset = -0.009 s, delay = 0.030 s 
client 2021-03-03 00:06:49,498 [INFO] Sending command to the server: 'time'
client 2021-03-03 00:06:49,500 [INFO] Got response: '1614730009.4869895'
client 2021-03-03 00:06:49,501 [INFO] The time difference between the client and the server is within range 11.116 ms..14.272 ms
client 2021-03-03 00:06:49,501 [INFO] Sending command to the server: 'session,2021-03-03_00-06-49,start,ranging'
client 2021-03-03 00:07:17,691 [INFO] Got response: 'OK'
client 2021-03-03 00:07:17,691 [INFO] Running the workload 'ck benchmark program:image-classification-tflite-loadgen --env.CK_SILENT_MODE=YES --skip_print_timers --dep_add_tags.compiler=gcc,v9 --dep_add_tags.python=v3 --dep_add_tags.mlperf-inference-src=r1.0 --dep_add_tags.weights=resnet50 --dep_add_tags.images=crop.875,preprocessed,using-opencv --dep_add_tags.library=tflite,v2.4.1,with.ruy --env.CK_LOADGEN_DATASET_SIZE=1024 --env.CK_LOADGEN_SCENARIO=SingleStream --env.CK_LOADGEN_MODE=PerformanceOnly --env.CK_LOADGEN_TARGET_LATENCY=550 --skip_stat_analysis --process_multi_keys --repetitions=1 --record --record_repo=local --record_uoa=mlperf-closed-rpi4coral-tflite-v2.4.1-ruy-resnet50-singlestream-performance-target_latency.550-power.workload --tags=mlperf,division.closed,task.image-classification,platform.rpi4coral,scenario.singlestream,mode.performance,workload.resnet50,preprocessed_using.opencv,inference_engine.tflite,inference_engine_version.v2.4.1,inference_engine_backend.ruy,target_latency.550,fan.cool,power.workload "@@@{\'meta\': {\'ck_benchmark_program\': \'ck benchmark program:image-classification-tflite-loadgen --env.CK_SILENT_MODE=YES --skip_print_timers --dep_add_tags.compiler=gcc,v9 --dep_add_tags.python=v3 --dep_add_tags.mlperf-inference-src=r1.0 --dep_add_tags.weights=resnet50 --dep_add_tags.images=crop.875,preprocessed,using-opencv --dep_add_tags.library=tflite,v2.4.1,with.ruy --env.CK_LOADGEN_DATASET_SIZE=1024 --env.CK_LOADGEN_SCENARIO=SingleStream --env.CK_LOADGEN_MODE=PerformanceOnly --env.CK_LOADGEN_TARGET_LATENCY=550 --skip_stat_analysis --process_multi_keys --repetitions=1 --record --record_repo=local --record_uoa=mlperf-closed-rpi4coral-tflite-v2.4.1-ruy-resnet50-singlestream-performance-target_latency.550-power.workload --tags=mlperf,division.closed,task.image-classification,platform.rpi4coral,scenario.singlestream,mode.performance,workload.resnet50,preprocessed_using.opencv,inference_engine.tflite,inference_engine_version.v2.4.1,inference_engine_backend.ruy,target_latency.550,fan.cool,power.workload\'}}" && cat `ck find program:image-classification-tflite-loadgen`/tmp/mlperf_log_summary.txt && mkdir -p "$CK_MLPERF_POWER_CLIENT_LOADGEN_LOGS" && cp "$CK_MLPERF_POWER_CLIENT_LOADGEN_LOGS"/../mlperf_log_* "$CK_MLPERF_POWER_CLIENT_LOADGEN_LOGS"/'
client 2021-03-03 00:18:02,001 [INFO] Sending command to the server: 'session,2021-03-03_00-06-49,stop,ranging'
client 2021-03-03 00:18:12,315 [INFO] Got response: 'OK'
client 2021-03-03 00:18:12,317 [INFO] Running workload in testing mode
client 2021-03-03 00:18:12,318 [INFO] Synchronizing with the server and with time.google.com...
client 2021-03-03 00:18:12,352 [INFO] NTP:offset = -0.004 s, delay = 0.028 s 
client 2021-03-03 00:18:12,353 [INFO] Sending command to the server: 'time'
client 2021-03-03 00:18:12,356 [INFO] Got response: '1614730692.3455577'
client 2021-03-03 00:18:12,357 [INFO] The time difference between the client and the server is within range 7.762 ms..11.412 ms
client 2021-03-03 00:18:12,357 [INFO] Sending command to the server: 'session,2021-03-03_00-06-49,start,testing'
client 2021-03-03 00:18:25,703 [INFO] Got response: 'OK'
client 2021-03-03 00:18:25,703 [INFO] Running the workload 'ck benchmark program:image-classification-tflite-loadgen --env.CK_SILENT_MODE=YES --skip_print_timers --dep_add_tags.compiler=gcc,v9 --dep_add_tags.python=v3 --dep_add_tags.mlperf-inference-src=r1.0 --dep_add_tags.weights=resnet50 --dep_add_tags.images=crop.875,preprocessed,using-opencv --dep_add_tags.library=tflite,v2.4.1,with.ruy --env.CK_LOADGEN_DATASET_SIZE=1024 --env.CK_LOADGEN_SCENARIO=SingleStream --env.CK_LOADGEN_MODE=PerformanceOnly --env.CK_LOADGEN_TARGET_LATENCY=550 --skip_stat_analysis --process_multi_keys --repetitions=1 --record --record_repo=local --record_uoa=mlperf-closed-rpi4coral-tflite-v2.4.1-ruy-resnet50-singlestream-performance-target_latency.550-power.workload --tags=mlperf,division.closed,task.image-classification,platform.rpi4coral,scenario.singlestream,mode.performance,workload.resnet50,preprocessed_using.opencv,inference_engine.tflite,inference_engine_version.v2.4.1,inference_engine_backend.ruy,target_latency.550,fan.cool,power.workload "@@@{\'meta\': {\'ck_benchmark_program\': \'ck benchmark program:image-classification-tflite-loadgen --env.CK_SILENT_MODE=YES --skip_print_timers --dep_add_tags.compiler=gcc,v9 --dep_add_tags.python=v3 --dep_add_tags.mlperf-inference-src=r1.0 --dep_add_tags.weights=resnet50 --dep_add_tags.images=crop.875,preprocessed,using-opencv --dep_add_tags.library=tflite,v2.4.1,with.ruy --env.CK_LOADGEN_DATASET_SIZE=1024 --env.CK_LOADGEN_SCENARIO=SingleStream --env.CK_LOADGEN_MODE=PerformanceOnly --env.CK_LOADGEN_TARGET_LATENCY=550 --skip_stat_analysis --process_multi_keys --repetitions=1 --record --record_repo=local --record_uoa=mlperf-closed-rpi4coral-tflite-v2.4.1-ruy-resnet50-singlestream-performance-target_latency.550-power.workload --tags=mlperf,division.closed,task.image-classification,platform.rpi4coral,scenario.singlestream,mode.performance,workload.resnet50,preprocessed_using.opencv,inference_engine.tflite,inference_engine_version.v2.4.1,inference_engine_backend.ruy,target_latency.550,fan.cool,power.workload\'}}" && cat `ck find program:image-classification-tflite-loadgen`/tmp/mlperf_log_summary.txt && mkdir -p "$CK_MLPERF_POWER_CLIENT_LOADGEN_LOGS" && cp "$CK_MLPERF_POWER_CLIENT_LOADGEN_LOGS"/../mlperf_log_* "$CK_MLPERF_POWER_CLIENT_LOADGEN_LOGS"/'
client 2021-03-03 00:29:09,793 [INFO] Sending command to the server: 'session,2021-03-03_00-06-49,stop,testing'
client 2021-03-03 00:29:19,975 [INFO] Got response: 'OK'
client 2021-03-03 00:29:19,977 [INFO] Done runs
