ptd-server 2021-03-03 00:06:49,446 [INFO] Got command from the client 'time'
ptd-server 2021-03-03 00:06:49,446 [INFO] Sending reply to client '1614730009.4469151'
ptd-server 2021-03-03 00:06:49,450 [INFO] Got command from the client 'new,,25874ee8-3924-4a1f-9931-2a48c329b469'
ptd-server 2021-03-03 00:06:49,450 [INFO] Sending reply to client 'OK 2021-03-03_00-06-49,f74f4151-df7e-4d85-8019-190594346a37'
ptd-server 2021-03-03 00:06:49,486 [INFO] Got command from the client 'time'
ptd-server 2021-03-03 00:06:49,487 [INFO] Sending reply to client '1614730009.4869895'
ptd-server 2021-03-03 00:06:49,490 [INFO] Got command from the client 'session,2021-03-03_00-06-49,start,ranging'
ptd-server 2021-03-03 00:06:49,490 [INFO] Running PTDaemon: ['/home/anton/projects/mlperf/power/inference_v1.0/ptd-linux-x86', '-l', 'ptd.log', '-p', '8888', '52', '/dev/usbtmc0']
ptd-server 2021-03-03 00:07:06,660 [INFO] Sending to ptd: 'Hello'
ptd-server 2021-03-03 00:07:06,660 [INFO] Reply from ptd: 'Hello, PTDaemon here!'
ptd-server 2021-03-03 00:07:06,660 [INFO] Sending to ptd: 'Identify'
ptd-server 2021-03-03 00:07:06,661 [INFO] Reply from ptd: 'YokogawaWT330E,1000,1,1,1,1,0,0,1,version=1.9.2-e8c7a49a-20201208,OS=Linux 5.8.0-43-generic #49~20.04.1-Ubuntu SMP Fri Feb 5 09:57:56 UTC 2021 x86_64,mode=power,1,1,1,0,0,no_cal_date,YOKOGAWA;WT333E;C3VD30030E;F1.04'
ptd-server 2021-03-03 00:07:06,661 [INFO] Connected to PTDaemon
ptd-server 2021-03-03 00:07:06,661 [INFO] Sending to ptd: 'RR'
ptd-server 2021-03-03 00:07:06,661 [INFO] Reply from ptd: 'Ranges,0,0.500000,0,300.000000'
ptd-server 2021-03-03 00:07:06,662 [INFO] Initial range for Amps is 0.500000 for Volts is 300.000000
ptd-server 2021-03-03 00:07:06,662 [INFO] Sending to ptd: 'SR,V,Auto'
ptd-server 2021-03-03 00:07:07,164 [INFO] Reply from ptd: 'Range V changed'
ptd-server 2021-03-03 00:07:07,164 [INFO] Sending to ptd: 'SR,A,Auto'
ptd-server 2021-03-03 00:07:07,667 [INFO] Reply from ptd: 'Range A changed'
ptd-server 2021-03-03 00:07:17,677 [INFO] Starting ranging mode
ptd-server 2021-03-03 00:07:17,677 [INFO] Sending to ptd: 'Go,1000,0,2021-03-03_00-06-49_ranging'
ptd-server 2021-03-03 00:07:17,678 [INFO] Reply from ptd: 'Starting untimed measurement, maximum 500000 samples at 1000ms with 0 rampup samples'
ptd-server 2021-03-03 00:07:17,678 [INFO] Sending reply to client 'OK'
ptd-server 2021-03-03 00:18:01,993 [INFO] Got command from the client 'session,2021-03-03_00-06-49,stop,ranging'
ptd-server 2021-03-03 00:18:12,004 [INFO] Sending to ptd: 'Stop'
ptd-server 2021-03-03 00:18:12,004 [INFO] Reply from ptd: 'Stopping untimed measurement'
ptd-server 2021-03-03 00:18:12,304 [INFO] Sending reply to client 'OK'
ptd-server 2021-03-03 00:18:12,345 [INFO] Got command from the client 'time'
ptd-server 2021-03-03 00:18:12,345 [INFO] Sending reply to client '1614730692.3455577'
ptd-server 2021-03-03 00:18:12,350 [INFO] Got command from the client 'session,2021-03-03_00-06-49,start,testing'
ptd-server 2021-03-03 00:18:12,350 [INFO] Sending to ptd: 'SR,V,250.700000'
ptd-server 2021-03-03 00:18:14,179 [INFO] Reply from ptd: 'Range V changed'
ptd-server 2021-03-03 00:18:14,179 [INFO] Sending to ptd: 'SR,A,0.056070'
ptd-server 2021-03-03 00:18:15,681 [INFO] Reply from ptd: 'Range A changed'
ptd-server 2021-03-03 00:18:25,691 [INFO] Starting testing mode
ptd-server 2021-03-03 00:18:25,691 [INFO] Sending to ptd: 'Go,1000,0,2021-03-03_00-06-49_testing'
ptd-server 2021-03-03 00:18:25,692 [INFO] Reply from ptd: 'Starting untimed measurement, maximum 500000 samples at 1000ms with 0 rampup samples'
ptd-server 2021-03-03 00:18:25,692 [INFO] Sending reply to client 'OK'
ptd-server 2021-03-03 00:29:09,790 [INFO] Got command from the client 'session,2021-03-03_00-06-49,stop,testing'
ptd-server 2021-03-03 00:29:19,800 [INFO] Sending to ptd: 'Stop'
ptd-server 2021-03-03 00:29:19,800 [INFO] Reply from ptd: 'Stopping untimed measurement'
ptd-server 2021-03-03 00:29:19,968 [INFO] Sending reply to client 'OK'
ptd-server 2021-03-03 00:29:19,976 [INFO] Got command from the client 'session,2021-03-03_00-06-49,upload,client.log'
ptd-server 2021-03-03 00:29:19,980 [INFO] Received '/home/anton/projects/mlperf/power-dev/output/2021-03-03_00-06-49client.log.tmp'
ptd-server 2021-03-03 00:29:19,980 [INFO] Removed '/home/anton/projects/mlperf/power-dev/output/2021-03-03_00-06-49client.log.tmp'
ptd-server 2021-03-03 00:29:19,980 [INFO] Sending reply to client 'OK'
ptd-server 2021-03-03 00:29:19,993 [INFO] Got command from the client 'session,2021-03-03_00-06-49,upload,client.json'
ptd-server 2021-03-03 00:29:19,996 [INFO] Received '/home/anton/projects/mlperf/power-dev/output/2021-03-03_00-06-49client.json.tmp'
ptd-server 2021-03-03 00:29:19,997 [INFO] Removed '/home/anton/projects/mlperf/power-dev/output/2021-03-03_00-06-49client.json.tmp'
ptd-server 2021-03-03 00:29:19,997 [INFO] Sending reply to client 'OK'
ptd-server 2021-03-03 00:29:20,000 [INFO] Got command from the client 'session,2021-03-03_00-06-49,done'
ptd-server 2021-03-03 00:29:20,001 [INFO] Sending to ptd: 'Stop'
ptd-server 2021-03-03 00:29:20,692 [INFO] Reply from ptd: 'Error: no measurement to stop'
ptd-server 2021-03-03 00:29:20,692 [INFO] Sending to ptd: 'SR,V,300.000000'
ptd-server 2021-03-03 00:29:22,194 [INFO] Reply from ptd: 'Range V changed'
ptd-server 2021-03-03 00:29:22,194 [INFO] Sending to ptd: 'SR,A,0.500000'
ptd-server 2021-03-03 00:29:23,695 [INFO] Reply from ptd: 'Range A changed'
ptd-server 2021-03-03 00:29:23,695 [INFO] Set initial values for Amps 0.500000 and Volts 300.000000
ptd-server 2021-03-03 00:29:23,696 [INFO] Stopping ptd...
