ptd-server 2021-03-05 20:48:29,866 [INFO] Got command from the client 'time'
ptd-server 2021-03-05 20:48:29,866 [INFO] Sending reply to client '1614977309.8664439'
ptd-server 2021-03-05 20:48:29,869 [INFO] Got command from the client 'new,,9fba2495-95cc-4413-b0c6-3175057807ff'
ptd-server 2021-03-05 20:48:29,869 [INFO] Sending reply to client 'OK 2021-03-05_20-48-29,e9b69f19-cd45-40f6-91c7-7ce8ac7026eb'
ptd-server 2021-03-05 20:48:29,901 [INFO] Got command from the client 'time'
ptd-server 2021-03-05 20:48:29,901 [INFO] Sending reply to client '1614977309.9014795'
ptd-server 2021-03-05 20:48:29,904 [INFO] Got command from the client 'session,2021-03-05_20-48-29,start,ranging'
ptd-server 2021-03-05 20:48:29,904 [INFO] Running PTDaemon: ['/home/anton/projects/mlperf/power/inference_v1.0/ptd-linux-x86', '-l', 'ptd.log', '-p', '8888', '52', '/dev/usbtmc0']
ptd-server 2021-03-05 20:48:47,072 [INFO] Sending to ptd: 'Hello'
ptd-server 2021-03-05 20:48:47,073 [INFO] Reply from ptd: 'Hello, PTDaemon here!'
ptd-server 2021-03-05 20:48:47,073 [INFO] Sending to ptd: 'Identify'
ptd-server 2021-03-05 20:48:47,073 [INFO] Reply from ptd: 'YokogawaWT330E,1000,1,1,1,1,0,0,1,version=1.9.2-e8c7a49a-20201208,OS=Linux 5.8.0-43-generic #49~20.04.1-Ubuntu SMP Fri Feb 5 09:57:56 UTC 2021 x86_64,mode=power,1,1,1,0,0,no_cal_date,YOKOGAWA;WT333E;C3VD30030E;F1.04'
ptd-server 2021-03-05 20:48:47,073 [INFO] Connected to PTDaemon
ptd-server 2021-03-05 20:48:47,073 [INFO] Sending to ptd: 'RR'
ptd-server 2021-03-05 20:48:47,074 [INFO] Reply from ptd: 'Ranges,0,0.500000,0,300.000000'
ptd-server 2021-03-05 20:48:47,074 [INFO] Initial range for Amps is 0.500000 for Volts is 300.000000
ptd-server 2021-03-05 20:48:47,074 [INFO] Sending to ptd: 'SR,V,Auto'
ptd-server 2021-03-05 20:48:47,576 [INFO] Reply from ptd: 'Range V changed'
ptd-server 2021-03-05 20:48:47,577 [INFO] Sending to ptd: 'SR,A,Auto'
ptd-server 2021-03-05 20:48:48,079 [INFO] Reply from ptd: 'Range A changed'
ptd-server 2021-03-05 20:48:58,089 [INFO] Starting ranging mode
ptd-server 2021-03-05 20:48:58,089 [INFO] Sending to ptd: 'Go,1000,0,2021-03-05_20-48-29_ranging'
ptd-server 2021-03-05 20:48:58,090 [INFO] Reply from ptd: 'Starting untimed measurement, maximum 500000 samples at 1000ms with 0 rampup samples'
ptd-server 2021-03-05 20:48:58,090 [INFO] Sending reply to client 'OK'
ptd-server 2021-03-05 20:59:29,347 [INFO] Got command from the client 'session,2021-03-05_20-48-29,stop,ranging'
ptd-server 2021-03-05 20:59:39,358 [INFO] Sending to ptd: 'Stop'
ptd-server 2021-03-05 20:59:39,358 [INFO] Reply from ptd: 'Stopping untimed measurement'
ptd-server 2021-03-05 20:59:39,726 [INFO] Sending reply to client 'OK'
ptd-server 2021-03-05 20:59:39,781 [INFO] Got command from the client 'time'
ptd-server 2021-03-05 20:59:39,782 [INFO] Sending reply to client '1614977979.7820556'
ptd-server 2021-03-05 20:59:39,785 [INFO] Got command from the client 'session,2021-03-05_20-48-29,start,testing'
ptd-server 2021-03-05 20:59:39,785 [INFO] Sending to ptd: 'SR,V,250.280000'
ptd-server 2021-03-05 20:59:41,591 [INFO] Reply from ptd: 'Range V changed'
ptd-server 2021-03-05 20:59:41,592 [INFO] Sending to ptd: 'SR,A,0.058420'
ptd-server 2021-03-05 20:59:43,093 [INFO] Reply from ptd: 'Range A changed'
ptd-server 2021-03-05 20:59:53,103 [INFO] Starting testing mode
ptd-server 2021-03-05 20:59:53,103 [INFO] Sending to ptd: 'Go,1000,0,2021-03-05_20-48-29_testing'
ptd-server 2021-03-05 20:59:53,104 [INFO] Reply from ptd: 'Starting untimed measurement, maximum 500000 samples at 1000ms with 0 rampup samples'
ptd-server 2021-03-05 20:59:53,104 [INFO] Sending reply to client 'OK'
ptd-server 2021-03-05 21:10:29,379 [INFO] Got command from the client 'session,2021-03-05_20-48-29,stop,testing'
ptd-server 2021-03-05 21:10:39,389 [INFO] Sending to ptd: 'Stop'
ptd-server 2021-03-05 21:10:39,389 [INFO] Reply from ptd: 'Stopping untimed measurement'
ptd-server 2021-03-05 21:10:39,588 [INFO] Sending reply to client 'OK'
ptd-server 2021-03-05 21:10:39,596 [INFO] Got command from the client 'session,2021-03-05_20-48-29,upload,client.log'
ptd-server 2021-03-05 21:10:39,599 [INFO] Received '/home/anton/projects/mlperf/power-dev/output/2021-03-05_20-48-29client.log.tmp'
ptd-server 2021-03-05 21:10:39,599 [INFO] Removed '/home/anton/projects/mlperf/power-dev/output/2021-03-05_20-48-29client.log.tmp'
ptd-server 2021-03-05 21:10:39,599 [INFO] Sending reply to client 'OK'
ptd-server 2021-03-05 21:10:39,612 [INFO] Got command from the client 'session,2021-03-05_20-48-29,upload,client.json'
ptd-server 2021-03-05 21:10:39,614 [INFO] Received '/home/anton/projects/mlperf/power-dev/output/2021-03-05_20-48-29client.json.tmp'
ptd-server 2021-03-05 21:10:39,615 [INFO] Removed '/home/anton/projects/mlperf/power-dev/output/2021-03-05_20-48-29client.json.tmp'
ptd-server 2021-03-05 21:10:39,615 [INFO] Sending reply to client 'OK'
ptd-server 2021-03-05 21:10:39,617 [INFO] Got command from the client 'session,2021-03-05_20-48-29,done'
ptd-server 2021-03-05 21:10:39,618 [INFO] Sending to ptd: 'Stop'
ptd-server 2021-03-05 21:10:40,104 [INFO] Reply from ptd: 'Error: no measurement to stop'
ptd-server 2021-03-05 21:10:40,104 [INFO] Sending to ptd: 'SR,V,300.000000'
ptd-server 2021-03-05 21:10:41,606 [INFO] Reply from ptd: 'Range V changed'
ptd-server 2021-03-05 21:10:41,606 [INFO] Sending to ptd: 'SR,A,0.500000'
ptd-server 2021-03-05 21:10:43,107 [INFO] Reply from ptd: 'Range A changed'
ptd-server 2021-03-05 21:10:43,107 [INFO] Set initial values for Amps 0.500000 and Volts 300.000000
ptd-server 2021-03-05 21:10:43,107 [INFO] Stopping ptd...
