ptd-server 2021-02-28 07:23:23,003 [INFO] Got command from the client 'time'
ptd-server 2021-02-28 07:23:23,003 [INFO] Sending reply to client '1614497003.0036383'
ptd-server 2021-02-28 07:23:23,004 [INFO] Got command from the client 'new,,3b777c09-f1db-470d-9220-42d457bb24e8'
ptd-server 2021-02-28 07:23:23,005 [INFO] Sending reply to client 'OK 2021-02-28_07-23-23,365231bc-97ed-4fb5-8c9c-facbfc9e3fa0'
ptd-server 2021-02-28 07:23:23,043 [INFO] Got command from the client 'time'
ptd-server 2021-02-28 07:23:23,043 [INFO] Sending reply to client '1614497003.0434394'
ptd-server 2021-02-28 07:23:23,044 [INFO] Got command from the client 'session,2021-02-28_07-23-23,start,ranging'
ptd-server 2021-02-28 07:23:23,044 [INFO] Running PTDaemon: ['/home/anton/projects/mlperf/power/inference_v1.0/ptd-linux-x86', '-l', 'ptd.log', '-p', '8888', '52', '/dev/usbtmc0']
ptd-server 2021-02-28 07:23:40,212 [INFO] Sending to ptd: 'Hello'
ptd-server 2021-02-28 07:23:40,213 [INFO] Reply from ptd: 'Hello, PTDaemon here!'
ptd-server 2021-02-28 07:23:40,213 [INFO] Sending to ptd: 'Identify'
ptd-server 2021-02-28 07:23:40,213 [INFO] Reply from ptd: 'YokogawaWT330E,1000,1,1,1,1,0,0,1,version=1.9.2-e8c7a49a-20201208,OS=Linux 5.8.0-43-generic #49~20.04.1-Ubuntu SMP Fri Feb 5 09:57:56 UTC 2021 x86_64,mode=power,1,1,1,0,0,no_cal_date,YOKOGAWA;WT333E;C3VD30030E;F1.04'
ptd-server 2021-02-28 07:23:40,214 [INFO] Connected to PTDaemon
ptd-server 2021-02-28 07:23:40,214 [INFO] Sending to ptd: 'RR'
ptd-server 2021-02-28 07:23:40,214 [INFO] Reply from ptd: 'Ranges,0,0.500000,0,300.000000'
ptd-server 2021-02-28 07:23:40,214 [INFO] Initial range for Amps is 0.500000 for Volts is 300.000000
ptd-server 2021-02-28 07:23:40,214 [INFO] Sending to ptd: 'SR,V,Auto'
ptd-server 2021-02-28 07:23:40,717 [INFO] Reply from ptd: 'Range V changed'
ptd-server 2021-02-28 07:23:40,717 [INFO] Sending to ptd: 'SR,A,Auto'
ptd-server 2021-02-28 07:23:41,219 [INFO] Reply from ptd: 'Range A changed'
ptd-server 2021-02-28 07:23:51,229 [INFO] Starting ranging mode
ptd-server 2021-02-28 07:23:51,230 [INFO] Sending to ptd: 'Go,1000,0,2021-02-28_07-23-23_ranging'
ptd-server 2021-02-28 07:23:51,230 [INFO] Reply from ptd: 'Starting untimed measurement, maximum 500000 samples at 1000ms with 0 rampup samples'
ptd-server 2021-02-28 07:23:51,230 [INFO] Sending reply to client 'OK'
ptd-server 2021-02-28 07:34:09,856 [INFO] Got command from the client 'session,2021-02-28_07-23-23,stop,ranging'
ptd-server 2021-02-28 07:34:19,867 [INFO] Sending to ptd: 'Stop'
ptd-server 2021-02-28 07:34:19,867 [INFO] Reply from ptd: 'Stopping untimed measurement'
ptd-server 2021-02-28 07:34:20,056 [INFO] Sending reply to client 'OK'
ptd-server 2021-02-28 07:34:20,098 [INFO] Got command from the client 'time'
ptd-server 2021-02-28 07:34:20,098 [INFO] Sending reply to client '1614497660.098608'
ptd-server 2021-02-28 07:34:20,099 [INFO] Got command from the client 'session,2021-02-28_07-23-23,start,testing'
ptd-server 2021-02-28 07:34:20,100 [INFO] Sending to ptd: 'SR,V,248.470000'
ptd-server 2021-02-28 07:34:21,731 [INFO] Reply from ptd: 'Range V changed'
ptd-server 2021-02-28 07:34:21,732 [INFO] Sending to ptd: 'SR,A,0.216260'
ptd-server 2021-02-28 07:34:23,233 [INFO] Reply from ptd: 'Range A changed'
ptd-server 2021-02-28 07:34:33,243 [INFO] Starting testing mode
ptd-server 2021-02-28 07:34:33,243 [INFO] Sending to ptd: 'Go,1000,0,2021-02-28_07-23-23_testing'
ptd-server 2021-02-28 07:34:33,244 [INFO] Reply from ptd: 'Starting untimed measurement, maximum 500000 samples at 1000ms with 0 rampup samples'
ptd-server 2021-02-28 07:34:33,244 [INFO] Sending reply to client 'OK'
ptd-server 2021-02-28 07:44:51,835 [INFO] Got command from the client 'session,2021-02-28_07-23-23,stop,testing'
ptd-server 2021-02-28 07:45:01,845 [INFO] Sending to ptd: 'Stop'
ptd-server 2021-02-28 07:45:01,846 [INFO] Reply from ptd: 'Stopping untimed measurement'
ptd-server 2021-02-28 07:45:01,950 [INFO] Sending reply to client 'OK'
ptd-server 2021-02-28 07:45:01,953 [INFO] Got command from the client 'session,2021-02-28_07-23-23,upload,client.log'
ptd-server 2021-02-28 07:45:01,954 [INFO] Received '/home/anton/projects/mlperf/power-dev/output/2021-02-28_07-23-23client.log.tmp'
ptd-server 2021-02-28 07:45:01,954 [INFO] Removed '/home/anton/projects/mlperf/power-dev/output/2021-02-28_07-23-23client.log.tmp'
ptd-server 2021-02-28 07:45:01,954 [INFO] Sending reply to client 'OK'
ptd-server 2021-02-28 07:45:01,958 [INFO] Got command from the client 'session,2021-02-28_07-23-23,upload,client.json'
ptd-server 2021-02-28 07:45:01,958 [INFO] Received '/home/anton/projects/mlperf/power-dev/output/2021-02-28_07-23-23client.json.tmp'
ptd-server 2021-02-28 07:45:01,959 [INFO] Removed '/home/anton/projects/mlperf/power-dev/output/2021-02-28_07-23-23client.json.tmp'
ptd-server 2021-02-28 07:45:01,959 [INFO] Sending reply to client 'OK'
ptd-server 2021-02-28 07:45:01,960 [INFO] Got command from the client 'session,2021-02-28_07-23-23,done'
ptd-server 2021-02-28 07:45:01,960 [INFO] Sending to ptd: 'Stop'
ptd-server 2021-02-28 07:45:02,245 [INFO] Reply from ptd: 'Error: no measurement to stop'
ptd-server 2021-02-28 07:45:02,245 [INFO] Sending to ptd: 'SR,V,300.000000'
ptd-server 2021-02-28 07:45:03,746 [INFO] Reply from ptd: 'Range V changed'
ptd-server 2021-02-28 07:45:03,746 [INFO] Sending to ptd: 'SR,A,0.500000'
ptd-server 2021-02-28 07:45:05,247 [INFO] Reply from ptd: 'Range A changed'
ptd-server 2021-02-28 07:45:05,248 [INFO] Set initial values for Amps 0.500000 and Volts 300.000000
ptd-server 2021-02-28 07:45:05,248 [INFO] Stopping ptd...
