ptd-server 2021-02-27 20:22:00,422 [INFO] Got command from the client 'time'
ptd-server 2021-02-27 20:22:00,423 [INFO] Sending reply to client '1614457320.422987'
ptd-server 2021-02-27 20:22:00,424 [INFO] Got command from the client 'new,,128451cc-0841-47c9-9561-a90f44bb15c5'
ptd-server 2021-02-27 20:22:00,424 [INFO] Sending reply to client 'OK 2021-02-27_20-22-00,0972bb58-9af2-4b26-8943-040fb32b17a7'
ptd-server 2021-02-27 20:22:00,472 [INFO] Got command from the client 'time'
ptd-server 2021-02-27 20:22:00,472 [INFO] Sending reply to client '1614457320.4729204'
ptd-server 2021-02-27 20:22:00,473 [INFO] Got command from the client 'session,2021-02-27_20-22-00,start,ranging'
ptd-server 2021-02-27 20:22:00,474 [INFO] Running PTDaemon: ['/home/anton/projects/mlperf/power/inference_v1.0/ptd-linux-x86', '-l', 'ptd.log', '-p', '8888', '52', '/dev/usbtmc0']
ptd-server 2021-02-27 20:22:17,641 [INFO] Sending to ptd: 'Hello'
ptd-server 2021-02-27 20:22:17,642 [INFO] Reply from ptd: 'Hello, PTDaemon here!'
ptd-server 2021-02-27 20:22:17,642 [INFO] Sending to ptd: 'Identify'
ptd-server 2021-02-27 20:22:17,642 [INFO] Reply from ptd: 'YokogawaWT330E,1000,1,1,1,1,0,0,1,version=1.9.2-e8c7a49a-20201208,OS=Linux 5.8.0-43-generic #49~20.04.1-Ubuntu SMP Fri Feb 5 09:57:56 UTC 2021 x86_64,mode=power,1,1,1,0,0,no_cal_date,YOKOGAWA;WT333E;C3VD30030E;F1.04'
ptd-server 2021-02-27 20:22:17,642 [INFO] Connected to PTDaemon
ptd-server 2021-02-27 20:22:17,642 [INFO] Sending to ptd: 'RR'
ptd-server 2021-02-27 20:22:17,643 [INFO] Reply from ptd: 'Ranges,0,0.500000,0,300.000000'
ptd-server 2021-02-27 20:22:17,643 [INFO] Initial range for Amps is 0.500000 for Volts is 300.000000
ptd-server 2021-02-27 20:22:17,643 [INFO] Sending to ptd: 'SR,V,Auto'
ptd-server 2021-02-27 20:22:18,145 [INFO] Reply from ptd: 'Range V changed'
ptd-server 2021-02-27 20:22:18,146 [INFO] Sending to ptd: 'SR,A,Auto'
ptd-server 2021-02-27 20:22:18,648 [INFO] Reply from ptd: 'Range A changed'
ptd-server 2021-02-27 20:22:28,658 [INFO] Starting ranging mode
ptd-server 2021-02-27 20:22:28,658 [INFO] Sending to ptd: 'Go,1000,0,2021-02-27_20-22-00_ranging'
ptd-server 2021-02-27 20:22:28,659 [INFO] Reply from ptd: 'Starting untimed measurement, maximum 500000 samples at 1000ms with 0 rampup samples'
ptd-server 2021-02-27 20:22:28,659 [INFO] Sending reply to client 'OK'
ptd-server 2021-02-27 20:32:47,069 [INFO] Got command from the client 'session,2021-02-27_20-22-00,stop,ranging'
ptd-server 2021-02-27 20:32:57,079 [INFO] Sending to ptd: 'Stop'
ptd-server 2021-02-27 20:32:57,079 [INFO] Reply from ptd: 'Stopping untimed measurement'
ptd-server 2021-02-27 20:32:57,200 [INFO] Sending reply to client 'OK'
ptd-server 2021-02-27 20:32:57,240 [INFO] Got command from the client 'time'
ptd-server 2021-02-27 20:32:57,240 [INFO] Sending reply to client '1614457977.2409403'
ptd-server 2021-02-27 20:32:57,242 [INFO] Got command from the client 'session,2021-02-27_20-22-00,start,testing'
ptd-server 2021-02-27 20:32:57,242 [INFO] Sending to ptd: 'SR,V,250.420000'
ptd-server 2021-02-27 20:32:59,161 [INFO] Reply from ptd: 'Range V changed'
ptd-server 2021-02-27 20:32:59,161 [INFO] Sending to ptd: 'SR,A,0.180630'
ptd-server 2021-02-27 20:33:00,662 [INFO] Reply from ptd: 'Range A changed'
ptd-server 2021-02-27 20:33:10,672 [INFO] Starting testing mode
ptd-server 2021-02-27 20:33:10,672 [INFO] Sending to ptd: 'Go,1000,0,2021-02-27_20-22-00_testing'
ptd-server 2021-02-27 20:33:10,673 [INFO] Reply from ptd: 'Starting untimed measurement, maximum 500000 samples at 1000ms with 0 rampup samples'
ptd-server 2021-02-27 20:33:10,673 [INFO] Sending reply to client 'OK'
ptd-server 2021-02-27 20:43:29,058 [INFO] Got command from the client 'session,2021-02-27_20-22-00,stop,testing'
ptd-server 2021-02-27 20:43:39,068 [INFO] Sending to ptd: 'Stop'
ptd-server 2021-02-27 20:43:39,069 [INFO] Reply from ptd: 'Stopping untimed measurement'
ptd-server 2021-02-27 20:43:39,138 [INFO] Sending reply to client 'OK'
ptd-server 2021-02-27 20:43:39,141 [INFO] Got command from the client 'session,2021-02-27_20-22-00,upload,client.log'
ptd-server 2021-02-27 20:43:39,142 [INFO] Received '/home/anton/projects/mlperf/power-dev/output/2021-02-27_20-22-00client.log.tmp'
ptd-server 2021-02-27 20:43:39,142 [INFO] Removed '/home/anton/projects/mlperf/power-dev/output/2021-02-27_20-22-00client.log.tmp'
ptd-server 2021-02-27 20:43:39,142 [INFO] Sending reply to client 'OK'
ptd-server 2021-02-27 20:43:39,146 [INFO] Got command from the client 'session,2021-02-27_20-22-00,upload,client.json'
ptd-server 2021-02-27 20:43:39,147 [INFO] Received '/home/anton/projects/mlperf/power-dev/output/2021-02-27_20-22-00client.json.tmp'
ptd-server 2021-02-27 20:43:39,147 [INFO] Removed '/home/anton/projects/mlperf/power-dev/output/2021-02-27_20-22-00client.json.tmp'
ptd-server 2021-02-27 20:43:39,147 [INFO] Sending reply to client 'OK'
ptd-server 2021-02-27 20:43:39,148 [INFO] Got command from the client 'session,2021-02-27_20-22-00,done'
ptd-server 2021-02-27 20:43:39,148 [INFO] Sending to ptd: 'Stop'
ptd-server 2021-02-27 20:43:39,673 [INFO] Reply from ptd: 'Error: no measurement to stop'
ptd-server 2021-02-27 20:43:39,673 [INFO] Sending to ptd: 'SR,V,300.000000'
ptd-server 2021-02-27 20:43:41,174 [INFO] Reply from ptd: 'Range V changed'
ptd-server 2021-02-27 20:43:41,175 [INFO] Sending to ptd: 'SR,A,0.500000'
ptd-server 2021-02-27 20:43:42,676 [INFO] Reply from ptd: 'Range A changed'
ptd-server 2021-02-27 20:43:42,676 [INFO] Set initial values for Amps 0.500000 and Volts 300.000000
ptd-server 2021-02-27 20:43:42,676 [INFO] Stopping ptd...
