client 2021-03-01 11:13:08,759 [INFO] Sending command to the server: 'mlcommons/power client v3'
client 2021-03-01 11:13:08,760 [INFO] Got response: 'mlcommons/power server v3'
client 2021-03-01 11:13:08,761 [INFO] Synchronizing with the server and with time.google.com...
client 2021-03-01 11:13:08,800 [INFO] NTP:offset = 0.002 s, delay = 0.032 s 
client 2021-03-01 11:13:08,801 [INFO] Sending command to the server: 'time'
client 2021-03-01 11:13:08,802 [INFO] Got response: '1614597188.7956955'
client 2021-03-01 11:13:08,802 [INFO] The time difference between the client and the server is within range 5.549 ms..6.856 ms
client 2021-03-01 11:13:08,802 [INFO] Sending command to the server: 'new,,bcd42bb2-1bc3-4665-b9b5-a23ae66881d5'
client 2021-03-01 11:13:08,804 [INFO] Got response: 'OK 2021-03-01_11-13-08,f799a990-f4da-4d84-9e1b-a90660eadebd'
client 2021-03-01 11:13:08,804 [INFO] Session id is '2021-03-01_11-13-08'
client 2021-03-01 11:13:08,804 [INFO] Sources: {"sources": {"client.py": "d1e75cb4b26101220ebd242e584cf3ca5d8f1996", "lib/__init__.py": "da39a3ee5e6b4b0d3255bfef95601890afd80709", "lib/client.py": "d42bebf5b74cb6ff3997e2a6c68422afac111a28", "lib/common.py": "b0bad80d8fa328a7636027d4d66ff453f8dd7889", "lib/external/ntplib.py": "4da8f970656505a40483206ef2b5d3dd5e81711d", "lib/server.py": "2ed36471c7af565d6c8438b2134edad1d7ddf166", "lib/source_hashes.py": "4cedff274c661cb1504052018fd4f00dfbf624ef", "lib/summary.py": "0db15d783907aa92038281af4e465545c0648ddb", "lib/time_sync.py": "76051226ec89287839723352f4162aaa24e0546a", "server.py": "99e1310e3f76292aef1b8792ce6b8c82f1d44d8b", "tests/unit/test_server.py": "64f11775bfed35232a0e8bb9593c0ff992432c59", "tests/unit/test_source_hashes.py": "cb41a7261eaf7d94ba5c0aae9c523174f6204be3"}, "modules": {"__main__": "client.py", "lib.client": "lib/client.py", "lib.common": "lib/common.py", "lib.external.ntplib": "lib/external/ntplib.py", "lib.source_hashes": "lib/source_hashes.py", "lib.summary": "lib/summary.py", "lib.time_sync": "lib/time_sync.py"}}
client 2021-03-01 11:13:08,804 [INFO] Running workload in ranging mode
client 2021-03-01 11:13:08,805 [INFO] Synchronizing with the server and with time.google.com...
client 2021-03-01 11:13:08,851 [INFO] NTP:offset = -0.006 s, delay = 0.043 s 
client 2021-03-01 11:13:08,851 [INFO] Sending command to the server: 'time'
client 2021-03-01 11:13:08,852 [INFO] Got response: '1614597188.8461423'
client 2021-03-01 11:13:08,852 [INFO] The time difference between the client and the server is within range 5.516 ms..6.796 ms
client 2021-03-01 11:13:08,853 [INFO] Sending command to the server: 'session,2021-03-01_11-13-08,start,ranging'
client 2021-03-01 11:13:37,045 [INFO] Got response: 'OK'
client 2021-03-01 11:13:37,045 [INFO] Running the workload 'ck benchmark program:image-classification-armnn-tflite-loadgen --env.CK_SILENT_MODE=YES --skip_print_timers --dep_add_tags.compiler=gcc,v7 --dep_add_tags.python=v3 --dep_add_tags.mlperf-inference-src=r1.0 --dep_add_tags.weights=mobilenet,v3-large_224_1.0_float --dep_add_tags.images=crop.875,preprocessed,using-opencv --dep_add_tags.library=armnn,rel.21.02,neon --env.CK_LOADGEN_DATASET_SIZE=1024 --env.USE_NEON=1 --env.CK_LOADGEN_SCENARIO=SingleStream --env.CK_LOADGEN_MODE=PerformanceOnly --env.CK_LOADGEN_TARGET_LATENCY=10 --skip_stat_analysis --process_multi_keys --repetitions=1 --record --record_repo=local --record_uoa=mlperf-open-xavier-armnn-v21.02-neon-mobilenet-v3-large_224_1.0_float-singlestream-performance-target_latency.10-power.workload --tags=mlperf,division.open,task.image-classification,platform.xavier,scenario.singlestream,mode.performance,workload.mobilenet-v3-large_224_1.0_float,preprocessed_using.opencv,inference_engine.armnn,inference_engine_version.v21.02,inference_engine_backend.neon,target_latency.10,power.workload "@@@{\'meta\': {\'ck_benchmark_program\': \'ck benchmark program:image-classification-armnn-tflite-loadgen --env.CK_SILENT_MODE=YES --skip_print_timers --dep_add_tags.compiler=gcc,v7 --dep_add_tags.python=v3 --dep_add_tags.mlperf-inference-src=r1.0 --dep_add_tags.weights=mobilenet,v3-large_224_1.0_float --dep_add_tags.images=crop.875,preprocessed,using-opencv --dep_add_tags.library=armnn,rel.21.02,neon --env.CK_LOADGEN_DATASET_SIZE=1024 --env.USE_NEON=1 --env.CK_LOADGEN_SCENARIO=SingleStream --env.CK_LOADGEN_MODE=PerformanceOnly --env.CK_LOADGEN_TARGET_LATENCY=10 --skip_stat_analysis --process_multi_keys --repetitions=1 --record --record_repo=local --record_uoa=mlperf-open-xavier-armnn-v21.02-neon-mobilenet-v3-large_224_1.0_float-singlestream-performance-target_latency.10-power.workload --tags=mlperf,division.open,task.image-classification,platform.xavier,scenario.singlestream,mode.performance,workload.mobilenet-v3-large_224_1.0_float,preprocessed_using.opencv,inference_engine.armnn,inference_engine_version.v21.02,inference_engine_backend.neon,target_latency.10,power.workload\'}}" && cat `ck find program:image-classification-armnn-tflite-loadgen`/tmp/mlperf_log_summary.txt && mkdir -p "$CK_MLPERF_POWER_CLIENT_LOADGEN_LOGS" && cp "$CK_MLPERF_POWER_CLIENT_LOADGEN_LOGS"/../mlperf_log_* "$CK_MLPERF_POWER_CLIENT_LOADGEN_LOGS"/'
client 2021-03-01 11:23:52,289 [INFO] Sending command to the server: 'session,2021-03-01_11-13-08,stop,ranging'
client 2021-03-01 11:24:02,561 [INFO] Got response: 'OK'
client 2021-03-01 11:24:02,562 [INFO] Running workload in testing mode
client 2021-03-01 11:24:02,562 [INFO] Synchronizing with the server and with time.google.com...
client 2021-03-01 11:24:02,598 [INFO] NTP:offset = -0.002 s, delay = 0.033 s 
client 2021-03-01 11:24:02,598 [INFO] Sending command to the server: 'time'
client 2021-03-01 11:24:02,599 [INFO] Got response: '1614597842.5950398'
client 2021-03-01 11:24:02,599 [INFO] The time difference between the client and the server is within range 3.772 ms..4.881 ms
client 2021-03-01 11:24:02,600 [INFO] Sending command to the server: 'session,2021-03-01_11-13-08,start,testing'
client 2021-03-01 11:24:16,057 [INFO] Got response: 'OK'
client 2021-03-01 11:24:16,058 [INFO] Running the workload 'ck benchmark program:image-classification-armnn-tflite-loadgen --env.CK_SILENT_MODE=YES --skip_print_timers --dep_add_tags.compiler=gcc,v7 --dep_add_tags.python=v3 --dep_add_tags.mlperf-inference-src=r1.0 --dep_add_tags.weights=mobilenet,v3-large_224_1.0_float --dep_add_tags.images=crop.875,preprocessed,using-opencv --dep_add_tags.library=armnn,rel.21.02,neon --env.CK_LOADGEN_DATASET_SIZE=1024 --env.USE_NEON=1 --env.CK_LOADGEN_SCENARIO=SingleStream --env.CK_LOADGEN_MODE=PerformanceOnly --env.CK_LOADGEN_TARGET_LATENCY=10 --skip_stat_analysis --process_multi_keys --repetitions=1 --record --record_repo=local --record_uoa=mlperf-open-xavier-armnn-v21.02-neon-mobilenet-v3-large_224_1.0_float-singlestream-performance-target_latency.10-power.workload --tags=mlperf,division.open,task.image-classification,platform.xavier,scenario.singlestream,mode.performance,workload.mobilenet-v3-large_224_1.0_float,preprocessed_using.opencv,inference_engine.armnn,inference_engine_version.v21.02,inference_engine_backend.neon,target_latency.10,power.workload "@@@{\'meta\': {\'ck_benchmark_program\': \'ck benchmark program:image-classification-armnn-tflite-loadgen --env.CK_SILENT_MODE=YES --skip_print_timers --dep_add_tags.compiler=gcc,v7 --dep_add_tags.python=v3 --dep_add_tags.mlperf-inference-src=r1.0 --dep_add_tags.weights=mobilenet,v3-large_224_1.0_float --dep_add_tags.images=crop.875,preprocessed,using-opencv --dep_add_tags.library=armnn,rel.21.02,neon --env.CK_LOADGEN_DATASET_SIZE=1024 --env.USE_NEON=1 --env.CK_LOADGEN_SCENARIO=SingleStream --env.CK_LOADGEN_MODE=PerformanceOnly --env.CK_LOADGEN_TARGET_LATENCY=10 --skip_stat_analysis --process_multi_keys --repetitions=1 --record --record_repo=local --record_uoa=mlperf-open-xavier-armnn-v21.02-neon-mobilenet-v3-large_224_1.0_float-singlestream-performance-target_latency.10-power.workload --tags=mlperf,division.open,task.image-classification,platform.xavier,scenario.singlestream,mode.performance,workload.mobilenet-v3-large_224_1.0_float,preprocessed_using.opencv,inference_engine.armnn,inference_engine_version.v21.02,inference_engine_backend.neon,target_latency.10,power.workload\'}}" && cat `ck find program:image-classification-armnn-tflite-loadgen`/tmp/mlperf_log_summary.txt && mkdir -p "$CK_MLPERF_POWER_CLIENT_LOADGEN_LOGS" && cp "$CK_MLPERF_POWER_CLIENT_LOADGEN_LOGS"/../mlperf_log_* "$CK_MLPERF_POWER_CLIENT_LOADGEN_LOGS"/'
client 2021-03-01 11:34:30,986 [INFO] Sending command to the server: 'session,2021-03-01_11-13-08,stop,testing'
client 2021-03-01 11:34:41,144 [INFO] Got response: 'OK'
client 2021-03-01 11:34:41,144 [INFO] Done runs
