ptd-server 2021-03-01 00:33:32,242 [INFO] Got command from the client 'time'
ptd-server 2021-03-01 00:33:32,242 [INFO] Sending reply to client '1614558812.2429063'
ptd-server 2021-03-01 00:33:32,243 [INFO] Got command from the client 'new,,cec8d2d1-7e91-4e8b-b16a-08a5d22b558c'
ptd-server 2021-03-01 00:33:32,244 [INFO] Sending reply to client 'OK 2021-03-01_00-33-32,0ff4df00-8d99-4afe-800b-62981a6ec0e7'
ptd-server 2021-03-01 00:33:32,272 [INFO] Got command from the client 'time'
ptd-server 2021-03-01 00:33:32,273 [INFO] Sending reply to client '1614558812.2731333'
ptd-server 2021-03-01 00:33:32,274 [INFO] Got command from the client 'session,2021-03-01_00-33-32,start,ranging'
ptd-server 2021-03-01 00:33:32,274 [INFO] Running PTDaemon: ['/home/anton/projects/mlperf/power/inference_v1.0/ptd-linux-x86', '-l', 'ptd.log', '-p', '8888', '52', '/dev/usbtmc0']
ptd-server 2021-03-01 00:33:49,442 [INFO] Sending to ptd: 'Hello'
ptd-server 2021-03-01 00:33:49,442 [INFO] Reply from ptd: 'Hello, PTDaemon here!'
ptd-server 2021-03-01 00:33:49,442 [INFO] Sending to ptd: 'Identify'
ptd-server 2021-03-01 00:33:49,443 [INFO] Reply from ptd: 'YokogawaWT330E,1000,1,1,1,1,0,0,1,version=1.9.2-e8c7a49a-20201208,OS=Linux 5.8.0-43-generic #49~20.04.1-Ubuntu SMP Fri Feb 5 09:57:56 UTC 2021 x86_64,mode=power,1,1,1,0,0,no_cal_date,YOKOGAWA;WT333E;C3VD30030E;F1.04'
ptd-server 2021-03-01 00:33:49,443 [INFO] Connected to PTDaemon
ptd-server 2021-03-01 00:33:49,443 [INFO] Sending to ptd: 'RR'
ptd-server 2021-03-01 00:33:49,443 [INFO] Reply from ptd: 'Ranges,0,0.500000,0,300.000000'
ptd-server 2021-03-01 00:33:49,443 [INFO] Initial range for Amps is 0.500000 for Volts is 300.000000
ptd-server 2021-03-01 00:33:49,444 [INFO] Sending to ptd: 'SR,V,Auto'
ptd-server 2021-03-01 00:33:49,946 [INFO] Reply from ptd: 'Range V changed'
ptd-server 2021-03-01 00:33:49,946 [INFO] Sending to ptd: 'SR,A,Auto'
ptd-server 2021-03-01 00:33:50,449 [INFO] Reply from ptd: 'Range A changed'
ptd-server 2021-03-01 00:34:00,459 [INFO] Starting ranging mode
ptd-server 2021-03-01 00:34:00,459 [INFO] Sending to ptd: 'Go,1000,0,2021-03-01_00-33-32_ranging'
ptd-server 2021-03-01 00:34:00,459 [INFO] Reply from ptd: 'Starting untimed measurement, maximum 500000 samples at 1000ms with 0 rampup samples'
ptd-server 2021-03-01 00:34:00,460 [INFO] Sending reply to client 'OK'
ptd-server 2021-03-01 00:44:17,761 [INFO] Got command from the client 'session,2021-03-01_00-33-32,stop,ranging'
ptd-server 2021-03-01 00:44:27,772 [INFO] Sending to ptd: 'Stop'
ptd-server 2021-03-01 00:44:27,772 [INFO] Reply from ptd: 'Stopping untimed measurement'
ptd-server 2021-03-01 00:44:27,996 [INFO] Sending reply to client 'OK'
ptd-server 2021-03-01 00:44:28,039 [INFO] Got command from the client 'time'
ptd-server 2021-03-01 00:44:28,039 [INFO] Sending reply to client '1614559468.0398943'
ptd-server 2021-03-01 00:44:28,041 [INFO] Got command from the client 'session,2021-03-01_00-33-32,start,testing'
ptd-server 2021-03-01 00:44:28,041 [INFO] Sending to ptd: 'SR,V,249.400000'
ptd-server 2021-03-01 00:44:29,961 [INFO] Reply from ptd: 'Range V changed'
ptd-server 2021-03-01 00:44:29,961 [INFO] Sending to ptd: 'SR,A,0.198230'
ptd-server 2021-03-01 00:44:31,462 [INFO] Reply from ptd: 'Range A changed'
ptd-server 2021-03-01 00:44:41,473 [INFO] Starting testing mode
ptd-server 2021-03-01 00:44:41,473 [INFO] Sending to ptd: 'Go,1000,0,2021-03-01_00-33-32_testing'
ptd-server 2021-03-01 00:44:41,473 [INFO] Reply from ptd: 'Starting untimed measurement, maximum 500000 samples at 1000ms with 0 rampup samples'
ptd-server 2021-03-01 00:44:41,473 [INFO] Sending reply to client 'OK'
ptd-server 2021-03-01 00:54:57,703 [INFO] Got command from the client 'session,2021-03-01_00-33-32,stop,testing'
ptd-server 2021-03-01 00:55:07,714 [INFO] Sending to ptd: 'Stop'
ptd-server 2021-03-01 00:55:07,714 [INFO] Reply from ptd: 'Stopping untimed measurement'
ptd-server 2021-03-01 00:55:07,838 [INFO] Sending reply to client 'OK'
ptd-server 2021-03-01 00:55:07,842 [INFO] Got command from the client 'session,2021-03-01_00-33-32,upload,client.log'
ptd-server 2021-03-01 00:55:07,843 [INFO] Received '/home/anton/projects/mlperf/power-dev/output/2021-03-01_00-33-32client.log.tmp'
ptd-server 2021-03-01 00:55:07,843 [INFO] Removed '/home/anton/projects/mlperf/power-dev/output/2021-03-01_00-33-32client.log.tmp'
ptd-server 2021-03-01 00:55:07,843 [INFO] Sending reply to client 'OK'
ptd-server 2021-03-01 00:55:07,848 [INFO] Got command from the client 'session,2021-03-01_00-33-32,upload,client.json'
ptd-server 2021-03-01 00:55:07,849 [INFO] Received '/home/anton/projects/mlperf/power-dev/output/2021-03-01_00-33-32client.json.tmp'
ptd-server 2021-03-01 00:55:07,849 [INFO] Removed '/home/anton/projects/mlperf/power-dev/output/2021-03-01_00-33-32client.json.tmp'
ptd-server 2021-03-01 00:55:07,849 [INFO] Sending reply to client 'OK'
ptd-server 2021-03-01 00:55:07,850 [INFO] Got command from the client 'session,2021-03-01_00-33-32,done'
ptd-server 2021-03-01 00:55:07,850 [INFO] Sending to ptd: 'Stop'
ptd-server 2021-03-01 00:55:08,473 [INFO] Reply from ptd: 'Error: no measurement to stop'
ptd-server 2021-03-01 00:55:08,473 [INFO] Sending to ptd: 'SR,V,300.000000'
ptd-server 2021-03-01 00:55:09,975 [INFO] Reply from ptd: 'Range V changed'
ptd-server 2021-03-01 00:55:09,975 [INFO] Sending to ptd: 'SR,A,0.500000'
ptd-server 2021-03-01 00:55:11,476 [INFO] Reply from ptd: 'Range A changed'
ptd-server 2021-03-01 00:55:11,476 [INFO] Set initial values for Amps 0.500000 and Volts 300.000000
ptd-server 2021-03-01 00:55:11,476 [INFO] Stopping ptd...
