ptd-server 2021-03-09 02:55:45,882 [INFO] Got command from the client 'time'
ptd-server 2021-03-09 02:55:45,882 [INFO] Sending reply to client '1615258545.8829572'
ptd-server 2021-03-09 02:55:45,884 [INFO] Got command from the client 'new,,ede0ce06-a18b-45bf-928b-9d313f4aed63'
ptd-server 2021-03-09 02:55:45,885 [INFO] Sending reply to client 'OK 2021-03-09_02-55-45,60f8cd0b-a4db-4a72-9ca1-42fb6041b402'
ptd-server 2021-03-09 02:55:45,932 [INFO] Got command from the client 'time'
ptd-server 2021-03-09 02:55:45,932 [INFO] Sending reply to client '1615258545.9323359'
ptd-server 2021-03-09 02:55:45,934 [INFO] Got command from the client 'session,2021-03-09_02-55-45,start,ranging'
ptd-server 2021-03-09 02:55:45,935 [INFO] Running PTDaemon: ['/home/anton/projects/mlperf/power/inference_v1.0/ptd-linux-x86', '-l', 'ptd.log', '-p', '8888', '52', '/dev/usbtmc0']
ptd-server 2021-03-09 02:56:03,107 [INFO] Sending to ptd: 'Hello'
ptd-server 2021-03-09 02:56:03,108 [INFO] Reply from ptd: 'Hello, PTDaemon here!'
ptd-server 2021-03-09 02:56:03,108 [INFO] Sending to ptd: 'Identify'
ptd-server 2021-03-09 02:56:03,109 [INFO] Reply from ptd: 'YokogawaWT330E,1000,1,1,1,1,0,0,1,version=1.9.2-e8c7a49a-20201208,OS=Linux 5.8.0-43-generic #49~20.04.1-Ubuntu SMP Fri Feb 5 09:57:56 UTC 2021 x86_64,mode=power,1,1,1,0,0,no_cal_date,YOKOGAWA;WT333E;C3VD30030E;F1.04'
ptd-server 2021-03-09 02:56:03,109 [INFO] Connected to PTDaemon
ptd-server 2021-03-09 02:56:03,109 [INFO] Sending to ptd: 'RR'
ptd-server 2021-03-09 02:56:03,109 [INFO] Reply from ptd: 'Ranges,0,0.500000,0,300.000000'
ptd-server 2021-03-09 02:56:03,109 [INFO] Initial range for Amps is 0.500000 for Volts is 300.000000
ptd-server 2021-03-09 02:56:03,109 [INFO] Sending to ptd: 'SR,V,Auto'
ptd-server 2021-03-09 02:56:03,612 [INFO] Reply from ptd: 'Range V changed'
ptd-server 2021-03-09 02:56:03,612 [INFO] Sending to ptd: 'SR,A,Auto'
ptd-server 2021-03-09 02:56:04,115 [INFO] Reply from ptd: 'Range A changed'
ptd-server 2021-03-09 02:56:14,125 [INFO] Starting ranging mode
ptd-server 2021-03-09 02:56:14,125 [INFO] Sending to ptd: 'Go,1000,0,2021-03-09_02-55-45_ranging'
ptd-server 2021-03-09 02:56:14,125 [INFO] Reply from ptd: 'Starting untimed measurement, maximum 500000 samples at 1000ms with 0 rampup samples'
ptd-server 2021-03-09 02:56:14,126 [INFO] Sending reply to client 'OK'
ptd-server 2021-03-09 03:06:29,581 [INFO] Got command from the client 'session,2021-03-09_02-55-45,stop,ranging'
ptd-server 2021-03-09 03:06:39,592 [INFO] Sending to ptd: 'Stop'
ptd-server 2021-03-09 03:06:39,592 [INFO] Reply from ptd: 'Stopping untimed measurement'
ptd-server 2021-03-09 03:06:40,280 [INFO] Sending reply to client 'OK'
ptd-server 2021-03-09 03:06:40,321 [INFO] Got command from the client 'time'
ptd-server 2021-03-09 03:06:40,321 [INFO] Sending reply to client '1615259200.3212857'
ptd-server 2021-03-09 03:06:40,323 [INFO] Got command from the client 'session,2021-03-09_02-55-45,start,testing'
ptd-server 2021-03-09 03:06:40,323 [INFO] Sending to ptd: 'SR,V,251.680000'
ptd-server 2021-03-09 03:06:41,825 [INFO] Reply from ptd: 'Range V changed'
ptd-server 2021-03-09 03:06:41,825 [INFO] Sending to ptd: 'SR,A,0.150620'
ptd-server 2021-03-09 03:06:43,326 [INFO] Reply from ptd: 'Range A changed'
ptd-server 2021-03-09 03:06:53,336 [INFO] Starting testing mode
ptd-server 2021-03-09 03:06:53,337 [INFO] Sending to ptd: 'Go,1000,0,2021-03-09_02-55-45_testing'
ptd-server 2021-03-09 03:06:53,337 [INFO] Reply from ptd: 'Starting untimed measurement, maximum 500000 samples at 1000ms with 0 rampup samples'
ptd-server 2021-03-09 03:06:53,337 [INFO] Sending reply to client 'OK'
ptd-server 2021-03-09 03:17:08,803 [INFO] Got command from the client 'session,2021-03-09_02-55-45,stop,testing'
ptd-server 2021-03-09 03:17:18,814 [INFO] Sending to ptd: 'Stop'
ptd-server 2021-03-09 03:17:18,814 [INFO] Reply from ptd: 'Stopping untimed measurement'
ptd-server 2021-03-09 03:17:19,176 [INFO] Sending reply to client 'OK'
ptd-server 2021-03-09 03:17:19,184 [INFO] Got command from the client 'session,2021-03-09_02-55-45,upload,client.log'
ptd-server 2021-03-09 03:17:19,186 [INFO] Received '/home/anton/projects/mlperf/power-dev/output/2021-03-09_02-55-45client.log.tmp'
ptd-server 2021-03-09 03:17:19,186 [INFO] Removed '/home/anton/projects/mlperf/power-dev/output/2021-03-09_02-55-45client.log.tmp'
ptd-server 2021-03-09 03:17:19,186 [INFO] Sending reply to client 'OK'
ptd-server 2021-03-09 03:17:19,193 [INFO] Got command from the client 'session,2021-03-09_02-55-45,upload,client.json'
ptd-server 2021-03-09 03:17:19,193 [INFO] Received '/home/anton/projects/mlperf/power-dev/output/2021-03-09_02-55-45client.json.tmp'
ptd-server 2021-03-09 03:17:19,193 [INFO] Removed '/home/anton/projects/mlperf/power-dev/output/2021-03-09_02-55-45client.json.tmp'
ptd-server 2021-03-09 03:17:19,194 [INFO] Sending reply to client 'OK'
ptd-server 2021-03-09 03:17:19,194 [INFO] Got command from the client 'session,2021-03-09_02-55-45,done'
ptd-server 2021-03-09 03:17:19,195 [INFO] Sending to ptd: 'Stop'
ptd-server 2021-03-09 03:17:19,338 [INFO] Reply from ptd: 'Error: no measurement to stop'
ptd-server 2021-03-09 03:17:19,338 [INFO] Sending to ptd: 'SR,V,300.000000'
ptd-server 2021-03-09 03:17:20,839 [INFO] Reply from ptd: 'Range V changed'
ptd-server 2021-03-09 03:17:20,840 [INFO] Sending to ptd: 'SR,A,0.500000'
ptd-server 2021-03-09 03:17:22,341 [INFO] Reply from ptd: 'Range A changed'
ptd-server 2021-03-09 03:17:22,341 [INFO] Set initial values for Amps 0.500000 and Volts 300.000000
ptd-server 2021-03-09 03:17:22,341 [INFO] Stopping ptd...
