ptd-server 2021-03-07 20:56:23,795 [INFO] Got command from the client 'time'
ptd-server 2021-03-07 20:56:23,795 [INFO] Sending reply to client '1615150583.795561'
ptd-server 2021-03-07 20:56:23,801 [INFO] Got command from the client 'new,,d7f0a308-19a2-43ed-888c-76ccf3115977'
ptd-server 2021-03-07 20:56:23,801 [INFO] Sending reply to client 'OK 2021-03-07_20-56-23,2c8e63fa-dbf9-40c8-8055-35f4f1c6e2a9'
ptd-server 2021-03-07 20:56:23,835 [INFO] Got command from the client 'time'
ptd-server 2021-03-07 20:56:23,835 [INFO] Sending reply to client '1615150583.8353739'
ptd-server 2021-03-07 20:56:23,838 [INFO] Got command from the client 'session,2021-03-07_20-56-23,start,ranging'
ptd-server 2021-03-07 20:56:23,839 [INFO] Running PTDaemon: ['/home/anton/projects/mlperf/power/inference_v1.0/ptd-linux-x86', '-l', 'ptd.log', '-p', '8888', '52', '/dev/usbtmc0']
ptd-server 2021-03-07 20:56:41,012 [INFO] Sending to ptd: 'Hello'
ptd-server 2021-03-07 20:56:41,012 [INFO] Reply from ptd: 'Hello, PTDaemon here!'
ptd-server 2021-03-07 20:56:41,013 [INFO] Sending to ptd: 'Identify'
ptd-server 2021-03-07 20:56:41,013 [INFO] Reply from ptd: 'YokogawaWT330E,1000,1,1,1,1,0,0,1,version=1.9.2-e8c7a49a-20201208,OS=Linux 5.8.0-43-generic #49~20.04.1-Ubuntu SMP Fri Feb 5 09:57:56 UTC 2021 x86_64,mode=power,1,1,1,0,0,no_cal_date,YOKOGAWA;WT333E;C3VD30030E;F1.04'
ptd-server 2021-03-07 20:56:41,013 [INFO] Connected to PTDaemon
ptd-server 2021-03-07 20:56:41,013 [INFO] Sending to ptd: 'RR'
ptd-server 2021-03-07 20:56:41,014 [INFO] Reply from ptd: 'Ranges,0,0.500000,0,300.000000'
ptd-server 2021-03-07 20:56:41,014 [INFO] Initial range for Amps is 0.500000 for Volts is 300.000000
ptd-server 2021-03-07 20:56:41,014 [INFO] Sending to ptd: 'SR,V,Auto'
ptd-server 2021-03-07 20:56:41,516 [INFO] Reply from ptd: 'Range V changed'
ptd-server 2021-03-07 20:56:41,517 [INFO] Sending to ptd: 'SR,A,Auto'
ptd-server 2021-03-07 20:56:42,019 [INFO] Reply from ptd: 'Range A changed'
ptd-server 2021-03-07 20:56:52,029 [INFO] Starting ranging mode
ptd-server 2021-03-07 20:56:52,029 [INFO] Sending to ptd: 'Go,1000,0,2021-03-07_20-56-23_ranging'
ptd-server 2021-03-07 20:56:52,030 [INFO] Reply from ptd: 'Starting untimed measurement, maximum 500000 samples at 1000ms with 0 rampup samples'
ptd-server 2021-03-07 20:56:52,030 [INFO] Sending reply to client 'OK'
ptd-server 2021-03-07 21:07:17,070 [INFO] Got command from the client 'session,2021-03-07_20-56-23,stop,ranging'
ptd-server 2021-03-07 21:07:27,080 [INFO] Sending to ptd: 'Stop'
ptd-server 2021-03-07 21:07:27,081 [INFO] Reply from ptd: 'Stopping untimed measurement'
ptd-server 2021-03-07 21:07:27,682 [INFO] Sending reply to client 'OK'
ptd-server 2021-03-07 21:07:27,724 [INFO] Got command from the client 'time'
ptd-server 2021-03-07 21:07:27,724 [INFO] Sending reply to client '1615151247.72441'
ptd-server 2021-03-07 21:07:27,728 [INFO] Got command from the client 'session,2021-03-07_20-56-23,start,testing'
ptd-server 2021-03-07 21:07:27,728 [INFO] Sending to ptd: 'SR,V,250.980000'
ptd-server 2021-03-07 21:07:29,532 [INFO] Reply from ptd: 'Range V changed'
ptd-server 2021-03-07 21:07:29,532 [INFO] Sending to ptd: 'SR,A,0.051240'
ptd-server 2021-03-07 21:07:31,033 [INFO] Reply from ptd: 'Range A changed'
ptd-server 2021-03-07 21:07:41,044 [INFO] Starting testing mode
ptd-server 2021-03-07 21:07:41,044 [INFO] Sending to ptd: 'Go,1000,0,2021-03-07_20-56-23_testing'
ptd-server 2021-03-07 21:07:41,044 [INFO] Reply from ptd: 'Starting untimed measurement, maximum 500000 samples at 1000ms with 0 rampup samples'
ptd-server 2021-03-07 21:07:41,044 [INFO] Sending reply to client 'OK'
ptd-server 2021-03-07 21:18:11,019 [INFO] Got command from the client 'session,2021-03-07_20-56-23,stop,testing'
ptd-server 2021-03-07 21:18:21,030 [INFO] Sending to ptd: 'Stop'
ptd-server 2021-03-07 21:18:21,030 [INFO] Reply from ptd: 'Stopping untimed measurement'
ptd-server 2021-03-07 21:18:21,336 [INFO] Sending reply to client 'OK'
ptd-server 2021-03-07 21:18:21,344 [INFO] Got command from the client 'session,2021-03-07_20-56-23,upload,client.log'
ptd-server 2021-03-07 21:18:21,347 [INFO] Received '/home/anton/projects/mlperf/power-dev/output/2021-03-07_20-56-23client.log.tmp'
ptd-server 2021-03-07 21:18:21,348 [INFO] Removed '/home/anton/projects/mlperf/power-dev/output/2021-03-07_20-56-23client.log.tmp'
ptd-server 2021-03-07 21:18:21,348 [INFO] Sending reply to client 'OK'
ptd-server 2021-03-07 21:18:21,360 [INFO] Got command from the client 'session,2021-03-07_20-56-23,upload,client.json'
ptd-server 2021-03-07 21:18:21,363 [INFO] Received '/home/anton/projects/mlperf/power-dev/output/2021-03-07_20-56-23client.json.tmp'
ptd-server 2021-03-07 21:18:21,363 [INFO] Removed '/home/anton/projects/mlperf/power-dev/output/2021-03-07_20-56-23client.json.tmp'
ptd-server 2021-03-07 21:18:21,363 [INFO] Sending reply to client 'OK'
ptd-server 2021-03-07 21:18:21,366 [INFO] Got command from the client 'session,2021-03-07_20-56-23,done'
ptd-server 2021-03-07 21:18:21,366 [INFO] Sending to ptd: 'Stop'
ptd-server 2021-03-07 21:18:21,366 [INFO] Reply from ptd: 'Error: no measurement to stop'
ptd-server 2021-03-07 21:18:21,367 [INFO] Sending to ptd: 'SR,V,300.000000'
ptd-server 2021-03-07 21:18:22,868 [INFO] Reply from ptd: 'Range V changed'
ptd-server 2021-03-07 21:18:22,868 [INFO] Sending to ptd: 'SR,A,0.500000'
ptd-server 2021-03-07 21:18:24,369 [INFO] Reply from ptd: 'Range A changed'
ptd-server 2021-03-07 21:18:24,370 [INFO] Set initial values for Amps 0.500000 and Volts 300.000000
ptd-server 2021-03-07 21:18:24,370 [INFO] Stopping ptd...
