ptd-server 2021-03-10 01:48:58,611 [INFO] Got command from the client 'time'
ptd-server 2021-03-10 01:48:58,611 [INFO] Sending reply to client '1615340938.611938'
ptd-server 2021-03-10 01:48:58,613 [INFO] Got command from the client 'new,,559e9c82-3463-4118-8b61-ed8c545c4294'
ptd-server 2021-03-10 01:48:58,614 [INFO] Sending reply to client 'OK 2021-03-10_01-48-58,7df8c587-604d-44b3-b9ca-7ebc5b31346f'
ptd-server 2021-03-10 01:48:58,651 [INFO] Got command from the client 'time'
ptd-server 2021-03-10 01:48:58,651 [INFO] Sending reply to client '1615340938.6517212'
ptd-server 2021-03-10 01:48:58,653 [INFO] Got command from the client 'session,2021-03-10_01-48-58,start,ranging'
ptd-server 2021-03-10 01:48:58,653 [INFO] Running PTDaemon: ['/home/anton/projects/mlperf/power/inference_v1.0/ptd-linux-x86', '-l', 'ptd.log', '-p', '8888', '52', '/dev/usbtmc0']
ptd-server 2021-03-10 01:49:15,825 [INFO] Sending to ptd: 'Hello'
ptd-server 2021-03-10 01:49:15,826 [INFO] Reply from ptd: 'Hello, PTDaemon here!'
ptd-server 2021-03-10 01:49:15,826 [INFO] Sending to ptd: 'Identify'
ptd-server 2021-03-10 01:49:15,826 [INFO] Reply from ptd: 'YokogawaWT330E,1000,1,1,1,1,0,0,1,version=1.9.2-e8c7a49a-20201208,OS=Linux 5.8.0-43-generic #49~20.04.1-Ubuntu SMP Fri Feb 5 09:57:56 UTC 2021 x86_64,mode=power,1,1,1,0,0,no_cal_date,YOKOGAWA;WT333E;C3VD30030E;F1.04'
ptd-server 2021-03-10 01:49:15,827 [INFO] Connected to PTDaemon
ptd-server 2021-03-10 01:49:15,827 [INFO] Sending to ptd: 'RR'
ptd-server 2021-03-10 01:49:15,827 [INFO] Reply from ptd: 'Ranges,0,0.500000,0,300.000000'
ptd-server 2021-03-10 01:49:15,827 [INFO] Initial range for Amps is 0.500000 for Volts is 300.000000
ptd-server 2021-03-10 01:49:15,827 [INFO] Sending to ptd: 'SR,V,Auto'
ptd-server 2021-03-10 01:49:16,330 [INFO] Reply from ptd: 'Range V changed'
ptd-server 2021-03-10 01:49:16,330 [INFO] Sending to ptd: 'SR,A,Auto'
ptd-server 2021-03-10 01:49:16,832 [INFO] Reply from ptd: 'Range A changed'
ptd-server 2021-03-10 01:49:26,843 [INFO] Starting ranging mode
ptd-server 2021-03-10 01:49:26,843 [INFO] Sending to ptd: 'Go,1000,0,2021-03-10_01-48-58_ranging'
ptd-server 2021-03-10 01:49:26,843 [INFO] Reply from ptd: 'Starting untimed measurement, maximum 500000 samples at 1000ms with 0 rampup samples'
ptd-server 2021-03-10 01:49:26,843 [INFO] Sending reply to client 'OK'
ptd-server 2021-03-10 01:59:42,243 [INFO] Got command from the client 'session,2021-03-10_01-48-58,stop,ranging'
ptd-server 2021-03-10 01:59:52,253 [INFO] Sending to ptd: 'Stop'
ptd-server 2021-03-10 01:59:52,254 [INFO] Reply from ptd: 'Stopping untimed measurement'
ptd-server 2021-03-10 01:59:53,062 [INFO] Sending reply to client 'OK'
ptd-server 2021-03-10 01:59:53,131 [INFO] Got command from the client 'time'
ptd-server 2021-03-10 01:59:53,131 [INFO] Sending reply to client '1615341593.1317003'
ptd-server 2021-03-10 01:59:53,134 [INFO] Got command from the client 'session,2021-03-10_01-48-58,start,testing'
ptd-server 2021-03-10 01:59:53,134 [INFO] Sending to ptd: 'SR,V,249.100000'
ptd-server 2021-03-10 01:59:54,635 [INFO] Reply from ptd: 'Range V changed'
ptd-server 2021-03-10 01:59:54,636 [INFO] Sending to ptd: 'SR,A,0.149570'
ptd-server 2021-03-10 01:59:56,137 [INFO] Reply from ptd: 'Range A changed'
ptd-server 2021-03-10 02:00:06,147 [INFO] Starting testing mode
ptd-server 2021-03-10 02:00:06,147 [INFO] Sending to ptd: 'Go,1000,0,2021-03-10_01-48-58_testing'
ptd-server 2021-03-10 02:00:06,148 [INFO] Reply from ptd: 'Starting untimed measurement, maximum 500000 samples at 1000ms with 0 rampup samples'
ptd-server 2021-03-10 02:00:06,148 [INFO] Sending reply to client 'OK'
ptd-server 2021-03-10 02:10:21,494 [INFO] Got command from the client 'session,2021-03-10_01-48-58,stop,testing'
ptd-server 2021-03-10 02:10:31,505 [INFO] Sending to ptd: 'Stop'
ptd-server 2021-03-10 02:10:31,505 [INFO] Reply from ptd: 'Stopping untimed measurement'
ptd-server 2021-03-10 02:10:31,921 [INFO] Sending reply to client 'OK'
ptd-server 2021-03-10 02:10:31,930 [INFO] Got command from the client 'session,2021-03-10_01-48-58,upload,client.log'
ptd-server 2021-03-10 02:10:31,931 [INFO] Received '/home/anton/projects/mlperf/power-dev/output/2021-03-10_01-48-58client.log.tmp'
ptd-server 2021-03-10 02:10:31,932 [INFO] Removed '/home/anton/projects/mlperf/power-dev/output/2021-03-10_01-48-58client.log.tmp'
ptd-server 2021-03-10 02:10:31,932 [INFO] Sending reply to client 'OK'
ptd-server 2021-03-10 02:10:31,938 [INFO] Got command from the client 'session,2021-03-10_01-48-58,upload,client.json'
ptd-server 2021-03-10 02:10:31,939 [INFO] Received '/home/anton/projects/mlperf/power-dev/output/2021-03-10_01-48-58client.json.tmp'
ptd-server 2021-03-10 02:10:31,939 [INFO] Removed '/home/anton/projects/mlperf/power-dev/output/2021-03-10_01-48-58client.json.tmp'
ptd-server 2021-03-10 02:10:31,940 [INFO] Sending reply to client 'OK'
ptd-server 2021-03-10 02:10:31,941 [INFO] Got command from the client 'session,2021-03-10_01-48-58,done'
ptd-server 2021-03-10 02:10:31,941 [INFO] Sending to ptd: 'Stop'
ptd-server 2021-03-10 02:10:32,148 [INFO] Reply from ptd: 'Error: no measurement to stop'
ptd-server 2021-03-10 02:10:32,149 [INFO] Sending to ptd: 'SR,V,300.000000'
ptd-server 2021-03-10 02:10:33,650 [INFO] Reply from ptd: 'Range V changed'
ptd-server 2021-03-10 02:10:33,650 [INFO] Sending to ptd: 'SR,A,0.500000'
ptd-server 2021-03-10 02:10:35,152 [INFO] Reply from ptd: 'Range A changed'
ptd-server 2021-03-10 02:10:35,152 [INFO] Set initial values for Amps 0.500000 and Volts 300.000000
ptd-server 2021-03-10 02:10:35,152 [INFO] Stopping ptd...
