ptd-server 2021-03-09 20:01:25,054 [INFO] Got command from the client 'time'
ptd-server 2021-03-09 20:01:25,054 [INFO] Sending reply to client '1615320085.0547342'
ptd-server 2021-03-09 20:01:25,056 [INFO] Got command from the client 'new,,a7610919-2876-4bf6-9016-efd55d27c57d'
ptd-server 2021-03-09 20:01:25,057 [INFO] Sending reply to client 'OK 2021-03-09_20-01-25,7a509f31-0904-4d8c-8b3f-6222822fdfb5'
ptd-server 2021-03-09 20:01:25,094 [INFO] Got command from the client 'time'
ptd-server 2021-03-09 20:01:25,094 [INFO] Sending reply to client '1615320085.0944924'
ptd-server 2021-03-09 20:01:25,096 [INFO] Got command from the client 'session,2021-03-09_20-01-25,start,ranging'
ptd-server 2021-03-09 20:01:25,096 [INFO] Running PTDaemon: ['/home/anton/projects/mlperf/power/inference_v1.0/ptd-linux-x86', '-l', 'ptd.log', '-p', '8888', '52', '/dev/usbtmc0']
ptd-server 2021-03-09 20:01:42,269 [INFO] Sending to ptd: 'Hello'
ptd-server 2021-03-09 20:01:42,270 [INFO] Reply from ptd: 'Hello, PTDaemon here!'
ptd-server 2021-03-09 20:01:42,270 [INFO] Sending to ptd: 'Identify'
ptd-server 2021-03-09 20:01:42,270 [INFO] Reply from ptd: 'YokogawaWT330E,1000,1,1,1,1,0,0,1,version=1.9.2-e8c7a49a-20201208,OS=Linux 5.8.0-43-generic #49~20.04.1-Ubuntu SMP Fri Feb 5 09:57:56 UTC 2021 x86_64,mode=power,1,1,1,0,0,no_cal_date,YOKOGAWA;WT333E;C3VD30030E;F1.04'
ptd-server 2021-03-09 20:01:42,270 [INFO] Connected to PTDaemon
ptd-server 2021-03-09 20:01:42,271 [INFO] Sending to ptd: 'RR'
ptd-server 2021-03-09 20:01:42,271 [INFO] Reply from ptd: 'Ranges,0,0.500000,0,300.000000'
ptd-server 2021-03-09 20:01:42,271 [INFO] Initial range for Amps is 0.500000 for Volts is 300.000000
ptd-server 2021-03-09 20:01:42,271 [INFO] Sending to ptd: 'SR,V,Auto'
ptd-server 2021-03-09 20:01:42,774 [INFO] Reply from ptd: 'Range V changed'
ptd-server 2021-03-09 20:01:42,774 [INFO] Sending to ptd: 'SR,A,Auto'
ptd-server 2021-03-09 20:01:43,276 [INFO] Reply from ptd: 'Range A changed'
ptd-server 2021-03-09 20:01:53,286 [INFO] Starting ranging mode
ptd-server 2021-03-09 20:01:53,287 [INFO] Sending to ptd: 'Go,1000,0,2021-03-09_20-01-25_ranging'
ptd-server 2021-03-09 20:01:53,287 [INFO] Reply from ptd: 'Starting untimed measurement, maximum 500000 samples at 1000ms with 0 rampup samples'
ptd-server 2021-03-09 20:01:53,287 [INFO] Sending reply to client 'OK'
ptd-server 2021-03-09 20:12:08,655 [INFO] Got command from the client 'session,2021-03-09_20-01-25,stop,ranging'
ptd-server 2021-03-09 20:12:18,664 [INFO] Sending to ptd: 'Stop'
ptd-server 2021-03-09 20:12:18,665 [INFO] Reply from ptd: 'Stopping untimed measurement'
ptd-server 2021-03-09 20:12:19,515 [INFO] Sending reply to client 'OK'
ptd-server 2021-03-09 20:12:19,612 [INFO] Got command from the client 'time'
ptd-server 2021-03-09 20:12:19,612 [INFO] Sending reply to client '1615320739.612702'
ptd-server 2021-03-09 20:12:19,614 [INFO] Got command from the client 'session,2021-03-09_20-01-25,start,testing'
ptd-server 2021-03-09 20:12:19,615 [INFO] Sending to ptd: 'SR,V,250.050000'
ptd-server 2021-03-09 20:12:21,116 [INFO] Reply from ptd: 'Range V changed'
ptd-server 2021-03-09 20:12:21,116 [INFO] Sending to ptd: 'SR,A,0.131320'
ptd-server 2021-03-09 20:12:22,617 [INFO] Reply from ptd: 'Range A changed'
ptd-server 2021-03-09 20:12:32,624 [INFO] Starting testing mode
ptd-server 2021-03-09 20:12:32,624 [INFO] Sending to ptd: 'Go,1000,0,2021-03-09_20-01-25_testing'
ptd-server 2021-03-09 20:12:32,625 [INFO] Reply from ptd: 'Starting untimed measurement, maximum 500000 samples at 1000ms with 0 rampup samples'
ptd-server 2021-03-09 20:12:32,625 [INFO] Sending reply to client 'OK'
ptd-server 2021-03-09 20:22:48,005 [INFO] Got command from the client 'session,2021-03-09_20-01-25,stop,testing'
ptd-server 2021-03-09 20:22:58,016 [INFO] Sending to ptd: 'Stop'
ptd-server 2021-03-09 20:22:58,016 [INFO] Reply from ptd: 'Stopping untimed measurement'
ptd-server 2021-03-09 20:22:58,409 [INFO] Sending reply to client 'OK'
ptd-server 2021-03-09 20:22:58,427 [INFO] Got command from the client 'session,2021-03-09_20-01-25,upload,client.log'
ptd-server 2021-03-09 20:22:58,427 [INFO] Received '/home/anton/projects/mlperf/power-dev/output/2021-03-09_20-01-25client.log.tmp'
ptd-server 2021-03-09 20:22:58,428 [INFO] Removed '/home/anton/projects/mlperf/power-dev/output/2021-03-09_20-01-25client.log.tmp'
ptd-server 2021-03-09 20:22:58,428 [INFO] Sending reply to client 'OK'
ptd-server 2021-03-09 20:22:58,434 [INFO] Got command from the client 'session,2021-03-09_20-01-25,upload,client.json'
ptd-server 2021-03-09 20:22:58,435 [INFO] Received '/home/anton/projects/mlperf/power-dev/output/2021-03-09_20-01-25client.json.tmp'
ptd-server 2021-03-09 20:22:58,435 [INFO] Removed '/home/anton/projects/mlperf/power-dev/output/2021-03-09_20-01-25client.json.tmp'
ptd-server 2021-03-09 20:22:58,435 [INFO] Sending reply to client 'OK'
ptd-server 2021-03-09 20:22:58,437 [INFO] Got command from the client 'session,2021-03-09_20-01-25,done'
ptd-server 2021-03-09 20:22:58,437 [INFO] Sending to ptd: 'Stop'
ptd-server 2021-03-09 20:22:58,626 [INFO] Reply from ptd: 'Error: no measurement to stop'
ptd-server 2021-03-09 20:22:58,626 [INFO] Sending to ptd: 'SR,V,300.000000'
ptd-server 2021-03-09 20:23:00,127 [INFO] Reply from ptd: 'Range V changed'
ptd-server 2021-03-09 20:23:00,127 [INFO] Sending to ptd: 'SR,A,0.500000'
ptd-server 2021-03-09 20:23:01,629 [INFO] Reply from ptd: 'Range A changed'
ptd-server 2021-03-09 20:23:01,629 [INFO] Set initial values for Amps 0.500000 and Volts 300.000000
ptd-server 2021-03-09 20:23:01,629 [INFO] Stopping ptd...
