ptd-server 2021-02-28 05:34:20,455 [INFO] Got command from the client 'time'
ptd-server 2021-02-28 05:34:20,455 [INFO] Sending reply to client '1614490460.455437'
ptd-server 2021-02-28 05:34:20,456 [INFO] Got command from the client 'new,,95eab9e4-41e7-4178-a8be-231df293870d'
ptd-server 2021-02-28 05:34:20,457 [INFO] Sending reply to client 'OK 2021-02-28_05-34-20,550449d5-821a-4f69-9bea-a5f36eee8aea'
ptd-server 2021-02-28 05:34:20,489 [INFO] Got command from the client 'time'
ptd-server 2021-02-28 05:34:20,489 [INFO] Sending reply to client '1614490460.4895318'
ptd-server 2021-02-28 05:34:20,490 [INFO] Got command from the client 'session,2021-02-28_05-34-20,start,ranging'
ptd-server 2021-02-28 05:34:20,490 [INFO] Running PTDaemon: ['/home/anton/projects/mlperf/power/inference_v1.0/ptd-linux-x86', '-l', 'ptd.log', '-p', '8888', '52', '/dev/usbtmc0']
ptd-server 2021-02-28 05:34:37,659 [INFO] Sending to ptd: 'Hello'
ptd-server 2021-02-28 05:34:37,660 [INFO] Reply from ptd: 'Hello, PTDaemon here!'
ptd-server 2021-02-28 05:34:37,660 [INFO] Sending to ptd: 'Identify'
ptd-server 2021-02-28 05:34:37,660 [INFO] Reply from ptd: 'YokogawaWT330E,1000,1,1,1,1,0,0,1,version=1.9.2-e8c7a49a-20201208,OS=Linux 5.8.0-43-generic #49~20.04.1-Ubuntu SMP Fri Feb 5 09:57:56 UTC 2021 x86_64,mode=power,1,1,1,0,0,no_cal_date,YOKOGAWA;WT333E;C3VD30030E;F1.04'
ptd-server 2021-02-28 05:34:37,660 [INFO] Connected to PTDaemon
ptd-server 2021-02-28 05:34:37,660 [INFO] Sending to ptd: 'RR'
ptd-server 2021-02-28 05:34:37,661 [INFO] Reply from ptd: 'Ranges,0,0.500000,0,300.000000'
ptd-server 2021-02-28 05:34:37,661 [INFO] Initial range for Amps is 0.500000 for Volts is 300.000000
ptd-server 2021-02-28 05:34:37,661 [INFO] Sending to ptd: 'SR,V,Auto'
ptd-server 2021-02-28 05:34:38,164 [INFO] Reply from ptd: 'Range V changed'
ptd-server 2021-02-28 05:34:38,164 [INFO] Sending to ptd: 'SR,A,Auto'
ptd-server 2021-02-28 05:34:38,666 [INFO] Reply from ptd: 'Range A changed'
ptd-server 2021-02-28 05:34:48,676 [INFO] Starting ranging mode
ptd-server 2021-02-28 05:34:48,677 [INFO] Sending to ptd: 'Go,1000,0,2021-02-28_05-34-20_ranging'
ptd-server 2021-02-28 05:34:48,677 [INFO] Reply from ptd: 'Starting untimed measurement, maximum 500000 samples at 1000ms with 0 rampup samples'
ptd-server 2021-02-28 05:34:48,677 [INFO] Sending reply to client 'OK'
ptd-server 2021-02-28 05:45:07,113 [INFO] Got command from the client 'session,2021-02-28_05-34-20,stop,ranging'
ptd-server 2021-02-28 05:45:17,124 [INFO] Sending to ptd: 'Stop'
ptd-server 2021-02-28 05:45:17,124 [INFO] Reply from ptd: 'Stopping untimed measurement'
ptd-server 2021-02-28 05:45:17,293 [INFO] Sending reply to client 'OK'
ptd-server 2021-02-28 05:45:17,337 [INFO] Got command from the client 'time'
ptd-server 2021-02-28 05:45:17,337 [INFO] Sending reply to client '1614491117.3378997'
ptd-server 2021-02-28 05:45:17,339 [INFO] Got command from the client 'session,2021-02-28_05-34-20,start,testing'
ptd-server 2021-02-28 05:45:17,339 [INFO] Sending to ptd: 'SR,V,250.030000'
ptd-server 2021-02-28 05:45:19,178 [INFO] Reply from ptd: 'Range V changed'
ptd-server 2021-02-28 05:45:19,178 [INFO] Sending to ptd: 'SR,A,0.175330'
ptd-server 2021-02-28 05:45:20,680 [INFO] Reply from ptd: 'Range A changed'
ptd-server 2021-02-28 05:45:30,690 [INFO] Starting testing mode
ptd-server 2021-02-28 05:45:30,690 [INFO] Sending to ptd: 'Go,1000,0,2021-02-28_05-34-20_testing'
ptd-server 2021-02-28 05:45:30,691 [INFO] Reply from ptd: 'Starting untimed measurement, maximum 500000 samples at 1000ms with 0 rampup samples'
ptd-server 2021-02-28 05:45:30,691 [INFO] Sending reply to client 'OK'
ptd-server 2021-02-28 05:55:49,217 [INFO] Got command from the client 'session,2021-02-28_05-34-20,stop,testing'
ptd-server 2021-02-28 05:55:59,228 [INFO] Sending to ptd: 'Stop'
ptd-server 2021-02-28 05:55:59,228 [INFO] Reply from ptd: 'Stopping untimed measurement'
ptd-server 2021-02-28 05:55:59,322 [INFO] Sending reply to client 'OK'
ptd-server 2021-02-28 05:55:59,326 [INFO] Got command from the client 'session,2021-02-28_05-34-20,upload,client.log'
ptd-server 2021-02-28 05:55:59,326 [INFO] Received '/home/anton/projects/mlperf/power-dev/output/2021-02-28_05-34-20client.log.tmp'
ptd-server 2021-02-28 05:55:59,327 [INFO] Removed '/home/anton/projects/mlperf/power-dev/output/2021-02-28_05-34-20client.log.tmp'
ptd-server 2021-02-28 05:55:59,327 [INFO] Sending reply to client 'OK'
ptd-server 2021-02-28 05:55:59,331 [INFO] Got command from the client 'session,2021-02-28_05-34-20,upload,client.json'
ptd-server 2021-02-28 05:55:59,331 [INFO] Received '/home/anton/projects/mlperf/power-dev/output/2021-02-28_05-34-20client.json.tmp'
ptd-server 2021-02-28 05:55:59,331 [INFO] Removed '/home/anton/projects/mlperf/power-dev/output/2021-02-28_05-34-20client.json.tmp'
ptd-server 2021-02-28 05:55:59,331 [INFO] Sending reply to client 'OK'
ptd-server 2021-02-28 05:55:59,332 [INFO] Got command from the client 'session,2021-02-28_05-34-20,done'
ptd-server 2021-02-28 05:55:59,332 [INFO] Sending to ptd: 'Stop'
ptd-server 2021-02-28 05:55:59,690 [INFO] Reply from ptd: 'Error: no measurement to stop'
ptd-server 2021-02-28 05:55:59,690 [INFO] Sending to ptd: 'SR,V,300.000000'
ptd-server 2021-02-28 05:56:01,192 [INFO] Reply from ptd: 'Range V changed'
ptd-server 2021-02-28 05:56:01,192 [INFO] Sending to ptd: 'SR,A,0.500000'
ptd-server 2021-02-28 05:56:02,693 [INFO] Reply from ptd: 'Range A changed'
ptd-server 2021-02-28 05:56:02,694 [INFO] Set initial values for Amps 0.500000 and Volts 300.000000
ptd-server 2021-02-28 05:56:02,694 [INFO] Stopping ptd...
