ptd-server 2021-03-09 13:47:18,869 [INFO] Got command from the client 'time'
ptd-server 2021-03-09 13:47:18,870 [INFO] Sending reply to client '1615297638.8700879'
ptd-server 2021-03-09 13:47:18,872 [INFO] Got command from the client 'new,,717bd265-dee3-4425-8caa-04def05c0b2d'
ptd-server 2021-03-09 13:47:18,872 [INFO] Sending reply to client 'OK 2021-03-09_13-47-18,e3a5f4dc-2073-4661-86f1-f0b16385ae7b'
ptd-server 2021-03-09 13:47:18,910 [INFO] Got command from the client 'time'
ptd-server 2021-03-09 13:47:18,910 [INFO] Sending reply to client '1615297638.9101388'
ptd-server 2021-03-09 13:47:18,912 [INFO] Got command from the client 'session,2021-03-09_13-47-18,start,ranging'
ptd-server 2021-03-09 13:47:18,912 [INFO] Running PTDaemon: ['/home/anton/projects/mlperf/power/inference_v1.0/ptd-linux-x86', '-l', 'ptd.log', '-p', '8888', '52', '/dev/usbtmc0']
ptd-server 2021-03-09 13:47:36,087 [INFO] Sending to ptd: 'Hello'
ptd-server 2021-03-09 13:47:36,087 [INFO] Reply from ptd: 'Hello, PTDaemon here!'
ptd-server 2021-03-09 13:47:36,087 [INFO] Sending to ptd: 'Identify'
ptd-server 2021-03-09 13:47:36,088 [INFO] Reply from ptd: 'YokogawaWT330E,1000,1,1,1,1,0,0,1,version=1.9.2-e8c7a49a-20201208,OS=Linux 5.8.0-43-generic #49~20.04.1-Ubuntu SMP Fri Feb 5 09:57:56 UTC 2021 x86_64,mode=power,1,1,1,0,0,no_cal_date,YOKOGAWA;WT333E;C3VD30030E;F1.04'
ptd-server 2021-03-09 13:47:36,088 [INFO] Connected to PTDaemon
ptd-server 2021-03-09 13:47:36,088 [INFO] Sending to ptd: 'RR'
ptd-server 2021-03-09 13:47:36,088 [INFO] Reply from ptd: 'Ranges,0,0.500000,0,300.000000'
ptd-server 2021-03-09 13:47:36,088 [INFO] Initial range for Amps is 0.500000 for Volts is 300.000000
ptd-server 2021-03-09 13:47:36,089 [INFO] Sending to ptd: 'SR,V,Auto'
ptd-server 2021-03-09 13:47:36,591 [INFO] Reply from ptd: 'Range V changed'
ptd-server 2021-03-09 13:47:36,591 [INFO] Sending to ptd: 'SR,A,Auto'
ptd-server 2021-03-09 13:47:37,094 [INFO] Reply from ptd: 'Range A changed'
ptd-server 2021-03-09 13:47:47,104 [INFO] Starting ranging mode
ptd-server 2021-03-09 13:47:47,104 [INFO] Sending to ptd: 'Go,1000,0,2021-03-09_13-47-18_ranging'
ptd-server 2021-03-09 13:47:47,105 [INFO] Reply from ptd: 'Starting untimed measurement, maximum 500000 samples at 1000ms with 0 rampup samples'
ptd-server 2021-03-09 13:47:47,105 [INFO] Sending reply to client 'OK'
ptd-server 2021-03-09 13:58:02,572 [INFO] Got command from the client 'session,2021-03-09_13-47-18,stop,ranging'
ptd-server 2021-03-09 13:58:12,583 [INFO] Sending to ptd: 'Stop'
ptd-server 2021-03-09 13:58:12,583 [INFO] Reply from ptd: 'Stopping untimed measurement'
ptd-server 2021-03-09 13:58:13,342 [INFO] Sending reply to client 'OK'
ptd-server 2021-03-09 13:58:13,388 [INFO] Got command from the client 'time'
ptd-server 2021-03-09 13:58:13,388 [INFO] Sending reply to client '1615298293.3887463'
ptd-server 2021-03-09 13:58:13,391 [INFO] Got command from the client 'session,2021-03-09_13-47-18,start,testing'
ptd-server 2021-03-09 13:58:13,391 [INFO] Sending to ptd: 'SR,V,250.730000'
ptd-server 2021-03-09 13:58:14,892 [INFO] Reply from ptd: 'Range V changed'
ptd-server 2021-03-09 13:58:14,892 [INFO] Sending to ptd: 'SR,A,0.134130'
ptd-server 2021-03-09 13:58:16,394 [INFO] Reply from ptd: 'Range A changed'
ptd-server 2021-03-09 13:58:26,404 [INFO] Starting testing mode
ptd-server 2021-03-09 13:58:26,404 [INFO] Sending to ptd: 'Go,1000,0,2021-03-09_13-47-18_testing'
ptd-server 2021-03-09 13:58:26,405 [INFO] Reply from ptd: 'Starting untimed measurement, maximum 500000 samples at 1000ms with 0 rampup samples'
ptd-server 2021-03-09 13:58:26,405 [INFO] Sending reply to client 'OK'
ptd-server 2021-03-09 14:08:41,727 [INFO] Got command from the client 'session,2021-03-09_13-47-18,stop,testing'
ptd-server 2021-03-09 14:08:51,738 [INFO] Sending to ptd: 'Stop'
ptd-server 2021-03-09 14:08:51,738 [INFO] Reply from ptd: 'Stopping untimed measurement'
ptd-server 2021-03-09 14:08:52,122 [INFO] Sending reply to client 'OK'
ptd-server 2021-03-09 14:08:52,129 [INFO] Got command from the client 'session,2021-03-09_13-47-18,upload,client.log'
ptd-server 2021-03-09 14:08:52,131 [INFO] Received '/home/anton/projects/mlperf/power-dev/output/2021-03-09_13-47-18client.log.tmp'
ptd-server 2021-03-09 14:08:52,131 [INFO] Removed '/home/anton/projects/mlperf/power-dev/output/2021-03-09_13-47-18client.log.tmp'
ptd-server 2021-03-09 14:08:52,131 [INFO] Sending reply to client 'OK'
ptd-server 2021-03-09 14:08:52,138 [INFO] Got command from the client 'session,2021-03-09_13-47-18,upload,client.json'
ptd-server 2021-03-09 14:08:52,139 [INFO] Received '/home/anton/projects/mlperf/power-dev/output/2021-03-09_13-47-18client.json.tmp'
ptd-server 2021-03-09 14:08:52,139 [INFO] Removed '/home/anton/projects/mlperf/power-dev/output/2021-03-09_13-47-18client.json.tmp'
ptd-server 2021-03-09 14:08:52,139 [INFO] Sending reply to client 'OK'
ptd-server 2021-03-09 14:08:52,140 [INFO] Got command from the client 'session,2021-03-09_13-47-18,done'
ptd-server 2021-03-09 14:08:52,141 [INFO] Sending to ptd: 'Stop'
ptd-server 2021-03-09 14:08:52,406 [INFO] Reply from ptd: 'Error: no measurement to stop'
ptd-server 2021-03-09 14:08:52,406 [INFO] Sending to ptd: 'SR,V,300.000000'
ptd-server 2021-03-09 14:08:53,907 [INFO] Reply from ptd: 'Range V changed'
ptd-server 2021-03-09 14:08:53,907 [INFO] Sending to ptd: 'SR,A,0.500000'
ptd-server 2021-03-09 14:08:55,409 [INFO] Reply from ptd: 'Range A changed'
ptd-server 2021-03-09 14:08:55,409 [INFO] Set initial values for Amps 0.500000 and Volts 300.000000
ptd-server 2021-03-09 14:08:55,409 [INFO] Stopping ptd...
