ptd-server 2021-03-17 14:07:29,861 [INFO] Got command from the client 'time'
ptd-server 2021-03-17 14:07:29,861 [INFO] Sending reply to client '1615990049.861373'
ptd-server 2021-03-17 14:07:29,862 [INFO] Got command from the client 'new,,33457f77-b3a5-4241-92b7-592608e7381f'
ptd-server 2021-03-17 14:07:29,863 [INFO] Sending reply to client 'OK 2021-03-17_14-07-29,4a92ddba-a0ef-4b54-a725-55ddda8c68e1'
ptd-server 2021-03-17 14:07:29,886 [INFO] Got command from the client 'time'
ptd-server 2021-03-17 14:07:29,886 [INFO] Sending reply to client '1615990049.8868532'
ptd-server 2021-03-17 14:07:29,887 [INFO] Got command from the client 'session,2021-03-17_14-07-29,start,ranging'
ptd-server 2021-03-17 14:07:29,888 [INFO] Running PTDaemon: ['/home/anton/projects/mlperf/power/inference_v1.0/ptd-linux-x86', '-l', 'ptd.log', '-p', '9888', '52', '/dev/usbtmc1']
ptd-server 2021-03-17 14:07:47,003 [INFO] Sending to ptd: 'Hello'
ptd-server 2021-03-17 14:07:47,003 [INFO] Reply from ptd: 'Hello, PTDaemon here!'
ptd-server 2021-03-17 14:07:47,004 [INFO] Sending to ptd: 'Identify'
ptd-server 2021-03-17 14:07:47,004 [INFO] Reply from ptd: 'YokogawaWT330E,1000,1,1,1,1,0,0,1,version=1.9.2-e8c7a49a-20201208,OS=Linux 5.8.0-45-generic #51~20.04.1-Ubuntu SMP Tue Feb 23 13:46:31 UTC 2021 x86_64,mode=power,1,1,1,0,0,no_cal_date,YOKOGAWA;WT333E;C3VD30030E;F1.04'
ptd-server 2021-03-17 14:07:47,004 [INFO] Connected to PTDaemon
ptd-server 2021-03-17 14:07:47,005 [INFO] Sending to ptd: 'RR'
ptd-server 2021-03-17 14:07:47,005 [INFO] Reply from ptd: 'Ranges,1,2.000000,1,300.000000'
ptd-server 2021-03-17 14:07:47,005 [INFO] Initial range for Amps is Auto for Volts is Auto
ptd-server 2021-03-17 14:07:47,005 [INFO] Sending to ptd: 'SR,V,Auto'
ptd-server 2021-03-17 14:07:47,508 [INFO] Reply from ptd: 'Range V changed'
ptd-server 2021-03-17 14:07:47,509 [INFO] Sending to ptd: 'SR,A,Auto'
ptd-server 2021-03-17 14:07:48,012 [INFO] Reply from ptd: 'Range A changed'
ptd-server 2021-03-17 14:07:58,022 [INFO] Starting ranging mode
ptd-server 2021-03-17 14:07:58,023 [INFO] Sending to ptd: 'Go,1000,0,2021-03-17_14-07-29_ranging'
ptd-server 2021-03-17 14:07:58,023 [INFO] Reply from ptd: 'Starting untimed measurement, maximum 500000 samples at 1000ms with 0 rampup samples'
ptd-server 2021-03-17 14:07:58,023 [INFO] Sending reply to client 'OK'
ptd-server 2021-03-17 14:21:21,374 [INFO] Got command from the client 'session,2021-03-17_14-07-29,stop,ranging'
ptd-server 2021-03-17 14:21:31,384 [INFO] Sending to ptd: 'Stop'
ptd-server 2021-03-17 14:21:31,385 [INFO] Reply from ptd: 'Stopping untimed measurement'
ptd-server 2021-03-17 14:21:31,440 [INFO] Sending reply to client 'OK'
ptd-server 2021-03-17 14:21:31,468 [INFO] Got command from the client 'time'
ptd-server 2021-03-17 14:21:31,468 [INFO] Sending reply to client '1615990891.4687662'
ptd-server 2021-03-17 14:21:31,469 [INFO] Got command from the client 'session,2021-03-17_14-07-29,start,testing'
ptd-server 2021-03-17 14:21:31,469 [INFO] Sending to ptd: 'SR,V,247.350000'
ptd-server 2021-03-17 14:21:33,525 [INFO] Reply from ptd: 'Range V changed'
ptd-server 2021-03-17 14:21:33,525 [INFO] Sending to ptd: 'SR,A,2.527400'
ptd-server 2021-03-17 14:21:35,027 [INFO] Reply from ptd: 'Range A changed'
ptd-server 2021-03-17 14:21:45,037 [INFO] Starting testing mode
ptd-server 2021-03-17 14:21:45,038 [INFO] Sending to ptd: 'Go,1000,0,2021-03-17_14-07-29_testing'
ptd-server 2021-03-17 14:21:45,038 [INFO] Reply from ptd: 'Starting untimed measurement, maximum 500000 samples at 1000ms with 0 rampup samples'
ptd-server 2021-03-17 14:21:45,038 [INFO] Sending reply to client 'OK'
ptd-server 2021-03-17 14:35:05,892 [INFO] Got command from the client 'session,2021-03-17_14-07-29,stop,testing'
ptd-server 2021-03-17 14:35:15,903 [INFO] Sending to ptd: 'Stop'
ptd-server 2021-03-17 14:35:15,903 [INFO] Reply from ptd: 'Stopping untimed measurement'
ptd-server 2021-03-17 14:35:15,936 [INFO] Sending reply to client 'OK'
ptd-server 2021-03-17 14:35:15,939 [INFO] Got command from the client 'session,2021-03-17_14-07-29,upload,client.log'
ptd-server 2021-03-17 14:35:15,940 [INFO] Received '/home/anton/projects/mlperf/power-dev/output/2021-03-17_14-07-29client.log.tmp'
ptd-server 2021-03-17 14:35:15,940 [INFO] Removed '/home/anton/projects/mlperf/power-dev/output/2021-03-17_14-07-29client.log.tmp'
ptd-server 2021-03-17 14:35:15,940 [INFO] Sending reply to client 'OK'
ptd-server 2021-03-17 14:35:15,943 [INFO] Got command from the client 'session,2021-03-17_14-07-29,upload,client.json'
ptd-server 2021-03-17 14:35:15,943 [INFO] Received '/home/anton/projects/mlperf/power-dev/output/2021-03-17_14-07-29client.json.tmp'
ptd-server 2021-03-17 14:35:15,943 [INFO] Removed '/home/anton/projects/mlperf/power-dev/output/2021-03-17_14-07-29client.json.tmp'
ptd-server 2021-03-17 14:35:15,943 [INFO] Sending reply to client 'OK'
ptd-server 2021-03-17 14:35:15,944 [INFO] Got command from the client 'session,2021-03-17_14-07-29,done'
ptd-server 2021-03-17 14:35:15,944 [INFO] Sending to ptd: 'Stop'
ptd-server 2021-03-17 14:35:16,038 [INFO] Reply from ptd: 'Error: no measurement to stop'
ptd-server 2021-03-17 14:35:16,039 [INFO] Sending to ptd: 'SR,V,Auto'
ptd-server 2021-03-17 14:35:16,542 [INFO] Reply from ptd: 'Range V changed'
ptd-server 2021-03-17 14:35:16,542 [INFO] Sending to ptd: 'SR,A,Auto'
ptd-server 2021-03-17 14:35:17,045 [INFO] Reply from ptd: 'Range A changed'
ptd-server 2021-03-17 14:35:17,045 [INFO] Set initial values for Amps Auto and Volts Auto
ptd-server 2021-03-17 14:35:17,045 [INFO] Stopping ptd...
