ptd-server 2021-02-27 22:54:40,188 [INFO] Got command from the client 'time'
ptd-server 2021-02-27 22:54:40,188 [INFO] Sending reply to client '1614466480.1888852'
ptd-server 2021-02-27 22:54:40,190 [INFO] Got command from the client 'new,,b2fd00bf-b116-48ac-a9ce-2e646d6032af'
ptd-server 2021-02-27 22:54:40,190 [INFO] Sending reply to client 'OK 2021-02-27_22-54-40,b92bad35-9e1a-4437-bd3e-f7a28c9cab92'
ptd-server 2021-02-27 22:54:40,230 [INFO] Got command from the client 'time'
ptd-server 2021-02-27 22:54:40,230 [INFO] Sending reply to client '1614466480.230549'
ptd-server 2021-02-27 22:54:40,233 [INFO] Got command from the client 'session,2021-02-27_22-54-40,start,ranging'
ptd-server 2021-02-27 22:54:40,233 [INFO] Running PTDaemon: ['/home/anton/projects/mlperf/power/inference_v1.0/ptd-linux-x86', '-l', 'ptd.log', '-p', '8888', '52', '/dev/usbtmc0']
ptd-server 2021-02-27 22:54:57,400 [INFO] Sending to ptd: 'Hello'
ptd-server 2021-02-27 22:54:57,401 [INFO] Reply from ptd: 'Hello, PTDaemon here!'
ptd-server 2021-02-27 22:54:57,401 [INFO] Sending to ptd: 'Identify'
ptd-server 2021-02-27 22:54:57,401 [INFO] Reply from ptd: 'YokogawaWT330E,1000,1,1,1,1,0,0,1,version=1.9.2-e8c7a49a-20201208,OS=Linux 5.8.0-43-generic #49~20.04.1-Ubuntu SMP Fri Feb 5 09:57:56 UTC 2021 x86_64,mode=power,1,1,1,0,0,no_cal_date,YOKOGAWA;WT333E;C3VD30030E;F1.04'
ptd-server 2021-02-27 22:54:57,401 [INFO] Connected to PTDaemon
ptd-server 2021-02-27 22:54:57,401 [INFO] Sending to ptd: 'RR'
ptd-server 2021-02-27 22:54:57,402 [INFO] Reply from ptd: 'Ranges,0,0.500000,0,300.000000'
ptd-server 2021-02-27 22:54:57,402 [INFO] Initial range for Amps is 0.500000 for Volts is 300.000000
ptd-server 2021-02-27 22:54:57,402 [INFO] Sending to ptd: 'SR,V,Auto'
ptd-server 2021-02-27 22:54:57,904 [INFO] Reply from ptd: 'Range V changed'
ptd-server 2021-02-27 22:54:57,905 [INFO] Sending to ptd: 'SR,A,Auto'
ptd-server 2021-02-27 22:54:58,407 [INFO] Reply from ptd: 'Range A changed'
ptd-server 2021-02-27 22:55:08,416 [INFO] Starting ranging mode
ptd-server 2021-02-27 22:55:08,416 [INFO] Sending to ptd: 'Go,1000,0,2021-02-27_22-54-40_ranging'
ptd-server 2021-02-27 22:55:08,417 [INFO] Reply from ptd: 'Starting untimed measurement, maximum 500000 samples at 1000ms with 0 rampup samples'
ptd-server 2021-02-27 22:55:08,417 [INFO] Sending reply to client 'OK'
ptd-server 2021-02-27 23:05:26,988 [INFO] Got command from the client 'session,2021-02-27_22-54-40,stop,ranging'
ptd-server 2021-02-27 23:05:36,996 [INFO] Sending to ptd: 'Stop'
ptd-server 2021-02-27 23:05:36,997 [INFO] Reply from ptd: 'Stopping untimed measurement'
ptd-server 2021-02-27 23:05:37,146 [INFO] Sending reply to client 'OK'
ptd-server 2021-02-27 23:05:37,188 [INFO] Got command from the client 'time'
ptd-server 2021-02-27 23:05:37,188 [INFO] Sending reply to client '1614467137.1885262'
ptd-server 2021-02-27 23:05:37,190 [INFO] Got command from the client 'session,2021-02-27_22-54-40,start,testing'
ptd-server 2021-02-27 23:05:37,190 [INFO] Sending to ptd: 'SR,V,250.840000'
ptd-server 2021-02-27 23:05:38,919 [INFO] Reply from ptd: 'Range V changed'
ptd-server 2021-02-27 23:05:38,919 [INFO] Sending to ptd: 'SR,A,0.194960'
ptd-server 2021-02-27 23:05:40,421 [INFO] Reply from ptd: 'Range A changed'
ptd-server 2021-02-27 23:05:50,422 [INFO] Starting testing mode
ptd-server 2021-02-27 23:05:50,422 [INFO] Sending to ptd: 'Go,1000,0,2021-02-27_22-54-40_testing'
ptd-server 2021-02-27 23:05:50,422 [INFO] Reply from ptd: 'Starting untimed measurement, maximum 500000 samples at 1000ms with 0 rampup samples'
ptd-server 2021-02-27 23:05:50,423 [INFO] Sending reply to client 'OK'
ptd-server 2021-02-27 23:16:08,968 [INFO] Got command from the client 'session,2021-02-27_22-54-40,stop,testing'
ptd-server 2021-02-27 23:16:18,978 [INFO] Sending to ptd: 'Stop'
ptd-server 2021-02-27 23:16:18,978 [INFO] Reply from ptd: 'Stopping untimed measurement'
ptd-server 2021-02-27 23:16:19,054 [INFO] Sending reply to client 'OK'
ptd-server 2021-02-27 23:16:19,058 [INFO] Got command from the client 'session,2021-02-27_22-54-40,upload,client.log'
ptd-server 2021-02-27 23:16:19,058 [INFO] Received '/home/anton/projects/mlperf/power-dev/output/2021-02-27_22-54-40client.log.tmp'
ptd-server 2021-02-27 23:16:19,058 [INFO] Removed '/home/anton/projects/mlperf/power-dev/output/2021-02-27_22-54-40client.log.tmp'
ptd-server 2021-02-27 23:16:19,058 [INFO] Sending reply to client 'OK'
ptd-server 2021-02-27 23:16:19,063 [INFO] Got command from the client 'session,2021-02-27_22-54-40,upload,client.json'
ptd-server 2021-02-27 23:16:19,063 [INFO] Received '/home/anton/projects/mlperf/power-dev/output/2021-02-27_22-54-40client.json.tmp'
ptd-server 2021-02-27 23:16:19,063 [INFO] Removed '/home/anton/projects/mlperf/power-dev/output/2021-02-27_22-54-40client.json.tmp'
ptd-server 2021-02-27 23:16:19,063 [INFO] Sending reply to client 'OK'
ptd-server 2021-02-27 23:16:19,064 [INFO] Got command from the client 'session,2021-02-27_22-54-40,done'
ptd-server 2021-02-27 23:16:19,064 [INFO] Sending to ptd: 'Stop'
ptd-server 2021-02-27 23:16:19,423 [INFO] Reply from ptd: 'Error: no measurement to stop'
ptd-server 2021-02-27 23:16:19,423 [INFO] Sending to ptd: 'SR,V,300.000000'
ptd-server 2021-02-27 23:16:20,924 [INFO] Reply from ptd: 'Range V changed'
ptd-server 2021-02-27 23:16:20,924 [INFO] Sending to ptd: 'SR,A,0.500000'
ptd-server 2021-02-27 23:16:22,426 [INFO] Reply from ptd: 'Range A changed'
ptd-server 2021-02-27 23:16:22,426 [INFO] Set initial values for Amps 0.500000 and Volts 300.000000
ptd-server 2021-02-27 23:16:22,426 [INFO] Stopping ptd...
