client 2021-03-05 01:06:02,676 [INFO] Sending command to the server: 'mlcommons/power client v3'
client 2021-03-05 01:06:02,678 [INFO] Got response: 'mlcommons/power server v3'
client 2021-03-05 01:06:02,678 [INFO] Synchronizing with the server and with time.google.com...
client 2021-03-05 01:06:02,733 [INFO] NTP:offset = -0.002 s, delay = 0.031 s 
client 2021-03-05 01:06:02,734 [INFO] Sending command to the server: 'time'
client 2021-03-05 01:06:02,736 [INFO] Got response: '1614906362.7351413'
client 2021-03-05 01:06:02,737 [INFO] The time difference between the client and the server is within range -1.046 ms..1.906 ms
client 2021-03-05 01:06:02,737 [INFO] Sending command to the server: 'new,,af16aac1-21b7-4b5e-b346-939dbcbedb18'
client 2021-03-05 01:06:02,740 [INFO] Got response: 'OK 2021-03-05_01-06-02,37ba909a-3b9a-43b5-bd9e-fe094b79e377'
client 2021-03-05 01:06:02,741 [INFO] Session id is '2021-03-05_01-06-02'
client 2021-03-05 01:06:02,741 [INFO] Sources: {"sources": {"client.py": "d1e75cb4b26101220ebd242e584cf3ca5d8f1996", "lib/__init__.py": "da39a3ee5e6b4b0d3255bfef95601890afd80709", "lib/client.py": "d42bebf5b74cb6ff3997e2a6c68422afac111a28", "lib/common.py": "b0bad80d8fa328a7636027d4d66ff453f8dd7889", "lib/external/ntplib.py": "4da8f970656505a40483206ef2b5d3dd5e81711d", "lib/server.py": "2ed36471c7af565d6c8438b2134edad1d7ddf166", "lib/source_hashes.py": "4cedff274c661cb1504052018fd4f00dfbf624ef", "lib/summary.py": "0db15d783907aa92038281af4e465545c0648ddb", "lib/time_sync.py": "76051226ec89287839723352f4162aaa24e0546a", "server.py": "99e1310e3f76292aef1b8792ce6b8c82f1d44d8b", "tests/unit/test_server.py": "64f11775bfed35232a0e8bb9593c0ff992432c59", "tests/unit/test_source_hashes.py": "cb41a7261eaf7d94ba5c0aae9c523174f6204be3"}, "modules": {"__main__": "client.py", "lib.client": "lib/client.py", "lib.common": "lib/common.py", "lib.external.ntplib": "lib/external/ntplib.py", "lib.source_hashes": "lib/source_hashes.py", "lib.summary": "lib/summary.py", "lib.time_sync": "lib/time_sync.py"}}
client 2021-03-05 01:06:02,741 [INFO] Running workload in ranging mode
client 2021-03-05 01:06:02,742 [INFO] Synchronizing with the server and with time.google.com...
client 2021-03-05 01:06:02,773 [INFO] NTP:offset = -0.002 s, delay = 0.029 s 
client 2021-03-05 01:06:02,773 [INFO] Sending command to the server: 'time'
client 2021-03-05 01:06:02,776 [INFO] Got response: '1614906362.7750738'
client 2021-03-05 01:06:02,777 [INFO] The time difference between the client and the server is within range -1.117 ms..1.893 ms
client 2021-03-05 01:06:02,777 [INFO] Sending command to the server: 'session,2021-03-05_01-06-02,start,ranging'
client 2021-03-05 01:06:30,978 [INFO] Got response: 'OK'
client 2021-03-05 01:06:30,978 [INFO] Running the workload 'ck benchmark program:image-classification-tflite-loadgen --env.CK_SILENT_MODE=YES --skip_print_timers --dep_add_tags.compiler=gcc,v9 --dep_add_tags.python=v3 --dep_add_tags.mlperf-inference-src=r1.0 --dep_add_tags.weights=efficientnet,lite1,non-quantized --dep_add_tags.images=crop.875,preprocessed,using-opencv --dep_add_tags.library=tflite,v2.4.1,with.ruy --env.CK_LOADGEN_DATASET_SIZE=1024 --env.CK_LOADGEN_MODE=PerformanceOnly --env.CK_LOADGEN_SCENARIO=SingleStream --env.CK_FAN_MODE=on --env.CK_LOADGEN_TARGET_LATENCY=$CK_LOADGEN_TARGET_LATENCY --skip_stat_analysis --process_multi_keys --repetitions=1 --record --record_repo=local --record_uoa=mlperf-open-rpi4coral-tflite-v2.4.1-ruy-efficientnet-lite1-non-quantized-singlestream-performance-target_latency.$CK_LOADGEN_TARGET_LATENCY-fan_mode.on-power.workload --tags=mlperf,division.open,task.image-classification,platform.rpi4coral,scenario.singlestream,mode.performance,workload.efficientnet-lite1-non-quantized,preprocessed_using.opencv,inference_engine.tflite,inference_engine_version.v2.4.1,inference_engine_backend.ruy,fan_mode.on,target_latency.$CK_LOADGEN_TARGET_LATENCY,power.workload "@@@{\'meta\': {\'ck_benchmark_program\': \'ck benchmark program:image-classification-tflite-loadgen --env.CK_SILENT_MODE=YES --skip_print_timers --dep_add_tags.compiler=gcc,v9 --dep_add_tags.python=v3 --dep_add_tags.mlperf-inference-src=r1.0 --dep_add_tags.weights=efficientnet,lite1,non-quantized --dep_add_tags.images=crop.875,preprocessed,using-opencv --dep_add_tags.library=tflite,v2.4.1,with.ruy --env.CK_LOADGEN_DATASET_SIZE=1024 --env.CK_LOADGEN_MODE=PerformanceOnly --env.CK_LOADGEN_SCENARIO=SingleStream --env.CK_FAN_MODE=on --env.CK_LOADGEN_TARGET_LATENCY=$CK_LOADGEN_TARGET_LATENCY --skip_stat_analysis --process_multi_keys --repetitions=1 --record --record_repo=local --record_uoa=mlperf-open-rpi4coral-tflite-v2.4.1-ruy-efficientnet-lite1-non-quantized-singlestream-performance-target_latency.$CK_LOADGEN_TARGET_LATENCY-fan_mode.on-power.workload --tags=mlperf,division.open,task.image-classification,platform.rpi4coral,scenario.singlestream,mode.performance,workload.efficientnet-lite1-non-quantized,preprocessed_using.opencv,inference_engine.tflite,inference_engine_version.v2.4.1,inference_engine_backend.ruy,fan_mode.on,target_latency.$CK_LOADGEN_TARGET_LATENCY,power.workload\'}}"  && mkdir -p "$CK_MLPERF_POWER_CLIENT_LOADGEN_LOGS" && cp "$CK_MLPERF_POWER_CLIENT_LOADGEN_LOGS"/../mlperf_log_* "$CK_MLPERF_POWER_CLIENT_LOADGEN_LOGS"/'
client 2021-03-05 01:17:02,466 [INFO] Sending command to the server: 'session,2021-03-05_01-06-02,stop,ranging'
client 2021-03-05 01:17:12,778 [INFO] Got response: 'OK'
client 2021-03-05 01:17:12,780 [INFO] Running workload in testing mode
client 2021-03-05 01:17:12,781 [INFO] Synchronizing with the server and with time.google.com...
client 2021-03-05 01:17:12,822 [INFO] NTP:offset = -0.006 s, delay = 0.035 s 
client 2021-03-05 01:17:12,822 [INFO] Sending command to the server: 'time'
client 2021-03-05 01:17:12,826 [INFO] Got response: '1614907032.8248317'
client 2021-03-05 01:17:12,826 [INFO] The time difference between the client and the server is within range -2.003 ms..1.700 ms
client 2021-03-05 01:17:12,826 [INFO] Sending command to the server: 'session,2021-03-05_01-06-02,start,testing'
client 2021-03-05 01:17:25,992 [INFO] Got response: 'OK'
client 2021-03-05 01:17:25,992 [INFO] Running the workload 'ck benchmark program:image-classification-tflite-loadgen --env.CK_SILENT_MODE=YES --skip_print_timers --dep_add_tags.compiler=gcc,v9 --dep_add_tags.python=v3 --dep_add_tags.mlperf-inference-src=r1.0 --dep_add_tags.weights=efficientnet,lite1,non-quantized --dep_add_tags.images=crop.875,preprocessed,using-opencv --dep_add_tags.library=tflite,v2.4.1,with.ruy --env.CK_LOADGEN_DATASET_SIZE=1024 --env.CK_LOADGEN_MODE=PerformanceOnly --env.CK_LOADGEN_SCENARIO=SingleStream --env.CK_FAN_MODE=on --env.CK_LOADGEN_TARGET_LATENCY=$CK_LOADGEN_TARGET_LATENCY --skip_stat_analysis --process_multi_keys --repetitions=1 --record --record_repo=local --record_uoa=mlperf-open-rpi4coral-tflite-v2.4.1-ruy-efficientnet-lite1-non-quantized-singlestream-performance-target_latency.$CK_LOADGEN_TARGET_LATENCY-fan_mode.on-power.workload --tags=mlperf,division.open,task.image-classification,platform.rpi4coral,scenario.singlestream,mode.performance,workload.efficientnet-lite1-non-quantized,preprocessed_using.opencv,inference_engine.tflite,inference_engine_version.v2.4.1,inference_engine_backend.ruy,fan_mode.on,target_latency.$CK_LOADGEN_TARGET_LATENCY,power.workload "@@@{\'meta\': {\'ck_benchmark_program\': \'ck benchmark program:image-classification-tflite-loadgen --env.CK_SILENT_MODE=YES --skip_print_timers --dep_add_tags.compiler=gcc,v9 --dep_add_tags.python=v3 --dep_add_tags.mlperf-inference-src=r1.0 --dep_add_tags.weights=efficientnet,lite1,non-quantized --dep_add_tags.images=crop.875,preprocessed,using-opencv --dep_add_tags.library=tflite,v2.4.1,with.ruy --env.CK_LOADGEN_DATASET_SIZE=1024 --env.CK_LOADGEN_MODE=PerformanceOnly --env.CK_LOADGEN_SCENARIO=SingleStream --env.CK_FAN_MODE=on --env.CK_LOADGEN_TARGET_LATENCY=$CK_LOADGEN_TARGET_LATENCY --skip_stat_analysis --process_multi_keys --repetitions=1 --record --record_repo=local --record_uoa=mlperf-open-rpi4coral-tflite-v2.4.1-ruy-efficientnet-lite1-non-quantized-singlestream-performance-target_latency.$CK_LOADGEN_TARGET_LATENCY-fan_mode.on-power.workload --tags=mlperf,division.open,task.image-classification,platform.rpi4coral,scenario.singlestream,mode.performance,workload.efficientnet-lite1-non-quantized,preprocessed_using.opencv,inference_engine.tflite,inference_engine_version.v2.4.1,inference_engine_backend.ruy,fan_mode.on,target_latency.$CK_LOADGEN_TARGET_LATENCY,power.workload\'}}"  && mkdir -p "$CK_MLPERF_POWER_CLIENT_LOADGEN_LOGS" && cp "$CK_MLPERF_POWER_CLIENT_LOADGEN_LOGS"/../mlperf_log_* "$CK_MLPERF_POWER_CLIENT_LOADGEN_LOGS"/'
client 2021-03-05 01:28:02,313 [INFO] Sending command to the server: 'session,2021-03-05_01-06-02,stop,testing'
client 2021-03-05 01:28:12,498 [INFO] Got response: 'OK'
client 2021-03-05 01:28:12,500 [INFO] Done runs
