ptd-server 2021-02-26 21:21:03,233 [INFO] Got command from the client 'time'
ptd-server 2021-02-26 21:21:03,233 [INFO] Sending reply to client '1614374463.23371'
ptd-server 2021-02-26 21:21:03,234 [INFO] Got command from the client 'new,,55b61bca-af8b-4e86-ad3d-7e411f69fd40'
ptd-server 2021-02-26 21:21:03,235 [INFO] Sending reply to client 'OK 2021-02-26_21-21-03,b28ba0fa-b828-433c-b376-467eba448fff'
ptd-server 2021-02-26 21:21:03,273 [INFO] Got command from the client 'time'
ptd-server 2021-02-26 21:21:03,273 [INFO] Sending reply to client '1614374463.2735558'
ptd-server 2021-02-26 21:21:03,274 [INFO] Got command from the client 'session,2021-02-26_21-21-03,start,ranging'
ptd-server 2021-02-26 21:21:03,275 [INFO] Running PTDaemon: ['/home/anton/projects/mlperf/power/inference_v1.0/ptd-linux-x86', '-l', 'ptd.log', '-p', '8888', '52', '/dev/usbtmc0']
ptd-server 2021-02-26 21:21:20,443 [INFO] Sending to ptd: 'Hello'
ptd-server 2021-02-26 21:21:20,444 [INFO] Reply from ptd: 'Hello, PTDaemon here!'
ptd-server 2021-02-26 21:21:20,444 [INFO] Sending to ptd: 'Identify'
ptd-server 2021-02-26 21:21:20,444 [INFO] Reply from ptd: 'YokogawaWT330E,1000,1,1,1,1,0,0,1,version=1.9.2-e8c7a49a-20201208,OS=Linux 5.8.0-43-generic #49~20.04.1-Ubuntu SMP Fri Feb 5 09:57:56 UTC 2021 x86_64,mode=power,1,1,1,0,0,no_cal_date,YOKOGAWA;WT333E;C3VD30030E;F1.04'
ptd-server 2021-02-26 21:21:20,444 [INFO] Connected to PTDaemon
ptd-server 2021-02-26 21:21:20,445 [INFO] Sending to ptd: 'RR'
ptd-server 2021-02-26 21:21:20,445 [INFO] Reply from ptd: 'Ranges,0,0.500000,0,300.000000'
ptd-server 2021-02-26 21:21:20,445 [INFO] Initial range for Amps is 0.500000 for Volts is 300.000000
ptd-server 2021-02-26 21:21:20,445 [INFO] Sending to ptd: 'SR,V,Auto'
ptd-server 2021-02-26 21:21:20,948 [INFO] Reply from ptd: 'Range V changed'
ptd-server 2021-02-26 21:21:20,948 [INFO] Sending to ptd: 'SR,A,Auto'
ptd-server 2021-02-26 21:21:21,450 [INFO] Reply from ptd: 'Range A changed'
ptd-server 2021-02-26 21:21:31,461 [INFO] Starting ranging mode
ptd-server 2021-02-26 21:21:31,461 [INFO] Sending to ptd: 'Go,1000,0,2021-02-26_21-21-03_ranging'
ptd-server 2021-02-26 21:21:31,461 [INFO] Reply from ptd: 'Starting untimed measurement, maximum 500000 samples at 1000ms with 0 rampup samples'
ptd-server 2021-02-26 21:21:31,461 [INFO] Sending reply to client 'OK'
ptd-server 2021-02-26 21:31:50,203 [INFO] Got command from the client 'session,2021-02-26_21-21-03,stop,ranging'
ptd-server 2021-02-26 21:32:00,212 [INFO] Sending to ptd: 'Stop'
ptd-server 2021-02-26 21:32:00,213 [INFO] Reply from ptd: 'Stopping untimed measurement'
ptd-server 2021-02-26 21:32:00,243 [INFO] Sending reply to client 'OK'
ptd-server 2021-02-26 21:32:00,282 [INFO] Got command from the client 'time'
ptd-server 2021-02-26 21:32:00,282 [INFO] Sending reply to client '1614375120.2824674'
ptd-server 2021-02-26 21:32:00,283 [INFO] Got command from the client 'session,2021-02-26_21-21-03,start,testing'
ptd-server 2021-02-26 21:32:00,283 [INFO] Sending to ptd: 'SR,V,250.260000'
ptd-server 2021-02-26 21:32:01,962 [INFO] Reply from ptd: 'Range V changed'
ptd-server 2021-02-26 21:32:01,962 [INFO] Sending to ptd: 'SR,A,0.221300'
ptd-server 2021-02-26 21:32:03,464 [INFO] Reply from ptd: 'Range A changed'
ptd-server 2021-02-26 21:32:13,468 [INFO] Starting testing mode
ptd-server 2021-02-26 21:32:13,468 [INFO] Sending to ptd: 'Go,1000,0,2021-02-26_21-21-03_testing'
ptd-server 2021-02-26 21:32:13,469 [INFO] Reply from ptd: 'Starting untimed measurement, maximum 500000 samples at 1000ms with 0 rampup samples'
ptd-server 2021-02-26 21:32:13,469 [INFO] Sending reply to client 'OK'
ptd-server 2021-02-26 21:42:31,966 [INFO] Got command from the client 'session,2021-02-26_21-21-03,stop,testing'
ptd-server 2021-02-26 21:42:41,977 [INFO] Sending to ptd: 'Stop'
ptd-server 2021-02-26 21:42:41,977 [INFO] Reply from ptd: 'Stopping untimed measurement'
ptd-server 2021-02-26 21:42:41,994 [INFO] Sending reply to client 'OK'
ptd-server 2021-02-26 21:42:42,003 [INFO] Got command from the client 'session,2021-02-26_21-21-03,upload,client.log'
ptd-server 2021-02-26 21:42:42,004 [INFO] Received '/home/anton/projects/mlperf/power-dev/output/2021-02-26_21-21-03client.log.tmp'
ptd-server 2021-02-26 21:42:42,004 [INFO] Removed '/home/anton/projects/mlperf/power-dev/output/2021-02-26_21-21-03client.log.tmp'
ptd-server 2021-02-26 21:42:42,004 [INFO] Sending reply to client 'OK'
ptd-server 2021-02-26 21:42:42,008 [INFO] Got command from the client 'session,2021-02-26_21-21-03,upload,client.json'
ptd-server 2021-02-26 21:42:42,009 [INFO] Received '/home/anton/projects/mlperf/power-dev/output/2021-02-26_21-21-03client.json.tmp'
ptd-server 2021-02-26 21:42:42,009 [INFO] Removed '/home/anton/projects/mlperf/power-dev/output/2021-02-26_21-21-03client.json.tmp'
ptd-server 2021-02-26 21:42:42,009 [INFO] Sending reply to client 'OK'
ptd-server 2021-02-26 21:42:42,010 [INFO] Got command from the client 'session,2021-02-26_21-21-03,done'
ptd-server 2021-02-26 21:42:42,010 [INFO] Sending to ptd: 'Stop'
ptd-server 2021-02-26 21:42:42,469 [INFO] Reply from ptd: 'Error: no measurement to stop'
ptd-server 2021-02-26 21:42:42,470 [INFO] Sending to ptd: 'SR,V,300.000000'
ptd-server 2021-02-26 21:42:43,971 [INFO] Reply from ptd: 'Range V changed'
ptd-server 2021-02-26 21:42:43,971 [INFO] Sending to ptd: 'SR,A,0.500000'
ptd-server 2021-02-26 21:42:45,472 [INFO] Reply from ptd: 'Range A changed'
ptd-server 2021-02-26 21:42:45,473 [INFO] Set initial values for Amps 0.500000 and Volts 300.000000
ptd-server 2021-02-26 21:42:45,473 [INFO] Stopping ptd...
