ptd-server 2021-03-09 15:40:48,135 [INFO] Got command from the client 'time'
ptd-server 2021-03-09 15:40:48,136 [INFO] Sending reply to client '1615304448.1359856'
ptd-server 2021-03-09 15:40:48,138 [INFO] Got command from the client 'new,,f5c68f0f-40d5-429f-8eb6-05d6ead8e538'
ptd-server 2021-03-09 15:40:48,140 [INFO] Sending reply to client 'OK 2021-03-09_15-40-48,17b67425-4d8e-4daa-bac1-cd275a9bc17e'
ptd-server 2021-03-09 15:40:48,185 [INFO] Got command from the client 'time'
ptd-server 2021-03-09 15:40:48,185 [INFO] Sending reply to client '1615304448.1857932'
ptd-server 2021-03-09 15:40:48,187 [INFO] Got command from the client 'session,2021-03-09_15-40-48,start,ranging'
ptd-server 2021-03-09 15:40:48,188 [INFO] Running PTDaemon: ['/home/anton/projects/mlperf/power/inference_v1.0/ptd-linux-x86', '-l', 'ptd.log', '-p', '8888', '52', '/dev/usbtmc0']
ptd-server 2021-03-09 15:41:05,361 [INFO] Sending to ptd: 'Hello'
ptd-server 2021-03-09 15:41:05,361 [INFO] Reply from ptd: 'Hello, PTDaemon here!'
ptd-server 2021-03-09 15:41:05,362 [INFO] Sending to ptd: 'Identify'
ptd-server 2021-03-09 15:41:05,362 [INFO] Reply from ptd: 'YokogawaWT330E,1000,1,1,1,1,0,0,1,version=1.9.2-e8c7a49a-20201208,OS=Linux 5.8.0-43-generic #49~20.04.1-Ubuntu SMP Fri Feb 5 09:57:56 UTC 2021 x86_64,mode=power,1,1,1,0,0,no_cal_date,YOKOGAWA;WT333E;C3VD30030E;F1.04'
ptd-server 2021-03-09 15:41:05,362 [INFO] Connected to PTDaemon
ptd-server 2021-03-09 15:41:05,362 [INFO] Sending to ptd: 'RR'
ptd-server 2021-03-09 15:41:05,363 [INFO] Reply from ptd: 'Ranges,0,0.500000,0,300.000000'
ptd-server 2021-03-09 15:41:05,363 [INFO] Initial range for Amps is 0.500000 for Volts is 300.000000
ptd-server 2021-03-09 15:41:05,363 [INFO] Sending to ptd: 'SR,V,Auto'
ptd-server 2021-03-09 15:41:05,865 [INFO] Reply from ptd: 'Range V changed'
ptd-server 2021-03-09 15:41:05,866 [INFO] Sending to ptd: 'SR,A,Auto'
ptd-server 2021-03-09 15:41:06,368 [INFO] Reply from ptd: 'Range A changed'
ptd-server 2021-03-09 15:41:16,378 [INFO] Starting ranging mode
ptd-server 2021-03-09 15:41:16,378 [INFO] Sending to ptd: 'Go,1000,0,2021-03-09_15-40-48_ranging'
ptd-server 2021-03-09 15:41:16,379 [INFO] Reply from ptd: 'Starting untimed measurement, maximum 500000 samples at 1000ms with 0 rampup samples'
ptd-server 2021-03-09 15:41:16,379 [INFO] Sending reply to client 'OK'
ptd-server 2021-03-09 15:51:31,860 [INFO] Got command from the client 'session,2021-03-09_15-40-48,stop,ranging'
ptd-server 2021-03-09 15:51:41,870 [INFO] Sending to ptd: 'Stop'
ptd-server 2021-03-09 15:51:41,871 [INFO] Reply from ptd: 'Stopping untimed measurement'
ptd-server 2021-03-09 15:51:42,615 [INFO] Sending reply to client 'OK'
ptd-server 2021-03-09 15:51:42,664 [INFO] Got command from the client 'time'
ptd-server 2021-03-09 15:51:42,664 [INFO] Sending reply to client '1615305102.6644576'
ptd-server 2021-03-09 15:51:42,666 [INFO] Got command from the client 'session,2021-03-09_15-40-48,start,testing'
ptd-server 2021-03-09 15:51:42,666 [INFO] Sending to ptd: 'SR,V,249.790000'
ptd-server 2021-03-09 15:51:44,168 [INFO] Reply from ptd: 'Range V changed'
ptd-server 2021-03-09 15:51:44,168 [INFO] Sending to ptd: 'SR,A,0.152440'
ptd-server 2021-03-09 15:51:45,669 [INFO] Reply from ptd: 'Range A changed'
ptd-server 2021-03-09 15:51:55,680 [INFO] Starting testing mode
ptd-server 2021-03-09 15:51:55,680 [INFO] Sending to ptd: 'Go,1000,0,2021-03-09_15-40-48_testing'
ptd-server 2021-03-09 15:51:55,680 [INFO] Reply from ptd: 'Starting untimed measurement, maximum 500000 samples at 1000ms with 0 rampup samples'
ptd-server 2021-03-09 15:51:55,680 [INFO] Sending reply to client 'OK'
ptd-server 2021-03-09 16:02:10,927 [INFO] Got command from the client 'session,2021-03-09_15-40-48,stop,testing'
ptd-server 2021-03-09 16:02:20,938 [INFO] Sending to ptd: 'Stop'
ptd-server 2021-03-09 16:02:20,938 [INFO] Reply from ptd: 'Stopping untimed measurement'
ptd-server 2021-03-09 16:02:21,322 [INFO] Sending reply to client 'OK'
ptd-server 2021-03-09 16:02:21,330 [INFO] Got command from the client 'session,2021-03-09_15-40-48,upload,client.log'
ptd-server 2021-03-09 16:02:21,332 [INFO] Received '/home/anton/projects/mlperf/power-dev/output/2021-03-09_15-40-48client.log.tmp'
ptd-server 2021-03-09 16:02:21,332 [INFO] Removed '/home/anton/projects/mlperf/power-dev/output/2021-03-09_15-40-48client.log.tmp'
ptd-server 2021-03-09 16:02:21,332 [INFO] Sending reply to client 'OK'
ptd-server 2021-03-09 16:02:21,338 [INFO] Got command from the client 'session,2021-03-09_15-40-48,upload,client.json'
ptd-server 2021-03-09 16:02:21,339 [INFO] Received '/home/anton/projects/mlperf/power-dev/output/2021-03-09_15-40-48client.json.tmp'
ptd-server 2021-03-09 16:02:21,339 [INFO] Removed '/home/anton/projects/mlperf/power-dev/output/2021-03-09_15-40-48client.json.tmp'
ptd-server 2021-03-09 16:02:21,339 [INFO] Sending reply to client 'OK'
ptd-server 2021-03-09 16:02:21,341 [INFO] Got command from the client 'session,2021-03-09_15-40-48,done'
ptd-server 2021-03-09 16:02:21,341 [INFO] Sending to ptd: 'Stop'
ptd-server 2021-03-09 16:02:21,680 [INFO] Reply from ptd: 'Error: no measurement to stop'
ptd-server 2021-03-09 16:02:21,681 [INFO] Sending to ptd: 'SR,V,300.000000'
ptd-server 2021-03-09 16:02:23,182 [INFO] Reply from ptd: 'Range V changed'
ptd-server 2021-03-09 16:02:23,182 [INFO] Sending to ptd: 'SR,A,0.500000'
ptd-server 2021-03-09 16:02:24,683 [INFO] Reply from ptd: 'Range A changed'
ptd-server 2021-03-09 16:02:24,684 [INFO] Set initial values for Amps 0.500000 and Volts 300.000000
ptd-server 2021-03-09 16:02:24,684 [INFO] Stopping ptd...
