ptd-server 2021-03-17 23:25:53,977 [INFO] Got command from the client 'stop'
ptd-server 2021-03-17 23:25:53,977 [INFO] The server will be stopped after processing this client
ptd-server 2021-03-17 23:25:53,977 [INFO] Sending reply to client 'OK'
ptd-server 2021-03-17 23:25:54,180 [INFO] Got command from the client 'set_ntp'
ptd-server 2021-03-17 23:25:54,180 [INFO] Synchronizing with ib-01.dc4-in.nvidia.com time using NTP...
ptd-server 2021-03-17 23:25:55,380 [INFO] Set system time at 2021-03-17 23:25:55.380163
ptd-server 2021-03-17 23:25:55,380 [INFO] Sending reply to client 'OK'
ptd-server 2021-03-17 23:26:03,690 [INFO] Got command from the client 'time'
ptd-server 2021-03-17 23:26:03,690 [INFO] Sending reply to client '1616048763.6907275'
ptd-server 2021-03-17 23:26:03,690 [INFO] Got command from the client 'new,,3f2f2810-a317-4e31-961c-11831118c1ef'
ptd-server 2021-03-17 23:26:03,690 [INFO] Sending reply to client 'OK 2021-03-17_23-26-03,c0f7f34f-b3c8-4a7f-afeb-9d1da993b81e'
ptd-server 2021-03-17 23:26:03,909 [INFO] Got command from the client 'time'
ptd-server 2021-03-17 23:26:03,909 [INFO] Sending reply to client '1616048763.9094179'
ptd-server 2021-03-17 23:26:03,909 [INFO] Got command from the client 'session,2021-03-17_23-26-03,start,ranging'
ptd-server 2021-03-17 23:26:04,018 [INFO] Running PTDaemon: ['C:\\PTD\\ptd-windows-x86.exe', '-l', 'C:\\logs_ptdeamon.txt', '-p', '8888', '-c', '1', '-y', '52', '172.18.220.100']
ptd-server 2021-03-17 23:26:21,871 [INFO] Sending to ptd: 'Hello'
ptd-server 2021-03-17 23:26:21,871 [INFO] Reply from ptd: 'Hello, PTDaemon here!'
ptd-server 2021-03-17 23:26:21,871 [INFO] Sending to ptd: 'Identify'
ptd-server 2021-03-17 23:26:21,871 [INFO] Reply from ptd: 'YokogawaWT330E,1000,1,1,1,1,0,0,1,version=1.9.2-3976349f-20201208,OS=Windows 8 / Server 2012,mode=power,1,1,1,0,0,no_cal_date,YOKOGAWA;WT333E;C2WC23035V;F1.04'
ptd-server 2021-03-17 23:26:21,871 [INFO] Connected to PTDaemon
ptd-server 2021-03-17 23:26:21,871 [INFO] Sending to ptd: 'RR'
ptd-server 2021-03-17 23:26:21,871 [INFO] Reply from ptd: 'Ranges,1,5.000000,1,300.000000'
ptd-server 2021-03-17 23:26:21,871 [INFO] Initial range for Amps is Auto for Volts is Auto
ptd-server 2021-03-17 23:26:21,871 [INFO] Sending to ptd: 'SR,V,Auto'
ptd-server 2021-03-17 23:26:22,387 [INFO] Reply from ptd: 'Range V changed'
ptd-server 2021-03-17 23:26:22,387 [INFO] Sending to ptd: 'SR,A,Auto'
ptd-server 2021-03-17 23:26:22,902 [INFO] Reply from ptd: 'Range A changed'
ptd-server 2021-03-17 23:26:32,915 [INFO] Starting ranging mode
ptd-server 2021-03-17 23:26:32,915 [INFO] Sending to ptd: 'Go,1000,0,2021-03-17_23-26-03_ranging'
ptd-server 2021-03-17 23:26:32,915 [INFO] Reply from ptd: 'Starting untimed measurement, maximum 500000 samples at 1000ms with 0 rampup samples'
ptd-server 2021-03-17 23:26:32,915 [INFO] Sending reply to client 'OK'
ptd-server 2021-03-17 23:47:45,615 [INFO] Got command from the client 'session,2021-03-17_23-26-03,stop,ranging'
ptd-server 2021-03-17 23:47:55,615 [INFO] Sending to ptd: 'Stop'
ptd-server 2021-03-17 23:47:55,615 [INFO] Reply from ptd: 'Stopping untimed measurement'
ptd-server 2021-03-17 23:47:55,912 [INFO] Sending reply to client 'OK'
ptd-server 2021-03-17 23:47:56,475 [INFO] Got command from the client 'session,2021-03-17_23-26-03,upload,ranging'
ptd-server 2021-03-17 23:47:56,506 [INFO] Received 'C:\\ptd-logs\\2021-03-17_23-26-03ranging.tmp'
ptd-server 2021-03-17 23:47:56,553 [INFO] Extracted 'C:\\ptd-logs\\2021-03-17_23-26-03ranging.tmp' into 'C:\\ptd-logs\\2021-03-17_23-26-03\\ranging'
ptd-server 2021-03-17 23:47:56,553 [INFO] Removed 'C:\\ptd-logs\\2021-03-17_23-26-03ranging.tmp'
ptd-server 2021-03-17 23:47:56,553 [INFO] Sending reply to client 'OK'
ptd-server 2021-03-17 23:47:56,756 [INFO] Got command from the client 'time'
ptd-server 2021-03-17 23:47:56,756 [INFO] Sending reply to client '1616050076.7564678'
ptd-server 2021-03-17 23:47:56,756 [INFO] Got command from the client 'session,2021-03-17_23-26-03,start,testing'
ptd-server 2021-03-17 23:47:56,756 [INFO] Sending to ptd: 'SR,V,206.490000'
ptd-server 2021-03-17 23:47:58,287 [INFO] Reply from ptd: 'Range V changed'
ptd-server 2021-03-17 23:47:58,287 [INFO] Sending to ptd: 'SR,A,6.747000'
ptd-server 2021-03-17 23:47:59,818 [INFO] Reply from ptd: 'Range A changed'
ptd-server 2021-03-17 23:48:09,831 [INFO] Starting testing mode
ptd-server 2021-03-17 23:48:09,831 [INFO] Sending to ptd: 'Go,1000,0,2021-03-17_23-26-03_testing'
ptd-server 2021-03-17 23:48:09,831 [INFO] Reply from ptd: 'Starting untimed measurement, maximum 500000 samples at 1000ms with 0 rampup samples'
ptd-server 2021-03-17 23:48:09,831 [INFO] Sending reply to client 'OK'
ptd-server 2021-03-18 00:06:54,678 [INFO] Got command from the client 'session,2021-03-17_23-26-03,stop,testing'
ptd-server 2021-03-18 00:07:04,692 [INFO] Sending to ptd: 'Stop'
ptd-server 2021-03-18 00:07:04,692 [INFO] Reply from ptd: 'Stopping untimed measurement'
ptd-server 2021-03-18 00:07:04,832 [INFO] Sending reply to client 'OK'
ptd-server 2021-03-18 00:07:05,488 [INFO] Got command from the client 'session,2021-03-17_23-26-03,upload,testing'
ptd-server 2021-03-18 00:07:05,519 [INFO] Received 'C:\\ptd-logs\\2021-03-17_23-26-03testing.tmp'
ptd-server 2021-03-18 00:07:05,551 [INFO] Extracted 'C:\\ptd-logs\\2021-03-17_23-26-03testing.tmp' into 'C:\\ptd-logs\\2021-03-17_23-26-03\\run_1'
ptd-server 2021-03-18 00:07:05,551 [INFO] Removed 'C:\\ptd-logs\\2021-03-17_23-26-03testing.tmp'
ptd-server 2021-03-18 00:07:05,551 [INFO] Sending reply to client 'OK'
ptd-server 2021-03-18 00:07:05,551 [INFO] Got command from the client 'session,2021-03-17_23-26-03,upload,client.log'
ptd-server 2021-03-18 00:07:05,551 [INFO] Received 'C:\\ptd-logs\\2021-03-17_23-26-03client.log.tmp'
ptd-server 2021-03-18 00:07:05,566 [INFO] Removed 'C:\\ptd-logs\\2021-03-17_23-26-03client.log.tmp'
ptd-server 2021-03-18 00:07:05,566 [INFO] Sending reply to client 'OK'
ptd-server 2021-03-18 00:07:05,644 [INFO] Got command from the client 'session,2021-03-17_23-26-03,upload,client.json'
ptd-server 2021-03-18 00:07:05,644 [INFO] Received 'C:\\ptd-logs\\2021-03-17_23-26-03client.json.tmp'
ptd-server 2021-03-18 00:07:05,660 [INFO] Removed 'C:\\ptd-logs\\2021-03-17_23-26-03client.json.tmp'
ptd-server 2021-03-18 00:07:05,660 [INFO] Sending reply to client 'OK'
ptd-server 2021-03-18 00:07:05,660 [INFO] Got command from the client 'session,2021-03-17_23-26-03,done'
ptd-server 2021-03-18 00:07:05,660 [INFO] Sending to ptd: 'Stop'
ptd-server 2021-03-18 00:07:05,660 [INFO] Reply from ptd: 'Error: no measurement to stop'
ptd-server 2021-03-18 00:07:05,660 [INFO] Sending to ptd: 'SR,V,Auto'
ptd-server 2021-03-18 00:07:06,176 [INFO] Reply from ptd: 'Range V changed'
ptd-server 2021-03-18 00:07:06,176 [INFO] Sending to ptd: 'SR,A,Auto'
ptd-server 2021-03-18 00:07:06,691 [INFO] Reply from ptd: 'Range A changed'
ptd-server 2021-03-18 00:07:06,691 [INFO] Set initial values for Amps Auto and Volts Auto
ptd-server 2021-03-18 00:07:06,691 [INFO] Stopping ptd...
