ptd-server 2021-03-08 09:31:28,482 [INFO] Got command from the client 'time'
ptd-server 2021-03-08 09:31:28,482 [INFO] Sending reply to client '1615195888.4823687'
ptd-server 2021-03-08 09:31:28,484 [INFO] Got command from the client 'new,,a298b219-3661-411f-b1a9-07068cd4e95e'
ptd-server 2021-03-08 09:31:28,485 [INFO] Sending reply to client 'OK 2021-03-08_09-31-28,56b95cb5-5751-4e02-ad2f-6c0c2719482b'
ptd-server 2021-03-08 09:31:28,522 [INFO] Got command from the client 'time'
ptd-server 2021-03-08 09:31:28,522 [INFO] Sending reply to client '1615195888.522218'
ptd-server 2021-03-08 09:31:28,524 [INFO] Got command from the client 'session,2021-03-08_09-31-28,start,ranging'
ptd-server 2021-03-08 09:31:28,524 [INFO] Running PTDaemon: ['/home/anton/projects/mlperf/power/inference_v1.0/ptd-linux-x86', '-l', 'ptd.log', '-p', '8888', '52', '/dev/usbtmc0']
ptd-server 2021-03-08 09:31:45,697 [INFO] Sending to ptd: 'Hello'
ptd-server 2021-03-08 09:31:45,698 [INFO] Reply from ptd: 'Hello, PTDaemon here!'
ptd-server 2021-03-08 09:31:45,698 [INFO] Sending to ptd: 'Identify'
ptd-server 2021-03-08 09:31:45,698 [INFO] Reply from ptd: 'YokogawaWT330E,1000,1,1,1,1,0,0,1,version=1.9.2-e8c7a49a-20201208,OS=Linux 5.8.0-43-generic #49~20.04.1-Ubuntu SMP Fri Feb 5 09:57:56 UTC 2021 x86_64,mode=power,1,1,1,0,0,no_cal_date,YOKOGAWA;WT333E;C3VD30030E;F1.04'
ptd-server 2021-03-08 09:31:45,699 [INFO] Connected to PTDaemon
ptd-server 2021-03-08 09:31:45,699 [INFO] Sending to ptd: 'RR'
ptd-server 2021-03-08 09:31:45,699 [INFO] Reply from ptd: 'Ranges,0,0.500000,0,300.000000'
ptd-server 2021-03-08 09:31:45,699 [INFO] Initial range for Amps is 0.500000 for Volts is 300.000000
ptd-server 2021-03-08 09:31:45,699 [INFO] Sending to ptd: 'SR,V,Auto'
ptd-server 2021-03-08 09:31:46,202 [INFO] Reply from ptd: 'Range V changed'
ptd-server 2021-03-08 09:31:46,202 [INFO] Sending to ptd: 'SR,A,Auto'
ptd-server 2021-03-08 09:31:46,704 [INFO] Reply from ptd: 'Range A changed'
ptd-server 2021-03-08 09:31:56,715 [INFO] Starting ranging mode
ptd-server 2021-03-08 09:31:56,715 [INFO] Sending to ptd: 'Go,1000,0,2021-03-08_09-31-28_ranging'
ptd-server 2021-03-08 09:31:56,715 [INFO] Reply from ptd: 'Starting untimed measurement, maximum 500000 samples at 1000ms with 0 rampup samples'
ptd-server 2021-03-08 09:31:56,715 [INFO] Sending reply to client 'OK'
ptd-server 2021-03-08 09:42:21,788 [INFO] Got command from the client 'session,2021-03-08_09-31-28,stop,ranging'
ptd-server 2021-03-08 09:42:31,798 [INFO] Sending to ptd: 'Stop'
ptd-server 2021-03-08 09:42:31,799 [INFO] Reply from ptd: 'Stopping untimed measurement'
ptd-server 2021-03-08 09:42:32,450 [INFO] Sending reply to client 'OK'
ptd-server 2021-03-08 09:42:32,492 [INFO] Got command from the client 'time'
ptd-server 2021-03-08 09:42:32,492 [INFO] Sending reply to client '1615196552.492619'
ptd-server 2021-03-08 09:42:32,496 [INFO] Got command from the client 'session,2021-03-08_09-31-28,start,testing'
ptd-server 2021-03-08 09:42:32,496 [INFO] Sending to ptd: 'SR,V,249.810000'
ptd-server 2021-03-08 09:42:34,217 [INFO] Reply from ptd: 'Range V changed'
ptd-server 2021-03-08 09:42:34,217 [INFO] Sending to ptd: 'SR,A,0.051660'
ptd-server 2021-03-08 09:42:35,718 [INFO] Reply from ptd: 'Range A changed'
ptd-server 2021-03-08 09:42:45,728 [INFO] Starting testing mode
ptd-server 2021-03-08 09:42:45,729 [INFO] Sending to ptd: 'Go,1000,0,2021-03-08_09-31-28_testing'
ptd-server 2021-03-08 09:42:45,729 [INFO] Reply from ptd: 'Starting untimed measurement, maximum 500000 samples at 1000ms with 0 rampup samples'
ptd-server 2021-03-08 09:42:45,729 [INFO] Sending reply to client 'OK'
ptd-server 2021-03-08 09:53:15,673 [INFO] Got command from the client 'session,2021-03-08_09-31-28,stop,testing'
ptd-server 2021-03-08 09:53:25,684 [INFO] Sending to ptd: 'Stop'
ptd-server 2021-03-08 09:53:25,684 [INFO] Reply from ptd: 'Stopping untimed measurement'
ptd-server 2021-03-08 09:53:26,025 [INFO] Sending reply to client 'OK'
ptd-server 2021-03-08 09:53:26,033 [INFO] Got command from the client 'session,2021-03-08_09-31-28,upload,client.log'
ptd-server 2021-03-08 09:53:26,037 [INFO] Received '/home/anton/projects/mlperf/power-dev/output/2021-03-08_09-31-28client.log.tmp'
ptd-server 2021-03-08 09:53:26,037 [INFO] Removed '/home/anton/projects/mlperf/power-dev/output/2021-03-08_09-31-28client.log.tmp'
ptd-server 2021-03-08 09:53:26,038 [INFO] Sending reply to client 'OK'
ptd-server 2021-03-08 09:53:26,051 [INFO] Got command from the client 'session,2021-03-08_09-31-28,upload,client.json'
ptd-server 2021-03-08 09:53:26,054 [INFO] Received '/home/anton/projects/mlperf/power-dev/output/2021-03-08_09-31-28client.json.tmp'
ptd-server 2021-03-08 09:53:26,054 [INFO] Removed '/home/anton/projects/mlperf/power-dev/output/2021-03-08_09-31-28client.json.tmp'
ptd-server 2021-03-08 09:53:26,054 [INFO] Sending reply to client 'OK'
ptd-server 2021-03-08 09:53:26,057 [INFO] Got command from the client 'session,2021-03-08_09-31-28,done'
ptd-server 2021-03-08 09:53:26,057 [INFO] Sending to ptd: 'Stop'
ptd-server 2021-03-08 09:53:26,058 [INFO] Reply from ptd: 'Error: no measurement to stop'
ptd-server 2021-03-08 09:53:26,058 [INFO] Sending to ptd: 'SR,V,300.000000'
ptd-server 2021-03-08 09:53:27,559 [INFO] Reply from ptd: 'Range V changed'
ptd-server 2021-03-08 09:53:27,559 [INFO] Sending to ptd: 'SR,A,0.500000'
ptd-server 2021-03-08 09:53:29,061 [INFO] Reply from ptd: 'Range A changed'
ptd-server 2021-03-08 09:53:29,061 [INFO] Set initial values for Amps 0.500000 and Volts 300.000000
ptd-server 2021-03-08 09:53:29,061 [INFO] Stopping ptd...
