ptd-server 2021-03-07 22:25:14,319 [INFO] Got command from the client 'time'
ptd-server 2021-03-07 22:25:14,319 [INFO] Sending reply to client '1615155914.3193276'
ptd-server 2021-03-07 22:25:14,323 [INFO] Got command from the client 'new,,d001d970-fa6e-4590-8635-086a095cbdf4'
ptd-server 2021-03-07 22:25:14,323 [INFO] Sending reply to client 'OK 2021-03-07_22-25-14,428f8633-8d22-4a6d-b988-a92405f46e6a'
ptd-server 2021-03-07 22:25:14,358 [INFO] Got command from the client 'time'
ptd-server 2021-03-07 22:25:14,359 [INFO] Sending reply to client '1615155914.3589835'
ptd-server 2021-03-07 22:25:14,362 [INFO] Got command from the client 'session,2021-03-07_22-25-14,start,ranging'
ptd-server 2021-03-07 22:25:14,362 [INFO] Running PTDaemon: ['/home/anton/projects/mlperf/power/inference_v1.0/ptd-linux-x86', '-l', 'ptd.log', '-p', '8888', '52', '/dev/usbtmc0']
ptd-server 2021-03-07 22:25:31,534 [INFO] Sending to ptd: 'Hello'
ptd-server 2021-03-07 22:25:31,534 [INFO] Reply from ptd: 'Hello, PTDaemon here!'
ptd-server 2021-03-07 22:25:31,535 [INFO] Sending to ptd: 'Identify'
ptd-server 2021-03-07 22:25:31,535 [INFO] Reply from ptd: 'YokogawaWT330E,1000,1,1,1,1,0,0,1,version=1.9.2-e8c7a49a-20201208,OS=Linux 5.8.0-43-generic #49~20.04.1-Ubuntu SMP Fri Feb 5 09:57:56 UTC 2021 x86_64,mode=power,1,1,1,0,0,no_cal_date,YOKOGAWA;WT333E;C3VD30030E;F1.04'
ptd-server 2021-03-07 22:25:31,535 [INFO] Connected to PTDaemon
ptd-server 2021-03-07 22:25:31,535 [INFO] Sending to ptd: 'RR'
ptd-server 2021-03-07 22:25:31,535 [INFO] Reply from ptd: 'Ranges,0,0.500000,0,300.000000'
ptd-server 2021-03-07 22:25:31,536 [INFO] Initial range for Amps is 0.500000 for Volts is 300.000000
ptd-server 2021-03-07 22:25:31,536 [INFO] Sending to ptd: 'SR,V,Auto'
ptd-server 2021-03-07 22:25:32,038 [INFO] Reply from ptd: 'Range V changed'
ptd-server 2021-03-07 22:25:32,038 [INFO] Sending to ptd: 'SR,A,Auto'
ptd-server 2021-03-07 22:25:32,541 [INFO] Reply from ptd: 'Range A changed'
ptd-server 2021-03-07 22:25:42,551 [INFO] Starting ranging mode
ptd-server 2021-03-07 22:25:42,551 [INFO] Sending to ptd: 'Go,1000,0,2021-03-07_22-25-14_ranging'
ptd-server 2021-03-07 22:25:42,552 [INFO] Reply from ptd: 'Starting untimed measurement, maximum 500000 samples at 1000ms with 0 rampup samples'
ptd-server 2021-03-07 22:25:42,552 [INFO] Sending reply to client 'OK'
ptd-server 2021-03-07 22:36:07,597 [INFO] Got command from the client 'session,2021-03-07_22-25-14,stop,ranging'
ptd-server 2021-03-07 22:36:17,608 [INFO] Sending to ptd: 'Stop'
ptd-server 2021-03-07 22:36:17,608 [INFO] Reply from ptd: 'Stopping untimed measurement'
ptd-server 2021-03-07 22:36:18,201 [INFO] Sending reply to client 'OK'
ptd-server 2021-03-07 22:36:18,247 [INFO] Got command from the client 'time'
ptd-server 2021-03-07 22:36:18,247 [INFO] Sending reply to client '1615156578.2475042'
ptd-server 2021-03-07 22:36:18,252 [INFO] Got command from the client 'session,2021-03-07_22-25-14,start,testing'
ptd-server 2021-03-07 22:36:18,252 [INFO] Sending to ptd: 'SR,V,251.240000'
ptd-server 2021-03-07 22:36:20,053 [INFO] Reply from ptd: 'Range V changed'
ptd-server 2021-03-07 22:36:20,053 [INFO] Sending to ptd: 'SR,A,0.056980'
ptd-server 2021-03-07 22:36:21,555 [INFO] Reply from ptd: 'Range A changed'
ptd-server 2021-03-07 22:36:31,565 [INFO] Starting testing mode
ptd-server 2021-03-07 22:36:31,565 [INFO] Sending to ptd: 'Go,1000,0,2021-03-07_22-25-14_testing'
ptd-server 2021-03-07 22:36:31,565 [INFO] Reply from ptd: 'Starting untimed measurement, maximum 500000 samples at 1000ms with 0 rampup samples'
ptd-server 2021-03-07 22:36:31,566 [INFO] Sending reply to client 'OK'
ptd-server 2021-03-07 22:47:01,369 [INFO] Got command from the client 'session,2021-03-07_22-25-14,stop,testing'
ptd-server 2021-03-07 22:47:11,376 [INFO] Sending to ptd: 'Stop'
ptd-server 2021-03-07 22:47:11,377 [INFO] Reply from ptd: 'Stopping untimed measurement'
ptd-server 2021-03-07 22:47:11,689 [INFO] Sending reply to client 'OK'
ptd-server 2021-03-07 22:47:11,697 [INFO] Got command from the client 'session,2021-03-07_22-25-14,upload,client.log'
ptd-server 2021-03-07 22:47:11,701 [INFO] Received '/home/anton/projects/mlperf/power-dev/output/2021-03-07_22-25-14client.log.tmp'
ptd-server 2021-03-07 22:47:11,701 [INFO] Removed '/home/anton/projects/mlperf/power-dev/output/2021-03-07_22-25-14client.log.tmp'
ptd-server 2021-03-07 22:47:11,702 [INFO] Sending reply to client 'OK'
ptd-server 2021-03-07 22:47:11,714 [INFO] Got command from the client 'session,2021-03-07_22-25-14,upload,client.json'
ptd-server 2021-03-07 22:47:11,717 [INFO] Received '/home/anton/projects/mlperf/power-dev/output/2021-03-07_22-25-14client.json.tmp'
ptd-server 2021-03-07 22:47:11,717 [INFO] Removed '/home/anton/projects/mlperf/power-dev/output/2021-03-07_22-25-14client.json.tmp'
ptd-server 2021-03-07 22:47:11,717 [INFO] Sending reply to client 'OK'
ptd-server 2021-03-07 22:47:11,720 [INFO] Got command from the client 'session,2021-03-07_22-25-14,done'
ptd-server 2021-03-07 22:47:11,720 [INFO] Sending to ptd: 'Stop'
ptd-server 2021-03-07 22:47:11,721 [INFO] Reply from ptd: 'Error: no measurement to stop'
ptd-server 2021-03-07 22:47:11,721 [INFO] Sending to ptd: 'SR,V,300.000000'
ptd-server 2021-03-07 22:47:13,222 [INFO] Reply from ptd: 'Range V changed'
ptd-server 2021-03-07 22:47:13,222 [INFO] Sending to ptd: 'SR,A,0.500000'
ptd-server 2021-03-07 22:47:14,723 [INFO] Reply from ptd: 'Range A changed'
ptd-server 2021-03-07 22:47:14,723 [INFO] Set initial values for Amps 0.500000 and Volts 300.000000
ptd-server 2021-03-07 22:47:14,724 [INFO] Stopping ptd...
