ptd-server 2021-03-01 11:56:31,961 [INFO] Got command from the client 'time'
ptd-server 2021-03-01 11:56:31,961 [INFO] Sending reply to client '1614599791.9613426'
ptd-server 2021-03-01 11:56:31,962 [INFO] Got command from the client 'new,,8bda8057-51f1-43e5-b3e8-2ce21dd56138'
ptd-server 2021-03-01 11:56:31,963 [INFO] Sending reply to client 'OK 2021-03-01_11-56-31,89e0d9dc-b1dc-4a59-ab03-6e5df12e8f40'
ptd-server 2021-03-01 11:56:31,996 [INFO] Got command from the client 'time'
ptd-server 2021-03-01 11:56:31,996 [INFO] Sending reply to client '1614599791.9968233'
ptd-server 2021-03-01 11:56:31,997 [INFO] Got command from the client 'session,2021-03-01_11-56-31,start,ranging'
ptd-server 2021-03-01 11:56:31,998 [INFO] Running PTDaemon: ['/home/anton/projects/mlperf/power/inference_v1.0/ptd-linux-x86', '-l', 'ptd.log', '-p', '8888', '52', '/dev/usbtmc0']
ptd-server 2021-03-01 11:56:49,166 [INFO] Sending to ptd: 'Hello'
ptd-server 2021-03-01 11:56:49,167 [INFO] Reply from ptd: 'Hello, PTDaemon here!'
ptd-server 2021-03-01 11:56:49,167 [INFO] Sending to ptd: 'Identify'
ptd-server 2021-03-01 11:56:49,167 [INFO] Reply from ptd: 'YokogawaWT330E,1000,1,1,1,1,0,0,1,version=1.9.2-e8c7a49a-20201208,OS=Linux 5.8.0-43-generic #49~20.04.1-Ubuntu SMP Fri Feb 5 09:57:56 UTC 2021 x86_64,mode=power,1,1,1,0,0,no_cal_date,YOKOGAWA;WT333E;C3VD30030E;F1.04'
ptd-server 2021-03-01 11:56:49,167 [INFO] Connected to PTDaemon
ptd-server 2021-03-01 11:56:49,168 [INFO] Sending to ptd: 'RR'
ptd-server 2021-03-01 11:56:49,168 [INFO] Reply from ptd: 'Ranges,0,0.500000,0,300.000000'
ptd-server 2021-03-01 11:56:49,168 [INFO] Initial range for Amps is 0.500000 for Volts is 300.000000
ptd-server 2021-03-01 11:56:49,168 [INFO] Sending to ptd: 'SR,V,Auto'
ptd-server 2021-03-01 11:56:49,671 [INFO] Reply from ptd: 'Range V changed'
ptd-server 2021-03-01 11:56:49,671 [INFO] Sending to ptd: 'SR,A,Auto'
ptd-server 2021-03-01 11:56:50,173 [INFO] Reply from ptd: 'Range A changed'
ptd-server 2021-03-01 11:57:00,184 [INFO] Starting ranging mode
ptd-server 2021-03-01 11:57:00,184 [INFO] Sending to ptd: 'Go,1000,0,2021-03-01_11-56-31_ranging'
ptd-server 2021-03-01 11:57:00,184 [INFO] Reply from ptd: 'Starting untimed measurement, maximum 500000 samples at 1000ms with 0 rampup samples'
ptd-server 2021-03-01 11:57:00,184 [INFO] Sending reply to client 'OK'
ptd-server 2021-03-01 12:07:15,239 [INFO] Got command from the client 'session,2021-03-01_11-56-31,stop,ranging'
ptd-server 2021-03-01 12:07:25,249 [INFO] Sending to ptd: 'Stop'
ptd-server 2021-03-01 12:07:25,250 [INFO] Reply from ptd: 'Stopping untimed measurement'
ptd-server 2021-03-01 12:07:25,502 [INFO] Sending reply to client 'OK'
ptd-server 2021-03-01 12:07:25,553 [INFO] Got command from the client 'time'
ptd-server 2021-03-01 12:07:25,553 [INFO] Sending reply to client '1614600445.55379'
ptd-server 2021-03-01 12:07:25,554 [INFO] Got command from the client 'session,2021-03-01_11-56-31,start,testing'
ptd-server 2021-03-01 12:07:25,555 [INFO] Sending to ptd: 'SR,V,251.250000'
ptd-server 2021-03-01 12:07:27,686 [INFO] Reply from ptd: 'Range V changed'
ptd-server 2021-03-01 12:07:27,686 [INFO] Sending to ptd: 'SR,A,0.142880'
ptd-server 2021-03-01 12:07:29,187 [INFO] Reply from ptd: 'Range A changed'
ptd-server 2021-03-01 12:07:39,198 [INFO] Starting testing mode
ptd-server 2021-03-01 12:07:39,198 [INFO] Sending to ptd: 'Go,1000,0,2021-03-01_11-56-31_testing'
ptd-server 2021-03-01 12:07:39,198 [INFO] Reply from ptd: 'Starting untimed measurement, maximum 500000 samples at 1000ms with 0 rampup samples'
ptd-server 2021-03-01 12:07:39,198 [INFO] Sending reply to client 'OK'
ptd-server 2021-03-01 12:17:54,244 [INFO] Got command from the client 'session,2021-03-01_11-56-31,stop,testing'
ptd-server 2021-03-01 12:18:04,254 [INFO] Sending to ptd: 'Stop'
ptd-server 2021-03-01 12:18:04,255 [INFO] Reply from ptd: 'Stopping untimed measurement'
ptd-server 2021-03-01 12:18:04,391 [INFO] Sending reply to client 'OK'
ptd-server 2021-03-01 12:18:04,394 [INFO] Got command from the client 'session,2021-03-01_11-56-31,upload,client.log'
ptd-server 2021-03-01 12:18:04,395 [INFO] Received '/home/anton/projects/mlperf/power-dev/output/2021-03-01_11-56-31client.log.tmp'
ptd-server 2021-03-01 12:18:04,395 [INFO] Removed '/home/anton/projects/mlperf/power-dev/output/2021-03-01_11-56-31client.log.tmp'
ptd-server 2021-03-01 12:18:04,395 [INFO] Sending reply to client 'OK'
ptd-server 2021-03-01 12:18:04,399 [INFO] Got command from the client 'session,2021-03-01_11-56-31,upload,client.json'
ptd-server 2021-03-01 12:18:04,399 [INFO] Received '/home/anton/projects/mlperf/power-dev/output/2021-03-01_11-56-31client.json.tmp'
ptd-server 2021-03-01 12:18:04,399 [INFO] Removed '/home/anton/projects/mlperf/power-dev/output/2021-03-01_11-56-31client.json.tmp'
ptd-server 2021-03-01 12:18:04,399 [INFO] Sending reply to client 'OK'
ptd-server 2021-03-01 12:18:04,400 [INFO] Got command from the client 'session,2021-03-01_11-56-31,done'
ptd-server 2021-03-01 12:18:04,401 [INFO] Sending to ptd: 'Stop'
ptd-server 2021-03-01 12:18:05,198 [INFO] Reply from ptd: 'Error: no measurement to stop'
ptd-server 2021-03-01 12:18:05,199 [INFO] Sending to ptd: 'SR,V,300.000000'
ptd-server 2021-03-01 12:18:06,700 [INFO] Reply from ptd: 'Range V changed'
ptd-server 2021-03-01 12:18:06,700 [INFO] Sending to ptd: 'SR,A,0.500000'
ptd-server 2021-03-01 12:18:08,201 [INFO] Reply from ptd: 'Range A changed'
ptd-server 2021-03-01 12:18:08,202 [INFO] Set initial values for Amps 0.500000 and Volts 300.000000
ptd-server 2021-03-01 12:18:08,202 [INFO] Stopping ptd...
