client 2021-03-18 21:13:22,226 [INFO] Sending command to the server: 'mlcommons/power client v3'
client 2021-03-18 21:13:22,227 [INFO] Got response: 'mlcommons/power server v3'
client 2021-03-18 21:13:22,227 [INFO] Synchronizing with the server and with 100.64.0.18...
client 2021-03-18 21:13:22,229 [INFO] NTP:offset = 0.002 s, delay = 0.001 s 
client 2021-03-18 21:13:22,230 [INFO] Sending command to the server: 'time'
client 2021-03-18 21:13:22,230 [INFO] Got response: '1616120001.9651148'
client 2021-03-18 21:13:22,230 [INFO] The time difference between the client and the server is within range 264.889 ms..265.469 ms
client 2021-03-18 21:13:22,230 [WARNING] The time difference between the client and the server is more than 200 ms
client 2021-03-18 21:13:22,230 [INFO] Sending command to the server: 'set_ntp'
client 2021-03-18 21:13:23,242 [INFO] Got response: 'OK'
client 2021-03-18 21:13:23,243 [INFO] Synchronizing with 100.64.0.18 time using NTP...
client 2021-03-18 21:13:30,351 [INFO] Set system time at 2021-03-18 21:13:30.351090
client 2021-03-18 21:13:30,353 [INFO] NTP:offset = 0.002 s, delay = 0.001 s 
client 2021-03-18 21:13:30,353 [INFO] Sending command to the server: 'time'
client 2021-03-18 21:13:30,354 [INFO] Got response: '1616120010.3543317'
client 2021-03-18 21:13:30,354 [INFO] The time difference between the client and the server is within range -1.095 ms..-0.109 ms
client 2021-03-18 21:13:30,354 [INFO] Sending command to the server: 'new,,cb50dc47-07e0-4747-a7c9-0db691c13899'
client 2021-03-18 21:13:30,355 [INFO] Got response: 'OK 2021-03-18_21-13-30,6dfc7475-5975-4a45-b00e-24c73f2c88a3'
client 2021-03-18 21:13:30,355 [INFO] Session id is '2021-03-18_21-13-30'
client 2021-03-18 21:13:30,355 [INFO] Sources: {"sources": {"client.py": "d1e75cb4b26101220ebd242e584cf3ca5d8f1996", "lib/__init__.py": "da39a3ee5e6b4b0d3255bfef95601890afd80709", "lib/client.py": "d42bebf5b74cb6ff3997e2a6c68422afac111a28", "lib/common.py": "b0bad80d8fa328a7636027d4d66ff453f8dd7889", "lib/external/ntplib.py": "4da8f970656505a40483206ef2b5d3dd5e81711d", "lib/server.py": "2ed36471c7af565d6c8438b2134edad1d7ddf166", "lib/source_hashes.py": "4cedff274c661cb1504052018fd4f00dfbf624ef", "lib/summary.py": "0db15d783907aa92038281af4e465545c0648ddb", "lib/time_sync.py": "76051226ec89287839723352f4162aaa24e0546a", "server.py": "99e1310e3f76292aef1b8792ce6b8c82f1d44d8b", "tests/unit/test_server.py": "64f11775bfed35232a0e8bb9593c0ff992432c59", "tests/unit/test_source_hashes.py": "cb41a7261eaf7d94ba5c0aae9c523174f6204be3"}, "modules": {"__main__": "client.py", "lib.client": "lib/client.py", "lib.common": "lib/common.py", "lib.external.ntplib": "lib/external/ntplib.py", "lib.source_hashes": "lib/source_hashes.py", "lib.summary": "lib/summary.py", "lib.time_sync": "lib/time_sync.py"}}
client 2021-03-18 21:13:30,357 [INFO] Running workload in ranging mode
client 2021-03-18 21:13:30,357 [INFO] Synchronizing with the server and with 100.64.0.18...
client 2021-03-18 21:13:30,359 [INFO] NTP:offset = 0.002 s, delay = 0.001 s 
client 2021-03-18 21:13:30,359 [INFO] Sending command to the server: 'time'
client 2021-03-18 21:13:30,359 [INFO] Got response: '1616120010.3604255'
client 2021-03-18 21:13:30,359 [INFO] The time difference between the client and the server is within range -1.127 ms..-0.517 ms
client 2021-03-18 21:13:30,359 [INFO] Sending command to the server: 'session,2021-03-18_21-13-30,start,ranging'
client 2021-03-18 21:13:54,243 [INFO] Got response: 'OK'
client 2021-03-18 21:13:54,243 [INFO] Running the workload 'make run_harness \\\n                    RUN_ARGS="--benchmarks=resnet50 \\\n\t\t         --scenarios=Offline \\\n\t\t\t --config_ver=R7525 \\\n\t\t\t --log_dir build/logs/powerlogs/ \\\n\t\t\t --test_mode=PerformanceOnly \\\n\t\t\t --system_name=R7525_A100_PCIe-40GBx3_TRT"'
client 2021-03-18 21:28:46,533 [INFO] Sending command to the server: 'session,2021-03-18_21-13-30,stop,ranging'
client 2021-03-18 21:28:56,613 [INFO] Got response: 'OK'
client 2021-03-18 21:28:56,616 [INFO] Running workload in testing mode
client 2021-03-18 21:28:56,616 [INFO] Synchronizing with the server and with 100.64.0.18...
client 2021-03-18 21:28:56,617 [INFO] NTP:offset = 0.002 s, delay = 0.001 s 
client 2021-03-18 21:28:56,617 [INFO] Sending command to the server: 'time'
client 2021-03-18 21:28:56,618 [INFO] Got response: '1616120936.5826387'
client 2021-03-18 21:28:56,618 [INFO] The time difference between the client and the server is within range 35.171 ms..35.748 ms
client 2021-03-18 21:28:56,618 [INFO] Sending command to the server: 'session,2021-03-18_21-13-30,start,testing'
client 2021-03-18 21:29:10,337 [INFO] Got response: 'OK'
client 2021-03-18 21:29:10,337 [INFO] Running the workload 'make run_harness \\\n                    RUN_ARGS="--benchmarks=resnet50 \\\n\t\t         --scenarios=Offline \\\n\t\t\t --config_ver=R7525 \\\n\t\t\t --log_dir build/logs/powerlogs/ \\\n\t\t\t --test_mode=PerformanceOnly \\\n\t\t\t --system_name=R7525_A100_PCIe-40GBx3_TRT"'
client 2021-03-18 21:44:04,092 [INFO] Sending command to the server: 'session,2021-03-18_21-13-30,stop,testing'
client 2021-03-18 21:44:14,146 [INFO] Got response: 'OK'
client 2021-03-18 21:44:14,149 [INFO] Done runs
