ptd-server 2021-03-18 21:13:21,965 [INFO] Got command from the client 'time'
ptd-server 2021-03-18 21:13:21,965 [INFO] Sending reply to client '1616120001.9651148'
ptd-server 2021-03-18 21:13:21,965 [INFO] Got command from the client 'set_ntp'
ptd-server 2021-03-18 21:13:21,965 [INFO] Synchronizing with 100.64.0.18 time using NTP...
ptd-server 2021-03-18 21:13:23,243 [INFO] Set system time at 2021-03-18 21:13:23.243455
ptd-server 2021-03-18 21:13:23,243 [INFO] Sending reply to client 'OK'
ptd-server 2021-03-18 21:13:30,354 [INFO] Got command from the client 'time'
ptd-server 2021-03-18 21:13:30,354 [INFO] Sending reply to client '1616120010.3543317'
ptd-server 2021-03-18 21:13:30,355 [INFO] Got command from the client 'new,,cb50dc47-07e0-4747-a7c9-0db691c13899'
ptd-server 2021-03-18 21:13:30,355 [INFO] Sending reply to client 'OK 2021-03-18_21-13-30,6dfc7475-5975-4a45-b00e-24c73f2c88a3'
ptd-server 2021-03-18 21:13:30,360 [INFO] Got command from the client 'time'
ptd-server 2021-03-18 21:13:30,360 [INFO] Sending reply to client '1616120010.3604255'
ptd-server 2021-03-18 21:13:30,361 [INFO] Got command from the client 'session,2021-03-18_21-13-30,start,ranging'
ptd-server 2021-03-18 21:13:30,468 [INFO] Running PTDaemon: ['D:\\PTD\\ptd-windows-x86.exe', '-l', 'logs_ptdeamon.txt', '-p', '8888', '-g', '8', '1']
ptd-server 2021-03-18 21:13:43,188 [INFO] Sending to ptd: 'Hello'
ptd-server 2021-03-18 21:13:43,189 [INFO] Reply from ptd: 'Hello, PTDaemon here!'
ptd-server 2021-03-18 21:13:43,189 [INFO] Sending to ptd: 'Identify'
ptd-server 2021-03-18 21:13:43,190 [INFO] Reply from ptd: 'YokogawaWT210,1000,1,1,1,1,0,0,1,version=1.9.2-3976349f-20201208,OS=Windows 8 / Server 2012,mode=power,1,1,1,0,0,no_cal_date,YOKOGAWA;760401;0;F1.12'
ptd-server 2021-03-18 21:13:43,190 [INFO] Connected to PTDaemon
ptd-server 2021-03-18 21:13:43,190 [INFO] Sending to ptd: 'RR'
ptd-server 2021-03-18 21:13:43,191 [INFO] Reply from ptd: 'Ranges,1,5.000000,1,300.000000'
ptd-server 2021-03-18 21:13:43,191 [INFO] Initial range for Amps is Auto for Volts is Auto
ptd-server 2021-03-18 21:13:43,191 [INFO] Sending to ptd: 'SR,V,Auto'
ptd-server 2021-03-18 21:13:43,712 [INFO] Reply from ptd: 'Range V changed'
ptd-server 2021-03-18 21:13:43,712 [INFO] Sending to ptd: 'SR,A,Auto'
ptd-server 2021-03-18 21:13:44,236 [INFO] Reply from ptd: 'Range A changed'
ptd-server 2021-03-18 21:13:54,241 [INFO] Starting ranging mode
ptd-server 2021-03-18 21:13:54,241 [INFO] Sending to ptd: 'Go,1000,0,2021-03-18_21-13-30_ranging'
ptd-server 2021-03-18 21:13:54,241 [INFO] Reply from ptd: 'Starting untimed measurement, maximum 500000 samples at 1000ms with 0 rampup samples'
ptd-server 2021-03-18 21:13:54,242 [INFO] Sending reply to client 'OK'
ptd-server 2021-03-18 21:28:46,499 [INFO] Got command from the client 'session,2021-03-18_21-13-30,stop,ranging'
ptd-server 2021-03-18 21:28:56,500 [INFO] Sending to ptd: 'Stop'
ptd-server 2021-03-18 21:28:56,500 [INFO] Reply from ptd: 'Stopping untimed measurement'
ptd-server 2021-03-18 21:28:56,576 [INFO] Sending reply to client 'OK'
ptd-server 2021-03-18 21:28:56,582 [INFO] Got command from the client 'time'
ptd-server 2021-03-18 21:28:56,582 [INFO] Sending reply to client '1616120936.5826387'
ptd-server 2021-03-18 21:28:56,583 [INFO] Got command from the client 'session,2021-03-18_21-13-30,start,testing'
ptd-server 2021-03-18 21:28:56,583 [INFO] Sending to ptd: 'SR,V,206.560000'
ptd-server 2021-03-18 21:28:58,768 [INFO] Reply from ptd: 'Range V changed'
ptd-server 2021-03-18 21:28:58,768 [INFO] Sending to ptd: 'SR,A,5.598200'
ptd-server 2021-03-18 21:29:00,289 [INFO] Reply from ptd: 'Range A changed'
ptd-server 2021-03-18 21:29:10,300 [INFO] Starting testing mode
ptd-server 2021-03-18 21:29:10,300 [INFO] Sending to ptd: 'Go,1000,0,2021-03-18_21-13-30_testing'
ptd-server 2021-03-18 21:29:10,300 [INFO] Reply from ptd: 'Starting untimed measurement, maximum 500000 samples at 1000ms with 0 rampup samples'
ptd-server 2021-03-18 21:29:10,301 [INFO] Sending reply to client 'OK'
ptd-server 2021-03-18 21:44:04,021 [INFO] Got command from the client 'session,2021-03-18_21-13-30,stop,testing'
ptd-server 2021-03-18 21:44:14,035 [INFO] Sending to ptd: 'Stop'
ptd-server 2021-03-18 21:44:14,035 [INFO] Reply from ptd: 'Stopping untimed measurement'
ptd-server 2021-03-18 21:44:14,074 [INFO] Sending reply to client 'OK'
ptd-server 2021-03-18 21:44:14,081 [INFO] Got command from the client 'session,2021-03-18_21-13-30,upload,client.log'
ptd-server 2021-03-18 21:44:14,082 [INFO] Received 'D:\\ptd-logs\\2021-03-18_21-13-30client.log.tmp'
ptd-server 2021-03-18 21:44:14,088 [INFO] Removed 'D:\\ptd-logs\\2021-03-18_21-13-30client.log.tmp'
ptd-server 2021-03-18 21:44:14,088 [INFO] Sending reply to client 'OK'
ptd-server 2021-03-18 21:44:14,094 [INFO] Got command from the client 'session,2021-03-18_21-13-30,upload,client.json'
ptd-server 2021-03-18 21:44:14,096 [INFO] Received 'D:\\ptd-logs\\2021-03-18_21-13-30client.json.tmp'
ptd-server 2021-03-18 21:44:14,103 [INFO] Removed 'D:\\ptd-logs\\2021-03-18_21-13-30client.json.tmp'
ptd-server 2021-03-18 21:44:14,103 [INFO] Sending reply to client 'OK'
ptd-server 2021-03-18 21:44:14,103 [INFO] Got command from the client 'session,2021-03-18_21-13-30,done'
ptd-server 2021-03-18 21:44:14,103 [INFO] Sending to ptd: 'Stop'
ptd-server 2021-03-18 21:44:14,314 [INFO] Reply from ptd: 'Error: no measurement to stop'
ptd-server 2021-03-18 21:44:14,314 [INFO] Sending to ptd: 'SR,V,Auto'
ptd-server 2021-03-18 21:44:14,837 [INFO] Reply from ptd: 'Range V changed'
ptd-server 2021-03-18 21:44:14,837 [INFO] Sending to ptd: 'SR,A,Auto'
ptd-server 2021-03-18 21:44:15,358 [INFO] Reply from ptd: 'Range A changed'
ptd-server 2021-03-18 21:44:15,358 [INFO] Set initial values for Amps Auto and Volts Auto
ptd-server 2021-03-18 21:44:15,359 [INFO] Stopping ptd...
