ptd-server 2021-02-27 07:40:55,191 [INFO] Got command from the client 'time'
ptd-server 2021-02-27 07:40:55,192 [INFO] Sending reply to client '1614411655.1921327'
ptd-server 2021-02-27 07:40:55,193 [INFO] Got command from the client 'new,,a0309a8b-6d43-4528-95fc-044fa7f03a31'
ptd-server 2021-02-27 07:40:55,193 [INFO] Sending reply to client 'OK 2021-02-27_07-40-55,9fbb8e46-74ea-436a-b7bf-461ff15388e1'
ptd-server 2021-02-27 07:40:55,231 [INFO] Got command from the client 'time'
ptd-server 2021-02-27 07:40:55,231 [INFO] Sending reply to client '1614411655.231903'
ptd-server 2021-02-27 07:40:55,232 [INFO] Got command from the client 'session,2021-02-27_07-40-55,start,ranging'
ptd-server 2021-02-27 07:40:55,233 [INFO] Running PTDaemon: ['/home/anton/projects/mlperf/power/inference_v1.0/ptd-linux-x86', '-l', 'ptd.log', '-p', '8888', '52', '/dev/usbtmc0']
ptd-server 2021-02-27 07:41:12,401 [INFO] Sending to ptd: 'Hello'
ptd-server 2021-02-27 07:41:12,402 [INFO] Reply from ptd: 'Hello, PTDaemon here!'
ptd-server 2021-02-27 07:41:12,402 [INFO] Sending to ptd: 'Identify'
ptd-server 2021-02-27 07:41:12,403 [INFO] Reply from ptd: 'YokogawaWT330E,1000,1,1,1,1,0,0,1,version=1.9.2-e8c7a49a-20201208,OS=Linux 5.8.0-43-generic #49~20.04.1-Ubuntu SMP Fri Feb 5 09:57:56 UTC 2021 x86_64,mode=power,1,1,1,0,0,no_cal_date,YOKOGAWA;WT333E;C3VD30030E;F1.04'
ptd-server 2021-02-27 07:41:12,403 [INFO] Connected to PTDaemon
ptd-server 2021-02-27 07:41:12,403 [INFO] Sending to ptd: 'RR'
ptd-server 2021-02-27 07:41:12,403 [INFO] Reply from ptd: 'Ranges,0,0.500000,0,300.000000'
ptd-server 2021-02-27 07:41:12,404 [INFO] Initial range for Amps is 0.500000 for Volts is 300.000000
ptd-server 2021-02-27 07:41:12,404 [INFO] Sending to ptd: 'SR,V,Auto'
ptd-server 2021-02-27 07:41:12,906 [INFO] Reply from ptd: 'Range V changed'
ptd-server 2021-02-27 07:41:12,906 [INFO] Sending to ptd: 'SR,A,Auto'
ptd-server 2021-02-27 07:41:13,409 [INFO] Reply from ptd: 'Range A changed'
ptd-server 2021-02-27 07:41:23,419 [INFO] Starting ranging mode
ptd-server 2021-02-27 07:41:23,419 [INFO] Sending to ptd: 'Go,1000,0,2021-02-27_07-40-55_ranging'
ptd-server 2021-02-27 07:41:23,420 [INFO] Reply from ptd: 'Starting untimed measurement, maximum 500000 samples at 1000ms with 0 rampup samples'
ptd-server 2021-02-27 07:41:23,420 [INFO] Sending reply to client 'OK'
ptd-server 2021-02-27 07:51:42,159 [INFO] Got command from the client 'session,2021-02-27_07-40-55,stop,ranging'
ptd-server 2021-02-27 07:51:52,170 [INFO] Sending to ptd: 'Stop'
ptd-server 2021-02-27 07:51:52,170 [INFO] Reply from ptd: 'Stopping untimed measurement'
ptd-server 2021-02-27 07:51:52,227 [INFO] Sending reply to client 'OK'
ptd-server 2021-02-27 07:51:52,259 [INFO] Got command from the client 'time'
ptd-server 2021-02-27 07:51:52,259 [INFO] Sending reply to client '1614412312.2594545'
ptd-server 2021-02-27 07:51:52,260 [INFO] Got command from the client 'session,2021-02-27_07-40-55,start,testing'
ptd-server 2021-02-27 07:51:52,260 [INFO] Sending to ptd: 'SR,V,250.870000'
ptd-server 2021-02-27 07:51:53,922 [INFO] Reply from ptd: 'Range V changed'
ptd-server 2021-02-27 07:51:53,922 [INFO] Sending to ptd: 'SR,A,0.225610'
ptd-server 2021-02-27 07:51:55,423 [INFO] Reply from ptd: 'Range A changed'
ptd-server 2021-02-27 07:52:05,434 [INFO] Starting testing mode
ptd-server 2021-02-27 07:52:05,434 [INFO] Sending to ptd: 'Go,1000,0,2021-02-27_07-40-55_testing'
ptd-server 2021-02-27 07:52:05,434 [INFO] Reply from ptd: 'Starting untimed measurement, maximum 500000 samples at 1000ms with 0 rampup samples'
ptd-server 2021-02-27 07:52:05,434 [INFO] Sending reply to client 'OK'
ptd-server 2021-02-27 08:02:23,930 [INFO] Got command from the client 'session,2021-02-27_07-40-55,stop,testing'
ptd-server 2021-02-27 08:02:33,940 [INFO] Sending to ptd: 'Stop'
ptd-server 2021-02-27 08:02:33,941 [INFO] Reply from ptd: 'Stopping untimed measurement'
ptd-server 2021-02-27 08:02:33,972 [INFO] Sending reply to client 'OK'
ptd-server 2021-02-27 08:02:33,976 [INFO] Got command from the client 'session,2021-02-27_07-40-55,upload,client.log'
ptd-server 2021-02-27 08:02:33,976 [INFO] Received '/home/anton/projects/mlperf/power-dev/output/2021-02-27_07-40-55client.log.tmp'
ptd-server 2021-02-27 08:02:33,976 [INFO] Removed '/home/anton/projects/mlperf/power-dev/output/2021-02-27_07-40-55client.log.tmp'
ptd-server 2021-02-27 08:02:33,977 [INFO] Sending reply to client 'OK'
ptd-server 2021-02-27 08:02:33,981 [INFO] Got command from the client 'session,2021-02-27_07-40-55,upload,client.json'
ptd-server 2021-02-27 08:02:33,981 [INFO] Received '/home/anton/projects/mlperf/power-dev/output/2021-02-27_07-40-55client.json.tmp'
ptd-server 2021-02-27 08:02:33,982 [INFO] Removed '/home/anton/projects/mlperf/power-dev/output/2021-02-27_07-40-55client.json.tmp'
ptd-server 2021-02-27 08:02:33,982 [INFO] Sending reply to client 'OK'
ptd-server 2021-02-27 08:02:33,983 [INFO] Got command from the client 'session,2021-02-27_07-40-55,done'
ptd-server 2021-02-27 08:02:33,983 [INFO] Sending to ptd: 'Stop'
ptd-server 2021-02-27 08:02:34,435 [INFO] Reply from ptd: 'Error: no measurement to stop'
ptd-server 2021-02-27 08:02:34,435 [INFO] Sending to ptd: 'SR,V,300.000000'
ptd-server 2021-02-27 08:02:35,937 [INFO] Reply from ptd: 'Range V changed'
ptd-server 2021-02-27 08:02:35,937 [INFO] Sending to ptd: 'SR,A,0.500000'
ptd-server 2021-02-27 08:02:37,438 [INFO] Reply from ptd: 'Range A changed'
ptd-server 2021-02-27 08:02:37,438 [INFO] Set initial values for Amps 0.500000 and Volts 300.000000
ptd-server 2021-02-27 08:02:37,438 [INFO] Stopping ptd...
