client 2021-03-06 00:10:17,161 [INFO] Sending command to the server: 'mlcommons/power client v3'
client 2021-03-06 00:10:17,163 [INFO] Got response: 'mlcommons/power server v3'
client 2021-03-06 00:10:17,164 [INFO] Synchronizing with the server and with time.google.com...
client 2021-03-06 00:10:17,206 [INFO] NTP:offset = -0.006 s, delay = 0.034 s 
client 2021-03-06 00:10:17,207 [INFO] Sending command to the server: 'time'
client 2021-03-06 00:10:17,209 [INFO] Got response: '1614989417.2036934'
client 2021-03-06 00:10:17,209 [INFO] The time difference between the client and the server is within range 3.431 ms..5.993 ms
client 2021-03-06 00:10:17,209 [INFO] Sending command to the server: 'new,,0a12427b-323e-4301-83c0-c4d783bde277'
client 2021-03-06 00:10:17,212 [INFO] Got response: 'OK 2021-03-06_00-10-17,75b4897e-fc1c-468d-a79f-5e2ca1e6bab1'
client 2021-03-06 00:10:17,213 [INFO] Session id is '2021-03-06_00-10-17'
client 2021-03-06 00:10:17,213 [INFO] Sources: {"sources": {"client.py": "d1e75cb4b26101220ebd242e584cf3ca5d8f1996", "lib/__init__.py": "da39a3ee5e6b4b0d3255bfef95601890afd80709", "lib/client.py": "d42bebf5b74cb6ff3997e2a6c68422afac111a28", "lib/common.py": "b0bad80d8fa328a7636027d4d66ff453f8dd7889", "lib/external/ntplib.py": "4da8f970656505a40483206ef2b5d3dd5e81711d", "lib/server.py": "2ed36471c7af565d6c8438b2134edad1d7ddf166", "lib/source_hashes.py": "4cedff274c661cb1504052018fd4f00dfbf624ef", "lib/summary.py": "0db15d783907aa92038281af4e465545c0648ddb", "lib/time_sync.py": "76051226ec89287839723352f4162aaa24e0546a", "server.py": "99e1310e3f76292aef1b8792ce6b8c82f1d44d8b", "tests/unit/test_server.py": "64f11775bfed35232a0e8bb9593c0ff992432c59", "tests/unit/test_source_hashes.py": "cb41a7261eaf7d94ba5c0aae9c523174f6204be3"}, "modules": {"__main__": "client.py", "lib.client": "lib/client.py", "lib.common": "lib/common.py", "lib.external.ntplib": "lib/external/ntplib.py", "lib.source_hashes": "lib/source_hashes.py", "lib.summary": "lib/summary.py", "lib.time_sync": "lib/time_sync.py"}}
client 2021-03-06 00:10:17,213 [INFO] Running workload in ranging mode
client 2021-03-06 00:10:17,213 [INFO] Synchronizing with the server and with time.google.com...
client 2021-03-06 00:10:17,247 [INFO] NTP:offset = -0.007 s, delay = 0.031 s 
client 2021-03-06 00:10:17,247 [INFO] Sending command to the server: 'time'
client 2021-03-06 00:10:17,250 [INFO] Got response: '1614989417.244025'
client 2021-03-06 00:10:17,250 [INFO] The time difference between the client and the server is within range 3.440 ms..6.326 ms
client 2021-03-06 00:10:17,250 [INFO] Sending command to the server: 'session,2021-03-06_00-10-17,start,ranging'
client 2021-03-06 00:10:45,438 [INFO] Got response: 'OK'
client 2021-03-06 00:10:45,439 [INFO] Running the workload 'ck benchmark program:image-classification-tflite-loadgen --env.CK_SILENT_MODE=YES --skip_print_timers --dep_add_tags.compiler=gcc,v9 --dep_add_tags.python=v3 --dep_add_tags.mlperf-inference-src=r1.0 --dep_add_tags.weights=mobilenet,v2-1.0-224,quantized --dep_add_tags.images=crop.875,preprocessed,using-opencv --dep_add_tags.library=tflite,v2.4.1,with.ruy --env.CK_LOADGEN_DATASET_SIZE=1024 --env.CK_LOADGEN_MODE=PerformanceOnly --env.CK_LOADGEN_SCENARIO=SingleStream --env.CK_FAN_MODE=on --env.CK_LOADGEN_TARGET_LATENCY=$CK_LOADGEN_TARGET_LATENCY --skip_stat_analysis --process_multi_keys --repetitions=1 --record --record_repo=local --record_uoa=mlperf-open-rpi4coral-tflite-v2.4.1-ruy-mobilenet-v2-1.0-224-quantized-singlestream-performance-target_latency.$CK_LOADGEN_TARGET_LATENCY-fan_mode.on-power.workload --tags=mlperf,division.open,task.image-classification,platform.rpi4coral,scenario.singlestream,mode.performance,workload.mobilenet-v2-1.0-224-quantized,preprocessed_using.opencv,inference_engine.tflite,inference_engine_version.v2.4.1,inference_engine_backend.ruy,fan_mode.on,target_latency.$CK_LOADGEN_TARGET_LATENCY,power.workload "@@@{\'meta\': {\'ck_benchmark_program\': \'ck benchmark program:image-classification-tflite-loadgen --env.CK_SILENT_MODE=YES --skip_print_timers --dep_add_tags.compiler=gcc,v9 --dep_add_tags.python=v3 --dep_add_tags.mlperf-inference-src=r1.0 --dep_add_tags.weights=mobilenet,v2-1.0-224,quantized --dep_add_tags.images=crop.875,preprocessed,using-opencv --dep_add_tags.library=tflite,v2.4.1,with.ruy --env.CK_LOADGEN_DATASET_SIZE=1024 --env.CK_LOADGEN_MODE=PerformanceOnly --env.CK_LOADGEN_SCENARIO=SingleStream --env.CK_FAN_MODE=on --env.CK_LOADGEN_TARGET_LATENCY=$CK_LOADGEN_TARGET_LATENCY --skip_stat_analysis --process_multi_keys --repetitions=1 --record --record_repo=local --record_uoa=mlperf-open-rpi4coral-tflite-v2.4.1-ruy-mobilenet-v2-1.0-224-quantized-singlestream-performance-target_latency.$CK_LOADGEN_TARGET_LATENCY-fan_mode.on-power.workload --tags=mlperf,division.open,task.image-classification,platform.rpi4coral,scenario.singlestream,mode.performance,workload.mobilenet-v2-1.0-224-quantized,preprocessed_using.opencv,inference_engine.tflite,inference_engine_version.v2.4.1,inference_engine_backend.ruy,fan_mode.on,target_latency.$CK_LOADGEN_TARGET_LATENCY,power.workload\'}}"  && mkdir -p "$CK_MLPERF_POWER_CLIENT_LOADGEN_LOGS" && cp "$CK_MLPERF_POWER_CLIENT_LOADGEN_LOGS"/../mlperf_log_* "$CK_MLPERF_POWER_CLIENT_LOADGEN_LOGS"/'
client 2021-03-06 00:21:17,080 [INFO] Sending command to the server: 'session,2021-03-06_00-10-17,stop,ranging'
client 2021-03-06 00:21:27,504 [INFO] Got response: 'OK'
client 2021-03-06 00:21:27,506 [INFO] Running workload in testing mode
client 2021-03-06 00:21:27,507 [INFO] Synchronizing with the server and with time.google.com...
client 2021-03-06 00:21:27,544 [INFO] NTP:offset = -0.004 s, delay = 0.030 s 
client 2021-03-06 00:21:27,544 [INFO] Sending command to the server: 'time'
client 2021-03-06 00:21:27,547 [INFO] Got response: '1614990087.542479'
client 2021-03-06 00:21:27,547 [INFO] The time difference between the client and the server is within range 1.985 ms..5.314 ms
client 2021-03-06 00:21:27,548 [INFO] Sending command to the server: 'session,2021-03-06_00-10-17,start,testing'
client 2021-03-06 00:21:40,565 [INFO] Got response: 'OK'
client 2021-03-06 00:21:40,565 [INFO] Running the workload 'ck benchmark program:image-classification-tflite-loadgen --env.CK_SILENT_MODE=YES --skip_print_timers --dep_add_tags.compiler=gcc,v9 --dep_add_tags.python=v3 --dep_add_tags.mlperf-inference-src=r1.0 --dep_add_tags.weights=mobilenet,v2-1.0-224,quantized --dep_add_tags.images=crop.875,preprocessed,using-opencv --dep_add_tags.library=tflite,v2.4.1,with.ruy --env.CK_LOADGEN_DATASET_SIZE=1024 --env.CK_LOADGEN_MODE=PerformanceOnly --env.CK_LOADGEN_SCENARIO=SingleStream --env.CK_FAN_MODE=on --env.CK_LOADGEN_TARGET_LATENCY=$CK_LOADGEN_TARGET_LATENCY --skip_stat_analysis --process_multi_keys --repetitions=1 --record --record_repo=local --record_uoa=mlperf-open-rpi4coral-tflite-v2.4.1-ruy-mobilenet-v2-1.0-224-quantized-singlestream-performance-target_latency.$CK_LOADGEN_TARGET_LATENCY-fan_mode.on-power.workload --tags=mlperf,division.open,task.image-classification,platform.rpi4coral,scenario.singlestream,mode.performance,workload.mobilenet-v2-1.0-224-quantized,preprocessed_using.opencv,inference_engine.tflite,inference_engine_version.v2.4.1,inference_engine_backend.ruy,fan_mode.on,target_latency.$CK_LOADGEN_TARGET_LATENCY,power.workload "@@@{\'meta\': {\'ck_benchmark_program\': \'ck benchmark program:image-classification-tflite-loadgen --env.CK_SILENT_MODE=YES --skip_print_timers --dep_add_tags.compiler=gcc,v9 --dep_add_tags.python=v3 --dep_add_tags.mlperf-inference-src=r1.0 --dep_add_tags.weights=mobilenet,v2-1.0-224,quantized --dep_add_tags.images=crop.875,preprocessed,using-opencv --dep_add_tags.library=tflite,v2.4.1,with.ruy --env.CK_LOADGEN_DATASET_SIZE=1024 --env.CK_LOADGEN_MODE=PerformanceOnly --env.CK_LOADGEN_SCENARIO=SingleStream --env.CK_FAN_MODE=on --env.CK_LOADGEN_TARGET_LATENCY=$CK_LOADGEN_TARGET_LATENCY --skip_stat_analysis --process_multi_keys --repetitions=1 --record --record_repo=local --record_uoa=mlperf-open-rpi4coral-tflite-v2.4.1-ruy-mobilenet-v2-1.0-224-quantized-singlestream-performance-target_latency.$CK_LOADGEN_TARGET_LATENCY-fan_mode.on-power.workload --tags=mlperf,division.open,task.image-classification,platform.rpi4coral,scenario.singlestream,mode.performance,workload.mobilenet-v2-1.0-224-quantized,preprocessed_using.opencv,inference_engine.tflite,inference_engine_version.v2.4.1,inference_engine_backend.ruy,fan_mode.on,target_latency.$CK_LOADGEN_TARGET_LATENCY,power.workload\'}}"  && mkdir -p "$CK_MLPERF_POWER_CLIENT_LOADGEN_LOGS" && cp "$CK_MLPERF_POWER_CLIENT_LOADGEN_LOGS"/../mlperf_log_* "$CK_MLPERF_POWER_CLIENT_LOADGEN_LOGS"/'
client 2021-03-06 00:32:16,936 [INFO] Sending command to the server: 'session,2021-03-06_00-10-17,stop,testing'
client 2021-03-06 00:32:27,161 [INFO] Got response: 'OK'
client 2021-03-06 00:32:27,162 [INFO] Done runs
