client 2021-03-17 23:33:37,113 [WARNING] Removing old loadgen logs directory '/home/scratch.mlperf_inf_ci/mlPerf/L1/A100x8_MaxQ-Computelab-A100x8-MaxQ-L1-1-2021-03-17-14-11-35-UTC/mlperf-inference/closed/NVIDIA/build/power_logs_temp'
client 2021-03-17 23:33:37,117 [INFO] Sending command to the server: 'mlcommons/power client v3'
client 2021-03-17 23:33:37,118 [INFO] Got response: 'mlcommons/power server v3'
client 2021-03-17 23:33:37,118 [INFO] Sending command to the server: 'stop'
client 2021-03-17 23:33:37,119 [INFO] Got response: 'OK'
client 2021-03-17 23:33:37,119 [INFO] Synchronizing with the server and with ib-01.dc4-in.nvidia.com...
client 2021-03-17 23:33:37,323 [INFO] NTP:offset = 0.073 s, delay = 0.201 s 
client 2021-03-17 23:33:37,323 [INFO] Sending command to the server: 'time'
client 2021-03-17 23:33:37,325 [INFO] Got response: '1616049217.404965'
client 2021-03-17 23:33:37,325 [INFO] The time difference between the client and the server is within range -81.127 ms..-79.818 ms
client 2021-03-17 23:33:37,325 [INFO] Sending command to the server: 'new,,0e6e1280-6d5a-4806-a213-3a4730e88ddf'
client 2021-03-17 23:33:37,326 [INFO] Got response: 'OK 2021-03-17_23-33-37,0e1316d0-7b09-4806-a2f0-a54e85c11558'
client 2021-03-17 23:33:37,326 [INFO] Session id is '2021-03-17_23-33-37'
client 2021-03-17 23:33:37,326 [INFO] Sources: {"sources": {"client.py": "d1e75cb4b26101220ebd242e584cf3ca5d8f1996", "lib/__init__.py": "da39a3ee5e6b4b0d3255bfef95601890afd80709", "lib/client.py": "d42bebf5b74cb6ff3997e2a6c68422afac111a28", "lib/common.py": "b0bad80d8fa328a7636027d4d66ff453f8dd7889", "lib/external/ntplib.py": "4da8f970656505a40483206ef2b5d3dd5e81711d", "lib/server.py": "2ed36471c7af565d6c8438b2134edad1d7ddf166", "lib/source_hashes.py": "4cedff274c661cb1504052018fd4f00dfbf624ef", "lib/summary.py": "0db15d783907aa92038281af4e465545c0648ddb", "lib/time_sync.py": "76051226ec89287839723352f4162aaa24e0546a", "server.py": "99e1310e3f76292aef1b8792ce6b8c82f1d44d8b", "tests/unit/test_server.py": "64f11775bfed35232a0e8bb9593c0ff992432c59", "tests/unit/test_source_hashes.py": "cb41a7261eaf7d94ba5c0aae9c523174f6204be3"}, "modules": {"__main__": "client.py", "lib.client": "lib/client.py", "lib.common": "lib/common.py", "lib.external.ntplib": "lib/external/ntplib.py", "lib.source_hashes": "lib/source_hashes.py", "lib.summary": "lib/summary.py", "lib.time_sync": "lib/time_sync.py"}}
client 2021-03-17 23:33:37,328 [INFO] Running workload in ranging mode
client 2021-03-17 23:33:37,329 [INFO] Synchronizing with the server and with ib-01.dc4-in.nvidia.com...
client 2021-03-17 23:33:37,533 [INFO] NTP:offset = 0.074 s, delay = 0.204 s 
client 2021-03-17 23:33:37,533 [INFO] Sending command to the server: 'time'
client 2021-03-17 23:33:37,534 [INFO] Got response: '1616049217.608047'
client 2021-03-17 23:33:37,534 [INFO] The time difference between the client and the server is within range -74.518 ms..-73.190 ms
client 2021-03-17 23:33:37,534 [INFO] Sending command to the server: 'session,2021-03-17_23-33-37,start,ranging'
client 2021-03-17 23:34:17,136 [INFO] Got response: 'OK'
client 2021-03-17 23:34:17,136 [INFO] Running the workload 'LOG_DIR=/home/scratch.mlperf_inf_ci/mlPerf/L1/A100x8_MaxQ-Computelab-A100x8-MaxQ-L1-1-2021-03-17-14-11-35-UTC/mlperf-inference/closed/NVIDIA/build/power_logs_temp python3 code/main.py --benchmarks=rnnt --scenarios=Server --test_mode=PerformanceOnly --config_ver=maxq --action="run_harness" \\\n\t\t&& cp -v /home/scratch.mlperf_inf_ci/mlPerf/L1/A100x8_MaxQ-Computelab-A100x8-MaxQ-L1-1-2021-03-17-14-11-35-UTC/mlperf-inference/closed/NVIDIA/build/power_logs_temp/*/*/*/mlperf_log_detail.txt /home/scratch.mlperf_inf_ci/mlPerf/L1/A100x8_MaxQ-Computelab-A100x8-MaxQ-L1-1-2021-03-17-14-11-35-UTC/mlperf-inference/closed/NVIDIA/build/power_logs_temp/ \\\n\t\t&& cp -v /home/scratch.mlperf_inf_ci/mlPerf/L1/A100x8_MaxQ-Computelab-A100x8-MaxQ-L1-1-2021-03-17-14-11-35-UTC/mlperf-inference/closed/NVIDIA/build/power_logs_temp/*/*/*/mlperf_log_summary.txt /home/scratch.mlperf_inf_ci/mlPerf/L1/A100x8_MaxQ-Computelab-A100x8-MaxQ-L1-1-2021-03-17-14-11-35-UTC/mlperf-inference/closed/NVIDIA/build/power_logs_temp/'
client 2021-03-17 23:46:45,628 [INFO] Sending command to the server: 'session,2021-03-17_23-33-37,stop,ranging'
client 2021-03-17 23:46:55,748 [INFO] Got response: 'OK'
client 2021-03-17 23:46:55,753 [INFO] Packing logs into zip and uploading to the server
client 2021-03-17 23:46:55,769 [INFO] Zip file size: 22.6 kB
client 2021-03-17 23:46:55,789 [INFO] Got response: 'OK'
client 2021-03-17 23:46:55,790 [INFO] Running workload in testing mode
client 2021-03-17 23:46:55,790 [INFO] Synchronizing with the server and with ib-01.dc4-in.nvidia.com...
client 2021-03-17 23:46:55,994 [INFO] NTP:offset = 0.085 s, delay = 0.203 s 
client 2021-03-17 23:46:55,994 [INFO] Sending command to the server: 'time'
client 2021-03-17 23:46:55,995 [INFO] Got response: '1616050016.0907054'
client 2021-03-17 23:46:55,995 [INFO] The time difference between the client and the server is within range -96.637 ms..-95.278 ms
client 2021-03-17 23:46:55,995 [INFO] Sending command to the server: 'session,2021-03-17_23-33-37,start,testing'
client 2021-03-17 23:47:17,825 [INFO] Got response: 'OK'
client 2021-03-17 23:47:17,825 [INFO] Running the workload 'LOG_DIR=/home/scratch.mlperf_inf_ci/mlPerf/L1/A100x8_MaxQ-Computelab-A100x8-MaxQ-L1-1-2021-03-17-14-11-35-UTC/mlperf-inference/closed/NVIDIA/build/power_logs_temp python3 code/main.py --benchmarks=rnnt --scenarios=Server --test_mode=PerformanceOnly --config_ver=maxq --action="run_harness" \\\n\t\t&& cp -v /home/scratch.mlperf_inf_ci/mlPerf/L1/A100x8_MaxQ-Computelab-A100x8-MaxQ-L1-1-2021-03-17-14-11-35-UTC/mlperf-inference/closed/NVIDIA/build/power_logs_temp/*/*/*/mlperf_log_detail.txt /home/scratch.mlperf_inf_ci/mlPerf/L1/A100x8_MaxQ-Computelab-A100x8-MaxQ-L1-1-2021-03-17-14-11-35-UTC/mlperf-inference/closed/NVIDIA/build/power_logs_temp/ \\\n\t\t&& cp -v /home/scratch.mlperf_inf_ci/mlPerf/L1/A100x8_MaxQ-Computelab-A100x8-MaxQ-L1-1-2021-03-17-14-11-35-UTC/mlperf-inference/closed/NVIDIA/build/power_logs_temp/*/*/*/mlperf_log_summary.txt /home/scratch.mlperf_inf_ci/mlPerf/L1/A100x8_MaxQ-Computelab-A100x8-MaxQ-L1-1-2021-03-17-14-11-35-UTC/mlperf-inference/closed/NVIDIA/build/power_logs_temp/'
client 2021-03-17 23:59:24,304 [INFO] Sending command to the server: 'session,2021-03-17_23-33-37,stop,testing'
client 2021-03-17 23:59:34,370 [INFO] Got response: 'OK'
client 2021-03-17 23:59:34,376 [INFO] Packing logs into zip and uploading to the server
client 2021-03-17 23:59:34,390 [INFO] Zip file size: 22.6 kB
client 2021-03-17 23:59:34,411 [INFO] Got response: 'OK'
client 2021-03-17 23:59:34,411 [INFO] Done runs
