ptd-server 2021-03-17 23:33:37,201 [INFO] Got command from the client 'stop'
ptd-server 2021-03-17 23:33:37,201 [INFO] The server will be stopped after processing this client
ptd-server 2021-03-17 23:33:37,201 [INFO] Sending reply to client 'OK'
ptd-server 2021-03-17 23:33:37,404 [INFO] Got command from the client 'time'
ptd-server 2021-03-17 23:33:37,404 [INFO] Sending reply to client '1616049217.404965'
ptd-server 2021-03-17 23:33:37,404 [INFO] Got command from the client 'new,,0e6e1280-6d5a-4806-a213-3a4730e88ddf'
ptd-server 2021-03-17 23:33:37,404 [INFO] Sending reply to client 'OK 2021-03-17_23-33-37,0e1316d0-7b09-4806-a2f0-a54e85c11558'
ptd-server 2021-03-17 23:33:37,608 [INFO] Got command from the client 'time'
ptd-server 2021-03-17 23:33:37,608 [INFO] Sending reply to client '1616049217.608047'
ptd-server 2021-03-17 23:33:37,608 [INFO] Got command from the client 'session,2021-03-17_23-33-37,start,ranging'
ptd-server 2021-03-17 23:33:37,717 [INFO] Running PTDaemon: ['C:\\PTD\\ptd-windows-x86.exe', '-l', 'C:\\logs_ptdeamon.txt', '-p', '8888', '-c', '1,3', '-y', '77', '172.22.0.90']
ptd-server 2021-03-17 23:33:57,060 [INFO] Sending to ptd: 'Hello'
ptd-server 2021-03-17 23:33:57,060 [INFO] Reply from ptd: 'Hello, PTDaemon here!'
ptd-server 2021-03-17 23:33:57,060 [INFO] Sending to ptd: 'Identify'
ptd-server 2021-03-17 23:33:57,060 [INFO] Reply from ptd: 'YokogawaWT330_multichannel,1000,1,1,1,1,0,0,1,version=1.9.2-3976349f-20201208,OS=Windows 8 / Server 2012,mode=power,1,1,2,0,0,no_cal_date,YOKOGAWA;WT333E;C2WA21018V;F1.04'
ptd-server 2021-03-17 23:33:57,060 [INFO] Connected to PTDaemon
ptd-server 2021-03-17 23:33:57,060 [INFO] Sending to ptd: 'RR'
ptd-server 2021-03-17 23:33:57,060 [INFO] Reply from ptd: 'Ranges,0,20.000000,1,300.000000'
ptd-server 2021-03-17 23:33:57,060 [INFO] Initial range for Amps is 20.000000 for Volts is Auto
ptd-server 2021-03-17 23:33:57,060 [INFO] Sending to ptd: 'SR,V,Auto'
ptd-server 2021-03-17 23:34:02,137 [INFO] Reply from ptd: 'Range V changed'
ptd-server 2021-03-17 23:34:02,137 [INFO] Sending to ptd: 'SR,A,Auto'
ptd-server 2021-03-17 23:34:07,214 [INFO] Reply from ptd: 'Range A changed'
ptd-server 2021-03-17 23:34:17,214 [INFO] Starting ranging mode
ptd-server 2021-03-17 23:34:17,214 [INFO] Sending to ptd: 'Go,1000,0,2021-03-17_23-33-37_ranging'
ptd-server 2021-03-17 23:34:17,214 [INFO] Reply from ptd: 'Starting untimed measurement, maximum 500000 samples at 1000ms with 0 rampup samples'
ptd-server 2021-03-17 23:34:17,214 [INFO] Sending reply to client 'OK'
ptd-server 2021-03-17 23:46:45,715 [INFO] Got command from the client 'session,2021-03-17_23-33-37,stop,ranging'
ptd-server 2021-03-17 23:46:55,715 [INFO] Sending to ptd: 'Stop'
ptd-server 2021-03-17 23:46:55,715 [INFO] Reply from ptd: 'Stopping untimed measurement'
ptd-server 2021-03-17 23:46:55,840 [INFO] Sending reply to client 'OK'
ptd-server 2021-03-17 23:46:55,856 [INFO] Got command from the client 'session,2021-03-17_23-33-37,upload,ranging'
ptd-server 2021-03-17 23:46:55,856 [INFO] Received 'C:\\ptd-logs\\2021-03-17_23-33-37ranging.tmp'
ptd-server 2021-03-17 23:46:55,871 [INFO] Extracted 'C:\\ptd-logs\\2021-03-17_23-33-37ranging.tmp' into 'C:\\ptd-logs\\2021-03-17_23-33-37\\ranging'
ptd-server 2021-03-17 23:46:55,871 [INFO] Removed 'C:\\ptd-logs\\2021-03-17_23-33-37ranging.tmp'
ptd-server 2021-03-17 23:46:55,871 [INFO] Sending reply to client 'OK'
ptd-server 2021-03-17 23:46:56,090 [INFO] Got command from the client 'time'
ptd-server 2021-03-17 23:46:56,090 [INFO] Sending reply to client '1616050016.0907054'
ptd-server 2021-03-17 23:46:56,090 [INFO] Got command from the client 'session,2021-03-17_23-33-37,start,testing'
ptd-server 2021-03-17 23:46:56,090 [INFO] Sending to ptd: 'SR,V,233.440000'
ptd-server 2021-03-17 23:47:02,323 [INFO] Reply from ptd: 'Range V changed'
ptd-server 2021-03-17 23:47:02,323 [INFO] Sending to ptd: 'SR,A,5.436400'
ptd-server 2021-03-17 23:47:07,915 [INFO] Reply from ptd: 'Range A changed'
ptd-server 2021-03-17 23:47:17,916 [INFO] Starting testing mode
ptd-server 2021-03-17 23:47:17,916 [INFO] Sending to ptd: 'Go,1000,0,2021-03-17_23-33-37_testing'
ptd-server 2021-03-17 23:47:17,916 [INFO] Reply from ptd: 'Starting untimed measurement, maximum 500000 samples at 1000ms with 0 rampup samples'
ptd-server 2021-03-17 23:47:17,916 [INFO] Sending reply to client 'OK'
ptd-server 2021-03-17 23:59:24,404 [INFO] Got command from the client 'session,2021-03-17_23-33-37,stop,testing'
ptd-server 2021-03-17 23:59:34,417 [INFO] Sending to ptd: 'Stop'
ptd-server 2021-03-17 23:59:34,417 [INFO] Reply from ptd: 'Stopping untimed measurement'
ptd-server 2021-03-17 23:59:34,464 [INFO] Sending reply to client 'OK'
ptd-server 2021-03-17 23:59:34,495 [INFO] Got command from the client 'session,2021-03-17_23-33-37,upload,testing'
ptd-server 2021-03-17 23:59:34,495 [INFO] Received 'C:\\ptd-logs\\2021-03-17_23-33-37testing.tmp'
ptd-server 2021-03-17 23:59:34,510 [INFO] Extracted 'C:\\ptd-logs\\2021-03-17_23-33-37testing.tmp' into 'C:\\ptd-logs\\2021-03-17_23-33-37\\run_1'
ptd-server 2021-03-17 23:59:34,510 [INFO] Removed 'C:\\ptd-logs\\2021-03-17_23-33-37testing.tmp'
ptd-server 2021-03-17 23:59:34,510 [INFO] Sending reply to client 'OK'
ptd-server 2021-03-17 23:59:34,510 [INFO] Got command from the client 'session,2021-03-17_23-33-37,upload,client.log'
ptd-server 2021-03-17 23:59:34,510 [INFO] Received 'C:\\ptd-logs\\2021-03-17_23-33-37client.log.tmp'
ptd-server 2021-03-17 23:59:34,526 [INFO] Removed 'C:\\ptd-logs\\2021-03-17_23-33-37client.log.tmp'
ptd-server 2021-03-17 23:59:34,526 [INFO] Sending reply to client 'OK'
ptd-server 2021-03-17 23:59:34,542 [INFO] Got command from the client 'session,2021-03-17_23-33-37,upload,client.json'
ptd-server 2021-03-17 23:59:34,557 [INFO] Received 'C:\\ptd-logs\\2021-03-17_23-33-37client.json.tmp'
ptd-server 2021-03-17 23:59:34,557 [INFO] Removed 'C:\\ptd-logs\\2021-03-17_23-33-37client.json.tmp'
ptd-server 2021-03-17 23:59:34,557 [INFO] Sending reply to client 'OK'
ptd-server 2021-03-17 23:59:34,557 [INFO] Got command from the client 'session,2021-03-17_23-33-37,done'
ptd-server 2021-03-17 23:59:34,557 [INFO] Sending to ptd: 'Stop'
ptd-server 2021-03-17 23:59:34,932 [INFO] Reply from ptd: 'Error: no measurement to stop'
ptd-server 2021-03-17 23:59:34,932 [INFO] Sending to ptd: 'SR,V,Auto'
ptd-server 2021-03-17 23:59:40,009 [INFO] Reply from ptd: 'Range V changed'
ptd-server 2021-03-17 23:59:40,009 [INFO] Sending to ptd: 'SR,A,20.000000'
ptd-server 2021-03-17 23:59:45,593 [INFO] Reply from ptd: 'Range A changed'
ptd-server 2021-03-17 23:59:45,593 [INFO] Set initial values for Amps 20.000000 and Volts Auto
ptd-server 2021-03-17 23:59:45,593 [INFO] Stopping ptd...
