ptd-server 2021-03-09 09:48:25,574 [INFO] Got command from the client 'time'
ptd-server 2021-03-09 09:48:25,574 [INFO] Sending reply to client '1615283305.5746748'
ptd-server 2021-03-09 09:48:25,576 [INFO] Got command from the client 'new,,cc942f6a-3f93-4b51-a745-442cc6e99154'
ptd-server 2021-03-09 09:48:25,577 [INFO] Sending reply to client 'OK 2021-03-09_09-48-25,cbe52508-3259-45b4-bbca-cb193055de2f'
ptd-server 2021-03-09 09:48:25,624 [INFO] Got command from the client 'time'
ptd-server 2021-03-09 09:48:25,624 [INFO] Sending reply to client '1615283305.6244252'
ptd-server 2021-03-09 09:48:25,626 [INFO] Got command from the client 'session,2021-03-09_09-48-25,start,ranging'
ptd-server 2021-03-09 09:48:25,627 [INFO] Running PTDaemon: ['/home/anton/projects/mlperf/power/inference_v1.0/ptd-linux-x86', '-l', 'ptd.log', '-p', '8888', '52', '/dev/usbtmc0']
ptd-server 2021-03-09 09:48:42,799 [INFO] Sending to ptd: 'Hello'
ptd-server 2021-03-09 09:48:42,800 [INFO] Reply from ptd: 'Hello, PTDaemon here!'
ptd-server 2021-03-09 09:48:42,800 [INFO] Sending to ptd: 'Identify'
ptd-server 2021-03-09 09:48:42,800 [INFO] Reply from ptd: 'YokogawaWT330E,1000,1,1,1,1,0,0,1,version=1.9.2-e8c7a49a-20201208,OS=Linux 5.8.0-43-generic #49~20.04.1-Ubuntu SMP Fri Feb 5 09:57:56 UTC 2021 x86_64,mode=power,1,1,1,0,0,no_cal_date,YOKOGAWA;WT333E;C3VD30030E;F1.04'
ptd-server 2021-03-09 09:48:42,800 [INFO] Connected to PTDaemon
ptd-server 2021-03-09 09:48:42,800 [INFO] Sending to ptd: 'RR'
ptd-server 2021-03-09 09:48:42,801 [INFO] Reply from ptd: 'Ranges,0,0.500000,0,300.000000'
ptd-server 2021-03-09 09:48:42,801 [INFO] Initial range for Amps is 0.500000 for Volts is 300.000000
ptd-server 2021-03-09 09:48:42,801 [INFO] Sending to ptd: 'SR,V,Auto'
ptd-server 2021-03-09 09:48:43,304 [INFO] Reply from ptd: 'Range V changed'
ptd-server 2021-03-09 09:48:43,304 [INFO] Sending to ptd: 'SR,A,Auto'
ptd-server 2021-03-09 09:48:43,806 [INFO] Reply from ptd: 'Range A changed'
ptd-server 2021-03-09 09:48:53,816 [INFO] Starting ranging mode
ptd-server 2021-03-09 09:48:53,817 [INFO] Sending to ptd: 'Go,1000,0,2021-03-09_09-48-25_ranging'
ptd-server 2021-03-09 09:48:53,817 [INFO] Reply from ptd: 'Starting untimed measurement, maximum 500000 samples at 1000ms with 0 rampup samples'
ptd-server 2021-03-09 09:48:53,817 [INFO] Sending reply to client 'OK'
ptd-server 2021-03-09 09:59:08,942 [INFO] Got command from the client 'session,2021-03-09_09-48-25,stop,ranging'
ptd-server 2021-03-09 09:59:18,952 [INFO] Sending to ptd: 'Stop'
ptd-server 2021-03-09 09:59:18,953 [INFO] Reply from ptd: 'Stopping untimed measurement'
ptd-server 2021-03-09 09:59:19,690 [INFO] Sending reply to client 'OK'
ptd-server 2021-03-09 09:59:19,731 [INFO] Got command from the client 'time'
ptd-server 2021-03-09 09:59:19,731 [INFO] Sending reply to client '1615283959.7317667'
ptd-server 2021-03-09 09:59:19,733 [INFO] Got command from the client 'session,2021-03-09_09-48-25,start,testing'
ptd-server 2021-03-09 09:59:19,734 [INFO] Sending to ptd: 'SR,V,249.100000'
ptd-server 2021-03-09 09:59:21,318 [INFO] Reply from ptd: 'Range V changed'
ptd-server 2021-03-09 09:59:21,318 [INFO] Sending to ptd: 'SR,A,0.132860'
ptd-server 2021-03-09 09:59:22,820 [INFO] Reply from ptd: 'Range A changed'
ptd-server 2021-03-09 09:59:32,830 [INFO] Starting testing mode
ptd-server 2021-03-09 09:59:32,830 [INFO] Sending to ptd: 'Go,1000,0,2021-03-09_09-48-25_testing'
ptd-server 2021-03-09 09:59:32,831 [INFO] Reply from ptd: 'Starting untimed measurement, maximum 500000 samples at 1000ms with 0 rampup samples'
ptd-server 2021-03-09 09:59:32,831 [INFO] Sending reply to client 'OK'
ptd-server 2021-03-09 10:09:48,023 [INFO] Got command from the client 'session,2021-03-09_09-48-25,stop,testing'
ptd-server 2021-03-09 10:09:58,033 [INFO] Sending to ptd: 'Stop'
ptd-server 2021-03-09 10:09:58,034 [INFO] Reply from ptd: 'Stopping untimed measurement'
ptd-server 2021-03-09 10:09:58,421 [INFO] Sending reply to client 'OK'
ptd-server 2021-03-09 10:09:58,424 [INFO] Got command from the client 'session,2021-03-09_09-48-25,upload,client.log'
ptd-server 2021-03-09 10:09:58,425 [INFO] Received '/home/anton/projects/mlperf/power-dev/output/2021-03-09_09-48-25client.log.tmp'
ptd-server 2021-03-09 10:09:58,425 [INFO] Removed '/home/anton/projects/mlperf/power-dev/output/2021-03-09_09-48-25client.log.tmp'
ptd-server 2021-03-09 10:09:58,425 [INFO] Sending reply to client 'OK'
ptd-server 2021-03-09 10:09:58,429 [INFO] Got command from the client 'session,2021-03-09_09-48-25,upload,client.json'
ptd-server 2021-03-09 10:09:58,430 [INFO] Received '/home/anton/projects/mlperf/power-dev/output/2021-03-09_09-48-25client.json.tmp'
ptd-server 2021-03-09 10:09:58,430 [INFO] Removed '/home/anton/projects/mlperf/power-dev/output/2021-03-09_09-48-25client.json.tmp'
ptd-server 2021-03-09 10:09:58,430 [INFO] Sending reply to client 'OK'
ptd-server 2021-03-09 10:09:58,431 [INFO] Got command from the client 'session,2021-03-09_09-48-25,done'
ptd-server 2021-03-09 10:09:58,431 [INFO] Sending to ptd: 'Stop'
ptd-server 2021-03-09 10:09:58,832 [INFO] Reply from ptd: 'Error: no measurement to stop'
ptd-server 2021-03-09 10:09:58,832 [INFO] Sending to ptd: 'SR,V,300.000000'
ptd-server 2021-03-09 10:10:00,333 [INFO] Reply from ptd: 'Range V changed'
ptd-server 2021-03-09 10:10:00,333 [INFO] Sending to ptd: 'SR,A,0.500000'
ptd-server 2021-03-09 10:10:01,835 [INFO] Reply from ptd: 'Range A changed'
ptd-server 2021-03-09 10:10:01,835 [INFO] Set initial values for Amps 0.500000 and Volts 300.000000
ptd-server 2021-03-09 10:10:01,835 [INFO] Stopping ptd...
