client 2021-03-17 21:32:33,948 [WARNING] Removing old loadgen logs directory '/home/scratch.mlperf_inf_ci/mlPerf/L1/Xavier_MaxQ-Computelab-Xavier-MaxQ-L1-5-2021-03-17-23-28-24-UTC/mlperf-inference/closed/NVIDIA/build/power_logs_temp'
client 2021-03-17 21:32:33,957 [INFO] Sending command to the server: 'mlcommons/power client v3'
client 2021-03-17 21:32:33,958 [INFO] Got response: 'mlcommons/power server v3'
client 2021-03-17 21:32:33,958 [INFO] Sending command to the server: 'stop'
client 2021-03-17 21:32:33,960 [INFO] Got response: 'OK'
client 2021-03-17 21:32:33,960 [INFO] Synchronizing with the server and with ib-01.dc4-in.nvidia.com...
client 2021-03-17 21:32:34,183 [INFO] NTP:offset = -0.003 s, delay = 0.202 s 
client 2021-03-17 21:32:34,183 [INFO] Sending command to the server: 'time'
client 2021-03-17 21:32:34,185 [INFO] Got response: '1616041954.132498'
client 2021-03-17 21:32:34,186 [INFO] The time difference between the client and the server is within range 51.432 ms..53.576 ms
client 2021-03-17 21:32:34,186 [INFO] Sending command to the server: 'new,,66ac3876-d7be-4fac-abf7-5979dfaf7e75'
client 2021-03-17 21:32:34,188 [INFO] Got response: 'OK 2021-03-17_21-32-34,804151e9-fdff-491b-b7b1-13a7d41021f2'
client 2021-03-17 21:32:34,189 [INFO] Session id is '2021-03-17_21-32-34'
client 2021-03-17 21:32:34,189 [INFO] Sources: {"sources": {"client.py": "d1e75cb4b26101220ebd242e584cf3ca5d8f1996", "lib/__init__.py": "da39a3ee5e6b4b0d3255bfef95601890afd80709", "lib/client.py": "d42bebf5b74cb6ff3997e2a6c68422afac111a28", "lib/common.py": "b0bad80d8fa328a7636027d4d66ff453f8dd7889", "lib/external/ntplib.py": "4da8f970656505a40483206ef2b5d3dd5e81711d", "lib/server.py": "2ed36471c7af565d6c8438b2134edad1d7ddf166", "lib/source_hashes.py": "4cedff274c661cb1504052018fd4f00dfbf624ef", "lib/summary.py": "0db15d783907aa92038281af4e465545c0648ddb", "lib/time_sync.py": "76051226ec89287839723352f4162aaa24e0546a", "server.py": "99e1310e3f76292aef1b8792ce6b8c82f1d44d8b", "tests/unit/test_server.py": "64f11775bfed35232a0e8bb9593c0ff992432c59", "tests/unit/test_source_hashes.py": "cb41a7261eaf7d94ba5c0aae9c523174f6204be3"}, "modules": {"__main__": "client.py", "lib.client": "lib/client.py", "lib.common": "lib/common.py", "lib.external.ntplib": "lib/external/ntplib.py", "lib.source_hashes": "lib/source_hashes.py", "lib.summary": "lib/summary.py", "lib.time_sync": "lib/time_sync.py"}}
client 2021-03-17 21:32:34,193 [INFO] Running workload in ranging mode
client 2021-03-17 21:32:34,193 [INFO] Synchronizing with the server and with ib-01.dc4-in.nvidia.com...
client 2021-03-17 21:32:34,401 [INFO] NTP:offset = -0.003 s, delay = 0.202 s 
client 2021-03-17 21:32:34,401 [INFO] Sending command to the server: 'time'
client 2021-03-17 21:32:34,404 [INFO] Got response: '1616041954.3523538'
client 2021-03-17 21:32:34,405 [INFO] The time difference between the client and the server is within range 49.212 ms..52.647 ms
client 2021-03-17 21:32:34,405 [INFO] Sending command to the server: 'session,2021-03-17_21-32-34,start,ranging'
client 2021-03-17 21:33:03,444 [INFO] Got response: 'OK'
client 2021-03-17 21:33:03,445 [INFO] Running the workload 'LOG_DIR=/home/scratch.mlperf_inf_ci/mlPerf/L1/Xavier_MaxQ-Computelab-Xavier-MaxQ-L1-5-2021-03-17-23-28-24-UTC/mlperf-inference/closed/NVIDIA/build/power_logs_temp python3 code/main.py --benchmarks=rnnt --scenarios=Offline --test_mode=PerformanceOnly --config_ver=maxq --action="run_harness" \\\n\t\t&& cp -v /home/scratch.mlperf_inf_ci/mlPerf/L1/Xavier_MaxQ-Computelab-Xavier-MaxQ-L1-5-2021-03-17-23-28-24-UTC/mlperf-inference/closed/NVIDIA/build/power_logs_temp/*/*/*/mlperf_log_detail.txt /home/scratch.mlperf_inf_ci/mlPerf/L1/Xavier_MaxQ-Computelab-Xavier-MaxQ-L1-5-2021-03-17-23-28-24-UTC/mlperf-inference/closed/NVIDIA/build/power_logs_temp/ \\\n\t\t&& cp -v /home/scratch.mlperf_inf_ci/mlPerf/L1/Xavier_MaxQ-Computelab-Xavier-MaxQ-L1-5-2021-03-17-23-28-24-UTC/mlperf-inference/closed/NVIDIA/build/power_logs_temp/*/*/*/mlperf_log_summary.txt /home/scratch.mlperf_inf_ci/mlPerf/L1/Xavier_MaxQ-Computelab-Xavier-MaxQ-L1-5-2021-03-17-23-28-24-UTC/mlperf-inference/closed/NVIDIA/build/power_logs_temp/'
client 2021-03-17 21:53:30,804 [INFO] Sending command to the server: 'session,2021-03-17_21-32-34,stop,ranging'
client 2021-03-17 21:53:41,356 [INFO] Got response: 'OK'
client 2021-03-17 21:53:41,364 [INFO] Packing logs into zip and uploading to the server
client 2021-03-17 21:53:41,400 [INFO] Zip file size: 22.2 kB
client 2021-03-17 21:53:41,421 [INFO] Got response: 'OK'
client 2021-03-17 21:53:41,423 [INFO] Running workload in testing mode
client 2021-03-17 21:53:41,423 [INFO] Synchronizing with the server and with ib-01.dc4-in.nvidia.com...
client 2021-03-17 21:53:41,632 [INFO] NTP:offset = -0.002 s, delay = 0.202 s 
client 2021-03-17 21:53:41,634 [INFO] Sending command to the server: 'time'
client 2021-03-17 21:53:41,635 [INFO] Got response: '1616043221.5849571'
client 2021-03-17 21:53:41,636 [INFO] The time difference between the client and the server is within range 49.130 ms..51.124 ms
client 2021-03-17 21:53:41,636 [INFO] Sending command to the server: 'session,2021-03-17_21-32-34,start,testing'
client 2021-03-17 21:53:54,708 [INFO] Got response: 'OK'
client 2021-03-17 21:53:54,708 [INFO] Running the workload 'LOG_DIR=/home/scratch.mlperf_inf_ci/mlPerf/L1/Xavier_MaxQ-Computelab-Xavier-MaxQ-L1-5-2021-03-17-23-28-24-UTC/mlperf-inference/closed/NVIDIA/build/power_logs_temp python3 code/main.py --benchmarks=rnnt --scenarios=Offline --test_mode=PerformanceOnly --config_ver=maxq --action="run_harness" \\\n\t\t&& cp -v /home/scratch.mlperf_inf_ci/mlPerf/L1/Xavier_MaxQ-Computelab-Xavier-MaxQ-L1-5-2021-03-17-23-28-24-UTC/mlperf-inference/closed/NVIDIA/build/power_logs_temp/*/*/*/mlperf_log_detail.txt /home/scratch.mlperf_inf_ci/mlPerf/L1/Xavier_MaxQ-Computelab-Xavier-MaxQ-L1-5-2021-03-17-23-28-24-UTC/mlperf-inference/closed/NVIDIA/build/power_logs_temp/ \\\n\t\t&& cp -v /home/scratch.mlperf_inf_ci/mlPerf/L1/Xavier_MaxQ-Computelab-Xavier-MaxQ-L1-5-2021-03-17-23-28-24-UTC/mlperf-inference/closed/NVIDIA/build/power_logs_temp/*/*/*/mlperf_log_summary.txt /home/scratch.mlperf_inf_ci/mlPerf/L1/Xavier_MaxQ-Computelab-Xavier-MaxQ-L1-5-2021-03-17-23-28-24-UTC/mlperf-inference/closed/NVIDIA/build/power_logs_temp/'
client 2021-03-17 22:14:21,528 [INFO] Sending command to the server: 'session,2021-03-17_21-32-34,stop,testing'
client 2021-03-17 22:14:31,799 [INFO] Got response: 'OK'
client 2021-03-17 22:14:31,809 [INFO] Packing logs into zip and uploading to the server
client 2021-03-17 22:14:31,843 [INFO] Zip file size: 22.2 kB
client 2021-03-17 22:14:31,864 [INFO] Got response: 'OK'
client 2021-03-17 22:14:31,865 [INFO] Done runs
