ptd-server 2021-03-17 21:32:33,913 [INFO] Got command from the client 'stop'
ptd-server 2021-03-17 21:32:33,913 [INFO] The server will be stopped after processing this client
ptd-server 2021-03-17 21:32:33,913 [INFO] Sending reply to client 'OK'
ptd-server 2021-03-17 21:32:34,132 [INFO] Got command from the client 'time'
ptd-server 2021-03-17 21:32:34,132 [INFO] Sending reply to client '1616041954.132498'
ptd-server 2021-03-17 21:32:34,132 [INFO] Got command from the client 'new,,66ac3876-d7be-4fac-abf7-5979dfaf7e75'
ptd-server 2021-03-17 21:32:34,132 [INFO] Sending reply to client 'OK 2021-03-17_21-32-34,804151e9-fdff-491b-b7b1-13a7d41021f2'
ptd-server 2021-03-17 21:32:34,352 [INFO] Got command from the client 'time'
ptd-server 2021-03-17 21:32:34,352 [INFO] Sending reply to client '1616041954.3523538'
ptd-server 2021-03-17 21:32:34,352 [INFO] Got command from the client 'session,2021-03-17_21-32-34,start,ranging'
ptd-server 2021-03-17 21:32:34,461 [INFO] Running PTDaemon: ['C:\\PTD\\ptd-windows-x86.exe', '-l', 'C:\\logs_ptdeamon.txt', '-p', '8888', '-c', '3', '-y', '52', '10.32.209.251']
ptd-server 2021-03-17 21:32:52,349 [INFO] Sending to ptd: 'Hello'
ptd-server 2021-03-17 21:32:52,349 [INFO] Reply from ptd: 'Hello, PTDaemon here!'
ptd-server 2021-03-17 21:32:52,349 [INFO] Sending to ptd: 'Identify'
ptd-server 2021-03-17 21:32:52,349 [INFO] Reply from ptd: 'YokogawaWT330E,1000,1,1,1,1,0,0,1,version=1.9.2-3976349f-20201208,OS=Windows 8 / Server 2012,mode=power,1,1,1,0,0,no_cal_date,YOKOGAWA;WT333E;C2VL22012V;F1.03'
ptd-server 2021-03-17 21:32:52,349 [INFO] Connected to PTDaemon
ptd-server 2021-03-17 21:32:52,349 [INFO] Sending to ptd: 'RR'
ptd-server 2021-03-17 21:32:52,349 [INFO] Reply from ptd: 'Ranges,0,0.500000,0,150.000000'
ptd-server 2021-03-17 21:32:52,349 [INFO] Initial range for Amps is 0.500000 for Volts is 150.000000
ptd-server 2021-03-17 21:32:52,349 [INFO] Sending to ptd: 'SR,V,Auto'
ptd-server 2021-03-17 21:32:52,864 [INFO] Reply from ptd: 'Range V changed'
ptd-server 2021-03-17 21:32:52,864 [INFO] Sending to ptd: 'SR,A,Auto'
ptd-server 2021-03-17 21:32:53,380 [INFO] Reply from ptd: 'Range A changed'
ptd-server 2021-03-17 21:33:03,394 [INFO] Starting ranging mode
ptd-server 2021-03-17 21:33:03,394 [INFO] Sending to ptd: 'Go,1000,0,2021-03-17_21-32-34_ranging'
ptd-server 2021-03-17 21:33:03,394 [INFO] Reply from ptd: 'Starting untimed measurement, maximum 500000 samples at 1000ms with 0 rampup samples'
ptd-server 2021-03-17 21:33:03,394 [INFO] Sending reply to client 'OK'
ptd-server 2021-03-17 21:53:30,758 [INFO] Got command from the client 'session,2021-03-17_21-32-34,stop,ranging'
ptd-server 2021-03-17 21:53:40,772 [INFO] Sending to ptd: 'Stop'
ptd-server 2021-03-17 21:53:40,772 [INFO] Reply from ptd: 'Stopping untimed measurement'
ptd-server 2021-03-17 21:53:41,303 [INFO] Sending reply to client 'OK'
ptd-server 2021-03-17 21:53:41,350 [INFO] Got command from the client 'session,2021-03-17_21-32-34,upload,ranging'
ptd-server 2021-03-17 21:53:41,350 [INFO] Received 'C:\\ptd-logs\\2021-03-17_21-32-34ranging.tmp'
ptd-server 2021-03-17 21:53:41,366 [INFO] Extracted 'C:\\ptd-logs\\2021-03-17_21-32-34ranging.tmp' into 'C:\\ptd-logs\\2021-03-17_21-32-34\\ranging'
ptd-server 2021-03-17 21:53:41,366 [INFO] Removed 'C:\\ptd-logs\\2021-03-17_21-32-34ranging.tmp'
ptd-server 2021-03-17 21:53:41,366 [INFO] Sending reply to client 'OK'
ptd-server 2021-03-17 21:53:41,584 [INFO] Got command from the client 'time'
ptd-server 2021-03-17 21:53:41,584 [INFO] Sending reply to client '1616043221.5849571'
ptd-server 2021-03-17 21:53:41,584 [INFO] Got command from the client 'session,2021-03-17_21-32-34,start,testing'
ptd-server 2021-03-17 21:53:41,584 [INFO] Sending to ptd: 'SR,V,120.160000'
ptd-server 2021-03-17 21:53:43,115 [INFO] Reply from ptd: 'Range V changed'
ptd-server 2021-03-17 21:53:43,115 [INFO] Sending to ptd: 'SR,A,0.402400'
ptd-server 2021-03-17 21:53:44,646 [INFO] Reply from ptd: 'Range A changed'
ptd-server 2021-03-17 21:53:54,659 [INFO] Starting testing mode
ptd-server 2021-03-17 21:53:54,659 [INFO] Sending to ptd: 'Go,1000,0,2021-03-17_21-32-34_testing'
ptd-server 2021-03-17 21:53:54,659 [INFO] Reply from ptd: 'Starting untimed measurement, maximum 500000 samples at 1000ms with 0 rampup samples'
ptd-server 2021-03-17 21:53:54,659 [INFO] Sending reply to client 'OK'
ptd-server 2021-03-17 22:14:21,482 [INFO] Got command from the client 'session,2021-03-17_21-32-34,stop,testing'
ptd-server 2021-03-17 22:14:31,484 [INFO] Sending to ptd: 'Stop'
ptd-server 2021-03-17 22:14:31,484 [INFO] Reply from ptd: 'Stopping untimed measurement'
ptd-server 2021-03-17 22:14:31,750 [INFO] Sending reply to client 'OK'
ptd-server 2021-03-17 22:14:31,797 [INFO] Got command from the client 'session,2021-03-17_21-32-34,upload,testing'
ptd-server 2021-03-17 22:14:31,797 [INFO] Received 'C:\\ptd-logs\\2021-03-17_21-32-34testing.tmp'
ptd-server 2021-03-17 22:14:31,813 [INFO] Extracted 'C:\\ptd-logs\\2021-03-17_21-32-34testing.tmp' into 'C:\\ptd-logs\\2021-03-17_21-32-34\\run_1'
ptd-server 2021-03-17 22:14:31,813 [INFO] Removed 'C:\\ptd-logs\\2021-03-17_21-32-34testing.tmp'
ptd-server 2021-03-17 22:14:31,813 [INFO] Sending reply to client 'OK'
ptd-server 2021-03-17 22:14:31,828 [INFO] Got command from the client 'session,2021-03-17_21-32-34,upload,client.log'
ptd-server 2021-03-17 22:14:31,828 [INFO] Received 'C:\\ptd-logs\\2021-03-17_21-32-34client.log.tmp'
ptd-server 2021-03-17 22:14:31,844 [INFO] Removed 'C:\\ptd-logs\\2021-03-17_21-32-34client.log.tmp'
ptd-server 2021-03-17 22:14:31,844 [INFO] Sending reply to client 'OK'
ptd-server 2021-03-17 22:14:31,875 [INFO] Got command from the client 'session,2021-03-17_21-32-34,upload,client.json'
ptd-server 2021-03-17 22:14:31,875 [INFO] Received 'C:\\ptd-logs\\2021-03-17_21-32-34client.json.tmp'
ptd-server 2021-03-17 22:14:31,891 [INFO] Removed 'C:\\ptd-logs\\2021-03-17_21-32-34client.json.tmp'
ptd-server 2021-03-17 22:14:31,891 [INFO] Sending reply to client 'OK'
ptd-server 2021-03-17 22:14:31,891 [INFO] Got command from the client 'session,2021-03-17_21-32-34,done'
ptd-server 2021-03-17 22:14:31,891 [INFO] Sending to ptd: 'Stop'
ptd-server 2021-03-17 22:14:31,891 [INFO] Reply from ptd: 'Error: no measurement to stop'
ptd-server 2021-03-17 22:14:31,891 [INFO] Sending to ptd: 'SR,V,150.000000'
ptd-server 2021-03-17 22:14:33,422 [INFO] Reply from ptd: 'Range V changed'
ptd-server 2021-03-17 22:14:33,422 [INFO] Sending to ptd: 'SR,A,0.500000'
ptd-server 2021-03-17 22:14:34,955 [INFO] Reply from ptd: 'Range A changed'
ptd-server 2021-03-17 22:14:34,955 [INFO] Set initial values for Amps 0.500000 and Volts 150.000000
ptd-server 2021-03-17 22:14:34,955 [INFO] Stopping ptd...
