ptd-server 2021-03-07 07:08:33,969 [INFO] Got command from the client 'time'
ptd-server 2021-03-07 07:08:33,969 [INFO] Sending reply to client '1615100913.969368'
ptd-server 2021-03-07 07:08:33,972 [INFO] Got command from the client 'new,,a5eaec07-8b06-4f16-a219-ae884ad7af4c'
ptd-server 2021-03-07 07:08:33,973 [INFO] Sending reply to client 'OK 2021-03-07_07-08-33,78ce1fce-feb4-490e-98ed-f21eba600ed2'
ptd-server 2021-03-07 07:08:34,010 [INFO] Got command from the client 'time'
ptd-server 2021-03-07 07:08:34,010 [INFO] Sending reply to client '1615100914.0103965'
ptd-server 2021-03-07 07:08:34,013 [INFO] Got command from the client 'session,2021-03-07_07-08-33,start,ranging'
ptd-server 2021-03-07 07:08:34,014 [INFO] Running PTDaemon: ['/home/anton/projects/mlperf/power/inference_v1.0/ptd-linux-x86', '-l', 'ptd.log', '-p', '8888', '52', '/dev/usbtmc0']
ptd-server 2021-03-07 07:08:51,182 [INFO] Sending to ptd: 'Hello'
ptd-server 2021-03-07 07:08:51,182 [INFO] Reply from ptd: 'Hello, PTDaemon here!'
ptd-server 2021-03-07 07:08:51,182 [INFO] Sending to ptd: 'Identify'
ptd-server 2021-03-07 07:08:51,183 [INFO] Reply from ptd: 'YokogawaWT330E,1000,1,1,1,1,0,0,1,version=1.9.2-e8c7a49a-20201208,OS=Linux 5.8.0-43-generic #49~20.04.1-Ubuntu SMP Fri Feb 5 09:57:56 UTC 2021 x86_64,mode=power,1,1,1,0,0,no_cal_date,YOKOGAWA;WT333E;C3VD30030E;F1.04'
ptd-server 2021-03-07 07:08:51,183 [INFO] Connected to PTDaemon
ptd-server 2021-03-07 07:08:51,183 [INFO] Sending to ptd: 'RR'
ptd-server 2021-03-07 07:08:51,183 [INFO] Reply from ptd: 'Ranges,0,0.500000,0,300.000000'
ptd-server 2021-03-07 07:08:51,183 [INFO] Initial range for Amps is 0.500000 for Volts is 300.000000
ptd-server 2021-03-07 07:08:51,183 [INFO] Sending to ptd: 'SR,V,Auto'
ptd-server 2021-03-07 07:08:51,686 [INFO] Reply from ptd: 'Range V changed'
ptd-server 2021-03-07 07:08:51,686 [INFO] Sending to ptd: 'SR,A,Auto'
ptd-server 2021-03-07 07:08:52,188 [INFO] Reply from ptd: 'Range A changed'
ptd-server 2021-03-07 07:09:02,199 [INFO] Starting ranging mode
ptd-server 2021-03-07 07:09:02,199 [INFO] Sending to ptd: 'Go,1000,0,2021-03-07_07-08-33_ranging'
ptd-server 2021-03-07 07:09:02,199 [INFO] Reply from ptd: 'Starting untimed measurement, maximum 500000 samples at 1000ms with 0 rampup samples'
ptd-server 2021-03-07 07:09:02,199 [INFO] Sending reply to client 'OK'
ptd-server 2021-03-07 07:19:27,449 [INFO] Got command from the client 'session,2021-03-07_07-08-33,stop,ranging'
ptd-server 2021-03-07 07:19:37,460 [INFO] Sending to ptd: 'Stop'
ptd-server 2021-03-07 07:19:37,460 [INFO] Reply from ptd: 'Stopping untimed measurement'
ptd-server 2021-03-07 07:19:37,983 [INFO] Sending reply to client 'OK'
ptd-server 2021-03-07 07:19:38,028 [INFO] Got command from the client 'time'
ptd-server 2021-03-07 07:19:38,028 [INFO] Sending reply to client '1615101578.028743'
ptd-server 2021-03-07 07:19:38,032 [INFO] Got command from the client 'session,2021-03-07_07-08-33,start,testing'
ptd-server 2021-03-07 07:19:38,032 [INFO] Sending to ptd: 'SR,V,249.980000'
ptd-server 2021-03-07 07:19:39,701 [INFO] Reply from ptd: 'Range V changed'
ptd-server 2021-03-07 07:19:39,701 [INFO] Sending to ptd: 'SR,A,0.056340'
ptd-server 2021-03-07 07:19:41,202 [INFO] Reply from ptd: 'Range A changed'
ptd-server 2021-03-07 07:19:51,212 [INFO] Starting testing mode
ptd-server 2021-03-07 07:19:51,213 [INFO] Sending to ptd: 'Go,1000,0,2021-03-07_07-08-33_testing'
ptd-server 2021-03-07 07:19:51,213 [INFO] Reply from ptd: 'Starting untimed measurement, maximum 500000 samples at 1000ms with 0 rampup samples'
ptd-server 2021-03-07 07:19:51,213 [INFO] Sending reply to client 'OK'
ptd-server 2021-03-07 07:30:21,159 [INFO] Got command from the client 'session,2021-03-07_07-08-33,stop,testing'
ptd-server 2021-03-07 07:30:31,169 [INFO] Sending to ptd: 'Stop'
ptd-server 2021-03-07 07:30:31,170 [INFO] Reply from ptd: 'Stopping untimed measurement'
ptd-server 2021-03-07 07:30:31,456 [INFO] Sending reply to client 'OK'
ptd-server 2021-03-07 07:30:31,464 [INFO] Got command from the client 'session,2021-03-07_07-08-33,upload,client.log'
ptd-server 2021-03-07 07:30:31,467 [INFO] Received '/home/anton/projects/mlperf/power-dev/output/2021-03-07_07-08-33client.log.tmp'
ptd-server 2021-03-07 07:30:31,467 [INFO] Removed '/home/anton/projects/mlperf/power-dev/output/2021-03-07_07-08-33client.log.tmp'
ptd-server 2021-03-07 07:30:31,467 [INFO] Sending reply to client 'OK'
ptd-server 2021-03-07 07:30:31,480 [INFO] Got command from the client 'session,2021-03-07_07-08-33,upload,client.json'
ptd-server 2021-03-07 07:30:31,482 [INFO] Received '/home/anton/projects/mlperf/power-dev/output/2021-03-07_07-08-33client.json.tmp'
ptd-server 2021-03-07 07:30:31,483 [INFO] Removed '/home/anton/projects/mlperf/power-dev/output/2021-03-07_07-08-33client.json.tmp'
ptd-server 2021-03-07 07:30:31,483 [INFO] Sending reply to client 'OK'
ptd-server 2021-03-07 07:30:31,485 [INFO] Got command from the client 'session,2021-03-07_07-08-33,done'
ptd-server 2021-03-07 07:30:31,486 [INFO] Sending to ptd: 'Stop'
ptd-server 2021-03-07 07:30:31,486 [INFO] Reply from ptd: 'Error: no measurement to stop'
ptd-server 2021-03-07 07:30:31,486 [INFO] Sending to ptd: 'SR,V,300.000000'
ptd-server 2021-03-07 07:30:32,987 [INFO] Reply from ptd: 'Range V changed'
ptd-server 2021-03-07 07:30:32,987 [INFO] Sending to ptd: 'SR,A,0.500000'
ptd-server 2021-03-07 07:30:34,489 [INFO] Reply from ptd: 'Range A changed'
ptd-server 2021-03-07 07:30:34,489 [INFO] Set initial values for Amps 0.500000 and Volts 300.000000
ptd-server 2021-03-07 07:30:34,489 [INFO] Stopping ptd...
