ptd-server 2021-03-07 09:43:59,481 [INFO] Got command from the client 'time'
ptd-server 2021-03-07 09:43:59,481 [INFO] Sending reply to client '1615110239.4815185'
ptd-server 2021-03-07 09:43:59,484 [INFO] Got command from the client 'new,,c3d7c2d9-fc7f-47f7-a52a-ef1df83e7d46'
ptd-server 2021-03-07 09:43:59,484 [INFO] Sending reply to client 'OK 2021-03-07_09-43-59,55a98830-acc1-4736-b92d-01882ce47f57'
ptd-server 2021-03-07 09:43:59,521 [INFO] Got command from the client 'time'
ptd-server 2021-03-07 09:43:59,521 [INFO] Sending reply to client '1615110239.5216248'
ptd-server 2021-03-07 09:43:59,524 [INFO] Got command from the client 'session,2021-03-07_09-43-59,start,ranging'
ptd-server 2021-03-07 09:43:59,524 [INFO] Running PTDaemon: ['/home/anton/projects/mlperf/power/inference_v1.0/ptd-linux-x86', '-l', 'ptd.log', '-p', '8888', '52', '/dev/usbtmc0']
ptd-server 2021-03-07 09:44:16,692 [INFO] Sending to ptd: 'Hello'
ptd-server 2021-03-07 09:44:16,693 [INFO] Reply from ptd: 'Hello, PTDaemon here!'
ptd-server 2021-03-07 09:44:16,693 [INFO] Sending to ptd: 'Identify'
ptd-server 2021-03-07 09:44:16,693 [INFO] Reply from ptd: 'YokogawaWT330E,1000,1,1,1,1,0,0,1,version=1.9.2-e8c7a49a-20201208,OS=Linux 5.8.0-43-generic #49~20.04.1-Ubuntu SMP Fri Feb 5 09:57:56 UTC 2021 x86_64,mode=power,1,1,1,0,0,no_cal_date,YOKOGAWA;WT333E;C3VD30030E;F1.04'
ptd-server 2021-03-07 09:44:16,693 [INFO] Connected to PTDaemon
ptd-server 2021-03-07 09:44:16,693 [INFO] Sending to ptd: 'RR'
ptd-server 2021-03-07 09:44:16,694 [INFO] Reply from ptd: 'Ranges,0,0.500000,0,300.000000'
ptd-server 2021-03-07 09:44:16,694 [INFO] Initial range for Amps is 0.500000 for Volts is 300.000000
ptd-server 2021-03-07 09:44:16,694 [INFO] Sending to ptd: 'SR,V,Auto'
ptd-server 2021-03-07 09:44:17,196 [INFO] Reply from ptd: 'Range V changed'
ptd-server 2021-03-07 09:44:17,197 [INFO] Sending to ptd: 'SR,A,Auto'
ptd-server 2021-03-07 09:44:17,699 [INFO] Reply from ptd: 'Range A changed'
ptd-server 2021-03-07 09:44:27,709 [INFO] Starting ranging mode
ptd-server 2021-03-07 09:44:27,709 [INFO] Sending to ptd: 'Go,1000,0,2021-03-07_09-43-59_ranging'
ptd-server 2021-03-07 09:44:27,710 [INFO] Reply from ptd: 'Starting untimed measurement, maximum 500000 samples at 1000ms with 0 rampup samples'
ptd-server 2021-03-07 09:44:27,710 [INFO] Sending reply to client 'OK'
ptd-server 2021-03-07 09:54:52,567 [INFO] Got command from the client 'session,2021-03-07_09-43-59,stop,ranging'
ptd-server 2021-03-07 09:55:02,577 [INFO] Sending to ptd: 'Stop'
ptd-server 2021-03-07 09:55:02,577 [INFO] Reply from ptd: 'Stopping untimed measurement'
ptd-server 2021-03-07 09:55:03,128 [INFO] Sending reply to client 'OK'
ptd-server 2021-03-07 09:55:03,169 [INFO] Got command from the client 'time'
ptd-server 2021-03-07 09:55:03,169 [INFO] Sending reply to client '1615110903.1694837'
ptd-server 2021-03-07 09:55:03,172 [INFO] Got command from the client 'session,2021-03-07_09-43-59,start,testing'
ptd-server 2021-03-07 09:55:03,173 [INFO] Sending to ptd: 'SR,V,248.440000'
ptd-server 2021-03-07 09:55:04,674 [INFO] Reply from ptd: 'Range V changed'
ptd-server 2021-03-07 09:55:04,674 [INFO] Sending to ptd: 'SR,A,0.060180'
ptd-server 2021-03-07 09:55:06,175 [INFO] Reply from ptd: 'Range A changed'
ptd-server 2021-03-07 09:55:16,185 [INFO] Starting testing mode
ptd-server 2021-03-07 09:55:16,186 [INFO] Sending to ptd: 'Go,1000,0,2021-03-07_09-43-59_testing'
ptd-server 2021-03-07 09:55:16,186 [INFO] Reply from ptd: 'Starting untimed measurement, maximum 500000 samples at 1000ms with 0 rampup samples'
ptd-server 2021-03-07 09:55:16,186 [INFO] Sending reply to client 'OK'
ptd-server 2021-03-07 10:05:45,911 [INFO] Got command from the client 'session,2021-03-07_09-43-59,stop,testing'
ptd-server 2021-03-07 10:05:55,921 [INFO] Sending to ptd: 'Stop'
ptd-server 2021-03-07 10:05:55,922 [INFO] Reply from ptd: 'Stopping untimed measurement'
ptd-server 2021-03-07 10:05:56,215 [INFO] Sending reply to client 'OK'
ptd-server 2021-03-07 10:05:56,223 [INFO] Got command from the client 'session,2021-03-07_09-43-59,upload,client.log'
ptd-server 2021-03-07 10:05:56,227 [INFO] Received '/home/anton/projects/mlperf/power-dev/output/2021-03-07_09-43-59client.log.tmp'
ptd-server 2021-03-07 10:05:56,227 [INFO] Removed '/home/anton/projects/mlperf/power-dev/output/2021-03-07_09-43-59client.log.tmp'
ptd-server 2021-03-07 10:05:56,227 [INFO] Sending reply to client 'OK'
ptd-server 2021-03-07 10:05:56,239 [INFO] Got command from the client 'session,2021-03-07_09-43-59,upload,client.json'
ptd-server 2021-03-07 10:05:56,242 [INFO] Received '/home/anton/projects/mlperf/power-dev/output/2021-03-07_09-43-59client.json.tmp'
ptd-server 2021-03-07 10:05:56,243 [INFO] Removed '/home/anton/projects/mlperf/power-dev/output/2021-03-07_09-43-59client.json.tmp'
ptd-server 2021-03-07 10:05:56,243 [INFO] Sending reply to client 'OK'
ptd-server 2021-03-07 10:05:56,245 [INFO] Got command from the client 'session,2021-03-07_09-43-59,done'
ptd-server 2021-03-07 10:05:56,245 [INFO] Sending to ptd: 'Stop'
ptd-server 2021-03-07 10:05:56,246 [INFO] Reply from ptd: 'Error: no measurement to stop'
ptd-server 2021-03-07 10:05:56,246 [INFO] Sending to ptd: 'SR,V,300.000000'
ptd-server 2021-03-07 10:05:57,747 [INFO] Reply from ptd: 'Range V changed'
ptd-server 2021-03-07 10:05:57,747 [INFO] Sending to ptd: 'SR,A,0.500000'
ptd-server 2021-03-07 10:05:59,248 [INFO] Reply from ptd: 'Range A changed'
ptd-server 2021-03-07 10:05:59,249 [INFO] Set initial values for Amps 0.500000 and Volts 300.000000
ptd-server 2021-03-07 10:05:59,249 [INFO] Stopping ptd...
