ptd-server 2021-03-08 08:47:04,394 [INFO] Got command from the client 'time'
ptd-server 2021-03-08 08:47:04,395 [INFO] Sending reply to client '1615193224.3950813'
ptd-server 2021-03-08 08:47:04,398 [INFO] Got command from the client 'new,,a22f68f2-d8e5-4508-b37d-d096ddc7b24f'
ptd-server 2021-03-08 08:47:04,398 [INFO] Sending reply to client 'OK 2021-03-08_08-47-04,8a206ec4-d6ab-423e-98aa-79c528fa397c'
ptd-server 2021-03-08 08:47:04,441 [INFO] Got command from the client 'time'
ptd-server 2021-03-08 08:47:04,441 [INFO] Sending reply to client '1615193224.441871'
ptd-server 2021-03-08 08:47:04,444 [INFO] Got command from the client 'session,2021-03-08_08-47-04,start,ranging'
ptd-server 2021-03-08 08:47:04,444 [INFO] Running PTDaemon: ['/home/anton/projects/mlperf/power/inference_v1.0/ptd-linux-x86', '-l', 'ptd.log', '-p', '8888', '52', '/dev/usbtmc0']
ptd-server 2021-03-08 08:47:21,617 [INFO] Sending to ptd: 'Hello'
ptd-server 2021-03-08 08:47:21,618 [INFO] Reply from ptd: 'Hello, PTDaemon here!'
ptd-server 2021-03-08 08:47:21,618 [INFO] Sending to ptd: 'Identify'
ptd-server 2021-03-08 08:47:21,619 [INFO] Reply from ptd: 'YokogawaWT330E,1000,1,1,1,1,0,0,1,version=1.9.2-e8c7a49a-20201208,OS=Linux 5.8.0-43-generic #49~20.04.1-Ubuntu SMP Fri Feb 5 09:57:56 UTC 2021 x86_64,mode=power,1,1,1,0,0,no_cal_date,YOKOGAWA;WT333E;C3VD30030E;F1.04'
ptd-server 2021-03-08 08:47:21,619 [INFO] Connected to PTDaemon
ptd-server 2021-03-08 08:47:21,619 [INFO] Sending to ptd: 'RR'
ptd-server 2021-03-08 08:47:21,619 [INFO] Reply from ptd: 'Ranges,0,0.500000,0,300.000000'
ptd-server 2021-03-08 08:47:21,620 [INFO] Initial range for Amps is 0.500000 for Volts is 300.000000
ptd-server 2021-03-08 08:47:21,620 [INFO] Sending to ptd: 'SR,V,Auto'
ptd-server 2021-03-08 08:47:22,122 [INFO] Reply from ptd: 'Range V changed'
ptd-server 2021-03-08 08:47:22,123 [INFO] Sending to ptd: 'SR,A,Auto'
ptd-server 2021-03-08 08:47:22,625 [INFO] Reply from ptd: 'Range A changed'
ptd-server 2021-03-08 08:47:32,635 [INFO] Starting ranging mode
ptd-server 2021-03-08 08:47:32,636 [INFO] Sending to ptd: 'Go,1000,0,2021-03-08_08-47-04_ranging'
ptd-server 2021-03-08 08:47:32,636 [INFO] Reply from ptd: 'Starting untimed measurement, maximum 500000 samples at 1000ms with 0 rampup samples'
ptd-server 2021-03-08 08:47:32,636 [INFO] Sending reply to client 'OK'
ptd-server 2021-03-08 08:57:57,421 [INFO] Got command from the client 'session,2021-03-08_08-47-04,stop,ranging'
ptd-server 2021-03-08 08:58:07,432 [INFO] Sending to ptd: 'Stop'
ptd-server 2021-03-08 08:58:07,432 [INFO] Reply from ptd: 'Stopping untimed measurement'
ptd-server 2021-03-08 08:58:08,075 [INFO] Sending reply to client 'OK'
ptd-server 2021-03-08 08:58:08,124 [INFO] Got command from the client 'time'
ptd-server 2021-03-08 08:58:08,124 [INFO] Sending reply to client '1615193888.1247838'
ptd-server 2021-03-08 08:58:08,128 [INFO] Got command from the client 'session,2021-03-08_08-47-04,start,testing'
ptd-server 2021-03-08 08:58:08,128 [INFO] Sending to ptd: 'SR,V,249.770000'
ptd-server 2021-03-08 08:58:09,629 [INFO] Reply from ptd: 'Range V changed'
ptd-server 2021-03-08 08:58:09,629 [INFO] Sending to ptd: 'SR,A,0.057360'
ptd-server 2021-03-08 08:58:11,131 [INFO] Reply from ptd: 'Range A changed'
ptd-server 2021-03-08 08:58:21,141 [INFO] Starting testing mode
ptd-server 2021-03-08 08:58:21,141 [INFO] Sending to ptd: 'Go,1000,0,2021-03-08_08-47-04_testing'
ptd-server 2021-03-08 08:58:21,142 [INFO] Reply from ptd: 'Starting untimed measurement, maximum 500000 samples at 1000ms with 0 rampup samples'
ptd-server 2021-03-08 08:58:21,142 [INFO] Sending reply to client 'OK'
ptd-server 2021-03-08 09:08:50,687 [INFO] Got command from the client 'session,2021-03-08_08-47-04,stop,testing'
ptd-server 2021-03-08 09:09:00,697 [INFO] Sending to ptd: 'Stop'
ptd-server 2021-03-08 09:09:00,698 [INFO] Reply from ptd: 'Stopping untimed measurement'
ptd-server 2021-03-08 09:09:01,037 [INFO] Sending reply to client 'OK'
ptd-server 2021-03-08 09:09:01,045 [INFO] Got command from the client 'session,2021-03-08_08-47-04,upload,client.log'
ptd-server 2021-03-08 09:09:01,049 [INFO] Received '/home/anton/projects/mlperf/power-dev/output/2021-03-08_08-47-04client.log.tmp'
ptd-server 2021-03-08 09:09:01,049 [INFO] Removed '/home/anton/projects/mlperf/power-dev/output/2021-03-08_08-47-04client.log.tmp'
ptd-server 2021-03-08 09:09:01,049 [INFO] Sending reply to client 'OK'
ptd-server 2021-03-08 09:09:01,062 [INFO] Got command from the client 'session,2021-03-08_08-47-04,upload,client.json'
ptd-server 2021-03-08 09:09:01,065 [INFO] Received '/home/anton/projects/mlperf/power-dev/output/2021-03-08_08-47-04client.json.tmp'
ptd-server 2021-03-08 09:09:01,065 [INFO] Removed '/home/anton/projects/mlperf/power-dev/output/2021-03-08_08-47-04client.json.tmp'
ptd-server 2021-03-08 09:09:01,065 [INFO] Sending reply to client 'OK'
ptd-server 2021-03-08 09:09:01,068 [INFO] Got command from the client 'session,2021-03-08_08-47-04,done'
ptd-server 2021-03-08 09:09:01,068 [INFO] Sending to ptd: 'Stop'
ptd-server 2021-03-08 09:09:01,143 [INFO] Reply from ptd: 'Error: no measurement to stop'
ptd-server 2021-03-08 09:09:01,143 [INFO] Sending to ptd: 'SR,V,300.000000'
ptd-server 2021-03-08 09:09:02,644 [INFO] Reply from ptd: 'Range V changed'
ptd-server 2021-03-08 09:09:02,644 [INFO] Sending to ptd: 'SR,A,0.500000'
ptd-server 2021-03-08 09:09:04,146 [INFO] Reply from ptd: 'Range A changed'
ptd-server 2021-03-08 09:09:04,146 [INFO] Set initial values for Amps 0.500000 and Volts 300.000000
ptd-server 2021-03-08 09:09:04,146 [INFO] Stopping ptd...
