ptd-server 2021-02-26 23:10:13,935 [INFO] Got command from the client 'time'
ptd-server 2021-02-26 23:10:13,935 [INFO] Sending reply to client '1614381013.9356902'
ptd-server 2021-02-26 23:10:13,936 [INFO] Got command from the client 'new,,70378f12-f96c-41eb-b727-50bec977b94d'
ptd-server 2021-02-26 23:10:13,937 [INFO] Sending reply to client 'OK 2021-02-26_23-10-13,8524b421-1043-4fc4-be8f-37714d055879'
ptd-server 2021-02-26 23:10:13,971 [INFO] Got command from the client 'time'
ptd-server 2021-02-26 23:10:13,971 [INFO] Sending reply to client '1614381013.9718566'
ptd-server 2021-02-26 23:10:13,972 [INFO] Got command from the client 'session,2021-02-26_23-10-13,start,ranging'
ptd-server 2021-02-26 23:10:13,973 [INFO] Running PTDaemon: ['/home/anton/projects/mlperf/power/inference_v1.0/ptd-linux-x86', '-l', 'ptd.log', '-p', '8888', '52', '/dev/usbtmc0']
ptd-server 2021-02-26 23:10:31,141 [INFO] Sending to ptd: 'Hello'
ptd-server 2021-02-26 23:10:31,141 [INFO] Reply from ptd: 'Hello, PTDaemon here!'
ptd-server 2021-02-26 23:10:31,141 [INFO] Sending to ptd: 'Identify'
ptd-server 2021-02-26 23:10:31,142 [INFO] Reply from ptd: 'YokogawaWT330E,1000,1,1,1,1,0,0,1,version=1.9.2-e8c7a49a-20201208,OS=Linux 5.8.0-43-generic #49~20.04.1-Ubuntu SMP Fri Feb 5 09:57:56 UTC 2021 x86_64,mode=power,1,1,1,0,0,no_cal_date,YOKOGAWA;WT333E;C3VD30030E;F1.04'
ptd-server 2021-02-26 23:10:31,142 [INFO] Connected to PTDaemon
ptd-server 2021-02-26 23:10:31,142 [INFO] Sending to ptd: 'RR'
ptd-server 2021-02-26 23:10:31,142 [INFO] Reply from ptd: 'Ranges,0,0.500000,0,300.000000'
ptd-server 2021-02-26 23:10:31,142 [INFO] Initial range for Amps is 0.500000 for Volts is 300.000000
ptd-server 2021-02-26 23:10:31,143 [INFO] Sending to ptd: 'SR,V,Auto'
ptd-server 2021-02-26 23:10:31,645 [INFO] Reply from ptd: 'Range V changed'
ptd-server 2021-02-26 23:10:31,645 [INFO] Sending to ptd: 'SR,A,Auto'
ptd-server 2021-02-26 23:10:32,148 [INFO] Reply from ptd: 'Range A changed'
ptd-server 2021-02-26 23:10:42,158 [INFO] Starting ranging mode
ptd-server 2021-02-26 23:10:42,158 [INFO] Sending to ptd: 'Go,1000,0,2021-02-26_23-10-13_ranging'
ptd-server 2021-02-26 23:10:42,158 [INFO] Reply from ptd: 'Starting untimed measurement, maximum 500000 samples at 1000ms with 0 rampup samples'
ptd-server 2021-02-26 23:10:42,159 [INFO] Sending reply to client 'OK'
ptd-server 2021-02-26 23:21:00,563 [INFO] Got command from the client 'session,2021-02-26_23-10-13,stop,ranging'
ptd-server 2021-02-26 23:21:10,573 [INFO] Sending to ptd: 'Stop'
ptd-server 2021-02-26 23:21:10,573 [INFO] Reply from ptd: 'Stopping untimed measurement'
ptd-server 2021-02-26 23:21:10,618 [INFO] Sending reply to client 'OK'
ptd-server 2021-02-26 23:21:10,653 [INFO] Got command from the client 'time'
ptd-server 2021-02-26 23:21:10,653 [INFO] Sending reply to client '1614381670.653308'
ptd-server 2021-02-26 23:21:10,654 [INFO] Got command from the client 'session,2021-02-26_23-10-13,start,testing'
ptd-server 2021-02-26 23:21:10,654 [INFO] Sending to ptd: 'SR,V,251.640000'
ptd-server 2021-02-26 23:21:12,659 [INFO] Reply from ptd: 'Range V changed'
ptd-server 2021-02-26 23:21:12,660 [INFO] Sending to ptd: 'SR,A,0.178110'
ptd-server 2021-02-26 23:21:14,161 [INFO] Reply from ptd: 'Range A changed'
ptd-server 2021-02-26 23:21:24,171 [INFO] Starting testing mode
ptd-server 2021-02-26 23:21:24,171 [INFO] Sending to ptd: 'Go,1000,0,2021-02-26_23-10-13_testing'
ptd-server 2021-02-26 23:21:24,172 [INFO] Reply from ptd: 'Starting untimed measurement, maximum 500000 samples at 1000ms with 0 rampup samples'
ptd-server 2021-02-26 23:21:24,172 [INFO] Sending reply to client 'OK'
ptd-server 2021-02-26 23:31:42,319 [INFO] Got command from the client 'session,2021-02-26_23-10-13,stop,testing'
ptd-server 2021-02-26 23:31:52,330 [INFO] Sending to ptd: 'Stop'
ptd-server 2021-02-26 23:31:52,330 [INFO] Reply from ptd: 'Stopping untimed measurement'
ptd-server 2021-02-26 23:31:52,352 [INFO] Sending reply to client 'OK'
ptd-server 2021-02-26 23:31:52,356 [INFO] Got command from the client 'session,2021-02-26_23-10-13,upload,client.log'
ptd-server 2021-02-26 23:31:52,357 [INFO] Received '/home/anton/projects/mlperf/power-dev/output/2021-02-26_23-10-13client.log.tmp'
ptd-server 2021-02-26 23:31:52,357 [INFO] Removed '/home/anton/projects/mlperf/power-dev/output/2021-02-26_23-10-13client.log.tmp'
ptd-server 2021-02-26 23:31:52,357 [INFO] Sending reply to client 'OK'
ptd-server 2021-02-26 23:31:52,362 [INFO] Got command from the client 'session,2021-02-26_23-10-13,upload,client.json'
ptd-server 2021-02-26 23:31:52,362 [INFO] Received '/home/anton/projects/mlperf/power-dev/output/2021-02-26_23-10-13client.json.tmp'
ptd-server 2021-02-26 23:31:52,362 [INFO] Removed '/home/anton/projects/mlperf/power-dev/output/2021-02-26_23-10-13client.json.tmp'
ptd-server 2021-02-26 23:31:52,363 [INFO] Sending reply to client 'OK'
ptd-server 2021-02-26 23:31:52,363 [INFO] Got command from the client 'session,2021-02-26_23-10-13,done'
ptd-server 2021-02-26 23:31:52,364 [INFO] Sending to ptd: 'Stop'
ptd-server 2021-02-26 23:31:53,173 [INFO] Reply from ptd: 'Error: no measurement to stop'
ptd-server 2021-02-26 23:31:53,173 [INFO] Sending to ptd: 'SR,V,300.000000'
ptd-server 2021-02-26 23:31:54,674 [INFO] Reply from ptd: 'Range V changed'
ptd-server 2021-02-26 23:31:54,674 [INFO] Sending to ptd: 'SR,A,0.500000'
ptd-server 2021-02-26 23:31:56,176 [INFO] Reply from ptd: 'Range A changed'
ptd-server 2021-02-26 23:31:56,176 [INFO] Set initial values for Amps 0.500000 and Volts 300.000000
ptd-server 2021-02-26 23:31:56,176 [INFO] Stopping ptd...
