ptd-server 2021-03-31 12:08:59,868 [INFO] Got command from the client 'time'
ptd-server 2021-03-31 12:08:59,868 [INFO] Sending reply to client '1617188939.8685522'
ptd-server 2021-03-31 12:08:59,872 [INFO] Got command from the client 'new,,4c126cd3-d3b0-45dd-b3be-6ac5dd17b614'
ptd-server 2021-03-31 12:08:59,873 [INFO] Sending reply to client 'OK 2021-03-31_12-08-59,61b2e232-0f06-4ad3-8bfb-c80fd8391f38'
ptd-server 2021-03-31 12:08:59,957 [INFO] Got command from the client 'time'
ptd-server 2021-03-31 12:08:59,958 [INFO] Sending reply to client '1617188939.9580295'
ptd-server 2021-03-31 12:08:59,963 [INFO] Got command from the client 'session,2021-03-31_12-08-59,start,ranging'
ptd-server 2021-03-31 12:08:59,963 [INFO] Running PTDaemon: ['/home/anton/projects/mlperf/power/inference_v1.0/ptd-linux-x86', '-l', 'ptd.log', '-p', '9888', '52', '/dev/usbtmc1']
ptd-server 2021-03-31 12:09:17,076 [INFO] Sending to ptd: 'Hello'
ptd-server 2021-03-31 12:09:17,077 [INFO] Reply from ptd: 'Hello, PTDaemon here!'
ptd-server 2021-03-31 12:09:17,078 [INFO] Sending to ptd: 'Identify'
ptd-server 2021-03-31 12:09:17,078 [INFO] Reply from ptd: 'YokogawaWT330E,1000,1,1,1,1,0,0,1,version=1.9.2-e8c7a49a-20201208,OS=Linux 5.8.0-48-generic #54~20.04.1-Ubuntu SMP Sat Mar 20 13:40:25 UTC 2021 x86_64,mode=power,1,1,1,0,0,no_cal_date,YOKOGAWA;WT333E;C3VD30030E;F1.04'
ptd-server 2021-03-31 12:09:17,078 [INFO] Connected to PTDaemon
ptd-server 2021-03-31 12:09:17,078 [INFO] Sending to ptd: 'RR'
ptd-server 2021-03-31 12:09:17,079 [INFO] Reply from ptd: 'Ranges,1,0.500000,1,300.000000'
ptd-server 2021-03-31 12:09:17,079 [INFO] Initial range for Amps is Auto for Volts is Auto
ptd-server 2021-03-31 12:09:17,079 [INFO] Sending to ptd: 'SR,V,Auto'
ptd-server 2021-03-31 12:09:17,582 [INFO] Reply from ptd: 'Range V changed'
ptd-server 2021-03-31 12:09:17,582 [INFO] Sending to ptd: 'SR,A,Auto'
ptd-server 2021-03-31 12:09:18,085 [INFO] Reply from ptd: 'Range A changed'
ptd-server 2021-03-31 12:09:28,096 [INFO] Starting ranging mode
ptd-server 2021-03-31 12:09:28,096 [INFO] Sending to ptd: 'Go,1000,0,2021-03-31_12-08-59_ranging'
ptd-server 2021-03-31 12:09:28,097 [INFO] Reply from ptd: 'Starting untimed measurement, maximum 500000 samples at 1000ms with 0 rampup samples'
ptd-server 2021-03-31 12:09:28,097 [INFO] Sending reply to client 'OK'
ptd-server 2021-03-31 12:21:34,954 [INFO] Got command from the client 'session,2021-03-31_12-08-59,stop,ranging'
ptd-server 2021-03-31 12:21:44,964 [INFO] Sending to ptd: 'Stop'
ptd-server 2021-03-31 12:21:44,965 [INFO] Reply from ptd: 'Stopping untimed measurement'
ptd-server 2021-03-31 12:21:45,056 [INFO] Sending reply to client 'OK'
ptd-server 2021-03-31 12:21:45,277 [INFO] Got command from the client 'time'
ptd-server 2021-03-31 12:21:45,278 [INFO] Sending reply to client '1617189705.277965'
ptd-server 2021-03-31 12:21:45,285 [INFO] Got command from the client 'session,2021-03-31_12-08-59,start,testing'
ptd-server 2021-03-31 12:21:45,286 [INFO] Sending to ptd: 'SR,V,248.740000'
ptd-server 2021-03-31 12:21:46,788 [INFO] Reply from ptd: 'Range V changed'
ptd-server 2021-03-31 12:21:46,788 [INFO] Sending to ptd: 'SR,A,0.230050'
ptd-server 2021-03-31 12:21:48,290 [INFO] Reply from ptd: 'Range A changed'
ptd-server 2021-03-31 12:21:58,300 [INFO] Starting testing mode
ptd-server 2021-03-31 12:21:58,301 [INFO] Sending to ptd: 'Go,1000,0,2021-03-31_12-08-59_testing'
ptd-server 2021-03-31 12:21:58,301 [INFO] Reply from ptd: 'Starting untimed measurement, maximum 500000 samples at 1000ms with 0 rampup samples'
ptd-server 2021-03-31 12:21:58,302 [INFO] Sending reply to client 'OK'
ptd-server 2021-03-31 12:34:12,327 [INFO] Got command from the client 'session,2021-03-31_12-08-59,stop,testing'
ptd-server 2021-03-31 12:34:22,337 [INFO] Sending to ptd: 'Stop'
ptd-server 2021-03-31 12:34:22,338 [INFO] Reply from ptd: 'Stopping untimed measurement'
ptd-server 2021-03-31 12:34:22,389 [INFO] Sending reply to client 'OK'
ptd-server 2021-03-31 12:34:22,415 [INFO] Got command from the client 'session,2021-03-31_12-08-59,upload,client.log'
ptd-server 2021-03-31 12:34:22,421 [INFO] Received '/home/anton/projects/mlperf/power-dev/output/2021-03-31_12-08-59client.log.tmp'
ptd-server 2021-03-31 12:34:22,421 [INFO] Removed '/home/anton/projects/mlperf/power-dev/output/2021-03-31_12-08-59client.log.tmp'
ptd-server 2021-03-31 12:34:22,421 [INFO] Sending reply to client 'OK'
ptd-server 2021-03-31 12:34:22,433 [INFO] Got command from the client 'session,2021-03-31_12-08-59,upload,client.json'
ptd-server 2021-03-31 12:34:22,437 [INFO] Received '/home/anton/projects/mlperf/power-dev/output/2021-03-31_12-08-59client.json.tmp'
ptd-server 2021-03-31 12:34:22,437 [INFO] Removed '/home/anton/projects/mlperf/power-dev/output/2021-03-31_12-08-59client.json.tmp'
ptd-server 2021-03-31 12:34:22,437 [INFO] Sending reply to client 'OK'
ptd-server 2021-03-31 12:34:22,441 [INFO] Got command from the client 'session,2021-03-31_12-08-59,done'
ptd-server 2021-03-31 12:34:22,442 [INFO] Sending to ptd: 'Stop'
ptd-server 2021-03-31 12:34:23,302 [INFO] Reply from ptd: 'Error: no measurement to stop'
ptd-server 2021-03-31 12:34:23,302 [INFO] Sending to ptd: 'SR,V,Auto'
ptd-server 2021-03-31 12:34:23,805 [INFO] Reply from ptd: 'Range V changed'
ptd-server 2021-03-31 12:34:23,806 [INFO] Sending to ptd: 'SR,A,Auto'
ptd-server 2021-03-31 12:34:24,309 [INFO] Reply from ptd: 'Range A changed'
ptd-server 2021-03-31 12:34:24,309 [INFO] Set initial values for Amps Auto and Volts Auto
ptd-server 2021-03-31 12:34:24,309 [INFO] Stopping ptd...
