client 2021-02-27 20:43:48,903 [INFO] Sending command to the server: 'mlcommons/power client v3'
client 2021-02-27 20:43:48,904 [INFO] Got response: 'mlcommons/power server v3'
client 2021-02-27 20:43:48,904 [INFO] Synchronizing with the server and with time.google.com...
client 2021-02-27 20:43:48,938 [INFO] NTP:offset = 0.006 s, delay = 0.027 s 
client 2021-02-27 20:43:48,938 [INFO] Sending command to the server: 'time'
client 2021-02-27 20:43:48,939 [INFO] Got response: '1614458628.9398265'
client 2021-02-27 20:43:48,939 [INFO] The time difference between the client and the server is within range -1.183 ms..0.019 ms
client 2021-02-27 20:43:48,940 [INFO] Sending command to the server: 'new,,d6dcd995-bb40-4a09-b6aa-f4be1367e385'
client 2021-02-27 20:43:48,941 [INFO] Got response: 'OK 2021-02-27_20-43-48,83a14e07-5c20-4ca0-970e-b5ac2981d10e'
client 2021-02-27 20:43:48,941 [INFO] Session id is '2021-02-27_20-43-48'
client 2021-02-27 20:43:48,941 [INFO] Sources: {"sources": {"client.py": "d1e75cb4b26101220ebd242e584cf3ca5d8f1996", "lib/__init__.py": "da39a3ee5e6b4b0d3255bfef95601890afd80709", "lib/client.py": "d42bebf5b74cb6ff3997e2a6c68422afac111a28", "lib/common.py": "b0bad80d8fa328a7636027d4d66ff453f8dd7889", "lib/external/ntplib.py": "4da8f970656505a40483206ef2b5d3dd5e81711d", "lib/server.py": "2ed36471c7af565d6c8438b2134edad1d7ddf166", "lib/source_hashes.py": "4cedff274c661cb1504052018fd4f00dfbf624ef", "lib/summary.py": "0db15d783907aa92038281af4e465545c0648ddb", "lib/time_sync.py": "76051226ec89287839723352f4162aaa24e0546a", "server.py": "99e1310e3f76292aef1b8792ce6b8c82f1d44d8b", "tests/unit/test_server.py": "64f11775bfed35232a0e8bb9593c0ff992432c59", "tests/unit/test_source_hashes.py": "cb41a7261eaf7d94ba5c0aae9c523174f6204be3"}, "modules": {"__main__": "client.py", "lib.client": "lib/client.py", "lib.common": "lib/common.py", "lib.external.ntplib": "lib/external/ntplib.py", "lib.source_hashes": "lib/source_hashes.py", "lib.summary": "lib/summary.py", "lib.time_sync": "lib/time_sync.py"}}
client 2021-02-27 20:43:48,942 [INFO] Running workload in ranging mode
client 2021-02-27 20:43:48,942 [INFO] Synchronizing with the server and with time.google.com...
client 2021-02-27 20:43:48,978 [INFO] NTP:offset = 0.002 s, delay = 0.033 s 
client 2021-02-27 20:43:48,978 [INFO] Sending command to the server: 'time'
client 2021-02-27 20:43:48,979 [INFO] Got response: '1614458628.9796958'
client 2021-02-27 20:43:48,979 [INFO] The time difference between the client and the server is within range -1.158 ms..-0.001 ms
client 2021-02-27 20:43:48,979 [INFO] Sending command to the server: 'session,2021-02-27_20-43-48,start,ranging'
client 2021-02-27 20:44:17,166 [INFO] Got response: 'OK'
client 2021-02-27 20:44:17,167 [INFO] Running the workload 'ck benchmark program:image-classification-tflite-loadgen --env.CK_SILENT_MODE=YES --skip_print_timers --dep_add_tags.compiler=gcc,v7 --dep_add_tags.python=v3 --dep_add_tags.mlperf-inference-src=r1.0 --dep_add_tags.weights=mobilenet,v3-large-minimalistic_224_1.0_uint8 --dep_add_tags.images=crop.875,preprocessed,using-opencv --dep_add_tags.library=tflite,v2.4.1,with.ruy --env.CK_LOADGEN_DATASET_SIZE=1024 --env.CK_LOADGEN_SCENARIO=SingleStream --env.CK_LOADGEN_MODE=PerformanceOnly --env.CK_LOADGEN_TARGET_LATENCY=6 --skip_stat_analysis --process_multi_keys --repetitions=1 --record --record_repo=local --record_uoa=mlperf-open-xavier-tflite-v2.4.1-ruy-mobilenet-v3-large-minimalistic_224_1.0_uint8-singlestream-performance-target_latency.6-power.workload --tags=mlperf,division.open,task.image-classification,platform.xavier,scenario.singlestream,mode.performance,workload.mobilenet-v3-large-minimalistic_224_1.0_uint8,preprocessed_using.opencv,inference_engine.tflite,inference_engine_version.v2.4.1,inference_engine_backend.ruy,target_latency.6,power.workload "@@@{\'meta\': {\'ck_benchmark_program\': \'ck benchmark program:image-classification-tflite-loadgen --env.CK_SILENT_MODE=YES --skip_print_timers --dep_add_tags.compiler=gcc,v7 --dep_add_tags.python=v3 --dep_add_tags.mlperf-inference-src=r1.0 --dep_add_tags.weights=mobilenet,v3-large-minimalistic_224_1.0_uint8 --dep_add_tags.images=crop.875,preprocessed,using-opencv --dep_add_tags.library=tflite,v2.4.1,with.ruy --env.CK_LOADGEN_DATASET_SIZE=1024 --env.CK_LOADGEN_SCENARIO=SingleStream --env.CK_LOADGEN_MODE=PerformanceOnly --env.CK_LOADGEN_TARGET_LATENCY=6 --skip_stat_analysis --process_multi_keys --repetitions=1 --record --record_repo=local --record_uoa=mlperf-open-xavier-tflite-v2.4.1-ruy-mobilenet-v3-large-minimalistic_224_1.0_uint8-singlestream-performance-target_latency.6-power.workload --tags=mlperf,division.open,task.image-classification,platform.xavier,scenario.singlestream,mode.performance,workload.mobilenet-v3-large-minimalistic_224_1.0_uint8,preprocessed_using.opencv,inference_engine.tflite,inference_engine_version.v2.4.1,inference_engine_backend.ruy,target_latency.6,power.workload\'}}" && cat `ck find program:image-classification-tflite-loadgen`/tmp/mlperf_log_summary.txt && mkdir -p "$CK_MLPERF_POWER_CLIENT_LOADGEN_LOGS" && cp "$CK_MLPERF_POWER_CLIENT_LOADGEN_LOGS"/../mlperf_log_* "$CK_MLPERF_POWER_CLIENT_LOADGEN_LOGS"/'
client 2021-02-27 20:54:35,588 [INFO] Sending command to the server: 'session,2021-02-27_20-43-48,stop,ranging'
client 2021-02-27 20:54:45,730 [INFO] Got response: 'OK'
client 2021-02-27 20:54:45,738 [INFO] Running workload in testing mode
client 2021-02-27 20:54:45,738 [INFO] Synchronizing with the server and with time.google.com...
client 2021-02-27 20:54:45,777 [INFO] NTP:offset = 0.008 s, delay = 0.035 s 
client 2021-02-27 20:54:45,777 [INFO] Sending command to the server: 'time'
client 2021-02-27 20:54:45,778 [INFO] Got response: '1614459285.778518'
client 2021-02-27 20:54:45,778 [INFO] The time difference between the client and the server is within range -1.248 ms..0.031 ms
client 2021-02-27 20:54:45,778 [INFO] Sending command to the server: 'session,2021-02-27_20-43-48,start,testing'
client 2021-02-27 20:54:59,180 [INFO] Got response: 'OK'
client 2021-02-27 20:54:59,180 [INFO] Running the workload 'ck benchmark program:image-classification-tflite-loadgen --env.CK_SILENT_MODE=YES --skip_print_timers --dep_add_tags.compiler=gcc,v7 --dep_add_tags.python=v3 --dep_add_tags.mlperf-inference-src=r1.0 --dep_add_tags.weights=mobilenet,v3-large-minimalistic_224_1.0_uint8 --dep_add_tags.images=crop.875,preprocessed,using-opencv --dep_add_tags.library=tflite,v2.4.1,with.ruy --env.CK_LOADGEN_DATASET_SIZE=1024 --env.CK_LOADGEN_SCENARIO=SingleStream --env.CK_LOADGEN_MODE=PerformanceOnly --env.CK_LOADGEN_TARGET_LATENCY=6 --skip_stat_analysis --process_multi_keys --repetitions=1 --record --record_repo=local --record_uoa=mlperf-open-xavier-tflite-v2.4.1-ruy-mobilenet-v3-large-minimalistic_224_1.0_uint8-singlestream-performance-target_latency.6-power.workload --tags=mlperf,division.open,task.image-classification,platform.xavier,scenario.singlestream,mode.performance,workload.mobilenet-v3-large-minimalistic_224_1.0_uint8,preprocessed_using.opencv,inference_engine.tflite,inference_engine_version.v2.4.1,inference_engine_backend.ruy,target_latency.6,power.workload "@@@{\'meta\': {\'ck_benchmark_program\': \'ck benchmark program:image-classification-tflite-loadgen --env.CK_SILENT_MODE=YES --skip_print_timers --dep_add_tags.compiler=gcc,v7 --dep_add_tags.python=v3 --dep_add_tags.mlperf-inference-src=r1.0 --dep_add_tags.weights=mobilenet,v3-large-minimalistic_224_1.0_uint8 --dep_add_tags.images=crop.875,preprocessed,using-opencv --dep_add_tags.library=tflite,v2.4.1,with.ruy --env.CK_LOADGEN_DATASET_SIZE=1024 --env.CK_LOADGEN_SCENARIO=SingleStream --env.CK_LOADGEN_MODE=PerformanceOnly --env.CK_LOADGEN_TARGET_LATENCY=6 --skip_stat_analysis --process_multi_keys --repetitions=1 --record --record_repo=local --record_uoa=mlperf-open-xavier-tflite-v2.4.1-ruy-mobilenet-v3-large-minimalistic_224_1.0_uint8-singlestream-performance-target_latency.6-power.workload --tags=mlperf,division.open,task.image-classification,platform.xavier,scenario.singlestream,mode.performance,workload.mobilenet-v3-large-minimalistic_224_1.0_uint8,preprocessed_using.opencv,inference_engine.tflite,inference_engine_version.v2.4.1,inference_engine_backend.ruy,target_latency.6,power.workload\'}}" && cat `ck find program:image-classification-tflite-loadgen`/tmp/mlperf_log_summary.txt && mkdir -p "$CK_MLPERF_POWER_CLIENT_LOADGEN_LOGS" && cp "$CK_MLPERF_POWER_CLIENT_LOADGEN_LOGS"/../mlperf_log_* "$CK_MLPERF_POWER_CLIENT_LOADGEN_LOGS"/'
client 2021-02-27 21:05:17,541 [INFO] Sending command to the server: 'session,2021-02-27_20-43-48,stop,testing'
client 2021-02-27 21:05:27,622 [INFO] Got response: 'OK'
client 2021-02-27 21:05:27,781 [INFO] Done runs
