ptd-server 2021-02-27 22:11:03,152 [INFO] Got command from the client 'time'
ptd-server 2021-02-27 22:11:03,153 [INFO] Sending reply to client '1614463863.1530035'
ptd-server 2021-02-27 22:11:03,154 [INFO] Got command from the client 'new,,7c9ae8a2-58ff-4150-a1a1-5de821704af5'
ptd-server 2021-02-27 22:11:03,154 [INFO] Sending reply to client 'OK 2021-02-27_22-11-03,db34bc44-c6b0-461d-89ed-2b2efff63527'
ptd-server 2021-02-27 22:11:03,191 [INFO] Got command from the client 'time'
ptd-server 2021-02-27 22:11:03,191 [INFO] Sending reply to client '1614463863.19185'
ptd-server 2021-02-27 22:11:03,192 [INFO] Got command from the client 'session,2021-02-27_22-11-03,start,ranging'
ptd-server 2021-02-27 22:11:03,193 [INFO] Running PTDaemon: ['/home/anton/projects/mlperf/power/inference_v1.0/ptd-linux-x86', '-l', 'ptd.log', '-p', '8888', '52', '/dev/usbtmc0']
ptd-server 2021-02-27 22:11:20,361 [INFO] Sending to ptd: 'Hello'
ptd-server 2021-02-27 22:11:20,361 [INFO] Reply from ptd: 'Hello, PTDaemon here!'
ptd-server 2021-02-27 22:11:20,361 [INFO] Sending to ptd: 'Identify'
ptd-server 2021-02-27 22:11:20,362 [INFO] Reply from ptd: 'YokogawaWT330E,1000,1,1,1,1,0,0,1,version=1.9.2-e8c7a49a-20201208,OS=Linux 5.8.0-43-generic #49~20.04.1-Ubuntu SMP Fri Feb 5 09:57:56 UTC 2021 x86_64,mode=power,1,1,1,0,0,no_cal_date,YOKOGAWA;WT333E;C3VD30030E;F1.04'
ptd-server 2021-02-27 22:11:20,362 [INFO] Connected to PTDaemon
ptd-server 2021-02-27 22:11:20,362 [INFO] Sending to ptd: 'RR'
ptd-server 2021-02-27 22:11:20,362 [INFO] Reply from ptd: 'Ranges,0,0.500000,0,300.000000'
ptd-server 2021-02-27 22:11:20,362 [INFO] Initial range for Amps is 0.500000 for Volts is 300.000000
ptd-server 2021-02-27 22:11:20,362 [INFO] Sending to ptd: 'SR,V,Auto'
ptd-server 2021-02-27 22:11:20,865 [INFO] Reply from ptd: 'Range V changed'
ptd-server 2021-02-27 22:11:20,865 [INFO] Sending to ptd: 'SR,A,Auto'
ptd-server 2021-02-27 22:11:21,367 [INFO] Reply from ptd: 'Range A changed'
ptd-server 2021-02-27 22:11:31,378 [INFO] Starting ranging mode
ptd-server 2021-02-27 22:11:31,378 [INFO] Sending to ptd: 'Go,1000,0,2021-02-27_22-11-03_ranging'
ptd-server 2021-02-27 22:11:31,378 [INFO] Reply from ptd: 'Starting untimed measurement, maximum 500000 samples at 1000ms with 0 rampup samples'
ptd-server 2021-02-27 22:11:31,378 [INFO] Sending reply to client 'OK'
ptd-server 2021-02-27 22:21:49,915 [INFO] Got command from the client 'session,2021-02-27_22-11-03,stop,ranging'
ptd-server 2021-02-27 22:21:59,925 [INFO] Sending to ptd: 'Stop'
ptd-server 2021-02-27 22:21:59,926 [INFO] Reply from ptd: 'Stopping untimed measurement'
ptd-server 2021-02-27 22:22:00,061 [INFO] Sending reply to client 'OK'
ptd-server 2021-02-27 22:22:00,107 [INFO] Got command from the client 'time'
ptd-server 2021-02-27 22:22:00,108 [INFO] Sending reply to client '1614464520.1081247'
ptd-server 2021-02-27 22:22:00,109 [INFO] Got command from the client 'session,2021-02-27_22-11-03,start,testing'
ptd-server 2021-02-27 22:22:00,109 [INFO] Sending to ptd: 'SR,V,248.970000'
ptd-server 2021-02-27 22:22:01,879 [INFO] Reply from ptd: 'Range V changed'
ptd-server 2021-02-27 22:22:01,879 [INFO] Sending to ptd: 'SR,A,0.177120'
ptd-server 2021-02-27 22:22:03,381 [INFO] Reply from ptd: 'Range A changed'
ptd-server 2021-02-27 22:22:13,391 [INFO] Starting testing mode
ptd-server 2021-02-27 22:22:13,391 [INFO] Sending to ptd: 'Go,1000,0,2021-02-27_22-11-03_testing'
ptd-server 2021-02-27 22:22:13,391 [INFO] Reply from ptd: 'Starting untimed measurement, maximum 500000 samples at 1000ms with 0 rampup samples'
ptd-server 2021-02-27 22:22:13,392 [INFO] Sending reply to client 'OK'
ptd-server 2021-02-27 22:32:31,975 [INFO] Got command from the client 'session,2021-02-27_22-11-03,stop,testing'
ptd-server 2021-02-27 22:32:41,985 [INFO] Sending to ptd: 'Stop'
ptd-server 2021-02-27 22:32:41,986 [INFO] Reply from ptd: 'Stopping untimed measurement'
ptd-server 2021-02-27 22:32:42,060 [INFO] Sending reply to client 'OK'
ptd-server 2021-02-27 22:32:42,064 [INFO] Got command from the client 'session,2021-02-27_22-11-03,upload,client.log'
ptd-server 2021-02-27 22:32:42,065 [INFO] Received '/home/anton/projects/mlperf/power-dev/output/2021-02-27_22-11-03client.log.tmp'
ptd-server 2021-02-27 22:32:42,065 [INFO] Removed '/home/anton/projects/mlperf/power-dev/output/2021-02-27_22-11-03client.log.tmp'
ptd-server 2021-02-27 22:32:42,065 [INFO] Sending reply to client 'OK'
ptd-server 2021-02-27 22:32:42,070 [INFO] Got command from the client 'session,2021-02-27_22-11-03,upload,client.json'
ptd-server 2021-02-27 22:32:42,070 [INFO] Received '/home/anton/projects/mlperf/power-dev/output/2021-02-27_22-11-03client.json.tmp'
ptd-server 2021-02-27 22:32:42,070 [INFO] Removed '/home/anton/projects/mlperf/power-dev/output/2021-02-27_22-11-03client.json.tmp'
ptd-server 2021-02-27 22:32:42,070 [INFO] Sending reply to client 'OK'
ptd-server 2021-02-27 22:32:42,072 [INFO] Got command from the client 'session,2021-02-27_22-11-03,done'
ptd-server 2021-02-27 22:32:42,072 [INFO] Sending to ptd: 'Stop'
ptd-server 2021-02-27 22:32:42,392 [INFO] Reply from ptd: 'Error: no measurement to stop'
ptd-server 2021-02-27 22:32:42,392 [INFO] Sending to ptd: 'SR,V,300.000000'
ptd-server 2021-02-27 22:32:43,893 [INFO] Reply from ptd: 'Range V changed'
ptd-server 2021-02-27 22:32:43,894 [INFO] Sending to ptd: 'SR,A,0.500000'
ptd-server 2021-02-27 22:32:45,395 [INFO] Reply from ptd: 'Range A changed'
ptd-server 2021-02-27 22:32:45,395 [INFO] Set initial values for Amps 0.500000 and Volts 300.000000
ptd-server 2021-02-27 22:32:45,395 [INFO] Stopping ptd...
