ptd-server 2021-02-28 13:56:48,969 [INFO] Got command from the client 'time'
ptd-server 2021-02-28 13:56:48,970 [INFO] Sending reply to client '1614520608.970034'
ptd-server 2021-02-28 13:56:48,971 [INFO] Got command from the client 'new,,53490a63-3686-4714-a078-f38a5dde58e8'
ptd-server 2021-02-28 13:56:48,971 [INFO] Sending reply to client 'OK 2021-02-28_13-56-48,5e4d44b1-db46-4de9-858c-db01df4ed070'
ptd-server 2021-02-28 13:56:49,009 [INFO] Got command from the client 'time'
ptd-server 2021-02-28 13:56:49,009 [INFO] Sending reply to client '1614520609.0098534'
ptd-server 2021-02-28 13:56:49,010 [INFO] Got command from the client 'session,2021-02-28_13-56-48,start,ranging'
ptd-server 2021-02-28 13:56:49,011 [INFO] Running PTDaemon: ['/home/anton/projects/mlperf/power/inference_v1.0/ptd-linux-x86', '-l', 'ptd.log', '-p', '8888', '52', '/dev/usbtmc0']
ptd-server 2021-02-28 13:57:06,180 [INFO] Sending to ptd: 'Hello'
ptd-server 2021-02-28 13:57:06,180 [INFO] Reply from ptd: 'Hello, PTDaemon here!'
ptd-server 2021-02-28 13:57:06,180 [INFO] Sending to ptd: 'Identify'
ptd-server 2021-02-28 13:57:06,181 [INFO] Reply from ptd: 'YokogawaWT330E,1000,1,1,1,1,0,0,1,version=1.9.2-e8c7a49a-20201208,OS=Linux 5.8.0-43-generic #49~20.04.1-Ubuntu SMP Fri Feb 5 09:57:56 UTC 2021 x86_64,mode=power,1,1,1,0,0,no_cal_date,YOKOGAWA;WT333E;C3VD30030E;F1.04'
ptd-server 2021-02-28 13:57:06,181 [INFO] Connected to PTDaemon
ptd-server 2021-02-28 13:57:06,181 [INFO] Sending to ptd: 'RR'
ptd-server 2021-02-28 13:57:06,181 [INFO] Reply from ptd: 'Ranges,0,0.500000,0,300.000000'
ptd-server 2021-02-28 13:57:06,181 [INFO] Initial range for Amps is 0.500000 for Volts is 300.000000
ptd-server 2021-02-28 13:57:06,181 [INFO] Sending to ptd: 'SR,V,Auto'
ptd-server 2021-02-28 13:57:06,684 [INFO] Reply from ptd: 'Range V changed'
ptd-server 2021-02-28 13:57:06,684 [INFO] Sending to ptd: 'SR,A,Auto'
ptd-server 2021-02-28 13:57:07,186 [INFO] Reply from ptd: 'Range A changed'
ptd-server 2021-02-28 13:57:17,197 [INFO] Starting ranging mode
ptd-server 2021-02-28 13:57:17,197 [INFO] Sending to ptd: 'Go,1000,0,2021-02-28_13-56-48_ranging'
ptd-server 2021-02-28 13:57:17,197 [INFO] Reply from ptd: 'Starting untimed measurement, maximum 500000 samples at 1000ms with 0 rampup samples'
ptd-server 2021-02-28 13:57:17,197 [INFO] Sending reply to client 'OK'
ptd-server 2021-02-28 14:07:35,727 [INFO] Got command from the client 'session,2021-02-28_13-56-48,stop,ranging'
ptd-server 2021-02-28 14:07:45,738 [INFO] Sending to ptd: 'Stop'
ptd-server 2021-02-28 14:07:45,738 [INFO] Reply from ptd: 'Stopping untimed measurement'
ptd-server 2021-02-28 14:07:45,955 [INFO] Sending reply to client 'OK'
ptd-server 2021-02-28 14:07:45,997 [INFO] Got command from the client 'time'
ptd-server 2021-02-28 14:07:45,997 [INFO] Sending reply to client '1614521265.997605'
ptd-server 2021-02-28 14:07:45,998 [INFO] Got command from the client 'session,2021-02-28_13-56-48,start,testing'
ptd-server 2021-02-28 14:07:45,998 [INFO] Sending to ptd: 'SR,V,251.300000'
ptd-server 2021-02-28 14:07:47,698 [INFO] Reply from ptd: 'Range V changed'
ptd-server 2021-02-28 14:07:47,699 [INFO] Sending to ptd: 'SR,A,0.172810'
ptd-server 2021-02-28 14:07:49,200 [INFO] Reply from ptd: 'Range A changed'
ptd-server 2021-02-28 14:07:59,210 [INFO] Starting testing mode
ptd-server 2021-02-28 14:07:59,210 [INFO] Sending to ptd: 'Go,1000,0,2021-02-28_13-56-48_testing'
ptd-server 2021-02-28 14:07:59,211 [INFO] Reply from ptd: 'Starting untimed measurement, maximum 500000 samples at 1000ms with 0 rampup samples'
ptd-server 2021-02-28 14:07:59,211 [INFO] Sending reply to client 'OK'
ptd-server 2021-02-28 14:18:17,508 [INFO] Got command from the client 'session,2021-02-28_13-56-48,stop,testing'
ptd-server 2021-02-28 14:18:27,518 [INFO] Sending to ptd: 'Stop'
ptd-server 2021-02-28 14:18:27,519 [INFO] Reply from ptd: 'Stopping untimed measurement'
ptd-server 2021-02-28 14:18:27,647 [INFO] Sending reply to client 'OK'
ptd-server 2021-02-28 14:18:27,651 [INFO] Got command from the client 'session,2021-02-28_13-56-48,upload,client.log'
ptd-server 2021-02-28 14:18:27,651 [INFO] Received '/home/anton/projects/mlperf/power-dev/output/2021-02-28_13-56-48client.log.tmp'
ptd-server 2021-02-28 14:18:27,652 [INFO] Removed '/home/anton/projects/mlperf/power-dev/output/2021-02-28_13-56-48client.log.tmp'
ptd-server 2021-02-28 14:18:27,652 [INFO] Sending reply to client 'OK'
ptd-server 2021-02-28 14:18:27,656 [INFO] Got command from the client 'session,2021-02-28_13-56-48,upload,client.json'
ptd-server 2021-02-28 14:18:27,656 [INFO] Received '/home/anton/projects/mlperf/power-dev/output/2021-02-28_13-56-48client.json.tmp'
ptd-server 2021-02-28 14:18:27,656 [INFO] Removed '/home/anton/projects/mlperf/power-dev/output/2021-02-28_13-56-48client.json.tmp'
ptd-server 2021-02-28 14:18:27,657 [INFO] Sending reply to client 'OK'
ptd-server 2021-02-28 14:18:27,657 [INFO] Got command from the client 'session,2021-02-28_13-56-48,done'
ptd-server 2021-02-28 14:18:27,658 [INFO] Sending to ptd: 'Stop'
ptd-server 2021-02-28 14:18:28,211 [INFO] Reply from ptd: 'Error: no measurement to stop'
ptd-server 2021-02-28 14:18:28,211 [INFO] Sending to ptd: 'SR,V,300.000000'
ptd-server 2021-02-28 14:18:29,713 [INFO] Reply from ptd: 'Range V changed'
ptd-server 2021-02-28 14:18:29,713 [INFO] Sending to ptd: 'SR,A,0.500000'
ptd-server 2021-02-28 14:18:31,215 [INFO] Reply from ptd: 'Range A changed'
ptd-server 2021-02-28 14:18:31,215 [INFO] Set initial values for Amps 0.500000 and Volts 300.000000
ptd-server 2021-02-28 14:18:31,215 [INFO] Stopping ptd...
