ptd-server 2021-03-09 19:39:41,923 [INFO] Got command from the client 'time'
ptd-server 2021-03-09 19:39:41,923 [INFO] Sending reply to client '1615318781.923375'
ptd-server 2021-03-09 19:39:41,925 [INFO] Got command from the client 'new,,0df1f5b7-1ba3-42bc-a14e-89e4dd617e32'
ptd-server 2021-03-09 19:39:41,925 [INFO] Sending reply to client 'OK 2021-03-09_19-39-41,6798763d-e3f8-4140-8915-dd3271b2399d'
ptd-server 2021-03-09 19:39:41,962 [INFO] Got command from the client 'time'
ptd-server 2021-03-09 19:39:41,963 [INFO] Sending reply to client '1615318781.9631193'
ptd-server 2021-03-09 19:39:41,965 [INFO] Got command from the client 'session,2021-03-09_19-39-41,start,ranging'
ptd-server 2021-03-09 19:39:41,965 [INFO] Running PTDaemon: ['/home/anton/projects/mlperf/power/inference_v1.0/ptd-linux-x86', '-l', 'ptd.log', '-p', '8888', '52', '/dev/usbtmc0']
ptd-server 2021-03-09 19:39:59,137 [INFO] Sending to ptd: 'Hello'
ptd-server 2021-03-09 19:39:59,138 [INFO] Reply from ptd: 'Hello, PTDaemon here!'
ptd-server 2021-03-09 19:39:59,138 [INFO] Sending to ptd: 'Identify'
ptd-server 2021-03-09 19:39:59,139 [INFO] Reply from ptd: 'YokogawaWT330E,1000,1,1,1,1,0,0,1,version=1.9.2-e8c7a49a-20201208,OS=Linux 5.8.0-43-generic #49~20.04.1-Ubuntu SMP Fri Feb 5 09:57:56 UTC 2021 x86_64,mode=power,1,1,1,0,0,no_cal_date,YOKOGAWA;WT333E;C3VD30030E;F1.04'
ptd-server 2021-03-09 19:39:59,139 [INFO] Connected to PTDaemon
ptd-server 2021-03-09 19:39:59,139 [INFO] Sending to ptd: 'RR'
ptd-server 2021-03-09 19:39:59,139 [INFO] Reply from ptd: 'Ranges,0,0.500000,0,300.000000'
ptd-server 2021-03-09 19:39:59,140 [INFO] Initial range for Amps is 0.500000 for Volts is 300.000000
ptd-server 2021-03-09 19:39:59,140 [INFO] Sending to ptd: 'SR,V,Auto'
ptd-server 2021-03-09 19:39:59,646 [INFO] Reply from ptd: 'Range V changed'
ptd-server 2021-03-09 19:39:59,646 [INFO] Sending to ptd: 'SR,A,Auto'
ptd-server 2021-03-09 19:40:00,149 [INFO] Reply from ptd: 'Range A changed'
ptd-server 2021-03-09 19:40:10,159 [INFO] Starting ranging mode
ptd-server 2021-03-09 19:40:10,159 [INFO] Sending to ptd: 'Go,1000,0,2021-03-09_19-39-41_ranging'
ptd-server 2021-03-09 19:40:10,159 [INFO] Reply from ptd: 'Starting untimed measurement, maximum 500000 samples at 1000ms with 0 rampup samples'
ptd-server 2021-03-09 19:40:10,160 [INFO] Sending reply to client 'OK'
ptd-server 2021-03-09 19:50:25,714 [INFO] Got command from the client 'session,2021-03-09_19-39-41,stop,ranging'
ptd-server 2021-03-09 19:50:35,724 [INFO] Sending to ptd: 'Stop'
ptd-server 2021-03-09 19:50:35,724 [INFO] Reply from ptd: 'Stopping untimed measurement'
ptd-server 2021-03-09 19:50:36,493 [INFO] Sending reply to client 'OK'
ptd-server 2021-03-09 19:50:36,551 [INFO] Got command from the client 'time'
ptd-server 2021-03-09 19:50:36,551 [INFO] Sending reply to client '1615319436.5518346'
ptd-server 2021-03-09 19:50:36,554 [INFO] Got command from the client 'session,2021-03-09_19-39-41,start,testing'
ptd-server 2021-03-09 19:50:36,554 [INFO] Sending to ptd: 'SR,V,249.850000'
ptd-server 2021-03-09 19:50:38,055 [INFO] Reply from ptd: 'Range V changed'
ptd-server 2021-03-09 19:50:38,056 [INFO] Sending to ptd: 'SR,A,0.132410'
ptd-server 2021-03-09 19:50:39,557 [INFO] Reply from ptd: 'Range A changed'
ptd-server 2021-03-09 19:50:49,567 [INFO] Starting testing mode
ptd-server 2021-03-09 19:50:49,568 [INFO] Sending to ptd: 'Go,1000,0,2021-03-09_19-39-41_testing'
ptd-server 2021-03-09 19:50:49,568 [INFO] Reply from ptd: 'Starting untimed measurement, maximum 500000 samples at 1000ms with 0 rampup samples'
ptd-server 2021-03-09 19:50:49,568 [INFO] Sending reply to client 'OK'
ptd-server 2021-03-09 20:01:05,063 [INFO] Got command from the client 'session,2021-03-09_19-39-41,stop,testing'
ptd-server 2021-03-09 20:01:15,073 [INFO] Sending to ptd: 'Stop'
ptd-server 2021-03-09 20:01:15,074 [INFO] Reply from ptd: 'Stopping untimed measurement'
ptd-server 2021-03-09 20:01:15,474 [INFO] Sending reply to client 'OK'
ptd-server 2021-03-09 20:01:15,479 [INFO] Got command from the client 'session,2021-03-09_19-39-41,upload,client.log'
ptd-server 2021-03-09 20:01:15,480 [INFO] Received '/home/anton/projects/mlperf/power-dev/output/2021-03-09_19-39-41client.log.tmp'
ptd-server 2021-03-09 20:01:15,480 [INFO] Removed '/home/anton/projects/mlperf/power-dev/output/2021-03-09_19-39-41client.log.tmp'
ptd-server 2021-03-09 20:01:15,480 [INFO] Sending reply to client 'OK'
ptd-server 2021-03-09 20:01:15,486 [INFO] Got command from the client 'session,2021-03-09_19-39-41,upload,client.json'
ptd-server 2021-03-09 20:01:15,486 [INFO] Received '/home/anton/projects/mlperf/power-dev/output/2021-03-09_19-39-41client.json.tmp'
ptd-server 2021-03-09 20:01:15,486 [INFO] Removed '/home/anton/projects/mlperf/power-dev/output/2021-03-09_19-39-41client.json.tmp'
ptd-server 2021-03-09 20:01:15,486 [INFO] Sending reply to client 'OK'
ptd-server 2021-03-09 20:01:15,487 [INFO] Got command from the client 'session,2021-03-09_19-39-41,done'
ptd-server 2021-03-09 20:01:15,488 [INFO] Sending to ptd: 'Stop'
ptd-server 2021-03-09 20:01:15,568 [INFO] Reply from ptd: 'Error: no measurement to stop'
ptd-server 2021-03-09 20:01:15,568 [INFO] Sending to ptd: 'SR,V,300.000000'
ptd-server 2021-03-09 20:01:17,070 [INFO] Reply from ptd: 'Range V changed'
ptd-server 2021-03-09 20:01:17,070 [INFO] Sending to ptd: 'SR,A,0.500000'
ptd-server 2021-03-09 20:01:18,571 [INFO] Reply from ptd: 'Range A changed'
ptd-server 2021-03-09 20:01:18,572 [INFO] Set initial values for Amps 0.500000 and Volts 300.000000
ptd-server 2021-03-09 20:01:18,572 [INFO] Stopping ptd...
