ptd-server 2021-03-09 09:26:42,586 [INFO] Got command from the client 'time'
ptd-server 2021-03-09 09:26:42,586 [INFO] Sending reply to client '1615282002.5863'
ptd-server 2021-03-09 09:26:42,588 [INFO] Got command from the client 'new,,83893c1f-e529-4c8c-9032-548530ba5bc9'
ptd-server 2021-03-09 09:26:42,589 [INFO] Sending reply to client 'OK 2021-03-09_09-26-42,c1c3bece-d463-48ef-b99e-c7fc7bec9612'
ptd-server 2021-03-09 09:26:42,645 [INFO] Got command from the client 'time'
ptd-server 2021-03-09 09:26:42,645 [INFO] Sending reply to client '1615282002.6458464'
ptd-server 2021-03-09 09:26:42,647 [INFO] Got command from the client 'session,2021-03-09_09-26-42,start,ranging'
ptd-server 2021-03-09 09:26:42,648 [INFO] Running PTDaemon: ['/home/anton/projects/mlperf/power/inference_v1.0/ptd-linux-x86', '-l', 'ptd.log', '-p', '8888', '52', '/dev/usbtmc0']
ptd-server 2021-03-09 09:26:59,821 [INFO] Sending to ptd: 'Hello'
ptd-server 2021-03-09 09:26:59,821 [INFO] Reply from ptd: 'Hello, PTDaemon here!'
ptd-server 2021-03-09 09:26:59,821 [INFO] Sending to ptd: 'Identify'
ptd-server 2021-03-09 09:26:59,822 [INFO] Reply from ptd: 'YokogawaWT330E,1000,1,1,1,1,0,0,1,version=1.9.2-e8c7a49a-20201208,OS=Linux 5.8.0-43-generic #49~20.04.1-Ubuntu SMP Fri Feb 5 09:57:56 UTC 2021 x86_64,mode=power,1,1,1,0,0,no_cal_date,YOKOGAWA;WT333E;C3VD30030E;F1.04'
ptd-server 2021-03-09 09:26:59,822 [INFO] Connected to PTDaemon
ptd-server 2021-03-09 09:26:59,822 [INFO] Sending to ptd: 'RR'
ptd-server 2021-03-09 09:26:59,822 [INFO] Reply from ptd: 'Ranges,0,0.500000,0,300.000000'
ptd-server 2021-03-09 09:26:59,823 [INFO] Initial range for Amps is 0.500000 for Volts is 300.000000
ptd-server 2021-03-09 09:26:59,823 [INFO] Sending to ptd: 'SR,V,Auto'
ptd-server 2021-03-09 09:27:00,325 [INFO] Reply from ptd: 'Range V changed'
ptd-server 2021-03-09 09:27:00,325 [INFO] Sending to ptd: 'SR,A,Auto'
ptd-server 2021-03-09 09:27:00,828 [INFO] Reply from ptd: 'Range A changed'
ptd-server 2021-03-09 09:27:10,838 [INFO] Starting ranging mode
ptd-server 2021-03-09 09:27:10,838 [INFO] Sending to ptd: 'Go,1000,0,2021-03-09_09-26-42_ranging'
ptd-server 2021-03-09 09:27:10,839 [INFO] Reply from ptd: 'Starting untimed measurement, maximum 500000 samples at 1000ms with 0 rampup samples'
ptd-server 2021-03-09 09:27:10,839 [INFO] Sending reply to client 'OK'
ptd-server 2021-03-09 09:37:26,207 [INFO] Got command from the client 'session,2021-03-09_09-26-42,stop,ranging'
ptd-server 2021-03-09 09:37:36,218 [INFO] Sending to ptd: 'Stop'
ptd-server 2021-03-09 09:37:36,218 [INFO] Reply from ptd: 'Stopping untimed measurement'
ptd-server 2021-03-09 09:37:36,959 [INFO] Sending reply to client 'OK'
ptd-server 2021-03-09 09:37:37,004 [INFO] Got command from the client 'time'
ptd-server 2021-03-09 09:37:37,004 [INFO] Sending reply to client '1615282657.0048425'
ptd-server 2021-03-09 09:37:37,006 [INFO] Got command from the client 'session,2021-03-09_09-26-42,start,testing'
ptd-server 2021-03-09 09:37:37,006 [INFO] Sending to ptd: 'SR,V,249.190000'
ptd-server 2021-03-09 09:37:38,507 [INFO] Reply from ptd: 'Range V changed'
ptd-server 2021-03-09 09:37:38,508 [INFO] Sending to ptd: 'SR,A,0.148500'
ptd-server 2021-03-09 09:37:40,009 [INFO] Reply from ptd: 'Range A changed'
ptd-server 2021-03-09 09:37:50,019 [INFO] Starting testing mode
ptd-server 2021-03-09 09:37:50,020 [INFO] Sending to ptd: 'Go,1000,0,2021-03-09_09-26-42_testing'
ptd-server 2021-03-09 09:37:50,020 [INFO] Reply from ptd: 'Starting untimed measurement, maximum 500000 samples at 1000ms with 0 rampup samples'
ptd-server 2021-03-09 09:37:50,020 [INFO] Sending reply to client 'OK'
ptd-server 2021-03-09 09:48:05,309 [INFO] Got command from the client 'session,2021-03-09_09-26-42,stop,testing'
ptd-server 2021-03-09 09:48:15,320 [INFO] Sending to ptd: 'Stop'
ptd-server 2021-03-09 09:48:15,320 [INFO] Reply from ptd: 'Stopping untimed measurement'
ptd-server 2021-03-09 09:48:15,690 [INFO] Sending reply to client 'OK'
ptd-server 2021-03-09 09:48:15,699 [INFO] Got command from the client 'session,2021-03-09_09-26-42,upload,client.log'
ptd-server 2021-03-09 09:48:15,701 [INFO] Received '/home/anton/projects/mlperf/power-dev/output/2021-03-09_09-26-42client.log.tmp'
ptd-server 2021-03-09 09:48:15,701 [INFO] Removed '/home/anton/projects/mlperf/power-dev/output/2021-03-09_09-26-42client.log.tmp'
ptd-server 2021-03-09 09:48:15,701 [INFO] Sending reply to client 'OK'
ptd-server 2021-03-09 09:48:15,707 [INFO] Got command from the client 'session,2021-03-09_09-26-42,upload,client.json'
ptd-server 2021-03-09 09:48:15,708 [INFO] Received '/home/anton/projects/mlperf/power-dev/output/2021-03-09_09-26-42client.json.tmp'
ptd-server 2021-03-09 09:48:15,709 [INFO] Removed '/home/anton/projects/mlperf/power-dev/output/2021-03-09_09-26-42client.json.tmp'
ptd-server 2021-03-09 09:48:15,709 [INFO] Sending reply to client 'OK'
ptd-server 2021-03-09 09:48:15,710 [INFO] Got command from the client 'session,2021-03-09_09-26-42,done'
ptd-server 2021-03-09 09:48:15,710 [INFO] Sending to ptd: 'Stop'
ptd-server 2021-03-09 09:48:16,021 [INFO] Reply from ptd: 'Error: no measurement to stop'
ptd-server 2021-03-09 09:48:16,021 [INFO] Sending to ptd: 'SR,V,300.000000'
ptd-server 2021-03-09 09:48:17,522 [INFO] Reply from ptd: 'Range V changed'
ptd-server 2021-03-09 09:48:17,523 [INFO] Sending to ptd: 'SR,A,0.500000'
ptd-server 2021-03-09 09:48:19,024 [INFO] Reply from ptd: 'Range A changed'
ptd-server 2021-03-09 09:48:19,024 [INFO] Set initial values for Amps 0.500000 and Volts 300.000000
ptd-server 2021-03-09 09:48:19,024 [INFO] Stopping ptd...
