ptd-server 2021-02-28 14:40:25,963 [INFO] Got command from the client 'time'
ptd-server 2021-02-28 14:40:25,963 [INFO] Sending reply to client '1614523225.9633467'
ptd-server 2021-02-28 14:40:25,964 [INFO] Got command from the client 'new,,a1a8c3ce-bc08-467c-a9a5-2ed216bbeeaf'
ptd-server 2021-02-28 14:40:25,965 [INFO] Sending reply to client 'OK 2021-02-28_14-40-25,62959122-afec-473a-a772-48dcadd62330'
ptd-server 2021-02-28 14:40:26,002 [INFO] Got command from the client 'time'
ptd-server 2021-02-28 14:40:26,002 [INFO] Sending reply to client '1614523226.002956'
ptd-server 2021-02-28 14:40:26,004 [INFO] Got command from the client 'session,2021-02-28_14-40-25,start,ranging'
ptd-server 2021-02-28 14:40:26,004 [INFO] Running PTDaemon: ['/home/anton/projects/mlperf/power/inference_v1.0/ptd-linux-x86', '-l', 'ptd.log', '-p', '8888', '52', '/dev/usbtmc0']
ptd-server 2021-02-28 14:40:43,172 [INFO] Sending to ptd: 'Hello'
ptd-server 2021-02-28 14:40:43,173 [INFO] Reply from ptd: 'Hello, PTDaemon here!'
ptd-server 2021-02-28 14:40:43,173 [INFO] Sending to ptd: 'Identify'
ptd-server 2021-02-28 14:40:43,173 [INFO] Reply from ptd: 'YokogawaWT330E,1000,1,1,1,1,0,0,1,version=1.9.2-e8c7a49a-20201208,OS=Linux 5.8.0-43-generic #49~20.04.1-Ubuntu SMP Fri Feb 5 09:57:56 UTC 2021 x86_64,mode=power,1,1,1,0,0,no_cal_date,YOKOGAWA;WT333E;C3VD30030E;F1.04'
ptd-server 2021-02-28 14:40:43,173 [INFO] Connected to PTDaemon
ptd-server 2021-02-28 14:40:43,173 [INFO] Sending to ptd: 'RR'
ptd-server 2021-02-28 14:40:43,174 [INFO] Reply from ptd: 'Ranges,0,0.500000,0,300.000000'
ptd-server 2021-02-28 14:40:43,174 [INFO] Initial range for Amps is 0.500000 for Volts is 300.000000
ptd-server 2021-02-28 14:40:43,174 [INFO] Sending to ptd: 'SR,V,Auto'
ptd-server 2021-02-28 14:40:43,676 [INFO] Reply from ptd: 'Range V changed'
ptd-server 2021-02-28 14:40:43,677 [INFO] Sending to ptd: 'SR,A,Auto'
ptd-server 2021-02-28 14:40:44,179 [INFO] Reply from ptd: 'Range A changed'
ptd-server 2021-02-28 14:40:54,189 [INFO] Starting ranging mode
ptd-server 2021-02-28 14:40:54,189 [INFO] Sending to ptd: 'Go,1000,0,2021-02-28_14-40-25_ranging'
ptd-server 2021-02-28 14:40:54,190 [INFO] Reply from ptd: 'Starting untimed measurement, maximum 500000 samples at 1000ms with 0 rampup samples'
ptd-server 2021-02-28 14:40:54,190 [INFO] Sending reply to client 'OK'
ptd-server 2021-02-28 14:51:12,565 [INFO] Got command from the client 'session,2021-02-28_14-40-25,stop,ranging'
ptd-server 2021-02-28 14:51:22,576 [INFO] Sending to ptd: 'Stop'
ptd-server 2021-02-28 14:51:22,576 [INFO] Reply from ptd: 'Stopping untimed measurement'
ptd-server 2021-02-28 14:51:22,793 [INFO] Sending reply to client 'OK'
ptd-server 2021-02-28 14:51:22,840 [INFO] Got command from the client 'time'
ptd-server 2021-02-28 14:51:22,840 [INFO] Sending reply to client '1614523882.8403578'
ptd-server 2021-02-28 14:51:22,841 [INFO] Got command from the client 'session,2021-02-28_14-40-25,start,testing'
ptd-server 2021-02-28 14:51:22,841 [INFO] Sending to ptd: 'SR,V,250.730000'
ptd-server 2021-02-28 14:51:24,691 [INFO] Reply from ptd: 'Range V changed'
ptd-server 2021-02-28 14:51:24,692 [INFO] Sending to ptd: 'SR,A,0.170930'
ptd-server 2021-02-28 14:51:26,193 [INFO] Reply from ptd: 'Range A changed'
ptd-server 2021-02-28 14:51:36,203 [INFO] Starting testing mode
ptd-server 2021-02-28 14:51:36,203 [INFO] Sending to ptd: 'Go,1000,0,2021-02-28_14-40-25_testing'
ptd-server 2021-02-28 14:51:36,204 [INFO] Reply from ptd: 'Starting untimed measurement, maximum 500000 samples at 1000ms with 0 rampup samples'
ptd-server 2021-02-28 14:51:36,204 [INFO] Sending reply to client 'OK'
ptd-server 2021-02-28 15:01:54,653 [INFO] Got command from the client 'session,2021-02-28_14-40-25,stop,testing'
ptd-server 2021-02-28 15:02:04,663 [INFO] Sending to ptd: 'Stop'
ptd-server 2021-02-28 15:02:04,663 [INFO] Reply from ptd: 'Stopping untimed measurement'
ptd-server 2021-02-28 15:02:04,783 [INFO] Sending reply to client 'OK'
ptd-server 2021-02-28 15:02:04,796 [INFO] Got command from the client 'session,2021-02-28_14-40-25,upload,client.log'
ptd-server 2021-02-28 15:02:04,797 [INFO] Received '/home/anton/projects/mlperf/power-dev/output/2021-02-28_14-40-25client.log.tmp'
ptd-server 2021-02-28 15:02:04,797 [INFO] Removed '/home/anton/projects/mlperf/power-dev/output/2021-02-28_14-40-25client.log.tmp'
ptd-server 2021-02-28 15:02:04,797 [INFO] Sending reply to client 'OK'
ptd-server 2021-02-28 15:02:04,801 [INFO] Got command from the client 'session,2021-02-28_14-40-25,upload,client.json'
ptd-server 2021-02-28 15:02:04,802 [INFO] Received '/home/anton/projects/mlperf/power-dev/output/2021-02-28_14-40-25client.json.tmp'
ptd-server 2021-02-28 15:02:04,802 [INFO] Removed '/home/anton/projects/mlperf/power-dev/output/2021-02-28_14-40-25client.json.tmp'
ptd-server 2021-02-28 15:02:04,802 [INFO] Sending reply to client 'OK'
ptd-server 2021-02-28 15:02:04,803 [INFO] Got command from the client 'session,2021-02-28_14-40-25,done'
ptd-server 2021-02-28 15:02:04,803 [INFO] Sending to ptd: 'Stop'
ptd-server 2021-02-28 15:02:05,204 [INFO] Reply from ptd: 'Error: no measurement to stop'
ptd-server 2021-02-28 15:02:05,204 [INFO] Sending to ptd: 'SR,V,300.000000'
ptd-server 2021-02-28 15:02:06,706 [INFO] Reply from ptd: 'Range V changed'
ptd-server 2021-02-28 15:02:06,706 [INFO] Sending to ptd: 'SR,A,0.500000'
ptd-server 2021-02-28 15:02:08,207 [INFO] Reply from ptd: 'Range A changed'
ptd-server 2021-02-28 15:02:08,207 [INFO] Set initial values for Amps 0.500000 and Volts 300.000000
ptd-server 2021-02-28 15:02:08,207 [INFO] Stopping ptd...
