client 2021-03-17 01:48:46,136 [WARNING] Removing old loadgen logs directory '/work/build/power_logs_temp'
client 2021-03-17 01:48:46,141 [INFO] Sending command to the server: 'mlcommons/power client v3'
client 2021-03-17 01:48:46,142 [INFO] Got response: 'mlcommons/power server v3'
client 2021-03-17 01:48:46,142 [INFO] Sending command to the server: 'stop'
client 2021-03-17 01:48:46,144 [INFO] Got response: 'OK'
client 2021-03-17 01:48:46,144 [INFO] Synchronizing with the server and with ib-01.dc4-in.nvidia.com...
client 2021-03-17 01:48:46,348 [INFO] NTP:offset = 0.030 s, delay = 0.202 s 
client 2021-03-17 01:48:46,348 [INFO] Sending command to the server: 'time'
client 2021-03-17 01:48:46,350 [INFO] Got response: '1615970926.4384837'
client 2021-03-17 01:48:46,350 [INFO] The time difference between the client and the server is within range -89.876 ms..-87.930 ms
client 2021-03-17 01:48:46,350 [INFO] Sending command to the server: 'new,,480772a4-b7a0-4b63-8603-b532c0d282ae'
client 2021-03-17 01:48:46,352 [INFO] Got response: 'OK 2021-03-17_01-48-46,0fddabe0-5fcf-4e45-ba48-cf731c0e955f'
client 2021-03-17 01:48:46,352 [INFO] Session id is '2021-03-17_01-48-46'
client 2021-03-17 01:48:46,352 [INFO] Sources: {"sources": {"client.py": "d1e75cb4b26101220ebd242e584cf3ca5d8f1996", "lib/__init__.py": "da39a3ee5e6b4b0d3255bfef95601890afd80709", "lib/client.py": "d42bebf5b74cb6ff3997e2a6c68422afac111a28", "lib/common.py": "b0bad80d8fa328a7636027d4d66ff453f8dd7889", "lib/external/ntplib.py": "4da8f970656505a40483206ef2b5d3dd5e81711d", "lib/server.py": "2ed36471c7af565d6c8438b2134edad1d7ddf166", "lib/source_hashes.py": "4cedff274c661cb1504052018fd4f00dfbf624ef", "lib/summary.py": "0db15d783907aa92038281af4e465545c0648ddb", "lib/time_sync.py": "76051226ec89287839723352f4162aaa24e0546a", "server.py": "99e1310e3f76292aef1b8792ce6b8c82f1d44d8b", "tests/unit/test_server.py": "64f11775bfed35232a0e8bb9593c0ff992432c59", "tests/unit/test_source_hashes.py": "cb41a7261eaf7d94ba5c0aae9c523174f6204be3"}, "modules": {"__main__": "client.py", "lib.client": "lib/client.py", "lib.common": "lib/common.py", "lib.external.ntplib": "lib/external/ntplib.py", "lib.source_hashes": "lib/source_hashes.py", "lib.summary": "lib/summary.py", "lib.time_sync": "lib/time_sync.py"}}
client 2021-03-17 01:48:46,354 [INFO] Running workload in ranging mode
client 2021-03-17 01:48:46,354 [INFO] Synchronizing with the server and with ib-01.dc4-in.nvidia.com...
client 2021-03-17 01:48:46,556 [INFO] NTP:offset = 0.030 s, delay = 0.202 s 
client 2021-03-17 01:48:46,557 [INFO] Sending command to the server: 'time'
client 2021-03-17 01:48:46,558 [INFO] Got response: '1615970926.6571946'
client 2021-03-17 01:48:46,559 [INFO] The time difference between the client and the server is within range -100.202 ms..-98.071 ms
client 2021-03-17 01:48:46,559 [INFO] Sending command to the server: 'session,2021-03-17_01-48-46,start,ranging'
client 2021-03-17 01:49:15,505 [INFO] Got response: 'OK'
client 2021-03-17 01:49:15,505 [INFO] Running the workload 'LOG_DIR=/work/build/power_logs_temp python3 code/main.py --benchmarks=rnnt --scenarios=Server --config_ver=maxq --action="run_harness" \\\n\t\t&& cp -v /work/build/power_logs_temp/*/*/*/mlperf_log_detail.txt /work/build/power_logs_temp/ \\\n\t\t&& cp -v /work/build/power_logs_temp/*/*/*/mlperf_log_summary.txt /work/build/power_logs_temp/'
client 2021-03-17 02:00:40,307 [INFO] Sending command to the server: 'session,2021-03-17_01-48-46,stop,ranging'
client 2021-03-17 02:00:50,562 [INFO] Got response: 'OK'
client 2021-03-17 02:00:50,568 [INFO] Packing logs into zip and uploading to the server
client 2021-03-17 02:00:50,583 [INFO] Zip file size: 22.0 kB
client 2021-03-17 02:00:50,602 [INFO] Got response: 'OK'
client 2021-03-17 02:00:50,603 [INFO] Running workload in testing mode
client 2021-03-17 02:00:50,603 [INFO] Synchronizing with the server and with ib-01.dc4-in.nvidia.com...
client 2021-03-17 02:00:50,806 [INFO] NTP:offset = 0.033 s, delay = 0.202 s 
client 2021-03-17 02:00:50,806 [INFO] Sending command to the server: 'time'
client 2021-03-17 02:00:50,808 [INFO] Got response: '1615971650.906402'
client 2021-03-17 02:00:50,808 [INFO] The time difference between the client and the server is within range -99.957 ms..-97.903 ms
client 2021-03-17 02:00:50,808 [INFO] Sending command to the server: 'session,2021-03-17_01-48-46,start,testing'
client 2021-03-17 02:01:03,888 [INFO] Got response: 'OK'
client 2021-03-17 02:01:03,888 [INFO] Running the workload 'LOG_DIR=/work/build/power_logs_temp python3 code/main.py --benchmarks=rnnt --scenarios=Server --config_ver=maxq --action="run_harness" \\\n\t\t&& cp -v /work/build/power_logs_temp/*/*/*/mlperf_log_detail.txt /work/build/power_logs_temp/ \\\n\t\t&& cp -v /work/build/power_logs_temp/*/*/*/mlperf_log_summary.txt /work/build/power_logs_temp/'
client 2021-03-17 02:12:09,581 [INFO] Sending command to the server: 'session,2021-03-17_01-48-46,stop,testing'
client 2021-03-17 02:12:19,726 [INFO] Got response: 'OK'
client 2021-03-17 02:12:19,732 [INFO] Packing logs into zip and uploading to the server
client 2021-03-17 02:12:19,799 [INFO] Zip file size: 22.0 kB
client 2021-03-17 02:12:19,817 [INFO] Got response: 'OK'
client 2021-03-17 02:12:19,818 [INFO] Done runs
