ptd-server 2021-03-17 01:48:46,235 [INFO] Got command from the client 'stop'
ptd-server 2021-03-17 01:48:46,235 [INFO] The server will be stopped after processing this client
ptd-server 2021-03-17 01:48:46,235 [INFO] Sending reply to client 'OK'
ptd-server 2021-03-17 01:48:46,438 [INFO] Got command from the client 'time'
ptd-server 2021-03-17 01:48:46,438 [INFO] Sending reply to client '1615970926.4384837'
ptd-server 2021-03-17 01:48:46,454 [INFO] Got command from the client 'new,,480772a4-b7a0-4b63-8603-b532c0d282ae'
ptd-server 2021-03-17 01:48:46,454 [INFO] Sending reply to client 'OK 2021-03-17_01-48-46,0fddabe0-5fcf-4e45-ba48-cf731c0e955f'
ptd-server 2021-03-17 01:48:46,657 [INFO] Got command from the client 'time'
ptd-server 2021-03-17 01:48:46,657 [INFO] Sending reply to client '1615970926.6571946'
ptd-server 2021-03-17 01:48:46,657 [INFO] Got command from the client 'session,2021-03-17_01-48-46,start,ranging'
ptd-server 2021-03-17 01:48:46,766 [INFO] Running PTDaemon: ['C:\\PTD\\ptd-windows-x86.exe', '-l', 'C:\\logs_ptdeamon.txt', '-p', '8888', '-c', '1', '-y', '52', '172.18.220.100']
ptd-server 2021-03-17 01:49:04,561 [INFO] Sending to ptd: 'Hello'
ptd-server 2021-03-17 01:49:04,561 [INFO] Reply from ptd: 'Hello, PTDaemon here!'
ptd-server 2021-03-17 01:49:04,561 [INFO] Sending to ptd: 'Identify'
ptd-server 2021-03-17 01:49:04,561 [INFO] Reply from ptd: 'YokogawaWT330E,1000,1,1,1,1,0,0,1,version=1.9.2-3976349f-20201208,OS=Windows 8 / Server 2012,mode=power,1,1,1,0,0,no_cal_date,YOKOGAWA;WT333E;C2WC23035V;F1.04'
ptd-server 2021-03-17 01:49:04,561 [INFO] Connected to PTDaemon
ptd-server 2021-03-17 01:49:04,561 [INFO] Sending to ptd: 'RR'
ptd-server 2021-03-17 01:49:04,561 [INFO] Reply from ptd: 'Ranges,1,5.000000,1,300.000000'
ptd-server 2021-03-17 01:49:04,561 [INFO] Initial range for Amps is Auto for Volts is Auto
ptd-server 2021-03-17 01:49:04,561 [INFO] Sending to ptd: 'SR,V,Auto'
ptd-server 2021-03-17 01:49:05,076 [INFO] Reply from ptd: 'Range V changed'
ptd-server 2021-03-17 01:49:05,076 [INFO] Sending to ptd: 'SR,A,Auto'
ptd-server 2021-03-17 01:49:05,592 [INFO] Reply from ptd: 'Range A changed'
ptd-server 2021-03-17 01:49:15,606 [INFO] Starting ranging mode
ptd-server 2021-03-17 01:49:15,606 [INFO] Sending to ptd: 'Go,1000,0,2021-03-17_01-48-46_ranging'
ptd-server 2021-03-17 01:49:15,606 [INFO] Reply from ptd: 'Starting untimed measurement, maximum 500000 samples at 1000ms with 0 rampup samples'
ptd-server 2021-03-17 01:49:15,606 [INFO] Sending reply to client 'OK'
ptd-server 2021-03-17 02:00:40,417 [INFO] Got command from the client 'session,2021-03-17_01-48-46,stop,ranging'
ptd-server 2021-03-17 02:00:50,422 [INFO] Sending to ptd: 'Stop'
ptd-server 2021-03-17 02:00:50,422 [INFO] Reply from ptd: 'Stopping untimed measurement'
ptd-server 2021-03-17 02:00:50,672 [INFO] Sending reply to client 'OK'
ptd-server 2021-03-17 02:00:50,687 [INFO] Got command from the client 'session,2021-03-17_01-48-46,upload,ranging'
ptd-server 2021-03-17 02:00:50,687 [INFO] Received 'C:\\ptd-logs\\2021-03-17_01-48-46ranging.tmp'
ptd-server 2021-03-17 02:00:50,703 [INFO] Extracted 'C:\\ptd-logs\\2021-03-17_01-48-46ranging.tmp' into 'C:\\ptd-logs\\2021-03-17_01-48-46\\ranging'
ptd-server 2021-03-17 02:00:50,703 [INFO] Removed 'C:\\ptd-logs\\2021-03-17_01-48-46ranging.tmp'
ptd-server 2021-03-17 02:00:50,703 [INFO] Sending reply to client 'OK'
ptd-server 2021-03-17 02:00:50,906 [INFO] Got command from the client 'time'
ptd-server 2021-03-17 02:00:50,906 [INFO] Sending reply to client '1615971650.906402'
ptd-server 2021-03-17 02:00:50,921 [INFO] Got command from the client 'session,2021-03-17_01-48-46,start,testing'
ptd-server 2021-03-17 02:00:50,921 [INFO] Sending to ptd: 'SR,V,206.600000'
ptd-server 2021-03-17 02:00:52,454 [INFO] Reply from ptd: 'Range V changed'
ptd-server 2021-03-17 02:00:52,454 [INFO] Sending to ptd: 'SR,A,6.504000'
ptd-server 2021-03-17 02:00:53,986 [INFO] Reply from ptd: 'Range A changed'
ptd-server 2021-03-17 02:01:03,999 [INFO] Starting testing mode
ptd-server 2021-03-17 02:01:03,999 [INFO] Sending to ptd: 'Go,1000,0,2021-03-17_01-48-46_testing'
ptd-server 2021-03-17 02:01:03,999 [INFO] Reply from ptd: 'Starting untimed measurement, maximum 500000 samples at 1000ms with 0 rampup samples'
ptd-server 2021-03-17 02:01:03,999 [INFO] Sending reply to client 'OK'
ptd-server 2021-03-17 02:12:09,704 [INFO] Got command from the client 'session,2021-03-17_01-48-46,stop,testing'
ptd-server 2021-03-17 02:12:19,719 [INFO] Sending to ptd: 'Stop'
ptd-server 2021-03-17 02:12:19,719 [INFO] Reply from ptd: 'Stopping untimed measurement'
ptd-server 2021-03-17 02:12:19,843 [INFO] Sending reply to client 'OK'
ptd-server 2021-03-17 02:12:19,922 [INFO] Got command from the client 'session,2021-03-17_01-48-46,upload,testing'
ptd-server 2021-03-17 02:12:19,922 [INFO] Received 'C:\\ptd-logs\\2021-03-17_01-48-46testing.tmp'
ptd-server 2021-03-17 02:12:19,937 [INFO] Extracted 'C:\\ptd-logs\\2021-03-17_01-48-46testing.tmp' into 'C:\\ptd-logs\\2021-03-17_01-48-46\\run_1'
ptd-server 2021-03-17 02:12:19,937 [INFO] Removed 'C:\\ptd-logs\\2021-03-17_01-48-46testing.tmp'
ptd-server 2021-03-17 02:12:19,937 [INFO] Sending reply to client 'OK'
ptd-server 2021-03-17 02:12:19,937 [INFO] Got command from the client 'session,2021-03-17_01-48-46,upload,client.log'
ptd-server 2021-03-17 02:12:19,937 [INFO] Received 'C:\\ptd-logs\\2021-03-17_01-48-46client.log.tmp'
ptd-server 2021-03-17 02:12:19,953 [INFO] Removed 'C:\\ptd-logs\\2021-03-17_01-48-46client.log.tmp'
ptd-server 2021-03-17 02:12:19,953 [INFO] Sending reply to client 'OK'
ptd-server 2021-03-17 02:12:19,968 [INFO] Got command from the client 'session,2021-03-17_01-48-46,upload,client.json'
ptd-server 2021-03-17 02:12:19,968 [INFO] Received 'C:\\ptd-logs\\2021-03-17_01-48-46client.json.tmp'
ptd-server 2021-03-17 02:12:19,984 [INFO] Removed 'C:\\ptd-logs\\2021-03-17_01-48-46client.json.tmp'
ptd-server 2021-03-17 02:12:19,984 [INFO] Sending reply to client 'OK'
ptd-server 2021-03-17 02:12:19,984 [INFO] Got command from the client 'session,2021-03-17_01-48-46,done'
ptd-server 2021-03-17 02:12:19,984 [INFO] Sending to ptd: 'Stop'
ptd-server 2021-03-17 02:12:20,015 [INFO] Reply from ptd: 'Error: no measurement to stop'
ptd-server 2021-03-17 02:12:20,015 [INFO] Sending to ptd: 'SR,V,Auto'
ptd-server 2021-03-17 02:12:20,531 [INFO] Reply from ptd: 'Range V changed'
ptd-server 2021-03-17 02:12:20,531 [INFO] Sending to ptd: 'SR,A,Auto'
ptd-server 2021-03-17 02:12:21,046 [INFO] Reply from ptd: 'Range A changed'
ptd-server 2021-03-17 02:12:21,046 [INFO] Set initial values for Amps Auto and Volts Auto
ptd-server 2021-03-17 02:12:21,046 [INFO] Stopping ptd...
