ptd-server 2021-03-06 16:07:12,723 [INFO] Got command from the client 'time'
ptd-server 2021-03-06 16:07:12,723 [INFO] Sending reply to client '1615046832.723664'
ptd-server 2021-03-06 16:07:12,727 [INFO] Got command from the client 'new,,d08b2a35-ff55-4cb9-8cf9-db19db53863d'
ptd-server 2021-03-06 16:07:12,727 [INFO] Sending reply to client 'OK 2021-03-06_16-07-12,5a21e637-c569-4f67-953a-ce83c86753dc'
ptd-server 2021-03-06 16:07:12,762 [INFO] Got command from the client 'time'
ptd-server 2021-03-06 16:07:12,762 [INFO] Sending reply to client '1615046832.7621853'
ptd-server 2021-03-06 16:07:12,765 [INFO] Got command from the client 'session,2021-03-06_16-07-12,start,ranging'
ptd-server 2021-03-06 16:07:12,765 [INFO] Running PTDaemon: ['/home/anton/projects/mlperf/power/inference_v1.0/ptd-linux-x86', '-l', 'ptd.log', '-p', '8888', '52', '/dev/usbtmc0']
ptd-server 2021-03-06 16:07:29,933 [INFO] Sending to ptd: 'Hello'
ptd-server 2021-03-06 16:07:29,934 [INFO] Reply from ptd: 'Hello, PTDaemon here!'
ptd-server 2021-03-06 16:07:29,934 [INFO] Sending to ptd: 'Identify'
ptd-server 2021-03-06 16:07:29,934 [INFO] Reply from ptd: 'YokogawaWT330E,1000,1,1,1,1,0,0,1,version=1.9.2-e8c7a49a-20201208,OS=Linux 5.8.0-43-generic #49~20.04.1-Ubuntu SMP Fri Feb 5 09:57:56 UTC 2021 x86_64,mode=power,1,1,1,0,0,no_cal_date,YOKOGAWA;WT333E;C3VD30030E;F1.04'
ptd-server 2021-03-06 16:07:29,934 [INFO] Connected to PTDaemon
ptd-server 2021-03-06 16:07:29,935 [INFO] Sending to ptd: 'RR'
ptd-server 2021-03-06 16:07:29,935 [INFO] Reply from ptd: 'Ranges,0,0.500000,0,300.000000'
ptd-server 2021-03-06 16:07:29,935 [INFO] Initial range for Amps is 0.500000 for Volts is 300.000000
ptd-server 2021-03-06 16:07:29,935 [INFO] Sending to ptd: 'SR,V,Auto'
ptd-server 2021-03-06 16:07:30,438 [INFO] Reply from ptd: 'Range V changed'
ptd-server 2021-03-06 16:07:30,438 [INFO] Sending to ptd: 'SR,A,Auto'
ptd-server 2021-03-06 16:07:30,940 [INFO] Reply from ptd: 'Range A changed'
ptd-server 2021-03-06 16:07:40,951 [INFO] Starting ranging mode
ptd-server 2021-03-06 16:07:40,951 [INFO] Sending to ptd: 'Go,1000,0,2021-03-06_16-07-12_ranging'
ptd-server 2021-03-06 16:07:40,951 [INFO] Reply from ptd: 'Starting untimed measurement, maximum 500000 samples at 1000ms with 0 rampup samples'
ptd-server 2021-03-06 16:07:40,951 [INFO] Sending reply to client 'OK'
ptd-server 2021-03-06 16:18:13,302 [INFO] Got command from the client 'session,2021-03-06_16-07-12,stop,ranging'
ptd-server 2021-03-06 16:18:23,313 [INFO] Sending to ptd: 'Stop'
ptd-server 2021-03-06 16:18:23,313 [INFO] Reply from ptd: 'Stopping untimed measurement'
ptd-server 2021-03-06 16:18:23,760 [INFO] Sending reply to client 'OK'
ptd-server 2021-03-06 16:18:23,802 [INFO] Got command from the client 'time'
ptd-server 2021-03-06 16:18:23,802 [INFO] Sending reply to client '1615047503.802491'
ptd-server 2021-03-06 16:18:23,806 [INFO] Got command from the client 'session,2021-03-06_16-07-12,start,testing'
ptd-server 2021-03-06 16:18:23,806 [INFO] Sending to ptd: 'SR,V,248.130000'
ptd-server 2021-03-06 16:18:25,453 [INFO] Reply from ptd: 'Range V changed'
ptd-server 2021-03-06 16:18:25,453 [INFO] Sending to ptd: 'SR,A,0.059220'
ptd-server 2021-03-06 16:18:26,954 [INFO] Reply from ptd: 'Range A changed'
ptd-server 2021-03-06 16:18:36,965 [INFO] Starting testing mode
ptd-server 2021-03-06 16:18:36,965 [INFO] Sending to ptd: 'Go,1000,0,2021-03-06_16-07-12_testing'
ptd-server 2021-03-06 16:18:36,965 [INFO] Reply from ptd: 'Starting untimed measurement, maximum 500000 samples at 1000ms with 0 rampup samples'
ptd-server 2021-03-06 16:18:36,965 [INFO] Sending reply to client 'OK'
ptd-server 2021-03-06 16:29:14,145 [INFO] Got command from the client 'session,2021-03-06_16-07-12,stop,testing'
ptd-server 2021-03-06 16:29:24,155 [INFO] Sending to ptd: 'Stop'
ptd-server 2021-03-06 16:29:24,155 [INFO] Reply from ptd: 'Stopping untimed measurement'
ptd-server 2021-03-06 16:29:24,397 [INFO] Sending reply to client 'OK'
ptd-server 2021-03-06 16:29:24,405 [INFO] Got command from the client 'session,2021-03-06_16-07-12,upload,client.log'
ptd-server 2021-03-06 16:29:24,409 [INFO] Received '/home/anton/projects/mlperf/power-dev/output/2021-03-06_16-07-12client.log.tmp'
ptd-server 2021-03-06 16:29:24,409 [INFO] Removed '/home/anton/projects/mlperf/power-dev/output/2021-03-06_16-07-12client.log.tmp'
ptd-server 2021-03-06 16:29:24,409 [INFO] Sending reply to client 'OK'
ptd-server 2021-03-06 16:29:24,422 [INFO] Got command from the client 'session,2021-03-06_16-07-12,upload,client.json'
ptd-server 2021-03-06 16:29:24,425 [INFO] Received '/home/anton/projects/mlperf/power-dev/output/2021-03-06_16-07-12client.json.tmp'
ptd-server 2021-03-06 16:29:24,425 [INFO] Removed '/home/anton/projects/mlperf/power-dev/output/2021-03-06_16-07-12client.json.tmp'
ptd-server 2021-03-06 16:29:24,426 [INFO] Sending reply to client 'OK'
ptd-server 2021-03-06 16:29:24,429 [INFO] Got command from the client 'session,2021-03-06_16-07-12,done'
ptd-server 2021-03-06 16:29:24,429 [INFO] Sending to ptd: 'Stop'
ptd-server 2021-03-06 16:29:24,966 [INFO] Reply from ptd: 'Error: no measurement to stop'
ptd-server 2021-03-06 16:29:24,966 [INFO] Sending to ptd: 'SR,V,300.000000'
ptd-server 2021-03-06 16:29:26,467 [INFO] Reply from ptd: 'Range V changed'
ptd-server 2021-03-06 16:29:26,468 [INFO] Sending to ptd: 'SR,A,0.500000'
ptd-server 2021-03-06 16:29:27,969 [INFO] Reply from ptd: 'Range A changed'
ptd-server 2021-03-06 16:29:27,969 [INFO] Set initial values for Amps 0.500000 and Volts 300.000000
ptd-server 2021-03-06 16:29:27,970 [INFO] Stopping ptd...
