client 2021-02-28 10:40:31,520 [INFO] Sending command to the server: 'mlcommons/power client v3'
client 2021-02-28 10:40:31,521 [INFO] Got response: 'mlcommons/power server v3'
client 2021-02-28 10:40:31,522 [INFO] Synchronizing with the server and with time.google.com...
client 2021-02-28 10:40:31,554 [INFO] NTP:offset = -0.044 s, delay = 0.026 s 
client 2021-02-28 10:40:31,555 [INFO] Sending command to the server: 'time'
client 2021-02-28 10:40:31,556 [INFO] Got response: '1614508831.5225582'
client 2021-02-28 10:40:31,556 [INFO] The time difference between the client and the server is within range 32.651 ms..33.854 ms
client 2021-02-28 10:40:31,556 [INFO] Sending command to the server: 'new,,feae95be-1486-40c8-8130-2f3abe8dbf39'
client 2021-02-28 10:40:31,557 [INFO] Got response: 'OK 2021-02-28_10-40-31,6ec2be83-e950-4180-8608-97c1198975a0'
client 2021-02-28 10:40:31,557 [INFO] Session id is '2021-02-28_10-40-31'
client 2021-02-28 10:40:31,558 [INFO] Sources: {"sources": {"client.py": "d1e75cb4b26101220ebd242e584cf3ca5d8f1996", "lib/__init__.py": "da39a3ee5e6b4b0d3255bfef95601890afd80709", "lib/client.py": "d42bebf5b74cb6ff3997e2a6c68422afac111a28", "lib/common.py": "b0bad80d8fa328a7636027d4d66ff453f8dd7889", "lib/external/ntplib.py": "4da8f970656505a40483206ef2b5d3dd5e81711d", "lib/server.py": "2ed36471c7af565d6c8438b2134edad1d7ddf166", "lib/source_hashes.py": "4cedff274c661cb1504052018fd4f00dfbf624ef", "lib/summary.py": "0db15d783907aa92038281af4e465545c0648ddb", "lib/time_sync.py": "76051226ec89287839723352f4162aaa24e0546a", "server.py": "99e1310e3f76292aef1b8792ce6b8c82f1d44d8b", "tests/unit/test_server.py": "64f11775bfed35232a0e8bb9593c0ff992432c59", "tests/unit/test_source_hashes.py": "cb41a7261eaf7d94ba5c0aae9c523174f6204be3"}, "modules": {"__main__": "client.py", "lib.client": "lib/client.py", "lib.common": "lib/common.py", "lib.external.ntplib": "lib/external/ntplib.py", "lib.source_hashes": "lib/source_hashes.py", "lib.summary": "lib/summary.py", "lib.time_sync": "lib/time_sync.py"}}
client 2021-02-28 10:40:31,558 [INFO] Running workload in ranging mode
client 2021-02-28 10:40:31,559 [INFO] Synchronizing with the server and with time.google.com...
client 2021-02-28 10:40:31,590 [INFO] NTP:offset = -0.043 s, delay = 0.029 s 
client 2021-02-28 10:40:31,590 [INFO] Sending command to the server: 'time'
client 2021-02-28 10:40:31,591 [INFO] Got response: '1614508831.5580912'
client 2021-02-28 10:40:31,591 [INFO] The time difference between the client and the server is within range 32.716 ms..33.798 ms
client 2021-02-28 10:40:31,592 [INFO] Sending command to the server: 'session,2021-02-28_10-40-31,start,ranging'
client 2021-02-28 10:40:59,780 [INFO] Got response: 'OK'
client 2021-02-28 10:40:59,780 [INFO] Running the workload 'ck benchmark program:image-classification-tflite-loadgen --env.CK_SILENT_MODE=YES --skip_print_timers --dep_add_tags.compiler=gcc,v7 --dep_add_tags.python=v3 --dep_add_tags.mlperf-inference-src=r1.0 --dep_add_tags.weights=mobilenet,v2-1.0-192,non-quantized --dep_add_tags.images=crop.875,preprocessed,using-opencv --dep_add_tags.library=tflite,v2.4.1,with.ruy --env.CK_LOADGEN_DATASET_SIZE=1024 --env.CK_LOADGEN_SCENARIO=SingleStream --env.CK_LOADGEN_MODE=PerformanceOnly --env.CK_LOADGEN_TARGET_LATENCY=3 --skip_stat_analysis --process_multi_keys --repetitions=1 --record --record_repo=local --record_uoa=mlperf-open-xavier-tflite-v2.4.1-ruy-mobilenet-v2-1.0-192-non-quantized-singlestream-performance-target_latency.3-power.workload --tags=mlperf,division.open,task.image-classification,platform.xavier,scenario.singlestream,mode.performance,workload.mobilenet-v2-1.0-192-non-quantized,preprocessed_using.opencv,inference_engine.tflite,inference_engine_version.v2.4.1,inference_engine_backend.ruy,target_latency.3,power.workload "@@@{\'meta\': {\'ck_benchmark_program\': \'ck benchmark program:image-classification-tflite-loadgen --env.CK_SILENT_MODE=YES --skip_print_timers --dep_add_tags.compiler=gcc,v7 --dep_add_tags.python=v3 --dep_add_tags.mlperf-inference-src=r1.0 --dep_add_tags.weights=mobilenet,v2-1.0-192,non-quantized --dep_add_tags.images=crop.875,preprocessed,using-opencv --dep_add_tags.library=tflite,v2.4.1,with.ruy --env.CK_LOADGEN_DATASET_SIZE=1024 --env.CK_LOADGEN_SCENARIO=SingleStream --env.CK_LOADGEN_MODE=PerformanceOnly --env.CK_LOADGEN_TARGET_LATENCY=3 --skip_stat_analysis --process_multi_keys --repetitions=1 --record --record_repo=local --record_uoa=mlperf-open-xavier-tflite-v2.4.1-ruy-mobilenet-v2-1.0-192-non-quantized-singlestream-performance-target_latency.3-power.workload --tags=mlperf,division.open,task.image-classification,platform.xavier,scenario.singlestream,mode.performance,workload.mobilenet-v2-1.0-192-non-quantized,preprocessed_using.opencv,inference_engine.tflite,inference_engine_version.v2.4.1,inference_engine_backend.ruy,target_latency.3,power.workload\'}}" && cat `ck find program:image-classification-tflite-loadgen`/tmp/mlperf_log_summary.txt && mkdir -p "$CK_MLPERF_POWER_CLIENT_LOADGEN_LOGS" && cp "$CK_MLPERF_POWER_CLIENT_LOADGEN_LOGS"/../mlperf_log_* "$CK_MLPERF_POWER_CLIENT_LOADGEN_LOGS"/'
client 2021-02-28 10:51:18,643 [INFO] Sending command to the server: 'session,2021-02-28_10-40-31,stop,ranging'
client 2021-02-28 10:51:28,860 [INFO] Got response: 'OK'
client 2021-02-28 10:51:28,861 [INFO] Running workload in testing mode
client 2021-02-28 10:51:28,862 [INFO] Synchronizing with the server and with time.google.com...
client 2021-02-28 10:51:28,898 [INFO] NTP:offset = -0.051 s, delay = 0.033 s 
client 2021-02-28 10:51:28,898 [INFO] Sending command to the server: 'time'
client 2021-02-28 10:51:28,899 [INFO] Got response: '1614509488.8583455'
client 2021-02-28 10:51:28,899 [INFO] The time difference between the client and the server is within range 40.072 ms..41.146 ms
client 2021-02-28 10:51:28,899 [INFO] Sending command to the server: 'session,2021-02-28_10-40-31,start,testing'
client 2021-02-28 10:51:41,914 [INFO] Got response: 'OK'
client 2021-02-28 10:51:41,915 [INFO] Running the workload 'ck benchmark program:image-classification-tflite-loadgen --env.CK_SILENT_MODE=YES --skip_print_timers --dep_add_tags.compiler=gcc,v7 --dep_add_tags.python=v3 --dep_add_tags.mlperf-inference-src=r1.0 --dep_add_tags.weights=mobilenet,v2-1.0-192,non-quantized --dep_add_tags.images=crop.875,preprocessed,using-opencv --dep_add_tags.library=tflite,v2.4.1,with.ruy --env.CK_LOADGEN_DATASET_SIZE=1024 --env.CK_LOADGEN_SCENARIO=SingleStream --env.CK_LOADGEN_MODE=PerformanceOnly --env.CK_LOADGEN_TARGET_LATENCY=3 --skip_stat_analysis --process_multi_keys --repetitions=1 --record --record_repo=local --record_uoa=mlperf-open-xavier-tflite-v2.4.1-ruy-mobilenet-v2-1.0-192-non-quantized-singlestream-performance-target_latency.3-power.workload --tags=mlperf,division.open,task.image-classification,platform.xavier,scenario.singlestream,mode.performance,workload.mobilenet-v2-1.0-192-non-quantized,preprocessed_using.opencv,inference_engine.tflite,inference_engine_version.v2.4.1,inference_engine_backend.ruy,target_latency.3,power.workload "@@@{\'meta\': {\'ck_benchmark_program\': \'ck benchmark program:image-classification-tflite-loadgen --env.CK_SILENT_MODE=YES --skip_print_timers --dep_add_tags.compiler=gcc,v7 --dep_add_tags.python=v3 --dep_add_tags.mlperf-inference-src=r1.0 --dep_add_tags.weights=mobilenet,v2-1.0-192,non-quantized --dep_add_tags.images=crop.875,preprocessed,using-opencv --dep_add_tags.library=tflite,v2.4.1,with.ruy --env.CK_LOADGEN_DATASET_SIZE=1024 --env.CK_LOADGEN_SCENARIO=SingleStream --env.CK_LOADGEN_MODE=PerformanceOnly --env.CK_LOADGEN_TARGET_LATENCY=3 --skip_stat_analysis --process_multi_keys --repetitions=1 --record --record_repo=local --record_uoa=mlperf-open-xavier-tflite-v2.4.1-ruy-mobilenet-v2-1.0-192-non-quantized-singlestream-performance-target_latency.3-power.workload --tags=mlperf,division.open,task.image-classification,platform.xavier,scenario.singlestream,mode.performance,workload.mobilenet-v2-1.0-192-non-quantized,preprocessed_using.opencv,inference_engine.tflite,inference_engine_version.v2.4.1,inference_engine_backend.ruy,target_latency.3,power.workload\'}}" && cat `ck find program:image-classification-tflite-loadgen`/tmp/mlperf_log_summary.txt && mkdir -p "$CK_MLPERF_POWER_CLIENT_LOADGEN_LOGS" && cp "$CK_MLPERF_POWER_CLIENT_LOADGEN_LOGS"/../mlperf_log_* "$CK_MLPERF_POWER_CLIENT_LOADGEN_LOGS"/'
client 2021-02-28 11:02:00,504 [INFO] Sending command to the server: 'session,2021-02-28_10-40-31,stop,testing'
client 2021-02-28 11:02:10,636 [INFO] Got response: 'OK'
client 2021-02-28 11:02:10,636 [INFO] Done runs
