client 2021-03-17 05:50:55,907 [WARNING] Removing old loadgen logs directory '/home/scratch.mlperf_inf_ci/mlPerf/L1/XavierNX_MaxQ-Commputelab-XavierNX-MaxQ-L1-2-2021-03-17-10-42-27-UTC/mlperf-inference/closed/NVIDIA/build/power_logs_temp'
client 2021-03-17 05:50:55,917 [INFO] Sending command to the server: 'mlcommons/power client v3'
client 2021-03-17 05:50:55,923 [INFO] Got response: 'mlcommons/power server v3'
client 2021-03-17 05:50:55,924 [INFO] Sending command to the server: 'stop'
client 2021-03-17 05:50:55,926 [INFO] Got response: 'OK'
client 2021-03-17 05:50:55,926 [INFO] Synchronizing with the server and with ib-01.dc4-in.nvidia.com...
client 2021-03-17 05:50:56,157 [INFO] NTP:offset = 0.004 s, delay = 0.202 s 
client 2021-03-17 05:50:56,158 [INFO] Sending command to the server: 'time'
client 2021-03-17 05:50:56,160 [INFO] Got response: '1615985456.2085855'
client 2021-03-17 05:50:56,160 [INFO] The time difference between the client and the server is within range -50.545 ms..-48.075 ms
client 2021-03-17 05:50:56,160 [INFO] Sending command to the server: 'new,,4e135113-f74d-4402-a42a-a3b3d6d48f54'
client 2021-03-17 05:50:56,163 [INFO] Got response: 'OK 2021-03-17_05-50-56,0a0154f7-bcd5-43dd-bc8d-d7a488ee8a59'
client 2021-03-17 05:50:56,163 [INFO] Session id is '2021-03-17_05-50-56'
client 2021-03-17 05:50:56,164 [INFO] Sources: {"sources": {"client.py": "d1e75cb4b26101220ebd242e584cf3ca5d8f1996", "lib/__init__.py": "da39a3ee5e6b4b0d3255bfef95601890afd80709", "lib/client.py": "d42bebf5b74cb6ff3997e2a6c68422afac111a28", "lib/common.py": "b0bad80d8fa328a7636027d4d66ff453f8dd7889", "lib/external/ntplib.py": "4da8f970656505a40483206ef2b5d3dd5e81711d", "lib/server.py": "2ed36471c7af565d6c8438b2134edad1d7ddf166", "lib/source_hashes.py": "4cedff274c661cb1504052018fd4f00dfbf624ef", "lib/summary.py": "0db15d783907aa92038281af4e465545c0648ddb", "lib/time_sync.py": "76051226ec89287839723352f4162aaa24e0546a", "server.py": "99e1310e3f76292aef1b8792ce6b8c82f1d44d8b", "tests/unit/test_server.py": "64f11775bfed35232a0e8bb9593c0ff992432c59", "tests/unit/test_source_hashes.py": "cb41a7261eaf7d94ba5c0aae9c523174f6204be3"}, "modules": {"__main__": "client.py", "lib.client": "lib/client.py", "lib.common": "lib/common.py", "lib.external.ntplib": "lib/external/ntplib.py", "lib.source_hashes": "lib/source_hashes.py", "lib.summary": "lib/summary.py", "lib.time_sync": "lib/time_sync.py"}}
client 2021-03-17 05:50:56,167 [INFO] Running workload in ranging mode
client 2021-03-17 05:50:56,167 [INFO] Synchronizing with the server and with ib-01.dc4-in.nvidia.com...
client 2021-03-17 05:50:56,376 [INFO] NTP:offset = 0.004 s, delay = 0.202 s 
client 2021-03-17 05:50:56,377 [INFO] Sending command to the server: 'time'
client 2021-03-17 05:50:56,379 [INFO] Got response: '1615985456.4272308'
client 2021-03-17 05:50:56,379 [INFO] The time difference between the client and the server is within range -49.983 ms..-47.441 ms
client 2021-03-17 05:50:56,380 [INFO] Sending command to the server: 'session,2021-03-17_05-50-56,start,ranging'
client 2021-03-17 05:51:25,333 [INFO] Got response: 'OK'
client 2021-03-17 05:51:25,333 [INFO] Running the workload 'LOG_DIR=/home/scratch.mlperf_inf_ci/mlPerf/L1/XavierNX_MaxQ-Commputelab-XavierNX-MaxQ-L1-2-2021-03-17-10-42-27-UTC/mlperf-inference/closed/NVIDIA/build/power_logs_temp python3 code/main.py --benchmarks=bert --scenarios=Offline --test_mode=PerformanceOnly --config_ver=maxq --action="run_harness" \\\n\t\t&& cp -v /home/scratch.mlperf_inf_ci/mlPerf/L1/XavierNX_MaxQ-Commputelab-XavierNX-MaxQ-L1-2-2021-03-17-10-42-27-UTC/mlperf-inference/closed/NVIDIA/build/power_logs_temp/*/*/*/mlperf_log_detail.txt /home/scratch.mlperf_inf_ci/mlPerf/L1/XavierNX_MaxQ-Commputelab-XavierNX-MaxQ-L1-2-2021-03-17-10-42-27-UTC/mlperf-inference/closed/NVIDIA/build/power_logs_temp/ \\\n\t\t&& cp -v /home/scratch.mlperf_inf_ci/mlPerf/L1/XavierNX_MaxQ-Commputelab-XavierNX-MaxQ-L1-2-2021-03-17-10-42-27-UTC/mlperf-inference/closed/NVIDIA/build/power_logs_temp/*/*/*/mlperf_log_summary.txt /home/scratch.mlperf_inf_ci/mlPerf/L1/XavierNX_MaxQ-Commputelab-XavierNX-MaxQ-L1-2-2021-03-17-10-42-27-UTC/mlperf-inference/closed/NVIDIA/build/power_logs_temp/'
client 2021-03-17 06:03:25,211 [INFO] Sending command to the server: 'session,2021-03-17_05-50-56,stop,ranging'
client 2021-03-17 06:03:35,520 [INFO] Got response: 'OK'
client 2021-03-17 06:03:35,529 [INFO] Packing logs into zip and uploading to the server
client 2021-03-17 06:03:35,624 [INFO] Zip file size: 63.6 kB
client 2021-03-17 06:03:35,647 [INFO] Got response: 'OK'
client 2021-03-17 06:03:35,649 [INFO] Running workload in testing mode
client 2021-03-17 06:03:35,649 [INFO] Synchronizing with the server and with ib-01.dc4-in.nvidia.com...
client 2021-03-17 06:03:35,859 [INFO] NTP:offset = 0.005 s, delay = 0.203 s 
client 2021-03-17 06:03:35,860 [INFO] Sending command to the server: 'time'
client 2021-03-17 06:03:35,861 [INFO] Got response: '1615986215.9027433'
client 2021-03-17 06:03:35,862 [INFO] The time difference between the client and the server is within range -42.717 ms..-40.527 ms
client 2021-03-17 06:03:35,862 [INFO] Sending command to the server: 'session,2021-03-17_05-50-56,start,testing'
client 2021-03-17 06:03:48,948 [INFO] Got response: 'OK'
client 2021-03-17 06:03:48,949 [INFO] Running the workload 'LOG_DIR=/home/scratch.mlperf_inf_ci/mlPerf/L1/XavierNX_MaxQ-Commputelab-XavierNX-MaxQ-L1-2-2021-03-17-10-42-27-UTC/mlperf-inference/closed/NVIDIA/build/power_logs_temp python3 code/main.py --benchmarks=bert --scenarios=Offline --test_mode=PerformanceOnly --config_ver=maxq --action="run_harness" \\\n\t\t&& cp -v /home/scratch.mlperf_inf_ci/mlPerf/L1/XavierNX_MaxQ-Commputelab-XavierNX-MaxQ-L1-2-2021-03-17-10-42-27-UTC/mlperf-inference/closed/NVIDIA/build/power_logs_temp/*/*/*/mlperf_log_detail.txt /home/scratch.mlperf_inf_ci/mlPerf/L1/XavierNX_MaxQ-Commputelab-XavierNX-MaxQ-L1-2-2021-03-17-10-42-27-UTC/mlperf-inference/closed/NVIDIA/build/power_logs_temp/ \\\n\t\t&& cp -v /home/scratch.mlperf_inf_ci/mlPerf/L1/XavierNX_MaxQ-Commputelab-XavierNX-MaxQ-L1-2-2021-03-17-10-42-27-UTC/mlperf-inference/closed/NVIDIA/build/power_logs_temp/*/*/*/mlperf_log_summary.txt /home/scratch.mlperf_inf_ci/mlPerf/L1/XavierNX_MaxQ-Commputelab-XavierNX-MaxQ-L1-2-2021-03-17-10-42-27-UTC/mlperf-inference/closed/NVIDIA/build/power_logs_temp/'
client 2021-03-17 06:15:40,149 [INFO] Sending command to the server: 'session,2021-03-17_05-50-56,stop,testing'
client 2021-03-17 06:15:50,312 [INFO] Got response: 'OK'
client 2021-03-17 06:15:50,321 [INFO] Packing logs into zip and uploading to the server
client 2021-03-17 06:15:50,402 [INFO] Zip file size: 63.6 kB
client 2021-03-17 06:15:50,424 [INFO] Got response: 'OK'
client 2021-03-17 06:15:50,425 [INFO] Done runs
