ptd-server 2021-03-17 05:50:55,974 [INFO] Got command from the client 'stop'
ptd-server 2021-03-17 05:50:55,974 [INFO] The server will be stopped after processing this client
ptd-server 2021-03-17 05:50:55,974 [INFO] Sending reply to client 'OK'
ptd-server 2021-03-17 05:50:56,208 [INFO] Got command from the client 'time'
ptd-server 2021-03-17 05:50:56,208 [INFO] Sending reply to client '1615985456.2085855'
ptd-server 2021-03-17 05:50:56,208 [INFO] Got command from the client 'new,,4e135113-f74d-4402-a42a-a3b3d6d48f54'
ptd-server 2021-03-17 05:50:56,208 [INFO] Sending reply to client 'OK 2021-03-17_05-50-56,0a0154f7-bcd5-43dd-bc8d-d7a488ee8a59'
ptd-server 2021-03-17 05:50:56,427 [INFO] Got command from the client 'time'
ptd-server 2021-03-17 05:50:56,427 [INFO] Sending reply to client '1615985456.4272308'
ptd-server 2021-03-17 05:50:56,427 [INFO] Got command from the client 'session,2021-03-17_05-50-56,start,ranging'
ptd-server 2021-03-17 05:50:56,536 [INFO] Running PTDaemon: ['C:\\PTD\\ptd-windows-x86.exe', '-l', 'C:\\logs_ptdeamon.txt', '-p', '8888', '-c', '1', '-y', '52', '10.32.209.251']
ptd-server 2021-03-17 05:51:14,331 [INFO] Sending to ptd: 'Hello'
ptd-server 2021-03-17 05:51:14,331 [INFO] Reply from ptd: 'Hello, PTDaemon here!'
ptd-server 2021-03-17 05:51:14,331 [INFO] Sending to ptd: 'Identify'
ptd-server 2021-03-17 05:51:14,331 [INFO] Reply from ptd: 'YokogawaWT330E,1000,1,1,1,1,0,0,1,version=1.9.2-3976349f-20201208,OS=Windows 8 / Server 2012,mode=power,1,1,1,0,0,no_cal_date,YOKOGAWA;WT333E;C2VL22012V;F1.03'
ptd-server 2021-03-17 05:51:14,331 [INFO] Connected to PTDaemon
ptd-server 2021-03-17 05:51:14,331 [INFO] Sending to ptd: 'RR'
ptd-server 2021-03-17 05:51:14,331 [INFO] Reply from ptd: 'Ranges,0,0.500000,0,150.000000'
ptd-server 2021-03-17 05:51:14,331 [INFO] Initial range for Amps is 0.500000 for Volts is 150.000000
ptd-server 2021-03-17 05:51:14,331 [INFO] Sending to ptd: 'SR,V,Auto'
ptd-server 2021-03-17 05:51:14,847 [INFO] Reply from ptd: 'Range V changed'
ptd-server 2021-03-17 05:51:14,847 [INFO] Sending to ptd: 'SR,A,Auto'
ptd-server 2021-03-17 05:51:15,362 [INFO] Reply from ptd: 'Range A changed'
ptd-server 2021-03-17 05:51:25,377 [INFO] Starting ranging mode
ptd-server 2021-03-17 05:51:25,377 [INFO] Sending to ptd: 'Go,1000,0,2021-03-17_05-50-56_ranging'
ptd-server 2021-03-17 05:51:25,377 [INFO] Reply from ptd: 'Starting untimed measurement, maximum 500000 samples at 1000ms with 0 rampup samples'
ptd-server 2021-03-17 05:51:25,377 [INFO] Sending reply to client 'OK'
ptd-server 2021-03-17 06:03:25,264 [INFO] Got command from the client 'session,2021-03-17_05-50-56,stop,ranging'
ptd-server 2021-03-17 06:03:35,277 [INFO] Sending to ptd: 'Stop'
ptd-server 2021-03-17 06:03:35,277 [INFO] Reply from ptd: 'Stopping untimed measurement'
ptd-server 2021-03-17 06:03:35,559 [INFO] Sending reply to client 'OK'
ptd-server 2021-03-17 06:03:35,668 [INFO] Got command from the client 'session,2021-03-17_05-50-56,upload,ranging'
ptd-server 2021-03-17 06:03:35,668 [INFO] Received 'C:\\ptd-logs\\2021-03-17_05-50-56ranging.tmp'
ptd-server 2021-03-17 06:03:35,684 [INFO] Extracted 'C:\\ptd-logs\\2021-03-17_05-50-56ranging.tmp' into 'C:\\ptd-logs\\2021-03-17_05-50-56\\ranging'
ptd-server 2021-03-17 06:03:35,684 [INFO] Removed 'C:\\ptd-logs\\2021-03-17_05-50-56ranging.tmp'
ptd-server 2021-03-17 06:03:35,699 [INFO] Sending reply to client 'OK'
ptd-server 2021-03-17 06:03:35,902 [INFO] Got command from the client 'time'
ptd-server 2021-03-17 06:03:35,902 [INFO] Sending reply to client '1615986215.9027433'
ptd-server 2021-03-17 06:03:35,902 [INFO] Got command from the client 'session,2021-03-17_05-50-56,start,testing'
ptd-server 2021-03-17 06:03:35,902 [INFO] Sending to ptd: 'SR,V,119.460000'
ptd-server 2021-03-17 06:03:37,449 [INFO] Reply from ptd: 'Range V changed'
ptd-server 2021-03-17 06:03:37,449 [INFO] Sending to ptd: 'SR,A,0.298400'
ptd-server 2021-03-17 06:03:38,980 [INFO] Reply from ptd: 'Range A changed'
ptd-server 2021-03-17 06:03:48,993 [INFO] Starting testing mode
ptd-server 2021-03-17 06:03:48,993 [INFO] Sending to ptd: 'Go,1000,0,2021-03-17_05-50-56_testing'
ptd-server 2021-03-17 06:03:48,993 [INFO] Reply from ptd: 'Starting untimed measurement, maximum 500000 samples at 1000ms with 0 rampup samples'
ptd-server 2021-03-17 06:03:48,993 [INFO] Sending reply to client 'OK'
ptd-server 2021-03-17 06:15:40,194 [INFO] Got command from the client 'session,2021-03-17_05-50-56,stop,testing'
ptd-server 2021-03-17 06:15:50,213 [INFO] Sending to ptd: 'Stop'
ptd-server 2021-03-17 06:15:50,213 [INFO] Reply from ptd: 'Stopping untimed measurement'
ptd-server 2021-03-17 06:15:50,354 [INFO] Sending reply to client 'OK'
ptd-server 2021-03-17 06:15:50,448 [INFO] Got command from the client 'session,2021-03-17_05-50-56,upload,testing'
ptd-server 2021-03-17 06:15:50,448 [INFO] Received 'C:\\ptd-logs\\2021-03-17_05-50-56testing.tmp'
ptd-server 2021-03-17 06:15:50,463 [INFO] Extracted 'C:\\ptd-logs\\2021-03-17_05-50-56testing.tmp' into 'C:\\ptd-logs\\2021-03-17_05-50-56\\run_1'
ptd-server 2021-03-17 06:15:50,479 [INFO] Removed 'C:\\ptd-logs\\2021-03-17_05-50-56testing.tmp'
ptd-server 2021-03-17 06:15:50,479 [INFO] Sending reply to client 'OK'
ptd-server 2021-03-17 06:15:50,479 [INFO] Got command from the client 'session,2021-03-17_05-50-56,upload,client.log'
ptd-server 2021-03-17 06:15:50,479 [INFO] Received 'C:\\ptd-logs\\2021-03-17_05-50-56client.log.tmp'
ptd-server 2021-03-17 06:15:50,494 [INFO] Removed 'C:\\ptd-logs\\2021-03-17_05-50-56client.log.tmp'
ptd-server 2021-03-17 06:15:50,494 [INFO] Sending reply to client 'OK'
ptd-server 2021-03-17 06:15:50,541 [INFO] Got command from the client 'session,2021-03-17_05-50-56,upload,client.json'
ptd-server 2021-03-17 06:15:50,541 [INFO] Received 'C:\\ptd-logs\\2021-03-17_05-50-56client.json.tmp'
ptd-server 2021-03-17 06:15:50,541 [INFO] Removed 'C:\\ptd-logs\\2021-03-17_05-50-56client.json.tmp'
ptd-server 2021-03-17 06:15:50,541 [INFO] Sending reply to client 'OK'
ptd-server 2021-03-17 06:15:50,541 [INFO] Got command from the client 'session,2021-03-17_05-50-56,done'
ptd-server 2021-03-17 06:15:50,557 [INFO] Sending to ptd: 'Stop'
ptd-server 2021-03-17 06:15:51,010 [INFO] Reply from ptd: 'Error: no measurement to stop'
ptd-server 2021-03-17 06:15:51,010 [INFO] Sending to ptd: 'SR,V,150.000000'
ptd-server 2021-03-17 06:15:52,541 [INFO] Reply from ptd: 'Range V changed'
ptd-server 2021-03-17 06:15:52,541 [INFO] Sending to ptd: 'SR,A,0.500000'
ptd-server 2021-03-17 06:15:54,072 [INFO] Reply from ptd: 'Range A changed'
ptd-server 2021-03-17 06:15:54,072 [INFO] Set initial values for Amps 0.500000 and Volts 150.000000
ptd-server 2021-03-17 06:15:54,072 [INFO] Stopping ptd...
