ptd-server 2021-03-19 02:11:28,437 [INFO] Got command from the client 'time'
ptd-server 2021-03-19 02:11:28,437 [INFO] Sending reply to client '1616137888.437758'
ptd-server 2021-03-19 02:11:28,437 [INFO] Got command from the client 'new,ssd-resnet34_Offline,24fc014e-1bd3-4bd4-84b9-d9f35d318568'
ptd-server 2021-03-19 02:11:28,437 [INFO] Sending reply to client 'OK 2021-03-19_02-11-28_ssd-resnet34_Offline,7a53e8fc-b5b9-47b7-95b4-8e21b42c8f81'
ptd-server 2021-03-19 02:11:28,447 [INFO] Got command from the client 'time'
ptd-server 2021-03-19 02:11:28,447 [INFO] Sending reply to client '1616137888.447759'
ptd-server 2021-03-19 02:11:28,447 [INFO] Got command from the client 'session,2021-03-19_02-11-28_ssd-resnet34_Offline,start,ranging'
ptd-server 2021-03-19 02:11:28,548 [INFO] Running PTDaemon: ['.\\ptd-windows-x86.exe', '-l', '.\\logs_ptdeamon.txt', '-p', '8888', '-g', '8', '1']
ptd-server 2021-03-19 02:11:41,169 [INFO] Sending to ptd: 'Hello'
ptd-server 2021-03-19 02:11:41,169 [INFO] Reply from ptd: 'Hello, PTDaemon here!'
ptd-server 2021-03-19 02:11:41,169 [INFO] Sending to ptd: 'Identify'
ptd-server 2021-03-19 02:11:41,169 [INFO] Reply from ptd: 'YokogawaWT210,1000,1,1,1,1,0,0,1,version=1.9.2-3976349f-20201208,OS=Windows 8 / Server 2012,mode=power,1,1,1,0,0,no_cal_date,YOKOGAWA;760401;0;F1.12'
ptd-server 2021-03-19 02:11:41,169 [INFO] Connected to PTDaemon
ptd-server 2021-03-19 02:11:41,169 [INFO] Sending to ptd: 'RR'
ptd-server 2021-03-19 02:11:41,169 [INFO] Reply from ptd: 'Ranges,1,10.000000,1,150.000000'
ptd-server 2021-03-19 02:11:41,169 [INFO] Initial range for Amps is Auto for Volts is Auto
ptd-server 2021-03-19 02:11:41,169 [INFO] Sending to ptd: 'SR,V,Auto'
ptd-server 2021-03-19 02:11:41,689 [INFO] Reply from ptd: 'Range V changed'
ptd-server 2021-03-19 02:11:41,689 [INFO] Sending to ptd: 'SR,A,Auto'
ptd-server 2021-03-19 02:11:42,209 [INFO] Reply from ptd: 'Range A changed'
ptd-server 2021-03-19 02:11:52,219 [INFO] Starting ranging mode
ptd-server 2021-03-19 02:11:52,219 [INFO] Sending to ptd: 'Go,1000,0,2021-03-19_02-11-28_ssd-resnet34_Offline_ranging'
ptd-server 2021-03-19 02:11:52,219 [INFO] Reply from ptd: 'Starting untimed measurement, maximum 500000 samples at 1000ms with 0 rampup samples'
ptd-server 2021-03-19 02:11:52,219 [INFO] Sending reply to client 'OK'
ptd-server 2021-03-19 02:23:59,393 [INFO] Got command from the client 'session,2021-03-19_02-11-28_ssd-resnet34_Offline,stop,ranging'
ptd-server 2021-03-19 02:24:09,394 [INFO] Sending to ptd: 'Stop'
ptd-server 2021-03-19 02:24:09,394 [INFO] Reply from ptd: 'Stopping untimed measurement'
ptd-server 2021-03-19 02:24:09,644 [INFO] Sending reply to client 'OK'
ptd-server 2021-03-19 02:24:09,644 [INFO] Got command from the client 'time'
ptd-server 2021-03-19 02:24:09,644 [INFO] Sending reply to client '1616138649.6440542'
ptd-server 2021-03-19 02:24:09,644 [INFO] Got command from the client 'session,2021-03-19_02-11-28_ssd-resnet34_Offline,start,testing'
ptd-server 2021-03-19 02:24:09,644 [INFO] Sending to ptd: 'SR,V,122.220000'
ptd-server 2021-03-19 02:24:11,744 [INFO] Reply from ptd: 'Range V changed'
ptd-server 2021-03-19 02:24:11,744 [INFO] Sending to ptd: 'SR,A,6.567000'
ptd-server 2021-03-19 02:24:13,264 [INFO] Reply from ptd: 'Range A changed'
ptd-server 2021-03-19 02:24:23,276 [INFO] Starting testing mode
ptd-server 2021-03-19 02:24:23,276 [INFO] Sending to ptd: 'Go,1000,0,2021-03-19_02-11-28_ssd-resnet34_Offline_testing'
ptd-server 2021-03-19 02:24:23,276 [INFO] Reply from ptd: 'Starting untimed measurement, maximum 500000 samples at 1000ms with 0 rampup samples'
ptd-server 2021-03-19 02:24:23,276 [INFO] Sending reply to client 'OK'
ptd-server 2021-03-19 02:36:30,516 [INFO] Got command from the client 'session,2021-03-19_02-11-28_ssd-resnet34_Offline,stop,testing'
ptd-server 2021-03-19 02:36:40,517 [INFO] Sending to ptd: 'Stop'
ptd-server 2021-03-19 02:36:40,517 [INFO] Reply from ptd: 'Stopping untimed measurement'
ptd-server 2021-03-19 02:36:40,656 [INFO] Sending reply to client 'OK'
ptd-server 2021-03-19 02:36:40,656 [INFO] Got command from the client 'session,2021-03-19_02-11-28_ssd-resnet34_Offline,upload,client.log'
ptd-server 2021-03-19 02:36:40,656 [INFO] Received '.\\outdir\\2021-03-19_02-11-28_ssd-resnet34_Offlineclient.log.tmp'
ptd-server 2021-03-19 02:36:40,666 [INFO] Removed '.\\outdir\\2021-03-19_02-11-28_ssd-resnet34_Offlineclient.log.tmp'
ptd-server 2021-03-19 02:36:40,666 [INFO] Sending reply to client 'OK'
ptd-server 2021-03-19 02:36:40,666 [INFO] Got command from the client 'session,2021-03-19_02-11-28_ssd-resnet34_Offline,upload,client.json'
ptd-server 2021-03-19 02:36:40,676 [INFO] Received '.\\outdir\\2021-03-19_02-11-28_ssd-resnet34_Offlineclient.json.tmp'
ptd-server 2021-03-19 02:36:40,676 [INFO] Removed '.\\outdir\\2021-03-19_02-11-28_ssd-resnet34_Offlineclient.json.tmp'
ptd-server 2021-03-19 02:36:40,676 [INFO] Sending reply to client 'OK'
ptd-server 2021-03-19 02:36:40,686 [INFO] Got command from the client 'session,2021-03-19_02-11-28_ssd-resnet34_Offline,done'
ptd-server 2021-03-19 02:36:40,686 [INFO] Sending to ptd: 'Stop'
ptd-server 2021-03-19 02:36:41,287 [INFO] Reply from ptd: 'Error: no measurement to stop'
ptd-server 2021-03-19 02:36:41,287 [INFO] Sending to ptd: 'SR,V,Auto'
ptd-server 2021-03-19 02:36:41,807 [INFO] Reply from ptd: 'Range V changed'
ptd-server 2021-03-19 02:36:41,807 [INFO] Sending to ptd: 'SR,A,Auto'
ptd-server 2021-03-19 02:36:42,337 [INFO] Reply from ptd: 'Range A changed'
ptd-server 2021-03-19 02:36:42,337 [INFO] Set initial values for Amps Auto and Volts Auto
ptd-server 2021-03-19 02:36:42,337 [INFO] Stopping ptd...
