ptd-server 2021-03-05 15:12:09,474 [INFO] Got command from the client 'time'
ptd-server 2021-03-05 15:12:09,474 [INFO] Sending reply to client '1614957129.4742243'
ptd-server 2021-03-05 15:12:09,477 [INFO] Got command from the client 'new,,986ccaf6-5485-4182-8761-d6aefb93e71e'
ptd-server 2021-03-05 15:12:09,477 [INFO] Sending reply to client 'OK 2021-03-05_15-12-09,df9161e4-23e9-421a-8868-da8f7694eded'
ptd-server 2021-03-05 15:12:09,519 [INFO] Got command from the client 'time'
ptd-server 2021-03-05 15:12:09,519 [INFO] Sending reply to client '1614957129.5196157'
ptd-server 2021-03-05 15:12:09,522 [INFO] Got command from the client 'session,2021-03-05_15-12-09,start,ranging'
ptd-server 2021-03-05 15:12:09,522 [INFO] Running PTDaemon: ['/home/anton/projects/mlperf/power/inference_v1.0/ptd-linux-x86', '-l', 'ptd.log', '-p', '8888', '52', '/dev/usbtmc0']
ptd-server 2021-03-05 15:12:26,691 [INFO] Sending to ptd: 'Hello'
ptd-server 2021-03-05 15:12:26,692 [INFO] Reply from ptd: 'Hello, PTDaemon here!'
ptd-server 2021-03-05 15:12:26,692 [INFO] Sending to ptd: 'Identify'
ptd-server 2021-03-05 15:12:26,692 [INFO] Reply from ptd: 'YokogawaWT330E,1000,1,1,1,1,0,0,1,version=1.9.2-e8c7a49a-20201208,OS=Linux 5.8.0-43-generic #49~20.04.1-Ubuntu SMP Fri Feb 5 09:57:56 UTC 2021 x86_64,mode=power,1,1,1,0,0,no_cal_date,YOKOGAWA;WT333E;C3VD30030E;F1.04'
ptd-server 2021-03-05 15:12:26,692 [INFO] Connected to PTDaemon
ptd-server 2021-03-05 15:12:26,693 [INFO] Sending to ptd: 'RR'
ptd-server 2021-03-05 15:12:26,693 [INFO] Reply from ptd: 'Ranges,0,0.500000,0,300.000000'
ptd-server 2021-03-05 15:12:26,693 [INFO] Initial range for Amps is 0.500000 for Volts is 300.000000
ptd-server 2021-03-05 15:12:26,693 [INFO] Sending to ptd: 'SR,V,Auto'
ptd-server 2021-03-05 15:12:27,229 [INFO] Reply from ptd: 'Range V changed'
ptd-server 2021-03-05 15:12:27,229 [INFO] Sending to ptd: 'SR,A,Auto'
ptd-server 2021-03-05 15:12:27,732 [INFO] Reply from ptd: 'Range A changed'
ptd-server 2021-03-05 15:12:37,742 [INFO] Starting ranging mode
ptd-server 2021-03-05 15:12:37,742 [INFO] Sending to ptd: 'Go,1000,0,2021-03-05_15-12-09_ranging'
ptd-server 2021-03-05 15:12:37,742 [INFO] Reply from ptd: 'Starting untimed measurement, maximum 500000 samples at 1000ms with 0 rampup samples'
ptd-server 2021-03-05 15:12:37,743 [INFO] Sending reply to client 'OK'
ptd-server 2021-03-05 15:23:09,181 [INFO] Got command from the client 'session,2021-03-05_15-12-09,stop,ranging'
ptd-server 2021-03-05 15:23:19,192 [INFO] Sending to ptd: 'Stop'
ptd-server 2021-03-05 15:23:19,192 [INFO] Reply from ptd: 'Stopping untimed measurement'
ptd-server 2021-03-05 15:23:19,521 [INFO] Sending reply to client 'OK'
ptd-server 2021-03-05 15:23:19,593 [INFO] Got command from the client 'time'
ptd-server 2021-03-05 15:23:19,594 [INFO] Sending reply to client '1614957799.5939777'
ptd-server 2021-03-05 15:23:19,597 [INFO] Got command from the client 'session,2021-03-05_15-12-09,start,testing'
ptd-server 2021-03-05 15:23:19,597 [INFO] Sending to ptd: 'SR,V,249.700000'
ptd-server 2021-03-05 15:23:21,244 [INFO] Reply from ptd: 'Range V changed'
ptd-server 2021-03-05 15:23:21,244 [INFO] Sending to ptd: 'SR,A,0.057390'
ptd-server 2021-03-05 15:23:22,745 [INFO] Reply from ptd: 'Range A changed'
ptd-server 2021-03-05 15:23:32,756 [INFO] Starting testing mode
ptd-server 2021-03-05 15:23:32,756 [INFO] Sending to ptd: 'Go,1000,0,2021-03-05_15-12-09_testing'
ptd-server 2021-03-05 15:23:32,756 [INFO] Reply from ptd: 'Starting untimed measurement, maximum 500000 samples at 1000ms with 0 rampup samples'
ptd-server 2021-03-05 15:23:32,756 [INFO] Sending reply to client 'OK'
ptd-server 2021-03-05 15:34:09,141 [INFO] Got command from the client 'session,2021-03-05_15-12-09,stop,testing'
ptd-server 2021-03-05 15:34:19,151 [INFO] Sending to ptd: 'Stop'
ptd-server 2021-03-05 15:34:19,151 [INFO] Reply from ptd: 'Stopping untimed measurement'
ptd-server 2021-03-05 15:34:19,328 [INFO] Sending reply to client 'OK'
ptd-server 2021-03-05 15:34:19,336 [INFO] Got command from the client 'session,2021-03-05_15-12-09,upload,client.log'
ptd-server 2021-03-05 15:34:19,339 [INFO] Received '/home/anton/projects/mlperf/power-dev/output/2021-03-05_15-12-09client.log.tmp'
ptd-server 2021-03-05 15:34:19,340 [INFO] Removed '/home/anton/projects/mlperf/power-dev/output/2021-03-05_15-12-09client.log.tmp'
ptd-server 2021-03-05 15:34:19,340 [INFO] Sending reply to client 'OK'
ptd-server 2021-03-05 15:34:19,352 [INFO] Got command from the client 'session,2021-03-05_15-12-09,upload,client.json'
ptd-server 2021-03-05 15:34:19,355 [INFO] Received '/home/anton/projects/mlperf/power-dev/output/2021-03-05_15-12-09client.json.tmp'
ptd-server 2021-03-05 15:34:19,356 [INFO] Removed '/home/anton/projects/mlperf/power-dev/output/2021-03-05_15-12-09client.json.tmp'
ptd-server 2021-03-05 15:34:19,357 [INFO] Sending reply to client 'OK'
ptd-server 2021-03-05 15:34:19,359 [INFO] Got command from the client 'session,2021-03-05_15-12-09,done'
ptd-server 2021-03-05 15:34:19,360 [INFO] Sending to ptd: 'Stop'
ptd-server 2021-03-05 15:34:19,756 [INFO] Reply from ptd: 'Error: no measurement to stop'
ptd-server 2021-03-05 15:34:19,756 [INFO] Sending to ptd: 'SR,V,300.000000'
ptd-server 2021-03-05 15:34:21,258 [INFO] Reply from ptd: 'Range V changed'
ptd-server 2021-03-05 15:34:21,258 [INFO] Sending to ptd: 'SR,A,0.500000'
ptd-server 2021-03-05 15:34:22,759 [INFO] Reply from ptd: 'Range A changed'
ptd-server 2021-03-05 15:34:22,759 [INFO] Set initial values for Amps 0.500000 and Volts 300.000000
ptd-server 2021-03-05 15:34:22,759 [INFO] Stopping ptd...
