ptd-server 2021-03-02 01:55:22,277 [INFO] Got command from the client 'time'
ptd-server 2021-03-02 01:55:22,278 [INFO] Sending reply to client '1614650122.2780795'
ptd-server 2021-03-02 01:55:22,279 [INFO] Got command from the client 'new,,fa50af18-eaba-4dec-a98e-dc116626c627'
ptd-server 2021-03-02 01:55:22,279 [INFO] Sending reply to client 'OK 2021-03-02_01-55-22,e476c752-1e34-4592-93f0-c029d5bbcf89'
ptd-server 2021-03-02 01:55:22,317 [INFO] Got command from the client 'time'
ptd-server 2021-03-02 01:55:22,317 [INFO] Sending reply to client '1614650122.3178685'
ptd-server 2021-03-02 01:55:22,318 [INFO] Got command from the client 'session,2021-03-02_01-55-22,start,ranging'
ptd-server 2021-03-02 01:55:22,319 [INFO] Running PTDaemon: ['/home/anton/projects/mlperf/power/inference_v1.0/ptd-linux-x86', '-l', 'ptd.log', '-p', '8888', '52', '/dev/usbtmc0']
ptd-server 2021-03-02 01:55:39,487 [INFO] Sending to ptd: 'Hello'
ptd-server 2021-03-02 01:55:39,488 [INFO] Reply from ptd: 'Hello, PTDaemon here!'
ptd-server 2021-03-02 01:55:39,488 [INFO] Sending to ptd: 'Identify'
ptd-server 2021-03-02 01:55:39,488 [INFO] Reply from ptd: 'YokogawaWT330E,1000,1,1,1,1,0,0,1,version=1.9.2-e8c7a49a-20201208,OS=Linux 5.8.0-43-generic #49~20.04.1-Ubuntu SMP Fri Feb 5 09:57:56 UTC 2021 x86_64,mode=power,1,1,1,0,0,no_cal_date,YOKOGAWA;WT333E;C3VD30030E;F1.04'
ptd-server 2021-03-02 01:55:39,489 [INFO] Connected to PTDaemon
ptd-server 2021-03-02 01:55:39,489 [INFO] Sending to ptd: 'RR'
ptd-server 2021-03-02 01:55:39,489 [INFO] Reply from ptd: 'Ranges,0,0.500000,0,300.000000'
ptd-server 2021-03-02 01:55:39,489 [INFO] Initial range for Amps is 0.500000 for Volts is 300.000000
ptd-server 2021-03-02 01:55:39,489 [INFO] Sending to ptd: 'SR,V,Auto'
ptd-server 2021-03-02 01:55:39,992 [INFO] Reply from ptd: 'Range V changed'
ptd-server 2021-03-02 01:55:39,992 [INFO] Sending to ptd: 'SR,A,Auto'
ptd-server 2021-03-02 01:55:40,494 [INFO] Reply from ptd: 'Range A changed'
ptd-server 2021-03-02 01:55:50,505 [INFO] Starting ranging mode
ptd-server 2021-03-02 01:55:50,505 [INFO] Sending to ptd: 'Go,1000,0,2021-03-02_01-55-22_ranging'
ptd-server 2021-03-02 01:55:50,505 [INFO] Reply from ptd: 'Starting untimed measurement, maximum 500000 samples at 1000ms with 0 rampup samples'
ptd-server 2021-03-02 01:55:50,506 [INFO] Sending reply to client 'OK'
ptd-server 2021-03-02 02:06:09,547 [INFO] Got command from the client 'session,2021-03-02_01-55-22,stop,ranging'
ptd-server 2021-03-02 02:06:19,558 [INFO] Sending to ptd: 'Stop'
ptd-server 2021-03-02 02:06:19,558 [INFO] Reply from ptd: 'Stopping untimed measurement'
ptd-server 2021-03-02 02:06:19,839 [INFO] Sending reply to client 'OK'
ptd-server 2021-03-02 02:06:19,876 [INFO] Got command from the client 'time'
ptd-server 2021-03-02 02:06:19,876 [INFO] Sending reply to client '1614650779.8765686'
ptd-server 2021-03-02 02:06:19,877 [INFO] Got command from the client 'session,2021-03-02_01-55-22,start,testing'
ptd-server 2021-03-02 02:06:19,877 [INFO] Sending to ptd: 'SR,V,250.960000'
ptd-server 2021-03-02 02:06:22,007 [INFO] Reply from ptd: 'Range V changed'
ptd-server 2021-03-02 02:06:22,007 [INFO] Sending to ptd: 'SR,A,0.184100'
ptd-server 2021-03-02 02:06:23,508 [INFO] Reply from ptd: 'Range A changed'
ptd-server 2021-03-02 02:06:33,518 [INFO] Starting testing mode
ptd-server 2021-03-02 02:06:33,519 [INFO] Sending to ptd: 'Go,1000,0,2021-03-02_01-55-22_testing'
ptd-server 2021-03-02 02:06:33,519 [INFO] Reply from ptd: 'Starting untimed measurement, maximum 500000 samples at 1000ms with 0 rampup samples'
ptd-server 2021-03-02 02:06:33,519 [INFO] Sending reply to client 'OK'
ptd-server 2021-03-02 02:16:52,286 [INFO] Got command from the client 'session,2021-03-02_01-55-22,stop,testing'
ptd-server 2021-03-02 02:17:02,296 [INFO] Sending to ptd: 'Stop'
ptd-server 2021-03-02 02:17:02,297 [INFO] Reply from ptd: 'Stopping untimed measurement'
ptd-server 2021-03-02 02:17:02,454 [INFO] Sending reply to client 'OK'
ptd-server 2021-03-02 02:17:02,457 [INFO] Got command from the client 'session,2021-03-02_01-55-22,upload,client.log'
ptd-server 2021-03-02 02:17:02,457 [INFO] Received '/home/anton/projects/mlperf/power-dev/output/2021-03-02_01-55-22client.log.tmp'
ptd-server 2021-03-02 02:17:02,458 [INFO] Removed '/home/anton/projects/mlperf/power-dev/output/2021-03-02_01-55-22client.log.tmp'
ptd-server 2021-03-02 02:17:02,458 [INFO] Sending reply to client 'OK'
ptd-server 2021-03-02 02:17:02,462 [INFO] Got command from the client 'session,2021-03-02_01-55-22,upload,client.json'
ptd-server 2021-03-02 02:17:02,462 [INFO] Received '/home/anton/projects/mlperf/power-dev/output/2021-03-02_01-55-22client.json.tmp'
ptd-server 2021-03-02 02:17:02,462 [INFO] Removed '/home/anton/projects/mlperf/power-dev/output/2021-03-02_01-55-22client.json.tmp'
ptd-server 2021-03-02 02:17:02,462 [INFO] Sending reply to client 'OK'
ptd-server 2021-03-02 02:17:02,463 [INFO] Got command from the client 'session,2021-03-02_01-55-22,done'
ptd-server 2021-03-02 02:17:02,463 [INFO] Sending to ptd: 'Stop'
ptd-server 2021-03-02 02:17:02,519 [INFO] Reply from ptd: 'Error: no measurement to stop'
ptd-server 2021-03-02 02:17:02,519 [INFO] Sending to ptd: 'SR,V,300.000000'
ptd-server 2021-03-02 02:17:04,021 [INFO] Reply from ptd: 'Range V changed'
ptd-server 2021-03-02 02:17:04,021 [INFO] Sending to ptd: 'SR,A,0.500000'
ptd-server 2021-03-02 02:17:05,522 [INFO] Reply from ptd: 'Range A changed'
ptd-server 2021-03-02 02:17:05,522 [INFO] Set initial values for Amps 0.500000 and Volts 300.000000
ptd-server 2021-03-02 02:17:05,523 [INFO] Stopping ptd...
