ptd-server 2021-03-07 23:31:52,039 [INFO] Got command from the client 'time'
ptd-server 2021-03-07 23:31:52,039 [INFO] Sending reply to client '1615159912.039697'
ptd-server 2021-03-07 23:31:52,043 [INFO] Got command from the client 'new,,87832804-7f28-466a-9c58-6a593930b358'
ptd-server 2021-03-07 23:31:52,043 [INFO] Sending reply to client 'OK 2021-03-07_23-31-52,7ec48e29-8b17-4858-bef2-4fb8001534d9'
ptd-server 2021-03-07 23:31:52,084 [INFO] Got command from the client 'time'
ptd-server 2021-03-07 23:31:52,084 [INFO] Sending reply to client '1615159912.0847094'
ptd-server 2021-03-07 23:31:52,088 [INFO] Got command from the client 'session,2021-03-07_23-31-52,start,ranging'
ptd-server 2021-03-07 23:31:52,088 [INFO] Running PTDaemon: ['/home/anton/projects/mlperf/power/inference_v1.0/ptd-linux-x86', '-l', 'ptd.log', '-p', '8888', '52', '/dev/usbtmc0']
ptd-server 2021-03-07 23:32:09,258 [INFO] Sending to ptd: 'Hello'
ptd-server 2021-03-07 23:32:09,259 [INFO] Reply from ptd: 'Hello, PTDaemon here!'
ptd-server 2021-03-07 23:32:09,259 [INFO] Sending to ptd: 'Identify'
ptd-server 2021-03-07 23:32:09,259 [INFO] Reply from ptd: 'YokogawaWT330E,1000,1,1,1,1,0,0,1,version=1.9.2-e8c7a49a-20201208,OS=Linux 5.8.0-43-generic #49~20.04.1-Ubuntu SMP Fri Feb 5 09:57:56 UTC 2021 x86_64,mode=power,1,1,1,0,0,no_cal_date,YOKOGAWA;WT333E;C3VD30030E;F1.04'
ptd-server 2021-03-07 23:32:09,260 [INFO] Connected to PTDaemon
ptd-server 2021-03-07 23:32:09,260 [INFO] Sending to ptd: 'RR'
ptd-server 2021-03-07 23:32:09,260 [INFO] Reply from ptd: 'Ranges,0,0.500000,0,300.000000'
ptd-server 2021-03-07 23:32:09,260 [INFO] Initial range for Amps is 0.500000 for Volts is 300.000000
ptd-server 2021-03-07 23:32:09,260 [INFO] Sending to ptd: 'SR,V,Auto'
ptd-server 2021-03-07 23:32:09,763 [INFO] Reply from ptd: 'Range V changed'
ptd-server 2021-03-07 23:32:09,763 [INFO] Sending to ptd: 'SR,A,Auto'
ptd-server 2021-03-07 23:32:10,265 [INFO] Reply from ptd: 'Range A changed'
ptd-server 2021-03-07 23:32:20,276 [INFO] Starting ranging mode
ptd-server 2021-03-07 23:32:20,276 [INFO] Sending to ptd: 'Go,1000,0,2021-03-07_23-31-52_ranging'
ptd-server 2021-03-07 23:32:20,276 [INFO] Reply from ptd: 'Starting untimed measurement, maximum 500000 samples at 1000ms with 0 rampup samples'
ptd-server 2021-03-07 23:32:20,276 [INFO] Sending reply to client 'OK'
ptd-server 2021-03-07 23:42:45,363 [INFO] Got command from the client 'session,2021-03-07_23-31-52,stop,ranging'
ptd-server 2021-03-07 23:42:55,373 [INFO] Sending to ptd: 'Stop'
ptd-server 2021-03-07 23:42:55,373 [INFO] Reply from ptd: 'Stopping untimed measurement'
ptd-server 2021-03-07 23:42:55,975 [INFO] Sending reply to client 'OK'
ptd-server 2021-03-07 23:42:56,023 [INFO] Got command from the client 'time'
ptd-server 2021-03-07 23:42:56,023 [INFO] Sending reply to client '1615160576.0231383'
ptd-server 2021-03-07 23:42:56,027 [INFO] Got command from the client 'session,2021-03-07_23-31-52,start,testing'
ptd-server 2021-03-07 23:42:56,027 [INFO] Sending to ptd: 'SR,V,250.360000'
ptd-server 2021-03-07 23:42:57,777 [INFO] Reply from ptd: 'Range V changed'
ptd-server 2021-03-07 23:42:57,777 [INFO] Sending to ptd: 'SR,A,0.048700'
ptd-server 2021-03-07 23:42:59,279 [INFO] Reply from ptd: 'Range A changed'
ptd-server 2021-03-07 23:43:09,289 [INFO] Starting testing mode
ptd-server 2021-03-07 23:43:09,289 [INFO] Sending to ptd: 'Go,1000,0,2021-03-07_23-31-52_testing'
ptd-server 2021-03-07 23:43:09,290 [INFO] Reply from ptd: 'Starting untimed measurement, maximum 500000 samples at 1000ms with 0 rampup samples'
ptd-server 2021-03-07 23:43:09,290 [INFO] Sending reply to client 'OK'
ptd-server 2021-03-07 23:53:39,273 [INFO] Got command from the client 'session,2021-03-07_23-31-52,stop,testing'
ptd-server 2021-03-07 23:53:49,284 [INFO] Sending to ptd: 'Stop'
ptd-server 2021-03-07 23:53:49,284 [INFO] Reply from ptd: 'Stopping untimed measurement'
ptd-server 2021-03-07 23:53:49,594 [INFO] Sending reply to client 'OK'
ptd-server 2021-03-07 23:53:49,602 [INFO] Got command from the client 'session,2021-03-07_23-31-52,upload,client.log'
ptd-server 2021-03-07 23:53:49,606 [INFO] Received '/home/anton/projects/mlperf/power-dev/output/2021-03-07_23-31-52client.log.tmp'
ptd-server 2021-03-07 23:53:49,606 [INFO] Removed '/home/anton/projects/mlperf/power-dev/output/2021-03-07_23-31-52client.log.tmp'
ptd-server 2021-03-07 23:53:49,606 [INFO] Sending reply to client 'OK'
ptd-server 2021-03-07 23:53:49,619 [INFO] Got command from the client 'session,2021-03-07_23-31-52,upload,client.json'
ptd-server 2021-03-07 23:53:49,622 [INFO] Received '/home/anton/projects/mlperf/power-dev/output/2021-03-07_23-31-52client.json.tmp'
ptd-server 2021-03-07 23:53:49,622 [INFO] Removed '/home/anton/projects/mlperf/power-dev/output/2021-03-07_23-31-52client.json.tmp'
ptd-server 2021-03-07 23:53:49,622 [INFO] Sending reply to client 'OK'
ptd-server 2021-03-07 23:53:49,625 [INFO] Got command from the client 'session,2021-03-07_23-31-52,done'
ptd-server 2021-03-07 23:53:49,625 [INFO] Sending to ptd: 'Stop'
ptd-server 2021-03-07 23:53:49,625 [INFO] Reply from ptd: 'Error: no measurement to stop'
ptd-server 2021-03-07 23:53:49,626 [INFO] Sending to ptd: 'SR,V,300.000000'
ptd-server 2021-03-07 23:53:51,127 [INFO] Reply from ptd: 'Range V changed'
ptd-server 2021-03-07 23:53:51,127 [INFO] Sending to ptd: 'SR,A,0.500000'
ptd-server 2021-03-07 23:53:52,628 [INFO] Reply from ptd: 'Range A changed'
ptd-server 2021-03-07 23:53:52,629 [INFO] Set initial values for Amps 0.500000 and Volts 300.000000
ptd-server 2021-03-07 23:53:52,629 [INFO] Stopping ptd...
