ptd-server 2021-02-28 03:45:18,066 [INFO] Got command from the client 'time'
ptd-server 2021-02-28 03:45:18,066 [INFO] Sending reply to client '1614483918.0665975'
ptd-server 2021-02-28 03:45:18,067 [INFO] Got command from the client 'new,,fd033d60-9a4a-40b5-ae0b-26a6a47e2df3'
ptd-server 2021-02-28 03:45:18,068 [INFO] Sending reply to client 'OK 2021-02-28_03-45-18,fb1c7ca3-468d-47ff-b940-6c7fb3040687'
ptd-server 2021-02-28 03:45:18,105 [INFO] Got command from the client 'time'
ptd-server 2021-02-28 03:45:18,105 [INFO] Sending reply to client '1614483918.1054137'
ptd-server 2021-02-28 03:45:18,106 [INFO] Got command from the client 'session,2021-02-28_03-45-18,start,ranging'
ptd-server 2021-02-28 03:45:18,106 [INFO] Running PTDaemon: ['/home/anton/projects/mlperf/power/inference_v1.0/ptd-linux-x86', '-l', 'ptd.log', '-p', '8888', '52', '/dev/usbtmc0']
ptd-server 2021-02-28 03:45:35,275 [INFO] Sending to ptd: 'Hello'
ptd-server 2021-02-28 03:45:35,276 [INFO] Reply from ptd: 'Hello, PTDaemon here!'
ptd-server 2021-02-28 03:45:35,276 [INFO] Sending to ptd: 'Identify'
ptd-server 2021-02-28 03:45:35,276 [INFO] Reply from ptd: 'YokogawaWT330E,1000,1,1,1,1,0,0,1,version=1.9.2-e8c7a49a-20201208,OS=Linux 5.8.0-43-generic #49~20.04.1-Ubuntu SMP Fri Feb 5 09:57:56 UTC 2021 x86_64,mode=power,1,1,1,0,0,no_cal_date,YOKOGAWA;WT333E;C3VD30030E;F1.04'
ptd-server 2021-02-28 03:45:35,277 [INFO] Connected to PTDaemon
ptd-server 2021-02-28 03:45:35,277 [INFO] Sending to ptd: 'RR'
ptd-server 2021-02-28 03:45:35,277 [INFO] Reply from ptd: 'Ranges,0,0.500000,0,300.000000'
ptd-server 2021-02-28 03:45:35,277 [INFO] Initial range for Amps is 0.500000 for Volts is 300.000000
ptd-server 2021-02-28 03:45:35,277 [INFO] Sending to ptd: 'SR,V,Auto'
ptd-server 2021-02-28 03:45:35,780 [INFO] Reply from ptd: 'Range V changed'
ptd-server 2021-02-28 03:45:35,780 [INFO] Sending to ptd: 'SR,A,Auto'
ptd-server 2021-02-28 03:45:36,283 [INFO] Reply from ptd: 'Range A changed'
ptd-server 2021-02-28 03:45:46,288 [INFO] Starting ranging mode
ptd-server 2021-02-28 03:45:46,288 [INFO] Sending to ptd: 'Go,1000,0,2021-02-28_03-45-18_ranging'
ptd-server 2021-02-28 03:45:46,288 [INFO] Reply from ptd: 'Starting untimed measurement, maximum 500000 samples at 1000ms with 0 rampup samples'
ptd-server 2021-02-28 03:45:46,289 [INFO] Sending reply to client 'OK'
ptd-server 2021-02-28 03:56:04,857 [INFO] Got command from the client 'session,2021-02-28_03-45-18,stop,ranging'
ptd-server 2021-02-28 03:56:14,867 [INFO] Sending to ptd: 'Stop'
ptd-server 2021-02-28 03:56:14,868 [INFO] Reply from ptd: 'Stopping untimed measurement'
ptd-server 2021-02-28 03:56:15,027 [INFO] Sending reply to client 'OK'
ptd-server 2021-02-28 03:56:15,074 [INFO] Got command from the client 'time'
ptd-server 2021-02-28 03:56:15,074 [INFO] Sending reply to client '1614484575.0742602'
ptd-server 2021-02-28 03:56:15,075 [INFO] Got command from the client 'session,2021-02-28_03-45-18,start,testing'
ptd-server 2021-02-28 03:56:15,075 [INFO] Sending to ptd: 'SR,V,251.020000'
ptd-server 2021-02-28 03:56:16,789 [INFO] Reply from ptd: 'Range V changed'
ptd-server 2021-02-28 03:56:16,790 [INFO] Sending to ptd: 'SR,A,0.206680'
ptd-server 2021-02-28 03:56:18,291 [INFO] Reply from ptd: 'Range A changed'
ptd-server 2021-02-28 03:56:28,301 [INFO] Starting testing mode
ptd-server 2021-02-28 03:56:28,301 [INFO] Sending to ptd: 'Go,1000,0,2021-02-28_03-45-18_testing'
ptd-server 2021-02-28 03:56:28,302 [INFO] Reply from ptd: 'Starting untimed measurement, maximum 500000 samples at 1000ms with 0 rampup samples'
ptd-server 2021-02-28 03:56:28,302 [INFO] Sending reply to client 'OK'
ptd-server 2021-02-28 04:06:46,739 [INFO] Got command from the client 'session,2021-02-28_03-45-18,stop,testing'
ptd-server 2021-02-28 04:06:56,749 [INFO] Sending to ptd: 'Stop'
ptd-server 2021-02-28 04:06:56,750 [INFO] Reply from ptd: 'Stopping untimed measurement'
ptd-server 2021-02-28 04:06:56,842 [INFO] Sending reply to client 'OK'
ptd-server 2021-02-28 04:06:56,853 [INFO] Got command from the client 'session,2021-02-28_03-45-18,upload,client.log'
ptd-server 2021-02-28 04:06:56,853 [INFO] Received '/home/anton/projects/mlperf/power-dev/output/2021-02-28_03-45-18client.log.tmp'
ptd-server 2021-02-28 04:06:56,853 [INFO] Removed '/home/anton/projects/mlperf/power-dev/output/2021-02-28_03-45-18client.log.tmp'
ptd-server 2021-02-28 04:06:56,853 [INFO] Sending reply to client 'OK'
ptd-server 2021-02-28 04:06:56,858 [INFO] Got command from the client 'session,2021-02-28_03-45-18,upload,client.json'
ptd-server 2021-02-28 04:06:56,858 [INFO] Received '/home/anton/projects/mlperf/power-dev/output/2021-02-28_03-45-18client.json.tmp'
ptd-server 2021-02-28 04:06:56,859 [INFO] Removed '/home/anton/projects/mlperf/power-dev/output/2021-02-28_03-45-18client.json.tmp'
ptd-server 2021-02-28 04:06:56,859 [INFO] Sending reply to client 'OK'
ptd-server 2021-02-28 04:06:56,860 [INFO] Got command from the client 'session,2021-02-28_03-45-18,done'
ptd-server 2021-02-28 04:06:56,860 [INFO] Sending to ptd: 'Stop'
ptd-server 2021-02-28 04:06:57,302 [INFO] Reply from ptd: 'Error: no measurement to stop'
ptd-server 2021-02-28 04:06:57,303 [INFO] Sending to ptd: 'SR,V,300.000000'
ptd-server 2021-02-28 04:06:58,804 [INFO] Reply from ptd: 'Range V changed'
ptd-server 2021-02-28 04:06:58,804 [INFO] Sending to ptd: 'SR,A,0.500000'
ptd-server 2021-02-28 04:07:00,305 [INFO] Reply from ptd: 'Range A changed'
ptd-server 2021-02-28 04:07:00,306 [INFO] Set initial values for Amps 0.500000 and Volts 300.000000
ptd-server 2021-02-28 04:07:00,306 [INFO] Stopping ptd...
