ptd-server 2021-03-07 02:06:01,847 [INFO] Got command from the client 'time'
ptd-server 2021-03-07 02:06:01,847 [INFO] Sending reply to client '1615082761.8475397'
ptd-server 2021-03-07 02:06:01,850 [INFO] Got command from the client 'new,,d85e18b6-9991-4745-bfc1-2d0b0c500f0d'
ptd-server 2021-03-07 02:06:01,851 [INFO] Sending reply to client 'OK 2021-03-07_02-06-01,c7f23533-4f55-45c3-87e3-b0d6b5d8abe8'
ptd-server 2021-03-07 02:06:01,887 [INFO] Got command from the client 'time'
ptd-server 2021-03-07 02:06:01,887 [INFO] Sending reply to client '1615082761.8873317'
ptd-server 2021-03-07 02:06:01,890 [INFO] Got command from the client 'session,2021-03-07_02-06-01,start,ranging'
ptd-server 2021-03-07 02:06:01,891 [INFO] Running PTDaemon: ['/home/anton/projects/mlperf/power/inference_v1.0/ptd-linux-x86', '-l', 'ptd.log', '-p', '8888', '52', '/dev/usbtmc0']
ptd-server 2021-03-07 02:06:19,060 [INFO] Sending to ptd: 'Hello'
ptd-server 2021-03-07 02:06:19,060 [INFO] Reply from ptd: 'Hello, PTDaemon here!'
ptd-server 2021-03-07 02:06:19,060 [INFO] Sending to ptd: 'Identify'
ptd-server 2021-03-07 02:06:19,061 [INFO] Reply from ptd: 'YokogawaWT330E,1000,1,1,1,1,0,0,1,version=1.9.2-e8c7a49a-20201208,OS=Linux 5.8.0-43-generic #49~20.04.1-Ubuntu SMP Fri Feb 5 09:57:56 UTC 2021 x86_64,mode=power,1,1,1,0,0,no_cal_date,YOKOGAWA;WT333E;C3VD30030E;F1.04'
ptd-server 2021-03-07 02:06:19,061 [INFO] Connected to PTDaemon
ptd-server 2021-03-07 02:06:19,061 [INFO] Sending to ptd: 'RR'
ptd-server 2021-03-07 02:06:19,061 [INFO] Reply from ptd: 'Ranges,0,0.500000,0,300.000000'
ptd-server 2021-03-07 02:06:19,062 [INFO] Initial range for Amps is 0.500000 for Volts is 300.000000
ptd-server 2021-03-07 02:06:19,062 [INFO] Sending to ptd: 'SR,V,Auto'
ptd-server 2021-03-07 02:06:19,564 [INFO] Reply from ptd: 'Range V changed'
ptd-server 2021-03-07 02:06:19,564 [INFO] Sending to ptd: 'SR,A,Auto'
ptd-server 2021-03-07 02:06:20,067 [INFO] Reply from ptd: 'Range A changed'
ptd-server 2021-03-07 02:06:30,077 [INFO] Starting ranging mode
ptd-server 2021-03-07 02:06:30,077 [INFO] Sending to ptd: 'Go,1000,0,2021-03-07_02-06-01_ranging'
ptd-server 2021-03-07 02:06:30,078 [INFO] Reply from ptd: 'Starting untimed measurement, maximum 500000 samples at 1000ms with 0 rampup samples'
ptd-server 2021-03-07 02:06:30,078 [INFO] Sending reply to client 'OK'
ptd-server 2021-03-07 02:16:56,864 [INFO] Got command from the client 'session,2021-03-07_02-06-01,stop,ranging'
ptd-server 2021-03-07 02:17:06,874 [INFO] Sending to ptd: 'Stop'
ptd-server 2021-03-07 02:17:06,875 [INFO] Reply from ptd: 'Stopping untimed measurement'
ptd-server 2021-03-07 02:17:07,391 [INFO] Sending reply to client 'OK'
ptd-server 2021-03-07 02:17:07,437 [INFO] Got command from the client 'time'
ptd-server 2021-03-07 02:17:07,437 [INFO] Sending reply to client '1615083427.4374108'
ptd-server 2021-03-07 02:17:07,441 [INFO] Got command from the client 'session,2021-03-07_02-06-01,start,testing'
ptd-server 2021-03-07 02:17:07,441 [INFO] Sending to ptd: 'SR,V,250.790000'
ptd-server 2021-03-07 02:17:08,942 [INFO] Reply from ptd: 'Range V changed'
ptd-server 2021-03-07 02:17:08,942 [INFO] Sending to ptd: 'SR,A,0.059580'
ptd-server 2021-03-07 02:17:10,443 [INFO] Reply from ptd: 'Range A changed'
ptd-server 2021-03-07 02:17:20,454 [INFO] Starting testing mode
ptd-server 2021-03-07 02:17:20,454 [INFO] Sending to ptd: 'Go,1000,0,2021-03-07_02-06-01_testing'
ptd-server 2021-03-07 02:17:20,454 [INFO] Reply from ptd: 'Starting untimed measurement, maximum 500000 samples at 1000ms with 0 rampup samples'
ptd-server 2021-03-07 02:17:20,454 [INFO] Sending reply to client 'OK'
ptd-server 2021-03-07 02:27:52,170 [INFO] Got command from the client 'session,2021-03-07_02-06-01,stop,testing'
ptd-server 2021-03-07 02:28:02,181 [INFO] Sending to ptd: 'Stop'
ptd-server 2021-03-07 02:28:02,181 [INFO] Reply from ptd: 'Stopping untimed measurement'
ptd-server 2021-03-07 02:28:02,454 [INFO] Sending reply to client 'OK'
ptd-server 2021-03-07 02:28:02,463 [INFO] Got command from the client 'session,2021-03-07_02-06-01,upload,client.log'
ptd-server 2021-03-07 02:28:02,466 [INFO] Received '/home/anton/projects/mlperf/power-dev/output/2021-03-07_02-06-01client.log.tmp'
ptd-server 2021-03-07 02:28:02,467 [INFO] Removed '/home/anton/projects/mlperf/power-dev/output/2021-03-07_02-06-01client.log.tmp'
ptd-server 2021-03-07 02:28:02,467 [INFO] Sending reply to client 'OK'
ptd-server 2021-03-07 02:28:02,479 [INFO] Got command from the client 'session,2021-03-07_02-06-01,upload,client.json'
ptd-server 2021-03-07 02:28:02,482 [INFO] Received '/home/anton/projects/mlperf/power-dev/output/2021-03-07_02-06-01client.json.tmp'
ptd-server 2021-03-07 02:28:02,483 [INFO] Removed '/home/anton/projects/mlperf/power-dev/output/2021-03-07_02-06-01client.json.tmp'
ptd-server 2021-03-07 02:28:02,483 [INFO] Sending reply to client 'OK'
ptd-server 2021-03-07 02:28:02,485 [INFO] Got command from the client 'session,2021-03-07_02-06-01,done'
ptd-server 2021-03-07 02:28:02,485 [INFO] Sending to ptd: 'Stop'
ptd-server 2021-03-07 02:28:02,486 [INFO] Reply from ptd: 'Error: no measurement to stop'
ptd-server 2021-03-07 02:28:02,486 [INFO] Sending to ptd: 'SR,V,300.000000'
ptd-server 2021-03-07 02:28:03,987 [INFO] Reply from ptd: 'Range V changed'
ptd-server 2021-03-07 02:28:03,987 [INFO] Sending to ptd: 'SR,A,0.500000'
ptd-server 2021-03-07 02:28:05,489 [INFO] Reply from ptd: 'Range A changed'
ptd-server 2021-03-07 02:28:05,489 [INFO] Set initial values for Amps 0.500000 and Volts 300.000000
ptd-server 2021-03-07 02:28:05,489 [INFO] Stopping ptd...
