ptd-server 2021-03-08 06:33:49,953 [INFO] Got command from the client 'time'
ptd-server 2021-03-08 06:33:49,953 [INFO] Sending reply to client '1615185229.9536126'
ptd-server 2021-03-08 06:33:49,956 [INFO] Got command from the client 'new,,8f8f6832-0515-4c40-a4de-dc95d85df4ca'
ptd-server 2021-03-08 06:33:49,957 [INFO] Sending reply to client 'OK 2021-03-08_06-33-49,7518ad28-a89c-42b0-bb40-e5584fd9d81c'
ptd-server 2021-03-08 06:33:49,995 [INFO] Got command from the client 'time'
ptd-server 2021-03-08 06:33:49,995 [INFO] Sending reply to client '1615185229.9957445'
ptd-server 2021-03-08 06:33:49,998 [INFO] Got command from the client 'session,2021-03-08_06-33-49,start,ranging'
ptd-server 2021-03-08 06:33:49,999 [INFO] Running PTDaemon: ['/home/anton/projects/mlperf/power/inference_v1.0/ptd-linux-x86', '-l', 'ptd.log', '-p', '8888', '52', '/dev/usbtmc0']
ptd-server 2021-03-08 06:34:07,172 [INFO] Sending to ptd: 'Hello'
ptd-server 2021-03-08 06:34:07,173 [INFO] Reply from ptd: 'Hello, PTDaemon here!'
ptd-server 2021-03-08 06:34:07,173 [INFO] Sending to ptd: 'Identify'
ptd-server 2021-03-08 06:34:07,173 [INFO] Reply from ptd: 'YokogawaWT330E,1000,1,1,1,1,0,0,1,version=1.9.2-e8c7a49a-20201208,OS=Linux 5.8.0-43-generic #49~20.04.1-Ubuntu SMP Fri Feb 5 09:57:56 UTC 2021 x86_64,mode=power,1,1,1,0,0,no_cal_date,YOKOGAWA;WT333E;C3VD30030E;F1.04'
ptd-server 2021-03-08 06:34:07,173 [INFO] Connected to PTDaemon
ptd-server 2021-03-08 06:34:07,173 [INFO] Sending to ptd: 'RR'
ptd-server 2021-03-08 06:34:07,174 [INFO] Reply from ptd: 'Ranges,0,0.500000,0,300.000000'
ptd-server 2021-03-08 06:34:07,174 [INFO] Initial range for Amps is 0.500000 for Volts is 300.000000
ptd-server 2021-03-08 06:34:07,174 [INFO] Sending to ptd: 'SR,V,Auto'
ptd-server 2021-03-08 06:34:07,676 [INFO] Reply from ptd: 'Range V changed'
ptd-server 2021-03-08 06:34:07,677 [INFO] Sending to ptd: 'SR,A,Auto'
ptd-server 2021-03-08 06:34:08,179 [INFO] Reply from ptd: 'Range A changed'
ptd-server 2021-03-08 06:34:18,189 [INFO] Starting ranging mode
ptd-server 2021-03-08 06:34:18,190 [INFO] Sending to ptd: 'Go,1000,0,2021-03-08_06-33-49_ranging'
ptd-server 2021-03-08 06:34:18,190 [INFO] Reply from ptd: 'Starting untimed measurement, maximum 500000 samples at 1000ms with 0 rampup samples'
ptd-server 2021-03-08 06:34:18,190 [INFO] Sending reply to client 'OK'
ptd-server 2021-03-08 06:44:43,032 [INFO] Got command from the client 'session,2021-03-08_06-33-49,stop,ranging'
ptd-server 2021-03-08 06:44:53,042 [INFO] Sending to ptd: 'Stop'
ptd-server 2021-03-08 06:44:53,043 [INFO] Reply from ptd: 'Stopping untimed measurement'
ptd-server 2021-03-08 06:44:53,679 [INFO] Sending reply to client 'OK'
ptd-server 2021-03-08 06:44:53,725 [INFO] Got command from the client 'time'
ptd-server 2021-03-08 06:44:53,725 [INFO] Sending reply to client '1615185893.725721'
ptd-server 2021-03-08 06:44:53,730 [INFO] Got command from the client 'session,2021-03-08_06-33-49,start,testing'
ptd-server 2021-03-08 06:44:53,730 [INFO] Sending to ptd: 'SR,V,249.450000'
ptd-server 2021-03-08 06:44:55,231 [INFO] Reply from ptd: 'Range V changed'
ptd-server 2021-03-08 06:44:55,232 [INFO] Sending to ptd: 'SR,A,0.054580'
ptd-server 2021-03-08 06:44:56,733 [INFO] Reply from ptd: 'Range A changed'
ptd-server 2021-03-08 06:45:06,743 [INFO] Starting testing mode
ptd-server 2021-03-08 06:45:06,743 [INFO] Sending to ptd: 'Go,1000,0,2021-03-08_06-33-49_testing'
ptd-server 2021-03-08 06:45:06,744 [INFO] Reply from ptd: 'Starting untimed measurement, maximum 500000 samples at 1000ms with 0 rampup samples'
ptd-server 2021-03-08 06:45:06,744 [INFO] Sending reply to client 'OK'
ptd-server 2021-03-08 06:55:36,531 [INFO] Got command from the client 'session,2021-03-08_06-33-49,stop,testing'
ptd-server 2021-03-08 06:55:46,541 [INFO] Sending to ptd: 'Stop'
ptd-server 2021-03-08 06:55:46,542 [INFO] Reply from ptd: 'Stopping untimed measurement'
ptd-server 2021-03-08 06:55:46,874 [INFO] Sending reply to client 'OK'
ptd-server 2021-03-08 06:55:46,882 [INFO] Got command from the client 'session,2021-03-08_06-33-49,upload,client.log'
ptd-server 2021-03-08 06:55:46,886 [INFO] Received '/home/anton/projects/mlperf/power-dev/output/2021-03-08_06-33-49client.log.tmp'
ptd-server 2021-03-08 06:55:46,886 [INFO] Removed '/home/anton/projects/mlperf/power-dev/output/2021-03-08_06-33-49client.log.tmp'
ptd-server 2021-03-08 06:55:46,887 [INFO] Sending reply to client 'OK'
ptd-server 2021-03-08 06:55:46,899 [INFO] Got command from the client 'session,2021-03-08_06-33-49,upload,client.json'
ptd-server 2021-03-08 06:55:46,901 [INFO] Received '/home/anton/projects/mlperf/power-dev/output/2021-03-08_06-33-49client.json.tmp'
ptd-server 2021-03-08 06:55:46,902 [INFO] Removed '/home/anton/projects/mlperf/power-dev/output/2021-03-08_06-33-49client.json.tmp'
ptd-server 2021-03-08 06:55:46,902 [INFO] Sending reply to client 'OK'
ptd-server 2021-03-08 06:55:46,905 [INFO] Got command from the client 'session,2021-03-08_06-33-49,done'
ptd-server 2021-03-08 06:55:46,905 [INFO] Sending to ptd: 'Stop'
ptd-server 2021-03-08 06:55:46,905 [INFO] Reply from ptd: 'Error: no measurement to stop'
ptd-server 2021-03-08 06:55:46,905 [INFO] Sending to ptd: 'SR,V,300.000000'
ptd-server 2021-03-08 06:55:48,407 [INFO] Reply from ptd: 'Range V changed'
ptd-server 2021-03-08 06:55:48,407 [INFO] Sending to ptd: 'SR,A,0.500000'
ptd-server 2021-03-08 06:55:49,908 [INFO] Reply from ptd: 'Range A changed'
ptd-server 2021-03-08 06:55:49,908 [INFO] Set initial values for Amps 0.500000 and Volts 300.000000
ptd-server 2021-03-08 06:55:49,909 [INFO] Stopping ptd...
