client 2021-03-19 09:24:17,253 [INFO] Sending command to the server: 'mlcommons/power client v3'
client 2021-03-19 09:24:17,254 [INFO] Got response: 'mlcommons/power server v3'
client 2021-03-19 09:24:17,254 [INFO] Synchronizing with the server and with 100.64.0.18...
client 2021-03-19 09:24:17,257 [INFO] NTP:offset = 0.000 s, delay = 0.001 s 
client 2021-03-19 09:24:17,257 [INFO] Sending command to the server: 'time'
client 2021-03-19 09:24:17,259 [INFO] Got response: '1616163857.1201787'
client 2021-03-19 09:24:17,259 [INFO] The time difference between the client and the server is within range 137.161 ms..138.977 ms
client 2021-03-19 09:24:17,259 [INFO] Sending command to the server: 'new,dlrm-99_Offline_default,6e353788-f17d-4602-a671-79ee593f5588'
client 2021-03-19 09:24:17,261 [INFO] Got response: 'OK 2021-03-19_09-24-17_dlrm-99_Offline_default,f8003912-2f22-49b1-8152-cc9c56c2f50e'
client 2021-03-19 09:24:17,261 [INFO] Session id is '2021-03-19_09-24-17_dlrm-99_Offline_default'
client 2021-03-19 09:24:17,261 [INFO] Sources: {"sources": {"client.py": "d1e75cb4b26101220ebd242e584cf3ca5d8f1996", "lib/__init__.py": "da39a3ee5e6b4b0d3255bfef95601890afd80709", "lib/client.py": "d42bebf5b74cb6ff3997e2a6c68422afac111a28", "lib/common.py": "b0bad80d8fa328a7636027d4d66ff453f8dd7889", "lib/external/ntplib.py": "4da8f970656505a40483206ef2b5d3dd5e81711d", "lib/server.py": "2ed36471c7af565d6c8438b2134edad1d7ddf166", "lib/source_hashes.py": "4cedff274c661cb1504052018fd4f00dfbf624ef", "lib/summary.py": "0db15d783907aa92038281af4e465545c0648ddb", "lib/time_sync.py": "76051226ec89287839723352f4162aaa24e0546a", "server.py": "99e1310e3f76292aef1b8792ce6b8c82f1d44d8b", "tests/unit/test_server.py": "64f11775bfed35232a0e8bb9593c0ff992432c59", "tests/unit/test_source_hashes.py": "cb41a7261eaf7d94ba5c0aae9c523174f6204be3"}, "modules": {"__main__": "client.py", "lib.client": "lib/client.py", "lib.common": "lib/common.py", "lib.external.ntplib": "lib/external/ntplib.py", "lib.source_hashes": "lib/source_hashes.py", "lib.summary": "lib/summary.py", "lib.time_sync": "lib/time_sync.py"}}
client 2021-03-19 09:24:17,261 [INFO] Running workload in ranging mode
client 2021-03-19 09:24:17,261 [INFO] Synchronizing with the server and with 100.64.0.18...
client 2021-03-19 09:24:17,262 [INFO] NTP:offset = 0.000 s, delay = 0.001 s 
client 2021-03-19 09:24:17,262 [INFO] Sending command to the server: 'time'
client 2021-03-19 09:24:17,264 [INFO] Got response: '1616163857.1201787'
client 2021-03-19 09:24:17,264 [INFO] The time difference between the client and the server is within range 142.702 ms..144.616 ms
client 2021-03-19 09:24:17,264 [INFO] Sending command to the server: 'session,2021-03-19_09-24-17_dlrm-99_Offline_default,start,ranging'
client 2021-03-19 09:24:41,068 [INFO] Got response: 'OK'
client 2021-03-19 09:24:41,069 [INFO] Running the workload "make run_harness RUN_ARGS='--benchmarks=dlrm --scenarios=Offline --config_ver=default --log_dir build/logs/ --test_mode=PerformanceOnly'"
client 2021-03-19 09:48:58,966 [INFO] Sending command to the server: 'session,2021-03-19_09-24-17_dlrm-99_Offline_default,stop,ranging'
client 2021-03-19 09:49:09,268 [INFO] Got response: 'OK'
client 2021-03-19 09:49:09,268 [INFO] Running workload in testing mode
client 2021-03-19 09:49:09,268 [INFO] Synchronizing with the server and with 100.64.0.18...
client 2021-03-19 09:49:09,270 [INFO] NTP:offset = 0.000 s, delay = 0.001 s 
client 2021-03-19 09:49:09,271 [INFO] Sending command to the server: 'time'
client 2021-03-19 09:49:09,272 [INFO] Got response: '1616165349.089496'
client 2021-03-19 09:49:09,272 [INFO] The time difference between the client and the server is within range 181.694 ms..183.240 ms
client 2021-03-19 09:49:09,272 [INFO] Sending command to the server: 'session,2021-03-19_09-24-17_dlrm-99_Offline_default,start,testing'
client 2021-03-19 09:49:22,340 [INFO] Got response: 'OK'
client 2021-03-19 09:49:22,340 [INFO] Running the workload "make run_harness RUN_ARGS='--benchmarks=dlrm --scenarios=Offline --config_ver=default --log_dir build/logs/ --test_mode=PerformanceOnly'"
client 2021-03-19 10:13:38,997 [INFO] Sending command to the server: 'session,2021-03-19_09-24-17_dlrm-99_Offline_default,stop,testing'
client 2021-03-19 10:13:49,153 [INFO] Got response: 'OK'
client 2021-03-19 10:13:49,154 [INFO] Done runs
