ptd-server 2021-03-19 09:24:17,120 [INFO] Got command from the client 'time'
ptd-server 2021-03-19 09:24:17,120 [INFO] Sending reply to client '1616163857.1201787'
ptd-server 2021-03-19 09:24:17,120 [INFO] Got command from the client 'new,dlrm-99_Offline_default,6e353788-f17d-4602-a671-79ee593f5588'
ptd-server 2021-03-19 09:24:17,120 [INFO] Sending reply to client 'OK 2021-03-19_09-24-17_dlrm-99_Offline_default,f8003912-2f22-49b1-8152-cc9c56c2f50e'
ptd-server 2021-03-19 09:24:17,120 [INFO] Got command from the client 'time'
ptd-server 2021-03-19 09:24:17,120 [INFO] Sending reply to client '1616163857.1201787'
ptd-server 2021-03-19 09:24:17,130 [INFO] Got command from the client 'session,2021-03-19_09-24-17_dlrm-99_Offline_default,start,ranging'
ptd-server 2021-03-19 09:24:17,240 [INFO] Running PTDaemon: ['.\\ptd-windows-x86.exe', '-l', '.\\logs_ptdeamon.txt', '-p', '8888', '-g', '8', '1']
ptd-server 2021-03-19 09:24:29,889 [INFO] Sending to ptd: 'Hello'
ptd-server 2021-03-19 09:24:29,889 [INFO] Reply from ptd: 'Hello, PTDaemon here!'
ptd-server 2021-03-19 09:24:29,889 [INFO] Sending to ptd: 'Identify'
ptd-server 2021-03-19 09:24:29,889 [INFO] Reply from ptd: 'YokogawaWT210,1000,1,1,1,1,0,0,1,version=1.9.2-3976349f-20201208,OS=Windows 8 / Server 2012,mode=power,1,1,1,0,0,no_cal_date,YOKOGAWA;760401;0;F1.12'
ptd-server 2021-03-19 09:24:29,889 [INFO] Connected to PTDaemon
ptd-server 2021-03-19 09:24:29,889 [INFO] Sending to ptd: 'RR'
ptd-server 2021-03-19 09:24:29,889 [INFO] Reply from ptd: 'Ranges,1,10.000000,1,150.000000'
ptd-server 2021-03-19 09:24:29,889 [INFO] Initial range for Amps is Auto for Volts is Auto
ptd-server 2021-03-19 09:24:29,889 [INFO] Sending to ptd: 'SR,V,Auto'
ptd-server 2021-03-19 09:24:30,409 [INFO] Reply from ptd: 'Range V changed'
ptd-server 2021-03-19 09:24:30,409 [INFO] Sending to ptd: 'SR,A,Auto'
ptd-server 2021-03-19 09:24:30,929 [INFO] Reply from ptd: 'Range A changed'
ptd-server 2021-03-19 09:24:40,930 [INFO] Starting ranging mode
ptd-server 2021-03-19 09:24:40,930 [INFO] Sending to ptd: 'Go,1000,0,2021-03-19_09-24-17_dlrm-99_Offline_default_ranging'
ptd-server 2021-03-19 09:24:40,930 [INFO] Reply from ptd: 'Starting untimed measurement, maximum 500000 samples at 1000ms with 0 rampup samples'
ptd-server 2021-03-19 09:24:40,930 [INFO] Sending reply to client 'OK'
ptd-server 2021-03-19 09:48:58,789 [INFO] Got command from the client 'session,2021-03-19_09-24-17_dlrm-99_Offline_default,stop,ranging'
ptd-server 2021-03-19 09:49:08,789 [INFO] Sending to ptd: 'Stop'
ptd-server 2021-03-19 09:49:08,789 [INFO] Reply from ptd: 'Stopping untimed measurement'
ptd-server 2021-03-19 09:49:09,089 [INFO] Sending reply to client 'OK'
ptd-server 2021-03-19 09:49:09,089 [INFO] Got command from the client 'time'
ptd-server 2021-03-19 09:49:09,089 [INFO] Sending reply to client '1616165349.089496'
ptd-server 2021-03-19 09:49:09,089 [INFO] Got command from the client 'session,2021-03-19_09-24-17_dlrm-99_Offline_default,start,testing'
ptd-server 2021-03-19 09:49:09,089 [INFO] Sending to ptd: 'SR,V,121.500000'
ptd-server 2021-03-19 09:49:10,619 [INFO] Reply from ptd: 'Range V changed'
ptd-server 2021-03-19 09:49:10,619 [INFO] Sending to ptd: 'SR,A,6.956000'
ptd-server 2021-03-19 09:49:12,149 [INFO] Reply from ptd: 'Range A changed'
ptd-server 2021-03-19 09:49:22,160 [INFO] Starting testing mode
ptd-server 2021-03-19 09:49:22,160 [INFO] Sending to ptd: 'Go,1000,0,2021-03-19_09-24-17_dlrm-99_Offline_default_testing'
ptd-server 2021-03-19 09:49:22,160 [INFO] Reply from ptd: 'Starting untimed measurement, maximum 500000 samples at 1000ms with 0 rampup samples'
ptd-server 2021-03-19 09:49:22,160 [INFO] Sending reply to client 'OK'
ptd-server 2021-03-19 10:13:38,794 [INFO] Got command from the client 'session,2021-03-19_09-24-17_dlrm-99_Offline_default,stop,testing'
ptd-server 2021-03-19 10:13:48,804 [INFO] Sending to ptd: 'Stop'
ptd-server 2021-03-19 10:13:48,804 [INFO] Reply from ptd: 'Stopping untimed measurement'
ptd-server 2021-03-19 10:13:48,954 [INFO] Sending reply to client 'OK'
ptd-server 2021-03-19 10:13:48,954 [INFO] Got command from the client 'session,2021-03-19_09-24-17_dlrm-99_Offline_default,upload,client.log'
ptd-server 2021-03-19 10:13:48,954 [INFO] Received '.\\outdir\\2021-03-19_09-24-17_dlrm-99_Offline_defaultclient.log.tmp'
ptd-server 2021-03-19 10:13:48,964 [INFO] Removed '.\\outdir\\2021-03-19_09-24-17_dlrm-99_Offline_defaultclient.log.tmp'
ptd-server 2021-03-19 10:13:48,964 [INFO] Sending reply to client 'OK'
ptd-server 2021-03-19 10:13:48,984 [INFO] Got command from the client 'session,2021-03-19_09-24-17_dlrm-99_Offline_default,upload,client.json'
ptd-server 2021-03-19 10:13:48,984 [INFO] Received '.\\outdir\\2021-03-19_09-24-17_dlrm-99_Offline_defaultclient.json.tmp'
ptd-server 2021-03-19 10:13:48,984 [INFO] Removed '.\\outdir\\2021-03-19_09-24-17_dlrm-99_Offline_defaultclient.json.tmp'
ptd-server 2021-03-19 10:13:48,984 [INFO] Sending reply to client 'OK'
ptd-server 2021-03-19 10:13:48,994 [INFO] Got command from the client 'session,2021-03-19_09-24-17_dlrm-99_Offline_default,done'
ptd-server 2021-03-19 10:13:48,994 [INFO] Sending to ptd: 'Stop'
ptd-server 2021-03-19 10:13:49,164 [INFO] Reply from ptd: 'Error: no measurement to stop'
ptd-server 2021-03-19 10:13:49,164 [INFO] Sending to ptd: 'SR,V,Auto'
ptd-server 2021-03-19 10:13:49,684 [INFO] Reply from ptd: 'Range V changed'
ptd-server 2021-03-19 10:13:49,684 [INFO] Sending to ptd: 'SR,A,Auto'
ptd-server 2021-03-19 10:13:50,204 [INFO] Reply from ptd: 'Range A changed'
ptd-server 2021-03-19 10:13:50,204 [INFO] Set initial values for Amps Auto and Volts Auto
ptd-server 2021-03-19 10:13:50,204 [INFO] Stopping ptd...
