client 2021-03-15 22:03:10,145 [WARNING] Removing old loadgen logs directory '/home/scratch.mlperf_inf_ci/mlPerf/L1/A100x4_MaxQ-Computelab-A100x4-MaxQ-L1-5-2021-03-16-00-05-54-UTC/mlperf-inference/closed/NVIDIA/build/power_logs_temp'
client 2021-03-15 22:03:10,149 [INFO] Sending command to the server: 'mlcommons/power client v3'
client 2021-03-15 22:03:10,151 [INFO] Got response: 'mlcommons/power server v3'
client 2021-03-15 22:03:10,151 [INFO] Sending command to the server: 'stop'
client 2021-03-15 22:03:10,152 [INFO] Got response: 'OK'
client 2021-03-15 22:03:10,152 [INFO] Synchronizing with the server and with ib-01.dc4-in.nvidia.com...
client 2021-03-15 22:03:10,357 [INFO] NTP:offset = -6.622 s, delay = 0.202 s 
client 2021-03-15 22:03:10,357 [WARNING] The time offset between the system time and ib-01.dc4-in.nvidia.com is more then 200 ms (-6622.465 ms)
client 2021-03-15 22:03:10,357 [INFO] Sending command to the server: 'set_ntp'
client 2021-03-15 22:03:11,579 [INFO] Got response: 'OK'
client 2021-03-15 22:03:11,580 [INFO] Synchronizing with ib-01.dc4-in.nvidia.com time using NTP...
client 2021-03-15 22:03:13,067 [INFO] Set system time at 2021-03-15 22:03:13.067899
client 2021-03-15 22:03:13,271 [INFO] NTP:offset = 0.000 s, delay = 0.202 s 
client 2021-03-15 22:03:13,271 [INFO] Sending command to the server: 'time'
client 2021-03-15 22:03:13,273 [INFO] Got response: '1615870993.2659252'
client 2021-03-15 22:03:13,273 [INFO] The time difference between the client and the server is within range 5.530 ms..7.853 ms
client 2021-03-15 22:03:13,273 [INFO] Sending command to the server: 'new,,5b0eb385-d770-4cef-a809-1e977deae270'
client 2021-03-15 22:03:13,276 [INFO] Got response: 'OK 2021-03-15_22-03-13,948ecf8f-65f6-4f69-ad2a-1351f688703e'
client 2021-03-15 22:03:13,276 [INFO] Session id is '2021-03-15_22-03-13'
client 2021-03-15 22:03:13,276 [INFO] Sources: {"sources": {"client.py": "d1e75cb4b26101220ebd242e584cf3ca5d8f1996", "lib/__init__.py": "da39a3ee5e6b4b0d3255bfef95601890afd80709", "lib/client.py": "d42bebf5b74cb6ff3997e2a6c68422afac111a28", "lib/common.py": "b0bad80d8fa328a7636027d4d66ff453f8dd7889", "lib/external/ntplib.py": "4da8f970656505a40483206ef2b5d3dd5e81711d", "lib/server.py": "2ed36471c7af565d6c8438b2134edad1d7ddf166", "lib/source_hashes.py": "4cedff274c661cb1504052018fd4f00dfbf624ef", "lib/summary.py": "0db15d783907aa92038281af4e465545c0648ddb", "lib/time_sync.py": "76051226ec89287839723352f4162aaa24e0546a", "server.py": "99e1310e3f76292aef1b8792ce6b8c82f1d44d8b", "tests/unit/test_server.py": "64f11775bfed35232a0e8bb9593c0ff992432c59", "tests/unit/test_source_hashes.py": "cb41a7261eaf7d94ba5c0aae9c523174f6204be3"}, "modules": {"__main__": "client.py", "lib.client": "lib/client.py", "lib.common": "lib/common.py", "lib.external.ntplib": "lib/external/ntplib.py", "lib.source_hashes": "lib/source_hashes.py", "lib.summary": "lib/summary.py", "lib.time_sync": "lib/time_sync.py"}}
client 2021-03-15 22:03:13,278 [INFO] Running workload in ranging mode
client 2021-03-15 22:03:13,278 [INFO] Synchronizing with the server and with ib-01.dc4-in.nvidia.com...
client 2021-03-15 22:03:13,481 [INFO] NTP:offset = 0.000 s, delay = 0.201 s 
client 2021-03-15 22:03:13,481 [INFO] Sending command to the server: 'time'
client 2021-03-15 22:03:13,483 [INFO] Got response: '1615870993.4690566'
client 2021-03-15 22:03:13,483 [INFO] The time difference between the client and the server is within range 12.233 ms..14.087 ms
client 2021-03-15 22:03:13,483 [INFO] Sending command to the server: 'session,2021-03-15_22-03-13,start,ranging'
client 2021-03-15 22:03:42,450 [INFO] Got response: 'OK'
client 2021-03-15 22:03:42,450 [INFO] Running the workload 'LOG_DIR=/home/scratch.mlperf_inf_ci/mlPerf/L1/A100x4_MaxQ-Computelab-A100x4-MaxQ-L1-5-2021-03-16-00-05-54-UTC/mlperf-inference/closed/NVIDIA/build/power_logs_temp python3 code/main.py --benchmarks=bert --scenarios=Offline --test_mode=PerformanceOnly --config_ver=maxq_high_accuracy --action="run_harness" \\\n\t\t&& cp -v /home/scratch.mlperf_inf_ci/mlPerf/L1/A100x4_MaxQ-Computelab-A100x4-MaxQ-L1-5-2021-03-16-00-05-54-UTC/mlperf-inference/closed/NVIDIA/build/power_logs_temp/*/*/*/mlperf_log_detail.txt /home/scratch.mlperf_inf_ci/mlPerf/L1/A100x4_MaxQ-Computelab-A100x4-MaxQ-L1-5-2021-03-16-00-05-54-UTC/mlperf-inference/closed/NVIDIA/build/power_logs_temp/ \\\n\t\t&& cp -v /home/scratch.mlperf_inf_ci/mlPerf/L1/A100x4_MaxQ-Computelab-A100x4-MaxQ-L1-5-2021-03-16-00-05-54-UTC/mlperf-inference/closed/NVIDIA/build/power_logs_temp/*/*/*/mlperf_log_summary.txt /home/scratch.mlperf_inf_ci/mlPerf/L1/A100x4_MaxQ-Computelab-A100x4-MaxQ-L1-5-2021-03-16-00-05-54-UTC/mlperf-inference/closed/NVIDIA/build/power_logs_temp/'
client 2021-03-15 22:15:22,009 [INFO] Sending command to the server: 'session,2021-03-15_22-03-13,stop,ranging'
client 2021-03-15 22:15:32,136 [INFO] Got response: 'OK'
client 2021-03-15 22:15:32,140 [INFO] Packing logs into zip and uploading to the server
client 2021-03-15 22:15:32,160 [INFO] Zip file size: 64.0 kB
client 2021-03-15 22:15:32,181 [INFO] Got response: 'OK'
client 2021-03-15 22:15:32,181 [INFO] Running workload in testing mode
client 2021-03-15 22:15:32,181 [INFO] Synchronizing with the server and with ib-01.dc4-in.nvidia.com...
client 2021-03-15 22:15:32,385 [INFO] NTP:offset = -0.012 s, delay = 0.203 s 
client 2021-03-15 22:15:32,386 [INFO] Sending command to the server: 'time'
client 2021-03-15 22:15:32,387 [INFO] Got response: '1615871732.3668008'
client 2021-03-15 22:15:32,388 [INFO] The time difference between the client and the server is within range 19.227 ms..21.224 ms
client 2021-03-15 22:15:32,388 [INFO] Sending command to the server: 'session,2021-03-15_22-03-13,start,testing'
client 2021-03-15 22:15:45,531 [INFO] Got response: 'OK'
client 2021-03-15 22:15:45,532 [INFO] Running the workload 'LOG_DIR=/home/scratch.mlperf_inf_ci/mlPerf/L1/A100x4_MaxQ-Computelab-A100x4-MaxQ-L1-5-2021-03-16-00-05-54-UTC/mlperf-inference/closed/NVIDIA/build/power_logs_temp python3 code/main.py --benchmarks=bert --scenarios=Offline --test_mode=PerformanceOnly --config_ver=maxq_high_accuracy --action="run_harness" \\\n\t\t&& cp -v /home/scratch.mlperf_inf_ci/mlPerf/L1/A100x4_MaxQ-Computelab-A100x4-MaxQ-L1-5-2021-03-16-00-05-54-UTC/mlperf-inference/closed/NVIDIA/build/power_logs_temp/*/*/*/mlperf_log_detail.txt /home/scratch.mlperf_inf_ci/mlPerf/L1/A100x4_MaxQ-Computelab-A100x4-MaxQ-L1-5-2021-03-16-00-05-54-UTC/mlperf-inference/closed/NVIDIA/build/power_logs_temp/ \\\n\t\t&& cp -v /home/scratch.mlperf_inf_ci/mlPerf/L1/A100x4_MaxQ-Computelab-A100x4-MaxQ-L1-5-2021-03-16-00-05-54-UTC/mlperf-inference/closed/NVIDIA/build/power_logs_temp/*/*/*/mlperf_log_summary.txt /home/scratch.mlperf_inf_ci/mlPerf/L1/A100x4_MaxQ-Computelab-A100x4-MaxQ-L1-5-2021-03-16-00-05-54-UTC/mlperf-inference/closed/NVIDIA/build/power_logs_temp/'
client 2021-03-15 22:27:37,950 [INFO] Sending command to the server: 'session,2021-03-15_22-03-13,stop,testing'
client 2021-03-15 22:27:48,017 [INFO] Got response: 'OK'
client 2021-03-15 22:27:48,022 [INFO] Packing logs into zip and uploading to the server
client 2021-03-15 22:27:48,042 [INFO] Zip file size: 64.1 kB
client 2021-03-15 22:27:48,062 [INFO] Got response: 'OK'
client 2021-03-15 22:27:48,062 [INFO] Done runs
