ptd-server 2021-03-15 22:03:03,623 [INFO] Got command from the client 'stop'
ptd-server 2021-03-15 22:03:03,623 [INFO] The server will be stopped after processing this client
ptd-server 2021-03-15 22:03:03,623 [INFO] Sending reply to client 'OK'
ptd-server 2021-03-15 22:03:03,826 [INFO] Got command from the client 'set_ntp'
ptd-server 2021-03-15 22:03:03,826 [INFO] Synchronizing with ib-01.dc4-in.nvidia.com time using NTP...
ptd-server 2021-03-15 22:03:04,955 [INFO] Set system time at 2021-03-15 22:03:04.955589
ptd-server 2021-03-15 22:03:04,955 [INFO] Sending reply to client 'OK'
ptd-server 2021-03-15 22:03:13,265 [INFO] Got command from the client 'time'
ptd-server 2021-03-15 22:03:13,265 [INFO] Sending reply to client '1615870993.2659252'
ptd-server 2021-03-15 22:03:13,265 [INFO] Got command from the client 'new,,5b0eb385-d770-4cef-a809-1e977deae270'
ptd-server 2021-03-15 22:03:13,265 [INFO] Sending reply to client 'OK 2021-03-15_22-03-13,948ecf8f-65f6-4f69-ad2a-1351f688703e'
ptd-server 2021-03-15 22:03:13,469 [INFO] Got command from the client 'time'
ptd-server 2021-03-15 22:03:13,469 [INFO] Sending reply to client '1615870993.4690566'
ptd-server 2021-03-15 22:03:13,469 [INFO] Got command from the client 'session,2021-03-15_22-03-13,start,ranging'
ptd-server 2021-03-15 22:03:13,578 [INFO] Running PTDaemon: ['C:\\PTD\\ptd-windows-x86.exe', '-l', 'C:\\logs_ptdeamon.txt', '-p', '8888', '-c', '1', '-y', '52', '172.18.220.100']
ptd-server 2021-03-15 22:03:31,403 [INFO] Sending to ptd: 'Hello'
ptd-server 2021-03-15 22:03:31,403 [INFO] Reply from ptd: 'Hello, PTDaemon here!'
ptd-server 2021-03-15 22:03:31,403 [INFO] Sending to ptd: 'Identify'
ptd-server 2021-03-15 22:03:31,403 [INFO] Reply from ptd: 'YokogawaWT330E,1000,1,1,1,1,0,0,1,version=1.9.2-3976349f-20201208,OS=Windows 8 / Server 2012,mode=power,1,1,1,0,0,no_cal_date,YOKOGAWA;WT333E;C2WC23035V;F1.04'
ptd-server 2021-03-15 22:03:31,403 [INFO] Connected to PTDaemon
ptd-server 2021-03-15 22:03:31,403 [INFO] Sending to ptd: 'RR'
ptd-server 2021-03-15 22:03:31,403 [INFO] Reply from ptd: 'Ranges,1,5.000000,1,300.000000'
ptd-server 2021-03-15 22:03:31,403 [INFO] Initial range for Amps is Auto for Volts is Auto
ptd-server 2021-03-15 22:03:31,403 [INFO] Sending to ptd: 'SR,V,Auto'
ptd-server 2021-03-15 22:03:31,918 [INFO] Reply from ptd: 'Range V changed'
ptd-server 2021-03-15 22:03:31,918 [INFO] Sending to ptd: 'SR,A,Auto'
ptd-server 2021-03-15 22:03:32,434 [INFO] Reply from ptd: 'Range A changed'
ptd-server 2021-03-15 22:03:42,447 [INFO] Starting ranging mode
ptd-server 2021-03-15 22:03:42,447 [INFO] Sending to ptd: 'Go,1000,0,2021-03-15_22-03-13_ranging'
ptd-server 2021-03-15 22:03:42,447 [INFO] Reply from ptd: 'Starting untimed measurement, maximum 500000 samples at 1000ms with 0 rampup samples'
ptd-server 2021-03-15 22:03:42,447 [INFO] Sending reply to client 'OK'
ptd-server 2021-03-15 22:15:21,994 [INFO] Got command from the client 'session,2021-03-15_22-03-13,stop,ranging'
ptd-server 2021-03-15 22:15:32,007 [INFO] Sending to ptd: 'Stop'
ptd-server 2021-03-15 22:15:32,007 [INFO] Reply from ptd: 'Stopping untimed measurement'
ptd-server 2021-03-15 22:15:32,116 [INFO] Sending reply to client 'OK'
ptd-server 2021-03-15 22:15:32,148 [INFO] Got command from the client 'session,2021-03-15_22-03-13,upload,ranging'
ptd-server 2021-03-15 22:15:32,148 [INFO] Received 'C:\\ptd-logs\\2021-03-15_22-03-13ranging.tmp'
ptd-server 2021-03-15 22:15:32,163 [INFO] Extracted 'C:\\ptd-logs\\2021-03-15_22-03-13ranging.tmp' into 'C:\\ptd-logs\\2021-03-15_22-03-13\\ranging'
ptd-server 2021-03-15 22:15:32,163 [INFO] Removed 'C:\\ptd-logs\\2021-03-15_22-03-13ranging.tmp'
ptd-server 2021-03-15 22:15:32,163 [INFO] Sending reply to client 'OK'
ptd-server 2021-03-15 22:15:32,366 [INFO] Got command from the client 'time'
ptd-server 2021-03-15 22:15:32,366 [INFO] Sending reply to client '1615871732.3668008'
ptd-server 2021-03-15 22:15:32,382 [INFO] Got command from the client 'session,2021-03-15_22-03-13,start,testing'
ptd-server 2021-03-15 22:15:32,382 [INFO] Sending to ptd: 'SR,V,206.840000'
ptd-server 2021-03-15 22:15:33,991 [INFO] Reply from ptd: 'Range V changed'
ptd-server 2021-03-15 22:15:33,991 [INFO] Sending to ptd: 'SR,A,6.255300'
ptd-server 2021-03-15 22:15:35,522 [INFO] Reply from ptd: 'Range A changed'
ptd-server 2021-03-15 22:15:45,522 [INFO] Starting testing mode
ptd-server 2021-03-15 22:15:45,522 [INFO] Sending to ptd: 'Go,1000,0,2021-03-15_22-03-13_testing'
ptd-server 2021-03-15 22:15:45,522 [INFO] Reply from ptd: 'Starting untimed measurement, maximum 500000 samples at 1000ms with 0 rampup samples'
ptd-server 2021-03-15 22:15:45,522 [INFO] Sending reply to client 'OK'
ptd-server 2021-03-15 22:27:37,929 [INFO] Got command from the client 'session,2021-03-15_22-03-13,stop,testing'
ptd-server 2021-03-15 22:27:47,941 [INFO] Sending to ptd: 'Stop'
ptd-server 2021-03-15 22:27:47,941 [INFO] Reply from ptd: 'Stopping untimed measurement'
ptd-server 2021-03-15 22:27:48,004 [INFO] Sending reply to client 'OK'
ptd-server 2021-03-15 22:27:48,020 [INFO] Got command from the client 'session,2021-03-15_22-03-13,upload,testing'
ptd-server 2021-03-15 22:27:48,035 [INFO] Received 'C:\\ptd-logs\\2021-03-15_22-03-13testing.tmp'
ptd-server 2021-03-15 22:27:48,035 [INFO] Extracted 'C:\\ptd-logs\\2021-03-15_22-03-13testing.tmp' into 'C:\\ptd-logs\\2021-03-15_22-03-13\\run_1'
ptd-server 2021-03-15 22:27:48,035 [INFO] Removed 'C:\\ptd-logs\\2021-03-15_22-03-13testing.tmp'
ptd-server 2021-03-15 22:27:48,035 [INFO] Sending reply to client 'OK'
ptd-server 2021-03-15 22:27:48,051 [INFO] Got command from the client 'session,2021-03-15_22-03-13,upload,client.log'
ptd-server 2021-03-15 22:27:48,051 [INFO] Received 'C:\\ptd-logs\\2021-03-15_22-03-13client.log.tmp'
ptd-server 2021-03-15 22:27:48,051 [INFO] Removed 'C:\\ptd-logs\\2021-03-15_22-03-13client.log.tmp'
ptd-server 2021-03-15 22:27:48,051 [INFO] Sending reply to client 'OK'
ptd-server 2021-03-15 22:27:48,066 [INFO] Got command from the client 'session,2021-03-15_22-03-13,upload,client.json'
ptd-server 2021-03-15 22:27:48,285 [INFO] Received 'C:\\ptd-logs\\2021-03-15_22-03-13client.json.tmp'
ptd-server 2021-03-15 22:27:48,285 [INFO] Removed 'C:\\ptd-logs\\2021-03-15_22-03-13client.json.tmp'
ptd-server 2021-03-15 22:27:48,285 [INFO] Sending reply to client 'OK'
ptd-server 2021-03-15 22:27:48,285 [INFO] Got command from the client 'session,2021-03-15_22-03-13,done'
ptd-server 2021-03-15 22:27:48,285 [INFO] Sending to ptd: 'Stop'
ptd-server 2021-03-15 22:27:48,535 [INFO] Reply from ptd: 'Error: no measurement to stop'
ptd-server 2021-03-15 22:27:48,535 [INFO] Sending to ptd: 'SR,V,Auto'
ptd-server 2021-03-15 22:27:49,051 [INFO] Reply from ptd: 'Range V changed'
ptd-server 2021-03-15 22:27:49,051 [INFO] Sending to ptd: 'SR,A,Auto'
ptd-server 2021-03-15 22:27:49,566 [INFO] Reply from ptd: 'Range A changed'
ptd-server 2021-03-15 22:27:49,566 [INFO] Set initial values for Amps Auto and Volts Auto
ptd-server 2021-03-15 22:27:49,566 [INFO] Stopping ptd...
