client 2021-03-18 21:43:57,217 [WARNING] Removing old loadgen logs directory '/work/build/power_logs_temp'
client 2021-03-18 21:43:57,223 [INFO] Sending command to the server: 'mlcommons/power client v3'
client 2021-03-18 21:43:57,224 [INFO] Got response: 'mlcommons/power server v3'
client 2021-03-18 21:43:57,224 [INFO] Sending command to the server: 'stop'
client 2021-03-18 21:43:57,225 [INFO] Got response: 'OK'
client 2021-03-18 21:43:57,225 [INFO] Synchronizing with the server and with ib-01.dc4-in.nvidia.com...
client 2021-03-18 21:43:57,430 [INFO] NTP:offset = 10.468 s, delay = 0.201 s 
client 2021-03-18 21:43:57,431 [WARNING] The time offset between the system time and ib-01.dc4-in.nvidia.com is more then 200 ms (10467.754 ms)
client 2021-03-18 21:43:57,431 [INFO] Sending command to the server: 'set_ntp'
client 2021-03-18 21:43:58,703 [INFO] Got response: 'OK'
client 2021-03-18 21:43:58,703 [INFO] Synchronizing with ib-01.dc4-in.nvidia.com time using NTP...
client 2021-03-18 21:44:17,288 [INFO] Set system time at 2021-03-18 21:44:17.288551
client 2021-03-18 21:44:17,492 [INFO] NTP:offset = 0.000 s, delay = 0.202 s 
client 2021-03-18 21:44:17,492 [INFO] Sending command to the server: 'time'
client 2021-03-18 21:44:17,498 [INFO] Got response: '1616129057.4937966'
client 2021-03-18 21:44:17,498 [INFO] The time difference between the client and the server is within range -1.458 ms..4.512 ms
client 2021-03-18 21:44:17,498 [INFO] Sending command to the server: 'new,,7fbebe51-8470-4404-bca2-7ce0176c39d8'
client 2021-03-18 21:44:17,500 [INFO] Got response: 'OK 2021-03-18_21-44-17,547477fe-fa05-4fd1-8914-687840afb041'
client 2021-03-18 21:44:17,500 [INFO] Session id is '2021-03-18_21-44-17'
client 2021-03-18 21:44:17,500 [INFO] Sources: {"sources": {"client.py": "d1e75cb4b26101220ebd242e584cf3ca5d8f1996", "lib/__init__.py": "da39a3ee5e6b4b0d3255bfef95601890afd80709", "lib/client.py": "d42bebf5b74cb6ff3997e2a6c68422afac111a28", "lib/common.py": "b0bad80d8fa328a7636027d4d66ff453f8dd7889", "lib/external/ntplib.py": "4da8f970656505a40483206ef2b5d3dd5e81711d", "lib/server.py": "2ed36471c7af565d6c8438b2134edad1d7ddf166", "lib/source_hashes.py": "4cedff274c661cb1504052018fd4f00dfbf624ef", "lib/summary.py": "0db15d783907aa92038281af4e465545c0648ddb", "lib/time_sync.py": "76051226ec89287839723352f4162aaa24e0546a", "server.py": "99e1310e3f76292aef1b8792ce6b8c82f1d44d8b", "tests/unit/test_server.py": "64f11775bfed35232a0e8bb9593c0ff992432c59", "tests/unit/test_source_hashes.py": "cb41a7261eaf7d94ba5c0aae9c523174f6204be3"}, "modules": {"__main__": "client.py", "lib.client": "lib/client.py", "lib.common": "lib/common.py", "lib.external.ntplib": "lib/external/ntplib.py", "lib.source_hashes": "lib/source_hashes.py", "lib.summary": "lib/summary.py", "lib.time_sync": "lib/time_sync.py"}}
client 2021-03-18 21:44:17,502 [INFO] Running workload in ranging mode
client 2021-03-18 21:44:17,502 [INFO] Synchronizing with the server and with ib-01.dc4-in.nvidia.com...
client 2021-03-18 21:44:17,704 [INFO] NTP:offset = 0.000 s, delay = 0.202 s 
client 2021-03-18 21:44:17,704 [INFO] Sending command to the server: 'time'
client 2021-03-18 21:44:17,705 [INFO] Got response: '1616129057.696885'
client 2021-03-18 21:44:17,705 [INFO] The time difference between the client and the server is within range 7.777 ms..8.930 ms
client 2021-03-18 21:44:17,705 [INFO] Sending command to the server: 'session,2021-03-18_21-44-17,start,ranging'
client 2021-03-18 21:44:57,312 [INFO] Got response: 'OK'
client 2021-03-18 21:44:57,313 [INFO] Running the workload 'LOG_DIR=/work/build/power_logs_temp python3 code/main.py --benchmarks=ssd-resnet34 --scenarios=Offline --config_ver=maxq --action="run_harness" \\\n\t\t&& cp -v /work/build/power_logs_temp/*/*/*/mlperf_log_detail.txt /work/build/power_logs_temp/ \\\n\t\t&& cp -v /work/build/power_logs_temp/*/*/*/mlperf_log_summary.txt /work/build/power_logs_temp/'
client 2021-03-18 21:58:13,055 [INFO] Sending command to the server: 'session,2021-03-18_21-44-17,stop,ranging'
client 2021-03-18 21:58:23,236 [INFO] Got response: 'OK'
client 2021-03-18 21:58:23,241 [INFO] Packing logs into zip and uploading to the server
client 2021-03-18 21:58:23,253 [INFO] Zip file size: 10.8 kB
client 2021-03-18 21:58:23,273 [INFO] Got response: 'OK'
client 2021-03-18 21:58:23,273 [INFO] Running workload in testing mode
client 2021-03-18 21:58:23,273 [INFO] Synchronizing with the server and with ib-01.dc4-in.nvidia.com...
client 2021-03-18 21:58:23,478 [INFO] NTP:offset = 0.014 s, delay = 0.204 s 
client 2021-03-18 21:58:23,478 [INFO] Sending command to the server: 'time'
client 2021-03-18 21:58:23,479 [INFO] Got response: '1616129903.484851'
client 2021-03-18 21:58:23,479 [INFO] The time difference between the client and the server is within range -6.188 ms..-4.859 ms
client 2021-03-18 21:58:23,480 [INFO] Sending command to the server: 'session,2021-03-18_21-44-17,start,testing'
client 2021-03-18 21:58:45,169 [INFO] Got response: 'OK'
client 2021-03-18 21:58:45,170 [INFO] Running the workload 'LOG_DIR=/work/build/power_logs_temp python3 code/main.py --benchmarks=ssd-resnet34 --scenarios=Offline --config_ver=maxq --action="run_harness" \\\n\t\t&& cp -v /work/build/power_logs_temp/*/*/*/mlperf_log_detail.txt /work/build/power_logs_temp/ \\\n\t\t&& cp -v /work/build/power_logs_temp/*/*/*/mlperf_log_summary.txt /work/build/power_logs_temp/'
client 2021-03-18 22:11:48,983 [INFO] Sending command to the server: 'session,2021-03-18_21-44-17,stop,testing'
client 2021-03-18 22:11:59,070 [INFO] Got response: 'OK'
client 2021-03-18 22:11:59,074 [INFO] Packing logs into zip and uploading to the server
client 2021-03-18 22:11:59,085 [INFO] Zip file size: 10.8 kB
client 2021-03-18 22:11:59,104 [INFO] Got response: 'OK'
client 2021-03-18 22:11:59,105 [INFO] Done runs
