ptd-server 2021-03-18 21:44:07,766 [INFO] Got command from the client 'stop'
ptd-server 2021-03-18 21:44:07,766 [INFO] The server will be stopped after processing this client
ptd-server 2021-03-18 21:44:07,766 [INFO] Sending reply to client 'OK'
ptd-server 2021-03-18 21:44:07,969 [INFO] Got command from the client 'set_ntp'
ptd-server 2021-03-18 21:44:07,969 [INFO] Synchronizing with ib-01.dc4-in.nvidia.com time using NTP...
ptd-server 2021-03-18 21:44:09,165 [INFO] Set system time at 2021-03-18 21:44:09.165050
ptd-server 2021-03-18 21:44:09,165 [INFO] Sending reply to client 'OK'
ptd-server 2021-03-18 21:44:17,478 [INFO] Got command from the client 'time'
ptd-server 2021-03-18 21:44:17,493 [INFO] Sending reply to client '1616129057.4937966'
ptd-server 2021-03-18 21:44:17,493 [INFO] Got command from the client 'new,,7fbebe51-8470-4404-bca2-7ce0176c39d8'
ptd-server 2021-03-18 21:44:17,493 [INFO] Sending reply to client 'OK 2021-03-18_21-44-17,547477fe-fa05-4fd1-8914-687840afb041'
ptd-server 2021-03-18 21:44:17,696 [INFO] Got command from the client 'time'
ptd-server 2021-03-18 21:44:17,696 [INFO] Sending reply to client '1616129057.696885'
ptd-server 2021-03-18 21:44:17,696 [INFO] Got command from the client 'session,2021-03-18_21-44-17,start,ranging'
ptd-server 2021-03-18 21:44:17,806 [INFO] Running PTDaemon: ['C:\\PTD\\ptd-windows-x86.exe', '-l', 'C:\\logs_ptdeamon.txt', '-p', '8888', '-c', '1,3', '-y', '77', '172.22.0.90']
ptd-server 2021-03-18 21:44:37,160 [INFO] Sending to ptd: 'Hello'
ptd-server 2021-03-18 21:44:37,160 [INFO] Reply from ptd: 'Hello, PTDaemon here!'
ptd-server 2021-03-18 21:44:37,160 [INFO] Sending to ptd: 'Identify'
ptd-server 2021-03-18 21:44:37,160 [INFO] Reply from ptd: 'YokogawaWT330_multichannel,1000,1,1,1,1,0,0,1,version=1.9.2-3976349f-20201208,OS=Windows 8 / Server 2012,mode=power,1,1,2,0,0,no_cal_date,YOKOGAWA;WT333E;C2WA21018V;F1.04'
ptd-server 2021-03-18 21:44:37,160 [INFO] Connected to PTDaemon
ptd-server 2021-03-18 21:44:37,160 [INFO] Sending to ptd: 'RR'
ptd-server 2021-03-18 21:44:37,160 [INFO] Reply from ptd: 'Ranges,0,20.000000,1,300.000000'
ptd-server 2021-03-18 21:44:37,160 [INFO] Initial range for Amps is 20.000000 for Volts is Auto
ptd-server 2021-03-18 21:44:37,160 [INFO] Sending to ptd: 'SR,V,Auto'
ptd-server 2021-03-18 21:44:42,237 [INFO] Reply from ptd: 'Range V changed'
ptd-server 2021-03-18 21:44:42,237 [INFO] Sending to ptd: 'SR,A,Auto'
ptd-server 2021-03-18 21:44:47,306 [INFO] Reply from ptd: 'Range A changed'
ptd-server 2021-03-18 21:44:57,306 [INFO] Starting ranging mode
ptd-server 2021-03-18 21:44:57,306 [INFO] Sending to ptd: 'Go,1000,0,2021-03-18_21-44-17_ranging'
ptd-server 2021-03-18 21:44:57,306 [INFO] Reply from ptd: 'Starting untimed measurement, maximum 500000 samples at 1000ms with 0 rampup samples'
ptd-server 2021-03-18 21:44:57,306 [INFO] Sending reply to client 'OK'
ptd-server 2021-03-18 21:58:13,064 [INFO] Got command from the client 'session,2021-03-18_21-44-17,stop,ranging'
ptd-server 2021-03-18 21:58:23,078 [INFO] Sending to ptd: 'Stop'
ptd-server 2021-03-18 21:58:23,078 [INFO] Reply from ptd: 'Stopping untimed measurement'
ptd-server 2021-03-18 21:58:23,234 [INFO] Sending reply to client 'OK'
ptd-server 2021-03-18 21:58:23,266 [INFO] Got command from the client 'session,2021-03-18_21-44-17,upload,ranging'
ptd-server 2021-03-18 21:58:23,266 [INFO] Received 'C:\\ptd-logs\\2021-03-18_21-44-17ranging.tmp'
ptd-server 2021-03-18 21:58:23,281 [INFO] Extracted 'C:\\ptd-logs\\2021-03-18_21-44-17ranging.tmp' into 'C:\\ptd-logs\\2021-03-18_21-44-17\\ranging'
ptd-server 2021-03-18 21:58:23,281 [INFO] Removed 'C:\\ptd-logs\\2021-03-18_21-44-17ranging.tmp'
ptd-server 2021-03-18 21:58:23,281 [INFO] Sending reply to client 'OK'
ptd-server 2021-03-18 21:58:23,484 [INFO] Got command from the client 'time'
ptd-server 2021-03-18 21:58:23,484 [INFO] Sending reply to client '1616129903.484851'
ptd-server 2021-03-18 21:58:23,484 [INFO] Got command from the client 'session,2021-03-18_21-44-17,start,testing'
ptd-server 2021-03-18 21:58:23,484 [INFO] Sending to ptd: 'SR,V,233.400000'
ptd-server 2021-03-18 21:58:29,577 [INFO] Reply from ptd: 'Range V changed'
ptd-server 2021-03-18 21:58:29,577 [INFO] Sending to ptd: 'SR,A,5.497100'
ptd-server 2021-03-18 21:58:35,169 [INFO] Reply from ptd: 'Range A changed'
ptd-server 2021-03-18 21:58:45,177 [INFO] Starting testing mode
ptd-server 2021-03-18 21:58:45,177 [INFO] Sending to ptd: 'Go,1000,0,2021-03-18_21-44-17_testing'
ptd-server 2021-03-18 21:58:45,177 [INFO] Reply from ptd: 'Starting untimed measurement, maximum 500000 samples at 1000ms with 0 rampup samples'
ptd-server 2021-03-18 21:58:45,177 [INFO] Sending reply to client 'OK'
ptd-server 2021-03-18 22:11:49,001 [INFO] Got command from the client 'session,2021-03-18_21-44-17,stop,testing'
ptd-server 2021-03-18 22:11:59,016 [INFO] Sending to ptd: 'Stop'
ptd-server 2021-03-18 22:11:59,016 [INFO] Reply from ptd: 'Stopping untimed measurement'
ptd-server 2021-03-18 22:11:59,094 [INFO] Sending reply to client 'OK'
ptd-server 2021-03-18 22:11:59,110 [INFO] Got command from the client 'session,2021-03-18_21-44-17,upload,testing'
ptd-server 2021-03-18 22:11:59,110 [INFO] Received 'C:\\ptd-logs\\2021-03-18_21-44-17testing.tmp'
ptd-server 2021-03-18 22:11:59,125 [INFO] Extracted 'C:\\ptd-logs\\2021-03-18_21-44-17testing.tmp' into 'C:\\ptd-logs\\2021-03-18_21-44-17\\run_1'
ptd-server 2021-03-18 22:11:59,125 [INFO] Removed 'C:\\ptd-logs\\2021-03-18_21-44-17testing.tmp'
ptd-server 2021-03-18 22:11:59,125 [INFO] Sending reply to client 'OK'
ptd-server 2021-03-18 22:11:59,125 [INFO] Got command from the client 'session,2021-03-18_21-44-17,upload,client.log'
ptd-server 2021-03-18 22:11:59,125 [INFO] Received 'C:\\ptd-logs\\2021-03-18_21-44-17client.log.tmp'
ptd-server 2021-03-18 22:11:59,141 [INFO] Removed 'C:\\ptd-logs\\2021-03-18_21-44-17client.log.tmp'
ptd-server 2021-03-18 22:11:59,141 [INFO] Sending reply to client 'OK'
ptd-server 2021-03-18 22:11:59,156 [INFO] Got command from the client 'session,2021-03-18_21-44-17,upload,client.json'
ptd-server 2021-03-18 22:11:59,156 [INFO] Received 'C:\\ptd-logs\\2021-03-18_21-44-17client.json.tmp'
ptd-server 2021-03-18 22:11:59,172 [INFO] Removed 'C:\\ptd-logs\\2021-03-18_21-44-17client.json.tmp'
ptd-server 2021-03-18 22:11:59,172 [INFO] Sending reply to client 'OK'
ptd-server 2021-03-18 22:11:59,172 [INFO] Got command from the client 'session,2021-03-18_21-44-17,done'
ptd-server 2021-03-18 22:11:59,172 [INFO] Sending to ptd: 'Stop'
ptd-server 2021-03-18 22:11:59,188 [INFO] Reply from ptd: 'Error: no measurement to stop'
ptd-server 2021-03-18 22:11:59,188 [INFO] Sending to ptd: 'SR,V,Auto'
ptd-server 2021-03-18 22:12:04,264 [INFO] Reply from ptd: 'Range V changed'
ptd-server 2021-03-18 22:12:04,264 [INFO] Sending to ptd: 'SR,A,20.000000'
ptd-server 2021-03-18 22:12:09,857 [INFO] Reply from ptd: 'Range A changed'
ptd-server 2021-03-18 22:12:09,857 [INFO] Set initial values for Amps 20.000000 and Volts Auto
ptd-server 2021-03-18 22:12:09,857 [INFO] Stopping ptd...
