ptd-server 2021-03-01 12:39:55,277 [INFO] Got command from the client 'time'
ptd-server 2021-03-01 12:39:55,277 [INFO] Sending reply to client '1614602395.2774332'
ptd-server 2021-03-01 12:39:55,278 [INFO] Got command from the client 'new,,b84bc73a-25b9-4e50-a5a2-20cbd0af8241'
ptd-server 2021-03-01 12:39:55,279 [INFO] Sending reply to client 'OK 2021-03-01_12-39-55,0cd28228-617e-4b4d-bbf9-05e7c9a3c8ec'
ptd-server 2021-03-01 12:39:55,316 [INFO] Got command from the client 'time'
ptd-server 2021-03-01 12:39:55,317 [INFO] Sending reply to client '1614602395.3171048'
ptd-server 2021-03-01 12:39:55,318 [INFO] Got command from the client 'session,2021-03-01_12-39-55,start,ranging'
ptd-server 2021-03-01 12:39:55,318 [INFO] Running PTDaemon: ['/home/anton/projects/mlperf/power/inference_v1.0/ptd-linux-x86', '-l', 'ptd.log', '-p', '8888', '52', '/dev/usbtmc0']
ptd-server 2021-03-01 12:40:12,486 [INFO] Sending to ptd: 'Hello'
ptd-server 2021-03-01 12:40:12,486 [INFO] Reply from ptd: 'Hello, PTDaemon here!'
ptd-server 2021-03-01 12:40:12,487 [INFO] Sending to ptd: 'Identify'
ptd-server 2021-03-01 12:40:12,487 [INFO] Reply from ptd: 'YokogawaWT330E,1000,1,1,1,1,0,0,1,version=1.9.2-e8c7a49a-20201208,OS=Linux 5.8.0-43-generic #49~20.04.1-Ubuntu SMP Fri Feb 5 09:57:56 UTC 2021 x86_64,mode=power,1,1,1,0,0,no_cal_date,YOKOGAWA;WT333E;C3VD30030E;F1.04'
ptd-server 2021-03-01 12:40:12,487 [INFO] Connected to PTDaemon
ptd-server 2021-03-01 12:40:12,487 [INFO] Sending to ptd: 'RR'
ptd-server 2021-03-01 12:40:12,488 [INFO] Reply from ptd: 'Ranges,0,0.500000,0,300.000000'
ptd-server 2021-03-01 12:40:12,488 [INFO] Initial range for Amps is 0.500000 for Volts is 300.000000
ptd-server 2021-03-01 12:40:12,488 [INFO] Sending to ptd: 'SR,V,Auto'
ptd-server 2021-03-01 12:40:12,990 [INFO] Reply from ptd: 'Range V changed'
ptd-server 2021-03-01 12:40:12,990 [INFO] Sending to ptd: 'SR,A,Auto'
ptd-server 2021-03-01 12:40:13,493 [INFO] Reply from ptd: 'Range A changed'
ptd-server 2021-03-01 12:40:23,503 [INFO] Starting ranging mode
ptd-server 2021-03-01 12:40:23,503 [INFO] Sending to ptd: 'Go,1000,0,2021-03-01_12-39-55_ranging'
ptd-server 2021-03-01 12:40:23,504 [INFO] Reply from ptd: 'Starting untimed measurement, maximum 500000 samples at 1000ms with 0 rampup samples'
ptd-server 2021-03-01 12:40:23,504 [INFO] Sending reply to client 'OK'
ptd-server 2021-03-01 12:50:38,757 [INFO] Got command from the client 'session,2021-03-01_12-39-55,stop,ranging'
ptd-server 2021-03-01 12:50:48,767 [INFO] Sending to ptd: 'Stop'
ptd-server 2021-03-01 12:50:48,768 [INFO] Reply from ptd: 'Stopping untimed measurement'
ptd-server 2021-03-01 12:50:49,021 [INFO] Sending reply to client 'OK'
ptd-server 2021-03-01 12:50:49,055 [INFO] Got command from the client 'time'
ptd-server 2021-03-01 12:50:49,055 [INFO] Sending reply to client '1614603049.055862'
ptd-server 2021-03-01 12:50:49,057 [INFO] Got command from the client 'session,2021-03-01_12-39-55,start,testing'
ptd-server 2021-03-01 12:50:49,057 [INFO] Sending to ptd: 'SR,V,252.260000'
ptd-server 2021-03-01 12:50:51,006 [INFO] Reply from ptd: 'Range V changed'
ptd-server 2021-03-01 12:50:51,006 [INFO] Sending to ptd: 'SR,A,0.159940'
ptd-server 2021-03-01 12:50:52,507 [INFO] Reply from ptd: 'Range A changed'
ptd-server 2021-03-01 12:51:02,517 [INFO] Starting testing mode
ptd-server 2021-03-01 12:51:02,518 [INFO] Sending to ptd: 'Go,1000,0,2021-03-01_12-39-55_testing'
ptd-server 2021-03-01 12:51:02,518 [INFO] Reply from ptd: 'Starting untimed measurement, maximum 500000 samples at 1000ms with 0 rampup samples'
ptd-server 2021-03-01 12:51:02,518 [INFO] Sending reply to client 'OK'
ptd-server 2021-03-01 13:01:17,550 [INFO] Got command from the client 'session,2021-03-01_12-39-55,stop,testing'
ptd-server 2021-03-01 13:01:27,560 [INFO] Sending to ptd: 'Stop'
ptd-server 2021-03-01 13:01:27,561 [INFO] Reply from ptd: 'Stopping untimed measurement'
ptd-server 2021-03-01 13:01:27,705 [INFO] Sending reply to client 'OK'
ptd-server 2021-03-01 13:01:27,709 [INFO] Got command from the client 'session,2021-03-01_12-39-55,upload,client.log'
ptd-server 2021-03-01 13:01:27,709 [INFO] Received '/home/anton/projects/mlperf/power-dev/output/2021-03-01_12-39-55client.log.tmp'
ptd-server 2021-03-01 13:01:27,710 [INFO] Removed '/home/anton/projects/mlperf/power-dev/output/2021-03-01_12-39-55client.log.tmp'
ptd-server 2021-03-01 13:01:27,710 [INFO] Sending reply to client 'OK'
ptd-server 2021-03-01 13:01:27,714 [INFO] Got command from the client 'session,2021-03-01_12-39-55,upload,client.json'
ptd-server 2021-03-01 13:01:27,715 [INFO] Received '/home/anton/projects/mlperf/power-dev/output/2021-03-01_12-39-55client.json.tmp'
ptd-server 2021-03-01 13:01:27,715 [INFO] Removed '/home/anton/projects/mlperf/power-dev/output/2021-03-01_12-39-55client.json.tmp'
ptd-server 2021-03-01 13:01:27,715 [INFO] Sending reply to client 'OK'
ptd-server 2021-03-01 13:01:27,716 [INFO] Got command from the client 'session,2021-03-01_12-39-55,done'
ptd-server 2021-03-01 13:01:27,716 [INFO] Sending to ptd: 'Stop'
ptd-server 2021-03-01 13:01:28,518 [INFO] Reply from ptd: 'Error: no measurement to stop'
ptd-server 2021-03-01 13:01:28,519 [INFO] Sending to ptd: 'SR,V,300.000000'
ptd-server 2021-03-01 13:01:30,020 [INFO] Reply from ptd: 'Range V changed'
ptd-server 2021-03-01 13:01:30,020 [INFO] Sending to ptd: 'SR,A,0.500000'
ptd-server 2021-03-01 13:01:31,522 [INFO] Reply from ptd: 'Range A changed'
ptd-server 2021-03-01 13:01:31,522 [INFO] Set initial values for Amps 0.500000 and Volts 300.000000
ptd-server 2021-03-01 13:01:31,522 [INFO] Stopping ptd...
