ptd-server 2021-03-05 16:19:25,712 [INFO] Got command from the client 'time'
ptd-server 2021-03-05 16:19:25,712 [INFO] Sending reply to client '1614961165.712163'
ptd-server 2021-03-05 16:19:25,714 [INFO] Got command from the client 'new,,c3a71cc0-0995-4d28-b4ee-330f3a774ce8'
ptd-server 2021-03-05 16:19:25,715 [INFO] Sending reply to client 'OK 2021-03-05_16-19-25,f01b39ba-3093-4ba4-8419-ba5ccd780e0d'
ptd-server 2021-03-05 16:19:25,754 [INFO] Got command from the client 'time'
ptd-server 2021-03-05 16:19:25,754 [INFO] Sending reply to client '1614961165.754492'
ptd-server 2021-03-05 16:19:25,757 [INFO] Got command from the client 'session,2021-03-05_16-19-25,start,ranging'
ptd-server 2021-03-05 16:19:25,757 [INFO] Running PTDaemon: ['/home/anton/projects/mlperf/power/inference_v1.0/ptd-linux-x86', '-l', 'ptd.log', '-p', '8888', '52', '/dev/usbtmc0']
ptd-server 2021-03-05 16:19:42,927 [INFO] Sending to ptd: 'Hello'
ptd-server 2021-03-05 16:19:42,927 [INFO] Reply from ptd: 'Hello, PTDaemon here!'
ptd-server 2021-03-05 16:19:42,927 [INFO] Sending to ptd: 'Identify'
ptd-server 2021-03-05 16:19:42,928 [INFO] Reply from ptd: 'YokogawaWT330E,1000,1,1,1,1,0,0,1,version=1.9.2-e8c7a49a-20201208,OS=Linux 5.8.0-43-generic #49~20.04.1-Ubuntu SMP Fri Feb 5 09:57:56 UTC 2021 x86_64,mode=power,1,1,1,0,0,no_cal_date,YOKOGAWA;WT333E;C3VD30030E;F1.04'
ptd-server 2021-03-05 16:19:42,928 [INFO] Connected to PTDaemon
ptd-server 2021-03-05 16:19:42,928 [INFO] Sending to ptd: 'RR'
ptd-server 2021-03-05 16:19:42,928 [INFO] Reply from ptd: 'Ranges,0,0.500000,0,300.000000'
ptd-server 2021-03-05 16:19:42,929 [INFO] Initial range for Amps is 0.500000 for Volts is 300.000000
ptd-server 2021-03-05 16:19:42,929 [INFO] Sending to ptd: 'SR,V,Auto'
ptd-server 2021-03-05 16:19:43,431 [INFO] Reply from ptd: 'Range V changed'
ptd-server 2021-03-05 16:19:43,431 [INFO] Sending to ptd: 'SR,A,Auto'
ptd-server 2021-03-05 16:19:43,934 [INFO] Reply from ptd: 'Range A changed'
ptd-server 2021-03-05 16:19:53,944 [INFO] Starting ranging mode
ptd-server 2021-03-05 16:19:53,944 [INFO] Sending to ptd: 'Go,1000,0,2021-03-05_16-19-25_ranging'
ptd-server 2021-03-05 16:19:53,945 [INFO] Reply from ptd: 'Starting untimed measurement, maximum 500000 samples at 1000ms with 0 rampup samples'
ptd-server 2021-03-05 16:19:53,945 [INFO] Sending reply to client 'OK'
ptd-server 2021-03-05 16:30:26,079 [INFO] Got command from the client 'session,2021-03-05_16-19-25,stop,ranging'
ptd-server 2021-03-05 16:30:36,089 [INFO] Sending to ptd: 'Stop'
ptd-server 2021-03-05 16:30:36,090 [INFO] Reply from ptd: 'Stopping untimed measurement'
ptd-server 2021-03-05 16:30:36,432 [INFO] Sending reply to client 'OK'
ptd-server 2021-03-05 16:30:36,483 [INFO] Got command from the client 'time'
ptd-server 2021-03-05 16:30:36,483 [INFO] Sending reply to client '1614961836.4835389'
ptd-server 2021-03-05 16:30:36,487 [INFO] Got command from the client 'session,2021-03-05_16-19-25,start,testing'
ptd-server 2021-03-05 16:30:36,487 [INFO] Sending to ptd: 'SR,V,249.430000'
ptd-server 2021-03-05 16:30:38,446 [INFO] Reply from ptd: 'Range V changed'
ptd-server 2021-03-05 16:30:38,446 [INFO] Sending to ptd: 'SR,A,0.059900'
ptd-server 2021-03-05 16:30:39,948 [INFO] Reply from ptd: 'Range A changed'
ptd-server 2021-03-05 16:30:49,958 [INFO] Starting testing mode
ptd-server 2021-03-05 16:30:49,958 [INFO] Sending to ptd: 'Go,1000,0,2021-03-05_16-19-25_testing'
ptd-server 2021-03-05 16:30:49,959 [INFO] Reply from ptd: 'Starting untimed measurement, maximum 500000 samples at 1000ms with 0 rampup samples'
ptd-server 2021-03-05 16:30:49,959 [INFO] Sending reply to client 'OK'
ptd-server 2021-03-05 16:41:26,819 [INFO] Got command from the client 'session,2021-03-05_16-19-25,stop,testing'
ptd-server 2021-03-05 16:41:36,829 [INFO] Sending to ptd: 'Stop'
ptd-server 2021-03-05 16:41:36,830 [INFO] Reply from ptd: 'Stopping untimed measurement'
ptd-server 2021-03-05 16:41:37,017 [INFO] Sending reply to client 'OK'
ptd-server 2021-03-05 16:41:37,025 [INFO] Got command from the client 'session,2021-03-05_16-19-25,upload,client.log'
ptd-server 2021-03-05 16:41:37,028 [INFO] Received '/home/anton/projects/mlperf/power-dev/output/2021-03-05_16-19-25client.log.tmp'
ptd-server 2021-03-05 16:41:37,029 [INFO] Removed '/home/anton/projects/mlperf/power-dev/output/2021-03-05_16-19-25client.log.tmp'
ptd-server 2021-03-05 16:41:37,029 [INFO] Sending reply to client 'OK'
ptd-server 2021-03-05 16:41:37,041 [INFO] Got command from the client 'session,2021-03-05_16-19-25,upload,client.json'
ptd-server 2021-03-05 16:41:37,044 [INFO] Received '/home/anton/projects/mlperf/power-dev/output/2021-03-05_16-19-25client.json.tmp'
ptd-server 2021-03-05 16:41:37,044 [INFO] Removed '/home/anton/projects/mlperf/power-dev/output/2021-03-05_16-19-25client.json.tmp'
ptd-server 2021-03-05 16:41:37,044 [INFO] Sending reply to client 'OK'
ptd-server 2021-03-05 16:41:37,047 [INFO] Got command from the client 'session,2021-03-05_16-19-25,done'
ptd-server 2021-03-05 16:41:37,047 [INFO] Sending to ptd: 'Stop'
ptd-server 2021-03-05 16:41:37,047 [INFO] Reply from ptd: 'Error: no measurement to stop'
ptd-server 2021-03-05 16:41:37,047 [INFO] Sending to ptd: 'SR,V,300.000000'
ptd-server 2021-03-05 16:41:38,549 [INFO] Reply from ptd: 'Range V changed'
ptd-server 2021-03-05 16:41:38,549 [INFO] Sending to ptd: 'SR,A,0.500000'
ptd-server 2021-03-05 16:41:40,050 [INFO] Reply from ptd: 'Range A changed'
ptd-server 2021-03-05 16:41:40,050 [INFO] Set initial values for Amps 0.500000 and Volts 300.000000
ptd-server 2021-03-05 16:41:40,050 [INFO] Stopping ptd...
