ptd-server 2021-03-19 15:32:13,911 [INFO] Got command from the client 'time'
ptd-server 2021-03-19 15:32:13,912 [INFO] Sending reply to client '1616167933.912088'
ptd-server 2021-03-19 15:32:13,912 [INFO] Got command from the client 'new,,f15eddc1-85dd-45a0-87f3-677cdc5981ba'
ptd-server 2021-03-19 15:32:13,912 [INFO] Sending reply to client 'OK 2021-03-19_15-32-13,c7c46270-17b1-4890-ab7b-3fea5edb0ecb'
ptd-server 2021-03-19 15:32:13,937 [INFO] Got command from the client 'time'
ptd-server 2021-03-19 15:32:13,937 [INFO] Sending reply to client '1616167933.937838'
ptd-server 2021-03-19 15:32:13,938 [INFO] Got command from the client 'session,2021-03-19_15-32-13,start,ranging'
ptd-server 2021-03-19 15:32:13,939 [INFO] Running PTDaemon: ['/home/anton/projects/mlperf/power/inference_v1.0/ptd-linux-x86', '-l', 'ptd.log', '-p', '9888', '52', '/dev/usbtmc1']
ptd-server 2021-03-19 15:32:31,040 [INFO] Sending to ptd: 'Hello'
ptd-server 2021-03-19 15:32:31,041 [INFO] Reply from ptd: 'Hello, PTDaemon here!'
ptd-server 2021-03-19 15:32:31,041 [INFO] Sending to ptd: 'Identify'
ptd-server 2021-03-19 15:32:31,042 [INFO] Reply from ptd: 'YokogawaWT330E,1000,1,1,1,1,0,0,1,version=1.9.2-e8c7a49a-20201208,OS=Linux 5.8.0-45-generic #51~20.04.1-Ubuntu SMP Tue Feb 23 13:46:31 UTC 2021 x86_64,mode=power,1,1,1,0,0,no_cal_date,YOKOGAWA;WT333E;C3VD30030E;F1.04'
ptd-server 2021-03-19 15:32:31,042 [INFO] Connected to PTDaemon
ptd-server 2021-03-19 15:32:31,042 [INFO] Sending to ptd: 'RR'
ptd-server 2021-03-19 15:32:31,042 [INFO] Reply from ptd: 'Ranges,1,2.000000,1,300.000000'
ptd-server 2021-03-19 15:32:31,043 [INFO] Initial range for Amps is Auto for Volts is Auto
ptd-server 2021-03-19 15:32:31,043 [INFO] Sending to ptd: 'SR,V,Auto'
ptd-server 2021-03-19 15:32:31,546 [INFO] Reply from ptd: 'Range V changed'
ptd-server 2021-03-19 15:32:31,546 [INFO] Sending to ptd: 'SR,A,Auto'
ptd-server 2021-03-19 15:32:32,049 [INFO] Reply from ptd: 'Range A changed'
ptd-server 2021-03-19 15:32:42,059 [INFO] Starting ranging mode
ptd-server 2021-03-19 15:32:42,059 [INFO] Sending to ptd: 'Go,1000,0,2021-03-19_15-32-13_ranging'
ptd-server 2021-03-19 15:32:42,060 [INFO] Reply from ptd: 'Starting untimed measurement, maximum 500000 samples at 1000ms with 0 rampup samples'
ptd-server 2021-03-19 15:32:42,060 [INFO] Sending reply to client 'OK'
ptd-server 2021-03-19 15:45:31,056 [INFO] Got command from the client 'session,2021-03-19_15-32-13,stop,ranging'
ptd-server 2021-03-19 15:45:41,067 [INFO] Sending to ptd: 'Stop'
ptd-server 2021-03-19 15:45:41,067 [INFO] Reply from ptd: 'Stopping untimed measurement'
ptd-server 2021-03-19 15:45:41,146 [INFO] Sending reply to client 'OK'
ptd-server 2021-03-19 15:45:41,175 [INFO] Got command from the client 'time'
ptd-server 2021-03-19 15:45:41,175 [INFO] Sending reply to client '1616168741.1755667'
ptd-server 2021-03-19 15:45:41,176 [INFO] Got command from the client 'session,2021-03-19_15-32-13,start,testing'
ptd-server 2021-03-19 15:45:41,176 [INFO] Sending to ptd: 'SR,V,247.160000'
ptd-server 2021-03-19 15:45:43,562 [INFO] Reply from ptd: 'Range V changed'
ptd-server 2021-03-19 15:45:43,563 [INFO] Sending to ptd: 'SR,A,2.247500'
ptd-server 2021-03-19 15:45:45,065 [INFO] Reply from ptd: 'Range A changed'
ptd-server 2021-03-19 15:45:55,075 [INFO] Starting testing mode
ptd-server 2021-03-19 15:45:55,076 [INFO] Sending to ptd: 'Go,1000,0,2021-03-19_15-32-13_testing'
ptd-server 2021-03-19 15:45:55,076 [INFO] Reply from ptd: 'Starting untimed measurement, maximum 500000 samples at 1000ms with 0 rampup samples'
ptd-server 2021-03-19 15:45:55,076 [INFO] Sending reply to client 'OK'
ptd-server 2021-03-19 15:58:42,611 [INFO] Got command from the client 'session,2021-03-19_15-32-13,stop,testing'
ptd-server 2021-03-19 15:58:52,621 [INFO] Sending to ptd: 'Stop'
ptd-server 2021-03-19 15:58:52,622 [INFO] Reply from ptd: 'Stopping untimed measurement'
ptd-server 2021-03-19 15:58:52,692 [INFO] Sending reply to client 'OK'
ptd-server 2021-03-19 15:58:52,695 [INFO] Got command from the client 'session,2021-03-19_15-32-13,upload,client.log'
ptd-server 2021-03-19 15:58:52,696 [INFO] Received '/home/anton/projects/mlperf/power-dev/output/2021-03-19_15-32-13client.log.tmp'
ptd-server 2021-03-19 15:58:52,696 [INFO] Removed '/home/anton/projects/mlperf/power-dev/output/2021-03-19_15-32-13client.log.tmp'
ptd-server 2021-03-19 15:58:52,696 [INFO] Sending reply to client 'OK'
ptd-server 2021-03-19 15:58:52,698 [INFO] Got command from the client 'session,2021-03-19_15-32-13,upload,client.json'
ptd-server 2021-03-19 15:58:52,699 [INFO] Received '/home/anton/projects/mlperf/power-dev/output/2021-03-19_15-32-13client.json.tmp'
ptd-server 2021-03-19 15:58:52,699 [INFO] Removed '/home/anton/projects/mlperf/power-dev/output/2021-03-19_15-32-13client.json.tmp'
ptd-server 2021-03-19 15:58:52,699 [INFO] Sending reply to client 'OK'
ptd-server 2021-03-19 15:58:52,700 [INFO] Got command from the client 'session,2021-03-19_15-32-13,done'
ptd-server 2021-03-19 15:58:52,700 [INFO] Sending to ptd: 'Stop'
ptd-server 2021-03-19 15:58:53,077 [INFO] Reply from ptd: 'Error: no measurement to stop'
ptd-server 2021-03-19 15:58:53,077 [INFO] Sending to ptd: 'SR,V,Auto'
ptd-server 2021-03-19 15:58:53,580 [INFO] Reply from ptd: 'Range V changed'
ptd-server 2021-03-19 15:58:53,580 [INFO] Sending to ptd: 'SR,A,Auto'
ptd-server 2021-03-19 15:58:54,083 [INFO] Reply from ptd: 'Range A changed'
ptd-server 2021-03-19 15:58:54,084 [INFO] Set initial values for Amps Auto and Volts Auto
ptd-server 2021-03-19 15:58:54,084 [INFO] Stopping ptd...
