ptd-server 2021-03-05 23:03:01,413 [INFO] Got command from the client 'time'
ptd-server 2021-03-05 23:03:01,413 [INFO] Sending reply to client '1614985381.4133875'
ptd-server 2021-03-05 23:03:01,416 [INFO] Got command from the client 'new,,5adc090c-ae19-4579-989f-de5e33c6f718'
ptd-server 2021-03-05 23:03:01,417 [INFO] Sending reply to client 'OK 2021-03-05_23-03-01,41b8706f-2a47-4ec3-9d61-7416762f0420'
ptd-server 2021-03-05 23:03:01,453 [INFO] Got command from the client 'time'
ptd-server 2021-03-05 23:03:01,453 [INFO] Sending reply to client '1614985381.4532444'
ptd-server 2021-03-05 23:03:01,455 [INFO] Got command from the client 'session,2021-03-05_23-03-01,start,ranging'
ptd-server 2021-03-05 23:03:01,456 [INFO] Running PTDaemon: ['/home/anton/projects/mlperf/power/inference_v1.0/ptd-linux-x86', '-l', 'ptd.log', '-p', '8888', '52', '/dev/usbtmc0']
ptd-server 2021-03-05 23:03:18,624 [INFO] Sending to ptd: 'Hello'
ptd-server 2021-03-05 23:03:18,625 [INFO] Reply from ptd: 'Hello, PTDaemon here!'
ptd-server 2021-03-05 23:03:18,625 [INFO] Sending to ptd: 'Identify'
ptd-server 2021-03-05 23:03:18,625 [INFO] Reply from ptd: 'YokogawaWT330E,1000,1,1,1,1,0,0,1,version=1.9.2-e8c7a49a-20201208,OS=Linux 5.8.0-43-generic #49~20.04.1-Ubuntu SMP Fri Feb 5 09:57:56 UTC 2021 x86_64,mode=power,1,1,1,0,0,no_cal_date,YOKOGAWA;WT333E;C3VD30030E;F1.04'
ptd-server 2021-03-05 23:03:18,625 [INFO] Connected to PTDaemon
ptd-server 2021-03-05 23:03:18,625 [INFO] Sending to ptd: 'RR'
ptd-server 2021-03-05 23:03:18,626 [INFO] Reply from ptd: 'Ranges,0,0.500000,0,300.000000'
ptd-server 2021-03-05 23:03:18,626 [INFO] Initial range for Amps is 0.500000 for Volts is 300.000000
ptd-server 2021-03-05 23:03:18,626 [INFO] Sending to ptd: 'SR,V,Auto'
ptd-server 2021-03-05 23:03:19,129 [INFO] Reply from ptd: 'Range V changed'
ptd-server 2021-03-05 23:03:19,129 [INFO] Sending to ptd: 'SR,A,Auto'
ptd-server 2021-03-05 23:03:19,631 [INFO] Reply from ptd: 'Range A changed'
ptd-server 2021-03-05 23:03:29,641 [INFO] Starting ranging mode
ptd-server 2021-03-05 23:03:29,642 [INFO] Sending to ptd: 'Go,1000,0,2021-03-05_23-03-01_ranging'
ptd-server 2021-03-05 23:03:29,642 [INFO] Reply from ptd: 'Starting untimed measurement, maximum 500000 samples at 1000ms with 0 rampup samples'
ptd-server 2021-03-05 23:03:29,642 [INFO] Sending reply to client 'OK'
ptd-server 2021-03-05 23:14:01,058 [INFO] Got command from the client 'session,2021-03-05_23-03-01,stop,ranging'
ptd-server 2021-03-05 23:14:11,068 [INFO] Sending to ptd: 'Stop'
ptd-server 2021-03-05 23:14:11,069 [INFO] Reply from ptd: 'Stopping untimed measurement'
ptd-server 2021-03-05 23:14:11,450 [INFO] Sending reply to client 'OK'
ptd-server 2021-03-05 23:14:11,512 [INFO] Got command from the client 'time'
ptd-server 2021-03-05 23:14:11,513 [INFO] Sending reply to client '1614986051.513012'
ptd-server 2021-03-05 23:14:11,516 [INFO] Got command from the client 'session,2021-03-05_23-03-01,start,testing'
ptd-server 2021-03-05 23:14:11,517 [INFO] Sending to ptd: 'SR,V,251.620000'
ptd-server 2021-03-05 23:14:13,143 [INFO] Reply from ptd: 'Range V changed'
ptd-server 2021-03-05 23:14:13,144 [INFO] Sending to ptd: 'SR,A,0.056240'
ptd-server 2021-03-05 23:14:14,645 [INFO] Reply from ptd: 'Range A changed'
ptd-server 2021-03-05 23:14:24,655 [INFO] Starting testing mode
ptd-server 2021-03-05 23:14:24,655 [INFO] Sending to ptd: 'Go,1000,0,2021-03-05_23-03-01_testing'
ptd-server 2021-03-05 23:14:24,656 [INFO] Reply from ptd: 'Starting untimed measurement, maximum 500000 samples at 1000ms with 0 rampup samples'
ptd-server 2021-03-05 23:14:24,656 [INFO] Sending reply to client 'OK'
ptd-server 2021-03-05 23:25:00,832 [INFO] Got command from the client 'session,2021-03-05_23-03-01,stop,testing'
ptd-server 2021-03-05 23:25:10,843 [INFO] Sending to ptd: 'Stop'
ptd-server 2021-03-05 23:25:10,843 [INFO] Reply from ptd: 'Stopping untimed measurement'
ptd-server 2021-03-05 23:25:11,042 [INFO] Sending reply to client 'OK'
ptd-server 2021-03-05 23:25:11,050 [INFO] Got command from the client 'session,2021-03-05_23-03-01,upload,client.log'
ptd-server 2021-03-05 23:25:11,060 [INFO] Received '/home/anton/projects/mlperf/power-dev/output/2021-03-05_23-03-01client.log.tmp'
ptd-server 2021-03-05 23:25:11,060 [INFO] Removed '/home/anton/projects/mlperf/power-dev/output/2021-03-05_23-03-01client.log.tmp'
ptd-server 2021-03-05 23:25:11,060 [INFO] Sending reply to client 'OK'
ptd-server 2021-03-05 23:25:11,073 [INFO] Got command from the client 'session,2021-03-05_23-03-01,upload,client.json'
ptd-server 2021-03-05 23:25:11,076 [INFO] Received '/home/anton/projects/mlperf/power-dev/output/2021-03-05_23-03-01client.json.tmp'
ptd-server 2021-03-05 23:25:11,077 [INFO] Removed '/home/anton/projects/mlperf/power-dev/output/2021-03-05_23-03-01client.json.tmp'
ptd-server 2021-03-05 23:25:11,077 [INFO] Sending reply to client 'OK'
ptd-server 2021-03-05 23:25:11,079 [INFO] Got command from the client 'session,2021-03-05_23-03-01,done'
ptd-server 2021-03-05 23:25:11,080 [INFO] Sending to ptd: 'Stop'
ptd-server 2021-03-05 23:25:11,656 [INFO] Reply from ptd: 'Error: no measurement to stop'
ptd-server 2021-03-05 23:25:11,657 [INFO] Sending to ptd: 'SR,V,300.000000'
ptd-server 2021-03-05 23:25:13,158 [INFO] Reply from ptd: 'Range V changed'
ptd-server 2021-03-05 23:25:13,158 [INFO] Sending to ptd: 'SR,A,0.500000'
ptd-server 2021-03-05 23:25:14,659 [INFO] Reply from ptd: 'Range A changed'
ptd-server 2021-03-05 23:25:14,660 [INFO] Set initial values for Amps 0.500000 and Volts 300.000000
ptd-server 2021-03-05 23:25:14,660 [INFO] Stopping ptd...
