ptd-server 2021-03-07 04:33:04,585 [INFO] Got command from the client 'time'
ptd-server 2021-03-07 04:33:04,585 [INFO] Sending reply to client '1615091584.5857317'
ptd-server 2021-03-07 04:33:04,589 [INFO] Got command from the client 'new,,d0a23bf3-0d04-494b-a28b-4895fbb76765'
ptd-server 2021-03-07 04:33:04,590 [INFO] Sending reply to client 'OK 2021-03-07_04-33-04,6bd0313e-ea8e-465e-8541-56edada62956'
ptd-server 2021-03-07 04:33:04,625 [INFO] Got command from the client 'time'
ptd-server 2021-03-07 04:33:04,625 [INFO] Sending reply to client '1615091584.625781'
ptd-server 2021-03-07 04:33:04,628 [INFO] Got command from the client 'session,2021-03-07_04-33-04,start,ranging'
ptd-server 2021-03-07 04:33:04,629 [INFO] Running PTDaemon: ['/home/anton/projects/mlperf/power/inference_v1.0/ptd-linux-x86', '-l', 'ptd.log', '-p', '8888', '52', '/dev/usbtmc0']
ptd-server 2021-03-07 04:33:21,796 [INFO] Sending to ptd: 'Hello'
ptd-server 2021-03-07 04:33:21,797 [INFO] Reply from ptd: 'Hello, PTDaemon here!'
ptd-server 2021-03-07 04:33:21,797 [INFO] Sending to ptd: 'Identify'
ptd-server 2021-03-07 04:33:21,797 [INFO] Reply from ptd: 'YokogawaWT330E,1000,1,1,1,1,0,0,1,version=1.9.2-e8c7a49a-20201208,OS=Linux 5.8.0-43-generic #49~20.04.1-Ubuntu SMP Fri Feb 5 09:57:56 UTC 2021 x86_64,mode=power,1,1,1,0,0,no_cal_date,YOKOGAWA;WT333E;C3VD30030E;F1.04'
ptd-server 2021-03-07 04:33:21,797 [INFO] Connected to PTDaemon
ptd-server 2021-03-07 04:33:21,797 [INFO] Sending to ptd: 'RR'
ptd-server 2021-03-07 04:33:21,798 [INFO] Reply from ptd: 'Ranges,0,0.500000,0,300.000000'
ptd-server 2021-03-07 04:33:21,798 [INFO] Initial range for Amps is 0.500000 for Volts is 300.000000
ptd-server 2021-03-07 04:33:21,798 [INFO] Sending to ptd: 'SR,V,Auto'
ptd-server 2021-03-07 04:33:22,300 [INFO] Reply from ptd: 'Range V changed'
ptd-server 2021-03-07 04:33:22,301 [INFO] Sending to ptd: 'SR,A,Auto'
ptd-server 2021-03-07 04:33:22,803 [INFO] Reply from ptd: 'Range A changed'
ptd-server 2021-03-07 04:33:32,813 [INFO] Starting ranging mode
ptd-server 2021-03-07 04:33:32,813 [INFO] Sending to ptd: 'Go,1000,0,2021-03-07_04-33-04_ranging'
ptd-server 2021-03-07 04:33:32,814 [INFO] Reply from ptd: 'Starting untimed measurement, maximum 500000 samples at 1000ms with 0 rampup samples'
ptd-server 2021-03-07 04:33:32,814 [INFO] Sending reply to client 'OK'
ptd-server 2021-03-07 04:43:58,056 [INFO] Got command from the client 'session,2021-03-07_04-33-04,stop,ranging'
ptd-server 2021-03-07 04:44:08,060 [INFO] Sending to ptd: 'Stop'
ptd-server 2021-03-07 04:44:08,060 [INFO] Reply from ptd: 'Stopping untimed measurement'
ptd-server 2021-03-07 04:44:08,569 [INFO] Sending reply to client 'OK'
ptd-server 2021-03-07 04:44:08,632 [INFO] Got command from the client 'time'
ptd-server 2021-03-07 04:44:08,632 [INFO] Sending reply to client '1615092248.6324174'
ptd-server 2021-03-07 04:44:08,637 [INFO] Got command from the client 'session,2021-03-07_04-33-04,start,testing'
ptd-server 2021-03-07 04:44:08,637 [INFO] Sending to ptd: 'SR,V,251.480000'
ptd-server 2021-03-07 04:44:10,316 [INFO] Reply from ptd: 'Range V changed'
ptd-server 2021-03-07 04:44:10,316 [INFO] Sending to ptd: 'SR,A,0.051360'
ptd-server 2021-03-07 04:44:11,817 [INFO] Reply from ptd: 'Range A changed'
ptd-server 2021-03-07 04:44:21,827 [INFO] Starting testing mode
ptd-server 2021-03-07 04:44:21,827 [INFO] Sending to ptd: 'Go,1000,0,2021-03-07_04-33-04_testing'
ptd-server 2021-03-07 04:44:21,828 [INFO] Reply from ptd: 'Starting untimed measurement, maximum 500000 samples at 1000ms with 0 rampup samples'
ptd-server 2021-03-07 04:44:21,828 [INFO] Sending reply to client 'OK'
ptd-server 2021-03-07 04:54:52,059 [INFO] Got command from the client 'session,2021-03-07_04-33-04,stop,testing'
ptd-server 2021-03-07 04:55:02,069 [INFO] Sending to ptd: 'Stop'
ptd-server 2021-03-07 04:55:02,070 [INFO] Reply from ptd: 'Stopping untimed measurement'
ptd-server 2021-03-07 04:55:02,353 [INFO] Sending reply to client 'OK'
ptd-server 2021-03-07 04:55:02,361 [INFO] Got command from the client 'session,2021-03-07_04-33-04,upload,client.log'
ptd-server 2021-03-07 04:55:02,364 [INFO] Received '/home/anton/projects/mlperf/power-dev/output/2021-03-07_04-33-04client.log.tmp'
ptd-server 2021-03-07 04:55:02,365 [INFO] Removed '/home/anton/projects/mlperf/power-dev/output/2021-03-07_04-33-04client.log.tmp'
ptd-server 2021-03-07 04:55:02,365 [INFO] Sending reply to client 'OK'
ptd-server 2021-03-07 04:55:02,378 [INFO] Got command from the client 'session,2021-03-07_04-33-04,upload,client.json'
ptd-server 2021-03-07 04:55:02,380 [INFO] Received '/home/anton/projects/mlperf/power-dev/output/2021-03-07_04-33-04client.json.tmp'
ptd-server 2021-03-07 04:55:02,381 [INFO] Removed '/home/anton/projects/mlperf/power-dev/output/2021-03-07_04-33-04client.json.tmp'
ptd-server 2021-03-07 04:55:02,381 [INFO] Sending reply to client 'OK'
ptd-server 2021-03-07 04:55:02,384 [INFO] Got command from the client 'session,2021-03-07_04-33-04,done'
ptd-server 2021-03-07 04:55:02,384 [INFO] Sending to ptd: 'Stop'
ptd-server 2021-03-07 04:55:02,829 [INFO] Reply from ptd: 'Error: no measurement to stop'
ptd-server 2021-03-07 04:55:02,829 [INFO] Sending to ptd: 'SR,V,300.000000'
ptd-server 2021-03-07 04:55:04,330 [INFO] Reply from ptd: 'Range V changed'
ptd-server 2021-03-07 04:55:04,331 [INFO] Sending to ptd: 'SR,A,0.500000'
ptd-server 2021-03-07 04:55:05,832 [INFO] Reply from ptd: 'Range A changed'
ptd-server 2021-03-07 04:55:05,832 [INFO] Set initial values for Amps 0.500000 and Volts 300.000000
ptd-server 2021-03-07 04:55:05,832 [INFO] Stopping ptd...
