client 2021-03-17 23:25:59,131 [WARNING] Removing old loadgen logs directory '/work/build/power_logs_temp'
client 2021-03-17 23:25:59,144 [INFO] Sending command to the server: 'mlcommons/power client v3'
client 2021-03-17 23:25:59,145 [INFO] Got response: 'mlcommons/power server v3'
client 2021-03-17 23:25:59,145 [INFO] Sending command to the server: 'stop'
client 2021-03-17 23:25:59,147 [INFO] Got response: 'OK'
client 2021-03-17 23:25:59,147 [INFO] Synchronizing with the server and with ib-01.dc4-in.nvidia.com...
client 2021-03-17 23:25:59,351 [INFO] NTP:offset = -5.192 s, delay = 0.201 s 
client 2021-03-17 23:25:59,351 [WARNING] The time offset between the system time and ib-01.dc4-in.nvidia.com is more then 200 ms (-5191.739 ms)
client 2021-03-17 23:25:59,351 [INFO] Sending command to the server: 'set_ntp'
client 2021-03-17 23:26:00,573 [INFO] Got response: 'OK'
client 2021-03-17 23:26:00,573 [INFO] Synchronizing with ib-01.dc4-in.nvidia.com time using NTP...
client 2021-03-17 23:26:03,496 [INFO] Set system time at 2021-03-17 23:26:03.496849
client 2021-03-17 23:26:03,702 [INFO] NTP:offset = 0.001 s, delay = 0.203 s 
client 2021-03-17 23:26:03,702 [INFO] Sending command to the server: 'time'
client 2021-03-17 23:26:03,704 [INFO] Got response: '1616048763.6907275'
client 2021-03-17 23:26:03,704 [INFO] The time difference between the client and the server is within range 11.403 ms..13.782 ms
client 2021-03-17 23:26:03,704 [INFO] Sending command to the server: 'new,,3f2f2810-a317-4e31-961c-11831118c1ef'
client 2021-03-17 23:26:03,706 [INFO] Got response: 'OK 2021-03-17_23-26-03,c0f7f34f-b3c8-4a7f-afeb-9d1da993b81e'
client 2021-03-17 23:26:03,706 [INFO] Session id is '2021-03-17_23-26-03'
client 2021-03-17 23:26:03,706 [INFO] Sources: {"sources": {"client.py": "d1e75cb4b26101220ebd242e584cf3ca5d8f1996", "lib/__init__.py": "da39a3ee5e6b4b0d3255bfef95601890afd80709", "lib/client.py": "d42bebf5b74cb6ff3997e2a6c68422afac111a28", "lib/common.py": "b0bad80d8fa328a7636027d4d66ff453f8dd7889", "lib/external/ntplib.py": "4da8f970656505a40483206ef2b5d3dd5e81711d", "lib/server.py": "2ed36471c7af565d6c8438b2134edad1d7ddf166", "lib/source_hashes.py": "4cedff274c661cb1504052018fd4f00dfbf624ef", "lib/summary.py": "0db15d783907aa92038281af4e465545c0648ddb", "lib/time_sync.py": "76051226ec89287839723352f4162aaa24e0546a", "server.py": "99e1310e3f76292aef1b8792ce6b8c82f1d44d8b", "tests/unit/test_server.py": "64f11775bfed35232a0e8bb9593c0ff992432c59", "tests/unit/test_source_hashes.py": "cb41a7261eaf7d94ba5c0aae9c523174f6204be3"}, "modules": {"__main__": "client.py", "lib.client": "lib/client.py", "lib.common": "lib/common.py", "lib.external.ntplib": "lib/external/ntplib.py", "lib.source_hashes": "lib/source_hashes.py", "lib.summary": "lib/summary.py", "lib.time_sync": "lib/time_sync.py"}}
client 2021-03-17 23:26:03,708 [INFO] Running workload in ranging mode
client 2021-03-17 23:26:03,709 [INFO] Synchronizing with the server and with ib-01.dc4-in.nvidia.com...
client 2021-03-17 23:26:03,911 [INFO] NTP:offset = 0.000 s, delay = 0.202 s 
client 2021-03-17 23:26:03,911 [INFO] Sending command to the server: 'time'
client 2021-03-17 23:26:03,913 [INFO] Got response: '1616048763.9094179'
client 2021-03-17 23:26:03,913 [INFO] The time difference between the client and the server is within range 2.462 ms..4.325 ms
client 2021-03-17 23:26:03,913 [INFO] Sending command to the server: 'session,2021-03-17_23-26-03,start,ranging'
client 2021-03-17 23:26:32,918 [INFO] Got response: 'OK'
client 2021-03-17 23:26:32,918 [INFO] Running the workload 'LOG_DIR=/work/build/power_logs_temp python3 code/main.py --benchmarks=dlrm --scenarios=Server --config_ver=maxq_high_accuracy --action="run_harness" \\\n\t\t&& cp -v /work/build/power_logs_temp/*/*/*/mlperf_log_detail.txt /work/build/power_logs_temp/ \\\n\t\t&& cp -v /work/build/power_logs_temp/*/*/*/mlperf_log_summary.txt /work/build/power_logs_temp/'
client 2021-03-17 23:47:45,614 [INFO] Sending command to the server: 'session,2021-03-17_23-26-03,stop,ranging'
client 2021-03-17 23:47:55,914 [INFO] Got response: 'OK'
client 2021-03-17 23:47:55,919 [INFO] Packing logs into zip and uploading to the server
client 2021-03-17 23:47:56,476 [INFO] Zip file size: 1.3 MB
client 2021-03-17 23:47:56,548 [INFO] Got response: 'OK'
client 2021-03-17 23:47:56,550 [INFO] Running workload in testing mode
client 2021-03-17 23:47:56,550 [INFO] Synchronizing with the server and with ib-01.dc4-in.nvidia.com...
client 2021-03-17 23:47:56,752 [INFO] NTP:offset = -0.004 s, delay = 0.202 s 
client 2021-03-17 23:47:56,753 [INFO] Sending command to the server: 'time'
client 2021-03-17 23:47:56,754 [INFO] Got response: '1616050076.7564678'
client 2021-03-17 23:47:56,754 [INFO] The time difference between the client and the server is within range -3.432 ms..-1.682 ms
client 2021-03-17 23:47:56,754 [INFO] Sending command to the server: 'session,2021-03-17_23-26-03,start,testing'
client 2021-03-17 23:48:09,824 [INFO] Got response: 'OK'
client 2021-03-17 23:48:09,824 [INFO] Running the workload 'LOG_DIR=/work/build/power_logs_temp python3 code/main.py --benchmarks=dlrm --scenarios=Server --config_ver=maxq_high_accuracy --action="run_harness" \\\n\t\t&& cp -v /work/build/power_logs_temp/*/*/*/mlperf_log_detail.txt /work/build/power_logs_temp/ \\\n\t\t&& cp -v /work/build/power_logs_temp/*/*/*/mlperf_log_summary.txt /work/build/power_logs_temp/'
client 2021-03-18 00:06:54,666 [INFO] Sending command to the server: 'session,2021-03-17_23-26-03,stop,testing'
client 2021-03-18 00:07:04,829 [INFO] Got response: 'OK'
client 2021-03-18 00:07:04,838 [INFO] Packing logs into zip and uploading to the server
client 2021-03-18 00:07:05,473 [INFO] Zip file size: 1.3 MB
client 2021-03-18 00:07:05,541 [INFO] Got response: 'OK'
client 2021-03-18 00:07:05,542 [INFO] Done runs
