ptd-server 2021-03-09 16:02:31,269 [INFO] Got command from the client 'time'
ptd-server 2021-03-09 16:02:31,269 [INFO] Sending reply to client '1615305751.2697506'
ptd-server 2021-03-09 16:02:31,271 [INFO] Got command from the client 'new,,3d3df6e5-765f-41f9-8660-4a18e0e2f81c'
ptd-server 2021-03-09 16:02:31,274 [INFO] Sending reply to client 'OK 2021-03-09_16-02-31,2086d725-d108-4e09-8307-83ce055ea274'
ptd-server 2021-03-09 16:02:31,320 [INFO] Got command from the client 'time'
ptd-server 2021-03-09 16:02:31,320 [INFO] Sending reply to client '1615305751.3205993'
ptd-server 2021-03-09 16:02:31,323 [INFO] Got command from the client 'session,2021-03-09_16-02-31,start,ranging'
ptd-server 2021-03-09 16:02:31,323 [INFO] Running PTDaemon: ['/home/anton/projects/mlperf/power/inference_v1.0/ptd-linux-x86', '-l', 'ptd.log', '-p', '8888', '52', '/dev/usbtmc0']
ptd-server 2021-03-09 16:02:48,495 [INFO] Sending to ptd: 'Hello'
ptd-server 2021-03-09 16:02:48,496 [INFO] Reply from ptd: 'Hello, PTDaemon here!'
ptd-server 2021-03-09 16:02:48,496 [INFO] Sending to ptd: 'Identify'
ptd-server 2021-03-09 16:02:48,496 [INFO] Reply from ptd: 'YokogawaWT330E,1000,1,1,1,1,0,0,1,version=1.9.2-e8c7a49a-20201208,OS=Linux 5.8.0-43-generic #49~20.04.1-Ubuntu SMP Fri Feb 5 09:57:56 UTC 2021 x86_64,mode=power,1,1,1,0,0,no_cal_date,YOKOGAWA;WT333E;C3VD30030E;F1.04'
ptd-server 2021-03-09 16:02:48,497 [INFO] Connected to PTDaemon
ptd-server 2021-03-09 16:02:48,497 [INFO] Sending to ptd: 'RR'
ptd-server 2021-03-09 16:02:48,497 [INFO] Reply from ptd: 'Ranges,0,0.500000,0,300.000000'
ptd-server 2021-03-09 16:02:48,497 [INFO] Initial range for Amps is 0.500000 for Volts is 300.000000
ptd-server 2021-03-09 16:02:48,497 [INFO] Sending to ptd: 'SR,V,Auto'
ptd-server 2021-03-09 16:02:49,000 [INFO] Reply from ptd: 'Range V changed'
ptd-server 2021-03-09 16:02:49,000 [INFO] Sending to ptd: 'SR,A,Auto'
ptd-server 2021-03-09 16:02:49,502 [INFO] Reply from ptd: 'Range A changed'
ptd-server 2021-03-09 16:02:59,513 [INFO] Starting ranging mode
ptd-server 2021-03-09 16:02:59,513 [INFO] Sending to ptd: 'Go,1000,0,2021-03-09_16-02-31_ranging'
ptd-server 2021-03-09 16:02:59,513 [INFO] Reply from ptd: 'Starting untimed measurement, maximum 500000 samples at 1000ms with 0 rampup samples'
ptd-server 2021-03-09 16:02:59,513 [INFO] Sending reply to client 'OK'
ptd-server 2021-03-09 16:13:14,907 [INFO] Got command from the client 'session,2021-03-09_16-02-31,stop,ranging'
ptd-server 2021-03-09 16:13:24,917 [INFO] Sending to ptd: 'Stop'
ptd-server 2021-03-09 16:13:24,918 [INFO] Reply from ptd: 'Stopping untimed measurement'
ptd-server 2021-03-09 16:13:25,669 [INFO] Sending reply to client 'OK'
ptd-server 2021-03-09 16:13:25,711 [INFO] Got command from the client 'time'
ptd-server 2021-03-09 16:13:25,711 [INFO] Sending reply to client '1615306405.7118156'
ptd-server 2021-03-09 16:13:25,713 [INFO] Got command from the client 'session,2021-03-09_16-02-31,start,testing'
ptd-server 2021-03-09 16:13:25,713 [INFO] Sending to ptd: 'SR,V,250.840000'
ptd-server 2021-03-09 16:13:27,215 [INFO] Reply from ptd: 'Range V changed'
ptd-server 2021-03-09 16:13:27,215 [INFO] Sending to ptd: 'SR,A,0.149620'
ptd-server 2021-03-09 16:13:28,716 [INFO] Reply from ptd: 'Range A changed'
ptd-server 2021-03-09 16:13:38,726 [INFO] Starting testing mode
ptd-server 2021-03-09 16:13:38,727 [INFO] Sending to ptd: 'Go,1000,0,2021-03-09_16-02-31_testing'
ptd-server 2021-03-09 16:13:38,727 [INFO] Reply from ptd: 'Starting untimed measurement, maximum 500000 samples at 1000ms with 0 rampup samples'
ptd-server 2021-03-09 16:13:38,727 [INFO] Sending reply to client 'OK'
ptd-server 2021-03-09 16:23:53,931 [INFO] Got command from the client 'session,2021-03-09_16-02-31,stop,testing'
ptd-server 2021-03-09 16:24:03,941 [INFO] Sending to ptd: 'Stop'
ptd-server 2021-03-09 16:24:03,942 [INFO] Reply from ptd: 'Stopping untimed measurement'
ptd-server 2021-03-09 16:24:04,332 [INFO] Sending reply to client 'OK'
ptd-server 2021-03-09 16:24:04,335 [INFO] Got command from the client 'session,2021-03-09_16-02-31,upload,client.log'
ptd-server 2021-03-09 16:24:04,336 [INFO] Received '/home/anton/projects/mlperf/power-dev/output/2021-03-09_16-02-31client.log.tmp'
ptd-server 2021-03-09 16:24:04,336 [INFO] Removed '/home/anton/projects/mlperf/power-dev/output/2021-03-09_16-02-31client.log.tmp'
ptd-server 2021-03-09 16:24:04,336 [INFO] Sending reply to client 'OK'
ptd-server 2021-03-09 16:24:04,340 [INFO] Got command from the client 'session,2021-03-09_16-02-31,upload,client.json'
ptd-server 2021-03-09 16:24:04,341 [INFO] Received '/home/anton/projects/mlperf/power-dev/output/2021-03-09_16-02-31client.json.tmp'
ptd-server 2021-03-09 16:24:04,341 [INFO] Removed '/home/anton/projects/mlperf/power-dev/output/2021-03-09_16-02-31client.json.tmp'
ptd-server 2021-03-09 16:24:04,341 [INFO] Sending reply to client 'OK'
ptd-server 2021-03-09 16:24:04,342 [INFO] Got command from the client 'session,2021-03-09_16-02-31,done'
ptd-server 2021-03-09 16:24:04,342 [INFO] Sending to ptd: 'Stop'
ptd-server 2021-03-09 16:24:04,728 [INFO] Reply from ptd: 'Error: no measurement to stop'
ptd-server 2021-03-09 16:24:04,728 [INFO] Sending to ptd: 'SR,V,300.000000'
ptd-server 2021-03-09 16:24:06,230 [INFO] Reply from ptd: 'Range V changed'
ptd-server 2021-03-09 16:24:06,230 [INFO] Sending to ptd: 'SR,A,0.500000'
ptd-server 2021-03-09 16:24:07,731 [INFO] Reply from ptd: 'Range A changed'
ptd-server 2021-03-09 16:24:07,731 [INFO] Set initial values for Amps 0.500000 and Volts 300.000000
ptd-server 2021-03-09 16:24:07,731 [INFO] Stopping ptd...
