ptd-server 2021-03-06 15:44:47,007 [INFO] Got command from the client 'time'
ptd-server 2021-03-06 15:44:47,007 [INFO] Sending reply to client '1615045487.0074756'
ptd-server 2021-03-06 15:44:47,010 [INFO] Got command from the client 'new,,1c4960d1-dda8-46ad-9be0-e40859bfa7f3'
ptd-server 2021-03-06 15:44:47,011 [INFO] Sending reply to client 'OK 2021-03-06_15-44-47,665f7612-82c8-49a0-974d-8080744d3ffd'
ptd-server 2021-03-06 15:44:47,047 [INFO] Got command from the client 'time'
ptd-server 2021-03-06 15:44:47,047 [INFO] Sending reply to client '1615045487.047756'
ptd-server 2021-03-06 15:44:47,051 [INFO] Got command from the client 'session,2021-03-06_15-44-47,start,ranging'
ptd-server 2021-03-06 15:44:47,052 [INFO] Running PTDaemon: ['/home/anton/projects/mlperf/power/inference_v1.0/ptd-linux-x86', '-l', 'ptd.log', '-p', '8888', '52', '/dev/usbtmc0']
ptd-server 2021-03-06 15:45:04,220 [INFO] Sending to ptd: 'Hello'
ptd-server 2021-03-06 15:45:04,220 [INFO] Reply from ptd: 'Hello, PTDaemon here!'
ptd-server 2021-03-06 15:45:04,220 [INFO] Sending to ptd: 'Identify'
ptd-server 2021-03-06 15:45:04,221 [INFO] Reply from ptd: 'YokogawaWT330E,1000,1,1,1,1,0,0,1,version=1.9.2-e8c7a49a-20201208,OS=Linux 5.8.0-43-generic #49~20.04.1-Ubuntu SMP Fri Feb 5 09:57:56 UTC 2021 x86_64,mode=power,1,1,1,0,0,no_cal_date,YOKOGAWA;WT333E;C3VD30030E;F1.04'
ptd-server 2021-03-06 15:45:04,221 [INFO] Connected to PTDaemon
ptd-server 2021-03-06 15:45:04,221 [INFO] Sending to ptd: 'RR'
ptd-server 2021-03-06 15:45:04,221 [INFO] Reply from ptd: 'Ranges,0,0.500000,0,300.000000'
ptd-server 2021-03-06 15:45:04,221 [INFO] Initial range for Amps is 0.500000 for Volts is 300.000000
ptd-server 2021-03-06 15:45:04,222 [INFO] Sending to ptd: 'SR,V,Auto'
ptd-server 2021-03-06 15:45:04,724 [INFO] Reply from ptd: 'Range V changed'
ptd-server 2021-03-06 15:45:04,724 [INFO] Sending to ptd: 'SR,A,Auto'
ptd-server 2021-03-06 15:45:05,227 [INFO] Reply from ptd: 'Range A changed'
ptd-server 2021-03-06 15:45:15,237 [INFO] Starting ranging mode
ptd-server 2021-03-06 15:45:15,237 [INFO] Sending to ptd: 'Go,1000,0,2021-03-06_15-44-47_ranging'
ptd-server 2021-03-06 15:45:15,238 [INFO] Reply from ptd: 'Starting untimed measurement, maximum 500000 samples at 1000ms with 0 rampup samples'
ptd-server 2021-03-06 15:45:15,238 [INFO] Sending reply to client 'OK'
ptd-server 2021-03-06 15:55:47,127 [INFO] Got command from the client 'session,2021-03-06_15-44-47,stop,ranging'
ptd-server 2021-03-06 15:55:57,137 [INFO] Sending to ptd: 'Stop'
ptd-server 2021-03-06 15:55:57,138 [INFO] Reply from ptd: 'Stopping untimed measurement'
ptd-server 2021-03-06 15:55:57,584 [INFO] Sending reply to client 'OK'
ptd-server 2021-03-06 15:55:57,657 [INFO] Got command from the client 'time'
ptd-server 2021-03-06 15:55:57,657 [INFO] Sending reply to client '1615046157.657342'
ptd-server 2021-03-06 15:55:57,661 [INFO] Got command from the client 'session,2021-03-06_15-44-47,start,testing'
ptd-server 2021-03-06 15:55:57,661 [INFO] Sending to ptd: 'SR,V,248.790000'
ptd-server 2021-03-06 15:55:59,162 [INFO] Reply from ptd: 'Range V changed'
ptd-server 2021-03-06 15:55:59,162 [INFO] Sending to ptd: 'SR,A,0.054780'
ptd-server 2021-03-06 15:56:00,664 [INFO] Reply from ptd: 'Range A changed'
ptd-server 2021-03-06 15:56:10,674 [INFO] Starting testing mode
ptd-server 2021-03-06 15:56:10,674 [INFO] Sending to ptd: 'Go,1000,0,2021-03-06_15-44-47_testing'
ptd-server 2021-03-06 15:56:10,674 [INFO] Reply from ptd: 'Starting untimed measurement, maximum 500000 samples at 1000ms with 0 rampup samples'
ptd-server 2021-03-06 15:56:10,675 [INFO] Sending reply to client 'OK'
ptd-server 2021-03-06 16:06:47,280 [INFO] Got command from the client 'session,2021-03-06_15-44-47,stop,testing'
ptd-server 2021-03-06 16:06:57,290 [INFO] Sending to ptd: 'Stop'
ptd-server 2021-03-06 16:06:57,291 [INFO] Reply from ptd: 'Stopping untimed measurement'
ptd-server 2021-03-06 16:06:57,524 [INFO] Sending reply to client 'OK'
ptd-server 2021-03-06 16:06:57,533 [INFO] Got command from the client 'session,2021-03-06_15-44-47,upload,client.log'
ptd-server 2021-03-06 16:06:57,536 [INFO] Received '/home/anton/projects/mlperf/power-dev/output/2021-03-06_15-44-47client.log.tmp'
ptd-server 2021-03-06 16:06:57,536 [INFO] Removed '/home/anton/projects/mlperf/power-dev/output/2021-03-06_15-44-47client.log.tmp'
ptd-server 2021-03-06 16:06:57,536 [INFO] Sending reply to client 'OK'
ptd-server 2021-03-06 16:06:57,550 [INFO] Got command from the client 'session,2021-03-06_15-44-47,upload,client.json'
ptd-server 2021-03-06 16:06:57,554 [INFO] Received '/home/anton/projects/mlperf/power-dev/output/2021-03-06_15-44-47client.json.tmp'
ptd-server 2021-03-06 16:06:57,555 [INFO] Removed '/home/anton/projects/mlperf/power-dev/output/2021-03-06_15-44-47client.json.tmp'
ptd-server 2021-03-06 16:06:57,555 [INFO] Sending reply to client 'OK'
ptd-server 2021-03-06 16:06:57,559 [INFO] Got command from the client 'session,2021-03-06_15-44-47,done'
ptd-server 2021-03-06 16:06:57,559 [INFO] Sending to ptd: 'Stop'
ptd-server 2021-03-06 16:06:57,675 [INFO] Reply from ptd: 'Error: no measurement to stop'
ptd-server 2021-03-06 16:06:57,675 [INFO] Sending to ptd: 'SR,V,300.000000'
ptd-server 2021-03-06 16:06:59,176 [INFO] Reply from ptd: 'Range V changed'
ptd-server 2021-03-06 16:06:59,176 [INFO] Sending to ptd: 'SR,A,0.500000'
ptd-server 2021-03-06 16:07:00,677 [INFO] Reply from ptd: 'Range A changed'
ptd-server 2021-03-06 16:07:00,678 [INFO] Set initial values for Amps 0.500000 and Volts 300.000000
ptd-server 2021-03-06 16:07:00,678 [INFO] Stopping ptd...
