client 2021-03-19 02:11:28,460 [INFO] Sending command to the server: 'mlcommons/power client v3'
client 2021-03-19 02:11:28,462 [INFO] Got response: 'mlcommons/power server v3'
client 2021-03-19 02:11:28,462 [INFO] Synchronizing with the server and with 100.64.0.18...
client 2021-03-19 02:11:28,464 [INFO] NTP:offset = 0.000 s, delay = 0.001 s 
client 2021-03-19 02:11:28,464 [INFO] Sending command to the server: 'time'
client 2021-03-19 02:11:28,466 [INFO] Got response: '1616137888.437758'
client 2021-03-19 02:11:28,466 [INFO] The time difference between the client and the server is within range 27.134 ms..28.841 ms
client 2021-03-19 02:11:28,466 [INFO] Sending command to the server: 'new,ssd-resnet34_Offline,24fc014e-1bd3-4bd4-84b9-d9f35d318568'
client 2021-03-19 02:11:28,468 [INFO] Got response: 'OK 2021-03-19_02-11-28_ssd-resnet34_Offline,7a53e8fc-b5b9-47b7-95b4-8e21b42c8f81'
client 2021-03-19 02:11:28,468 [INFO] Session id is '2021-03-19_02-11-28_ssd-resnet34_Offline'
client 2021-03-19 02:11:28,469 [INFO] Sources: {"sources": {"client.py": "d1e75cb4b26101220ebd242e584cf3ca5d8f1996", "lib/__init__.py": "da39a3ee5e6b4b0d3255bfef95601890afd80709", "lib/client.py": "d42bebf5b74cb6ff3997e2a6c68422afac111a28", "lib/common.py": "b0bad80d8fa328a7636027d4d66ff453f8dd7889", "lib/external/ntplib.py": "4da8f970656505a40483206ef2b5d3dd5e81711d", "lib/server.py": "2ed36471c7af565d6c8438b2134edad1d7ddf166", "lib/source_hashes.py": "4cedff274c661cb1504052018fd4f00dfbf624ef", "lib/summary.py": "0db15d783907aa92038281af4e465545c0648ddb", "lib/time_sync.py": "76051226ec89287839723352f4162aaa24e0546a", "server.py": "99e1310e3f76292aef1b8792ce6b8c82f1d44d8b", "tests/unit/test_server.py": "64f11775bfed35232a0e8bb9593c0ff992432c59", "tests/unit/test_source_hashes.py": "cb41a7261eaf7d94ba5c0aae9c523174f6204be3"}, "modules": {"__main__": "client.py", "lib.client": "lib/client.py", "lib.common": "lib/common.py", "lib.external.ntplib": "lib/external/ntplib.py", "lib.source_hashes": "lib/source_hashes.py", "lib.summary": "lib/summary.py", "lib.time_sync": "lib/time_sync.py"}}
client 2021-03-19 02:11:28,469 [INFO] Running workload in ranging mode
client 2021-03-19 02:11:28,469 [INFO] Synchronizing with the server and with 100.64.0.18...
client 2021-03-19 02:11:28,470 [INFO] NTP:offset = 0.000 s, delay = 0.001 s 
client 2021-03-19 02:11:28,470 [INFO] Sending command to the server: 'time'
client 2021-03-19 02:11:28,471 [INFO] Got response: '1616137888.447759'
client 2021-03-19 02:11:28,471 [INFO] The time difference between the client and the server is within range 22.527 ms..24.044 ms
client 2021-03-19 02:11:28,471 [INFO] Sending command to the server: 'session,2021-03-19_02-11-28_ssd-resnet34_Offline,start,ranging'
client 2021-03-19 02:11:52,247 [INFO] Got response: 'OK'
client 2021-03-19 02:11:52,247 [INFO] Running the workload "make run_harness RUN_ARGS='--benchmarks=ssd-resnet34 --scenarios=Offline --config_ver=default --log_dir build/logs/ --test_mode=PerformanceOnly'"
client 2021-03-19 02:23:59,442 [INFO] Sending command to the server: 'session,2021-03-19_02-11-28_ssd-resnet34_Offline,stop,ranging'
client 2021-03-19 02:24:09,688 [INFO] Got response: 'OK'
client 2021-03-19 02:24:09,689 [INFO] Running workload in testing mode
client 2021-03-19 02:24:09,689 [INFO] Synchronizing with the server and with 100.64.0.18...
client 2021-03-19 02:24:09,691 [INFO] NTP:offset = 0.001 s, delay = 0.001 s 
client 2021-03-19 02:24:09,691 [INFO] Sending command to the server: 'time'
client 2021-03-19 02:24:09,692 [INFO] Got response: '1616138649.6440542'
client 2021-03-19 02:24:09,693 [INFO] The time difference between the client and the server is within range 47.611 ms..49.004 ms
client 2021-03-19 02:24:09,693 [INFO] Sending command to the server: 'session,2021-03-19_02-11-28_ssd-resnet34_Offline,start,testing'
client 2021-03-19 02:24:23,321 [INFO] Got response: 'OK'
client 2021-03-19 02:24:23,321 [INFO] Running the workload "make run_harness RUN_ARGS='--benchmarks=ssd-resnet34 --scenarios=Offline --config_ver=default --log_dir build/logs/ --test_mode=PerformanceOnly'"
client 2021-03-19 02:36:30,582 [INFO] Sending command to the server: 'session,2021-03-19_02-11-28_ssd-resnet34_Offline,stop,testing'
client 2021-03-19 02:36:40,718 [INFO] Got response: 'OK'
client 2021-03-19 02:36:40,718 [INFO] Done runs
