ptd-server 2021-03-07 14:54:48,030 [INFO] Got command from the client 'time'
ptd-server 2021-03-07 14:54:48,030 [INFO] Sending reply to client '1615128888.0306056'
ptd-server 2021-03-07 14:54:48,034 [INFO] Got command from the client 'new,,68632d88-1dd7-4604-8967-445af52b051f'
ptd-server 2021-03-07 14:54:48,034 [INFO] Sending reply to client 'OK 2021-03-07_14-54-48,66e5d9b3-b3ca-4fb2-aee6-b478ab57fde8'
ptd-server 2021-03-07 14:54:48,070 [INFO] Got command from the client 'time'
ptd-server 2021-03-07 14:54:48,070 [INFO] Sending reply to client '1615128888.0701919'
ptd-server 2021-03-07 14:54:48,073 [INFO] Got command from the client 'session,2021-03-07_14-54-48,start,ranging'
ptd-server 2021-03-07 14:54:48,073 [INFO] Running PTDaemon: ['/home/anton/projects/mlperf/power/inference_v1.0/ptd-linux-x86', '-l', 'ptd.log', '-p', '8888', '52', '/dev/usbtmc0']
ptd-server 2021-03-07 14:55:05,242 [INFO] Sending to ptd: 'Hello'
ptd-server 2021-03-07 14:55:05,243 [INFO] Reply from ptd: 'Hello, PTDaemon here!'
ptd-server 2021-03-07 14:55:05,243 [INFO] Sending to ptd: 'Identify'
ptd-server 2021-03-07 14:55:05,244 [INFO] Reply from ptd: 'YokogawaWT330E,1000,1,1,1,1,0,0,1,version=1.9.2-e8c7a49a-20201208,OS=Linux 5.8.0-43-generic #49~20.04.1-Ubuntu SMP Fri Feb 5 09:57:56 UTC 2021 x86_64,mode=power,1,1,1,0,0,no_cal_date,YOKOGAWA;WT333E;C3VD30030E;F1.04'
ptd-server 2021-03-07 14:55:05,244 [INFO] Connected to PTDaemon
ptd-server 2021-03-07 14:55:05,244 [INFO] Sending to ptd: 'RR'
ptd-server 2021-03-07 14:55:05,244 [INFO] Reply from ptd: 'Ranges,0,0.500000,0,300.000000'
ptd-server 2021-03-07 14:55:05,244 [INFO] Initial range for Amps is 0.500000 for Volts is 300.000000
ptd-server 2021-03-07 14:55:05,244 [INFO] Sending to ptd: 'SR,V,Auto'
ptd-server 2021-03-07 14:55:05,747 [INFO] Reply from ptd: 'Range V changed'
ptd-server 2021-03-07 14:55:05,747 [INFO] Sending to ptd: 'SR,A,Auto'
ptd-server 2021-03-07 14:55:06,249 [INFO] Reply from ptd: 'Range A changed'
ptd-server 2021-03-07 14:55:16,260 [INFO] Starting ranging mode
ptd-server 2021-03-07 14:55:16,260 [INFO] Sending to ptd: 'Go,1000,0,2021-03-07_14-54-48_ranging'
ptd-server 2021-03-07 14:55:16,260 [INFO] Reply from ptd: 'Starting untimed measurement, maximum 500000 samples at 1000ms with 0 rampup samples'
ptd-server 2021-03-07 14:55:16,261 [INFO] Sending reply to client 'OK'
ptd-server 2021-03-07 15:05:41,434 [INFO] Got command from the client 'session,2021-03-07_14-54-48,stop,ranging'
ptd-server 2021-03-07 15:05:51,444 [INFO] Sending to ptd: 'Stop'
ptd-server 2021-03-07 15:05:51,445 [INFO] Reply from ptd: 'Stopping untimed measurement'
ptd-server 2021-03-07 15:05:52,016 [INFO] Sending reply to client 'OK'
ptd-server 2021-03-07 15:05:52,069 [INFO] Got command from the client 'time'
ptd-server 2021-03-07 15:05:52,070 [INFO] Sending reply to client '1615129552.0700498'
ptd-server 2021-03-07 15:05:52,073 [INFO] Got command from the client 'session,2021-03-07_14-54-48,start,testing'
ptd-server 2021-03-07 15:05:52,074 [INFO] Sending to ptd: 'SR,V,252.180000'
ptd-server 2021-03-07 15:05:53,761 [INFO] Reply from ptd: 'Range V changed'
ptd-server 2021-03-07 15:05:53,762 [INFO] Sending to ptd: 'SR,A,0.052580'
ptd-server 2021-03-07 15:05:55,263 [INFO] Reply from ptd: 'Range A changed'
ptd-server 2021-03-07 15:06:05,264 [INFO] Starting testing mode
ptd-server 2021-03-07 15:06:05,264 [INFO] Sending to ptd: 'Go,1000,0,2021-03-07_14-54-48_testing'
ptd-server 2021-03-07 15:06:05,265 [INFO] Reply from ptd: 'Starting untimed measurement, maximum 500000 samples at 1000ms with 0 rampup samples'
ptd-server 2021-03-07 15:06:05,265 [INFO] Sending reply to client 'OK'
ptd-server 2021-03-07 15:16:35,346 [INFO] Got command from the client 'session,2021-03-07_14-54-48,stop,testing'
ptd-server 2021-03-07 15:16:45,357 [INFO] Sending to ptd: 'Stop'
ptd-server 2021-03-07 15:16:45,357 [INFO] Reply from ptd: 'Stopping untimed measurement'
ptd-server 2021-03-07 15:16:45,656 [INFO] Sending reply to client 'OK'
ptd-server 2021-03-07 15:16:45,664 [INFO] Got command from the client 'session,2021-03-07_14-54-48,upload,client.log'
ptd-server 2021-03-07 15:16:45,667 [INFO] Received '/home/anton/projects/mlperf/power-dev/output/2021-03-07_14-54-48client.log.tmp'
ptd-server 2021-03-07 15:16:45,667 [INFO] Removed '/home/anton/projects/mlperf/power-dev/output/2021-03-07_14-54-48client.log.tmp'
ptd-server 2021-03-07 15:16:45,667 [INFO] Sending reply to client 'OK'
ptd-server 2021-03-07 15:16:45,680 [INFO] Got command from the client 'session,2021-03-07_14-54-48,upload,client.json'
ptd-server 2021-03-07 15:16:45,682 [INFO] Received '/home/anton/projects/mlperf/power-dev/output/2021-03-07_14-54-48client.json.tmp'
ptd-server 2021-03-07 15:16:45,683 [INFO] Removed '/home/anton/projects/mlperf/power-dev/output/2021-03-07_14-54-48client.json.tmp'
ptd-server 2021-03-07 15:16:45,683 [INFO] Sending reply to client 'OK'
ptd-server 2021-03-07 15:16:45,685 [INFO] Got command from the client 'session,2021-03-07_14-54-48,done'
ptd-server 2021-03-07 15:16:45,685 [INFO] Sending to ptd: 'Stop'
ptd-server 2021-03-07 15:16:46,266 [INFO] Reply from ptd: 'Error: no measurement to stop'
ptd-server 2021-03-07 15:16:46,266 [INFO] Sending to ptd: 'SR,V,300.000000'
ptd-server 2021-03-07 15:16:47,767 [INFO] Reply from ptd: 'Range V changed'
ptd-server 2021-03-07 15:16:47,767 [INFO] Sending to ptd: 'SR,A,0.500000'
ptd-server 2021-03-07 15:16:49,269 [INFO] Reply from ptd: 'Range A changed'
ptd-server 2021-03-07 15:16:49,269 [INFO] Set initial values for Amps 0.500000 and Volts 300.000000
ptd-server 2021-03-07 15:16:49,269 [INFO] Stopping ptd...
