ptd-server 2021-03-07 06:46:21,669 [INFO] Got command from the client 'time'
ptd-server 2021-03-07 06:46:21,669 [INFO] Sending reply to client '1615099581.6693792'
ptd-server 2021-03-07 06:46:21,673 [INFO] Got command from the client 'new,,d0eea071-31f8-42be-93e9-5edd4ddc4590'
ptd-server 2021-03-07 06:46:21,673 [INFO] Sending reply to client 'OK 2021-03-07_06-46-21,60572bc7-8711-4406-9922-5f1e91e1f8cb'
ptd-server 2021-03-07 06:46:21,706 [INFO] Got command from the client 'time'
ptd-server 2021-03-07 06:46:21,706 [INFO] Sending reply to client '1615099581.7067144'
ptd-server 2021-03-07 06:46:21,710 [INFO] Got command from the client 'session,2021-03-07_06-46-21,start,ranging'
ptd-server 2021-03-07 06:46:21,711 [INFO] Running PTDaemon: ['/home/anton/projects/mlperf/power/inference_v1.0/ptd-linux-x86', '-l', 'ptd.log', '-p', '8888', '52', '/dev/usbtmc0']
ptd-server 2021-03-07 06:46:38,879 [INFO] Sending to ptd: 'Hello'
ptd-server 2021-03-07 06:46:38,880 [INFO] Reply from ptd: 'Hello, PTDaemon here!'
ptd-server 2021-03-07 06:46:38,880 [INFO] Sending to ptd: 'Identify'
ptd-server 2021-03-07 06:46:38,880 [INFO] Reply from ptd: 'YokogawaWT330E,1000,1,1,1,1,0,0,1,version=1.9.2-e8c7a49a-20201208,OS=Linux 5.8.0-43-generic #49~20.04.1-Ubuntu SMP Fri Feb 5 09:57:56 UTC 2021 x86_64,mode=power,1,1,1,0,0,no_cal_date,YOKOGAWA;WT333E;C3VD30030E;F1.04'
ptd-server 2021-03-07 06:46:38,880 [INFO] Connected to PTDaemon
ptd-server 2021-03-07 06:46:38,880 [INFO] Sending to ptd: 'RR'
ptd-server 2021-03-07 06:46:38,881 [INFO] Reply from ptd: 'Ranges,0,0.500000,0,300.000000'
ptd-server 2021-03-07 06:46:38,881 [INFO] Initial range for Amps is 0.500000 for Volts is 300.000000
ptd-server 2021-03-07 06:46:38,881 [INFO] Sending to ptd: 'SR,V,Auto'
ptd-server 2021-03-07 06:46:39,383 [INFO] Reply from ptd: 'Range V changed'
ptd-server 2021-03-07 06:46:39,384 [INFO] Sending to ptd: 'SR,A,Auto'
ptd-server 2021-03-07 06:46:39,886 [INFO] Reply from ptd: 'Range A changed'
ptd-server 2021-03-07 06:46:49,896 [INFO] Starting ranging mode
ptd-server 2021-03-07 06:46:49,896 [INFO] Sending to ptd: 'Go,1000,0,2021-03-07_06-46-21_ranging'
ptd-server 2021-03-07 06:46:49,897 [INFO] Reply from ptd: 'Starting untimed measurement, maximum 500000 samples at 1000ms with 0 rampup samples'
ptd-server 2021-03-07 06:46:49,897 [INFO] Sending reply to client 'OK'
ptd-server 2021-03-07 06:57:15,189 [INFO] Got command from the client 'session,2021-03-07_06-46-21,stop,ranging'
ptd-server 2021-03-07 06:57:25,199 [INFO] Sending to ptd: 'Stop'
ptd-server 2021-03-07 06:57:25,200 [INFO] Reply from ptd: 'Stopping untimed measurement'
ptd-server 2021-03-07 06:57:25,711 [INFO] Sending reply to client 'OK'
ptd-server 2021-03-07 06:57:25,764 [INFO] Got command from the client 'time'
ptd-server 2021-03-07 06:57:25,764 [INFO] Sending reply to client '1615100245.764698'
ptd-server 2021-03-07 06:57:25,769 [INFO] Got command from the client 'session,2021-03-07_06-46-21,start,testing'
ptd-server 2021-03-07 06:57:25,769 [INFO] Sending to ptd: 'SR,V,250.090000'
ptd-server 2021-03-07 06:57:27,399 [INFO] Reply from ptd: 'Range V changed'
ptd-server 2021-03-07 06:57:27,399 [INFO] Sending to ptd: 'SR,A,0.056240'
ptd-server 2021-03-07 06:57:28,900 [INFO] Reply from ptd: 'Range A changed'
ptd-server 2021-03-07 06:57:38,910 [INFO] Starting testing mode
ptd-server 2021-03-07 06:57:38,910 [INFO] Sending to ptd: 'Go,1000,0,2021-03-07_06-46-21_testing'
ptd-server 2021-03-07 06:57:38,911 [INFO] Reply from ptd: 'Starting untimed measurement, maximum 500000 samples at 1000ms with 0 rampup samples'
ptd-server 2021-03-07 06:57:38,911 [INFO] Sending reply to client 'OK'
ptd-server 2021-03-07 07:08:08,602 [INFO] Got command from the client 'session,2021-03-07_06-46-21,stop,testing'
ptd-server 2021-03-07 07:08:18,613 [INFO] Sending to ptd: 'Stop'
ptd-server 2021-03-07 07:08:18,613 [INFO] Reply from ptd: 'Stopping untimed measurement'
ptd-server 2021-03-07 07:08:18,885 [INFO] Sending reply to client 'OK'
ptd-server 2021-03-07 07:08:18,893 [INFO] Got command from the client 'session,2021-03-07_06-46-21,upload,client.log'
ptd-server 2021-03-07 07:08:18,896 [INFO] Received '/home/anton/projects/mlperf/power-dev/output/2021-03-07_06-46-21client.log.tmp'
ptd-server 2021-03-07 07:08:18,896 [INFO] Removed '/home/anton/projects/mlperf/power-dev/output/2021-03-07_06-46-21client.log.tmp'
ptd-server 2021-03-07 07:08:18,896 [INFO] Sending reply to client 'OK'
ptd-server 2021-03-07 07:08:18,909 [INFO] Got command from the client 'session,2021-03-07_06-46-21,upload,client.json'
ptd-server 2021-03-07 07:08:18,912 [INFO] Received '/home/anton/projects/mlperf/power-dev/output/2021-03-07_06-46-21client.json.tmp'
ptd-server 2021-03-07 07:08:18,912 [INFO] Removed '/home/anton/projects/mlperf/power-dev/output/2021-03-07_06-46-21client.json.tmp'
ptd-server 2021-03-07 07:08:18,912 [INFO] Sending reply to client 'OK'
ptd-server 2021-03-07 07:08:18,915 [INFO] Got command from the client 'session,2021-03-07_06-46-21,done'
ptd-server 2021-03-07 07:08:18,915 [INFO] Sending to ptd: 'Stop'
ptd-server 2021-03-07 07:08:18,915 [INFO] Reply from ptd: 'Error: no measurement to stop'
ptd-server 2021-03-07 07:08:18,916 [INFO] Sending to ptd: 'SR,V,300.000000'
ptd-server 2021-03-07 07:08:20,417 [INFO] Reply from ptd: 'Range V changed'
ptd-server 2021-03-07 07:08:20,417 [INFO] Sending to ptd: 'SR,A,0.500000'
ptd-server 2021-03-07 07:08:21,918 [INFO] Reply from ptd: 'Range A changed'
ptd-server 2021-03-07 07:08:21,918 [INFO] Set initial values for Amps 0.500000 and Volts 300.000000
ptd-server 2021-03-07 07:08:21,919 [INFO] Stopping ptd...
