client 2021-03-18 22:19:58,153 [INFO] Sending command to the server: 'mlcommons/power client v3'
client 2021-03-18 22:19:58,154 [INFO] Got response: 'mlcommons/power server v3'
client 2021-03-18 22:19:58,154 [INFO] Synchronizing with the server and with 100.64.0.18...
client 2021-03-18 22:19:58,156 [INFO] NTP:offset = -0.000 s, delay = 0.001 s 
client 2021-03-18 22:19:58,156 [INFO] Sending command to the server: 'time'
client 2021-03-18 22:19:58,158 [INFO] Got response: '1616123998.1038299'
client 2021-03-18 22:19:58,158 [INFO] The time difference between the client and the server is within range 52.688 ms..54.385 ms
client 2021-03-18 22:19:58,158 [INFO] Sending command to the server: 'new,resnet50_Offline,0aeb1a73-6a18-4d69-890c-872dd0cb7068'
client 2021-03-18 22:19:58,160 [INFO] Got response: 'OK 2021-03-18_22-19-58_resnet50_Offline,9d137e04-cd40-4221-ab66-731ab788da8e'
client 2021-03-18 22:19:58,160 [INFO] Session id is '2021-03-18_22-19-58_resnet50_Offline'
client 2021-03-18 22:19:58,160 [INFO] Sources: {"sources": {"client.py": "d1e75cb4b26101220ebd242e584cf3ca5d8f1996", "lib/__init__.py": "da39a3ee5e6b4b0d3255bfef95601890afd80709", "lib/client.py": "d42bebf5b74cb6ff3997e2a6c68422afac111a28", "lib/common.py": "b0bad80d8fa328a7636027d4d66ff453f8dd7889", "lib/external/ntplib.py": "4da8f970656505a40483206ef2b5d3dd5e81711d", "lib/server.py": "2ed36471c7af565d6c8438b2134edad1d7ddf166", "lib/source_hashes.py": "4cedff274c661cb1504052018fd4f00dfbf624ef", "lib/summary.py": "0db15d783907aa92038281af4e465545c0648ddb", "lib/time_sync.py": "76051226ec89287839723352f4162aaa24e0546a", "server.py": "99e1310e3f76292aef1b8792ce6b8c82f1d44d8b", "tests/unit/test_server.py": "64f11775bfed35232a0e8bb9593c0ff992432c59", "tests/unit/test_source_hashes.py": "cb41a7261eaf7d94ba5c0aae9c523174f6204be3"}, "modules": {"__main__": "client.py", "lib.client": "lib/client.py", "lib.common": "lib/common.py", "lib.external.ntplib": "lib/external/ntplib.py", "lib.source_hashes": "lib/source_hashes.py", "lib.summary": "lib/summary.py", "lib.time_sync": "lib/time_sync.py"}}
client 2021-03-18 22:19:58,160 [INFO] Running workload in ranging mode
client 2021-03-18 22:19:58,160 [INFO] Synchronizing with the server and with 100.64.0.18...
client 2021-03-18 22:19:58,161 [INFO] NTP:offset = -0.000 s, delay = 0.001 s 
client 2021-03-18 22:19:58,161 [INFO] Sending command to the server: 'time'
client 2021-03-18 22:19:58,163 [INFO] Got response: '1616123998.1135597'
client 2021-03-18 22:19:58,163 [INFO] The time difference between the client and the server is within range 48.371 ms..49.550 ms
client 2021-03-18 22:19:58,163 [INFO] Sending command to the server: 'session,2021-03-18_22-19-58_resnet50_Offline,start,ranging'
client 2021-03-18 22:20:21,954 [INFO] Got response: 'OK'
client 2021-03-18 22:20:21,954 [INFO] Running the workload "make run_harness RUN_ARGS='--benchmarks=resnet50 --scenarios=Offline --config_ver=default --log_dir build/logs/ --test_mode=PerformanceOnly'"
client 2021-03-18 22:44:16,741 [INFO] Sending command to the server: 'session,2021-03-18_22-19-58_resnet50_Offline,stop,ranging'
client 2021-03-18 22:44:26,970 [INFO] Got response: 'OK'
client 2021-03-18 22:44:26,970 [INFO] Running workload in testing mode
client 2021-03-18 22:44:26,970 [INFO] Synchronizing with the server and with 100.64.0.18...
client 2021-03-18 22:44:26,973 [INFO] NTP:offset = 0.000 s, delay = 0.001 s 
client 2021-03-18 22:44:26,973 [INFO] Sending command to the server: 'time'
client 2021-03-18 22:44:26,974 [INFO] Got response: '1616125466.8725061'
client 2021-03-18 22:44:26,974 [INFO] The time difference between the client and the server is within range 100.615 ms..101.855 ms
client 2021-03-18 22:44:26,974 [INFO] Sending command to the server: 'session,2021-03-18_22-19-58_resnet50_Offline,start,testing'
client 2021-03-18 22:44:40,071 [INFO] Got response: 'OK'
client 2021-03-18 22:44:40,071 [INFO] Running the workload "make run_harness RUN_ARGS='--benchmarks=resnet50 --scenarios=Offline --config_ver=default --log_dir build/logs/ --test_mode=PerformanceOnly'"
client 2021-03-18 23:08:34,590 [INFO] Sending command to the server: 'session,2021-03-18_22-19-58_resnet50_Offline,stop,testing'
client 2021-03-18 23:08:44,700 [INFO] Got response: 'OK'
client 2021-03-18 23:08:44,701 [INFO] Done runs
