ptd-server 2021-03-18 22:19:58,103 [INFO] Got command from the client 'time'
ptd-server 2021-03-18 22:19:58,103 [INFO] Sending reply to client '1616123998.1038299'
ptd-server 2021-03-18 22:19:58,103 [INFO] Got command from the client 'new,resnet50_Offline,0aeb1a73-6a18-4d69-890c-872dd0cb7068'
ptd-server 2021-03-18 22:19:58,113 [INFO] Sending reply to client 'OK 2021-03-18_22-19-58_resnet50_Offline,9d137e04-cd40-4221-ab66-731ab788da8e'
ptd-server 2021-03-18 22:19:58,113 [INFO] Got command from the client 'time'
ptd-server 2021-03-18 22:19:58,113 [INFO] Sending reply to client '1616123998.1135597'
ptd-server 2021-03-18 22:19:58,113 [INFO] Got command from the client 'session,2021-03-18_22-19-58_resnet50_Offline,start,ranging'
ptd-server 2021-03-18 22:19:58,213 [INFO] Running PTDaemon: ['.\\ptd-windows-x86.exe', '-l', '.\\logs_ptdeamon.txt', '-p', '8888', '-g', '8', '1']
ptd-server 2021-03-18 22:20:10,854 [INFO] Sending to ptd: 'Hello'
ptd-server 2021-03-18 22:20:10,854 [INFO] Reply from ptd: 'Hello, PTDaemon here!'
ptd-server 2021-03-18 22:20:10,854 [INFO] Sending to ptd: 'Identify'
ptd-server 2021-03-18 22:20:10,854 [INFO] Reply from ptd: 'YokogawaWT210,1000,1,1,1,1,0,0,1,version=1.9.2-3976349f-20201208,OS=Windows 8 / Server 2012,mode=power,1,1,1,0,0,no_cal_date,YOKOGAWA;760401;0;F1.12'
ptd-server 2021-03-18 22:20:10,854 [INFO] Connected to PTDaemon
ptd-server 2021-03-18 22:20:10,854 [INFO] Sending to ptd: 'RR'
ptd-server 2021-03-18 22:20:10,854 [INFO] Reply from ptd: 'Ranges,1,10.000000,1,150.000000'
ptd-server 2021-03-18 22:20:10,854 [INFO] Initial range for Amps is Auto for Volts is Auto
ptd-server 2021-03-18 22:20:10,854 [INFO] Sending to ptd: 'SR,V,Auto'
ptd-server 2021-03-18 22:20:11,374 [INFO] Reply from ptd: 'Range V changed'
ptd-server 2021-03-18 22:20:11,374 [INFO] Sending to ptd: 'SR,A,Auto'
ptd-server 2021-03-18 22:20:11,904 [INFO] Reply from ptd: 'Range A changed'
ptd-server 2021-03-18 22:20:21,904 [INFO] Starting ranging mode
ptd-server 2021-03-18 22:20:21,904 [INFO] Sending to ptd: 'Go,1000,0,2021-03-18_22-19-58_resnet50_Offline_ranging'
ptd-server 2021-03-18 22:20:21,904 [INFO] Reply from ptd: 'Starting untimed measurement, maximum 500000 samples at 1000ms with 0 rampup samples'
ptd-server 2021-03-18 22:20:21,904 [INFO] Sending reply to client 'OK'
ptd-server 2021-03-18 22:44:16,642 [INFO] Got command from the client 'session,2021-03-18_22-19-58_resnet50_Offline,stop,ranging'
ptd-server 2021-03-18 22:44:26,642 [INFO] Sending to ptd: 'Stop'
ptd-server 2021-03-18 22:44:26,642 [INFO] Reply from ptd: 'Stopping untimed measurement'
ptd-server 2021-03-18 22:44:26,872 [INFO] Sending reply to client 'OK'
ptd-server 2021-03-18 22:44:26,872 [INFO] Got command from the client 'time'
ptd-server 2021-03-18 22:44:26,872 [INFO] Sending reply to client '1616125466.8725061'
ptd-server 2021-03-18 22:44:26,872 [INFO] Got command from the client 'session,2021-03-18_22-19-58_resnet50_Offline,start,testing'
ptd-server 2021-03-18 22:44:26,872 [INFO] Sending to ptd: 'SR,V,122.480000'
ptd-server 2021-03-18 22:44:28,432 [INFO] Reply from ptd: 'Range V changed'
ptd-server 2021-03-18 22:44:28,432 [INFO] Sending to ptd: 'SR,A,6.628000'
ptd-server 2021-03-18 22:44:29,962 [INFO] Reply from ptd: 'Range A changed'
ptd-server 2021-03-18 22:44:39,973 [INFO] Starting testing mode
ptd-server 2021-03-18 22:44:39,973 [INFO] Sending to ptd: 'Go,1000,0,2021-03-18_22-19-58_resnet50_Offline_testing'
ptd-server 2021-03-18 22:44:39,973 [INFO] Reply from ptd: 'Starting untimed measurement, maximum 500000 samples at 1000ms with 0 rampup samples'
ptd-server 2021-03-18 22:44:39,973 [INFO] Sending reply to client 'OK'
ptd-server 2021-03-18 23:08:34,442 [INFO] Got command from the client 'session,2021-03-18_22-19-58_resnet50_Offline,stop,testing'
ptd-server 2021-03-18 23:08:44,443 [INFO] Sending to ptd: 'Stop'
ptd-server 2021-03-18 23:08:44,443 [INFO] Reply from ptd: 'Stopping untimed measurement'
ptd-server 2021-03-18 23:08:44,553 [INFO] Sending reply to client 'OK'
ptd-server 2021-03-18 23:08:44,553 [INFO] Got command from the client 'session,2021-03-18_22-19-58_resnet50_Offline,upload,client.log'
ptd-server 2021-03-18 23:08:44,553 [INFO] Received '.\\outdir\\2021-03-18_22-19-58_resnet50_Offlineclient.log.tmp'
ptd-server 2021-03-18 23:08:44,563 [INFO] Removed '.\\outdir\\2021-03-18_22-19-58_resnet50_Offlineclient.log.tmp'
ptd-server 2021-03-18 23:08:44,563 [INFO] Sending reply to client 'OK'
ptd-server 2021-03-18 23:08:44,573 [INFO] Got command from the client 'session,2021-03-18_22-19-58_resnet50_Offline,upload,client.json'
ptd-server 2021-03-18 23:08:44,573 [INFO] Received '.\\outdir\\2021-03-18_22-19-58_resnet50_Offlineclient.json.tmp'
ptd-server 2021-03-18 23:08:44,573 [INFO] Removed '.\\outdir\\2021-03-18_22-19-58_resnet50_Offlineclient.json.tmp'
ptd-server 2021-03-18 23:08:44,583 [INFO] Sending reply to client 'OK'
ptd-server 2021-03-18 23:08:44,583 [INFO] Got command from the client 'session,2021-03-18_22-19-58_resnet50_Offline,done'
ptd-server 2021-03-18 23:08:44,583 [INFO] Sending to ptd: 'Stop'
ptd-server 2021-03-18 23:08:44,983 [INFO] Reply from ptd: 'Error: no measurement to stop'
ptd-server 2021-03-18 23:08:44,983 [INFO] Sending to ptd: 'SR,V,Auto'
ptd-server 2021-03-18 23:08:45,503 [INFO] Reply from ptd: 'Range V changed'
ptd-server 2021-03-18 23:08:45,503 [INFO] Sending to ptd: 'SR,A,Auto'
ptd-server 2021-03-18 23:08:46,023 [INFO] Reply from ptd: 'Range A changed'
ptd-server 2021-03-18 23:08:46,023 [INFO] Set initial values for Amps Auto and Volts Auto
ptd-server 2021-03-18 23:08:46,023 [INFO] Stopping ptd...
