ptd-server 2021-02-28 00:29:00,182 [INFO] Got command from the client 'time'
ptd-server 2021-02-28 00:29:00,182 [INFO] Sending reply to client '1614472140.1823232'
ptd-server 2021-02-28 00:29:00,188 [INFO] Got command from the client 'new,,3b450567-804b-45b8-82e3-d30d4f68e7cb'
ptd-server 2021-02-28 00:29:00,188 [INFO] Sending reply to client 'OK 2021-02-28_00-29-00,5a23db92-074d-45b6-9842-df5134a7ec53'
ptd-server 2021-02-28 00:29:00,232 [INFO] Got command from the client 'time'
ptd-server 2021-02-28 00:29:00,232 [INFO] Sending reply to client '1614472140.2328362'
ptd-server 2021-02-28 00:29:00,239 [INFO] Got command from the client 'session,2021-02-28_00-29-00,start,ranging'
ptd-server 2021-02-28 00:29:00,239 [INFO] Running PTDaemon: ['/home/anton/projects/mlperf/power/inference_v1.0/ptd-linux-x86', '-l', 'ptd.log', '-p', '8888', '52', '/dev/usbtmc0']
ptd-server 2021-02-28 00:29:17,405 [INFO] Sending to ptd: 'Hello'
ptd-server 2021-02-28 00:29:17,406 [INFO] Reply from ptd: 'Hello, PTDaemon here!'
ptd-server 2021-02-28 00:29:17,406 [INFO] Sending to ptd: 'Identify'
ptd-server 2021-02-28 00:29:17,407 [INFO] Reply from ptd: 'YokogawaWT330E,1000,1,1,1,1,0,0,1,version=1.9.2-e8c7a49a-20201208,OS=Linux 5.8.0-43-generic #49~20.04.1-Ubuntu SMP Fri Feb 5 09:57:56 UTC 2021 x86_64,mode=power,1,1,1,0,0,no_cal_date,YOKOGAWA;WT333E;C3VD30030E;F1.04'
ptd-server 2021-02-28 00:29:17,407 [INFO] Connected to PTDaemon
ptd-server 2021-02-28 00:29:17,407 [INFO] Sending to ptd: 'RR'
ptd-server 2021-02-28 00:29:17,407 [INFO] Reply from ptd: 'Ranges,0,0.500000,0,300.000000'
ptd-server 2021-02-28 00:29:17,407 [INFO] Initial range for Amps is 0.500000 for Volts is 300.000000
ptd-server 2021-02-28 00:29:17,408 [INFO] Sending to ptd: 'SR,V,Auto'
ptd-server 2021-02-28 00:29:17,910 [INFO] Reply from ptd: 'Range V changed'
ptd-server 2021-02-28 00:29:17,910 [INFO] Sending to ptd: 'SR,A,Auto'
ptd-server 2021-02-28 00:29:18,413 [INFO] Reply from ptd: 'Range A changed'
ptd-server 2021-02-28 00:29:28,423 [INFO] Starting ranging mode
ptd-server 2021-02-28 00:29:28,423 [INFO] Sending to ptd: 'Go,1000,0,2021-02-28_00-29-00_ranging'
ptd-server 2021-02-28 00:29:28,424 [INFO] Reply from ptd: 'Starting untimed measurement, maximum 500000 samples at 1000ms with 0 rampup samples'
ptd-server 2021-02-28 00:29:28,424 [INFO] Sending reply to client 'OK'
ptd-server 2021-02-28 00:39:47,019 [INFO] Got command from the client 'session,2021-02-28_00-29-00,stop,ranging'
ptd-server 2021-02-28 00:39:57,029 [INFO] Sending to ptd: 'Stop'
ptd-server 2021-02-28 00:39:57,030 [INFO] Reply from ptd: 'Stopping untimed measurement'
ptd-server 2021-02-28 00:39:57,177 [INFO] Sending reply to client 'OK'
ptd-server 2021-02-28 00:39:57,250 [INFO] Got command from the client 'time'
ptd-server 2021-02-28 00:39:57,250 [INFO] Sending reply to client '1614472797.2509184'
ptd-server 2021-02-28 00:39:57,259 [INFO] Got command from the client 'session,2021-02-28_00-29-00,start,testing'
ptd-server 2021-02-28 00:39:57,259 [INFO] Sending to ptd: 'SR,V,249.950000'
ptd-server 2021-02-28 00:39:58,926 [INFO] Reply from ptd: 'Range V changed'
ptd-server 2021-02-28 00:39:58,926 [INFO] Sending to ptd: 'SR,A,0.175850'
ptd-server 2021-02-28 00:40:00,428 [INFO] Reply from ptd: 'Range A changed'
ptd-server 2021-02-28 00:40:10,438 [INFO] Starting testing mode
ptd-server 2021-02-28 00:40:10,438 [INFO] Sending to ptd: 'Go,1000,0,2021-02-28_00-29-00_testing'
ptd-server 2021-02-28 00:40:10,439 [INFO] Reply from ptd: 'Starting untimed measurement, maximum 500000 samples at 1000ms with 0 rampup samples'
ptd-server 2021-02-28 00:40:10,439 [INFO] Sending reply to client 'OK'
ptd-server 2021-02-28 00:50:29,030 [INFO] Got command from the client 'session,2021-02-28_00-29-00,stop,testing'
ptd-server 2021-02-28 00:50:39,040 [INFO] Sending to ptd: 'Stop'
ptd-server 2021-02-28 00:50:39,040 [INFO] Reply from ptd: 'Stopping untimed measurement'
ptd-server 2021-02-28 00:50:39,119 [INFO] Sending reply to client 'OK'
ptd-server 2021-02-28 00:50:39,170 [INFO] Got command from the client 'session,2021-02-28_00-29-00,upload,client.log'
ptd-server 2021-02-28 00:50:39,170 [INFO] Received '/home/anton/projects/mlperf/power-dev/output/2021-02-28_00-29-00client.log.tmp'
ptd-server 2021-02-28 00:50:39,171 [INFO] Removed '/home/anton/projects/mlperf/power-dev/output/2021-02-28_00-29-00client.log.tmp'
ptd-server 2021-02-28 00:50:39,171 [INFO] Sending reply to client 'OK'
ptd-server 2021-02-28 00:50:39,175 [INFO] Got command from the client 'session,2021-02-28_00-29-00,upload,client.json'
ptd-server 2021-02-28 00:50:39,176 [INFO] Received '/home/anton/projects/mlperf/power-dev/output/2021-02-28_00-29-00client.json.tmp'
ptd-server 2021-02-28 00:50:39,176 [INFO] Removed '/home/anton/projects/mlperf/power-dev/output/2021-02-28_00-29-00client.json.tmp'
ptd-server 2021-02-28 00:50:39,176 [INFO] Sending reply to client 'OK'
ptd-server 2021-02-28 00:50:39,177 [INFO] Got command from the client 'session,2021-02-28_00-29-00,done'
ptd-server 2021-02-28 00:50:39,177 [INFO] Sending to ptd: 'Stop'
ptd-server 2021-02-28 00:50:39,440 [INFO] Reply from ptd: 'Error: no measurement to stop'
ptd-server 2021-02-28 00:50:39,440 [INFO] Sending to ptd: 'SR,V,300.000000'
ptd-server 2021-02-28 00:50:40,941 [INFO] Reply from ptd: 'Range V changed'
ptd-server 2021-02-28 00:50:40,941 [INFO] Sending to ptd: 'SR,A,0.500000'
ptd-server 2021-02-28 00:50:42,443 [INFO] Reply from ptd: 'Range A changed'
ptd-server 2021-02-28 00:50:42,443 [INFO] Set initial values for Amps 0.500000 and Volts 300.000000
ptd-server 2021-02-28 00:50:42,443 [INFO] Stopping ptd...
