ptd-server 2021-02-28 11:45:57,380 [INFO] Got command from the client 'time'
ptd-server 2021-02-28 11:45:57,380 [INFO] Sending reply to client '1614512757.380202'
ptd-server 2021-02-28 11:45:57,381 [INFO] Got command from the client 'new,,49f42933-a64f-4793-84da-11a6a462cf2c'
ptd-server 2021-02-28 11:45:57,381 [INFO] Sending reply to client 'OK 2021-02-28_11-45-57,13e4ca23-fb62-4175-8bcf-fa6a918de6a8'
ptd-server 2021-02-28 11:45:57,419 [INFO] Got command from the client 'time'
ptd-server 2021-02-28 11:45:57,420 [INFO] Sending reply to client '1614512757.4201145'
ptd-server 2021-02-28 11:45:57,421 [INFO] Got command from the client 'session,2021-02-28_11-45-57,start,ranging'
ptd-server 2021-02-28 11:45:57,421 [INFO] Running PTDaemon: ['/home/anton/projects/mlperf/power/inference_v1.0/ptd-linux-x86', '-l', 'ptd.log', '-p', '8888', '52', '/dev/usbtmc0']
ptd-server 2021-02-28 11:46:14,590 [INFO] Sending to ptd: 'Hello'
ptd-server 2021-02-28 11:46:14,590 [INFO] Reply from ptd: 'Hello, PTDaemon here!'
ptd-server 2021-02-28 11:46:14,591 [INFO] Sending to ptd: 'Identify'
ptd-server 2021-02-28 11:46:14,591 [INFO] Reply from ptd: 'YokogawaWT330E,1000,1,1,1,1,0,0,1,version=1.9.2-e8c7a49a-20201208,OS=Linux 5.8.0-43-generic #49~20.04.1-Ubuntu SMP Fri Feb 5 09:57:56 UTC 2021 x86_64,mode=power,1,1,1,0,0,no_cal_date,YOKOGAWA;WT333E;C3VD30030E;F1.04'
ptd-server 2021-02-28 11:46:14,591 [INFO] Connected to PTDaemon
ptd-server 2021-02-28 11:46:14,591 [INFO] Sending to ptd: 'RR'
ptd-server 2021-02-28 11:46:14,592 [INFO] Reply from ptd: 'Ranges,0,0.500000,0,300.000000'
ptd-server 2021-02-28 11:46:14,592 [INFO] Initial range for Amps is 0.500000 for Volts is 300.000000
ptd-server 2021-02-28 11:46:14,592 [INFO] Sending to ptd: 'SR,V,Auto'
ptd-server 2021-02-28 11:46:15,094 [INFO] Reply from ptd: 'Range V changed'
ptd-server 2021-02-28 11:46:15,094 [INFO] Sending to ptd: 'SR,A,Auto'
ptd-server 2021-02-28 11:46:15,597 [INFO] Reply from ptd: 'Range A changed'
ptd-server 2021-02-28 11:46:25,607 [INFO] Starting ranging mode
ptd-server 2021-02-28 11:46:25,607 [INFO] Sending to ptd: 'Go,1000,0,2021-02-28_11-45-57_ranging'
ptd-server 2021-02-28 11:46:25,608 [INFO] Reply from ptd: 'Starting untimed measurement, maximum 500000 samples at 1000ms with 0 rampup samples'
ptd-server 2021-02-28 11:46:25,608 [INFO] Sending reply to client 'OK'
ptd-server 2021-02-28 11:56:44,518 [INFO] Got command from the client 'session,2021-02-28_11-45-57,stop,ranging'
ptd-server 2021-02-28 11:56:54,529 [INFO] Sending to ptd: 'Stop'
ptd-server 2021-02-28 11:56:54,529 [INFO] Reply from ptd: 'Stopping untimed measurement'
ptd-server 2021-02-28 11:56:54,738 [INFO] Sending reply to client 'OK'
ptd-server 2021-02-28 11:56:54,788 [INFO] Got command from the client 'time'
ptd-server 2021-02-28 11:56:54,788 [INFO] Sending reply to client '1614513414.7883813'
ptd-server 2021-02-28 11:56:54,789 [INFO] Got command from the client 'session,2021-02-28_11-45-57,start,testing'
ptd-server 2021-02-28 11:56:54,789 [INFO] Sending to ptd: 'SR,V,249.850000'
ptd-server 2021-02-28 11:56:56,291 [INFO] Reply from ptd: 'Range V changed'
ptd-server 2021-02-28 11:56:56,291 [INFO] Sending to ptd: 'SR,A,0.171850'
ptd-server 2021-02-28 11:56:57,792 [INFO] Reply from ptd: 'Range A changed'
ptd-server 2021-02-28 11:57:07,802 [INFO] Starting testing mode
ptd-server 2021-02-28 11:57:07,803 [INFO] Sending to ptd: 'Go,1000,0,2021-02-28_11-45-57_testing'
ptd-server 2021-02-28 11:57:07,803 [INFO] Reply from ptd: 'Starting untimed measurement, maximum 500000 samples at 1000ms with 0 rampup samples'
ptd-server 2021-02-28 11:57:07,803 [INFO] Sending reply to client 'OK'
ptd-server 2021-02-28 12:07:26,515 [INFO] Got command from the client 'session,2021-02-28_11-45-57,stop,testing'
ptd-server 2021-02-28 12:07:36,525 [INFO] Sending to ptd: 'Stop'
ptd-server 2021-02-28 12:07:36,525 [INFO] Reply from ptd: 'Stopping untimed measurement'
ptd-server 2021-02-28 12:07:36,641 [INFO] Sending reply to client 'OK'
ptd-server 2021-02-28 12:07:36,646 [INFO] Got command from the client 'session,2021-02-28_11-45-57,upload,client.log'
ptd-server 2021-02-28 12:07:36,646 [INFO] Received '/home/anton/projects/mlperf/power-dev/output/2021-02-28_11-45-57client.log.tmp'
ptd-server 2021-02-28 12:07:36,647 [INFO] Removed '/home/anton/projects/mlperf/power-dev/output/2021-02-28_11-45-57client.log.tmp'
ptd-server 2021-02-28 12:07:36,647 [INFO] Sending reply to client 'OK'
ptd-server 2021-02-28 12:07:36,650 [INFO] Got command from the client 'session,2021-02-28_11-45-57,upload,client.json'
ptd-server 2021-02-28 12:07:36,651 [INFO] Received '/home/anton/projects/mlperf/power-dev/output/2021-02-28_11-45-57client.json.tmp'
ptd-server 2021-02-28 12:07:36,651 [INFO] Removed '/home/anton/projects/mlperf/power-dev/output/2021-02-28_11-45-57client.json.tmp'
ptd-server 2021-02-28 12:07:36,651 [INFO] Sending reply to client 'OK'
ptd-server 2021-02-28 12:07:36,652 [INFO] Got command from the client 'session,2021-02-28_11-45-57,done'
ptd-server 2021-02-28 12:07:36,652 [INFO] Sending to ptd: 'Stop'
ptd-server 2021-02-28 12:07:36,804 [INFO] Reply from ptd: 'Error: no measurement to stop'
ptd-server 2021-02-28 12:07:36,804 [INFO] Sending to ptd: 'SR,V,300.000000'
ptd-server 2021-02-28 12:07:38,305 [INFO] Reply from ptd: 'Range V changed'
ptd-server 2021-02-28 12:07:38,305 [INFO] Sending to ptd: 'SR,A,0.500000'
ptd-server 2021-02-28 12:07:39,807 [INFO] Reply from ptd: 'Range A changed'
ptd-server 2021-02-28 12:07:39,807 [INFO] Set initial values for Amps 0.500000 and Volts 300.000000
ptd-server 2021-02-28 12:07:39,807 [INFO] Stopping ptd...
