ptd-server 2021-03-19 08:12:53,713 [INFO] Got command from the client 'time'
ptd-server 2021-03-19 08:12:53,713 [INFO] Sending reply to client '1616141573.713271'
ptd-server 2021-03-19 08:12:53,717 [INFO] Got command from the client 'new,,1e50e627-6fae-4bfd-b421-af33eb725565'
ptd-server 2021-03-19 08:12:53,717 [INFO] Sending reply to client 'OK 2021-03-19_08-12-53,cc986fc1-a459-4462-84cb-0a851db21b4b'
ptd-server 2021-03-19 08:12:53,770 [INFO] Got command from the client 'time'
ptd-server 2021-03-19 08:12:53,770 [INFO] Sending reply to client '1616141573.7704897'
ptd-server 2021-03-19 08:12:53,774 [INFO] Got command from the client 'session,2021-03-19_08-12-53,start,ranging'
ptd-server 2021-03-19 08:12:53,774 [INFO] Running PTDaemon: ['/home/anton/projects/mlperf/power/inference_v1.0/ptd-linux-x86', '-l', 'ptd.log', '-p', '9888', '52', '/dev/usbtmc1']
ptd-server 2021-03-19 08:13:10,856 [INFO] Sending to ptd: 'Hello'
ptd-server 2021-03-19 08:13:10,857 [INFO] Reply from ptd: 'Hello, PTDaemon here!'
ptd-server 2021-03-19 08:13:10,857 [INFO] Sending to ptd: 'Identify'
ptd-server 2021-03-19 08:13:10,858 [INFO] Reply from ptd: 'YokogawaWT330E,1000,1,1,1,1,0,0,1,version=1.9.2-e8c7a49a-20201208,OS=Linux 5.8.0-45-generic #51~20.04.1-Ubuntu SMP Tue Feb 23 13:46:31 UTC 2021 x86_64,mode=power,1,1,1,0,0,no_cal_date,YOKOGAWA;WT333E;C3VD30030E;F1.04'
ptd-server 2021-03-19 08:13:10,858 [INFO] Connected to PTDaemon
ptd-server 2021-03-19 08:13:10,858 [INFO] Sending to ptd: 'RR'
ptd-server 2021-03-19 08:13:10,859 [INFO] Reply from ptd: 'Ranges,1,0.500000,1,300.000000'
ptd-server 2021-03-19 08:13:10,859 [INFO] Initial range for Amps is Auto for Volts is Auto
ptd-server 2021-03-19 08:13:10,859 [INFO] Sending to ptd: 'SR,V,Auto'
ptd-server 2021-03-19 08:13:11,366 [INFO] Reply from ptd: 'Range V changed'
ptd-server 2021-03-19 08:13:11,366 [INFO] Sending to ptd: 'SR,A,Auto'
ptd-server 2021-03-19 08:13:11,869 [INFO] Reply from ptd: 'Range A changed'
ptd-server 2021-03-19 08:13:21,877 [INFO] Starting ranging mode
ptd-server 2021-03-19 08:13:21,877 [INFO] Sending to ptd: 'Go,1000,0,2021-03-19_08-12-53_ranging'
ptd-server 2021-03-19 08:13:21,877 [INFO] Reply from ptd: 'Starting untimed measurement, maximum 500000 samples at 1000ms with 0 rampup samples'
ptd-server 2021-03-19 08:13:21,877 [INFO] Sending reply to client 'OK'
ptd-server 2021-03-19 08:24:23,780 [INFO] Got command from the client 'session,2021-03-19_08-12-53,stop,ranging'
ptd-server 2021-03-19 08:24:33,789 [INFO] Sending to ptd: 'Stop'
ptd-server 2021-03-19 08:24:33,789 [INFO] Reply from ptd: 'Stopping untimed measurement'
ptd-server 2021-03-19 08:24:33,867 [INFO] Sending reply to client 'OK'
ptd-server 2021-03-19 08:24:33,984 [INFO] Got command from the client 'time'
ptd-server 2021-03-19 08:24:33,985 [INFO] Sending reply to client '1616142273.9850202'
ptd-server 2021-03-19 08:24:33,990 [INFO] Got command from the client 'session,2021-03-19_08-12-53,start,testing'
ptd-server 2021-03-19 08:24:33,990 [INFO] Sending to ptd: 'SR,V,249.840000'
ptd-server 2021-03-19 08:24:35,492 [INFO] Reply from ptd: 'Range V changed'
ptd-server 2021-03-19 08:24:35,492 [INFO] Sending to ptd: 'SR,A,0.193100'
ptd-server 2021-03-19 08:24:36,993 [INFO] Reply from ptd: 'Range A changed'
ptd-server 2021-03-19 08:24:47,004 [INFO] Starting testing mode
ptd-server 2021-03-19 08:24:47,004 [INFO] Sending to ptd: 'Go,1000,0,2021-03-19_08-12-53_testing'
ptd-server 2021-03-19 08:24:47,005 [INFO] Reply from ptd: 'Starting untimed measurement, maximum 500000 samples at 1000ms with 0 rampup samples'
ptd-server 2021-03-19 08:24:47,005 [INFO] Sending reply to client 'OK'
ptd-server 2021-03-19 08:35:51,284 [INFO] Got command from the client 'session,2021-03-19_08-12-53,stop,testing'
ptd-server 2021-03-19 08:36:01,293 [INFO] Sending to ptd: 'Stop'
ptd-server 2021-03-19 08:36:01,293 [INFO] Reply from ptd: 'Stopping untimed measurement'
ptd-server 2021-03-19 08:36:01,334 [INFO] Sending reply to client 'OK'
ptd-server 2021-03-19 08:36:01,366 [INFO] Got command from the client 'session,2021-03-19_08-12-53,upload,client.log'
ptd-server 2021-03-19 08:36:01,371 [INFO] Received '/home/anton/projects/mlperf/power-dev/output/2021-03-19_08-12-53client.log.tmp'
ptd-server 2021-03-19 08:36:01,371 [INFO] Removed '/home/anton/projects/mlperf/power-dev/output/2021-03-19_08-12-53client.log.tmp'
ptd-server 2021-03-19 08:36:01,371 [INFO] Sending reply to client 'OK'
ptd-server 2021-03-19 08:36:01,382 [INFO] Got command from the client 'session,2021-03-19_08-12-53,upload,client.json'
ptd-server 2021-03-19 08:36:01,386 [INFO] Received '/home/anton/projects/mlperf/power-dev/output/2021-03-19_08-12-53client.json.tmp'
ptd-server 2021-03-19 08:36:01,386 [INFO] Removed '/home/anton/projects/mlperf/power-dev/output/2021-03-19_08-12-53client.json.tmp'
ptd-server 2021-03-19 08:36:01,386 [INFO] Sending reply to client 'OK'
ptd-server 2021-03-19 08:36:01,391 [INFO] Got command from the client 'session,2021-03-19_08-12-53,done'
ptd-server 2021-03-19 08:36:01,391 [INFO] Sending to ptd: 'Stop'
ptd-server 2021-03-19 08:36:02,005 [INFO] Reply from ptd: 'Error: no measurement to stop'
ptd-server 2021-03-19 08:36:02,006 [INFO] Sending to ptd: 'SR,V,Auto'
ptd-server 2021-03-19 08:36:02,508 [INFO] Reply from ptd: 'Range V changed'
ptd-server 2021-03-19 08:36:02,508 [INFO] Sending to ptd: 'SR,A,Auto'
ptd-server 2021-03-19 08:36:03,011 [INFO] Reply from ptd: 'Range A changed'
ptd-server 2021-03-19 08:36:03,011 [INFO] Set initial values for Amps Auto and Volts Auto
ptd-server 2021-03-19 08:36:03,012 [INFO] Stopping ptd...
