ptd-server 2021-03-05 16:41:51,861 [INFO] Got command from the client 'time'
ptd-server 2021-03-05 16:41:51,862 [INFO] Sending reply to client '1614962511.8620422'
ptd-server 2021-03-05 16:41:51,864 [INFO] Got command from the client 'new,,9f0316ce-e5bb-4e2c-b51a-43047e3b34d9'
ptd-server 2021-03-05 16:41:51,865 [INFO] Sending reply to client 'OK 2021-03-05_16-41-51,44f33af0-bc9c-4001-9ae4-bdc3d3d240aa'
ptd-server 2021-03-05 16:41:51,901 [INFO] Got command from the client 'time'
ptd-server 2021-03-05 16:41:51,901 [INFO] Sending reply to client '1614962511.9018557'
ptd-server 2021-03-05 16:41:51,905 [INFO] Got command from the client 'session,2021-03-05_16-41-51,start,ranging'
ptd-server 2021-03-05 16:41:51,905 [INFO] Running PTDaemon: ['/home/anton/projects/mlperf/power/inference_v1.0/ptd-linux-x86', '-l', 'ptd.log', '-p', '8888', '52', '/dev/usbtmc0']
ptd-server 2021-03-05 16:42:09,073 [INFO] Sending to ptd: 'Hello'
ptd-server 2021-03-05 16:42:09,074 [INFO] Reply from ptd: 'Hello, PTDaemon here!'
ptd-server 2021-03-05 16:42:09,074 [INFO] Sending to ptd: 'Identify'
ptd-server 2021-03-05 16:42:09,074 [INFO] Reply from ptd: 'YokogawaWT330E,1000,1,1,1,1,0,0,1,version=1.9.2-e8c7a49a-20201208,OS=Linux 5.8.0-43-generic #49~20.04.1-Ubuntu SMP Fri Feb 5 09:57:56 UTC 2021 x86_64,mode=power,1,1,1,0,0,no_cal_date,YOKOGAWA;WT333E;C3VD30030E;F1.04'
ptd-server 2021-03-05 16:42:09,075 [INFO] Connected to PTDaemon
ptd-server 2021-03-05 16:42:09,075 [INFO] Sending to ptd: 'RR'
ptd-server 2021-03-05 16:42:09,075 [INFO] Reply from ptd: 'Ranges,0,0.500000,0,300.000000'
ptd-server 2021-03-05 16:42:09,075 [INFO] Initial range for Amps is 0.500000 for Volts is 300.000000
ptd-server 2021-03-05 16:42:09,075 [INFO] Sending to ptd: 'SR,V,Auto'
ptd-server 2021-03-05 16:42:09,612 [INFO] Reply from ptd: 'Range V changed'
ptd-server 2021-03-05 16:42:09,613 [INFO] Sending to ptd: 'SR,A,Auto'
ptd-server 2021-03-05 16:42:10,115 [INFO] Reply from ptd: 'Range A changed'
ptd-server 2021-03-05 16:42:20,125 [INFO] Starting ranging mode
ptd-server 2021-03-05 16:42:20,126 [INFO] Sending to ptd: 'Go,1000,0,2021-03-05_16-41-51_ranging'
ptd-server 2021-03-05 16:42:20,126 [INFO] Reply from ptd: 'Starting untimed measurement, maximum 500000 samples at 1000ms with 0 rampup samples'
ptd-server 2021-03-05 16:42:20,126 [INFO] Sending reply to client 'OK'
ptd-server 2021-03-05 16:52:51,693 [INFO] Got command from the client 'session,2021-03-05_16-41-51,stop,ranging'
ptd-server 2021-03-05 16:53:01,703 [INFO] Sending to ptd: 'Stop'
ptd-server 2021-03-05 16:53:01,704 [INFO] Reply from ptd: 'Stopping untimed measurement'
ptd-server 2021-03-05 16:53:02,046 [INFO] Sending reply to client 'OK'
ptd-server 2021-03-05 16:53:02,092 [INFO] Got command from the client 'time'
ptd-server 2021-03-05 16:53:02,092 [INFO] Sending reply to client '1614963182.0925899'
ptd-server 2021-03-05 16:53:02,096 [INFO] Got command from the client 'session,2021-03-05_16-41-51,start,testing'
ptd-server 2021-03-05 16:53:02,096 [INFO] Sending to ptd: 'SR,V,250.720000'
ptd-server 2021-03-05 16:53:03,628 [INFO] Reply from ptd: 'Range V changed'
ptd-server 2021-03-05 16:53:03,628 [INFO] Sending to ptd: 'SR,A,0.058280'
ptd-server 2021-03-05 16:53:05,129 [INFO] Reply from ptd: 'Range A changed'
ptd-server 2021-03-05 16:53:15,139 [INFO] Starting testing mode
ptd-server 2021-03-05 16:53:15,140 [INFO] Sending to ptd: 'Go,1000,0,2021-03-05_16-41-51_testing'
ptd-server 2021-03-05 16:53:15,140 [INFO] Reply from ptd: 'Starting untimed measurement, maximum 500000 samples at 1000ms with 0 rampup samples'
ptd-server 2021-03-05 16:53:15,140 [INFO] Sending reply to client 'OK'
ptd-server 2021-03-05 17:03:51,705 [INFO] Got command from the client 'session,2021-03-05_16-41-51,stop,testing'
ptd-server 2021-03-05 17:04:01,715 [INFO] Sending to ptd: 'Stop'
ptd-server 2021-03-05 17:04:01,716 [INFO] Reply from ptd: 'Stopping untimed measurement'
ptd-server 2021-03-05 17:04:01,895 [INFO] Sending reply to client 'OK'
ptd-server 2021-03-05 17:04:01,903 [INFO] Got command from the client 'session,2021-03-05_16-41-51,upload,client.log'
ptd-server 2021-03-05 17:04:01,907 [INFO] Received '/home/anton/projects/mlperf/power-dev/output/2021-03-05_16-41-51client.log.tmp'
ptd-server 2021-03-05 17:04:01,907 [INFO] Removed '/home/anton/projects/mlperf/power-dev/output/2021-03-05_16-41-51client.log.tmp'
ptd-server 2021-03-05 17:04:01,907 [INFO] Sending reply to client 'OK'
ptd-server 2021-03-05 17:04:01,920 [INFO] Got command from the client 'session,2021-03-05_16-41-51,upload,client.json'
ptd-server 2021-03-05 17:04:01,922 [INFO] Received '/home/anton/projects/mlperf/power-dev/output/2021-03-05_16-41-51client.json.tmp'
ptd-server 2021-03-05 17:04:01,923 [INFO] Removed '/home/anton/projects/mlperf/power-dev/output/2021-03-05_16-41-51client.json.tmp'
ptd-server 2021-03-05 17:04:01,923 [INFO] Sending reply to client 'OK'
ptd-server 2021-03-05 17:04:01,925 [INFO] Got command from the client 'session,2021-03-05_16-41-51,done'
ptd-server 2021-03-05 17:04:01,926 [INFO] Sending to ptd: 'Stop'
ptd-server 2021-03-05 17:04:02,141 [INFO] Reply from ptd: 'Error: no measurement to stop'
ptd-server 2021-03-05 17:04:02,141 [INFO] Sending to ptd: 'SR,V,300.000000'
ptd-server 2021-03-05 17:04:03,642 [INFO] Reply from ptd: 'Range V changed'
ptd-server 2021-03-05 17:04:03,642 [INFO] Sending to ptd: 'SR,A,0.500000'
ptd-server 2021-03-05 17:04:05,143 [INFO] Reply from ptd: 'Range A changed'
ptd-server 2021-03-05 17:04:05,144 [INFO] Set initial values for Amps 0.500000 and Volts 300.000000
ptd-server 2021-03-05 17:04:05,144 [INFO] Stopping ptd...
