ptd-server 2021-03-09 01:28:53,554 [INFO] Got command from the client 'time'
ptd-server 2021-03-09 01:28:53,554 [INFO] Sending reply to client '1615253333.5543127'
ptd-server 2021-03-09 01:28:53,556 [INFO] Got command from the client 'new,,eabf915f-1390-4a3d-a366-caa694221954'
ptd-server 2021-03-09 01:28:53,556 [INFO] Sending reply to client 'OK 2021-03-09_01-28-53,352909cc-7a42-43d4-9ac4-cf9d5954df53'
ptd-server 2021-03-09 01:28:53,593 [INFO] Got command from the client 'time'
ptd-server 2021-03-09 01:28:53,593 [INFO] Sending reply to client '1615253333.5939088'
ptd-server 2021-03-09 01:28:53,595 [INFO] Got command from the client 'session,2021-03-09_01-28-53,start,ranging'
ptd-server 2021-03-09 01:28:53,596 [INFO] Running PTDaemon: ['/home/anton/projects/mlperf/power/inference_v1.0/ptd-linux-x86', '-l', 'ptd.log', '-p', '8888', '52', '/dev/usbtmc0']
ptd-server 2021-03-09 01:29:10,769 [INFO] Sending to ptd: 'Hello'
ptd-server 2021-03-09 01:29:10,769 [INFO] Reply from ptd: 'Hello, PTDaemon here!'
ptd-server 2021-03-09 01:29:10,770 [INFO] Sending to ptd: 'Identify'
ptd-server 2021-03-09 01:29:10,770 [INFO] Reply from ptd: 'YokogawaWT330E,1000,1,1,1,1,0,0,1,version=1.9.2-e8c7a49a-20201208,OS=Linux 5.8.0-43-generic #49~20.04.1-Ubuntu SMP Fri Feb 5 09:57:56 UTC 2021 x86_64,mode=power,1,1,1,0,0,no_cal_date,YOKOGAWA;WT333E;C3VD30030E;F1.04'
ptd-server 2021-03-09 01:29:10,770 [INFO] Connected to PTDaemon
ptd-server 2021-03-09 01:29:10,770 [INFO] Sending to ptd: 'RR'
ptd-server 2021-03-09 01:29:10,771 [INFO] Reply from ptd: 'Ranges,0,0.500000,0,300.000000'
ptd-server 2021-03-09 01:29:10,771 [INFO] Initial range for Amps is 0.500000 for Volts is 300.000000
ptd-server 2021-03-09 01:29:10,771 [INFO] Sending to ptd: 'SR,V,Auto'
ptd-server 2021-03-09 01:29:11,273 [INFO] Reply from ptd: 'Range V changed'
ptd-server 2021-03-09 01:29:11,274 [INFO] Sending to ptd: 'SR,A,Auto'
ptd-server 2021-03-09 01:29:11,776 [INFO] Reply from ptd: 'Range A changed'
ptd-server 2021-03-09 01:29:21,786 [INFO] Starting ranging mode
ptd-server 2021-03-09 01:29:21,787 [INFO] Sending to ptd: 'Go,1000,0,2021-03-09_01-28-53_ranging'
ptd-server 2021-03-09 01:29:21,787 [INFO] Reply from ptd: 'Starting untimed measurement, maximum 500000 samples at 1000ms with 0 rampup samples'
ptd-server 2021-03-09 01:29:21,787 [INFO] Sending reply to client 'OK'
ptd-server 2021-03-09 01:39:37,321 [INFO] Got command from the client 'session,2021-03-09_01-28-53,stop,ranging'
ptd-server 2021-03-09 01:39:47,331 [INFO] Sending to ptd: 'Stop'
ptd-server 2021-03-09 01:39:47,331 [INFO] Reply from ptd: 'Stopping untimed measurement'
ptd-server 2021-03-09 01:39:48,022 [INFO] Sending reply to client 'OK'
ptd-server 2021-03-09 01:39:48,072 [INFO] Got command from the client 'time'
ptd-server 2021-03-09 01:39:48,072 [INFO] Sending reply to client '1615253988.0729365'
ptd-server 2021-03-09 01:39:48,075 [INFO] Got command from the client 'session,2021-03-09_01-28-53,start,testing'
ptd-server 2021-03-09 01:39:48,075 [INFO] Sending to ptd: 'SR,V,250.240000'
ptd-server 2021-03-09 01:39:49,577 [INFO] Reply from ptd: 'Range V changed'
ptd-server 2021-03-09 01:39:49,577 [INFO] Sending to ptd: 'SR,A,0.132160'
ptd-server 2021-03-09 01:39:51,078 [INFO] Reply from ptd: 'Range A changed'
ptd-server 2021-03-09 01:40:01,088 [INFO] Starting testing mode
ptd-server 2021-03-09 01:40:01,089 [INFO] Sending to ptd: 'Go,1000,0,2021-03-09_01-28-53_testing'
ptd-server 2021-03-09 01:40:01,089 [INFO] Reply from ptd: 'Starting untimed measurement, maximum 500000 samples at 1000ms with 0 rampup samples'
ptd-server 2021-03-09 01:40:01,089 [INFO] Sending reply to client 'OK'
ptd-server 2021-03-09 01:50:16,501 [INFO] Got command from the client 'session,2021-03-09_01-28-53,stop,testing'
ptd-server 2021-03-09 01:50:26,511 [INFO] Sending to ptd: 'Stop'
ptd-server 2021-03-09 01:50:26,512 [INFO] Reply from ptd: 'Stopping untimed measurement'
ptd-server 2021-03-09 01:50:26,859 [INFO] Sending reply to client 'OK'
ptd-server 2021-03-09 01:50:26,869 [INFO] Got command from the client 'session,2021-03-09_01-28-53,upload,client.log'
ptd-server 2021-03-09 01:50:26,870 [INFO] Received '/home/anton/projects/mlperf/power-dev/output/2021-03-09_01-28-53client.log.tmp'
ptd-server 2021-03-09 01:50:26,871 [INFO] Removed '/home/anton/projects/mlperf/power-dev/output/2021-03-09_01-28-53client.log.tmp'
ptd-server 2021-03-09 01:50:26,871 [INFO] Sending reply to client 'OK'
ptd-server 2021-03-09 01:50:26,878 [INFO] Got command from the client 'session,2021-03-09_01-28-53,upload,client.json'
ptd-server 2021-03-09 01:50:26,878 [INFO] Received '/home/anton/projects/mlperf/power-dev/output/2021-03-09_01-28-53client.json.tmp'
ptd-server 2021-03-09 01:50:26,878 [INFO] Removed '/home/anton/projects/mlperf/power-dev/output/2021-03-09_01-28-53client.json.tmp'
ptd-server 2021-03-09 01:50:26,879 [INFO] Sending reply to client 'OK'
ptd-server 2021-03-09 01:50:26,880 [INFO] Got command from the client 'session,2021-03-09_01-28-53,done'
ptd-server 2021-03-09 01:50:26,880 [INFO] Sending to ptd: 'Stop'
ptd-server 2021-03-09 01:50:27,089 [INFO] Reply from ptd: 'Error: no measurement to stop'
ptd-server 2021-03-09 01:50:27,089 [INFO] Sending to ptd: 'SR,V,300.000000'
ptd-server 2021-03-09 01:50:28,591 [INFO] Reply from ptd: 'Range V changed'
ptd-server 2021-03-09 01:50:28,591 [INFO] Sending to ptd: 'SR,A,0.500000'
ptd-server 2021-03-09 01:50:30,092 [INFO] Reply from ptd: 'Range A changed'
ptd-server 2021-03-09 01:50:30,093 [INFO] Set initial values for Amps 0.500000 and Volts 300.000000
ptd-server 2021-03-09 01:50:30,093 [INFO] Stopping ptd...
