ptd-server 2021-03-08 01:45:05,199 [INFO] Got command from the client 'time'
ptd-server 2021-03-08 01:45:05,199 [INFO] Sending reply to client '1615167905.1991625'
ptd-server 2021-03-08 01:45:05,202 [INFO] Got command from the client 'new,,b8907b59-904d-4556-9f05-f65afacd56c3'
ptd-server 2021-03-08 01:45:05,203 [INFO] Sending reply to client 'OK 2021-03-08_01-45-05,9da35846-a017-4f90-9da6-200fccb4fd5a'
ptd-server 2021-03-08 01:45:05,238 [INFO] Got command from the client 'time'
ptd-server 2021-03-08 01:45:05,238 [INFO] Sending reply to client '1615167905.2389565'
ptd-server 2021-03-08 01:45:05,241 [INFO] Got command from the client 'session,2021-03-08_01-45-05,start,ranging'
ptd-server 2021-03-08 01:45:05,242 [INFO] Running PTDaemon: ['/home/anton/projects/mlperf/power/inference_v1.0/ptd-linux-x86', '-l', 'ptd.log', '-p', '8888', '52', '/dev/usbtmc0']
ptd-server 2021-03-08 01:45:22,418 [INFO] Sending to ptd: 'Hello'
ptd-server 2021-03-08 01:45:22,418 [INFO] Reply from ptd: 'Hello, PTDaemon here!'
ptd-server 2021-03-08 01:45:22,418 [INFO] Sending to ptd: 'Identify'
ptd-server 2021-03-08 01:45:22,419 [INFO] Reply from ptd: 'YokogawaWT330E,1000,1,1,1,1,0,0,1,version=1.9.2-e8c7a49a-20201208,OS=Linux 5.8.0-43-generic #49~20.04.1-Ubuntu SMP Fri Feb 5 09:57:56 UTC 2021 x86_64,mode=power,1,1,1,0,0,no_cal_date,YOKOGAWA;WT333E;C3VD30030E;F1.04'
ptd-server 2021-03-08 01:45:22,419 [INFO] Connected to PTDaemon
ptd-server 2021-03-08 01:45:22,419 [INFO] Sending to ptd: 'RR'
ptd-server 2021-03-08 01:45:22,419 [INFO] Reply from ptd: 'Ranges,0,0.500000,0,300.000000'
ptd-server 2021-03-08 01:45:22,420 [INFO] Initial range for Amps is 0.500000 for Volts is 300.000000
ptd-server 2021-03-08 01:45:22,420 [INFO] Sending to ptd: 'SR,V,Auto'
ptd-server 2021-03-08 01:45:22,922 [INFO] Reply from ptd: 'Range V changed'
ptd-server 2021-03-08 01:45:22,922 [INFO] Sending to ptd: 'SR,A,Auto'
ptd-server 2021-03-08 01:45:23,425 [INFO] Reply from ptd: 'Range A changed'
ptd-server 2021-03-08 01:45:33,435 [INFO] Starting ranging mode
ptd-server 2021-03-08 01:45:33,435 [INFO] Sending to ptd: 'Go,1000,0,2021-03-08_01-45-05_ranging'
ptd-server 2021-03-08 01:45:33,436 [INFO] Reply from ptd: 'Starting untimed measurement, maximum 500000 samples at 1000ms with 0 rampup samples'
ptd-server 2021-03-08 01:45:33,436 [INFO] Sending reply to client 'OK'
ptd-server 2021-03-08 01:55:59,582 [INFO] Got command from the client 'session,2021-03-08_01-45-05,stop,ranging'
ptd-server 2021-03-08 01:56:09,592 [INFO] Sending to ptd: 'Stop'
ptd-server 2021-03-08 01:56:09,593 [INFO] Reply from ptd: 'Stopping untimed measurement'
ptd-server 2021-03-08 01:56:10,221 [INFO] Sending reply to client 'OK'
ptd-server 2021-03-08 01:56:10,259 [INFO] Got command from the client 'time'
ptd-server 2021-03-08 01:56:10,259 [INFO] Sending reply to client '1615168570.2592816'
ptd-server 2021-03-08 01:56:10,263 [INFO] Got command from the client 'session,2021-03-08_01-45-05,start,testing'
ptd-server 2021-03-08 01:56:10,263 [INFO] Sending to ptd: 'SR,V,250.780000'
ptd-server 2021-03-08 01:56:11,937 [INFO] Reply from ptd: 'Range V changed'
ptd-server 2021-03-08 01:56:11,938 [INFO] Sending to ptd: 'SR,A,0.051430'
ptd-server 2021-03-08 01:56:13,439 [INFO] Reply from ptd: 'Range A changed'
ptd-server 2021-03-08 01:56:23,449 [INFO] Starting testing mode
ptd-server 2021-03-08 01:56:23,449 [INFO] Sending to ptd: 'Go,1000,0,2021-03-08_01-45-05_testing'
ptd-server 2021-03-08 01:56:23,450 [INFO] Reply from ptd: 'Starting untimed measurement, maximum 500000 samples at 1000ms with 0 rampup samples'
ptd-server 2021-03-08 01:56:23,450 [INFO] Sending reply to client 'OK'
ptd-server 2021-03-08 02:06:53,123 [INFO] Got command from the client 'session,2021-03-08_01-45-05,stop,testing'
ptd-server 2021-03-08 02:07:03,133 [INFO] Sending to ptd: 'Stop'
ptd-server 2021-03-08 02:07:03,134 [INFO] Reply from ptd: 'Stopping untimed measurement'
ptd-server 2021-03-08 02:07:03,451 [INFO] Sending reply to client 'OK'
ptd-server 2021-03-08 02:07:03,460 [INFO] Got command from the client 'session,2021-03-08_01-45-05,upload,client.log'
ptd-server 2021-03-08 02:07:03,463 [INFO] Received '/home/anton/projects/mlperf/power-dev/output/2021-03-08_01-45-05client.log.tmp'
ptd-server 2021-03-08 02:07:03,464 [INFO] Removed '/home/anton/projects/mlperf/power-dev/output/2021-03-08_01-45-05client.log.tmp'
ptd-server 2021-03-08 02:07:03,464 [INFO] Sending reply to client 'OK'
ptd-server 2021-03-08 02:07:03,476 [INFO] Got command from the client 'session,2021-03-08_01-45-05,upload,client.json'
ptd-server 2021-03-08 02:07:03,479 [INFO] Received '/home/anton/projects/mlperf/power-dev/output/2021-03-08_01-45-05client.json.tmp'
ptd-server 2021-03-08 02:07:03,480 [INFO] Removed '/home/anton/projects/mlperf/power-dev/output/2021-03-08_01-45-05client.json.tmp'
ptd-server 2021-03-08 02:07:03,480 [INFO] Sending reply to client 'OK'
ptd-server 2021-03-08 02:07:03,482 [INFO] Got command from the client 'session,2021-03-08_01-45-05,done'
ptd-server 2021-03-08 02:07:03,483 [INFO] Sending to ptd: 'Stop'
ptd-server 2021-03-08 02:07:03,483 [INFO] Reply from ptd: 'Error: no measurement to stop'
ptd-server 2021-03-08 02:07:03,483 [INFO] Sending to ptd: 'SR,V,300.000000'
ptd-server 2021-03-08 02:07:04,984 [INFO] Reply from ptd: 'Range V changed'
ptd-server 2021-03-08 02:07:04,984 [INFO] Sending to ptd: 'SR,A,0.500000'
ptd-server 2021-03-08 02:07:06,486 [INFO] Reply from ptd: 'Range A changed'
ptd-server 2021-03-08 02:07:06,486 [INFO] Set initial values for Amps 0.500000 and Volts 300.000000
ptd-server 2021-03-08 02:07:06,486 [INFO] Stopping ptd...
