ptd-server 2021-02-27 08:24:32,209 [INFO] Got command from the client 'time'
ptd-server 2021-02-27 08:24:32,209 [INFO] Sending reply to client '1614414272.209303'
ptd-server 2021-02-27 08:24:32,210 [INFO] Got command from the client 'new,,e1c827b4-b6e1-49fb-a2bf-c88b1035b8c9'
ptd-server 2021-02-27 08:24:32,210 [INFO] Sending reply to client 'OK 2021-02-27_08-24-32,d97edf36-bd6a-49f6-b412-7f9216a3eaad'
ptd-server 2021-02-27 08:24:32,249 [INFO] Got command from the client 'time'
ptd-server 2021-02-27 08:24:32,249 [INFO] Sending reply to client '1614414272.249179'
ptd-server 2021-02-27 08:24:32,250 [INFO] Got command from the client 'session,2021-02-27_08-24-32,start,ranging'
ptd-server 2021-02-27 08:24:32,250 [INFO] Running PTDaemon: ['/home/anton/projects/mlperf/power/inference_v1.0/ptd-linux-x86', '-l', 'ptd.log', '-p', '8888', '52', '/dev/usbtmc0']
ptd-server 2021-02-27 08:24:49,418 [INFO] Sending to ptd: 'Hello'
ptd-server 2021-02-27 08:24:49,419 [INFO] Reply from ptd: 'Hello, PTDaemon here!'
ptd-server 2021-02-27 08:24:49,419 [INFO] Sending to ptd: 'Identify'
ptd-server 2021-02-27 08:24:49,420 [INFO] Reply from ptd: 'YokogawaWT330E,1000,1,1,1,1,0,0,1,version=1.9.2-e8c7a49a-20201208,OS=Linux 5.8.0-43-generic #49~20.04.1-Ubuntu SMP Fri Feb 5 09:57:56 UTC 2021 x86_64,mode=power,1,1,1,0,0,no_cal_date,YOKOGAWA;WT333E;C3VD30030E;F1.04'
ptd-server 2021-02-27 08:24:49,420 [INFO] Connected to PTDaemon
ptd-server 2021-02-27 08:24:49,420 [INFO] Sending to ptd: 'RR'
ptd-server 2021-02-27 08:24:49,420 [INFO] Reply from ptd: 'Ranges,0,0.500000,0,300.000000'
ptd-server 2021-02-27 08:24:49,420 [INFO] Initial range for Amps is 0.500000 for Volts is 300.000000
ptd-server 2021-02-27 08:24:49,421 [INFO] Sending to ptd: 'SR,V,Auto'
ptd-server 2021-02-27 08:24:49,923 [INFO] Reply from ptd: 'Range V changed'
ptd-server 2021-02-27 08:24:49,923 [INFO] Sending to ptd: 'SR,A,Auto'
ptd-server 2021-02-27 08:24:50,426 [INFO] Reply from ptd: 'Range A changed'
ptd-server 2021-02-27 08:25:00,436 [INFO] Starting ranging mode
ptd-server 2021-02-27 08:25:00,436 [INFO] Sending to ptd: 'Go,1000,0,2021-02-27_08-24-32_ranging'
ptd-server 2021-02-27 08:25:00,437 [INFO] Reply from ptd: 'Starting untimed measurement, maximum 500000 samples at 1000ms with 0 rampup samples'
ptd-server 2021-02-27 08:25:00,437 [INFO] Sending reply to client 'OK'
ptd-server 2021-02-27 08:35:18,887 [INFO] Got command from the client 'session,2021-02-27_08-24-32,stop,ranging'
ptd-server 2021-02-27 08:35:28,897 [INFO] Sending to ptd: 'Stop'
ptd-server 2021-02-27 08:35:28,898 [INFO] Reply from ptd: 'Stopping untimed measurement'
ptd-server 2021-02-27 08:35:28,959 [INFO] Sending reply to client 'OK'
ptd-server 2021-02-27 08:35:29,008 [INFO] Got command from the client 'time'
ptd-server 2021-02-27 08:35:29,008 [INFO] Sending reply to client '1614414929.0082338'
ptd-server 2021-02-27 08:35:29,009 [INFO] Got command from the client 'session,2021-02-27_08-24-32,start,testing'
ptd-server 2021-02-27 08:35:29,009 [INFO] Sending to ptd: 'SR,V,250.260000'
ptd-server 2021-02-27 08:35:30,938 [INFO] Reply from ptd: 'Range V changed'
ptd-server 2021-02-27 08:35:30,938 [INFO] Sending to ptd: 'SR,A,0.212580'
ptd-server 2021-02-27 08:35:32,440 [INFO] Reply from ptd: 'Range A changed'
ptd-server 2021-02-27 08:35:42,450 [INFO] Starting testing mode
ptd-server 2021-02-27 08:35:42,450 [INFO] Sending to ptd: 'Go,1000,0,2021-02-27_08-24-32_testing'
ptd-server 2021-02-27 08:35:42,451 [INFO] Reply from ptd: 'Starting untimed measurement, maximum 500000 samples at 1000ms with 0 rampup samples'
ptd-server 2021-02-27 08:35:42,451 [INFO] Sending reply to client 'OK'
ptd-server 2021-02-27 08:46:00,858 [INFO] Got command from the client 'session,2021-02-27_08-24-32,stop,testing'
ptd-server 2021-02-27 08:46:10,868 [INFO] Sending to ptd: 'Stop'
ptd-server 2021-02-27 08:46:10,869 [INFO] Reply from ptd: 'Stopping untimed measurement'
ptd-server 2021-02-27 08:46:10,901 [INFO] Sending reply to client 'OK'
ptd-server 2021-02-27 08:46:10,904 [INFO] Got command from the client 'session,2021-02-27_08-24-32,upload,client.log'
ptd-server 2021-02-27 08:46:10,905 [INFO] Received '/home/anton/projects/mlperf/power-dev/output/2021-02-27_08-24-32client.log.tmp'
ptd-server 2021-02-27 08:46:10,905 [INFO] Removed '/home/anton/projects/mlperf/power-dev/output/2021-02-27_08-24-32client.log.tmp'
ptd-server 2021-02-27 08:46:10,905 [INFO] Sending reply to client 'OK'
ptd-server 2021-02-27 08:46:10,909 [INFO] Got command from the client 'session,2021-02-27_08-24-32,upload,client.json'
ptd-server 2021-02-27 08:46:10,909 [INFO] Received '/home/anton/projects/mlperf/power-dev/output/2021-02-27_08-24-32client.json.tmp'
ptd-server 2021-02-27 08:46:10,910 [INFO] Removed '/home/anton/projects/mlperf/power-dev/output/2021-02-27_08-24-32client.json.tmp'
ptd-server 2021-02-27 08:46:10,910 [INFO] Sending reply to client 'OK'
ptd-server 2021-02-27 08:46:10,911 [INFO] Got command from the client 'session,2021-02-27_08-24-32,done'
ptd-server 2021-02-27 08:46:10,911 [INFO] Sending to ptd: 'Stop'
ptd-server 2021-02-27 08:46:11,451 [INFO] Reply from ptd: 'Error: no measurement to stop'
ptd-server 2021-02-27 08:46:11,452 [INFO] Sending to ptd: 'SR,V,300.000000'
ptd-server 2021-02-27 08:46:12,953 [INFO] Reply from ptd: 'Range V changed'
ptd-server 2021-02-27 08:46:12,953 [INFO] Sending to ptd: 'SR,A,0.500000'
ptd-server 2021-02-27 08:46:14,455 [INFO] Reply from ptd: 'Range A changed'
ptd-server 2021-02-27 08:46:14,455 [INFO] Set initial values for Amps 0.500000 and Volts 300.000000
ptd-server 2021-02-27 08:46:14,455 [INFO] Stopping ptd...
