ptd-server 2021-03-05 02:58:09,896 [INFO] Got command from the client 'time'
ptd-server 2021-03-05 02:58:09,896 [INFO] Sending reply to client '1614913089.8965864'
ptd-server 2021-03-05 02:58:09,899 [INFO] Got command from the client 'new,,09f27e5c-c542-483c-a3b6-134b4307c8c9'
ptd-server 2021-03-05 02:58:09,900 [INFO] Sending reply to client 'OK 2021-03-05_02-58-09,678b0d56-7787-458b-ab55-9066fd11d90b'
ptd-server 2021-03-05 02:58:09,936 [INFO] Got command from the client 'time'
ptd-server 2021-03-05 02:58:09,936 [INFO] Sending reply to client '1614913089.936497'
ptd-server 2021-03-05 02:58:09,940 [INFO] Got command from the client 'session,2021-03-05_02-58-09,start,ranging'
ptd-server 2021-03-05 02:58:09,940 [INFO] Running PTDaemon: ['/home/anton/projects/mlperf/power/inference_v1.0/ptd-linux-x86', '-l', 'ptd.log', '-p', '8888', '52', '/dev/usbtmc0']
ptd-server 2021-03-05 02:58:27,110 [INFO] Sending to ptd: 'Hello'
ptd-server 2021-03-05 02:58:27,110 [INFO] Reply from ptd: 'Hello, PTDaemon here!'
ptd-server 2021-03-05 02:58:27,110 [INFO] Sending to ptd: 'Identify'
ptd-server 2021-03-05 02:58:27,111 [INFO] Reply from ptd: 'YokogawaWT330E,1000,1,1,1,1,0,0,1,version=1.9.2-e8c7a49a-20201208,OS=Linux 5.8.0-43-generic #49~20.04.1-Ubuntu SMP Fri Feb 5 09:57:56 UTC 2021 x86_64,mode=power,1,1,1,0,0,no_cal_date,YOKOGAWA;WT333E;C3VD30030E;F1.04'
ptd-server 2021-03-05 02:58:27,111 [INFO] Connected to PTDaemon
ptd-server 2021-03-05 02:58:27,111 [INFO] Sending to ptd: 'RR'
ptd-server 2021-03-05 02:58:27,111 [INFO] Reply from ptd: 'Ranges,0,0.500000,0,300.000000'
ptd-server 2021-03-05 02:58:27,111 [INFO] Initial range for Amps is 0.500000 for Volts is 300.000000
ptd-server 2021-03-05 02:58:27,112 [INFO] Sending to ptd: 'SR,V,Auto'
ptd-server 2021-03-05 02:58:27,614 [INFO] Reply from ptd: 'Range V changed'
ptd-server 2021-03-05 02:58:27,614 [INFO] Sending to ptd: 'SR,A,Auto'
ptd-server 2021-03-05 02:58:28,117 [INFO] Reply from ptd: 'Range A changed'
ptd-server 2021-03-05 02:58:38,127 [INFO] Starting ranging mode
ptd-server 2021-03-05 02:58:38,127 [INFO] Sending to ptd: 'Go,1000,0,2021-03-05_02-58-09_ranging'
ptd-server 2021-03-05 02:58:38,128 [INFO] Reply from ptd: 'Starting untimed measurement, maximum 500000 samples at 1000ms with 0 rampup samples'
ptd-server 2021-03-05 02:58:38,128 [INFO] Sending reply to client 'OK'
ptd-server 2021-03-05 03:09:10,194 [INFO] Got command from the client 'session,2021-03-05_02-58-09,stop,ranging'
ptd-server 2021-03-05 03:09:20,204 [INFO] Sending to ptd: 'Stop'
ptd-server 2021-03-05 03:09:20,204 [INFO] Reply from ptd: 'Stopping untimed measurement'
ptd-server 2021-03-05 03:09:20,531 [INFO] Sending reply to client 'OK'
ptd-server 2021-03-05 03:09:20,572 [INFO] Got command from the client 'time'
ptd-server 2021-03-05 03:09:20,572 [INFO] Sending reply to client '1614913760.572405'
ptd-server 2021-03-05 03:09:20,575 [INFO] Got command from the client 'session,2021-03-05_02-58-09,start,testing'
ptd-server 2021-03-05 03:09:20,576 [INFO] Sending to ptd: 'SR,V,249.570000'
ptd-server 2021-03-05 03:09:22,629 [INFO] Reply from ptd: 'Range V changed'
ptd-server 2021-03-05 03:09:22,630 [INFO] Sending to ptd: 'SR,A,0.064200'
ptd-server 2021-03-05 03:09:24,131 [INFO] Reply from ptd: 'Range A changed'
ptd-server 2021-03-05 03:09:34,141 [INFO] Starting testing mode
ptd-server 2021-03-05 03:09:34,141 [INFO] Sending to ptd: 'Go,1000,0,2021-03-05_02-58-09_testing'
ptd-server 2021-03-05 03:09:34,142 [INFO] Reply from ptd: 'Starting untimed measurement, maximum 500000 samples at 1000ms with 0 rampup samples'
ptd-server 2021-03-05 03:09:34,142 [INFO] Sending reply to client 'OK'
ptd-server 2021-03-05 03:20:10,840 [INFO] Got command from the client 'session,2021-03-05_02-58-09,stop,testing'
ptd-server 2021-03-05 03:20:20,851 [INFO] Sending to ptd: 'Stop'
ptd-server 2021-03-05 03:20:20,851 [INFO] Reply from ptd: 'Stopping untimed measurement'
ptd-server 2021-03-05 03:20:21,016 [INFO] Sending reply to client 'OK'
ptd-server 2021-03-05 03:20:21,024 [INFO] Got command from the client 'session,2021-03-05_02-58-09,upload,client.log'
ptd-server 2021-03-05 03:20:21,027 [INFO] Received '/home/anton/projects/mlperf/power-dev/output/2021-03-05_02-58-09client.log.tmp'
ptd-server 2021-03-05 03:20:21,028 [INFO] Removed '/home/anton/projects/mlperf/power-dev/output/2021-03-05_02-58-09client.log.tmp'
ptd-server 2021-03-05 03:20:21,028 [INFO] Sending reply to client 'OK'
ptd-server 2021-03-05 03:20:21,041 [INFO] Got command from the client 'session,2021-03-05_02-58-09,upload,client.json'
ptd-server 2021-03-05 03:20:21,043 [INFO] Received '/home/anton/projects/mlperf/power-dev/output/2021-03-05_02-58-09client.json.tmp'
ptd-server 2021-03-05 03:20:21,044 [INFO] Removed '/home/anton/projects/mlperf/power-dev/output/2021-03-05_02-58-09client.json.tmp'
ptd-server 2021-03-05 03:20:21,044 [INFO] Sending reply to client 'OK'
ptd-server 2021-03-05 03:20:21,048 [INFO] Got command from the client 'session,2021-03-05_02-58-09,done'
ptd-server 2021-03-05 03:20:21,048 [INFO] Sending to ptd: 'Stop'
ptd-server 2021-03-05 03:20:21,142 [INFO] Reply from ptd: 'Error: no measurement to stop'
ptd-server 2021-03-05 03:20:21,142 [INFO] Sending to ptd: 'SR,V,300.000000'
ptd-server 2021-03-05 03:20:22,644 [INFO] Reply from ptd: 'Range V changed'
ptd-server 2021-03-05 03:20:22,644 [INFO] Sending to ptd: 'SR,A,0.500000'
ptd-server 2021-03-05 03:20:24,145 [INFO] Reply from ptd: 'Range A changed'
ptd-server 2021-03-05 03:20:24,145 [INFO] Set initial values for Amps 0.500000 and Volts 300.000000
ptd-server 2021-03-05 03:20:24,146 [INFO] Stopping ptd...
