ptd-server 2021-03-07 01:43:37,281 [INFO] Got command from the client 'time'
ptd-server 2021-03-07 01:43:37,281 [INFO] Sending reply to client '1615081417.2818232'
ptd-server 2021-03-07 01:43:37,285 [INFO] Got command from the client 'new,,e1545f77-c808-4598-9fd6-14fb24260003'
ptd-server 2021-03-07 01:43:37,285 [INFO] Sending reply to client 'OK 2021-03-07_01-43-37,bbab3492-d1c5-4c2b-ac9e-82421d154b00'
ptd-server 2021-03-07 01:43:37,329 [INFO] Got command from the client 'time'
ptd-server 2021-03-07 01:43:37,329 [INFO] Sending reply to client '1615081417.3297274'
ptd-server 2021-03-07 01:43:37,333 [INFO] Got command from the client 'session,2021-03-07_01-43-37,start,ranging'
ptd-server 2021-03-07 01:43:37,333 [INFO] Running PTDaemon: ['/home/anton/projects/mlperf/power/inference_v1.0/ptd-linux-x86', '-l', 'ptd.log', '-p', '8888', '52', '/dev/usbtmc0']
ptd-server 2021-03-07 01:43:54,502 [INFO] Sending to ptd: 'Hello'
ptd-server 2021-03-07 01:43:54,503 [INFO] Reply from ptd: 'Hello, PTDaemon here!'
ptd-server 2021-03-07 01:43:54,503 [INFO] Sending to ptd: 'Identify'
ptd-server 2021-03-07 01:43:54,503 [INFO] Reply from ptd: 'YokogawaWT330E,1000,1,1,1,1,0,0,1,version=1.9.2-e8c7a49a-20201208,OS=Linux 5.8.0-43-generic #49~20.04.1-Ubuntu SMP Fri Feb 5 09:57:56 UTC 2021 x86_64,mode=power,1,1,1,0,0,no_cal_date,YOKOGAWA;WT333E;C3VD30030E;F1.04'
ptd-server 2021-03-07 01:43:54,504 [INFO] Connected to PTDaemon
ptd-server 2021-03-07 01:43:54,504 [INFO] Sending to ptd: 'RR'
ptd-server 2021-03-07 01:43:54,504 [INFO] Reply from ptd: 'Ranges,0,0.500000,0,300.000000'
ptd-server 2021-03-07 01:43:54,504 [INFO] Initial range for Amps is 0.500000 for Volts is 300.000000
ptd-server 2021-03-07 01:43:54,504 [INFO] Sending to ptd: 'SR,V,Auto'
ptd-server 2021-03-07 01:43:55,007 [INFO] Reply from ptd: 'Range V changed'
ptd-server 2021-03-07 01:43:55,007 [INFO] Sending to ptd: 'SR,A,Auto'
ptd-server 2021-03-07 01:43:55,509 [INFO] Reply from ptd: 'Range A changed'
ptd-server 2021-03-07 01:44:05,520 [INFO] Starting ranging mode
ptd-server 2021-03-07 01:44:05,520 [INFO] Sending to ptd: 'Go,1000,0,2021-03-07_01-43-37_ranging'
ptd-server 2021-03-07 01:44:05,520 [INFO] Reply from ptd: 'Starting untimed measurement, maximum 500000 samples at 1000ms with 0 rampup samples'
ptd-server 2021-03-07 01:44:05,521 [INFO] Sending reply to client 'OK'
ptd-server 2021-03-07 01:54:41,363 [INFO] Got command from the client 'session,2021-03-07_01-43-37,stop,ranging'
ptd-server 2021-03-07 01:54:51,373 [INFO] Sending to ptd: 'Stop'
ptd-server 2021-03-07 01:54:51,373 [INFO] Reply from ptd: 'Stopping untimed measurement'
ptd-server 2021-03-07 01:54:51,872 [INFO] Sending reply to client 'OK'
ptd-server 2021-03-07 01:54:51,928 [INFO] Got command from the client 'time'
ptd-server 2021-03-07 01:54:51,928 [INFO] Sending reply to client '1615082091.928132'
ptd-server 2021-03-07 01:54:51,932 [INFO] Got command from the client 'session,2021-03-07_01-43-37,start,testing'
ptd-server 2021-03-07 01:54:51,932 [INFO] Sending to ptd: 'SR,V,250.590000'
ptd-server 2021-03-07 01:54:53,434 [INFO] Reply from ptd: 'Range V changed'
ptd-server 2021-03-07 01:54:53,434 [INFO] Sending to ptd: 'SR,A,0.057620'
ptd-server 2021-03-07 01:54:54,935 [INFO] Reply from ptd: 'Range A changed'
ptd-server 2021-03-07 01:55:04,945 [INFO] Starting testing mode
ptd-server 2021-03-07 01:55:04,946 [INFO] Sending to ptd: 'Go,1000,0,2021-03-07_01-43-37_testing'
ptd-server 2021-03-07 01:55:04,946 [INFO] Reply from ptd: 'Starting untimed measurement, maximum 500000 samples at 1000ms with 0 rampup samples'
ptd-server 2021-03-07 01:55:04,946 [INFO] Sending reply to client 'OK'
ptd-server 2021-03-07 02:05:36,621 [INFO] Got command from the client 'session,2021-03-07_01-43-37,stop,testing'
ptd-server 2021-03-07 02:05:46,631 [INFO] Sending to ptd: 'Stop'
ptd-server 2021-03-07 02:05:46,632 [INFO] Reply from ptd: 'Stopping untimed measurement'
ptd-server 2021-03-07 02:05:46,890 [INFO] Sending reply to client 'OK'
ptd-server 2021-03-07 02:05:46,897 [INFO] Got command from the client 'session,2021-03-07_01-43-37,upload,client.log'
ptd-server 2021-03-07 02:05:46,901 [INFO] Received '/home/anton/projects/mlperf/power-dev/output/2021-03-07_01-43-37client.log.tmp'
ptd-server 2021-03-07 02:05:46,901 [INFO] Removed '/home/anton/projects/mlperf/power-dev/output/2021-03-07_01-43-37client.log.tmp'
ptd-server 2021-03-07 02:05:46,901 [INFO] Sending reply to client 'OK'
ptd-server 2021-03-07 02:05:46,913 [INFO] Got command from the client 'session,2021-03-07_01-43-37,upload,client.json'
ptd-server 2021-03-07 02:05:46,916 [INFO] Received '/home/anton/projects/mlperf/power-dev/output/2021-03-07_01-43-37client.json.tmp'
ptd-server 2021-03-07 02:05:46,917 [INFO] Removed '/home/anton/projects/mlperf/power-dev/output/2021-03-07_01-43-37client.json.tmp'
ptd-server 2021-03-07 02:05:46,917 [INFO] Sending reply to client 'OK'
ptd-server 2021-03-07 02:05:46,919 [INFO] Got command from the client 'session,2021-03-07_01-43-37,done'
ptd-server 2021-03-07 02:05:46,919 [INFO] Sending to ptd: 'Stop'
ptd-server 2021-03-07 02:05:46,947 [INFO] Reply from ptd: 'Error: no measurement to stop'
ptd-server 2021-03-07 02:05:46,947 [INFO] Sending to ptd: 'SR,V,300.000000'
ptd-server 2021-03-07 02:05:48,448 [INFO] Reply from ptd: 'Range V changed'
ptd-server 2021-03-07 02:05:48,448 [INFO] Sending to ptd: 'SR,A,0.500000'
ptd-server 2021-03-07 02:05:49,950 [INFO] Reply from ptd: 'Range A changed'
ptd-server 2021-03-07 02:05:49,950 [INFO] Set initial values for Amps 0.500000 and Volts 300.000000
ptd-server 2021-03-07 02:05:49,950 [INFO] Stopping ptd...
