ptd-server 2021-03-06 03:09:43,071 [INFO] Got command from the client 'time'
ptd-server 2021-03-06 03:09:43,071 [INFO] Sending reply to client '1615000183.0718174'
ptd-server 2021-03-06 03:09:43,075 [INFO] Got command from the client 'new,,3fabba2b-ae18-4acc-afdd-06a5f7fc8836'
ptd-server 2021-03-06 03:09:43,075 [INFO] Sending reply to client 'OK 2021-03-06_03-09-43,95cb1346-3e51-4ccb-b102-83d2f1d44d20'
ptd-server 2021-03-06 03:09:43,111 [INFO] Got command from the client 'time'
ptd-server 2021-03-06 03:09:43,111 [INFO] Sending reply to client '1615000183.1116154'
ptd-server 2021-03-06 03:09:43,114 [INFO] Got command from the client 'session,2021-03-06_03-09-43,start,ranging'
ptd-server 2021-03-06 03:09:43,115 [INFO] Running PTDaemon: ['/home/anton/projects/mlperf/power/inference_v1.0/ptd-linux-x86', '-l', 'ptd.log', '-p', '8888', '52', '/dev/usbtmc0']
ptd-server 2021-03-06 03:10:00,283 [INFO] Sending to ptd: 'Hello'
ptd-server 2021-03-06 03:10:00,284 [INFO] Reply from ptd: 'Hello, PTDaemon here!'
ptd-server 2021-03-06 03:10:00,284 [INFO] Sending to ptd: 'Identify'
ptd-server 2021-03-06 03:10:00,284 [INFO] Reply from ptd: 'YokogawaWT330E,1000,1,1,1,1,0,0,1,version=1.9.2-e8c7a49a-20201208,OS=Linux 5.8.0-43-generic #49~20.04.1-Ubuntu SMP Fri Feb 5 09:57:56 UTC 2021 x86_64,mode=power,1,1,1,0,0,no_cal_date,YOKOGAWA;WT333E;C3VD30030E;F1.04'
ptd-server 2021-03-06 03:10:00,284 [INFO] Connected to PTDaemon
ptd-server 2021-03-06 03:10:00,285 [INFO] Sending to ptd: 'RR'
ptd-server 2021-03-06 03:10:00,285 [INFO] Reply from ptd: 'Ranges,0,0.500000,0,300.000000'
ptd-server 2021-03-06 03:10:00,285 [INFO] Initial range for Amps is 0.500000 for Volts is 300.000000
ptd-server 2021-03-06 03:10:00,285 [INFO] Sending to ptd: 'SR,V,Auto'
ptd-server 2021-03-06 03:10:00,788 [INFO] Reply from ptd: 'Range V changed'
ptd-server 2021-03-06 03:10:00,788 [INFO] Sending to ptd: 'SR,A,Auto'
ptd-server 2021-03-06 03:10:01,290 [INFO] Reply from ptd: 'Range A changed'
ptd-server 2021-03-06 03:10:11,300 [INFO] Starting ranging mode
ptd-server 2021-03-06 03:10:11,301 [INFO] Sending to ptd: 'Go,1000,0,2021-03-06_03-09-43_ranging'
ptd-server 2021-03-06 03:10:11,301 [INFO] Reply from ptd: 'Starting untimed measurement, maximum 500000 samples at 1000ms with 0 rampup samples'
ptd-server 2021-03-06 03:10:11,301 [INFO] Sending reply to client 'OK'
ptd-server 2021-03-06 03:20:43,093 [INFO] Got command from the client 'session,2021-03-06_03-09-43,stop,ranging'
ptd-server 2021-03-06 03:20:53,103 [INFO] Sending to ptd: 'Stop'
ptd-server 2021-03-06 03:20:53,103 [INFO] Reply from ptd: 'Stopping untimed measurement'
ptd-server 2021-03-06 03:20:53,504 [INFO] Sending reply to client 'OK'
ptd-server 2021-03-06 03:20:53,542 [INFO] Got command from the client 'time'
ptd-server 2021-03-06 03:20:53,542 [INFO] Sending reply to client '1615000853.5422244'
ptd-server 2021-03-06 03:20:53,545 [INFO] Got command from the client 'session,2021-03-06_03-09-43,start,testing'
ptd-server 2021-03-06 03:20:53,546 [INFO] Sending to ptd: 'SR,V,253.270000'
ptd-server 2021-03-06 03:20:55,047 [INFO] Reply from ptd: 'Range V changed'
ptd-server 2021-03-06 03:20:55,047 [INFO] Sending to ptd: 'SR,A,0.060800'
ptd-server 2021-03-06 03:20:56,548 [INFO] Reply from ptd: 'Range A changed'
ptd-server 2021-03-06 03:21:06,559 [INFO] Starting testing mode
ptd-server 2021-03-06 03:21:06,559 [INFO] Sending to ptd: 'Go,1000,0,2021-03-06_03-09-43_testing'
ptd-server 2021-03-06 03:21:06,559 [INFO] Reply from ptd: 'Starting untimed measurement, maximum 500000 samples at 1000ms with 0 rampup samples'
ptd-server 2021-03-06 03:21:06,559 [INFO] Sending reply to client 'OK'
ptd-server 2021-03-06 03:31:43,142 [INFO] Got command from the client 'session,2021-03-06_03-09-43,stop,testing'
ptd-server 2021-03-06 03:31:53,153 [INFO] Sending to ptd: 'Stop'
ptd-server 2021-03-06 03:31:53,153 [INFO] Reply from ptd: 'Stopping untimed measurement'
ptd-server 2021-03-06 03:31:53,367 [INFO] Sending reply to client 'OK'
ptd-server 2021-03-06 03:31:53,375 [INFO] Got command from the client 'session,2021-03-06_03-09-43,upload,client.log'
ptd-server 2021-03-06 03:31:53,378 [INFO] Received '/home/anton/projects/mlperf/power-dev/output/2021-03-06_03-09-43client.log.tmp'
ptd-server 2021-03-06 03:31:53,378 [INFO] Removed '/home/anton/projects/mlperf/power-dev/output/2021-03-06_03-09-43client.log.tmp'
ptd-server 2021-03-06 03:31:53,378 [INFO] Sending reply to client 'OK'
ptd-server 2021-03-06 03:31:53,390 [INFO] Got command from the client 'session,2021-03-06_03-09-43,upload,client.json'
ptd-server 2021-03-06 03:31:53,393 [INFO] Received '/home/anton/projects/mlperf/power-dev/output/2021-03-06_03-09-43client.json.tmp'
ptd-server 2021-03-06 03:31:53,394 [INFO] Removed '/home/anton/projects/mlperf/power-dev/output/2021-03-06_03-09-43client.json.tmp'
ptd-server 2021-03-06 03:31:53,394 [INFO] Sending reply to client 'OK'
ptd-server 2021-03-06 03:31:53,396 [INFO] Got command from the client 'session,2021-03-06_03-09-43,done'
ptd-server 2021-03-06 03:31:53,396 [INFO] Sending to ptd: 'Stop'
ptd-server 2021-03-06 03:31:53,559 [INFO] Reply from ptd: 'Error: no measurement to stop'
ptd-server 2021-03-06 03:31:53,560 [INFO] Sending to ptd: 'SR,V,300.000000'
ptd-server 2021-03-06 03:31:55,061 [INFO] Reply from ptd: 'Range V changed'
ptd-server 2021-03-06 03:31:55,061 [INFO] Sending to ptd: 'SR,A,0.500000'
ptd-server 2021-03-06 03:31:56,562 [INFO] Reply from ptd: 'Range A changed'
ptd-server 2021-03-06 03:31:56,563 [INFO] Set initial values for Amps 0.500000 and Volts 300.000000
ptd-server 2021-03-06 03:31:56,563 [INFO] Stopping ptd...
