ptd-server 2021-03-05 01:28:27,742 [INFO] Got command from the client 'time'
ptd-server 2021-03-05 01:28:27,742 [INFO] Sending reply to client '1614907707.7426732'
ptd-server 2021-03-05 01:28:27,746 [INFO] Got command from the client 'new,,be496168-1200-4cf9-baf8-0942eb69fb8b'
ptd-server 2021-03-05 01:28:27,746 [INFO] Sending reply to client 'OK 2021-03-05_01-28-27,2b84739a-d929-4e96-ae8f-d1224becc144'
ptd-server 2021-03-05 01:28:27,782 [INFO] Got command from the client 'time'
ptd-server 2021-03-05 01:28:27,782 [INFO] Sending reply to client '1614907707.7824693'
ptd-server 2021-03-05 01:28:27,786 [INFO] Got command from the client 'session,2021-03-05_01-28-27,start,ranging'
ptd-server 2021-03-05 01:28:27,787 [INFO] Running PTDaemon: ['/home/anton/projects/mlperf/power/inference_v1.0/ptd-linux-x86', '-l', 'ptd.log', '-p', '8888', '52', '/dev/usbtmc0']
ptd-server 2021-03-05 01:28:44,956 [INFO] Sending to ptd: 'Hello'
ptd-server 2021-03-05 01:28:44,956 [INFO] Reply from ptd: 'Hello, PTDaemon here!'
ptd-server 2021-03-05 01:28:44,956 [INFO] Sending to ptd: 'Identify'
ptd-server 2021-03-05 01:28:44,957 [INFO] Reply from ptd: 'YokogawaWT330E,1000,1,1,1,1,0,0,1,version=1.9.2-e8c7a49a-20201208,OS=Linux 5.8.0-43-generic #49~20.04.1-Ubuntu SMP Fri Feb 5 09:57:56 UTC 2021 x86_64,mode=power,1,1,1,0,0,no_cal_date,YOKOGAWA;WT333E;C3VD30030E;F1.04'
ptd-server 2021-03-05 01:28:44,957 [INFO] Connected to PTDaemon
ptd-server 2021-03-05 01:28:44,957 [INFO] Sending to ptd: 'RR'
ptd-server 2021-03-05 01:28:44,958 [INFO] Reply from ptd: 'Ranges,0,0.500000,0,300.000000'
ptd-server 2021-03-05 01:28:44,958 [INFO] Initial range for Amps is 0.500000 for Volts is 300.000000
ptd-server 2021-03-05 01:28:44,958 [INFO] Sending to ptd: 'SR,V,Auto'
ptd-server 2021-03-05 01:28:45,460 [INFO] Reply from ptd: 'Range V changed'
ptd-server 2021-03-05 01:28:45,461 [INFO] Sending to ptd: 'SR,A,Auto'
ptd-server 2021-03-05 01:28:45,963 [INFO] Reply from ptd: 'Range A changed'
ptd-server 2021-03-05 01:28:55,973 [INFO] Starting ranging mode
ptd-server 2021-03-05 01:28:55,974 [INFO] Sending to ptd: 'Go,1000,0,2021-03-05_01-28-27_ranging'
ptd-server 2021-03-05 01:28:55,974 [INFO] Reply from ptd: 'Starting untimed measurement, maximum 500000 samples at 1000ms with 0 rampup samples'
ptd-server 2021-03-05 01:28:55,974 [INFO] Sending reply to client 'OK'
ptd-server 2021-03-05 01:39:27,491 [INFO] Got command from the client 'session,2021-03-05_01-28-27,stop,ranging'
ptd-server 2021-03-05 01:39:37,501 [INFO] Sending to ptd: 'Stop'
ptd-server 2021-03-05 01:39:37,502 [INFO] Reply from ptd: 'Stopping untimed measurement'
ptd-server 2021-03-05 01:39:37,822 [INFO] Sending reply to client 'OK'
ptd-server 2021-03-05 01:39:37,872 [INFO] Got command from the client 'time'
ptd-server 2021-03-05 01:39:37,872 [INFO] Sending reply to client '1614908377.872574'
ptd-server 2021-03-05 01:39:37,876 [INFO] Got command from the client 'session,2021-03-05_01-28-27,start,testing'
ptd-server 2021-03-05 01:39:37,876 [INFO] Sending to ptd: 'SR,V,248.680000'
ptd-server 2021-03-05 01:39:39,475 [INFO] Reply from ptd: 'Range V changed'
ptd-server 2021-03-05 01:39:39,476 [INFO] Sending to ptd: 'SR,A,0.062620'
ptd-server 2021-03-05 01:39:40,977 [INFO] Reply from ptd: 'Range A changed'
ptd-server 2021-03-05 01:39:50,987 [INFO] Starting testing mode
ptd-server 2021-03-05 01:39:50,987 [INFO] Sending to ptd: 'Go,1000,0,2021-03-05_01-28-27_testing'
ptd-server 2021-03-05 01:39:50,988 [INFO] Reply from ptd: 'Starting untimed measurement, maximum 500000 samples at 1000ms with 0 rampup samples'
ptd-server 2021-03-05 01:39:50,988 [INFO] Sending reply to client 'OK'
ptd-server 2021-03-05 01:50:27,150 [INFO] Got command from the client 'session,2021-03-05_01-28-27,stop,testing'
ptd-server 2021-03-05 01:50:37,160 [INFO] Sending to ptd: 'Stop'
ptd-server 2021-03-05 01:50:37,161 [INFO] Reply from ptd: 'Stopping untimed measurement'
ptd-server 2021-03-05 01:50:37,331 [INFO] Sending reply to client 'OK'
ptd-server 2021-03-05 01:50:37,339 [INFO] Got command from the client 'session,2021-03-05_01-28-27,upload,client.log'
ptd-server 2021-03-05 01:50:37,343 [INFO] Received '/home/anton/projects/mlperf/power-dev/output/2021-03-05_01-28-27client.log.tmp'
ptd-server 2021-03-05 01:50:37,343 [INFO] Removed '/home/anton/projects/mlperf/power-dev/output/2021-03-05_01-28-27client.log.tmp'
ptd-server 2021-03-05 01:50:37,343 [INFO] Sending reply to client 'OK'
ptd-server 2021-03-05 01:50:37,356 [INFO] Got command from the client 'session,2021-03-05_01-28-27,upload,client.json'
ptd-server 2021-03-05 01:50:37,359 [INFO] Received '/home/anton/projects/mlperf/power-dev/output/2021-03-05_01-28-27client.json.tmp'
ptd-server 2021-03-05 01:50:37,359 [INFO] Removed '/home/anton/projects/mlperf/power-dev/output/2021-03-05_01-28-27client.json.tmp'
ptd-server 2021-03-05 01:50:37,359 [INFO] Sending reply to client 'OK'
ptd-server 2021-03-05 01:50:37,362 [INFO] Got command from the client 'session,2021-03-05_01-28-27,done'
ptd-server 2021-03-05 01:50:37,362 [INFO] Sending to ptd: 'Stop'
ptd-server 2021-03-05 01:50:37,988 [INFO] Reply from ptd: 'Error: no measurement to stop'
ptd-server 2021-03-05 01:50:37,988 [INFO] Sending to ptd: 'SR,V,300.000000'
ptd-server 2021-03-05 01:50:39,490 [INFO] Reply from ptd: 'Range V changed'
ptd-server 2021-03-05 01:50:39,490 [INFO] Sending to ptd: 'SR,A,0.500000'
ptd-server 2021-03-05 01:50:40,991 [INFO] Reply from ptd: 'Range A changed'
ptd-server 2021-03-05 01:50:40,991 [INFO] Set initial values for Amps 0.500000 and Volts 300.000000
ptd-server 2021-03-05 01:50:40,992 [INFO] Stopping ptd...
