client 2021-03-17 22:25:09,518 [WARNING] Removing old loadgen logs directory '/home/scratch.mlperf_inf_ci/mlPerf/L1/Xavier_MaxQ-Computelab-Xavier-MaxQ-L1-5-2021-03-17-23-28-24-UTC/mlperf-inference/closed/NVIDIA/build/power_logs_temp'
client 2021-03-17 22:25:09,528 [INFO] Sending command to the server: 'mlcommons/power client v3'
client 2021-03-17 22:25:09,529 [INFO] Got response: 'mlcommons/power server v3'
client 2021-03-17 22:25:09,529 [INFO] Sending command to the server: 'stop'
client 2021-03-17 22:25:09,531 [INFO] Got response: 'OK'
client 2021-03-17 22:25:09,531 [INFO] Synchronizing with the server and with ib-01.dc4-in.nvidia.com...
client 2021-03-17 22:25:09,764 [INFO] NTP:offset = 0.006 s, delay = 0.215 s 
client 2021-03-17 22:25:09,764 [INFO] Sending command to the server: 'time'
client 2021-03-17 22:25:09,766 [INFO] Got response: '1616045109.7238793'
client 2021-03-17 22:25:09,767 [INFO] The time difference between the client and the server is within range 41.016 ms..43.110 ms
client 2021-03-17 22:25:09,767 [INFO] Sending command to the server: 'new,,e4480d8e-8de1-4620-88d7-3b5fc651add8'
client 2021-03-17 22:25:09,769 [INFO] Got response: 'OK 2021-03-17_22-25-09,9855a8e8-5fda-4705-87c5-731b0d7eec8a'
client 2021-03-17 22:25:09,769 [INFO] Session id is '2021-03-17_22-25-09'
client 2021-03-17 22:25:09,770 [INFO] Sources: {"sources": {"client.py": "d1e75cb4b26101220ebd242e584cf3ca5d8f1996", "lib/__init__.py": "da39a3ee5e6b4b0d3255bfef95601890afd80709", "lib/client.py": "d42bebf5b74cb6ff3997e2a6c68422afac111a28", "lib/common.py": "b0bad80d8fa328a7636027d4d66ff453f8dd7889", "lib/external/ntplib.py": "4da8f970656505a40483206ef2b5d3dd5e81711d", "lib/server.py": "2ed36471c7af565d6c8438b2134edad1d7ddf166", "lib/source_hashes.py": "4cedff274c661cb1504052018fd4f00dfbf624ef", "lib/summary.py": "0db15d783907aa92038281af4e465545c0648ddb", "lib/time_sync.py": "76051226ec89287839723352f4162aaa24e0546a", "server.py": "99e1310e3f76292aef1b8792ce6b8c82f1d44d8b", "tests/unit/test_server.py": "64f11775bfed35232a0e8bb9593c0ff992432c59", "tests/unit/test_source_hashes.py": "cb41a7261eaf7d94ba5c0aae9c523174f6204be3"}, "modules": {"__main__": "client.py", "lib.client": "lib/client.py", "lib.common": "lib/common.py", "lib.external.ntplib": "lib/external/ntplib.py", "lib.source_hashes": "lib/source_hashes.py", "lib.summary": "lib/summary.py", "lib.time_sync": "lib/time_sync.py"}}
client 2021-03-17 22:25:09,773 [INFO] Running workload in ranging mode
client 2021-03-17 22:25:09,773 [INFO] Synchronizing with the server and with ib-01.dc4-in.nvidia.com...
client 2021-03-17 22:25:09,980 [INFO] NTP:offset = -0.000 s, delay = 0.202 s 
client 2021-03-17 22:25:09,981 [INFO] Sending command to the server: 'time'
client 2021-03-17 22:25:09,982 [INFO] Got response: '1616045109.926952'
client 2021-03-17 22:25:09,983 [INFO] The time difference between the client and the server is within range 54.088 ms..56.108 ms
client 2021-03-17 22:25:09,983 [INFO] Sending command to the server: 'session,2021-03-17_22-25-09,start,ranging'
client 2021-03-17 22:25:39,010 [INFO] Got response: 'OK'
client 2021-03-17 22:25:39,011 [INFO] Running the workload 'LOG_DIR=/home/scratch.mlperf_inf_ci/mlPerf/L1/Xavier_MaxQ-Computelab-Xavier-MaxQ-L1-5-2021-03-17-23-28-24-UTC/mlperf-inference/closed/NVIDIA/build/power_logs_temp python3 code/main.py --benchmarks=rnnt --scenarios=SingleStream --test_mode=PerformanceOnly --config_ver=maxq --action="run_harness" \\\n\t\t&& cp -v /home/scratch.mlperf_inf_ci/mlPerf/L1/Xavier_MaxQ-Computelab-Xavier-MaxQ-L1-5-2021-03-17-23-28-24-UTC/mlperf-inference/closed/NVIDIA/build/power_logs_temp/*/*/*/mlperf_log_detail.txt /home/scratch.mlperf_inf_ci/mlPerf/L1/Xavier_MaxQ-Computelab-Xavier-MaxQ-L1-5-2021-03-17-23-28-24-UTC/mlperf-inference/closed/NVIDIA/build/power_logs_temp/ \\\n\t\t&& cp -v /home/scratch.mlperf_inf_ci/mlPerf/L1/Xavier_MaxQ-Computelab-Xavier-MaxQ-L1-5-2021-03-17-23-28-24-UTC/mlperf-inference/closed/NVIDIA/build/power_logs_temp/*/*/*/mlperf_log_summary.txt /home/scratch.mlperf_inf_ci/mlPerf/L1/Xavier_MaxQ-Computelab-Xavier-MaxQ-L1-5-2021-03-17-23-28-24-UTC/mlperf-inference/closed/NVIDIA/build/power_logs_temp/'
client 2021-03-17 22:36:28,241 [INFO] Sending command to the server: 'session,2021-03-17_22-25-09,stop,ranging'
client 2021-03-17 22:36:38,801 [INFO] Got response: 'OK'
client 2021-03-17 22:36:38,810 [INFO] Packing logs into zip and uploading to the server
client 2021-03-17 22:36:38,844 [INFO] Zip file size: 22.3 kB
client 2021-03-17 22:36:38,865 [INFO] Got response: 'OK'
client 2021-03-17 22:36:38,867 [INFO] Running workload in testing mode
client 2021-03-17 22:36:38,867 [INFO] Synchronizing with the server and with ib-01.dc4-in.nvidia.com...
client 2021-03-17 22:36:39,076 [INFO] NTP:offset = -0.000 s, delay = 0.202 s 
client 2021-03-17 22:36:39,076 [INFO] Sending command to the server: 'time'
client 2021-03-17 22:36:39,078 [INFO] Got response: '1616045799.0258644'
client 2021-03-17 22:36:39,078 [INFO] The time difference between the client and the server is within range 50.629 ms..52.741 ms
client 2021-03-17 22:36:39,079 [INFO] Sending command to the server: 'session,2021-03-17_22-25-09,start,testing'
client 2021-03-17 22:36:52,149 [INFO] Got response: 'OK'
client 2021-03-17 22:36:52,149 [INFO] Running the workload 'LOG_DIR=/home/scratch.mlperf_inf_ci/mlPerf/L1/Xavier_MaxQ-Computelab-Xavier-MaxQ-L1-5-2021-03-17-23-28-24-UTC/mlperf-inference/closed/NVIDIA/build/power_logs_temp python3 code/main.py --benchmarks=rnnt --scenarios=SingleStream --test_mode=PerformanceOnly --config_ver=maxq --action="run_harness" \\\n\t\t&& cp -v /home/scratch.mlperf_inf_ci/mlPerf/L1/Xavier_MaxQ-Computelab-Xavier-MaxQ-L1-5-2021-03-17-23-28-24-UTC/mlperf-inference/closed/NVIDIA/build/power_logs_temp/*/*/*/mlperf_log_detail.txt /home/scratch.mlperf_inf_ci/mlPerf/L1/Xavier_MaxQ-Computelab-Xavier-MaxQ-L1-5-2021-03-17-23-28-24-UTC/mlperf-inference/closed/NVIDIA/build/power_logs_temp/ \\\n\t\t&& cp -v /home/scratch.mlperf_inf_ci/mlPerf/L1/Xavier_MaxQ-Computelab-Xavier-MaxQ-L1-5-2021-03-17-23-28-24-UTC/mlperf-inference/closed/NVIDIA/build/power_logs_temp/*/*/*/mlperf_log_summary.txt /home/scratch.mlperf_inf_ci/mlPerf/L1/Xavier_MaxQ-Computelab-Xavier-MaxQ-L1-5-2021-03-17-23-28-24-UTC/mlperf-inference/closed/NVIDIA/build/power_logs_temp/'
client 2021-03-17 22:47:37,681 [INFO] Sending command to the server: 'session,2021-03-17_22-25-09,stop,testing'
client 2021-03-17 22:47:47,968 [INFO] Got response: 'OK'
client 2021-03-17 22:47:47,976 [INFO] Packing logs into zip and uploading to the server
client 2021-03-17 22:47:48,013 [INFO] Zip file size: 22.3 kB
client 2021-03-17 22:47:48,033 [INFO] Got response: 'OK'
client 2021-03-17 22:47:48,080 [INFO] Done runs
