ptd-server 2021-03-17 22:25:09,489 [INFO] Got command from the client 'stop'
ptd-server 2021-03-17 22:25:09,489 [INFO] The server will be stopped after processing this client
ptd-server 2021-03-17 22:25:09,489 [INFO] Sending reply to client 'OK'
ptd-server 2021-03-17 22:25:09,723 [INFO] Got command from the client 'time'
ptd-server 2021-03-17 22:25:09,723 [INFO] Sending reply to client '1616045109.7238793'
ptd-server 2021-03-17 22:25:09,723 [INFO] Got command from the client 'new,,e4480d8e-8de1-4620-88d7-3b5fc651add8'
ptd-server 2021-03-17 22:25:09,723 [INFO] Sending reply to client 'OK 2021-03-17_22-25-09,9855a8e8-5fda-4705-87c5-731b0d7eec8a'
ptd-server 2021-03-17 22:25:09,926 [INFO] Got command from the client 'time'
ptd-server 2021-03-17 22:25:09,926 [INFO] Sending reply to client '1616045109.926952'
ptd-server 2021-03-17 22:25:09,942 [INFO] Got command from the client 'session,2021-03-17_22-25-09,start,ranging'
ptd-server 2021-03-17 22:25:10,051 [INFO] Running PTDaemon: ['C:\\PTD\\ptd-windows-x86.exe', '-l', 'C:\\logs_ptdeamon.txt', '-p', '8888', '-c', '3', '-y', '52', '10.32.209.251']
ptd-server 2021-03-17 22:25:27,915 [INFO] Sending to ptd: 'Hello'
ptd-server 2021-03-17 22:25:27,915 [INFO] Reply from ptd: 'Hello, PTDaemon here!'
ptd-server 2021-03-17 22:25:27,915 [INFO] Sending to ptd: 'Identify'
ptd-server 2021-03-17 22:25:27,915 [INFO] Reply from ptd: 'YokogawaWT330E,1000,1,1,1,1,0,0,1,version=1.9.2-3976349f-20201208,OS=Windows 8 / Server 2012,mode=power,1,1,1,0,0,no_cal_date,YOKOGAWA;WT333E;C2VL22012V;F1.03'
ptd-server 2021-03-17 22:25:27,915 [INFO] Connected to PTDaemon
ptd-server 2021-03-17 22:25:27,915 [INFO] Sending to ptd: 'RR'
ptd-server 2021-03-17 22:25:27,915 [INFO] Reply from ptd: 'Ranges,0,0.500000,0,150.000000'
ptd-server 2021-03-17 22:25:27,915 [INFO] Initial range for Amps is 0.500000 for Volts is 150.000000
ptd-server 2021-03-17 22:25:27,915 [INFO] Sending to ptd: 'SR,V,Auto'
ptd-server 2021-03-17 22:25:28,430 [INFO] Reply from ptd: 'Range V changed'
ptd-server 2021-03-17 22:25:28,430 [INFO] Sending to ptd: 'SR,A,Auto'
ptd-server 2021-03-17 22:25:28,946 [INFO] Reply from ptd: 'Range A changed'
ptd-server 2021-03-17 22:25:38,962 [INFO] Starting ranging mode
ptd-server 2021-03-17 22:25:38,962 [INFO] Sending to ptd: 'Go,1000,0,2021-03-17_22-25-09_ranging'
ptd-server 2021-03-17 22:25:38,962 [INFO] Reply from ptd: 'Starting untimed measurement, maximum 500000 samples at 1000ms with 0 rampup samples'
ptd-server 2021-03-17 22:25:38,962 [INFO] Sending reply to client 'OK'
ptd-server 2021-03-17 22:36:28,197 [INFO] Got command from the client 'session,2021-03-17_22-25-09,stop,ranging'
ptd-server 2021-03-17 22:36:38,197 [INFO] Sending to ptd: 'Stop'
ptd-server 2021-03-17 22:36:38,197 [INFO] Reply from ptd: 'Stopping untimed measurement'
ptd-server 2021-03-17 22:36:38,744 [INFO] Sending reply to client 'OK'
ptd-server 2021-03-17 22:36:38,791 [INFO] Got command from the client 'session,2021-03-17_22-25-09,upload,ranging'
ptd-server 2021-03-17 22:36:38,791 [INFO] Received 'C:\\ptd-logs\\2021-03-17_22-25-09ranging.tmp'
ptd-server 2021-03-17 22:36:38,822 [INFO] Extracted 'C:\\ptd-logs\\2021-03-17_22-25-09ranging.tmp' into 'C:\\ptd-logs\\2021-03-17_22-25-09\\ranging'
ptd-server 2021-03-17 22:36:38,822 [INFO] Removed 'C:\\ptd-logs\\2021-03-17_22-25-09ranging.tmp'
ptd-server 2021-03-17 22:36:38,822 [INFO] Sending reply to client 'OK'
ptd-server 2021-03-17 22:36:39,025 [INFO] Got command from the client 'time'
ptd-server 2021-03-17 22:36:39,025 [INFO] Sending reply to client '1616045799.0258644'
ptd-server 2021-03-17 22:36:39,025 [INFO] Got command from the client 'session,2021-03-17_22-25-09,start,testing'
ptd-server 2021-03-17 22:36:39,025 [INFO] Sending to ptd: 'SR,V,120.180000'
ptd-server 2021-03-17 22:36:40,556 [INFO] Reply from ptd: 'Range V changed'
ptd-server 2021-03-17 22:36:40,556 [INFO] Sending to ptd: 'SR,A,0.394200'
ptd-server 2021-03-17 22:36:42,087 [INFO] Reply from ptd: 'Range A changed'
ptd-server 2021-03-17 22:36:52,100 [INFO] Starting testing mode
ptd-server 2021-03-17 22:36:52,100 [INFO] Sending to ptd: 'Go,1000,0,2021-03-17_22-25-09_testing'
ptd-server 2021-03-17 22:36:52,100 [INFO] Reply from ptd: 'Starting untimed measurement, maximum 500000 samples at 1000ms with 0 rampup samples'
ptd-server 2021-03-17 22:36:52,100 [INFO] Sending reply to client 'OK'
ptd-server 2021-03-17 22:47:37,633 [INFO] Got command from the client 'session,2021-03-17_22-25-09,stop,testing'
ptd-server 2021-03-17 22:47:47,646 [INFO] Sending to ptd: 'Stop'
ptd-server 2021-03-17 22:47:47,646 [INFO] Reply from ptd: 'Stopping untimed measurement'
ptd-server 2021-03-17 22:47:47,912 [INFO] Sending reply to client 'OK'
ptd-server 2021-03-17 22:47:47,959 [INFO] Got command from the client 'session,2021-03-17_22-25-09,upload,testing'
ptd-server 2021-03-17 22:47:47,959 [INFO] Received 'C:\\ptd-logs\\2021-03-17_22-25-09testing.tmp'
ptd-server 2021-03-17 22:47:47,974 [INFO] Extracted 'C:\\ptd-logs\\2021-03-17_22-25-09testing.tmp' into 'C:\\ptd-logs\\2021-03-17_22-25-09\\run_1'
ptd-server 2021-03-17 22:47:47,990 [INFO] Removed 'C:\\ptd-logs\\2021-03-17_22-25-09testing.tmp'
ptd-server 2021-03-17 22:47:47,990 [INFO] Sending reply to client 'OK'
ptd-server 2021-03-17 22:47:48,037 [INFO] Got command from the client 'session,2021-03-17_22-25-09,upload,client.log'
ptd-server 2021-03-17 22:47:48,037 [INFO] Received 'C:\\ptd-logs\\2021-03-17_22-25-09client.log.tmp'
ptd-server 2021-03-17 22:47:48,052 [INFO] Removed 'C:\\ptd-logs\\2021-03-17_22-25-09client.log.tmp'
ptd-server 2021-03-17 22:47:48,052 [INFO] Sending reply to client 'OK'
ptd-server 2021-03-17 22:47:48,099 [INFO] Got command from the client 'session,2021-03-17_22-25-09,upload,client.json'
ptd-server 2021-03-17 22:47:48,099 [INFO] Received 'C:\\ptd-logs\\2021-03-17_22-25-09client.json.tmp'
ptd-server 2021-03-17 22:47:48,099 [INFO] Removed 'C:\\ptd-logs\\2021-03-17_22-25-09client.json.tmp'
ptd-server 2021-03-17 22:47:48,099 [INFO] Sending reply to client 'OK'
ptd-server 2021-03-17 22:47:48,099 [INFO] Got command from the client 'session,2021-03-17_22-25-09,done'
ptd-server 2021-03-17 22:47:48,099 [INFO] Sending to ptd: 'Stop'
ptd-server 2021-03-17 22:47:48,115 [INFO] Reply from ptd: 'Error: no measurement to stop'
ptd-server 2021-03-17 22:47:48,115 [INFO] Sending to ptd: 'SR,V,150.000000'
ptd-server 2021-03-17 22:47:49,646 [INFO] Reply from ptd: 'Range V changed'
ptd-server 2021-03-17 22:47:49,646 [INFO] Sending to ptd: 'SR,A,0.500000'
ptd-server 2021-03-17 22:47:51,177 [INFO] Reply from ptd: 'Range A changed'
ptd-server 2021-03-17 22:47:51,177 [INFO] Set initial values for Amps 0.500000 and Volts 150.000000
ptd-server 2021-03-17 22:47:51,177 [INFO] Stopping ptd...
