ptd-server 2021-02-27 23:23:34,207 [INFO] Got command from the client 'time'
ptd-server 2021-02-27 23:23:34,207 [INFO] Sending reply to client '1614468214.2071586'
ptd-server 2021-02-27 23:23:34,208 [INFO] Got command from the client 'new,,06065437-8252-4e2c-897c-193075016780'
ptd-server 2021-02-27 23:23:34,209 [INFO] Sending reply to client 'OK 2021-02-27_23-23-34,218c35f5-29be-417b-8e12-2870ff3c2386'
ptd-server 2021-02-27 23:23:34,246 [INFO] Got command from the client 'time'
ptd-server 2021-02-27 23:23:34,246 [INFO] Sending reply to client '1614468214.2469656'
ptd-server 2021-02-27 23:23:34,248 [INFO] Got command from the client 'session,2021-02-27_23-23-34,start,ranging'
ptd-server 2021-02-27 23:23:34,248 [INFO] Running PTDaemon: ['/home/anton/projects/mlperf/power/inference_v1.0/ptd-linux-x86', '-l', 'ptd.log', '-p', '8888', '52', '/dev/usbtmc0']
ptd-server 2021-02-27 23:23:51,417 [INFO] Sending to ptd: 'Hello'
ptd-server 2021-02-27 23:23:51,417 [INFO] Reply from ptd: 'Hello, PTDaemon here!'
ptd-server 2021-02-27 23:23:51,418 [INFO] Sending to ptd: 'Identify'
ptd-server 2021-02-27 23:23:51,418 [INFO] Reply from ptd: 'YokogawaWT330E,1000,1,1,1,1,0,0,1,version=1.9.2-e8c7a49a-20201208,OS=Linux 5.8.0-43-generic #49~20.04.1-Ubuntu SMP Fri Feb 5 09:57:56 UTC 2021 x86_64,mode=power,1,1,1,0,0,no_cal_date,YOKOGAWA;WT333E;C3VD30030E;F1.04'
ptd-server 2021-02-27 23:23:51,418 [INFO] Connected to PTDaemon
ptd-server 2021-02-27 23:23:51,418 [INFO] Sending to ptd: 'RR'
ptd-server 2021-02-27 23:23:51,419 [INFO] Reply from ptd: 'Ranges,0,0.500000,0,300.000000'
ptd-server 2021-02-27 23:23:51,419 [INFO] Initial range for Amps is 0.500000 for Volts is 300.000000
ptd-server 2021-02-27 23:23:51,419 [INFO] Sending to ptd: 'SR,V,Auto'
ptd-server 2021-02-27 23:23:51,921 [INFO] Reply from ptd: 'Range V changed'
ptd-server 2021-02-27 23:23:51,922 [INFO] Sending to ptd: 'SR,A,Auto'
ptd-server 2021-02-27 23:23:52,424 [INFO] Reply from ptd: 'Range A changed'
ptd-server 2021-02-27 23:24:02,434 [INFO] Starting ranging mode
ptd-server 2021-02-27 23:24:02,435 [INFO] Sending to ptd: 'Go,1000,0,2021-02-27_23-23-34_ranging'
ptd-server 2021-02-27 23:24:02,435 [INFO] Reply from ptd: 'Starting untimed measurement, maximum 500000 samples at 1000ms with 0 rampup samples'
ptd-server 2021-02-27 23:24:02,435 [INFO] Sending reply to client 'OK'
ptd-server 2021-02-27 23:34:21,291 [INFO] Got command from the client 'session,2021-02-27_23-23-34,stop,ranging'
ptd-server 2021-02-27 23:34:31,301 [INFO] Sending to ptd: 'Stop'
ptd-server 2021-02-27 23:34:31,302 [INFO] Reply from ptd: 'Stopping untimed measurement'
ptd-server 2021-02-27 23:34:31,443 [INFO] Sending reply to client 'OK'
ptd-server 2021-02-27 23:34:31,494 [INFO] Got command from the client 'time'
ptd-server 2021-02-27 23:34:31,494 [INFO] Sending reply to client '1614468871.4943776'
ptd-server 2021-02-27 23:34:31,501 [INFO] Got command from the client 'session,2021-02-27_23-23-34,start,testing'
ptd-server 2021-02-27 23:34:31,501 [INFO] Sending to ptd: 'SR,V,250.630000'
ptd-server 2021-02-27 23:34:33,002 [INFO] Reply from ptd: 'Range V changed'
ptd-server 2021-02-27 23:34:33,002 [INFO] Sending to ptd: 'SR,A,0.181320'
ptd-server 2021-02-27 23:34:34,504 [INFO] Reply from ptd: 'Range A changed'
ptd-server 2021-02-27 23:34:44,512 [INFO] Starting testing mode
ptd-server 2021-02-27 23:34:44,512 [INFO] Sending to ptd: 'Go,1000,0,2021-02-27_23-23-34_testing'
ptd-server 2021-02-27 23:34:44,513 [INFO] Reply from ptd: 'Starting untimed measurement, maximum 500000 samples at 1000ms with 0 rampup samples'
ptd-server 2021-02-27 23:34:44,513 [INFO] Sending reply to client 'OK'
ptd-server 2021-02-27 23:45:03,220 [INFO] Got command from the client 'session,2021-02-27_23-23-34,stop,testing'
ptd-server 2021-02-27 23:45:13,231 [INFO] Sending to ptd: 'Stop'
ptd-server 2021-02-27 23:45:13,231 [INFO] Reply from ptd: 'Stopping untimed measurement'
ptd-server 2021-02-27 23:45:13,307 [INFO] Sending reply to client 'OK'
ptd-server 2021-02-27 23:45:13,314 [INFO] Got command from the client 'session,2021-02-27_23-23-34,upload,client.log'
ptd-server 2021-02-27 23:45:13,319 [INFO] Received '/home/anton/projects/mlperf/power-dev/output/2021-02-27_23-23-34client.log.tmp'
ptd-server 2021-02-27 23:45:13,319 [INFO] Removed '/home/anton/projects/mlperf/power-dev/output/2021-02-27_23-23-34client.log.tmp'
ptd-server 2021-02-27 23:45:13,319 [INFO] Sending reply to client 'OK'
ptd-server 2021-02-27 23:45:13,328 [INFO] Got command from the client 'session,2021-02-27_23-23-34,upload,client.json'
ptd-server 2021-02-27 23:45:13,333 [INFO] Received '/home/anton/projects/mlperf/power-dev/output/2021-02-27_23-23-34client.json.tmp'
ptd-server 2021-02-27 23:45:13,334 [INFO] Removed '/home/anton/projects/mlperf/power-dev/output/2021-02-27_23-23-34client.json.tmp'
ptd-server 2021-02-27 23:45:13,334 [INFO] Sending reply to client 'OK'
ptd-server 2021-02-27 23:45:13,339 [INFO] Got command from the client 'session,2021-02-27_23-23-34,done'
ptd-server 2021-02-27 23:45:13,339 [INFO] Sending to ptd: 'Stop'
ptd-server 2021-02-27 23:45:13,514 [INFO] Reply from ptd: 'Error: no measurement to stop'
ptd-server 2021-02-27 23:45:13,514 [INFO] Sending to ptd: 'SR,V,300.000000'
ptd-server 2021-02-27 23:45:15,015 [INFO] Reply from ptd: 'Range V changed'
ptd-server 2021-02-27 23:45:15,015 [INFO] Sending to ptd: 'SR,A,0.500000'
ptd-server 2021-02-27 23:45:16,517 [INFO] Reply from ptd: 'Range A changed'
ptd-server 2021-02-27 23:45:16,517 [INFO] Set initial values for Amps 0.500000 and Volts 300.000000
ptd-server 2021-02-27 23:45:16,517 [INFO] Stopping ptd...
