ptd-server 2021-03-09 20:44:51,685 [INFO] Got command from the client 'time'
ptd-server 2021-03-09 20:44:51,685 [INFO] Sending reply to client '1615322691.6853025'
ptd-server 2021-03-09 20:44:51,687 [INFO] Got command from the client 'new,,8fc64b73-c7ce-4f7f-b990-d645391babf4'
ptd-server 2021-03-09 20:44:51,688 [INFO] Sending reply to client 'OK 2021-03-09_20-44-51,14e44f7a-d323-45a0-8bc5-a57585dfc0bb'
ptd-server 2021-03-09 20:44:51,724 [INFO] Got command from the client 'time'
ptd-server 2021-03-09 20:44:51,724 [INFO] Sending reply to client '1615322691.7249162'
ptd-server 2021-03-09 20:44:51,726 [INFO] Got command from the client 'session,2021-03-09_20-44-51,start,ranging'
ptd-server 2021-03-09 20:44:51,727 [INFO] Running PTDaemon: ['/home/anton/projects/mlperf/power/inference_v1.0/ptd-linux-x86', '-l', 'ptd.log', '-p', '8888', '52', '/dev/usbtmc0']
ptd-server 2021-03-09 20:45:08,899 [INFO] Sending to ptd: 'Hello'
ptd-server 2021-03-09 20:45:08,900 [INFO] Reply from ptd: 'Hello, PTDaemon here!'
ptd-server 2021-03-09 20:45:08,900 [INFO] Sending to ptd: 'Identify'
ptd-server 2021-03-09 20:45:08,901 [INFO] Reply from ptd: 'YokogawaWT330E,1000,1,1,1,1,0,0,1,version=1.9.2-e8c7a49a-20201208,OS=Linux 5.8.0-43-generic #49~20.04.1-Ubuntu SMP Fri Feb 5 09:57:56 UTC 2021 x86_64,mode=power,1,1,1,0,0,no_cal_date,YOKOGAWA;WT333E;C3VD30030E;F1.04'
ptd-server 2021-03-09 20:45:08,901 [INFO] Connected to PTDaemon
ptd-server 2021-03-09 20:45:08,901 [INFO] Sending to ptd: 'RR'
ptd-server 2021-03-09 20:45:08,901 [INFO] Reply from ptd: 'Ranges,0,0.500000,0,300.000000'
ptd-server 2021-03-09 20:45:08,901 [INFO] Initial range for Amps is 0.500000 for Volts is 300.000000
ptd-server 2021-03-09 20:45:08,901 [INFO] Sending to ptd: 'SR,V,Auto'
ptd-server 2021-03-09 20:45:09,404 [INFO] Reply from ptd: 'Range V changed'
ptd-server 2021-03-09 20:45:09,404 [INFO] Sending to ptd: 'SR,A,Auto'
ptd-server 2021-03-09 20:45:09,907 [INFO] Reply from ptd: 'Range A changed'
ptd-server 2021-03-09 20:45:19,917 [INFO] Starting ranging mode
ptd-server 2021-03-09 20:45:19,917 [INFO] Sending to ptd: 'Go,1000,0,2021-03-09_20-44-51_ranging'
ptd-server 2021-03-09 20:45:19,918 [INFO] Reply from ptd: 'Starting untimed measurement, maximum 500000 samples at 1000ms with 0 rampup samples'
ptd-server 2021-03-09 20:45:19,918 [INFO] Sending reply to client 'OK'
ptd-server 2021-03-09 20:55:35,359 [INFO] Got command from the client 'session,2021-03-09_20-44-51,stop,ranging'
ptd-server 2021-03-09 20:55:45,369 [INFO] Sending to ptd: 'Stop'
ptd-server 2021-03-09 20:55:45,370 [INFO] Reply from ptd: 'Stopping untimed measurement'
ptd-server 2021-03-09 20:55:46,160 [INFO] Sending reply to client 'OK'
ptd-server 2021-03-09 20:55:46,202 [INFO] Got command from the client 'time'
ptd-server 2021-03-09 20:55:46,203 [INFO] Sending reply to client '1615323346.2030425'
ptd-server 2021-03-09 20:55:46,205 [INFO] Got command from the client 'session,2021-03-09_20-44-51,start,testing'
ptd-server 2021-03-09 20:55:46,205 [INFO] Sending to ptd: 'SR,V,251.030000'
ptd-server 2021-03-09 20:55:47,707 [INFO] Reply from ptd: 'Range V changed'
ptd-server 2021-03-09 20:55:47,707 [INFO] Sending to ptd: 'SR,A,0.136930'
ptd-server 2021-03-09 20:55:49,208 [INFO] Reply from ptd: 'Range A changed'
ptd-server 2021-03-09 20:55:59,218 [INFO] Starting testing mode
ptd-server 2021-03-09 20:55:59,219 [INFO] Sending to ptd: 'Go,1000,0,2021-03-09_20-44-51_testing'
ptd-server 2021-03-09 20:55:59,219 [INFO] Reply from ptd: 'Starting untimed measurement, maximum 500000 samples at 1000ms with 0 rampup samples'
ptd-server 2021-03-09 20:55:59,219 [INFO] Sending reply to client 'OK'
ptd-server 2021-03-09 21:06:14,532 [INFO] Got command from the client 'session,2021-03-09_20-44-51,stop,testing'
ptd-server 2021-03-09 21:06:24,540 [INFO] Sending to ptd: 'Stop'
ptd-server 2021-03-09 21:06:24,540 [INFO] Reply from ptd: 'Stopping untimed measurement'
ptd-server 2021-03-09 21:06:24,935 [INFO] Sending reply to client 'OK'
ptd-server 2021-03-09 21:06:24,943 [INFO] Got command from the client 'session,2021-03-09_20-44-51,upload,client.log'
ptd-server 2021-03-09 21:06:24,944 [INFO] Received '/home/anton/projects/mlperf/power-dev/output/2021-03-09_20-44-51client.log.tmp'
ptd-server 2021-03-09 21:06:24,944 [INFO] Removed '/home/anton/projects/mlperf/power-dev/output/2021-03-09_20-44-51client.log.tmp'
ptd-server 2021-03-09 21:06:24,945 [INFO] Sending reply to client 'OK'
ptd-server 2021-03-09 21:06:24,951 [INFO] Got command from the client 'session,2021-03-09_20-44-51,upload,client.json'
ptd-server 2021-03-09 21:06:24,952 [INFO] Received '/home/anton/projects/mlperf/power-dev/output/2021-03-09_20-44-51client.json.tmp'
ptd-server 2021-03-09 21:06:24,952 [INFO] Removed '/home/anton/projects/mlperf/power-dev/output/2021-03-09_20-44-51client.json.tmp'
ptd-server 2021-03-09 21:06:24,952 [INFO] Sending reply to client 'OK'
ptd-server 2021-03-09 21:06:24,953 [INFO] Got command from the client 'session,2021-03-09_20-44-51,done'
ptd-server 2021-03-09 21:06:24,953 [INFO] Sending to ptd: 'Stop'
ptd-server 2021-03-09 21:06:25,220 [INFO] Reply from ptd: 'Error: no measurement to stop'
ptd-server 2021-03-09 21:06:25,220 [INFO] Sending to ptd: 'SR,V,300.000000'
ptd-server 2021-03-09 21:06:26,722 [INFO] Reply from ptd: 'Range V changed'
ptd-server 2021-03-09 21:06:26,722 [INFO] Sending to ptd: 'SR,A,0.500000'
ptd-server 2021-03-09 21:06:28,223 [INFO] Reply from ptd: 'Range A changed'
ptd-server 2021-03-09 21:06:28,223 [INFO] Set initial values for Amps 0.500000 and Volts 300.000000
ptd-server 2021-03-09 21:06:28,224 [INFO] Stopping ptd...
