ptd-server 2021-02-28 08:28:48,732 [INFO] Got command from the client 'time'
ptd-server 2021-02-28 08:28:48,732 [INFO] Sending reply to client '1614500928.7322052'
ptd-server 2021-02-28 08:28:48,733 [INFO] Got command from the client 'new,,1fd16dad-4e71-4c8c-9f67-59e612830b3b'
ptd-server 2021-02-28 08:28:48,733 [INFO] Sending reply to client 'OK 2021-02-28_08-28-48,d79dfc24-9944-4791-a0af-467f834285db'
ptd-server 2021-02-28 08:28:48,763 [INFO] Got command from the client 'time'
ptd-server 2021-02-28 08:28:48,763 [INFO] Sending reply to client '1614500928.763184'
ptd-server 2021-02-28 08:28:48,764 [INFO] Got command from the client 'session,2021-02-28_08-28-48,start,ranging'
ptd-server 2021-02-28 08:28:48,764 [INFO] Running PTDaemon: ['/home/anton/projects/mlperf/power/inference_v1.0/ptd-linux-x86', '-l', 'ptd.log', '-p', '8888', '52', '/dev/usbtmc0']
ptd-server 2021-02-28 08:29:05,933 [INFO] Sending to ptd: 'Hello'
ptd-server 2021-02-28 08:29:05,934 [INFO] Reply from ptd: 'Hello, PTDaemon here!'
ptd-server 2021-02-28 08:29:05,934 [INFO] Sending to ptd: 'Identify'
ptd-server 2021-02-28 08:29:05,934 [INFO] Reply from ptd: 'YokogawaWT330E,1000,1,1,1,1,0,0,1,version=1.9.2-e8c7a49a-20201208,OS=Linux 5.8.0-43-generic #49~20.04.1-Ubuntu SMP Fri Feb 5 09:57:56 UTC 2021 x86_64,mode=power,1,1,1,0,0,no_cal_date,YOKOGAWA;WT333E;C3VD30030E;F1.04'
ptd-server 2021-02-28 08:29:05,934 [INFO] Connected to PTDaemon
ptd-server 2021-02-28 08:29:05,935 [INFO] Sending to ptd: 'RR'
ptd-server 2021-02-28 08:29:05,935 [INFO] Reply from ptd: 'Ranges,0,0.500000,0,300.000000'
ptd-server 2021-02-28 08:29:05,935 [INFO] Initial range for Amps is 0.500000 for Volts is 300.000000
ptd-server 2021-02-28 08:29:05,935 [INFO] Sending to ptd: 'SR,V,Auto'
ptd-server 2021-02-28 08:29:06,438 [INFO] Reply from ptd: 'Range V changed'
ptd-server 2021-02-28 08:29:06,438 [INFO] Sending to ptd: 'SR,A,Auto'
ptd-server 2021-02-28 08:29:06,940 [INFO] Reply from ptd: 'Range A changed'
ptd-server 2021-02-28 08:29:16,950 [INFO] Starting ranging mode
ptd-server 2021-02-28 08:29:16,951 [INFO] Sending to ptd: 'Go,1000,0,2021-02-28_08-28-48_ranging'
ptd-server 2021-02-28 08:29:16,951 [INFO] Reply from ptd: 'Starting untimed measurement, maximum 500000 samples at 1000ms with 0 rampup samples'
ptd-server 2021-02-28 08:29:16,951 [INFO] Sending reply to client 'OK'
ptd-server 2021-02-28 08:39:35,724 [INFO] Got command from the client 'session,2021-02-28_08-28-48,stop,ranging'
ptd-server 2021-02-28 08:39:45,735 [INFO] Sending to ptd: 'Stop'
ptd-server 2021-02-28 08:39:45,735 [INFO] Reply from ptd: 'Stopping untimed measurement'
ptd-server 2021-02-28 08:39:45,924 [INFO] Sending reply to client 'OK'
ptd-server 2021-02-28 08:39:45,960 [INFO] Got command from the client 'time'
ptd-server 2021-02-28 08:39:45,960 [INFO] Sending reply to client '1614501585.9606767'
ptd-server 2021-02-28 08:39:45,961 [INFO] Got command from the client 'session,2021-02-28_08-28-48,start,testing'
ptd-server 2021-02-28 08:39:45,962 [INFO] Sending to ptd: 'SR,V,249.580000'
ptd-server 2021-02-28 08:39:47,463 [INFO] Reply from ptd: 'Range V changed'
ptd-server 2021-02-28 08:39:47,463 [INFO] Sending to ptd: 'SR,A,0.176580'
ptd-server 2021-02-28 08:39:48,964 [INFO] Reply from ptd: 'Range A changed'
ptd-server 2021-02-28 08:39:58,975 [INFO] Starting testing mode
ptd-server 2021-02-28 08:39:58,975 [INFO] Sending to ptd: 'Go,1000,0,2021-02-28_08-28-48_testing'
ptd-server 2021-02-28 08:39:58,975 [INFO] Reply from ptd: 'Starting untimed measurement, maximum 500000 samples at 1000ms with 0 rampup samples'
ptd-server 2021-02-28 08:39:58,975 [INFO] Sending reply to client 'OK'
ptd-server 2021-02-28 08:50:17,617 [INFO] Got command from the client 'session,2021-02-28_08-28-48,stop,testing'
ptd-server 2021-02-28 08:50:27,628 [INFO] Sending to ptd: 'Stop'
ptd-server 2021-02-28 08:50:27,628 [INFO] Reply from ptd: 'Stopping untimed measurement'
ptd-server 2021-02-28 08:50:27,730 [INFO] Sending reply to client 'OK'
ptd-server 2021-02-28 08:50:27,741 [INFO] Got command from the client 'session,2021-02-28_08-28-48,upload,client.log'
ptd-server 2021-02-28 08:50:27,741 [INFO] Received '/home/anton/projects/mlperf/power-dev/output/2021-02-28_08-28-48client.log.tmp'
ptd-server 2021-02-28 08:50:27,741 [INFO] Removed '/home/anton/projects/mlperf/power-dev/output/2021-02-28_08-28-48client.log.tmp'
ptd-server 2021-02-28 08:50:27,742 [INFO] Sending reply to client 'OK'
ptd-server 2021-02-28 08:50:27,746 [INFO] Got command from the client 'session,2021-02-28_08-28-48,upload,client.json'
ptd-server 2021-02-28 08:50:27,746 [INFO] Received '/home/anton/projects/mlperf/power-dev/output/2021-02-28_08-28-48client.json.tmp'
ptd-server 2021-02-28 08:50:27,747 [INFO] Removed '/home/anton/projects/mlperf/power-dev/output/2021-02-28_08-28-48client.json.tmp'
ptd-server 2021-02-28 08:50:27,747 [INFO] Sending reply to client 'OK'
ptd-server 2021-02-28 08:50:27,748 [INFO] Got command from the client 'session,2021-02-28_08-28-48,done'
ptd-server 2021-02-28 08:50:27,748 [INFO] Sending to ptd: 'Stop'
ptd-server 2021-02-28 08:50:27,976 [INFO] Reply from ptd: 'Error: no measurement to stop'
ptd-server 2021-02-28 08:50:27,976 [INFO] Sending to ptd: 'SR,V,300.000000'
ptd-server 2021-02-28 08:50:29,477 [INFO] Reply from ptd: 'Range V changed'
ptd-server 2021-02-28 08:50:29,477 [INFO] Sending to ptd: 'SR,A,0.500000'
ptd-server 2021-02-28 08:50:30,979 [INFO] Reply from ptd: 'Range A changed'
ptd-server 2021-02-28 08:50:30,979 [INFO] Set initial values for Amps 0.500000 and Volts 300.000000
ptd-server 2021-02-28 08:50:30,979 [INFO] Stopping ptd...
