client 2021-03-18 22:12:27,927 [WARNING] Removing old loadgen logs directory '/work/build/power_logs_temp'
client 2021-03-18 22:12:27,931 [INFO] Sending command to the server: 'mlcommons/power client v3'
client 2021-03-18 22:12:27,932 [INFO] Got response: 'mlcommons/power server v3'
client 2021-03-18 22:12:27,932 [INFO] Sending command to the server: 'stop'
client 2021-03-18 22:12:27,933 [INFO] Got response: 'OK'
client 2021-03-18 22:12:27,933 [INFO] Synchronizing with the server and with ib-01.dc4-in.nvidia.com...
client 2021-03-18 22:12:28,340 [INFO] NTP:offset = 0.025 s, delay = 0.201 s 
client 2021-03-18 22:12:28,340 [INFO] Sending command to the server: 'time'
client 2021-03-18 22:12:28,345 [INFO] Got response: '1616130748.3695552'
client 2021-03-18 22:12:28,345 [INFO] The time difference between the client and the server is within range -29.165 ms..-23.709 ms
client 2021-03-18 22:12:28,345 [INFO] Sending command to the server: 'new,,70d84a3b-8643-48f0-a72c-29ad631d589c'
client 2021-03-18 22:12:28,347 [INFO] Got response: 'OK 2021-03-18_22-12-28,8c3899b5-0d16-49df-968e-43bb597ce79c'
client 2021-03-18 22:12:28,347 [INFO] Session id is '2021-03-18_22-12-28'
client 2021-03-18 22:12:28,347 [INFO] Sources: {"sources": {"client.py": "d1e75cb4b26101220ebd242e584cf3ca5d8f1996", "lib/__init__.py": "da39a3ee5e6b4b0d3255bfef95601890afd80709", "lib/client.py": "d42bebf5b74cb6ff3997e2a6c68422afac111a28", "lib/common.py": "b0bad80d8fa328a7636027d4d66ff453f8dd7889", "lib/external/ntplib.py": "4da8f970656505a40483206ef2b5d3dd5e81711d", "lib/server.py": "2ed36471c7af565d6c8438b2134edad1d7ddf166", "lib/source_hashes.py": "4cedff274c661cb1504052018fd4f00dfbf624ef", "lib/summary.py": "0db15d783907aa92038281af4e465545c0648ddb", "lib/time_sync.py": "76051226ec89287839723352f4162aaa24e0546a", "server.py": "99e1310e3f76292aef1b8792ce6b8c82f1d44d8b", "tests/unit/test_server.py": "64f11775bfed35232a0e8bb9593c0ff992432c59", "tests/unit/test_source_hashes.py": "cb41a7261eaf7d94ba5c0aae9c523174f6204be3"}, "modules": {"__main__": "client.py", "lib.client": "lib/client.py", "lib.common": "lib/common.py", "lib.external.ntplib": "lib/external/ntplib.py", "lib.source_hashes": "lib/source_hashes.py", "lib.summary": "lib/summary.py", "lib.time_sync": "lib/time_sync.py"}}
client 2021-03-18 22:12:28,349 [INFO] Running workload in ranging mode
client 2021-03-18 22:12:28,349 [INFO] Synchronizing with the server and with ib-01.dc4-in.nvidia.com...
client 2021-03-18 22:12:28,551 [INFO] NTP:offset = 0.025 s, delay = 0.201 s 
client 2021-03-18 22:12:28,551 [INFO] Sending command to the server: 'time'
client 2021-03-18 22:12:28,553 [INFO] Got response: '1616130748.5726347'
client 2021-03-18 22:12:28,553 [INFO] The time difference between the client and the server is within range -20.643 ms..-19.186 ms
client 2021-03-18 22:12:28,553 [INFO] Sending command to the server: 'session,2021-03-18_22-12-28,start,ranging'
client 2021-03-18 22:13:08,243 [INFO] Got response: 'OK'
client 2021-03-18 22:13:08,243 [INFO] Running the workload 'LOG_DIR=/work/build/power_logs_temp python3 code/main.py --benchmarks=dlrm --scenarios=Server --config_ver=maxq_high_accuracy --action="run_harness" \\\n\t\t&& cp -v /work/build/power_logs_temp/*/*/*/mlperf_log_detail.txt /work/build/power_logs_temp/ \\\n\t\t&& cp -v /work/build/power_logs_temp/*/*/*/mlperf_log_summary.txt /work/build/power_logs_temp/'
client 2021-03-18 22:47:06,199 [INFO] Sending command to the server: 'session,2021-03-18_22-12-28,stop,ranging'
client 2021-03-18 22:47:16,440 [INFO] Got response: 'OK'
client 2021-03-18 22:47:16,445 [INFO] Packing logs into zip and uploading to the server
client 2021-03-18 22:47:16,895 [INFO] Zip file size: 1.3 MB
client 2021-03-18 22:47:16,976 [INFO] Got response: 'OK'
client 2021-03-18 22:47:16,977 [INFO] Running workload in testing mode
client 2021-03-18 22:47:16,977 [INFO] Synchronizing with the server and with ib-01.dc4-in.nvidia.com...
client 2021-03-18 22:47:17,208 [INFO] NTP:offset = 0.054 s, delay = 0.201 s 
client 2021-03-18 22:47:17,208 [INFO] Sending command to the server: 'time'
client 2021-03-18 22:47:17,210 [INFO] Got response: '1616132837.2612448'
client 2021-03-18 22:47:17,210 [INFO] The time difference between the client and the server is within range -52.306 ms..-51.183 ms
client 2021-03-18 22:47:17,210 [INFO] Sending command to the server: 'session,2021-03-18_22-12-28,start,testing'
client 2021-03-18 22:47:38,918 [INFO] Got response: 'OK'
client 2021-03-18 22:47:38,918 [INFO] Running the workload 'LOG_DIR=/work/build/power_logs_temp python3 code/main.py --benchmarks=dlrm --scenarios=Server --config_ver=maxq_high_accuracy --action="run_harness" \\\n\t\t&& cp -v /work/build/power_logs_temp/*/*/*/mlperf_log_detail.txt /work/build/power_logs_temp/ \\\n\t\t&& cp -v /work/build/power_logs_temp/*/*/*/mlperf_log_summary.txt /work/build/power_logs_temp/'
client 2021-03-18 23:16:14,626 [INFO] Sending command to the server: 'session,2021-03-18_22-12-28,stop,testing'
client 2021-03-18 23:16:24,742 [INFO] Got response: 'OK'
client 2021-03-18 23:16:24,747 [INFO] Packing logs into zip and uploading to the server
client 2021-03-18 23:16:25,213 [INFO] Zip file size: 1.3 MB
client 2021-03-18 23:16:25,294 [INFO] Got response: 'OK'
client 2021-03-18 23:16:25,295 [INFO] Done runs
