ptd-server 2021-03-18 22:12:27,947 [INFO] Got command from the client 'stop'
ptd-server 2021-03-18 22:12:27,947 [INFO] The server will be stopped after processing this client
ptd-server 2021-03-18 22:12:27,947 [INFO] Sending reply to client 'OK'
ptd-server 2021-03-18 22:12:28,354 [INFO] Got command from the client 'time'
ptd-server 2021-03-18 22:12:28,369 [INFO] Sending reply to client '1616130748.3695552'
ptd-server 2021-03-18 22:12:28,369 [INFO] Got command from the client 'new,,70d84a3b-8643-48f0-a72c-29ad631d589c'
ptd-server 2021-03-18 22:12:28,369 [INFO] Sending reply to client 'OK 2021-03-18_22-12-28,8c3899b5-0d16-49df-968e-43bb597ce79c'
ptd-server 2021-03-18 22:12:28,572 [INFO] Got command from the client 'time'
ptd-server 2021-03-18 22:12:28,572 [INFO] Sending reply to client '1616130748.5726347'
ptd-server 2021-03-18 22:12:28,572 [INFO] Got command from the client 'session,2021-03-18_22-12-28,start,ranging'
ptd-server 2021-03-18 22:12:28,682 [INFO] Running PTDaemon: ['C:\\PTD\\ptd-windows-x86.exe', '-l', 'C:\\logs_ptdeamon.txt', '-p', '8888', '-c', '1,3', '-y', '77', '172.22.0.90']
ptd-server 2021-03-18 22:12:48,095 [INFO] Sending to ptd: 'Hello'
ptd-server 2021-03-18 22:12:48,095 [INFO] Reply from ptd: 'Hello, PTDaemon here!'
ptd-server 2021-03-18 22:12:48,095 [INFO] Sending to ptd: 'Identify'
ptd-server 2021-03-18 22:12:48,095 [INFO] Reply from ptd: 'YokogawaWT330_multichannel,1000,1,1,1,1,0,0,1,version=1.9.2-3976349f-20201208,OS=Windows 8 / Server 2012,mode=power,1,1,2,0,0,no_cal_date,YOKOGAWA;WT333E;C2WA21018V;F1.04'
ptd-server 2021-03-18 22:12:48,095 [INFO] Connected to PTDaemon
ptd-server 2021-03-18 22:12:48,095 [INFO] Sending to ptd: 'RR'
ptd-server 2021-03-18 22:12:48,095 [INFO] Reply from ptd: 'Ranges,0,20.000000,1,300.000000'
ptd-server 2021-03-18 22:12:48,095 [INFO] Initial range for Amps is 20.000000 for Volts is Auto
ptd-server 2021-03-18 22:12:48,095 [INFO] Sending to ptd: 'SR,V,Auto'
ptd-server 2021-03-18 22:12:53,172 [INFO] Reply from ptd: 'Range V changed'
ptd-server 2021-03-18 22:12:53,172 [INFO] Sending to ptd: 'SR,A,Auto'
ptd-server 2021-03-18 22:12:58,252 [INFO] Reply from ptd: 'Range A changed'
ptd-server 2021-03-18 22:13:08,265 [INFO] Starting ranging mode
ptd-server 2021-03-18 22:13:08,265 [INFO] Sending to ptd: 'Go,1000,0,2021-03-18_22-12-28_ranging'
ptd-server 2021-03-18 22:13:08,265 [INFO] Reply from ptd: 'Starting untimed measurement, maximum 500000 samples at 1000ms with 0 rampup samples'
ptd-server 2021-03-18 22:13:08,265 [INFO] Sending reply to client 'OK'
ptd-server 2021-03-18 22:47:06,248 [INFO] Got command from the client 'session,2021-03-18_22-12-28,stop,ranging'
ptd-server 2021-03-18 22:47:16,277 [INFO] Sending to ptd: 'Stop'
ptd-server 2021-03-18 22:47:16,277 [INFO] Reply from ptd: 'Stopping untimed measurement'
ptd-server 2021-03-18 22:47:16,495 [INFO] Sending reply to client 'OK'
ptd-server 2021-03-18 22:47:16,948 [INFO] Got command from the client 'session,2021-03-18_22-12-28,upload,ranging'
ptd-server 2021-03-18 22:47:16,995 [INFO] Received 'C:\\ptd-logs\\2021-03-18_22-12-28ranging.tmp'
ptd-server 2021-03-18 22:47:17,026 [INFO] Extracted 'C:\\ptd-logs\\2021-03-18_22-12-28ranging.tmp' into 'C:\\ptd-logs\\2021-03-18_22-12-28\\ranging'
ptd-server 2021-03-18 22:47:17,026 [INFO] Removed 'C:\\ptd-logs\\2021-03-18_22-12-28ranging.tmp'
ptd-server 2021-03-18 22:47:17,026 [INFO] Sending reply to client 'OK'
ptd-server 2021-03-18 22:47:17,261 [INFO] Got command from the client 'time'
ptd-server 2021-03-18 22:47:17,261 [INFO] Sending reply to client '1616132837.2612448'
ptd-server 2021-03-18 22:47:17,261 [INFO] Got command from the client 'session,2021-03-18_22-12-28,start,testing'
ptd-server 2021-03-18 22:47:17,261 [INFO] Sending to ptd: 'SR,V,234.390000'
ptd-server 2021-03-18 22:47:23,369 [INFO] Reply from ptd: 'Range V changed'
ptd-server 2021-03-18 22:47:23,369 [INFO] Sending to ptd: 'SR,A,5.340900'
ptd-server 2021-03-18 22:47:28,961 [INFO] Reply from ptd: 'Range A changed'
ptd-server 2021-03-18 22:47:38,974 [INFO] Starting testing mode
ptd-server 2021-03-18 22:47:38,974 [INFO] Sending to ptd: 'Go,1000,0,2021-03-18_22-12-28_testing'
ptd-server 2021-03-18 22:47:38,974 [INFO] Reply from ptd: 'Starting untimed measurement, maximum 500000 samples at 1000ms with 0 rampup samples'
ptd-server 2021-03-18 22:47:38,974 [INFO] Sending reply to client 'OK'
ptd-server 2021-03-18 23:16:14,706 [INFO] Got command from the client 'session,2021-03-18_22-12-28,stop,testing'
ptd-server 2021-03-18 23:16:24,735 [INFO] Sending to ptd: 'Stop'
ptd-server 2021-03-18 23:16:24,735 [INFO] Reply from ptd: 'Stopping untimed measurement'
ptd-server 2021-03-18 23:16:24,828 [INFO] Sending reply to client 'OK'
ptd-server 2021-03-18 23:16:25,297 [INFO] Got command from the client 'session,2021-03-18_22-12-28,upload,testing'
ptd-server 2021-03-18 23:16:25,344 [INFO] Received 'C:\\ptd-logs\\2021-03-18_22-12-28testing.tmp'
ptd-server 2021-03-18 23:16:25,375 [INFO] Extracted 'C:\\ptd-logs\\2021-03-18_22-12-28testing.tmp' into 'C:\\ptd-logs\\2021-03-18_22-12-28\\run_1'
ptd-server 2021-03-18 23:16:25,375 [INFO] Removed 'C:\\ptd-logs\\2021-03-18_22-12-28testing.tmp'
ptd-server 2021-03-18 23:16:25,375 [INFO] Sending reply to client 'OK'
ptd-server 2021-03-18 23:16:25,375 [INFO] Got command from the client 'session,2021-03-18_22-12-28,upload,client.log'
ptd-server 2021-03-18 23:16:25,391 [INFO] Received 'C:\\ptd-logs\\2021-03-18_22-12-28client.log.tmp'
ptd-server 2021-03-18 23:16:25,391 [INFO] Removed 'C:\\ptd-logs\\2021-03-18_22-12-28client.log.tmp'
ptd-server 2021-03-18 23:16:25,391 [INFO] Sending reply to client 'OK'
ptd-server 2021-03-18 23:16:25,422 [INFO] Got command from the client 'session,2021-03-18_22-12-28,upload,client.json'
ptd-server 2021-03-18 23:16:25,422 [INFO] Received 'C:\\ptd-logs\\2021-03-18_22-12-28client.json.tmp'
ptd-server 2021-03-18 23:16:25,422 [INFO] Removed 'C:\\ptd-logs\\2021-03-18_22-12-28client.json.tmp'
ptd-server 2021-03-18 23:16:25,422 [INFO] Sending reply to client 'OK'
ptd-server 2021-03-18 23:16:25,422 [INFO] Got command from the client 'session,2021-03-18_22-12-28,done'
ptd-server 2021-03-18 23:16:25,437 [INFO] Sending to ptd: 'Stop'
ptd-server 2021-03-18 23:16:25,437 [INFO] Reply from ptd: 'Error: no measurement to stop'
ptd-server 2021-03-18 23:16:25,437 [INFO] Sending to ptd: 'SR,V,Auto'
ptd-server 2021-03-18 23:16:30,514 [INFO] Reply from ptd: 'Range V changed'
ptd-server 2021-03-18 23:16:30,514 [INFO] Sending to ptd: 'SR,A,20.000000'
ptd-server 2021-03-18 23:16:36,107 [INFO] Reply from ptd: 'Range A changed'
ptd-server 2021-03-18 23:16:36,107 [INFO] Set initial values for Amps 20.000000 and Volts Auto
ptd-server 2021-03-18 23:16:36,107 [INFO] Stopping ptd...
