client 2021-03-18 01:15:09,946 [WARNING] Removing old loadgen logs directory '/home/scratch.mlperf_inf_ci/mlPerf/L1/Xavier_MaxQ-Computelab-Xavier-MaxQ-L1-5-2021-03-17-23-28-24-UTC/mlperf-inference/closed/NVIDIA/build/power_logs_temp'
client 2021-03-18 01:15:09,954 [INFO] Sending command to the server: 'mlcommons/power client v3'
client 2021-03-18 01:15:09,959 [INFO] Got response: 'mlcommons/power server v3'
client 2021-03-18 01:15:09,960 [INFO] Sending command to the server: 'stop'
client 2021-03-18 01:15:09,961 [INFO] Got response: 'OK'
client 2021-03-18 01:15:09,961 [INFO] Synchronizing with the server and with ib-01.dc4-in.nvidia.com...
client 2021-03-18 01:15:10,220 [INFO] NTP:offset = -0.005 s, delay = 0.202 s 
client 2021-03-18 01:15:10,221 [INFO] Sending command to the server: 'time'
client 2021-03-18 01:15:10,223 [INFO] Got response: '1616055310.153076'
client 2021-03-18 01:15:10,223 [INFO] The time difference between the client and the server is within range 67.911 ms..70.449 ms
client 2021-03-18 01:15:10,224 [INFO] Sending command to the server: 'new,,708ff25e-b13a-45ee-bc91-250318854666'
client 2021-03-18 01:15:10,226 [INFO] Got response: 'OK 2021-03-18_01-15-10,2b56d4ab-6ca0-4d91-ab07-f07cc9c34d2e'
client 2021-03-18 01:15:10,226 [INFO] Session id is '2021-03-18_01-15-10'
client 2021-03-18 01:15:10,227 [INFO] Sources: {"sources": {"client.py": "d1e75cb4b26101220ebd242e584cf3ca5d8f1996", "lib/__init__.py": "da39a3ee5e6b4b0d3255bfef95601890afd80709", "lib/client.py": "d42bebf5b74cb6ff3997e2a6c68422afac111a28", "lib/common.py": "b0bad80d8fa328a7636027d4d66ff453f8dd7889", "lib/external/ntplib.py": "4da8f970656505a40483206ef2b5d3dd5e81711d", "lib/server.py": "2ed36471c7af565d6c8438b2134edad1d7ddf166", "lib/source_hashes.py": "4cedff274c661cb1504052018fd4f00dfbf624ef", "lib/summary.py": "0db15d783907aa92038281af4e465545c0648ddb", "lib/time_sync.py": "76051226ec89287839723352f4162aaa24e0546a", "server.py": "99e1310e3f76292aef1b8792ce6b8c82f1d44d8b", "tests/unit/test_server.py": "64f11775bfed35232a0e8bb9593c0ff992432c59", "tests/unit/test_source_hashes.py": "cb41a7261eaf7d94ba5c0aae9c523174f6204be3"}, "modules": {"__main__": "client.py", "lib.client": "lib/client.py", "lib.common": "lib/common.py", "lib.external.ntplib": "lib/external/ntplib.py", "lib.source_hashes": "lib/source_hashes.py", "lib.summary": "lib/summary.py", "lib.time_sync": "lib/time_sync.py"}}
client 2021-03-18 01:15:10,230 [INFO] Running workload in ranging mode
client 2021-03-18 01:15:10,230 [INFO] Synchronizing with the server and with ib-01.dc4-in.nvidia.com...
client 2021-03-18 01:15:10,489 [INFO] NTP:offset = -0.005 s, delay = 0.202 s 
client 2021-03-18 01:15:10,490 [INFO] Sending command to the server: 'time'
client 2021-03-18 01:15:10,491 [INFO] Got response: '1616055310.4342508'
client 2021-03-18 01:15:10,492 [INFO] The time difference between the client and the server is within range 55.772 ms..57.807 ms
client 2021-03-18 01:15:10,492 [INFO] Sending command to the server: 'session,2021-03-18_01-15-10,start,ranging'
client 2021-03-18 01:15:39,481 [INFO] Got response: 'OK'
client 2021-03-18 01:15:39,482 [INFO] Running the workload 'LOG_DIR=/home/scratch.mlperf_inf_ci/mlPerf/L1/Xavier_MaxQ-Computelab-Xavier-MaxQ-L1-5-2021-03-17-23-28-24-UTC/mlperf-inference/closed/NVIDIA/build/power_logs_temp python3 code/main.py --benchmarks=3d-unet --scenarios=SingleStream --test_mode=PerformanceOnly --config_ver=maxq_high_accuracy --action="run_harness" \\\n\t\t&& cp -v /home/scratch.mlperf_inf_ci/mlPerf/L1/Xavier_MaxQ-Computelab-Xavier-MaxQ-L1-5-2021-03-17-23-28-24-UTC/mlperf-inference/closed/NVIDIA/build/power_logs_temp/*/*/*/mlperf_log_detail.txt /home/scratch.mlperf_inf_ci/mlPerf/L1/Xavier_MaxQ-Computelab-Xavier-MaxQ-L1-5-2021-03-17-23-28-24-UTC/mlperf-inference/closed/NVIDIA/build/power_logs_temp/ \\\n\t\t&& cp -v /home/scratch.mlperf_inf_ci/mlPerf/L1/Xavier_MaxQ-Computelab-Xavier-MaxQ-L1-5-2021-03-17-23-28-24-UTC/mlperf-inference/closed/NVIDIA/build/power_logs_temp/*/*/*/mlperf_log_summary.txt /home/scratch.mlperf_inf_ci/mlPerf/L1/Xavier_MaxQ-Computelab-Xavier-MaxQ-L1-5-2021-03-17-23-28-24-UTC/mlperf-inference/closed/NVIDIA/build/power_logs_temp/'
client 2021-03-18 01:28:56,715 [INFO] Sending command to the server: 'session,2021-03-18_01-15-10,stop,ranging'
client 2021-03-18 01:29:07,313 [INFO] Got response: 'OK'
client 2021-03-18 01:29:07,321 [INFO] Packing logs into zip and uploading to the server
client 2021-03-18 01:29:07,352 [INFO] Zip file size: 11.0 kB
client 2021-03-18 01:29:07,372 [INFO] Got response: 'OK'
client 2021-03-18 01:29:07,374 [INFO] Running workload in testing mode
client 2021-03-18 01:29:07,374 [INFO] Synchronizing with the server and with ib-01.dc4-in.nvidia.com...
client 2021-03-18 01:29:07,584 [INFO] NTP:offset = -0.005 s, delay = 0.202 s 
client 2021-03-18 01:29:07,584 [INFO] Sending command to the server: 'time'
client 2021-03-18 01:29:07,586 [INFO] Got response: '1616056147.5276122'
client 2021-03-18 01:29:07,587 [INFO] The time difference between the client and the server is within range 56.931 ms..59.392 ms
client 2021-03-18 01:29:07,587 [INFO] Sending command to the server: 'session,2021-03-18_01-15-10,start,testing'
client 2021-03-18 01:29:20,666 [INFO] Got response: 'OK'
client 2021-03-18 01:29:20,666 [INFO] Running the workload 'LOG_DIR=/home/scratch.mlperf_inf_ci/mlPerf/L1/Xavier_MaxQ-Computelab-Xavier-MaxQ-L1-5-2021-03-17-23-28-24-UTC/mlperf-inference/closed/NVIDIA/build/power_logs_temp python3 code/main.py --benchmarks=3d-unet --scenarios=SingleStream --test_mode=PerformanceOnly --config_ver=maxq_high_accuracy --action="run_harness" \\\n\t\t&& cp -v /home/scratch.mlperf_inf_ci/mlPerf/L1/Xavier_MaxQ-Computelab-Xavier-MaxQ-L1-5-2021-03-17-23-28-24-UTC/mlperf-inference/closed/NVIDIA/build/power_logs_temp/*/*/*/mlperf_log_detail.txt /home/scratch.mlperf_inf_ci/mlPerf/L1/Xavier_MaxQ-Computelab-Xavier-MaxQ-L1-5-2021-03-17-23-28-24-UTC/mlperf-inference/closed/NVIDIA/build/power_logs_temp/ \\\n\t\t&& cp -v /home/scratch.mlperf_inf_ci/mlPerf/L1/Xavier_MaxQ-Computelab-Xavier-MaxQ-L1-5-2021-03-17-23-28-24-UTC/mlperf-inference/closed/NVIDIA/build/power_logs_temp/*/*/*/mlperf_log_summary.txt /home/scratch.mlperf_inf_ci/mlPerf/L1/Xavier_MaxQ-Computelab-Xavier-MaxQ-L1-5-2021-03-17-23-28-24-UTC/mlperf-inference/closed/NVIDIA/build/power_logs_temp/'
client 2021-03-18 01:42:33,217 [INFO] Sending command to the server: 'session,2021-03-18_01-15-10,stop,testing'
client 2021-03-18 01:42:43,514 [INFO] Got response: 'OK'
client 2021-03-18 01:42:43,560 [INFO] Packing logs into zip and uploading to the server
client 2021-03-18 01:42:43,629 [INFO] Zip file size: 11.0 kB
client 2021-03-18 01:42:43,649 [INFO] Got response: 'OK'
client 2021-03-18 01:42:43,650 [INFO] Done runs
