ptd-server 2021-03-18 01:15:09,903 [INFO] Got command from the client 'stop'
ptd-server 2021-03-18 01:15:09,903 [INFO] The server will be stopped after processing this client
ptd-server 2021-03-18 01:15:09,903 [INFO] Sending reply to client 'OK'
ptd-server 2021-03-18 01:15:10,153 [INFO] Got command from the client 'time'
ptd-server 2021-03-18 01:15:10,153 [INFO] Sending reply to client '1616055310.153076'
ptd-server 2021-03-18 01:15:10,168 [INFO] Got command from the client 'new,,708ff25e-b13a-45ee-bc91-250318854666'
ptd-server 2021-03-18 01:15:10,168 [INFO] Sending reply to client 'OK 2021-03-18_01-15-10,2b56d4ab-6ca0-4d91-ab07-f07cc9c34d2e'
ptd-server 2021-03-18 01:15:10,434 [INFO] Got command from the client 'time'
ptd-server 2021-03-18 01:15:10,434 [INFO] Sending reply to client '1616055310.4342508'
ptd-server 2021-03-18 01:15:10,434 [INFO] Got command from the client 'session,2021-03-18_01-15-10,start,ranging'
ptd-server 2021-03-18 01:15:10,543 [INFO] Running PTDaemon: ['C:\\PTD\\ptd-windows-x86.exe', '-l', 'C:\\logs_ptdeamon.txt', '-p', '8888', '-c', '3', '-y', '52', '10.32.209.251']
ptd-server 2021-03-18 01:15:28,387 [INFO] Sending to ptd: 'Hello'
ptd-server 2021-03-18 01:15:28,387 [INFO] Reply from ptd: 'Hello, PTDaemon here!'
ptd-server 2021-03-18 01:15:28,387 [INFO] Sending to ptd: 'Identify'
ptd-server 2021-03-18 01:15:28,387 [INFO] Reply from ptd: 'YokogawaWT330E,1000,1,1,1,1,0,0,1,version=1.9.2-3976349f-20201208,OS=Windows 8 / Server 2012,mode=power,1,1,1,0,0,no_cal_date,YOKOGAWA;WT333E;C2VL22012V;F1.03'
ptd-server 2021-03-18 01:15:28,387 [INFO] Connected to PTDaemon
ptd-server 2021-03-18 01:15:28,387 [INFO] Sending to ptd: 'RR'
ptd-server 2021-03-18 01:15:28,387 [INFO] Reply from ptd: 'Ranges,0,0.500000,0,150.000000'
ptd-server 2021-03-18 01:15:28,387 [INFO] Initial range for Amps is 0.500000 for Volts is 150.000000
ptd-server 2021-03-18 01:15:28,387 [INFO] Sending to ptd: 'SR,V,Auto'
ptd-server 2021-03-18 01:15:28,903 [INFO] Reply from ptd: 'Range V changed'
ptd-server 2021-03-18 01:15:28,903 [INFO] Sending to ptd: 'SR,A,Auto'
ptd-server 2021-03-18 01:15:29,418 [INFO] Reply from ptd: 'Range A changed'
ptd-server 2021-03-18 01:15:39,418 [INFO] Starting ranging mode
ptd-server 2021-03-18 01:15:39,418 [INFO] Sending to ptd: 'Go,1000,0,2021-03-18_01-15-10_ranging'
ptd-server 2021-03-18 01:15:39,418 [INFO] Reply from ptd: 'Starting untimed measurement, maximum 500000 samples at 1000ms with 0 rampup samples'
ptd-server 2021-03-18 01:15:39,418 [INFO] Sending reply to client 'OK'
ptd-server 2021-03-18 01:28:56,655 [INFO] Got command from the client 'session,2021-03-18_01-15-10,stop,ranging'
ptd-server 2021-03-18 01:29:06,668 [INFO] Sending to ptd: 'Stop'
ptd-server 2021-03-18 01:29:06,668 [INFO] Reply from ptd: 'Stopping untimed measurement'
ptd-server 2021-03-18 01:29:07,246 [INFO] Sending reply to client 'OK'
ptd-server 2021-03-18 01:29:07,293 [INFO] Got command from the client 'session,2021-03-18_01-15-10,upload,ranging'
ptd-server 2021-03-18 01:29:07,293 [INFO] Received 'C:\\ptd-logs\\2021-03-18_01-15-10ranging.tmp'
ptd-server 2021-03-18 01:29:07,308 [INFO] Extracted 'C:\\ptd-logs\\2021-03-18_01-15-10ranging.tmp' into 'C:\\ptd-logs\\2021-03-18_01-15-10\\ranging'
ptd-server 2021-03-18 01:29:07,308 [INFO] Removed 'C:\\ptd-logs\\2021-03-18_01-15-10ranging.tmp'
ptd-server 2021-03-18 01:29:07,308 [INFO] Sending reply to client 'OK'
ptd-server 2021-03-18 01:29:07,527 [INFO] Got command from the client 'time'
ptd-server 2021-03-18 01:29:07,527 [INFO] Sending reply to client '1616056147.5276122'
ptd-server 2021-03-18 01:29:07,527 [INFO] Got command from the client 'session,2021-03-18_01-15-10,start,testing'
ptd-server 2021-03-18 01:29:07,527 [INFO] Sending to ptd: 'SR,V,120.030000'
ptd-server 2021-03-18 01:29:09,058 [INFO] Reply from ptd: 'Range V changed'
ptd-server 2021-03-18 01:29:09,058 [INFO] Sending to ptd: 'SR,A,0.363500'
ptd-server 2021-03-18 01:29:10,589 [INFO] Reply from ptd: 'Range A changed'
ptd-server 2021-03-18 01:29:20,602 [INFO] Starting testing mode
ptd-server 2021-03-18 01:29:20,602 [INFO] Sending to ptd: 'Go,1000,0,2021-03-18_01-15-10_testing'
ptd-server 2021-03-18 01:29:20,602 [INFO] Reply from ptd: 'Starting untimed measurement, maximum 500000 samples at 1000ms with 0 rampup samples'
ptd-server 2021-03-18 01:29:20,602 [INFO] Sending reply to client 'OK'
ptd-server 2021-03-18 01:42:33,161 [INFO] Got command from the client 'session,2021-03-18_01-15-10,stop,testing'
ptd-server 2021-03-18 01:42:43,162 [INFO] Sending to ptd: 'Stop'
ptd-server 2021-03-18 01:42:43,162 [INFO] Reply from ptd: 'Stopping untimed measurement'
ptd-server 2021-03-18 01:42:43,443 [INFO] Sending reply to client 'OK'
ptd-server 2021-03-18 01:42:43,568 [INFO] Got command from the client 'session,2021-03-18_01-15-10,upload,testing'
ptd-server 2021-03-18 01:42:43,568 [INFO] Received 'C:\\ptd-logs\\2021-03-18_01-15-10testing.tmp'
ptd-server 2021-03-18 01:42:43,583 [INFO] Extracted 'C:\\ptd-logs\\2021-03-18_01-15-10testing.tmp' into 'C:\\ptd-logs\\2021-03-18_01-15-10\\run_1'
ptd-server 2021-03-18 01:42:43,583 [INFO] Removed 'C:\\ptd-logs\\2021-03-18_01-15-10testing.tmp'
ptd-server 2021-03-18 01:42:43,583 [INFO] Sending reply to client 'OK'
ptd-server 2021-03-18 01:42:43,599 [INFO] Got command from the client 'session,2021-03-18_01-15-10,upload,client.log'
ptd-server 2021-03-18 01:42:43,599 [INFO] Received 'C:\\ptd-logs\\2021-03-18_01-15-10client.log.tmp'
ptd-server 2021-03-18 01:42:43,599 [INFO] Removed 'C:\\ptd-logs\\2021-03-18_01-15-10client.log.tmp'
ptd-server 2021-03-18 01:42:43,599 [INFO] Sending reply to client 'OK'
ptd-server 2021-03-18 01:42:43,646 [INFO] Got command from the client 'session,2021-03-18_01-15-10,upload,client.json'
ptd-server 2021-03-18 01:42:43,646 [INFO] Received 'C:\\ptd-logs\\2021-03-18_01-15-10client.json.tmp'
ptd-server 2021-03-18 01:42:43,662 [INFO] Removed 'C:\\ptd-logs\\2021-03-18_01-15-10client.json.tmp'
ptd-server 2021-03-18 01:42:43,662 [INFO] Sending reply to client 'OK'
ptd-server 2021-03-18 01:42:43,662 [INFO] Got command from the client 'session,2021-03-18_01-15-10,done'
ptd-server 2021-03-18 01:42:43,662 [INFO] Sending to ptd: 'Stop'
ptd-server 2021-03-18 01:42:43,662 [INFO] Reply from ptd: 'Error: no measurement to stop'
ptd-server 2021-03-18 01:42:43,662 [INFO] Sending to ptd: 'SR,V,150.000000'
ptd-server 2021-03-18 01:42:45,192 [INFO] Reply from ptd: 'Range V changed'
ptd-server 2021-03-18 01:42:45,192 [INFO] Sending to ptd: 'SR,A,0.500000'
ptd-server 2021-03-18 01:42:46,723 [INFO] Reply from ptd: 'Range A changed'
ptd-server 2021-03-18 01:42:46,723 [INFO] Set initial values for Amps 0.500000 and Volts 150.000000
ptd-server 2021-03-18 01:42:46,723 [INFO] Stopping ptd...
