ptd-server 2021-02-28 01:56:15,374 [INFO] Got command from the client 'time'
ptd-server 2021-02-28 01:56:15,375 [INFO] Sending reply to client '1614477375.3749769'
ptd-server 2021-02-28 01:56:15,376 [INFO] Got command from the client 'new,,796b5a14-f854-4a3a-ae4f-89db87d53e1e'
ptd-server 2021-02-28 01:56:15,376 [INFO] Sending reply to client 'OK 2021-02-28_01-56-15,908a74b2-cc2c-4416-823e-54db672f3bd0'
ptd-server 2021-02-28 01:56:15,409 [INFO] Got command from the client 'time'
ptd-server 2021-02-28 01:56:15,409 [INFO] Sending reply to client '1614477375.4094055'
ptd-server 2021-02-28 01:56:15,410 [INFO] Got command from the client 'session,2021-02-28_01-56-15,start,ranging'
ptd-server 2021-02-28 01:56:15,410 [INFO] Running PTDaemon: ['/home/anton/projects/mlperf/power/inference_v1.0/ptd-linux-x86', '-l', 'ptd.log', '-p', '8888', '52', '/dev/usbtmc0']
ptd-server 2021-02-28 01:56:32,578 [INFO] Sending to ptd: 'Hello'
ptd-server 2021-02-28 01:56:32,579 [INFO] Reply from ptd: 'Hello, PTDaemon here!'
ptd-server 2021-02-28 01:56:32,579 [INFO] Sending to ptd: 'Identify'
ptd-server 2021-02-28 01:56:32,579 [INFO] Reply from ptd: 'YokogawaWT330E,1000,1,1,1,1,0,0,1,version=1.9.2-e8c7a49a-20201208,OS=Linux 5.8.0-43-generic #49~20.04.1-Ubuntu SMP Fri Feb 5 09:57:56 UTC 2021 x86_64,mode=power,1,1,1,0,0,no_cal_date,YOKOGAWA;WT333E;C3VD30030E;F1.04'
ptd-server 2021-02-28 01:56:32,580 [INFO] Connected to PTDaemon
ptd-server 2021-02-28 01:56:32,580 [INFO] Sending to ptd: 'RR'
ptd-server 2021-02-28 01:56:32,580 [INFO] Reply from ptd: 'Ranges,0,0.500000,0,300.000000'
ptd-server 2021-02-28 01:56:32,580 [INFO] Initial range for Amps is 0.500000 for Volts is 300.000000
ptd-server 2021-02-28 01:56:32,580 [INFO] Sending to ptd: 'SR,V,Auto'
ptd-server 2021-02-28 01:56:33,083 [INFO] Reply from ptd: 'Range V changed'
ptd-server 2021-02-28 01:56:33,083 [INFO] Sending to ptd: 'SR,A,Auto'
ptd-server 2021-02-28 01:56:33,585 [INFO] Reply from ptd: 'Range A changed'
ptd-server 2021-02-28 01:56:43,596 [INFO] Starting ranging mode
ptd-server 2021-02-28 01:56:43,596 [INFO] Sending to ptd: 'Go,1000,0,2021-02-28_01-56-15_ranging'
ptd-server 2021-02-28 01:56:43,596 [INFO] Reply from ptd: 'Starting untimed measurement, maximum 500000 samples at 1000ms with 0 rampup samples'
ptd-server 2021-02-28 01:56:43,596 [INFO] Sending reply to client 'OK'
ptd-server 2021-02-28 02:07:02,533 [INFO] Got command from the client 'session,2021-02-28_01-56-15,stop,ranging'
ptd-server 2021-02-28 02:07:12,544 [INFO] Sending to ptd: 'Stop'
ptd-server 2021-02-28 02:07:12,544 [INFO] Reply from ptd: 'Stopping untimed measurement'
ptd-server 2021-02-28 02:07:12,694 [INFO] Sending reply to client 'OK'
ptd-server 2021-02-28 02:07:12,733 [INFO] Got command from the client 'time'
ptd-server 2021-02-28 02:07:12,733 [INFO] Sending reply to client '1614478032.7335925'
ptd-server 2021-02-28 02:07:12,734 [INFO] Got command from the client 'session,2021-02-28_01-56-15,start,testing'
ptd-server 2021-02-28 02:07:12,734 [INFO] Sending to ptd: 'SR,V,250.540000'
ptd-server 2021-02-28 02:07:14,236 [INFO] Reply from ptd: 'Range V changed'
ptd-server 2021-02-28 02:07:14,236 [INFO] Sending to ptd: 'SR,A,0.175430'
ptd-server 2021-02-28 02:07:15,737 [INFO] Reply from ptd: 'Range A changed'
ptd-server 2021-02-28 02:07:25,748 [INFO] Starting testing mode
ptd-server 2021-02-28 02:07:25,748 [INFO] Sending to ptd: 'Go,1000,0,2021-02-28_01-56-15_testing'
ptd-server 2021-02-28 02:07:25,748 [INFO] Reply from ptd: 'Starting untimed measurement, maximum 500000 samples at 1000ms with 0 rampup samples'
ptd-server 2021-02-28 02:07:25,748 [INFO] Sending reply to client 'OK'
ptd-server 2021-02-28 02:17:44,515 [INFO] Got command from the client 'session,2021-02-28_01-56-15,stop,testing'
ptd-server 2021-02-28 02:17:54,525 [INFO] Sending to ptd: 'Stop'
ptd-server 2021-02-28 02:17:54,525 [INFO] Reply from ptd: 'Stopping untimed measurement'
ptd-server 2021-02-28 02:17:54,615 [INFO] Sending reply to client 'OK'
ptd-server 2021-02-28 02:17:54,618 [INFO] Got command from the client 'session,2021-02-28_01-56-15,upload,client.log'
ptd-server 2021-02-28 02:17:54,619 [INFO] Received '/home/anton/projects/mlperf/power-dev/output/2021-02-28_01-56-15client.log.tmp'
ptd-server 2021-02-28 02:17:54,619 [INFO] Removed '/home/anton/projects/mlperf/power-dev/output/2021-02-28_01-56-15client.log.tmp'
ptd-server 2021-02-28 02:17:54,619 [INFO] Sending reply to client 'OK'
ptd-server 2021-02-28 02:17:54,623 [INFO] Got command from the client 'session,2021-02-28_01-56-15,upload,client.json'
ptd-server 2021-02-28 02:17:54,624 [INFO] Received '/home/anton/projects/mlperf/power-dev/output/2021-02-28_01-56-15client.json.tmp'
ptd-server 2021-02-28 02:17:54,624 [INFO] Removed '/home/anton/projects/mlperf/power-dev/output/2021-02-28_01-56-15client.json.tmp'
ptd-server 2021-02-28 02:17:54,624 [INFO] Sending reply to client 'OK'
ptd-server 2021-02-28 02:17:54,625 [INFO] Got command from the client 'session,2021-02-28_01-56-15,done'
ptd-server 2021-02-28 02:17:54,625 [INFO] Sending to ptd: 'Stop'
ptd-server 2021-02-28 02:17:54,748 [INFO] Reply from ptd: 'Error: no measurement to stop'
ptd-server 2021-02-28 02:17:54,748 [INFO] Sending to ptd: 'SR,V,300.000000'
ptd-server 2021-02-28 02:17:56,250 [INFO] Reply from ptd: 'Range V changed'
ptd-server 2021-02-28 02:17:56,250 [INFO] Sending to ptd: 'SR,A,0.500000'
ptd-server 2021-02-28 02:17:57,751 [INFO] Reply from ptd: 'Range A changed'
ptd-server 2021-02-28 02:17:57,751 [INFO] Set initial values for Amps 0.500000 and Volts 300.000000
ptd-server 2021-02-28 02:17:57,751 [INFO] Stopping ptd...
