client 2021-03-07 17:20:33,574 [INFO] Sending command to the server: 'mlcommons/power client v3'
client 2021-03-07 17:20:33,576 [INFO] Got response: 'mlcommons/power server v3'
client 2021-03-07 17:20:33,577 [INFO] Synchronizing with the server and with time.google.com...
client 2021-03-07 17:20:33,622 [INFO] NTP:offset = -0.000 s, delay = 0.036 s 
client 2021-03-07 17:20:33,622 [INFO] Sending command to the server: 'time'
client 2021-03-07 17:20:33,624 [INFO] Got response: '1615137633.6285973'
client 2021-03-07 17:20:33,625 [INFO] The time difference between the client and the server is within range -6.162 ms..-3.602 ms
client 2021-03-07 17:20:33,625 [INFO] Sending command to the server: 'new,,bfeec254-4157-4547-b53a-881d24649782'
client 2021-03-07 17:20:33,628 [INFO] Got response: 'OK 2021-03-07_17-20-33,77284176-45e2-40d7-8c1d-f513edb9cf6e'
client 2021-03-07 17:20:33,628 [INFO] Session id is '2021-03-07_17-20-33'
client 2021-03-07 17:20:33,628 [INFO] Sources: {"sources": {"client.py": "d1e75cb4b26101220ebd242e584cf3ca5d8f1996", "lib/__init__.py": "da39a3ee5e6b4b0d3255bfef95601890afd80709", "lib/client.py": "d42bebf5b74cb6ff3997e2a6c68422afac111a28", "lib/common.py": "b0bad80d8fa328a7636027d4d66ff453f8dd7889", "lib/external/ntplib.py": "4da8f970656505a40483206ef2b5d3dd5e81711d", "lib/server.py": "2ed36471c7af565d6c8438b2134edad1d7ddf166", "lib/source_hashes.py": "4cedff274c661cb1504052018fd4f00dfbf624ef", "lib/summary.py": "0db15d783907aa92038281af4e465545c0648ddb", "lib/time_sync.py": "76051226ec89287839723352f4162aaa24e0546a", "server.py": "99e1310e3f76292aef1b8792ce6b8c82f1d44d8b", "tests/unit/test_server.py": "64f11775bfed35232a0e8bb9593c0ff992432c59", "tests/unit/test_source_hashes.py": "cb41a7261eaf7d94ba5c0aae9c523174f6204be3"}, "modules": {"__main__": "client.py", "lib.client": "lib/client.py", "lib.common": "lib/common.py", "lib.external.ntplib": "lib/external/ntplib.py", "lib.source_hashes": "lib/source_hashes.py", "lib.summary": "lib/summary.py", "lib.time_sync": "lib/time_sync.py"}}
client 2021-03-07 17:20:33,629 [INFO] Running workload in ranging mode
client 2021-03-07 17:20:33,629 [INFO] Synchronizing with the server and with time.google.com...
client 2021-03-07 17:20:33,671 [INFO] NTP:offset = 0.005 s, delay = 0.040 s 
client 2021-03-07 17:20:33,672 [INFO] Sending command to the server: 'time'
client 2021-03-07 17:20:33,674 [INFO] Got response: '1615137633.6781764'
client 2021-03-07 17:20:33,675 [INFO] The time difference between the client and the server is within range -6.177 ms..-3.207 ms
client 2021-03-07 17:20:33,675 [INFO] Sending command to the server: 'session,2021-03-07_17-20-33,start,ranging'
client 2021-03-07 17:21:01,864 [INFO] Got response: 'OK'
client 2021-03-07 17:21:01,865 [INFO] Running the workload 'ck benchmark program:image-classification-armnn-tflite-loadgen --env.CK_SILENT_MODE=YES --skip_print_timers --dep_add_tags.compiler=gcc,v9 --dep_add_tags.python=v3 --dep_add_tags.mlperf-inference-src=r1.0 --dep_add_tags.weights=mobilenet,v3-small_224_1.0_float --dep_add_tags.images=crop.875,preprocessed,using-opencv --dep_add_tags.library=armnn,rel.21.02,neon --env.CK_LOADGEN_DATASET_SIZE=1024 --env.USE_NEON=1 --env.CK_LOADGEN_MODE=PerformanceOnly --env.CK_LOADGEN_SCENARIO=SingleStream --env.CK_FAN_MODE=on --env.CK_LOADGEN_TARGET_LATENCY=$CK_LOADGEN_TARGET_LATENCY --skip_stat_analysis --process_multi_keys --repetitions=1 --record --record_repo=local --record_uoa=mlperf-open-rpi4coral-armnn-v21.02-neon-mobilenet-v3-small_224_1.0_float-singlestream-performance-target_latency.$CK_LOADGEN_TARGET_LATENCY-fan_mode.on-power.workload --tags=mlperf,division.open,task.image-classification,platform.rpi4coral,scenario.singlestream,mode.performance,workload.mobilenet-v3-small_224_1.0_float,preprocessed_using.opencv,inference_engine.armnn,inference_engine_version.v21.02,inference_engine_backend.neon,fan_mode.on,target_latency.$CK_LOADGEN_TARGET_LATENCY,power.workload "@@@{\'meta\': {\'ck_benchmark_program\': \'ck benchmark program:image-classification-armnn-tflite-loadgen --env.CK_SILENT_MODE=YES --skip_print_timers --dep_add_tags.compiler=gcc,v9 --dep_add_tags.python=v3 --dep_add_tags.mlperf-inference-src=r1.0 --dep_add_tags.weights=mobilenet,v3-small_224_1.0_float --dep_add_tags.images=crop.875,preprocessed,using-opencv --dep_add_tags.library=armnn,rel.21.02,neon --env.CK_LOADGEN_DATASET_SIZE=1024 --env.USE_NEON=1 --env.CK_LOADGEN_MODE=PerformanceOnly --env.CK_LOADGEN_SCENARIO=SingleStream --env.CK_FAN_MODE=on --env.CK_LOADGEN_TARGET_LATENCY=$CK_LOADGEN_TARGET_LATENCY --skip_stat_analysis --process_multi_keys --repetitions=1 --record --record_repo=local --record_uoa=mlperf-open-rpi4coral-armnn-v21.02-neon-mobilenet-v3-small_224_1.0_float-singlestream-performance-target_latency.$CK_LOADGEN_TARGET_LATENCY-fan_mode.on-power.workload --tags=mlperf,division.open,task.image-classification,platform.rpi4coral,scenario.singlestream,mode.performance,workload.mobilenet-v3-small_224_1.0_float,preprocessed_using.opencv,inference_engine.armnn,inference_engine_version.v21.02,inference_engine_backend.neon,fan_mode.on,target_latency.$CK_LOADGEN_TARGET_LATENCY,power.workload\'}}"  && mkdir -p "$CK_MLPERF_POWER_CLIENT_LOADGEN_LOGS" && cp "$CK_MLPERF_POWER_CLIENT_LOADGEN_LOGS"/../mlperf_log_* "$CK_MLPERF_POWER_CLIENT_LOADGEN_LOGS"/'
client 2021-03-07 17:31:26,860 [INFO] Sending command to the server: 'session,2021-03-07_17-20-33,stop,ranging'
client 2021-03-07 17:31:37,439 [INFO] Got response: 'OK'
client 2021-03-07 17:31:37,440 [INFO] Running workload in testing mode
client 2021-03-07 17:31:37,441 [INFO] Synchronizing with the server and with time.google.com...
client 2021-03-07 17:31:37,481 [INFO] NTP:offset = -0.000 s, delay = 0.033 s 
client 2021-03-07 17:31:37,481 [INFO] Sending command to the server: 'time'
client 2021-03-07 17:31:37,484 [INFO] Got response: '1615138297.4891713'
client 2021-03-07 17:31:37,485 [INFO] The time difference between the client and the server is within range -7.490 ms..-3.971 ms
client 2021-03-07 17:31:37,485 [INFO] Sending command to the server: 'session,2021-03-07_17-20-33,start,testing'
client 2021-03-07 17:31:50,878 [INFO] Got response: 'OK'
client 2021-03-07 17:31:50,879 [INFO] Running the workload 'ck benchmark program:image-classification-armnn-tflite-loadgen --env.CK_SILENT_MODE=YES --skip_print_timers --dep_add_tags.compiler=gcc,v9 --dep_add_tags.python=v3 --dep_add_tags.mlperf-inference-src=r1.0 --dep_add_tags.weights=mobilenet,v3-small_224_1.0_float --dep_add_tags.images=crop.875,preprocessed,using-opencv --dep_add_tags.library=armnn,rel.21.02,neon --env.CK_LOADGEN_DATASET_SIZE=1024 --env.USE_NEON=1 --env.CK_LOADGEN_MODE=PerformanceOnly --env.CK_LOADGEN_SCENARIO=SingleStream --env.CK_FAN_MODE=on --env.CK_LOADGEN_TARGET_LATENCY=$CK_LOADGEN_TARGET_LATENCY --skip_stat_analysis --process_multi_keys --repetitions=1 --record --record_repo=local --record_uoa=mlperf-open-rpi4coral-armnn-v21.02-neon-mobilenet-v3-small_224_1.0_float-singlestream-performance-target_latency.$CK_LOADGEN_TARGET_LATENCY-fan_mode.on-power.workload --tags=mlperf,division.open,task.image-classification,platform.rpi4coral,scenario.singlestream,mode.performance,workload.mobilenet-v3-small_224_1.0_float,preprocessed_using.opencv,inference_engine.armnn,inference_engine_version.v21.02,inference_engine_backend.neon,fan_mode.on,target_latency.$CK_LOADGEN_TARGET_LATENCY,power.workload "@@@{\'meta\': {\'ck_benchmark_program\': \'ck benchmark program:image-classification-armnn-tflite-loadgen --env.CK_SILENT_MODE=YES --skip_print_timers --dep_add_tags.compiler=gcc,v9 --dep_add_tags.python=v3 --dep_add_tags.mlperf-inference-src=r1.0 --dep_add_tags.weights=mobilenet,v3-small_224_1.0_float --dep_add_tags.images=crop.875,preprocessed,using-opencv --dep_add_tags.library=armnn,rel.21.02,neon --env.CK_LOADGEN_DATASET_SIZE=1024 --env.USE_NEON=1 --env.CK_LOADGEN_MODE=PerformanceOnly --env.CK_LOADGEN_SCENARIO=SingleStream --env.CK_FAN_MODE=on --env.CK_LOADGEN_TARGET_LATENCY=$CK_LOADGEN_TARGET_LATENCY --skip_stat_analysis --process_multi_keys --repetitions=1 --record --record_repo=local --record_uoa=mlperf-open-rpi4coral-armnn-v21.02-neon-mobilenet-v3-small_224_1.0_float-singlestream-performance-target_latency.$CK_LOADGEN_TARGET_LATENCY-fan_mode.on-power.workload --tags=mlperf,division.open,task.image-classification,platform.rpi4coral,scenario.singlestream,mode.performance,workload.mobilenet-v3-small_224_1.0_float,preprocessed_using.opencv,inference_engine.armnn,inference_engine_version.v21.02,inference_engine_backend.neon,fan_mode.on,target_latency.$CK_LOADGEN_TARGET_LATENCY,power.workload\'}}"  && mkdir -p "$CK_MLPERF_POWER_CLIENT_LOADGEN_LOGS" && cp "$CK_MLPERF_POWER_CLIENT_LOADGEN_LOGS"/../mlperf_log_* "$CK_MLPERF_POWER_CLIENT_LOADGEN_LOGS"/'
client 2021-03-07 17:42:20,989 [INFO] Sending command to the server: 'session,2021-03-07_17-20-33,stop,testing'
client 2021-03-07 17:42:31,318 [INFO] Got response: 'OK'
client 2021-03-07 17:42:31,320 [INFO] Done runs
