ptd-server 2021-03-05 04:05:27,184 [INFO] Got command from the client 'time'
ptd-server 2021-03-05 04:05:27,184 [INFO] Sending reply to client '1614917127.1843119'
ptd-server 2021-03-05 04:05:27,187 [INFO] Got command from the client 'new,,f4f06cdf-c57d-49bf-be1b-383ba82983d5'
ptd-server 2021-03-05 04:05:27,187 [INFO] Sending reply to client 'OK 2021-03-05_04-05-27,fc38c636-2f7a-4ec6-b0a4-d638e5c52f19'
ptd-server 2021-03-05 04:05:27,224 [INFO] Got command from the client 'time'
ptd-server 2021-03-05 04:05:27,224 [INFO] Sending reply to client '1614917127.224221'
ptd-server 2021-03-05 04:05:27,228 [INFO] Got command from the client 'session,2021-03-05_04-05-27,start,ranging'
ptd-server 2021-03-05 04:05:27,228 [INFO] Running PTDaemon: ['/home/anton/projects/mlperf/power/inference_v1.0/ptd-linux-x86', '-l', 'ptd.log', '-p', '8888', '52', '/dev/usbtmc0']
ptd-server 2021-03-05 04:05:44,397 [INFO] Sending to ptd: 'Hello'
ptd-server 2021-03-05 04:05:44,398 [INFO] Reply from ptd: 'Hello, PTDaemon here!'
ptd-server 2021-03-05 04:05:44,398 [INFO] Sending to ptd: 'Identify'
ptd-server 2021-03-05 04:05:44,398 [INFO] Reply from ptd: 'YokogawaWT330E,1000,1,1,1,1,0,0,1,version=1.9.2-e8c7a49a-20201208,OS=Linux 5.8.0-43-generic #49~20.04.1-Ubuntu SMP Fri Feb 5 09:57:56 UTC 2021 x86_64,mode=power,1,1,1,0,0,no_cal_date,YOKOGAWA;WT333E;C3VD30030E;F1.04'
ptd-server 2021-03-05 04:05:44,398 [INFO] Connected to PTDaemon
ptd-server 2021-03-05 04:05:44,398 [INFO] Sending to ptd: 'RR'
ptd-server 2021-03-05 04:05:44,399 [INFO] Reply from ptd: 'Ranges,0,0.500000,0,300.000000'
ptd-server 2021-03-05 04:05:44,399 [INFO] Initial range for Amps is 0.500000 for Volts is 300.000000
ptd-server 2021-03-05 04:05:44,399 [INFO] Sending to ptd: 'SR,V,Auto'
ptd-server 2021-03-05 04:05:44,902 [INFO] Reply from ptd: 'Range V changed'
ptd-server 2021-03-05 04:05:44,902 [INFO] Sending to ptd: 'SR,A,Auto'
ptd-server 2021-03-05 04:05:45,404 [INFO] Reply from ptd: 'Range A changed'
ptd-server 2021-03-05 04:05:55,414 [INFO] Starting ranging mode
ptd-server 2021-03-05 04:05:55,415 [INFO] Sending to ptd: 'Go,1000,0,2021-03-05_04-05-27_ranging'
ptd-server 2021-03-05 04:05:55,415 [INFO] Reply from ptd: 'Starting untimed measurement, maximum 500000 samples at 1000ms with 0 rampup samples'
ptd-server 2021-03-05 04:05:55,415 [INFO] Sending reply to client 'OK'
ptd-server 2021-03-05 04:16:27,080 [INFO] Got command from the client 'session,2021-03-05_04-05-27,stop,ranging'
ptd-server 2021-03-05 04:16:37,091 [INFO] Sending to ptd: 'Stop'
ptd-server 2021-03-05 04:16:37,091 [INFO] Reply from ptd: 'Stopping untimed measurement'
ptd-server 2021-03-05 04:16:37,404 [INFO] Sending reply to client 'OK'
ptd-server 2021-03-05 04:16:37,444 [INFO] Got command from the client 'time'
ptd-server 2021-03-05 04:16:37,444 [INFO] Sending reply to client '1614917797.4447215'
ptd-server 2021-03-05 04:16:37,449 [INFO] Got command from the client 'session,2021-03-05_04-05-27,start,testing'
ptd-server 2021-03-05 04:16:37,449 [INFO] Sending to ptd: 'SR,V,250.100000'
ptd-server 2021-03-05 04:16:38,950 [INFO] Reply from ptd: 'Range V changed'
ptd-server 2021-03-05 04:16:38,951 [INFO] Sending to ptd: 'SR,A,0.060570'
ptd-server 2021-03-05 04:16:40,452 [INFO] Reply from ptd: 'Range A changed'
ptd-server 2021-03-05 04:16:50,462 [INFO] Starting testing mode
ptd-server 2021-03-05 04:16:50,462 [INFO] Sending to ptd: 'Go,1000,0,2021-03-05_04-05-27_testing'
ptd-server 2021-03-05 04:16:50,463 [INFO] Reply from ptd: 'Starting untimed measurement, maximum 500000 samples at 1000ms with 0 rampup samples'
ptd-server 2021-03-05 04:16:50,463 [INFO] Sending reply to client 'OK'
ptd-server 2021-03-05 04:27:26,857 [INFO] Got command from the client 'session,2021-03-05_04-05-27,stop,testing'
ptd-server 2021-03-05 04:27:36,868 [INFO] Sending to ptd: 'Stop'
ptd-server 2021-03-05 04:27:36,868 [INFO] Reply from ptd: 'Stopping untimed measurement'
ptd-server 2021-03-05 04:27:37,034 [INFO] Sending reply to client 'OK'
ptd-server 2021-03-05 04:27:37,042 [INFO] Got command from the client 'session,2021-03-05_04-05-27,upload,client.log'
ptd-server 2021-03-05 04:27:37,045 [INFO] Received '/home/anton/projects/mlperf/power-dev/output/2021-03-05_04-05-27client.log.tmp'
ptd-server 2021-03-05 04:27:37,046 [INFO] Removed '/home/anton/projects/mlperf/power-dev/output/2021-03-05_04-05-27client.log.tmp'
ptd-server 2021-03-05 04:27:37,046 [INFO] Sending reply to client 'OK'
ptd-server 2021-03-05 04:27:37,058 [INFO] Got command from the client 'session,2021-03-05_04-05-27,upload,client.json'
ptd-server 2021-03-05 04:27:37,061 [INFO] Received '/home/anton/projects/mlperf/power-dev/output/2021-03-05_04-05-27client.json.tmp'
ptd-server 2021-03-05 04:27:37,061 [INFO] Removed '/home/anton/projects/mlperf/power-dev/output/2021-03-05_04-05-27client.json.tmp'
ptd-server 2021-03-05 04:27:37,061 [INFO] Sending reply to client 'OK'
ptd-server 2021-03-05 04:27:37,064 [INFO] Got command from the client 'session,2021-03-05_04-05-27,done'
ptd-server 2021-03-05 04:27:37,064 [INFO] Sending to ptd: 'Stop'
ptd-server 2021-03-05 04:27:37,463 [INFO] Reply from ptd: 'Error: no measurement to stop'
ptd-server 2021-03-05 04:27:37,464 [INFO] Sending to ptd: 'SR,V,300.000000'
ptd-server 2021-03-05 04:27:38,965 [INFO] Reply from ptd: 'Range V changed'
ptd-server 2021-03-05 04:27:38,965 [INFO] Sending to ptd: 'SR,A,0.500000'
ptd-server 2021-03-05 04:27:40,466 [INFO] Reply from ptd: 'Range A changed'
ptd-server 2021-03-05 04:27:40,467 [INFO] Set initial values for Amps 0.500000 and Volts 300.000000
ptd-server 2021-03-05 04:27:40,467 [INFO] Stopping ptd...
