ptd-server 2021-03-19 03:23:07,607 [INFO] Got command from the client 'time'
ptd-server 2021-03-19 03:23:07,607 [INFO] Sending reply to client '1616124187.607435'
ptd-server 2021-03-19 03:23:07,611 [INFO] Got command from the client 'new,,c483d737-7d37-4de1-ad96-fc6011be37a2'
ptd-server 2021-03-19 03:23:07,611 [INFO] Sending reply to client 'OK 2021-03-19_03-23-07,135855c5-613c-41a9-834f-584848e29dfe'
ptd-server 2021-03-19 03:23:07,658 [INFO] Got command from the client 'time'
ptd-server 2021-03-19 03:23:07,658 [INFO] Sending reply to client '1616124187.658681'
ptd-server 2021-03-19 03:23:07,663 [INFO] Got command from the client 'session,2021-03-19_03-23-07,start,ranging'
ptd-server 2021-03-19 03:23:07,664 [INFO] Running PTDaemon: ['/home/anton/projects/mlperf/power/inference_v1.0/ptd-linux-x86', '-l', 'ptd.log', '-p', '9888', '52', '/dev/usbtmc1']
ptd-server 2021-03-19 03:23:24,774 [INFO] Sending to ptd: 'Hello'
ptd-server 2021-03-19 03:23:24,775 [INFO] Reply from ptd: 'Hello, PTDaemon here!'
ptd-server 2021-03-19 03:23:24,775 [INFO] Sending to ptd: 'Identify'
ptd-server 2021-03-19 03:23:24,776 [INFO] Reply from ptd: 'YokogawaWT330E,1000,1,1,1,1,0,0,1,version=1.9.2-e8c7a49a-20201208,OS=Linux 5.8.0-45-generic #51~20.04.1-Ubuntu SMP Tue Feb 23 13:46:31 UTC 2021 x86_64,mode=power,1,1,1,0,0,no_cal_date,YOKOGAWA;WT333E;C3VD30030E;F1.04'
ptd-server 2021-03-19 03:23:24,777 [INFO] Connected to PTDaemon
ptd-server 2021-03-19 03:23:24,777 [INFO] Sending to ptd: 'RR'
ptd-server 2021-03-19 03:23:24,777 [INFO] Reply from ptd: 'Ranges,1,0.500000,1,300.000000'
ptd-server 2021-03-19 03:23:24,777 [INFO] Initial range for Amps is Auto for Volts is Auto
ptd-server 2021-03-19 03:23:24,778 [INFO] Sending to ptd: 'SR,V,Auto'
ptd-server 2021-03-19 03:23:25,280 [INFO] Reply from ptd: 'Range V changed'
ptd-server 2021-03-19 03:23:25,281 [INFO] Sending to ptd: 'SR,A,Auto'
ptd-server 2021-03-19 03:23:25,784 [INFO] Reply from ptd: 'Range A changed'
ptd-server 2021-03-19 03:23:35,793 [INFO] Starting ranging mode
ptd-server 2021-03-19 03:23:35,793 [INFO] Sending to ptd: 'Go,1000,0,2021-03-19_03-23-07_ranging'
ptd-server 2021-03-19 03:23:35,794 [INFO] Reply from ptd: 'Starting untimed measurement, maximum 500000 samples at 1000ms with 0 rampup samples'
ptd-server 2021-03-19 03:23:35,794 [INFO] Sending reply to client 'OK'
ptd-server 2021-03-19 03:34:39,063 [INFO] Got command from the client 'session,2021-03-19_03-23-07,stop,ranging'
ptd-server 2021-03-19 03:34:49,074 [INFO] Sending to ptd: 'Stop'
ptd-server 2021-03-19 03:34:49,074 [INFO] Reply from ptd: 'Stopping untimed measurement'
ptd-server 2021-03-19 03:34:49,145 [INFO] Sending reply to client 'OK'
ptd-server 2021-03-19 03:34:49,294 [INFO] Got command from the client 'time'
ptd-server 2021-03-19 03:34:49,294 [INFO] Sending reply to client '1616124889.29455'
ptd-server 2021-03-19 03:34:49,302 [INFO] Got command from the client 'session,2021-03-19_03-23-07,start,testing'
ptd-server 2021-03-19 03:34:49,303 [INFO] Sending to ptd: 'SR,V,249.320000'
ptd-server 2021-03-19 03:34:51,296 [INFO] Reply from ptd: 'Range V changed'
ptd-server 2021-03-19 03:34:51,296 [INFO] Sending to ptd: 'SR,A,0.204750'
ptd-server 2021-03-19 03:34:52,799 [INFO] Reply from ptd: 'Range A changed'
ptd-server 2021-03-19 03:35:02,809 [INFO] Starting testing mode
ptd-server 2021-03-19 03:35:02,809 [INFO] Sending to ptd: 'Go,1000,0,2021-03-19_03-23-07_testing'
ptd-server 2021-03-19 03:35:02,810 [INFO] Reply from ptd: 'Starting untimed measurement, maximum 500000 samples at 1000ms with 0 rampup samples'
ptd-server 2021-03-19 03:35:02,810 [INFO] Sending reply to client 'OK'
ptd-server 2021-03-19 03:46:07,621 [INFO] Got command from the client 'session,2021-03-19_03-23-07,stop,testing'
ptd-server 2021-03-19 03:46:17,631 [INFO] Sending to ptd: 'Stop'
ptd-server 2021-03-19 03:46:17,632 [INFO] Reply from ptd: 'Stopping untimed measurement'
ptd-server 2021-03-19 03:46:17,670 [INFO] Sending reply to client 'OK'
ptd-server 2021-03-19 03:46:17,708 [INFO] Got command from the client 'session,2021-03-19_03-23-07,upload,client.log'
ptd-server 2021-03-19 03:46:17,717 [INFO] Received '/home/anton/projects/mlperf/power-dev/output/2021-03-19_03-23-07client.log.tmp'
ptd-server 2021-03-19 03:46:17,717 [INFO] Removed '/home/anton/projects/mlperf/power-dev/output/2021-03-19_03-23-07client.log.tmp'
ptd-server 2021-03-19 03:46:17,717 [INFO] Sending reply to client 'OK'
ptd-server 2021-03-19 03:46:17,729 [INFO] Got command from the client 'session,2021-03-19_03-23-07,upload,client.json'
ptd-server 2021-03-19 03:46:17,732 [INFO] Received '/home/anton/projects/mlperf/power-dev/output/2021-03-19_03-23-07client.json.tmp'
ptd-server 2021-03-19 03:46:17,733 [INFO] Removed '/home/anton/projects/mlperf/power-dev/output/2021-03-19_03-23-07client.json.tmp'
ptd-server 2021-03-19 03:46:17,733 [INFO] Sending reply to client 'OK'
ptd-server 2021-03-19 03:46:17,738 [INFO] Got command from the client 'session,2021-03-19_03-23-07,done'
ptd-server 2021-03-19 03:46:17,738 [INFO] Sending to ptd: 'Stop'
ptd-server 2021-03-19 03:46:17,811 [INFO] Reply from ptd: 'Error: no measurement to stop'
ptd-server 2021-03-19 03:46:17,811 [INFO] Sending to ptd: 'SR,V,Auto'
ptd-server 2021-03-19 03:46:18,314 [INFO] Reply from ptd: 'Range V changed'
ptd-server 2021-03-19 03:46:18,314 [INFO] Sending to ptd: 'SR,A,Auto'
ptd-server 2021-03-19 03:46:18,817 [INFO] Reply from ptd: 'Range A changed'
ptd-server 2021-03-19 03:46:18,817 [INFO] Set initial values for Amps Auto and Volts Auto
ptd-server 2021-03-19 03:46:18,818 [INFO] Stopping ptd...
