ptd-server 2021-03-06 18:21:49,850 [INFO] Got command from the client 'time'
ptd-server 2021-03-06 18:21:49,850 [INFO] Sending reply to client '1615054909.8507166'
ptd-server 2021-03-06 18:21:49,853 [INFO] Got command from the client 'new,,40dcc4c1-1f58-4d95-8f59-049ede1483b2'
ptd-server 2021-03-06 18:21:49,854 [INFO] Sending reply to client 'OK 2021-03-06_18-21-49,01ab7593-8a62-4784-b987-15faa7ae4074'
ptd-server 2021-03-06 18:21:49,921 [INFO] Got command from the client 'time'
ptd-server 2021-03-06 18:21:49,921 [INFO] Sending reply to client '1615054909.9219222'
ptd-server 2021-03-06 18:21:49,925 [INFO] Got command from the client 'session,2021-03-06_18-21-49,start,ranging'
ptd-server 2021-03-06 18:21:49,926 [INFO] Running PTDaemon: ['/home/anton/projects/mlperf/power/inference_v1.0/ptd-linux-x86', '-l', 'ptd.log', '-p', '8888', '52', '/dev/usbtmc0']
ptd-server 2021-03-06 18:22:07,094 [INFO] Sending to ptd: 'Hello'
ptd-server 2021-03-06 18:22:07,094 [INFO] Reply from ptd: 'Hello, PTDaemon here!'
ptd-server 2021-03-06 18:22:07,095 [INFO] Sending to ptd: 'Identify'
ptd-server 2021-03-06 18:22:07,095 [INFO] Reply from ptd: 'YokogawaWT330E,1000,1,1,1,1,0,0,1,version=1.9.2-e8c7a49a-20201208,OS=Linux 5.8.0-43-generic #49~20.04.1-Ubuntu SMP Fri Feb 5 09:57:56 UTC 2021 x86_64,mode=power,1,1,1,0,0,no_cal_date,YOKOGAWA;WT333E;C3VD30030E;F1.04'
ptd-server 2021-03-06 18:22:07,095 [INFO] Connected to PTDaemon
ptd-server 2021-03-06 18:22:07,095 [INFO] Sending to ptd: 'RR'
ptd-server 2021-03-06 18:22:07,096 [INFO] Reply from ptd: 'Ranges,0,0.500000,0,300.000000'
ptd-server 2021-03-06 18:22:07,096 [INFO] Initial range for Amps is 0.500000 for Volts is 300.000000
ptd-server 2021-03-06 18:22:07,096 [INFO] Sending to ptd: 'SR,V,Auto'
ptd-server 2021-03-06 18:22:07,598 [INFO] Reply from ptd: 'Range V changed'
ptd-server 2021-03-06 18:22:07,598 [INFO] Sending to ptd: 'SR,A,Auto'
ptd-server 2021-03-06 18:22:08,101 [INFO] Reply from ptd: 'Range A changed'
ptd-server 2021-03-06 18:22:18,111 [INFO] Starting ranging mode
ptd-server 2021-03-06 18:22:18,111 [INFO] Sending to ptd: 'Go,1000,0,2021-03-06_18-21-49_ranging'
ptd-server 2021-03-06 18:22:18,112 [INFO] Reply from ptd: 'Starting untimed measurement, maximum 500000 samples at 1000ms with 0 rampup samples'
ptd-server 2021-03-06 18:22:18,112 [INFO] Sending reply to client 'OK'
ptd-server 2021-03-06 18:32:51,021 [INFO] Got command from the client 'session,2021-03-06_18-21-49,stop,ranging'
ptd-server 2021-03-06 18:33:01,021 [INFO] Sending to ptd: 'Stop'
ptd-server 2021-03-06 18:33:01,022 [INFO] Reply from ptd: 'Stopping untimed measurement'
ptd-server 2021-03-06 18:33:01,491 [INFO] Sending reply to client 'OK'
ptd-server 2021-03-06 18:33:01,538 [INFO] Got command from the client 'time'
ptd-server 2021-03-06 18:33:01,538 [INFO] Sending reply to client '1615055581.5385697'
ptd-server 2021-03-06 18:33:01,543 [INFO] Got command from the client 'session,2021-03-06_18-21-49,start,testing'
ptd-server 2021-03-06 18:33:01,543 [INFO] Sending to ptd: 'SR,V,249.760000'
ptd-server 2021-03-06 18:33:03,044 [INFO] Reply from ptd: 'Range V changed'
ptd-server 2021-03-06 18:33:03,044 [INFO] Sending to ptd: 'SR,A,0.060000'
ptd-server 2021-03-06 18:33:04,546 [INFO] Reply from ptd: 'Range A changed'
ptd-server 2021-03-06 18:33:14,556 [INFO] Starting testing mode
ptd-server 2021-03-06 18:33:14,556 [INFO] Sending to ptd: 'Go,1000,0,2021-03-06_18-21-49_testing'
ptd-server 2021-03-06 18:33:14,556 [INFO] Reply from ptd: 'Starting untimed measurement, maximum 500000 samples at 1000ms with 0 rampup samples'
ptd-server 2021-03-06 18:33:14,557 [INFO] Sending reply to client 'OK'
ptd-server 2021-03-06 18:43:52,317 [INFO] Got command from the client 'session,2021-03-06_18-21-49,stop,testing'
ptd-server 2021-03-06 18:44:02,328 [INFO] Sending to ptd: 'Stop'
ptd-server 2021-03-06 18:44:02,328 [INFO] Reply from ptd: 'Stopping untimed measurement'
ptd-server 2021-03-06 18:44:02,566 [INFO] Sending reply to client 'OK'
ptd-server 2021-03-06 18:44:02,585 [INFO] Got command from the client 'session,2021-03-06_18-21-49,upload,client.log'
ptd-server 2021-03-06 18:44:02,588 [INFO] Received '/home/anton/projects/mlperf/power-dev/output/2021-03-06_18-21-49client.log.tmp'
ptd-server 2021-03-06 18:44:02,588 [INFO] Removed '/home/anton/projects/mlperf/power-dev/output/2021-03-06_18-21-49client.log.tmp'
ptd-server 2021-03-06 18:44:02,589 [INFO] Sending reply to client 'OK'
ptd-server 2021-03-06 18:44:02,601 [INFO] Got command from the client 'session,2021-03-06_18-21-49,upload,client.json'
ptd-server 2021-03-06 18:44:02,604 [INFO] Received '/home/anton/projects/mlperf/power-dev/output/2021-03-06_18-21-49client.json.tmp'
ptd-server 2021-03-06 18:44:02,604 [INFO] Removed '/home/anton/projects/mlperf/power-dev/output/2021-03-06_18-21-49client.json.tmp'
ptd-server 2021-03-06 18:44:02,604 [INFO] Sending reply to client 'OK'
ptd-server 2021-03-06 18:44:02,607 [INFO] Got command from the client 'session,2021-03-06_18-21-49,done'
ptd-server 2021-03-06 18:44:02,607 [INFO] Sending to ptd: 'Stop'
ptd-server 2021-03-06 18:44:02,607 [INFO] Reply from ptd: 'Error: no measurement to stop'
ptd-server 2021-03-06 18:44:02,607 [INFO] Sending to ptd: 'SR,V,300.000000'
ptd-server 2021-03-06 18:44:04,109 [INFO] Reply from ptd: 'Range V changed'
ptd-server 2021-03-06 18:44:04,109 [INFO] Sending to ptd: 'SR,A,0.500000'
ptd-server 2021-03-06 18:44:05,610 [INFO] Reply from ptd: 'Range A changed'
ptd-server 2021-03-06 18:44:05,610 [INFO] Set initial values for Amps 0.500000 and Volts 300.000000
ptd-server 2021-03-06 18:44:05,610 [INFO] Stopping ptd...
