ptd-server 2021-02-27 20:00:11,901 [INFO] Got command from the client 'time'
ptd-server 2021-02-27 20:00:11,901 [INFO] Sending reply to client '1614456011.9011788'
ptd-server 2021-02-27 20:00:11,902 [INFO] Got command from the client 'new,,a5932e77-21dd-4768-8c88-7db22897a398'
ptd-server 2021-02-27 20:00:11,902 [INFO] Sending reply to client 'OK 2021-02-27_20-00-11,06ce7163-1216-4b6d-9e82-1c1a667443ae'
ptd-server 2021-02-27 20:00:11,937 [INFO] Got command from the client 'time'
ptd-server 2021-02-27 20:00:11,937 [INFO] Sending reply to client '1614456011.9375424'
ptd-server 2021-02-27 20:00:11,938 [INFO] Got command from the client 'session,2021-02-27_20-00-11,start,ranging'
ptd-server 2021-02-27 20:00:11,939 [INFO] Running PTDaemon: ['/home/anton/projects/mlperf/power/inference_v1.0/ptd-linux-x86', '-l', 'ptd.log', '-p', '8888', '52', '/dev/usbtmc0']
ptd-server 2021-02-27 20:00:29,106 [INFO] Sending to ptd: 'Hello'
ptd-server 2021-02-27 20:00:29,106 [INFO] Reply from ptd: 'Hello, PTDaemon here!'
ptd-server 2021-02-27 20:00:29,107 [INFO] Sending to ptd: 'Identify'
ptd-server 2021-02-27 20:00:29,107 [INFO] Reply from ptd: 'YokogawaWT330E,1000,1,1,1,1,0,0,1,version=1.9.2-e8c7a49a-20201208,OS=Linux 5.8.0-43-generic #49~20.04.1-Ubuntu SMP Fri Feb 5 09:57:56 UTC 2021 x86_64,mode=power,1,1,1,0,0,no_cal_date,YOKOGAWA;WT333E;C3VD30030E;F1.04'
ptd-server 2021-02-27 20:00:29,107 [INFO] Connected to PTDaemon
ptd-server 2021-02-27 20:00:29,107 [INFO] Sending to ptd: 'RR'
ptd-server 2021-02-27 20:00:29,107 [INFO] Reply from ptd: 'Ranges,0,0.500000,0,300.000000'
ptd-server 2021-02-27 20:00:29,108 [INFO] Initial range for Amps is 0.500000 for Volts is 300.000000
ptd-server 2021-02-27 20:00:29,108 [INFO] Sending to ptd: 'SR,V,Auto'
ptd-server 2021-02-27 20:00:29,610 [INFO] Reply from ptd: 'Range V changed'
ptd-server 2021-02-27 20:00:29,610 [INFO] Sending to ptd: 'SR,A,Auto'
ptd-server 2021-02-27 20:00:30,113 [INFO] Reply from ptd: 'Range A changed'
ptd-server 2021-02-27 20:00:40,123 [INFO] Starting ranging mode
ptd-server 2021-02-27 20:00:40,123 [INFO] Sending to ptd: 'Go,1000,0,2021-02-27_20-00-11_ranging'
ptd-server 2021-02-27 20:00:40,123 [INFO] Reply from ptd: 'Starting untimed measurement, maximum 500000 samples at 1000ms with 0 rampup samples'
ptd-server 2021-02-27 20:00:40,124 [INFO] Sending reply to client 'OK'
ptd-server 2021-02-27 20:10:58,548 [INFO] Got command from the client 'session,2021-02-27_20-00-11,stop,ranging'
ptd-server 2021-02-27 20:11:08,558 [INFO] Sending to ptd: 'Stop'
ptd-server 2021-02-27 20:11:08,559 [INFO] Reply from ptd: 'Stopping untimed measurement'
ptd-server 2021-02-27 20:11:08,680 [INFO] Sending reply to client 'OK'
ptd-server 2021-02-27 20:11:08,714 [INFO] Got command from the client 'time'
ptd-server 2021-02-27 20:11:08,715 [INFO] Sending reply to client '1614456668.7149699'
ptd-server 2021-02-27 20:11:08,716 [INFO] Got command from the client 'session,2021-02-27_20-00-11,start,testing'
ptd-server 2021-02-27 20:11:08,716 [INFO] Sending to ptd: 'SR,V,249.560000'
ptd-server 2021-02-27 20:11:10,625 [INFO] Reply from ptd: 'Range V changed'
ptd-server 2021-02-27 20:11:10,625 [INFO] Sending to ptd: 'SR,A,0.214080'
ptd-server 2021-02-27 20:11:12,126 [INFO] Reply from ptd: 'Range A changed'
ptd-server 2021-02-27 20:11:22,137 [INFO] Starting testing mode
ptd-server 2021-02-27 20:11:22,137 [INFO] Sending to ptd: 'Go,1000,0,2021-02-27_20-00-11_testing'
ptd-server 2021-02-27 20:11:22,137 [INFO] Reply from ptd: 'Starting untimed measurement, maximum 500000 samples at 1000ms with 0 rampup samples'
ptd-server 2021-02-27 20:11:22,137 [INFO] Sending reply to client 'OK'
ptd-server 2021-02-27 20:21:40,539 [INFO] Got command from the client 'session,2021-02-27_20-00-11,stop,testing'
ptd-server 2021-02-27 20:21:50,549 [INFO] Sending to ptd: 'Stop'
ptd-server 2021-02-27 20:21:50,549 [INFO] Reply from ptd: 'Stopping untimed measurement'
ptd-server 2021-02-27 20:21:50,615 [INFO] Sending reply to client 'OK'
ptd-server 2021-02-27 20:21:50,618 [INFO] Got command from the client 'session,2021-02-27_20-00-11,upload,client.log'
ptd-server 2021-02-27 20:21:50,619 [INFO] Received '/home/anton/projects/mlperf/power-dev/output/2021-02-27_20-00-11client.log.tmp'
ptd-server 2021-02-27 20:21:50,619 [INFO] Removed '/home/anton/projects/mlperf/power-dev/output/2021-02-27_20-00-11client.log.tmp'
ptd-server 2021-02-27 20:21:50,619 [INFO] Sending reply to client 'OK'
ptd-server 2021-02-27 20:21:50,623 [INFO] Got command from the client 'session,2021-02-27_20-00-11,upload,client.json'
ptd-server 2021-02-27 20:21:50,624 [INFO] Received '/home/anton/projects/mlperf/power-dev/output/2021-02-27_20-00-11client.json.tmp'
ptd-server 2021-02-27 20:21:50,624 [INFO] Removed '/home/anton/projects/mlperf/power-dev/output/2021-02-27_20-00-11client.json.tmp'
ptd-server 2021-02-27 20:21:50,624 [INFO] Sending reply to client 'OK'
ptd-server 2021-02-27 20:21:50,625 [INFO] Got command from the client 'session,2021-02-27_20-00-11,done'
ptd-server 2021-02-27 20:21:50,625 [INFO] Sending to ptd: 'Stop'
ptd-server 2021-02-27 20:21:51,137 [INFO] Reply from ptd: 'Error: no measurement to stop'
ptd-server 2021-02-27 20:21:51,137 [INFO] Sending to ptd: 'SR,V,300.000000'
ptd-server 2021-02-27 20:21:52,639 [INFO] Reply from ptd: 'Range V changed'
ptd-server 2021-02-27 20:21:52,639 [INFO] Sending to ptd: 'SR,A,0.500000'
ptd-server 2021-02-27 20:21:54,140 [INFO] Reply from ptd: 'Range A changed'
ptd-server 2021-02-27 20:21:54,140 [INFO] Set initial values for Amps 0.500000 and Volts 300.000000
ptd-server 2021-02-27 20:21:54,140 [INFO] Stopping ptd...
