ptd-server 2021-03-08 23:40:06,304 [INFO] Got command from the client 'time'
ptd-server 2021-03-08 23:40:06,304 [INFO] Sending reply to client '1615246806.304807'
ptd-server 2021-03-08 23:40:06,307 [INFO] Got command from the client 'new,,5117b4af-922f-4999-81da-4a73187ce5a4'
ptd-server 2021-03-08 23:40:06,307 [INFO] Sending reply to client 'OK 2021-03-08_23-40-06,3f4d17ed-6bac-4566-a127-39905443b4f7'
ptd-server 2021-03-08 23:40:06,343 [INFO] Got command from the client 'time'
ptd-server 2021-03-08 23:40:06,344 [INFO] Sending reply to client '1615246806.344044'
ptd-server 2021-03-08 23:40:06,346 [INFO] Got command from the client 'session,2021-03-08_23-40-06,start,ranging'
ptd-server 2021-03-08 23:40:06,346 [INFO] Running PTDaemon: ['/home/anton/projects/mlperf/power/inference_v1.0/ptd-linux-x86', '-l', 'ptd.log', '-p', '8888', '52', '/dev/usbtmc0']
ptd-server 2021-03-08 23:40:23,518 [INFO] Sending to ptd: 'Hello'
ptd-server 2021-03-08 23:40:23,518 [INFO] Reply from ptd: 'Hello, PTDaemon here!'
ptd-server 2021-03-08 23:40:23,518 [INFO] Sending to ptd: 'Identify'
ptd-server 2021-03-08 23:40:23,519 [INFO] Reply from ptd: 'YokogawaWT330E,1000,1,1,1,1,0,0,1,version=1.9.2-e8c7a49a-20201208,OS=Linux 5.8.0-43-generic #49~20.04.1-Ubuntu SMP Fri Feb 5 09:57:56 UTC 2021 x86_64,mode=power,1,1,1,0,0,no_cal_date,YOKOGAWA;WT333E;C3VD30030E;F1.04'
ptd-server 2021-03-08 23:40:23,519 [INFO] Connected to PTDaemon
ptd-server 2021-03-08 23:40:23,519 [INFO] Sending to ptd: 'RR'
ptd-server 2021-03-08 23:40:23,519 [INFO] Reply from ptd: 'Ranges,0,0.500000,0,300.000000'
ptd-server 2021-03-08 23:40:23,519 [INFO] Initial range for Amps is 0.500000 for Volts is 300.000000
ptd-server 2021-03-08 23:40:23,519 [INFO] Sending to ptd: 'SR,V,Auto'
ptd-server 2021-03-08 23:40:24,022 [INFO] Reply from ptd: 'Range V changed'
ptd-server 2021-03-08 23:40:24,022 [INFO] Sending to ptd: 'SR,A,Auto'
ptd-server 2021-03-08 23:40:24,524 [INFO] Reply from ptd: 'Range A changed'
ptd-server 2021-03-08 23:40:34,535 [INFO] Starting ranging mode
ptd-server 2021-03-08 23:40:34,535 [INFO] Sending to ptd: 'Go,1000,0,2021-03-08_23-40-06_ranging'
ptd-server 2021-03-08 23:40:34,535 [INFO] Reply from ptd: 'Starting untimed measurement, maximum 500000 samples at 1000ms with 0 rampup samples'
ptd-server 2021-03-08 23:40:34,535 [INFO] Sending reply to client 'OK'
ptd-server 2021-03-08 23:50:54,141 [INFO] Got command from the client 'session,2021-03-08_23-40-06,stop,ranging'
ptd-server 2021-03-08 23:51:04,151 [INFO] Sending to ptd: 'Stop'
ptd-server 2021-03-08 23:51:04,152 [INFO] Reply from ptd: 'Stopping untimed measurement'
ptd-server 2021-03-08 23:51:04,821 [INFO] Sending reply to client 'OK'
ptd-server 2021-03-08 23:51:04,862 [INFO] Got command from the client 'time'
ptd-server 2021-03-08 23:51:04,862 [INFO] Sending reply to client '1615247464.8628733'
ptd-server 2021-03-08 23:51:04,865 [INFO] Got command from the client 'session,2021-03-08_23-40-06,start,testing'
ptd-server 2021-03-08 23:51:04,865 [INFO] Sending to ptd: 'SR,V,248.950000'
ptd-server 2021-03-08 23:51:06,366 [INFO] Reply from ptd: 'Range V changed'
ptd-server 2021-03-08 23:51:06,366 [INFO] Sending to ptd: 'SR,A,0.144010'
ptd-server 2021-03-08 23:51:07,868 [INFO] Reply from ptd: 'Range A changed'
ptd-server 2021-03-08 23:51:17,878 [INFO] Starting testing mode
ptd-server 2021-03-08 23:51:17,878 [INFO] Sending to ptd: 'Go,1000,0,2021-03-08_23-40-06_testing'
ptd-server 2021-03-08 23:51:17,878 [INFO] Reply from ptd: 'Starting untimed measurement, maximum 500000 samples at 1000ms with 0 rampup samples'
ptd-server 2021-03-08 23:51:17,879 [INFO] Sending reply to client 'OK'
ptd-server 2021-03-09 00:01:33,313 [INFO] Got command from the client 'session,2021-03-08_23-40-06,stop,testing'
ptd-server 2021-03-09 00:01:43,324 [INFO] Sending to ptd: 'Stop'
ptd-server 2021-03-09 00:01:43,324 [INFO] Reply from ptd: 'Stopping untimed measurement'
ptd-server 2021-03-09 00:01:43,667 [INFO] Sending reply to client 'OK'
ptd-server 2021-03-09 00:01:43,676 [INFO] Got command from the client 'session,2021-03-08_23-40-06,upload,client.log'
ptd-server 2021-03-09 00:01:43,678 [INFO] Received '/home/anton/projects/mlperf/power-dev/output/2021-03-08_23-40-06client.log.tmp'
ptd-server 2021-03-09 00:01:43,678 [INFO] Removed '/home/anton/projects/mlperf/power-dev/output/2021-03-08_23-40-06client.log.tmp'
ptd-server 2021-03-09 00:01:43,678 [INFO] Sending reply to client 'OK'
ptd-server 2021-03-09 00:01:43,685 [INFO] Got command from the client 'session,2021-03-08_23-40-06,upload,client.json'
ptd-server 2021-03-09 00:01:43,685 [INFO] Received '/home/anton/projects/mlperf/power-dev/output/2021-03-08_23-40-06client.json.tmp'
ptd-server 2021-03-09 00:01:43,686 [INFO] Removed '/home/anton/projects/mlperf/power-dev/output/2021-03-08_23-40-06client.json.tmp'
ptd-server 2021-03-09 00:01:43,686 [INFO] Sending reply to client 'OK'
ptd-server 2021-03-09 00:01:43,687 [INFO] Got command from the client 'session,2021-03-08_23-40-06,done'
ptd-server 2021-03-09 00:01:43,687 [INFO] Sending to ptd: 'Stop'
ptd-server 2021-03-09 00:01:43,878 [INFO] Reply from ptd: 'Error: no measurement to stop'
ptd-server 2021-03-09 00:01:43,879 [INFO] Sending to ptd: 'SR,V,300.000000'
ptd-server 2021-03-09 00:01:45,380 [INFO] Reply from ptd: 'Range V changed'
ptd-server 2021-03-09 00:01:45,380 [INFO] Sending to ptd: 'SR,A,0.500000'
ptd-server 2021-03-09 00:01:46,881 [INFO] Reply from ptd: 'Range A changed'
ptd-server 2021-03-09 00:01:46,882 [INFO] Set initial values for Amps 0.500000 and Volts 300.000000
ptd-server 2021-03-09 00:01:46,882 [INFO] Stopping ptd...
