ptd-server 2021-03-05 17:26:42,184 [INFO] Got command from the client 'time'
ptd-server 2021-03-05 17:26:42,184 [INFO] Sending reply to client '1614965202.1847942'
ptd-server 2021-03-05 17:26:42,188 [INFO] Got command from the client 'new,,2bfece31-f7d0-417c-80f5-0e1942467cf6'
ptd-server 2021-03-05 17:26:42,188 [INFO] Sending reply to client 'OK 2021-03-05_17-26-42,35923769-eb1b-41fd-b991-2155d5bb7341'
ptd-server 2021-03-05 17:26:42,233 [INFO] Got command from the client 'time'
ptd-server 2021-03-05 17:26:42,233 [INFO] Sending reply to client '1614965202.2337542'
ptd-server 2021-03-05 17:26:42,237 [INFO] Got command from the client 'session,2021-03-05_17-26-42,start,ranging'
ptd-server 2021-03-05 17:26:42,238 [INFO] Running PTDaemon: ['/home/anton/projects/mlperf/power/inference_v1.0/ptd-linux-x86', '-l', 'ptd.log', '-p', '8888', '52', '/dev/usbtmc0']
ptd-server 2021-03-05 17:26:59,406 [INFO] Sending to ptd: 'Hello'
ptd-server 2021-03-05 17:26:59,406 [INFO] Reply from ptd: 'Hello, PTDaemon here!'
ptd-server 2021-03-05 17:26:59,406 [INFO] Sending to ptd: 'Identify'
ptd-server 2021-03-05 17:26:59,407 [INFO] Reply from ptd: 'YokogawaWT330E,1000,1,1,1,1,0,0,1,version=1.9.2-e8c7a49a-20201208,OS=Linux 5.8.0-43-generic #49~20.04.1-Ubuntu SMP Fri Feb 5 09:57:56 UTC 2021 x86_64,mode=power,1,1,1,0,0,no_cal_date,YOKOGAWA;WT333E;C3VD30030E;F1.04'
ptd-server 2021-03-05 17:26:59,407 [INFO] Connected to PTDaemon
ptd-server 2021-03-05 17:26:59,407 [INFO] Sending to ptd: 'RR'
ptd-server 2021-03-05 17:26:59,407 [INFO] Reply from ptd: 'Ranges,0,0.500000,0,300.000000'
ptd-server 2021-03-05 17:26:59,408 [INFO] Initial range for Amps is 0.500000 for Volts is 300.000000
ptd-server 2021-03-05 17:26:59,408 [INFO] Sending to ptd: 'SR,V,Auto'
ptd-server 2021-03-05 17:26:59,910 [INFO] Reply from ptd: 'Range V changed'
ptd-server 2021-03-05 17:26:59,910 [INFO] Sending to ptd: 'SR,A,Auto'
ptd-server 2021-03-05 17:27:00,413 [INFO] Reply from ptd: 'Range A changed'
ptd-server 2021-03-05 17:27:10,423 [INFO] Starting ranging mode
ptd-server 2021-03-05 17:27:10,423 [INFO] Sending to ptd: 'Go,1000,0,2021-03-05_17-26-42_ranging'
ptd-server 2021-03-05 17:27:10,424 [INFO] Reply from ptd: 'Starting untimed measurement, maximum 500000 samples at 1000ms with 0 rampup samples'
ptd-server 2021-03-05 17:27:10,424 [INFO] Sending reply to client 'OK'
ptd-server 2021-03-05 17:37:41,878 [INFO] Got command from the client 'session,2021-03-05_17-26-42,stop,ranging'
ptd-server 2021-03-05 17:37:51,889 [INFO] Sending to ptd: 'Stop'
ptd-server 2021-03-05 17:37:51,889 [INFO] Reply from ptd: 'Stopping untimed measurement'
ptd-server 2021-03-05 17:37:52,239 [INFO] Sending reply to client 'OK'
ptd-server 2021-03-05 17:37:52,291 [INFO] Got command from the client 'time'
ptd-server 2021-03-05 17:37:52,291 [INFO] Sending reply to client '1614965872.2918918'
ptd-server 2021-03-05 17:37:52,295 [INFO] Got command from the client 'session,2021-03-05_17-26-42,start,testing'
ptd-server 2021-03-05 17:37:52,295 [INFO] Sending to ptd: 'SR,V,250.460000'
ptd-server 2021-03-05 17:37:53,926 [INFO] Reply from ptd: 'Range V changed'
ptd-server 2021-03-05 17:37:53,926 [INFO] Sending to ptd: 'SR,A,0.055430'
ptd-server 2021-03-05 17:37:55,427 [INFO] Reply from ptd: 'Range A changed'
ptd-server 2021-03-05 17:38:05,437 [INFO] Starting testing mode
ptd-server 2021-03-05 17:38:05,437 [INFO] Sending to ptd: 'Go,1000,0,2021-03-05_17-26-42_testing'
ptd-server 2021-03-05 17:38:05,438 [INFO] Reply from ptd: 'Starting untimed measurement, maximum 500000 samples at 1000ms with 0 rampup samples'
ptd-server 2021-03-05 17:38:05,438 [INFO] Sending reply to client 'OK'
ptd-server 2021-03-05 17:48:41,944 [INFO] Got command from the client 'session,2021-03-05_17-26-42,stop,testing'
ptd-server 2021-03-05 17:48:51,955 [INFO] Sending to ptd: 'Stop'
ptd-server 2021-03-05 17:48:51,955 [INFO] Reply from ptd: 'Stopping untimed measurement'
ptd-server 2021-03-05 17:48:52,138 [INFO] Sending reply to client 'OK'
ptd-server 2021-03-05 17:48:52,147 [INFO] Got command from the client 'session,2021-03-05_17-26-42,upload,client.log'
ptd-server 2021-03-05 17:48:52,150 [INFO] Received '/home/anton/projects/mlperf/power-dev/output/2021-03-05_17-26-42client.log.tmp'
ptd-server 2021-03-05 17:48:52,151 [INFO] Removed '/home/anton/projects/mlperf/power-dev/output/2021-03-05_17-26-42client.log.tmp'
ptd-server 2021-03-05 17:48:52,151 [INFO] Sending reply to client 'OK'
ptd-server 2021-03-05 17:48:52,163 [INFO] Got command from the client 'session,2021-03-05_17-26-42,upload,client.json'
ptd-server 2021-03-05 17:48:52,167 [INFO] Received '/home/anton/projects/mlperf/power-dev/output/2021-03-05_17-26-42client.json.tmp'
ptd-server 2021-03-05 17:48:52,167 [INFO] Removed '/home/anton/projects/mlperf/power-dev/output/2021-03-05_17-26-42client.json.tmp'
ptd-server 2021-03-05 17:48:52,167 [INFO] Sending reply to client 'OK'
ptd-server 2021-03-05 17:48:52,170 [INFO] Got command from the client 'session,2021-03-05_17-26-42,done'
ptd-server 2021-03-05 17:48:52,170 [INFO] Sending to ptd: 'Stop'
ptd-server 2021-03-05 17:48:52,439 [INFO] Reply from ptd: 'Error: no measurement to stop'
ptd-server 2021-03-05 17:48:52,439 [INFO] Sending to ptd: 'SR,V,300.000000'
ptd-server 2021-03-05 17:48:53,940 [INFO] Reply from ptd: 'Range V changed'
ptd-server 2021-03-05 17:48:53,940 [INFO] Sending to ptd: 'SR,A,0.500000'
ptd-server 2021-03-05 17:48:55,441 [INFO] Reply from ptd: 'Range A changed'
ptd-server 2021-03-05 17:48:55,442 [INFO] Set initial values for Amps 0.500000 and Volts 300.000000
ptd-server 2021-03-05 17:48:55,442 [INFO] Stopping ptd...
