client 2021-03-17 12:40:21,816 [WARNING] Removing old loadgen logs directory '/home/scratch.mlperf_inf_ci/mlPerf/L1/A100x8_MaxQ-Computelab-A100x8-MaxQ-L1-1-2021-03-17-14-11-35-UTC/mlperf-inference/closed/NVIDIA/build/power_logs_temp'
client 2021-03-17 12:40:21,820 [INFO] Sending command to the server: 'mlcommons/power client v3'
client 2021-03-17 12:40:21,821 [INFO] Got response: 'mlcommons/power server v3'
client 2021-03-17 12:40:21,821 [INFO] Sending command to the server: 'stop'
client 2021-03-17 12:40:21,822 [INFO] Got response: 'OK'
client 2021-03-17 12:40:21,822 [INFO] Synchronizing with the server and with ib-01.dc4-in.nvidia.com...
client 2021-03-17 12:40:22,234 [INFO] NTP:offset = 0.029 s, delay = 0.207 s 
client 2021-03-17 12:40:22,234 [INFO] Sending command to the server: 'time'
client 2021-03-17 12:40:22,240 [INFO] Got response: '1616010022.2444034'
client 2021-03-17 12:40:22,240 [INFO] The time difference between the client and the server is within range -9.792 ms..-4.018 ms
client 2021-03-17 12:40:22,240 [INFO] Sending command to the server: 'new,,c0e0d906-b9a2-4536-aef7-2eb10b453666'
client 2021-03-17 12:40:22,241 [INFO] Got response: 'OK 2021-03-17_12-40-22,7accd89a-7fdb-42ef-8cd1-d98c3fe504bb'
client 2021-03-17 12:40:22,241 [INFO] Session id is '2021-03-17_12-40-22'
client 2021-03-17 12:40:22,242 [INFO] Sources: {"sources": {"client.py": "d1e75cb4b26101220ebd242e584cf3ca5d8f1996", "lib/__init__.py": "da39a3ee5e6b4b0d3255bfef95601890afd80709", "lib/client.py": "d42bebf5b74cb6ff3997e2a6c68422afac111a28", "lib/common.py": "b0bad80d8fa328a7636027d4d66ff453f8dd7889", "lib/external/ntplib.py": "4da8f970656505a40483206ef2b5d3dd5e81711d", "lib/server.py": "2ed36471c7af565d6c8438b2134edad1d7ddf166", "lib/source_hashes.py": "4cedff274c661cb1504052018fd4f00dfbf624ef", "lib/summary.py": "0db15d783907aa92038281af4e465545c0648ddb", "lib/time_sync.py": "76051226ec89287839723352f4162aaa24e0546a", "server.py": "99e1310e3f76292aef1b8792ce6b8c82f1d44d8b", "tests/unit/test_server.py": "64f11775bfed35232a0e8bb9593c0ff992432c59", "tests/unit/test_source_hashes.py": "cb41a7261eaf7d94ba5c0aae9c523174f6204be3"}, "modules": {"__main__": "client.py", "lib.client": "lib/client.py", "lib.common": "lib/common.py", "lib.external.ntplib": "lib/external/ntplib.py", "lib.source_hashes": "lib/source_hashes.py", "lib.summary": "lib/summary.py", "lib.time_sync": "lib/time_sync.py"}}
client 2021-03-17 12:40:22,243 [INFO] Running workload in ranging mode
client 2021-03-17 12:40:22,243 [INFO] Synchronizing with the server and with ib-01.dc4-in.nvidia.com...
client 2021-03-17 12:40:22,445 [INFO] NTP:offset = 0.029 s, delay = 0.201 s 
client 2021-03-17 12:40:22,445 [INFO] Sending command to the server: 'time'
client 2021-03-17 12:40:22,447 [INFO] Got response: '1616010022.4631157'
client 2021-03-17 12:40:22,447 [INFO] The time difference between the client and the server is within range -17.455 ms..-16.036 ms
client 2021-03-17 12:40:22,447 [INFO] Sending command to the server: 'session,2021-03-17_12-40-22,start,ranging'
client 2021-03-17 12:41:02,075 [INFO] Got response: 'OK'
client 2021-03-17 12:41:02,075 [INFO] Running the workload 'LOG_DIR=/home/scratch.mlperf_inf_ci/mlPerf/L1/A100x8_MaxQ-Computelab-A100x8-MaxQ-L1-1-2021-03-17-14-11-35-UTC/mlperf-inference/closed/NVIDIA/build/power_logs_temp python3 code/main.py --benchmarks=bert --scenarios=Offline --test_mode=PerformanceOnly --config_ver=maxq --action="run_harness" \\\n\t\t&& cp -v /home/scratch.mlperf_inf_ci/mlPerf/L1/A100x8_MaxQ-Computelab-A100x8-MaxQ-L1-1-2021-03-17-14-11-35-UTC/mlperf-inference/closed/NVIDIA/build/power_logs_temp/*/*/*/mlperf_log_detail.txt /home/scratch.mlperf_inf_ci/mlPerf/L1/A100x8_MaxQ-Computelab-A100x8-MaxQ-L1-1-2021-03-17-14-11-35-UTC/mlperf-inference/closed/NVIDIA/build/power_logs_temp/ \\\n\t\t&& cp -v /home/scratch.mlperf_inf_ci/mlPerf/L1/A100x8_MaxQ-Computelab-A100x8-MaxQ-L1-1-2021-03-17-14-11-35-UTC/mlperf-inference/closed/NVIDIA/build/power_logs_temp/*/*/*/mlperf_log_summary.txt /home/scratch.mlperf_inf_ci/mlPerf/L1/A100x8_MaxQ-Computelab-A100x8-MaxQ-L1-1-2021-03-17-14-11-35-UTC/mlperf-inference/closed/NVIDIA/build/power_logs_temp/'
client 2021-03-17 12:55:41,337 [INFO] Sending command to the server: 'session,2021-03-17_12-40-22,stop,ranging'
client 2021-03-17 12:55:51,404 [INFO] Got response: 'OK'
client 2021-03-17 12:55:51,409 [INFO] Packing logs into zip and uploading to the server
client 2021-03-17 12:55:51,432 [INFO] Zip file size: 64.0 kB
client 2021-03-17 12:55:51,454 [INFO] Got response: 'OK'
client 2021-03-17 12:55:51,454 [INFO] Running workload in testing mode
client 2021-03-17 12:55:51,454 [INFO] Synchronizing with the server and with ib-01.dc4-in.nvidia.com...
client 2021-03-17 12:55:51,665 [INFO] NTP:offset = 0.041 s, delay = 0.201 s 
client 2021-03-17 12:55:51,665 [INFO] Sending command to the server: 'time'
client 2021-03-17 12:55:51,666 [INFO] Got response: '1616010951.6904624'
client 2021-03-17 12:55:51,666 [INFO] The time difference between the client and the server is within range -25.042 ms..-23.719 ms
client 2021-03-17 12:55:51,666 [INFO] Sending command to the server: 'session,2021-03-17_12-40-22,start,testing'
client 2021-03-17 12:56:13,750 [INFO] Got response: 'OK'
client 2021-03-17 12:56:13,751 [INFO] Running the workload 'LOG_DIR=/home/scratch.mlperf_inf_ci/mlPerf/L1/A100x8_MaxQ-Computelab-A100x8-MaxQ-L1-1-2021-03-17-14-11-35-UTC/mlperf-inference/closed/NVIDIA/build/power_logs_temp python3 code/main.py --benchmarks=bert --scenarios=Offline --test_mode=PerformanceOnly --config_ver=maxq --action="run_harness" \\\n\t\t&& cp -v /home/scratch.mlperf_inf_ci/mlPerf/L1/A100x8_MaxQ-Computelab-A100x8-MaxQ-L1-1-2021-03-17-14-11-35-UTC/mlperf-inference/closed/NVIDIA/build/power_logs_temp/*/*/*/mlperf_log_detail.txt /home/scratch.mlperf_inf_ci/mlPerf/L1/A100x8_MaxQ-Computelab-A100x8-MaxQ-L1-1-2021-03-17-14-11-35-UTC/mlperf-inference/closed/NVIDIA/build/power_logs_temp/ \\\n\t\t&& cp -v /home/scratch.mlperf_inf_ci/mlPerf/L1/A100x8_MaxQ-Computelab-A100x8-MaxQ-L1-1-2021-03-17-14-11-35-UTC/mlperf-inference/closed/NVIDIA/build/power_logs_temp/*/*/*/mlperf_log_summary.txt /home/scratch.mlperf_inf_ci/mlPerf/L1/A100x8_MaxQ-Computelab-A100x8-MaxQ-L1-1-2021-03-17-14-11-35-UTC/mlperf-inference/closed/NVIDIA/build/power_logs_temp/'
client 2021-03-17 13:10:56,508 [INFO] Sending command to the server: 'session,2021-03-17_12-40-22,stop,testing'
client 2021-03-17 13:11:06,551 [INFO] Got response: 'OK'
client 2021-03-17 13:11:06,557 [INFO] Packing logs into zip and uploading to the server
client 2021-03-17 13:11:06,583 [INFO] Zip file size: 64.0 kB
client 2021-03-17 13:11:06,605 [INFO] Got response: 'OK'
client 2021-03-17 13:11:06,606 [INFO] Done runs
