ptd-server 2021-03-17 12:40:21,838 [INFO] Got command from the client 'stop'
ptd-server 2021-03-17 12:40:21,838 [INFO] The server will be stopped after processing this client
ptd-server 2021-03-17 12:40:21,838 [INFO] Sending reply to client 'OK'
ptd-server 2021-03-17 12:40:22,244 [INFO] Got command from the client 'time'
ptd-server 2021-03-17 12:40:22,244 [INFO] Sending reply to client '1616010022.2444034'
ptd-server 2021-03-17 12:40:22,259 [INFO] Got command from the client 'new,,c0e0d906-b9a2-4536-aef7-2eb10b453666'
ptd-server 2021-03-17 12:40:22,259 [INFO] Sending reply to client 'OK 2021-03-17_12-40-22,7accd89a-7fdb-42ef-8cd1-d98c3fe504bb'
ptd-server 2021-03-17 12:40:22,463 [INFO] Got command from the client 'time'
ptd-server 2021-03-17 12:40:22,463 [INFO] Sending reply to client '1616010022.4631157'
ptd-server 2021-03-17 12:40:22,463 [INFO] Got command from the client 'session,2021-03-17_12-40-22,start,ranging'
ptd-server 2021-03-17 12:40:22,572 [INFO] Running PTDaemon: ['C:\\PTD\\ptd-windows-x86.exe', '-l', 'C:\\logs_ptdeamon.txt', '-p', '8888', '-c', '1,3', '-y', '77', '172.22.0.90']
ptd-server 2021-03-17 12:40:41,942 [INFO] Sending to ptd: 'Hello'
ptd-server 2021-03-17 12:40:41,942 [INFO] Reply from ptd: 'Hello, PTDaemon here!'
ptd-server 2021-03-17 12:40:41,942 [INFO] Sending to ptd: 'Identify'
ptd-server 2021-03-17 12:40:41,942 [INFO] Reply from ptd: 'YokogawaWT330_multichannel,1000,1,1,1,1,0,0,1,version=1.9.2-3976349f-20201208,OS=Windows 8 / Server 2012,mode=power,1,1,2,0,0,no_cal_date,YOKOGAWA;WT333E;C2WA21018V;F1.04'
ptd-server 2021-03-17 12:40:41,942 [INFO] Connected to PTDaemon
ptd-server 2021-03-17 12:40:41,942 [INFO] Sending to ptd: 'RR'
ptd-server 2021-03-17 12:40:41,942 [INFO] Reply from ptd: 'Ranges,0,20.000000,1,300.000000'
ptd-server 2021-03-17 12:40:41,942 [INFO] Initial range for Amps is 20.000000 for Volts is Auto
ptd-server 2021-03-17 12:40:41,942 [INFO] Sending to ptd: 'SR,V,Auto'
ptd-server 2021-03-17 12:40:47,012 [INFO] Reply from ptd: 'Range V changed'
ptd-server 2021-03-17 12:40:47,012 [INFO] Sending to ptd: 'SR,A,Auto'
ptd-server 2021-03-17 12:40:52,088 [INFO] Reply from ptd: 'Range A changed'
ptd-server 2021-03-17 12:41:02,088 [INFO] Starting ranging mode
ptd-server 2021-03-17 12:41:02,088 [INFO] Sending to ptd: 'Go,1000,0,2021-03-17_12-40-22_ranging'
ptd-server 2021-03-17 12:41:02,088 [INFO] Reply from ptd: 'Starting untimed measurement, maximum 500000 samples at 1000ms with 0 rampup samples'
ptd-server 2021-03-17 12:41:02,088 [INFO] Sending reply to client 'OK'
ptd-server 2021-03-17 12:55:41,367 [INFO] Got command from the client 'session,2021-03-17_12-40-22,stop,ranging'
ptd-server 2021-03-17 12:55:51,378 [INFO] Sending to ptd: 'Stop'
ptd-server 2021-03-17 12:55:51,378 [INFO] Reply from ptd: 'Stopping untimed measurement'
ptd-server 2021-03-17 12:55:51,424 [INFO] Sending reply to client 'OK'
ptd-server 2021-03-17 12:55:51,456 [INFO] Got command from the client 'session,2021-03-17_12-40-22,upload,ranging'
ptd-server 2021-03-17 12:55:51,456 [INFO] Received 'C:\\ptd-logs\\2021-03-17_12-40-22ranging.tmp'
ptd-server 2021-03-17 12:55:51,471 [INFO] Extracted 'C:\\ptd-logs\\2021-03-17_12-40-22ranging.tmp' into 'C:\\ptd-logs\\2021-03-17_12-40-22\\ranging'
ptd-server 2021-03-17 12:55:51,471 [INFO] Removed 'C:\\ptd-logs\\2021-03-17_12-40-22ranging.tmp'
ptd-server 2021-03-17 12:55:51,471 [INFO] Sending reply to client 'OK'
ptd-server 2021-03-17 12:55:51,690 [INFO] Got command from the client 'time'
ptd-server 2021-03-17 12:55:51,690 [INFO] Sending reply to client '1616010951.6904624'
ptd-server 2021-03-17 12:55:51,690 [INFO] Got command from the client 'session,2021-03-17_12-40-22,start,testing'
ptd-server 2021-03-17 12:55:51,690 [INFO] Sending to ptd: 'SR,V,234.250000'
ptd-server 2021-03-17 12:55:58,175 [INFO] Reply from ptd: 'Range V changed'
ptd-server 2021-03-17 12:55:58,175 [INFO] Sending to ptd: 'SR,A,5.420900'
ptd-server 2021-03-17 12:56:03,768 [INFO] Reply from ptd: 'Range A changed'
ptd-server 2021-03-17 12:56:13,781 [INFO] Starting testing mode
ptd-server 2021-03-17 12:56:13,781 [INFO] Sending to ptd: 'Go,1000,0,2021-03-17_12-40-22_testing'
ptd-server 2021-03-17 12:56:13,781 [INFO] Reply from ptd: 'Starting untimed measurement, maximum 500000 samples at 1000ms with 0 rampup samples'
ptd-server 2021-03-17 12:56:13,781 [INFO] Sending reply to client 'OK'
ptd-server 2021-03-17 13:10:56,551 [INFO] Got command from the client 'session,2021-03-17_12-40-22,stop,testing'
ptd-server 2021-03-17 13:11:06,564 [INFO] Sending to ptd: 'Stop'
ptd-server 2021-03-17 13:11:06,564 [INFO] Reply from ptd: 'Stopping untimed measurement'
ptd-server 2021-03-17 13:11:06,580 [INFO] Sending reply to client 'OK'
ptd-server 2021-03-17 13:11:06,627 [INFO] Got command from the client 'session,2021-03-17_12-40-22,upload,testing'
ptd-server 2021-03-17 13:11:06,627 [INFO] Received 'C:\\ptd-logs\\2021-03-17_12-40-22testing.tmp'
ptd-server 2021-03-17 13:11:06,642 [INFO] Extracted 'C:\\ptd-logs\\2021-03-17_12-40-22testing.tmp' into 'C:\\ptd-logs\\2021-03-17_12-40-22\\run_1'
ptd-server 2021-03-17 13:11:06,642 [INFO] Removed 'C:\\ptd-logs\\2021-03-17_12-40-22testing.tmp'
ptd-server 2021-03-17 13:11:06,642 [INFO] Sending reply to client 'OK'
ptd-server 2021-03-17 13:11:06,642 [INFO] Got command from the client 'session,2021-03-17_12-40-22,upload,client.log'
ptd-server 2021-03-17 13:11:06,642 [INFO] Received 'C:\\ptd-logs\\2021-03-17_12-40-22client.log.tmp'
ptd-server 2021-03-17 13:11:06,658 [INFO] Removed 'C:\\ptd-logs\\2021-03-17_12-40-22client.log.tmp'
ptd-server 2021-03-17 13:11:06,658 [INFO] Sending reply to client 'OK'
ptd-server 2021-03-17 13:11:06,689 [INFO] Got command from the client 'session,2021-03-17_12-40-22,upload,client.json'
ptd-server 2021-03-17 13:11:06,689 [INFO] Received 'C:\\ptd-logs\\2021-03-17_12-40-22client.json.tmp'
ptd-server 2021-03-17 13:11:06,689 [INFO] Removed 'C:\\ptd-logs\\2021-03-17_12-40-22client.json.tmp'
ptd-server 2021-03-17 13:11:06,689 [INFO] Sending reply to client 'OK'
ptd-server 2021-03-17 13:11:06,689 [INFO] Got command from the client 'session,2021-03-17_12-40-22,done'
ptd-server 2021-03-17 13:11:06,689 [INFO] Sending to ptd: 'Stop'
ptd-server 2021-03-17 13:11:06,799 [INFO] Reply from ptd: 'Error: no measurement to stop'
ptd-server 2021-03-17 13:11:06,799 [INFO] Sending to ptd: 'SR,V,Auto'
ptd-server 2021-03-17 13:11:11,875 [INFO] Reply from ptd: 'Range V changed'
ptd-server 2021-03-17 13:11:11,875 [INFO] Sending to ptd: 'SR,A,20.000000'
ptd-server 2021-03-17 13:11:17,469 [INFO] Reply from ptd: 'Range A changed'
ptd-server 2021-03-17 13:11:17,469 [INFO] Set initial values for Amps 20.000000 and Volts Auto
ptd-server 2021-03-17 13:11:17,469 [INFO] Stopping ptd...
