ptd-server 2021-03-06 14:37:27,491 [INFO] Got command from the client 'time'
ptd-server 2021-03-06 14:37:27,492 [INFO] Sending reply to client '1615041447.4920774'
ptd-server 2021-03-06 14:37:27,495 [INFO] Got command from the client 'new,,f98fd381-79e7-40f4-9451-2a9a070b0661'
ptd-server 2021-03-06 14:37:27,496 [INFO] Sending reply to client 'OK 2021-03-06_14-37-27,9041e394-4698-4918-bdd3-06d06c1ab624'
ptd-server 2021-03-06 14:37:27,531 [INFO] Got command from the client 'time'
ptd-server 2021-03-06 14:37:27,531 [INFO] Sending reply to client '1615041447.531941'
ptd-server 2021-03-06 14:37:27,535 [INFO] Got command from the client 'session,2021-03-06_14-37-27,start,ranging'
ptd-server 2021-03-06 14:37:27,535 [INFO] Running PTDaemon: ['/home/anton/projects/mlperf/power/inference_v1.0/ptd-linux-x86', '-l', 'ptd.log', '-p', '8888', '52', '/dev/usbtmc0']
ptd-server 2021-03-06 14:37:44,705 [INFO] Sending to ptd: 'Hello'
ptd-server 2021-03-06 14:37:44,706 [INFO] Reply from ptd: 'Hello, PTDaemon here!'
ptd-server 2021-03-06 14:37:44,706 [INFO] Sending to ptd: 'Identify'
ptd-server 2021-03-06 14:37:44,706 [INFO] Reply from ptd: 'YokogawaWT330E,1000,1,1,1,1,0,0,1,version=1.9.2-e8c7a49a-20201208,OS=Linux 5.8.0-43-generic #49~20.04.1-Ubuntu SMP Fri Feb 5 09:57:56 UTC 2021 x86_64,mode=power,1,1,1,0,0,no_cal_date,YOKOGAWA;WT333E;C3VD30030E;F1.04'
ptd-server 2021-03-06 14:37:44,706 [INFO] Connected to PTDaemon
ptd-server 2021-03-06 14:37:44,707 [INFO] Sending to ptd: 'RR'
ptd-server 2021-03-06 14:37:44,707 [INFO] Reply from ptd: 'Ranges,0,0.500000,0,300.000000'
ptd-server 2021-03-06 14:37:44,707 [INFO] Initial range for Amps is 0.500000 for Volts is 300.000000
ptd-server 2021-03-06 14:37:44,707 [INFO] Sending to ptd: 'SR,V,Auto'
ptd-server 2021-03-06 14:37:45,231 [INFO] Reply from ptd: 'Range V changed'
ptd-server 2021-03-06 14:37:45,231 [INFO] Sending to ptd: 'SR,A,Auto'
ptd-server 2021-03-06 14:37:45,734 [INFO] Reply from ptd: 'Range A changed'
ptd-server 2021-03-06 14:37:55,740 [INFO] Starting ranging mode
ptd-server 2021-03-06 14:37:55,740 [INFO] Sending to ptd: 'Go,1000,0,2021-03-06_14-37-27_ranging'
ptd-server 2021-03-06 14:37:55,741 [INFO] Reply from ptd: 'Starting untimed measurement, maximum 500000 samples at 1000ms with 0 rampup samples'
ptd-server 2021-03-06 14:37:55,741 [INFO] Sending reply to client 'OK'
ptd-server 2021-03-06 14:48:31,233 [INFO] Got command from the client 'session,2021-03-06_14-37-27,stop,ranging'
ptd-server 2021-03-06 14:48:41,244 [INFO] Sending to ptd: 'Stop'
ptd-server 2021-03-06 14:48:41,244 [INFO] Reply from ptd: 'Stopping untimed measurement'
ptd-server 2021-03-06 14:48:41,679 [INFO] Sending reply to client 'OK'
ptd-server 2021-03-06 14:48:41,730 [INFO] Got command from the client 'time'
ptd-server 2021-03-06 14:48:41,730 [INFO] Sending reply to client '1615042121.7309551'
ptd-server 2021-03-06 14:48:41,734 [INFO] Got command from the client 'session,2021-03-06_14-37-27,start,testing'
ptd-server 2021-03-06 14:48:41,734 [INFO] Sending to ptd: 'SR,V,249.430000'
ptd-server 2021-03-06 14:48:43,243 [INFO] Reply from ptd: 'Range V changed'
ptd-server 2021-03-06 14:48:43,243 [INFO] Sending to ptd: 'SR,A,0.061820'
ptd-server 2021-03-06 14:48:44,744 [INFO] Reply from ptd: 'Range A changed'
ptd-server 2021-03-06 14:48:54,755 [INFO] Starting testing mode
ptd-server 2021-03-06 14:48:54,755 [INFO] Sending to ptd: 'Go,1000,0,2021-03-06_14-37-27_testing'
ptd-server 2021-03-06 14:48:54,755 [INFO] Reply from ptd: 'Starting untimed measurement, maximum 500000 samples at 1000ms with 0 rampup samples'
ptd-server 2021-03-06 14:48:54,755 [INFO] Sending reply to client 'OK'
ptd-server 2021-03-06 14:59:31,205 [INFO] Got command from the client 'session,2021-03-06_14-37-27,stop,testing'
ptd-server 2021-03-06 14:59:41,215 [INFO] Sending to ptd: 'Stop'
ptd-server 2021-03-06 14:59:41,216 [INFO] Reply from ptd: 'Stopping untimed measurement'
ptd-server 2021-03-06 14:59:41,443 [INFO] Sending reply to client 'OK'
ptd-server 2021-03-06 14:59:41,451 [INFO] Got command from the client 'session,2021-03-06_14-37-27,upload,client.log'
ptd-server 2021-03-06 14:59:41,454 [INFO] Received '/home/anton/projects/mlperf/power-dev/output/2021-03-06_14-37-27client.log.tmp'
ptd-server 2021-03-06 14:59:41,454 [INFO] Removed '/home/anton/projects/mlperf/power-dev/output/2021-03-06_14-37-27client.log.tmp'
ptd-server 2021-03-06 14:59:41,454 [INFO] Sending reply to client 'OK'
ptd-server 2021-03-06 14:59:41,467 [INFO] Got command from the client 'session,2021-03-06_14-37-27,upload,client.json'
ptd-server 2021-03-06 14:59:41,470 [INFO] Received '/home/anton/projects/mlperf/power-dev/output/2021-03-06_14-37-27client.json.tmp'
ptd-server 2021-03-06 14:59:41,470 [INFO] Removed '/home/anton/projects/mlperf/power-dev/output/2021-03-06_14-37-27client.json.tmp'
ptd-server 2021-03-06 14:59:41,470 [INFO] Sending reply to client 'OK'
ptd-server 2021-03-06 14:59:41,473 [INFO] Got command from the client 'session,2021-03-06_14-37-27,done'
ptd-server 2021-03-06 14:59:41,474 [INFO] Sending to ptd: 'Stop'
ptd-server 2021-03-06 14:59:41,755 [INFO] Reply from ptd: 'Error: no measurement to stop'
ptd-server 2021-03-06 14:59:41,756 [INFO] Sending to ptd: 'SR,V,300.000000'
ptd-server 2021-03-06 14:59:43,257 [INFO] Reply from ptd: 'Range V changed'
ptd-server 2021-03-06 14:59:43,257 [INFO] Sending to ptd: 'SR,A,0.500000'
ptd-server 2021-03-06 14:59:44,758 [INFO] Reply from ptd: 'Range A changed'
ptd-server 2021-03-06 14:59:44,759 [INFO] Set initial values for Amps 0.500000 and Volts 300.000000
ptd-server 2021-03-06 14:59:44,759 [INFO] Stopping ptd...
