ptd-server 2021-03-08 10:38:05,954 [INFO] Got command from the client 'time'
ptd-server 2021-03-08 10:38:05,954 [INFO] Sending reply to client '1615199885.9549346'
ptd-server 2021-03-08 10:38:05,957 [INFO] Got command from the client 'new,,dfcf31bb-61e6-4127-b02e-73df61f13410'
ptd-server 2021-03-08 10:38:05,958 [INFO] Sending reply to client 'OK 2021-03-08_10-38-05,12b01339-c0e7-456f-9682-3cd47461e64a'
ptd-server 2021-03-08 10:38:05,994 [INFO] Got command from the client 'time'
ptd-server 2021-03-08 10:38:05,994 [INFO] Sending reply to client '1615199885.9948354'
ptd-server 2021-03-08 10:38:05,997 [INFO] Got command from the client 'session,2021-03-08_10-38-05,start,ranging'
ptd-server 2021-03-08 10:38:05,998 [INFO] Running PTDaemon: ['/home/anton/projects/mlperf/power/inference_v1.0/ptd-linux-x86', '-l', 'ptd.log', '-p', '8888', '52', '/dev/usbtmc0']
ptd-server 2021-03-08 10:38:23,169 [INFO] Sending to ptd: 'Hello'
ptd-server 2021-03-08 10:38:23,170 [INFO] Reply from ptd: 'Hello, PTDaemon here!'
ptd-server 2021-03-08 10:38:23,170 [INFO] Sending to ptd: 'Identify'
ptd-server 2021-03-08 10:38:23,170 [INFO] Reply from ptd: 'YokogawaWT330E,1000,1,1,1,1,0,0,1,version=1.9.2-e8c7a49a-20201208,OS=Linux 5.8.0-43-generic #49~20.04.1-Ubuntu SMP Fri Feb 5 09:57:56 UTC 2021 x86_64,mode=power,1,1,1,0,0,no_cal_date,YOKOGAWA;WT333E;C3VD30030E;F1.04'
ptd-server 2021-03-08 10:38:23,170 [INFO] Connected to PTDaemon
ptd-server 2021-03-08 10:38:23,171 [INFO] Sending to ptd: 'RR'
ptd-server 2021-03-08 10:38:23,171 [INFO] Reply from ptd: 'Ranges,0,0.500000,0,300.000000'
ptd-server 2021-03-08 10:38:23,171 [INFO] Initial range for Amps is 0.500000 for Volts is 300.000000
ptd-server 2021-03-08 10:38:23,171 [INFO] Sending to ptd: 'SR,V,Auto'
ptd-server 2021-03-08 10:38:23,674 [INFO] Reply from ptd: 'Range V changed'
ptd-server 2021-03-08 10:38:23,674 [INFO] Sending to ptd: 'SR,A,Auto'
ptd-server 2021-03-08 10:38:24,176 [INFO] Reply from ptd: 'Range A changed'
ptd-server 2021-03-08 10:38:34,186 [INFO] Starting ranging mode
ptd-server 2021-03-08 10:38:34,187 [INFO] Sending to ptd: 'Go,1000,0,2021-03-08_10-38-05_ranging'
ptd-server 2021-03-08 10:38:34,187 [INFO] Reply from ptd: 'Starting untimed measurement, maximum 500000 samples at 1000ms with 0 rampup samples'
ptd-server 2021-03-08 10:38:34,187 [INFO] Sending reply to client 'OK'
ptd-server 2021-03-08 10:48:59,250 [INFO] Got command from the client 'session,2021-03-08_10-38-05,stop,ranging'
ptd-server 2021-03-08 10:49:09,260 [INFO] Sending to ptd: 'Stop'
ptd-server 2021-03-08 10:49:09,261 [INFO] Reply from ptd: 'Stopping untimed measurement'
ptd-server 2021-03-08 10:49:09,920 [INFO] Sending reply to client 'OK'
ptd-server 2021-03-08 10:49:09,991 [INFO] Got command from the client 'time'
ptd-server 2021-03-08 10:49:09,991 [INFO] Sending reply to client '1615200549.9916575'
ptd-server 2021-03-08 10:49:09,995 [INFO] Got command from the client 'session,2021-03-08_10-38-05,start,testing'
ptd-server 2021-03-08 10:49:09,995 [INFO] Sending to ptd: 'SR,V,250.710000'
ptd-server 2021-03-08 10:49:11,689 [INFO] Reply from ptd: 'Range V changed'
ptd-server 2021-03-08 10:49:11,689 [INFO] Sending to ptd: 'SR,A,0.051700'
ptd-server 2021-03-08 10:49:13,190 [INFO] Reply from ptd: 'Range A changed'
ptd-server 2021-03-08 10:49:23,196 [INFO] Starting testing mode
ptd-server 2021-03-08 10:49:23,196 [INFO] Sending to ptd: 'Go,1000,0,2021-03-08_10-38-05_testing'
ptd-server 2021-03-08 10:49:23,197 [INFO] Reply from ptd: 'Starting untimed measurement, maximum 500000 samples at 1000ms with 0 rampup samples'
ptd-server 2021-03-08 10:49:23,197 [INFO] Sending reply to client 'OK'
ptd-server 2021-03-08 10:59:52,876 [INFO] Got command from the client 'session,2021-03-08_10-38-05,stop,testing'
ptd-server 2021-03-08 11:00:02,884 [INFO] Sending to ptd: 'Stop'
ptd-server 2021-03-08 11:00:02,885 [INFO] Reply from ptd: 'Stopping untimed measurement'
ptd-server 2021-03-08 11:00:03,229 [INFO] Sending reply to client 'OK'
ptd-server 2021-03-08 11:00:03,237 [INFO] Got command from the client 'session,2021-03-08_10-38-05,upload,client.log'
ptd-server 2021-03-08 11:00:03,241 [INFO] Received '/home/anton/projects/mlperf/power-dev/output/2021-03-08_10-38-05client.log.tmp'
ptd-server 2021-03-08 11:00:03,242 [INFO] Removed '/home/anton/projects/mlperf/power-dev/output/2021-03-08_10-38-05client.log.tmp'
ptd-server 2021-03-08 11:00:03,242 [INFO] Sending reply to client 'OK'
ptd-server 2021-03-08 11:00:03,255 [INFO] Got command from the client 'session,2021-03-08_10-38-05,upload,client.json'
ptd-server 2021-03-08 11:00:03,258 [INFO] Received '/home/anton/projects/mlperf/power-dev/output/2021-03-08_10-38-05client.json.tmp'
ptd-server 2021-03-08 11:00:03,258 [INFO] Removed '/home/anton/projects/mlperf/power-dev/output/2021-03-08_10-38-05client.json.tmp'
ptd-server 2021-03-08 11:00:03,258 [INFO] Sending reply to client 'OK'
ptd-server 2021-03-08 11:00:03,261 [INFO] Got command from the client 'session,2021-03-08_10-38-05,done'
ptd-server 2021-03-08 11:00:03,261 [INFO] Sending to ptd: 'Stop'
ptd-server 2021-03-08 11:00:03,262 [INFO] Reply from ptd: 'Error: no measurement to stop'
ptd-server 2021-03-08 11:00:03,262 [INFO] Sending to ptd: 'SR,V,300.000000'
ptd-server 2021-03-08 11:00:04,763 [INFO] Reply from ptd: 'Range V changed'
ptd-server 2021-03-08 11:00:04,763 [INFO] Sending to ptd: 'SR,A,0.500000'
ptd-server 2021-03-08 11:00:06,265 [INFO] Reply from ptd: 'Range A changed'
ptd-server 2021-03-08 11:00:06,265 [INFO] Set initial values for Amps 0.500000 and Volts 300.000000
ptd-server 2021-03-08 11:00:06,265 [INFO] Stopping ptd...
