ptd-server 2021-03-05 13:42:25,333 [INFO] Got command from the client 'time'
ptd-server 2021-03-05 13:42:25,333 [INFO] Sending reply to client '1614951745.3336725'
ptd-server 2021-03-05 13:42:25,337 [INFO] Got command from the client 'new,,dddd9a40-c32b-43f4-88a8-9fc2567fde90'
ptd-server 2021-03-05 13:42:25,338 [INFO] Sending reply to client 'OK 2021-03-05_13-42-25,3064758c-9feb-4c95-a060-338266b758ef'
ptd-server 2021-03-05 13:42:25,383 [INFO] Got command from the client 'time'
ptd-server 2021-03-05 13:42:25,383 [INFO] Sending reply to client '1614951745.3833148'
ptd-server 2021-03-05 13:42:25,385 [INFO] Got command from the client 'session,2021-03-05_13-42-25,start,ranging'
ptd-server 2021-03-05 13:42:25,386 [INFO] Running PTDaemon: ['/home/anton/projects/mlperf/power/inference_v1.0/ptd-linux-x86', '-l', 'ptd.log', '-p', '8888', '52', '/dev/usbtmc0']
ptd-server 2021-03-05 13:42:42,553 [INFO] Sending to ptd: 'Hello'
ptd-server 2021-03-05 13:42:42,554 [INFO] Reply from ptd: 'Hello, PTDaemon here!'
ptd-server 2021-03-05 13:42:42,554 [INFO] Sending to ptd: 'Identify'
ptd-server 2021-03-05 13:42:42,554 [INFO] Reply from ptd: 'YokogawaWT330E,1000,1,1,1,1,0,0,1,version=1.9.2-e8c7a49a-20201208,OS=Linux 5.8.0-43-generic #49~20.04.1-Ubuntu SMP Fri Feb 5 09:57:56 UTC 2021 x86_64,mode=power,1,1,1,0,0,no_cal_date,YOKOGAWA;WT333E;C3VD30030E;F1.04'
ptd-server 2021-03-05 13:42:42,554 [INFO] Connected to PTDaemon
ptd-server 2021-03-05 13:42:42,554 [INFO] Sending to ptd: 'RR'
ptd-server 2021-03-05 13:42:42,555 [INFO] Reply from ptd: 'Ranges,0,0.500000,0,300.000000'
ptd-server 2021-03-05 13:42:42,555 [INFO] Initial range for Amps is 0.500000 for Volts is 300.000000
ptd-server 2021-03-05 13:42:42,555 [INFO] Sending to ptd: 'SR,V,Auto'
ptd-server 2021-03-05 13:42:43,057 [INFO] Reply from ptd: 'Range V changed'
ptd-server 2021-03-05 13:42:43,058 [INFO] Sending to ptd: 'SR,A,Auto'
ptd-server 2021-03-05 13:42:43,560 [INFO] Reply from ptd: 'Range A changed'
ptd-server 2021-03-05 13:42:53,570 [INFO] Starting ranging mode
ptd-server 2021-03-05 13:42:53,571 [INFO] Sending to ptd: 'Go,1000,0,2021-03-05_13-42-25_ranging'
ptd-server 2021-03-05 13:42:53,571 [INFO] Reply from ptd: 'Starting untimed measurement, maximum 500000 samples at 1000ms with 0 rampup samples'
ptd-server 2021-03-05 13:42:53,571 [INFO] Sending reply to client 'OK'
ptd-server 2021-03-05 13:53:24,969 [INFO] Got command from the client 'session,2021-03-05_13-42-25,stop,ranging'
ptd-server 2021-03-05 13:53:34,972 [INFO] Sending to ptd: 'Stop'
ptd-server 2021-03-05 13:53:34,973 [INFO] Reply from ptd: 'Stopping untimed measurement'
ptd-server 2021-03-05 13:53:35,302 [INFO] Sending reply to client 'OK'
ptd-server 2021-03-05 13:53:35,410 [INFO] Got command from the client 'time'
ptd-server 2021-03-05 13:53:35,411 [INFO] Sending reply to client '1614952415.4110944'
ptd-server 2021-03-05 13:53:35,414 [INFO] Got command from the client 'session,2021-03-05_13-42-25,start,testing'
ptd-server 2021-03-05 13:53:35,414 [INFO] Sending to ptd: 'SR,V,250.490000'
ptd-server 2021-03-05 13:53:37,072 [INFO] Reply from ptd: 'Range V changed'
ptd-server 2021-03-05 13:53:37,073 [INFO] Sending to ptd: 'SR,A,0.056650'
ptd-server 2021-03-05 13:53:38,574 [INFO] Reply from ptd: 'Range A changed'
ptd-server 2021-03-05 13:53:48,584 [INFO] Starting testing mode
ptd-server 2021-03-05 13:53:48,584 [INFO] Sending to ptd: 'Go,1000,0,2021-03-05_13-42-25_testing'
ptd-server 2021-03-05 13:53:48,585 [INFO] Reply from ptd: 'Starting untimed measurement, maximum 500000 samples at 1000ms with 0 rampup samples'
ptd-server 2021-03-05 13:53:48,585 [INFO] Sending reply to client 'OK'
ptd-server 2021-03-05 14:04:24,769 [INFO] Got command from the client 'session,2021-03-05_13-42-25,stop,testing'
ptd-server 2021-03-05 14:04:34,780 [INFO] Sending to ptd: 'Stop'
ptd-server 2021-03-05 14:04:34,780 [INFO] Reply from ptd: 'Stopping untimed measurement'
ptd-server 2021-03-05 14:04:34,950 [INFO] Sending reply to client 'OK'
ptd-server 2021-03-05 14:04:34,979 [INFO] Got command from the client 'session,2021-03-05_13-42-25,upload,client.log'
ptd-server 2021-03-05 14:04:35,008 [INFO] Received '/home/anton/projects/mlperf/power-dev/output/2021-03-05_13-42-25client.log.tmp'
ptd-server 2021-03-05 14:04:35,009 [INFO] Removed '/home/anton/projects/mlperf/power-dev/output/2021-03-05_13-42-25client.log.tmp'
ptd-server 2021-03-05 14:04:35,009 [INFO] Sending reply to client 'OK'
ptd-server 2021-03-05 14:04:35,022 [INFO] Got command from the client 'session,2021-03-05_13-42-25,upload,client.json'
ptd-server 2021-03-05 14:04:35,025 [INFO] Received '/home/anton/projects/mlperf/power-dev/output/2021-03-05_13-42-25client.json.tmp'
ptd-server 2021-03-05 14:04:35,025 [INFO] Removed '/home/anton/projects/mlperf/power-dev/output/2021-03-05_13-42-25client.json.tmp'
ptd-server 2021-03-05 14:04:35,025 [INFO] Sending reply to client 'OK'
ptd-server 2021-03-05 14:04:35,028 [INFO] Got command from the client 'session,2021-03-05_13-42-25,done'
ptd-server 2021-03-05 14:04:35,028 [INFO] Sending to ptd: 'Stop'
ptd-server 2021-03-05 14:04:35,585 [INFO] Reply from ptd: 'Error: no measurement to stop'
ptd-server 2021-03-05 14:04:35,586 [INFO] Sending to ptd: 'SR,V,300.000000'
ptd-server 2021-03-05 14:04:37,087 [INFO] Reply from ptd: 'Range V changed'
ptd-server 2021-03-05 14:04:37,087 [INFO] Sending to ptd: 'SR,A,0.500000'
ptd-server 2021-03-05 14:04:38,588 [INFO] Reply from ptd: 'Range A changed'
ptd-server 2021-03-05 14:04:38,589 [INFO] Set initial values for Amps 0.500000 and Volts 300.000000
ptd-server 2021-03-05 14:04:38,589 [INFO] Stopping ptd...
