client 2021-03-17 14:10:58,615 [WARNING] Removing old loadgen logs directory '/home/scratch.mlperf_inf_ci/mlPerf/L1/A100x8_MaxQ-Computelab-A100x8-MaxQ-L1-1-2021-03-17-14-11-35-UTC/mlperf-inference/closed/NVIDIA/build/power_logs_temp'
client 2021-03-17 14:10:58,619 [INFO] Sending command to the server: 'mlcommons/power client v3'
client 2021-03-17 14:10:58,620 [INFO] Got response: 'mlcommons/power server v3'
client 2021-03-17 14:10:58,620 [INFO] Sending command to the server: 'stop'
client 2021-03-17 14:10:58,621 [INFO] Got response: 'OK'
client 2021-03-17 14:10:58,621 [INFO] Synchronizing with the server and with ib-01.dc4-in.nvidia.com...
client 2021-03-17 14:10:58,826 [INFO] NTP:offset = 0.102 s, delay = 0.201 s 
client 2021-03-17 14:10:58,826 [INFO] Sending command to the server: 'time'
client 2021-03-17 14:10:58,827 [INFO] Got response: '1616015458.9114485'
client 2021-03-17 14:10:58,828 [INFO] The time difference between the client and the server is within range -84.970 ms..-83.417 ms
client 2021-03-17 14:10:58,828 [INFO] Sending command to the server: 'new,,5cbc482c-67fd-47a6-80e5-183d39c635b3'
client 2021-03-17 14:10:58,829 [INFO] Got response: 'OK 2021-03-17_14-10-58,4ffd72aa-6e2c-4ba2-9f59-8bcd9f18b30f'
client 2021-03-17 14:10:58,829 [INFO] Session id is '2021-03-17_14-10-58'
client 2021-03-17 14:10:58,829 [INFO] Sources: {"sources": {"client.py": "d1e75cb4b26101220ebd242e584cf3ca5d8f1996", "lib/__init__.py": "da39a3ee5e6b4b0d3255bfef95601890afd80709", "lib/client.py": "d42bebf5b74cb6ff3997e2a6c68422afac111a28", "lib/common.py": "b0bad80d8fa328a7636027d4d66ff453f8dd7889", "lib/external/ntplib.py": "4da8f970656505a40483206ef2b5d3dd5e81711d", "lib/server.py": "2ed36471c7af565d6c8438b2134edad1d7ddf166", "lib/source_hashes.py": "4cedff274c661cb1504052018fd4f00dfbf624ef", "lib/summary.py": "0db15d783907aa92038281af4e465545c0648ddb", "lib/time_sync.py": "76051226ec89287839723352f4162aaa24e0546a", "server.py": "99e1310e3f76292aef1b8792ce6b8c82f1d44d8b", "tests/unit/test_server.py": "64f11775bfed35232a0e8bb9593c0ff992432c59", "tests/unit/test_source_hashes.py": "cb41a7261eaf7d94ba5c0aae9c523174f6204be3"}, "modules": {"__main__": "client.py", "lib.client": "lib/client.py", "lib.common": "lib/common.py", "lib.external.ntplib": "lib/external/ntplib.py", "lib.source_hashes": "lib/source_hashes.py", "lib.summary": "lib/summary.py", "lib.time_sync": "lib/time_sync.py"}}
client 2021-03-17 14:10:58,831 [INFO] Running workload in ranging mode
client 2021-03-17 14:10:58,831 [INFO] Synchronizing with the server and with ib-01.dc4-in.nvidia.com...
client 2021-03-17 14:10:59,033 [INFO] NTP:offset = 0.102 s, delay = 0.201 s 
client 2021-03-17 14:10:59,033 [INFO] Sending command to the server: 'time'
client 2021-03-17 14:10:59,034 [INFO] Got response: '1616015459.1300972'
client 2021-03-17 14:10:59,034 [INFO] The time difference between the client and the server is within range -96.590 ms..-95.351 ms
client 2021-03-17 14:10:59,034 [INFO] Sending command to the server: 'session,2021-03-17_14-10-58,start,ranging'
client 2021-03-17 14:11:38,735 [INFO] Got response: 'OK'
client 2021-03-17 14:11:38,735 [INFO] Running the workload 'LOG_DIR=/home/scratch.mlperf_inf_ci/mlPerf/L1/A100x8_MaxQ-Computelab-A100x8-MaxQ-L1-1-2021-03-17-14-11-35-UTC/mlperf-inference/closed/NVIDIA/build/power_logs_temp python3 code/main.py --benchmarks=resnet50 --scenarios=Offline --test_mode=PerformanceOnly --config_ver=maxq --action="run_harness" \\\n\t\t&& cp -v /home/scratch.mlperf_inf_ci/mlPerf/L1/A100x8_MaxQ-Computelab-A100x8-MaxQ-L1-1-2021-03-17-14-11-35-UTC/mlperf-inference/closed/NVIDIA/build/power_logs_temp/*/*/*/mlperf_log_detail.txt /home/scratch.mlperf_inf_ci/mlPerf/L1/A100x8_MaxQ-Computelab-A100x8-MaxQ-L1-1-2021-03-17-14-11-35-UTC/mlperf-inference/closed/NVIDIA/build/power_logs_temp/ \\\n\t\t&& cp -v /home/scratch.mlperf_inf_ci/mlPerf/L1/A100x8_MaxQ-Computelab-A100x8-MaxQ-L1-1-2021-03-17-14-11-35-UTC/mlperf-inference/closed/NVIDIA/build/power_logs_temp/*/*/*/mlperf_log_summary.txt /home/scratch.mlperf_inf_ci/mlPerf/L1/A100x8_MaxQ-Computelab-A100x8-MaxQ-L1-1-2021-03-17-14-11-35-UTC/mlperf-inference/closed/NVIDIA/build/power_logs_temp/'
client 2021-03-17 14:24:23,861 [INFO] Sending command to the server: 'session,2021-03-17_14-10-58,stop,ranging'
client 2021-03-17 14:24:33,960 [INFO] Got response: 'OK'
client 2021-03-17 14:24:33,966 [INFO] Packing logs into zip and uploading to the server
client 2021-03-17 14:24:33,979 [INFO] Zip file size: 23.4 kB
client 2021-03-17 14:24:33,999 [INFO] Got response: 'OK'
client 2021-03-17 14:24:34,000 [INFO] Running workload in testing mode
client 2021-03-17 14:24:34,000 [INFO] Synchronizing with the server and with ib-01.dc4-in.nvidia.com...
client 2021-03-17 14:24:34,202 [INFO] NTP:offset = 0.113 s, delay = 0.201 s 
client 2021-03-17 14:24:34,202 [INFO] Sending command to the server: 'time'
client 2021-03-17 14:24:34,203 [INFO] Got response: '1616016274.2963934'
client 2021-03-17 14:24:34,203 [INFO] The time difference between the client and the server is within range -93.894 ms..-92.561 ms
client 2021-03-17 14:24:34,203 [INFO] Sending command to the server: 'session,2021-03-17_14-10-58,start,testing'
client 2021-03-17 14:24:56,419 [INFO] Got response: 'OK'
client 2021-03-17 14:24:56,419 [INFO] Running the workload 'LOG_DIR=/home/scratch.mlperf_inf_ci/mlPerf/L1/A100x8_MaxQ-Computelab-A100x8-MaxQ-L1-1-2021-03-17-14-11-35-UTC/mlperf-inference/closed/NVIDIA/build/power_logs_temp python3 code/main.py --benchmarks=resnet50 --scenarios=Offline --test_mode=PerformanceOnly --config_ver=maxq --action="run_harness" \\\n\t\t&& cp -v /home/scratch.mlperf_inf_ci/mlPerf/L1/A100x8_MaxQ-Computelab-A100x8-MaxQ-L1-1-2021-03-17-14-11-35-UTC/mlperf-inference/closed/NVIDIA/build/power_logs_temp/*/*/*/mlperf_log_detail.txt /home/scratch.mlperf_inf_ci/mlPerf/L1/A100x8_MaxQ-Computelab-A100x8-MaxQ-L1-1-2021-03-17-14-11-35-UTC/mlperf-inference/closed/NVIDIA/build/power_logs_temp/ \\\n\t\t&& cp -v /home/scratch.mlperf_inf_ci/mlPerf/L1/A100x8_MaxQ-Computelab-A100x8-MaxQ-L1-1-2021-03-17-14-11-35-UTC/mlperf-inference/closed/NVIDIA/build/power_logs_temp/*/*/*/mlperf_log_summary.txt /home/scratch.mlperf_inf_ci/mlPerf/L1/A100x8_MaxQ-Computelab-A100x8-MaxQ-L1-1-2021-03-17-14-11-35-UTC/mlperf-inference/closed/NVIDIA/build/power_logs_temp/'
client 2021-03-17 14:37:42,683 [INFO] Sending command to the server: 'session,2021-03-17_14-10-58,stop,testing'
client 2021-03-17 14:37:52,715 [INFO] Got response: 'OK'
client 2021-03-17 14:37:52,721 [INFO] Packing logs into zip and uploading to the server
client 2021-03-17 14:37:52,737 [INFO] Zip file size: 23.4 kB
client 2021-03-17 14:37:52,756 [INFO] Got response: 'OK'
client 2021-03-17 14:37:52,757 [INFO] Done runs
