ptd-server 2021-03-17 14:10:58,708 [INFO] Got command from the client 'stop'
ptd-server 2021-03-17 14:10:58,708 [INFO] The server will be stopped after processing this client
ptd-server 2021-03-17 14:10:58,708 [INFO] Sending reply to client 'OK'
ptd-server 2021-03-17 14:10:58,911 [INFO] Got command from the client 'time'
ptd-server 2021-03-17 14:10:58,911 [INFO] Sending reply to client '1616015458.9114485'
ptd-server 2021-03-17 14:10:58,911 [INFO] Got command from the client 'new,,5cbc482c-67fd-47a6-80e5-183d39c635b3'
ptd-server 2021-03-17 14:10:58,911 [INFO] Sending reply to client 'OK 2021-03-17_14-10-58,4ffd72aa-6e2c-4ba2-9f59-8bcd9f18b30f'
ptd-server 2021-03-17 14:10:59,114 [INFO] Got command from the client 'time'
ptd-server 2021-03-17 14:10:59,130 [INFO] Sending reply to client '1616015459.1300972'
ptd-server 2021-03-17 14:10:59,130 [INFO] Got command from the client 'session,2021-03-17_14-10-58,start,ranging'
ptd-server 2021-03-17 14:10:59,239 [INFO] Running PTDaemon: ['C:\\PTD\\ptd-windows-x86.exe', '-l', 'C:\\logs_ptdeamon.txt', '-p', '8888', '-c', '1,3', '-y', '77', '172.22.0.90']
ptd-server 2021-03-17 14:11:18,657 [INFO] Sending to ptd: 'Hello'
ptd-server 2021-03-17 14:11:18,657 [INFO] Reply from ptd: 'Hello, PTDaemon here!'
ptd-server 2021-03-17 14:11:18,657 [INFO] Sending to ptd: 'Identify'
ptd-server 2021-03-17 14:11:18,657 [INFO] Reply from ptd: 'YokogawaWT330_multichannel,1000,1,1,1,1,0,0,1,version=1.9.2-3976349f-20201208,OS=Windows 8 / Server 2012,mode=power,1,1,2,0,0,no_cal_date,YOKOGAWA;WT333E;C2WA21018V;F1.04'
ptd-server 2021-03-17 14:11:18,657 [INFO] Connected to PTDaemon
ptd-server 2021-03-17 14:11:18,657 [INFO] Sending to ptd: 'RR'
ptd-server 2021-03-17 14:11:18,657 [INFO] Reply from ptd: 'Ranges,0,20.000000,1,300.000000'
ptd-server 2021-03-17 14:11:18,657 [INFO] Initial range for Amps is 20.000000 for Volts is Auto
ptd-server 2021-03-17 14:11:18,657 [INFO] Sending to ptd: 'SR,V,Auto'
ptd-server 2021-03-17 14:11:23,734 [INFO] Reply from ptd: 'Range V changed'
ptd-server 2021-03-17 14:11:23,734 [INFO] Sending to ptd: 'SR,A,Auto'
ptd-server 2021-03-17 14:11:28,811 [INFO] Reply from ptd: 'Range A changed'
ptd-server 2021-03-17 14:11:38,824 [INFO] Starting ranging mode
ptd-server 2021-03-17 14:11:38,824 [INFO] Sending to ptd: 'Go,1000,0,2021-03-17_14-10-58_ranging'
ptd-server 2021-03-17 14:11:38,824 [INFO] Reply from ptd: 'Starting untimed measurement, maximum 500000 samples at 1000ms with 0 rampup samples'
ptd-server 2021-03-17 14:11:38,824 [INFO] Sending reply to client 'OK'
ptd-server 2021-03-17 14:24:23,955 [INFO] Got command from the client 'session,2021-03-17_14-10-58,stop,ranging'
ptd-server 2021-03-17 14:24:33,983 [INFO] Sending to ptd: 'Stop'
ptd-server 2021-03-17 14:24:33,983 [INFO] Reply from ptd: 'Stopping untimed measurement'
ptd-server 2021-03-17 14:24:34,062 [INFO] Sending reply to client 'OK'
ptd-server 2021-03-17 14:24:34,077 [INFO] Got command from the client 'session,2021-03-17_14-10-58,upload,ranging'
ptd-server 2021-03-17 14:24:34,077 [INFO] Received 'C:\\ptd-logs\\2021-03-17_14-10-58ranging.tmp'
ptd-server 2021-03-17 14:24:34,093 [INFO] Extracted 'C:\\ptd-logs\\2021-03-17_14-10-58ranging.tmp' into 'C:\\ptd-logs\\2021-03-17_14-10-58\\ranging'
ptd-server 2021-03-17 14:24:34,093 [INFO] Removed 'C:\\ptd-logs\\2021-03-17_14-10-58ranging.tmp'
ptd-server 2021-03-17 14:24:34,093 [INFO] Sending reply to client 'OK'
ptd-server 2021-03-17 14:24:34,296 [INFO] Got command from the client 'time'
ptd-server 2021-03-17 14:24:34,296 [INFO] Sending reply to client '1616016274.2963934'
ptd-server 2021-03-17 14:24:34,311 [INFO] Got command from the client 'session,2021-03-17_14-10-58,start,testing'
ptd-server 2021-03-17 14:24:34,311 [INFO] Sending to ptd: 'SR,V,233.200000'
ptd-server 2021-03-17 14:24:40,919 [INFO] Reply from ptd: 'Range V changed'
ptd-server 2021-03-17 14:24:40,919 [INFO] Sending to ptd: 'SR,A,5.376800'
ptd-server 2021-03-17 14:24:46,506 [INFO] Reply from ptd: 'Range A changed'
ptd-server 2021-03-17 14:24:56,521 [INFO] Starting testing mode
ptd-server 2021-03-17 14:24:56,521 [INFO] Sending to ptd: 'Go,1000,0,2021-03-17_14-10-58_testing'
ptd-server 2021-03-17 14:24:56,521 [INFO] Reply from ptd: 'Starting untimed measurement, maximum 500000 samples at 1000ms with 0 rampup samples'
ptd-server 2021-03-17 14:24:56,521 [INFO] Sending reply to client 'OK'
ptd-server 2021-03-17 14:37:42,797 [INFO] Got command from the client 'session,2021-03-17_14-10-58,stop,testing'
ptd-server 2021-03-17 14:37:52,798 [INFO] Sending to ptd: 'Stop'
ptd-server 2021-03-17 14:37:52,798 [INFO] Reply from ptd: 'Stopping untimed measurement'
ptd-server 2021-03-17 14:37:52,829 [INFO] Sending reply to client 'OK'
ptd-server 2021-03-17 14:37:52,845 [INFO] Got command from the client 'session,2021-03-17_14-10-58,upload,testing'
ptd-server 2021-03-17 14:37:52,845 [INFO] Received 'C:\\ptd-logs\\2021-03-17_14-10-58testing.tmp'
ptd-server 2021-03-17 14:37:52,861 [INFO] Extracted 'C:\\ptd-logs\\2021-03-17_14-10-58testing.tmp' into 'C:\\ptd-logs\\2021-03-17_14-10-58\\run_1'
ptd-server 2021-03-17 14:37:52,861 [INFO] Removed 'C:\\ptd-logs\\2021-03-17_14-10-58testing.tmp'
ptd-server 2021-03-17 14:37:52,861 [INFO] Sending reply to client 'OK'
ptd-server 2021-03-17 14:37:52,876 [INFO] Got command from the client 'session,2021-03-17_14-10-58,upload,client.log'
ptd-server 2021-03-17 14:37:52,876 [INFO] Received 'C:\\ptd-logs\\2021-03-17_14-10-58client.log.tmp'
ptd-server 2021-03-17 14:37:52,892 [INFO] Removed 'C:\\ptd-logs\\2021-03-17_14-10-58client.log.tmp'
ptd-server 2021-03-17 14:37:52,892 [INFO] Sending reply to client 'OK'
ptd-server 2021-03-17 14:37:52,907 [INFO] Got command from the client 'session,2021-03-17_14-10-58,upload,client.json'
ptd-server 2021-03-17 14:37:52,907 [INFO] Received 'C:\\ptd-logs\\2021-03-17_14-10-58client.json.tmp'
ptd-server 2021-03-17 14:37:52,923 [INFO] Removed 'C:\\ptd-logs\\2021-03-17_14-10-58client.json.tmp'
ptd-server 2021-03-17 14:37:52,923 [INFO] Sending reply to client 'OK'
ptd-server 2021-03-17 14:37:52,923 [INFO] Got command from the client 'session,2021-03-17_14-10-58,done'
ptd-server 2021-03-17 14:37:52,923 [INFO] Sending to ptd: 'Stop'
ptd-server 2021-03-17 14:37:53,532 [INFO] Reply from ptd: 'Error: no measurement to stop'
ptd-server 2021-03-17 14:37:53,532 [INFO] Sending to ptd: 'SR,V,Auto'
ptd-server 2021-03-17 14:37:58,611 [INFO] Reply from ptd: 'Range V changed'
ptd-server 2021-03-17 14:37:58,611 [INFO] Sending to ptd: 'SR,A,20.000000'
ptd-server 2021-03-17 14:38:04,203 [INFO] Reply from ptd: 'Range A changed'
ptd-server 2021-03-17 14:38:04,203 [INFO] Set initial values for Amps 20.000000 and Volts Auto
ptd-server 2021-03-17 14:38:04,203 [INFO] Stopping ptd...
