ptd-server 2021-03-05 14:27:15,955 [INFO] Got command from the client 'time'
ptd-server 2021-03-05 14:27:15,955 [INFO] Sending reply to client '1614954435.9556544'
ptd-server 2021-03-05 14:27:15,958 [INFO] Got command from the client 'new,,27d37be6-681d-4ec0-bfdf-8e778b1744a4'
ptd-server 2021-03-05 14:27:15,958 [INFO] Sending reply to client 'OK 2021-03-05_14-27-15,d5088e98-b772-4a62-8b42-70cc72760151'
ptd-server 2021-03-05 14:27:16,005 [INFO] Got command from the client 'time'
ptd-server 2021-03-05 14:27:16,005 [INFO] Sending reply to client '1614954436.0057707'
ptd-server 2021-03-05 14:27:16,008 [INFO] Got command from the client 'session,2021-03-05_14-27-15,start,ranging'
ptd-server 2021-03-05 14:27:16,008 [INFO] Running PTDaemon: ['/home/anton/projects/mlperf/power/inference_v1.0/ptd-linux-x86', '-l', 'ptd.log', '-p', '8888', '52', '/dev/usbtmc0']
ptd-server 2021-03-05 14:27:33,177 [INFO] Sending to ptd: 'Hello'
ptd-server 2021-03-05 14:27:33,177 [INFO] Reply from ptd: 'Hello, PTDaemon here!'
ptd-server 2021-03-05 14:27:33,178 [INFO] Sending to ptd: 'Identify'
ptd-server 2021-03-05 14:27:33,178 [INFO] Reply from ptd: 'YokogawaWT330E,1000,1,1,1,1,0,0,1,version=1.9.2-e8c7a49a-20201208,OS=Linux 5.8.0-43-generic #49~20.04.1-Ubuntu SMP Fri Feb 5 09:57:56 UTC 2021 x86_64,mode=power,1,1,1,0,0,no_cal_date,YOKOGAWA;WT333E;C3VD30030E;F1.04'
ptd-server 2021-03-05 14:27:33,178 [INFO] Connected to PTDaemon
ptd-server 2021-03-05 14:27:33,178 [INFO] Sending to ptd: 'RR'
ptd-server 2021-03-05 14:27:33,179 [INFO] Reply from ptd: 'Ranges,0,0.500000,0,300.000000'
ptd-server 2021-03-05 14:27:33,179 [INFO] Initial range for Amps is 0.500000 for Volts is 300.000000
ptd-server 2021-03-05 14:27:33,179 [INFO] Sending to ptd: 'SR,V,Auto'
ptd-server 2021-03-05 14:27:33,681 [INFO] Reply from ptd: 'Range V changed'
ptd-server 2021-03-05 14:27:33,681 [INFO] Sending to ptd: 'SR,A,Auto'
ptd-server 2021-03-05 14:27:34,184 [INFO] Reply from ptd: 'Range A changed'
ptd-server 2021-03-05 14:27:44,194 [INFO] Starting ranging mode
ptd-server 2021-03-05 14:27:44,194 [INFO] Sending to ptd: 'Go,1000,0,2021-03-05_14-27-15_ranging'
ptd-server 2021-03-05 14:27:44,195 [INFO] Reply from ptd: 'Starting untimed measurement, maximum 500000 samples at 1000ms with 0 rampup samples'
ptd-server 2021-03-05 14:27:44,195 [INFO] Sending reply to client 'OK'
ptd-server 2021-03-05 14:38:16,204 [INFO] Got command from the client 'session,2021-03-05_14-27-15,stop,ranging'
ptd-server 2021-03-05 14:38:26,215 [INFO] Sending to ptd: 'Stop'
ptd-server 2021-03-05 14:38:26,215 [INFO] Reply from ptd: 'Stopping untimed measurement'
ptd-server 2021-03-05 14:38:26,547 [INFO] Sending reply to client 'OK'
ptd-server 2021-03-05 14:38:26,597 [INFO] Got command from the client 'time'
ptd-server 2021-03-05 14:38:26,597 [INFO] Sending reply to client '1614955106.5972273'
ptd-server 2021-03-05 14:38:26,601 [INFO] Got command from the client 'session,2021-03-05_14-27-15,start,testing'
ptd-server 2021-03-05 14:38:26,601 [INFO] Sending to ptd: 'SR,V,249.500000'
ptd-server 2021-03-05 14:38:28,697 [INFO] Reply from ptd: 'Range V changed'
ptd-server 2021-03-05 14:38:28,697 [INFO] Sending to ptd: 'SR,A,0.056480'
ptd-server 2021-03-05 14:38:30,198 [INFO] Reply from ptd: 'Range A changed'
ptd-server 2021-03-05 14:38:40,208 [INFO] Starting testing mode
ptd-server 2021-03-05 14:38:40,208 [INFO] Sending to ptd: 'Go,1000,0,2021-03-05_14-27-15_testing'
ptd-server 2021-03-05 14:38:40,209 [INFO] Reply from ptd: 'Starting untimed measurement, maximum 500000 samples at 1000ms with 0 rampup samples'
ptd-server 2021-03-05 14:38:40,209 [INFO] Sending reply to client 'OK'
ptd-server 2021-03-05 14:49:16,888 [INFO] Got command from the client 'session,2021-03-05_14-27-15,stop,testing'
ptd-server 2021-03-05 14:49:26,899 [INFO] Sending to ptd: 'Stop'
ptd-server 2021-03-05 14:49:26,899 [INFO] Reply from ptd: 'Stopping untimed measurement'
ptd-server 2021-03-05 14:49:27,074 [INFO] Sending reply to client 'OK'
ptd-server 2021-03-05 14:49:27,082 [INFO] Got command from the client 'session,2021-03-05_14-27-15,upload,client.log'
ptd-server 2021-03-05 14:49:27,086 [INFO] Received '/home/anton/projects/mlperf/power-dev/output/2021-03-05_14-27-15client.log.tmp'
ptd-server 2021-03-05 14:49:27,086 [INFO] Removed '/home/anton/projects/mlperf/power-dev/output/2021-03-05_14-27-15client.log.tmp'
ptd-server 2021-03-05 14:49:27,086 [INFO] Sending reply to client 'OK'
ptd-server 2021-03-05 14:49:27,098 [INFO] Got command from the client 'session,2021-03-05_14-27-15,upload,client.json'
ptd-server 2021-03-05 14:49:27,101 [INFO] Received '/home/anton/projects/mlperf/power-dev/output/2021-03-05_14-27-15client.json.tmp'
ptd-server 2021-03-05 14:49:27,101 [INFO] Removed '/home/anton/projects/mlperf/power-dev/output/2021-03-05_14-27-15client.json.tmp'
ptd-server 2021-03-05 14:49:27,101 [INFO] Sending reply to client 'OK'
ptd-server 2021-03-05 14:49:27,104 [INFO] Got command from the client 'session,2021-03-05_14-27-15,done'
ptd-server 2021-03-05 14:49:27,104 [INFO] Sending to ptd: 'Stop'
ptd-server 2021-03-05 14:49:27,210 [INFO] Reply from ptd: 'Error: no measurement to stop'
ptd-server 2021-03-05 14:49:27,210 [INFO] Sending to ptd: 'SR,V,300.000000'
ptd-server 2021-03-05 14:49:28,711 [INFO] Reply from ptd: 'Range V changed'
ptd-server 2021-03-05 14:49:28,711 [INFO] Sending to ptd: 'SR,A,0.500000'
ptd-server 2021-03-05 14:49:30,213 [INFO] Reply from ptd: 'Range A changed'
ptd-server 2021-03-05 14:49:30,213 [INFO] Set initial values for Amps 0.500000 and Volts 300.000000
ptd-server 2021-03-05 14:49:30,213 [INFO] Stopping ptd...
