client 2021-03-19 14:10:07,164 [INFO] Sending command to the server: 'mlcommons/power client v3'
client 2021-03-19 14:10:07,165 [INFO] Got response: 'mlcommons/power server v3'
client 2021-03-19 14:10:07,165 [INFO] Synchronizing with the server and with 100.64.0.18...
client 2021-03-19 14:10:07,168 [INFO] NTP:offset = 0.000 s, delay = 0.001 s 
client 2021-03-19 14:10:07,168 [INFO] Sending command to the server: 'time'
client 2021-03-19 14:10:07,169 [INFO] Got response: '1616181007.047333'
client 2021-03-19 14:10:07,170 [INFO] The time difference between the client and the server is within range 120.986 ms..122.702 ms
client 2021-03-19 14:10:07,170 [INFO] Sending command to the server: 'new,rnnt_singlestream,344356f2-ab7d-4019-8835-9ad099ab47e5'
client 2021-03-19 14:10:07,172 [INFO] Got response: 'OK 2021-03-19_14-10-07_rnnt_singlestream,ff45a297-29fe-46c4-bd1c-993058d2b432'
client 2021-03-19 14:10:07,172 [INFO] Session id is '2021-03-19_14-10-07_rnnt_singlestream'
client 2021-03-19 14:10:07,172 [INFO] Sources: {"sources": {"client.py": "d1e75cb4b26101220ebd242e584cf3ca5d8f1996", "lib/__init__.py": "da39a3ee5e6b4b0d3255bfef95601890afd80709", "lib/client.py": "d42bebf5b74cb6ff3997e2a6c68422afac111a28", "lib/common.py": "b0bad80d8fa328a7636027d4d66ff453f8dd7889", "lib/external/ntplib.py": "4da8f970656505a40483206ef2b5d3dd5e81711d", "lib/server.py": "2ed36471c7af565d6c8438b2134edad1d7ddf166", "lib/source_hashes.py": "4cedff274c661cb1504052018fd4f00dfbf624ef", "lib/summary.py": "0db15d783907aa92038281af4e465545c0648ddb", "lib/time_sync.py": "76051226ec89287839723352f4162aaa24e0546a", "server.py": "99e1310e3f76292aef1b8792ce6b8c82f1d44d8b", "tests/unit/test_server.py": "64f11775bfed35232a0e8bb9593c0ff992432c59", "tests/unit/test_source_hashes.py": "cb41a7261eaf7d94ba5c0aae9c523174f6204be3"}, "modules": {"__main__": "client.py", "lib.client": "lib/client.py", "lib.common": "lib/common.py", "lib.external.ntplib": "lib/external/ntplib.py", "lib.source_hashes": "lib/source_hashes.py", "lib.summary": "lib/summary.py", "lib.time_sync": "lib/time_sync.py"}}
client 2021-03-19 14:10:07,172 [INFO] Running workload in ranging mode
client 2021-03-19 14:10:07,172 [INFO] Synchronizing with the server and with 100.64.0.18...
client 2021-03-19 14:10:07,173 [INFO] NTP:offset = 0.000 s, delay = 0.001 s 
client 2021-03-19 14:10:07,173 [INFO] Sending command to the server: 'time'
client 2021-03-19 14:10:07,174 [INFO] Got response: '1616181007.057008'
client 2021-03-19 14:10:07,174 [INFO] The time difference between the client and the server is within range 116.578 ms..117.867 ms
client 2021-03-19 14:10:07,174 [INFO] Sending command to the server: 'session,2021-03-19_14-10-07_rnnt_singlestream,start,ranging'
client 2021-03-19 14:10:30,978 [INFO] Got response: 'OK'
client 2021-03-19 14:10:30,978 [INFO] Running the workload "make run_harness RUN_ARGS='--benchmarks=rnnt --scenarios=SingleStream --config_ver=default --log_dir build/logs/ --test_mode=PerformanceOnly'"
client 2021-03-19 14:20:46,105 [INFO] Sending command to the server: 'session,2021-03-19_14-10-07_rnnt_singlestream,stop,ranging'
client 2021-03-19 14:20:56,441 [INFO] Got response: 'OK'
client 2021-03-19 14:20:56,441 [INFO] Running workload in testing mode
client 2021-03-19 14:20:56,441 [INFO] Synchronizing with the server and with 100.64.0.18...
client 2021-03-19 14:20:56,444 [INFO] NTP:offset = 0.000 s, delay = 0.001 s 
client 2021-03-19 14:20:56,444 [INFO] Sending command to the server: 'time'
client 2021-03-19 14:20:56,445 [INFO] Got response: '1616181656.301142'
client 2021-03-19 14:20:56,445 [INFO] The time difference between the client and the server is within range 143.178 ms..144.163 ms
client 2021-03-19 14:20:56,445 [INFO] Sending command to the server: 'session,2021-03-19_14-10-07_rnnt_singlestream,start,testing'
client 2021-03-19 14:21:10,058 [INFO] Got response: 'OK'
client 2021-03-19 14:21:10,059 [INFO] Running the workload "make run_harness RUN_ARGS='--benchmarks=rnnt --scenarios=SingleStream --config_ver=default --log_dir build/logs/ --test_mode=PerformanceOnly'"
client 2021-03-19 14:31:26,881 [INFO] Sending command to the server: 'session,2021-03-19_14-10-07_rnnt_singlestream,stop,testing'
client 2021-03-19 14:31:37,053 [INFO] Got response: 'OK'
client 2021-03-19 14:31:37,053 [INFO] Done runs
