ptd-server 2021-03-19 14:10:07,047 [INFO] Got command from the client 'time'
ptd-server 2021-03-19 14:10:07,047 [INFO] Sending reply to client '1616181007.047333'
ptd-server 2021-03-19 14:10:07,047 [INFO] Got command from the client 'new,rnnt_singlestream,344356f2-ab7d-4019-8835-9ad099ab47e5'
ptd-server 2021-03-19 14:10:07,047 [INFO] Sending reply to client 'OK 2021-03-19_14-10-07_rnnt_singlestream,ff45a297-29fe-46c4-bd1c-993058d2b432'
ptd-server 2021-03-19 14:10:07,057 [INFO] Got command from the client 'time'
ptd-server 2021-03-19 14:10:07,057 [INFO] Sending reply to client '1616181007.057008'
ptd-server 2021-03-19 14:10:07,057 [INFO] Got command from the client 'session,2021-03-19_14-10-07_rnnt_singlestream,start,ranging'
ptd-server 2021-03-19 14:10:07,157 [INFO] Running PTDaemon: ['.\\ptd-windows-x86.exe', '-l', '.\\logs_ptdeamon.txt', '-p', '8888', '-g', '8', '1']
ptd-server 2021-03-19 14:10:19,797 [INFO] Sending to ptd: 'Hello'
ptd-server 2021-03-19 14:10:19,797 [INFO] Reply from ptd: 'Hello, PTDaemon here!'
ptd-server 2021-03-19 14:10:19,797 [INFO] Sending to ptd: 'Identify'
ptd-server 2021-03-19 14:10:19,797 [INFO] Reply from ptd: 'YokogawaWT210,1000,1,1,1,1,0,0,1,version=1.9.2-3976349f-20201208,OS=Windows 8 / Server 2012,mode=power,1,1,1,0,0,no_cal_date,YOKOGAWA;760401;0;F1.12'
ptd-server 2021-03-19 14:10:19,797 [INFO] Connected to PTDaemon
ptd-server 2021-03-19 14:10:19,797 [INFO] Sending to ptd: 'RR'
ptd-server 2021-03-19 14:10:19,797 [INFO] Reply from ptd: 'Ranges,1,10.000000,1,150.000000'
ptd-server 2021-03-19 14:10:19,797 [INFO] Initial range for Amps is Auto for Volts is Auto
ptd-server 2021-03-19 14:10:19,797 [INFO] Sending to ptd: 'SR,V,Auto'
ptd-server 2021-03-19 14:10:20,317 [INFO] Reply from ptd: 'Range V changed'
ptd-server 2021-03-19 14:10:20,317 [INFO] Sending to ptd: 'SR,A,Auto'
ptd-server 2021-03-19 14:10:20,847 [INFO] Reply from ptd: 'Range A changed'
ptd-server 2021-03-19 14:10:30,857 [INFO] Starting ranging mode
ptd-server 2021-03-19 14:10:30,857 [INFO] Sending to ptd: 'Go,1000,0,2021-03-19_14-10-07_rnnt_singlestream_ranging'
ptd-server 2021-03-19 14:10:30,857 [INFO] Reply from ptd: 'Starting untimed measurement, maximum 500000 samples at 1000ms with 0 rampup samples'
ptd-server 2021-03-19 14:10:30,857 [INFO] Sending reply to client 'OK'
ptd-server 2021-03-19 14:20:45,969 [INFO] Got command from the client 'session,2021-03-19_14-10-07_rnnt_singlestream,stop,ranging'
ptd-server 2021-03-19 14:20:55,971 [INFO] Sending to ptd: 'Stop'
ptd-server 2021-03-19 14:20:55,971 [INFO] Reply from ptd: 'Stopping untimed measurement'
ptd-server 2021-03-19 14:20:56,301 [INFO] Sending reply to client 'OK'
ptd-server 2021-03-19 14:20:56,301 [INFO] Got command from the client 'time'
ptd-server 2021-03-19 14:20:56,301 [INFO] Sending reply to client '1616181656.301142'
ptd-server 2021-03-19 14:20:56,301 [INFO] Got command from the client 'session,2021-03-19_14-10-07_rnnt_singlestream,start,testing'
ptd-server 2021-03-19 14:20:56,301 [INFO] Sending to ptd: 'SR,V,121.310000'
ptd-server 2021-03-19 14:20:58,391 [INFO] Reply from ptd: 'Range V changed'
ptd-server 2021-03-19 14:20:58,391 [INFO] Sending to ptd: 'SR,A,6.152000'
ptd-server 2021-03-19 14:20:59,911 [INFO] Reply from ptd: 'Range A changed'
ptd-server 2021-03-19 14:21:09,918 [INFO] Starting testing mode
ptd-server 2021-03-19 14:21:09,918 [INFO] Sending to ptd: 'Go,1000,0,2021-03-19_14-10-07_rnnt_singlestream_testing'
ptd-server 2021-03-19 14:21:09,918 [INFO] Reply from ptd: 'Starting untimed measurement, maximum 500000 samples at 1000ms with 0 rampup samples'
ptd-server 2021-03-19 14:21:09,918 [INFO] Sending reply to client 'OK'
ptd-server 2021-03-19 14:31:26,724 [INFO] Got command from the client 'session,2021-03-19_14-10-07_rnnt_singlestream,stop,testing'
ptd-server 2021-03-19 14:31:36,724 [INFO] Sending to ptd: 'Stop'
ptd-server 2021-03-19 14:31:36,724 [INFO] Reply from ptd: 'Stopping untimed measurement'
ptd-server 2021-03-19 14:31:36,894 [INFO] Sending reply to client 'OK'
ptd-server 2021-03-19 14:31:36,894 [INFO] Got command from the client 'session,2021-03-19_14-10-07_rnnt_singlestream,upload,client.log'
ptd-server 2021-03-19 14:31:36,894 [INFO] Received '.\\outdir\\2021-03-19_14-10-07_rnnt_singlestreamclient.log.tmp'
ptd-server 2021-03-19 14:31:36,904 [INFO] Removed '.\\outdir\\2021-03-19_14-10-07_rnnt_singlestreamclient.log.tmp'
ptd-server 2021-03-19 14:31:36,904 [INFO] Sending reply to client 'OK'
ptd-server 2021-03-19 14:31:36,904 [INFO] Got command from the client 'session,2021-03-19_14-10-07_rnnt_singlestream,upload,client.json'
ptd-server 2021-03-19 14:31:36,904 [INFO] Received '.\\outdir\\2021-03-19_14-10-07_rnnt_singlestreamclient.json.tmp'
ptd-server 2021-03-19 14:31:36,914 [INFO] Removed '.\\outdir\\2021-03-19_14-10-07_rnnt_singlestreamclient.json.tmp'
ptd-server 2021-03-19 14:31:36,914 [INFO] Sending reply to client 'OK'
ptd-server 2021-03-19 14:31:36,924 [INFO] Got command from the client 'session,2021-03-19_14-10-07_rnnt_singlestream,done'
ptd-server 2021-03-19 14:31:36,924 [INFO] Sending to ptd: 'Stop'
ptd-server 2021-03-19 14:31:36,924 [INFO] Reply from ptd: 'Error: no measurement to stop'
ptd-server 2021-03-19 14:31:36,924 [INFO] Sending to ptd: 'SR,V,Auto'
ptd-server 2021-03-19 14:31:37,444 [INFO] Reply from ptd: 'Range V changed'
ptd-server 2021-03-19 14:31:37,444 [INFO] Sending to ptd: 'SR,A,Auto'
ptd-server 2021-03-19 14:31:37,974 [INFO] Reply from ptd: 'Range A changed'
ptd-server 2021-03-19 14:31:37,974 [INFO] Set initial values for Amps Auto and Volts Auto
ptd-server 2021-03-19 14:31:37,974 [INFO] Stopping ptd...
