ptd-server 2021-03-01 13:45:00,873 [INFO] Got command from the client 'time'
ptd-server 2021-03-01 13:45:00,874 [INFO] Sending reply to client '1614606300.8740282'
ptd-server 2021-03-01 13:45:00,875 [INFO] Got command from the client 'new,,30833d78-8c0c-4876-9923-beddf59463bd'
ptd-server 2021-03-01 13:45:00,875 [INFO] Sending reply to client 'OK 2021-03-01_13-45-00,83fce771-24d2-4b83-9d60-adeba82c29d7'
ptd-server 2021-03-01 13:45:00,915 [INFO] Got command from the client 'time'
ptd-server 2021-03-01 13:45:00,915 [INFO] Sending reply to client '1614606300.9152944'
ptd-server 2021-03-01 13:45:00,916 [INFO] Got command from the client 'session,2021-03-01_13-45-00,start,ranging'
ptd-server 2021-03-01 13:45:00,916 [INFO] Running PTDaemon: ['/home/anton/projects/mlperf/power/inference_v1.0/ptd-linux-x86', '-l', 'ptd.log', '-p', '8888', '52', '/dev/usbtmc0']
ptd-server 2021-03-01 13:45:18,085 [INFO] Sending to ptd: 'Hello'
ptd-server 2021-03-01 13:45:18,086 [INFO] Reply from ptd: 'Hello, PTDaemon here!'
ptd-server 2021-03-01 13:45:18,086 [INFO] Sending to ptd: 'Identify'
ptd-server 2021-03-01 13:45:18,086 [INFO] Reply from ptd: 'YokogawaWT330E,1000,1,1,1,1,0,0,1,version=1.9.2-e8c7a49a-20201208,OS=Linux 5.8.0-43-generic #49~20.04.1-Ubuntu SMP Fri Feb 5 09:57:56 UTC 2021 x86_64,mode=power,1,1,1,0,0,no_cal_date,YOKOGAWA;WT333E;C3VD30030E;F1.04'
ptd-server 2021-03-01 13:45:18,087 [INFO] Connected to PTDaemon
ptd-server 2021-03-01 13:45:18,087 [INFO] Sending to ptd: 'RR'
ptd-server 2021-03-01 13:45:18,087 [INFO] Reply from ptd: 'Ranges,0,0.500000,0,300.000000'
ptd-server 2021-03-01 13:45:18,087 [INFO] Initial range for Amps is 0.500000 for Volts is 300.000000
ptd-server 2021-03-01 13:45:18,087 [INFO] Sending to ptd: 'SR,V,Auto'
ptd-server 2021-03-01 13:45:18,590 [INFO] Reply from ptd: 'Range V changed'
ptd-server 2021-03-01 13:45:18,590 [INFO] Sending to ptd: 'SR,A,Auto'
ptd-server 2021-03-01 13:45:19,092 [INFO] Reply from ptd: 'Range A changed'
ptd-server 2021-03-01 13:45:29,103 [INFO] Starting ranging mode
ptd-server 2021-03-01 13:45:29,103 [INFO] Sending to ptd: 'Go,1000,0,2021-03-01_13-45-00_ranging'
ptd-server 2021-03-01 13:45:29,103 [INFO] Reply from ptd: 'Starting untimed measurement, maximum 500000 samples at 1000ms with 0 rampup samples'
ptd-server 2021-03-01 13:45:29,103 [INFO] Sending reply to client 'OK'
ptd-server 2021-03-01 13:55:44,187 [INFO] Got command from the client 'session,2021-03-01_13-45-00,stop,ranging'
ptd-server 2021-03-01 13:55:54,197 [INFO] Sending to ptd: 'Stop'
ptd-server 2021-03-01 13:55:54,198 [INFO] Reply from ptd: 'Stopping untimed measurement'
ptd-server 2021-03-01 13:55:54,461 [INFO] Sending reply to client 'OK'
ptd-server 2021-03-01 13:55:54,514 [INFO] Got command from the client 'time'
ptd-server 2021-03-01 13:55:54,514 [INFO] Sending reply to client '1614606954.5147777'
ptd-server 2021-03-01 13:55:54,515 [INFO] Got command from the client 'session,2021-03-01_13-45-00,start,testing'
ptd-server 2021-03-01 13:55:54,516 [INFO] Sending to ptd: 'SR,V,249.400000'
ptd-server 2021-03-01 13:55:56,604 [INFO] Reply from ptd: 'Range V changed'
ptd-server 2021-03-01 13:55:56,604 [INFO] Sending to ptd: 'SR,A,0.144190'
ptd-server 2021-03-01 13:55:58,106 [INFO] Reply from ptd: 'Range A changed'
ptd-server 2021-03-01 13:56:08,116 [INFO] Starting testing mode
ptd-server 2021-03-01 13:56:08,116 [INFO] Sending to ptd: 'Go,1000,0,2021-03-01_13-45-00_testing'
ptd-server 2021-03-01 13:56:08,117 [INFO] Reply from ptd: 'Starting untimed measurement, maximum 500000 samples at 1000ms with 0 rampup samples'
ptd-server 2021-03-01 13:56:08,117 [INFO] Sending reply to client 'OK'
ptd-server 2021-03-01 14:06:23,137 [INFO] Got command from the client 'session,2021-03-01_13-45-00,stop,testing'
ptd-server 2021-03-01 14:06:33,148 [INFO] Sending to ptd: 'Stop'
ptd-server 2021-03-01 14:06:33,148 [INFO] Reply from ptd: 'Stopping untimed measurement'
ptd-server 2021-03-01 14:06:33,286 [INFO] Sending reply to client 'OK'
ptd-server 2021-03-01 14:06:33,289 [INFO] Got command from the client 'session,2021-03-01_13-45-00,upload,client.log'
ptd-server 2021-03-01 14:06:33,290 [INFO] Received '/home/anton/projects/mlperf/power-dev/output/2021-03-01_13-45-00client.log.tmp'
ptd-server 2021-03-01 14:06:33,290 [INFO] Removed '/home/anton/projects/mlperf/power-dev/output/2021-03-01_13-45-00client.log.tmp'
ptd-server 2021-03-01 14:06:33,290 [INFO] Sending reply to client 'OK'
ptd-server 2021-03-01 14:06:33,294 [INFO] Got command from the client 'session,2021-03-01_13-45-00,upload,client.json'
ptd-server 2021-03-01 14:06:33,295 [INFO] Received '/home/anton/projects/mlperf/power-dev/output/2021-03-01_13-45-00client.json.tmp'
ptd-server 2021-03-01 14:06:33,295 [INFO] Removed '/home/anton/projects/mlperf/power-dev/output/2021-03-01_13-45-00client.json.tmp'
ptd-server 2021-03-01 14:06:33,295 [INFO] Sending reply to client 'OK'
ptd-server 2021-03-01 14:06:33,296 [INFO] Got command from the client 'session,2021-03-01_13-45-00,done'
ptd-server 2021-03-01 14:06:33,296 [INFO] Sending to ptd: 'Stop'
ptd-server 2021-03-01 14:06:34,117 [INFO] Reply from ptd: 'Error: no measurement to stop'
ptd-server 2021-03-01 14:06:34,118 [INFO] Sending to ptd: 'SR,V,300.000000'
ptd-server 2021-03-01 14:06:35,619 [INFO] Reply from ptd: 'Range V changed'
ptd-server 2021-03-01 14:06:35,619 [INFO] Sending to ptd: 'SR,A,0.500000'
ptd-server 2021-03-01 14:06:37,120 [INFO] Reply from ptd: 'Range A changed'
ptd-server 2021-03-01 14:06:37,121 [INFO] Set initial values for Amps 0.500000 and Volts 300.000000
ptd-server 2021-03-01 14:06:37,121 [INFO] Stopping ptd...
