ptd-server 2021-03-06 12:00:28,665 [INFO] Got command from the client 'time'
ptd-server 2021-03-06 12:00:28,665 [INFO] Sending reply to client '1615032028.6658938'
ptd-server 2021-03-06 12:00:28,669 [INFO] Got command from the client 'new,,f43aad0d-3d99-4bb3-a4f2-65ef4cb5ec4b'
ptd-server 2021-03-06 12:00:28,669 [INFO] Sending reply to client 'OK 2021-03-06_12-00-28,12f987a1-f3e9-4f9e-a934-59af9c25a873'
ptd-server 2021-03-06 12:00:28,705 [INFO] Got command from the client 'time'
ptd-server 2021-03-06 12:00:28,705 [INFO] Sending reply to client '1615032028.7057085'
ptd-server 2021-03-06 12:00:28,710 [INFO] Got command from the client 'session,2021-03-06_12-00-28,start,ranging'
ptd-server 2021-03-06 12:00:28,710 [INFO] Running PTDaemon: ['/home/anton/projects/mlperf/power/inference_v1.0/ptd-linux-x86', '-l', 'ptd.log', '-p', '8888', '52', '/dev/usbtmc0']
ptd-server 2021-03-06 12:00:45,879 [INFO] Sending to ptd: 'Hello'
ptd-server 2021-03-06 12:00:45,880 [INFO] Reply from ptd: 'Hello, PTDaemon here!'
ptd-server 2021-03-06 12:00:45,880 [INFO] Sending to ptd: 'Identify'
ptd-server 2021-03-06 12:00:45,880 [INFO] Reply from ptd: 'YokogawaWT330E,1000,1,1,1,1,0,0,1,version=1.9.2-e8c7a49a-20201208,OS=Linux 5.8.0-43-generic #49~20.04.1-Ubuntu SMP Fri Feb 5 09:57:56 UTC 2021 x86_64,mode=power,1,1,1,0,0,no_cal_date,YOKOGAWA;WT333E;C3VD30030E;F1.04'
ptd-server 2021-03-06 12:00:45,880 [INFO] Connected to PTDaemon
ptd-server 2021-03-06 12:00:45,881 [INFO] Sending to ptd: 'RR'
ptd-server 2021-03-06 12:00:45,881 [INFO] Reply from ptd: 'Ranges,0,0.500000,0,300.000000'
ptd-server 2021-03-06 12:00:45,881 [INFO] Initial range for Amps is 0.500000 for Volts is 300.000000
ptd-server 2021-03-06 12:00:45,881 [INFO] Sending to ptd: 'SR,V,Auto'
ptd-server 2021-03-06 12:00:46,405 [INFO] Reply from ptd: 'Range V changed'
ptd-server 2021-03-06 12:00:46,405 [INFO] Sending to ptd: 'SR,A,Auto'
ptd-server 2021-03-06 12:00:46,907 [INFO] Reply from ptd: 'Range A changed'
ptd-server 2021-03-06 12:00:56,917 [INFO] Starting ranging mode
ptd-server 2021-03-06 12:00:56,918 [INFO] Sending to ptd: 'Go,1000,0,2021-03-06_12-00-28_ranging'
ptd-server 2021-03-06 12:00:56,918 [INFO] Reply from ptd: 'Starting untimed measurement, maximum 500000 samples at 1000ms with 0 rampup samples'
ptd-server 2021-03-06 12:00:56,918 [INFO] Sending reply to client 'OK'
ptd-server 2021-03-06 12:11:28,733 [INFO] Got command from the client 'session,2021-03-06_12-00-28,stop,ranging'
ptd-server 2021-03-06 12:11:38,743 [INFO] Sending to ptd: 'Stop'
ptd-server 2021-03-06 12:11:38,744 [INFO] Reply from ptd: 'Stopping untimed measurement'
ptd-server 2021-03-06 12:11:39,175 [INFO] Sending reply to client 'OK'
ptd-server 2021-03-06 12:11:39,233 [INFO] Got command from the client 'time'
ptd-server 2021-03-06 12:11:39,233 [INFO] Sending reply to client '1615032699.2336779'
ptd-server 2021-03-06 12:11:39,238 [INFO] Got command from the client 'session,2021-03-06_12-00-28,start,testing'
ptd-server 2021-03-06 12:11:39,238 [INFO] Sending to ptd: 'SR,V,249.030000'
ptd-server 2021-03-06 12:11:40,740 [INFO] Reply from ptd: 'Range V changed'
ptd-server 2021-03-06 12:11:40,740 [INFO] Sending to ptd: 'SR,A,0.058530'
ptd-server 2021-03-06 12:11:42,241 [INFO] Reply from ptd: 'Range A changed'
ptd-server 2021-03-06 12:11:52,251 [INFO] Starting testing mode
ptd-server 2021-03-06 12:11:52,252 [INFO] Sending to ptd: 'Go,1000,0,2021-03-06_12-00-28_testing'
ptd-server 2021-03-06 12:11:52,252 [INFO] Reply from ptd: 'Starting untimed measurement, maximum 500000 samples at 1000ms with 0 rampup samples'
ptd-server 2021-03-06 12:11:52,252 [INFO] Sending reply to client 'OK'
ptd-server 2021-03-06 12:22:28,787 [INFO] Got command from the client 'session,2021-03-06_12-00-28,stop,testing'
ptd-server 2021-03-06 12:22:38,797 [INFO] Sending to ptd: 'Stop'
ptd-server 2021-03-06 12:22:38,798 [INFO] Reply from ptd: 'Stopping untimed measurement'
ptd-server 2021-03-06 12:22:39,033 [INFO] Sending reply to client 'OK'
ptd-server 2021-03-06 12:22:39,040 [INFO] Got command from the client 'session,2021-03-06_12-00-28,upload,client.log'
ptd-server 2021-03-06 12:22:39,044 [INFO] Received '/home/anton/projects/mlperf/power-dev/output/2021-03-06_12-00-28client.log.tmp'
ptd-server 2021-03-06 12:22:39,044 [INFO] Removed '/home/anton/projects/mlperf/power-dev/output/2021-03-06_12-00-28client.log.tmp'
ptd-server 2021-03-06 12:22:39,045 [INFO] Sending reply to client 'OK'
ptd-server 2021-03-06 12:22:39,057 [INFO] Got command from the client 'session,2021-03-06_12-00-28,upload,client.json'
ptd-server 2021-03-06 12:22:39,060 [INFO] Received '/home/anton/projects/mlperf/power-dev/output/2021-03-06_12-00-28client.json.tmp'
ptd-server 2021-03-06 12:22:39,060 [INFO] Removed '/home/anton/projects/mlperf/power-dev/output/2021-03-06_12-00-28client.json.tmp'
ptd-server 2021-03-06 12:22:39,061 [INFO] Sending reply to client 'OK'
ptd-server 2021-03-06 12:22:39,063 [INFO] Got command from the client 'session,2021-03-06_12-00-28,done'
ptd-server 2021-03-06 12:22:39,063 [INFO] Sending to ptd: 'Stop'
ptd-server 2021-03-06 12:22:39,252 [INFO] Reply from ptd: 'Error: no measurement to stop'
ptd-server 2021-03-06 12:22:39,252 [INFO] Sending to ptd: 'SR,V,300.000000'
ptd-server 2021-03-06 12:22:40,754 [INFO] Reply from ptd: 'Range V changed'
ptd-server 2021-03-06 12:22:40,754 [INFO] Sending to ptd: 'SR,A,0.500000'
ptd-server 2021-03-06 12:22:42,255 [INFO] Reply from ptd: 'Range A changed'
ptd-server 2021-03-06 12:22:42,255 [INFO] Set initial values for Amps 0.500000 and Volts 300.000000
ptd-server 2021-03-06 12:22:42,255 [INFO] Stopping ptd...
