ptd-server 2021-03-08 08:24:52,396 [INFO] Got command from the client 'time'
ptd-server 2021-03-08 08:24:52,397 [INFO] Sending reply to client '1615191892.3969922'
ptd-server 2021-03-08 08:24:52,399 [INFO] Got command from the client 'new,,d3e43afa-e2c0-4a80-a184-9b398724a58f'
ptd-server 2021-03-08 08:24:52,400 [INFO] Sending reply to client 'OK 2021-03-08_08-24-52,b153ab73-a68f-48fd-b0d9-e7830fc86024'
ptd-server 2021-03-08 08:24:52,436 [INFO] Got command from the client 'time'
ptd-server 2021-03-08 08:24:52,436 [INFO] Sending reply to client '1615191892.43678'
ptd-server 2021-03-08 08:24:52,439 [INFO] Got command from the client 'session,2021-03-08_08-24-52,start,ranging'
ptd-server 2021-03-08 08:24:52,439 [INFO] Running PTDaemon: ['/home/anton/projects/mlperf/power/inference_v1.0/ptd-linux-x86', '-l', 'ptd.log', '-p', '8888', '52', '/dev/usbtmc0']
ptd-server 2021-03-08 08:25:09,612 [INFO] Sending to ptd: 'Hello'
ptd-server 2021-03-08 08:25:09,613 [INFO] Reply from ptd: 'Hello, PTDaemon here!'
ptd-server 2021-03-08 08:25:09,613 [INFO] Sending to ptd: 'Identify'
ptd-server 2021-03-08 08:25:09,613 [INFO] Reply from ptd: 'YokogawaWT330E,1000,1,1,1,1,0,0,1,version=1.9.2-e8c7a49a-20201208,OS=Linux 5.8.0-43-generic #49~20.04.1-Ubuntu SMP Fri Feb 5 09:57:56 UTC 2021 x86_64,mode=power,1,1,1,0,0,no_cal_date,YOKOGAWA;WT333E;C3VD30030E;F1.04'
ptd-server 2021-03-08 08:25:09,613 [INFO] Connected to PTDaemon
ptd-server 2021-03-08 08:25:09,614 [INFO] Sending to ptd: 'RR'
ptd-server 2021-03-08 08:25:09,614 [INFO] Reply from ptd: 'Ranges,0,0.500000,0,300.000000'
ptd-server 2021-03-08 08:25:09,614 [INFO] Initial range for Amps is 0.500000 for Volts is 300.000000
ptd-server 2021-03-08 08:25:09,614 [INFO] Sending to ptd: 'SR,V,Auto'
ptd-server 2021-03-08 08:25:10,117 [INFO] Reply from ptd: 'Range V changed'
ptd-server 2021-03-08 08:25:10,117 [INFO] Sending to ptd: 'SR,A,Auto'
ptd-server 2021-03-08 08:25:10,619 [INFO] Reply from ptd: 'Range A changed'
ptd-server 2021-03-08 08:25:20,629 [INFO] Starting ranging mode
ptd-server 2021-03-08 08:25:20,630 [INFO] Sending to ptd: 'Go,1000,0,2021-03-08_08-24-52_ranging'
ptd-server 2021-03-08 08:25:20,630 [INFO] Reply from ptd: 'Starting untimed measurement, maximum 500000 samples at 1000ms with 0 rampup samples'
ptd-server 2021-03-08 08:25:20,630 [INFO] Sending reply to client 'OK'
ptd-server 2021-03-08 08:35:45,589 [INFO] Got command from the client 'session,2021-03-08_08-24-52,stop,ranging'
ptd-server 2021-03-08 08:35:55,599 [INFO] Sending to ptd: 'Stop'
ptd-server 2021-03-08 08:35:55,599 [INFO] Reply from ptd: 'Stopping untimed measurement'
ptd-server 2021-03-08 08:35:56,248 [INFO] Sending reply to client 'OK'
ptd-server 2021-03-08 08:35:56,287 [INFO] Got command from the client 'time'
ptd-server 2021-03-08 08:35:56,287 [INFO] Sending reply to client '1615192556.2876441'
ptd-server 2021-03-08 08:35:56,291 [INFO] Got command from the client 'session,2021-03-08_08-24-52,start,testing'
ptd-server 2021-03-08 08:35:56,291 [INFO] Sending to ptd: 'SR,V,250.450000'
ptd-server 2021-03-08 08:35:57,792 [INFO] Reply from ptd: 'Range V changed'
ptd-server 2021-03-08 08:35:57,792 [INFO] Sending to ptd: 'SR,A,0.053030'
ptd-server 2021-03-08 08:35:59,294 [INFO] Reply from ptd: 'Range A changed'
ptd-server 2021-03-08 08:36:09,304 [INFO] Starting testing mode
ptd-server 2021-03-08 08:36:09,304 [INFO] Sending to ptd: 'Go,1000,0,2021-03-08_08-24-52_testing'
ptd-server 2021-03-08 08:36:09,305 [INFO] Reply from ptd: 'Starting untimed measurement, maximum 500000 samples at 1000ms with 0 rampup samples'
ptd-server 2021-03-08 08:36:09,305 [INFO] Sending reply to client 'OK'
ptd-server 2021-03-08 08:46:39,059 [INFO] Got command from the client 'session,2021-03-08_08-24-52,stop,testing'
ptd-server 2021-03-08 08:46:49,070 [INFO] Sending to ptd: 'Stop'
ptd-server 2021-03-08 08:46:49,070 [INFO] Reply from ptd: 'Stopping untimed measurement'
ptd-server 2021-03-08 08:46:49,412 [INFO] Sending reply to client 'OK'
ptd-server 2021-03-08 08:46:49,420 [INFO] Got command from the client 'session,2021-03-08_08-24-52,upload,client.log'
ptd-server 2021-03-08 08:46:49,424 [INFO] Received '/home/anton/projects/mlperf/power-dev/output/2021-03-08_08-24-52client.log.tmp'
ptd-server 2021-03-08 08:46:49,424 [INFO] Removed '/home/anton/projects/mlperf/power-dev/output/2021-03-08_08-24-52client.log.tmp'
ptd-server 2021-03-08 08:46:49,424 [INFO] Sending reply to client 'OK'
ptd-server 2021-03-08 08:46:49,436 [INFO] Got command from the client 'session,2021-03-08_08-24-52,upload,client.json'
ptd-server 2021-03-08 08:46:49,439 [INFO] Received '/home/anton/projects/mlperf/power-dev/output/2021-03-08_08-24-52client.json.tmp'
ptd-server 2021-03-08 08:46:49,440 [INFO] Removed '/home/anton/projects/mlperf/power-dev/output/2021-03-08_08-24-52client.json.tmp'
ptd-server 2021-03-08 08:46:49,440 [INFO] Sending reply to client 'OK'
ptd-server 2021-03-08 08:46:49,442 [INFO] Got command from the client 'session,2021-03-08_08-24-52,done'
ptd-server 2021-03-08 08:46:49,443 [INFO] Sending to ptd: 'Stop'
ptd-server 2021-03-08 08:46:49,443 [INFO] Reply from ptd: 'Error: no measurement to stop'
ptd-server 2021-03-08 08:46:49,443 [INFO] Sending to ptd: 'SR,V,300.000000'
ptd-server 2021-03-08 08:46:50,944 [INFO] Reply from ptd: 'Range V changed'
ptd-server 2021-03-08 08:46:50,944 [INFO] Sending to ptd: 'SR,A,0.500000'
ptd-server 2021-03-08 08:46:52,446 [INFO] Reply from ptd: 'Range A changed'
ptd-server 2021-03-08 08:46:52,446 [INFO] Set initial values for Amps 0.500000 and Volts 300.000000
ptd-server 2021-03-08 08:46:52,446 [INFO] Stopping ptd...
