ptd-server 2021-03-17 11:28:18,807 [INFO] Got command from the client 'stop'
ptd-server 2021-03-17 11:28:18,807 [INFO] The server will be stopped after processing this client
ptd-server 2021-03-17 11:28:18,807 [INFO] Sending reply to client 'OK'
ptd-server 2021-03-17 11:28:19,041 [INFO] Got command from the client 'time'
ptd-server 2021-03-17 11:28:19,041 [INFO] Sending reply to client '1616005699.0417233'
ptd-server 2021-03-17 11:28:19,041 [INFO] Got command from the client 'new,,11bdb8e0-d8d6-4581-b6cb-c34700c02032'
ptd-server 2021-03-17 11:28:19,041 [INFO] Sending reply to client 'OK 2021-03-17_11-28-19,46ec9f67-a3a5-49f2-baf2-aeb839f45bdc'
ptd-server 2021-03-17 11:28:19,260 [INFO] Got command from the client 'time'
ptd-server 2021-03-17 11:28:19,260 [INFO] Sending reply to client '1616005699.260427'
ptd-server 2021-03-17 11:28:19,260 [INFO] Got command from the client 'session,2021-03-17_11-28-19,start,ranging'
ptd-server 2021-03-17 11:28:19,369 [INFO] Running PTDaemon: ['C:\\PTD\\ptd-windows-x86.exe', '-l', 'C:\\logs_ptdeamon.txt', '-p', '8888', '-c', '1', '-y', '52', '10.32.209.251']
ptd-server 2021-03-17 11:28:37,240 [INFO] Sending to ptd: 'Hello'
ptd-server 2021-03-17 11:28:37,240 [INFO] Reply from ptd: 'Hello, PTDaemon here!'
ptd-server 2021-03-17 11:28:37,240 [INFO] Sending to ptd: 'Identify'
ptd-server 2021-03-17 11:28:37,240 [INFO] Reply from ptd: 'YokogawaWT330E,1000,1,1,1,1,0,0,1,version=1.9.2-3976349f-20201208,OS=Windows 8 / Server 2012,mode=power,1,1,1,0,0,no_cal_date,YOKOGAWA;WT333E;C2VL22012V;F1.03'
ptd-server 2021-03-17 11:28:37,240 [INFO] Connected to PTDaemon
ptd-server 2021-03-17 11:28:37,240 [INFO] Sending to ptd: 'RR'
ptd-server 2021-03-17 11:28:37,240 [INFO] Reply from ptd: 'Ranges,0,0.500000,0,150.000000'
ptd-server 2021-03-17 11:28:37,240 [INFO] Initial range for Amps is 0.500000 for Volts is 150.000000
ptd-server 2021-03-17 11:28:37,240 [INFO] Sending to ptd: 'SR,V,Auto'
ptd-server 2021-03-17 11:28:37,755 [INFO] Reply from ptd: 'Range V changed'
ptd-server 2021-03-17 11:28:37,755 [INFO] Sending to ptd: 'SR,A,Auto'
ptd-server 2021-03-17 11:28:38,271 [INFO] Reply from ptd: 'Range A changed'
ptd-server 2021-03-17 11:28:48,274 [INFO] Starting ranging mode
ptd-server 2021-03-17 11:28:48,274 [INFO] Sending to ptd: 'Go,1000,0,2021-03-17_11-28-19_ranging'
ptd-server 2021-03-17 11:28:48,274 [INFO] Reply from ptd: 'Starting untimed measurement, maximum 500000 samples at 1000ms with 0 rampup samples'
ptd-server 2021-03-17 11:28:48,274 [INFO] Sending reply to client 'OK'
ptd-server 2021-03-17 11:43:45,358 [INFO] Got command from the client 'session,2021-03-17_11-28-19,stop,ranging'
ptd-server 2021-03-17 11:43:55,360 [INFO] Sending to ptd: 'Stop'
ptd-server 2021-03-17 11:43:55,360 [INFO] Reply from ptd: 'Stopping untimed measurement'
ptd-server 2021-03-17 11:43:55,688 [INFO] Sending reply to client 'OK'
ptd-server 2021-03-17 11:43:55,735 [INFO] Got command from the client 'session,2021-03-17_11-28-19,upload,ranging'
ptd-server 2021-03-17 11:43:55,735 [INFO] Received 'C:\\ptd-logs\\2021-03-17_11-28-19ranging.tmp'
ptd-server 2021-03-17 11:43:55,751 [INFO] Extracted 'C:\\ptd-logs\\2021-03-17_11-28-19ranging.tmp' into 'C:\\ptd-logs\\2021-03-17_11-28-19\\ranging'
ptd-server 2021-03-17 11:43:55,751 [INFO] Removed 'C:\\ptd-logs\\2021-03-17_11-28-19ranging.tmp'
ptd-server 2021-03-17 11:43:55,751 [INFO] Sending reply to client 'OK'
ptd-server 2021-03-17 11:43:55,969 [INFO] Got command from the client 'time'
ptd-server 2021-03-17 11:43:55,969 [INFO] Sending reply to client '1616006635.969874'
ptd-server 2021-03-17 11:43:55,969 [INFO] Got command from the client 'session,2021-03-17_11-28-19,start,testing'
ptd-server 2021-03-17 11:43:55,969 [INFO] Sending to ptd: 'SR,V,120.670000'
ptd-server 2021-03-17 11:43:57,813 [INFO] Reply from ptd: 'Range V changed'
ptd-server 2021-03-17 11:43:57,813 [INFO] Sending to ptd: 'SR,A,0.302500'
ptd-server 2021-03-17 11:43:59,346 [INFO] Reply from ptd: 'Range A changed'
ptd-server 2021-03-17 11:44:09,359 [INFO] Starting testing mode
ptd-server 2021-03-17 11:44:09,359 [INFO] Sending to ptd: 'Go,1000,0,2021-03-17_11-28-19_testing'
ptd-server 2021-03-17 11:44:09,359 [INFO] Reply from ptd: 'Starting untimed measurement, maximum 500000 samples at 1000ms with 0 rampup samples'
ptd-server 2021-03-17 11:44:09,359 [INFO] Sending reply to client 'OK'
ptd-server 2021-03-17 11:58:53,050 [INFO] Got command from the client 'session,2021-03-17_11-28-19,stop,testing'
ptd-server 2021-03-17 11:59:03,066 [INFO] Sending to ptd: 'Stop'
ptd-server 2021-03-17 11:59:03,066 [INFO] Reply from ptd: 'Stopping untimed measurement'
ptd-server 2021-03-17 11:59:03,238 [INFO] Sending reply to client 'OK'
ptd-server 2021-03-17 11:59:03,285 [INFO] Got command from the client 'session,2021-03-17_11-28-19,upload,testing'
ptd-server 2021-03-17 11:59:03,285 [INFO] Received 'C:\\ptd-logs\\2021-03-17_11-28-19testing.tmp'
ptd-server 2021-03-17 11:59:03,300 [INFO] Extracted 'C:\\ptd-logs\\2021-03-17_11-28-19testing.tmp' into 'C:\\ptd-logs\\2021-03-17_11-28-19\\run_1'
ptd-server 2021-03-17 11:59:03,300 [INFO] Removed 'C:\\ptd-logs\\2021-03-17_11-28-19testing.tmp'
ptd-server 2021-03-17 11:59:03,300 [INFO] Sending reply to client 'OK'
ptd-server 2021-03-17 11:59:03,316 [INFO] Got command from the client 'session,2021-03-17_11-28-19,upload,client.log'
ptd-server 2021-03-17 11:59:03,316 [INFO] Received 'C:\\ptd-logs\\2021-03-17_11-28-19client.log.tmp'
ptd-server 2021-03-17 11:59:03,331 [INFO] Removed 'C:\\ptd-logs\\2021-03-17_11-28-19client.log.tmp'
ptd-server 2021-03-17 11:59:03,331 [INFO] Sending reply to client 'OK'
ptd-server 2021-03-17 11:59:03,441 [INFO] Got command from the client 'session,2021-03-17_11-28-19,upload,client.json'
ptd-server 2021-03-17 11:59:03,441 [INFO] Received 'C:\\ptd-logs\\2021-03-17_11-28-19client.json.tmp'
ptd-server 2021-03-17 11:59:03,456 [INFO] Removed 'C:\\ptd-logs\\2021-03-17_11-28-19client.json.tmp'
ptd-server 2021-03-17 11:59:03,456 [INFO] Sending reply to client 'OK'
ptd-server 2021-03-17 11:59:03,456 [INFO] Got command from the client 'session,2021-03-17_11-28-19,done'
ptd-server 2021-03-17 11:59:03,456 [INFO] Sending to ptd: 'Stop'
ptd-server 2021-03-17 11:59:03,456 [INFO] Reply from ptd: 'Error: no measurement to stop'
ptd-server 2021-03-17 11:59:03,456 [INFO] Sending to ptd: 'SR,V,150.000000'
ptd-server 2021-03-17 11:59:04,987 [INFO] Reply from ptd: 'Range V changed'
ptd-server 2021-03-17 11:59:04,987 [INFO] Sending to ptd: 'SR,A,0.500000'
ptd-server 2021-03-17 11:59:06,518 [INFO] Reply from ptd: 'Range A changed'
ptd-server 2021-03-17 11:59:06,518 [INFO] Set initial values for Amps 0.500000 and Volts 150.000000
ptd-server 2021-03-17 11:59:06,518 [INFO] Stopping ptd...
