ptd-server 2021-02-27 12:42:57,417 [INFO] Got command from the client 'time'
ptd-server 2021-02-27 12:42:57,417 [INFO] Sending reply to client '1614429777.4177334'
ptd-server 2021-02-27 12:42:57,418 [INFO] Got command from the client 'new,,1ca4e332-acc6-440d-a2bc-139d6427b30e'
ptd-server 2021-02-27 12:42:57,419 [INFO] Sending reply to client 'OK 2021-02-27_12-42-57,16136c7e-e8f2-4c6b-afc9-b009d10eed31'
ptd-server 2021-02-27 12:42:57,457 [INFO] Got command from the client 'time'
ptd-server 2021-02-27 12:42:57,457 [INFO] Sending reply to client '1614429777.4574616'
ptd-server 2021-02-27 12:42:57,458 [INFO] Got command from the client 'session,2021-02-27_12-42-57,start,ranging'
ptd-server 2021-02-27 12:42:57,458 [INFO] Running PTDaemon: ['/home/anton/projects/mlperf/power/inference_v1.0/ptd-linux-x86', '-l', 'ptd.log', '-p', '8888', '52', '/dev/usbtmc0']
ptd-server 2021-02-27 12:43:14,627 [INFO] Sending to ptd: 'Hello'
ptd-server 2021-02-27 12:43:14,627 [INFO] Reply from ptd: 'Hello, PTDaemon here!'
ptd-server 2021-02-27 12:43:14,628 [INFO] Sending to ptd: 'Identify'
ptd-server 2021-02-27 12:43:14,628 [INFO] Reply from ptd: 'YokogawaWT330E,1000,1,1,1,1,0,0,1,version=1.9.2-e8c7a49a-20201208,OS=Linux 5.8.0-43-generic #49~20.04.1-Ubuntu SMP Fri Feb 5 09:57:56 UTC 2021 x86_64,mode=power,1,1,1,0,0,no_cal_date,YOKOGAWA;WT333E;C3VD30030E;F1.04'
ptd-server 2021-02-27 12:43:14,628 [INFO] Connected to PTDaemon
ptd-server 2021-02-27 12:43:14,628 [INFO] Sending to ptd: 'RR'
ptd-server 2021-02-27 12:43:14,629 [INFO] Reply from ptd: 'Ranges,0,0.500000,0,300.000000'
ptd-server 2021-02-27 12:43:14,629 [INFO] Initial range for Amps is 0.500000 for Volts is 300.000000
ptd-server 2021-02-27 12:43:14,629 [INFO] Sending to ptd: 'SR,V,Auto'
ptd-server 2021-02-27 12:43:15,131 [INFO] Reply from ptd: 'Range V changed'
ptd-server 2021-02-27 12:43:15,132 [INFO] Sending to ptd: 'SR,A,Auto'
ptd-server 2021-02-27 12:43:15,634 [INFO] Reply from ptd: 'Range A changed'
ptd-server 2021-02-27 12:43:25,644 [INFO] Starting ranging mode
ptd-server 2021-02-27 12:43:25,644 [INFO] Sending to ptd: 'Go,1000,0,2021-02-27_12-42-57_ranging'
ptd-server 2021-02-27 12:43:25,645 [INFO] Reply from ptd: 'Starting untimed measurement, maximum 500000 samples at 1000ms with 0 rampup samples'
ptd-server 2021-02-27 12:43:25,645 [INFO] Sending reply to client 'OK'
ptd-server 2021-02-27 12:53:44,149 [INFO] Got command from the client 'session,2021-02-27_12-42-57,stop,ranging'
ptd-server 2021-02-27 12:53:54,159 [INFO] Sending to ptd: 'Stop'
ptd-server 2021-02-27 12:53:54,160 [INFO] Reply from ptd: 'Stopping untimed measurement'
ptd-server 2021-02-27 12:53:54,249 [INFO] Sending reply to client 'OK'
ptd-server 2021-02-27 12:53:54,284 [INFO] Got command from the client 'time'
ptd-server 2021-02-27 12:53:54,284 [INFO] Sending reply to client '1614430434.2849422'
ptd-server 2021-02-27 12:53:54,286 [INFO] Got command from the client 'session,2021-02-27_12-42-57,start,testing'
ptd-server 2021-02-27 12:53:54,287 [INFO] Sending to ptd: 'SR,V,251.150000'
ptd-server 2021-02-27 12:53:56,146 [INFO] Reply from ptd: 'Range V changed'
ptd-server 2021-02-27 12:53:56,146 [INFO] Sending to ptd: 'SR,A,0.174840'
ptd-server 2021-02-27 12:53:57,648 [INFO] Reply from ptd: 'Range A changed'
ptd-server 2021-02-27 12:54:07,658 [INFO] Starting testing mode
ptd-server 2021-02-27 12:54:07,658 [INFO] Sending to ptd: 'Go,1000,0,2021-02-27_12-42-57_testing'
ptd-server 2021-02-27 12:54:07,658 [INFO] Reply from ptd: 'Starting untimed measurement, maximum 500000 samples at 1000ms with 0 rampup samples'
ptd-server 2021-02-27 12:54:07,659 [INFO] Sending reply to client 'OK'
ptd-server 2021-02-27 13:04:26,077 [INFO] Got command from the client 'session,2021-02-27_12-42-57,stop,testing'
ptd-server 2021-02-27 13:04:36,087 [INFO] Sending to ptd: 'Stop'
ptd-server 2021-02-27 13:04:36,088 [INFO] Reply from ptd: 'Stopping untimed measurement'
ptd-server 2021-02-27 13:04:36,135 [INFO] Sending reply to client 'OK'
ptd-server 2021-02-27 13:04:36,138 [INFO] Got command from the client 'session,2021-02-27_12-42-57,upload,client.log'
ptd-server 2021-02-27 13:04:36,138 [INFO] Received '/home/anton/projects/mlperf/power-dev/output/2021-02-27_12-42-57client.log.tmp'
ptd-server 2021-02-27 13:04:36,139 [INFO] Removed '/home/anton/projects/mlperf/power-dev/output/2021-02-27_12-42-57client.log.tmp'
ptd-server 2021-02-27 13:04:36,139 [INFO] Sending reply to client 'OK'
ptd-server 2021-02-27 13:04:36,143 [INFO] Got command from the client 'session,2021-02-27_12-42-57,upload,client.json'
ptd-server 2021-02-27 13:04:36,143 [INFO] Received '/home/anton/projects/mlperf/power-dev/output/2021-02-27_12-42-57client.json.tmp'
ptd-server 2021-02-27 13:04:36,144 [INFO] Removed '/home/anton/projects/mlperf/power-dev/output/2021-02-27_12-42-57client.json.tmp'
ptd-server 2021-02-27 13:04:36,144 [INFO] Sending reply to client 'OK'
ptd-server 2021-02-27 13:04:36,145 [INFO] Got command from the client 'session,2021-02-27_12-42-57,done'
ptd-server 2021-02-27 13:04:36,145 [INFO] Sending to ptd: 'Stop'
ptd-server 2021-02-27 13:04:36,659 [INFO] Reply from ptd: 'Error: no measurement to stop'
ptd-server 2021-02-27 13:04:36,659 [INFO] Sending to ptd: 'SR,V,300.000000'
ptd-server 2021-02-27 13:04:38,160 [INFO] Reply from ptd: 'Range V changed'
ptd-server 2021-02-27 13:04:38,160 [INFO] Sending to ptd: 'SR,A,0.500000'
ptd-server 2021-02-27 13:04:39,662 [INFO] Reply from ptd: 'Range A changed'
ptd-server 2021-02-27 13:04:39,662 [INFO] Set initial values for Amps 0.500000 and Volts 300.000000
ptd-server 2021-02-27 13:04:39,662 [INFO] Stopping ptd...
