ptd-server 2021-03-09 05:27:49,983 [INFO] Got command from the client 'time'
ptd-server 2021-03-09 05:27:49,983 [INFO] Sending reply to client '1615267669.9833264'
ptd-server 2021-03-09 05:27:49,984 [INFO] Got command from the client 'new,,8eea7a1b-bd84-48bd-9ed5-244b032a6b0f'
ptd-server 2021-03-09 05:27:49,985 [INFO] Sending reply to client 'OK 2021-03-09_05-27-49,8caedca4-7560-4c3b-8683-9735e60601ed'
ptd-server 2021-03-09 05:27:50,023 [INFO] Got command from the client 'time'
ptd-server 2021-03-09 05:27:50,023 [INFO] Sending reply to client '1615267670.023913'
ptd-server 2021-03-09 05:27:50,025 [INFO] Got command from the client 'session,2021-03-09_05-27-49,start,ranging'
ptd-server 2021-03-09 05:27:50,026 [INFO] Running PTDaemon: ['/home/anton/projects/mlperf/power/inference_v1.0/ptd-linux-x86', '-l', 'ptd.log', '-p', '8888', '52', '/dev/usbtmc0']
ptd-server 2021-03-09 05:28:07,198 [INFO] Sending to ptd: 'Hello'
ptd-server 2021-03-09 05:28:07,198 [INFO] Reply from ptd: 'Hello, PTDaemon here!'
ptd-server 2021-03-09 05:28:07,199 [INFO] Sending to ptd: 'Identify'
ptd-server 2021-03-09 05:28:07,199 [INFO] Reply from ptd: 'YokogawaWT330E,1000,1,1,1,1,0,0,1,version=1.9.2-e8c7a49a-20201208,OS=Linux 5.8.0-43-generic #49~20.04.1-Ubuntu SMP Fri Feb 5 09:57:56 UTC 2021 x86_64,mode=power,1,1,1,0,0,no_cal_date,YOKOGAWA;WT333E;C3VD30030E;F1.04'
ptd-server 2021-03-09 05:28:07,199 [INFO] Connected to PTDaemon
ptd-server 2021-03-09 05:28:07,199 [INFO] Sending to ptd: 'RR'
ptd-server 2021-03-09 05:28:07,199 [INFO] Reply from ptd: 'Ranges,0,0.500000,0,300.000000'
ptd-server 2021-03-09 05:28:07,200 [INFO] Initial range for Amps is 0.500000 for Volts is 300.000000
ptd-server 2021-03-09 05:28:07,200 [INFO] Sending to ptd: 'SR,V,Auto'
ptd-server 2021-03-09 05:28:07,702 [INFO] Reply from ptd: 'Range V changed'
ptd-server 2021-03-09 05:28:07,702 [INFO] Sending to ptd: 'SR,A,Auto'
ptd-server 2021-03-09 05:28:08,205 [INFO] Reply from ptd: 'Range A changed'
ptd-server 2021-03-09 05:28:18,215 [INFO] Starting ranging mode
ptd-server 2021-03-09 05:28:18,215 [INFO] Sending to ptd: 'Go,1000,0,2021-03-09_05-27-49_ranging'
ptd-server 2021-03-09 05:28:18,216 [INFO] Reply from ptd: 'Starting untimed measurement, maximum 500000 samples at 1000ms with 0 rampup samples'
ptd-server 2021-03-09 05:28:18,216 [INFO] Sending reply to client 'OK'
ptd-server 2021-03-09 05:38:33,690 [INFO] Got command from the client 'session,2021-03-09_05-27-49,stop,ranging'
ptd-server 2021-03-09 05:38:43,701 [INFO] Sending to ptd: 'Stop'
ptd-server 2021-03-09 05:38:43,701 [INFO] Reply from ptd: 'Stopping untimed measurement'
ptd-server 2021-03-09 05:38:44,420 [INFO] Sending reply to client 'OK'
ptd-server 2021-03-09 05:38:44,463 [INFO] Got command from the client 'time'
ptd-server 2021-03-09 05:38:44,464 [INFO] Sending reply to client '1615268324.463999'
ptd-server 2021-03-09 05:38:44,468 [INFO] Got command from the client 'session,2021-03-09_05-27-49,start,testing'
ptd-server 2021-03-09 05:38:44,468 [INFO] Sending to ptd: 'SR,V,248.970000'
ptd-server 2021-03-09 05:38:45,970 [INFO] Reply from ptd: 'Range V changed'
ptd-server 2021-03-09 05:38:45,970 [INFO] Sending to ptd: 'SR,A,0.152960'
ptd-server 2021-03-09 05:38:47,471 [INFO] Reply from ptd: 'Range A changed'
ptd-server 2021-03-09 05:38:57,481 [INFO] Starting testing mode
ptd-server 2021-03-09 05:38:57,482 [INFO] Sending to ptd: 'Go,1000,0,2021-03-09_05-27-49_testing'
ptd-server 2021-03-09 05:38:57,482 [INFO] Reply from ptd: 'Starting untimed measurement, maximum 500000 samples at 1000ms with 0 rampup samples'
ptd-server 2021-03-09 05:38:57,482 [INFO] Sending reply to client 'OK'
ptd-server 2021-03-09 05:49:12,870 [INFO] Got command from the client 'session,2021-03-09_05-27-49,stop,testing'
ptd-server 2021-03-09 05:49:22,880 [INFO] Sending to ptd: 'Stop'
ptd-server 2021-03-09 05:49:22,881 [INFO] Reply from ptd: 'Stopping untimed measurement'
ptd-server 2021-03-09 05:49:23,246 [INFO] Sending reply to client 'OK'
ptd-server 2021-03-09 05:49:23,254 [INFO] Got command from the client 'session,2021-03-09_05-27-49,upload,client.log'
ptd-server 2021-03-09 05:49:23,256 [INFO] Received '/home/anton/projects/mlperf/power-dev/output/2021-03-09_05-27-49client.log.tmp'
ptd-server 2021-03-09 05:49:23,256 [INFO] Removed '/home/anton/projects/mlperf/power-dev/output/2021-03-09_05-27-49client.log.tmp'
ptd-server 2021-03-09 05:49:23,256 [INFO] Sending reply to client 'OK'
ptd-server 2021-03-09 05:49:23,263 [INFO] Got command from the client 'session,2021-03-09_05-27-49,upload,client.json'
ptd-server 2021-03-09 05:49:23,264 [INFO] Received '/home/anton/projects/mlperf/power-dev/output/2021-03-09_05-27-49client.json.tmp'
ptd-server 2021-03-09 05:49:23,264 [INFO] Removed '/home/anton/projects/mlperf/power-dev/output/2021-03-09_05-27-49client.json.tmp'
ptd-server 2021-03-09 05:49:23,264 [INFO] Sending reply to client 'OK'
ptd-server 2021-03-09 05:49:23,265 [INFO] Got command from the client 'session,2021-03-09_05-27-49,done'
ptd-server 2021-03-09 05:49:23,265 [INFO] Sending to ptd: 'Stop'
ptd-server 2021-03-09 05:49:23,483 [INFO] Reply from ptd: 'Error: no measurement to stop'
ptd-server 2021-03-09 05:49:23,483 [INFO] Sending to ptd: 'SR,V,300.000000'
ptd-server 2021-03-09 05:49:24,984 [INFO] Reply from ptd: 'Range V changed'
ptd-server 2021-03-09 05:49:24,984 [INFO] Sending to ptd: 'SR,A,0.500000'
ptd-server 2021-03-09 05:49:26,486 [INFO] Reply from ptd: 'Range A changed'
ptd-server 2021-03-09 05:49:26,486 [INFO] Set initial values for Amps 0.500000 and Volts 300.000000
ptd-server 2021-03-09 05:49:26,486 [INFO] Stopping ptd...
