ptd-server 2021-03-08 10:15:53,376 [INFO] Got command from the client 'time'
ptd-server 2021-03-08 10:15:53,376 [INFO] Sending reply to client '1615198553.376845'
ptd-server 2021-03-08 10:15:53,379 [INFO] Got command from the client 'new,,0161b50f-9f59-42d9-ab9c-ce22bbf79aa5'
ptd-server 2021-03-08 10:15:53,380 [INFO] Sending reply to client 'OK 2021-03-08_10-15-53,58f1cf9f-fe9b-40d6-aa53-3ff9a5e573a3'
ptd-server 2021-03-08 10:15:53,416 [INFO] Got command from the client 'time'
ptd-server 2021-03-08 10:15:53,416 [INFO] Sending reply to client '1615198553.4168293'
ptd-server 2021-03-08 10:15:53,419 [INFO] Got command from the client 'session,2021-03-08_10-15-53,start,ranging'
ptd-server 2021-03-08 10:15:53,420 [INFO] Running PTDaemon: ['/home/anton/projects/mlperf/power/inference_v1.0/ptd-linux-x86', '-l', 'ptd.log', '-p', '8888', '52', '/dev/usbtmc0']
ptd-server 2021-03-08 10:16:10,592 [INFO] Sending to ptd: 'Hello'
ptd-server 2021-03-08 10:16:10,593 [INFO] Reply from ptd: 'Hello, PTDaemon here!'
ptd-server 2021-03-08 10:16:10,593 [INFO] Sending to ptd: 'Identify'
ptd-server 2021-03-08 10:16:10,593 [INFO] Reply from ptd: 'YokogawaWT330E,1000,1,1,1,1,0,0,1,version=1.9.2-e8c7a49a-20201208,OS=Linux 5.8.0-43-generic #49~20.04.1-Ubuntu SMP Fri Feb 5 09:57:56 UTC 2021 x86_64,mode=power,1,1,1,0,0,no_cal_date,YOKOGAWA;WT333E;C3VD30030E;F1.04'
ptd-server 2021-03-08 10:16:10,594 [INFO] Connected to PTDaemon
ptd-server 2021-03-08 10:16:10,594 [INFO] Sending to ptd: 'RR'
ptd-server 2021-03-08 10:16:10,594 [INFO] Reply from ptd: 'Ranges,0,0.500000,0,300.000000'
ptd-server 2021-03-08 10:16:10,594 [INFO] Initial range for Amps is 0.500000 for Volts is 300.000000
ptd-server 2021-03-08 10:16:10,595 [INFO] Sending to ptd: 'SR,V,Auto'
ptd-server 2021-03-08 10:16:11,097 [INFO] Reply from ptd: 'Range V changed'
ptd-server 2021-03-08 10:16:11,097 [INFO] Sending to ptd: 'SR,A,Auto'
ptd-server 2021-03-08 10:16:11,600 [INFO] Reply from ptd: 'Range A changed'
ptd-server 2021-03-08 10:16:21,610 [INFO] Starting ranging mode
ptd-server 2021-03-08 10:16:21,610 [INFO] Sending to ptd: 'Go,1000,0,2021-03-08_10-15-53_ranging'
ptd-server 2021-03-08 10:16:21,611 [INFO] Reply from ptd: 'Starting untimed measurement, maximum 500000 samples at 1000ms with 0 rampup samples'
ptd-server 2021-03-08 10:16:21,611 [INFO] Sending reply to client 'OK'
ptd-server 2021-03-08 10:26:46,626 [INFO] Got command from the client 'session,2021-03-08_10-15-53,stop,ranging'
ptd-server 2021-03-08 10:26:56,636 [INFO] Sending to ptd: 'Stop'
ptd-server 2021-03-08 10:26:56,637 [INFO] Reply from ptd: 'Stopping untimed measurement'
ptd-server 2021-03-08 10:26:57,308 [INFO] Sending reply to client 'OK'
ptd-server 2021-03-08 10:26:57,349 [INFO] Got command from the client 'time'
ptd-server 2021-03-08 10:26:57,350 [INFO] Sending reply to client '1615199217.3500705'
ptd-server 2021-03-08 10:26:57,353 [INFO] Got command from the client 'session,2021-03-08_10-15-53,start,testing'
ptd-server 2021-03-08 10:26:57,354 [INFO] Sending to ptd: 'SR,V,250.990000'
ptd-server 2021-03-08 10:26:59,112 [INFO] Reply from ptd: 'Range V changed'
ptd-server 2021-03-08 10:26:59,113 [INFO] Sending to ptd: 'SR,A,0.052870'
ptd-server 2021-03-08 10:27:00,614 [INFO] Reply from ptd: 'Range A changed'
ptd-server 2021-03-08 10:27:10,624 [INFO] Starting testing mode
ptd-server 2021-03-08 10:27:10,624 [INFO] Sending to ptd: 'Go,1000,0,2021-03-08_10-15-53_testing'
ptd-server 2021-03-08 10:27:10,625 [INFO] Reply from ptd: 'Starting untimed measurement, maximum 500000 samples at 1000ms with 0 rampup samples'
ptd-server 2021-03-08 10:27:10,625 [INFO] Sending reply to client 'OK'
ptd-server 2021-03-08 10:37:40,559 [INFO] Got command from the client 'session,2021-03-08_10-15-53,stop,testing'
ptd-server 2021-03-08 10:37:50,569 [INFO] Sending to ptd: 'Stop'
ptd-server 2021-03-08 10:37:50,569 [INFO] Reply from ptd: 'Stopping untimed measurement'
ptd-server 2021-03-08 10:37:50,916 [INFO] Sending reply to client 'OK'
ptd-server 2021-03-08 10:37:50,924 [INFO] Got command from the client 'session,2021-03-08_10-15-53,upload,client.log'
ptd-server 2021-03-08 10:37:50,928 [INFO] Received '/home/anton/projects/mlperf/power-dev/output/2021-03-08_10-15-53client.log.tmp'
ptd-server 2021-03-08 10:37:50,928 [INFO] Removed '/home/anton/projects/mlperf/power-dev/output/2021-03-08_10-15-53client.log.tmp'
ptd-server 2021-03-08 10:37:50,929 [INFO] Sending reply to client 'OK'
ptd-server 2021-03-08 10:37:50,941 [INFO] Got command from the client 'session,2021-03-08_10-15-53,upload,client.json'
ptd-server 2021-03-08 10:37:50,943 [INFO] Received '/home/anton/projects/mlperf/power-dev/output/2021-03-08_10-15-53client.json.tmp'
ptd-server 2021-03-08 10:37:50,944 [INFO] Removed '/home/anton/projects/mlperf/power-dev/output/2021-03-08_10-15-53client.json.tmp'
ptd-server 2021-03-08 10:37:50,944 [INFO] Sending reply to client 'OK'
ptd-server 2021-03-08 10:37:50,946 [INFO] Got command from the client 'session,2021-03-08_10-15-53,done'
ptd-server 2021-03-08 10:37:50,947 [INFO] Sending to ptd: 'Stop'
ptd-server 2021-03-08 10:37:50,947 [INFO] Reply from ptd: 'Error: no measurement to stop'
ptd-server 2021-03-08 10:37:50,947 [INFO] Sending to ptd: 'SR,V,300.000000'
ptd-server 2021-03-08 10:37:52,448 [INFO] Reply from ptd: 'Range V changed'
ptd-server 2021-03-08 10:37:52,449 [INFO] Sending to ptd: 'SR,A,0.500000'
ptd-server 2021-03-08 10:37:53,950 [INFO] Reply from ptd: 'Range A changed'
ptd-server 2021-03-08 10:37:53,950 [INFO] Set initial values for Amps 0.500000 and Volts 300.000000
ptd-server 2021-03-08 10:37:53,950 [INFO] Stopping ptd...
