ptd-server 2021-03-08 05:27:11,358 [INFO] Got command from the client 'time'
ptd-server 2021-03-08 05:27:11,358 [INFO] Sending reply to client '1615181231.3589187'
ptd-server 2021-03-08 05:27:11,362 [INFO] Got command from the client 'new,,3752724b-cd28-427f-a231-6a87b7d8788d'
ptd-server 2021-03-08 05:27:11,362 [INFO] Sending reply to client 'OK 2021-03-08_05-27-11,221699ae-e483-4da1-b5bc-156c7a0061f8'
ptd-server 2021-03-08 05:27:11,398 [INFO] Got command from the client 'time'
ptd-server 2021-03-08 05:27:11,398 [INFO] Sending reply to client '1615181231.3987203'
ptd-server 2021-03-08 05:27:11,402 [INFO] Got command from the client 'session,2021-03-08_05-27-11,start,ranging'
ptd-server 2021-03-08 05:27:11,402 [INFO] Running PTDaemon: ['/home/anton/projects/mlperf/power/inference_v1.0/ptd-linux-x86', '-l', 'ptd.log', '-p', '8888', '52', '/dev/usbtmc0']
ptd-server 2021-03-08 05:27:28,574 [INFO] Sending to ptd: 'Hello'
ptd-server 2021-03-08 05:27:28,574 [INFO] Reply from ptd: 'Hello, PTDaemon here!'
ptd-server 2021-03-08 05:27:28,574 [INFO] Sending to ptd: 'Identify'
ptd-server 2021-03-08 05:27:28,575 [INFO] Reply from ptd: 'YokogawaWT330E,1000,1,1,1,1,0,0,1,version=1.9.2-e8c7a49a-20201208,OS=Linux 5.8.0-43-generic #49~20.04.1-Ubuntu SMP Fri Feb 5 09:57:56 UTC 2021 x86_64,mode=power,1,1,1,0,0,no_cal_date,YOKOGAWA;WT333E;C3VD30030E;F1.04'
ptd-server 2021-03-08 05:27:28,575 [INFO] Connected to PTDaemon
ptd-server 2021-03-08 05:27:28,575 [INFO] Sending to ptd: 'RR'
ptd-server 2021-03-08 05:27:28,575 [INFO] Reply from ptd: 'Ranges,0,0.500000,0,300.000000'
ptd-server 2021-03-08 05:27:28,575 [INFO] Initial range for Amps is 0.500000 for Volts is 300.000000
ptd-server 2021-03-08 05:27:28,576 [INFO] Sending to ptd: 'SR,V,Auto'
ptd-server 2021-03-08 05:27:29,078 [INFO] Reply from ptd: 'Range V changed'
ptd-server 2021-03-08 05:27:29,078 [INFO] Sending to ptd: 'SR,A,Auto'
ptd-server 2021-03-08 05:27:29,581 [INFO] Reply from ptd: 'Range A changed'
ptd-server 2021-03-08 05:27:39,591 [INFO] Starting ranging mode
ptd-server 2021-03-08 05:27:39,591 [INFO] Sending to ptd: 'Go,1000,0,2021-03-08_05-27-11_ranging'
ptd-server 2021-03-08 05:27:39,591 [INFO] Reply from ptd: 'Starting untimed measurement, maximum 500000 samples at 1000ms with 0 rampup samples'
ptd-server 2021-03-08 05:27:39,592 [INFO] Sending reply to client 'OK'
ptd-server 2021-03-08 05:38:05,227 [INFO] Got command from the client 'session,2021-03-08_05-27-11,stop,ranging'
ptd-server 2021-03-08 05:38:15,238 [INFO] Sending to ptd: 'Stop'
ptd-server 2021-03-08 05:38:15,238 [INFO] Reply from ptd: 'Stopping untimed measurement'
ptd-server 2021-03-08 05:38:15,883 [INFO] Sending reply to client 'OK'
ptd-server 2021-03-08 05:38:15,930 [INFO] Got command from the client 'time'
ptd-server 2021-03-08 05:38:15,930 [INFO] Sending reply to client '1615181895.9306383'
ptd-server 2021-03-08 05:38:15,935 [INFO] Got command from the client 'session,2021-03-08_05-27-11,start,testing'
ptd-server 2021-03-08 05:38:15,936 [INFO] Sending to ptd: 'SR,V,249.760000'
ptd-server 2021-03-08 05:38:17,437 [INFO] Reply from ptd: 'Range V changed'
ptd-server 2021-03-08 05:38:17,437 [INFO] Sending to ptd: 'SR,A,0.056760'
ptd-server 2021-03-08 05:38:18,938 [INFO] Reply from ptd: 'Range A changed'
ptd-server 2021-03-08 05:38:28,949 [INFO] Starting testing mode
ptd-server 2021-03-08 05:38:28,949 [INFO] Sending to ptd: 'Go,1000,0,2021-03-08_05-27-11_testing'
ptd-server 2021-03-08 05:38:28,949 [INFO] Reply from ptd: 'Starting untimed measurement, maximum 500000 samples at 1000ms with 0 rampup samples'
ptd-server 2021-03-08 05:38:28,949 [INFO] Sending reply to client 'OK'
ptd-server 2021-03-08 05:48:59,294 [INFO] Got command from the client 'session,2021-03-08_05-27-11,stop,testing'
ptd-server 2021-03-08 05:49:09,305 [INFO] Sending to ptd: 'Stop'
ptd-server 2021-03-08 05:49:09,305 [INFO] Reply from ptd: 'Stopping untimed measurement'
ptd-server 2021-03-08 05:49:09,633 [INFO] Sending reply to client 'OK'
ptd-server 2021-03-08 05:49:09,641 [INFO] Got command from the client 'session,2021-03-08_05-27-11,upload,client.log'
ptd-server 2021-03-08 05:49:09,644 [INFO] Received '/home/anton/projects/mlperf/power-dev/output/2021-03-08_05-27-11client.log.tmp'
ptd-server 2021-03-08 05:49:09,644 [INFO] Removed '/home/anton/projects/mlperf/power-dev/output/2021-03-08_05-27-11client.log.tmp'
ptd-server 2021-03-08 05:49:09,644 [INFO] Sending reply to client 'OK'
ptd-server 2021-03-08 05:49:09,657 [INFO] Got command from the client 'session,2021-03-08_05-27-11,upload,client.json'
ptd-server 2021-03-08 05:49:09,660 [INFO] Received '/home/anton/projects/mlperf/power-dev/output/2021-03-08_05-27-11client.json.tmp'
ptd-server 2021-03-08 05:49:09,660 [INFO] Removed '/home/anton/projects/mlperf/power-dev/output/2021-03-08_05-27-11client.json.tmp'
ptd-server 2021-03-08 05:49:09,660 [INFO] Sending reply to client 'OK'
ptd-server 2021-03-08 05:49:09,663 [INFO] Got command from the client 'session,2021-03-08_05-27-11,done'
ptd-server 2021-03-08 05:49:09,663 [INFO] Sending to ptd: 'Stop'
ptd-server 2021-03-08 05:49:09,950 [INFO] Reply from ptd: 'Error: no measurement to stop'
ptd-server 2021-03-08 05:49:09,950 [INFO] Sending to ptd: 'SR,V,300.000000'
ptd-server 2021-03-08 05:49:11,451 [INFO] Reply from ptd: 'Range V changed'
ptd-server 2021-03-08 05:49:11,451 [INFO] Sending to ptd: 'SR,A,0.500000'
ptd-server 2021-03-08 05:49:12,953 [INFO] Reply from ptd: 'Range A changed'
ptd-server 2021-03-08 05:49:12,953 [INFO] Set initial values for Amps 0.500000 and Volts 300.000000
ptd-server 2021-03-08 05:49:12,953 [INFO] Stopping ptd...
