ptd-server 2021-03-06 09:01:00,567 [INFO] Got command from the client 'time'
ptd-server 2021-03-06 09:01:00,567 [INFO] Sending reply to client '1615021260.5673518'
ptd-server 2021-03-06 09:01:00,570 [INFO] Got command from the client 'new,,0757d1b5-11f8-4882-af22-082f0d54c27c'
ptd-server 2021-03-06 09:01:00,571 [INFO] Sending reply to client 'OK 2021-03-06_09-01-00,0a723985-9f6b-4475-b9af-38e88d51cef3'
ptd-server 2021-03-06 09:01:00,604 [INFO] Got command from the client 'time'
ptd-server 2021-03-06 09:01:00,604 [INFO] Sending reply to client '1615021260.6043932'
ptd-server 2021-03-06 09:01:00,607 [INFO] Got command from the client 'session,2021-03-06_09-01-00,start,ranging'
ptd-server 2021-03-06 09:01:00,608 [INFO] Running PTDaemon: ['/home/anton/projects/mlperf/power/inference_v1.0/ptd-linux-x86', '-l', 'ptd.log', '-p', '8888', '52', '/dev/usbtmc0']
ptd-server 2021-03-06 09:01:17,777 [INFO] Sending to ptd: 'Hello'
ptd-server 2021-03-06 09:01:17,777 [INFO] Reply from ptd: 'Hello, PTDaemon here!'
ptd-server 2021-03-06 09:01:17,778 [INFO] Sending to ptd: 'Identify'
ptd-server 2021-03-06 09:01:17,778 [INFO] Reply from ptd: 'YokogawaWT330E,1000,1,1,1,1,0,0,1,version=1.9.2-e8c7a49a-20201208,OS=Linux 5.8.0-43-generic #49~20.04.1-Ubuntu SMP Fri Feb 5 09:57:56 UTC 2021 x86_64,mode=power,1,1,1,0,0,no_cal_date,YOKOGAWA;WT333E;C3VD30030E;F1.04'
ptd-server 2021-03-06 09:01:17,778 [INFO] Connected to PTDaemon
ptd-server 2021-03-06 09:01:17,778 [INFO] Sending to ptd: 'RR'
ptd-server 2021-03-06 09:01:17,779 [INFO] Reply from ptd: 'Ranges,0,0.500000,0,300.000000'
ptd-server 2021-03-06 09:01:17,779 [INFO] Initial range for Amps is 0.500000 for Volts is 300.000000
ptd-server 2021-03-06 09:01:17,779 [INFO] Sending to ptd: 'SR,V,Auto'
ptd-server 2021-03-06 09:01:18,303 [INFO] Reply from ptd: 'Range V changed'
ptd-server 2021-03-06 09:01:18,304 [INFO] Sending to ptd: 'SR,A,Auto'
ptd-server 2021-03-06 09:01:18,806 [INFO] Reply from ptd: 'Range A changed'
ptd-server 2021-03-06 09:01:28,816 [INFO] Starting ranging mode
ptd-server 2021-03-06 09:01:28,816 [INFO] Sending to ptd: 'Go,1000,0,2021-03-06_09-01-00_ranging'
ptd-server 2021-03-06 09:01:28,817 [INFO] Reply from ptd: 'Starting untimed measurement, maximum 500000 samples at 1000ms with 0 rampup samples'
ptd-server 2021-03-06 09:01:28,817 [INFO] Sending reply to client 'OK'
ptd-server 2021-03-06 09:12:01,080 [INFO] Got command from the client 'session,2021-03-06_09-01-00,stop,ranging'
ptd-server 2021-03-06 09:12:11,091 [INFO] Sending to ptd: 'Stop'
ptd-server 2021-03-06 09:12:11,091 [INFO] Reply from ptd: 'Stopping untimed measurement'
ptd-server 2021-03-06 09:12:11,504 [INFO] Sending reply to client 'OK'
ptd-server 2021-03-06 09:12:11,549 [INFO] Got command from the client 'time'
ptd-server 2021-03-06 09:12:11,550 [INFO] Sending reply to client '1615021931.5499983'
ptd-server 2021-03-06 09:12:11,554 [INFO] Got command from the client 'session,2021-03-06_09-01-00,start,testing'
ptd-server 2021-03-06 09:12:11,554 [INFO] Sending to ptd: 'SR,V,250.560000'
ptd-server 2021-03-06 09:12:13,319 [INFO] Reply from ptd: 'Range V changed'
ptd-server 2021-03-06 09:12:13,319 [INFO] Sending to ptd: 'SR,A,0.060270'
ptd-server 2021-03-06 09:12:14,820 [INFO] Reply from ptd: 'Range A changed'
ptd-server 2021-03-06 09:12:24,830 [INFO] Starting testing mode
ptd-server 2021-03-06 09:12:24,831 [INFO] Sending to ptd: 'Go,1000,0,2021-03-06_09-01-00_testing'
ptd-server 2021-03-06 09:12:24,831 [INFO] Reply from ptd: 'Starting untimed measurement, maximum 500000 samples at 1000ms with 0 rampup samples'
ptd-server 2021-03-06 09:12:24,831 [INFO] Sending reply to client 'OK'
ptd-server 2021-03-06 09:23:01,925 [INFO] Got command from the client 'session,2021-03-06_09-01-00,stop,testing'
ptd-server 2021-03-06 09:23:11,936 [INFO] Sending to ptd: 'Stop'
ptd-server 2021-03-06 09:23:11,936 [INFO] Reply from ptd: 'Stopping untimed measurement'
ptd-server 2021-03-06 09:23:12,168 [INFO] Sending reply to client 'OK'
ptd-server 2021-03-06 09:23:12,176 [INFO] Got command from the client 'session,2021-03-06_09-01-00,upload,client.log'
ptd-server 2021-03-06 09:23:12,179 [INFO] Received '/home/anton/projects/mlperf/power-dev/output/2021-03-06_09-01-00client.log.tmp'
ptd-server 2021-03-06 09:23:12,179 [INFO] Removed '/home/anton/projects/mlperf/power-dev/output/2021-03-06_09-01-00client.log.tmp'
ptd-server 2021-03-06 09:23:12,179 [INFO] Sending reply to client 'OK'
ptd-server 2021-03-06 09:23:12,192 [INFO] Got command from the client 'session,2021-03-06_09-01-00,upload,client.json'
ptd-server 2021-03-06 09:23:12,195 [INFO] Received '/home/anton/projects/mlperf/power-dev/output/2021-03-06_09-01-00client.json.tmp'
ptd-server 2021-03-06 09:23:12,196 [INFO] Removed '/home/anton/projects/mlperf/power-dev/output/2021-03-06_09-01-00client.json.tmp'
ptd-server 2021-03-06 09:23:12,196 [INFO] Sending reply to client 'OK'
ptd-server 2021-03-06 09:23:12,199 [INFO] Got command from the client 'session,2021-03-06_09-01-00,done'
ptd-server 2021-03-06 09:23:12,200 [INFO] Sending to ptd: 'Stop'
ptd-server 2021-03-06 09:23:12,831 [INFO] Reply from ptd: 'Error: no measurement to stop'
ptd-server 2021-03-06 09:23:12,832 [INFO] Sending to ptd: 'SR,V,300.000000'
ptd-server 2021-03-06 09:23:14,333 [INFO] Reply from ptd: 'Range V changed'
ptd-server 2021-03-06 09:23:14,333 [INFO] Sending to ptd: 'SR,A,0.500000'
ptd-server 2021-03-06 09:23:15,834 [INFO] Reply from ptd: 'Range A changed'
ptd-server 2021-03-06 09:23:15,835 [INFO] Set initial values for Amps 0.500000 and Volts 300.000000
ptd-server 2021-03-06 09:23:15,835 [INFO] Stopping ptd...
