ptd-server 2021-03-01 23:22:23,573 [INFO] Got command from the client 'time'
ptd-server 2021-03-01 23:22:23,573 [INFO] Sending reply to client '1614640943.5733187'
ptd-server 2021-03-01 23:22:23,574 [INFO] Got command from the client 'new,,4c800c2a-322d-4b58-9d98-e4d6c53c9ff5'
ptd-server 2021-03-01 23:22:23,574 [INFO] Sending reply to client 'OK 2021-03-01_23-22-23,53310612-7933-4cf8-abec-fa25c33ec048'
ptd-server 2021-03-01 23:22:23,633 [INFO] Got command from the client 'time'
ptd-server 2021-03-01 23:22:23,633 [INFO] Sending reply to client '1614640943.633178'
ptd-server 2021-03-01 23:22:23,634 [INFO] Got command from the client 'session,2021-03-01_23-22-23,start,ranging'
ptd-server 2021-03-01 23:22:23,634 [INFO] Running PTDaemon: ['/home/anton/projects/mlperf/power/inference_v1.0/ptd-linux-x86', '-l', 'ptd.log', '-p', '8888', '52', '/dev/usbtmc0']
ptd-server 2021-03-01 23:22:40,803 [INFO] Sending to ptd: 'Hello'
ptd-server 2021-03-01 23:22:40,803 [INFO] Reply from ptd: 'Hello, PTDaemon here!'
ptd-server 2021-03-01 23:22:40,803 [INFO] Sending to ptd: 'Identify'
ptd-server 2021-03-01 23:22:40,804 [INFO] Reply from ptd: 'YokogawaWT330E,1000,1,1,1,1,0,0,1,version=1.9.2-e8c7a49a-20201208,OS=Linux 5.8.0-43-generic #49~20.04.1-Ubuntu SMP Fri Feb 5 09:57:56 UTC 2021 x86_64,mode=power,1,1,1,0,0,no_cal_date,YOKOGAWA;WT333E;C3VD30030E;F1.04'
ptd-server 2021-03-01 23:22:40,804 [INFO] Connected to PTDaemon
ptd-server 2021-03-01 23:22:40,804 [INFO] Sending to ptd: 'RR'
ptd-server 2021-03-01 23:22:40,804 [INFO] Reply from ptd: 'Ranges,0,0.500000,0,300.000000'
ptd-server 2021-03-01 23:22:40,804 [INFO] Initial range for Amps is 0.500000 for Volts is 300.000000
ptd-server 2021-03-01 23:22:40,805 [INFO] Sending to ptd: 'SR,V,Auto'
ptd-server 2021-03-01 23:22:41,307 [INFO] Reply from ptd: 'Range V changed'
ptd-server 2021-03-01 23:22:41,307 [INFO] Sending to ptd: 'SR,A,Auto'
ptd-server 2021-03-01 23:22:41,809 [INFO] Reply from ptd: 'Range A changed'
ptd-server 2021-03-01 23:22:51,820 [INFO] Starting ranging mode
ptd-server 2021-03-01 23:22:51,820 [INFO] Sending to ptd: 'Go,1000,0,2021-03-01_23-22-23_ranging'
ptd-server 2021-03-01 23:22:51,820 [INFO] Reply from ptd: 'Starting untimed measurement, maximum 500000 samples at 1000ms with 0 rampup samples'
ptd-server 2021-03-01 23:22:51,821 [INFO] Sending reply to client 'OK'
ptd-server 2021-03-01 23:33:15,199 [INFO] Got command from the client 'session,2021-03-01_23-22-23,stop,ranging'
ptd-server 2021-03-01 23:33:25,200 [INFO] Sending to ptd: 'Stop'
ptd-server 2021-03-01 23:33:25,201 [INFO] Reply from ptd: 'Stopping untimed measurement'
ptd-server 2021-03-01 23:33:25,472 [INFO] Sending reply to client 'OK'
ptd-server 2021-03-01 23:33:25,512 [INFO] Got command from the client 'time'
ptd-server 2021-03-01 23:33:25,512 [INFO] Sending reply to client '1614641605.5127506'
ptd-server 2021-03-01 23:33:25,513 [INFO] Got command from the client 'session,2021-03-01_23-22-23,start,testing'
ptd-server 2021-03-01 23:33:25,513 [INFO] Sending to ptd: 'SR,V,250.120000'
ptd-server 2021-03-01 23:33:27,321 [INFO] Reply from ptd: 'Range V changed'
ptd-server 2021-03-01 23:33:27,321 [INFO] Sending to ptd: 'SR,A,0.169370'
ptd-server 2021-03-01 23:33:28,822 [INFO] Reply from ptd: 'Range A changed'
ptd-server 2021-03-01 23:33:38,833 [INFO] Starting testing mode
ptd-server 2021-03-01 23:33:38,833 [INFO] Sending to ptd: 'Go,1000,0,2021-03-01_23-22-23_testing'
ptd-server 2021-03-01 23:33:38,833 [INFO] Reply from ptd: 'Starting untimed measurement, maximum 500000 samples at 1000ms with 0 rampup samples'
ptd-server 2021-03-01 23:33:38,833 [INFO] Sending reply to client 'OK'
ptd-server 2021-03-01 23:43:58,123 [INFO] Got command from the client 'session,2021-03-01_23-22-23,stop,testing'
ptd-server 2021-03-01 23:44:08,124 [INFO] Sending to ptd: 'Stop'
ptd-server 2021-03-01 23:44:08,125 [INFO] Reply from ptd: 'Stopping untimed measurement'
ptd-server 2021-03-01 23:44:08,275 [INFO] Sending reply to client 'OK'
ptd-server 2021-03-01 23:44:08,278 [INFO] Got command from the client 'session,2021-03-01_23-22-23,upload,client.log'
ptd-server 2021-03-01 23:44:08,279 [INFO] Received '/home/anton/projects/mlperf/power-dev/output/2021-03-01_23-22-23client.log.tmp'
ptd-server 2021-03-01 23:44:08,279 [INFO] Removed '/home/anton/projects/mlperf/power-dev/output/2021-03-01_23-22-23client.log.tmp'
ptd-server 2021-03-01 23:44:08,279 [INFO] Sending reply to client 'OK'
ptd-server 2021-03-01 23:44:08,283 [INFO] Got command from the client 'session,2021-03-01_23-22-23,upload,client.json'
ptd-server 2021-03-01 23:44:08,284 [INFO] Received '/home/anton/projects/mlperf/power-dev/output/2021-03-01_23-22-23client.json.tmp'
ptd-server 2021-03-01 23:44:08,284 [INFO] Removed '/home/anton/projects/mlperf/power-dev/output/2021-03-01_23-22-23client.json.tmp'
ptd-server 2021-03-01 23:44:08,284 [INFO] Sending reply to client 'OK'
ptd-server 2021-03-01 23:44:08,285 [INFO] Got command from the client 'session,2021-03-01_23-22-23,done'
ptd-server 2021-03-01 23:44:08,285 [INFO] Sending to ptd: 'Stop'
ptd-server 2021-03-01 23:44:08,833 [INFO] Reply from ptd: 'Error: no measurement to stop'
ptd-server 2021-03-01 23:44:08,833 [INFO] Sending to ptd: 'SR,V,300.000000'
ptd-server 2021-03-01 23:44:10,335 [INFO] Reply from ptd: 'Range V changed'
ptd-server 2021-03-01 23:44:10,335 [INFO] Sending to ptd: 'SR,A,0.500000'
ptd-server 2021-03-01 23:44:11,836 [INFO] Reply from ptd: 'Range A changed'
ptd-server 2021-03-01 23:44:11,836 [INFO] Set initial values for Amps 0.500000 and Volts 300.000000
ptd-server 2021-03-01 23:44:11,836 [INFO] Stopping ptd...
