ptd-server 2021-03-01 23:44:18,091 [INFO] Got command from the client 'time'
ptd-server 2021-03-01 23:44:18,091 [INFO] Sending reply to client '1614642258.091647'
ptd-server 2021-03-01 23:44:18,092 [INFO] Got command from the client 'new,,91a6b9cc-45f9-4000-9d7a-8197ad90e548'
ptd-server 2021-03-01 23:44:18,093 [INFO] Sending reply to client 'OK 2021-03-01_23-44-18,9bd7651b-e401-4dc0-8ae4-ff8b6a2cf5c5'
ptd-server 2021-03-01 23:44:18,131 [INFO] Got command from the client 'time'
ptd-server 2021-03-01 23:44:18,131 [INFO] Sending reply to client '1614642258.1314843'
ptd-server 2021-03-01 23:44:18,132 [INFO] Got command from the client 'session,2021-03-01_23-44-18,start,ranging'
ptd-server 2021-03-01 23:44:18,132 [INFO] Running PTDaemon: ['/home/anton/projects/mlperf/power/inference_v1.0/ptd-linux-x86', '-l', 'ptd.log', '-p', '8888', '52', '/dev/usbtmc0']
ptd-server 2021-03-01 23:44:35,300 [INFO] Sending to ptd: 'Hello'
ptd-server 2021-03-01 23:44:35,300 [INFO] Reply from ptd: 'Hello, PTDaemon here!'
ptd-server 2021-03-01 23:44:35,301 [INFO] Sending to ptd: 'Identify'
ptd-server 2021-03-01 23:44:35,301 [INFO] Reply from ptd: 'YokogawaWT330E,1000,1,1,1,1,0,0,1,version=1.9.2-e8c7a49a-20201208,OS=Linux 5.8.0-43-generic #49~20.04.1-Ubuntu SMP Fri Feb 5 09:57:56 UTC 2021 x86_64,mode=power,1,1,1,0,0,no_cal_date,YOKOGAWA;WT333E;C3VD30030E;F1.04'
ptd-server 2021-03-01 23:44:35,301 [INFO] Connected to PTDaemon
ptd-server 2021-03-01 23:44:35,301 [INFO] Sending to ptd: 'RR'
ptd-server 2021-03-01 23:44:35,302 [INFO] Reply from ptd: 'Ranges,0,0.500000,0,300.000000'
ptd-server 2021-03-01 23:44:35,302 [INFO] Initial range for Amps is 0.500000 for Volts is 300.000000
ptd-server 2021-03-01 23:44:35,302 [INFO] Sending to ptd: 'SR,V,Auto'
ptd-server 2021-03-01 23:44:35,804 [INFO] Reply from ptd: 'Range V changed'
ptd-server 2021-03-01 23:44:35,804 [INFO] Sending to ptd: 'SR,A,Auto'
ptd-server 2021-03-01 23:44:36,307 [INFO] Reply from ptd: 'Range A changed'
ptd-server 2021-03-01 23:44:46,317 [INFO] Starting ranging mode
ptd-server 2021-03-01 23:44:46,317 [INFO] Sending to ptd: 'Go,1000,0,2021-03-01_23-44-18_ranging'
ptd-server 2021-03-01 23:44:46,318 [INFO] Reply from ptd: 'Starting untimed measurement, maximum 500000 samples at 1000ms with 0 rampup samples'
ptd-server 2021-03-01 23:44:46,318 [INFO] Sending reply to client 'OK'
ptd-server 2021-03-01 23:55:05,423 [INFO] Got command from the client 'session,2021-03-01_23-44-18,stop,ranging'
ptd-server 2021-03-01 23:55:15,433 [INFO] Sending to ptd: 'Stop'
ptd-server 2021-03-01 23:55:15,433 [INFO] Reply from ptd: 'Stopping untimed measurement'
ptd-server 2021-03-01 23:55:15,723 [INFO] Sending reply to client 'OK'
ptd-server 2021-03-01 23:55:15,759 [INFO] Got command from the client 'time'
ptd-server 2021-03-01 23:55:15,760 [INFO] Sending reply to client '1614642915.7600145'
ptd-server 2021-03-01 23:55:15,762 [INFO] Got command from the client 'session,2021-03-01_23-44-18,start,testing'
ptd-server 2021-03-01 23:55:15,762 [INFO] Sending to ptd: 'SR,V,251.250000'
ptd-server 2021-03-01 23:55:17,819 [INFO] Reply from ptd: 'Range V changed'
ptd-server 2021-03-01 23:55:17,819 [INFO] Sending to ptd: 'SR,A,0.189780'
ptd-server 2021-03-01 23:55:19,320 [INFO] Reply from ptd: 'Range A changed'
ptd-server 2021-03-01 23:55:29,331 [INFO] Starting testing mode
ptd-server 2021-03-01 23:55:29,331 [INFO] Sending to ptd: 'Go,1000,0,2021-03-01_23-44-18_testing'
ptd-server 2021-03-01 23:55:29,331 [INFO] Reply from ptd: 'Starting untimed measurement, maximum 500000 samples at 1000ms with 0 rampup samples'
ptd-server 2021-03-01 23:55:29,331 [INFO] Sending reply to client 'OK'
ptd-server 2021-03-02 00:05:48,522 [INFO] Got command from the client 'session,2021-03-01_23-44-18,stop,testing'
ptd-server 2021-03-02 00:05:58,532 [INFO] Sending to ptd: 'Stop'
ptd-server 2021-03-02 00:05:58,533 [INFO] Reply from ptd: 'Stopping untimed measurement'
ptd-server 2021-03-02 00:05:58,683 [INFO] Sending reply to client 'OK'
ptd-server 2021-03-02 00:05:58,686 [INFO] Got command from the client 'session,2021-03-01_23-44-18,upload,client.log'
ptd-server 2021-03-02 00:05:58,687 [INFO] Received '/home/anton/projects/mlperf/power-dev/output/2021-03-01_23-44-18client.log.tmp'
ptd-server 2021-03-02 00:05:58,687 [INFO] Removed '/home/anton/projects/mlperf/power-dev/output/2021-03-01_23-44-18client.log.tmp'
ptd-server 2021-03-02 00:05:58,687 [INFO] Sending reply to client 'OK'
ptd-server 2021-03-02 00:05:58,692 [INFO] Got command from the client 'session,2021-03-01_23-44-18,upload,client.json'
ptd-server 2021-03-02 00:05:58,692 [INFO] Received '/home/anton/projects/mlperf/power-dev/output/2021-03-01_23-44-18client.json.tmp'
ptd-server 2021-03-02 00:05:58,693 [INFO] Removed '/home/anton/projects/mlperf/power-dev/output/2021-03-01_23-44-18client.json.tmp'
ptd-server 2021-03-02 00:05:58,693 [INFO] Sending reply to client 'OK'
ptd-server 2021-03-02 00:05:58,694 [INFO] Got command from the client 'session,2021-03-01_23-44-18,done'
ptd-server 2021-03-02 00:05:58,694 [INFO] Sending to ptd: 'Stop'
ptd-server 2021-03-02 00:05:59,331 [INFO] Reply from ptd: 'Error: no measurement to stop'
ptd-server 2021-03-02 00:05:59,331 [INFO] Sending to ptd: 'SR,V,300.000000'
ptd-server 2021-03-02 00:06:00,833 [INFO] Reply from ptd: 'Range V changed'
ptd-server 2021-03-02 00:06:00,833 [INFO] Sending to ptd: 'SR,A,0.500000'
ptd-server 2021-03-02 00:06:02,334 [INFO] Reply from ptd: 'Range A changed'
ptd-server 2021-03-02 00:06:02,334 [INFO] Set initial values for Amps 0.500000 and Volts 300.000000
ptd-server 2021-03-02 00:06:02,334 [INFO] Stopping ptd...
