client 2021-03-17 11:28:18,748 [WARNING] Removing old loadgen logs directory '/home/scratch.mlperf_inf_ci/mlPerf/L1/XavierNX_MaxQ-Commputelab-XavierNX-MaxQ-L1-2-2021-03-17-10-42-27-UTC/mlperf-inference/closed/NVIDIA/build/power_logs_temp'
client 2021-03-17 11:28:18,761 [INFO] Sending command to the server: 'mlcommons/power client v3'
client 2021-03-17 11:28:18,767 [INFO] Got response: 'mlcommons/power server v3'
client 2021-03-17 11:28:18,768 [INFO] Sending command to the server: 'stop'
client 2021-03-17 11:28:18,770 [INFO] Got response: 'OK'
client 2021-03-17 11:28:18,770 [INFO] Synchronizing with the server and with ib-01.dc4-in.nvidia.com...
client 2021-03-17 11:28:18,998 [INFO] NTP:offset = -0.002 s, delay = 0.202 s 
client 2021-03-17 11:28:18,999 [INFO] Sending command to the server: 'time'
client 2021-03-17 11:28:19,001 [INFO] Got response: '1616005699.0417233'
client 2021-03-17 11:28:19,002 [INFO] The time difference between the client and the server is within range -42.087 ms..-39.571 ms
client 2021-03-17 11:28:19,002 [INFO] Sending command to the server: 'new,,11bdb8e0-d8d6-4581-b6cb-c34700c02032'
client 2021-03-17 11:28:19,005 [INFO] Got response: 'OK 2021-03-17_11-28-19,46ec9f67-a3a5-49f2-baf2-aeb839f45bdc'
client 2021-03-17 11:28:19,005 [INFO] Session id is '2021-03-17_11-28-19'
client 2021-03-17 11:28:19,006 [INFO] Sources: {"sources": {"client.py": "d1e75cb4b26101220ebd242e584cf3ca5d8f1996", "lib/__init__.py": "da39a3ee5e6b4b0d3255bfef95601890afd80709", "lib/client.py": "d42bebf5b74cb6ff3997e2a6c68422afac111a28", "lib/common.py": "b0bad80d8fa328a7636027d4d66ff453f8dd7889", "lib/external/ntplib.py": "4da8f970656505a40483206ef2b5d3dd5e81711d", "lib/server.py": "2ed36471c7af565d6c8438b2134edad1d7ddf166", "lib/source_hashes.py": "4cedff274c661cb1504052018fd4f00dfbf624ef", "lib/summary.py": "0db15d783907aa92038281af4e465545c0648ddb", "lib/time_sync.py": "76051226ec89287839723352f4162aaa24e0546a", "server.py": "99e1310e3f76292aef1b8792ce6b8c82f1d44d8b", "tests/unit/test_server.py": "64f11775bfed35232a0e8bb9593c0ff992432c59", "tests/unit/test_source_hashes.py": "cb41a7261eaf7d94ba5c0aae9c523174f6204be3"}, "modules": {"__main__": "client.py", "lib.client": "lib/client.py", "lib.common": "lib/common.py", "lib.external.ntplib": "lib/external/ntplib.py", "lib.source_hashes": "lib/source_hashes.py", "lib.summary": "lib/summary.py", "lib.time_sync": "lib/time_sync.py"}}
client 2021-03-17 11:28:19,009 [INFO] Running workload in ranging mode
client 2021-03-17 11:28:19,009 [INFO] Synchronizing with the server and with ib-01.dc4-in.nvidia.com...
client 2021-03-17 11:28:19,218 [INFO] NTP:offset = -0.002 s, delay = 0.202 s 
client 2021-03-17 11:28:19,218 [INFO] Sending command to the server: 'time'
client 2021-03-17 11:28:19,220 [INFO] Got response: '1616005699.260427'
client 2021-03-17 11:28:19,221 [INFO] The time difference between the client and the server is within range -41.540 ms..-39.114 ms
client 2021-03-17 11:28:19,221 [INFO] Sending command to the server: 'session,2021-03-17_11-28-19,start,ranging'
client 2021-03-17 11:28:48,235 [INFO] Got response: 'OK'
client 2021-03-17 11:28:48,236 [INFO] Running the workload 'LOG_DIR=/home/scratch.mlperf_inf_ci/mlPerf/L1/XavierNX_MaxQ-Commputelab-XavierNX-MaxQ-L1-2-2021-03-17-10-42-27-UTC/mlperf-inference/closed/NVIDIA/build/power_logs_temp python3 code/main.py --benchmarks=3d-unet --scenarios=SingleStream --test_mode=PerformanceOnly --config_ver=maxq_high_accuracy --action="run_harness" \\\n\t\t&& cp -v /home/scratch.mlperf_inf_ci/mlPerf/L1/XavierNX_MaxQ-Commputelab-XavierNX-MaxQ-L1-2-2021-03-17-10-42-27-UTC/mlperf-inference/closed/NVIDIA/build/power_logs_temp/*/*/*/mlperf_log_detail.txt /home/scratch.mlperf_inf_ci/mlPerf/L1/XavierNX_MaxQ-Commputelab-XavierNX-MaxQ-L1-2-2021-03-17-10-42-27-UTC/mlperf-inference/closed/NVIDIA/build/power_logs_temp/ \\\n\t\t&& cp -v /home/scratch.mlperf_inf_ci/mlPerf/L1/XavierNX_MaxQ-Commputelab-XavierNX-MaxQ-L1-2-2021-03-17-10-42-27-UTC/mlperf-inference/closed/NVIDIA/build/power_logs_temp/*/*/*/mlperf_log_summary.txt /home/scratch.mlperf_inf_ci/mlPerf/L1/XavierNX_MaxQ-Commputelab-XavierNX-MaxQ-L1-2-2021-03-17-10-42-27-UTC/mlperf-inference/closed/NVIDIA/build/power_logs_temp/'
client 2021-03-17 11:43:45,317 [INFO] Sending command to the server: 'session,2021-03-17_11-28-19,stop,ranging'
client 2021-03-17 11:43:55,649 [INFO] Got response: 'OK'
client 2021-03-17 11:43:55,658 [INFO] Packing logs into zip and uploading to the server
client 2021-03-17 11:43:55,696 [INFO] Zip file size: 10.8 kB
client 2021-03-17 11:43:55,716 [INFO] Got response: 'OK'
client 2021-03-17 11:43:55,718 [INFO] Running workload in testing mode
client 2021-03-17 11:43:55,718 [INFO] Synchronizing with the server and with ib-01.dc4-in.nvidia.com...
client 2021-03-17 11:43:55,929 [INFO] NTP:offset = 0.000 s, delay = 0.202 s 
client 2021-03-17 11:43:55,930 [INFO] Sending command to the server: 'time'
client 2021-03-17 11:43:55,932 [INFO] Got response: '1616006635.969874'
client 2021-03-17 11:43:55,932 [INFO] The time difference between the client and the server is within range -39.912 ms..-37.254 ms
client 2021-03-17 11:43:55,933 [INFO] Sending command to the server: 'session,2021-03-17_11-28-19,start,testing'
client 2021-03-17 11:44:09,320 [INFO] Got response: 'OK'
client 2021-03-17 11:44:09,320 [INFO] Running the workload 'LOG_DIR=/home/scratch.mlperf_inf_ci/mlPerf/L1/XavierNX_MaxQ-Commputelab-XavierNX-MaxQ-L1-2-2021-03-17-10-42-27-UTC/mlperf-inference/closed/NVIDIA/build/power_logs_temp python3 code/main.py --benchmarks=3d-unet --scenarios=SingleStream --test_mode=PerformanceOnly --config_ver=maxq_high_accuracy --action="run_harness" \\\n\t\t&& cp -v /home/scratch.mlperf_inf_ci/mlPerf/L1/XavierNX_MaxQ-Commputelab-XavierNX-MaxQ-L1-2-2021-03-17-10-42-27-UTC/mlperf-inference/closed/NVIDIA/build/power_logs_temp/*/*/*/mlperf_log_detail.txt /home/scratch.mlperf_inf_ci/mlPerf/L1/XavierNX_MaxQ-Commputelab-XavierNX-MaxQ-L1-2-2021-03-17-10-42-27-UTC/mlperf-inference/closed/NVIDIA/build/power_logs_temp/ \\\n\t\t&& cp -v /home/scratch.mlperf_inf_ci/mlPerf/L1/XavierNX_MaxQ-Commputelab-XavierNX-MaxQ-L1-2-2021-03-17-10-42-27-UTC/mlperf-inference/closed/NVIDIA/build/power_logs_temp/*/*/*/mlperf_log_summary.txt /home/scratch.mlperf_inf_ci/mlPerf/L1/XavierNX_MaxQ-Commputelab-XavierNX-MaxQ-L1-2-2021-03-17-10-42-27-UTC/mlperf-inference/closed/NVIDIA/build/power_logs_temp/'
client 2021-03-17 11:58:53,015 [INFO] Sending command to the server: 'session,2021-03-17_11-28-19,stop,testing'
client 2021-03-17 11:59:03,193 [INFO] Got response: 'OK'
client 2021-03-17 11:59:03,202 [INFO] Packing logs into zip and uploading to the server
client 2021-03-17 11:59:03,244 [INFO] Zip file size: 10.8 kB
client 2021-03-17 11:59:03,263 [INFO] Got response: 'OK'
client 2021-03-17 11:59:03,265 [INFO] Done runs
