ptd-server 2021-03-07 13:26:00,477 [INFO] Got command from the client 'time'
ptd-server 2021-03-07 13:26:00,477 [INFO] Sending reply to client '1615123560.477341'
ptd-server 2021-03-07 13:26:00,479 [INFO] Got command from the client 'new,,71df952d-9e5b-425a-9789-c8a56b5874fe'
ptd-server 2021-03-07 13:26:00,480 [INFO] Sending reply to client 'OK 2021-03-07_13-26-00,e64d19d3-50e4-4404-a4b4-c4aba9471a7b'
ptd-server 2021-03-07 13:26:00,517 [INFO] Got command from the client 'time'
ptd-server 2021-03-07 13:26:00,517 [INFO] Sending reply to client '1615123560.517291'
ptd-server 2021-03-07 13:26:00,519 [INFO] Got command from the client 'session,2021-03-07_13-26-00,start,ranging'
ptd-server 2021-03-07 13:26:00,520 [INFO] Running PTDaemon: ['/home/anton/projects/mlperf/power/inference_v1.0/ptd-linux-x86', '-l', 'ptd.log', '-p', '8888', '52', '/dev/usbtmc0']
ptd-server 2021-03-07 13:26:17,689 [INFO] Sending to ptd: 'Hello'
ptd-server 2021-03-07 13:26:17,689 [INFO] Reply from ptd: 'Hello, PTDaemon here!'
ptd-server 2021-03-07 13:26:17,690 [INFO] Sending to ptd: 'Identify'
ptd-server 2021-03-07 13:26:17,690 [INFO] Reply from ptd: 'YokogawaWT330E,1000,1,1,1,1,0,0,1,version=1.9.2-e8c7a49a-20201208,OS=Linux 5.8.0-43-generic #49~20.04.1-Ubuntu SMP Fri Feb 5 09:57:56 UTC 2021 x86_64,mode=power,1,1,1,0,0,no_cal_date,YOKOGAWA;WT333E;C3VD30030E;F1.04'
ptd-server 2021-03-07 13:26:17,690 [INFO] Connected to PTDaemon
ptd-server 2021-03-07 13:26:17,690 [INFO] Sending to ptd: 'RR'
ptd-server 2021-03-07 13:26:17,690 [INFO] Reply from ptd: 'Ranges,0,0.500000,0,300.000000'
ptd-server 2021-03-07 13:26:17,691 [INFO] Initial range for Amps is 0.500000 for Volts is 300.000000
ptd-server 2021-03-07 13:26:17,691 [INFO] Sending to ptd: 'SR,V,Auto'
ptd-server 2021-03-07 13:26:18,193 [INFO] Reply from ptd: 'Range V changed'
ptd-server 2021-03-07 13:26:18,193 [INFO] Sending to ptd: 'SR,A,Auto'
ptd-server 2021-03-07 13:26:18,696 [INFO] Reply from ptd: 'Range A changed'
ptd-server 2021-03-07 13:26:28,706 [INFO] Starting ranging mode
ptd-server 2021-03-07 13:26:28,706 [INFO] Sending to ptd: 'Go,1000,0,2021-03-07_13-26-00_ranging'
ptd-server 2021-03-07 13:26:28,707 [INFO] Reply from ptd: 'Starting untimed measurement, maximum 500000 samples at 1000ms with 0 rampup samples'
ptd-server 2021-03-07 13:26:28,707 [INFO] Sending reply to client 'OK'
ptd-server 2021-03-07 13:36:53,642 [INFO] Got command from the client 'session,2021-03-07_13-26-00,stop,ranging'
ptd-server 2021-03-07 13:37:03,652 [INFO] Sending to ptd: 'Stop'
ptd-server 2021-03-07 13:37:03,653 [INFO] Reply from ptd: 'Stopping untimed measurement'
ptd-server 2021-03-07 13:37:04,217 [INFO] Sending reply to client 'OK'
ptd-server 2021-03-07 13:37:04,254 [INFO] Got command from the client 'time'
ptd-server 2021-03-07 13:37:04,254 [INFO] Sending reply to client '1615124224.2548504'
ptd-server 2021-03-07 13:37:04,258 [INFO] Got command from the client 'session,2021-03-07_13-26-00,start,testing'
ptd-server 2021-03-07 13:37:04,258 [INFO] Sending to ptd: 'SR,V,251.440000'
ptd-server 2021-03-07 13:37:05,759 [INFO] Reply from ptd: 'Range V changed'
ptd-server 2021-03-07 13:37:05,759 [INFO] Sending to ptd: 'SR,A,0.058900'
ptd-server 2021-03-07 13:37:07,261 [INFO] Reply from ptd: 'Range A changed'
ptd-server 2021-03-07 13:37:17,271 [INFO] Starting testing mode
ptd-server 2021-03-07 13:37:17,271 [INFO] Sending to ptd: 'Go,1000,0,2021-03-07_13-26-00_testing'
ptd-server 2021-03-07 13:37:17,272 [INFO] Reply from ptd: 'Starting untimed measurement, maximum 500000 samples at 1000ms with 0 rampup samples'
ptd-server 2021-03-07 13:37:17,272 [INFO] Sending reply to client 'OK'
ptd-server 2021-03-07 13:47:46,962 [INFO] Got command from the client 'session,2021-03-07_13-26-00,stop,testing'
ptd-server 2021-03-07 13:47:56,972 [INFO] Sending to ptd: 'Stop'
ptd-server 2021-03-07 13:47:56,973 [INFO] Reply from ptd: 'Stopping untimed measurement'
ptd-server 2021-03-07 13:47:57,264 [INFO] Sending reply to client 'OK'
ptd-server 2021-03-07 13:47:57,272 [INFO] Got command from the client 'session,2021-03-07_13-26-00,upload,client.log'
ptd-server 2021-03-07 13:47:57,275 [INFO] Received '/home/anton/projects/mlperf/power-dev/output/2021-03-07_13-26-00client.log.tmp'
ptd-server 2021-03-07 13:47:57,276 [INFO] Removed '/home/anton/projects/mlperf/power-dev/output/2021-03-07_13-26-00client.log.tmp'
ptd-server 2021-03-07 13:47:57,276 [INFO] Sending reply to client 'OK'
ptd-server 2021-03-07 13:47:57,288 [INFO] Got command from the client 'session,2021-03-07_13-26-00,upload,client.json'
ptd-server 2021-03-07 13:47:57,290 [INFO] Received '/home/anton/projects/mlperf/power-dev/output/2021-03-07_13-26-00client.json.tmp'
ptd-server 2021-03-07 13:47:57,291 [INFO] Removed '/home/anton/projects/mlperf/power-dev/output/2021-03-07_13-26-00client.json.tmp'
ptd-server 2021-03-07 13:47:57,291 [INFO] Sending reply to client 'OK'
ptd-server 2021-03-07 13:47:57,294 [INFO] Got command from the client 'session,2021-03-07_13-26-00,done'
ptd-server 2021-03-07 13:47:57,294 [INFO] Sending to ptd: 'Stop'
ptd-server 2021-03-07 13:47:57,294 [INFO] Reply from ptd: 'Error: no measurement to stop'
ptd-server 2021-03-07 13:47:57,295 [INFO] Sending to ptd: 'SR,V,300.000000'
ptd-server 2021-03-07 13:47:58,796 [INFO] Reply from ptd: 'Range V changed'
ptd-server 2021-03-07 13:47:58,796 [INFO] Sending to ptd: 'SR,A,0.500000'
ptd-server 2021-03-07 13:48:00,297 [INFO] Reply from ptd: 'Range A changed'
ptd-server 2021-03-07 13:48:00,298 [INFO] Set initial values for Amps 0.500000 and Volts 300.000000
ptd-server 2021-03-07 13:48:00,298 [INFO] Stopping ptd...
