client 2021-02-27 22:11:03,077 [INFO] Sending command to the server: 'mlcommons/power client v3'
client 2021-02-27 22:11:03,078 [INFO] Got response: 'mlcommons/power server v3'
client 2021-02-27 22:11:03,078 [INFO] Synchronizing with the server and with time.google.com...
client 2021-02-27 22:11:03,145 [INFO] NTP:offset = -0.003 s, delay = 0.045 s 
client 2021-02-27 22:11:03,145 [INFO] Sending command to the server: 'time'
client 2021-02-27 22:11:03,146 [INFO] Got response: '1614463863.1530035'
client 2021-02-27 22:11:03,147 [INFO] The time difference between the client and the server is within range -7.153 ms..-5.852 ms
client 2021-02-27 22:11:03,147 [INFO] Sending command to the server: 'new,,7c9ae8a2-58ff-4150-a1a1-5de821704af5'
client 2021-02-27 22:11:03,148 [INFO] Got response: 'OK 2021-02-27_22-11-03,db34bc44-c6b0-461d-89ed-2b2efff63527'
client 2021-02-27 22:11:03,148 [INFO] Session id is '2021-02-27_22-11-03'
client 2021-02-27 22:11:03,149 [INFO] Sources: {"sources": {"client.py": "d1e75cb4b26101220ebd242e584cf3ca5d8f1996", "lib/__init__.py": "da39a3ee5e6b4b0d3255bfef95601890afd80709", "lib/client.py": "d42bebf5b74cb6ff3997e2a6c68422afac111a28", "lib/common.py": "b0bad80d8fa328a7636027d4d66ff453f8dd7889", "lib/external/ntplib.py": "4da8f970656505a40483206ef2b5d3dd5e81711d", "lib/server.py": "2ed36471c7af565d6c8438b2134edad1d7ddf166", "lib/source_hashes.py": "4cedff274c661cb1504052018fd4f00dfbf624ef", "lib/summary.py": "0db15d783907aa92038281af4e465545c0648ddb", "lib/time_sync.py": "76051226ec89287839723352f4162aaa24e0546a", "server.py": "99e1310e3f76292aef1b8792ce6b8c82f1d44d8b", "tests/unit/test_server.py": "64f11775bfed35232a0e8bb9593c0ff992432c59", "tests/unit/test_source_hashes.py": "cb41a7261eaf7d94ba5c0aae9c523174f6204be3"}, "modules": {"__main__": "client.py", "lib.client": "lib/client.py", "lib.common": "lib/common.py", "lib.external.ntplib": "lib/external/ntplib.py", "lib.source_hashes": "lib/source_hashes.py", "lib.summary": "lib/summary.py", "lib.time_sync": "lib/time_sync.py"}}
client 2021-02-27 22:11:03,149 [INFO] Running workload in ranging mode
client 2021-02-27 22:11:03,149 [INFO] Synchronizing with the server and with time.google.com...
client 2021-02-27 22:11:03,184 [INFO] NTP:offset = 0.002 s, delay = 0.032 s 
client 2021-02-27 22:11:03,184 [INFO] Sending command to the server: 'time'
client 2021-02-27 22:11:03,185 [INFO] Got response: '1614463863.19185'
client 2021-02-27 22:11:03,185 [INFO] The time difference between the client and the server is within range -7.173 ms..-6.030 ms
client 2021-02-27 22:11:03,186 [INFO] Sending command to the server: 'session,2021-02-27_22-11-03,start,ranging'
client 2021-02-27 22:11:31,372 [INFO] Got response: 'OK'
client 2021-02-27 22:11:31,373 [INFO] Running the workload 'ck benchmark program:image-classification-tflite-loadgen --env.CK_SILENT_MODE=YES --skip_print_timers --dep_add_tags.compiler=gcc,v7 --dep_add_tags.python=v3 --dep_add_tags.mlperf-inference-src=r1.0 --dep_add_tags.weights=mobilenet,v3-large_224_1.0_uint8 --dep_add_tags.images=crop.875,preprocessed,using-opencv --dep_add_tags.library=tflite,v2.4.1,with.ruy --env.CK_LOADGEN_DATASET_SIZE=1024 --env.CK_LOADGEN_SCENARIO=SingleStream --env.CK_LOADGEN_MODE=PerformanceOnly --env.CK_LOADGEN_TARGET_LATENCY=6 --skip_stat_analysis --process_multi_keys --repetitions=1 --record --record_repo=local --record_uoa=mlperf-open-xavier-tflite-v2.4.1-ruy-mobilenet-v3-large_224_1.0_uint8-singlestream-performance-target_latency.6-power.workload --tags=mlperf,division.open,task.image-classification,platform.xavier,scenario.singlestream,mode.performance,workload.mobilenet-v3-large_224_1.0_uint8,preprocessed_using.opencv,inference_engine.tflite,inference_engine_version.v2.4.1,inference_engine_backend.ruy,target_latency.6,power.workload "@@@{\'meta\': {\'ck_benchmark_program\': \'ck benchmark program:image-classification-tflite-loadgen --env.CK_SILENT_MODE=YES --skip_print_timers --dep_add_tags.compiler=gcc,v7 --dep_add_tags.python=v3 --dep_add_tags.mlperf-inference-src=r1.0 --dep_add_tags.weights=mobilenet,v3-large_224_1.0_uint8 --dep_add_tags.images=crop.875,preprocessed,using-opencv --dep_add_tags.library=tflite,v2.4.1,with.ruy --env.CK_LOADGEN_DATASET_SIZE=1024 --env.CK_LOADGEN_SCENARIO=SingleStream --env.CK_LOADGEN_MODE=PerformanceOnly --env.CK_LOADGEN_TARGET_LATENCY=6 --skip_stat_analysis --process_multi_keys --repetitions=1 --record --record_repo=local --record_uoa=mlperf-open-xavier-tflite-v2.4.1-ruy-mobilenet-v3-large_224_1.0_uint8-singlestream-performance-target_latency.6-power.workload --tags=mlperf,division.open,task.image-classification,platform.xavier,scenario.singlestream,mode.performance,workload.mobilenet-v3-large_224_1.0_uint8,preprocessed_using.opencv,inference_engine.tflite,inference_engine_version.v2.4.1,inference_engine_backend.ruy,target_latency.6,power.workload\'}}" && cat `ck find program:image-classification-tflite-loadgen`/tmp/mlperf_log_summary.txt && mkdir -p "$CK_MLPERF_POWER_CLIENT_LOADGEN_LOGS" && cp "$CK_MLPERF_POWER_CLIENT_LOADGEN_LOGS"/../mlperf_log_* "$CK_MLPERF_POWER_CLIENT_LOADGEN_LOGS"/'
client 2021-02-27 22:21:49,911 [INFO] Sending command to the server: 'session,2021-02-27_22-11-03,stop,ranging'
client 2021-02-27 22:22:00,058 [INFO] Got response: 'OK'
client 2021-02-27 22:22:00,069 [INFO] Running workload in testing mode
client 2021-02-27 22:22:00,070 [INFO] Synchronizing with the server and with time.google.com...
client 2021-02-27 22:22:00,104 [INFO] NTP:offset = 0.003 s, delay = 0.031 s 
client 2021-02-27 22:22:00,104 [INFO] Sending command to the server: 'time'
client 2021-02-27 22:22:00,105 [INFO] Got response: '1614464520.1081247'
client 2021-02-27 22:22:00,105 [INFO] The time difference between the client and the server is within range -3.578 ms..-2.267 ms
client 2021-02-27 22:22:00,106 [INFO] Sending command to the server: 'session,2021-02-27_22-11-03,start,testing'
client 2021-02-27 22:22:13,389 [INFO] Got response: 'OK'
client 2021-02-27 22:22:13,390 [INFO] Running the workload 'ck benchmark program:image-classification-tflite-loadgen --env.CK_SILENT_MODE=YES --skip_print_timers --dep_add_tags.compiler=gcc,v7 --dep_add_tags.python=v3 --dep_add_tags.mlperf-inference-src=r1.0 --dep_add_tags.weights=mobilenet,v3-large_224_1.0_uint8 --dep_add_tags.images=crop.875,preprocessed,using-opencv --dep_add_tags.library=tflite,v2.4.1,with.ruy --env.CK_LOADGEN_DATASET_SIZE=1024 --env.CK_LOADGEN_SCENARIO=SingleStream --env.CK_LOADGEN_MODE=PerformanceOnly --env.CK_LOADGEN_TARGET_LATENCY=6 --skip_stat_analysis --process_multi_keys --repetitions=1 --record --record_repo=local --record_uoa=mlperf-open-xavier-tflite-v2.4.1-ruy-mobilenet-v3-large_224_1.0_uint8-singlestream-performance-target_latency.6-power.workload --tags=mlperf,division.open,task.image-classification,platform.xavier,scenario.singlestream,mode.performance,workload.mobilenet-v3-large_224_1.0_uint8,preprocessed_using.opencv,inference_engine.tflite,inference_engine_version.v2.4.1,inference_engine_backend.ruy,target_latency.6,power.workload "@@@{\'meta\': {\'ck_benchmark_program\': \'ck benchmark program:image-classification-tflite-loadgen --env.CK_SILENT_MODE=YES --skip_print_timers --dep_add_tags.compiler=gcc,v7 --dep_add_tags.python=v3 --dep_add_tags.mlperf-inference-src=r1.0 --dep_add_tags.weights=mobilenet,v3-large_224_1.0_uint8 --dep_add_tags.images=crop.875,preprocessed,using-opencv --dep_add_tags.library=tflite,v2.4.1,with.ruy --env.CK_LOADGEN_DATASET_SIZE=1024 --env.CK_LOADGEN_SCENARIO=SingleStream --env.CK_LOADGEN_MODE=PerformanceOnly --env.CK_LOADGEN_TARGET_LATENCY=6 --skip_stat_analysis --process_multi_keys --repetitions=1 --record --record_repo=local --record_uoa=mlperf-open-xavier-tflite-v2.4.1-ruy-mobilenet-v3-large_224_1.0_uint8-singlestream-performance-target_latency.6-power.workload --tags=mlperf,division.open,task.image-classification,platform.xavier,scenario.singlestream,mode.performance,workload.mobilenet-v3-large_224_1.0_uint8,preprocessed_using.opencv,inference_engine.tflite,inference_engine_version.v2.4.1,inference_engine_backend.ruy,target_latency.6,power.workload\'}}" && cat `ck find program:image-classification-tflite-loadgen`/tmp/mlperf_log_summary.txt && mkdir -p "$CK_MLPERF_POWER_CLIENT_LOADGEN_LOGS" && cp "$CK_MLPERF_POWER_CLIENT_LOADGEN_LOGS"/../mlperf_log_* "$CK_MLPERF_POWER_CLIENT_LOADGEN_LOGS"/'
client 2021-02-27 22:32:31,975 [INFO] Sending command to the server: 'session,2021-02-27_22-11-03,stop,testing'
client 2021-02-27 22:32:42,062 [INFO] Got response: 'OK'
client 2021-02-27 22:32:42,063 [INFO] Done runs
