ptd-server 2021-03-09 02:34:02,885 [INFO] Got command from the client 'time'
ptd-server 2021-03-09 02:34:02,885 [INFO] Sending reply to client '1615257242.8852954'
ptd-server 2021-03-09 02:34:02,887 [INFO] Got command from the client 'new,,f993d048-8cbf-4e6c-a79f-822193bf12a8'
ptd-server 2021-03-09 02:34:02,887 [INFO] Sending reply to client 'OK 2021-03-09_02-34-02,3bc83e3f-aeda-4fcc-b696-ad56cd2c2766'
ptd-server 2021-03-09 02:34:02,934 [INFO] Got command from the client 'time'
ptd-server 2021-03-09 02:34:02,934 [INFO] Sending reply to client '1615257242.934504'
ptd-server 2021-03-09 02:34:02,936 [INFO] Got command from the client 'session,2021-03-09_02-34-02,start,ranging'
ptd-server 2021-03-09 02:34:02,936 [INFO] Running PTDaemon: ['/home/anton/projects/mlperf/power/inference_v1.0/ptd-linux-x86', '-l', 'ptd.log', '-p', '8888', '52', '/dev/usbtmc0']
ptd-server 2021-03-09 02:34:20,109 [INFO] Sending to ptd: 'Hello'
ptd-server 2021-03-09 02:34:20,110 [INFO] Reply from ptd: 'Hello, PTDaemon here!'
ptd-server 2021-03-09 02:34:20,110 [INFO] Sending to ptd: 'Identify'
ptd-server 2021-03-09 02:34:20,110 [INFO] Reply from ptd: 'YokogawaWT330E,1000,1,1,1,1,0,0,1,version=1.9.2-e8c7a49a-20201208,OS=Linux 5.8.0-43-generic #49~20.04.1-Ubuntu SMP Fri Feb 5 09:57:56 UTC 2021 x86_64,mode=power,1,1,1,0,0,no_cal_date,YOKOGAWA;WT333E;C3VD30030E;F1.04'
ptd-server 2021-03-09 02:34:20,110 [INFO] Connected to PTDaemon
ptd-server 2021-03-09 02:34:20,111 [INFO] Sending to ptd: 'RR'
ptd-server 2021-03-09 02:34:20,111 [INFO] Reply from ptd: 'Ranges,0,0.500000,0,300.000000'
ptd-server 2021-03-09 02:34:20,111 [INFO] Initial range for Amps is 0.500000 for Volts is 300.000000
ptd-server 2021-03-09 02:34:20,111 [INFO] Sending to ptd: 'SR,V,Auto'
ptd-server 2021-03-09 02:34:20,614 [INFO] Reply from ptd: 'Range V changed'
ptd-server 2021-03-09 02:34:20,614 [INFO] Sending to ptd: 'SR,A,Auto'
ptd-server 2021-03-09 02:34:21,116 [INFO] Reply from ptd: 'Range A changed'
ptd-server 2021-03-09 02:34:31,127 [INFO] Starting ranging mode
ptd-server 2021-03-09 02:34:31,127 [INFO] Sending to ptd: 'Go,1000,0,2021-03-09_02-34-02_ranging'
ptd-server 2021-03-09 02:34:31,127 [INFO] Reply from ptd: 'Starting untimed measurement, maximum 500000 samples at 1000ms with 0 rampup samples'
ptd-server 2021-03-09 02:34:31,127 [INFO] Sending reply to client 'OK'
ptd-server 2021-03-09 02:44:46,566 [INFO] Got command from the client 'session,2021-03-09_02-34-02,stop,ranging'
ptd-server 2021-03-09 02:44:56,576 [INFO] Sending to ptd: 'Stop'
ptd-server 2021-03-09 02:44:56,577 [INFO] Reply from ptd: 'Stopping untimed measurement'
ptd-server 2021-03-09 02:44:57,274 [INFO] Sending reply to client 'OK'
ptd-server 2021-03-09 02:44:57,324 [INFO] Got command from the client 'time'
ptd-server 2021-03-09 02:44:57,324 [INFO] Sending reply to client '1615257897.3246894'
ptd-server 2021-03-09 02:44:57,327 [INFO] Got command from the client 'session,2021-03-09_02-34-02,start,testing'
ptd-server 2021-03-09 02:44:57,327 [INFO] Sending to ptd: 'SR,V,250.790000'
ptd-server 2021-03-09 02:44:58,828 [INFO] Reply from ptd: 'Range V changed'
ptd-server 2021-03-09 02:44:58,828 [INFO] Sending to ptd: 'SR,A,0.164470'
ptd-server 2021-03-09 02:45:00,330 [INFO] Reply from ptd: 'Range A changed'
ptd-server 2021-03-09 02:45:10,340 [INFO] Starting testing mode
ptd-server 2021-03-09 02:45:10,340 [INFO] Sending to ptd: 'Go,1000,0,2021-03-09_02-34-02_testing'
ptd-server 2021-03-09 02:45:10,341 [INFO] Reply from ptd: 'Starting untimed measurement, maximum 500000 samples at 1000ms with 0 rampup samples'
ptd-server 2021-03-09 02:45:10,341 [INFO] Sending reply to client 'OK'
ptd-server 2021-03-09 02:55:25,658 [INFO] Got command from the client 'session,2021-03-09_02-34-02,stop,testing'
ptd-server 2021-03-09 02:55:35,668 [INFO] Sending to ptd: 'Stop'
ptd-server 2021-03-09 02:55:35,668 [INFO] Reply from ptd: 'Stopping untimed measurement'
ptd-server 2021-03-09 02:55:36,032 [INFO] Sending reply to client 'OK'
ptd-server 2021-03-09 02:55:36,040 [INFO] Got command from the client 'session,2021-03-09_02-34-02,upload,client.log'
ptd-server 2021-03-09 02:55:36,041 [INFO] Received '/home/anton/projects/mlperf/power-dev/output/2021-03-09_02-34-02client.log.tmp'
ptd-server 2021-03-09 02:55:36,042 [INFO] Removed '/home/anton/projects/mlperf/power-dev/output/2021-03-09_02-34-02client.log.tmp'
ptd-server 2021-03-09 02:55:36,042 [INFO] Sending reply to client 'OK'
ptd-server 2021-03-09 02:55:36,048 [INFO] Got command from the client 'session,2021-03-09_02-34-02,upload,client.json'
ptd-server 2021-03-09 02:55:36,049 [INFO] Received '/home/anton/projects/mlperf/power-dev/output/2021-03-09_02-34-02client.json.tmp'
ptd-server 2021-03-09 02:55:36,050 [INFO] Removed '/home/anton/projects/mlperf/power-dev/output/2021-03-09_02-34-02client.json.tmp'
ptd-server 2021-03-09 02:55:36,050 [INFO] Sending reply to client 'OK'
ptd-server 2021-03-09 02:55:36,051 [INFO] Got command from the client 'session,2021-03-09_02-34-02,done'
ptd-server 2021-03-09 02:55:36,051 [INFO] Sending to ptd: 'Stop'
ptd-server 2021-03-09 02:55:36,342 [INFO] Reply from ptd: 'Error: no measurement to stop'
ptd-server 2021-03-09 02:55:36,342 [INFO] Sending to ptd: 'SR,V,300.000000'
ptd-server 2021-03-09 02:55:37,843 [INFO] Reply from ptd: 'Range V changed'
ptd-server 2021-03-09 02:55:37,843 [INFO] Sending to ptd: 'SR,A,0.500000'
ptd-server 2021-03-09 02:55:39,345 [INFO] Reply from ptd: 'Range A changed'
ptd-server 2021-03-09 02:55:39,345 [INFO] Set initial values for Amps 0.500000 and Volts 300.000000
ptd-server 2021-03-09 02:55:39,345 [INFO] Stopping ptd...
