ptd-server 2021-03-06 15:22:21,710 [INFO] Got command from the client 'time'
ptd-server 2021-03-06 15:22:21,710 [INFO] Sending reply to client '1615044141.7107453'
ptd-server 2021-03-06 15:22:21,713 [INFO] Got command from the client 'new,,767d3088-1b63-4f3b-9911-74d26fff49fa'
ptd-server 2021-03-06 15:22:21,714 [INFO] Sending reply to client 'OK 2021-03-06_15-22-21,0927a396-f46a-4cb2-bc0c-7c7a3426328b'
ptd-server 2021-03-06 15:22:21,756 [INFO] Got command from the client 'time'
ptd-server 2021-03-06 15:22:21,756 [INFO] Sending reply to client '1615044141.756617'
ptd-server 2021-03-06 15:22:21,760 [INFO] Got command from the client 'session,2021-03-06_15-22-21,start,ranging'
ptd-server 2021-03-06 15:22:21,760 [INFO] Running PTDaemon: ['/home/anton/projects/mlperf/power/inference_v1.0/ptd-linux-x86', '-l', 'ptd.log', '-p', '8888', '52', '/dev/usbtmc0']
ptd-server 2021-03-06 15:22:38,929 [INFO] Sending to ptd: 'Hello'
ptd-server 2021-03-06 15:22:38,930 [INFO] Reply from ptd: 'Hello, PTDaemon here!'
ptd-server 2021-03-06 15:22:38,930 [INFO] Sending to ptd: 'Identify'
ptd-server 2021-03-06 15:22:38,930 [INFO] Reply from ptd: 'YokogawaWT330E,1000,1,1,1,1,0,0,1,version=1.9.2-e8c7a49a-20201208,OS=Linux 5.8.0-43-generic #49~20.04.1-Ubuntu SMP Fri Feb 5 09:57:56 UTC 2021 x86_64,mode=power,1,1,1,0,0,no_cal_date,YOKOGAWA;WT333E;C3VD30030E;F1.04'
ptd-server 2021-03-06 15:22:38,930 [INFO] Connected to PTDaemon
ptd-server 2021-03-06 15:22:38,930 [INFO] Sending to ptd: 'RR'
ptd-server 2021-03-06 15:22:38,931 [INFO] Reply from ptd: 'Ranges,0,0.500000,0,300.000000'
ptd-server 2021-03-06 15:22:38,931 [INFO] Initial range for Amps is 0.500000 for Volts is 300.000000
ptd-server 2021-03-06 15:22:38,931 [INFO] Sending to ptd: 'SR,V,Auto'
ptd-server 2021-03-06 15:22:39,434 [INFO] Reply from ptd: 'Range V changed'
ptd-server 2021-03-06 15:22:39,434 [INFO] Sending to ptd: 'SR,A,Auto'
ptd-server 2021-03-06 15:22:39,936 [INFO] Reply from ptd: 'Range A changed'
ptd-server 2021-03-06 15:22:49,946 [INFO] Starting ranging mode
ptd-server 2021-03-06 15:22:49,947 [INFO] Sending to ptd: 'Go,1000,0,2021-03-06_15-22-21_ranging'
ptd-server 2021-03-06 15:22:49,947 [INFO] Reply from ptd: 'Starting untimed measurement, maximum 500000 samples at 1000ms with 0 rampup samples'
ptd-server 2021-03-06 15:22:49,947 [INFO] Sending reply to client 'OK'
ptd-server 2021-03-06 15:33:21,579 [INFO] Got command from the client 'session,2021-03-06_15-22-21,stop,ranging'
ptd-server 2021-03-06 15:33:31,590 [INFO] Sending to ptd: 'Stop'
ptd-server 2021-03-06 15:33:31,590 [INFO] Reply from ptd: 'Stopping untimed measurement'
ptd-server 2021-03-06 15:33:32,036 [INFO] Sending reply to client 'OK'
ptd-server 2021-03-06 15:33:32,098 [INFO] Got command from the client 'time'
ptd-server 2021-03-06 15:33:32,098 [INFO] Sending reply to client '1615044812.0986412'
ptd-server 2021-03-06 15:33:32,102 [INFO] Got command from the client 'session,2021-03-06_15-22-21,start,testing'
ptd-server 2021-03-06 15:33:32,102 [INFO] Sending to ptd: 'SR,V,249.130000'
ptd-server 2021-03-06 15:33:33,604 [INFO] Reply from ptd: 'Range V changed'
ptd-server 2021-03-06 15:33:33,604 [INFO] Sending to ptd: 'SR,A,0.061130'
ptd-server 2021-03-06 15:33:35,105 [INFO] Reply from ptd: 'Range A changed'
ptd-server 2021-03-06 15:33:45,116 [INFO] Starting testing mode
ptd-server 2021-03-06 15:33:45,116 [INFO] Sending to ptd: 'Go,1000,0,2021-03-06_15-22-21_testing'
ptd-server 2021-03-06 15:33:45,116 [INFO] Reply from ptd: 'Starting untimed measurement, maximum 500000 samples at 1000ms with 0 rampup samples'
ptd-server 2021-03-06 15:33:45,116 [INFO] Sending reply to client 'OK'
ptd-server 2021-03-06 15:44:21,500 [INFO] Got command from the client 'session,2021-03-06_15-22-21,stop,testing'
ptd-server 2021-03-06 15:44:31,510 [INFO] Sending to ptd: 'Stop'
ptd-server 2021-03-06 15:44:31,511 [INFO] Reply from ptd: 'Stopping untimed measurement'
ptd-server 2021-03-06 15:44:31,743 [INFO] Sending reply to client 'OK'
ptd-server 2021-03-06 15:44:31,751 [INFO] Got command from the client 'session,2021-03-06_15-22-21,upload,client.log'
ptd-server 2021-03-06 15:44:31,755 [INFO] Received '/home/anton/projects/mlperf/power-dev/output/2021-03-06_15-22-21client.log.tmp'
ptd-server 2021-03-06 15:44:31,756 [INFO] Removed '/home/anton/projects/mlperf/power-dev/output/2021-03-06_15-22-21client.log.tmp'
ptd-server 2021-03-06 15:44:31,756 [INFO] Sending reply to client 'OK'
ptd-server 2021-03-06 15:44:31,768 [INFO] Got command from the client 'session,2021-03-06_15-22-21,upload,client.json'
ptd-server 2021-03-06 15:44:31,772 [INFO] Received '/home/anton/projects/mlperf/power-dev/output/2021-03-06_15-22-21client.json.tmp'
ptd-server 2021-03-06 15:44:31,772 [INFO] Removed '/home/anton/projects/mlperf/power-dev/output/2021-03-06_15-22-21client.json.tmp'
ptd-server 2021-03-06 15:44:31,772 [INFO] Sending reply to client 'OK'
ptd-server 2021-03-06 15:44:31,776 [INFO] Got command from the client 'session,2021-03-06_15-22-21,done'
ptd-server 2021-03-06 15:44:31,776 [INFO] Sending to ptd: 'Stop'
ptd-server 2021-03-06 15:44:32,117 [INFO] Reply from ptd: 'Error: no measurement to stop'
ptd-server 2021-03-06 15:44:32,117 [INFO] Sending to ptd: 'SR,V,300.000000'
ptd-server 2021-03-06 15:44:33,618 [INFO] Reply from ptd: 'Range V changed'
ptd-server 2021-03-06 15:44:33,619 [INFO] Sending to ptd: 'SR,A,0.500000'
ptd-server 2021-03-06 15:44:35,120 [INFO] Reply from ptd: 'Range A changed'
ptd-server 2021-03-06 15:44:35,120 [INFO] Set initial values for Amps 0.500000 and Volts 300.000000
ptd-server 2021-03-06 15:44:35,120 [INFO] Stopping ptd...
