ptd-server 2021-03-07 05:17:29,887 [INFO] Got command from the client 'time'
ptd-server 2021-03-07 05:17:29,888 [INFO] Sending reply to client '1615094249.8880582'
ptd-server 2021-03-07 05:17:29,890 [INFO] Got command from the client 'new,,378fea75-ba75-4829-b86a-ce05ee771b79'
ptd-server 2021-03-07 05:17:29,891 [INFO] Sending reply to client 'OK 2021-03-07_05-17-29,0681f345-ee34-4fc2-91cb-f554501da36e'
ptd-server 2021-03-07 05:17:29,925 [INFO] Got command from the client 'time'
ptd-server 2021-03-07 05:17:29,925 [INFO] Sending reply to client '1615094249.925835'
ptd-server 2021-03-07 05:17:29,929 [INFO] Got command from the client 'session,2021-03-07_05-17-29,start,ranging'
ptd-server 2021-03-07 05:17:29,929 [INFO] Running PTDaemon: ['/home/anton/projects/mlperf/power/inference_v1.0/ptd-linux-x86', '-l', 'ptd.log', '-p', '8888', '52', '/dev/usbtmc0']
ptd-server 2021-03-07 05:17:47,098 [INFO] Sending to ptd: 'Hello'
ptd-server 2021-03-07 05:17:47,099 [INFO] Reply from ptd: 'Hello, PTDaemon here!'
ptd-server 2021-03-07 05:17:47,099 [INFO] Sending to ptd: 'Identify'
ptd-server 2021-03-07 05:17:47,099 [INFO] Reply from ptd: 'YokogawaWT330E,1000,1,1,1,1,0,0,1,version=1.9.2-e8c7a49a-20201208,OS=Linux 5.8.0-43-generic #49~20.04.1-Ubuntu SMP Fri Feb 5 09:57:56 UTC 2021 x86_64,mode=power,1,1,1,0,0,no_cal_date,YOKOGAWA;WT333E;C3VD30030E;F1.04'
ptd-server 2021-03-07 05:17:47,100 [INFO] Connected to PTDaemon
ptd-server 2021-03-07 05:17:47,100 [INFO] Sending to ptd: 'RR'
ptd-server 2021-03-07 05:17:47,100 [INFO] Reply from ptd: 'Ranges,0,0.500000,0,300.000000'
ptd-server 2021-03-07 05:17:47,100 [INFO] Initial range for Amps is 0.500000 for Volts is 300.000000
ptd-server 2021-03-07 05:17:47,100 [INFO] Sending to ptd: 'SR,V,Auto'
ptd-server 2021-03-07 05:17:47,603 [INFO] Reply from ptd: 'Range V changed'
ptd-server 2021-03-07 05:17:47,603 [INFO] Sending to ptd: 'SR,A,Auto'
ptd-server 2021-03-07 05:17:48,105 [INFO] Reply from ptd: 'Range A changed'
ptd-server 2021-03-07 05:17:58,116 [INFO] Starting ranging mode
ptd-server 2021-03-07 05:17:58,116 [INFO] Sending to ptd: 'Go,1000,0,2021-03-07_05-17-29_ranging'
ptd-server 2021-03-07 05:17:58,116 [INFO] Reply from ptd: 'Starting untimed measurement, maximum 500000 samples at 1000ms with 0 rampup samples'
ptd-server 2021-03-07 05:17:58,117 [INFO] Sending reply to client 'OK'
ptd-server 2021-03-07 05:28:23,439 [INFO] Got command from the client 'session,2021-03-07_05-17-29,stop,ranging'
ptd-server 2021-03-07 05:28:33,449 [INFO] Sending to ptd: 'Stop'
ptd-server 2021-03-07 05:28:33,450 [INFO] Reply from ptd: 'Stopping untimed measurement'
ptd-server 2021-03-07 05:28:33,958 [INFO] Sending reply to client 'OK'
ptd-server 2021-03-07 05:28:33,997 [INFO] Got command from the client 'time'
ptd-server 2021-03-07 05:28:33,997 [INFO] Sending reply to client '1615094913.9974687'
ptd-server 2021-03-07 05:28:34,001 [INFO] Got command from the client 'session,2021-03-07_05-17-29,start,testing'
ptd-server 2021-03-07 05:28:34,002 [INFO] Sending to ptd: 'SR,V,251.840000'
ptd-server 2021-03-07 05:28:35,618 [INFO] Reply from ptd: 'Range V changed'
ptd-server 2021-03-07 05:28:35,618 [INFO] Sending to ptd: 'SR,A,0.052600'
ptd-server 2021-03-07 05:28:37,119 [INFO] Reply from ptd: 'Range A changed'
ptd-server 2021-03-07 05:28:47,129 [INFO] Starting testing mode
ptd-server 2021-03-07 05:28:47,130 [INFO] Sending to ptd: 'Go,1000,0,2021-03-07_05-17-29_testing'
ptd-server 2021-03-07 05:28:47,130 [INFO] Reply from ptd: 'Starting untimed measurement, maximum 500000 samples at 1000ms with 0 rampup samples'
ptd-server 2021-03-07 05:28:47,130 [INFO] Sending reply to client 'OK'
ptd-server 2021-03-07 05:39:17,363 [INFO] Got command from the client 'session,2021-03-07_05-17-29,stop,testing'
ptd-server 2021-03-07 05:39:27,374 [INFO] Sending to ptd: 'Stop'
ptd-server 2021-03-07 05:39:27,374 [INFO] Reply from ptd: 'Stopping untimed measurement'
ptd-server 2021-03-07 05:39:27,657 [INFO] Sending reply to client 'OK'
ptd-server 2021-03-07 05:39:27,665 [INFO] Got command from the client 'session,2021-03-07_05-17-29,upload,client.log'
ptd-server 2021-03-07 05:39:27,669 [INFO] Received '/home/anton/projects/mlperf/power-dev/output/2021-03-07_05-17-29client.log.tmp'
ptd-server 2021-03-07 05:39:27,669 [INFO] Removed '/home/anton/projects/mlperf/power-dev/output/2021-03-07_05-17-29client.log.tmp'
ptd-server 2021-03-07 05:39:27,669 [INFO] Sending reply to client 'OK'
ptd-server 2021-03-07 05:39:27,682 [INFO] Got command from the client 'session,2021-03-07_05-17-29,upload,client.json'
ptd-server 2021-03-07 05:39:27,685 [INFO] Received '/home/anton/projects/mlperf/power-dev/output/2021-03-07_05-17-29client.json.tmp'
ptd-server 2021-03-07 05:39:27,685 [INFO] Removed '/home/anton/projects/mlperf/power-dev/output/2021-03-07_05-17-29client.json.tmp'
ptd-server 2021-03-07 05:39:27,685 [INFO] Sending reply to client 'OK'
ptd-server 2021-03-07 05:39:27,688 [INFO] Got command from the client 'session,2021-03-07_05-17-29,done'
ptd-server 2021-03-07 05:39:27,688 [INFO] Sending to ptd: 'Stop'
ptd-server 2021-03-07 05:39:28,130 [INFO] Reply from ptd: 'Error: no measurement to stop'
ptd-server 2021-03-07 05:39:28,130 [INFO] Sending to ptd: 'SR,V,300.000000'
ptd-server 2021-03-07 05:39:29,632 [INFO] Reply from ptd: 'Range V changed'
ptd-server 2021-03-07 05:39:29,632 [INFO] Sending to ptd: 'SR,A,0.500000'
ptd-server 2021-03-07 05:39:31,133 [INFO] Reply from ptd: 'Range A changed'
ptd-server 2021-03-07 05:39:31,133 [INFO] Set initial values for Amps 0.500000 and Volts 300.000000
ptd-server 2021-03-07 05:39:31,134 [INFO] Stopping ptd...
