ptd-server 2021-03-07 00:59:05,528 [INFO] Got command from the client 'time'
ptd-server 2021-03-07 00:59:05,528 [INFO] Sending reply to client '1615078745.5286725'
ptd-server 2021-03-07 00:59:05,533 [INFO] Got command from the client 'new,,84749bb5-26f3-411f-a66f-6f46571526ea'
ptd-server 2021-03-07 00:59:05,533 [INFO] Sending reply to client 'OK 2021-03-07_00-59-05,18d3f54e-eaef-41f3-b65c-e3c4c568b842'
ptd-server 2021-03-07 00:59:05,578 [INFO] Got command from the client 'time'
ptd-server 2021-03-07 00:59:05,578 [INFO] Sending reply to client '1615078745.5787764'
ptd-server 2021-03-07 00:59:05,581 [INFO] Got command from the client 'session,2021-03-07_00-59-05,start,ranging'
ptd-server 2021-03-07 00:59:05,582 [INFO] Running PTDaemon: ['/home/anton/projects/mlperf/power/inference_v1.0/ptd-linux-x86', '-l', 'ptd.log', '-p', '8888', '52', '/dev/usbtmc0']
ptd-server 2021-03-07 00:59:22,751 [INFO] Sending to ptd: 'Hello'
ptd-server 2021-03-07 00:59:22,751 [INFO] Reply from ptd: 'Hello, PTDaemon here!'
ptd-server 2021-03-07 00:59:22,751 [INFO] Sending to ptd: 'Identify'
ptd-server 2021-03-07 00:59:22,752 [INFO] Reply from ptd: 'YokogawaWT330E,1000,1,1,1,1,0,0,1,version=1.9.2-e8c7a49a-20201208,OS=Linux 5.8.0-43-generic #49~20.04.1-Ubuntu SMP Fri Feb 5 09:57:56 UTC 2021 x86_64,mode=power,1,1,1,0,0,no_cal_date,YOKOGAWA;WT333E;C3VD30030E;F1.04'
ptd-server 2021-03-07 00:59:22,752 [INFO] Connected to PTDaemon
ptd-server 2021-03-07 00:59:22,752 [INFO] Sending to ptd: 'RR'
ptd-server 2021-03-07 00:59:22,752 [INFO] Reply from ptd: 'Ranges,0,0.500000,0,300.000000'
ptd-server 2021-03-07 00:59:22,753 [INFO] Initial range for Amps is 0.500000 for Volts is 300.000000
ptd-server 2021-03-07 00:59:22,753 [INFO] Sending to ptd: 'SR,V,Auto'
ptd-server 2021-03-07 00:59:23,255 [INFO] Reply from ptd: 'Range V changed'
ptd-server 2021-03-07 00:59:23,255 [INFO] Sending to ptd: 'SR,A,Auto'
ptd-server 2021-03-07 00:59:23,758 [INFO] Reply from ptd: 'Range A changed'
ptd-server 2021-03-07 00:59:33,768 [INFO] Starting ranging mode
ptd-server 2021-03-07 00:59:33,768 [INFO] Sending to ptd: 'Go,1000,0,2021-03-07_00-59-05_ranging'
ptd-server 2021-03-07 00:59:33,769 [INFO] Reply from ptd: 'Starting untimed measurement, maximum 500000 samples at 1000ms with 0 rampup samples'
ptd-server 2021-03-07 00:59:33,769 [INFO] Sending reply to client 'OK'
ptd-server 2021-03-07 01:10:05,140 [INFO] Got command from the client 'session,2021-03-07_00-59-05,stop,ranging'
ptd-server 2021-03-07 01:10:15,151 [INFO] Sending to ptd: 'Stop'
ptd-server 2021-03-07 01:10:15,151 [INFO] Reply from ptd: 'Stopping untimed measurement'
ptd-server 2021-03-07 01:10:15,638 [INFO] Sending reply to client 'OK'
ptd-server 2021-03-07 01:10:15,697 [INFO] Got command from the client 'time'
ptd-server 2021-03-07 01:10:15,697 [INFO] Sending reply to client '1615079415.6975977'
ptd-server 2021-03-07 01:10:15,702 [INFO] Got command from the client 'session,2021-03-07_00-59-05,start,testing'
ptd-server 2021-03-07 01:10:15,702 [INFO] Sending to ptd: 'SR,V,250.170000'
ptd-server 2021-03-07 01:10:17,271 [INFO] Reply from ptd: 'Range V changed'
ptd-server 2021-03-07 01:10:17,271 [INFO] Sending to ptd: 'SR,A,0.055230'
ptd-server 2021-03-07 01:10:18,772 [INFO] Reply from ptd: 'Range A changed'
ptd-server 2021-03-07 01:10:28,782 [INFO] Starting testing mode
ptd-server 2021-03-07 01:10:28,783 [INFO] Sending to ptd: 'Go,1000,0,2021-03-07_00-59-05_testing'
ptd-server 2021-03-07 01:10:28,783 [INFO] Reply from ptd: 'Starting untimed measurement, maximum 500000 samples at 1000ms with 0 rampup samples'
ptd-server 2021-03-07 01:10:28,783 [INFO] Sending reply to client 'OK'
ptd-server 2021-03-07 01:20:59,158 [INFO] Got command from the client 'session,2021-03-07_00-59-05,stop,testing'
ptd-server 2021-03-07 01:21:09,169 [INFO] Sending to ptd: 'Stop'
ptd-server 2021-03-07 01:21:09,169 [INFO] Reply from ptd: 'Stopping untimed measurement'
ptd-server 2021-03-07 01:21:09,439 [INFO] Sending reply to client 'OK'
ptd-server 2021-03-07 01:21:09,447 [INFO] Got command from the client 'session,2021-03-07_00-59-05,upload,client.log'
ptd-server 2021-03-07 01:21:09,450 [INFO] Received '/home/anton/projects/mlperf/power-dev/output/2021-03-07_00-59-05client.log.tmp'
ptd-server 2021-03-07 01:21:09,451 [INFO] Removed '/home/anton/projects/mlperf/power-dev/output/2021-03-07_00-59-05client.log.tmp'
ptd-server 2021-03-07 01:21:09,451 [INFO] Sending reply to client 'OK'
ptd-server 2021-03-07 01:21:09,463 [INFO] Got command from the client 'session,2021-03-07_00-59-05,upload,client.json'
ptd-server 2021-03-07 01:21:09,466 [INFO] Received '/home/anton/projects/mlperf/power-dev/output/2021-03-07_00-59-05client.json.tmp'
ptd-server 2021-03-07 01:21:09,466 [INFO] Removed '/home/anton/projects/mlperf/power-dev/output/2021-03-07_00-59-05client.json.tmp'
ptd-server 2021-03-07 01:21:09,466 [INFO] Sending reply to client 'OK'
ptd-server 2021-03-07 01:21:09,469 [INFO] Got command from the client 'session,2021-03-07_00-59-05,done'
ptd-server 2021-03-07 01:21:09,469 [INFO] Sending to ptd: 'Stop'
ptd-server 2021-03-07 01:21:09,784 [INFO] Reply from ptd: 'Error: no measurement to stop'
ptd-server 2021-03-07 01:21:09,784 [INFO] Sending to ptd: 'SR,V,300.000000'
ptd-server 2021-03-07 01:21:11,285 [INFO] Reply from ptd: 'Range V changed'
ptd-server 2021-03-07 01:21:11,285 [INFO] Sending to ptd: 'SR,A,0.500000'
ptd-server 2021-03-07 01:21:12,787 [INFO] Reply from ptd: 'Range A changed'
ptd-server 2021-03-07 01:21:12,787 [INFO] Set initial values for Amps 0.500000 and Volts 300.000000
ptd-server 2021-03-07 01:21:12,787 [INFO] Stopping ptd...
