client 2021-03-17 10:10:25,960 [WARNING] Removing old loadgen logs directory '/home/scratch.mlperf_inf_ci/mlPerf/L1/XavierNX_MaxQ-Commputelab-XavierNX-MaxQ-L1-2-2021-03-17-10-42-27-UTC/mlperf-inference/closed/NVIDIA/build/power_logs_temp'
client 2021-03-17 10:10:25,974 [INFO] Sending command to the server: 'mlcommons/power client v3'
client 2021-03-17 10:10:25,980 [INFO] Got response: 'mlcommons/power server v3'
client 2021-03-17 10:10:25,981 [INFO] Sending command to the server: 'stop'
client 2021-03-17 10:10:25,983 [INFO] Got response: 'OK'
client 2021-03-17 10:10:25,983 [INFO] Synchronizing with the server and with ib-01.dc4-in.nvidia.com...
client 2021-03-17 10:10:26,212 [INFO] NTP:offset = -0.003 s, delay = 0.202 s 
client 2021-03-17 10:10:26,213 [INFO] Sending command to the server: 'time'
client 2021-03-17 10:10:26,215 [INFO] Got response: '1616001026.2698102'
client 2021-03-17 10:10:26,216 [INFO] The time difference between the client and the server is within range -56.384 ms..-53.647 ms
client 2021-03-17 10:10:26,216 [INFO] Sending command to the server: 'new,,949b4205-d90c-4cd9-931d-5839fd768d5c'
client 2021-03-17 10:10:26,219 [INFO] Got response: 'OK 2021-03-17_10-10-26,0b94510b-80f3-4a75-aaa6-fd75912f0d31'
client 2021-03-17 10:10:26,219 [INFO] Session id is '2021-03-17_10-10-26'
client 2021-03-17 10:10:26,220 [INFO] Sources: {"sources": {"client.py": "d1e75cb4b26101220ebd242e584cf3ca5d8f1996", "lib/__init__.py": "da39a3ee5e6b4b0d3255bfef95601890afd80709", "lib/client.py": "d42bebf5b74cb6ff3997e2a6c68422afac111a28", "lib/common.py": "b0bad80d8fa328a7636027d4d66ff453f8dd7889", "lib/external/ntplib.py": "4da8f970656505a40483206ef2b5d3dd5e81711d", "lib/server.py": "2ed36471c7af565d6c8438b2134edad1d7ddf166", "lib/source_hashes.py": "4cedff274c661cb1504052018fd4f00dfbf624ef", "lib/summary.py": "0db15d783907aa92038281af4e465545c0648ddb", "lib/time_sync.py": "76051226ec89287839723352f4162aaa24e0546a", "server.py": "99e1310e3f76292aef1b8792ce6b8c82f1d44d8b", "tests/unit/test_server.py": "64f11775bfed35232a0e8bb9593c0ff992432c59", "tests/unit/test_source_hashes.py": "cb41a7261eaf7d94ba5c0aae9c523174f6204be3"}, "modules": {"__main__": "client.py", "lib.client": "lib/client.py", "lib.common": "lib/common.py", "lib.external.ntplib": "lib/external/ntplib.py", "lib.source_hashes": "lib/source_hashes.py", "lib.summary": "lib/summary.py", "lib.time_sync": "lib/time_sync.py"}}
client 2021-03-17 10:10:26,223 [INFO] Running workload in ranging mode
client 2021-03-17 10:10:26,223 [INFO] Synchronizing with the server and with ib-01.dc4-in.nvidia.com...
client 2021-03-17 10:10:26,431 [INFO] NTP:offset = -0.003 s, delay = 0.202 s 
client 2021-03-17 10:10:26,432 [INFO] Sending command to the server: 'time'
client 2021-03-17 10:10:26,434 [INFO] Got response: '1616001026.488551'
client 2021-03-17 10:10:26,435 [INFO] The time difference between the client and the server is within range -56.198 ms..-53.535 ms
client 2021-03-17 10:10:26,435 [INFO] Sending command to the server: 'session,2021-03-17_10-10-26,start,ranging'
client 2021-03-17 10:10:55,469 [INFO] Got response: 'OK'
client 2021-03-17 10:10:55,470 [INFO] Running the workload 'LOG_DIR=/home/scratch.mlperf_inf_ci/mlPerf/L1/XavierNX_MaxQ-Commputelab-XavierNX-MaxQ-L1-2-2021-03-17-10-42-27-UTC/mlperf-inference/closed/NVIDIA/build/power_logs_temp python3 code/main.py --benchmarks=ssd-resnet34 --scenarios=Offline --test_mode=PerformanceOnly --config_ver=maxq --action="run_harness" \\\n\t\t&& cp -v /home/scratch.mlperf_inf_ci/mlPerf/L1/XavierNX_MaxQ-Commputelab-XavierNX-MaxQ-L1-2-2021-03-17-10-42-27-UTC/mlperf-inference/closed/NVIDIA/build/power_logs_temp/*/*/*/mlperf_log_detail.txt /home/scratch.mlperf_inf_ci/mlPerf/L1/XavierNX_MaxQ-Commputelab-XavierNX-MaxQ-L1-2-2021-03-17-10-42-27-UTC/mlperf-inference/closed/NVIDIA/build/power_logs_temp/ \\\n\t\t&& cp -v /home/scratch.mlperf_inf_ci/mlPerf/L1/XavierNX_MaxQ-Commputelab-XavierNX-MaxQ-L1-2-2021-03-17-10-42-27-UTC/mlperf-inference/closed/NVIDIA/build/power_logs_temp/*/*/*/mlperf_log_summary.txt /home/scratch.mlperf_inf_ci/mlPerf/L1/XavierNX_MaxQ-Commputelab-XavierNX-MaxQ-L1-2-2021-03-17-10-42-27-UTC/mlperf-inference/closed/NVIDIA/build/power_logs_temp/'
client 2021-03-17 10:25:59,910 [INFO] Sending command to the server: 'session,2021-03-17_10-10-26,stop,ranging'
client 2021-03-17 10:26:10,251 [INFO] Got response: 'OK'
client 2021-03-17 10:26:10,260 [INFO] Packing logs into zip and uploading to the server
client 2021-03-17 10:26:10,293 [INFO] Zip file size: 11.0 kB
client 2021-03-17 10:26:10,313 [INFO] Got response: 'OK'
client 2021-03-17 10:26:10,314 [INFO] Running workload in testing mode
client 2021-03-17 10:26:10,315 [INFO] Synchronizing with the server and with ib-01.dc4-in.nvidia.com...
client 2021-03-17 10:26:10,727 [INFO] NTP:offset = 0.001 s, delay = 0.202 s 
client 2021-03-17 10:26:10,727 [INFO] Sending command to the server: 'time'
client 2021-03-17 10:26:10,730 [INFO] Got response: '1616001970.7789924'
client 2021-03-17 10:26:10,730 [INFO] The time difference between the client and the server is within range -51.243 ms..-48.518 ms
client 2021-03-17 10:26:10,730 [INFO] Sending command to the server: 'session,2021-03-17_10-10-26,start,testing'
client 2021-03-17 10:26:23,804 [INFO] Got response: 'OK'
client 2021-03-17 10:26:23,804 [INFO] Running the workload 'LOG_DIR=/home/scratch.mlperf_inf_ci/mlPerf/L1/XavierNX_MaxQ-Commputelab-XavierNX-MaxQ-L1-2-2021-03-17-10-42-27-UTC/mlperf-inference/closed/NVIDIA/build/power_logs_temp python3 code/main.py --benchmarks=ssd-resnet34 --scenarios=Offline --test_mode=PerformanceOnly --config_ver=maxq --action="run_harness" \\\n\t\t&& cp -v /home/scratch.mlperf_inf_ci/mlPerf/L1/XavierNX_MaxQ-Commputelab-XavierNX-MaxQ-L1-2-2021-03-17-10-42-27-UTC/mlperf-inference/closed/NVIDIA/build/power_logs_temp/*/*/*/mlperf_log_detail.txt /home/scratch.mlperf_inf_ci/mlPerf/L1/XavierNX_MaxQ-Commputelab-XavierNX-MaxQ-L1-2-2021-03-17-10-42-27-UTC/mlperf-inference/closed/NVIDIA/build/power_logs_temp/ \\\n\t\t&& cp -v /home/scratch.mlperf_inf_ci/mlPerf/L1/XavierNX_MaxQ-Commputelab-XavierNX-MaxQ-L1-2-2021-03-17-10-42-27-UTC/mlperf-inference/closed/NVIDIA/build/power_logs_temp/*/*/*/mlperf_log_summary.txt /home/scratch.mlperf_inf_ci/mlPerf/L1/XavierNX_MaxQ-Commputelab-XavierNX-MaxQ-L1-2-2021-03-17-10-42-27-UTC/mlperf-inference/closed/NVIDIA/build/power_logs_temp/'
client 2021-03-17 10:41:21,120 [INFO] Sending command to the server: 'session,2021-03-17_10-10-26,stop,testing'
client 2021-03-17 10:41:31,307 [INFO] Got response: 'OK'
client 2021-03-17 10:41:31,316 [INFO] Packing logs into zip and uploading to the server
client 2021-03-17 10:41:31,348 [INFO] Zip file size: 11.0 kB
client 2021-03-17 10:41:31,367 [INFO] Got response: 'OK'
client 2021-03-17 10:41:31,368 [INFO] Done runs
