ptd-server 2021-03-17 10:10:26,035 [INFO] Got command from the client 'stop'
ptd-server 2021-03-17 10:10:26,035 [INFO] The server will be stopped after processing this client
ptd-server 2021-03-17 10:10:26,035 [INFO] Sending reply to client 'OK'
ptd-server 2021-03-17 10:10:26,269 [INFO] Got command from the client 'time'
ptd-server 2021-03-17 10:10:26,269 [INFO] Sending reply to client '1616001026.2698102'
ptd-server 2021-03-17 10:10:26,269 [INFO] Got command from the client 'new,,949b4205-d90c-4cd9-931d-5839fd768d5c'
ptd-server 2021-03-17 10:10:26,269 [INFO] Sending reply to client 'OK 2021-03-17_10-10-26,0b94510b-80f3-4a75-aaa6-fd75912f0d31'
ptd-server 2021-03-17 10:10:26,488 [INFO] Got command from the client 'time'
ptd-server 2021-03-17 10:10:26,488 [INFO] Sending reply to client '1616001026.488551'
ptd-server 2021-03-17 10:10:26,488 [INFO] Got command from the client 'session,2021-03-17_10-10-26,start,ranging'
ptd-server 2021-03-17 10:10:26,597 [INFO] Running PTDaemon: ['C:\\PTD\\ptd-windows-x86.exe', '-l', 'C:\\logs_ptdeamon.txt', '-p', '8888', '-c', '1', '-y', '52', '10.32.209.251']
ptd-server 2021-03-17 10:10:44,483 [INFO] Sending to ptd: 'Hello'
ptd-server 2021-03-17 10:10:44,483 [INFO] Reply from ptd: 'Hello, PTDaemon here!'
ptd-server 2021-03-17 10:10:44,483 [INFO] Sending to ptd: 'Identify'
ptd-server 2021-03-17 10:10:44,483 [INFO] Reply from ptd: 'YokogawaWT330E,1000,1,1,1,1,0,0,1,version=1.9.2-3976349f-20201208,OS=Windows 8 / Server 2012,mode=power,1,1,1,0,0,no_cal_date,YOKOGAWA;WT333E;C2VL22012V;F1.03'
ptd-server 2021-03-17 10:10:44,483 [INFO] Connected to PTDaemon
ptd-server 2021-03-17 10:10:44,483 [INFO] Sending to ptd: 'RR'
ptd-server 2021-03-17 10:10:44,483 [INFO] Reply from ptd: 'Ranges,0,0.500000,0,150.000000'
ptd-server 2021-03-17 10:10:44,483 [INFO] Initial range for Amps is 0.500000 for Volts is 150.000000
ptd-server 2021-03-17 10:10:44,483 [INFO] Sending to ptd: 'SR,V,Auto'
ptd-server 2021-03-17 10:10:44,999 [INFO] Reply from ptd: 'Range V changed'
ptd-server 2021-03-17 10:10:44,999 [INFO] Sending to ptd: 'SR,A,Auto'
ptd-server 2021-03-17 10:10:45,514 [INFO] Reply from ptd: 'Range A changed'
ptd-server 2021-03-17 10:10:55,519 [INFO] Starting ranging mode
ptd-server 2021-03-17 10:10:55,519 [INFO] Sending to ptd: 'Go,1000,0,2021-03-17_10-10-26_ranging'
ptd-server 2021-03-17 10:10:55,519 [INFO] Reply from ptd: 'Starting untimed measurement, maximum 500000 samples at 1000ms with 0 rampup samples'
ptd-server 2021-03-17 10:10:55,519 [INFO] Sending reply to client 'OK'
ptd-server 2021-03-17 10:25:59,969 [INFO] Got command from the client 'session,2021-03-17_10-10-26,stop,ranging'
ptd-server 2021-03-17 10:26:09,982 [INFO] Sending to ptd: 'Stop'
ptd-server 2021-03-17 10:26:09,982 [INFO] Reply from ptd: 'Stopping untimed measurement'
ptd-server 2021-03-17 10:26:10,294 [INFO] Sending reply to client 'OK'
ptd-server 2021-03-17 10:26:10,341 [INFO] Got command from the client 'session,2021-03-17_10-10-26,upload,ranging'
ptd-server 2021-03-17 10:26:10,341 [INFO] Received 'C:\\ptd-logs\\2021-03-17_10-10-26ranging.tmp'
ptd-server 2021-03-17 10:26:10,357 [INFO] Extracted 'C:\\ptd-logs\\2021-03-17_10-10-26ranging.tmp' into 'C:\\ptd-logs\\2021-03-17_10-10-26\\ranging'
ptd-server 2021-03-17 10:26:10,357 [INFO] Removed 'C:\\ptd-logs\\2021-03-17_10-10-26ranging.tmp'
ptd-server 2021-03-17 10:26:10,357 [INFO] Sending reply to client 'OK'
ptd-server 2021-03-17 10:26:10,778 [INFO] Got command from the client 'time'
ptd-server 2021-03-17 10:26:10,778 [INFO] Sending reply to client '1616001970.7789924'
ptd-server 2021-03-17 10:26:10,778 [INFO] Got command from the client 'session,2021-03-17_10-10-26,start,testing'
ptd-server 2021-03-17 10:26:10,778 [INFO] Sending to ptd: 'SR,V,120.300000'
ptd-server 2021-03-17 10:26:12,309 [INFO] Reply from ptd: 'Range V changed'
ptd-server 2021-03-17 10:26:12,309 [INFO] Sending to ptd: 'SR,A,0.408600'
ptd-server 2021-03-17 10:26:13,840 [INFO] Reply from ptd: 'Range A changed'
ptd-server 2021-03-17 10:26:23,854 [INFO] Starting testing mode
ptd-server 2021-03-17 10:26:23,854 [INFO] Sending to ptd: 'Go,1000,0,2021-03-17_10-10-26_testing'
ptd-server 2021-03-17 10:26:23,854 [INFO] Reply from ptd: 'Starting untimed measurement, maximum 500000 samples at 1000ms with 0 rampup samples'
ptd-server 2021-03-17 10:26:23,854 [INFO] Sending reply to client 'OK'
ptd-server 2021-03-17 10:41:21,170 [INFO] Got command from the client 'session,2021-03-17_10-10-26,stop,testing'
ptd-server 2021-03-17 10:41:31,199 [INFO] Sending to ptd: 'Stop'
ptd-server 2021-03-17 10:41:31,199 [INFO] Reply from ptd: 'Stopping untimed measurement'
ptd-server 2021-03-17 10:41:31,355 [INFO] Sending reply to client 'OK'
ptd-server 2021-03-17 10:41:31,402 [INFO] Got command from the client 'session,2021-03-17_10-10-26,upload,testing'
ptd-server 2021-03-17 10:41:31,402 [INFO] Received 'C:\\ptd-logs\\2021-03-17_10-10-26testing.tmp'
ptd-server 2021-03-17 10:41:31,418 [INFO] Extracted 'C:\\ptd-logs\\2021-03-17_10-10-26testing.tmp' into 'C:\\ptd-logs\\2021-03-17_10-10-26\\run_1'
ptd-server 2021-03-17 10:41:31,418 [INFO] Removed 'C:\\ptd-logs\\2021-03-17_10-10-26testing.tmp'
ptd-server 2021-03-17 10:41:31,418 [INFO] Sending reply to client 'OK'
ptd-server 2021-03-17 10:41:31,433 [INFO] Got command from the client 'session,2021-03-17_10-10-26,upload,client.log'
ptd-server 2021-03-17 10:41:31,433 [INFO] Received 'C:\\ptd-logs\\2021-03-17_10-10-26client.log.tmp'
ptd-server 2021-03-17 10:41:31,433 [INFO] Removed 'C:\\ptd-logs\\2021-03-17_10-10-26client.log.tmp'
ptd-server 2021-03-17 10:41:31,449 [INFO] Sending reply to client 'OK'
ptd-server 2021-03-17 10:41:31,480 [INFO] Got command from the client 'session,2021-03-17_10-10-26,upload,client.json'
ptd-server 2021-03-17 10:41:31,480 [INFO] Received 'C:\\ptd-logs\\2021-03-17_10-10-26client.json.tmp'
ptd-server 2021-03-17 10:41:31,496 [INFO] Removed 'C:\\ptd-logs\\2021-03-17_10-10-26client.json.tmp'
ptd-server 2021-03-17 10:41:31,496 [INFO] Sending reply to client 'OK'
ptd-server 2021-03-17 10:41:31,496 [INFO] Got command from the client 'session,2021-03-17_10-10-26,done'
ptd-server 2021-03-17 10:41:31,496 [INFO] Sending to ptd: 'Stop'
ptd-server 2021-03-17 10:41:31,871 [INFO] Reply from ptd: 'Error: no measurement to stop'
ptd-server 2021-03-17 10:41:31,871 [INFO] Sending to ptd: 'SR,V,150.000000'
ptd-server 2021-03-17 10:41:33,402 [INFO] Reply from ptd: 'Range V changed'
ptd-server 2021-03-17 10:41:33,402 [INFO] Sending to ptd: 'SR,A,0.500000'
ptd-server 2021-03-17 10:41:34,933 [INFO] Reply from ptd: 'Range A changed'
ptd-server 2021-03-17 10:41:34,933 [INFO] Set initial values for Amps 0.500000 and Volts 150.000000
ptd-server 2021-03-17 10:41:34,933 [INFO] Stopping ptd...
