ptd-server 2021-03-09 10:10:08,319 [INFO] Got command from the client 'time'
ptd-server 2021-03-09 10:10:08,319 [INFO] Sending reply to client '1615284608.319184'
ptd-server 2021-03-09 10:10:08,321 [INFO] Got command from the client 'new,,337b7d82-a48c-42d4-a9c4-53d843571b86'
ptd-server 2021-03-09 10:10:08,322 [INFO] Sending reply to client 'OK 2021-03-09_10-10-08,2b39d1ff-321d-461e-baf6-0aadbed7560d'
ptd-server 2021-03-09 10:10:08,360 [INFO] Got command from the client 'time'
ptd-server 2021-03-09 10:10:08,360 [INFO] Sending reply to client '1615284608.3607042'
ptd-server 2021-03-09 10:10:08,362 [INFO] Got command from the client 'session,2021-03-09_10-10-08,start,ranging'
ptd-server 2021-03-09 10:10:08,362 [INFO] Running PTDaemon: ['/home/anton/projects/mlperf/power/inference_v1.0/ptd-linux-x86', '-l', 'ptd.log', '-p', '8888', '52', '/dev/usbtmc0']
ptd-server 2021-03-09 10:10:25,536 [INFO] Sending to ptd: 'Hello'
ptd-server 2021-03-09 10:10:25,536 [INFO] Reply from ptd: 'Hello, PTDaemon here!'
ptd-server 2021-03-09 10:10:25,536 [INFO] Sending to ptd: 'Identify'
ptd-server 2021-03-09 10:10:25,537 [INFO] Reply from ptd: 'YokogawaWT330E,1000,1,1,1,1,0,0,1,version=1.9.2-e8c7a49a-20201208,OS=Linux 5.8.0-43-generic #49~20.04.1-Ubuntu SMP Fri Feb 5 09:57:56 UTC 2021 x86_64,mode=power,1,1,1,0,0,no_cal_date,YOKOGAWA;WT333E;C3VD30030E;F1.04'
ptd-server 2021-03-09 10:10:25,537 [INFO] Connected to PTDaemon
ptd-server 2021-03-09 10:10:25,537 [INFO] Sending to ptd: 'RR'
ptd-server 2021-03-09 10:10:25,537 [INFO] Reply from ptd: 'Ranges,0,0.500000,0,300.000000'
ptd-server 2021-03-09 10:10:25,538 [INFO] Initial range for Amps is 0.500000 for Volts is 300.000000
ptd-server 2021-03-09 10:10:25,538 [INFO] Sending to ptd: 'SR,V,Auto'
ptd-server 2021-03-09 10:10:26,040 [INFO] Reply from ptd: 'Range V changed'
ptd-server 2021-03-09 10:10:26,040 [INFO] Sending to ptd: 'SR,A,Auto'
ptd-server 2021-03-09 10:10:26,543 [INFO] Reply from ptd: 'Range A changed'
ptd-server 2021-03-09 10:10:36,553 [INFO] Starting ranging mode
ptd-server 2021-03-09 10:10:36,553 [INFO] Sending to ptd: 'Go,1000,0,2021-03-09_10-10-08_ranging'
ptd-server 2021-03-09 10:10:36,554 [INFO] Reply from ptd: 'Starting untimed measurement, maximum 500000 samples at 1000ms with 0 rampup samples'
ptd-server 2021-03-09 10:10:36,554 [INFO] Sending reply to client 'OK'
ptd-server 2021-03-09 10:20:52,064 [INFO] Got command from the client 'session,2021-03-09_10-10-08,stop,ranging'
ptd-server 2021-03-09 10:21:02,074 [INFO] Sending to ptd: 'Stop'
ptd-server 2021-03-09 10:21:02,074 [INFO] Reply from ptd: 'Stopping untimed measurement'
ptd-server 2021-03-09 10:21:02,802 [INFO] Sending reply to client 'OK'
ptd-server 2021-03-09 10:21:02,848 [INFO] Got command from the client 'time'
ptd-server 2021-03-09 10:21:02,848 [INFO] Sending reply to client '1615285262.848276'
ptd-server 2021-03-09 10:21:02,850 [INFO] Got command from the client 'session,2021-03-09_10-10-08,start,testing'
ptd-server 2021-03-09 10:21:02,851 [INFO] Sending to ptd: 'SR,V,249.730000'
ptd-server 2021-03-09 10:21:04,352 [INFO] Reply from ptd: 'Range V changed'
ptd-server 2021-03-09 10:21:04,352 [INFO] Sending to ptd: 'SR,A,0.134320'
ptd-server 2021-03-09 10:21:05,854 [INFO] Reply from ptd: 'Range A changed'
ptd-server 2021-03-09 10:21:15,864 [INFO] Starting testing mode
ptd-server 2021-03-09 10:21:15,864 [INFO] Sending to ptd: 'Go,1000,0,2021-03-09_10-10-08_testing'
ptd-server 2021-03-09 10:21:15,864 [INFO] Reply from ptd: 'Starting untimed measurement, maximum 500000 samples at 1000ms with 0 rampup samples'
ptd-server 2021-03-09 10:21:15,865 [INFO] Sending reply to client 'OK'
ptd-server 2021-03-09 10:31:31,307 [INFO] Got command from the client 'session,2021-03-09_10-10-08,stop,testing'
ptd-server 2021-03-09 10:31:41,318 [INFO] Sending to ptd: 'Stop'
ptd-server 2021-03-09 10:31:41,318 [INFO] Reply from ptd: 'Stopping untimed measurement'
ptd-server 2021-03-09 10:31:41,695 [INFO] Sending reply to client 'OK'
ptd-server 2021-03-09 10:31:41,704 [INFO] Got command from the client 'session,2021-03-09_10-10-08,upload,client.log'
ptd-server 2021-03-09 10:31:41,705 [INFO] Received '/home/anton/projects/mlperf/power-dev/output/2021-03-09_10-10-08client.log.tmp'
ptd-server 2021-03-09 10:31:41,706 [INFO] Removed '/home/anton/projects/mlperf/power-dev/output/2021-03-09_10-10-08client.log.tmp'
ptd-server 2021-03-09 10:31:41,706 [INFO] Sending reply to client 'OK'
ptd-server 2021-03-09 10:31:41,712 [INFO] Got command from the client 'session,2021-03-09_10-10-08,upload,client.json'
ptd-server 2021-03-09 10:31:41,712 [INFO] Received '/home/anton/projects/mlperf/power-dev/output/2021-03-09_10-10-08client.json.tmp'
ptd-server 2021-03-09 10:31:41,713 [INFO] Removed '/home/anton/projects/mlperf/power-dev/output/2021-03-09_10-10-08client.json.tmp'
ptd-server 2021-03-09 10:31:41,713 [INFO] Sending reply to client 'OK'
ptd-server 2021-03-09 10:31:41,714 [INFO] Got command from the client 'session,2021-03-09_10-10-08,done'
ptd-server 2021-03-09 10:31:41,714 [INFO] Sending to ptd: 'Stop'
ptd-server 2021-03-09 10:31:41,866 [INFO] Reply from ptd: 'Error: no measurement to stop'
ptd-server 2021-03-09 10:31:41,866 [INFO] Sending to ptd: 'SR,V,300.000000'
ptd-server 2021-03-09 10:31:43,367 [INFO] Reply from ptd: 'Range V changed'
ptd-server 2021-03-09 10:31:43,367 [INFO] Sending to ptd: 'SR,A,0.500000'
ptd-server 2021-03-09 10:31:44,869 [INFO] Reply from ptd: 'Range A changed'
ptd-server 2021-03-09 10:31:44,869 [INFO] Set initial values for Amps 0.500000 and Volts 300.000000
ptd-server 2021-03-09 10:31:44,869 [INFO] Stopping ptd...
