ptd-server 2021-03-06 11:38:03,280 [INFO] Got command from the client 'time'
ptd-server 2021-03-06 11:38:03,281 [INFO] Sending reply to client '1615030683.280995'
ptd-server 2021-03-06 11:38:03,284 [INFO] Got command from the client 'new,,c05df2ff-c583-4f8c-8883-6fa5f875866a'
ptd-server 2021-03-06 11:38:03,284 [INFO] Sending reply to client 'OK 2021-03-06_11-38-03,f65357f8-48af-444a-9b41-0da21b9d0c37'
ptd-server 2021-03-06 11:38:03,325 [INFO] Got command from the client 'time'
ptd-server 2021-03-06 11:38:03,325 [INFO] Sending reply to client '1615030683.3255682'
ptd-server 2021-03-06 11:38:03,329 [INFO] Got command from the client 'session,2021-03-06_11-38-03,start,ranging'
ptd-server 2021-03-06 11:38:03,329 [INFO] Running PTDaemon: ['/home/anton/projects/mlperf/power/inference_v1.0/ptd-linux-x86', '-l', 'ptd.log', '-p', '8888', '52', '/dev/usbtmc0']
ptd-server 2021-03-06 11:38:20,497 [INFO] Sending to ptd: 'Hello'
ptd-server 2021-03-06 11:38:20,497 [INFO] Reply from ptd: 'Hello, PTDaemon here!'
ptd-server 2021-03-06 11:38:20,498 [INFO] Sending to ptd: 'Identify'
ptd-server 2021-03-06 11:38:20,498 [INFO] Reply from ptd: 'YokogawaWT330E,1000,1,1,1,1,0,0,1,version=1.9.2-e8c7a49a-20201208,OS=Linux 5.8.0-43-generic #49~20.04.1-Ubuntu SMP Fri Feb 5 09:57:56 UTC 2021 x86_64,mode=power,1,1,1,0,0,no_cal_date,YOKOGAWA;WT333E;C3VD30030E;F1.04'
ptd-server 2021-03-06 11:38:20,498 [INFO] Connected to PTDaemon
ptd-server 2021-03-06 11:38:20,498 [INFO] Sending to ptd: 'RR'
ptd-server 2021-03-06 11:38:20,499 [INFO] Reply from ptd: 'Ranges,0,0.500000,0,300.000000'
ptd-server 2021-03-06 11:38:20,499 [INFO] Initial range for Amps is 0.500000 for Volts is 300.000000
ptd-server 2021-03-06 11:38:20,499 [INFO] Sending to ptd: 'SR,V,Auto'
ptd-server 2021-03-06 11:38:21,001 [INFO] Reply from ptd: 'Range V changed'
ptd-server 2021-03-06 11:38:21,002 [INFO] Sending to ptd: 'SR,A,Auto'
ptd-server 2021-03-06 11:38:21,504 [INFO] Reply from ptd: 'Range A changed'
ptd-server 2021-03-06 11:38:31,514 [INFO] Starting ranging mode
ptd-server 2021-03-06 11:38:31,514 [INFO] Sending to ptd: 'Go,1000,0,2021-03-06_11-38-03_ranging'
ptd-server 2021-03-06 11:38:31,515 [INFO] Reply from ptd: 'Starting untimed measurement, maximum 500000 samples at 1000ms with 0 rampup samples'
ptd-server 2021-03-06 11:38:31,515 [INFO] Sending reply to client 'OK'
ptd-server 2021-03-06 11:49:03,320 [INFO] Got command from the client 'session,2021-03-06_11-38-03,stop,ranging'
ptd-server 2021-03-06 11:49:13,330 [INFO] Sending to ptd: 'Stop'
ptd-server 2021-03-06 11:49:13,331 [INFO] Reply from ptd: 'Stopping untimed measurement'
ptd-server 2021-03-06 11:49:13,756 [INFO] Sending reply to client 'OK'
ptd-server 2021-03-06 11:49:13,819 [INFO] Got command from the client 'time'
ptd-server 2021-03-06 11:49:13,819 [INFO] Sending reply to client '1615031353.8193152'
ptd-server 2021-03-06 11:49:13,825 [INFO] Got command from the client 'session,2021-03-06_11-38-03,start,testing'
ptd-server 2021-03-06 11:49:13,825 [INFO] Sending to ptd: 'SR,V,249.320000'
ptd-server 2021-03-06 11:49:15,326 [INFO] Reply from ptd: 'Range V changed'
ptd-server 2021-03-06 11:49:15,327 [INFO] Sending to ptd: 'SR,A,0.061010'
ptd-server 2021-03-06 11:49:16,828 [INFO] Reply from ptd: 'Range A changed'
ptd-server 2021-03-06 11:49:26,838 [INFO] Starting testing mode
ptd-server 2021-03-06 11:49:26,838 [INFO] Sending to ptd: 'Go,1000,0,2021-03-06_11-38-03_testing'
ptd-server 2021-03-06 11:49:26,839 [INFO] Reply from ptd: 'Starting untimed measurement, maximum 500000 samples at 1000ms with 0 rampup samples'
ptd-server 2021-03-06 11:49:26,839 [INFO] Sending reply to client 'OK'
ptd-server 2021-03-06 12:00:03,477 [INFO] Got command from the client 'session,2021-03-06_11-38-03,stop,testing'
ptd-server 2021-03-06 12:00:13,487 [INFO] Sending to ptd: 'Stop'
ptd-server 2021-03-06 12:00:13,487 [INFO] Reply from ptd: 'Stopping untimed measurement'
ptd-server 2021-03-06 12:00:13,708 [INFO] Sending reply to client 'OK'
ptd-server 2021-03-06 12:00:13,716 [INFO] Got command from the client 'session,2021-03-06_11-38-03,upload,client.log'
ptd-server 2021-03-06 12:00:13,719 [INFO] Received '/home/anton/projects/mlperf/power-dev/output/2021-03-06_11-38-03client.log.tmp'
ptd-server 2021-03-06 12:00:13,720 [INFO] Removed '/home/anton/projects/mlperf/power-dev/output/2021-03-06_11-38-03client.log.tmp'
ptd-server 2021-03-06 12:00:13,720 [INFO] Sending reply to client 'OK'
ptd-server 2021-03-06 12:00:13,732 [INFO] Got command from the client 'session,2021-03-06_11-38-03,upload,client.json'
ptd-server 2021-03-06 12:00:13,735 [INFO] Received '/home/anton/projects/mlperf/power-dev/output/2021-03-06_11-38-03client.json.tmp'
ptd-server 2021-03-06 12:00:13,735 [INFO] Removed '/home/anton/projects/mlperf/power-dev/output/2021-03-06_11-38-03client.json.tmp'
ptd-server 2021-03-06 12:00:13,736 [INFO] Sending reply to client 'OK'
ptd-server 2021-03-06 12:00:13,738 [INFO] Got command from the client 'session,2021-03-06_11-38-03,done'
ptd-server 2021-03-06 12:00:13,738 [INFO] Sending to ptd: 'Stop'
ptd-server 2021-03-06 12:00:13,839 [INFO] Reply from ptd: 'Error: no measurement to stop'
ptd-server 2021-03-06 12:00:13,839 [INFO] Sending to ptd: 'SR,V,300.000000'
ptd-server 2021-03-06 12:00:15,341 [INFO] Reply from ptd: 'Range V changed'
ptd-server 2021-03-06 12:00:15,341 [INFO] Sending to ptd: 'SR,A,0.500000'
ptd-server 2021-03-06 12:00:16,842 [INFO] Reply from ptd: 'Range A changed'
ptd-server 2021-03-06 12:00:16,842 [INFO] Set initial values for Amps 0.500000 and Volts 300.000000
ptd-server 2021-03-06 12:00:16,842 [INFO] Stopping ptd...
