ptd-server 2021-03-07 13:48:12,050 [INFO] Got command from the client 'time'
ptd-server 2021-03-07 13:48:12,050 [INFO] Sending reply to client '1615124892.050255'
ptd-server 2021-03-07 13:48:12,052 [INFO] Got command from the client 'new,,9b9c8821-fcff-4a89-bfe9-3f7b34f9fce0'
ptd-server 2021-03-07 13:48:12,053 [INFO] Sending reply to client 'OK 2021-03-07_13-48-12,b581d7e1-a0dd-4814-a03c-76deaa2e6f68'
ptd-server 2021-03-07 13:48:12,084 [INFO] Got command from the client 'time'
ptd-server 2021-03-07 13:48:12,085 [INFO] Sending reply to client '1615124892.085022'
ptd-server 2021-03-07 13:48:12,087 [INFO] Got command from the client 'session,2021-03-07_13-48-12,start,ranging'
ptd-server 2021-03-07 13:48:12,087 [INFO] Running PTDaemon: ['/home/anton/projects/mlperf/power/inference_v1.0/ptd-linux-x86', '-l', 'ptd.log', '-p', '8888', '52', '/dev/usbtmc0']
ptd-server 2021-03-07 13:48:29,257 [INFO] Sending to ptd: 'Hello'
ptd-server 2021-03-07 13:48:29,257 [INFO] Reply from ptd: 'Hello, PTDaemon here!'
ptd-server 2021-03-07 13:48:29,258 [INFO] Sending to ptd: 'Identify'
ptd-server 2021-03-07 13:48:29,258 [INFO] Reply from ptd: 'YokogawaWT330E,1000,1,1,1,1,0,0,1,version=1.9.2-e8c7a49a-20201208,OS=Linux 5.8.0-43-generic #49~20.04.1-Ubuntu SMP Fri Feb 5 09:57:56 UTC 2021 x86_64,mode=power,1,1,1,0,0,no_cal_date,YOKOGAWA;WT333E;C3VD30030E;F1.04'
ptd-server 2021-03-07 13:48:29,258 [INFO] Connected to PTDaemon
ptd-server 2021-03-07 13:48:29,258 [INFO] Sending to ptd: 'RR'
ptd-server 2021-03-07 13:48:29,259 [INFO] Reply from ptd: 'Ranges,0,0.500000,0,300.000000'
ptd-server 2021-03-07 13:48:29,259 [INFO] Initial range for Amps is 0.500000 for Volts is 300.000000
ptd-server 2021-03-07 13:48:29,259 [INFO] Sending to ptd: 'SR,V,Auto'
ptd-server 2021-03-07 13:48:29,761 [INFO] Reply from ptd: 'Range V changed'
ptd-server 2021-03-07 13:48:29,761 [INFO] Sending to ptd: 'SR,A,Auto'
ptd-server 2021-03-07 13:48:30,264 [INFO] Reply from ptd: 'Range A changed'
ptd-server 2021-03-07 13:48:40,274 [INFO] Starting ranging mode
ptd-server 2021-03-07 13:48:40,274 [INFO] Sending to ptd: 'Go,1000,0,2021-03-07_13-48-12_ranging'
ptd-server 2021-03-07 13:48:40,275 [INFO] Reply from ptd: 'Starting untimed measurement, maximum 500000 samples at 1000ms with 0 rampup samples'
ptd-server 2021-03-07 13:48:40,275 [INFO] Sending reply to client 'OK'
ptd-server 2021-03-07 13:59:05,156 [INFO] Got command from the client 'session,2021-03-07_13-48-12,stop,ranging'
ptd-server 2021-03-07 13:59:15,167 [INFO] Sending to ptd: 'Stop'
ptd-server 2021-03-07 13:59:15,167 [INFO] Reply from ptd: 'Stopping untimed measurement'
ptd-server 2021-03-07 13:59:15,722 [INFO] Sending reply to client 'OK'
ptd-server 2021-03-07 13:59:15,787 [INFO] Got command from the client 'time'
ptd-server 2021-03-07 13:59:15,788 [INFO] Sending reply to client '1615125555.7880921'
ptd-server 2021-03-07 13:59:15,793 [INFO] Got command from the client 'session,2021-03-07_13-48-12,start,testing'
ptd-server 2021-03-07 13:59:15,793 [INFO] Sending to ptd: 'SR,V,251.840000'
ptd-server 2021-03-07 13:59:17,294 [INFO] Reply from ptd: 'Range V changed'
ptd-server 2021-03-07 13:59:17,294 [INFO] Sending to ptd: 'SR,A,0.055690'
ptd-server 2021-03-07 13:59:18,796 [INFO] Reply from ptd: 'Range A changed'
ptd-server 2021-03-07 13:59:28,806 [INFO] Starting testing mode
ptd-server 2021-03-07 13:59:28,806 [INFO] Sending to ptd: 'Go,1000,0,2021-03-07_13-48-12_testing'
ptd-server 2021-03-07 13:59:28,807 [INFO] Reply from ptd: 'Starting untimed measurement, maximum 500000 samples at 1000ms with 0 rampup samples'
ptd-server 2021-03-07 13:59:28,807 [INFO] Sending reply to client 'OK'
ptd-server 2021-03-07 14:09:58,686 [INFO] Got command from the client 'session,2021-03-07_13-48-12,stop,testing'
ptd-server 2021-03-07 14:10:08,697 [INFO] Sending to ptd: 'Stop'
ptd-server 2021-03-07 14:10:08,697 [INFO] Reply from ptd: 'Stopping untimed measurement'
ptd-server 2021-03-07 14:10:09,007 [INFO] Sending reply to client 'OK'
ptd-server 2021-03-07 14:10:09,014 [INFO] Got command from the client 'session,2021-03-07_13-48-12,upload,client.log'
ptd-server 2021-03-07 14:10:09,018 [INFO] Received '/home/anton/projects/mlperf/power-dev/output/2021-03-07_13-48-12client.log.tmp'
ptd-server 2021-03-07 14:10:09,019 [INFO] Removed '/home/anton/projects/mlperf/power-dev/output/2021-03-07_13-48-12client.log.tmp'
ptd-server 2021-03-07 14:10:09,019 [INFO] Sending reply to client 'OK'
ptd-server 2021-03-07 14:10:09,031 [INFO] Got command from the client 'session,2021-03-07_13-48-12,upload,client.json'
ptd-server 2021-03-07 14:10:09,034 [INFO] Received '/home/anton/projects/mlperf/power-dev/output/2021-03-07_13-48-12client.json.tmp'
ptd-server 2021-03-07 14:10:09,034 [INFO] Removed '/home/anton/projects/mlperf/power-dev/output/2021-03-07_13-48-12client.json.tmp'
ptd-server 2021-03-07 14:10:09,034 [INFO] Sending reply to client 'OK'
ptd-server 2021-03-07 14:10:09,037 [INFO] Got command from the client 'session,2021-03-07_13-48-12,done'
ptd-server 2021-03-07 14:10:09,037 [INFO] Sending to ptd: 'Stop'
ptd-server 2021-03-07 14:10:09,037 [INFO] Reply from ptd: 'Error: no measurement to stop'
ptd-server 2021-03-07 14:10:09,037 [INFO] Sending to ptd: 'SR,V,300.000000'
ptd-server 2021-03-07 14:10:10,539 [INFO] Reply from ptd: 'Range V changed'
ptd-server 2021-03-07 14:10:10,539 [INFO] Sending to ptd: 'SR,A,0.500000'
ptd-server 2021-03-07 14:10:12,040 [INFO] Reply from ptd: 'Range A changed'
ptd-server 2021-03-07 14:10:12,040 [INFO] Set initial values for Amps 0.500000 and Volts 300.000000
ptd-server 2021-03-07 14:10:12,041 [INFO] Stopping ptd...
