ptd-server 2021-03-07 14:10:24,035 [INFO] Got command from the client 'time'
ptd-server 2021-03-07 14:10:24,035 [INFO] Sending reply to client '1615126224.0357153'
ptd-server 2021-03-07 14:10:24,038 [INFO] Got command from the client 'new,,aac2395f-79c4-44cc-9f20-3c1e8ec31f52'
ptd-server 2021-03-07 14:10:24,039 [INFO] Sending reply to client 'OK 2021-03-07_14-10-24,f887e0be-fe53-4b19-9a27-09f14bcfb11a'
ptd-server 2021-03-07 14:10:24,087 [INFO] Got command from the client 'time'
ptd-server 2021-03-07 14:10:24,087 [INFO] Sending reply to client '1615126224.0878143'
ptd-server 2021-03-07 14:10:24,090 [INFO] Got command from the client 'session,2021-03-07_14-10-24,start,ranging'
ptd-server 2021-03-07 14:10:24,091 [INFO] Running PTDaemon: ['/home/anton/projects/mlperf/power/inference_v1.0/ptd-linux-x86', '-l', 'ptd.log', '-p', '8888', '52', '/dev/usbtmc0']
ptd-server 2021-03-07 14:10:41,260 [INFO] Sending to ptd: 'Hello'
ptd-server 2021-03-07 14:10:41,261 [INFO] Reply from ptd: 'Hello, PTDaemon here!'
ptd-server 2021-03-07 14:10:41,261 [INFO] Sending to ptd: 'Identify'
ptd-server 2021-03-07 14:10:41,261 [INFO] Reply from ptd: 'YokogawaWT330E,1000,1,1,1,1,0,0,1,version=1.9.2-e8c7a49a-20201208,OS=Linux 5.8.0-43-generic #49~20.04.1-Ubuntu SMP Fri Feb 5 09:57:56 UTC 2021 x86_64,mode=power,1,1,1,0,0,no_cal_date,YOKOGAWA;WT333E;C3VD30030E;F1.04'
ptd-server 2021-03-07 14:10:41,261 [INFO] Connected to PTDaemon
ptd-server 2021-03-07 14:10:41,261 [INFO] Sending to ptd: 'RR'
ptd-server 2021-03-07 14:10:41,262 [INFO] Reply from ptd: 'Ranges,0,0.500000,0,300.000000'
ptd-server 2021-03-07 14:10:41,262 [INFO] Initial range for Amps is 0.500000 for Volts is 300.000000
ptd-server 2021-03-07 14:10:41,262 [INFO] Sending to ptd: 'SR,V,Auto'
ptd-server 2021-03-07 14:10:41,764 [INFO] Reply from ptd: 'Range V changed'
ptd-server 2021-03-07 14:10:41,765 [INFO] Sending to ptd: 'SR,A,Auto'
ptd-server 2021-03-07 14:10:42,267 [INFO] Reply from ptd: 'Range A changed'
ptd-server 2021-03-07 14:10:52,277 [INFO] Starting ranging mode
ptd-server 2021-03-07 14:10:52,277 [INFO] Sending to ptd: 'Go,1000,0,2021-03-07_14-10-24_ranging'
ptd-server 2021-03-07 14:10:52,278 [INFO] Reply from ptd: 'Starting untimed measurement, maximum 500000 samples at 1000ms with 0 rampup samples'
ptd-server 2021-03-07 14:10:52,278 [INFO] Sending reply to client 'OK'
ptd-server 2021-03-07 14:21:17,187 [INFO] Got command from the client 'session,2021-03-07_14-10-24,stop,ranging'
ptd-server 2021-03-07 14:21:27,198 [INFO] Sending to ptd: 'Stop'
ptd-server 2021-03-07 14:21:27,198 [INFO] Reply from ptd: 'Stopping untimed measurement'
ptd-server 2021-03-07 14:21:27,763 [INFO] Sending reply to client 'OK'
ptd-server 2021-03-07 14:21:27,838 [INFO] Got command from the client 'time'
ptd-server 2021-03-07 14:21:27,838 [INFO] Sending reply to client '1615126887.8387651'
ptd-server 2021-03-07 14:21:27,843 [INFO] Got command from the client 'session,2021-03-07_14-10-24,start,testing'
ptd-server 2021-03-07 14:21:27,843 [INFO] Sending to ptd: 'SR,V,252.370000'
ptd-server 2021-03-07 14:21:29,344 [INFO] Reply from ptd: 'Range V changed'
ptd-server 2021-03-07 14:21:29,345 [INFO] Sending to ptd: 'SR,A,0.055520'
ptd-server 2021-03-07 14:21:30,846 [INFO] Reply from ptd: 'Range A changed'
ptd-server 2021-03-07 14:21:40,856 [INFO] Starting testing mode
ptd-server 2021-03-07 14:21:40,856 [INFO] Sending to ptd: 'Go,1000,0,2021-03-07_14-10-24_testing'
ptd-server 2021-03-07 14:21:40,857 [INFO] Reply from ptd: 'Starting untimed measurement, maximum 500000 samples at 1000ms with 0 rampup samples'
ptd-server 2021-03-07 14:21:40,857 [INFO] Sending reply to client 'OK'
ptd-server 2021-03-07 14:32:10,588 [INFO] Got command from the client 'session,2021-03-07_14-10-24,stop,testing'
ptd-server 2021-03-07 14:32:20,599 [INFO] Sending to ptd: 'Stop'
ptd-server 2021-03-07 14:32:20,599 [INFO] Reply from ptd: 'Stopping untimed measurement'
ptd-server 2021-03-07 14:32:20,889 [INFO] Sending reply to client 'OK'
ptd-server 2021-03-07 14:32:20,897 [INFO] Got command from the client 'session,2021-03-07_14-10-24,upload,client.log'
ptd-server 2021-03-07 14:32:20,900 [INFO] Received '/home/anton/projects/mlperf/power-dev/output/2021-03-07_14-10-24client.log.tmp'
ptd-server 2021-03-07 14:32:20,900 [INFO] Removed '/home/anton/projects/mlperf/power-dev/output/2021-03-07_14-10-24client.log.tmp'
ptd-server 2021-03-07 14:32:20,901 [INFO] Sending reply to client 'OK'
ptd-server 2021-03-07 14:32:20,913 [INFO] Got command from the client 'session,2021-03-07_14-10-24,upload,client.json'
ptd-server 2021-03-07 14:32:20,916 [INFO] Received '/home/anton/projects/mlperf/power-dev/output/2021-03-07_14-10-24client.json.tmp'
ptd-server 2021-03-07 14:32:20,916 [INFO] Removed '/home/anton/projects/mlperf/power-dev/output/2021-03-07_14-10-24client.json.tmp'
ptd-server 2021-03-07 14:32:20,917 [INFO] Sending reply to client 'OK'
ptd-server 2021-03-07 14:32:20,919 [INFO] Got command from the client 'session,2021-03-07_14-10-24,done'
ptd-server 2021-03-07 14:32:20,920 [INFO] Sending to ptd: 'Stop'
ptd-server 2021-03-07 14:32:20,920 [INFO] Reply from ptd: 'Error: no measurement to stop'
ptd-server 2021-03-07 14:32:20,920 [INFO] Sending to ptd: 'SR,V,300.000000'
ptd-server 2021-03-07 14:32:22,421 [INFO] Reply from ptd: 'Range V changed'
ptd-server 2021-03-07 14:32:22,422 [INFO] Sending to ptd: 'SR,A,0.500000'
ptd-server 2021-03-07 14:32:23,923 [INFO] Reply from ptd: 'Range A changed'
ptd-server 2021-03-07 14:32:23,923 [INFO] Set initial values for Amps 0.500000 and Volts 300.000000
ptd-server 2021-03-07 14:32:23,923 [INFO] Stopping ptd...
