ptd-server 2021-03-05 23:25:26,711 [INFO] Got command from the client 'time'
ptd-server 2021-03-05 23:25:26,711 [INFO] Sending reply to client '1614986726.7111688'
ptd-server 2021-03-05 23:25:26,714 [INFO] Got command from the client 'new,,1e0ce69c-63d5-4525-a1ad-f97bdfd43add'
ptd-server 2021-03-05 23:25:26,714 [INFO] Sending reply to client 'OK 2021-03-05_23-25-26,e7114a4d-327a-4d22-8b10-b4a4698b3a94'
ptd-server 2021-03-05 23:25:26,750 [INFO] Got command from the client 'time'
ptd-server 2021-03-05 23:25:26,751 [INFO] Sending reply to client '1614986726.7510612'
ptd-server 2021-03-05 23:25:26,754 [INFO] Got command from the client 'session,2021-03-05_23-25-26,start,ranging'
ptd-server 2021-03-05 23:25:26,754 [INFO] Running PTDaemon: ['/home/anton/projects/mlperf/power/inference_v1.0/ptd-linux-x86', '-l', 'ptd.log', '-p', '8888', '52', '/dev/usbtmc0']
ptd-server 2021-03-05 23:25:43,922 [INFO] Sending to ptd: 'Hello'
ptd-server 2021-03-05 23:25:43,923 [INFO] Reply from ptd: 'Hello, PTDaemon here!'
ptd-server 2021-03-05 23:25:43,923 [INFO] Sending to ptd: 'Identify'
ptd-server 2021-03-05 23:25:43,923 [INFO] Reply from ptd: 'YokogawaWT330E,1000,1,1,1,1,0,0,1,version=1.9.2-e8c7a49a-20201208,OS=Linux 5.8.0-43-generic #49~20.04.1-Ubuntu SMP Fri Feb 5 09:57:56 UTC 2021 x86_64,mode=power,1,1,1,0,0,no_cal_date,YOKOGAWA;WT333E;C3VD30030E;F1.04'
ptd-server 2021-03-05 23:25:43,924 [INFO] Connected to PTDaemon
ptd-server 2021-03-05 23:25:43,924 [INFO] Sending to ptd: 'RR'
ptd-server 2021-03-05 23:25:43,924 [INFO] Reply from ptd: 'Ranges,0,0.500000,0,300.000000'
ptd-server 2021-03-05 23:25:43,924 [INFO] Initial range for Amps is 0.500000 for Volts is 300.000000
ptd-server 2021-03-05 23:25:43,924 [INFO] Sending to ptd: 'SR,V,Auto'
ptd-server 2021-03-05 23:25:44,427 [INFO] Reply from ptd: 'Range V changed'
ptd-server 2021-03-05 23:25:44,427 [INFO] Sending to ptd: 'SR,A,Auto'
ptd-server 2021-03-05 23:25:44,929 [INFO] Reply from ptd: 'Range A changed'
ptd-server 2021-03-05 23:25:54,939 [INFO] Starting ranging mode
ptd-server 2021-03-05 23:25:54,939 [INFO] Sending to ptd: 'Go,1000,0,2021-03-05_23-25-26_ranging'
ptd-server 2021-03-05 23:25:54,940 [INFO] Reply from ptd: 'Starting untimed measurement, maximum 500000 samples at 1000ms with 0 rampup samples'
ptd-server 2021-03-05 23:25:54,940 [INFO] Sending reply to client 'OK'
ptd-server 2021-03-05 23:36:26,397 [INFO] Got command from the client 'session,2021-03-05_23-25-26,stop,ranging'
ptd-server 2021-03-05 23:36:36,407 [INFO] Sending to ptd: 'Stop'
ptd-server 2021-03-05 23:36:36,407 [INFO] Reply from ptd: 'Stopping untimed measurement'
ptd-server 2021-03-05 23:36:36,780 [INFO] Sending reply to client 'OK'
ptd-server 2021-03-05 23:36:36,829 [INFO] Got command from the client 'time'
ptd-server 2021-03-05 23:36:36,829 [INFO] Sending reply to client '1614987396.8297892'
ptd-server 2021-03-05 23:36:36,833 [INFO] Got command from the client 'session,2021-03-05_23-25-26,start,testing'
ptd-server 2021-03-05 23:36:36,834 [INFO] Sending to ptd: 'SR,V,252.330000'
ptd-server 2021-03-05 23:36:38,442 [INFO] Reply from ptd: 'Range V changed'
ptd-server 2021-03-05 23:36:38,442 [INFO] Sending to ptd: 'SR,A,0.060290'
ptd-server 2021-03-05 23:36:39,943 [INFO] Reply from ptd: 'Range A changed'
ptd-server 2021-03-05 23:36:49,954 [INFO] Starting testing mode
ptd-server 2021-03-05 23:36:49,954 [INFO] Sending to ptd: 'Go,1000,0,2021-03-05_23-25-26_testing'
ptd-server 2021-03-05 23:36:49,954 [INFO] Reply from ptd: 'Starting untimed measurement, maximum 500000 samples at 1000ms with 0 rampup samples'
ptd-server 2021-03-05 23:36:49,954 [INFO] Sending reply to client 'OK'
ptd-server 2021-03-05 23:47:26,371 [INFO] Got command from the client 'session,2021-03-05_23-25-26,stop,testing'
ptd-server 2021-03-05 23:47:36,381 [INFO] Sending to ptd: 'Stop'
ptd-server 2021-03-05 23:47:36,381 [INFO] Reply from ptd: 'Stopping untimed measurement'
ptd-server 2021-03-05 23:47:36,583 [INFO] Sending reply to client 'OK'
ptd-server 2021-03-05 23:47:36,591 [INFO] Got command from the client 'session,2021-03-05_23-25-26,upload,client.log'
ptd-server 2021-03-05 23:47:36,594 [INFO] Received '/home/anton/projects/mlperf/power-dev/output/2021-03-05_23-25-26client.log.tmp'
ptd-server 2021-03-05 23:47:36,594 [INFO] Removed '/home/anton/projects/mlperf/power-dev/output/2021-03-05_23-25-26client.log.tmp'
ptd-server 2021-03-05 23:47:36,594 [INFO] Sending reply to client 'OK'
ptd-server 2021-03-05 23:47:36,607 [INFO] Got command from the client 'session,2021-03-05_23-25-26,upload,client.json'
ptd-server 2021-03-05 23:47:36,610 [INFO] Received '/home/anton/projects/mlperf/power-dev/output/2021-03-05_23-25-26client.json.tmp'
ptd-server 2021-03-05 23:47:36,610 [INFO] Removed '/home/anton/projects/mlperf/power-dev/output/2021-03-05_23-25-26client.json.tmp'
ptd-server 2021-03-05 23:47:36,610 [INFO] Sending reply to client 'OK'
ptd-server 2021-03-05 23:47:36,613 [INFO] Got command from the client 'session,2021-03-05_23-25-26,done'
ptd-server 2021-03-05 23:47:36,613 [INFO] Sending to ptd: 'Stop'
ptd-server 2021-03-05 23:47:36,955 [INFO] Reply from ptd: 'Error: no measurement to stop'
ptd-server 2021-03-05 23:47:36,955 [INFO] Sending to ptd: 'SR,V,300.000000'
ptd-server 2021-03-05 23:47:38,456 [INFO] Reply from ptd: 'Range V changed'
ptd-server 2021-03-05 23:47:38,456 [INFO] Sending to ptd: 'SR,A,0.500000'
ptd-server 2021-03-05 23:47:39,958 [INFO] Reply from ptd: 'Range A changed'
ptd-server 2021-03-05 23:47:39,958 [INFO] Set initial values for Amps 0.500000 and Volts 300.000000
ptd-server 2021-03-05 23:47:39,958 [INFO] Stopping ptd...
