ptd-server 2021-02-27 21:27:25,954 [INFO] Got command from the client 'time'
ptd-server 2021-02-27 21:27:25,954 [INFO] Sending reply to client '1614461245.954761'
ptd-server 2021-02-27 21:27:25,955 [INFO] Got command from the client 'new,,632dd710-8657-42f8-85d4-b035a0c59012'
ptd-server 2021-02-27 21:27:25,956 [INFO] Sending reply to client 'OK 2021-02-27_21-27-25,a370aef2-6a52-4c0b-ab80-64c93e566d93'
ptd-server 2021-02-27 21:27:25,994 [INFO] Got command from the client 'time'
ptd-server 2021-02-27 21:27:25,994 [INFO] Sending reply to client '1614461245.9946878'
ptd-server 2021-02-27 21:27:25,995 [INFO] Got command from the client 'session,2021-02-27_21-27-25,start,ranging'
ptd-server 2021-02-27 21:27:25,996 [INFO] Running PTDaemon: ['/home/anton/projects/mlperf/power/inference_v1.0/ptd-linux-x86', '-l', 'ptd.log', '-p', '8888', '52', '/dev/usbtmc0']
ptd-server 2021-02-27 21:27:43,163 [INFO] Sending to ptd: 'Hello'
ptd-server 2021-02-27 21:27:43,164 [INFO] Reply from ptd: 'Hello, PTDaemon here!'
ptd-server 2021-02-27 21:27:43,164 [INFO] Sending to ptd: 'Identify'
ptd-server 2021-02-27 21:27:43,164 [INFO] Reply from ptd: 'YokogawaWT330E,1000,1,1,1,1,0,0,1,version=1.9.2-e8c7a49a-20201208,OS=Linux 5.8.0-43-generic #49~20.04.1-Ubuntu SMP Fri Feb 5 09:57:56 UTC 2021 x86_64,mode=power,1,1,1,0,0,no_cal_date,YOKOGAWA;WT333E;C3VD30030E;F1.04'
ptd-server 2021-02-27 21:27:43,165 [INFO] Connected to PTDaemon
ptd-server 2021-02-27 21:27:43,165 [INFO] Sending to ptd: 'RR'
ptd-server 2021-02-27 21:27:43,165 [INFO] Reply from ptd: 'Ranges,0,0.500000,0,300.000000'
ptd-server 2021-02-27 21:27:43,165 [INFO] Initial range for Amps is 0.500000 for Volts is 300.000000
ptd-server 2021-02-27 21:27:43,165 [INFO] Sending to ptd: 'SR,V,Auto'
ptd-server 2021-02-27 21:27:43,668 [INFO] Reply from ptd: 'Range V changed'
ptd-server 2021-02-27 21:27:43,668 [INFO] Sending to ptd: 'SR,A,Auto'
ptd-server 2021-02-27 21:27:44,170 [INFO] Reply from ptd: 'Range A changed'
ptd-server 2021-02-27 21:27:54,181 [INFO] Starting ranging mode
ptd-server 2021-02-27 21:27:54,181 [INFO] Sending to ptd: 'Go,1000,0,2021-02-27_21-27-25_ranging'
ptd-server 2021-02-27 21:27:54,181 [INFO] Reply from ptd: 'Starting untimed measurement, maximum 500000 samples at 1000ms with 0 rampup samples'
ptd-server 2021-02-27 21:27:54,181 [INFO] Sending reply to client 'OK'
ptd-server 2021-02-27 21:38:12,749 [INFO] Got command from the client 'session,2021-02-27_21-27-25,stop,ranging'
ptd-server 2021-02-27 21:38:22,760 [INFO] Sending to ptd: 'Stop'
ptd-server 2021-02-27 21:38:22,760 [INFO] Reply from ptd: 'Stopping untimed measurement'
ptd-server 2021-02-27 21:38:22,903 [INFO] Sending reply to client 'OK'
ptd-server 2021-02-27 21:38:22,943 [INFO] Got command from the client 'time'
ptd-server 2021-02-27 21:38:22,943 [INFO] Sending reply to client '1614461902.943629'
ptd-server 2021-02-27 21:38:22,944 [INFO] Got command from the client 'session,2021-02-27_21-27-25,start,testing'
ptd-server 2021-02-27 21:38:22,944 [INFO] Sending to ptd: 'SR,V,249.560000'
ptd-server 2021-02-27 21:38:24,683 [INFO] Reply from ptd: 'Range V changed'
ptd-server 2021-02-27 21:38:24,683 [INFO] Sending to ptd: 'SR,A,0.210250'
ptd-server 2021-02-27 21:38:26,184 [INFO] Reply from ptd: 'Range A changed'
ptd-server 2021-02-27 21:38:36,194 [INFO] Starting testing mode
ptd-server 2021-02-27 21:38:36,195 [INFO] Sending to ptd: 'Go,1000,0,2021-02-27_21-27-25_testing'
ptd-server 2021-02-27 21:38:36,195 [INFO] Reply from ptd: 'Starting untimed measurement, maximum 500000 samples at 1000ms with 0 rampup samples'
ptd-server 2021-02-27 21:38:36,195 [INFO] Sending reply to client 'OK'
ptd-server 2021-02-27 21:48:54,764 [INFO] Got command from the client 'session,2021-02-27_21-27-25,stop,testing'
ptd-server 2021-02-27 21:49:04,775 [INFO] Sending to ptd: 'Stop'
ptd-server 2021-02-27 21:49:04,775 [INFO] Reply from ptd: 'Stopping untimed measurement'
ptd-server 2021-02-27 21:49:04,845 [INFO] Sending reply to client 'OK'
ptd-server 2021-02-27 21:49:04,854 [INFO] Got command from the client 'session,2021-02-27_21-27-25,upload,client.log'
ptd-server 2021-02-27 21:49:04,855 [INFO] Received '/home/anton/projects/mlperf/power-dev/output/2021-02-27_21-27-25client.log.tmp'
ptd-server 2021-02-27 21:49:04,855 [INFO] Removed '/home/anton/projects/mlperf/power-dev/output/2021-02-27_21-27-25client.log.tmp'
ptd-server 2021-02-27 21:49:04,855 [INFO] Sending reply to client 'OK'
ptd-server 2021-02-27 21:49:04,860 [INFO] Got command from the client 'session,2021-02-27_21-27-25,upload,client.json'
ptd-server 2021-02-27 21:49:04,860 [INFO] Received '/home/anton/projects/mlperf/power-dev/output/2021-02-27_21-27-25client.json.tmp'
ptd-server 2021-02-27 21:49:04,860 [INFO] Removed '/home/anton/projects/mlperf/power-dev/output/2021-02-27_21-27-25client.json.tmp'
ptd-server 2021-02-27 21:49:04,860 [INFO] Sending reply to client 'OK'
ptd-server 2021-02-27 21:49:04,861 [INFO] Got command from the client 'session,2021-02-27_21-27-25,done'
ptd-server 2021-02-27 21:49:04,862 [INFO] Sending to ptd: 'Stop'
ptd-server 2021-02-27 21:49:05,196 [INFO] Reply from ptd: 'Error: no measurement to stop'
ptd-server 2021-02-27 21:49:05,196 [INFO] Sending to ptd: 'SR,V,300.000000'
ptd-server 2021-02-27 21:49:06,697 [INFO] Reply from ptd: 'Range V changed'
ptd-server 2021-02-27 21:49:06,697 [INFO] Sending to ptd: 'SR,A,0.500000'
ptd-server 2021-02-27 21:49:08,199 [INFO] Reply from ptd: 'Range A changed'
ptd-server 2021-02-27 21:49:08,199 [INFO] Set initial values for Amps 0.500000 and Volts 300.000000
ptd-server 2021-02-27 21:49:08,199 [INFO] Stopping ptd...
