ptd-server 2021-02-27 07:19:06,697 [INFO] Got command from the client 'time'
ptd-server 2021-02-27 07:19:06,697 [INFO] Sending reply to client '1614410346.6979454'
ptd-server 2021-02-27 07:19:06,699 [INFO] Got command from the client 'new,,4790b5ca-7d69-4589-ad00-73bb9b9f0294'
ptd-server 2021-02-27 07:19:06,699 [INFO] Sending reply to client 'OK 2021-02-27_07-19-06,3708ffce-4246-4e9f-9bab-2f3e6282a5ff'
ptd-server 2021-02-27 07:19:06,737 [INFO] Got command from the client 'time'
ptd-server 2021-02-27 07:19:06,737 [INFO] Sending reply to client '1614410346.737901'
ptd-server 2021-02-27 07:19:06,738 [INFO] Got command from the client 'session,2021-02-27_07-19-06,start,ranging'
ptd-server 2021-02-27 07:19:06,739 [INFO] Running PTDaemon: ['/home/anton/projects/mlperf/power/inference_v1.0/ptd-linux-x86', '-l', 'ptd.log', '-p', '8888', '52', '/dev/usbtmc0']
ptd-server 2021-02-27 07:19:23,907 [INFO] Sending to ptd: 'Hello'
ptd-server 2021-02-27 07:19:23,908 [INFO] Reply from ptd: 'Hello, PTDaemon here!'
ptd-server 2021-02-27 07:19:23,908 [INFO] Sending to ptd: 'Identify'
ptd-server 2021-02-27 07:19:23,908 [INFO] Reply from ptd: 'YokogawaWT330E,1000,1,1,1,1,0,0,1,version=1.9.2-e8c7a49a-20201208,OS=Linux 5.8.0-43-generic #49~20.04.1-Ubuntu SMP Fri Feb 5 09:57:56 UTC 2021 x86_64,mode=power,1,1,1,0,0,no_cal_date,YOKOGAWA;WT333E;C3VD30030E;F1.04'
ptd-server 2021-02-27 07:19:23,908 [INFO] Connected to PTDaemon
ptd-server 2021-02-27 07:19:23,908 [INFO] Sending to ptd: 'RR'
ptd-server 2021-02-27 07:19:23,909 [INFO] Reply from ptd: 'Ranges,0,0.500000,0,300.000000'
ptd-server 2021-02-27 07:19:23,909 [INFO] Initial range for Amps is 0.500000 for Volts is 300.000000
ptd-server 2021-02-27 07:19:23,909 [INFO] Sending to ptd: 'SR,V,Auto'
ptd-server 2021-02-27 07:19:24,411 [INFO] Reply from ptd: 'Range V changed'
ptd-server 2021-02-27 07:19:24,411 [INFO] Sending to ptd: 'SR,A,Auto'
ptd-server 2021-02-27 07:19:24,914 [INFO] Reply from ptd: 'Range A changed'
ptd-server 2021-02-27 07:19:34,924 [INFO] Starting ranging mode
ptd-server 2021-02-27 07:19:34,924 [INFO] Sending to ptd: 'Go,1000,0,2021-02-27_07-19-06_ranging'
ptd-server 2021-02-27 07:19:34,925 [INFO] Reply from ptd: 'Starting untimed measurement, maximum 500000 samples at 1000ms with 0 rampup samples'
ptd-server 2021-02-27 07:19:34,925 [INFO] Sending reply to client 'OK'
ptd-server 2021-02-27 07:29:53,309 [INFO] Got command from the client 'session,2021-02-27_07-19-06,stop,ranging'
ptd-server 2021-02-27 07:30:03,319 [INFO] Sending to ptd: 'Stop'
ptd-server 2021-02-27 07:30:03,320 [INFO] Reply from ptd: 'Stopping untimed measurement'
ptd-server 2021-02-27 07:30:03,376 [INFO] Sending reply to client 'OK'
ptd-server 2021-02-27 07:30:03,415 [INFO] Got command from the client 'time'
ptd-server 2021-02-27 07:30:03,415 [INFO] Sending reply to client '1614411003.4156208'
ptd-server 2021-02-27 07:30:03,416 [INFO] Got command from the client 'session,2021-02-27_07-19-06,start,testing'
ptd-server 2021-02-27 07:30:03,417 [INFO] Sending to ptd: 'SR,V,251.350000'
ptd-server 2021-02-27 07:30:05,426 [INFO] Reply from ptd: 'Range V changed'
ptd-server 2021-02-27 07:30:05,426 [INFO] Sending to ptd: 'SR,A,0.178350'
ptd-server 2021-02-27 07:30:06,928 [INFO] Reply from ptd: 'Range A changed'
ptd-server 2021-02-27 07:30:16,938 [INFO] Starting testing mode
ptd-server 2021-02-27 07:30:16,938 [INFO] Sending to ptd: 'Go,1000,0,2021-02-27_07-19-06_testing'
ptd-server 2021-02-27 07:30:16,938 [INFO] Reply from ptd: 'Starting untimed measurement, maximum 500000 samples at 1000ms with 0 rampup samples'
ptd-server 2021-02-27 07:30:16,939 [INFO] Sending reply to client 'OK'
ptd-server 2021-02-27 07:40:35,397 [INFO] Got command from the client 'session,2021-02-27_07-19-06,stop,testing'
ptd-server 2021-02-27 07:40:45,408 [INFO] Sending to ptd: 'Stop'
ptd-server 2021-02-27 07:40:45,408 [INFO] Reply from ptd: 'Stopping untimed measurement'
ptd-server 2021-02-27 07:40:45,438 [INFO] Sending reply to client 'OK'
ptd-server 2021-02-27 07:40:45,441 [INFO] Got command from the client 'session,2021-02-27_07-19-06,upload,client.log'
ptd-server 2021-02-27 07:40:45,442 [INFO] Received '/home/anton/projects/mlperf/power-dev/output/2021-02-27_07-19-06client.log.tmp'
ptd-server 2021-02-27 07:40:45,442 [INFO] Removed '/home/anton/projects/mlperf/power-dev/output/2021-02-27_07-19-06client.log.tmp'
ptd-server 2021-02-27 07:40:45,442 [INFO] Sending reply to client 'OK'
ptd-server 2021-02-27 07:40:45,446 [INFO] Got command from the client 'session,2021-02-27_07-19-06,upload,client.json'
ptd-server 2021-02-27 07:40:45,446 [INFO] Received '/home/anton/projects/mlperf/power-dev/output/2021-02-27_07-19-06client.json.tmp'
ptd-server 2021-02-27 07:40:45,447 [INFO] Removed '/home/anton/projects/mlperf/power-dev/output/2021-02-27_07-19-06client.json.tmp'
ptd-server 2021-02-27 07:40:45,447 [INFO] Sending reply to client 'OK'
ptd-server 2021-02-27 07:40:45,448 [INFO] Got command from the client 'session,2021-02-27_07-19-06,done'
ptd-server 2021-02-27 07:40:45,448 [INFO] Sending to ptd: 'Stop'
ptd-server 2021-02-27 07:40:45,939 [INFO] Reply from ptd: 'Error: no measurement to stop'
ptd-server 2021-02-27 07:40:45,939 [INFO] Sending to ptd: 'SR,V,300.000000'
ptd-server 2021-02-27 07:40:47,440 [INFO] Reply from ptd: 'Range V changed'
ptd-server 2021-02-27 07:40:47,441 [INFO] Sending to ptd: 'SR,A,0.500000'
ptd-server 2021-02-27 07:40:48,942 [INFO] Reply from ptd: 'Range A changed'
ptd-server 2021-02-27 07:40:48,942 [INFO] Set initial values for Amps 0.500000 and Volts 300.000000
ptd-server 2021-02-27 07:40:48,942 [INFO] Stopping ptd...
