client 2021-03-17 08:38:56,879 [WARNING] Removing old loadgen logs directory '/work/build/power_logs_temp'
client 2021-03-17 08:38:56,884 [INFO] Sending command to the server: 'mlcommons/power client v3'
client 2021-03-17 08:38:56,885 [INFO] Got response: 'mlcommons/power server v3'
client 2021-03-17 08:38:56,885 [INFO] Sending command to the server: 'stop'
client 2021-03-17 08:38:56,886 [INFO] Got response: 'OK'
client 2021-03-17 08:38:56,886 [INFO] Synchronizing with the server and with ib-01.dc4-in.nvidia.com...
client 2021-03-17 08:38:57,090 [INFO] NTP:offset = -5.363 s, delay = 0.202 s 
client 2021-03-17 08:38:57,090 [WARNING] The time offset between the system time and ib-01.dc4-in.nvidia.com is more then 200 ms (-5363.330 ms)
client 2021-03-17 08:38:57,090 [INFO] Sending command to the server: 'set_ntp'
client 2021-03-17 08:38:58,302 [INFO] Got response: 'OK'
client 2021-03-17 08:38:58,302 [INFO] Synchronizing with ib-01.dc4-in.nvidia.com time using NTP...
client 2021-03-17 08:39:01,054 [INFO] Set system time at 2021-03-17 08:39:01.054788
client 2021-03-17 08:39:01,257 [INFO] NTP:offset = 0.000 s, delay = 0.201 s 
client 2021-03-17 08:39:01,257 [INFO] Sending command to the server: 'time'
client 2021-03-17 08:39:01,259 [INFO] Got response: '1615995541.249253'
client 2021-03-17 08:39:01,259 [INFO] The time difference between the client and the server is within range 8.543 ms..10.278 ms
client 2021-03-17 08:39:01,259 [INFO] Sending command to the server: 'new,,6ebf5976-a262-4431-8717-01f32bd6d02b'
client 2021-03-17 08:39:01,261 [INFO] Got response: 'OK 2021-03-17_08-39-01,86646340-08fa-4db7-8186-4a961bdc8b8f'
client 2021-03-17 08:39:01,261 [INFO] Session id is '2021-03-17_08-39-01'
client 2021-03-17 08:39:01,261 [INFO] Sources: {"sources": {"client.py": "d1e75cb4b26101220ebd242e584cf3ca5d8f1996", "lib/__init__.py": "da39a3ee5e6b4b0d3255bfef95601890afd80709", "lib/client.py": "d42bebf5b74cb6ff3997e2a6c68422afac111a28", "lib/common.py": "b0bad80d8fa328a7636027d4d66ff453f8dd7889", "lib/external/ntplib.py": "4da8f970656505a40483206ef2b5d3dd5e81711d", "lib/server.py": "2ed36471c7af565d6c8438b2134edad1d7ddf166", "lib/source_hashes.py": "4cedff274c661cb1504052018fd4f00dfbf624ef", "lib/summary.py": "0db15d783907aa92038281af4e465545c0648ddb", "lib/time_sync.py": "76051226ec89287839723352f4162aaa24e0546a", "server.py": "99e1310e3f76292aef1b8792ce6b8c82f1d44d8b", "tests/unit/test_server.py": "64f11775bfed35232a0e8bb9593c0ff992432c59", "tests/unit/test_source_hashes.py": "cb41a7261eaf7d94ba5c0aae9c523174f6204be3"}, "modules": {"__main__": "client.py", "lib.client": "lib/client.py", "lib.common": "lib/common.py", "lib.external.ntplib": "lib/external/ntplib.py", "lib.source_hashes": "lib/source_hashes.py", "lib.summary": "lib/summary.py", "lib.time_sync": "lib/time_sync.py"}}
client 2021-03-17 08:39:01,263 [INFO] Running workload in ranging mode
client 2021-03-17 08:39:01,263 [INFO] Synchronizing with the server and with ib-01.dc4-in.nvidia.com...
client 2021-03-17 08:39:01,465 [INFO] NTP:offset = 0.000 s, delay = 0.202 s 
client 2021-03-17 08:39:01,465 [INFO] Sending command to the server: 'time'
client 2021-03-17 08:39:01,467 [INFO] Got response: '1615995541.4523234'
client 2021-03-17 08:39:01,467 [INFO] The time difference between the client and the server is within range 13.509 ms..14.886 ms
client 2021-03-17 08:39:01,467 [INFO] Sending command to the server: 'session,2021-03-17_08-39-01,start,ranging'
client 2021-03-17 08:39:30,495 [INFO] Got response: 'OK'
client 2021-03-17 08:39:30,495 [INFO] Running the workload 'LOG_DIR=/work/build/power_logs_temp python3 code/main.py --benchmarks=bert --scenarios=Server --config_ver=maxq_high_accuracy --action="run_harness" \\\n\t\t&& cp -v /work/build/power_logs_temp/*/*/*/mlperf_log_detail.txt /work/build/power_logs_temp/ \\\n\t\t&& cp -v /work/build/power_logs_temp/*/*/*/mlperf_log_summary.txt /work/build/power_logs_temp/'
client 2021-03-17 08:50:14,219 [INFO] Sending command to the server: 'session,2021-03-17_08-39-01,stop,ranging'
client 2021-03-17 08:50:24,501 [INFO] Got response: 'OK'
client 2021-03-17 08:50:24,507 [INFO] Packing logs into zip and uploading to the server
client 2021-03-17 08:50:24,529 [INFO] Zip file size: 63.4 kB
client 2021-03-17 08:50:24,550 [INFO] Got response: 'OK'
client 2021-03-17 08:50:24,550 [INFO] Running workload in testing mode
client 2021-03-17 08:50:24,550 [INFO] Synchronizing with the server and with ib-01.dc4-in.nvidia.com...
client 2021-03-17 08:50:24,753 [INFO] NTP:offset = -0.014 s, delay = 0.202 s 
client 2021-03-17 08:50:24,753 [INFO] Sending command to the server: 'time'
client 2021-03-17 08:50:24,755 [INFO] Got response: '1615996224.7417846'
client 2021-03-17 08:50:24,755 [INFO] The time difference between the client and the server is within range 11.933 ms..13.484 ms
client 2021-03-17 08:50:24,755 [INFO] Sending command to the server: 'session,2021-03-17_08-39-01,start,testing'
client 2021-03-17 08:50:37,825 [INFO] Got response: 'OK'
client 2021-03-17 08:50:37,825 [INFO] Running the workload 'LOG_DIR=/work/build/power_logs_temp python3 code/main.py --benchmarks=bert --scenarios=Server --config_ver=maxq_high_accuracy --action="run_harness" \\\n\t\t&& cp -v /work/build/power_logs_temp/*/*/*/mlperf_log_detail.txt /work/build/power_logs_temp/ \\\n\t\t&& cp -v /work/build/power_logs_temp/*/*/*/mlperf_log_summary.txt /work/build/power_logs_temp/'
client 2021-03-17 09:01:13,546 [INFO] Sending command to the server: 'session,2021-03-17_08-39-01,stop,testing'
client 2021-03-17 09:01:23,683 [INFO] Got response: 'OK'
client 2021-03-17 09:01:23,688 [INFO] Packing logs into zip and uploading to the server
client 2021-03-17 09:01:23,711 [INFO] Zip file size: 63.4 kB
client 2021-03-17 09:01:23,731 [INFO] Got response: 'OK'
client 2021-03-17 09:01:23,731 [INFO] Done runs
