ptd-server 2021-03-17 08:38:51,611 [INFO] Got command from the client 'stop'
ptd-server 2021-03-17 08:38:51,611 [INFO] The server will be stopped after processing this client
ptd-server 2021-03-17 08:38:51,611 [INFO] Sending reply to client 'OK'
ptd-server 2021-03-17 08:38:51,814 [INFO] Got command from the client 'set_ntp'
ptd-server 2021-03-17 08:38:51,814 [INFO] Synchronizing with ib-01.dc4-in.nvidia.com time using NTP...
ptd-server 2021-03-17 08:38:52,938 [INFO] Set system time at 2021-03-17 08:38:52.938771
ptd-server 2021-03-17 08:38:52,938 [INFO] Sending reply to client 'OK'
ptd-server 2021-03-17 08:39:01,249 [INFO] Got command from the client 'time'
ptd-server 2021-03-17 08:39:01,249 [INFO] Sending reply to client '1615995541.249253'
ptd-server 2021-03-17 08:39:01,249 [INFO] Got command from the client 'new,,6ebf5976-a262-4431-8717-01f32bd6d02b'
ptd-server 2021-03-17 08:39:01,249 [INFO] Sending reply to client 'OK 2021-03-17_08-39-01,86646340-08fa-4db7-8186-4a961bdc8b8f'
ptd-server 2021-03-17 08:39:01,452 [INFO] Got command from the client 'time'
ptd-server 2021-03-17 08:39:01,452 [INFO] Sending reply to client '1615995541.4523234'
ptd-server 2021-03-17 08:39:01,467 [INFO] Got command from the client 'session,2021-03-17_08-39-01,start,ranging'
ptd-server 2021-03-17 08:39:01,577 [INFO] Running PTDaemon: ['C:\\PTD\\ptd-windows-x86.exe', '-l', 'C:\\logs_ptdeamon.txt', '-p', '8888', '-c', '1', '-y', '52', '172.18.220.100']
ptd-server 2021-03-17 08:39:19,449 [INFO] Sending to ptd: 'Hello'
ptd-server 2021-03-17 08:39:19,449 [INFO] Reply from ptd: 'Hello, PTDaemon here!'
ptd-server 2021-03-17 08:39:19,449 [INFO] Sending to ptd: 'Identify'
ptd-server 2021-03-17 08:39:19,449 [INFO] Reply from ptd: 'YokogawaWT330E,1000,1,1,1,1,0,0,1,version=1.9.2-3976349f-20201208,OS=Windows 8 / Server 2012,mode=power,1,1,1,0,0,no_cal_date,YOKOGAWA;WT333E;C2WC23035V;F1.04'
ptd-server 2021-03-17 08:39:19,449 [INFO] Connected to PTDaemon
ptd-server 2021-03-17 08:39:19,449 [INFO] Sending to ptd: 'RR'
ptd-server 2021-03-17 08:39:19,449 [INFO] Reply from ptd: 'Ranges,1,5.000000,1,300.000000'
ptd-server 2021-03-17 08:39:19,449 [INFO] Initial range for Amps is Auto for Volts is Auto
ptd-server 2021-03-17 08:39:19,449 [INFO] Sending to ptd: 'SR,V,Auto'
ptd-server 2021-03-17 08:39:19,964 [INFO] Reply from ptd: 'Range V changed'
ptd-server 2021-03-17 08:39:19,964 [INFO] Sending to ptd: 'SR,A,Auto'
ptd-server 2021-03-17 08:39:20,480 [INFO] Reply from ptd: 'Range A changed'
ptd-server 2021-03-17 08:39:30,493 [INFO] Starting ranging mode
ptd-server 2021-03-17 08:39:30,493 [INFO] Sending to ptd: 'Go,1000,0,2021-03-17_08-39-01_ranging'
ptd-server 2021-03-17 08:39:30,493 [INFO] Reply from ptd: 'Starting untimed measurement, maximum 500000 samples at 1000ms with 0 rampup samples'
ptd-server 2021-03-17 08:39:30,493 [INFO] Sending reply to client 'OK'
ptd-server 2021-03-17 08:50:14,213 [INFO] Got command from the client 'session,2021-03-17_08-39-01,stop,ranging'
ptd-server 2021-03-17 08:50:24,226 [INFO] Sending to ptd: 'Stop'
ptd-server 2021-03-17 08:50:24,226 [INFO] Reply from ptd: 'Stopping untimed measurement'
ptd-server 2021-03-17 08:50:24,491 [INFO] Sending reply to client 'OK'
ptd-server 2021-03-17 08:50:24,523 [INFO] Got command from the client 'session,2021-03-17_08-39-01,upload,ranging'
ptd-server 2021-03-17 08:50:24,523 [INFO] Received 'C:\\ptd-logs\\2021-03-17_08-39-01ranging.tmp'
ptd-server 2021-03-17 08:50:24,538 [INFO] Extracted 'C:\\ptd-logs\\2021-03-17_08-39-01ranging.tmp' into 'C:\\ptd-logs\\2021-03-17_08-39-01\\ranging'
ptd-server 2021-03-17 08:50:24,538 [INFO] Removed 'C:\\ptd-logs\\2021-03-17_08-39-01ranging.tmp'
ptd-server 2021-03-17 08:50:24,538 [INFO] Sending reply to client 'OK'
ptd-server 2021-03-17 08:50:24,741 [INFO] Got command from the client 'time'
ptd-server 2021-03-17 08:50:24,741 [INFO] Sending reply to client '1615996224.7417846'
ptd-server 2021-03-17 08:50:24,741 [INFO] Got command from the client 'session,2021-03-17_08-39-01,start,testing'
ptd-server 2021-03-17 08:50:24,741 [INFO] Sending to ptd: 'SR,V,206.620000'
ptd-server 2021-03-17 08:50:26,272 [INFO] Reply from ptd: 'Range V changed'
ptd-server 2021-03-17 08:50:26,272 [INFO] Sending to ptd: 'SR,A,6.380100'
ptd-server 2021-03-17 08:50:27,803 [INFO] Reply from ptd: 'Range A changed'
ptd-server 2021-03-17 08:50:37,816 [INFO] Starting testing mode
ptd-server 2021-03-17 08:50:37,816 [INFO] Sending to ptd: 'Go,1000,0,2021-03-17_08-39-01_testing'
ptd-server 2021-03-17 08:50:37,816 [INFO] Reply from ptd: 'Starting untimed measurement, maximum 500000 samples at 1000ms with 0 rampup samples'
ptd-server 2021-03-17 08:50:37,816 [INFO] Sending reply to client 'OK'
ptd-server 2021-03-17 09:01:13,521 [INFO] Got command from the client 'session,2021-03-17_08-39-01,stop,testing'
ptd-server 2021-03-17 09:01:23,534 [INFO] Sending to ptd: 'Stop'
ptd-server 2021-03-17 09:01:23,534 [INFO] Reply from ptd: 'Stopping untimed measurement'
ptd-server 2021-03-17 09:01:23,659 [INFO] Sending reply to client 'OK'
ptd-server 2021-03-17 09:01:23,690 [INFO] Got command from the client 'session,2021-03-17_08-39-01,upload,testing'
ptd-server 2021-03-17 09:01:23,690 [INFO] Received 'C:\\ptd-logs\\2021-03-17_08-39-01testing.tmp'
ptd-server 2021-03-17 09:01:23,706 [INFO] Extracted 'C:\\ptd-logs\\2021-03-17_08-39-01testing.tmp' into 'C:\\ptd-logs\\2021-03-17_08-39-01\\run_1'
ptd-server 2021-03-17 09:01:23,706 [INFO] Removed 'C:\\ptd-logs\\2021-03-17_08-39-01testing.tmp'
ptd-server 2021-03-17 09:01:23,706 [INFO] Sending reply to client 'OK'
ptd-server 2021-03-17 09:01:23,721 [INFO] Got command from the client 'session,2021-03-17_08-39-01,upload,client.log'
ptd-server 2021-03-17 09:01:23,721 [INFO] Received 'C:\\ptd-logs\\2021-03-17_08-39-01client.log.tmp'
ptd-server 2021-03-17 09:01:23,721 [INFO] Removed 'C:\\ptd-logs\\2021-03-17_08-39-01client.log.tmp'
ptd-server 2021-03-17 09:01:23,721 [INFO] Sending reply to client 'OK'
ptd-server 2021-03-17 09:01:23,737 [INFO] Got command from the client 'session,2021-03-17_08-39-01,upload,client.json'
ptd-server 2021-03-17 09:01:23,737 [INFO] Received 'C:\\ptd-logs\\2021-03-17_08-39-01client.json.tmp'
ptd-server 2021-03-17 09:01:23,753 [INFO] Removed 'C:\\ptd-logs\\2021-03-17_08-39-01client.json.tmp'
ptd-server 2021-03-17 09:01:23,753 [INFO] Sending reply to client 'OK'
ptd-server 2021-03-17 09:01:23,753 [INFO] Got command from the client 'session,2021-03-17_08-39-01,done'
ptd-server 2021-03-17 09:01:23,753 [INFO] Sending to ptd: 'Stop'
ptd-server 2021-03-17 09:01:23,831 [INFO] Reply from ptd: 'Error: no measurement to stop'
ptd-server 2021-03-17 09:01:23,831 [INFO] Sending to ptd: 'SR,V,Auto'
ptd-server 2021-03-17 09:01:24,346 [INFO] Reply from ptd: 'Range V changed'
ptd-server 2021-03-17 09:01:24,346 [INFO] Sending to ptd: 'SR,A,Auto'
ptd-server 2021-03-17 09:01:24,862 [INFO] Reply from ptd: 'Range A changed'
ptd-server 2021-03-17 09:01:24,862 [INFO] Set initial values for Amps Auto and Volts Auto
ptd-server 2021-03-17 09:01:24,862 [INFO] Stopping ptd...
