ptd-server 2021-03-09 23:38:36,713 [INFO] Got command from the client 'time'
ptd-server 2021-03-09 23:38:36,713 [INFO] Sending reply to client '1615333116.713895'
ptd-server 2021-03-09 23:38:36,715 [INFO] Got command from the client 'new,,d8c04cc0-94b7-4f5f-b592-c283b3b16783'
ptd-server 2021-03-09 23:38:36,716 [INFO] Sending reply to client 'OK 2021-03-09_23-38-36,bfa34113-4b1b-491d-9321-c1438f6ccf72'
ptd-server 2021-03-09 23:38:36,753 [INFO] Got command from the client 'time'
ptd-server 2021-03-09 23:38:36,753 [INFO] Sending reply to client '1615333116.7537887'
ptd-server 2021-03-09 23:38:36,755 [INFO] Got command from the client 'session,2021-03-09_23-38-36,start,ranging'
ptd-server 2021-03-09 23:38:36,756 [INFO] Running PTDaemon: ['/home/anton/projects/mlperf/power/inference_v1.0/ptd-linux-x86', '-l', 'ptd.log', '-p', '8888', '52', '/dev/usbtmc0']
ptd-server 2021-03-09 23:38:53,928 [INFO] Sending to ptd: 'Hello'
ptd-server 2021-03-09 23:38:53,929 [INFO] Reply from ptd: 'Hello, PTDaemon here!'
ptd-server 2021-03-09 23:38:53,929 [INFO] Sending to ptd: 'Identify'
ptd-server 2021-03-09 23:38:53,929 [INFO] Reply from ptd: 'YokogawaWT330E,1000,1,1,1,1,0,0,1,version=1.9.2-e8c7a49a-20201208,OS=Linux 5.8.0-43-generic #49~20.04.1-Ubuntu SMP Fri Feb 5 09:57:56 UTC 2021 x86_64,mode=power,1,1,1,0,0,no_cal_date,YOKOGAWA;WT333E;C3VD30030E;F1.04'
ptd-server 2021-03-09 23:38:53,929 [INFO] Connected to PTDaemon
ptd-server 2021-03-09 23:38:53,930 [INFO] Sending to ptd: 'RR'
ptd-server 2021-03-09 23:38:53,930 [INFO] Reply from ptd: 'Ranges,0,0.500000,0,300.000000'
ptd-server 2021-03-09 23:38:53,930 [INFO] Initial range for Amps is 0.500000 for Volts is 300.000000
ptd-server 2021-03-09 23:38:53,930 [INFO] Sending to ptd: 'SR,V,Auto'
ptd-server 2021-03-09 23:38:54,433 [INFO] Reply from ptd: 'Range V changed'
ptd-server 2021-03-09 23:38:54,433 [INFO] Sending to ptd: 'SR,A,Auto'
ptd-server 2021-03-09 23:38:54,935 [INFO] Reply from ptd: 'Range A changed'
ptd-server 2021-03-09 23:39:04,946 [INFO] Starting ranging mode
ptd-server 2021-03-09 23:39:04,946 [INFO] Sending to ptd: 'Go,1000,0,2021-03-09_23-38-36_ranging'
ptd-server 2021-03-09 23:39:04,946 [INFO] Reply from ptd: 'Starting untimed measurement, maximum 500000 samples at 1000ms with 0 rampup samples'
ptd-server 2021-03-09 23:39:04,946 [INFO] Sending reply to client 'OK'
ptd-server 2021-03-09 23:49:20,350 [INFO] Got command from the client 'session,2021-03-09_23-38-36,stop,ranging'
ptd-server 2021-03-09 23:49:30,360 [INFO] Sending to ptd: 'Stop'
ptd-server 2021-03-09 23:49:30,361 [INFO] Reply from ptd: 'Stopping untimed measurement'
ptd-server 2021-03-09 23:49:31,245 [INFO] Sending reply to client 'OK'
ptd-server 2021-03-09 23:49:31,292 [INFO] Got command from the client 'time'
ptd-server 2021-03-09 23:49:31,292 [INFO] Sending reply to client '1615333771.292675'
ptd-server 2021-03-09 23:49:31,295 [INFO] Got command from the client 'session,2021-03-09_23-38-36,start,testing'
ptd-server 2021-03-09 23:49:31,295 [INFO] Sending to ptd: 'SR,V,249.470000'
ptd-server 2021-03-09 23:49:32,796 [INFO] Reply from ptd: 'Range V changed'
ptd-server 2021-03-09 23:49:32,796 [INFO] Sending to ptd: 'SR,A,0.137070'
ptd-server 2021-03-09 23:49:34,298 [INFO] Reply from ptd: 'Range A changed'
ptd-server 2021-03-09 23:49:44,308 [INFO] Starting testing mode
ptd-server 2021-03-09 23:49:44,308 [INFO] Sending to ptd: 'Go,1000,0,2021-03-09_23-38-36_testing'
ptd-server 2021-03-09 23:49:44,309 [INFO] Reply from ptd: 'Starting untimed measurement, maximum 500000 samples at 1000ms with 0 rampup samples'
ptd-server 2021-03-09 23:49:44,309 [INFO] Sending reply to client 'OK'
ptd-server 2021-03-09 23:59:59,584 [INFO] Got command from the client 'session,2021-03-09_23-38-36,stop,testing'
ptd-server 2021-03-10 00:00:09,595 [INFO] Sending to ptd: 'Stop'
ptd-server 2021-03-10 00:00:09,595 [INFO] Reply from ptd: 'Stopping untimed measurement'
ptd-server 2021-03-10 00:00:10,003 [INFO] Sending reply to client 'OK'
ptd-server 2021-03-10 00:00:10,010 [INFO] Got command from the client 'session,2021-03-09_23-38-36,upload,client.log'
ptd-server 2021-03-10 00:00:10,011 [INFO] Received '/home/anton/projects/mlperf/power-dev/output/2021-03-09_23-38-36client.log.tmp'
ptd-server 2021-03-10 00:00:10,011 [INFO] Removed '/home/anton/projects/mlperf/power-dev/output/2021-03-09_23-38-36client.log.tmp'
ptd-server 2021-03-10 00:00:10,011 [INFO] Sending reply to client 'OK'
ptd-server 2021-03-10 00:00:10,015 [INFO] Got command from the client 'session,2021-03-09_23-38-36,upload,client.json'
ptd-server 2021-03-10 00:00:10,016 [INFO] Received '/home/anton/projects/mlperf/power-dev/output/2021-03-09_23-38-36client.json.tmp'
ptd-server 2021-03-10 00:00:10,016 [INFO] Removed '/home/anton/projects/mlperf/power-dev/output/2021-03-09_23-38-36client.json.tmp'
ptd-server 2021-03-10 00:00:10,016 [INFO] Sending reply to client 'OK'
ptd-server 2021-03-10 00:00:10,017 [INFO] Got command from the client 'session,2021-03-09_23-38-36,done'
ptd-server 2021-03-10 00:00:10,017 [INFO] Sending to ptd: 'Stop'
ptd-server 2021-03-10 00:00:10,309 [INFO] Reply from ptd: 'Error: no measurement to stop'
ptd-server 2021-03-10 00:00:10,309 [INFO] Sending to ptd: 'SR,V,300.000000'
ptd-server 2021-03-10 00:00:11,811 [INFO] Reply from ptd: 'Range V changed'
ptd-server 2021-03-10 00:00:11,811 [INFO] Sending to ptd: 'SR,A,0.500000'
ptd-server 2021-03-10 00:00:13,312 [INFO] Reply from ptd: 'Range A changed'
ptd-server 2021-03-10 00:00:13,312 [INFO] Set initial values for Amps 0.500000 and Volts 300.000000
ptd-server 2021-03-10 00:00:13,313 [INFO] Stopping ptd...
