client 2021-03-05 16:19:25,672 [INFO] Sending command to the server: 'mlcommons/power client v3'
client 2021-03-05 16:19:25,675 [INFO] Got response: 'mlcommons/power server v3'
client 2021-03-05 16:19:25,675 [INFO] Synchronizing with the server and with time.google.com...
client 2021-03-05 16:19:25,712 [INFO] NTP:offset = -0.002 s, delay = 0.029 s 
client 2021-03-05 16:19:25,713 [INFO] Sending command to the server: 'time'
client 2021-03-05 16:19:25,715 [INFO] Got response: '1614961165.712163'
client 2021-03-05 16:19:25,715 [INFO] The time difference between the client and the server is within range 0.819 ms..3.322 ms
client 2021-03-05 16:19:25,715 [INFO] Sending command to the server: 'new,,c3a71cc0-0995-4d28-b4ee-330f3a774ce8'
client 2021-03-05 16:19:25,718 [INFO] Got response: 'OK 2021-03-05_16-19-25,f01b39ba-3093-4ba4-8419-ba5ccd780e0d'
client 2021-03-05 16:19:25,718 [INFO] Session id is '2021-03-05_16-19-25'
client 2021-03-05 16:19:25,718 [INFO] Sources: {"sources": {"client.py": "d1e75cb4b26101220ebd242e584cf3ca5d8f1996", "lib/__init__.py": "da39a3ee5e6b4b0d3255bfef95601890afd80709", "lib/client.py": "d42bebf5b74cb6ff3997e2a6c68422afac111a28", "lib/common.py": "b0bad80d8fa328a7636027d4d66ff453f8dd7889", "lib/external/ntplib.py": "4da8f970656505a40483206ef2b5d3dd5e81711d", "lib/server.py": "2ed36471c7af565d6c8438b2134edad1d7ddf166", "lib/source_hashes.py": "4cedff274c661cb1504052018fd4f00dfbf624ef", "lib/summary.py": "0db15d783907aa92038281af4e465545c0648ddb", "lib/time_sync.py": "76051226ec89287839723352f4162aaa24e0546a", "server.py": "99e1310e3f76292aef1b8792ce6b8c82f1d44d8b", "tests/unit/test_server.py": "64f11775bfed35232a0e8bb9593c0ff992432c59", "tests/unit/test_source_hashes.py": "cb41a7261eaf7d94ba5c0aae9c523174f6204be3"}, "modules": {"__main__": "client.py", "lib.client": "lib/client.py", "lib.common": "lib/common.py", "lib.external.ntplib": "lib/external/ntplib.py", "lib.source_hashes": "lib/source_hashes.py", "lib.summary": "lib/summary.py", "lib.time_sync": "lib/time_sync.py"}}
client 2021-03-05 16:19:25,719 [INFO] Running workload in ranging mode
client 2021-03-05 16:19:25,719 [INFO] Synchronizing with the server and with time.google.com...
client 2021-03-05 16:19:25,754 [INFO] NTP:offset = -0.003 s, delay = 0.033 s 
client 2021-03-05 16:19:25,755 [INFO] Sending command to the server: 'time'
client 2021-03-05 16:19:25,757 [INFO] Got response: '1614961165.754492'
client 2021-03-05 16:19:25,757 [INFO] The time difference between the client and the server is within range 0.739 ms..3.353 ms
client 2021-03-05 16:19:25,758 [INFO] Sending command to the server: 'session,2021-03-05_16-19-25,start,ranging'
client 2021-03-05 16:19:53,948 [INFO] Got response: 'OK'
client 2021-03-05 16:19:53,949 [INFO] Running the workload 'ck benchmark program:image-classification-tflite-loadgen --env.CK_SILENT_MODE=YES --skip_print_timers --dep_add_tags.compiler=gcc,v9 --dep_add_tags.python=v3 --dep_add_tags.mlperf-inference-src=r1.0 --dep_add_tags.weights=mobilenet,v2-0.35-192,quantized --dep_add_tags.images=crop.875,preprocessed,using-opencv --dep_add_tags.library=tflite,v2.4.1,with.ruy --env.CK_LOADGEN_DATASET_SIZE=1024 --env.CK_LOADGEN_MODE=PerformanceOnly --env.CK_LOADGEN_SCENARIO=SingleStream --env.CK_FAN_MODE=on --env.CK_LOADGEN_TARGET_LATENCY=$CK_LOADGEN_TARGET_LATENCY --skip_stat_analysis --process_multi_keys --repetitions=1 --record --record_repo=local --record_uoa=mlperf-open-rpi4coral-tflite-v2.4.1-ruy-mobilenet-v2-0.35-192-quantized-singlestream-performance-target_latency.$CK_LOADGEN_TARGET_LATENCY-fan_mode.on-power.workload --tags=mlperf,division.open,task.image-classification,platform.rpi4coral,scenario.singlestream,mode.performance,workload.mobilenet-v2-0.35-192-quantized,preprocessed_using.opencv,inference_engine.tflite,inference_engine_version.v2.4.1,inference_engine_backend.ruy,fan_mode.on,target_latency.$CK_LOADGEN_TARGET_LATENCY,power.workload "@@@{\'meta\': {\'ck_benchmark_program\': \'ck benchmark program:image-classification-tflite-loadgen --env.CK_SILENT_MODE=YES --skip_print_timers --dep_add_tags.compiler=gcc,v9 --dep_add_tags.python=v3 --dep_add_tags.mlperf-inference-src=r1.0 --dep_add_tags.weights=mobilenet,v2-0.35-192,quantized --dep_add_tags.images=crop.875,preprocessed,using-opencv --dep_add_tags.library=tflite,v2.4.1,with.ruy --env.CK_LOADGEN_DATASET_SIZE=1024 --env.CK_LOADGEN_MODE=PerformanceOnly --env.CK_LOADGEN_SCENARIO=SingleStream --env.CK_FAN_MODE=on --env.CK_LOADGEN_TARGET_LATENCY=$CK_LOADGEN_TARGET_LATENCY --skip_stat_analysis --process_multi_keys --repetitions=1 --record --record_repo=local --record_uoa=mlperf-open-rpi4coral-tflite-v2.4.1-ruy-mobilenet-v2-0.35-192-quantized-singlestream-performance-target_latency.$CK_LOADGEN_TARGET_LATENCY-fan_mode.on-power.workload --tags=mlperf,division.open,task.image-classification,platform.rpi4coral,scenario.singlestream,mode.performance,workload.mobilenet-v2-0.35-192-quantized,preprocessed_using.opencv,inference_engine.tflite,inference_engine_version.v2.4.1,inference_engine_backend.ruy,fan_mode.on,target_latency.$CK_LOADGEN_TARGET_LATENCY,power.workload\'}}"  && mkdir -p "$CK_MLPERF_POWER_CLIENT_LOADGEN_LOGS" && cp "$CK_MLPERF_POWER_CLIENT_LOADGEN_LOGS"/../mlperf_log_* "$CK_MLPERF_POWER_CLIENT_LOADGEN_LOGS"/'
client 2021-03-05 16:30:26,073 [INFO] Sending command to the server: 'session,2021-03-05_16-19-25,stop,ranging'
client 2021-03-05 16:30:36,429 [INFO] Got response: 'OK'
client 2021-03-05 16:30:36,431 [INFO] Running workload in testing mode
client 2021-03-05 16:30:36,432 [INFO] Synchronizing with the server and with time.google.com...
client 2021-03-05 16:30:36,477 [INFO] NTP:offset = 0.003 s, delay = 0.038 s 
client 2021-03-05 16:30:36,477 [INFO] Sending command to the server: 'time'
client 2021-03-05 16:30:36,480 [INFO] Got response: '1614961836.4835389'
client 2021-03-05 16:30:36,480 [INFO] The time difference between the client and the server is within range -6.088 ms..-2.802 ms
client 2021-03-05 16:30:36,481 [INFO] Sending command to the server: 'session,2021-03-05_16-19-25,start,testing'
client 2021-03-05 16:30:49,956 [INFO] Got response: 'OK'
client 2021-03-05 16:30:49,956 [INFO] Running the workload 'ck benchmark program:image-classification-tflite-loadgen --env.CK_SILENT_MODE=YES --skip_print_timers --dep_add_tags.compiler=gcc,v9 --dep_add_tags.python=v3 --dep_add_tags.mlperf-inference-src=r1.0 --dep_add_tags.weights=mobilenet,v2-0.35-192,quantized --dep_add_tags.images=crop.875,preprocessed,using-opencv --dep_add_tags.library=tflite,v2.4.1,with.ruy --env.CK_LOADGEN_DATASET_SIZE=1024 --env.CK_LOADGEN_MODE=PerformanceOnly --env.CK_LOADGEN_SCENARIO=SingleStream --env.CK_FAN_MODE=on --env.CK_LOADGEN_TARGET_LATENCY=$CK_LOADGEN_TARGET_LATENCY --skip_stat_analysis --process_multi_keys --repetitions=1 --record --record_repo=local --record_uoa=mlperf-open-rpi4coral-tflite-v2.4.1-ruy-mobilenet-v2-0.35-192-quantized-singlestream-performance-target_latency.$CK_LOADGEN_TARGET_LATENCY-fan_mode.on-power.workload --tags=mlperf,division.open,task.image-classification,platform.rpi4coral,scenario.singlestream,mode.performance,workload.mobilenet-v2-0.35-192-quantized,preprocessed_using.opencv,inference_engine.tflite,inference_engine_version.v2.4.1,inference_engine_backend.ruy,fan_mode.on,target_latency.$CK_LOADGEN_TARGET_LATENCY,power.workload "@@@{\'meta\': {\'ck_benchmark_program\': \'ck benchmark program:image-classification-tflite-loadgen --env.CK_SILENT_MODE=YES --skip_print_timers --dep_add_tags.compiler=gcc,v9 --dep_add_tags.python=v3 --dep_add_tags.mlperf-inference-src=r1.0 --dep_add_tags.weights=mobilenet,v2-0.35-192,quantized --dep_add_tags.images=crop.875,preprocessed,using-opencv --dep_add_tags.library=tflite,v2.4.1,with.ruy --env.CK_LOADGEN_DATASET_SIZE=1024 --env.CK_LOADGEN_MODE=PerformanceOnly --env.CK_LOADGEN_SCENARIO=SingleStream --env.CK_FAN_MODE=on --env.CK_LOADGEN_TARGET_LATENCY=$CK_LOADGEN_TARGET_LATENCY --skip_stat_analysis --process_multi_keys --repetitions=1 --record --record_repo=local --record_uoa=mlperf-open-rpi4coral-tflite-v2.4.1-ruy-mobilenet-v2-0.35-192-quantized-singlestream-performance-target_latency.$CK_LOADGEN_TARGET_LATENCY-fan_mode.on-power.workload --tags=mlperf,division.open,task.image-classification,platform.rpi4coral,scenario.singlestream,mode.performance,workload.mobilenet-v2-0.35-192-quantized,preprocessed_using.opencv,inference_engine.tflite,inference_engine_version.v2.4.1,inference_engine_backend.ruy,fan_mode.on,target_latency.$CK_LOADGEN_TARGET_LATENCY,power.workload\'}}"  && mkdir -p "$CK_MLPERF_POWER_CLIENT_LOADGEN_LOGS" && cp "$CK_MLPERF_POWER_CLIENT_LOADGEN_LOGS"/../mlperf_log_* "$CK_MLPERF_POWER_CLIENT_LOADGEN_LOGS"/'
client 2021-03-05 16:41:26,807 [INFO] Sending command to the server: 'session,2021-03-05_16-19-25,stop,testing'
client 2021-03-05 16:41:37,011 [INFO] Got response: 'OK'
client 2021-03-05 16:41:37,013 [INFO] Done runs
