client 2021-03-17 00:16:06,872 [WARNING] Removing old loadgen logs directory '/work/build/power_logs_temp'
client 2021-03-17 00:16:06,876 [INFO] Sending command to the server: 'mlcommons/power client v3'
client 2021-03-17 00:16:06,877 [INFO] Got response: 'mlcommons/power server v3'
client 2021-03-17 00:16:06,877 [INFO] Sending command to the server: 'stop'
client 2021-03-17 00:16:06,879 [INFO] Got response: 'OK'
client 2021-03-17 00:16:06,879 [INFO] Synchronizing with the server and with ib-01.dc4-in.nvidia.com...
client 2021-03-17 00:16:07,082 [INFO] NTP:offset = 0.007 s, delay = 0.202 s 
client 2021-03-17 00:16:07,082 [INFO] Sending command to the server: 'time'
client 2021-03-17 00:16:07,084 [INFO] Got response: '1615965367.0982084'
client 2021-03-17 00:16:07,084 [INFO] The time difference between the client and the server is within range -15.296 ms..-13.633 ms
client 2021-03-17 00:16:07,084 [INFO] Sending command to the server: 'new,,0a33f5a4-e2fb-462e-a571-4a70f657bf2a'
client 2021-03-17 00:16:07,086 [INFO] Got response: 'OK 2021-03-17_00-16-07,90a53219-dfe6-4c1f-af59-955dc9890cd3'
client 2021-03-17 00:16:07,086 [INFO] Session id is '2021-03-17_00-16-07'
client 2021-03-17 00:16:07,086 [INFO] Sources: {"sources": {"client.py": "d1e75cb4b26101220ebd242e584cf3ca5d8f1996", "lib/__init__.py": "da39a3ee5e6b4b0d3255bfef95601890afd80709", "lib/client.py": "d42bebf5b74cb6ff3997e2a6c68422afac111a28", "lib/common.py": "b0bad80d8fa328a7636027d4d66ff453f8dd7889", "lib/external/ntplib.py": "4da8f970656505a40483206ef2b5d3dd5e81711d", "lib/server.py": "2ed36471c7af565d6c8438b2134edad1d7ddf166", "lib/source_hashes.py": "4cedff274c661cb1504052018fd4f00dfbf624ef", "lib/summary.py": "0db15d783907aa92038281af4e465545c0648ddb", "lib/time_sync.py": "76051226ec89287839723352f4162aaa24e0546a", "server.py": "99e1310e3f76292aef1b8792ce6b8c82f1d44d8b", "tests/unit/test_server.py": "64f11775bfed35232a0e8bb9593c0ff992432c59", "tests/unit/test_source_hashes.py": "cb41a7261eaf7d94ba5c0aae9c523174f6204be3"}, "modules": {"__main__": "client.py", "lib.client": "lib/client.py", "lib.common": "lib/common.py", "lib.external.ntplib": "lib/external/ntplib.py", "lib.source_hashes": "lib/source_hashes.py", "lib.summary": "lib/summary.py", "lib.time_sync": "lib/time_sync.py"}}
client 2021-03-17 00:16:07,088 [INFO] Running workload in ranging mode
client 2021-03-17 00:16:07,088 [INFO] Synchronizing with the server and with ib-01.dc4-in.nvidia.com...
client 2021-03-17 00:16:07,298 [INFO] NTP:offset = 0.011 s, delay = 0.209 s 
client 2021-03-17 00:16:07,299 [INFO] Sending command to the server: 'time'
client 2021-03-17 00:16:07,300 [INFO] Got response: '1615965367.3169158'
client 2021-03-17 00:16:07,300 [INFO] The time difference between the client and the server is within range -17.903 ms..-16.296 ms
client 2021-03-17 00:16:07,300 [INFO] Sending command to the server: 'session,2021-03-17_00-16-07,start,ranging'
client 2021-03-17 00:16:36,286 [INFO] Got response: 'OK'
client 2021-03-17 00:16:36,286 [INFO] Running the workload 'LOG_DIR=/work/build/power_logs_temp python3 code/main.py --benchmarks=bert --scenarios=Server --config_ver=maxq --action="run_harness" \\\n\t\t&& cp -v /work/build/power_logs_temp/*/*/*/mlperf_log_detail.txt /work/build/power_logs_temp/ \\\n\t\t&& cp -v /work/build/power_logs_temp/*/*/*/mlperf_log_summary.txt /work/build/power_logs_temp/'
client 2021-03-17 00:27:18,782 [INFO] Sending command to the server: 'session,2021-03-17_00-16-07,stop,ranging'
client 2021-03-17 00:27:29,022 [INFO] Got response: 'OK'
client 2021-03-17 00:27:29,027 [INFO] Packing logs into zip and uploading to the server
client 2021-03-17 00:27:29,051 [INFO] Zip file size: 63.3 kB
client 2021-03-17 00:27:29,071 [INFO] Got response: 'OK'
client 2021-03-17 00:27:29,072 [INFO] Running workload in testing mode
client 2021-03-17 00:27:29,072 [INFO] Synchronizing with the server and with ib-01.dc4-in.nvidia.com...
client 2021-03-17 00:27:29,275 [INFO] NTP:offset = 0.010 s, delay = 0.202 s 
client 2021-03-17 00:27:29,275 [INFO] Sending command to the server: 'time'
client 2021-03-17 00:27:29,276 [INFO] Got response: '1615966049.3053498'
client 2021-03-17 00:27:29,277 [INFO] The time difference between the client and the server is within range -29.946 ms..-28.343 ms
client 2021-03-17 00:27:29,277 [INFO] Sending command to the server: 'session,2021-03-17_00-16-07,start,testing'
client 2021-03-17 00:27:42,360 [INFO] Got response: 'OK'
client 2021-03-17 00:27:42,360 [INFO] Running the workload 'LOG_DIR=/work/build/power_logs_temp python3 code/main.py --benchmarks=bert --scenarios=Server --config_ver=maxq --action="run_harness" \\\n\t\t&& cp -v /work/build/power_logs_temp/*/*/*/mlperf_log_detail.txt /work/build/power_logs_temp/ \\\n\t\t&& cp -v /work/build/power_logs_temp/*/*/*/mlperf_log_summary.txt /work/build/power_logs_temp/'
client 2021-03-17 00:38:17,296 [INFO] Sending command to the server: 'session,2021-03-17_00-16-07,stop,testing'
client 2021-03-17 00:38:27,438 [INFO] Got response: 'OK'
client 2021-03-17 00:38:27,445 [INFO] Packing logs into zip and uploading to the server
client 2021-03-17 00:38:27,468 [INFO] Zip file size: 63.4 kB
client 2021-03-17 00:38:27,487 [INFO] Got response: 'OK'
client 2021-03-17 00:38:27,490 [INFO] Done runs
