ptd-server 2021-03-17 00:16:06,895 [INFO] Got command from the client 'stop'
ptd-server 2021-03-17 00:16:06,895 [INFO] The server will be stopped after processing this client
ptd-server 2021-03-17 00:16:06,895 [INFO] Sending reply to client 'OK'
ptd-server 2021-03-17 00:16:07,098 [INFO] Got command from the client 'time'
ptd-server 2021-03-17 00:16:07,098 [INFO] Sending reply to client '1615965367.0982084'
ptd-server 2021-03-17 00:16:07,098 [INFO] Got command from the client 'new,,0a33f5a4-e2fb-462e-a571-4a70f657bf2a'
ptd-server 2021-03-17 00:16:07,098 [INFO] Sending reply to client 'OK 2021-03-17_00-16-07,90a53219-dfe6-4c1f-af59-955dc9890cd3'
ptd-server 2021-03-17 00:16:07,316 [INFO] Got command from the client 'time'
ptd-server 2021-03-17 00:16:07,316 [INFO] Sending reply to client '1615965367.3169158'
ptd-server 2021-03-17 00:16:07,316 [INFO] Got command from the client 'session,2021-03-17_00-16-07,start,ranging'
ptd-server 2021-03-17 00:16:07,426 [INFO] Running PTDaemon: ['C:\\PTD\\ptd-windows-x86.exe', '-l', 'C:\\logs_ptdeamon.txt', '-p', '8888', '-c', '1', '-y', '52', '172.18.220.100']
ptd-server 2021-03-17 00:16:25,266 [INFO] Sending to ptd: 'Hello'
ptd-server 2021-03-17 00:16:25,266 [INFO] Reply from ptd: 'Hello, PTDaemon here!'
ptd-server 2021-03-17 00:16:25,266 [INFO] Sending to ptd: 'Identify'
ptd-server 2021-03-17 00:16:25,266 [INFO] Reply from ptd: 'YokogawaWT330E,1000,1,1,1,1,0,0,1,version=1.9.2-3976349f-20201208,OS=Windows 8 / Server 2012,mode=power,1,1,1,0,0,no_cal_date,YOKOGAWA;WT333E;C2WC23035V;F1.04'
ptd-server 2021-03-17 00:16:25,266 [INFO] Connected to PTDaemon
ptd-server 2021-03-17 00:16:25,266 [INFO] Sending to ptd: 'RR'
ptd-server 2021-03-17 00:16:25,266 [INFO] Reply from ptd: 'Ranges,1,5.000000,1,300.000000'
ptd-server 2021-03-17 00:16:25,266 [INFO] Initial range for Amps is Auto for Volts is Auto
ptd-server 2021-03-17 00:16:25,266 [INFO] Sending to ptd: 'SR,V,Auto'
ptd-server 2021-03-17 00:16:25,782 [INFO] Reply from ptd: 'Range V changed'
ptd-server 2021-03-17 00:16:25,782 [INFO] Sending to ptd: 'SR,A,Auto'
ptd-server 2021-03-17 00:16:26,297 [INFO] Reply from ptd: 'Range A changed'
ptd-server 2021-03-17 00:16:36,310 [INFO] Starting ranging mode
ptd-server 2021-03-17 00:16:36,310 [INFO] Sending to ptd: 'Go,1000,0,2021-03-17_00-16-07_ranging'
ptd-server 2021-03-17 00:16:36,310 [INFO] Reply from ptd: 'Starting untimed measurement, maximum 500000 samples at 1000ms with 0 rampup samples'
ptd-server 2021-03-17 00:16:36,310 [INFO] Sending reply to client 'OK'
ptd-server 2021-03-17 00:27:18,807 [INFO] Got command from the client 'session,2021-03-17_00-16-07,stop,ranging'
ptd-server 2021-03-17 00:27:28,821 [INFO] Sending to ptd: 'Stop'
ptd-server 2021-03-17 00:27:28,821 [INFO] Reply from ptd: 'Stopping untimed measurement'
ptd-server 2021-03-17 00:27:29,055 [INFO] Sending reply to client 'OK'
ptd-server 2021-03-17 00:27:29,086 [INFO] Got command from the client 'session,2021-03-17_00-16-07,upload,ranging'
ptd-server 2021-03-17 00:27:29,086 [INFO] Received 'C:\\ptd-logs\\2021-03-17_00-16-07ranging.tmp'
ptd-server 2021-03-17 00:27:29,102 [INFO] Extracted 'C:\\ptd-logs\\2021-03-17_00-16-07ranging.tmp' into 'C:\\ptd-logs\\2021-03-17_00-16-07\\ranging'
ptd-server 2021-03-17 00:27:29,102 [INFO] Removed 'C:\\ptd-logs\\2021-03-17_00-16-07ranging.tmp'
ptd-server 2021-03-17 00:27:29,102 [INFO] Sending reply to client 'OK'
ptd-server 2021-03-17 00:27:29,305 [INFO] Got command from the client 'time'
ptd-server 2021-03-17 00:27:29,305 [INFO] Sending reply to client '1615966049.3053498'
ptd-server 2021-03-17 00:27:29,305 [INFO] Got command from the client 'session,2021-03-17_00-16-07,start,testing'
ptd-server 2021-03-17 00:27:29,305 [INFO] Sending to ptd: 'SR,V,206.530000'
ptd-server 2021-03-17 00:27:30,851 [INFO] Reply from ptd: 'Range V changed'
ptd-server 2021-03-17 00:27:30,851 [INFO] Sending to ptd: 'SR,A,6.409800'
ptd-server 2021-03-17 00:27:32,382 [INFO] Reply from ptd: 'Range A changed'
ptd-server 2021-03-17 00:27:42,394 [INFO] Starting testing mode
ptd-server 2021-03-17 00:27:42,394 [INFO] Sending to ptd: 'Go,1000,0,2021-03-17_00-16-07_testing'
ptd-server 2021-03-17 00:27:42,394 [INFO] Reply from ptd: 'Starting untimed measurement, maximum 500000 samples at 1000ms with 0 rampup samples'
ptd-server 2021-03-17 00:27:42,394 [INFO] Sending reply to client 'OK'
ptd-server 2021-03-17 00:38:17,340 [INFO] Got command from the client 'session,2021-03-17_00-16-07,stop,testing'
ptd-server 2021-03-17 00:38:27,353 [INFO] Sending to ptd: 'Stop'
ptd-server 2021-03-17 00:38:27,353 [INFO] Reply from ptd: 'Stopping untimed measurement'
ptd-server 2021-03-17 00:38:27,478 [INFO] Sending reply to client 'OK'
ptd-server 2021-03-17 00:38:27,509 [INFO] Got command from the client 'session,2021-03-17_00-16-07,upload,testing'
ptd-server 2021-03-17 00:38:27,509 [INFO] Received 'C:\\ptd-logs\\2021-03-17_00-16-07testing.tmp'
ptd-server 2021-03-17 00:38:27,525 [INFO] Extracted 'C:\\ptd-logs\\2021-03-17_00-16-07testing.tmp' into 'C:\\ptd-logs\\2021-03-17_00-16-07\\run_1'
ptd-server 2021-03-17 00:38:27,525 [INFO] Removed 'C:\\ptd-logs\\2021-03-17_00-16-07testing.tmp'
ptd-server 2021-03-17 00:38:27,525 [INFO] Sending reply to client 'OK'
ptd-server 2021-03-17 00:38:27,525 [INFO] Got command from the client 'session,2021-03-17_00-16-07,upload,client.log'
ptd-server 2021-03-17 00:38:27,540 [INFO] Received 'C:\\ptd-logs\\2021-03-17_00-16-07client.log.tmp'
ptd-server 2021-03-17 00:38:27,540 [INFO] Removed 'C:\\ptd-logs\\2021-03-17_00-16-07client.log.tmp'
ptd-server 2021-03-17 00:38:27,540 [INFO] Sending reply to client 'OK'
ptd-server 2021-03-17 00:38:27,556 [INFO] Got command from the client 'session,2021-03-17_00-16-07,upload,client.json'
ptd-server 2021-03-17 00:38:27,556 [INFO] Received 'C:\\ptd-logs\\2021-03-17_00-16-07client.json.tmp'
ptd-server 2021-03-17 00:38:27,572 [INFO] Removed 'C:\\ptd-logs\\2021-03-17_00-16-07client.json.tmp'
ptd-server 2021-03-17 00:38:27,572 [INFO] Sending reply to client 'OK'
ptd-server 2021-03-17 00:38:27,572 [INFO] Got command from the client 'session,2021-03-17_00-16-07,done'
ptd-server 2021-03-17 00:38:27,572 [INFO] Sending to ptd: 'Stop'
ptd-server 2021-03-17 00:38:27,572 [INFO] Reply from ptd: 'Error: no measurement to stop'
ptd-server 2021-03-17 00:38:27,572 [INFO] Sending to ptd: 'SR,V,Auto'
ptd-server 2021-03-17 00:38:28,087 [INFO] Reply from ptd: 'Range V changed'
ptd-server 2021-03-17 00:38:28,087 [INFO] Sending to ptd: 'SR,A,Auto'
ptd-server 2021-03-17 00:38:28,603 [INFO] Reply from ptd: 'Range A changed'
ptd-server 2021-03-17 00:38:28,603 [INFO] Set initial values for Amps Auto and Volts Auto
ptd-server 2021-03-17 00:38:28,603 [INFO] Stopping ptd...
