ptd-server 2021-03-16 13:37:49,944 [INFO] Got command from the client 'time'
ptd-server 2021-03-16 13:37:49,944 [INFO] Sending reply to client '1615901869.9444134'
ptd-server 2021-03-16 13:37:49,946 [INFO] Got command from the client 'new,,f74d4ecb-8b95-4e48-8419-71c6decd589c'
ptd-server 2021-03-16 13:37:49,949 [INFO] Sending reply to client 'OK 2021-03-16_13-37-49,a6b4eb43-0cff-4d17-840a-1c591278b131'
ptd-server 2021-03-16 13:37:49,993 [INFO] Got command from the client 'time'
ptd-server 2021-03-16 13:37:49,993 [INFO] Sending reply to client '1615901869.9936714'
ptd-server 2021-03-16 13:37:49,995 [INFO] Got command from the client 'session,2021-03-16_13-37-49,start,ranging'
ptd-server 2021-03-16 13:37:49,995 [INFO] Running PTDaemon: ['/home/anton/projects/mlperf/power/inference_v1.0/ptd-linux-x86', '-l', 'ptd.log', '-p', '8888', '52', '/dev/usbtmc0']
ptd-server 2021-03-16 13:38:07,168 [INFO] Sending to ptd: 'Hello'
ptd-server 2021-03-16 13:38:07,168 [INFO] Reply from ptd: 'Hello, PTDaemon here!'
ptd-server 2021-03-16 13:38:07,169 [INFO] Sending to ptd: 'Identify'
ptd-server 2021-03-16 13:38:07,169 [INFO] Reply from ptd: 'YokogawaWT330E,1000,1,1,1,1,0,0,1,version=1.9.2-e8c7a49a-20201208,OS=Linux 5.8.0-44-generic #50~20.04.1-Ubuntu SMP Wed Feb 10 21:07:30 UTC 2021 x86_64,mode=power,1,1,1,0,0,no_cal_date,YOKOGAWA;WT333E;C3VD30030E;F1.04'
ptd-server 2021-03-16 13:38:07,169 [INFO] Connected to PTDaemon
ptd-server 2021-03-16 13:38:07,169 [INFO] Sending to ptd: 'RR'
ptd-server 2021-03-16 13:38:07,169 [INFO] Reply from ptd: 'Ranges,1,0.500000,1,300.000000'
ptd-server 2021-03-16 13:38:07,170 [INFO] Initial range for Amps is Auto for Volts is Auto
ptd-server 2021-03-16 13:38:07,170 [INFO] Sending to ptd: 'SR,V,Auto'
ptd-server 2021-03-16 13:38:07,672 [INFO] Reply from ptd: 'Range V changed'
ptd-server 2021-03-16 13:38:07,672 [INFO] Sending to ptd: 'SR,A,Auto'
ptd-server 2021-03-16 13:38:08,175 [INFO] Reply from ptd: 'Range A changed'
ptd-server 2021-03-16 13:38:18,185 [INFO] Starting ranging mode
ptd-server 2021-03-16 13:38:18,185 [INFO] Sending to ptd: 'Go,1000,0,2021-03-16_13-37-49_ranging'
ptd-server 2021-03-16 13:38:18,185 [INFO] Reply from ptd: 'Starting untimed measurement, maximum 500000 samples at 1000ms with 0 rampup samples'
ptd-server 2021-03-16 13:38:18,186 [INFO] Sending reply to client 'OK'
ptd-server 2021-03-16 13:48:38,114 [INFO] Got command from the client 'session,2021-03-16_13-37-49,stop,ranging'
ptd-server 2021-03-16 13:48:48,125 [INFO] Sending to ptd: 'Stop'
ptd-server 2021-03-16 13:48:48,125 [INFO] Reply from ptd: 'Stopping untimed measurement'
ptd-server 2021-03-16 13:48:48,979 [INFO] Sending reply to client 'OK'
ptd-server 2021-03-16 13:48:49,022 [INFO] Got command from the client 'time'
ptd-server 2021-03-16 13:48:49,023 [INFO] Sending reply to client '1615902529.0229762'
ptd-server 2021-03-16 13:48:49,025 [INFO] Got command from the client 'session,2021-03-16_13-37-49,start,testing'
ptd-server 2021-03-16 13:48:49,025 [INFO] Sending to ptd: 'SR,V,249.820000'
ptd-server 2021-03-16 13:48:50,526 [INFO] Reply from ptd: 'Range V changed'
ptd-server 2021-03-16 13:48:50,526 [INFO] Sending to ptd: 'SR,A,0.187230'
ptd-server 2021-03-16 13:48:52,028 [INFO] Reply from ptd: 'Range A changed'
ptd-server 2021-03-16 13:49:02,038 [INFO] Starting testing mode
ptd-server 2021-03-16 13:49:02,038 [INFO] Sending to ptd: 'Go,1000,0,2021-03-16_13-37-49_testing'
ptd-server 2021-03-16 13:49:02,039 [INFO] Reply from ptd: 'Starting untimed measurement, maximum 500000 samples at 1000ms with 0 rampup samples'
ptd-server 2021-03-16 13:49:02,039 [INFO] Sending reply to client 'OK'
ptd-server 2021-03-16 13:59:17,733 [INFO] Got command from the client 'session,2021-03-16_13-37-49,stop,testing'
ptd-server 2021-03-16 13:59:27,743 [INFO] Sending to ptd: 'Stop'
ptd-server 2021-03-16 13:59:27,744 [INFO] Reply from ptd: 'Stopping untimed measurement'
ptd-server 2021-03-16 13:59:28,172 [INFO] Sending reply to client 'OK'
ptd-server 2021-03-16 13:59:28,179 [INFO] Got command from the client 'session,2021-03-16_13-37-49,upload,client.log'
ptd-server 2021-03-16 13:59:28,181 [INFO] Received '/home/anton/projects/mlperf/power-dev/output/2021-03-16_13-37-49client.log.tmp'
ptd-server 2021-03-16 13:59:28,181 [INFO] Removed '/home/anton/projects/mlperf/power-dev/output/2021-03-16_13-37-49client.log.tmp'
ptd-server 2021-03-16 13:59:28,181 [INFO] Sending reply to client 'OK'
ptd-server 2021-03-16 13:59:28,188 [INFO] Got command from the client 'session,2021-03-16_13-37-49,upload,client.json'
ptd-server 2021-03-16 13:59:28,189 [INFO] Received '/home/anton/projects/mlperf/power-dev/output/2021-03-16_13-37-49client.json.tmp'
ptd-server 2021-03-16 13:59:28,189 [INFO] Removed '/home/anton/projects/mlperf/power-dev/output/2021-03-16_13-37-49client.json.tmp'
ptd-server 2021-03-16 13:59:28,189 [INFO] Sending reply to client 'OK'
ptd-server 2021-03-16 13:59:28,190 [INFO] Got command from the client 'session,2021-03-16_13-37-49,done'
ptd-server 2021-03-16 13:59:28,190 [INFO] Sending to ptd: 'Stop'
ptd-server 2021-03-16 13:59:28,191 [INFO] Reply from ptd: 'Error: no measurement to stop'
ptd-server 2021-03-16 13:59:28,191 [INFO] Sending to ptd: 'SR,V,Auto'
ptd-server 2021-03-16 13:59:28,693 [INFO] Reply from ptd: 'Range V changed'
ptd-server 2021-03-16 13:59:28,693 [INFO] Sending to ptd: 'SR,A,Auto'
ptd-server 2021-03-16 13:59:29,196 [INFO] Reply from ptd: 'Range A changed'
ptd-server 2021-03-16 13:59:29,196 [INFO] Set initial values for Amps Auto and Volts Auto
ptd-server 2021-03-16 13:59:29,196 [INFO] Stopping ptd...
