ptd-server 2021-03-07 06:01:55,028 [INFO] Got command from the client 'time'
ptd-server 2021-03-07 06:01:55,028 [INFO] Sending reply to client '1615096915.0288093'
ptd-server 2021-03-07 06:01:55,032 [INFO] Got command from the client 'new,,3364d441-1621-4dea-b699-88ba3bb5ae17'
ptd-server 2021-03-07 06:01:55,032 [INFO] Sending reply to client 'OK 2021-03-07_06-01-55,9d9edc99-18c7-492b-90fd-57ceccb0abcc'
ptd-server 2021-03-07 06:01:55,068 [INFO] Got command from the client 'time'
ptd-server 2021-03-07 06:01:55,068 [INFO] Sending reply to client '1615096915.0685856'
ptd-server 2021-03-07 06:01:55,072 [INFO] Got command from the client 'session,2021-03-07_06-01-55,start,ranging'
ptd-server 2021-03-07 06:01:55,072 [INFO] Running PTDaemon: ['/home/anton/projects/mlperf/power/inference_v1.0/ptd-linux-x86', '-l', 'ptd.log', '-p', '8888', '52', '/dev/usbtmc0']
ptd-server 2021-03-07 06:02:12,240 [INFO] Sending to ptd: 'Hello'
ptd-server 2021-03-07 06:02:12,241 [INFO] Reply from ptd: 'Hello, PTDaemon here!'
ptd-server 2021-03-07 06:02:12,241 [INFO] Sending to ptd: 'Identify'
ptd-server 2021-03-07 06:02:12,241 [INFO] Reply from ptd: 'YokogawaWT330E,1000,1,1,1,1,0,0,1,version=1.9.2-e8c7a49a-20201208,OS=Linux 5.8.0-43-generic #49~20.04.1-Ubuntu SMP Fri Feb 5 09:57:56 UTC 2021 x86_64,mode=power,1,1,1,0,0,no_cal_date,YOKOGAWA;WT333E;C3VD30030E;F1.04'
ptd-server 2021-03-07 06:02:12,241 [INFO] Connected to PTDaemon
ptd-server 2021-03-07 06:02:12,241 [INFO] Sending to ptd: 'RR'
ptd-server 2021-03-07 06:02:12,242 [INFO] Reply from ptd: 'Ranges,0,0.500000,0,300.000000'
ptd-server 2021-03-07 06:02:12,242 [INFO] Initial range for Amps is 0.500000 for Volts is 300.000000
ptd-server 2021-03-07 06:02:12,242 [INFO] Sending to ptd: 'SR,V,Auto'
ptd-server 2021-03-07 06:02:12,745 [INFO] Reply from ptd: 'Range V changed'
ptd-server 2021-03-07 06:02:12,745 [INFO] Sending to ptd: 'SR,A,Auto'
ptd-server 2021-03-07 06:02:13,247 [INFO] Reply from ptd: 'Range A changed'
ptd-server 2021-03-07 06:02:23,257 [INFO] Starting ranging mode
ptd-server 2021-03-07 06:02:23,258 [INFO] Sending to ptd: 'Go,1000,0,2021-03-07_06-01-55_ranging'
ptd-server 2021-03-07 06:02:23,258 [INFO] Reply from ptd: 'Starting untimed measurement, maximum 500000 samples at 1000ms with 0 rampup samples'
ptd-server 2021-03-07 06:02:23,258 [INFO] Sending reply to client 'OK'
ptd-server 2021-03-07 06:12:48,476 [INFO] Got command from the client 'session,2021-03-07_06-01-55,stop,ranging'
ptd-server 2021-03-07 06:12:58,487 [INFO] Sending to ptd: 'Stop'
ptd-server 2021-03-07 06:12:58,487 [INFO] Reply from ptd: 'Stopping untimed measurement'
ptd-server 2021-03-07 06:12:59,020 [INFO] Sending reply to client 'OK'
ptd-server 2021-03-07 06:12:59,067 [INFO] Got command from the client 'time'
ptd-server 2021-03-07 06:12:59,067 [INFO] Sending reply to client '1615097579.0672948'
ptd-server 2021-03-07 06:12:59,071 [INFO] Got command from the client 'session,2021-03-07_06-01-55,start,testing'
ptd-server 2021-03-07 06:12:59,071 [INFO] Sending to ptd: 'SR,V,250.240000'
ptd-server 2021-03-07 06:13:00,760 [INFO] Reply from ptd: 'Range V changed'
ptd-server 2021-03-07 06:13:00,760 [INFO] Sending to ptd: 'SR,A,0.053280'
ptd-server 2021-03-07 06:13:02,261 [INFO] Reply from ptd: 'Range A changed'
ptd-server 2021-03-07 06:13:12,272 [INFO] Starting testing mode
ptd-server 2021-03-07 06:13:12,272 [INFO] Sending to ptd: 'Go,1000,0,2021-03-07_06-01-55_testing'
ptd-server 2021-03-07 06:13:12,272 [INFO] Reply from ptd: 'Starting untimed measurement, maximum 500000 samples at 1000ms with 0 rampup samples'
ptd-server 2021-03-07 06:13:12,272 [INFO] Sending reply to client 'OK'
ptd-server 2021-03-07 06:23:42,524 [INFO] Got command from the client 'session,2021-03-07_06-01-55,stop,testing'
ptd-server 2021-03-07 06:23:52,534 [INFO] Sending to ptd: 'Stop'
ptd-server 2021-03-07 06:23:52,535 [INFO] Reply from ptd: 'Stopping untimed measurement'
ptd-server 2021-03-07 06:23:52,802 [INFO] Sending reply to client 'OK'
ptd-server 2021-03-07 06:23:52,811 [INFO] Got command from the client 'session,2021-03-07_06-01-55,upload,client.log'
ptd-server 2021-03-07 06:23:52,814 [INFO] Received '/home/anton/projects/mlperf/power-dev/output/2021-03-07_06-01-55client.log.tmp'
ptd-server 2021-03-07 06:23:52,815 [INFO] Removed '/home/anton/projects/mlperf/power-dev/output/2021-03-07_06-01-55client.log.tmp'
ptd-server 2021-03-07 06:23:52,815 [INFO] Sending reply to client 'OK'
ptd-server 2021-03-07 06:23:52,827 [INFO] Got command from the client 'session,2021-03-07_06-01-55,upload,client.json'
ptd-server 2021-03-07 06:23:52,830 [INFO] Received '/home/anton/projects/mlperf/power-dev/output/2021-03-07_06-01-55client.json.tmp'
ptd-server 2021-03-07 06:23:52,831 [INFO] Removed '/home/anton/projects/mlperf/power-dev/output/2021-03-07_06-01-55client.json.tmp'
ptd-server 2021-03-07 06:23:52,831 [INFO] Sending reply to client 'OK'
ptd-server 2021-03-07 06:23:52,834 [INFO] Got command from the client 'session,2021-03-07_06-01-55,done'
ptd-server 2021-03-07 06:23:52,834 [INFO] Sending to ptd: 'Stop'
ptd-server 2021-03-07 06:23:53,272 [INFO] Reply from ptd: 'Error: no measurement to stop'
ptd-server 2021-03-07 06:23:53,272 [INFO] Sending to ptd: 'SR,V,300.000000'
ptd-server 2021-03-07 06:23:54,774 [INFO] Reply from ptd: 'Range V changed'
ptd-server 2021-03-07 06:23:54,774 [INFO] Sending to ptd: 'SR,A,0.500000'
ptd-server 2021-03-07 06:23:56,275 [INFO] Reply from ptd: 'Range A changed'
ptd-server 2021-03-07 06:23:56,275 [INFO] Set initial values for Amps 0.500000 and Volts 300.000000
ptd-server 2021-03-07 06:23:56,275 [INFO] Stopping ptd...
