ptd-server 2021-02-28 06:39:45,908 [INFO] Got command from the client 'time'
ptd-server 2021-02-28 06:39:45,908 [INFO] Sending reply to client '1614494385.9083412'
ptd-server 2021-02-28 06:39:45,909 [INFO] Got command from the client 'new,,42627527-849b-4b38-bf6c-ec436d93b574'
ptd-server 2021-02-28 06:39:45,910 [INFO] Sending reply to client 'OK 2021-02-28_06-39-45,ecfc26d1-6a74-4f7c-89b8-e844a643ec64'
ptd-server 2021-02-28 06:39:45,947 [INFO] Got command from the client 'time'
ptd-server 2021-02-28 06:39:45,948 [INFO] Sending reply to client '1614494385.9480147'
ptd-server 2021-02-28 06:39:45,949 [INFO] Got command from the client 'session,2021-02-28_06-39-45,start,ranging'
ptd-server 2021-02-28 06:39:45,949 [INFO] Running PTDaemon: ['/home/anton/projects/mlperf/power/inference_v1.0/ptd-linux-x86', '-l', 'ptd.log', '-p', '8888', '52', '/dev/usbtmc0']
ptd-server 2021-02-28 06:40:03,118 [INFO] Sending to ptd: 'Hello'
ptd-server 2021-02-28 06:40:03,118 [INFO] Reply from ptd: 'Hello, PTDaemon here!'
ptd-server 2021-02-28 06:40:03,119 [INFO] Sending to ptd: 'Identify'
ptd-server 2021-02-28 06:40:03,119 [INFO] Reply from ptd: 'YokogawaWT330E,1000,1,1,1,1,0,0,1,version=1.9.2-e8c7a49a-20201208,OS=Linux 5.8.0-43-generic #49~20.04.1-Ubuntu SMP Fri Feb 5 09:57:56 UTC 2021 x86_64,mode=power,1,1,1,0,0,no_cal_date,YOKOGAWA;WT333E;C3VD30030E;F1.04'
ptd-server 2021-02-28 06:40:03,119 [INFO] Connected to PTDaemon
ptd-server 2021-02-28 06:40:03,119 [INFO] Sending to ptd: 'RR'
ptd-server 2021-02-28 06:40:03,120 [INFO] Reply from ptd: 'Ranges,0,0.500000,0,300.000000'
ptd-server 2021-02-28 06:40:03,120 [INFO] Initial range for Amps is 0.500000 for Volts is 300.000000
ptd-server 2021-02-28 06:40:03,120 [INFO] Sending to ptd: 'SR,V,Auto'
ptd-server 2021-02-28 06:40:03,622 [INFO] Reply from ptd: 'Range V changed'
ptd-server 2021-02-28 06:40:03,622 [INFO] Sending to ptd: 'SR,A,Auto'
ptd-server 2021-02-28 06:40:04,125 [INFO] Reply from ptd: 'Range A changed'
ptd-server 2021-02-28 06:40:14,135 [INFO] Starting ranging mode
ptd-server 2021-02-28 06:40:14,135 [INFO] Sending to ptd: 'Go,1000,0,2021-02-28_06-39-45_ranging'
ptd-server 2021-02-28 06:40:14,136 [INFO] Reply from ptd: 'Starting untimed measurement, maximum 500000 samples at 1000ms with 0 rampup samples'
ptd-server 2021-02-28 06:40:14,136 [INFO] Sending reply to client 'OK'
ptd-server 2021-02-28 06:50:32,718 [INFO] Got command from the client 'session,2021-02-28_06-39-45,stop,ranging'
ptd-server 2021-02-28 06:50:42,728 [INFO] Sending to ptd: 'Stop'
ptd-server 2021-02-28 06:50:42,729 [INFO] Reply from ptd: 'Stopping untimed measurement'
ptd-server 2021-02-28 06:50:42,914 [INFO] Sending reply to client 'OK'
ptd-server 2021-02-28 06:50:42,946 [INFO] Got command from the client 'time'
ptd-server 2021-02-28 06:50:42,946 [INFO] Sending reply to client '1614495042.946529'
ptd-server 2021-02-28 06:50:42,947 [INFO] Got command from the client 'session,2021-02-28_06-39-45,start,testing'
ptd-server 2021-02-28 06:50:42,947 [INFO] Sending to ptd: 'SR,V,248.420000'
ptd-server 2021-02-28 06:50:44,638 [INFO] Reply from ptd: 'Range V changed'
ptd-server 2021-02-28 06:50:44,638 [INFO] Sending to ptd: 'SR,A,0.204730'
ptd-server 2021-02-28 06:50:46,139 [INFO] Reply from ptd: 'Range A changed'
ptd-server 2021-02-28 06:50:56,150 [INFO] Starting testing mode
ptd-server 2021-02-28 06:50:56,150 [INFO] Sending to ptd: 'Go,1000,0,2021-02-28_06-39-45_testing'
ptd-server 2021-02-28 06:50:56,150 [INFO] Reply from ptd: 'Starting untimed measurement, maximum 500000 samples at 1000ms with 0 rampup samples'
ptd-server 2021-02-28 06:50:56,150 [INFO] Sending reply to client 'OK'
ptd-server 2021-02-28 07:01:14,727 [INFO] Got command from the client 'session,2021-02-28_06-39-45,stop,testing'
ptd-server 2021-02-28 07:01:24,738 [INFO] Sending to ptd: 'Stop'
ptd-server 2021-02-28 07:01:24,738 [INFO] Reply from ptd: 'Stopping untimed measurement'
ptd-server 2021-02-28 07:01:24,842 [INFO] Sending reply to client 'OK'
ptd-server 2021-02-28 07:01:24,845 [INFO] Got command from the client 'session,2021-02-28_06-39-45,upload,client.log'
ptd-server 2021-02-28 07:01:24,846 [INFO] Received '/home/anton/projects/mlperf/power-dev/output/2021-02-28_06-39-45client.log.tmp'
ptd-server 2021-02-28 07:01:24,846 [INFO] Removed '/home/anton/projects/mlperf/power-dev/output/2021-02-28_06-39-45client.log.tmp'
ptd-server 2021-02-28 07:01:24,846 [INFO] Sending reply to client 'OK'
ptd-server 2021-02-28 07:01:24,850 [INFO] Got command from the client 'session,2021-02-28_06-39-45,upload,client.json'
ptd-server 2021-02-28 07:01:24,851 [INFO] Received '/home/anton/projects/mlperf/power-dev/output/2021-02-28_06-39-45client.json.tmp'
ptd-server 2021-02-28 07:01:24,851 [INFO] Removed '/home/anton/projects/mlperf/power-dev/output/2021-02-28_06-39-45client.json.tmp'
ptd-server 2021-02-28 07:01:24,851 [INFO] Sending reply to client 'OK'
ptd-server 2021-02-28 07:01:24,852 [INFO] Got command from the client 'session,2021-02-28_06-39-45,done'
ptd-server 2021-02-28 07:01:24,852 [INFO] Sending to ptd: 'Stop'
ptd-server 2021-02-28 07:01:25,151 [INFO] Reply from ptd: 'Error: no measurement to stop'
ptd-server 2021-02-28 07:01:25,151 [INFO] Sending to ptd: 'SR,V,300.000000'
ptd-server 2021-02-28 07:01:26,652 [INFO] Reply from ptd: 'Range V changed'
ptd-server 2021-02-28 07:01:26,653 [INFO] Sending to ptd: 'SR,A,0.500000'
ptd-server 2021-02-28 07:01:28,154 [INFO] Reply from ptd: 'Range A changed'
ptd-server 2021-02-28 07:01:28,154 [INFO] Set initial values for Amps 0.500000 and Volts 300.000000
ptd-server 2021-02-28 07:01:28,154 [INFO] Stopping ptd...
