client 2021-03-16 00:55:54,473 [WARNING] Removing old loadgen logs directory '/home/scratch.mlperf_inf_ci/mlPerf/L1/A100x4_MaxQ-Computelab-A100x4-MaxQ-L1-5-2021-03-16-00-05-54-UTC/mlperf-inference/closed/NVIDIA/build/power_logs_temp'
client 2021-03-16 00:55:54,476 [INFO] Sending command to the server: 'mlcommons/power client v3'
client 2021-03-16 00:55:54,477 [INFO] Got response: 'mlcommons/power server v3'
client 2021-03-16 00:55:54,478 [INFO] Sending command to the server: 'stop'
client 2021-03-16 00:55:54,479 [INFO] Got response: 'OK'
client 2021-03-16 00:55:54,479 [INFO] Synchronizing with the server and with ib-01.dc4-in.nvidia.com...
client 2021-03-16 00:55:54,683 [INFO] NTP:offset = -0.168 s, delay = 0.202 s 
client 2021-03-16 00:55:54,683 [INFO] Sending command to the server: 'time'
client 2021-03-16 00:55:54,684 [INFO] Got response: '1615881354.5966117'
client 2021-03-16 00:55:54,684 [INFO] The time difference between the client and the server is within range 86.675 ms..88.230 ms
client 2021-03-16 00:55:54,684 [INFO] Sending command to the server: 'new,,daed82d2-208b-4ba6-83e8-a60af7814292'
client 2021-03-16 00:55:54,686 [INFO] Got response: 'OK 2021-03-16_00-55-54,ef3890dc-f895-4e1d-8f3a-ea78fa26bcf4'
client 2021-03-16 00:55:54,686 [INFO] Session id is '2021-03-16_00-55-54'
client 2021-03-16 00:55:54,686 [INFO] Sources: {"sources": {"client.py": "d1e75cb4b26101220ebd242e584cf3ca5d8f1996", "lib/__init__.py": "da39a3ee5e6b4b0d3255bfef95601890afd80709", "lib/client.py": "d42bebf5b74cb6ff3997e2a6c68422afac111a28", "lib/common.py": "b0bad80d8fa328a7636027d4d66ff453f8dd7889", "lib/external/ntplib.py": "4da8f970656505a40483206ef2b5d3dd5e81711d", "lib/server.py": "2ed36471c7af565d6c8438b2134edad1d7ddf166", "lib/source_hashes.py": "4cedff274c661cb1504052018fd4f00dfbf624ef", "lib/summary.py": "0db15d783907aa92038281af4e465545c0648ddb", "lib/time_sync.py": "76051226ec89287839723352f4162aaa24e0546a", "server.py": "99e1310e3f76292aef1b8792ce6b8c82f1d44d8b", "tests/unit/test_server.py": "64f11775bfed35232a0e8bb9593c0ff992432c59", "tests/unit/test_source_hashes.py": "cb41a7261eaf7d94ba5c0aae9c523174f6204be3"}, "modules": {"__main__": "client.py", "lib.client": "lib/client.py", "lib.common": "lib/common.py", "lib.external.ntplib": "lib/external/ntplib.py", "lib.source_hashes": "lib/source_hashes.py", "lib.summary": "lib/summary.py", "lib.time_sync": "lib/time_sync.py"}}
client 2021-03-16 00:55:54,688 [INFO] Running workload in ranging mode
client 2021-03-16 00:55:54,688 [INFO] Synchronizing with the server and with ib-01.dc4-in.nvidia.com...
client 2021-03-16 00:55:54,890 [INFO] NTP:offset = -0.168 s, delay = 0.202 s 
client 2021-03-16 00:55:54,891 [INFO] Sending command to the server: 'time'
client 2021-03-16 00:55:54,892 [INFO] Got response: '1615881354.7996066'
client 2021-03-16 00:55:54,892 [INFO] The time difference between the client and the server is within range 91.462 ms..92.828 ms
client 2021-03-16 00:55:54,892 [INFO] Sending command to the server: 'session,2021-03-16_00-55-54,start,ranging'
client 2021-03-16 00:56:24,784 [INFO] Got response: 'OK'
client 2021-03-16 00:56:24,784 [INFO] Running the workload 'LOG_DIR=/home/scratch.mlperf_inf_ci/mlPerf/L1/A100x4_MaxQ-Computelab-A100x4-MaxQ-L1-5-2021-03-16-00-05-54-UTC/mlperf-inference/closed/NVIDIA/build/power_logs_temp python3 code/main.py --benchmarks=3d-unet --scenarios=Offline --test_mode=PerformanceOnly --config_ver=maxq_high_accuracy --action="run_harness" \\\n\t\t&& cp -v /home/scratch.mlperf_inf_ci/mlPerf/L1/A100x4_MaxQ-Computelab-A100x4-MaxQ-L1-5-2021-03-16-00-05-54-UTC/mlperf-inference/closed/NVIDIA/build/power_logs_temp/*/*/*/mlperf_log_detail.txt /home/scratch.mlperf_inf_ci/mlPerf/L1/A100x4_MaxQ-Computelab-A100x4-MaxQ-L1-5-2021-03-16-00-05-54-UTC/mlperf-inference/closed/NVIDIA/build/power_logs_temp/ \\\n\t\t&& cp -v /home/scratch.mlperf_inf_ci/mlPerf/L1/A100x4_MaxQ-Computelab-A100x4-MaxQ-L1-5-2021-03-16-00-05-54-UTC/mlperf-inference/closed/NVIDIA/build/power_logs_temp/*/*/*/mlperf_log_summary.txt /home/scratch.mlperf_inf_ci/mlPerf/L1/A100x4_MaxQ-Computelab-A100x4-MaxQ-L1-5-2021-03-16-00-05-54-UTC/mlperf-inference/closed/NVIDIA/build/power_logs_temp/'
client 2021-03-16 01:08:49,497 [INFO] Sending command to the server: 'session,2021-03-16_00-55-54,stop,ranging'
client 2021-03-16 01:08:59,650 [INFO] Got response: 'OK'
client 2021-03-16 01:08:59,714 [INFO] Packing logs into zip and uploading to the server
client 2021-03-16 01:08:59,723 [INFO] Zip file size: 10.9 kB
client 2021-03-16 01:08:59,740 [INFO] Got response: 'OK'
client 2021-03-16 01:08:59,741 [INFO] Running workload in testing mode
client 2021-03-16 01:08:59,741 [INFO] Synchronizing with the server and with ib-01.dc4-in.nvidia.com...
client 2021-03-16 01:08:59,945 [INFO] NTP:offset = -0.180 s, delay = 0.203 s 
client 2021-03-16 01:08:59,945 [INFO] Sending command to the server: 'time'
client 2021-03-16 01:08:59,947 [INFO] Got response: '1615882139.8479378'
client 2021-03-16 01:08:59,947 [INFO] The time difference between the client and the server is within range 97.975 ms..99.388 ms
client 2021-03-16 01:08:59,947 [INFO] Sending command to the server: 'session,2021-03-16_00-55-54,start,testing'
client 2021-03-16 01:09:13,013 [INFO] Got response: 'OK'
client 2021-03-16 01:09:13,013 [INFO] Running the workload 'LOG_DIR=/home/scratch.mlperf_inf_ci/mlPerf/L1/A100x4_MaxQ-Computelab-A100x4-MaxQ-L1-5-2021-03-16-00-05-54-UTC/mlperf-inference/closed/NVIDIA/build/power_logs_temp python3 code/main.py --benchmarks=3d-unet --scenarios=Offline --test_mode=PerformanceOnly --config_ver=maxq_high_accuracy --action="run_harness" \\\n\t\t&& cp -v /home/scratch.mlperf_inf_ci/mlPerf/L1/A100x4_MaxQ-Computelab-A100x4-MaxQ-L1-5-2021-03-16-00-05-54-UTC/mlperf-inference/closed/NVIDIA/build/power_logs_temp/*/*/*/mlperf_log_detail.txt /home/scratch.mlperf_inf_ci/mlPerf/L1/A100x4_MaxQ-Computelab-A100x4-MaxQ-L1-5-2021-03-16-00-05-54-UTC/mlperf-inference/closed/NVIDIA/build/power_logs_temp/ \\\n\t\t&& cp -v /home/scratch.mlperf_inf_ci/mlPerf/L1/A100x4_MaxQ-Computelab-A100x4-MaxQ-L1-5-2021-03-16-00-05-54-UTC/mlperf-inference/closed/NVIDIA/build/power_logs_temp/*/*/*/mlperf_log_summary.txt /home/scratch.mlperf_inf_ci/mlPerf/L1/A100x4_MaxQ-Computelab-A100x4-MaxQ-L1-5-2021-03-16-00-05-54-UTC/mlperf-inference/closed/NVIDIA/build/power_logs_temp/'
client 2021-03-16 01:21:45,376 [INFO] Sending command to the server: 'session,2021-03-16_00-55-54,stop,testing'
client 2021-03-16 01:21:55,448 [INFO] Got response: 'OK'
client 2021-03-16 01:21:55,452 [INFO] Packing logs into zip and uploading to the server
client 2021-03-16 01:21:55,463 [INFO] Zip file size: 10.9 kB
client 2021-03-16 01:21:55,479 [INFO] Got response: 'OK'
client 2021-03-16 01:21:55,479 [INFO] Done runs
