ptd-server 2021-03-16 00:55:54,393 [INFO] Got command from the client 'stop'
ptd-server 2021-03-16 00:55:54,393 [INFO] The server will be stopped after processing this client
ptd-server 2021-03-16 00:55:54,393 [INFO] Sending reply to client 'OK'
ptd-server 2021-03-16 00:55:54,596 [INFO] Got command from the client 'time'
ptd-server 2021-03-16 00:55:54,596 [INFO] Sending reply to client '1615881354.5966117'
ptd-server 2021-03-16 00:55:54,596 [INFO] Got command from the client 'new,,daed82d2-208b-4ba6-83e8-a60af7814292'
ptd-server 2021-03-16 00:55:54,596 [INFO] Sending reply to client 'OK 2021-03-16_00-55-54,ef3890dc-f895-4e1d-8f3a-ea78fa26bcf4'
ptd-server 2021-03-16 00:55:54,799 [INFO] Got command from the client 'time'
ptd-server 2021-03-16 00:55:54,799 [INFO] Sending reply to client '1615881354.7996066'
ptd-server 2021-03-16 00:55:54,799 [INFO] Got command from the client 'session,2021-03-16_00-55-54,start,ranging'
ptd-server 2021-03-16 00:55:54,909 [INFO] Running PTDaemon: ['C:\\PTD\\ptd-windows-x86.exe', '-l', 'C:\\logs_ptdeamon.txt', '-p', '8888', '-c', '1', '-y', '52', '172.18.220.100']
ptd-server 2021-03-16 00:56:13,654 [INFO] Sending to ptd: 'Hello'
ptd-server 2021-03-16 00:56:13,654 [INFO] Reply from ptd: 'Hello, PTDaemon here!'
ptd-server 2021-03-16 00:56:13,654 [INFO] Sending to ptd: 'Identify'
ptd-server 2021-03-16 00:56:13,654 [INFO] Reply from ptd: 'YokogawaWT330E,1000,1,1,1,1,0,0,1,version=1.9.2-3976349f-20201208,OS=Windows 8 / Server 2012,mode=power,1,1,1,0,0,no_cal_date,YOKOGAWA;WT333E;C2WC23035V;F1.04'
ptd-server 2021-03-16 00:56:13,654 [INFO] Connected to PTDaemon
ptd-server 2021-03-16 00:56:13,654 [INFO] Sending to ptd: 'RR'
ptd-server 2021-03-16 00:56:13,654 [INFO] Reply from ptd: 'Ranges,1,5.000000,1,300.000000'
ptd-server 2021-03-16 00:56:13,654 [INFO] Initial range for Amps is Auto for Volts is Auto
ptd-server 2021-03-16 00:56:13,654 [INFO] Sending to ptd: 'SR,V,Auto'
ptd-server 2021-03-16 00:56:14,171 [INFO] Reply from ptd: 'Range V changed'
ptd-server 2021-03-16 00:56:14,171 [INFO] Sending to ptd: 'SR,A,Auto'
ptd-server 2021-03-16 00:56:14,686 [INFO] Reply from ptd: 'Range A changed'
ptd-server 2021-03-16 00:56:24,699 [INFO] Starting ranging mode
ptd-server 2021-03-16 00:56:24,699 [INFO] Sending to ptd: 'Go,1000,0,2021-03-16_00-55-54_ranging'
ptd-server 2021-03-16 00:56:24,699 [INFO] Reply from ptd: 'Starting untimed measurement, maximum 500000 samples at 1000ms with 0 rampup samples'
ptd-server 2021-03-16 00:56:24,699 [INFO] Sending reply to client 'OK'
ptd-server 2021-03-16 01:08:49,395 [INFO] Got command from the client 'session,2021-03-16_00-55-54,stop,ranging'
ptd-server 2021-03-16 01:08:59,410 [INFO] Sending to ptd: 'Stop'
ptd-server 2021-03-16 01:08:59,410 [INFO] Reply from ptd: 'Stopping untimed measurement'
ptd-server 2021-03-16 01:08:59,551 [INFO] Sending reply to client 'OK'
ptd-server 2021-03-16 01:08:59,629 [INFO] Got command from the client 'session,2021-03-16_00-55-54,upload,ranging'
ptd-server 2021-03-16 01:08:59,629 [INFO] Received 'C:\\ptd-logs\\2021-03-16_00-55-54ranging.tmp'
ptd-server 2021-03-16 01:08:59,644 [INFO] Extracted 'C:\\ptd-logs\\2021-03-16_00-55-54ranging.tmp' into 'C:\\ptd-logs\\2021-03-16_00-55-54\\ranging'
ptd-server 2021-03-16 01:08:59,644 [INFO] Removed 'C:\\ptd-logs\\2021-03-16_00-55-54ranging.tmp'
ptd-server 2021-03-16 01:08:59,644 [INFO] Sending reply to client 'OK'
ptd-server 2021-03-16 01:08:59,847 [INFO] Got command from the client 'time'
ptd-server 2021-03-16 01:08:59,847 [INFO] Sending reply to client '1615882139.8479378'
ptd-server 2021-03-16 01:08:59,847 [INFO] Got command from the client 'session,2021-03-16_00-55-54,start,testing'
ptd-server 2021-03-16 01:08:59,847 [INFO] Sending to ptd: 'SR,V,206.830000'
ptd-server 2021-03-16 01:09:01,378 [INFO] Reply from ptd: 'Range V changed'
ptd-server 2021-03-16 01:09:01,378 [INFO] Sending to ptd: 'SR,A,6.322600'
ptd-server 2021-03-16 01:09:02,909 [INFO] Reply from ptd: 'Range A changed'
ptd-server 2021-03-16 01:09:12,922 [INFO] Starting testing mode
ptd-server 2021-03-16 01:09:12,922 [INFO] Sending to ptd: 'Go,1000,0,2021-03-16_00-55-54_testing'
ptd-server 2021-03-16 01:09:12,922 [INFO] Reply from ptd: 'Starting untimed measurement, maximum 500000 samples at 1000ms with 0 rampup samples'
ptd-server 2021-03-16 01:09:12,922 [INFO] Sending reply to client 'OK'
ptd-server 2021-03-16 01:21:45,275 [INFO] Got command from the client 'session,2021-03-16_00-55-54,stop,testing'
ptd-server 2021-03-16 01:21:55,275 [INFO] Sending to ptd: 'Stop'
ptd-server 2021-03-16 01:21:55,275 [INFO] Reply from ptd: 'Stopping untimed measurement'
ptd-server 2021-03-16 01:21:55,353 [INFO] Sending reply to client 'OK'
ptd-server 2021-03-16 01:21:55,369 [INFO] Got command from the client 'session,2021-03-16_00-55-54,upload,testing'
ptd-server 2021-03-16 01:21:55,369 [INFO] Received 'C:\\ptd-logs\\2021-03-16_00-55-54testing.tmp'
ptd-server 2021-03-16 01:21:55,369 [INFO] Extracted 'C:\\ptd-logs\\2021-03-16_00-55-54testing.tmp' into 'C:\\ptd-logs\\2021-03-16_00-55-54\\run_1'
ptd-server 2021-03-16 01:21:55,385 [INFO] Removed 'C:\\ptd-logs\\2021-03-16_00-55-54testing.tmp'
ptd-server 2021-03-16 01:21:55,385 [INFO] Sending reply to client 'OK'
ptd-server 2021-03-16 01:21:55,385 [INFO] Got command from the client 'session,2021-03-16_00-55-54,upload,client.log'
ptd-server 2021-03-16 01:21:55,385 [INFO] Received 'C:\\ptd-logs\\2021-03-16_00-55-54client.log.tmp'
ptd-server 2021-03-16 01:21:55,385 [INFO] Removed 'C:\\ptd-logs\\2021-03-16_00-55-54client.log.tmp'
ptd-server 2021-03-16 01:21:55,385 [INFO] Sending reply to client 'OK'
ptd-server 2021-03-16 01:21:55,400 [INFO] Got command from the client 'session,2021-03-16_00-55-54,upload,client.json'
ptd-server 2021-03-16 01:21:55,400 [INFO] Received 'C:\\ptd-logs\\2021-03-16_00-55-54client.json.tmp'
ptd-server 2021-03-16 01:21:55,416 [INFO] Removed 'C:\\ptd-logs\\2021-03-16_00-55-54client.json.tmp'
ptd-server 2021-03-16 01:21:55,416 [INFO] Sending reply to client 'OK'
ptd-server 2021-03-16 01:21:55,416 [INFO] Got command from the client 'session,2021-03-16_00-55-54,done'
ptd-server 2021-03-16 01:21:55,416 [INFO] Sending to ptd: 'Stop'
ptd-server 2021-03-16 01:21:55,931 [INFO] Reply from ptd: 'Error: no measurement to stop'
ptd-server 2021-03-16 01:21:55,931 [INFO] Sending to ptd: 'SR,V,Auto'
ptd-server 2021-03-16 01:21:56,447 [INFO] Reply from ptd: 'Range V changed'
ptd-server 2021-03-16 01:21:56,447 [INFO] Sending to ptd: 'SR,A,Auto'
ptd-server 2021-03-16 01:21:56,962 [INFO] Reply from ptd: 'Range A changed'
ptd-server 2021-03-16 01:21:56,962 [INFO] Set initial values for Amps Auto and Volts Auto
ptd-server 2021-03-16 01:21:56,962 [INFO] Stopping ptd...
