ptd-server 2021-03-09 21:50:01,030 [INFO] Got command from the client 'time'
ptd-server 2021-03-09 21:50:01,030 [INFO] Sending reply to client '1615326601.0306988'
ptd-server 2021-03-09 21:50:01,032 [INFO] Got command from the client 'new,,ffb5c917-09b8-4ebd-ac08-59bfc978d0f8'
ptd-server 2021-03-09 21:50:01,032 [INFO] Sending reply to client 'OK 2021-03-09_21-50-01,65285ba3-7dc4-4212-a1cd-0fdc4fcb7d8f'
ptd-server 2021-03-09 21:50:01,072 [INFO] Got command from the client 'time'
ptd-server 2021-03-09 21:50:01,072 [INFO] Sending reply to client '1615326601.0725255'
ptd-server 2021-03-09 21:50:01,074 [INFO] Got command from the client 'session,2021-03-09_21-50-01,start,ranging'
ptd-server 2021-03-09 21:50:01,075 [INFO] Running PTDaemon: ['/home/anton/projects/mlperf/power/inference_v1.0/ptd-linux-x86', '-l', 'ptd.log', '-p', '8888', '52', '/dev/usbtmc0']
ptd-server 2021-03-09 21:50:18,248 [INFO] Sending to ptd: 'Hello'
ptd-server 2021-03-09 21:50:18,249 [INFO] Reply from ptd: 'Hello, PTDaemon here!'
ptd-server 2021-03-09 21:50:18,249 [INFO] Sending to ptd: 'Identify'
ptd-server 2021-03-09 21:50:18,249 [INFO] Reply from ptd: 'YokogawaWT330E,1000,1,1,1,1,0,0,1,version=1.9.2-e8c7a49a-20201208,OS=Linux 5.8.0-43-generic #49~20.04.1-Ubuntu SMP Fri Feb 5 09:57:56 UTC 2021 x86_64,mode=power,1,1,1,0,0,no_cal_date,YOKOGAWA;WT333E;C3VD30030E;F1.04'
ptd-server 2021-03-09 21:50:18,249 [INFO] Connected to PTDaemon
ptd-server 2021-03-09 21:50:18,250 [INFO] Sending to ptd: 'RR'
ptd-server 2021-03-09 21:50:18,250 [INFO] Reply from ptd: 'Ranges,0,0.500000,0,300.000000'
ptd-server 2021-03-09 21:50:18,250 [INFO] Initial range for Amps is 0.500000 for Volts is 300.000000
ptd-server 2021-03-09 21:50:18,250 [INFO] Sending to ptd: 'SR,V,Auto'
ptd-server 2021-03-09 21:50:18,753 [INFO] Reply from ptd: 'Range V changed'
ptd-server 2021-03-09 21:50:18,753 [INFO] Sending to ptd: 'SR,A,Auto'
ptd-server 2021-03-09 21:50:19,256 [INFO] Reply from ptd: 'Range A changed'
ptd-server 2021-03-09 21:50:29,266 [INFO] Starting ranging mode
ptd-server 2021-03-09 21:50:29,266 [INFO] Sending to ptd: 'Go,1000,0,2021-03-09_21-50-01_ranging'
ptd-server 2021-03-09 21:50:29,266 [INFO] Reply from ptd: 'Starting untimed measurement, maximum 500000 samples at 1000ms with 0 rampup samples'
ptd-server 2021-03-09 21:50:29,267 [INFO] Sending reply to client 'OK'
ptd-server 2021-03-09 22:00:44,933 [INFO] Got command from the client 'session,2021-03-09_21-50-01,stop,ranging'
ptd-server 2021-03-09 22:00:54,944 [INFO] Sending to ptd: 'Stop'
ptd-server 2021-03-09 22:00:54,944 [INFO] Reply from ptd: 'Stopping untimed measurement'
ptd-server 2021-03-09 22:00:55,717 [INFO] Sending reply to client 'OK'
ptd-server 2021-03-09 22:00:55,782 [INFO] Got command from the client 'time'
ptd-server 2021-03-09 22:00:55,782 [INFO] Sending reply to client '1615327255.7825632'
ptd-server 2021-03-09 22:00:55,784 [INFO] Got command from the client 'session,2021-03-09_21-50-01,start,testing'
ptd-server 2021-03-09 22:00:55,784 [INFO] Sending to ptd: 'SR,V,249.980000'
ptd-server 2021-03-09 22:00:57,286 [INFO] Reply from ptd: 'Range V changed'
ptd-server 2021-03-09 22:00:57,286 [INFO] Sending to ptd: 'SR,A,0.128220'
ptd-server 2021-03-09 22:00:58,787 [INFO] Reply from ptd: 'Range A changed'
ptd-server 2021-03-09 22:01:08,798 [INFO] Starting testing mode
ptd-server 2021-03-09 22:01:08,798 [INFO] Sending to ptd: 'Go,1000,0,2021-03-09_21-50-01_testing'
ptd-server 2021-03-09 22:01:08,798 [INFO] Reply from ptd: 'Starting untimed measurement, maximum 500000 samples at 1000ms with 0 rampup samples'
ptd-server 2021-03-09 22:01:08,798 [INFO] Sending reply to client 'OK'
ptd-server 2021-03-09 22:11:24,379 [INFO] Got command from the client 'session,2021-03-09_21-50-01,stop,testing'
ptd-server 2021-03-09 22:11:34,390 [INFO] Sending to ptd: 'Stop'
ptd-server 2021-03-09 22:11:34,390 [INFO] Reply from ptd: 'Stopping untimed measurement'
ptd-server 2021-03-09 22:11:34,795 [INFO] Sending reply to client 'OK'
ptd-server 2021-03-09 22:11:34,805 [INFO] Got command from the client 'session,2021-03-09_21-50-01,upload,client.log'
ptd-server 2021-03-09 22:11:34,806 [INFO] Received '/home/anton/projects/mlperf/power-dev/output/2021-03-09_21-50-01client.log.tmp'
ptd-server 2021-03-09 22:11:34,807 [INFO] Removed '/home/anton/projects/mlperf/power-dev/output/2021-03-09_21-50-01client.log.tmp'
ptd-server 2021-03-09 22:11:34,807 [INFO] Sending reply to client 'OK'
ptd-server 2021-03-09 22:11:34,814 [INFO] Got command from the client 'session,2021-03-09_21-50-01,upload,client.json'
ptd-server 2021-03-09 22:11:34,814 [INFO] Received '/home/anton/projects/mlperf/power-dev/output/2021-03-09_21-50-01client.json.tmp'
ptd-server 2021-03-09 22:11:34,815 [INFO] Removed '/home/anton/projects/mlperf/power-dev/output/2021-03-09_21-50-01client.json.tmp'
ptd-server 2021-03-09 22:11:34,815 [INFO] Sending reply to client 'OK'
ptd-server 2021-03-09 22:11:34,816 [INFO] Got command from the client 'session,2021-03-09_21-50-01,done'
ptd-server 2021-03-09 22:11:34,816 [INFO] Sending to ptd: 'Stop'
ptd-server 2021-03-09 22:11:34,816 [INFO] Reply from ptd: 'Error: no measurement to stop'
ptd-server 2021-03-09 22:11:34,816 [INFO] Sending to ptd: 'SR,V,300.000000'
ptd-server 2021-03-09 22:11:36,318 [INFO] Reply from ptd: 'Range V changed'
ptd-server 2021-03-09 22:11:36,318 [INFO] Sending to ptd: 'SR,A,0.500000'
ptd-server 2021-03-09 22:11:37,819 [INFO] Reply from ptd: 'Range A changed'
ptd-server 2021-03-09 22:11:37,819 [INFO] Set initial values for Amps 0.500000 and Volts 300.000000
ptd-server 2021-03-09 22:11:37,819 [INFO] Stopping ptd...
