client 2021-03-18 23:35:52,476 [WARNING] Removing old loadgen logs directory '/home/scratch.mlperf_inference_audit/pohanh/mlperf-inference-xavier-dev/closed/NVIDIA/build/power_logs_temp'
client 2021-03-18 23:35:52,497 [INFO] Sending command to the server: 'mlcommons/power client v3'
client 2021-03-18 23:35:52,498 [INFO] Got response: 'mlcommons/power server v3'
client 2021-03-18 23:35:52,499 [INFO] Sending command to the server: 'stop'
client 2021-03-18 23:35:52,500 [INFO] Got response: 'OK'
client 2021-03-18 23:35:52,500 [INFO] Synchronizing with the server and with ib-01.dc4-in.nvidia.com...
client 2021-03-18 23:35:52,725 [INFO] NTP:offset = 0.003 s, delay = 0.207 s 
client 2021-03-18 23:35:52,726 [INFO] Sending command to the server: 'time'
client 2021-03-18 23:35:52,727 [INFO] Got response: '1616135752.6750658'
client 2021-03-18 23:35:52,728 [INFO] The time difference between the client and the server is within range 51.014 ms..53.049 ms
client 2021-03-18 23:35:52,728 [INFO] Sending command to the server: 'new,,2a60b052-f798-471c-b95f-be7c85f8a132'
client 2021-03-18 23:35:52,730 [INFO] Got response: 'OK 2021-03-18_23-35-52,4c70f6d7-c2f7-45d1-a792-4fb1c8703063'
client 2021-03-18 23:35:52,730 [INFO] Session id is '2021-03-18_23-35-52'
client 2021-03-18 23:35:52,731 [INFO] Sources: {"sources": {"client.py": "d1e75cb4b26101220ebd242e584cf3ca5d8f1996", "lib/__init__.py": "da39a3ee5e6b4b0d3255bfef95601890afd80709", "lib/client.py": "d42bebf5b74cb6ff3997e2a6c68422afac111a28", "lib/common.py": "b0bad80d8fa328a7636027d4d66ff453f8dd7889", "lib/external/ntplib.py": "4da8f970656505a40483206ef2b5d3dd5e81711d", "lib/server.py": "2ed36471c7af565d6c8438b2134edad1d7ddf166", "lib/source_hashes.py": "4cedff274c661cb1504052018fd4f00dfbf624ef", "lib/summary.py": "0db15d783907aa92038281af4e465545c0648ddb", "lib/time_sync.py": "76051226ec89287839723352f4162aaa24e0546a", "server.py": "99e1310e3f76292aef1b8792ce6b8c82f1d44d8b", "tests/unit/test_server.py": "64f11775bfed35232a0e8bb9593c0ff992432c59", "tests/unit/test_source_hashes.py": "cb41a7261eaf7d94ba5c0aae9c523174f6204be3"}, "modules": {"__main__": "client.py", "lib.client": "lib/client.py", "lib.common": "lib/common.py", "lib.external.ntplib": "lib/external/ntplib.py", "lib.source_hashes": "lib/source_hashes.py", "lib.summary": "lib/summary.py", "lib.time_sync": "lib/time_sync.py"}}
client 2021-03-18 23:35:52,737 [INFO] Running workload in ranging mode
client 2021-03-18 23:35:52,738 [INFO] Synchronizing with the server and with ib-01.dc4-in.nvidia.com...
client 2021-03-18 23:35:52,948 [INFO] NTP:offset = 0.001 s, delay = 0.204 s 
client 2021-03-18 23:35:52,948 [INFO] Sending command to the server: 'time'
client 2021-03-18 23:35:52,950 [INFO] Got response: '1616135752.8937676'
client 2021-03-18 23:35:52,950 [INFO] The time difference between the client and the server is within range 54.996 ms..56.832 ms
client 2021-03-18 23:35:52,950 [INFO] Sending command to the server: 'session,2021-03-18_23-35-52,start,ranging'
client 2021-03-18 23:36:21,922 [INFO] Got response: 'OK'
client 2021-03-18 23:36:21,923 [INFO] Running the workload 'LOG_DIR=/home/scratch.mlperf_inference_audit/pohanh/mlperf-inference-xavier-dev/closed/NVIDIA/build/power_logs_temp python3 code/main.py --benchmarks=ssd-mobilenet --scenarios=SingleStream --config_ver=maxq --action="run_harness" \\\n\t\t&& cp -v /home/scratch.mlperf_inference_audit/pohanh/mlperf-inference-xavier-dev/closed/NVIDIA/build/power_logs_temp/*/*/*/mlperf_log_detail.txt /home/scratch.mlperf_inference_audit/pohanh/mlperf-inference-xavier-dev/closed/NVIDIA/build/power_logs_temp/ \\\n\t\t&& cp -v /home/scratch.mlperf_inference_audit/pohanh/mlperf-inference-xavier-dev/closed/NVIDIA/build/power_logs_temp/*/*/*/mlperf_log_summary.txt /home/scratch.mlperf_inference_audit/pohanh/mlperf-inference-xavier-dev/closed/NVIDIA/build/power_logs_temp/'
client 2021-03-18 23:46:36,148 [INFO] Sending command to the server: 'session,2021-03-18_23-35-52,stop,ranging'
client 2021-03-18 23:46:46,746 [INFO] Got response: 'OK'
client 2021-03-18 23:46:46,754 [INFO] Packing logs into zip and uploading to the server
client 2021-03-18 23:46:46,793 [INFO] Zip file size: 15.9 kB
client 2021-03-18 23:46:46,814 [INFO] Got response: 'OK'
client 2021-03-18 23:46:46,815 [INFO] Running workload in testing mode
client 2021-03-18 23:46:46,816 [INFO] Synchronizing with the server and with ib-01.dc4-in.nvidia.com...
client 2021-03-18 23:46:47,025 [INFO] NTP:offset = 0.000 s, delay = 0.202 s 
client 2021-03-18 23:46:47,025 [INFO] Sending command to the server: 'time'
client 2021-03-18 23:46:47,026 [INFO] Got response: '1616136406.9763274'
client 2021-03-18 23:46:47,027 [INFO] The time difference between the client and the server is within range 49.103 ms..50.987 ms
client 2021-03-18 23:46:47,027 [INFO] Sending command to the server: 'session,2021-03-18_23-35-52,start,testing'
client 2021-03-18 23:47:00,095 [INFO] Got response: 'OK'
client 2021-03-18 23:47:00,097 [INFO] Running the workload 'LOG_DIR=/home/scratch.mlperf_inference_audit/pohanh/mlperf-inference-xavier-dev/closed/NVIDIA/build/power_logs_temp python3 code/main.py --benchmarks=ssd-mobilenet --scenarios=SingleStream --config_ver=maxq --action="run_harness" \\\n\t\t&& cp -v /home/scratch.mlperf_inference_audit/pohanh/mlperf-inference-xavier-dev/closed/NVIDIA/build/power_logs_temp/*/*/*/mlperf_log_detail.txt /home/scratch.mlperf_inference_audit/pohanh/mlperf-inference-xavier-dev/closed/NVIDIA/build/power_logs_temp/ \\\n\t\t&& cp -v /home/scratch.mlperf_inference_audit/pohanh/mlperf-inference-xavier-dev/closed/NVIDIA/build/power_logs_temp/*/*/*/mlperf_log_summary.txt /home/scratch.mlperf_inference_audit/pohanh/mlperf-inference-xavier-dev/closed/NVIDIA/build/power_logs_temp/'
client 2021-03-18 23:57:20,533 [INFO] Sending command to the server: 'session,2021-03-18_23-35-52,stop,testing'
client 2021-03-18 23:57:30,841 [INFO] Got response: 'OK'
client 2021-03-18 23:57:30,850 [INFO] Packing logs into zip and uploading to the server
client 2021-03-18 23:57:30,949 [INFO] Zip file size: 15.9 kB
client 2021-03-18 23:57:30,969 [INFO] Got response: 'OK'
client 2021-03-18 23:57:30,970 [INFO] Done runs
