ptd-server 2021-03-18 23:35:52,456 [INFO] Got command from the client 'stop'
ptd-server 2021-03-18 23:35:52,456 [INFO] The server will be stopped after processing this client
ptd-server 2021-03-18 23:35:52,456 [INFO] Sending reply to client 'OK'
ptd-server 2021-03-18 23:35:52,675 [INFO] Got command from the client 'time'
ptd-server 2021-03-18 23:35:52,675 [INFO] Sending reply to client '1616135752.6750658'
ptd-server 2021-03-18 23:35:52,675 [INFO] Got command from the client 'new,,2a60b052-f798-471c-b95f-be7c85f8a132'
ptd-server 2021-03-18 23:35:52,675 [INFO] Sending reply to client 'OK 2021-03-18_23-35-52,4c70f6d7-c2f7-45d1-a792-4fb1c8703063'
ptd-server 2021-03-18 23:35:52,893 [INFO] Got command from the client 'time'
ptd-server 2021-03-18 23:35:52,893 [INFO] Sending reply to client '1616135752.8937676'
ptd-server 2021-03-18 23:35:52,893 [INFO] Got command from the client 'session,2021-03-18_23-35-52,start,ranging'
ptd-server 2021-03-18 23:35:53,003 [INFO] Running PTDaemon: ['C:\\PTD\\ptd-windows-x86.exe', '-l', 'C:\\logs_ptdeamon.txt', '-p', '8888', '-c', '3', '-y', '52', '10.32.209.251']
ptd-server 2021-03-18 23:36:10,828 [INFO] Sending to ptd: 'Hello'
ptd-server 2021-03-18 23:36:10,828 [INFO] Reply from ptd: 'Hello, PTDaemon here!'
ptd-server 2021-03-18 23:36:10,828 [INFO] Sending to ptd: 'Identify'
ptd-server 2021-03-18 23:36:10,828 [INFO] Reply from ptd: 'YokogawaWT330E,1000,1,1,1,1,0,0,1,version=1.9.2-3976349f-20201208,OS=Windows 8 / Server 2012,mode=power,1,1,1,0,0,no_cal_date,YOKOGAWA;WT333E;C2VL22012V;F1.03'
ptd-server 2021-03-18 23:36:10,828 [INFO] Connected to PTDaemon
ptd-server 2021-03-18 23:36:10,828 [INFO] Sending to ptd: 'RR'
ptd-server 2021-03-18 23:36:10,828 [INFO] Reply from ptd: 'Ranges,0,0.500000,0,150.000000'
ptd-server 2021-03-18 23:36:10,828 [INFO] Initial range for Amps is 0.500000 for Volts is 150.000000
ptd-server 2021-03-18 23:36:10,828 [INFO] Sending to ptd: 'SR,V,Auto'
ptd-server 2021-03-18 23:36:11,343 [INFO] Reply from ptd: 'Range V changed'
ptd-server 2021-03-18 23:36:11,343 [INFO] Sending to ptd: 'SR,A,Auto'
ptd-server 2021-03-18 23:36:11,859 [INFO] Reply from ptd: 'Range A changed'
ptd-server 2021-03-18 23:36:21,872 [INFO] Starting ranging mode
ptd-server 2021-03-18 23:36:21,872 [INFO] Sending to ptd: 'Go,1000,0,2021-03-18_23-35-52_ranging'
ptd-server 2021-03-18 23:36:21,872 [INFO] Reply from ptd: 'Starting untimed measurement, maximum 500000 samples at 1000ms with 0 rampup samples'
ptd-server 2021-03-18 23:36:21,872 [INFO] Sending reply to client 'OK'
ptd-server 2021-03-18 23:46:36,104 [INFO] Got command from the client 'session,2021-03-18_23-35-52,stop,ranging'
ptd-server 2021-03-18 23:46:46,117 [INFO] Sending to ptd: 'Stop'
ptd-server 2021-03-18 23:46:46,117 [INFO] Reply from ptd: 'Stopping untimed measurement'
ptd-server 2021-03-18 23:46:46,695 [INFO] Sending reply to client 'OK'
ptd-server 2021-03-18 23:46:46,742 [INFO] Got command from the client 'session,2021-03-18_23-35-52,upload,ranging'
ptd-server 2021-03-18 23:46:46,742 [INFO] Received 'C:\\ptd-logs\\2021-03-18_23-35-52ranging.tmp'
ptd-server 2021-03-18 23:46:46,757 [INFO] Extracted 'C:\\ptd-logs\\2021-03-18_23-35-52ranging.tmp' into 'C:\\ptd-logs\\2021-03-18_23-35-52\\ranging'
ptd-server 2021-03-18 23:46:46,757 [INFO] Removed 'C:\\ptd-logs\\2021-03-18_23-35-52ranging.tmp'
ptd-server 2021-03-18 23:46:46,757 [INFO] Sending reply to client 'OK'
ptd-server 2021-03-18 23:46:46,976 [INFO] Got command from the client 'time'
ptd-server 2021-03-18 23:46:46,976 [INFO] Sending reply to client '1616136406.9763274'
ptd-server 2021-03-18 23:46:46,976 [INFO] Got command from the client 'session,2021-03-18_23-35-52,start,testing'
ptd-server 2021-03-18 23:46:46,976 [INFO] Sending to ptd: 'SR,V,120.120000'
ptd-server 2021-03-18 23:46:48,507 [INFO] Reply from ptd: 'Range V changed'
ptd-server 2021-03-18 23:46:48,507 [INFO] Sending to ptd: 'SR,A,0.292500'
ptd-server 2021-03-18 23:46:50,038 [INFO] Reply from ptd: 'Range A changed'
ptd-server 2021-03-18 23:47:00,051 [INFO] Starting testing mode
ptd-server 2021-03-18 23:47:00,051 [INFO] Sending to ptd: 'Go,1000,0,2021-03-18_23-35-52_testing'
ptd-server 2021-03-18 23:47:00,051 [INFO] Reply from ptd: 'Starting untimed measurement, maximum 500000 samples at 1000ms with 0 rampup samples'
ptd-server 2021-03-18 23:47:00,051 [INFO] Sending reply to client 'OK'
ptd-server 2021-03-18 23:57:20,490 [INFO] Got command from the client 'session,2021-03-18_23-35-52,stop,testing'
ptd-server 2021-03-18 23:57:30,503 [INFO] Sending to ptd: 'Stop'
ptd-server 2021-03-18 23:57:30,503 [INFO] Reply from ptd: 'Stopping untimed measurement'
ptd-server 2021-03-18 23:57:30,799 [INFO] Sending reply to client 'OK'
ptd-server 2021-03-18 23:57:30,909 [INFO] Got command from the client 'session,2021-03-18_23-35-52,upload,testing'
ptd-server 2021-03-18 23:57:30,909 [INFO] Received 'C:\\ptd-logs\\2021-03-18_23-35-52testing.tmp'
ptd-server 2021-03-18 23:57:30,924 [INFO] Extracted 'C:\\ptd-logs\\2021-03-18_23-35-52testing.tmp' into 'C:\\ptd-logs\\2021-03-18_23-35-52\\run_1'
ptd-server 2021-03-18 23:57:30,924 [INFO] Removed 'C:\\ptd-logs\\2021-03-18_23-35-52testing.tmp'
ptd-server 2021-03-18 23:57:30,924 [INFO] Sending reply to client 'OK'
ptd-server 2021-03-18 23:57:30,924 [INFO] Got command from the client 'session,2021-03-18_23-35-52,upload,client.log'
ptd-server 2021-03-18 23:57:30,924 [INFO] Received 'C:\\ptd-logs\\2021-03-18_23-35-52client.log.tmp'
ptd-server 2021-03-18 23:57:30,940 [INFO] Removed 'C:\\ptd-logs\\2021-03-18_23-35-52client.log.tmp'
ptd-server 2021-03-18 23:57:30,940 [INFO] Sending reply to client 'OK'
ptd-server 2021-03-18 23:57:30,987 [INFO] Got command from the client 'session,2021-03-18_23-35-52,upload,client.json'
ptd-server 2021-03-18 23:57:30,987 [INFO] Received 'C:\\ptd-logs\\2021-03-18_23-35-52client.json.tmp'
ptd-server 2021-03-18 23:57:30,987 [INFO] Removed 'C:\\ptd-logs\\2021-03-18_23-35-52client.json.tmp'
ptd-server 2021-03-18 23:57:30,987 [INFO] Sending reply to client 'OK'
ptd-server 2021-03-18 23:57:30,987 [INFO] Got command from the client 'session,2021-03-18_23-35-52,done'
ptd-server 2021-03-18 23:57:30,987 [INFO] Sending to ptd: 'Stop'
ptd-server 2021-03-18 23:57:31,065 [INFO] Reply from ptd: 'Error: no measurement to stop'
ptd-server 2021-03-18 23:57:31,065 [INFO] Sending to ptd: 'SR,V,150.000000'
ptd-server 2021-03-18 23:57:32,596 [INFO] Reply from ptd: 'Range V changed'
ptd-server 2021-03-18 23:57:32,596 [INFO] Sending to ptd: 'SR,A,0.500000'
ptd-server 2021-03-18 23:57:34,127 [INFO] Reply from ptd: 'Range A changed'
ptd-server 2021-03-18 23:57:34,127 [INFO] Set initial values for Amps 0.500000 and Volts 150.000000
ptd-server 2021-03-18 23:57:34,127 [INFO] Stopping ptd...
