ptd-server 2021-03-07 18:27:12,217 [INFO] Got command from the client 'time'
ptd-server 2021-03-07 18:27:12,217 [INFO] Sending reply to client '1615141632.2174942'
ptd-server 2021-03-07 18:27:12,221 [INFO] Got command from the client 'new,,53104ac4-a53a-4118-8e66-ba3c68e1d069'
ptd-server 2021-03-07 18:27:12,221 [INFO] Sending reply to client 'OK 2021-03-07_18-27-12,649151a1-70f8-4f82-9c68-ca2734cdfe28'
ptd-server 2021-03-07 18:27:12,257 [INFO] Got command from the client 'time'
ptd-server 2021-03-07 18:27:12,257 [INFO] Sending reply to client '1615141632.2572923'
ptd-server 2021-03-07 18:27:12,260 [INFO] Got command from the client 'session,2021-03-07_18-27-12,start,ranging'
ptd-server 2021-03-07 18:27:12,260 [INFO] Running PTDaemon: ['/home/anton/projects/mlperf/power/inference_v1.0/ptd-linux-x86', '-l', 'ptd.log', '-p', '8888', '52', '/dev/usbtmc0']
ptd-server 2021-03-07 18:27:29,432 [INFO] Sending to ptd: 'Hello'
ptd-server 2021-03-07 18:27:29,433 [INFO] Reply from ptd: 'Hello, PTDaemon here!'
ptd-server 2021-03-07 18:27:29,433 [INFO] Sending to ptd: 'Identify'
ptd-server 2021-03-07 18:27:29,433 [INFO] Reply from ptd: 'YokogawaWT330E,1000,1,1,1,1,0,0,1,version=1.9.2-e8c7a49a-20201208,OS=Linux 5.8.0-43-generic #49~20.04.1-Ubuntu SMP Fri Feb 5 09:57:56 UTC 2021 x86_64,mode=power,1,1,1,0,0,no_cal_date,YOKOGAWA;WT333E;C3VD30030E;F1.04'
ptd-server 2021-03-07 18:27:29,433 [INFO] Connected to PTDaemon
ptd-server 2021-03-07 18:27:29,434 [INFO] Sending to ptd: 'RR'
ptd-server 2021-03-07 18:27:29,434 [INFO] Reply from ptd: 'Ranges,0,0.500000,0,300.000000'
ptd-server 2021-03-07 18:27:29,434 [INFO] Initial range for Amps is 0.500000 for Volts is 300.000000
ptd-server 2021-03-07 18:27:29,434 [INFO] Sending to ptd: 'SR,V,Auto'
ptd-server 2021-03-07 18:27:29,937 [INFO] Reply from ptd: 'Range V changed'
ptd-server 2021-03-07 18:27:29,937 [INFO] Sending to ptd: 'SR,A,Auto'
ptd-server 2021-03-07 18:27:30,439 [INFO] Reply from ptd: 'Range A changed'
ptd-server 2021-03-07 18:27:40,450 [INFO] Starting ranging mode
ptd-server 2021-03-07 18:27:40,450 [INFO] Sending to ptd: 'Go,1000,0,2021-03-07_18-27-12_ranging'
ptd-server 2021-03-07 18:27:40,450 [INFO] Reply from ptd: 'Starting untimed measurement, maximum 500000 samples at 1000ms with 0 rampup samples'
ptd-server 2021-03-07 18:27:40,450 [INFO] Sending reply to client 'OK'
ptd-server 2021-03-07 18:38:05,912 [INFO] Got command from the client 'session,2021-03-07_18-27-12,stop,ranging'
ptd-server 2021-03-07 18:38:15,922 [INFO] Sending to ptd: 'Stop'
ptd-server 2021-03-07 18:38:15,922 [INFO] Reply from ptd: 'Stopping untimed measurement'
ptd-server 2021-03-07 18:38:16,499 [INFO] Sending reply to client 'OK'
ptd-server 2021-03-07 18:38:16,548 [INFO] Got command from the client 'time'
ptd-server 2021-03-07 18:38:16,548 [INFO] Sending reply to client '1615142296.548284'
ptd-server 2021-03-07 18:38:16,552 [INFO] Got command from the client 'session,2021-03-07_18-27-12,start,testing'
ptd-server 2021-03-07 18:38:16,552 [INFO] Sending to ptd: 'SR,V,249.960000'
ptd-server 2021-03-07 18:38:18,053 [INFO] Reply from ptd: 'Range V changed'
ptd-server 2021-03-07 18:38:18,053 [INFO] Sending to ptd: 'SR,A,0.054380'
ptd-server 2021-03-07 18:38:19,555 [INFO] Reply from ptd: 'Range A changed'
ptd-server 2021-03-07 18:38:29,565 [INFO] Starting testing mode
ptd-server 2021-03-07 18:38:29,565 [INFO] Sending to ptd: 'Go,1000,0,2021-03-07_18-27-12_testing'
ptd-server 2021-03-07 18:38:29,566 [INFO] Reply from ptd: 'Starting untimed measurement, maximum 500000 samples at 1000ms with 0 rampup samples'
ptd-server 2021-03-07 18:38:29,566 [INFO] Sending reply to client 'OK'
ptd-server 2021-03-07 18:48:59,741 [INFO] Got command from the client 'session,2021-03-07_18-27-12,stop,testing'
ptd-server 2021-03-07 18:49:09,752 [INFO] Sending to ptd: 'Stop'
ptd-server 2021-03-07 18:49:09,752 [INFO] Reply from ptd: 'Stopping untimed measurement'
ptd-server 2021-03-07 18:49:10,047 [INFO] Sending reply to client 'OK'
ptd-server 2021-03-07 18:49:10,055 [INFO] Got command from the client 'session,2021-03-07_18-27-12,upload,client.log'
ptd-server 2021-03-07 18:49:10,059 [INFO] Received '/home/anton/projects/mlperf/power-dev/output/2021-03-07_18-27-12client.log.tmp'
ptd-server 2021-03-07 18:49:10,059 [INFO] Removed '/home/anton/projects/mlperf/power-dev/output/2021-03-07_18-27-12client.log.tmp'
ptd-server 2021-03-07 18:49:10,059 [INFO] Sending reply to client 'OK'
ptd-server 2021-03-07 18:49:10,072 [INFO] Got command from the client 'session,2021-03-07_18-27-12,upload,client.json'
ptd-server 2021-03-07 18:49:10,074 [INFO] Received '/home/anton/projects/mlperf/power-dev/output/2021-03-07_18-27-12client.json.tmp'
ptd-server 2021-03-07 18:49:10,075 [INFO] Removed '/home/anton/projects/mlperf/power-dev/output/2021-03-07_18-27-12client.json.tmp'
ptd-server 2021-03-07 18:49:10,075 [INFO] Sending reply to client 'OK'
ptd-server 2021-03-07 18:49:10,077 [INFO] Got command from the client 'session,2021-03-07_18-27-12,done'
ptd-server 2021-03-07 18:49:10,078 [INFO] Sending to ptd: 'Stop'
ptd-server 2021-03-07 18:49:10,566 [INFO] Reply from ptd: 'Error: no measurement to stop'
ptd-server 2021-03-07 18:49:10,566 [INFO] Sending to ptd: 'SR,V,300.000000'
ptd-server 2021-03-07 18:49:12,067 [INFO] Reply from ptd: 'Range V changed'
ptd-server 2021-03-07 18:49:12,068 [INFO] Sending to ptd: 'SR,A,0.500000'
ptd-server 2021-03-07 18:49:13,569 [INFO] Reply from ptd: 'Range A changed'
ptd-server 2021-03-07 18:49:13,569 [INFO] Set initial values for Amps 0.500000 and Volts 300.000000
ptd-server 2021-03-07 18:49:13,569 [INFO] Stopping ptd...
