ptd-server 2021-03-08 05:49:25,000 [INFO] Got command from the client 'time'
ptd-server 2021-03-08 05:49:25,000 [INFO] Sending reply to client '1615182565.0007062'
ptd-server 2021-03-08 05:49:25,003 [INFO] Got command from the client 'new,,e4a71436-f40f-4e28-86a6-6fa97c7b135c'
ptd-server 2021-03-08 05:49:25,004 [INFO] Sending reply to client 'OK 2021-03-08_05-49-25,4307194e-1ebe-4c66-9f62-882aac97e859'
ptd-server 2021-03-08 05:49:25,040 [INFO] Got command from the client 'time'
ptd-server 2021-03-08 05:49:25,040 [INFO] Sending reply to client '1615182565.0405622'
ptd-server 2021-03-08 05:49:25,043 [INFO] Got command from the client 'session,2021-03-08_05-49-25,start,ranging'
ptd-server 2021-03-08 05:49:25,044 [INFO] Running PTDaemon: ['/home/anton/projects/mlperf/power/inference_v1.0/ptd-linux-x86', '-l', 'ptd.log', '-p', '8888', '52', '/dev/usbtmc0']
ptd-server 2021-03-08 05:49:42,215 [INFO] Sending to ptd: 'Hello'
ptd-server 2021-03-08 05:49:42,216 [INFO] Reply from ptd: 'Hello, PTDaemon here!'
ptd-server 2021-03-08 05:49:42,216 [INFO] Sending to ptd: 'Identify'
ptd-server 2021-03-08 05:49:42,216 [INFO] Reply from ptd: 'YokogawaWT330E,1000,1,1,1,1,0,0,1,version=1.9.2-e8c7a49a-20201208,OS=Linux 5.8.0-43-generic #49~20.04.1-Ubuntu SMP Fri Feb 5 09:57:56 UTC 2021 x86_64,mode=power,1,1,1,0,0,no_cal_date,YOKOGAWA;WT333E;C3VD30030E;F1.04'
ptd-server 2021-03-08 05:49:42,217 [INFO] Connected to PTDaemon
ptd-server 2021-03-08 05:49:42,217 [INFO] Sending to ptd: 'RR'
ptd-server 2021-03-08 05:49:42,217 [INFO] Reply from ptd: 'Ranges,0,0.500000,0,300.000000'
ptd-server 2021-03-08 05:49:42,217 [INFO] Initial range for Amps is 0.500000 for Volts is 300.000000
ptd-server 2021-03-08 05:49:42,217 [INFO] Sending to ptd: 'SR,V,Auto'
ptd-server 2021-03-08 05:49:42,720 [INFO] Reply from ptd: 'Range V changed'
ptd-server 2021-03-08 05:49:42,720 [INFO] Sending to ptd: 'SR,A,Auto'
ptd-server 2021-03-08 05:49:43,222 [INFO] Reply from ptd: 'Range A changed'
ptd-server 2021-03-08 05:49:53,233 [INFO] Starting ranging mode
ptd-server 2021-03-08 05:49:53,233 [INFO] Sending to ptd: 'Go,1000,0,2021-03-08_05-49-25_ranging'
ptd-server 2021-03-08 05:49:53,233 [INFO] Reply from ptd: 'Starting untimed measurement, maximum 500000 samples at 1000ms with 0 rampup samples'
ptd-server 2021-03-08 05:49:53,234 [INFO] Sending reply to client 'OK'
ptd-server 2021-03-08 06:00:18,316 [INFO] Got command from the client 'session,2021-03-08_05-49-25,stop,ranging'
ptd-server 2021-03-08 06:00:28,326 [INFO] Sending to ptd: 'Stop'
ptd-server 2021-03-08 06:00:28,327 [INFO] Reply from ptd: 'Stopping untimed measurement'
ptd-server 2021-03-08 06:00:28,961 [INFO] Sending reply to client 'OK'
ptd-server 2021-03-08 06:00:29,010 [INFO] Got command from the client 'time'
ptd-server 2021-03-08 06:00:29,010 [INFO] Sending reply to client '1615183229.0103953'
ptd-server 2021-03-08 06:00:29,014 [INFO] Got command from the client 'session,2021-03-08_05-49-25,start,testing'
ptd-server 2021-03-08 06:00:29,015 [INFO] Sending to ptd: 'SR,V,250.250000'
ptd-server 2021-03-08 06:00:30,734 [INFO] Reply from ptd: 'Range V changed'
ptd-server 2021-03-08 06:00:30,735 [INFO] Sending to ptd: 'SR,A,0.061010'
ptd-server 2021-03-08 06:00:32,236 [INFO] Reply from ptd: 'Range A changed'
ptd-server 2021-03-08 06:00:42,246 [INFO] Starting testing mode
ptd-server 2021-03-08 06:00:42,246 [INFO] Sending to ptd: 'Go,1000,0,2021-03-08_05-49-25_testing'
ptd-server 2021-03-08 06:00:42,247 [INFO] Reply from ptd: 'Starting untimed measurement, maximum 500000 samples at 1000ms with 0 rampup samples'
ptd-server 2021-03-08 06:00:42,247 [INFO] Sending reply to client 'OK'
ptd-server 2021-03-08 06:11:12,177 [INFO] Got command from the client 'session,2021-03-08_05-49-25,stop,testing'
ptd-server 2021-03-08 06:11:22,188 [INFO] Sending to ptd: 'Stop'
ptd-server 2021-03-08 06:11:22,188 [INFO] Reply from ptd: 'Stopping untimed measurement'
ptd-server 2021-03-08 06:11:22,517 [INFO] Sending reply to client 'OK'
ptd-server 2021-03-08 06:11:22,526 [INFO] Got command from the client 'session,2021-03-08_05-49-25,upload,client.log'
ptd-server 2021-03-08 06:11:22,529 [INFO] Received '/home/anton/projects/mlperf/power-dev/output/2021-03-08_05-49-25client.log.tmp'
ptd-server 2021-03-08 06:11:22,530 [INFO] Removed '/home/anton/projects/mlperf/power-dev/output/2021-03-08_05-49-25client.log.tmp'
ptd-server 2021-03-08 06:11:22,530 [INFO] Sending reply to client 'OK'
ptd-server 2021-03-08 06:11:22,542 [INFO] Got command from the client 'session,2021-03-08_05-49-25,upload,client.json'
ptd-server 2021-03-08 06:11:22,545 [INFO] Received '/home/anton/projects/mlperf/power-dev/output/2021-03-08_05-49-25client.json.tmp'
ptd-server 2021-03-08 06:11:22,545 [INFO] Removed '/home/anton/projects/mlperf/power-dev/output/2021-03-08_05-49-25client.json.tmp'
ptd-server 2021-03-08 06:11:22,545 [INFO] Sending reply to client 'OK'
ptd-server 2021-03-08 06:11:22,548 [INFO] Got command from the client 'session,2021-03-08_05-49-25,done'
ptd-server 2021-03-08 06:11:22,548 [INFO] Sending to ptd: 'Stop'
ptd-server 2021-03-08 06:11:22,549 [INFO] Reply from ptd: 'Error: no measurement to stop'
ptd-server 2021-03-08 06:11:22,549 [INFO] Sending to ptd: 'SR,V,300.000000'
ptd-server 2021-03-08 06:11:24,050 [INFO] Reply from ptd: 'Range V changed'
ptd-server 2021-03-08 06:11:24,050 [INFO] Sending to ptd: 'SR,A,0.500000'
ptd-server 2021-03-08 06:11:25,551 [INFO] Reply from ptd: 'Range A changed'
ptd-server 2021-03-08 06:11:25,552 [INFO] Set initial values for Amps 0.500000 and Volts 300.000000
ptd-server 2021-03-08 06:11:25,552 [INFO] Stopping ptd...
