client 2021-03-18 04:16:39,953 [WARNING] Removing old loadgen logs directory '/home/scratch.mlperf_inf_ci/mlPerf/L1/A100_PCIex8_MaxQ-Computelab-A100-PCIEx8-MaxQ-L1-2-2021-03-17-03-56-44-UTC/mlperf-inference/closed/NVIDIA/build/power_logs_temp'
client 2021-03-18 04:16:39,958 [INFO] Sending command to the server: 'mlcommons/power client v3'
client 2021-03-18 04:16:39,959 [INFO] Got response: 'mlcommons/power server v3'
client 2021-03-18 04:16:39,959 [INFO] Sending command to the server: 'stop'
client 2021-03-18 04:16:39,959 [INFO] Got response: 'OK'
client 2021-03-18 04:16:39,959 [INFO] Synchronizing with the server and with ib-01.dc4-in.nvidia.com...
client 2021-03-18 04:16:40,166 [INFO] NTP:offset = 0.001 s, delay = 0.204 s 
client 2021-03-18 04:16:40,167 [INFO] Sending command to the server: 'time'
client 2021-03-18 04:16:40,168 [INFO] Got response: '1616066200.2695928'
client 2021-03-18 04:16:40,168 [INFO] The time difference between the client and the server is within range -102.520 ms..-101.278 ms
client 2021-03-18 04:16:40,168 [INFO] Sending command to the server: 'new,,79b90618-089f-4486-b923-f4c702389abd'
client 2021-03-18 04:16:40,169 [INFO] Got response: 'OK 2021-03-18_04-16-40,b2cab33f-9f35-4b73-8118-17216b9e01ce'
client 2021-03-18 04:16:40,169 [INFO] Session id is '2021-03-18_04-16-40'
client 2021-03-18 04:16:40,169 [INFO] Sources: {"sources": {"client.py": "d1e75cb4b26101220ebd242e584cf3ca5d8f1996", "lib/__init__.py": "da39a3ee5e6b4b0d3255bfef95601890afd80709", "lib/client.py": "d42bebf5b74cb6ff3997e2a6c68422afac111a28", "lib/common.py": "b0bad80d8fa328a7636027d4d66ff453f8dd7889", "lib/external/ntplib.py": "4da8f970656505a40483206ef2b5d3dd5e81711d", "lib/server.py": "2ed36471c7af565d6c8438b2134edad1d7ddf166", "lib/source_hashes.py": "4cedff274c661cb1504052018fd4f00dfbf624ef", "lib/summary.py": "0db15d783907aa92038281af4e465545c0648ddb", "lib/time_sync.py": "76051226ec89287839723352f4162aaa24e0546a", "server.py": "99e1310e3f76292aef1b8792ce6b8c82f1d44d8b", "tests/unit/test_server.py": "64f11775bfed35232a0e8bb9593c0ff992432c59", "tests/unit/test_source_hashes.py": "cb41a7261eaf7d94ba5c0aae9c523174f6204be3"}, "modules": {"__main__": "client.py", "lib.client": "lib/client.py", "lib.common": "lib/common.py", "lib.external.ntplib": "lib/external/ntplib.py", "lib.source_hashes": "lib/source_hashes.py", "lib.summary": "lib/summary.py", "lib.time_sync": "lib/time_sync.py"}}
client 2021-03-18 04:16:40,172 [INFO] Running workload in ranging mode
client 2021-03-18 04:16:40,172 [INFO] Synchronizing with the server and with ib-01.dc4-in.nvidia.com...
client 2021-03-18 04:16:40,376 [INFO] NTP:offset = 0.001 s, delay = 0.203 s 
client 2021-03-18 04:16:40,376 [INFO] Sending command to the server: 'time'
client 2021-03-18 04:16:40,377 [INFO] Got response: '1616066200.472663'
client 2021-03-18 04:16:40,377 [INFO] The time difference between the client and the server is within range -96.048 ms..-94.990 ms
client 2021-03-18 04:16:40,377 [INFO] Sending command to the server: 'session,2021-03-18_04-16-40,start,ranging'
client 2021-03-18 04:17:20,052 [INFO] Got response: 'OK'
client 2021-03-18 04:17:20,052 [INFO] Running the workload 'LOG_DIR=/home/scratch.mlperf_inf_ci/mlPerf/L1/A100_PCIex8_MaxQ-Computelab-A100-PCIEx8-MaxQ-L1-2-2021-03-17-03-56-44-UTC/mlperf-inference/closed/NVIDIA/build/power_logs_temp python3 code/main.py --benchmarks=rnnt --scenarios=Server --test_mode=PerformanceOnly --config_ver=maxq --action="run_harness" \\\n\t\t&& cp -v /home/scratch.mlperf_inf_ci/mlPerf/L1/A100_PCIex8_MaxQ-Computelab-A100-PCIEx8-MaxQ-L1-2-2021-03-17-03-56-44-UTC/mlperf-inference/closed/NVIDIA/build/power_logs_temp/*/*/*/mlperf_log_detail.txt /home/scratch.mlperf_inf_ci/mlPerf/L1/A100_PCIex8_MaxQ-Computelab-A100-PCIEx8-MaxQ-L1-2-2021-03-17-03-56-44-UTC/mlperf-inference/closed/NVIDIA/build/power_logs_temp/ \\\n\t\t&& cp -v /home/scratch.mlperf_inf_ci/mlPerf/L1/A100_PCIex8_MaxQ-Computelab-A100-PCIEx8-MaxQ-L1-2-2021-03-17-03-56-44-UTC/mlperf-inference/closed/NVIDIA/build/power_logs_temp/*/*/*/mlperf_log_summary.txt /home/scratch.mlperf_inf_ci/mlPerf/L1/A100_PCIex8_MaxQ-Computelab-A100-PCIEx8-MaxQ-L1-2-2021-03-17-03-56-44-UTC/mlperf-inference/closed/NVIDIA/build/power_logs_temp/'
client 2021-03-18 04:29:48,463 [INFO] Sending command to the server: 'session,2021-03-18_04-16-40,stop,ranging'
client 2021-03-18 04:29:58,927 [INFO] Got response: 'OK'
client 2021-03-18 04:29:58,934 [INFO] Packing logs into zip and uploading to the server
client 2021-03-18 04:29:58,957 [INFO] Zip file size: 22.5 kB
client 2021-03-18 04:29:58,975 [INFO] Got response: 'OK'
client 2021-03-18 04:29:58,976 [INFO] Running workload in testing mode
client 2021-03-18 04:29:58,976 [INFO] Synchronizing with the server and with ib-01.dc4-in.nvidia.com...
client 2021-03-18 04:29:59,179 [INFO] NTP:offset = -0.000 s, delay = 0.201 s 
client 2021-03-18 04:29:59,179 [INFO] Sending command to the server: 'time'
client 2021-03-18 04:29:59,180 [INFO] Got response: '1616066999.2765944'
client 2021-03-18 04:29:59,180 [INFO] The time difference between the client and the server is within range -96.818 ms..-95.740 ms
client 2021-03-18 04:29:59,180 [INFO] Sending command to the server: 'session,2021-03-18_04-16-40,start,testing'
client 2021-03-18 04:30:20,866 [INFO] Got response: 'OK'
client 2021-03-18 04:30:20,866 [INFO] Running the workload 'LOG_DIR=/home/scratch.mlperf_inf_ci/mlPerf/L1/A100_PCIex8_MaxQ-Computelab-A100-PCIEx8-MaxQ-L1-2-2021-03-17-03-56-44-UTC/mlperf-inference/closed/NVIDIA/build/power_logs_temp python3 code/main.py --benchmarks=rnnt --scenarios=Server --test_mode=PerformanceOnly --config_ver=maxq --action="run_harness" \\\n\t\t&& cp -v /home/scratch.mlperf_inf_ci/mlPerf/L1/A100_PCIex8_MaxQ-Computelab-A100-PCIEx8-MaxQ-L1-2-2021-03-17-03-56-44-UTC/mlperf-inference/closed/NVIDIA/build/power_logs_temp/*/*/*/mlperf_log_detail.txt /home/scratch.mlperf_inf_ci/mlPerf/L1/A100_PCIex8_MaxQ-Computelab-A100-PCIEx8-MaxQ-L1-2-2021-03-17-03-56-44-UTC/mlperf-inference/closed/NVIDIA/build/power_logs_temp/ \\\n\t\t&& cp -v /home/scratch.mlperf_inf_ci/mlPerf/L1/A100_PCIex8_MaxQ-Computelab-A100-PCIEx8-MaxQ-L1-2-2021-03-17-03-56-44-UTC/mlperf-inference/closed/NVIDIA/build/power_logs_temp/*/*/*/mlperf_log_summary.txt /home/scratch.mlperf_inf_ci/mlPerf/L1/A100_PCIex8_MaxQ-Computelab-A100-PCIEx8-MaxQ-L1-2-2021-03-17-03-56-44-UTC/mlperf-inference/closed/NVIDIA/build/power_logs_temp/'
client 2021-03-18 04:42:40,314 [INFO] Sending command to the server: 'session,2021-03-18_04-16-40,stop,testing'
client 2021-03-18 04:42:50,536 [INFO] Got response: 'OK'
client 2021-03-18 04:42:50,545 [INFO] Packing logs into zip and uploading to the server
client 2021-03-18 04:42:50,582 [INFO] Zip file size: 22.6 kB
client 2021-03-18 04:42:50,600 [INFO] Got response: 'OK'
client 2021-03-18 04:42:50,601 [INFO] Done runs
