ptd-server 2021-03-18 04:16:40,066 [INFO] Got command from the client 'stop'
ptd-server 2021-03-18 04:16:40,066 [INFO] The server will be stopped after processing this client
ptd-server 2021-03-18 04:16:40,066 [INFO] Sending reply to client 'OK'
ptd-server 2021-03-18 04:16:40,269 [INFO] Got command from the client 'time'
ptd-server 2021-03-18 04:16:40,269 [INFO] Sending reply to client '1616066200.2695928'
ptd-server 2021-03-18 04:16:40,269 [INFO] Got command from the client 'new,,79b90618-089f-4486-b923-f4c702389abd'
ptd-server 2021-03-18 04:16:40,269 [INFO] Sending reply to client 'OK 2021-03-18_04-16-40,b2cab33f-9f35-4b73-8118-17216b9e01ce'
ptd-server 2021-03-18 04:16:40,472 [INFO] Got command from the client 'time'
ptd-server 2021-03-18 04:16:40,472 [INFO] Sending reply to client '1616066200.472663'
ptd-server 2021-03-18 04:16:40,472 [INFO] Got command from the client 'session,2021-03-18_04-16-40,start,ranging'
ptd-server 2021-03-18 04:16:40,582 [INFO] Running PTDaemon: ['C:\\PTD\\ptd-windows-x86.exe', '-l', 'C:\\logs_ptdeamon.txt', '-p', '8888', '-c', '1,3', '-y', '77', '10.117.41.199']
ptd-server 2021-03-18 04:16:59,984 [INFO] Sending to ptd: 'Hello'
ptd-server 2021-03-18 04:16:59,984 [INFO] Reply from ptd: 'Hello, PTDaemon here!'
ptd-server 2021-03-18 04:16:59,984 [INFO] Sending to ptd: 'Identify'
ptd-server 2021-03-18 04:16:59,984 [INFO] Reply from ptd: 'YokogawaWT330_multichannel,1000,1,1,1,1,0,0,1,version=1.9.2-3976349f-20201208,OS=Windows 8 / Server 2012,mode=power,1,1,2,0,0,no_cal_date,YOKOGAWA;WT333E;C2WL21011V;F1.04'
ptd-server 2021-03-18 04:16:59,984 [INFO] Connected to PTDaemon
ptd-server 2021-03-18 04:16:59,984 [INFO] Sending to ptd: 'RR'
ptd-server 2021-03-18 04:16:59,984 [INFO] Reply from ptd: 'Ranges,1,2.000000,1,300.000000'
ptd-server 2021-03-18 04:16:59,984 [INFO] Initial range for Amps is Auto for Volts is Auto
ptd-server 2021-03-18 04:16:59,984 [INFO] Sending to ptd: 'SR,V,Auto'
ptd-server 2021-03-18 04:17:05,061 [INFO] Reply from ptd: 'Range V changed'
ptd-server 2021-03-18 04:17:05,061 [INFO] Sending to ptd: 'SR,A,Auto'
ptd-server 2021-03-18 04:17:10,138 [INFO] Reply from ptd: 'Range A changed'
ptd-server 2021-03-18 04:17:20,153 [INFO] Starting ranging mode
ptd-server 2021-03-18 04:17:20,153 [INFO] Sending to ptd: 'Go,1000,0,2021-03-18_04-16-40_ranging'
ptd-server 2021-03-18 04:17:20,153 [INFO] Reply from ptd: 'Starting untimed measurement, maximum 500000 samples at 1000ms with 0 rampup samples'
ptd-server 2021-03-18 04:17:20,153 [INFO] Sending reply to client 'OK'
ptd-server 2021-03-18 04:29:48,560 [INFO] Got command from the client 'session,2021-03-18_04-16-40,stop,ranging'
ptd-server 2021-03-18 04:29:58,573 [INFO] Sending to ptd: 'Stop'
ptd-server 2021-03-18 04:29:58,573 [INFO] Reply from ptd: 'Stopping untimed measurement'
ptd-server 2021-03-18 04:29:59,011 [INFO] Sending reply to client 'OK'
ptd-server 2021-03-18 04:29:59,057 [INFO] Got command from the client 'session,2021-03-18_04-16-40,upload,ranging'
ptd-server 2021-03-18 04:29:59,057 [INFO] Received 'C:\\ptd-logs\\2021-03-18_04-16-40ranging.tmp'
ptd-server 2021-03-18 04:29:59,073 [INFO] Extracted 'C:\\ptd-logs\\2021-03-18_04-16-40ranging.tmp' into 'C:\\ptd-logs\\2021-03-18_04-16-40\\ranging'
ptd-server 2021-03-18 04:29:59,073 [INFO] Removed 'C:\\ptd-logs\\2021-03-18_04-16-40ranging.tmp'
ptd-server 2021-03-18 04:29:59,073 [INFO] Sending reply to client 'OK'
ptd-server 2021-03-18 04:29:59,276 [INFO] Got command from the client 'time'
ptd-server 2021-03-18 04:29:59,276 [INFO] Sending reply to client '1616066999.2765944'
ptd-server 2021-03-18 04:29:59,276 [INFO] Got command from the client 'session,2021-03-18_04-16-40,start,testing'
ptd-server 2021-03-18 04:29:59,276 [INFO] Sending to ptd: 'SR,V,206.410000'
ptd-server 2021-03-18 04:30:05,368 [INFO] Reply from ptd: 'Range V changed'
ptd-server 2021-03-18 04:30:05,368 [INFO] Sending to ptd: 'SR,A,4.264000'
ptd-server 2021-03-18 04:30:10,961 [INFO] Reply from ptd: 'Range A changed'
ptd-server 2021-03-18 04:30:20,961 [INFO] Starting testing mode
ptd-server 2021-03-18 04:30:20,961 [INFO] Sending to ptd: 'Go,1000,0,2021-03-18_04-16-40_testing'
ptd-server 2021-03-18 04:30:20,961 [INFO] Reply from ptd: 'Starting untimed measurement, maximum 500000 samples at 1000ms with 0 rampup samples'
ptd-server 2021-03-18 04:30:20,961 [INFO] Sending reply to client 'OK'
ptd-server 2021-03-18 04:42:40,404 [INFO] Got command from the client 'session,2021-03-18_04-16-40,stop,testing'
ptd-server 2021-03-18 04:42:50,404 [INFO] Sending to ptd: 'Stop'
ptd-server 2021-03-18 04:42:50,404 [INFO] Reply from ptd: 'Stopping untimed measurement'
ptd-server 2021-03-18 04:42:50,622 [INFO] Sending reply to client 'OK'
ptd-server 2021-03-18 04:42:50,669 [INFO] Got command from the client 'session,2021-03-18_04-16-40,upload,testing'
ptd-server 2021-03-18 04:42:50,669 [INFO] Received 'C:\\ptd-logs\\2021-03-18_04-16-40testing.tmp'
ptd-server 2021-03-18 04:42:50,685 [INFO] Extracted 'C:\\ptd-logs\\2021-03-18_04-16-40testing.tmp' into 'C:\\ptd-logs\\2021-03-18_04-16-40\\run_1'
ptd-server 2021-03-18 04:42:50,685 [INFO] Removed 'C:\\ptd-logs\\2021-03-18_04-16-40testing.tmp'
ptd-server 2021-03-18 04:42:50,685 [INFO] Sending reply to client 'OK'
ptd-server 2021-03-18 04:42:50,701 [INFO] Got command from the client 'session,2021-03-18_04-16-40,upload,client.log'
ptd-server 2021-03-18 04:42:50,701 [INFO] Received 'C:\\ptd-logs\\2021-03-18_04-16-40client.log.tmp'
ptd-server 2021-03-18 04:42:50,701 [INFO] Removed 'C:\\ptd-logs\\2021-03-18_04-16-40client.log.tmp'
ptd-server 2021-03-18 04:42:50,701 [INFO] Sending reply to client 'OK'
ptd-server 2021-03-18 04:42:50,732 [INFO] Got command from the client 'session,2021-03-18_04-16-40,upload,client.json'
ptd-server 2021-03-18 04:42:50,732 [INFO] Received 'C:\\ptd-logs\\2021-03-18_04-16-40client.json.tmp'
ptd-server 2021-03-18 04:42:50,747 [INFO] Removed 'C:\\ptd-logs\\2021-03-18_04-16-40client.json.tmp'
ptd-server 2021-03-18 04:42:50,747 [INFO] Sending reply to client 'OK'
ptd-server 2021-03-18 04:42:50,747 [INFO] Got command from the client 'session,2021-03-18_04-16-40,done'
ptd-server 2021-03-18 04:42:50,747 [INFO] Sending to ptd: 'Stop'
ptd-server 2021-03-18 04:42:50,966 [INFO] Reply from ptd: 'Error: no measurement to stop'
ptd-server 2021-03-18 04:42:50,966 [INFO] Sending to ptd: 'SR,V,Auto'
ptd-server 2021-03-18 04:42:56,043 [INFO] Reply from ptd: 'Range V changed'
ptd-server 2021-03-18 04:42:56,043 [INFO] Sending to ptd: 'SR,A,Auto'
ptd-server 2021-03-18 04:43:01,120 [INFO] Reply from ptd: 'Range A changed'
ptd-server 2021-03-18 04:43:01,120 [INFO] Set initial values for Amps Auto and Volts Auto
ptd-server 2021-03-18 04:43:01,120 [INFO] Stopping ptd...
