ptd-server 2021-03-09 06:11:15,916 [INFO] Got command from the client 'time'
ptd-server 2021-03-09 06:11:15,916 [INFO] Sending reply to client '1615270275.9166982'
ptd-server 2021-03-09 06:11:15,919 [INFO] Got command from the client 'new,,7b058ec1-1286-4ab5-9eba-76d26ece1383'
ptd-server 2021-03-09 06:11:15,919 [INFO] Sending reply to client 'OK 2021-03-09_06-11-15,7304338b-a0c6-4050-ba00-434ca0535e0a'
ptd-server 2021-03-09 06:11:15,958 [INFO] Got command from the client 'time'
ptd-server 2021-03-09 06:11:15,958 [INFO] Sending reply to client '1615270275.9585106'
ptd-server 2021-03-09 06:11:15,960 [INFO] Got command from the client 'session,2021-03-09_06-11-15,start,ranging'
ptd-server 2021-03-09 06:11:15,960 [INFO] Running PTDaemon: ['/home/anton/projects/mlperf/power/inference_v1.0/ptd-linux-x86', '-l', 'ptd.log', '-p', '8888', '52', '/dev/usbtmc0']
ptd-server 2021-03-09 06:11:33,132 [INFO] Sending to ptd: 'Hello'
ptd-server 2021-03-09 06:11:33,133 [INFO] Reply from ptd: 'Hello, PTDaemon here!'
ptd-server 2021-03-09 06:11:33,133 [INFO] Sending to ptd: 'Identify'
ptd-server 2021-03-09 06:11:33,133 [INFO] Reply from ptd: 'YokogawaWT330E,1000,1,1,1,1,0,0,1,version=1.9.2-e8c7a49a-20201208,OS=Linux 5.8.0-43-generic #49~20.04.1-Ubuntu SMP Fri Feb 5 09:57:56 UTC 2021 x86_64,mode=power,1,1,1,0,0,no_cal_date,YOKOGAWA;WT333E;C3VD30030E;F1.04'
ptd-server 2021-03-09 06:11:33,134 [INFO] Connected to PTDaemon
ptd-server 2021-03-09 06:11:33,134 [INFO] Sending to ptd: 'RR'
ptd-server 2021-03-09 06:11:33,134 [INFO] Reply from ptd: 'Ranges,0,0.500000,0,300.000000'
ptd-server 2021-03-09 06:11:33,134 [INFO] Initial range for Amps is 0.500000 for Volts is 300.000000
ptd-server 2021-03-09 06:11:33,134 [INFO] Sending to ptd: 'SR,V,Auto'
ptd-server 2021-03-09 06:11:33,637 [INFO] Reply from ptd: 'Range V changed'
ptd-server 2021-03-09 06:11:33,637 [INFO] Sending to ptd: 'SR,A,Auto'
ptd-server 2021-03-09 06:11:34,139 [INFO] Reply from ptd: 'Range A changed'
ptd-server 2021-03-09 06:11:44,150 [INFO] Starting ranging mode
ptd-server 2021-03-09 06:11:44,150 [INFO] Sending to ptd: 'Go,1000,0,2021-03-09_06-11-15_ranging'
ptd-server 2021-03-09 06:11:44,150 [INFO] Reply from ptd: 'Starting untimed measurement, maximum 500000 samples at 1000ms with 0 rampup samples'
ptd-server 2021-03-09 06:11:44,150 [INFO] Sending reply to client 'OK'
ptd-server 2021-03-09 06:21:59,737 [INFO] Got command from the client 'session,2021-03-09_06-11-15,stop,ranging'
ptd-server 2021-03-09 06:22:09,747 [INFO] Sending to ptd: 'Stop'
ptd-server 2021-03-09 06:22:09,748 [INFO] Reply from ptd: 'Stopping untimed measurement'
ptd-server 2021-03-09 06:22:10,444 [INFO] Sending reply to client 'OK'
ptd-server 2021-03-09 06:22:10,491 [INFO] Got command from the client 'time'
ptd-server 2021-03-09 06:22:10,491 [INFO] Sending reply to client '1615270930.4918766'
ptd-server 2021-03-09 06:22:10,495 [INFO] Got command from the client 'session,2021-03-09_06-11-15,start,testing'
ptd-server 2021-03-09 06:22:10,495 [INFO] Sending to ptd: 'SR,V,249.320000'
ptd-server 2021-03-09 06:22:11,996 [INFO] Reply from ptd: 'Range V changed'
ptd-server 2021-03-09 06:22:11,997 [INFO] Sending to ptd: 'SR,A,0.184790'
ptd-server 2021-03-09 06:22:13,498 [INFO] Reply from ptd: 'Range A changed'
ptd-server 2021-03-09 06:22:23,508 [INFO] Starting testing mode
ptd-server 2021-03-09 06:22:23,508 [INFO] Sending to ptd: 'Go,1000,0,2021-03-09_06-11-15_testing'
ptd-server 2021-03-09 06:22:23,509 [INFO] Reply from ptd: 'Starting untimed measurement, maximum 500000 samples at 1000ms with 0 rampup samples'
ptd-server 2021-03-09 06:22:23,509 [INFO] Sending reply to client 'OK'
ptd-server 2021-03-09 06:32:38,825 [INFO] Got command from the client 'session,2021-03-09_06-11-15,stop,testing'
ptd-server 2021-03-09 06:32:48,835 [INFO] Sending to ptd: 'Stop'
ptd-server 2021-03-09 06:32:48,836 [INFO] Reply from ptd: 'Stopping untimed measurement'
ptd-server 2021-03-09 06:32:49,195 [INFO] Sending reply to client 'OK'
ptd-server 2021-03-09 06:32:49,205 [INFO] Got command from the client 'session,2021-03-09_06-11-15,upload,client.log'
ptd-server 2021-03-09 06:32:49,206 [INFO] Received '/home/anton/projects/mlperf/power-dev/output/2021-03-09_06-11-15client.log.tmp'
ptd-server 2021-03-09 06:32:49,206 [INFO] Removed '/home/anton/projects/mlperf/power-dev/output/2021-03-09_06-11-15client.log.tmp'
ptd-server 2021-03-09 06:32:49,206 [INFO] Sending reply to client 'OK'
ptd-server 2021-03-09 06:32:49,213 [INFO] Got command from the client 'session,2021-03-09_06-11-15,upload,client.json'
ptd-server 2021-03-09 06:32:49,213 [INFO] Received '/home/anton/projects/mlperf/power-dev/output/2021-03-09_06-11-15client.json.tmp'
ptd-server 2021-03-09 06:32:49,213 [INFO] Removed '/home/anton/projects/mlperf/power-dev/output/2021-03-09_06-11-15client.json.tmp'
ptd-server 2021-03-09 06:32:49,214 [INFO] Sending reply to client 'OK'
ptd-server 2021-03-09 06:32:49,214 [INFO] Got command from the client 'session,2021-03-09_06-11-15,done'
ptd-server 2021-03-09 06:32:49,214 [INFO] Sending to ptd: 'Stop'
ptd-server 2021-03-09 06:32:49,510 [INFO] Reply from ptd: 'Error: no measurement to stop'
ptd-server 2021-03-09 06:32:49,510 [INFO] Sending to ptd: 'SR,V,300.000000'
ptd-server 2021-03-09 06:32:51,011 [INFO] Reply from ptd: 'Range V changed'
ptd-server 2021-03-09 06:32:51,011 [INFO] Sending to ptd: 'SR,A,0.500000'
ptd-server 2021-03-09 06:32:52,513 [INFO] Reply from ptd: 'Range A changed'
ptd-server 2021-03-09 06:32:52,513 [INFO] Set initial values for Amps 0.500000 and Volts 300.000000
ptd-server 2021-03-09 06:32:52,513 [INFO] Stopping ptd...
