ptd-server 2021-03-05 15:34:34,786 [INFO] Got command from the client 'time'
ptd-server 2021-03-05 15:34:34,786 [INFO] Sending reply to client '1614958474.786527'
ptd-server 2021-03-05 15:34:34,789 [INFO] Got command from the client 'new,,8cc6fcc2-60b2-49b5-b4e3-11177b9dd7e4'
ptd-server 2021-03-05 15:34:34,789 [INFO] Sending reply to client 'OK 2021-03-05_15-34-34,d9b541a9-4926-4937-9afe-b77231cefe63'
ptd-server 2021-03-05 15:34:34,831 [INFO] Got command from the client 'time'
ptd-server 2021-03-05 15:34:34,831 [INFO] Sending reply to client '1614958474.8313255'
ptd-server 2021-03-05 15:34:34,834 [INFO] Got command from the client 'session,2021-03-05_15-34-34,start,ranging'
ptd-server 2021-03-05 15:34:34,834 [INFO] Running PTDaemon: ['/home/anton/projects/mlperf/power/inference_v1.0/ptd-linux-x86', '-l', 'ptd.log', '-p', '8888', '52', '/dev/usbtmc0']
ptd-server 2021-03-05 15:34:52,003 [INFO] Sending to ptd: 'Hello'
ptd-server 2021-03-05 15:34:52,004 [INFO] Reply from ptd: 'Hello, PTDaemon here!'
ptd-server 2021-03-05 15:34:52,004 [INFO] Sending to ptd: 'Identify'
ptd-server 2021-03-05 15:34:52,004 [INFO] Reply from ptd: 'YokogawaWT330E,1000,1,1,1,1,0,0,1,version=1.9.2-e8c7a49a-20201208,OS=Linux 5.8.0-43-generic #49~20.04.1-Ubuntu SMP Fri Feb 5 09:57:56 UTC 2021 x86_64,mode=power,1,1,1,0,0,no_cal_date,YOKOGAWA;WT333E;C3VD30030E;F1.04'
ptd-server 2021-03-05 15:34:52,004 [INFO] Connected to PTDaemon
ptd-server 2021-03-05 15:34:52,004 [INFO] Sending to ptd: 'RR'
ptd-server 2021-03-05 15:34:52,005 [INFO] Reply from ptd: 'Ranges,0,0.500000,0,300.000000'
ptd-server 2021-03-05 15:34:52,005 [INFO] Initial range for Amps is 0.500000 for Volts is 300.000000
ptd-server 2021-03-05 15:34:52,005 [INFO] Sending to ptd: 'SR,V,Auto'
ptd-server 2021-03-05 15:34:52,508 [INFO] Reply from ptd: 'Range V changed'
ptd-server 2021-03-05 15:34:52,508 [INFO] Sending to ptd: 'SR,A,Auto'
ptd-server 2021-03-05 15:34:53,010 [INFO] Reply from ptd: 'Range A changed'
ptd-server 2021-03-05 15:35:03,020 [INFO] Starting ranging mode
ptd-server 2021-03-05 15:35:03,021 [INFO] Sending to ptd: 'Go,1000,0,2021-03-05_15-34-34_ranging'
ptd-server 2021-03-05 15:35:03,021 [INFO] Reply from ptd: 'Starting untimed measurement, maximum 500000 samples at 1000ms with 0 rampup samples'
ptd-server 2021-03-05 15:35:03,021 [INFO] Sending reply to client 'OK'
ptd-server 2021-03-05 15:45:34,902 [INFO] Got command from the client 'session,2021-03-05_15-34-34,stop,ranging'
ptd-server 2021-03-05 15:45:44,912 [INFO] Sending to ptd: 'Stop'
ptd-server 2021-03-05 15:45:44,913 [INFO] Reply from ptd: 'Stopping untimed measurement'
ptd-server 2021-03-05 15:45:45,260 [INFO] Sending reply to client 'OK'
ptd-server 2021-03-05 15:45:45,320 [INFO] Got command from the client 'time'
ptd-server 2021-03-05 15:45:45,320 [INFO] Sending reply to client '1614959145.3203032'
ptd-server 2021-03-05 15:45:45,324 [INFO] Got command from the client 'session,2021-03-05_15-34-34,start,testing'
ptd-server 2021-03-05 15:45:45,324 [INFO] Sending to ptd: 'SR,V,250.310000'
ptd-server 2021-03-05 15:45:46,825 [INFO] Reply from ptd: 'Range V changed'
ptd-server 2021-03-05 15:45:46,825 [INFO] Sending to ptd: 'SR,A,0.059960'
ptd-server 2021-03-05 15:45:48,327 [INFO] Reply from ptd: 'Range A changed'
ptd-server 2021-03-05 15:45:58,337 [INFO] Starting testing mode
ptd-server 2021-03-05 15:45:58,337 [INFO] Sending to ptd: 'Go,1000,0,2021-03-05_15-34-34_testing'
ptd-server 2021-03-05 15:45:58,338 [INFO] Reply from ptd: 'Starting untimed measurement, maximum 500000 samples at 1000ms with 0 rampup samples'
ptd-server 2021-03-05 15:45:58,338 [INFO] Sending reply to client 'OK'
ptd-server 2021-03-05 15:56:35,172 [INFO] Got command from the client 'session,2021-03-05_15-34-34,stop,testing'
ptd-server 2021-03-05 15:56:45,182 [INFO] Sending to ptd: 'Stop'
ptd-server 2021-03-05 15:56:45,183 [INFO] Reply from ptd: 'Stopping untimed measurement'
ptd-server 2021-03-05 15:56:45,363 [INFO] Sending reply to client 'OK'
ptd-server 2021-03-05 15:56:45,371 [INFO] Got command from the client 'session,2021-03-05_15-34-34,upload,client.log'
ptd-server 2021-03-05 15:56:45,375 [INFO] Received '/home/anton/projects/mlperf/power-dev/output/2021-03-05_15-34-34client.log.tmp'
ptd-server 2021-03-05 15:56:45,375 [INFO] Removed '/home/anton/projects/mlperf/power-dev/output/2021-03-05_15-34-34client.log.tmp'
ptd-server 2021-03-05 15:56:45,375 [INFO] Sending reply to client 'OK'
ptd-server 2021-03-05 15:56:45,389 [INFO] Got command from the client 'session,2021-03-05_15-34-34,upload,client.json'
ptd-server 2021-03-05 15:56:45,392 [INFO] Received '/home/anton/projects/mlperf/power-dev/output/2021-03-05_15-34-34client.json.tmp'
ptd-server 2021-03-05 15:56:45,392 [INFO] Removed '/home/anton/projects/mlperf/power-dev/output/2021-03-05_15-34-34client.json.tmp'
ptd-server 2021-03-05 15:56:45,392 [INFO] Sending reply to client 'OK'
ptd-server 2021-03-05 15:56:45,395 [INFO] Got command from the client 'session,2021-03-05_15-34-34,done'
ptd-server 2021-03-05 15:56:45,395 [INFO] Sending to ptd: 'Stop'
ptd-server 2021-03-05 15:56:45,395 [INFO] Reply from ptd: 'Error: no measurement to stop'
ptd-server 2021-03-05 15:56:45,395 [INFO] Sending to ptd: 'SR,V,300.000000'
ptd-server 2021-03-05 15:56:46,897 [INFO] Reply from ptd: 'Range V changed'
ptd-server 2021-03-05 15:56:46,897 [INFO] Sending to ptd: 'SR,A,0.500000'
ptd-server 2021-03-05 15:56:48,398 [INFO] Reply from ptd: 'Range A changed'
ptd-server 2021-03-05 15:56:48,398 [INFO] Set initial values for Amps 0.500000 and Volts 300.000000
ptd-server 2021-03-05 15:56:48,399 [INFO] Stopping ptd...
