client 2021-03-17 06:31:21,460 [WARNING] Removing old loadgen logs directory '/home/scratch.mlperf_inf_ci/mlPerf/L1/XavierNX_MaxQ-Commputelab-XavierNX-MaxQ-L1-2-2021-03-17-10-42-27-UTC/mlperf-inference/closed/NVIDIA/build/power_logs_temp'
client 2021-03-17 06:31:21,473 [INFO] Sending command to the server: 'mlcommons/power client v3'
client 2021-03-17 06:31:21,479 [INFO] Got response: 'mlcommons/power server v3'
client 2021-03-17 06:31:21,480 [INFO] Sending command to the server: 'stop'
client 2021-03-17 06:31:21,482 [INFO] Got response: 'OK'
client 2021-03-17 06:31:21,482 [INFO] Synchronizing with the server and with ib-01.dc4-in.nvidia.com...
client 2021-03-17 06:31:21,711 [INFO] NTP:offset = 0.003 s, delay = 0.202 s 
client 2021-03-17 06:31:21,712 [INFO] Sending command to the server: 'time'
client 2021-03-17 06:31:21,714 [INFO] Got response: '1615987881.7630677'
client 2021-03-17 06:31:21,714 [INFO] The time difference between the client and the server is within range -50.919 ms..-48.450 ms
client 2021-03-17 06:31:21,715 [INFO] Sending command to the server: 'new,,e45be67d-2e08-42c5-b2ed-b946b9fe5bfe'
client 2021-03-17 06:31:21,717 [INFO] Got response: 'OK 2021-03-17_06-31-21,2d202a94-f44f-4e6c-979f-3236220c5774'
client 2021-03-17 06:31:21,717 [INFO] Session id is '2021-03-17_06-31-21'
client 2021-03-17 06:31:21,718 [INFO] Sources: {"sources": {"client.py": "d1e75cb4b26101220ebd242e584cf3ca5d8f1996", "lib/__init__.py": "da39a3ee5e6b4b0d3255bfef95601890afd80709", "lib/client.py": "d42bebf5b74cb6ff3997e2a6c68422afac111a28", "lib/common.py": "b0bad80d8fa328a7636027d4d66ff453f8dd7889", "lib/external/ntplib.py": "4da8f970656505a40483206ef2b5d3dd5e81711d", "lib/server.py": "2ed36471c7af565d6c8438b2134edad1d7ddf166", "lib/source_hashes.py": "4cedff274c661cb1504052018fd4f00dfbf624ef", "lib/summary.py": "0db15d783907aa92038281af4e465545c0648ddb", "lib/time_sync.py": "76051226ec89287839723352f4162aaa24e0546a", "server.py": "99e1310e3f76292aef1b8792ce6b8c82f1d44d8b", "tests/unit/test_server.py": "64f11775bfed35232a0e8bb9593c0ff992432c59", "tests/unit/test_source_hashes.py": "cb41a7261eaf7d94ba5c0aae9c523174f6204be3"}, "modules": {"__main__": "client.py", "lib.client": "lib/client.py", "lib.common": "lib/common.py", "lib.external.ntplib": "lib/external/ntplib.py", "lib.source_hashes": "lib/source_hashes.py", "lib.summary": "lib/summary.py", "lib.time_sync": "lib/time_sync.py"}}
client 2021-03-17 06:31:21,721 [INFO] Running workload in ranging mode
client 2021-03-17 06:31:21,722 [INFO] Synchronizing with the server and with ib-01.dc4-in.nvidia.com...
client 2021-03-17 06:31:21,930 [INFO] NTP:offset = 0.003 s, delay = 0.202 s 
client 2021-03-17 06:31:21,931 [INFO] Sending command to the server: 'time'
client 2021-03-17 06:31:21,933 [INFO] Got response: '1615987881.9817455'
client 2021-03-17 06:31:21,933 [INFO] The time difference between the client and the server is within range -50.267 ms..-47.970 ms
client 2021-03-17 06:31:21,934 [INFO] Sending command to the server: 'session,2021-03-17_06-31-21,start,ranging'
client 2021-03-17 06:31:50,955 [INFO] Got response: 'OK'
client 2021-03-17 06:31:50,956 [INFO] Running the workload 'LOG_DIR=/home/scratch.mlperf_inf_ci/mlPerf/L1/XavierNX_MaxQ-Commputelab-XavierNX-MaxQ-L1-2-2021-03-17-10-42-27-UTC/mlperf-inference/closed/NVIDIA/build/power_logs_temp python3 code/main.py --benchmarks=bert --scenarios=SingleStream --test_mode=PerformanceOnly --config_ver=maxq --action="run_harness" \\\n\t\t&& cp -v /home/scratch.mlperf_inf_ci/mlPerf/L1/XavierNX_MaxQ-Commputelab-XavierNX-MaxQ-L1-2-2021-03-17-10-42-27-UTC/mlperf-inference/closed/NVIDIA/build/power_logs_temp/*/*/*/mlperf_log_detail.txt /home/scratch.mlperf_inf_ci/mlPerf/L1/XavierNX_MaxQ-Commputelab-XavierNX-MaxQ-L1-2-2021-03-17-10-42-27-UTC/mlperf-inference/closed/NVIDIA/build/power_logs_temp/ \\\n\t\t&& cp -v /home/scratch.mlperf_inf_ci/mlPerf/L1/XavierNX_MaxQ-Commputelab-XavierNX-MaxQ-L1-2-2021-03-17-10-42-27-UTC/mlperf-inference/closed/NVIDIA/build/power_logs_temp/*/*/*/mlperf_log_summary.txt /home/scratch.mlperf_inf_ci/mlPerf/L1/XavierNX_MaxQ-Commputelab-XavierNX-MaxQ-L1-2-2021-03-17-10-42-27-UTC/mlperf-inference/closed/NVIDIA/build/power_logs_temp/'
client 2021-03-17 06:42:12,512 [INFO] Sending command to the server: 'session,2021-03-17_06-31-21,stop,ranging'
client 2021-03-17 06:42:22,794 [INFO] Got response: 'OK'
client 2021-03-17 06:42:22,803 [INFO] Packing logs into zip and uploading to the server
client 2021-03-17 06:42:22,883 [INFO] Zip file size: 63.7 kB
client 2021-03-17 06:42:22,906 [INFO] Got response: 'OK'
client 2021-03-17 06:42:22,908 [INFO] Running workload in testing mode
client 2021-03-17 06:42:22,908 [INFO] Synchronizing with the server and with ib-01.dc4-in.nvidia.com...
client 2021-03-17 06:42:23,119 [INFO] NTP:offset = 0.001 s, delay = 0.202 s 
client 2021-03-17 06:42:23,119 [INFO] Sending command to the server: 'time'
client 2021-03-17 06:42:23,121 [INFO] Got response: '1615988543.1636922'
client 2021-03-17 06:42:23,121 [INFO] The time difference between the client and the server is within range -44.049 ms..-41.870 ms
client 2021-03-17 06:42:23,122 [INFO] Sending command to the server: 'session,2021-03-17_06-31-21,start,testing'
client 2021-03-17 06:42:36,193 [INFO] Got response: 'OK'
client 2021-03-17 06:42:36,193 [INFO] Running the workload 'LOG_DIR=/home/scratch.mlperf_inf_ci/mlPerf/L1/XavierNX_MaxQ-Commputelab-XavierNX-MaxQ-L1-2-2021-03-17-10-42-27-UTC/mlperf-inference/closed/NVIDIA/build/power_logs_temp python3 code/main.py --benchmarks=bert --scenarios=SingleStream --test_mode=PerformanceOnly --config_ver=maxq --action="run_harness" \\\n\t\t&& cp -v /home/scratch.mlperf_inf_ci/mlPerf/L1/XavierNX_MaxQ-Commputelab-XavierNX-MaxQ-L1-2-2021-03-17-10-42-27-UTC/mlperf-inference/closed/NVIDIA/build/power_logs_temp/*/*/*/mlperf_log_detail.txt /home/scratch.mlperf_inf_ci/mlPerf/L1/XavierNX_MaxQ-Commputelab-XavierNX-MaxQ-L1-2-2021-03-17-10-42-27-UTC/mlperf-inference/closed/NVIDIA/build/power_logs_temp/ \\\n\t\t&& cp -v /home/scratch.mlperf_inf_ci/mlPerf/L1/XavierNX_MaxQ-Commputelab-XavierNX-MaxQ-L1-2-2021-03-17-10-42-27-UTC/mlperf-inference/closed/NVIDIA/build/power_logs_temp/*/*/*/mlperf_log_summary.txt /home/scratch.mlperf_inf_ci/mlPerf/L1/XavierNX_MaxQ-Commputelab-XavierNX-MaxQ-L1-2-2021-03-17-10-42-27-UTC/mlperf-inference/closed/NVIDIA/build/power_logs_temp/'
client 2021-03-17 06:52:49,713 [INFO] Sending command to the server: 'session,2021-03-17_06-31-21,stop,testing'
client 2021-03-17 06:52:59,875 [INFO] Got response: 'OK'
client 2021-03-17 06:52:59,884 [INFO] Packing logs into zip and uploading to the server
client 2021-03-17 06:52:59,953 [INFO] Zip file size: 63.7 kB
client 2021-03-17 06:52:59,975 [INFO] Got response: 'OK'
client 2021-03-17 06:52:59,976 [INFO] Done runs
