ptd-server 2021-03-17 06:31:21,528 [INFO] Got command from the client 'stop'
ptd-server 2021-03-17 06:31:21,528 [INFO] The server will be stopped after processing this client
ptd-server 2021-03-17 06:31:21,528 [INFO] Sending reply to client 'OK'
ptd-server 2021-03-17 06:31:21,763 [INFO] Got command from the client 'time'
ptd-server 2021-03-17 06:31:21,763 [INFO] Sending reply to client '1615987881.7630677'
ptd-server 2021-03-17 06:31:21,763 [INFO] Got command from the client 'new,,e45be67d-2e08-42c5-b2ed-b946b9fe5bfe'
ptd-server 2021-03-17 06:31:21,763 [INFO] Sending reply to client 'OK 2021-03-17_06-31-21,2d202a94-f44f-4e6c-979f-3236220c5774'
ptd-server 2021-03-17 06:31:21,981 [INFO] Got command from the client 'time'
ptd-server 2021-03-17 06:31:21,981 [INFO] Sending reply to client '1615987881.9817455'
ptd-server 2021-03-17 06:31:21,981 [INFO] Got command from the client 'session,2021-03-17_06-31-21,start,ranging'
ptd-server 2021-03-17 06:31:22,091 [INFO] Running PTDaemon: ['C:\\PTD\\ptd-windows-x86.exe', '-l', 'C:\\logs_ptdeamon.txt', '-p', '8888', '-c', '1', '-y', '52', '10.32.209.251']
ptd-server 2021-03-17 06:31:39,961 [INFO] Sending to ptd: 'Hello'
ptd-server 2021-03-17 06:31:39,961 [INFO] Reply from ptd: 'Hello, PTDaemon here!'
ptd-server 2021-03-17 06:31:39,961 [INFO] Sending to ptd: 'Identify'
ptd-server 2021-03-17 06:31:39,961 [INFO] Reply from ptd: 'YokogawaWT330E,1000,1,1,1,1,0,0,1,version=1.9.2-3976349f-20201208,OS=Windows 8 / Server 2012,mode=power,1,1,1,0,0,no_cal_date,YOKOGAWA;WT333E;C2VL22012V;F1.03'
ptd-server 2021-03-17 06:31:39,961 [INFO] Connected to PTDaemon
ptd-server 2021-03-17 06:31:39,961 [INFO] Sending to ptd: 'RR'
ptd-server 2021-03-17 06:31:39,961 [INFO] Reply from ptd: 'Ranges,0,0.500000,0,150.000000'
ptd-server 2021-03-17 06:31:39,961 [INFO] Initial range for Amps is 0.500000 for Volts is 150.000000
ptd-server 2021-03-17 06:31:39,961 [INFO] Sending to ptd: 'SR,V,Auto'
ptd-server 2021-03-17 06:31:40,477 [INFO] Reply from ptd: 'Range V changed'
ptd-server 2021-03-17 06:31:40,477 [INFO] Sending to ptd: 'SR,A,Auto'
ptd-server 2021-03-17 06:31:40,992 [INFO] Reply from ptd: 'Range A changed'
ptd-server 2021-03-17 06:31:51,000 [INFO] Starting ranging mode
ptd-server 2021-03-17 06:31:51,000 [INFO] Sending to ptd: 'Go,1000,0,2021-03-17_06-31-21_ranging'
ptd-server 2021-03-17 06:31:51,000 [INFO] Reply from ptd: 'Starting untimed measurement, maximum 500000 samples at 1000ms with 0 rampup samples'
ptd-server 2021-03-17 06:31:51,000 [INFO] Sending reply to client 'OK'
ptd-server 2021-03-17 06:42:12,554 [INFO] Got command from the client 'session,2021-03-17_06-31-21,stop,ranging'
ptd-server 2021-03-17 06:42:22,554 [INFO] Sending to ptd: 'Stop'
ptd-server 2021-03-17 06:42:22,554 [INFO] Reply from ptd: 'Stopping untimed measurement'
ptd-server 2021-03-17 06:42:22,835 [INFO] Sending reply to client 'OK'
ptd-server 2021-03-17 06:42:22,929 [INFO] Got command from the client 'session,2021-03-17_06-31-21,upload,ranging'
ptd-server 2021-03-17 06:42:22,929 [INFO] Received 'C:\\ptd-logs\\2021-03-17_06-31-21ranging.tmp'
ptd-server 2021-03-17 06:42:22,944 [INFO] Extracted 'C:\\ptd-logs\\2021-03-17_06-31-21ranging.tmp' into 'C:\\ptd-logs\\2021-03-17_06-31-21\\ranging'
ptd-server 2021-03-17 06:42:22,944 [INFO] Removed 'C:\\ptd-logs\\2021-03-17_06-31-21ranging.tmp'
ptd-server 2021-03-17 06:42:22,944 [INFO] Sending reply to client 'OK'
ptd-server 2021-03-17 06:42:23,163 [INFO] Got command from the client 'time'
ptd-server 2021-03-17 06:42:23,163 [INFO] Sending reply to client '1615988543.1636922'
ptd-server 2021-03-17 06:42:23,163 [INFO] Got command from the client 'session,2021-03-17_06-31-21,start,testing'
ptd-server 2021-03-17 06:42:23,163 [INFO] Sending to ptd: 'SR,V,119.630000'
ptd-server 2021-03-17 06:42:24,694 [INFO] Reply from ptd: 'Range V changed'
ptd-server 2021-03-17 06:42:24,694 [INFO] Sending to ptd: 'SR,A,0.293600'
ptd-server 2021-03-17 06:42:26,225 [INFO] Reply from ptd: 'Range A changed'
ptd-server 2021-03-17 06:42:36,238 [INFO] Starting testing mode
ptd-server 2021-03-17 06:42:36,238 [INFO] Sending to ptd: 'Go,1000,0,2021-03-17_06-31-21_testing'
ptd-server 2021-03-17 06:42:36,238 [INFO] Reply from ptd: 'Starting untimed measurement, maximum 500000 samples at 1000ms with 0 rampup samples'
ptd-server 2021-03-17 06:42:36,238 [INFO] Sending reply to client 'OK'
ptd-server 2021-03-17 06:52:49,759 [INFO] Got command from the client 'session,2021-03-17_06-31-21,stop,testing'
ptd-server 2021-03-17 06:52:59,774 [INFO] Sending to ptd: 'Stop'
ptd-server 2021-03-17 06:52:59,774 [INFO] Reply from ptd: 'Stopping untimed measurement'
ptd-server 2021-03-17 06:52:59,915 [INFO] Sending reply to client 'OK'
ptd-server 2021-03-17 06:52:59,993 [INFO] Got command from the client 'session,2021-03-17_06-31-21,upload,testing'
ptd-server 2021-03-17 06:53:00,009 [INFO] Received 'C:\\ptd-logs\\2021-03-17_06-31-21testing.tmp'
ptd-server 2021-03-17 06:53:00,024 [INFO] Extracted 'C:\\ptd-logs\\2021-03-17_06-31-21testing.tmp' into 'C:\\ptd-logs\\2021-03-17_06-31-21\\run_1'
ptd-server 2021-03-17 06:53:00,024 [INFO] Removed 'C:\\ptd-logs\\2021-03-17_06-31-21testing.tmp'
ptd-server 2021-03-17 06:53:00,024 [INFO] Sending reply to client 'OK'
ptd-server 2021-03-17 06:53:00,024 [INFO] Got command from the client 'session,2021-03-17_06-31-21,upload,client.log'
ptd-server 2021-03-17 06:53:00,040 [INFO] Received 'C:\\ptd-logs\\2021-03-17_06-31-21client.log.tmp'
ptd-server 2021-03-17 06:53:00,040 [INFO] Removed 'C:\\ptd-logs\\2021-03-17_06-31-21client.log.tmp'
ptd-server 2021-03-17 06:53:00,040 [INFO] Sending reply to client 'OK'
ptd-server 2021-03-17 06:53:00,087 [INFO] Got command from the client 'session,2021-03-17_06-31-21,upload,client.json'
ptd-server 2021-03-17 06:53:00,087 [INFO] Received 'C:\\ptd-logs\\2021-03-17_06-31-21client.json.tmp'
ptd-server 2021-03-17 06:53:00,102 [INFO] Removed 'C:\\ptd-logs\\2021-03-17_06-31-21client.json.tmp'
ptd-server 2021-03-17 06:53:00,102 [INFO] Sending reply to client 'OK'
ptd-server 2021-03-17 06:53:00,102 [INFO] Got command from the client 'session,2021-03-17_06-31-21,done'
ptd-server 2021-03-17 06:53:00,102 [INFO] Sending to ptd: 'Stop'
ptd-server 2021-03-17 06:53:00,243 [INFO] Reply from ptd: 'Error: no measurement to stop'
ptd-server 2021-03-17 06:53:00,243 [INFO] Sending to ptd: 'SR,V,150.000000'
ptd-server 2021-03-17 06:53:01,774 [INFO] Reply from ptd: 'Range V changed'
ptd-server 2021-03-17 06:53:01,774 [INFO] Sending to ptd: 'SR,A,0.500000'
ptd-server 2021-03-17 06:53:03,305 [INFO] Reply from ptd: 'Range A changed'
ptd-server 2021-03-17 06:53:03,305 [INFO] Set initial values for Amps 0.500000 and Volts 150.000000
ptd-server 2021-03-17 06:53:03,305 [INFO] Stopping ptd...
