client 2021-03-17 06:42:24,887 [WARNING] Removing old loadgen logs directory '/home/scratch.mlperf_inf_ci/mlPerf/L1/A100_PCIex8_MaxQ-Computelab-A100-PCIEx8-MaxQ-L1-2-2021-03-17-03-56-44-UTC/mlperf-inference/closed/NVIDIA/build/power_logs_temp'
client 2021-03-17 06:42:24,892 [INFO] Sending command to the server: 'mlcommons/power client v3'
client 2021-03-17 06:42:24,892 [INFO] Got response: 'mlcommons/power server v3'
client 2021-03-17 06:42:24,892 [INFO] Sending command to the server: 'stop'
client 2021-03-17 06:42:24,893 [INFO] Got response: 'OK'
client 2021-03-17 06:42:24,893 [INFO] Synchronizing with the server and with ib-01.dc4-in.nvidia.com...
client 2021-03-17 06:42:25,099 [INFO] NTP:offset = 0.000 s, delay = 0.201 s 
client 2021-03-17 06:42:25,100 [INFO] Sending command to the server: 'time'
client 2021-03-17 06:42:25,101 [INFO] Got response: '1615988545.1898787'
client 2021-03-17 06:42:25,101 [INFO] The time difference between the client and the server is within range -89.864 ms..-88.456 ms
client 2021-03-17 06:42:25,101 [INFO] Sending command to the server: 'new,,6ee9359c-6b70-46e4-8ff2-d8ca1aef1552'
client 2021-03-17 06:42:25,102 [INFO] Got response: 'OK 2021-03-17_06-42-25,e483e9e4-9ed3-4afd-9b3c-8c2e860987a5'
client 2021-03-17 06:42:25,102 [INFO] Session id is '2021-03-17_06-42-25'
client 2021-03-17 06:42:25,103 [INFO] Sources: {"sources": {"client.py": "d1e75cb4b26101220ebd242e584cf3ca5d8f1996", "lib/__init__.py": "da39a3ee5e6b4b0d3255bfef95601890afd80709", "lib/client.py": "d42bebf5b74cb6ff3997e2a6c68422afac111a28", "lib/common.py": "b0bad80d8fa328a7636027d4d66ff453f8dd7889", "lib/external/ntplib.py": "4da8f970656505a40483206ef2b5d3dd5e81711d", "lib/server.py": "2ed36471c7af565d6c8438b2134edad1d7ddf166", "lib/source_hashes.py": "4cedff274c661cb1504052018fd4f00dfbf624ef", "lib/summary.py": "0db15d783907aa92038281af4e465545c0648ddb", "lib/time_sync.py": "76051226ec89287839723352f4162aaa24e0546a", "server.py": "99e1310e3f76292aef1b8792ce6b8c82f1d44d8b", "tests/unit/test_server.py": "64f11775bfed35232a0e8bb9593c0ff992432c59", "tests/unit/test_source_hashes.py": "cb41a7261eaf7d94ba5c0aae9c523174f6204be3"}, "modules": {"__main__": "client.py", "lib.client": "lib/client.py", "lib.common": "lib/common.py", "lib.external.ntplib": "lib/external/ntplib.py", "lib.source_hashes": "lib/source_hashes.py", "lib.summary": "lib/summary.py", "lib.time_sync": "lib/time_sync.py"}}
client 2021-03-17 06:42:25,105 [INFO] Running workload in ranging mode
client 2021-03-17 06:42:25,105 [INFO] Synchronizing with the server and with ib-01.dc4-in.nvidia.com...
client 2021-03-17 06:42:25,308 [INFO] NTP:offset = 0.000 s, delay = 0.202 s 
client 2021-03-17 06:42:25,308 [INFO] Sending command to the server: 'time'
client 2021-03-17 06:42:25,309 [INFO] Got response: '1615988545.3929403'
client 2021-03-17 06:42:25,309 [INFO] The time difference between the client and the server is within range -84.463 ms..-83.267 ms
client 2021-03-17 06:42:25,309 [INFO] Sending command to the server: 'session,2021-03-17_06-42-25,start,ranging'
client 2021-03-17 06:43:06,094 [INFO] Got response: 'OK'
client 2021-03-17 06:43:06,095 [INFO] Running the workload 'LOG_DIR=/home/scratch.mlperf_inf_ci/mlPerf/L1/A100_PCIex8_MaxQ-Computelab-A100-PCIEx8-MaxQ-L1-2-2021-03-17-03-56-44-UTC/mlperf-inference/closed/NVIDIA/build/power_logs_temp python3 code/main.py --benchmarks=ssd-resnet34 --scenarios=Offline --test_mode=PerformanceOnly --config_ver=maxq --action="run_harness" \\\n\t\t&& cp -v /home/scratch.mlperf_inf_ci/mlPerf/L1/A100_PCIex8_MaxQ-Computelab-A100-PCIEx8-MaxQ-L1-2-2021-03-17-03-56-44-UTC/mlperf-inference/closed/NVIDIA/build/power_logs_temp/*/*/*/mlperf_log_detail.txt /home/scratch.mlperf_inf_ci/mlPerf/L1/A100_PCIex8_MaxQ-Computelab-A100-PCIEx8-MaxQ-L1-2-2021-03-17-03-56-44-UTC/mlperf-inference/closed/NVIDIA/build/power_logs_temp/ \\\n\t\t&& cp -v /home/scratch.mlperf_inf_ci/mlPerf/L1/A100_PCIex8_MaxQ-Computelab-A100-PCIEx8-MaxQ-L1-2-2021-03-17-03-56-44-UTC/mlperf-inference/closed/NVIDIA/build/power_logs_temp/*/*/*/mlperf_log_summary.txt /home/scratch.mlperf_inf_ci/mlPerf/L1/A100_PCIex8_MaxQ-Computelab-A100-PCIEx8-MaxQ-L1-2-2021-03-17-03-56-44-UTC/mlperf-inference/closed/NVIDIA/build/power_logs_temp/'
client 2021-03-17 06:54:55,357 [INFO] Sending command to the server: 'session,2021-03-17_06-42-25,stop,ranging'
client 2021-03-17 06:55:05,785 [INFO] Got response: 'OK'
client 2021-03-17 06:55:05,793 [INFO] Packing logs into zip and uploading to the server
client 2021-03-17 06:55:05,815 [INFO] Zip file size: 11.0 kB
client 2021-03-17 06:55:05,833 [INFO] Got response: 'OK'
client 2021-03-17 06:55:05,834 [INFO] Running workload in testing mode
client 2021-03-17 06:55:05,834 [INFO] Synchronizing with the server and with ib-01.dc4-in.nvidia.com...
client 2021-03-17 06:55:06,039 [INFO] NTP:offset = 0.001 s, delay = 0.202 s 
client 2021-03-17 06:55:06,039 [INFO] Sending command to the server: 'time'
client 2021-03-17 06:55:06,041 [INFO] Got response: '1615989306.1333456'
client 2021-03-17 06:55:06,041 [INFO] The time difference between the client and the server is within range -93.480 ms..-92.195 ms
client 2021-03-17 06:55:06,041 [INFO] Sending command to the server: 'session,2021-03-17_06-42-25,start,testing'
client 2021-03-17 06:55:27,796 [INFO] Got response: 'OK'
client 2021-03-17 06:55:27,796 [INFO] Running the workload 'LOG_DIR=/home/scratch.mlperf_inf_ci/mlPerf/L1/A100_PCIex8_MaxQ-Computelab-A100-PCIEx8-MaxQ-L1-2-2021-03-17-03-56-44-UTC/mlperf-inference/closed/NVIDIA/build/power_logs_temp python3 code/main.py --benchmarks=ssd-resnet34 --scenarios=Offline --test_mode=PerformanceOnly --config_ver=maxq --action="run_harness" \\\n\t\t&& cp -v /home/scratch.mlperf_inf_ci/mlPerf/L1/A100_PCIex8_MaxQ-Computelab-A100-PCIEx8-MaxQ-L1-2-2021-03-17-03-56-44-UTC/mlperf-inference/closed/NVIDIA/build/power_logs_temp/*/*/*/mlperf_log_detail.txt /home/scratch.mlperf_inf_ci/mlPerf/L1/A100_PCIex8_MaxQ-Computelab-A100-PCIEx8-MaxQ-L1-2-2021-03-17-03-56-44-UTC/mlperf-inference/closed/NVIDIA/build/power_logs_temp/ \\\n\t\t&& cp -v /home/scratch.mlperf_inf_ci/mlPerf/L1/A100_PCIex8_MaxQ-Computelab-A100-PCIEx8-MaxQ-L1-2-2021-03-17-03-56-44-UTC/mlperf-inference/closed/NVIDIA/build/power_logs_temp/*/*/*/mlperf_log_summary.txt /home/scratch.mlperf_inf_ci/mlPerf/L1/A100_PCIex8_MaxQ-Computelab-A100-PCIEx8-MaxQ-L1-2-2021-03-17-03-56-44-UTC/mlperf-inference/closed/NVIDIA/build/power_logs_temp/'
client 2021-03-17 07:07:17,198 [INFO] Sending command to the server: 'session,2021-03-17_06-42-25,stop,testing'
client 2021-03-17 07:07:27,406 [INFO] Got response: 'OK'
client 2021-03-17 07:07:27,414 [INFO] Packing logs into zip and uploading to the server
client 2021-03-17 07:07:27,438 [INFO] Zip file size: 11.0 kB
client 2021-03-17 07:07:27,455 [INFO] Got response: 'OK'
client 2021-03-17 07:07:27,456 [INFO] Done runs
