ptd-server 2021-03-17 06:42:24,986 [INFO] Got command from the client 'stop'
ptd-server 2021-03-17 06:42:24,986 [INFO] The server will be stopped after processing this client
ptd-server 2021-03-17 06:42:24,986 [INFO] Sending reply to client 'OK'
ptd-server 2021-03-17 06:42:25,189 [INFO] Got command from the client 'time'
ptd-server 2021-03-17 06:42:25,189 [INFO] Sending reply to client '1615988545.1898787'
ptd-server 2021-03-17 06:42:25,189 [INFO] Got command from the client 'new,,6ee9359c-6b70-46e4-8ff2-d8ca1aef1552'
ptd-server 2021-03-17 06:42:25,189 [INFO] Sending reply to client 'OK 2021-03-17_06-42-25,e483e9e4-9ed3-4afd-9b3c-8c2e860987a5'
ptd-server 2021-03-17 06:42:25,392 [INFO] Got command from the client 'time'
ptd-server 2021-03-17 06:42:25,392 [INFO] Sending reply to client '1615988545.3929403'
ptd-server 2021-03-17 06:42:25,392 [INFO] Got command from the client 'session,2021-03-17_06-42-25,start,ranging'
ptd-server 2021-03-17 06:42:25,502 [INFO] Running PTDaemon: ['C:\\PTD\\ptd-windows-x86.exe', '-l', 'C:\\logs_ptdeamon.txt', '-p', '8888', '-c', '1,3', '-y', '77', '10.117.41.199']
ptd-server 2021-03-17 06:42:46,015 [INFO] Sending to ptd: 'Hello'
ptd-server 2021-03-17 06:42:46,015 [INFO] Reply from ptd: 'Hello, PTDaemon here!'
ptd-server 2021-03-17 06:42:46,015 [INFO] Sending to ptd: 'Identify'
ptd-server 2021-03-17 06:42:46,015 [INFO] Reply from ptd: 'YokogawaWT330_multichannel,1000,1,1,1,1,0,0,1,version=1.9.2-3976349f-20201208,OS=Windows 8 / Server 2012,mode=power,1,1,2,0,0,no_cal_date,YOKOGAWA;WT333E;C2WL21011V;F1.04'
ptd-server 2021-03-17 06:42:46,015 [INFO] Connected to PTDaemon
ptd-server 2021-03-17 06:42:46,015 [INFO] Sending to ptd: 'RR'
ptd-server 2021-03-17 06:42:46,015 [INFO] Reply from ptd: 'Ranges,1,2.000000,1,300.000000'
ptd-server 2021-03-17 06:42:46,015 [INFO] Initial range for Amps is Auto for Volts is Auto
ptd-server 2021-03-17 06:42:46,015 [INFO] Sending to ptd: 'SR,V,Auto'
ptd-server 2021-03-17 06:42:51,093 [INFO] Reply from ptd: 'Range V changed'
ptd-server 2021-03-17 06:42:51,093 [INFO] Sending to ptd: 'SR,A,Auto'
ptd-server 2021-03-17 06:42:56,170 [INFO] Reply from ptd: 'Range A changed'
ptd-server 2021-03-17 06:43:06,183 [INFO] Starting ranging mode
ptd-server 2021-03-17 06:43:06,183 [INFO] Sending to ptd: 'Go,1000,0,2021-03-17_06-42-25_ranging'
ptd-server 2021-03-17 06:43:06,183 [INFO] Reply from ptd: 'Starting untimed measurement, maximum 500000 samples at 1000ms with 0 rampup samples'
ptd-server 2021-03-17 06:43:06,183 [INFO] Sending reply to client 'OK'
ptd-server 2021-03-17 06:54:55,448 [INFO] Got command from the client 'session,2021-03-17_06-42-25,stop,ranging'
ptd-server 2021-03-17 06:55:05,461 [INFO] Sending to ptd: 'Stop'
ptd-server 2021-03-17 06:55:05,461 [INFO] Reply from ptd: 'Stopping untimed measurement'
ptd-server 2021-03-17 06:55:05,867 [INFO] Sending reply to client 'OK'
ptd-server 2021-03-17 06:55:05,899 [INFO] Got command from the client 'session,2021-03-17_06-42-25,upload,ranging'
ptd-server 2021-03-17 06:55:05,914 [INFO] Received 'C:\\ptd-logs\\2021-03-17_06-42-25ranging.tmp'
ptd-server 2021-03-17 06:55:05,930 [INFO] Extracted 'C:\\ptd-logs\\2021-03-17_06-42-25ranging.tmp' into 'C:\\ptd-logs\\2021-03-17_06-42-25\\ranging'
ptd-server 2021-03-17 06:55:05,930 [INFO] Removed 'C:\\ptd-logs\\2021-03-17_06-42-25ranging.tmp'
ptd-server 2021-03-17 06:55:05,930 [INFO] Sending reply to client 'OK'
ptd-server 2021-03-17 06:55:06,133 [INFO] Got command from the client 'time'
ptd-server 2021-03-17 06:55:06,133 [INFO] Sending reply to client '1615989306.1333456'
ptd-server 2021-03-17 06:55:06,133 [INFO] Got command from the client 'session,2021-03-17_06-42-25,start,testing'
ptd-server 2021-03-17 06:55:06,133 [INFO] Sending to ptd: 'SR,V,206.360000'
ptd-server 2021-03-17 06:55:12,288 [INFO] Reply from ptd: 'Range V changed'
ptd-server 2021-03-17 06:55:12,288 [INFO] Sending to ptd: 'SR,A,4.157800'
ptd-server 2021-03-17 06:55:17,880 [INFO] Reply from ptd: 'Range A changed'
ptd-server 2021-03-17 06:55:27,887 [INFO] Starting testing mode
ptd-server 2021-03-17 06:55:27,887 [INFO] Sending to ptd: 'Go,1000,0,2021-03-17_06-42-25_testing'
ptd-server 2021-03-17 06:55:27,887 [INFO] Reply from ptd: 'Starting untimed measurement, maximum 500000 samples at 1000ms with 0 rampup samples'
ptd-server 2021-03-17 06:55:27,887 [INFO] Sending reply to client 'OK'
ptd-server 2021-03-17 07:07:17,295 [INFO] Got command from the client 'session,2021-03-17_06-42-25,stop,testing'
ptd-server 2021-03-17 07:07:27,300 [INFO] Sending to ptd: 'Stop'
ptd-server 2021-03-17 07:07:27,300 [INFO] Reply from ptd: 'Stopping untimed measurement'
ptd-server 2021-03-17 07:07:27,503 [INFO] Sending reply to client 'OK'
ptd-server 2021-03-17 07:07:27,535 [INFO] Got command from the client 'session,2021-03-17_06-42-25,upload,testing'
ptd-server 2021-03-17 07:07:27,535 [INFO] Received 'C:\\ptd-logs\\2021-03-17_06-42-25testing.tmp'
ptd-server 2021-03-17 07:07:27,550 [INFO] Extracted 'C:\\ptd-logs\\2021-03-17_06-42-25testing.tmp' into 'C:\\ptd-logs\\2021-03-17_06-42-25\\run_1'
ptd-server 2021-03-17 07:07:27,550 [INFO] Removed 'C:\\ptd-logs\\2021-03-17_06-42-25testing.tmp'
ptd-server 2021-03-17 07:07:27,550 [INFO] Sending reply to client 'OK'
ptd-server 2021-03-17 07:07:27,550 [INFO] Got command from the client 'session,2021-03-17_06-42-25,upload,client.log'
ptd-server 2021-03-17 07:07:27,550 [INFO] Received 'C:\\ptd-logs\\2021-03-17_06-42-25client.log.tmp'
ptd-server 2021-03-17 07:07:27,566 [INFO] Removed 'C:\\ptd-logs\\2021-03-17_06-42-25client.log.tmp'
ptd-server 2021-03-17 07:07:27,566 [INFO] Sending reply to client 'OK'
ptd-server 2021-03-17 07:07:27,582 [INFO] Got command from the client 'session,2021-03-17_06-42-25,upload,client.json'
ptd-server 2021-03-17 07:07:27,582 [INFO] Received 'C:\\ptd-logs\\2021-03-17_06-42-25client.json.tmp'
ptd-server 2021-03-17 07:07:27,597 [INFO] Removed 'C:\\ptd-logs\\2021-03-17_06-42-25client.json.tmp'
ptd-server 2021-03-17 07:07:27,597 [INFO] Sending reply to client 'OK'
ptd-server 2021-03-17 07:07:27,597 [INFO] Got command from the client 'session,2021-03-17_06-42-25,done'
ptd-server 2021-03-17 07:07:27,597 [INFO] Sending to ptd: 'Stop'
ptd-server 2021-03-17 07:07:27,894 [INFO] Reply from ptd: 'Error: no measurement to stop'
ptd-server 2021-03-17 07:07:27,894 [INFO] Sending to ptd: 'SR,V,Auto'
ptd-server 2021-03-17 07:07:32,972 [INFO] Reply from ptd: 'Range V changed'
ptd-server 2021-03-17 07:07:32,972 [INFO] Sending to ptd: 'SR,A,Auto'
ptd-server 2021-03-17 07:07:38,049 [INFO] Reply from ptd: 'Range A changed'
ptd-server 2021-03-17 07:07:38,049 [INFO] Set initial values for Amps Auto and Volts Auto
ptd-server 2021-03-17 07:07:38,049 [INFO] Stopping ptd...
