ptd-server 2021-03-09 05:06:07,113 [INFO] Got command from the client 'time'
ptd-server 2021-03-09 05:06:07,113 [INFO] Sending reply to client '1615266367.1135306'
ptd-server 2021-03-09 05:06:07,115 [INFO] Got command from the client 'new,,98c275e3-49a8-486f-a1e1-a40a7911700b'
ptd-server 2021-03-09 05:06:07,116 [INFO] Sending reply to client 'OK 2021-03-09_05-06-07,97033a2a-abe7-4084-8b9f-f3cd7c60b65d'
ptd-server 2021-03-09 05:06:07,153 [INFO] Got command from the client 'time'
ptd-server 2021-03-09 05:06:07,153 [INFO] Sending reply to client '1615266367.153269'
ptd-server 2021-03-09 05:06:07,155 [INFO] Got command from the client 'session,2021-03-09_05-06-07,start,ranging'
ptd-server 2021-03-09 05:06:07,155 [INFO] Running PTDaemon: ['/home/anton/projects/mlperf/power/inference_v1.0/ptd-linux-x86', '-l', 'ptd.log', '-p', '8888', '52', '/dev/usbtmc0']
ptd-server 2021-03-09 05:06:24,327 [INFO] Sending to ptd: 'Hello'
ptd-server 2021-03-09 05:06:24,327 [INFO] Reply from ptd: 'Hello, PTDaemon here!'
ptd-server 2021-03-09 05:06:24,327 [INFO] Sending to ptd: 'Identify'
ptd-server 2021-03-09 05:06:24,328 [INFO] Reply from ptd: 'YokogawaWT330E,1000,1,1,1,1,0,0,1,version=1.9.2-e8c7a49a-20201208,OS=Linux 5.8.0-43-generic #49~20.04.1-Ubuntu SMP Fri Feb 5 09:57:56 UTC 2021 x86_64,mode=power,1,1,1,0,0,no_cal_date,YOKOGAWA;WT333E;C3VD30030E;F1.04'
ptd-server 2021-03-09 05:06:24,328 [INFO] Connected to PTDaemon
ptd-server 2021-03-09 05:06:24,328 [INFO] Sending to ptd: 'RR'
ptd-server 2021-03-09 05:06:24,328 [INFO] Reply from ptd: 'Ranges,0,0.500000,0,300.000000'
ptd-server 2021-03-09 05:06:24,329 [INFO] Initial range for Amps is 0.500000 for Volts is 300.000000
ptd-server 2021-03-09 05:06:24,329 [INFO] Sending to ptd: 'SR,V,Auto'
ptd-server 2021-03-09 05:06:24,854 [INFO] Reply from ptd: 'Range V changed'
ptd-server 2021-03-09 05:06:24,854 [INFO] Sending to ptd: 'SR,A,Auto'
ptd-server 2021-03-09 05:06:25,357 [INFO] Reply from ptd: 'Range A changed'
ptd-server 2021-03-09 05:06:35,367 [INFO] Starting ranging mode
ptd-server 2021-03-09 05:06:35,367 [INFO] Sending to ptd: 'Go,1000,0,2021-03-09_05-06-07_ranging'
ptd-server 2021-03-09 05:06:35,368 [INFO] Reply from ptd: 'Starting untimed measurement, maximum 500000 samples at 1000ms with 0 rampup samples'
ptd-server 2021-03-09 05:06:35,368 [INFO] Sending reply to client 'OK'
ptd-server 2021-03-09 05:16:50,682 [INFO] Got command from the client 'session,2021-03-09_05-06-07,stop,ranging'
ptd-server 2021-03-09 05:17:00,692 [INFO] Sending to ptd: 'Stop'
ptd-server 2021-03-09 05:17:00,693 [INFO] Reply from ptd: 'Stopping untimed measurement'
ptd-server 2021-03-09 05:17:01,394 [INFO] Sending reply to client 'OK'
ptd-server 2021-03-09 05:17:01,434 [INFO] Got command from the client 'time'
ptd-server 2021-03-09 05:17:01,434 [INFO] Sending reply to client '1615267021.434588'
ptd-server 2021-03-09 05:17:01,437 [INFO] Got command from the client 'session,2021-03-09_05-06-07,start,testing'
ptd-server 2021-03-09 05:17:01,437 [INFO] Sending to ptd: 'SR,V,247.800000'
ptd-server 2021-03-09 05:17:02,938 [INFO] Reply from ptd: 'Range V changed'
ptd-server 2021-03-09 05:17:02,938 [INFO] Sending to ptd: 'SR,A,0.132820'
ptd-server 2021-03-09 05:17:04,440 [INFO] Reply from ptd: 'Range A changed'
ptd-server 2021-03-09 05:17:14,450 [INFO] Starting testing mode
ptd-server 2021-03-09 05:17:14,450 [INFO] Sending to ptd: 'Go,1000,0,2021-03-09_05-06-07_testing'
ptd-server 2021-03-09 05:17:14,451 [INFO] Reply from ptd: 'Starting untimed measurement, maximum 500000 samples at 1000ms with 0 rampup samples'
ptd-server 2021-03-09 05:17:14,451 [INFO] Sending reply to client 'OK'
ptd-server 2021-03-09 05:27:29,749 [INFO] Got command from the client 'session,2021-03-09_05-06-07,stop,testing'
ptd-server 2021-03-09 05:27:39,759 [INFO] Sending to ptd: 'Stop'
ptd-server 2021-03-09 05:27:39,759 [INFO] Reply from ptd: 'Stopping untimed measurement'
ptd-server 2021-03-09 05:27:40,117 [INFO] Sending reply to client 'OK'
ptd-server 2021-03-09 05:27:40,127 [INFO] Got command from the client 'session,2021-03-09_05-06-07,upload,client.log'
ptd-server 2021-03-09 05:27:40,128 [INFO] Received '/home/anton/projects/mlperf/power-dev/output/2021-03-09_05-06-07client.log.tmp'
ptd-server 2021-03-09 05:27:40,128 [INFO] Removed '/home/anton/projects/mlperf/power-dev/output/2021-03-09_05-06-07client.log.tmp'
ptd-server 2021-03-09 05:27:40,128 [INFO] Sending reply to client 'OK'
ptd-server 2021-03-09 05:27:40,138 [INFO] Got command from the client 'session,2021-03-09_05-06-07,upload,client.json'
ptd-server 2021-03-09 05:27:40,139 [INFO] Received '/home/anton/projects/mlperf/power-dev/output/2021-03-09_05-06-07client.json.tmp'
ptd-server 2021-03-09 05:27:40,139 [INFO] Removed '/home/anton/projects/mlperf/power-dev/output/2021-03-09_05-06-07client.json.tmp'
ptd-server 2021-03-09 05:27:40,139 [INFO] Sending reply to client 'OK'
ptd-server 2021-03-09 05:27:40,141 [INFO] Got command from the client 'session,2021-03-09_05-06-07,done'
ptd-server 2021-03-09 05:27:40,141 [INFO] Sending to ptd: 'Stop'
ptd-server 2021-03-09 05:27:40,452 [INFO] Reply from ptd: 'Error: no measurement to stop'
ptd-server 2021-03-09 05:27:40,452 [INFO] Sending to ptd: 'SR,V,300.000000'
ptd-server 2021-03-09 05:27:41,953 [INFO] Reply from ptd: 'Range V changed'
ptd-server 2021-03-09 05:27:41,954 [INFO] Sending to ptd: 'SR,A,0.500000'
ptd-server 2021-03-09 05:27:43,455 [INFO] Reply from ptd: 'Range A changed'
ptd-server 2021-03-09 05:27:43,455 [INFO] Set initial values for Amps 0.500000 and Volts 300.000000
ptd-server 2021-03-09 05:27:43,455 [INFO] Stopping ptd...
