ptd-server 2021-03-06 16:52:04,992 [INFO] Got command from the client 'time'
ptd-server 2021-03-06 16:52:04,992 [INFO] Sending reply to client '1615049524.9921856'
ptd-server 2021-03-06 16:52:04,996 [INFO] Got command from the client 'new,,12293869-c252-48d2-80d3-b3bd14b73a6c'
ptd-server 2021-03-06 16:52:04,996 [INFO] Sending reply to client 'OK 2021-03-06_16-52-04,2b2c23b8-70ff-4a51-908c-81b6f72e54b1'
ptd-server 2021-03-06 16:52:05,031 [INFO] Got command from the client 'time'
ptd-server 2021-03-06 16:52:05,032 [INFO] Sending reply to client '1615049525.032021'
ptd-server 2021-03-06 16:52:05,035 [INFO] Got command from the client 'session,2021-03-06_16-52-04,start,ranging'
ptd-server 2021-03-06 16:52:05,035 [INFO] Running PTDaemon: ['/home/anton/projects/mlperf/power/inference_v1.0/ptd-linux-x86', '-l', 'ptd.log', '-p', '8888', '52', '/dev/usbtmc0']
ptd-server 2021-03-06 16:52:22,204 [INFO] Sending to ptd: 'Hello'
ptd-server 2021-03-06 16:52:22,205 [INFO] Reply from ptd: 'Hello, PTDaemon here!'
ptd-server 2021-03-06 16:52:22,205 [INFO] Sending to ptd: 'Identify'
ptd-server 2021-03-06 16:52:22,205 [INFO] Reply from ptd: 'YokogawaWT330E,1000,1,1,1,1,0,0,1,version=1.9.2-e8c7a49a-20201208,OS=Linux 5.8.0-43-generic #49~20.04.1-Ubuntu SMP Fri Feb 5 09:57:56 UTC 2021 x86_64,mode=power,1,1,1,0,0,no_cal_date,YOKOGAWA;WT333E;C3VD30030E;F1.04'
ptd-server 2021-03-06 16:52:22,206 [INFO] Connected to PTDaemon
ptd-server 2021-03-06 16:52:22,206 [INFO] Sending to ptd: 'RR'
ptd-server 2021-03-06 16:52:22,206 [INFO] Reply from ptd: 'Ranges,0,0.500000,0,300.000000'
ptd-server 2021-03-06 16:52:22,206 [INFO] Initial range for Amps is 0.500000 for Volts is 300.000000
ptd-server 2021-03-06 16:52:22,206 [INFO] Sending to ptd: 'SR,V,Auto'
ptd-server 2021-03-06 16:52:22,709 [INFO] Reply from ptd: 'Range V changed'
ptd-server 2021-03-06 16:52:22,709 [INFO] Sending to ptd: 'SR,A,Auto'
ptd-server 2021-03-06 16:52:23,211 [INFO] Reply from ptd: 'Range A changed'
ptd-server 2021-03-06 16:52:33,222 [INFO] Starting ranging mode
ptd-server 2021-03-06 16:52:33,222 [INFO] Sending to ptd: 'Go,1000,0,2021-03-06_16-52-04_ranging'
ptd-server 2021-03-06 16:52:33,222 [INFO] Reply from ptd: 'Starting untimed measurement, maximum 500000 samples at 1000ms with 0 rampup samples'
ptd-server 2021-03-06 16:52:33,222 [INFO] Sending reply to client 'OK'
ptd-server 2021-03-06 17:03:04,908 [INFO] Got command from the client 'session,2021-03-06_16-52-04,stop,ranging'
ptd-server 2021-03-06 17:03:14,918 [INFO] Sending to ptd: 'Stop'
ptd-server 2021-03-06 17:03:14,918 [INFO] Reply from ptd: 'Stopping untimed measurement'
ptd-server 2021-03-06 17:03:15,375 [INFO] Sending reply to client 'OK'
ptd-server 2021-03-06 17:03:15,418 [INFO] Got command from the client 'time'
ptd-server 2021-03-06 17:03:15,418 [INFO] Sending reply to client '1615050195.418807'
ptd-server 2021-03-06 17:03:15,423 [INFO] Got command from the client 'session,2021-03-06_16-52-04,start,testing'
ptd-server 2021-03-06 17:03:15,423 [INFO] Sending to ptd: 'SR,V,249.600000'
ptd-server 2021-03-06 17:03:16,924 [INFO] Reply from ptd: 'Range V changed'
ptd-server 2021-03-06 17:03:16,925 [INFO] Sending to ptd: 'SR,A,0.061470'
ptd-server 2021-03-06 17:03:18,426 [INFO] Reply from ptd: 'Range A changed'
ptd-server 2021-03-06 17:03:28,436 [INFO] Starting testing mode
ptd-server 2021-03-06 17:03:28,436 [INFO] Sending to ptd: 'Go,1000,0,2021-03-06_16-52-04_testing'
ptd-server 2021-03-06 17:03:28,437 [INFO] Reply from ptd: 'Starting untimed measurement, maximum 500000 samples at 1000ms with 0 rampup samples'
ptd-server 2021-03-06 17:03:28,437 [INFO] Sending reply to client 'OK'
ptd-server 2021-03-06 17:14:04,985 [INFO] Got command from the client 'session,2021-03-06_16-52-04,stop,testing'
ptd-server 2021-03-06 17:14:14,995 [INFO] Sending to ptd: 'Stop'
ptd-server 2021-03-06 17:14:14,995 [INFO] Reply from ptd: 'Stopping untimed measurement'
ptd-server 2021-03-06 17:14:15,228 [INFO] Sending reply to client 'OK'
ptd-server 2021-03-06 17:14:15,236 [INFO] Got command from the client 'session,2021-03-06_16-52-04,upload,client.log'
ptd-server 2021-03-06 17:14:15,239 [INFO] Received '/home/anton/projects/mlperf/power-dev/output/2021-03-06_16-52-04client.log.tmp'
ptd-server 2021-03-06 17:14:15,240 [INFO] Removed '/home/anton/projects/mlperf/power-dev/output/2021-03-06_16-52-04client.log.tmp'
ptd-server 2021-03-06 17:14:15,240 [INFO] Sending reply to client 'OK'
ptd-server 2021-03-06 17:14:15,252 [INFO] Got command from the client 'session,2021-03-06_16-52-04,upload,client.json'
ptd-server 2021-03-06 17:14:15,255 [INFO] Received '/home/anton/projects/mlperf/power-dev/output/2021-03-06_16-52-04client.json.tmp'
ptd-server 2021-03-06 17:14:15,255 [INFO] Removed '/home/anton/projects/mlperf/power-dev/output/2021-03-06_16-52-04client.json.tmp'
ptd-server 2021-03-06 17:14:15,255 [INFO] Sending reply to client 'OK'
ptd-server 2021-03-06 17:14:15,258 [INFO] Got command from the client 'session,2021-03-06_16-52-04,done'
ptd-server 2021-03-06 17:14:15,258 [INFO] Sending to ptd: 'Stop'
ptd-server 2021-03-06 17:14:15,437 [INFO] Reply from ptd: 'Error: no measurement to stop'
ptd-server 2021-03-06 17:14:15,438 [INFO] Sending to ptd: 'SR,V,300.000000'
ptd-server 2021-03-06 17:14:16,939 [INFO] Reply from ptd: 'Range V changed'
ptd-server 2021-03-06 17:14:16,939 [INFO] Sending to ptd: 'SR,A,0.500000'
ptd-server 2021-03-06 17:14:18,441 [INFO] Reply from ptd: 'Range A changed'
ptd-server 2021-03-06 17:14:18,441 [INFO] Set initial values for Amps 0.500000 and Volts 300.000000
ptd-server 2021-03-06 17:14:18,441 [INFO] Stopping ptd...
