ptd-server 2021-03-08 06:56:01,984 [INFO] Got command from the client 'time'
ptd-server 2021-03-08 06:56:01,984 [INFO] Sending reply to client '1615186561.9847567'
ptd-server 2021-03-08 06:56:01,988 [INFO] Got command from the client 'new,,80d7351e-3ba3-4230-9ca3-b6aa168120c9'
ptd-server 2021-03-08 06:56:01,988 [INFO] Sending reply to client 'OK 2021-03-08_06-56-01,40e9c252-cdca-42d5-98a2-4e438a342990'
ptd-server 2021-03-08 06:56:02,023 [INFO] Got command from the client 'time'
ptd-server 2021-03-08 06:56:02,023 [INFO] Sending reply to client '1615186562.0238292'
ptd-server 2021-03-08 06:56:02,027 [INFO] Got command from the client 'session,2021-03-08_06-56-01,start,ranging'
ptd-server 2021-03-08 06:56:02,027 [INFO] Running PTDaemon: ['/home/anton/projects/mlperf/power/inference_v1.0/ptd-linux-x86', '-l', 'ptd.log', '-p', '8888', '52', '/dev/usbtmc0']
ptd-server 2021-03-08 06:56:19,200 [INFO] Sending to ptd: 'Hello'
ptd-server 2021-03-08 06:56:19,201 [INFO] Reply from ptd: 'Hello, PTDaemon here!'
ptd-server 2021-03-08 06:56:19,201 [INFO] Sending to ptd: 'Identify'
ptd-server 2021-03-08 06:56:19,202 [INFO] Reply from ptd: 'YokogawaWT330E,1000,1,1,1,1,0,0,1,version=1.9.2-e8c7a49a-20201208,OS=Linux 5.8.0-43-generic #49~20.04.1-Ubuntu SMP Fri Feb 5 09:57:56 UTC 2021 x86_64,mode=power,1,1,1,0,0,no_cal_date,YOKOGAWA;WT333E;C3VD30030E;F1.04'
ptd-server 2021-03-08 06:56:19,202 [INFO] Connected to PTDaemon
ptd-server 2021-03-08 06:56:19,202 [INFO] Sending to ptd: 'RR'
ptd-server 2021-03-08 06:56:19,202 [INFO] Reply from ptd: 'Ranges,0,0.500000,0,300.000000'
ptd-server 2021-03-08 06:56:19,202 [INFO] Initial range for Amps is 0.500000 for Volts is 300.000000
ptd-server 2021-03-08 06:56:19,202 [INFO] Sending to ptd: 'SR,V,Auto'
ptd-server 2021-03-08 06:56:19,705 [INFO] Reply from ptd: 'Range V changed'
ptd-server 2021-03-08 06:56:19,705 [INFO] Sending to ptd: 'SR,A,Auto'
ptd-server 2021-03-08 06:56:20,208 [INFO] Reply from ptd: 'Range A changed'
ptd-server 2021-03-08 06:56:30,218 [INFO] Starting ranging mode
ptd-server 2021-03-08 06:56:30,218 [INFO] Sending to ptd: 'Go,1000,0,2021-03-08_06-56-01_ranging'
ptd-server 2021-03-08 06:56:30,218 [INFO] Reply from ptd: 'Starting untimed measurement, maximum 500000 samples at 1000ms with 0 rampup samples'
ptd-server 2021-03-08 06:56:30,219 [INFO] Sending reply to client 'OK'
ptd-server 2021-03-08 07:06:55,423 [INFO] Got command from the client 'session,2021-03-08_06-56-01,stop,ranging'
ptd-server 2021-03-08 07:07:05,433 [INFO] Sending to ptd: 'Stop'
ptd-server 2021-03-08 07:07:05,434 [INFO] Reply from ptd: 'Stopping untimed measurement'
ptd-server 2021-03-08 07:07:06,078 [INFO] Sending reply to client 'OK'
ptd-server 2021-03-08 07:07:06,135 [INFO] Got command from the client 'time'
ptd-server 2021-03-08 07:07:06,135 [INFO] Sending reply to client '1615187226.1353147'
ptd-server 2021-03-08 07:07:06,139 [INFO] Got command from the client 'session,2021-03-08_06-56-01,start,testing'
ptd-server 2021-03-08 07:07:06,139 [INFO] Sending to ptd: 'SR,V,249.920000'
ptd-server 2021-03-08 07:07:07,719 [INFO] Reply from ptd: 'Range V changed'
ptd-server 2021-03-08 07:07:07,720 [INFO] Sending to ptd: 'SR,A,0.051290'
ptd-server 2021-03-08 07:07:09,221 [INFO] Reply from ptd: 'Range A changed'
ptd-server 2021-03-08 07:07:19,231 [INFO] Starting testing mode
ptd-server 2021-03-08 07:07:19,231 [INFO] Sending to ptd: 'Go,1000,0,2021-03-08_06-56-01_testing'
ptd-server 2021-03-08 07:07:19,232 [INFO] Reply from ptd: 'Starting untimed measurement, maximum 500000 samples at 1000ms with 0 rampup samples'
ptd-server 2021-03-08 07:07:19,232 [INFO] Sending reply to client 'OK'
ptd-server 2021-03-08 07:17:49,181 [INFO] Got command from the client 'session,2021-03-08_06-56-01,stop,testing'
ptd-server 2021-03-08 07:17:59,192 [INFO] Sending to ptd: 'Stop'
ptd-server 2021-03-08 07:17:59,192 [INFO] Reply from ptd: 'Stopping untimed measurement'
ptd-server 2021-03-08 07:17:59,539 [INFO] Sending reply to client 'OK'
ptd-server 2021-03-08 07:17:59,548 [INFO] Got command from the client 'session,2021-03-08_06-56-01,upload,client.log'
ptd-server 2021-03-08 07:17:59,552 [INFO] Received '/home/anton/projects/mlperf/power-dev/output/2021-03-08_06-56-01client.log.tmp'
ptd-server 2021-03-08 07:17:59,552 [INFO] Removed '/home/anton/projects/mlperf/power-dev/output/2021-03-08_06-56-01client.log.tmp'
ptd-server 2021-03-08 07:17:59,552 [INFO] Sending reply to client 'OK'
ptd-server 2021-03-08 07:17:59,565 [INFO] Got command from the client 'session,2021-03-08_06-56-01,upload,client.json'
ptd-server 2021-03-08 07:17:59,568 [INFO] Received '/home/anton/projects/mlperf/power-dev/output/2021-03-08_06-56-01client.json.tmp'
ptd-server 2021-03-08 07:17:59,569 [INFO] Removed '/home/anton/projects/mlperf/power-dev/output/2021-03-08_06-56-01client.json.tmp'
ptd-server 2021-03-08 07:17:59,569 [INFO] Sending reply to client 'OK'
ptd-server 2021-03-08 07:17:59,573 [INFO] Got command from the client 'session,2021-03-08_06-56-01,done'
ptd-server 2021-03-08 07:17:59,573 [INFO] Sending to ptd: 'Stop'
ptd-server 2021-03-08 07:17:59,573 [INFO] Reply from ptd: 'Error: no measurement to stop'
ptd-server 2021-03-08 07:17:59,573 [INFO] Sending to ptd: 'SR,V,300.000000'
ptd-server 2021-03-08 07:18:01,075 [INFO] Reply from ptd: 'Range V changed'
ptd-server 2021-03-08 07:18:01,075 [INFO] Sending to ptd: 'SR,A,0.500000'
ptd-server 2021-03-08 07:18:02,576 [INFO] Reply from ptd: 'Range A changed'
ptd-server 2021-03-08 07:18:02,576 [INFO] Set initial values for Amps 0.500000 and Volts 300.000000
ptd-server 2021-03-08 07:18:02,577 [INFO] Stopping ptd...
