ptd-server 2021-03-10 00:00:19,779 [INFO] Got command from the client 'time'
ptd-server 2021-03-10 00:00:19,779 [INFO] Sending reply to client '1615334419.779375'
ptd-server 2021-03-10 00:00:19,781 [INFO] Got command from the client 'new,,91b8a5c2-461c-4b37-aaa2-a5c0d9995839'
ptd-server 2021-03-10 00:00:19,781 [INFO] Sending reply to client 'OK 2021-03-10_00-00-19,226ae918-ad4f-4149-9660-cd53c1c5f575'
ptd-server 2021-03-10 00:00:19,819 [INFO] Got command from the client 'time'
ptd-server 2021-03-10 00:00:19,819 [INFO] Sending reply to client '1615334419.8198717'
ptd-server 2021-03-10 00:00:19,821 [INFO] Got command from the client 'session,2021-03-10_00-00-19,start,ranging'
ptd-server 2021-03-10 00:00:19,822 [INFO] Running PTDaemon: ['/home/anton/projects/mlperf/power/inference_v1.0/ptd-linux-x86', '-l', 'ptd.log', '-p', '8888', '52', '/dev/usbtmc0']
ptd-server 2021-03-10 00:00:36,994 [INFO] Sending to ptd: 'Hello'
ptd-server 2021-03-10 00:00:36,995 [INFO] Reply from ptd: 'Hello, PTDaemon here!'
ptd-server 2021-03-10 00:00:36,995 [INFO] Sending to ptd: 'Identify'
ptd-server 2021-03-10 00:00:36,995 [INFO] Reply from ptd: 'YokogawaWT330E,1000,1,1,1,1,0,0,1,version=1.9.2-e8c7a49a-20201208,OS=Linux 5.8.0-43-generic #49~20.04.1-Ubuntu SMP Fri Feb 5 09:57:56 UTC 2021 x86_64,mode=power,1,1,1,0,0,no_cal_date,YOKOGAWA;WT333E;C3VD30030E;F1.04'
ptd-server 2021-03-10 00:00:36,995 [INFO] Connected to PTDaemon
ptd-server 2021-03-10 00:00:36,996 [INFO] Sending to ptd: 'RR'
ptd-server 2021-03-10 00:00:36,996 [INFO] Reply from ptd: 'Ranges,0,0.500000,0,300.000000'
ptd-server 2021-03-10 00:00:36,996 [INFO] Initial range for Amps is 0.500000 for Volts is 300.000000
ptd-server 2021-03-10 00:00:36,996 [INFO] Sending to ptd: 'SR,V,Auto'
ptd-server 2021-03-10 00:00:37,499 [INFO] Reply from ptd: 'Range V changed'
ptd-server 2021-03-10 00:00:37,499 [INFO] Sending to ptd: 'SR,A,Auto'
ptd-server 2021-03-10 00:00:38,001 [INFO] Reply from ptd: 'Range A changed'
ptd-server 2021-03-10 00:00:48,012 [INFO] Starting ranging mode
ptd-server 2021-03-10 00:00:48,012 [INFO] Sending to ptd: 'Go,1000,0,2021-03-10_00-00-19_ranging'
ptd-server 2021-03-10 00:00:48,012 [INFO] Reply from ptd: 'Starting untimed measurement, maximum 500000 samples at 1000ms with 0 rampup samples'
ptd-server 2021-03-10 00:00:48,013 [INFO] Sending reply to client 'OK'
ptd-server 2021-03-10 00:11:03,564 [INFO] Got command from the client 'session,2021-03-10_00-00-19,stop,ranging'
ptd-server 2021-03-10 00:11:13,572 [INFO] Sending to ptd: 'Stop'
ptd-server 2021-03-10 00:11:13,573 [INFO] Reply from ptd: 'Stopping untimed measurement'
ptd-server 2021-03-10 00:11:14,373 [INFO] Sending reply to client 'OK'
ptd-server 2021-03-10 00:11:14,418 [INFO] Got command from the client 'time'
ptd-server 2021-03-10 00:11:14,418 [INFO] Sending reply to client '1615335074.418857'
ptd-server 2021-03-10 00:11:14,421 [INFO] Got command from the client 'session,2021-03-10_00-00-19,start,testing'
ptd-server 2021-03-10 00:11:14,421 [INFO] Sending to ptd: 'SR,V,249.230000'
ptd-server 2021-03-10 00:11:15,923 [INFO] Reply from ptd: 'Range V changed'
ptd-server 2021-03-10 00:11:15,923 [INFO] Sending to ptd: 'SR,A,0.171090'
ptd-server 2021-03-10 00:11:17,424 [INFO] Reply from ptd: 'Range A changed'
ptd-server 2021-03-10 00:11:27,434 [INFO] Starting testing mode
ptd-server 2021-03-10 00:11:27,435 [INFO] Sending to ptd: 'Go,1000,0,2021-03-10_00-00-19_testing'
ptd-server 2021-03-10 00:11:27,435 [INFO] Reply from ptd: 'Starting untimed measurement, maximum 500000 samples at 1000ms with 0 rampup samples'
ptd-server 2021-03-10 00:11:27,435 [INFO] Sending reply to client 'OK'
ptd-server 2021-03-10 00:21:42,769 [INFO] Got command from the client 'session,2021-03-10_00-00-19,stop,testing'
ptd-server 2021-03-10 00:21:52,780 [INFO] Sending to ptd: 'Stop'
ptd-server 2021-03-10 00:21:52,780 [INFO] Reply from ptd: 'Stopping untimed measurement'
ptd-server 2021-03-10 00:21:53,183 [INFO] Sending reply to client 'OK'
ptd-server 2021-03-10 00:21:53,194 [INFO] Got command from the client 'session,2021-03-10_00-00-19,upload,client.log'
ptd-server 2021-03-10 00:21:53,195 [INFO] Received '/home/anton/projects/mlperf/power-dev/output/2021-03-10_00-00-19client.log.tmp'
ptd-server 2021-03-10 00:21:53,196 [INFO] Removed '/home/anton/projects/mlperf/power-dev/output/2021-03-10_00-00-19client.log.tmp'
ptd-server 2021-03-10 00:21:53,196 [INFO] Sending reply to client 'OK'
ptd-server 2021-03-10 00:21:53,205 [INFO] Got command from the client 'session,2021-03-10_00-00-19,upload,client.json'
ptd-server 2021-03-10 00:21:53,206 [INFO] Received '/home/anton/projects/mlperf/power-dev/output/2021-03-10_00-00-19client.json.tmp'
ptd-server 2021-03-10 00:21:53,206 [INFO] Removed '/home/anton/projects/mlperf/power-dev/output/2021-03-10_00-00-19client.json.tmp'
ptd-server 2021-03-10 00:21:53,206 [INFO] Sending reply to client 'OK'
ptd-server 2021-03-10 00:21:53,207 [INFO] Got command from the client 'session,2021-03-10_00-00-19,done'
ptd-server 2021-03-10 00:21:53,208 [INFO] Sending to ptd: 'Stop'
ptd-server 2021-03-10 00:21:53,435 [INFO] Reply from ptd: 'Error: no measurement to stop'
ptd-server 2021-03-10 00:21:53,435 [INFO] Sending to ptd: 'SR,V,300.000000'
ptd-server 2021-03-10 00:21:54,937 [INFO] Reply from ptd: 'Range V changed'
ptd-server 2021-03-10 00:21:54,937 [INFO] Sending to ptd: 'SR,A,0.500000'
ptd-server 2021-03-10 00:21:56,439 [INFO] Reply from ptd: 'Range A changed'
ptd-server 2021-03-10 00:21:56,439 [INFO] Set initial values for Amps 0.500000 and Volts 300.000000
ptd-server 2021-03-10 00:21:56,439 [INFO] Stopping ptd...
