ptd-server 2021-03-08 11:22:30,261 [INFO] Got command from the client 'time'
ptd-server 2021-03-08 11:22:30,261 [INFO] Sending reply to client '1615202550.2616289'
ptd-server 2021-03-08 11:22:30,264 [INFO] Got command from the client 'new,,25f7859e-67a9-40fa-8daa-69d8b9ec3ac0'
ptd-server 2021-03-08 11:22:30,265 [INFO] Sending reply to client 'OK 2021-03-08_11-22-30,4f3ed06e-26f1-49d6-9239-cb01141dad1f'
ptd-server 2021-03-08 11:22:30,301 [INFO] Got command from the client 'time'
ptd-server 2021-03-08 11:22:30,301 [INFO] Sending reply to client '1615202550.3013873'
ptd-server 2021-03-08 11:22:30,304 [INFO] Got command from the client 'session,2021-03-08_11-22-30,start,ranging'
ptd-server 2021-03-08 11:22:30,304 [INFO] Running PTDaemon: ['/home/anton/projects/mlperf/power/inference_v1.0/ptd-linux-x86', '-l', 'ptd.log', '-p', '8888', '52', '/dev/usbtmc0']
ptd-server 2021-03-08 11:22:47,476 [INFO] Sending to ptd: 'Hello'
ptd-server 2021-03-08 11:22:47,477 [INFO] Reply from ptd: 'Hello, PTDaemon here!'
ptd-server 2021-03-08 11:22:47,477 [INFO] Sending to ptd: 'Identify'
ptd-server 2021-03-08 11:22:47,478 [INFO] Reply from ptd: 'YokogawaWT330E,1000,1,1,1,1,0,0,1,version=1.9.2-e8c7a49a-20201208,OS=Linux 5.8.0-43-generic #49~20.04.1-Ubuntu SMP Fri Feb 5 09:57:56 UTC 2021 x86_64,mode=power,1,1,1,0,0,no_cal_date,YOKOGAWA;WT333E;C3VD30030E;F1.04'
ptd-server 2021-03-08 11:22:47,478 [INFO] Connected to PTDaemon
ptd-server 2021-03-08 11:22:47,478 [INFO] Sending to ptd: 'RR'
ptd-server 2021-03-08 11:22:47,478 [INFO] Reply from ptd: 'Ranges,0,0.500000,0,300.000000'
ptd-server 2021-03-08 11:22:47,478 [INFO] Initial range for Amps is 0.500000 for Volts is 300.000000
ptd-server 2021-03-08 11:22:47,478 [INFO] Sending to ptd: 'SR,V,Auto'
ptd-server 2021-03-08 11:22:47,981 [INFO] Reply from ptd: 'Range V changed'
ptd-server 2021-03-08 11:22:47,981 [INFO] Sending to ptd: 'SR,A,Auto'
ptd-server 2021-03-08 11:22:48,483 [INFO] Reply from ptd: 'Range A changed'
ptd-server 2021-03-08 11:22:58,494 [INFO] Starting ranging mode
ptd-server 2021-03-08 11:22:58,494 [INFO] Sending to ptd: 'Go,1000,0,2021-03-08_11-22-30_ranging'
ptd-server 2021-03-08 11:22:58,494 [INFO] Reply from ptd: 'Starting untimed measurement, maximum 500000 samples at 1000ms with 0 rampup samples'
ptd-server 2021-03-08 11:22:58,495 [INFO] Sending reply to client 'OK'
ptd-server 2021-03-08 11:33:23,682 [INFO] Got command from the client 'session,2021-03-08_11-22-30,stop,ranging'
ptd-server 2021-03-08 11:33:33,693 [INFO] Sending to ptd: 'Stop'
ptd-server 2021-03-08 11:33:33,693 [INFO] Reply from ptd: 'Stopping untimed measurement'
ptd-server 2021-03-08 11:33:34,405 [INFO] Sending reply to client 'OK'
ptd-server 2021-03-08 11:33:34,549 [INFO] Got command from the client 'time'
ptd-server 2021-03-08 11:33:34,549 [INFO] Sending reply to client '1615203214.549929'
ptd-server 2021-03-08 11:33:34,553 [INFO] Got command from the client 'session,2021-03-08_11-22-30,start,testing'
ptd-server 2021-03-08 11:33:34,553 [INFO] Sending to ptd: 'SR,V,250.480000'
ptd-server 2021-03-08 11:33:36,054 [INFO] Reply from ptd: 'Range V changed'
ptd-server 2021-03-08 11:33:36,055 [INFO] Sending to ptd: 'SR,A,0.048880'
ptd-server 2021-03-08 11:33:37,556 [INFO] Reply from ptd: 'Range A changed'
ptd-server 2021-03-08 11:33:47,566 [INFO] Starting testing mode
ptd-server 2021-03-08 11:33:47,567 [INFO] Sending to ptd: 'Go,1000,0,2021-03-08_11-22-30_testing'
ptd-server 2021-03-08 11:33:47,567 [INFO] Reply from ptd: 'Starting untimed measurement, maximum 500000 samples at 1000ms with 0 rampup samples'
ptd-server 2021-03-08 11:33:47,567 [INFO] Sending reply to client 'OK'
ptd-server 2021-03-08 11:44:17,428 [INFO] Got command from the client 'session,2021-03-08_11-22-30,stop,testing'
ptd-server 2021-03-08 11:44:27,438 [INFO] Sending to ptd: 'Stop'
ptd-server 2021-03-08 11:44:27,439 [INFO] Reply from ptd: 'Stopping untimed measurement'
ptd-server 2021-03-08 11:44:27,783 [INFO] Sending reply to client 'OK'
ptd-server 2021-03-08 11:44:27,791 [INFO] Got command from the client 'session,2021-03-08_11-22-30,upload,client.log'
ptd-server 2021-03-08 11:44:27,794 [INFO] Received '/home/anton/projects/mlperf/power-dev/output/2021-03-08_11-22-30client.log.tmp'
ptd-server 2021-03-08 11:44:27,795 [INFO] Removed '/home/anton/projects/mlperf/power-dev/output/2021-03-08_11-22-30client.log.tmp'
ptd-server 2021-03-08 11:44:27,795 [INFO] Sending reply to client 'OK'
ptd-server 2021-03-08 11:44:27,807 [INFO] Got command from the client 'session,2021-03-08_11-22-30,upload,client.json'
ptd-server 2021-03-08 11:44:27,810 [INFO] Received '/home/anton/projects/mlperf/power-dev/output/2021-03-08_11-22-30client.json.tmp'
ptd-server 2021-03-08 11:44:27,810 [INFO] Removed '/home/anton/projects/mlperf/power-dev/output/2021-03-08_11-22-30client.json.tmp'
ptd-server 2021-03-08 11:44:27,810 [INFO] Sending reply to client 'OK'
ptd-server 2021-03-08 11:44:27,813 [INFO] Got command from the client 'session,2021-03-08_11-22-30,done'
ptd-server 2021-03-08 11:44:27,813 [INFO] Sending to ptd: 'Stop'
ptd-server 2021-03-08 11:44:27,813 [INFO] Reply from ptd: 'Error: no measurement to stop'
ptd-server 2021-03-08 11:44:27,813 [INFO] Sending to ptd: 'SR,V,300.000000'
ptd-server 2021-03-08 11:44:29,315 [INFO] Reply from ptd: 'Range V changed'
ptd-server 2021-03-08 11:44:29,315 [INFO] Sending to ptd: 'SR,A,0.500000'
ptd-server 2021-03-08 11:44:30,816 [INFO] Reply from ptd: 'Range A changed'
ptd-server 2021-03-08 11:44:30,816 [INFO] Set initial values for Amps 0.500000 and Volts 300.000000
ptd-server 2021-03-08 11:44:30,817 [INFO] Stopping ptd...
