ptd-server 2021-03-06 07:31:14,980 [INFO] Got command from the client 'time'
ptd-server 2021-03-06 07:31:14,980 [INFO] Sending reply to client '1615015874.980276'
ptd-server 2021-03-06 07:31:14,983 [INFO] Got command from the client 'new,,db894573-7630-4812-bb60-1f078e9a6796'
ptd-server 2021-03-06 07:31:14,983 [INFO] Sending reply to client 'OK 2021-03-06_07-31-14,c01b0a07-e065-4623-84f2-e618cceea22d'
ptd-server 2021-03-06 07:31:15,017 [INFO] Got command from the client 'time'
ptd-server 2021-03-06 07:31:15,017 [INFO] Sending reply to client '1615015875.0176532'
ptd-server 2021-03-06 07:31:15,021 [INFO] Got command from the client 'session,2021-03-06_07-31-14,start,ranging'
ptd-server 2021-03-06 07:31:15,021 [INFO] Running PTDaemon: ['/home/anton/projects/mlperf/power/inference_v1.0/ptd-linux-x86', '-l', 'ptd.log', '-p', '8888', '52', '/dev/usbtmc0']
ptd-server 2021-03-06 07:31:32,190 [INFO] Sending to ptd: 'Hello'
ptd-server 2021-03-06 07:31:32,190 [INFO] Reply from ptd: 'Hello, PTDaemon here!'
ptd-server 2021-03-06 07:31:32,190 [INFO] Sending to ptd: 'Identify'
ptd-server 2021-03-06 07:31:32,191 [INFO] Reply from ptd: 'YokogawaWT330E,1000,1,1,1,1,0,0,1,version=1.9.2-e8c7a49a-20201208,OS=Linux 5.8.0-43-generic #49~20.04.1-Ubuntu SMP Fri Feb 5 09:57:56 UTC 2021 x86_64,mode=power,1,1,1,0,0,no_cal_date,YOKOGAWA;WT333E;C3VD30030E;F1.04'
ptd-server 2021-03-06 07:31:32,191 [INFO] Connected to PTDaemon
ptd-server 2021-03-06 07:31:32,191 [INFO] Sending to ptd: 'RR'
ptd-server 2021-03-06 07:31:32,191 [INFO] Reply from ptd: 'Ranges,0,0.500000,0,300.000000'
ptd-server 2021-03-06 07:31:32,192 [INFO] Initial range for Amps is 0.500000 for Volts is 300.000000
ptd-server 2021-03-06 07:31:32,192 [INFO] Sending to ptd: 'SR,V,Auto'
ptd-server 2021-03-06 07:31:32,694 [INFO] Reply from ptd: 'Range V changed'
ptd-server 2021-03-06 07:31:32,694 [INFO] Sending to ptd: 'SR,A,Auto'
ptd-server 2021-03-06 07:31:33,197 [INFO] Reply from ptd: 'Range A changed'
ptd-server 2021-03-06 07:31:43,207 [INFO] Starting ranging mode
ptd-server 2021-03-06 07:31:43,207 [INFO] Sending to ptd: 'Go,1000,0,2021-03-06_07-31-14_ranging'
ptd-server 2021-03-06 07:31:43,208 [INFO] Reply from ptd: 'Starting untimed measurement, maximum 500000 samples at 1000ms with 0 rampup samples'
ptd-server 2021-03-06 07:31:43,208 [INFO] Sending reply to client 'OK'
ptd-server 2021-03-06 07:42:14,469 [INFO] Got command from the client 'session,2021-03-06_07-31-14,stop,ranging'
ptd-server 2021-03-06 07:42:24,479 [INFO] Sending to ptd: 'Stop'
ptd-server 2021-03-06 07:42:24,479 [INFO] Reply from ptd: 'Stopping untimed measurement'
ptd-server 2021-03-06 07:42:24,882 [INFO] Sending reply to client 'OK'
ptd-server 2021-03-06 07:42:24,928 [INFO] Got command from the client 'time'
ptd-server 2021-03-06 07:42:24,928 [INFO] Sending reply to client '1615016544.9284468'
ptd-server 2021-03-06 07:42:24,932 [INFO] Got command from the client 'session,2021-03-06_07-31-14,start,testing'
ptd-server 2021-03-06 07:42:24,932 [INFO] Sending to ptd: 'SR,V,248.920000'
ptd-server 2021-03-06 07:42:26,710 [INFO] Reply from ptd: 'Range V changed'
ptd-server 2021-03-06 07:42:26,710 [INFO] Sending to ptd: 'SR,A,0.058750'
ptd-server 2021-03-06 07:42:28,211 [INFO] Reply from ptd: 'Range A changed'
ptd-server 2021-03-06 07:42:38,221 [INFO] Starting testing mode
ptd-server 2021-03-06 07:42:38,222 [INFO] Sending to ptd: 'Go,1000,0,2021-03-06_07-31-14_testing'
ptd-server 2021-03-06 07:42:38,222 [INFO] Reply from ptd: 'Starting untimed measurement, maximum 500000 samples at 1000ms with 0 rampup samples'
ptd-server 2021-03-06 07:42:38,222 [INFO] Sending reply to client 'OK'
ptd-server 2021-03-06 07:53:14,551 [INFO] Got command from the client 'session,2021-03-06_07-31-14,stop,testing'
ptd-server 2021-03-06 07:53:24,561 [INFO] Sending to ptd: 'Stop'
ptd-server 2021-03-06 07:53:24,562 [INFO] Reply from ptd: 'Stopping untimed measurement'
ptd-server 2021-03-06 07:53:24,775 [INFO] Sending reply to client 'OK'
ptd-server 2021-03-06 07:53:24,783 [INFO] Got command from the client 'session,2021-03-06_07-31-14,upload,client.log'
ptd-server 2021-03-06 07:53:24,787 [INFO] Received '/home/anton/projects/mlperf/power-dev/output/2021-03-06_07-31-14client.log.tmp'
ptd-server 2021-03-06 07:53:24,787 [INFO] Removed '/home/anton/projects/mlperf/power-dev/output/2021-03-06_07-31-14client.log.tmp'
ptd-server 2021-03-06 07:53:24,787 [INFO] Sending reply to client 'OK'
ptd-server 2021-03-06 07:53:24,800 [INFO] Got command from the client 'session,2021-03-06_07-31-14,upload,client.json'
ptd-server 2021-03-06 07:53:24,803 [INFO] Received '/home/anton/projects/mlperf/power-dev/output/2021-03-06_07-31-14client.json.tmp'
ptd-server 2021-03-06 07:53:24,803 [INFO] Removed '/home/anton/projects/mlperf/power-dev/output/2021-03-06_07-31-14client.json.tmp'
ptd-server 2021-03-06 07:53:24,803 [INFO] Sending reply to client 'OK'
ptd-server 2021-03-06 07:53:24,806 [INFO] Got command from the client 'session,2021-03-06_07-31-14,done'
ptd-server 2021-03-06 07:53:24,806 [INFO] Sending to ptd: 'Stop'
ptd-server 2021-03-06 07:53:25,222 [INFO] Reply from ptd: 'Error: no measurement to stop'
ptd-server 2021-03-06 07:53:25,222 [INFO] Sending to ptd: 'SR,V,300.000000'
ptd-server 2021-03-06 07:53:26,724 [INFO] Reply from ptd: 'Range V changed'
ptd-server 2021-03-06 07:53:26,724 [INFO] Sending to ptd: 'SR,A,0.500000'
ptd-server 2021-03-06 07:53:28,225 [INFO] Reply from ptd: 'Range A changed'
ptd-server 2021-03-06 07:53:28,225 [INFO] Set initial values for Amps 0.500000 and Volts 300.000000
ptd-server 2021-03-06 07:53:28,225 [INFO] Stopping ptd...
