client 2021-02-27 06:57:18,073 [INFO] Sending command to the server: 'mlcommons/power client v3'
client 2021-02-27 06:57:18,074 [INFO] Got response: 'mlcommons/power server v3'
client 2021-02-27 06:57:18,074 [INFO] Synchronizing with the server and with time.google.com...
client 2021-02-27 06:57:18,130 [INFO] NTP:offset = 0.009 s, delay = 0.029 s 
client 2021-02-27 06:57:18,130 [INFO] Sending command to the server: 'time'
client 2021-02-27 06:57:18,131 [INFO] Got response: '1614409038.1433365'
client 2021-02-27 06:57:18,131 [INFO] The time difference between the client and the server is within range -12.655 ms..-11.503 ms
client 2021-02-27 06:57:18,132 [INFO] Sending command to the server: 'new,,a1cdf947-29dc-4d3c-b42b-f45619b553e0'
client 2021-02-27 06:57:18,133 [INFO] Got response: 'OK 2021-02-27_06-57-18,c820f1a7-3cb8-4ef2-bd31-e3c107816d7b'
client 2021-02-27 06:57:18,133 [INFO] Session id is '2021-02-27_06-57-18'
client 2021-02-27 06:57:18,133 [INFO] Sources: {"sources": {"client.py": "d1e75cb4b26101220ebd242e584cf3ca5d8f1996", "lib/__init__.py": "da39a3ee5e6b4b0d3255bfef95601890afd80709", "lib/client.py": "d42bebf5b74cb6ff3997e2a6c68422afac111a28", "lib/common.py": "b0bad80d8fa328a7636027d4d66ff453f8dd7889", "lib/external/ntplib.py": "4da8f970656505a40483206ef2b5d3dd5e81711d", "lib/server.py": "2ed36471c7af565d6c8438b2134edad1d7ddf166", "lib/source_hashes.py": "4cedff274c661cb1504052018fd4f00dfbf624ef", "lib/summary.py": "0db15d783907aa92038281af4e465545c0648ddb", "lib/time_sync.py": "76051226ec89287839723352f4162aaa24e0546a", "server.py": "99e1310e3f76292aef1b8792ce6b8c82f1d44d8b", "tests/unit/test_server.py": "64f11775bfed35232a0e8bb9593c0ff992432c59", "tests/unit/test_source_hashes.py": "cb41a7261eaf7d94ba5c0aae9c523174f6204be3"}, "modules": {"__main__": "client.py", "lib.client": "lib/client.py", "lib.common": "lib/common.py", "lib.external.ntplib": "lib/external/ntplib.py", "lib.source_hashes": "lib/source_hashes.py", "lib.summary": "lib/summary.py", "lib.time_sync": "lib/time_sync.py"}}
client 2021-02-27 06:57:18,134 [INFO] Running workload in ranging mode
client 2021-02-27 06:57:18,134 [INFO] Synchronizing with the server and with time.google.com...
client 2021-02-27 06:57:18,170 [INFO] NTP:offset = 0.009 s, delay = 0.034 s 
client 2021-02-27 06:57:18,170 [INFO] Sending command to the server: 'time'
client 2021-02-27 06:57:18,171 [INFO] Got response: '1614409038.183299'
client 2021-02-27 06:57:18,171 [INFO] The time difference between the client and the server is within range -12.672 ms..-11.501 ms
client 2021-02-27 06:57:18,172 [INFO] Sending command to the server: 'session,2021-02-27_06-57-18,start,ranging'
client 2021-02-27 06:57:46,359 [INFO] Got response: 'OK'
client 2021-02-27 06:57:46,359 [INFO] Running the workload 'ck benchmark program:image-classification-tflite-loadgen --env.CK_SILENT_MODE=YES --skip_print_timers --dep_add_tags.compiler=gcc,v7 --dep_add_tags.python=v3 --dep_add_tags.mlperf-inference-src=r1.0 --dep_add_tags.weights=mobilenet,v1-0.5-192,non-quantized --dep_add_tags.images=crop.875,preprocessed,using-opencv --dep_add_tags.library=tflite,v2.4.1,with.ruy --env.CK_LOADGEN_DATASET_SIZE=1024 --env.CK_LOADGEN_SCENARIO=SingleStream --env.CK_LOADGEN_MODE=PerformanceOnly --env.CK_LOADGEN_TARGET_LATENCY=5 --skip_stat_analysis --process_multi_keys --repetitions=1 --record --record_repo=local --record_uoa=mlperf-open-xavier-tflite-v2.4.1-ruy-mobilenet-v1-0.5-192-non-quantized-singlestream-performance-target_latency.5-power.workload --tags=mlperf,division.open,task.image-classification,platform.xavier,scenario.singlestream,mode.performance,workload.mobilenet-v1-0.5-192-non-quantized,preprocessed_using.opencv,inference_engine.tflite,inference_engine_version.v2.4.1,inference_engine_backend.ruy,target_latency.5,power.workload "@@@{\'meta\': {\'ck_benchmark_program\': \'ck benchmark program:image-classification-tflite-loadgen --env.CK_SILENT_MODE=YES --skip_print_timers --dep_add_tags.compiler=gcc,v7 --dep_add_tags.python=v3 --dep_add_tags.mlperf-inference-src=r1.0 --dep_add_tags.weights=mobilenet,v1-0.5-192,non-quantized --dep_add_tags.images=crop.875,preprocessed,using-opencv --dep_add_tags.library=tflite,v2.4.1,with.ruy --env.CK_LOADGEN_DATASET_SIZE=1024 --env.CK_LOADGEN_SCENARIO=SingleStream --env.CK_LOADGEN_MODE=PerformanceOnly --env.CK_LOADGEN_TARGET_LATENCY=5 --skip_stat_analysis --process_multi_keys --repetitions=1 --record --record_repo=local --record_uoa=mlperf-open-xavier-tflite-v2.4.1-ruy-mobilenet-v1-0.5-192-non-quantized-singlestream-performance-target_latency.5-power.workload --tags=mlperf,division.open,task.image-classification,platform.xavier,scenario.singlestream,mode.performance,workload.mobilenet-v1-0.5-192-non-quantized,preprocessed_using.opencv,inference_engine.tflite,inference_engine_version.v2.4.1,inference_engine_backend.ruy,target_latency.5,power.workload\'}}" && cat `ck find program:image-classification-tflite-loadgen`/tmp/mlperf_log_summary.txt && mkdir -p "$CK_MLPERF_POWER_CLIENT_LOADGEN_LOGS" && cp "$CK_MLPERF_POWER_CLIENT_LOADGEN_LOGS"/../mlperf_log_* "$CK_MLPERF_POWER_CLIENT_LOADGEN_LOGS"/'
client 2021-02-27 07:08:04,931 [INFO] Sending command to the server: 'session,2021-02-27_06-57-18,stop,ranging'
client 2021-02-27 07:08:14,994 [INFO] Got response: 'OK'
client 2021-02-27 07:08:14,995 [INFO] Running workload in testing mode
client 2021-02-27 07:08:14,995 [INFO] Synchronizing with the server and with time.google.com...
client 2021-02-27 07:08:15,025 [INFO] NTP:offset = 0.013 s, delay = 0.027 s 
client 2021-02-27 07:08:15,026 [INFO] Sending command to the server: 'time'
client 2021-02-27 07:08:15,027 [INFO] Got response: '1614409695.040219'
client 2021-02-27 07:08:15,027 [INFO] The time difference between the client and the server is within range -14.076 ms..-12.832 ms
client 2021-02-27 07:08:15,027 [INFO] Sending command to the server: 'session,2021-02-27_06-57-18,start,testing'
client 2021-02-27 07:08:28,371 [INFO] Got response: 'OK'
client 2021-02-27 07:08:28,371 [INFO] Running the workload 'ck benchmark program:image-classification-tflite-loadgen --env.CK_SILENT_MODE=YES --skip_print_timers --dep_add_tags.compiler=gcc,v7 --dep_add_tags.python=v3 --dep_add_tags.mlperf-inference-src=r1.0 --dep_add_tags.weights=mobilenet,v1-0.5-192,non-quantized --dep_add_tags.images=crop.875,preprocessed,using-opencv --dep_add_tags.library=tflite,v2.4.1,with.ruy --env.CK_LOADGEN_DATASET_SIZE=1024 --env.CK_LOADGEN_SCENARIO=SingleStream --env.CK_LOADGEN_MODE=PerformanceOnly --env.CK_LOADGEN_TARGET_LATENCY=5 --skip_stat_analysis --process_multi_keys --repetitions=1 --record --record_repo=local --record_uoa=mlperf-open-xavier-tflite-v2.4.1-ruy-mobilenet-v1-0.5-192-non-quantized-singlestream-performance-target_latency.5-power.workload --tags=mlperf,division.open,task.image-classification,platform.xavier,scenario.singlestream,mode.performance,workload.mobilenet-v1-0.5-192-non-quantized,preprocessed_using.opencv,inference_engine.tflite,inference_engine_version.v2.4.1,inference_engine_backend.ruy,target_latency.5,power.workload "@@@{\'meta\': {\'ck_benchmark_program\': \'ck benchmark program:image-classification-tflite-loadgen --env.CK_SILENT_MODE=YES --skip_print_timers --dep_add_tags.compiler=gcc,v7 --dep_add_tags.python=v3 --dep_add_tags.mlperf-inference-src=r1.0 --dep_add_tags.weights=mobilenet,v1-0.5-192,non-quantized --dep_add_tags.images=crop.875,preprocessed,using-opencv --dep_add_tags.library=tflite,v2.4.1,with.ruy --env.CK_LOADGEN_DATASET_SIZE=1024 --env.CK_LOADGEN_SCENARIO=SingleStream --env.CK_LOADGEN_MODE=PerformanceOnly --env.CK_LOADGEN_TARGET_LATENCY=5 --skip_stat_analysis --process_multi_keys --repetitions=1 --record --record_repo=local --record_uoa=mlperf-open-xavier-tflite-v2.4.1-ruy-mobilenet-v1-0.5-192-non-quantized-singlestream-performance-target_latency.5-power.workload --tags=mlperf,division.open,task.image-classification,platform.xavier,scenario.singlestream,mode.performance,workload.mobilenet-v1-0.5-192-non-quantized,preprocessed_using.opencv,inference_engine.tflite,inference_engine_version.v2.4.1,inference_engine_backend.ruy,target_latency.5,power.workload\'}}" && cat `ck find program:image-classification-tflite-loadgen`/tmp/mlperf_log_summary.txt && mkdir -p "$CK_MLPERF_POWER_CLIENT_LOADGEN_LOGS" && cp "$CK_MLPERF_POWER_CLIENT_LOADGEN_LOGS"/../mlperf_log_* "$CK_MLPERF_POWER_CLIENT_LOADGEN_LOGS"/'
client 2021-02-27 07:18:46,755 [INFO] Sending command to the server: 'session,2021-02-27_06-57-18,stop,testing'
client 2021-02-27 07:18:56,794 [INFO] Got response: 'OK'
client 2021-02-27 07:18:56,795 [INFO] Done runs
