ptd-server 2021-02-27 06:57:18,143 [INFO] Got command from the client 'time'
ptd-server 2021-02-27 06:57:18,143 [INFO] Sending reply to client '1614409038.1433365'
ptd-server 2021-02-27 06:57:18,144 [INFO] Got command from the client 'new,,a1cdf947-29dc-4d3c-b42b-f45619b553e0'
ptd-server 2021-02-27 06:57:18,145 [INFO] Sending reply to client 'OK 2021-02-27_06-57-18,c820f1a7-3cb8-4ef2-bd31-e3c107816d7b'
ptd-server 2021-02-27 06:57:18,183 [INFO] Got command from the client 'time'
ptd-server 2021-02-27 06:57:18,183 [INFO] Sending reply to client '1614409038.183299'
ptd-server 2021-02-27 06:57:18,184 [INFO] Got command from the client 'session,2021-02-27_06-57-18,start,ranging'
ptd-server 2021-02-27 06:57:18,184 [INFO] Running PTDaemon: ['/home/anton/projects/mlperf/power/inference_v1.0/ptd-linux-x86', '-l', 'ptd.log', '-p', '8888', '52', '/dev/usbtmc0']
ptd-server 2021-02-27 06:57:35,352 [INFO] Sending to ptd: 'Hello'
ptd-server 2021-02-27 06:57:35,353 [INFO] Reply from ptd: 'Hello, PTDaemon here!'
ptd-server 2021-02-27 06:57:35,353 [INFO] Sending to ptd: 'Identify'
ptd-server 2021-02-27 06:57:35,353 [INFO] Reply from ptd: 'YokogawaWT330E,1000,1,1,1,1,0,0,1,version=1.9.2-e8c7a49a-20201208,OS=Linux 5.8.0-43-generic #49~20.04.1-Ubuntu SMP Fri Feb 5 09:57:56 UTC 2021 x86_64,mode=power,1,1,1,0,0,no_cal_date,YOKOGAWA;WT333E;C3VD30030E;F1.04'
ptd-server 2021-02-27 06:57:35,354 [INFO] Connected to PTDaemon
ptd-server 2021-02-27 06:57:35,354 [INFO] Sending to ptd: 'RR'
ptd-server 2021-02-27 06:57:35,354 [INFO] Reply from ptd: 'Ranges,0,0.500000,0,300.000000'
ptd-server 2021-02-27 06:57:35,354 [INFO] Initial range for Amps is 0.500000 for Volts is 300.000000
ptd-server 2021-02-27 06:57:35,354 [INFO] Sending to ptd: 'SR,V,Auto'
ptd-server 2021-02-27 06:57:35,857 [INFO] Reply from ptd: 'Range V changed'
ptd-server 2021-02-27 06:57:35,857 [INFO] Sending to ptd: 'SR,A,Auto'
ptd-server 2021-02-27 06:57:36,359 [INFO] Reply from ptd: 'Range A changed'
ptd-server 2021-02-27 06:57:46,370 [INFO] Starting ranging mode
ptd-server 2021-02-27 06:57:46,370 [INFO] Sending to ptd: 'Go,1000,0,2021-02-27_06-57-18_ranging'
ptd-server 2021-02-27 06:57:46,370 [INFO] Reply from ptd: 'Starting untimed measurement, maximum 500000 samples at 1000ms with 0 rampup samples'
ptd-server 2021-02-27 06:57:46,370 [INFO] Sending reply to client 'OK'
ptd-server 2021-02-27 07:08:04,946 [INFO] Got command from the client 'session,2021-02-27_06-57-18,stop,ranging'
ptd-server 2021-02-27 07:08:14,956 [INFO] Sending to ptd: 'Stop'
ptd-server 2021-02-27 07:08:14,956 [INFO] Reply from ptd: 'Stopping untimed measurement'
ptd-server 2021-02-27 07:08:15,007 [INFO] Sending reply to client 'OK'
ptd-server 2021-02-27 07:08:15,040 [INFO] Got command from the client 'time'
ptd-server 2021-02-27 07:08:15,040 [INFO] Sending reply to client '1614409695.040219'
ptd-server 2021-02-27 07:08:15,041 [INFO] Got command from the client 'session,2021-02-27_06-57-18,start,testing'
ptd-server 2021-02-27 07:08:15,041 [INFO] Sending to ptd: 'SR,V,250.600000'
ptd-server 2021-02-27 07:08:16,871 [INFO] Reply from ptd: 'Range V changed'
ptd-server 2021-02-27 07:08:16,871 [INFO] Sending to ptd: 'SR,A,0.207180'
ptd-server 2021-02-27 07:08:18,373 [INFO] Reply from ptd: 'Range A changed'
ptd-server 2021-02-27 07:08:28,383 [INFO] Starting testing mode
ptd-server 2021-02-27 07:08:28,383 [INFO] Sending to ptd: 'Go,1000,0,2021-02-27_06-57-18_testing'
ptd-server 2021-02-27 07:08:28,384 [INFO] Reply from ptd: 'Starting untimed measurement, maximum 500000 samples at 1000ms with 0 rampup samples'
ptd-server 2021-02-27 07:08:28,384 [INFO] Sending reply to client 'OK'
ptd-server 2021-02-27 07:18:46,770 [INFO] Got command from the client 'session,2021-02-27_06-57-18,stop,testing'
ptd-server 2021-02-27 07:18:56,781 [INFO] Sending to ptd: 'Stop'
ptd-server 2021-02-27 07:18:56,781 [INFO] Reply from ptd: 'Stopping untimed measurement'
ptd-server 2021-02-27 07:18:56,808 [INFO] Sending reply to client 'OK'
ptd-server 2021-02-27 07:18:56,811 [INFO] Got command from the client 'session,2021-02-27_06-57-18,upload,client.log'
ptd-server 2021-02-27 07:18:56,811 [INFO] Received '/home/anton/projects/mlperf/power-dev/output/2021-02-27_06-57-18client.log.tmp'
ptd-server 2021-02-27 07:18:56,812 [INFO] Removed '/home/anton/projects/mlperf/power-dev/output/2021-02-27_06-57-18client.log.tmp'
ptd-server 2021-02-27 07:18:56,812 [INFO] Sending reply to client 'OK'
ptd-server 2021-02-27 07:18:56,816 [INFO] Got command from the client 'session,2021-02-27_06-57-18,upload,client.json'
ptd-server 2021-02-27 07:18:56,816 [INFO] Received '/home/anton/projects/mlperf/power-dev/output/2021-02-27_06-57-18client.json.tmp'
ptd-server 2021-02-27 07:18:56,817 [INFO] Removed '/home/anton/projects/mlperf/power-dev/output/2021-02-27_06-57-18client.json.tmp'
ptd-server 2021-02-27 07:18:56,817 [INFO] Sending reply to client 'OK'
ptd-server 2021-02-27 07:18:56,818 [INFO] Got command from the client 'session,2021-02-27_06-57-18,done'
ptd-server 2021-02-27 07:18:56,818 [INFO] Sending to ptd: 'Stop'
ptd-server 2021-02-27 07:18:57,384 [INFO] Reply from ptd: 'Error: no measurement to stop'
ptd-server 2021-02-27 07:18:57,385 [INFO] Sending to ptd: 'SR,V,300.000000'
ptd-server 2021-02-27 07:18:58,886 [INFO] Reply from ptd: 'Range V changed'
ptd-server 2021-02-27 07:18:58,886 [INFO] Sending to ptd: 'SR,A,0.500000'
ptd-server 2021-02-27 07:19:00,387 [INFO] Reply from ptd: 'Range A changed'
ptd-server 2021-02-27 07:19:00,388 [INFO] Set initial values for Amps 0.500000 and Volts 300.000000
ptd-server 2021-02-27 07:19:00,388 [INFO] Stopping ptd...
