ptd-server 2021-03-06 20:02:35,370 [INFO] Got command from the client 'time'
ptd-server 2021-03-06 20:02:35,370 [INFO] Sending reply to client '1615060955.3707316'
ptd-server 2021-03-06 20:02:35,375 [INFO] Got command from the client 'new,,f2ed1462-28f0-4b1c-89aa-43ba07964e6a'
ptd-server 2021-03-06 20:02:35,375 [INFO] Sending reply to client 'OK 2021-03-06_20-02-35,88f74d88-3324-44d3-8384-673b9003563e'
ptd-server 2021-03-06 20:02:35,412 [INFO] Got command from the client 'time'
ptd-server 2021-03-06 20:02:35,413 [INFO] Sending reply to client '1615060955.4130516'
ptd-server 2021-03-06 20:02:35,416 [INFO] Got command from the client 'session,2021-03-06_20-02-35,start,ranging'
ptd-server 2021-03-06 20:02:35,416 [INFO] Running PTDaemon: ['/home/anton/projects/mlperf/power/inference_v1.0/ptd-linux-x86', '-l', 'ptd.log', '-p', '8888', '52', '/dev/usbtmc0']
ptd-server 2021-03-06 20:02:52,585 [INFO] Sending to ptd: 'Hello'
ptd-server 2021-03-06 20:02:52,585 [INFO] Reply from ptd: 'Hello, PTDaemon here!'
ptd-server 2021-03-06 20:02:52,585 [INFO] Sending to ptd: 'Identify'
ptd-server 2021-03-06 20:02:52,586 [INFO] Reply from ptd: 'YokogawaWT330E,1000,1,1,1,1,0,0,1,version=1.9.2-e8c7a49a-20201208,OS=Linux 5.8.0-43-generic #49~20.04.1-Ubuntu SMP Fri Feb 5 09:57:56 UTC 2021 x86_64,mode=power,1,1,1,0,0,no_cal_date,YOKOGAWA;WT333E;C3VD30030E;F1.04'
ptd-server 2021-03-06 20:02:52,586 [INFO] Connected to PTDaemon
ptd-server 2021-03-06 20:02:52,586 [INFO] Sending to ptd: 'RR'
ptd-server 2021-03-06 20:02:52,586 [INFO] Reply from ptd: 'Ranges,0,0.500000,0,300.000000'
ptd-server 2021-03-06 20:02:52,586 [INFO] Initial range for Amps is 0.500000 for Volts is 300.000000
ptd-server 2021-03-06 20:02:52,587 [INFO] Sending to ptd: 'SR,V,Auto'
ptd-server 2021-03-06 20:02:53,089 [INFO] Reply from ptd: 'Range V changed'
ptd-server 2021-03-06 20:02:53,089 [INFO] Sending to ptd: 'SR,A,Auto'
ptd-server 2021-03-06 20:02:53,592 [INFO] Reply from ptd: 'Range A changed'
ptd-server 2021-03-06 20:03:03,602 [INFO] Starting ranging mode
ptd-server 2021-03-06 20:03:03,602 [INFO] Sending to ptd: 'Go,1000,0,2021-03-06_20-02-35_ranging'
ptd-server 2021-03-06 20:03:03,602 [INFO] Reply from ptd: 'Starting untimed measurement, maximum 500000 samples at 1000ms with 0 rampup samples'
ptd-server 2021-03-06 20:03:03,603 [INFO] Sending reply to client 'OK'
ptd-server 2021-03-06 20:13:35,809 [INFO] Got command from the client 'session,2021-03-06_20-02-35,stop,ranging'
ptd-server 2021-03-06 20:13:45,820 [INFO] Sending to ptd: 'Stop'
ptd-server 2021-03-06 20:13:45,820 [INFO] Reply from ptd: 'Stopping untimed measurement'
ptd-server 2021-03-06 20:13:46,289 [INFO] Sending reply to client 'OK'
ptd-server 2021-03-06 20:13:46,332 [INFO] Got command from the client 'time'
ptd-server 2021-03-06 20:13:46,332 [INFO] Sending reply to client '1615061626.3326778'
ptd-server 2021-03-06 20:13:46,336 [INFO] Got command from the client 'session,2021-03-06_20-02-35,start,testing'
ptd-server 2021-03-06 20:13:46,337 [INFO] Sending to ptd: 'SR,V,248.900000'
ptd-server 2021-03-06 20:13:48,104 [INFO] Reply from ptd: 'Range V changed'
ptd-server 2021-03-06 20:13:48,104 [INFO] Sending to ptd: 'SR,A,0.056480'
ptd-server 2021-03-06 20:13:49,605 [INFO] Reply from ptd: 'Range A changed'
ptd-server 2021-03-06 20:13:59,616 [INFO] Starting testing mode
ptd-server 2021-03-06 20:13:59,616 [INFO] Sending to ptd: 'Go,1000,0,2021-03-06_20-02-35_testing'
ptd-server 2021-03-06 20:13:59,616 [INFO] Reply from ptd: 'Starting untimed measurement, maximum 500000 samples at 1000ms with 0 rampup samples'
ptd-server 2021-03-06 20:13:59,616 [INFO] Sending reply to client 'OK'
ptd-server 2021-03-06 20:24:36,618 [INFO] Got command from the client 'session,2021-03-06_20-02-35,stop,testing'
ptd-server 2021-03-06 20:24:46,628 [INFO] Sending to ptd: 'Stop'
ptd-server 2021-03-06 20:24:46,629 [INFO] Reply from ptd: 'Stopping untimed measurement'
ptd-server 2021-03-06 20:24:46,877 [INFO] Sending reply to client 'OK'
ptd-server 2021-03-06 20:24:46,885 [INFO] Got command from the client 'session,2021-03-06_20-02-35,upload,client.log'
ptd-server 2021-03-06 20:24:46,889 [INFO] Received '/home/anton/projects/mlperf/power-dev/output/2021-03-06_20-02-35client.log.tmp'
ptd-server 2021-03-06 20:24:46,889 [INFO] Removed '/home/anton/projects/mlperf/power-dev/output/2021-03-06_20-02-35client.log.tmp'
ptd-server 2021-03-06 20:24:46,889 [INFO] Sending reply to client 'OK'
ptd-server 2021-03-06 20:24:46,902 [INFO] Got command from the client 'session,2021-03-06_20-02-35,upload,client.json'
ptd-server 2021-03-06 20:24:46,905 [INFO] Received '/home/anton/projects/mlperf/power-dev/output/2021-03-06_20-02-35client.json.tmp'
ptd-server 2021-03-06 20:24:46,905 [INFO] Removed '/home/anton/projects/mlperf/power-dev/output/2021-03-06_20-02-35client.json.tmp'
ptd-server 2021-03-06 20:24:46,905 [INFO] Sending reply to client 'OK'
ptd-server 2021-03-06 20:24:46,908 [INFO] Got command from the client 'session,2021-03-06_20-02-35,done'
ptd-server 2021-03-06 20:24:46,908 [INFO] Sending to ptd: 'Stop'
ptd-server 2021-03-06 20:24:47,616 [INFO] Reply from ptd: 'Error: no measurement to stop'
ptd-server 2021-03-06 20:24:47,616 [INFO] Sending to ptd: 'SR,V,300.000000'
ptd-server 2021-03-06 20:24:49,118 [INFO] Reply from ptd: 'Range V changed'
ptd-server 2021-03-06 20:24:49,118 [INFO] Sending to ptd: 'SR,A,0.500000'
ptd-server 2021-03-06 20:24:50,619 [INFO] Reply from ptd: 'Range A changed'
ptd-server 2021-03-06 20:24:50,619 [INFO] Set initial values for Amps 0.500000 and Volts 300.000000
ptd-server 2021-03-06 20:24:50,619 [INFO] Stopping ptd...
