ptd-server 2021-02-26 20:37:22,135 [INFO] Got command from the client 'time'
ptd-server 2021-02-26 20:37:22,136 [INFO] Sending reply to client '1614371842.1361263'
ptd-server 2021-02-26 20:37:22,137 [INFO] Got command from the client 'new,,21a214c2-dbc7-429d-81a9-799b000581ba'
ptd-server 2021-02-26 20:37:22,138 [INFO] Sending reply to client 'OK 2021-02-26_20-37-22,f777be58-4ffa-40a9-92eb-1e3ed32a6f96'
ptd-server 2021-02-26 20:37:22,176 [INFO] Got command from the client 'time'
ptd-server 2021-02-26 20:37:22,176 [INFO] Sending reply to client '1614371842.1767142'
ptd-server 2021-02-26 20:37:22,177 [INFO] Got command from the client 'session,2021-02-26_20-37-22,start,ranging'
ptd-server 2021-02-26 20:37:22,178 [INFO] Running PTDaemon: ['/home/anton/projects/mlperf/power/inference_v1.0/ptd-linux-x86', '-l', 'ptd.log', '-p', '8888', '52', '/dev/usbtmc0']
ptd-server 2021-02-26 20:37:39,346 [INFO] Sending to ptd: 'Hello'
ptd-server 2021-02-26 20:37:39,346 [INFO] Reply from ptd: 'Hello, PTDaemon here!'
ptd-server 2021-02-26 20:37:39,346 [INFO] Sending to ptd: 'Identify'
ptd-server 2021-02-26 20:37:39,347 [INFO] Reply from ptd: 'YokogawaWT330E,1000,1,1,1,1,0,0,1,version=1.9.2-e8c7a49a-20201208,OS=Linux 5.8.0-43-generic #49~20.04.1-Ubuntu SMP Fri Feb 5 09:57:56 UTC 2021 x86_64,mode=power,1,1,1,0,0,no_cal_date,YOKOGAWA;WT333E;C3VD30030E;F1.04'
ptd-server 2021-02-26 20:37:39,347 [INFO] Connected to PTDaemon
ptd-server 2021-02-26 20:37:39,347 [INFO] Sending to ptd: 'RR'
ptd-server 2021-02-26 20:37:39,348 [INFO] Reply from ptd: 'Ranges,0,0.500000,0,300.000000'
ptd-server 2021-02-26 20:37:39,348 [INFO] Initial range for Amps is 0.500000 for Volts is 300.000000
ptd-server 2021-02-26 20:37:39,348 [INFO] Sending to ptd: 'SR,V,Auto'
ptd-server 2021-02-26 20:37:39,889 [INFO] Reply from ptd: 'Range V changed'
ptd-server 2021-02-26 20:37:39,889 [INFO] Sending to ptd: 'SR,A,Auto'
ptd-server 2021-02-26 20:37:40,391 [INFO] Reply from ptd: 'Range A changed'
ptd-server 2021-02-26 20:37:50,402 [INFO] Starting ranging mode
ptd-server 2021-02-26 20:37:50,402 [INFO] Sending to ptd: 'Go,1000,0,2021-02-26_20-37-22_ranging'
ptd-server 2021-02-26 20:37:50,402 [INFO] Reply from ptd: 'Starting untimed measurement, maximum 500000 samples at 1000ms with 0 rampup samples'
ptd-server 2021-02-26 20:37:50,402 [INFO] Sending reply to client 'OK'
ptd-server 2021-02-26 20:48:13,014 [INFO] Got command from the client 'session,2021-02-26_20-37-22,stop,ranging'
ptd-server 2021-02-26 20:48:23,024 [INFO] Sending to ptd: 'Stop'
ptd-server 2021-02-26 20:48:23,025 [INFO] Reply from ptd: 'Stopping untimed measurement'
ptd-server 2021-02-26 20:48:23,052 [INFO] Sending reply to client 'OK'
ptd-server 2021-02-26 20:48:23,082 [INFO] Got command from the client 'time'
ptd-server 2021-02-26 20:48:23,082 [INFO] Sending reply to client '1614372503.08289'
ptd-server 2021-02-26 20:48:23,084 [INFO] Got command from the client 'session,2021-02-26_20-37-22,start,testing'
ptd-server 2021-02-26 20:48:23,084 [INFO] Sending to ptd: 'SR,V,248.600000'
ptd-server 2021-02-26 20:48:24,903 [INFO] Reply from ptd: 'Range V changed'
ptd-server 2021-02-26 20:48:24,904 [INFO] Sending to ptd: 'SR,A,0.226320'
ptd-server 2021-02-26 20:48:26,405 [INFO] Reply from ptd: 'Range A changed'
ptd-server 2021-02-26 20:48:36,415 [INFO] Starting testing mode
ptd-server 2021-02-26 20:48:36,415 [INFO] Sending to ptd: 'Go,1000,0,2021-02-26_20-37-22_testing'
ptd-server 2021-02-26 20:48:36,416 [INFO] Reply from ptd: 'Starting untimed measurement, maximum 500000 samples at 1000ms with 0 rampup samples'
ptd-server 2021-02-26 20:48:36,416 [INFO] Sending reply to client 'OK'
ptd-server 2021-02-26 20:58:54,810 [INFO] Got command from the client 'session,2021-02-26_20-37-22,stop,testing'
ptd-server 2021-02-26 20:59:04,820 [INFO] Sending to ptd: 'Stop'
ptd-server 2021-02-26 20:59:04,821 [INFO] Reply from ptd: 'Stopping untimed measurement'
ptd-server 2021-02-26 20:59:04,835 [INFO] Sending reply to client 'OK'
ptd-server 2021-02-26 20:59:04,838 [INFO] Got command from the client 'session,2021-02-26_20-37-22,upload,client.log'
ptd-server 2021-02-26 20:59:04,839 [INFO] Received '/home/anton/projects/mlperf/power-dev/output/2021-02-26_20-37-22client.log.tmp'
ptd-server 2021-02-26 20:59:04,839 [INFO] Removed '/home/anton/projects/mlperf/power-dev/output/2021-02-26_20-37-22client.log.tmp'
ptd-server 2021-02-26 20:59:04,839 [INFO] Sending reply to client 'OK'
ptd-server 2021-02-26 20:59:04,844 [INFO] Got command from the client 'session,2021-02-26_20-37-22,upload,client.json'
ptd-server 2021-02-26 20:59:04,844 [INFO] Received '/home/anton/projects/mlperf/power-dev/output/2021-02-26_20-37-22client.json.tmp'
ptd-server 2021-02-26 20:59:04,844 [INFO] Removed '/home/anton/projects/mlperf/power-dev/output/2021-02-26_20-37-22client.json.tmp'
ptd-server 2021-02-26 20:59:04,844 [INFO] Sending reply to client 'OK'
ptd-server 2021-02-26 20:59:04,845 [INFO] Got command from the client 'session,2021-02-26_20-37-22,done'
ptd-server 2021-02-26 20:59:04,845 [INFO] Sending to ptd: 'Stop'
ptd-server 2021-02-26 20:59:05,417 [INFO] Reply from ptd: 'Error: no measurement to stop'
ptd-server 2021-02-26 20:59:05,417 [INFO] Sending to ptd: 'SR,V,300.000000'
ptd-server 2021-02-26 20:59:06,918 [INFO] Reply from ptd: 'Range V changed'
ptd-server 2021-02-26 20:59:06,918 [INFO] Sending to ptd: 'SR,A,0.500000'
ptd-server 2021-02-26 20:59:08,420 [INFO] Reply from ptd: 'Range A changed'
ptd-server 2021-02-26 20:59:08,420 [INFO] Set initial values for Amps 0.500000 and Volts 300.000000
ptd-server 2021-02-26 20:59:08,420 [INFO] Stopping ptd...
