ptd-server 2021-03-05 01:50:52,750 [INFO] Got command from the client 'time'
ptd-server 2021-03-05 01:50:52,750 [INFO] Sending reply to client '1614909052.7507079'
ptd-server 2021-03-05 01:50:52,753 [INFO] Got command from the client 'new,,5247f9b6-6cdd-4c20-aa43-a7d8561f6d7e'
ptd-server 2021-03-05 01:50:52,754 [INFO] Sending reply to client 'OK 2021-03-05_01-50-52,1c854b39-3870-42bc-93b3-5da15a3974d4'
ptd-server 2021-03-05 01:50:52,797 [INFO] Got command from the client 'time'
ptd-server 2021-03-05 01:50:52,797 [INFO] Sending reply to client '1614909052.7978227'
ptd-server 2021-03-05 01:50:52,803 [INFO] Got command from the client 'session,2021-03-05_01-50-52,start,ranging'
ptd-server 2021-03-05 01:50:52,803 [INFO] Running PTDaemon: ['/home/anton/projects/mlperf/power/inference_v1.0/ptd-linux-x86', '-l', 'ptd.log', '-p', '8888', '52', '/dev/usbtmc0']
ptd-server 2021-03-05 01:51:09,972 [INFO] Sending to ptd: 'Hello'
ptd-server 2021-03-05 01:51:09,973 [INFO] Reply from ptd: 'Hello, PTDaemon here!'
ptd-server 2021-03-05 01:51:09,973 [INFO] Sending to ptd: 'Identify'
ptd-server 2021-03-05 01:51:09,973 [INFO] Reply from ptd: 'YokogawaWT330E,1000,1,1,1,1,0,0,1,version=1.9.2-e8c7a49a-20201208,OS=Linux 5.8.0-43-generic #49~20.04.1-Ubuntu SMP Fri Feb 5 09:57:56 UTC 2021 x86_64,mode=power,1,1,1,0,0,no_cal_date,YOKOGAWA;WT333E;C3VD30030E;F1.04'
ptd-server 2021-03-05 01:51:09,974 [INFO] Connected to PTDaemon
ptd-server 2021-03-05 01:51:09,974 [INFO] Sending to ptd: 'RR'
ptd-server 2021-03-05 01:51:09,974 [INFO] Reply from ptd: 'Ranges,0,0.500000,0,300.000000'
ptd-server 2021-03-05 01:51:09,974 [INFO] Initial range for Amps is 0.500000 for Volts is 300.000000
ptd-server 2021-03-05 01:51:09,974 [INFO] Sending to ptd: 'SR,V,Auto'
ptd-server 2021-03-05 01:51:10,477 [INFO] Reply from ptd: 'Range V changed'
ptd-server 2021-03-05 01:51:10,477 [INFO] Sending to ptd: 'SR,A,Auto'
ptd-server 2021-03-05 01:51:10,979 [INFO] Reply from ptd: 'Range A changed'
ptd-server 2021-03-05 01:51:20,989 [INFO] Starting ranging mode
ptd-server 2021-03-05 01:51:20,990 [INFO] Sending to ptd: 'Go,1000,0,2021-03-05_01-50-52_ranging'
ptd-server 2021-03-05 01:51:20,990 [INFO] Reply from ptd: 'Starting untimed measurement, maximum 500000 samples at 1000ms with 0 rampup samples'
ptd-server 2021-03-05 01:51:20,990 [INFO] Sending reply to client 'OK'
ptd-server 2021-03-05 02:01:52,507 [INFO] Got command from the client 'session,2021-03-05_01-50-52,stop,ranging'
ptd-server 2021-03-05 02:02:02,518 [INFO] Sending to ptd: 'Stop'
ptd-server 2021-03-05 02:02:02,518 [INFO] Reply from ptd: 'Stopping untimed measurement'
ptd-server 2021-03-05 02:02:02,831 [INFO] Sending reply to client 'OK'
ptd-server 2021-03-05 02:02:02,888 [INFO] Got command from the client 'time'
ptd-server 2021-03-05 02:02:02,888 [INFO] Sending reply to client '1614909722.888818'
ptd-server 2021-03-05 02:02:02,892 [INFO] Got command from the client 'session,2021-03-05_01-50-52,start,testing'
ptd-server 2021-03-05 02:02:02,892 [INFO] Sending to ptd: 'SR,V,249.340000'
ptd-server 2021-03-05 02:02:04,491 [INFO] Reply from ptd: 'Range V changed'
ptd-server 2021-03-05 02:02:04,492 [INFO] Sending to ptd: 'SR,A,0.059400'
ptd-server 2021-03-05 02:02:05,993 [INFO] Reply from ptd: 'Range A changed'
ptd-server 2021-03-05 02:02:16,003 [INFO] Starting testing mode
ptd-server 2021-03-05 02:02:16,003 [INFO] Sending to ptd: 'Go,1000,0,2021-03-05_01-50-52_testing'
ptd-server 2021-03-05 02:02:16,004 [INFO] Reply from ptd: 'Starting untimed measurement, maximum 500000 samples at 1000ms with 0 rampup samples'
ptd-server 2021-03-05 02:02:16,004 [INFO] Sending reply to client 'OK'
ptd-server 2021-03-05 02:12:52,300 [INFO] Got command from the client 'session,2021-03-05_01-50-52,stop,testing'
ptd-server 2021-03-05 02:13:02,311 [INFO] Sending to ptd: 'Stop'
ptd-server 2021-03-05 02:13:02,311 [INFO] Reply from ptd: 'Stopping untimed measurement'
ptd-server 2021-03-05 02:13:02,472 [INFO] Sending reply to client 'OK'
ptd-server 2021-03-05 02:13:02,480 [INFO] Got command from the client 'session,2021-03-05_01-50-52,upload,client.log'
ptd-server 2021-03-05 02:13:02,484 [INFO] Received '/home/anton/projects/mlperf/power-dev/output/2021-03-05_01-50-52client.log.tmp'
ptd-server 2021-03-05 02:13:02,484 [INFO] Removed '/home/anton/projects/mlperf/power-dev/output/2021-03-05_01-50-52client.log.tmp'
ptd-server 2021-03-05 02:13:02,484 [INFO] Sending reply to client 'OK'
ptd-server 2021-03-05 02:13:02,497 [INFO] Got command from the client 'session,2021-03-05_01-50-52,upload,client.json'
ptd-server 2021-03-05 02:13:02,500 [INFO] Received '/home/anton/projects/mlperf/power-dev/output/2021-03-05_01-50-52client.json.tmp'
ptd-server 2021-03-05 02:13:02,500 [INFO] Removed '/home/anton/projects/mlperf/power-dev/output/2021-03-05_01-50-52client.json.tmp'
ptd-server 2021-03-05 02:13:02,500 [INFO] Sending reply to client 'OK'
ptd-server 2021-03-05 02:13:02,503 [INFO] Got command from the client 'session,2021-03-05_01-50-52,done'
ptd-server 2021-03-05 02:13:02,503 [INFO] Sending to ptd: 'Stop'
ptd-server 2021-03-05 02:13:03,004 [INFO] Reply from ptd: 'Error: no measurement to stop'
ptd-server 2021-03-05 02:13:03,004 [INFO] Sending to ptd: 'SR,V,300.000000'
ptd-server 2021-03-05 02:13:04,505 [INFO] Reply from ptd: 'Range V changed'
ptd-server 2021-03-05 02:13:04,506 [INFO] Sending to ptd: 'SR,A,0.500000'
ptd-server 2021-03-05 02:13:06,007 [INFO] Reply from ptd: 'Range A changed'
ptd-server 2021-03-05 02:13:06,007 [INFO] Set initial values for Amps 0.500000 and Volts 300.000000
ptd-server 2021-03-05 02:13:06,007 [INFO] Stopping ptd...
