client 2021-03-18 02:51:18,262 [WARNING] Removing old loadgen logs directory '/home/scratch.mlperf_inf_ci/mlPerf/L1/A100_PCIex8_MaxQ-Computelab-A100-PCIEx8-MaxQ-L1-2-2021-03-17-03-56-44-UTC/mlperf-inference/closed/NVIDIA/build/power_logs_temp'
client 2021-03-18 02:51:18,267 [INFO] Sending command to the server: 'mlcommons/power client v3'
client 2021-03-18 02:51:18,273 [INFO] Got response: 'mlcommons/power server v3'
client 2021-03-18 02:51:18,273 [INFO] Sending command to the server: 'stop'
client 2021-03-18 02:51:18,274 [INFO] Got response: 'OK'
client 2021-03-18 02:51:18,274 [INFO] Synchronizing with the server and with ib-01.dc4-in.nvidia.com...
client 2021-03-18 02:51:18,481 [INFO] NTP:offset = 0.000 s, delay = 0.202 s 
client 2021-03-18 02:51:18,481 [INFO] Sending command to the server: 'time'
client 2021-03-18 02:51:18,482 [INFO] Got response: '1616061078.5824883'
client 2021-03-18 02:51:18,482 [INFO] The time difference between the client and the server is within range -100.905 ms..-99.526 ms
client 2021-03-18 02:51:18,483 [INFO] Sending command to the server: 'new,,6eae57d7-b7f6-4e33-b294-23c069dde266'
client 2021-03-18 02:51:18,484 [INFO] Got response: 'OK 2021-03-18_02-51-18,962d22d5-76dd-4388-ac59-2067eb38c458'
client 2021-03-18 02:51:18,484 [INFO] Session id is '2021-03-18_02-51-18'
client 2021-03-18 02:51:18,484 [INFO] Sources: {"sources": {"client.py": "d1e75cb4b26101220ebd242e584cf3ca5d8f1996", "lib/__init__.py": "da39a3ee5e6b4b0d3255bfef95601890afd80709", "lib/client.py": "d42bebf5b74cb6ff3997e2a6c68422afac111a28", "lib/common.py": "b0bad80d8fa328a7636027d4d66ff453f8dd7889", "lib/external/ntplib.py": "4da8f970656505a40483206ef2b5d3dd5e81711d", "lib/server.py": "2ed36471c7af565d6c8438b2134edad1d7ddf166", "lib/source_hashes.py": "4cedff274c661cb1504052018fd4f00dfbf624ef", "lib/summary.py": "0db15d783907aa92038281af4e465545c0648ddb", "lib/time_sync.py": "76051226ec89287839723352f4162aaa24e0546a", "server.py": "99e1310e3f76292aef1b8792ce6b8c82f1d44d8b", "tests/unit/test_server.py": "64f11775bfed35232a0e8bb9593c0ff992432c59", "tests/unit/test_source_hashes.py": "cb41a7261eaf7d94ba5c0aae9c523174f6204be3"}, "modules": {"__main__": "client.py", "lib.client": "lib/client.py", "lib.common": "lib/common.py", "lib.external.ntplib": "lib/external/ntplib.py", "lib.source_hashes": "lib/source_hashes.py", "lib.summary": "lib/summary.py", "lib.time_sync": "lib/time_sync.py"}}
client 2021-03-18 02:51:18,486 [INFO] Running workload in ranging mode
client 2021-03-18 02:51:18,486 [INFO] Synchronizing with the server and with ib-01.dc4-in.nvidia.com...
client 2021-03-18 02:51:18,689 [INFO] NTP:offset = 0.000 s, delay = 0.202 s 
client 2021-03-18 02:51:18,690 [INFO] Sending command to the server: 'time'
client 2021-03-18 02:51:18,691 [INFO] Got response: '1616061078.8025112'
client 2021-03-18 02:51:18,691 [INFO] The time difference between the client and the server is within range -112.505 ms..-111.194 ms
client 2021-03-18 02:51:18,691 [INFO] Sending command to the server: 'session,2021-03-18_02-51-18,start,ranging'
client 2021-03-18 02:52:00,293 [INFO] Got response: 'OK'
client 2021-03-18 02:52:00,293 [INFO] Running the workload 'LOG_DIR=/home/scratch.mlperf_inf_ci/mlPerf/L1/A100_PCIex8_MaxQ-Computelab-A100-PCIEx8-MaxQ-L1-2-2021-03-17-03-56-44-UTC/mlperf-inference/closed/NVIDIA/build/power_logs_temp python3 code/main.py --benchmarks=bert --scenarios=Server --test_mode=PerformanceOnly --config_ver=maxq_high_accuracy --action="run_harness" \\\n\t\t&& cp -v /home/scratch.mlperf_inf_ci/mlPerf/L1/A100_PCIex8_MaxQ-Computelab-A100-PCIEx8-MaxQ-L1-2-2021-03-17-03-56-44-UTC/mlperf-inference/closed/NVIDIA/build/power_logs_temp/*/*/*/mlperf_log_detail.txt /home/scratch.mlperf_inf_ci/mlPerf/L1/A100_PCIex8_MaxQ-Computelab-A100-PCIEx8-MaxQ-L1-2-2021-03-17-03-56-44-UTC/mlperf-inference/closed/NVIDIA/build/power_logs_temp/ \\\n\t\t&& cp -v /home/scratch.mlperf_inf_ci/mlPerf/L1/A100_PCIex8_MaxQ-Computelab-A100-PCIEx8-MaxQ-L1-2-2021-03-17-03-56-44-UTC/mlperf-inference/closed/NVIDIA/build/power_logs_temp/*/*/*/mlperf_log_summary.txt /home/scratch.mlperf_inf_ci/mlPerf/L1/A100_PCIex8_MaxQ-Computelab-A100-PCIEx8-MaxQ-L1-2-2021-03-17-03-56-44-UTC/mlperf-inference/closed/NVIDIA/build/power_logs_temp/'
client 2021-03-18 03:03:26,065 [INFO] Sending command to the server: 'session,2021-03-18_02-51-18,stop,ranging'
client 2021-03-18 03:03:36,494 [INFO] Got response: 'OK'
client 2021-03-18 03:03:36,501 [INFO] Packing logs into zip and uploading to the server
client 2021-03-18 03:03:36,537 [INFO] Zip file size: 63.9 kB
client 2021-03-18 03:03:36,557 [INFO] Got response: 'OK'
client 2021-03-18 03:03:36,558 [INFO] Running workload in testing mode
client 2021-03-18 03:03:36,558 [INFO] Synchronizing with the server and with ib-01.dc4-in.nvidia.com...
client 2021-03-18 03:03:36,762 [INFO] NTP:offset = 0.001 s, delay = 0.203 s 
client 2021-03-18 03:03:36,762 [INFO] Sending command to the server: 'time'
client 2021-03-18 03:03:36,763 [INFO] Got response: '1616061816.879583'
client 2021-03-18 03:03:36,763 [INFO] The time difference between the client and the server is within range -116.702 ms..-115.719 ms
client 2021-03-18 03:03:36,763 [INFO] Sending command to the server: 'session,2021-03-18_02-51-18,start,testing'
client 2021-03-18 03:03:58,467 [INFO] Got response: 'OK'
client 2021-03-18 03:03:58,467 [INFO] Running the workload 'LOG_DIR=/home/scratch.mlperf_inf_ci/mlPerf/L1/A100_PCIex8_MaxQ-Computelab-A100-PCIEx8-MaxQ-L1-2-2021-03-17-03-56-44-UTC/mlperf-inference/closed/NVIDIA/build/power_logs_temp python3 code/main.py --benchmarks=bert --scenarios=Server --test_mode=PerformanceOnly --config_ver=maxq_high_accuracy --action="run_harness" \\\n\t\t&& cp -v /home/scratch.mlperf_inf_ci/mlPerf/L1/A100_PCIex8_MaxQ-Computelab-A100-PCIEx8-MaxQ-L1-2-2021-03-17-03-56-44-UTC/mlperf-inference/closed/NVIDIA/build/power_logs_temp/*/*/*/mlperf_log_detail.txt /home/scratch.mlperf_inf_ci/mlPerf/L1/A100_PCIex8_MaxQ-Computelab-A100-PCIEx8-MaxQ-L1-2-2021-03-17-03-56-44-UTC/mlperf-inference/closed/NVIDIA/build/power_logs_temp/ \\\n\t\t&& cp -v /home/scratch.mlperf_inf_ci/mlPerf/L1/A100_PCIex8_MaxQ-Computelab-A100-PCIEx8-MaxQ-L1-2-2021-03-17-03-56-44-UTC/mlperf-inference/closed/NVIDIA/build/power_logs_temp/*/*/*/mlperf_log_summary.txt /home/scratch.mlperf_inf_ci/mlPerf/L1/A100_PCIex8_MaxQ-Computelab-A100-PCIEx8-MaxQ-L1-2-2021-03-17-03-56-44-UTC/mlperf-inference/closed/NVIDIA/build/power_logs_temp/'
client 2021-03-18 03:15:25,116 [INFO] Sending command to the server: 'session,2021-03-18_02-51-18,stop,testing'
client 2021-03-18 03:15:35,335 [INFO] Got response: 'OK'
client 2021-03-18 03:15:35,342 [INFO] Packing logs into zip and uploading to the server
client 2021-03-18 03:15:35,377 [INFO] Zip file size: 63.9 kB
client 2021-03-18 03:15:35,395 [INFO] Got response: 'OK'
client 2021-03-18 03:15:35,396 [INFO] Done runs
