ptd-server 2021-03-18 02:51:18,372 [INFO] Got command from the client 'stop'
ptd-server 2021-03-18 02:51:18,372 [INFO] The server will be stopped after processing this client
ptd-server 2021-03-18 02:51:18,372 [INFO] Sending reply to client 'OK'
ptd-server 2021-03-18 02:51:18,582 [INFO] Got command from the client 'time'
ptd-server 2021-03-18 02:51:18,582 [INFO] Sending reply to client '1616061078.5824883'
ptd-server 2021-03-18 02:51:18,582 [INFO] Got command from the client 'new,,6eae57d7-b7f6-4e33-b294-23c069dde266'
ptd-server 2021-03-18 02:51:18,582 [INFO] Sending reply to client 'OK 2021-03-18_02-51-18,962d22d5-76dd-4388-ac59-2067eb38c458'
ptd-server 2021-03-18 02:51:18,802 [INFO] Got command from the client 'time'
ptd-server 2021-03-18 02:51:18,802 [INFO] Sending reply to client '1616061078.8025112'
ptd-server 2021-03-18 02:51:18,802 [INFO] Got command from the client 'session,2021-03-18_02-51-18,start,ranging'
ptd-server 2021-03-18 02:51:18,911 [INFO] Running PTDaemon: ['C:\\PTD\\ptd-windows-x86.exe', '-l', 'C:\\logs_ptdeamon.txt', '-p', '8888', '-c', '1,3', '-y', '77', '10.117.41.199']
ptd-server 2021-03-18 02:51:40,237 [INFO] Sending to ptd: 'Hello'
ptd-server 2021-03-18 02:51:40,237 [INFO] Reply from ptd: 'Hello, PTDaemon here!'
ptd-server 2021-03-18 02:51:40,237 [INFO] Sending to ptd: 'Identify'
ptd-server 2021-03-18 02:51:40,237 [INFO] Reply from ptd: 'YokogawaWT330_multichannel,1000,1,1,1,1,0,0,1,version=1.9.2-3976349f-20201208,OS=Windows 8 / Server 2012,mode=power,1,1,2,0,0,no_cal_date,YOKOGAWA;WT333E;C2WL21011V;F1.04'
ptd-server 2021-03-18 02:51:40,237 [INFO] Connected to PTDaemon
ptd-server 2021-03-18 02:51:40,237 [INFO] Sending to ptd: 'RR'
ptd-server 2021-03-18 02:51:40,237 [INFO] Reply from ptd: 'Ranges,1,2.000000,1,300.000000'
ptd-server 2021-03-18 02:51:40,237 [INFO] Initial range for Amps is Auto for Volts is Auto
ptd-server 2021-03-18 02:51:40,237 [INFO] Sending to ptd: 'SR,V,Auto'
ptd-server 2021-03-18 02:51:45,314 [INFO] Reply from ptd: 'Range V changed'
ptd-server 2021-03-18 02:51:45,314 [INFO] Sending to ptd: 'SR,A,Auto'
ptd-server 2021-03-18 02:51:50,392 [INFO] Reply from ptd: 'Range A changed'
ptd-server 2021-03-18 02:52:00,405 [INFO] Starting ranging mode
ptd-server 2021-03-18 02:52:00,405 [INFO] Sending to ptd: 'Go,1000,0,2021-03-18_02-51-18_ranging'
ptd-server 2021-03-18 02:52:00,405 [INFO] Reply from ptd: 'Starting untimed measurement, maximum 500000 samples at 1000ms with 0 rampup samples'
ptd-server 2021-03-18 02:52:00,405 [INFO] Sending reply to client 'OK'
ptd-server 2021-03-18 03:03:26,176 [INFO] Got command from the client 'session,2021-03-18_02-51-18,stop,ranging'
ptd-server 2021-03-18 03:03:36,176 [INFO] Sending to ptd: 'Stop'
ptd-server 2021-03-18 03:03:36,176 [INFO] Reply from ptd: 'Stopping untimed measurement'
ptd-server 2021-03-18 03:03:36,598 [INFO] Sending reply to client 'OK'
ptd-server 2021-03-18 03:03:36,645 [INFO] Got command from the client 'session,2021-03-18_02-51-18,upload,ranging'
ptd-server 2021-03-18 03:03:36,645 [INFO] Received 'C:\\ptd-logs\\2021-03-18_02-51-18ranging.tmp'
ptd-server 2021-03-18 03:03:36,660 [INFO] Extracted 'C:\\ptd-logs\\2021-03-18_02-51-18ranging.tmp' into 'C:\\ptd-logs\\2021-03-18_02-51-18\\ranging'
ptd-server 2021-03-18 03:03:36,660 [INFO] Removed 'C:\\ptd-logs\\2021-03-18_02-51-18ranging.tmp'
ptd-server 2021-03-18 03:03:36,660 [INFO] Sending reply to client 'OK'
ptd-server 2021-03-18 03:03:36,879 [INFO] Got command from the client 'time'
ptd-server 2021-03-18 03:03:36,879 [INFO] Sending reply to client '1616061816.879583'
ptd-server 2021-03-18 03:03:36,879 [INFO] Got command from the client 'session,2021-03-18_02-51-18,start,testing'
ptd-server 2021-03-18 03:03:36,879 [INFO] Sending to ptd: 'SR,V,206.390000'
ptd-server 2021-03-18 03:03:42,971 [INFO] Reply from ptd: 'Range V changed'
ptd-server 2021-03-18 03:03:42,971 [INFO] Sending to ptd: 'SR,A,4.226300'
ptd-server 2021-03-18 03:03:48,564 [INFO] Reply from ptd: 'Range A changed'
ptd-server 2021-03-18 03:03:58,577 [INFO] Starting testing mode
ptd-server 2021-03-18 03:03:58,577 [INFO] Sending to ptd: 'Go,1000,0,2021-03-18_02-51-18_testing'
ptd-server 2021-03-18 03:03:58,577 [INFO] Reply from ptd: 'Starting untimed measurement, maximum 500000 samples at 1000ms with 0 rampup samples'
ptd-server 2021-03-18 03:03:58,577 [INFO] Sending reply to client 'OK'
ptd-server 2021-03-18 03:15:25,220 [INFO] Got command from the client 'session,2021-03-18_02-51-18,stop,testing'
ptd-server 2021-03-18 03:15:35,236 [INFO] Sending to ptd: 'Stop'
ptd-server 2021-03-18 03:15:35,236 [INFO] Reply from ptd: 'Stopping untimed measurement'
ptd-server 2021-03-18 03:15:35,439 [INFO] Sending reply to client 'OK'
ptd-server 2021-03-18 03:15:35,486 [INFO] Got command from the client 'session,2021-03-18_02-51-18,upload,testing'
ptd-server 2021-03-18 03:15:35,486 [INFO] Received 'C:\\ptd-logs\\2021-03-18_02-51-18testing.tmp'
ptd-server 2021-03-18 03:15:35,502 [INFO] Extracted 'C:\\ptd-logs\\2021-03-18_02-51-18testing.tmp' into 'C:\\ptd-logs\\2021-03-18_02-51-18\\run_1'
ptd-server 2021-03-18 03:15:35,502 [INFO] Removed 'C:\\ptd-logs\\2021-03-18_02-51-18testing.tmp'
ptd-server 2021-03-18 03:15:35,502 [INFO] Sending reply to client 'OK'
ptd-server 2021-03-18 03:15:35,517 [INFO] Got command from the client 'session,2021-03-18_02-51-18,upload,client.log'
ptd-server 2021-03-18 03:15:35,517 [INFO] Received 'C:\\ptd-logs\\2021-03-18_02-51-18client.log.tmp'
ptd-server 2021-03-18 03:15:35,517 [INFO] Removed 'C:\\ptd-logs\\2021-03-18_02-51-18client.log.tmp'
ptd-server 2021-03-18 03:15:35,517 [INFO] Sending reply to client 'OK'
ptd-server 2021-03-18 03:15:35,549 [INFO] Got command from the client 'session,2021-03-18_02-51-18,upload,client.json'
ptd-server 2021-03-18 03:15:35,549 [INFO] Received 'C:\\ptd-logs\\2021-03-18_02-51-18client.json.tmp'
ptd-server 2021-03-18 03:15:35,549 [INFO] Removed 'C:\\ptd-logs\\2021-03-18_02-51-18client.json.tmp'
ptd-server 2021-03-18 03:15:35,549 [INFO] Sending reply to client 'OK'
ptd-server 2021-03-18 03:15:35,549 [INFO] Got command from the client 'session,2021-03-18_02-51-18,done'
ptd-server 2021-03-18 03:15:35,549 [INFO] Sending to ptd: 'Stop'
ptd-server 2021-03-18 03:15:35,595 [INFO] Reply from ptd: 'Error: no measurement to stop'
ptd-server 2021-03-18 03:15:35,595 [INFO] Sending to ptd: 'SR,V,Auto'
ptd-server 2021-03-18 03:15:40,672 [INFO] Reply from ptd: 'Range V changed'
ptd-server 2021-03-18 03:15:40,672 [INFO] Sending to ptd: 'SR,A,Auto'
ptd-server 2021-03-18 03:15:45,749 [INFO] Reply from ptd: 'Range A changed'
ptd-server 2021-03-18 03:15:45,749 [INFO] Set initial values for Amps Auto and Volts Auto
ptd-server 2021-03-18 03:15:45,749 [INFO] Stopping ptd...
