client 2021-03-17 23:04:58,869 [WARNING] Removing old loadgen logs directory '/home/scratch.mlperf_inf_ci/mlPerf/L1/A100x8_MaxQ-Computelab-A100x8-MaxQ-L1-1-2021-03-17-14-11-35-UTC/mlperf-inference/closed/NVIDIA/build/power_logs_temp'
client 2021-03-17 23:04:58,873 [INFO] Sending command to the server: 'mlcommons/power client v3'
client 2021-03-17 23:04:58,874 [INFO] Got response: 'mlcommons/power server v3'
client 2021-03-17 23:04:58,874 [INFO] Sending command to the server: 'stop'
client 2021-03-17 23:04:58,875 [INFO] Got response: 'OK'
client 2021-03-17 23:04:58,875 [INFO] Synchronizing with the server and with ib-01.dc4-in.nvidia.com...
client 2021-03-17 23:04:59,079 [INFO] NTP:offset = 0.048 s, delay = 0.201 s 
client 2021-03-17 23:04:59,079 [INFO] Sending command to the server: 'time'
client 2021-03-17 23:04:59,081 [INFO] Got response: '1616047499.13323'
client 2021-03-17 23:04:59,081 [INFO] The time difference between the client and the server is within range -53.401 ms..-52.111 ms
client 2021-03-17 23:04:59,081 [INFO] Sending command to the server: 'new,,9b3d7ced-132a-4db4-8577-f297d3c3c61e'
client 2021-03-17 23:04:59,082 [INFO] Got response: 'OK 2021-03-17_23-04-59,03ed078b-62fe-40ab-bbfd-aea0658fd75c'
client 2021-03-17 23:04:59,082 [INFO] Session id is '2021-03-17_23-04-59'
client 2021-03-17 23:04:59,082 [INFO] Sources: {"sources": {"client.py": "d1e75cb4b26101220ebd242e584cf3ca5d8f1996", "lib/__init__.py": "da39a3ee5e6b4b0d3255bfef95601890afd80709", "lib/client.py": "d42bebf5b74cb6ff3997e2a6c68422afac111a28", "lib/common.py": "b0bad80d8fa328a7636027d4d66ff453f8dd7889", "lib/external/ntplib.py": "4da8f970656505a40483206ef2b5d3dd5e81711d", "lib/server.py": "2ed36471c7af565d6c8438b2134edad1d7ddf166", "lib/source_hashes.py": "4cedff274c661cb1504052018fd4f00dfbf624ef", "lib/summary.py": "0db15d783907aa92038281af4e465545c0648ddb", "lib/time_sync.py": "76051226ec89287839723352f4162aaa24e0546a", "server.py": "99e1310e3f76292aef1b8792ce6b8c82f1d44d8b", "tests/unit/test_server.py": "64f11775bfed35232a0e8bb9593c0ff992432c59", "tests/unit/test_source_hashes.py": "cb41a7261eaf7d94ba5c0aae9c523174f6204be3"}, "modules": {"__main__": "client.py", "lib.client": "lib/client.py", "lib.common": "lib/common.py", "lib.external.ntplib": "lib/external/ntplib.py", "lib.source_hashes": "lib/source_hashes.py", "lib.summary": "lib/summary.py", "lib.time_sync": "lib/time_sync.py"}}
client 2021-03-17 23:04:59,084 [INFO] Running workload in ranging mode
client 2021-03-17 23:04:59,084 [INFO] Synchronizing with the server and with ib-01.dc4-in.nvidia.com...
client 2021-03-17 23:04:59,287 [INFO] NTP:offset = 0.048 s, delay = 0.202 s 
client 2021-03-17 23:04:59,287 [INFO] Sending command to the server: 'time'
client 2021-03-17 23:04:59,288 [INFO] Got response: '1616047499.3363051'
client 2021-03-17 23:04:59,288 [INFO] The time difference between the client and the server is within range -48.904 ms..-47.528 ms
client 2021-03-17 23:04:59,288 [INFO] Sending command to the server: 'session,2021-03-17_23-04-59,start,ranging'
client 2021-03-17 23:05:38,950 [INFO] Got response: 'OK'
client 2021-03-17 23:05:38,950 [INFO] Running the workload 'LOG_DIR=/home/scratch.mlperf_inf_ci/mlPerf/L1/A100x8_MaxQ-Computelab-A100x8-MaxQ-L1-1-2021-03-17-14-11-35-UTC/mlperf-inference/closed/NVIDIA/build/power_logs_temp python3 code/main.py --benchmarks=resnet50 --scenarios=Server --test_mode=PerformanceOnly --config_ver=maxq --action="run_harness" \\\n\t\t&& cp -v /home/scratch.mlperf_inf_ci/mlPerf/L1/A100x8_MaxQ-Computelab-A100x8-MaxQ-L1-1-2021-03-17-14-11-35-UTC/mlperf-inference/closed/NVIDIA/build/power_logs_temp/*/*/*/mlperf_log_detail.txt /home/scratch.mlperf_inf_ci/mlPerf/L1/A100x8_MaxQ-Computelab-A100x8-MaxQ-L1-1-2021-03-17-14-11-35-UTC/mlperf-inference/closed/NVIDIA/build/power_logs_temp/ \\\n\t\t&& cp -v /home/scratch.mlperf_inf_ci/mlPerf/L1/A100x8_MaxQ-Computelab-A100x8-MaxQ-L1-1-2021-03-17-14-11-35-UTC/mlperf-inference/closed/NVIDIA/build/power_logs_temp/*/*/*/mlperf_log_summary.txt /home/scratch.mlperf_inf_ci/mlPerf/L1/A100x8_MaxQ-Computelab-A100x8-MaxQ-L1-1-2021-03-17-14-11-35-UTC/mlperf-inference/closed/NVIDIA/build/power_logs_temp/'
client 2021-03-17 23:17:42,784 [INFO] Sending command to the server: 'session,2021-03-17_23-04-59,stop,ranging'
client 2021-03-17 23:17:52,916 [INFO] Got response: 'OK'
client 2021-03-17 23:17:52,922 [INFO] Packing logs into zip and uploading to the server
client 2021-03-17 23:17:52,937 [INFO] Zip file size: 23.4 kB
client 2021-03-17 23:17:52,959 [INFO] Got response: 'OK'
client 2021-03-17 23:17:52,959 [INFO] Running workload in testing mode
client 2021-03-17 23:17:52,959 [INFO] Synchronizing with the server and with ib-01.dc4-in.nvidia.com...
client 2021-03-17 23:17:53,364 [INFO] NTP:offset = 0.059 s, delay = 0.202 s 
client 2021-03-17 23:17:53,364 [INFO] Sending command to the server: 'time'
client 2021-03-17 23:17:53,370 [INFO] Got response: '1616048273.429361'
client 2021-03-17 23:17:53,370 [INFO] The time difference between the client and the server is within range -65.020 ms..-59.091 ms
client 2021-03-17 23:17:53,370 [INFO] Sending command to the server: 'session,2021-03-17_23-04-59,start,testing'
client 2021-03-17 23:18:15,069 [INFO] Got response: 'OK'
client 2021-03-17 23:18:15,069 [INFO] Running the workload 'LOG_DIR=/home/scratch.mlperf_inf_ci/mlPerf/L1/A100x8_MaxQ-Computelab-A100x8-MaxQ-L1-1-2021-03-17-14-11-35-UTC/mlperf-inference/closed/NVIDIA/build/power_logs_temp python3 code/main.py --benchmarks=resnet50 --scenarios=Server --test_mode=PerformanceOnly --config_ver=maxq --action="run_harness" \\\n\t\t&& cp -v /home/scratch.mlperf_inf_ci/mlPerf/L1/A100x8_MaxQ-Computelab-A100x8-MaxQ-L1-1-2021-03-17-14-11-35-UTC/mlperf-inference/closed/NVIDIA/build/power_logs_temp/*/*/*/mlperf_log_detail.txt /home/scratch.mlperf_inf_ci/mlPerf/L1/A100x8_MaxQ-Computelab-A100x8-MaxQ-L1-1-2021-03-17-14-11-35-UTC/mlperf-inference/closed/NVIDIA/build/power_logs_temp/ \\\n\t\t&& cp -v /home/scratch.mlperf_inf_ci/mlPerf/L1/A100x8_MaxQ-Computelab-A100x8-MaxQ-L1-1-2021-03-17-14-11-35-UTC/mlperf-inference/closed/NVIDIA/build/power_logs_temp/*/*/*/mlperf_log_summary.txt /home/scratch.mlperf_inf_ci/mlPerf/L1/A100x8_MaxQ-Computelab-A100x8-MaxQ-L1-1-2021-03-17-14-11-35-UTC/mlperf-inference/closed/NVIDIA/build/power_logs_temp/'
client 2021-03-17 23:30:19,149 [INFO] Sending command to the server: 'session,2021-03-17_23-04-59,stop,testing'
client 2021-03-17 23:30:29,218 [INFO] Got response: 'OK'
client 2021-03-17 23:30:29,224 [INFO] Packing logs into zip and uploading to the server
client 2021-03-17 23:30:29,241 [INFO] Zip file size: 23.4 kB
client 2021-03-17 23:30:29,262 [INFO] Got response: 'OK'
client 2021-03-17 23:30:29,263 [INFO] Done runs
