ptd-server 2021-03-17 23:04:58,930 [INFO] Got command from the client 'stop'
ptd-server 2021-03-17 23:04:58,930 [INFO] The server will be stopped after processing this client
ptd-server 2021-03-17 23:04:58,930 [INFO] Sending reply to client 'OK'
ptd-server 2021-03-17 23:04:59,133 [INFO] Got command from the client 'time'
ptd-server 2021-03-17 23:04:59,133 [INFO] Sending reply to client '1616047499.13323'
ptd-server 2021-03-17 23:04:59,133 [INFO] Got command from the client 'new,,9b3d7ced-132a-4db4-8577-f297d3c3c61e'
ptd-server 2021-03-17 23:04:59,133 [INFO] Sending reply to client 'OK 2021-03-17_23-04-59,03ed078b-62fe-40ab-bbfd-aea0658fd75c'
ptd-server 2021-03-17 23:04:59,336 [INFO] Got command from the client 'time'
ptd-server 2021-03-17 23:04:59,336 [INFO] Sending reply to client '1616047499.3363051'
ptd-server 2021-03-17 23:04:59,336 [INFO] Got command from the client 'session,2021-03-17_23-04-59,start,ranging'
ptd-server 2021-03-17 23:04:59,445 [INFO] Running PTDaemon: ['C:\\PTD\\ptd-windows-x86.exe', '-l', 'C:\\logs_ptdeamon.txt', '-p', '8888', '-c', '1,3', '-y', '77', '172.22.0.90']
ptd-server 2021-03-17 23:05:18,832 [INFO] Sending to ptd: 'Hello'
ptd-server 2021-03-17 23:05:18,832 [INFO] Reply from ptd: 'Hello, PTDaemon here!'
ptd-server 2021-03-17 23:05:18,832 [INFO] Sending to ptd: 'Identify'
ptd-server 2021-03-17 23:05:18,832 [INFO] Reply from ptd: 'YokogawaWT330_multichannel,1000,1,1,1,1,0,0,1,version=1.9.2-3976349f-20201208,OS=Windows 8 / Server 2012,mode=power,1,1,2,0,0,no_cal_date,YOKOGAWA;WT333E;C2WA21018V;F1.04'
ptd-server 2021-03-17 23:05:18,832 [INFO] Connected to PTDaemon
ptd-server 2021-03-17 23:05:18,832 [INFO] Sending to ptd: 'RR'
ptd-server 2021-03-17 23:05:18,832 [INFO] Reply from ptd: 'Ranges,0,20.000000,1,300.000000'
ptd-server 2021-03-17 23:05:18,832 [INFO] Initial range for Amps is 20.000000 for Volts is Auto
ptd-server 2021-03-17 23:05:18,832 [INFO] Sending to ptd: 'SR,V,Auto'
ptd-server 2021-03-17 23:05:23,909 [INFO] Reply from ptd: 'Range V changed'
ptd-server 2021-03-17 23:05:23,909 [INFO] Sending to ptd: 'SR,A,Auto'
ptd-server 2021-03-17 23:05:28,986 [INFO] Reply from ptd: 'Range A changed'
ptd-server 2021-03-17 23:05:38,999 [INFO] Starting ranging mode
ptd-server 2021-03-17 23:05:38,999 [INFO] Sending to ptd: 'Go,1000,0,2021-03-17_23-04-59_ranging'
ptd-server 2021-03-17 23:05:38,999 [INFO] Reply from ptd: 'Starting untimed measurement, maximum 500000 samples at 1000ms with 0 rampup samples'
ptd-server 2021-03-17 23:05:38,999 [INFO] Sending reply to client 'OK'
ptd-server 2021-03-17 23:17:42,839 [INFO] Got command from the client 'session,2021-03-17_23-04-59,stop,ranging'
ptd-server 2021-03-17 23:17:52,867 [INFO] Sending to ptd: 'Stop'
ptd-server 2021-03-17 23:17:52,867 [INFO] Reply from ptd: 'Stopping untimed measurement'
ptd-server 2021-03-17 23:17:52,976 [INFO] Sending reply to client 'OK'
ptd-server 2021-03-17 23:17:52,991 [INFO] Got command from the client 'session,2021-03-17_23-04-59,upload,ranging'
ptd-server 2021-03-17 23:17:53,007 [INFO] Received 'C:\\ptd-logs\\2021-03-17_23-04-59ranging.tmp'
ptd-server 2021-03-17 23:17:53,023 [INFO] Extracted 'C:\\ptd-logs\\2021-03-17_23-04-59ranging.tmp' into 'C:\\ptd-logs\\2021-03-17_23-04-59\\ranging'
ptd-server 2021-03-17 23:17:53,023 [INFO] Removed 'C:\\ptd-logs\\2021-03-17_23-04-59ranging.tmp'
ptd-server 2021-03-17 23:17:53,023 [INFO] Sending reply to client 'OK'
ptd-server 2021-03-17 23:17:53,429 [INFO] Got command from the client 'time'
ptd-server 2021-03-17 23:17:53,429 [INFO] Sending reply to client '1616048273.429361'
ptd-server 2021-03-17 23:17:53,429 [INFO] Got command from the client 'session,2021-03-17_23-04-59,start,testing'
ptd-server 2021-03-17 23:17:53,429 [INFO] Sending to ptd: 'SR,V,233.890000'
ptd-server 2021-03-17 23:17:59,524 [INFO] Reply from ptd: 'Range V changed'
ptd-server 2021-03-17 23:17:59,524 [INFO] Sending to ptd: 'SR,A,5.285000'
ptd-server 2021-03-17 23:18:05,116 [INFO] Reply from ptd: 'Range A changed'
ptd-server 2021-03-17 23:18:15,131 [INFO] Starting testing mode
ptd-server 2021-03-17 23:18:15,131 [INFO] Sending to ptd: 'Go,1000,0,2021-03-17_23-04-59_testing'
ptd-server 2021-03-17 23:18:15,131 [INFO] Reply from ptd: 'Starting untimed measurement, maximum 500000 samples at 1000ms with 0 rampup samples'
ptd-server 2021-03-17 23:18:15,131 [INFO] Sending reply to client 'OK'
ptd-server 2021-03-17 23:30:19,222 [INFO] Got command from the client 'session,2021-03-17_23-04-59,stop,testing'
ptd-server 2021-03-17 23:30:29,235 [INFO] Sending to ptd: 'Stop'
ptd-server 2021-03-17 23:30:29,235 [INFO] Reply from ptd: 'Stopping untimed measurement'
ptd-server 2021-03-17 23:30:29,297 [INFO] Sending reply to client 'OK'
ptd-server 2021-03-17 23:30:29,313 [INFO] Got command from the client 'session,2021-03-17_23-04-59,upload,testing'
ptd-server 2021-03-17 23:30:29,313 [INFO] Received 'C:\\ptd-logs\\2021-03-17_23-04-59testing.tmp'
ptd-server 2021-03-17 23:30:29,328 [INFO] Extracted 'C:\\ptd-logs\\2021-03-17_23-04-59testing.tmp' into 'C:\\ptd-logs\\2021-03-17_23-04-59\\run_1'
ptd-server 2021-03-17 23:30:29,328 [INFO] Removed 'C:\\ptd-logs\\2021-03-17_23-04-59testing.tmp'
ptd-server 2021-03-17 23:30:29,328 [INFO] Sending reply to client 'OK'
ptd-server 2021-03-17 23:30:29,344 [INFO] Got command from the client 'session,2021-03-17_23-04-59,upload,client.log'
ptd-server 2021-03-17 23:30:29,344 [INFO] Received 'C:\\ptd-logs\\2021-03-17_23-04-59client.log.tmp'
ptd-server 2021-03-17 23:30:29,344 [INFO] Removed 'C:\\ptd-logs\\2021-03-17_23-04-59client.log.tmp'
ptd-server 2021-03-17 23:30:29,344 [INFO] Sending reply to client 'OK'
ptd-server 2021-03-17 23:30:29,375 [INFO] Got command from the client 'session,2021-03-17_23-04-59,upload,client.json'
ptd-server 2021-03-17 23:30:29,375 [INFO] Received 'C:\\ptd-logs\\2021-03-17_23-04-59client.json.tmp'
ptd-server 2021-03-17 23:30:29,391 [INFO] Removed 'C:\\ptd-logs\\2021-03-17_23-04-59client.json.tmp'
ptd-server 2021-03-17 23:30:29,391 [INFO] Sending reply to client 'OK'
ptd-server 2021-03-17 23:30:29,391 [INFO] Got command from the client 'session,2021-03-17_23-04-59,done'
ptd-server 2021-03-17 23:30:29,391 [INFO] Sending to ptd: 'Stop'
ptd-server 2021-03-17 23:30:30,141 [INFO] Reply from ptd: 'Error: no measurement to stop'
ptd-server 2021-03-17 23:30:30,141 [INFO] Sending to ptd: 'SR,V,Auto'
ptd-server 2021-03-17 23:30:35,218 [INFO] Reply from ptd: 'Range V changed'
ptd-server 2021-03-17 23:30:35,218 [INFO] Sending to ptd: 'SR,A,20.000000'
ptd-server 2021-03-17 23:30:40,810 [INFO] Reply from ptd: 'Range A changed'
ptd-server 2021-03-17 23:30:40,810 [INFO] Set initial values for Amps 20.000000 and Volts Auto
ptd-server 2021-03-17 23:30:40,810 [INFO] Stopping ptd...
