client 2021-03-19 06:33:18,118 [INFO] Sending command to the server: 'mlcommons/power client v3'
client 2021-03-19 06:33:18,119 [INFO] Got response: 'mlcommons/power server v3'
client 2021-03-19 06:33:18,119 [INFO] Synchronizing with the server and with 100.64.0.18...
client 2021-03-19 06:33:18,121 [INFO] NTP:offset = -0.000 s, delay = 0.001 s 
client 2021-03-19 06:33:18,121 [INFO] Sending command to the server: 'time'
client 2021-03-19 06:33:18,122 [INFO] Got response: '1616153598.113024'
client 2021-03-19 06:33:18,122 [INFO] The time difference between the client and the server is within range 8.932 ms..9.591 ms
client 2021-03-19 06:33:18,122 [INFO] Sending command to the server: 'new,rnnt_Offline_default,d63ab784-b981-4ace-af12-62dd4f1d6645'
client 2021-03-19 06:33:18,123 [INFO] Got response: 'OK 2021-03-19_06-33-18_rnnt_Offline_default,03ae9419-4066-4727-bffd-91bb96bb79fc'
client 2021-03-19 06:33:18,123 [INFO] Session id is '2021-03-19_06-33-18_rnnt_Offline_default'
client 2021-03-19 06:33:18,124 [INFO] Sources: {"sources": {"client.py": "d1e75cb4b26101220ebd242e584cf3ca5d8f1996", "lib/__init__.py": "da39a3ee5e6b4b0d3255bfef95601890afd80709", "lib/client.py": "d42bebf5b74cb6ff3997e2a6c68422afac111a28", "lib/common.py": "b0bad80d8fa328a7636027d4d66ff453f8dd7889", "lib/external/ntplib.py": "4da8f970656505a40483206ef2b5d3dd5e81711d", "lib/server.py": "2ed36471c7af565d6c8438b2134edad1d7ddf166", "lib/source_hashes.py": "4cedff274c661cb1504052018fd4f00dfbf624ef", "lib/summary.py": "0db15d783907aa92038281af4e465545c0648ddb", "lib/time_sync.py": "76051226ec89287839723352f4162aaa24e0546a", "server.py": "99e1310e3f76292aef1b8792ce6b8c82f1d44d8b", "tests/unit/test_server.py": "64f11775bfed35232a0e8bb9593c0ff992432c59", "tests/unit/test_source_hashes.py": "cb41a7261eaf7d94ba5c0aae9c523174f6204be3"}, "modules": {"__main__": "client.py", "lib.client": "lib/client.py", "lib.common": "lib/common.py", "lib.external.ntplib": "lib/external/ntplib.py", "lib.source_hashes": "lib/source_hashes.py", "lib.summary": "lib/summary.py", "lib.time_sync": "lib/time_sync.py"}}
client 2021-03-19 06:33:18,124 [INFO] Running workload in ranging mode
client 2021-03-19 06:33:18,124 [INFO] Synchronizing with the server and with 100.64.0.18...
client 2021-03-19 06:33:18,125 [INFO] NTP:offset = -0.000 s, delay = 0.001 s 
client 2021-03-19 06:33:18,125 [INFO] Sending command to the server: 'time'
client 2021-03-19 06:33:18,126 [INFO] Got response: '1616153598.113024'
client 2021-03-19 06:33:18,126 [INFO] The time difference between the client and the server is within range 12.163 ms..13.384 ms
client 2021-03-19 06:33:18,126 [INFO] Sending command to the server: 'session,2021-03-19_06-33-18_rnnt_Offline_default,start,ranging'
client 2021-03-19 06:33:41,907 [INFO] Got response: 'OK'
client 2021-03-19 06:33:41,907 [INFO] Running the workload "make run_harness RUN_ARGS='--benchmarks=rnnt --scenarios=Offline --config_ver=default --log_dir build/logs/ --test_mode=PerformanceOnly'"
client 2021-03-19 06:56:15,257 [INFO] Sending command to the server: 'session,2021-03-19_06-33-18_rnnt_Offline_default,stop,ranging'
client 2021-03-19 06:56:25,530 [INFO] Got response: 'OK'
client 2021-03-19 06:56:25,531 [INFO] Running workload in testing mode
client 2021-03-19 06:56:25,531 [INFO] Synchronizing with the server and with 100.64.0.18...
client 2021-03-19 06:56:25,533 [INFO] NTP:offset = 0.000 s, delay = 0.001 s 
client 2021-03-19 06:56:25,533 [INFO] Sending command to the server: 'time'
client 2021-03-19 06:56:25,534 [INFO] Got response: '1616154985.4725258'
client 2021-03-19 06:56:25,534 [INFO] The time difference between the client and the server is within range 61.067 ms..62.352 ms
client 2021-03-19 06:56:25,535 [INFO] Sending command to the server: 'session,2021-03-19_06-33-18_rnnt_Offline_default,start,testing'
client 2021-03-19 06:56:39,011 [INFO] Got response: 'OK'
client 2021-03-19 06:56:39,011 [INFO] Running the workload "make run_harness RUN_ARGS='--benchmarks=rnnt --scenarios=Offline --config_ver=default --log_dir build/logs/ --test_mode=PerformanceOnly'"
client 2021-03-19 07:19:12,902 [INFO] Sending command to the server: 'session,2021-03-19_06-33-18_rnnt_Offline_default,stop,testing'
client 2021-03-19 07:19:23,051 [INFO] Got response: 'OK'
client 2021-03-19 07:19:23,052 [INFO] Done runs
