ptd-server 2021-03-06 17:36:55,823 [INFO] Got command from the client 'time'
ptd-server 2021-03-06 17:36:55,824 [INFO] Sending reply to client '1615052215.8239818'
ptd-server 2021-03-06 17:36:55,827 [INFO] Got command from the client 'new,,52909202-b9c1-4310-9005-68c7fafb423f'
ptd-server 2021-03-06 17:36:55,828 [INFO] Sending reply to client 'OK 2021-03-06_17-36-55,de71be84-b009-4907-8ad1-1d7b775933f3'
ptd-server 2021-03-06 17:36:55,860 [INFO] Got command from the client 'time'
ptd-server 2021-03-06 17:36:55,861 [INFO] Sending reply to client '1615052215.861063'
ptd-server 2021-03-06 17:36:55,863 [INFO] Got command from the client 'session,2021-03-06_17-36-55,start,ranging'
ptd-server 2021-03-06 17:36:55,864 [INFO] Running PTDaemon: ['/home/anton/projects/mlperf/power/inference_v1.0/ptd-linux-x86', '-l', 'ptd.log', '-p', '8888', '52', '/dev/usbtmc0']
ptd-server 2021-03-06 17:37:13,031 [INFO] Sending to ptd: 'Hello'
ptd-server 2021-03-06 17:37:13,032 [INFO] Reply from ptd: 'Hello, PTDaemon here!'
ptd-server 2021-03-06 17:37:13,032 [INFO] Sending to ptd: 'Identify'
ptd-server 2021-03-06 17:37:13,033 [INFO] Reply from ptd: 'YokogawaWT330E,1000,1,1,1,1,0,0,1,version=1.9.2-e8c7a49a-20201208,OS=Linux 5.8.0-43-generic #49~20.04.1-Ubuntu SMP Fri Feb 5 09:57:56 UTC 2021 x86_64,mode=power,1,1,1,0,0,no_cal_date,YOKOGAWA;WT333E;C3VD30030E;F1.04'
ptd-server 2021-03-06 17:37:13,033 [INFO] Connected to PTDaemon
ptd-server 2021-03-06 17:37:13,033 [INFO] Sending to ptd: 'RR'
ptd-server 2021-03-06 17:37:13,033 [INFO] Reply from ptd: 'Ranges,0,0.500000,0,300.000000'
ptd-server 2021-03-06 17:37:13,033 [INFO] Initial range for Amps is 0.500000 for Volts is 300.000000
ptd-server 2021-03-06 17:37:13,033 [INFO] Sending to ptd: 'SR,V,Auto'
ptd-server 2021-03-06 17:37:13,536 [INFO] Reply from ptd: 'Range V changed'
ptd-server 2021-03-06 17:37:13,536 [INFO] Sending to ptd: 'SR,A,Auto'
ptd-server 2021-03-06 17:37:14,038 [INFO] Reply from ptd: 'Range A changed'
ptd-server 2021-03-06 17:37:24,049 [INFO] Starting ranging mode
ptd-server 2021-03-06 17:37:24,049 [INFO] Sending to ptd: 'Go,1000,0,2021-03-06_17-36-55_ranging'
ptd-server 2021-03-06 17:37:24,049 [INFO] Reply from ptd: 'Starting untimed measurement, maximum 500000 samples at 1000ms with 0 rampup samples'
ptd-server 2021-03-06 17:37:24,049 [INFO] Sending reply to client 'OK'
ptd-server 2021-03-06 17:47:56,929 [INFO] Got command from the client 'session,2021-03-06_17-36-55,stop,ranging'
ptd-server 2021-03-06 17:48:06,939 [INFO] Sending to ptd: 'Stop'
ptd-server 2021-03-06 17:48:06,940 [INFO] Reply from ptd: 'Stopping untimed measurement'
ptd-server 2021-03-06 17:48:07,396 [INFO] Sending reply to client 'OK'
ptd-server 2021-03-06 17:48:07,446 [INFO] Got command from the client 'time'
ptd-server 2021-03-06 17:48:07,446 [INFO] Sending reply to client '1615052887.4465158'
ptd-server 2021-03-06 17:48:07,451 [INFO] Got command from the client 'session,2021-03-06_17-36-55,start,testing'
ptd-server 2021-03-06 17:48:07,452 [INFO] Sending to ptd: 'SR,V,251.260000'
ptd-server 2021-03-06 17:48:08,953 [INFO] Reply from ptd: 'Range V changed'
ptd-server 2021-03-06 17:48:08,953 [INFO] Sending to ptd: 'SR,A,0.059540'
ptd-server 2021-03-06 17:48:10,454 [INFO] Reply from ptd: 'Range A changed'
ptd-server 2021-03-06 17:48:20,464 [INFO] Starting testing mode
ptd-server 2021-03-06 17:48:20,465 [INFO] Sending to ptd: 'Go,1000,0,2021-03-06_17-36-55_testing'
ptd-server 2021-03-06 17:48:20,465 [INFO] Reply from ptd: 'Starting untimed measurement, maximum 500000 samples at 1000ms with 0 rampup samples'
ptd-server 2021-03-06 17:48:20,465 [INFO] Sending reply to client 'OK'
ptd-server 2021-03-06 17:58:58,200 [INFO] Got command from the client 'session,2021-03-06_17-36-55,stop,testing'
ptd-server 2021-03-06 17:59:08,210 [INFO] Sending to ptd: 'Stop'
ptd-server 2021-03-06 17:59:08,210 [INFO] Reply from ptd: 'Stopping untimed measurement'
ptd-server 2021-03-06 17:59:08,449 [INFO] Sending reply to client 'OK'
ptd-server 2021-03-06 17:59:08,457 [INFO] Got command from the client 'session,2021-03-06_17-36-55,upload,client.log'
ptd-server 2021-03-06 17:59:08,461 [INFO] Received '/home/anton/projects/mlperf/power-dev/output/2021-03-06_17-36-55client.log.tmp'
ptd-server 2021-03-06 17:59:08,461 [INFO] Removed '/home/anton/projects/mlperf/power-dev/output/2021-03-06_17-36-55client.log.tmp'
ptd-server 2021-03-06 17:59:08,461 [INFO] Sending reply to client 'OK'
ptd-server 2021-03-06 17:59:08,475 [INFO] Got command from the client 'session,2021-03-06_17-36-55,upload,client.json'
ptd-server 2021-03-06 17:59:08,477 [INFO] Received '/home/anton/projects/mlperf/power-dev/output/2021-03-06_17-36-55client.json.tmp'
ptd-server 2021-03-06 17:59:08,478 [INFO] Removed '/home/anton/projects/mlperf/power-dev/output/2021-03-06_17-36-55client.json.tmp'
ptd-server 2021-03-06 17:59:08,478 [INFO] Sending reply to client 'OK'
ptd-server 2021-03-06 17:59:08,481 [INFO] Got command from the client 'session,2021-03-06_17-36-55,done'
ptd-server 2021-03-06 17:59:08,482 [INFO] Sending to ptd: 'Stop'
ptd-server 2021-03-06 17:59:08,482 [INFO] Reply from ptd: 'Error: no measurement to stop'
ptd-server 2021-03-06 17:59:08,482 [INFO] Sending to ptd: 'SR,V,300.000000'
ptd-server 2021-03-06 17:59:09,983 [INFO] Reply from ptd: 'Range V changed'
ptd-server 2021-03-06 17:59:09,983 [INFO] Sending to ptd: 'SR,A,0.500000'
ptd-server 2021-03-06 17:59:11,485 [INFO] Reply from ptd: 'Range A changed'
ptd-server 2021-03-06 17:59:11,485 [INFO] Set initial values for Amps 0.500000 and Volts 300.000000
ptd-server 2021-03-06 17:59:11,485 [INFO] Stopping ptd...
