ptd-server 2021-03-05 14:49:42,286 [INFO] Got command from the client 'time'
ptd-server 2021-03-05 14:49:42,286 [INFO] Sending reply to client '1614955782.2864833'
ptd-server 2021-03-05 14:49:42,289 [INFO] Got command from the client 'new,,9d9c8bcc-aebb-4c87-aa77-f399535cc581'
ptd-server 2021-03-05 14:49:42,290 [INFO] Sending reply to client 'OK 2021-03-05_14-49-42,91fad676-df23-4875-afa1-41567c122d62'
ptd-server 2021-03-05 14:49:42,330 [INFO] Got command from the client 'time'
ptd-server 2021-03-05 14:49:42,330 [INFO] Sending reply to client '1614955782.3305912'
ptd-server 2021-03-05 14:49:42,334 [INFO] Got command from the client 'session,2021-03-05_14-49-42,start,ranging'
ptd-server 2021-03-05 14:49:42,334 [INFO] Running PTDaemon: ['/home/anton/projects/mlperf/power/inference_v1.0/ptd-linux-x86', '-l', 'ptd.log', '-p', '8888', '52', '/dev/usbtmc0']
ptd-server 2021-03-05 14:49:59,503 [INFO] Sending to ptd: 'Hello'
ptd-server 2021-03-05 14:49:59,504 [INFO] Reply from ptd: 'Hello, PTDaemon here!'
ptd-server 2021-03-05 14:49:59,504 [INFO] Sending to ptd: 'Identify'
ptd-server 2021-03-05 14:49:59,504 [INFO] Reply from ptd: 'YokogawaWT330E,1000,1,1,1,1,0,0,1,version=1.9.2-e8c7a49a-20201208,OS=Linux 5.8.0-43-generic #49~20.04.1-Ubuntu SMP Fri Feb 5 09:57:56 UTC 2021 x86_64,mode=power,1,1,1,0,0,no_cal_date,YOKOGAWA;WT333E;C3VD30030E;F1.04'
ptd-server 2021-03-05 14:49:59,505 [INFO] Connected to PTDaemon
ptd-server 2021-03-05 14:49:59,505 [INFO] Sending to ptd: 'RR'
ptd-server 2021-03-05 14:49:59,505 [INFO] Reply from ptd: 'Ranges,0,0.500000,0,300.000000'
ptd-server 2021-03-05 14:49:59,505 [INFO] Initial range for Amps is 0.500000 for Volts is 300.000000
ptd-server 2021-03-05 14:49:59,505 [INFO] Sending to ptd: 'SR,V,Auto'
ptd-server 2021-03-05 14:50:00,008 [INFO] Reply from ptd: 'Range V changed'
ptd-server 2021-03-05 14:50:00,008 [INFO] Sending to ptd: 'SR,A,Auto'
ptd-server 2021-03-05 14:50:00,510 [INFO] Reply from ptd: 'Range A changed'
ptd-server 2021-03-05 14:50:10,520 [INFO] Starting ranging mode
ptd-server 2021-03-05 14:50:10,521 [INFO] Sending to ptd: 'Go,1000,0,2021-03-05_14-49-42_ranging'
ptd-server 2021-03-05 14:50:10,521 [INFO] Reply from ptd: 'Starting untimed measurement, maximum 500000 samples at 1000ms with 0 rampup samples'
ptd-server 2021-03-05 14:50:10,521 [INFO] Sending reply to client 'OK'
ptd-server 2021-03-05 15:00:43,250 [INFO] Got command from the client 'session,2021-03-05_14-49-42,stop,ranging'
ptd-server 2021-03-05 15:00:53,260 [INFO] Sending to ptd: 'Stop'
ptd-server 2021-03-05 15:00:53,261 [INFO] Reply from ptd: 'Stopping untimed measurement'
ptd-server 2021-03-05 15:00:53,597 [INFO] Sending reply to client 'OK'
ptd-server 2021-03-05 15:00:53,646 [INFO] Got command from the client 'time'
ptd-server 2021-03-05 15:00:53,646 [INFO] Sending reply to client '1614956453.64636'
ptd-server 2021-03-05 15:00:53,649 [INFO] Got command from the client 'session,2021-03-05_14-49-42,start,testing'
ptd-server 2021-03-05 15:00:53,650 [INFO] Sending to ptd: 'SR,V,249.790000'
ptd-server 2021-03-05 15:00:55,151 [INFO] Reply from ptd: 'Range V changed'
ptd-server 2021-03-05 15:00:55,151 [INFO] Sending to ptd: 'SR,A,0.058220'
ptd-server 2021-03-05 15:00:56,652 [INFO] Reply from ptd: 'Range A changed'
ptd-server 2021-03-05 15:01:06,663 [INFO] Starting testing mode
ptd-server 2021-03-05 15:01:06,663 [INFO] Sending to ptd: 'Go,1000,0,2021-03-05_14-49-42_testing'
ptd-server 2021-03-05 15:01:06,663 [INFO] Reply from ptd: 'Starting untimed measurement, maximum 500000 samples at 1000ms with 0 rampup samples'
ptd-server 2021-03-05 15:01:06,663 [INFO] Sending reply to client 'OK'
ptd-server 2021-03-05 15:11:44,256 [INFO] Got command from the client 'session,2021-03-05_14-49-42,stop,testing'
ptd-server 2021-03-05 15:11:54,267 [INFO] Sending to ptd: 'Stop'
ptd-server 2021-03-05 15:11:54,267 [INFO] Reply from ptd: 'Stopping untimed measurement'
ptd-server 2021-03-05 15:11:54,443 [INFO] Sending reply to client 'OK'
ptd-server 2021-03-05 15:11:54,450 [INFO] Got command from the client 'session,2021-03-05_14-49-42,upload,client.log'
ptd-server 2021-03-05 15:11:54,453 [INFO] Received '/home/anton/projects/mlperf/power-dev/output/2021-03-05_14-49-42client.log.tmp'
ptd-server 2021-03-05 15:11:54,454 [INFO] Removed '/home/anton/projects/mlperf/power-dev/output/2021-03-05_14-49-42client.log.tmp'
ptd-server 2021-03-05 15:11:54,454 [INFO] Sending reply to client 'OK'
ptd-server 2021-03-05 15:11:54,467 [INFO] Got command from the client 'session,2021-03-05_14-49-42,upload,client.json'
ptd-server 2021-03-05 15:11:54,470 [INFO] Received '/home/anton/projects/mlperf/power-dev/output/2021-03-05_14-49-42client.json.tmp'
ptd-server 2021-03-05 15:11:54,470 [INFO] Removed '/home/anton/projects/mlperf/power-dev/output/2021-03-05_14-49-42client.json.tmp'
ptd-server 2021-03-05 15:11:54,470 [INFO] Sending reply to client 'OK'
ptd-server 2021-03-05 15:11:54,473 [INFO] Got command from the client 'session,2021-03-05_14-49-42,done'
ptd-server 2021-03-05 15:11:54,473 [INFO] Sending to ptd: 'Stop'
ptd-server 2021-03-05 15:11:54,663 [INFO] Reply from ptd: 'Error: no measurement to stop'
ptd-server 2021-03-05 15:11:54,663 [INFO] Sending to ptd: 'SR,V,300.000000'
ptd-server 2021-03-05 15:11:56,165 [INFO] Reply from ptd: 'Range V changed'
ptd-server 2021-03-05 15:11:56,165 [INFO] Sending to ptd: 'SR,A,0.500000'
ptd-server 2021-03-05 15:11:57,666 [INFO] Reply from ptd: 'Range A changed'
ptd-server 2021-03-05 15:11:57,666 [INFO] Set initial values for Amps 0.500000 and Volts 300.000000
ptd-server 2021-03-05 15:11:57,667 [INFO] Stopping ptd...
