ptd-server 2021-02-28 00:50:48,723 [INFO] Got command from the client 'time'
ptd-server 2021-02-28 00:50:48,723 [INFO] Sending reply to client '1614473448.7232778'
ptd-server 2021-02-28 00:50:48,724 [INFO] Got command from the client 'new,,96416b0d-104c-4a14-976d-2eeac82cce21'
ptd-server 2021-02-28 00:50:48,725 [INFO] Sending reply to client 'OK 2021-02-28_00-50-48,18348f9e-da0a-4e3c-8110-120f394d97b8'
ptd-server 2021-02-28 00:50:48,756 [INFO] Got command from the client 'time'
ptd-server 2021-02-28 00:50:48,756 [INFO] Sending reply to client '1614473448.756523'
ptd-server 2021-02-28 00:50:48,757 [INFO] Got command from the client 'session,2021-02-28_00-50-48,start,ranging'
ptd-server 2021-02-28 00:50:48,757 [INFO] Running PTDaemon: ['/home/anton/projects/mlperf/power/inference_v1.0/ptd-linux-x86', '-l', 'ptd.log', '-p', '8888', '52', '/dev/usbtmc0']
ptd-server 2021-02-28 00:51:05,926 [INFO] Sending to ptd: 'Hello'
ptd-server 2021-02-28 00:51:05,926 [INFO] Reply from ptd: 'Hello, PTDaemon here!'
ptd-server 2021-02-28 00:51:05,926 [INFO] Sending to ptd: 'Identify'
ptd-server 2021-02-28 00:51:05,927 [INFO] Reply from ptd: 'YokogawaWT330E,1000,1,1,1,1,0,0,1,version=1.9.2-e8c7a49a-20201208,OS=Linux 5.8.0-43-generic #49~20.04.1-Ubuntu SMP Fri Feb 5 09:57:56 UTC 2021 x86_64,mode=power,1,1,1,0,0,no_cal_date,YOKOGAWA;WT333E;C3VD30030E;F1.04'
ptd-server 2021-02-28 00:51:05,927 [INFO] Connected to PTDaemon
ptd-server 2021-02-28 00:51:05,927 [INFO] Sending to ptd: 'RR'
ptd-server 2021-02-28 00:51:05,927 [INFO] Reply from ptd: 'Ranges,0,0.500000,0,300.000000'
ptd-server 2021-02-28 00:51:05,927 [INFO] Initial range for Amps is 0.500000 for Volts is 300.000000
ptd-server 2021-02-28 00:51:05,928 [INFO] Sending to ptd: 'SR,V,Auto'
ptd-server 2021-02-28 00:51:06,430 [INFO] Reply from ptd: 'Range V changed'
ptd-server 2021-02-28 00:51:06,430 [INFO] Sending to ptd: 'SR,A,Auto'
ptd-server 2021-02-28 00:51:06,933 [INFO] Reply from ptd: 'Range A changed'
ptd-server 2021-02-28 00:51:16,943 [INFO] Starting ranging mode
ptd-server 2021-02-28 00:51:16,943 [INFO] Sending to ptd: 'Go,1000,0,2021-02-28_00-50-48_ranging'
ptd-server 2021-02-28 00:51:16,944 [INFO] Reply from ptd: 'Starting untimed measurement, maximum 500000 samples at 1000ms with 0 rampup samples'
ptd-server 2021-02-28 00:51:16,944 [INFO] Sending reply to client 'OK'
ptd-server 2021-02-28 01:01:35,759 [INFO] Got command from the client 'session,2021-02-28_00-50-48,stop,ranging'
ptd-server 2021-02-28 01:01:45,769 [INFO] Sending to ptd: 'Stop'
ptd-server 2021-02-28 01:01:45,770 [INFO] Reply from ptd: 'Stopping untimed measurement'
ptd-server 2021-02-28 01:01:45,918 [INFO] Sending reply to client 'OK'
ptd-server 2021-02-28 01:01:45,961 [INFO] Got command from the client 'time'
ptd-server 2021-02-28 01:01:45,961 [INFO] Sending reply to client '1614474105.961487'
ptd-server 2021-02-28 01:01:45,962 [INFO] Got command from the client 'session,2021-02-28_00-50-48,start,testing'
ptd-server 2021-02-28 01:01:45,962 [INFO] Sending to ptd: 'SR,V,249.250000'
ptd-server 2021-02-28 01:01:47,464 [INFO] Reply from ptd: 'Range V changed'
ptd-server 2021-02-28 01:01:47,464 [INFO] Sending to ptd: 'SR,A,0.215030'
ptd-server 2021-02-28 01:01:48,965 [INFO] Reply from ptd: 'Range A changed'
ptd-server 2021-02-28 01:01:58,975 [INFO] Starting testing mode
ptd-server 2021-02-28 01:01:58,976 [INFO] Sending to ptd: 'Go,1000,0,2021-02-28_00-50-48_testing'
ptd-server 2021-02-28 01:01:58,976 [INFO] Reply from ptd: 'Starting untimed measurement, maximum 500000 samples at 1000ms with 0 rampup samples'
ptd-server 2021-02-28 01:01:58,976 [INFO] Sending reply to client 'OK'
ptd-server 2021-02-28 01:12:17,728 [INFO] Got command from the client 'session,2021-02-28_00-50-48,stop,testing'
ptd-server 2021-02-28 01:12:27,738 [INFO] Sending to ptd: 'Stop'
ptd-server 2021-02-28 01:12:27,739 [INFO] Reply from ptd: 'Stopping untimed measurement'
ptd-server 2021-02-28 01:12:27,819 [INFO] Sending reply to client 'OK'
ptd-server 2021-02-28 01:12:27,830 [INFO] Got command from the client 'session,2021-02-28_00-50-48,upload,client.log'
ptd-server 2021-02-28 01:12:27,831 [INFO] Received '/home/anton/projects/mlperf/power-dev/output/2021-02-28_00-50-48client.log.tmp'
ptd-server 2021-02-28 01:12:27,831 [INFO] Removed '/home/anton/projects/mlperf/power-dev/output/2021-02-28_00-50-48client.log.tmp'
ptd-server 2021-02-28 01:12:27,831 [INFO] Sending reply to client 'OK'
ptd-server 2021-02-28 01:12:27,835 [INFO] Got command from the client 'session,2021-02-28_00-50-48,upload,client.json'
ptd-server 2021-02-28 01:12:27,836 [INFO] Received '/home/anton/projects/mlperf/power-dev/output/2021-02-28_00-50-48client.json.tmp'
ptd-server 2021-02-28 01:12:27,836 [INFO] Removed '/home/anton/projects/mlperf/power-dev/output/2021-02-28_00-50-48client.json.tmp'
ptd-server 2021-02-28 01:12:27,836 [INFO] Sending reply to client 'OK'
ptd-server 2021-02-28 01:12:27,837 [INFO] Got command from the client 'session,2021-02-28_00-50-48,done'
ptd-server 2021-02-28 01:12:27,837 [INFO] Sending to ptd: 'Stop'
ptd-server 2021-02-28 01:12:27,977 [INFO] Reply from ptd: 'Error: no measurement to stop'
ptd-server 2021-02-28 01:12:27,977 [INFO] Sending to ptd: 'SR,V,300.000000'
ptd-server 2021-02-28 01:12:29,478 [INFO] Reply from ptd: 'Range V changed'
ptd-server 2021-02-28 01:12:29,478 [INFO] Sending to ptd: 'SR,A,0.500000'
ptd-server 2021-02-28 01:12:30,981 [INFO] Reply from ptd: 'Range A changed'
ptd-server 2021-02-28 01:12:30,981 [INFO] Set initial values for Amps 0.500000 and Volts 300.000000
ptd-server 2021-02-28 01:12:30,981 [INFO] Stopping ptd...
