ptd-server 2021-03-08 04:20:33,121 [INFO] Got command from the client 'time'
ptd-server 2021-03-08 04:20:33,121 [INFO] Sending reply to client '1615177233.121276'
ptd-server 2021-03-08 04:20:33,124 [INFO] Got command from the client 'new,,f4d2a876-987f-4c9a-af45-6943d4231647'
ptd-server 2021-03-08 04:20:33,125 [INFO] Sending reply to client 'OK 2021-03-08_04-20-33,dc377da1-e561-44b6-a3a5-f505f53efbad'
ptd-server 2021-03-08 04:20:33,160 [INFO] Got command from the client 'time'
ptd-server 2021-03-08 04:20:33,161 [INFO] Sending reply to client '1615177233.1610758'
ptd-server 2021-03-08 04:20:33,164 [INFO] Got command from the client 'session,2021-03-08_04-20-33,start,ranging'
ptd-server 2021-03-08 04:20:33,164 [INFO] Running PTDaemon: ['/home/anton/projects/mlperf/power/inference_v1.0/ptd-linux-x86', '-l', 'ptd.log', '-p', '8888', '52', '/dev/usbtmc0']
ptd-server 2021-03-08 04:20:50,336 [INFO] Sending to ptd: 'Hello'
ptd-server 2021-03-08 04:20:50,337 [INFO] Reply from ptd: 'Hello, PTDaemon here!'
ptd-server 2021-03-08 04:20:50,337 [INFO] Sending to ptd: 'Identify'
ptd-server 2021-03-08 04:20:50,337 [INFO] Reply from ptd: 'YokogawaWT330E,1000,1,1,1,1,0,0,1,version=1.9.2-e8c7a49a-20201208,OS=Linux 5.8.0-43-generic #49~20.04.1-Ubuntu SMP Fri Feb 5 09:57:56 UTC 2021 x86_64,mode=power,1,1,1,0,0,no_cal_date,YOKOGAWA;WT333E;C3VD30030E;F1.04'
ptd-server 2021-03-08 04:20:50,338 [INFO] Connected to PTDaemon
ptd-server 2021-03-08 04:20:50,338 [INFO] Sending to ptd: 'RR'
ptd-server 2021-03-08 04:20:50,338 [INFO] Reply from ptd: 'Ranges,0,0.500000,0,300.000000'
ptd-server 2021-03-08 04:20:50,338 [INFO] Initial range for Amps is 0.500000 for Volts is 300.000000
ptd-server 2021-03-08 04:20:50,338 [INFO] Sending to ptd: 'SR,V,Auto'
ptd-server 2021-03-08 04:20:50,841 [INFO] Reply from ptd: 'Range V changed'
ptd-server 2021-03-08 04:20:50,841 [INFO] Sending to ptd: 'SR,A,Auto'
ptd-server 2021-03-08 04:20:51,343 [INFO] Reply from ptd: 'Range A changed'
ptd-server 2021-03-08 04:21:01,353 [INFO] Starting ranging mode
ptd-server 2021-03-08 04:21:01,354 [INFO] Sending to ptd: 'Go,1000,0,2021-03-08_04-20-33_ranging'
ptd-server 2021-03-08 04:21:01,354 [INFO] Reply from ptd: 'Starting untimed measurement, maximum 500000 samples at 1000ms with 0 rampup samples'
ptd-server 2021-03-08 04:21:01,354 [INFO] Sending reply to client 'OK'
ptd-server 2021-03-08 04:31:27,136 [INFO] Got command from the client 'session,2021-03-08_04-20-33,stop,ranging'
ptd-server 2021-03-08 04:31:37,146 [INFO] Sending to ptd: 'Stop'
ptd-server 2021-03-08 04:31:37,147 [INFO] Reply from ptd: 'Stopping untimed measurement'
ptd-server 2021-03-08 04:31:37,770 [INFO] Sending reply to client 'OK'
ptd-server 2021-03-08 04:31:37,810 [INFO] Got command from the client 'time'
ptd-server 2021-03-08 04:31:37,810 [INFO] Sending reply to client '1615177897.8102827'
ptd-server 2021-03-08 04:31:37,814 [INFO] Got command from the client 'session,2021-03-08_04-20-33,start,testing'
ptd-server 2021-03-08 04:31:37,814 [INFO] Sending to ptd: 'SR,V,251.390000'
ptd-server 2021-03-08 04:31:39,315 [INFO] Reply from ptd: 'Range V changed'
ptd-server 2021-03-08 04:31:39,316 [INFO] Sending to ptd: 'SR,A,0.050950'
ptd-server 2021-03-08 04:31:40,817 [INFO] Reply from ptd: 'Range A changed'
ptd-server 2021-03-08 04:31:50,827 [INFO] Starting testing mode
ptd-server 2021-03-08 04:31:50,827 [INFO] Sending to ptd: 'Go,1000,0,2021-03-08_04-20-33_testing'
ptd-server 2021-03-08 04:31:50,828 [INFO] Reply from ptd: 'Starting untimed measurement, maximum 500000 samples at 1000ms with 0 rampup samples'
ptd-server 2021-03-08 04:31:50,828 [INFO] Sending reply to client 'OK'
ptd-server 2021-03-08 04:42:20,926 [INFO] Got command from the client 'session,2021-03-08_04-20-33,stop,testing'
ptd-server 2021-03-08 04:42:30,937 [INFO] Sending to ptd: 'Stop'
ptd-server 2021-03-08 04:42:30,937 [INFO] Reply from ptd: 'Stopping untimed measurement'
ptd-server 2021-03-08 04:42:31,270 [INFO] Sending reply to client 'OK'
ptd-server 2021-03-08 04:42:31,278 [INFO] Got command from the client 'session,2021-03-08_04-20-33,upload,client.log'
ptd-server 2021-03-08 04:42:31,281 [INFO] Received '/home/anton/projects/mlperf/power-dev/output/2021-03-08_04-20-33client.log.tmp'
ptd-server 2021-03-08 04:42:31,281 [INFO] Removed '/home/anton/projects/mlperf/power-dev/output/2021-03-08_04-20-33client.log.tmp'
ptd-server 2021-03-08 04:42:31,281 [INFO] Sending reply to client 'OK'
ptd-server 2021-03-08 04:42:31,294 [INFO] Got command from the client 'session,2021-03-08_04-20-33,upload,client.json'
ptd-server 2021-03-08 04:42:31,297 [INFO] Received '/home/anton/projects/mlperf/power-dev/output/2021-03-08_04-20-33client.json.tmp'
ptd-server 2021-03-08 04:42:31,297 [INFO] Removed '/home/anton/projects/mlperf/power-dev/output/2021-03-08_04-20-33client.json.tmp'
ptd-server 2021-03-08 04:42:31,297 [INFO] Sending reply to client 'OK'
ptd-server 2021-03-08 04:42:31,300 [INFO] Got command from the client 'session,2021-03-08_04-20-33,done'
ptd-server 2021-03-08 04:42:31,300 [INFO] Sending to ptd: 'Stop'
ptd-server 2021-03-08 04:42:31,828 [INFO] Reply from ptd: 'Error: no measurement to stop'
ptd-server 2021-03-08 04:42:31,828 [INFO] Sending to ptd: 'SR,V,300.000000'
ptd-server 2021-03-08 04:42:33,330 [INFO] Reply from ptd: 'Range V changed'
ptd-server 2021-03-08 04:42:33,330 [INFO] Sending to ptd: 'SR,A,0.500000'
ptd-server 2021-03-08 04:42:34,831 [INFO] Reply from ptd: 'Range A changed'
ptd-server 2021-03-08 04:42:34,832 [INFO] Set initial values for Amps 0.500000 and Volts 300.000000
ptd-server 2021-03-08 04:42:34,832 [INFO] Stopping ptd...
