ptd-server 2021-03-08 11:44:42,804 [INFO] Got command from the client 'time'
ptd-server 2021-03-08 11:44:42,805 [INFO] Sending reply to client '1615203882.805029'
ptd-server 2021-03-08 11:44:42,807 [INFO] Got command from the client 'new,,1cece7f8-2f52-48c5-aa68-bbf745ec11de'
ptd-server 2021-03-08 11:44:42,808 [INFO] Sending reply to client 'OK 2021-03-08_11-44-42,bac0eed0-1846-4908-a3d4-d8eb4b76dac5'
ptd-server 2021-03-08 11:44:42,846 [INFO] Got command from the client 'time'
ptd-server 2021-03-08 11:44:42,846 [INFO] Sending reply to client '1615203882.8462846'
ptd-server 2021-03-08 11:44:42,849 [INFO] Got command from the client 'session,2021-03-08_11-44-42,start,ranging'
ptd-server 2021-03-08 11:44:42,849 [INFO] Running PTDaemon: ['/home/anton/projects/mlperf/power/inference_v1.0/ptd-linux-x86', '-l', 'ptd.log', '-p', '8888', '52', '/dev/usbtmc0']
ptd-server 2021-03-08 11:45:00,021 [INFO] Sending to ptd: 'Hello'
ptd-server 2021-03-08 11:45:00,021 [INFO] Reply from ptd: 'Hello, PTDaemon here!'
ptd-server 2021-03-08 11:45:00,021 [INFO] Sending to ptd: 'Identify'
ptd-server 2021-03-08 11:45:00,022 [INFO] Reply from ptd: 'YokogawaWT330E,1000,1,1,1,1,0,0,1,version=1.9.2-e8c7a49a-20201208,OS=Linux 5.8.0-43-generic #49~20.04.1-Ubuntu SMP Fri Feb 5 09:57:56 UTC 2021 x86_64,mode=power,1,1,1,0,0,no_cal_date,YOKOGAWA;WT333E;C3VD30030E;F1.04'
ptd-server 2021-03-08 11:45:00,022 [INFO] Connected to PTDaemon
ptd-server 2021-03-08 11:45:00,022 [INFO] Sending to ptd: 'RR'
ptd-server 2021-03-08 11:45:00,022 [INFO] Reply from ptd: 'Ranges,0,0.500000,0,300.000000'
ptd-server 2021-03-08 11:45:00,023 [INFO] Initial range for Amps is 0.500000 for Volts is 300.000000
ptd-server 2021-03-08 11:45:00,023 [INFO] Sending to ptd: 'SR,V,Auto'
ptd-server 2021-03-08 11:45:00,525 [INFO] Reply from ptd: 'Range V changed'
ptd-server 2021-03-08 11:45:00,525 [INFO] Sending to ptd: 'SR,A,Auto'
ptd-server 2021-03-08 11:45:01,028 [INFO] Reply from ptd: 'Range A changed'
ptd-server 2021-03-08 11:45:11,038 [INFO] Starting ranging mode
ptd-server 2021-03-08 11:45:11,038 [INFO] Sending to ptd: 'Go,1000,0,2021-03-08_11-44-42_ranging'
ptd-server 2021-03-08 11:45:11,039 [INFO] Reply from ptd: 'Starting untimed measurement, maximum 500000 samples at 1000ms with 0 rampup samples'
ptd-server 2021-03-08 11:45:11,039 [INFO] Sending reply to client 'OK'
ptd-server 2021-03-08 11:55:36,118 [INFO] Got command from the client 'session,2021-03-08_11-44-42,stop,ranging'
ptd-server 2021-03-08 11:55:46,129 [INFO] Sending to ptd: 'Stop'
ptd-server 2021-03-08 11:55:46,129 [INFO] Reply from ptd: 'Stopping untimed measurement'
ptd-server 2021-03-08 11:55:46,792 [INFO] Sending reply to client 'OK'
ptd-server 2021-03-08 11:55:46,843 [INFO] Got command from the client 'time'
ptd-server 2021-03-08 11:55:46,843 [INFO] Sending reply to client '1615204546.843603'
ptd-server 2021-03-08 11:55:46,847 [INFO] Got command from the client 'session,2021-03-08_11-44-42,start,testing'
ptd-server 2021-03-08 11:55:46,847 [INFO] Sending to ptd: 'SR,V,250.110000'
ptd-server 2021-03-08 11:55:48,540 [INFO] Reply from ptd: 'Range V changed'
ptd-server 2021-03-08 11:55:48,541 [INFO] Sending to ptd: 'SR,A,0.053860'
ptd-server 2021-03-08 11:55:50,042 [INFO] Reply from ptd: 'Range A changed'
ptd-server 2021-03-08 11:56:00,052 [INFO] Starting testing mode
ptd-server 2021-03-08 11:56:00,052 [INFO] Sending to ptd: 'Go,1000,0,2021-03-08_11-44-42_testing'
ptd-server 2021-03-08 11:56:00,053 [INFO] Reply from ptd: 'Starting untimed measurement, maximum 500000 samples at 1000ms with 0 rampup samples'
ptd-server 2021-03-08 11:56:00,053 [INFO] Sending reply to client 'OK'
ptd-server 2021-03-08 12:06:29,847 [INFO] Got command from the client 'session,2021-03-08_11-44-42,stop,testing'
ptd-server 2021-03-08 12:06:39,857 [INFO] Sending to ptd: 'Stop'
ptd-server 2021-03-08 12:06:39,857 [INFO] Reply from ptd: 'Stopping untimed measurement'
ptd-server 2021-03-08 12:06:40,210 [INFO] Sending reply to client 'OK'
ptd-server 2021-03-08 12:06:40,218 [INFO] Got command from the client 'session,2021-03-08_11-44-42,upload,client.log'
ptd-server 2021-03-08 12:06:40,220 [INFO] Received '/home/anton/projects/mlperf/power-dev/output/2021-03-08_11-44-42client.log.tmp'
ptd-server 2021-03-08 12:06:40,220 [INFO] Removed '/home/anton/projects/mlperf/power-dev/output/2021-03-08_11-44-42client.log.tmp'
ptd-server 2021-03-08 12:06:40,221 [INFO] Sending reply to client 'OK'
ptd-server 2021-03-08 12:06:40,233 [INFO] Got command from the client 'session,2021-03-08_11-44-42,upload,client.json'
ptd-server 2021-03-08 12:06:40,236 [INFO] Received '/home/anton/projects/mlperf/power-dev/output/2021-03-08_11-44-42client.json.tmp'
ptd-server 2021-03-08 12:06:40,237 [INFO] Removed '/home/anton/projects/mlperf/power-dev/output/2021-03-08_11-44-42client.json.tmp'
ptd-server 2021-03-08 12:06:40,237 [INFO] Sending reply to client 'OK'
ptd-server 2021-03-08 12:06:40,240 [INFO] Got command from the client 'session,2021-03-08_11-44-42,done'
ptd-server 2021-03-08 12:06:40,240 [INFO] Sending to ptd: 'Stop'
ptd-server 2021-03-08 12:06:40,240 [INFO] Reply from ptd: 'Error: no measurement to stop'
ptd-server 2021-03-08 12:06:40,241 [INFO] Sending to ptd: 'SR,V,300.000000'
ptd-server 2021-03-08 12:06:41,742 [INFO] Reply from ptd: 'Range V changed'
ptd-server 2021-03-08 12:06:41,742 [INFO] Sending to ptd: 'SR,A,0.500000'
ptd-server 2021-03-08 12:06:43,243 [INFO] Reply from ptd: 'Range A changed'
ptd-server 2021-03-08 12:06:43,244 [INFO] Set initial values for Amps 0.500000 and Volts 300.000000
ptd-server 2021-03-08 12:06:43,244 [INFO] Stopping ptd...
