ptd-server 2021-03-07 11:57:12,672 [INFO] Got command from the client 'time'
ptd-server 2021-03-07 11:57:12,672 [INFO] Sending reply to client '1615118232.6727374'
ptd-server 2021-03-07 11:57:12,675 [INFO] Got command from the client 'new,,ecad491f-ff31-406f-ab1e-e5ece8b943a8'
ptd-server 2021-03-07 11:57:12,675 [INFO] Sending reply to client 'OK 2021-03-07_11-57-12,449f6f50-309b-4dd1-a982-82a0940a7084'
ptd-server 2021-03-07 11:57:12,712 [INFO] Got command from the client 'time'
ptd-server 2021-03-07 11:57:12,713 [INFO] Sending reply to client '1615118232.7130375'
ptd-server 2021-03-07 11:57:12,715 [INFO] Got command from the client 'session,2021-03-07_11-57-12,start,ranging'
ptd-server 2021-03-07 11:57:12,715 [INFO] Running PTDaemon: ['/home/anton/projects/mlperf/power/inference_v1.0/ptd-linux-x86', '-l', 'ptd.log', '-p', '8888', '52', '/dev/usbtmc0']
ptd-server 2021-03-07 11:57:29,883 [INFO] Sending to ptd: 'Hello'
ptd-server 2021-03-07 11:57:29,884 [INFO] Reply from ptd: 'Hello, PTDaemon here!'
ptd-server 2021-03-07 11:57:29,884 [INFO] Sending to ptd: 'Identify'
ptd-server 2021-03-07 11:57:29,884 [INFO] Reply from ptd: 'YokogawaWT330E,1000,1,1,1,1,0,0,1,version=1.9.2-e8c7a49a-20201208,OS=Linux 5.8.0-43-generic #49~20.04.1-Ubuntu SMP Fri Feb 5 09:57:56 UTC 2021 x86_64,mode=power,1,1,1,0,0,no_cal_date,YOKOGAWA;WT333E;C3VD30030E;F1.04'
ptd-server 2021-03-07 11:57:29,884 [INFO] Connected to PTDaemon
ptd-server 2021-03-07 11:57:29,885 [INFO] Sending to ptd: 'RR'
ptd-server 2021-03-07 11:57:29,885 [INFO] Reply from ptd: 'Ranges,0,0.500000,0,300.000000'
ptd-server 2021-03-07 11:57:29,885 [INFO] Initial range for Amps is 0.500000 for Volts is 300.000000
ptd-server 2021-03-07 11:57:29,885 [INFO] Sending to ptd: 'SR,V,Auto'
ptd-server 2021-03-07 11:57:30,388 [INFO] Reply from ptd: 'Range V changed'
ptd-server 2021-03-07 11:57:30,388 [INFO] Sending to ptd: 'SR,A,Auto'
ptd-server 2021-03-07 11:57:30,890 [INFO] Reply from ptd: 'Range A changed'
ptd-server 2021-03-07 11:57:40,900 [INFO] Starting ranging mode
ptd-server 2021-03-07 11:57:40,901 [INFO] Sending to ptd: 'Go,1000,0,2021-03-07_11-57-12_ranging'
ptd-server 2021-03-07 11:57:40,901 [INFO] Reply from ptd: 'Starting untimed measurement, maximum 500000 samples at 1000ms with 0 rampup samples'
ptd-server 2021-03-07 11:57:40,901 [INFO] Sending reply to client 'OK'
ptd-server 2021-03-07 12:08:05,706 [INFO] Got command from the client 'session,2021-03-07_11-57-12,stop,ranging'
ptd-server 2021-03-07 12:08:15,717 [INFO] Sending to ptd: 'Stop'
ptd-server 2021-03-07 12:08:15,717 [INFO] Reply from ptd: 'Stopping untimed measurement'
ptd-server 2021-03-07 12:08:16,267 [INFO] Sending reply to client 'OK'
ptd-server 2021-03-07 12:08:16,313 [INFO] Got command from the client 'time'
ptd-server 2021-03-07 12:08:16,313 [INFO] Sending reply to client '1615118896.3131979'
ptd-server 2021-03-07 12:08:16,316 [INFO] Got command from the client 'session,2021-03-07_11-57-12,start,testing'
ptd-server 2021-03-07 12:08:16,316 [INFO] Sending to ptd: 'SR,V,249.340000'
ptd-server 2021-03-07 12:08:17,818 [INFO] Reply from ptd: 'Range V changed'
ptd-server 2021-03-07 12:08:17,818 [INFO] Sending to ptd: 'SR,A,0.057370'
ptd-server 2021-03-07 12:08:19,319 [INFO] Reply from ptd: 'Range A changed'
ptd-server 2021-03-07 12:08:29,329 [INFO] Starting testing mode
ptd-server 2021-03-07 12:08:29,330 [INFO] Sending to ptd: 'Go,1000,0,2021-03-07_11-57-12_testing'
ptd-server 2021-03-07 12:08:29,330 [INFO] Reply from ptd: 'Starting untimed measurement, maximum 500000 samples at 1000ms with 0 rampup samples'
ptd-server 2021-03-07 12:08:29,330 [INFO] Sending reply to client 'OK'
ptd-server 2021-03-07 12:18:59,069 [INFO] Got command from the client 'session,2021-03-07_11-57-12,stop,testing'
ptd-server 2021-03-07 12:19:09,079 [INFO] Sending to ptd: 'Stop'
ptd-server 2021-03-07 12:19:09,080 [INFO] Reply from ptd: 'Stopping untimed measurement'
ptd-server 2021-03-07 12:19:09,373 [INFO] Sending reply to client 'OK'
ptd-server 2021-03-07 12:19:09,380 [INFO] Got command from the client 'session,2021-03-07_11-57-12,upload,client.log'
ptd-server 2021-03-07 12:19:09,384 [INFO] Received '/home/anton/projects/mlperf/power-dev/output/2021-03-07_11-57-12client.log.tmp'
ptd-server 2021-03-07 12:19:09,384 [INFO] Removed '/home/anton/projects/mlperf/power-dev/output/2021-03-07_11-57-12client.log.tmp'
ptd-server 2021-03-07 12:19:09,384 [INFO] Sending reply to client 'OK'
ptd-server 2021-03-07 12:19:09,396 [INFO] Got command from the client 'session,2021-03-07_11-57-12,upload,client.json'
ptd-server 2021-03-07 12:19:09,399 [INFO] Received '/home/anton/projects/mlperf/power-dev/output/2021-03-07_11-57-12client.json.tmp'
ptd-server 2021-03-07 12:19:09,399 [INFO] Removed '/home/anton/projects/mlperf/power-dev/output/2021-03-07_11-57-12client.json.tmp'
ptd-server 2021-03-07 12:19:09,399 [INFO] Sending reply to client 'OK'
ptd-server 2021-03-07 12:19:09,402 [INFO] Got command from the client 'session,2021-03-07_11-57-12,done'
ptd-server 2021-03-07 12:19:09,402 [INFO] Sending to ptd: 'Stop'
ptd-server 2021-03-07 12:19:09,402 [INFO] Reply from ptd: 'Error: no measurement to stop'
ptd-server 2021-03-07 12:19:09,402 [INFO] Sending to ptd: 'SR,V,300.000000'
ptd-server 2021-03-07 12:19:10,904 [INFO] Reply from ptd: 'Range V changed'
ptd-server 2021-03-07 12:19:10,904 [INFO] Sending to ptd: 'SR,A,0.500000'
ptd-server 2021-03-07 12:19:12,405 [INFO] Reply from ptd: 'Range A changed'
ptd-server 2021-03-07 12:19:12,405 [INFO] Set initial values for Amps 0.500000 and Volts 300.000000
ptd-server 2021-03-07 12:19:12,405 [INFO] Stopping ptd...
