ptd-server 2021-03-08 02:07:18,507 [INFO] Got command from the client 'time'
ptd-server 2021-03-08 02:07:18,508 [INFO] Sending reply to client '1615169238.5081272'
ptd-server 2021-03-08 02:07:18,511 [INFO] Got command from the client 'new,,23926f7a-a094-4046-b718-a7a41ab1d7c4'
ptd-server 2021-03-08 02:07:18,512 [INFO] Sending reply to client 'OK 2021-03-08_02-07-18,5b3a9fc9-1f7e-4c7e-a102-5d1a1fe161c0'
ptd-server 2021-03-08 02:07:18,547 [INFO] Got command from the client 'time'
ptd-server 2021-03-08 02:07:18,547 [INFO] Sending reply to client '1615169238.547829'
ptd-server 2021-03-08 02:07:18,551 [INFO] Got command from the client 'session,2021-03-08_02-07-18,start,ranging'
ptd-server 2021-03-08 02:07:18,551 [INFO] Running PTDaemon: ['/home/anton/projects/mlperf/power/inference_v1.0/ptd-linux-x86', '-l', 'ptd.log', '-p', '8888', '52', '/dev/usbtmc0']
ptd-server 2021-03-08 02:07:35,723 [INFO] Sending to ptd: 'Hello'
ptd-server 2021-03-08 02:07:35,724 [INFO] Reply from ptd: 'Hello, PTDaemon here!'
ptd-server 2021-03-08 02:07:35,724 [INFO] Sending to ptd: 'Identify'
ptd-server 2021-03-08 02:07:35,725 [INFO] Reply from ptd: 'YokogawaWT330E,1000,1,1,1,1,0,0,1,version=1.9.2-e8c7a49a-20201208,OS=Linux 5.8.0-43-generic #49~20.04.1-Ubuntu SMP Fri Feb 5 09:57:56 UTC 2021 x86_64,mode=power,1,1,1,0,0,no_cal_date,YOKOGAWA;WT333E;C3VD30030E;F1.04'
ptd-server 2021-03-08 02:07:35,725 [INFO] Connected to PTDaemon
ptd-server 2021-03-08 02:07:35,725 [INFO] Sending to ptd: 'RR'
ptd-server 2021-03-08 02:07:35,725 [INFO] Reply from ptd: 'Ranges,0,0.500000,0,300.000000'
ptd-server 2021-03-08 02:07:35,725 [INFO] Initial range for Amps is 0.500000 for Volts is 300.000000
ptd-server 2021-03-08 02:07:35,726 [INFO] Sending to ptd: 'SR,V,Auto'
ptd-server 2021-03-08 02:07:36,228 [INFO] Reply from ptd: 'Range V changed'
ptd-server 2021-03-08 02:07:36,228 [INFO] Sending to ptd: 'SR,A,Auto'
ptd-server 2021-03-08 02:07:36,731 [INFO] Reply from ptd: 'Range A changed'
ptd-server 2021-03-08 02:07:46,741 [INFO] Starting ranging mode
ptd-server 2021-03-08 02:07:46,741 [INFO] Sending to ptd: 'Go,1000,0,2021-03-08_02-07-18_ranging'
ptd-server 2021-03-08 02:07:46,742 [INFO] Reply from ptd: 'Starting untimed measurement, maximum 500000 samples at 1000ms with 0 rampup samples'
ptd-server 2021-03-08 02:07:46,742 [INFO] Sending reply to client 'OK'
ptd-server 2021-03-08 02:18:11,879 [INFO] Got command from the client 'session,2021-03-08_02-07-18,stop,ranging'
ptd-server 2021-03-08 02:18:21,890 [INFO] Sending to ptd: 'Stop'
ptd-server 2021-03-08 02:18:21,890 [INFO] Reply from ptd: 'Stopping untimed measurement'
ptd-server 2021-03-08 02:18:22,503 [INFO] Sending reply to client 'OK'
ptd-server 2021-03-08 02:18:22,543 [INFO] Got command from the client 'time'
ptd-server 2021-03-08 02:18:22,543 [INFO] Sending reply to client '1615169902.5432267'
ptd-server 2021-03-08 02:18:22,547 [INFO] Got command from the client 'session,2021-03-08_02-07-18,start,testing'
ptd-server 2021-03-08 02:18:22,547 [INFO] Sending to ptd: 'SR,V,250.580000'
ptd-server 2021-03-08 02:18:24,244 [INFO] Reply from ptd: 'Range V changed'
ptd-server 2021-03-08 02:18:24,244 [INFO] Sending to ptd: 'SR,A,0.052370'
ptd-server 2021-03-08 02:18:25,745 [INFO] Reply from ptd: 'Range A changed'
ptd-server 2021-03-08 02:18:35,756 [INFO] Starting testing mode
ptd-server 2021-03-08 02:18:35,756 [INFO] Sending to ptd: 'Go,1000,0,2021-03-08_02-07-18_testing'
ptd-server 2021-03-08 02:18:35,756 [INFO] Reply from ptd: 'Starting untimed measurement, maximum 500000 samples at 1000ms with 0 rampup samples'
ptd-server 2021-03-08 02:18:35,756 [INFO] Sending reply to client 'OK'
ptd-server 2021-03-08 02:29:05,716 [INFO] Got command from the client 'session,2021-03-08_02-07-18,stop,testing'
ptd-server 2021-03-08 02:29:15,726 [INFO] Sending to ptd: 'Stop'
ptd-server 2021-03-08 02:29:15,726 [INFO] Reply from ptd: 'Stopping untimed measurement'
ptd-server 2021-03-08 02:29:16,053 [INFO] Sending reply to client 'OK'
ptd-server 2021-03-08 02:29:16,061 [INFO] Got command from the client 'session,2021-03-08_02-07-18,upload,client.log'
ptd-server 2021-03-08 02:29:16,063 [INFO] Received '/home/anton/projects/mlperf/power-dev/output/2021-03-08_02-07-18client.log.tmp'
ptd-server 2021-03-08 02:29:16,064 [INFO] Removed '/home/anton/projects/mlperf/power-dev/output/2021-03-08_02-07-18client.log.tmp'
ptd-server 2021-03-08 02:29:16,064 [INFO] Sending reply to client 'OK'
ptd-server 2021-03-08 02:29:16,076 [INFO] Got command from the client 'session,2021-03-08_02-07-18,upload,client.json'
ptd-server 2021-03-08 02:29:16,079 [INFO] Received '/home/anton/projects/mlperf/power-dev/output/2021-03-08_02-07-18client.json.tmp'
ptd-server 2021-03-08 02:29:16,080 [INFO] Removed '/home/anton/projects/mlperf/power-dev/output/2021-03-08_02-07-18client.json.tmp'
ptd-server 2021-03-08 02:29:16,080 [INFO] Sending reply to client 'OK'
ptd-server 2021-03-08 02:29:16,083 [INFO] Got command from the client 'session,2021-03-08_02-07-18,done'
ptd-server 2021-03-08 02:29:16,084 [INFO] Sending to ptd: 'Stop'
ptd-server 2021-03-08 02:29:16,084 [INFO] Reply from ptd: 'Error: no measurement to stop'
ptd-server 2021-03-08 02:29:16,084 [INFO] Sending to ptd: 'SR,V,300.000000'
ptd-server 2021-03-08 02:29:17,585 [INFO] Reply from ptd: 'Range V changed'
ptd-server 2021-03-08 02:29:17,586 [INFO] Sending to ptd: 'SR,A,0.500000'
ptd-server 2021-03-08 02:29:19,087 [INFO] Reply from ptd: 'Range A changed'
ptd-server 2021-03-08 02:29:19,087 [INFO] Set initial values for Amps 0.500000 and Volts 300.000000
ptd-server 2021-03-08 02:29:19,087 [INFO] Stopping ptd...
