ptd-server 2021-03-05 22:18:10,927 [INFO] Got command from the client 'time'
ptd-server 2021-03-05 22:18:10,927 [INFO] Sending reply to client '1614982690.92734'
ptd-server 2021-03-05 22:18:10,930 [INFO] Got command from the client 'new,,ef778377-4b51-42eb-92de-1a478b171a8d'
ptd-server 2021-03-05 22:18:10,930 [INFO] Sending reply to client 'OK 2021-03-05_22-18-10,1038655b-9f85-4828-9217-7a285253a348'
ptd-server 2021-03-05 22:18:10,967 [INFO] Got command from the client 'time'
ptd-server 2021-03-05 22:18:10,967 [INFO] Sending reply to client '1614982690.9671474'
ptd-server 2021-03-05 22:18:10,969 [INFO] Got command from the client 'session,2021-03-05_22-18-10,start,ranging'
ptd-server 2021-03-05 22:18:10,969 [INFO] Running PTDaemon: ['/home/anton/projects/mlperf/power/inference_v1.0/ptd-linux-x86', '-l', 'ptd.log', '-p', '8888', '52', '/dev/usbtmc0']
ptd-server 2021-03-05 22:18:28,138 [INFO] Sending to ptd: 'Hello'
ptd-server 2021-03-05 22:18:28,139 [INFO] Reply from ptd: 'Hello, PTDaemon here!'
ptd-server 2021-03-05 22:18:28,139 [INFO] Sending to ptd: 'Identify'
ptd-server 2021-03-05 22:18:28,139 [INFO] Reply from ptd: 'YokogawaWT330E,1000,1,1,1,1,0,0,1,version=1.9.2-e8c7a49a-20201208,OS=Linux 5.8.0-43-generic #49~20.04.1-Ubuntu SMP Fri Feb 5 09:57:56 UTC 2021 x86_64,mode=power,1,1,1,0,0,no_cal_date,YOKOGAWA;WT333E;C3VD30030E;F1.04'
ptd-server 2021-03-05 22:18:28,139 [INFO] Connected to PTDaemon
ptd-server 2021-03-05 22:18:28,140 [INFO] Sending to ptd: 'RR'
ptd-server 2021-03-05 22:18:28,140 [INFO] Reply from ptd: 'Ranges,0,0.500000,0,300.000000'
ptd-server 2021-03-05 22:18:28,140 [INFO] Initial range for Amps is 0.500000 for Volts is 300.000000
ptd-server 2021-03-05 22:18:28,140 [INFO] Sending to ptd: 'SR,V,Auto'
ptd-server 2021-03-05 22:18:28,643 [INFO] Reply from ptd: 'Range V changed'
ptd-server 2021-03-05 22:18:28,643 [INFO] Sending to ptd: 'SR,A,Auto'
ptd-server 2021-03-05 22:18:29,145 [INFO] Reply from ptd: 'Range A changed'
ptd-server 2021-03-05 22:18:39,156 [INFO] Starting ranging mode
ptd-server 2021-03-05 22:18:39,156 [INFO] Sending to ptd: 'Go,1000,0,2021-03-05_22-18-10_ranging'
ptd-server 2021-03-05 22:18:39,156 [INFO] Reply from ptd: 'Starting untimed measurement, maximum 500000 samples at 1000ms with 0 rampup samples'
ptd-server 2021-03-05 22:18:39,156 [INFO] Sending reply to client 'OK'
ptd-server 2021-03-05 22:29:10,664 [INFO] Got command from the client 'session,2021-03-05_22-18-10,stop,ranging'
ptd-server 2021-03-05 22:29:20,675 [INFO] Sending to ptd: 'Stop'
ptd-server 2021-03-05 22:29:20,675 [INFO] Reply from ptd: 'Stopping untimed measurement'
ptd-server 2021-03-05 22:29:21,056 [INFO] Sending reply to client 'OK'
ptd-server 2021-03-05 22:29:21,097 [INFO] Got command from the client 'time'
ptd-server 2021-03-05 22:29:21,097 [INFO] Sending reply to client '1614983361.0971243'
ptd-server 2021-03-05 22:29:21,100 [INFO] Got command from the client 'session,2021-03-05_22-18-10,start,testing'
ptd-server 2021-03-05 22:29:21,100 [INFO] Sending to ptd: 'SR,V,250.010000'
ptd-server 2021-03-05 22:29:22,657 [INFO] Reply from ptd: 'Range V changed'
ptd-server 2021-03-05 22:29:22,657 [INFO] Sending to ptd: 'SR,A,0.056970'
ptd-server 2021-03-05 22:29:24,158 [INFO] Reply from ptd: 'Range A changed'
ptd-server 2021-03-05 22:29:34,169 [INFO] Starting testing mode
ptd-server 2021-03-05 22:29:34,169 [INFO] Sending to ptd: 'Go,1000,0,2021-03-05_22-18-10_testing'
ptd-server 2021-03-05 22:29:34,169 [INFO] Reply from ptd: 'Starting untimed measurement, maximum 500000 samples at 1000ms with 0 rampup samples'
ptd-server 2021-03-05 22:29:34,169 [INFO] Sending reply to client 'OK'
ptd-server 2021-03-05 22:40:10,565 [INFO] Got command from the client 'session,2021-03-05_22-18-10,stop,testing'
ptd-server 2021-03-05 22:40:20,575 [INFO] Sending to ptd: 'Stop'
ptd-server 2021-03-05 22:40:20,575 [INFO] Reply from ptd: 'Stopping untimed measurement'
ptd-server 2021-03-05 22:40:20,771 [INFO] Sending reply to client 'OK'
ptd-server 2021-03-05 22:40:20,779 [INFO] Got command from the client 'session,2021-03-05_22-18-10,upload,client.log'
ptd-server 2021-03-05 22:40:20,782 [INFO] Received '/home/anton/projects/mlperf/power-dev/output/2021-03-05_22-18-10client.log.tmp'
ptd-server 2021-03-05 22:40:20,783 [INFO] Removed '/home/anton/projects/mlperf/power-dev/output/2021-03-05_22-18-10client.log.tmp'
ptd-server 2021-03-05 22:40:20,783 [INFO] Sending reply to client 'OK'
ptd-server 2021-03-05 22:40:20,795 [INFO] Got command from the client 'session,2021-03-05_22-18-10,upload,client.json'
ptd-server 2021-03-05 22:40:20,798 [INFO] Received '/home/anton/projects/mlperf/power-dev/output/2021-03-05_22-18-10client.json.tmp'
ptd-server 2021-03-05 22:40:20,798 [INFO] Removed '/home/anton/projects/mlperf/power-dev/output/2021-03-05_22-18-10client.json.tmp'
ptd-server 2021-03-05 22:40:20,798 [INFO] Sending reply to client 'OK'
ptd-server 2021-03-05 22:40:20,801 [INFO] Got command from the client 'session,2021-03-05_22-18-10,done'
ptd-server 2021-03-05 22:40:20,801 [INFO] Sending to ptd: 'Stop'
ptd-server 2021-03-05 22:40:21,170 [INFO] Reply from ptd: 'Error: no measurement to stop'
ptd-server 2021-03-05 22:40:21,170 [INFO] Sending to ptd: 'SR,V,300.000000'
ptd-server 2021-03-05 22:40:22,671 [INFO] Reply from ptd: 'Range V changed'
ptd-server 2021-03-05 22:40:22,671 [INFO] Sending to ptd: 'SR,A,0.500000'
ptd-server 2021-03-05 22:40:24,173 [INFO] Reply from ptd: 'Range A changed'
ptd-server 2021-03-05 22:40:24,173 [INFO] Set initial values for Amps 0.500000 and Volts 300.000000
ptd-server 2021-03-05 22:40:24,173 [INFO] Stopping ptd...
