ptd-server 2021-03-05 20:03:39,531 [INFO] Got command from the client 'time'
ptd-server 2021-03-05 20:03:39,531 [INFO] Sending reply to client '1614974619.5317998'
ptd-server 2021-03-05 20:03:39,534 [INFO] Got command from the client 'new,,fcac9a4d-f7c8-4ce8-996c-0caa25ba5450'
ptd-server 2021-03-05 20:03:39,534 [INFO] Sending reply to client 'OK 2021-03-05_20-03-39,1dc6d8a0-0295-4f5d-9fb6-35c4b26923be'
ptd-server 2021-03-05 20:03:39,571 [INFO] Got command from the client 'time'
ptd-server 2021-03-05 20:03:39,571 [INFO] Sending reply to client '1614974619.5716274'
ptd-server 2021-03-05 20:03:39,574 [INFO] Got command from the client 'session,2021-03-05_20-03-39,start,ranging'
ptd-server 2021-03-05 20:03:39,574 [INFO] Running PTDaemon: ['/home/anton/projects/mlperf/power/inference_v1.0/ptd-linux-x86', '-l', 'ptd.log', '-p', '8888', '52', '/dev/usbtmc0']
ptd-server 2021-03-05 20:03:56,742 [INFO] Sending to ptd: 'Hello'
ptd-server 2021-03-05 20:03:56,742 [INFO] Reply from ptd: 'Hello, PTDaemon here!'
ptd-server 2021-03-05 20:03:56,742 [INFO] Sending to ptd: 'Identify'
ptd-server 2021-03-05 20:03:56,743 [INFO] Reply from ptd: 'YokogawaWT330E,1000,1,1,1,1,0,0,1,version=1.9.2-e8c7a49a-20201208,OS=Linux 5.8.0-43-generic #49~20.04.1-Ubuntu SMP Fri Feb 5 09:57:56 UTC 2021 x86_64,mode=power,1,1,1,0,0,no_cal_date,YOKOGAWA;WT333E;C3VD30030E;F1.04'
ptd-server 2021-03-05 20:03:56,743 [INFO] Connected to PTDaemon
ptd-server 2021-03-05 20:03:56,743 [INFO] Sending to ptd: 'RR'
ptd-server 2021-03-05 20:03:56,743 [INFO] Reply from ptd: 'Ranges,0,0.500000,0,300.000000'
ptd-server 2021-03-05 20:03:56,743 [INFO] Initial range for Amps is 0.500000 for Volts is 300.000000
ptd-server 2021-03-05 20:03:56,744 [INFO] Sending to ptd: 'SR,V,Auto'
ptd-server 2021-03-05 20:03:57,267 [INFO] Reply from ptd: 'Range V changed'
ptd-server 2021-03-05 20:03:57,267 [INFO] Sending to ptd: 'SR,A,Auto'
ptd-server 2021-03-05 20:03:57,769 [INFO] Reply from ptd: 'Range A changed'
ptd-server 2021-03-05 20:04:07,772 [INFO] Starting ranging mode
ptd-server 2021-03-05 20:04:07,772 [INFO] Sending to ptd: 'Go,1000,0,2021-03-05_20-03-39_ranging'
ptd-server 2021-03-05 20:04:07,773 [INFO] Reply from ptd: 'Starting untimed measurement, maximum 500000 samples at 1000ms with 0 rampup samples'
ptd-server 2021-03-05 20:04:07,773 [INFO] Sending reply to client 'OK'
ptd-server 2021-03-05 20:14:39,283 [INFO] Got command from the client 'session,2021-03-05_20-03-39,stop,ranging'
ptd-server 2021-03-05 20:14:49,294 [INFO] Sending to ptd: 'Stop'
ptd-server 2021-03-05 20:14:49,294 [INFO] Reply from ptd: 'Stopping untimed measurement'
ptd-server 2021-03-05 20:14:49,655 [INFO] Sending reply to client 'OK'
ptd-server 2021-03-05 20:14:49,700 [INFO] Got command from the client 'time'
ptd-server 2021-03-05 20:14:49,700 [INFO] Sending reply to client '1614975289.7006705'
ptd-server 2021-03-05 20:14:49,704 [INFO] Got command from the client 'session,2021-03-05_20-03-39,start,testing'
ptd-server 2021-03-05 20:14:49,704 [INFO] Sending to ptd: 'SR,V,249.390000'
ptd-server 2021-03-05 20:14:51,275 [INFO] Reply from ptd: 'Range V changed'
ptd-server 2021-03-05 20:14:51,275 [INFO] Sending to ptd: 'SR,A,0.058000'
ptd-server 2021-03-05 20:14:52,776 [INFO] Reply from ptd: 'Range A changed'
ptd-server 2021-03-05 20:15:02,786 [INFO] Starting testing mode
ptd-server 2021-03-05 20:15:02,787 [INFO] Sending to ptd: 'Go,1000,0,2021-03-05_20-03-39_testing'
ptd-server 2021-03-05 20:15:02,787 [INFO] Reply from ptd: 'Starting untimed measurement, maximum 500000 samples at 1000ms with 0 rampup samples'
ptd-server 2021-03-05 20:15:02,787 [INFO] Sending reply to client 'OK'
ptd-server 2021-03-05 20:25:39,300 [INFO] Got command from the client 'session,2021-03-05_20-03-39,stop,testing'
ptd-server 2021-03-05 20:25:49,310 [INFO] Sending to ptd: 'Stop'
ptd-server 2021-03-05 20:25:49,311 [INFO] Reply from ptd: 'Stopping untimed measurement'
ptd-server 2021-03-05 20:25:49,501 [INFO] Sending reply to client 'OK'
ptd-server 2021-03-05 20:25:49,509 [INFO] Got command from the client 'session,2021-03-05_20-03-39,upload,client.log'
ptd-server 2021-03-05 20:25:49,513 [INFO] Received '/home/anton/projects/mlperf/power-dev/output/2021-03-05_20-03-39client.log.tmp'
ptd-server 2021-03-05 20:25:49,513 [INFO] Removed '/home/anton/projects/mlperf/power-dev/output/2021-03-05_20-03-39client.log.tmp'
ptd-server 2021-03-05 20:25:49,514 [INFO] Sending reply to client 'OK'
ptd-server 2021-03-05 20:25:49,526 [INFO] Got command from the client 'session,2021-03-05_20-03-39,upload,client.json'
ptd-server 2021-03-05 20:25:49,528 [INFO] Received '/home/anton/projects/mlperf/power-dev/output/2021-03-05_20-03-39client.json.tmp'
ptd-server 2021-03-05 20:25:49,529 [INFO] Removed '/home/anton/projects/mlperf/power-dev/output/2021-03-05_20-03-39client.json.tmp'
ptd-server 2021-03-05 20:25:49,529 [INFO] Sending reply to client 'OK'
ptd-server 2021-03-05 20:25:49,532 [INFO] Got command from the client 'session,2021-03-05_20-03-39,done'
ptd-server 2021-03-05 20:25:49,533 [INFO] Sending to ptd: 'Stop'
ptd-server 2021-03-05 20:25:49,787 [INFO] Reply from ptd: 'Error: no measurement to stop'
ptd-server 2021-03-05 20:25:49,787 [INFO] Sending to ptd: 'SR,V,300.000000'
ptd-server 2021-03-05 20:25:51,289 [INFO] Reply from ptd: 'Range V changed'
ptd-server 2021-03-05 20:25:51,289 [INFO] Sending to ptd: 'SR,A,0.500000'
ptd-server 2021-03-05 20:25:52,790 [INFO] Reply from ptd: 'Range A changed'
ptd-server 2021-03-05 20:25:52,790 [INFO] Set initial values for Amps 0.500000 and Volts 300.000000
ptd-server 2021-03-05 20:25:52,790 [INFO] Stopping ptd...
