ptd-server 2021-03-09 00:45:23,775 [INFO] Got command from the client 'time'
ptd-server 2021-03-09 00:45:23,775 [INFO] Sending reply to client '1615250723.7753642'
ptd-server 2021-03-09 00:45:23,776 [INFO] Got command from the client 'new,,8f85d8ee-05b5-4c7d-9871-b997cca202e3'
ptd-server 2021-03-09 00:45:23,777 [INFO] Sending reply to client 'OK 2021-03-09_00-45-23,eda0dea8-997c-493f-9e64-44aa0225bb5d'
ptd-server 2021-03-09 00:45:23,815 [INFO] Got command from the client 'time'
ptd-server 2021-03-09 00:45:23,815 [INFO] Sending reply to client '1615250723.815577'
ptd-server 2021-03-09 00:45:23,817 [INFO] Got command from the client 'session,2021-03-09_00-45-23,start,ranging'
ptd-server 2021-03-09 00:45:23,817 [INFO] Running PTDaemon: ['/home/anton/projects/mlperf/power/inference_v1.0/ptd-linux-x86', '-l', 'ptd.log', '-p', '8888', '52', '/dev/usbtmc0']
ptd-server 2021-03-09 00:45:40,989 [INFO] Sending to ptd: 'Hello'
ptd-server 2021-03-09 00:45:40,990 [INFO] Reply from ptd: 'Hello, PTDaemon here!'
ptd-server 2021-03-09 00:45:40,990 [INFO] Sending to ptd: 'Identify'
ptd-server 2021-03-09 00:45:40,990 [INFO] Reply from ptd: 'YokogawaWT330E,1000,1,1,1,1,0,0,1,version=1.9.2-e8c7a49a-20201208,OS=Linux 5.8.0-43-generic #49~20.04.1-Ubuntu SMP Fri Feb 5 09:57:56 UTC 2021 x86_64,mode=power,1,1,1,0,0,no_cal_date,YOKOGAWA;WT333E;C3VD30030E;F1.04'
ptd-server 2021-03-09 00:45:40,990 [INFO] Connected to PTDaemon
ptd-server 2021-03-09 00:45:40,990 [INFO] Sending to ptd: 'RR'
ptd-server 2021-03-09 00:45:40,990 [INFO] Reply from ptd: 'Ranges,0,0.500000,0,300.000000'
ptd-server 2021-03-09 00:45:40,991 [INFO] Initial range for Amps is 0.500000 for Volts is 300.000000
ptd-server 2021-03-09 00:45:40,991 [INFO] Sending to ptd: 'SR,V,Auto'
ptd-server 2021-03-09 00:45:41,493 [INFO] Reply from ptd: 'Range V changed'
ptd-server 2021-03-09 00:45:41,493 [INFO] Sending to ptd: 'SR,A,Auto'
ptd-server 2021-03-09 00:45:41,996 [INFO] Reply from ptd: 'Range A changed'
ptd-server 2021-03-09 00:45:52,006 [INFO] Starting ranging mode
ptd-server 2021-03-09 00:45:52,006 [INFO] Sending to ptd: 'Go,1000,0,2021-03-09_00-45-23_ranging'
ptd-server 2021-03-09 00:45:52,006 [INFO] Reply from ptd: 'Starting untimed measurement, maximum 500000 samples at 1000ms with 0 rampup samples'
ptd-server 2021-03-09 00:45:52,007 [INFO] Sending reply to client 'OK'
ptd-server 2021-03-09 00:56:07,487 [INFO] Got command from the client 'session,2021-03-09_00-45-23,stop,ranging'
ptd-server 2021-03-09 00:56:17,498 [INFO] Sending to ptd: 'Stop'
ptd-server 2021-03-09 00:56:17,498 [INFO] Reply from ptd: 'Stopping untimed measurement'
ptd-server 2021-03-09 00:56:18,186 [INFO] Sending reply to client 'OK'
ptd-server 2021-03-09 00:56:18,234 [INFO] Got command from the client 'time'
ptd-server 2021-03-09 00:56:18,234 [INFO] Sending reply to client '1615251378.234244'
ptd-server 2021-03-09 00:56:18,236 [INFO] Got command from the client 'session,2021-03-09_00-45-23,start,testing'
ptd-server 2021-03-09 00:56:18,236 [INFO] Sending to ptd: 'SR,V,248.680000'
ptd-server 2021-03-09 00:56:19,738 [INFO] Reply from ptd: 'Range V changed'
ptd-server 2021-03-09 00:56:19,738 [INFO] Sending to ptd: 'SR,A,0.136130'
ptd-server 2021-03-09 00:56:21,239 [INFO] Reply from ptd: 'Range A changed'
ptd-server 2021-03-09 00:56:31,249 [INFO] Starting testing mode
ptd-server 2021-03-09 00:56:31,250 [INFO] Sending to ptd: 'Go,1000,0,2021-03-09_00-45-23_testing'
ptd-server 2021-03-09 00:56:31,250 [INFO] Reply from ptd: 'Starting untimed measurement, maximum 500000 samples at 1000ms with 0 rampup samples'
ptd-server 2021-03-09 00:56:31,250 [INFO] Sending reply to client 'OK'
ptd-server 2021-03-09 01:06:46,672 [INFO] Got command from the client 'session,2021-03-09_00-45-23,stop,testing'
ptd-server 2021-03-09 01:06:56,682 [INFO] Sending to ptd: 'Stop'
ptd-server 2021-03-09 01:06:56,683 [INFO] Reply from ptd: 'Stopping untimed measurement'
ptd-server 2021-03-09 01:06:57,028 [INFO] Sending reply to client 'OK'
ptd-server 2021-03-09 01:06:57,036 [INFO] Got command from the client 'session,2021-03-09_00-45-23,upload,client.log'
ptd-server 2021-03-09 01:06:57,038 [INFO] Received '/home/anton/projects/mlperf/power-dev/output/2021-03-09_00-45-23client.log.tmp'
ptd-server 2021-03-09 01:06:57,038 [INFO] Removed '/home/anton/projects/mlperf/power-dev/output/2021-03-09_00-45-23client.log.tmp'
ptd-server 2021-03-09 01:06:57,038 [INFO] Sending reply to client 'OK'
ptd-server 2021-03-09 01:06:57,046 [INFO] Got command from the client 'session,2021-03-09_00-45-23,upload,client.json'
ptd-server 2021-03-09 01:06:57,047 [INFO] Received '/home/anton/projects/mlperf/power-dev/output/2021-03-09_00-45-23client.json.tmp'
ptd-server 2021-03-09 01:06:57,047 [INFO] Removed '/home/anton/projects/mlperf/power-dev/output/2021-03-09_00-45-23client.json.tmp'
ptd-server 2021-03-09 01:06:57,047 [INFO] Sending reply to client 'OK'
ptd-server 2021-03-09 01:06:57,048 [INFO] Got command from the client 'session,2021-03-09_00-45-23,done'
ptd-server 2021-03-09 01:06:57,048 [INFO] Sending to ptd: 'Stop'
ptd-server 2021-03-09 01:06:57,251 [INFO] Reply from ptd: 'Error: no measurement to stop'
ptd-server 2021-03-09 01:06:57,251 [INFO] Sending to ptd: 'SR,V,300.000000'
ptd-server 2021-03-09 01:06:58,752 [INFO] Reply from ptd: 'Range V changed'
ptd-server 2021-03-09 01:06:58,752 [INFO] Sending to ptd: 'SR,A,0.500000'
ptd-server 2021-03-09 01:07:00,254 [INFO] Reply from ptd: 'Range A changed'
ptd-server 2021-03-09 01:07:00,254 [INFO] Set initial values for Amps 0.500000 and Volts 300.000000
ptd-server 2021-03-09 01:07:00,254 [INFO] Stopping ptd...
