ptd-server 2021-02-27 14:10:11,463 [INFO] Got command from the client 'time'
ptd-server 2021-02-27 14:10:11,463 [INFO] Sending reply to client '1614435011.4638422'
ptd-server 2021-02-27 14:10:11,465 [INFO] Got command from the client 'new,,300106c5-c9ad-4840-9f0f-c7366696687f'
ptd-server 2021-02-27 14:10:11,465 [INFO] Sending reply to client 'OK 2021-02-27_14-10-11,4f2d4bf3-9911-4c41-bec2-44d787933647'
ptd-server 2021-02-27 14:10:11,493 [INFO] Got command from the client 'time'
ptd-server 2021-02-27 14:10:11,493 [INFO] Sending reply to client '1614435011.4937048'
ptd-server 2021-02-27 14:10:11,494 [INFO] Got command from the client 'session,2021-02-27_14-10-11,start,ranging'
ptd-server 2021-02-27 14:10:11,495 [INFO] Running PTDaemon: ['/home/anton/projects/mlperf/power/inference_v1.0/ptd-linux-x86', '-l', 'ptd.log', '-p', '8888', '52', '/dev/usbtmc0']
ptd-server 2021-02-27 14:10:28,664 [INFO] Sending to ptd: 'Hello'
ptd-server 2021-02-27 14:10:28,664 [INFO] Reply from ptd: 'Hello, PTDaemon here!'
ptd-server 2021-02-27 14:10:28,664 [INFO] Sending to ptd: 'Identify'
ptd-server 2021-02-27 14:10:28,665 [INFO] Reply from ptd: 'YokogawaWT330E,1000,1,1,1,1,0,0,1,version=1.9.2-e8c7a49a-20201208,OS=Linux 5.8.0-43-generic #49~20.04.1-Ubuntu SMP Fri Feb 5 09:57:56 UTC 2021 x86_64,mode=power,1,1,1,0,0,no_cal_date,YOKOGAWA;WT333E;C3VD30030E;F1.04'
ptd-server 2021-02-27 14:10:28,665 [INFO] Connected to PTDaemon
ptd-server 2021-02-27 14:10:28,665 [INFO] Sending to ptd: 'RR'
ptd-server 2021-02-27 14:10:28,665 [INFO] Reply from ptd: 'Ranges,0,0.500000,0,300.000000'
ptd-server 2021-02-27 14:10:28,665 [INFO] Initial range for Amps is 0.500000 for Volts is 300.000000
ptd-server 2021-02-27 14:10:28,665 [INFO] Sending to ptd: 'SR,V,Auto'
ptd-server 2021-02-27 14:10:29,168 [INFO] Reply from ptd: 'Range V changed'
ptd-server 2021-02-27 14:10:29,168 [INFO] Sending to ptd: 'SR,A,Auto'
ptd-server 2021-02-27 14:10:29,670 [INFO] Reply from ptd: 'Range A changed'
ptd-server 2021-02-27 14:10:39,681 [INFO] Starting ranging mode
ptd-server 2021-02-27 14:10:39,681 [INFO] Sending to ptd: 'Go,1000,0,2021-02-27_14-10-11_ranging'
ptd-server 2021-02-27 14:10:39,681 [INFO] Reply from ptd: 'Starting untimed measurement, maximum 500000 samples at 1000ms with 0 rampup samples'
ptd-server 2021-02-27 14:10:39,681 [INFO] Sending reply to client 'OK'
ptd-server 2021-02-27 14:20:57,914 [INFO] Got command from the client 'session,2021-02-27_14-10-11,stop,ranging'
ptd-server 2021-02-27 14:21:07,924 [INFO] Sending to ptd: 'Stop'
ptd-server 2021-02-27 14:21:07,925 [INFO] Reply from ptd: 'Stopping untimed measurement'
ptd-server 2021-02-27 14:21:08,029 [INFO] Sending reply to client 'OK'
ptd-server 2021-02-27 14:21:08,062 [INFO] Got command from the client 'time'
ptd-server 2021-02-27 14:21:08,062 [INFO] Sending reply to client '1614435668.0622413'
ptd-server 2021-02-27 14:21:08,064 [INFO] Got command from the client 'session,2021-02-27_14-10-11,start,testing'
ptd-server 2021-02-27 14:21:08,064 [INFO] Sending to ptd: 'SR,V,249.110000'
ptd-server 2021-02-27 14:21:10,182 [INFO] Reply from ptd: 'Range V changed'
ptd-server 2021-02-27 14:21:10,182 [INFO] Sending to ptd: 'SR,A,0.173290'
ptd-server 2021-02-27 14:21:11,683 [INFO] Reply from ptd: 'Range A changed'
ptd-server 2021-02-27 14:21:21,694 [INFO] Starting testing mode
ptd-server 2021-02-27 14:21:21,694 [INFO] Sending to ptd: 'Go,1000,0,2021-02-27_14-10-11_testing'
ptd-server 2021-02-27 14:21:21,694 [INFO] Reply from ptd: 'Starting untimed measurement, maximum 500000 samples at 1000ms with 0 rampup samples'
ptd-server 2021-02-27 14:21:21,694 [INFO] Sending reply to client 'OK'
ptd-server 2021-02-27 14:31:39,894 [INFO] Got command from the client 'session,2021-02-27_14-10-11,stop,testing'
ptd-server 2021-02-27 14:31:49,904 [INFO] Sending to ptd: 'Stop'
ptd-server 2021-02-27 14:31:49,905 [INFO] Reply from ptd: 'Stopping untimed measurement'
ptd-server 2021-02-27 14:31:49,958 [INFO] Sending reply to client 'OK'
ptd-server 2021-02-27 14:31:49,962 [INFO] Got command from the client 'session,2021-02-27_14-10-11,upload,client.log'
ptd-server 2021-02-27 14:31:49,962 [INFO] Received '/home/anton/projects/mlperf/power-dev/output/2021-02-27_14-10-11client.log.tmp'
ptd-server 2021-02-27 14:31:49,963 [INFO] Removed '/home/anton/projects/mlperf/power-dev/output/2021-02-27_14-10-11client.log.tmp'
ptd-server 2021-02-27 14:31:49,963 [INFO] Sending reply to client 'OK'
ptd-server 2021-02-27 14:31:49,967 [INFO] Got command from the client 'session,2021-02-27_14-10-11,upload,client.json'
ptd-server 2021-02-27 14:31:49,967 [INFO] Received '/home/anton/projects/mlperf/power-dev/output/2021-02-27_14-10-11client.json.tmp'
ptd-server 2021-02-27 14:31:49,968 [INFO] Removed '/home/anton/projects/mlperf/power-dev/output/2021-02-27_14-10-11client.json.tmp'
ptd-server 2021-02-27 14:31:49,968 [INFO] Sending reply to client 'OK'
ptd-server 2021-02-27 14:31:49,968 [INFO] Got command from the client 'session,2021-02-27_14-10-11,done'
ptd-server 2021-02-27 14:31:49,969 [INFO] Sending to ptd: 'Stop'
ptd-server 2021-02-27 14:31:50,695 [INFO] Reply from ptd: 'Error: no measurement to stop'
ptd-server 2021-02-27 14:31:50,695 [INFO] Sending to ptd: 'SR,V,300.000000'
ptd-server 2021-02-27 14:31:52,196 [INFO] Reply from ptd: 'Range V changed'
ptd-server 2021-02-27 14:31:52,197 [INFO] Sending to ptd: 'SR,A,0.500000'
ptd-server 2021-02-27 14:31:53,698 [INFO] Reply from ptd: 'Range A changed'
ptd-server 2021-02-27 14:31:53,698 [INFO] Set initial values for Amps 0.500000 and Volts 300.000000
ptd-server 2021-02-27 14:31:53,698 [INFO] Stopping ptd...
