client 2021-03-17 13:30:26,433 [WARNING] Removing old loadgen logs directory '/home/scratch.mlperf_inf_ci/mlPerf/L1/A100x8_MaxQ-Computelab-A100x8-MaxQ-L1-1-2021-03-17-14-11-35-UTC/mlperf-inference/closed/NVIDIA/build/power_logs_temp'
client 2021-03-17 13:30:26,438 [INFO] Sending command to the server: 'mlcommons/power client v3'
client 2021-03-17 13:30:26,439 [INFO] Got response: 'mlcommons/power server v3'
client 2021-03-17 13:30:26,439 [INFO] Sending command to the server: 'stop'
client 2021-03-17 13:30:26,440 [INFO] Got response: 'OK'
client 2021-03-17 13:30:26,440 [INFO] Synchronizing with the server and with ib-01.dc4-in.nvidia.com...
client 2021-03-17 13:30:26,846 [INFO] NTP:offset = 0.069 s, delay = 0.201 s 
client 2021-03-17 13:30:26,846 [INFO] Sending command to the server: 'time'
client 2021-03-17 13:30:26,852 [INFO] Got response: '1616013026.9056659'
client 2021-03-17 13:30:26,852 [INFO] The time difference between the client and the server is within range -58.971 ms..-53.056 ms
client 2021-03-17 13:30:26,852 [INFO] Sending command to the server: 'new,,d2918c22-e897-4576-8ad9-ddd273c7d2d0'
client 2021-03-17 13:30:26,854 [INFO] Got response: 'OK 2021-03-17_13-30-26,626032a0-7f71-460c-89b9-a6bab12e1a8b'
client 2021-03-17 13:30:26,854 [INFO] Session id is '2021-03-17_13-30-26'
client 2021-03-17 13:30:26,854 [INFO] Sources: {"sources": {"client.py": "d1e75cb4b26101220ebd242e584cf3ca5d8f1996", "lib/__init__.py": "da39a3ee5e6b4b0d3255bfef95601890afd80709", "lib/client.py": "d42bebf5b74cb6ff3997e2a6c68422afac111a28", "lib/common.py": "b0bad80d8fa328a7636027d4d66ff453f8dd7889", "lib/external/ntplib.py": "4da8f970656505a40483206ef2b5d3dd5e81711d", "lib/server.py": "2ed36471c7af565d6c8438b2134edad1d7ddf166", "lib/source_hashes.py": "4cedff274c661cb1504052018fd4f00dfbf624ef", "lib/summary.py": "0db15d783907aa92038281af4e465545c0648ddb", "lib/time_sync.py": "76051226ec89287839723352f4162aaa24e0546a", "server.py": "99e1310e3f76292aef1b8792ce6b8c82f1d44d8b", "tests/unit/test_server.py": "64f11775bfed35232a0e8bb9593c0ff992432c59", "tests/unit/test_source_hashes.py": "cb41a7261eaf7d94ba5c0aae9c523174f6204be3"}, "modules": {"__main__": "client.py", "lib.client": "lib/client.py", "lib.common": "lib/common.py", "lib.external.ntplib": "lib/external/ntplib.py", "lib.source_hashes": "lib/source_hashes.py", "lib.summary": "lib/summary.py", "lib.time_sync": "lib/time_sync.py"}}
client 2021-03-17 13:30:26,855 [INFO] Running workload in ranging mode
client 2021-03-17 13:30:26,855 [INFO] Synchronizing with the server and with ib-01.dc4-in.nvidia.com...
client 2021-03-17 13:30:27,057 [INFO] NTP:offset = 0.069 s, delay = 0.201 s 
client 2021-03-17 13:30:27,058 [INFO] Sending command to the server: 'time'
client 2021-03-17 13:30:27,059 [INFO] Got response: '1616013027.10873'
client 2021-03-17 13:30:27,059 [INFO] The time difference between the client and the server is within range -50.707 ms..-49.412 ms
client 2021-03-17 13:30:27,059 [INFO] Sending command to the server: 'session,2021-03-17_13-30-26,start,ranging'
client 2021-03-17 13:31:06,688 [INFO] Got response: 'OK'
client 2021-03-17 13:31:06,689 [INFO] Running the workload 'LOG_DIR=/home/scratch.mlperf_inf_ci/mlPerf/L1/A100x8_MaxQ-Computelab-A100x8-MaxQ-L1-1-2021-03-17-14-11-35-UTC/mlperf-inference/closed/NVIDIA/build/power_logs_temp python3 code/main.py --benchmarks=dlrm --scenarios=Offline --test_mode=PerformanceOnly --config_ver=maxq_high_accuracy --action="run_harness" \\\n\t\t&& cp -v /home/scratch.mlperf_inf_ci/mlPerf/L1/A100x8_MaxQ-Computelab-A100x8-MaxQ-L1-1-2021-03-17-14-11-35-UTC/mlperf-inference/closed/NVIDIA/build/power_logs_temp/*/*/*/mlperf_log_detail.txt /home/scratch.mlperf_inf_ci/mlPerf/L1/A100x8_MaxQ-Computelab-A100x8-MaxQ-L1-1-2021-03-17-14-11-35-UTC/mlperf-inference/closed/NVIDIA/build/power_logs_temp/ \\\n\t\t&& cp -v /home/scratch.mlperf_inf_ci/mlPerf/L1/A100x8_MaxQ-Computelab-A100x8-MaxQ-L1-1-2021-03-17-14-11-35-UTC/mlperf-inference/closed/NVIDIA/build/power_logs_temp/*/*/*/mlperf_log_summary.txt /home/scratch.mlperf_inf_ci/mlPerf/L1/A100x8_MaxQ-Computelab-A100x8-MaxQ-L1-1-2021-03-17-14-11-35-UTC/mlperf-inference/closed/NVIDIA/build/power_logs_temp/'
client 2021-03-17 13:48:15,138 [INFO] Sending command to the server: 'session,2021-03-17_13-30-26,stop,ranging'
client 2021-03-17 13:48:25,211 [INFO] Got response: 'OK'
client 2021-03-17 13:48:25,217 [INFO] Packing logs into zip and uploading to the server
client 2021-03-17 13:48:25,538 [INFO] Zip file size: 1.3 MB
client 2021-03-17 13:48:25,620 [INFO] Got response: 'OK'
client 2021-03-17 13:48:25,621 [INFO] Running workload in testing mode
client 2021-03-17 13:48:25,621 [INFO] Synchronizing with the server and with ib-01.dc4-in.nvidia.com...
client 2021-03-17 13:48:25,841 [INFO] NTP:offset = 0.084 s, delay = 0.201 s 
client 2021-03-17 13:48:25,841 [INFO] Sending command to the server: 'time'
client 2021-03-17 13:48:25,842 [INFO] Got response: '1616014105.9170098'
client 2021-03-17 13:48:25,842 [INFO] The time difference between the client and the server is within range -75.552 ms..-74.313 ms
client 2021-03-17 13:48:25,842 [INFO] Sending command to the server: 'session,2021-03-17_13-30-26,start,testing'
client 2021-03-17 13:48:47,545 [INFO] Got response: 'OK'
client 2021-03-17 13:48:47,545 [INFO] Running the workload 'LOG_DIR=/home/scratch.mlperf_inf_ci/mlPerf/L1/A100x8_MaxQ-Computelab-A100x8-MaxQ-L1-1-2021-03-17-14-11-35-UTC/mlperf-inference/closed/NVIDIA/build/power_logs_temp python3 code/main.py --benchmarks=dlrm --scenarios=Offline --test_mode=PerformanceOnly --config_ver=maxq_high_accuracy --action="run_harness" \\\n\t\t&& cp -v /home/scratch.mlperf_inf_ci/mlPerf/L1/A100x8_MaxQ-Computelab-A100x8-MaxQ-L1-1-2021-03-17-14-11-35-UTC/mlperf-inference/closed/NVIDIA/build/power_logs_temp/*/*/*/mlperf_log_detail.txt /home/scratch.mlperf_inf_ci/mlPerf/L1/A100x8_MaxQ-Computelab-A100x8-MaxQ-L1-1-2021-03-17-14-11-35-UTC/mlperf-inference/closed/NVIDIA/build/power_logs_temp/ \\\n\t\t&& cp -v /home/scratch.mlperf_inf_ci/mlPerf/L1/A100x8_MaxQ-Computelab-A100x8-MaxQ-L1-1-2021-03-17-14-11-35-UTC/mlperf-inference/closed/NVIDIA/build/power_logs_temp/*/*/*/mlperf_log_summary.txt /home/scratch.mlperf_inf_ci/mlPerf/L1/A100x8_MaxQ-Computelab-A100x8-MaxQ-L1-1-2021-03-17-14-11-35-UTC/mlperf-inference/closed/NVIDIA/build/power_logs_temp/'
client 2021-03-17 14:05:30,081 [INFO] Sending command to the server: 'session,2021-03-17_13-30-26,stop,testing'
client 2021-03-17 14:05:40,133 [INFO] Got response: 'OK'
client 2021-03-17 14:05:40,138 [INFO] Packing logs into zip and uploading to the server
client 2021-03-17 14:05:40,445 [INFO] Zip file size: 1.3 MB
client 2021-03-17 14:05:40,526 [INFO] Got response: 'OK'
client 2021-03-17 14:05:40,527 [INFO] Done runs
