ptd-server 2021-03-17 13:30:26,499 [INFO] Got command from the client 'stop'
ptd-server 2021-03-17 13:30:26,499 [INFO] The server will be stopped after processing this client
ptd-server 2021-03-17 13:30:26,499 [INFO] Sending reply to client 'OK'
ptd-server 2021-03-17 13:30:26,905 [INFO] Got command from the client 'time'
ptd-server 2021-03-17 13:30:26,905 [INFO] Sending reply to client '1616013026.9056659'
ptd-server 2021-03-17 13:30:26,905 [INFO] Got command from the client 'new,,d2918c22-e897-4576-8ad9-ddd273c7d2d0'
ptd-server 2021-03-17 13:30:26,905 [INFO] Sending reply to client 'OK 2021-03-17_13-30-26,626032a0-7f71-460c-89b9-a6bab12e1a8b'
ptd-server 2021-03-17 13:30:27,108 [INFO] Got command from the client 'time'
ptd-server 2021-03-17 13:30:27,108 [INFO] Sending reply to client '1616013027.10873'
ptd-server 2021-03-17 13:30:27,108 [INFO] Got command from the client 'session,2021-03-17_13-30-26,start,ranging'
ptd-server 2021-03-17 13:30:27,218 [INFO] Running PTDaemon: ['C:\\PTD\\ptd-windows-x86.exe', '-l', 'C:\\logs_ptdeamon.txt', '-p', '8888', '-c', '1,3', '-y', '77', '172.22.0.90']
ptd-server 2021-03-17 13:30:46,573 [INFO] Sending to ptd: 'Hello'
ptd-server 2021-03-17 13:30:46,573 [INFO] Reply from ptd: 'Hello, PTDaemon here!'
ptd-server 2021-03-17 13:30:46,573 [INFO] Sending to ptd: 'Identify'
ptd-server 2021-03-17 13:30:46,573 [INFO] Reply from ptd: 'YokogawaWT330_multichannel,1000,1,1,1,1,0,0,1,version=1.9.2-3976349f-20201208,OS=Windows 8 / Server 2012,mode=power,1,1,2,0,0,no_cal_date,YOKOGAWA;WT333E;C2WA21018V;F1.04'
ptd-server 2021-03-17 13:30:46,573 [INFO] Connected to PTDaemon
ptd-server 2021-03-17 13:30:46,573 [INFO] Sending to ptd: 'RR'
ptd-server 2021-03-17 13:30:46,573 [INFO] Reply from ptd: 'Ranges,0,20.000000,1,300.000000'
ptd-server 2021-03-17 13:30:46,573 [INFO] Initial range for Amps is 20.000000 for Volts is Auto
ptd-server 2021-03-17 13:30:46,573 [INFO] Sending to ptd: 'SR,V,Auto'
ptd-server 2021-03-17 13:30:51,650 [INFO] Reply from ptd: 'Range V changed'
ptd-server 2021-03-17 13:30:51,650 [INFO] Sending to ptd: 'SR,A,Auto'
ptd-server 2021-03-17 13:30:56,730 [INFO] Reply from ptd: 'Range A changed'
ptd-server 2021-03-17 13:31:06,743 [INFO] Starting ranging mode
ptd-server 2021-03-17 13:31:06,743 [INFO] Sending to ptd: 'Go,1000,0,2021-03-17_13-30-26_ranging'
ptd-server 2021-03-17 13:31:06,743 [INFO] Reply from ptd: 'Starting untimed measurement, maximum 500000 samples at 1000ms with 0 rampup samples'
ptd-server 2021-03-17 13:31:06,743 [INFO] Sending reply to client 'OK'
ptd-server 2021-03-17 13:48:15,200 [INFO] Got command from the client 'session,2021-03-17_13-30-26,stop,ranging'
ptd-server 2021-03-17 13:48:25,214 [INFO] Sending to ptd: 'Stop'
ptd-server 2021-03-17 13:48:25,214 [INFO] Reply from ptd: 'Stopping untimed measurement'
ptd-server 2021-03-17 13:48:25,276 [INFO] Sending reply to client 'OK'
ptd-server 2021-03-17 13:48:25,604 [INFO] Got command from the client 'session,2021-03-17_13-30-26,upload,ranging'
ptd-server 2021-03-17 13:48:25,651 [INFO] Received 'C:\\ptd-logs\\2021-03-17_13-30-26ranging.tmp'
ptd-server 2021-03-17 13:48:25,682 [INFO] Extracted 'C:\\ptd-logs\\2021-03-17_13-30-26ranging.tmp' into 'C:\\ptd-logs\\2021-03-17_13-30-26\\ranging'
ptd-server 2021-03-17 13:48:25,682 [INFO] Removed 'C:\\ptd-logs\\2021-03-17_13-30-26ranging.tmp'
ptd-server 2021-03-17 13:48:25,682 [INFO] Sending reply to client 'OK'
ptd-server 2021-03-17 13:48:25,917 [INFO] Got command from the client 'time'
ptd-server 2021-03-17 13:48:25,917 [INFO] Sending reply to client '1616014105.9170098'
ptd-server 2021-03-17 13:48:25,917 [INFO] Got command from the client 'session,2021-03-17_13-30-26,start,testing'
ptd-server 2021-03-17 13:48:25,917 [INFO] Sending to ptd: 'SR,V,234.320000'
ptd-server 2021-03-17 13:48:32,009 [INFO] Reply from ptd: 'Range V changed'
ptd-server 2021-03-17 13:48:32,009 [INFO] Sending to ptd: 'SR,A,5.471500'
ptd-server 2021-03-17 13:48:37,601 [INFO] Reply from ptd: 'Range A changed'
ptd-server 2021-03-17 13:48:47,615 [INFO] Starting testing mode
ptd-server 2021-03-17 13:48:47,615 [INFO] Sending to ptd: 'Go,1000,0,2021-03-17_13-30-26_testing'
ptd-server 2021-03-17 13:48:47,615 [INFO] Reply from ptd: 'Starting untimed measurement, maximum 500000 samples at 1000ms with 0 rampup samples'
ptd-server 2021-03-17 13:48:47,615 [INFO] Sending reply to client 'OK'
ptd-server 2021-03-17 14:05:30,157 [INFO] Got command from the client 'session,2021-03-17_13-30-26,stop,testing'
ptd-server 2021-03-17 14:05:40,186 [INFO] Sending to ptd: 'Stop'
ptd-server 2021-03-17 14:05:40,186 [INFO] Reply from ptd: 'Stopping untimed measurement'
ptd-server 2021-03-17 14:05:40,217 [INFO] Sending reply to client 'OK'
ptd-server 2021-03-17 14:05:40,529 [INFO] Got command from the client 'session,2021-03-17_13-30-26,upload,testing'
ptd-server 2021-03-17 14:05:40,561 [INFO] Received 'C:\\ptd-logs\\2021-03-17_13-30-26testing.tmp'
ptd-server 2021-03-17 14:05:40,607 [INFO] Extracted 'C:\\ptd-logs\\2021-03-17_13-30-26testing.tmp' into 'C:\\ptd-logs\\2021-03-17_13-30-26\\run_1'
ptd-server 2021-03-17 14:05:40,607 [INFO] Removed 'C:\\ptd-logs\\2021-03-17_13-30-26testing.tmp'
ptd-server 2021-03-17 14:05:40,607 [INFO] Sending reply to client 'OK'
ptd-server 2021-03-17 14:05:40,607 [INFO] Got command from the client 'session,2021-03-17_13-30-26,upload,client.log'
ptd-server 2021-03-17 14:05:40,607 [INFO] Received 'C:\\ptd-logs\\2021-03-17_13-30-26client.log.tmp'
ptd-server 2021-03-17 14:05:40,623 [INFO] Removed 'C:\\ptd-logs\\2021-03-17_13-30-26client.log.tmp'
ptd-server 2021-03-17 14:05:40,623 [INFO] Sending reply to client 'OK'
ptd-server 2021-03-17 14:05:40,654 [INFO] Got command from the client 'session,2021-03-17_13-30-26,upload,client.json'
ptd-server 2021-03-17 14:05:40,654 [INFO] Received 'C:\\ptd-logs\\2021-03-17_13-30-26client.json.tmp'
ptd-server 2021-03-17 14:05:40,654 [INFO] Removed 'C:\\ptd-logs\\2021-03-17_13-30-26client.json.tmp'
ptd-server 2021-03-17 14:05:40,670 [INFO] Sending reply to client 'OK'
ptd-server 2021-03-17 14:05:40,670 [INFO] Got command from the client 'session,2021-03-17_13-30-26,done'
ptd-server 2021-03-17 14:05:40,670 [INFO] Sending to ptd: 'Stop'
ptd-server 2021-03-17 14:05:40,670 [INFO] Reply from ptd: 'Error: no measurement to stop'
ptd-server 2021-03-17 14:05:40,670 [INFO] Sending to ptd: 'SR,V,Auto'
ptd-server 2021-03-17 14:05:45,749 [INFO] Reply from ptd: 'Range V changed'
ptd-server 2021-03-17 14:05:45,749 [INFO] Sending to ptd: 'SR,A,20.000000'
ptd-server 2021-03-17 14:05:51,341 [INFO] Reply from ptd: 'Range A changed'
ptd-server 2021-03-17 14:05:51,341 [INFO] Set initial values for Amps 20.000000 and Volts Auto
ptd-server 2021-03-17 14:05:51,341 [INFO] Stopping ptd...
