ptd-server 2021-03-06 03:32:08,399 [INFO] Got command from the client 'time'
ptd-server 2021-03-06 03:32:08,399 [INFO] Sending reply to client '1615001528.399962'
ptd-server 2021-03-06 03:32:08,402 [INFO] Got command from the client 'new,,b31f8520-5e37-4cd5-bad5-60e6cfd30b13'
ptd-server 2021-03-06 03:32:08,403 [INFO] Sending reply to client 'OK 2021-03-06_03-32-08,69272167-62c6-4c1c-8483-0a55127c17f1'
ptd-server 2021-03-06 03:32:08,439 [INFO] Got command from the client 'time'
ptd-server 2021-03-06 03:32:08,439 [INFO] Sending reply to client '1615001528.4398222'
ptd-server 2021-03-06 03:32:08,442 [INFO] Got command from the client 'session,2021-03-06_03-32-08,start,ranging'
ptd-server 2021-03-06 03:32:08,442 [INFO] Running PTDaemon: ['/home/anton/projects/mlperf/power/inference_v1.0/ptd-linux-x86', '-l', 'ptd.log', '-p', '8888', '52', '/dev/usbtmc0']
ptd-server 2021-03-06 03:32:25,611 [INFO] Sending to ptd: 'Hello'
ptd-server 2021-03-06 03:32:25,611 [INFO] Reply from ptd: 'Hello, PTDaemon here!'
ptd-server 2021-03-06 03:32:25,611 [INFO] Sending to ptd: 'Identify'
ptd-server 2021-03-06 03:32:25,612 [INFO] Reply from ptd: 'YokogawaWT330E,1000,1,1,1,1,0,0,1,version=1.9.2-e8c7a49a-20201208,OS=Linux 5.8.0-43-generic #49~20.04.1-Ubuntu SMP Fri Feb 5 09:57:56 UTC 2021 x86_64,mode=power,1,1,1,0,0,no_cal_date,YOKOGAWA;WT333E;C3VD30030E;F1.04'
ptd-server 2021-03-06 03:32:25,612 [INFO] Connected to PTDaemon
ptd-server 2021-03-06 03:32:25,612 [INFO] Sending to ptd: 'RR'
ptd-server 2021-03-06 03:32:25,612 [INFO] Reply from ptd: 'Ranges,0,0.500000,0,300.000000'
ptd-server 2021-03-06 03:32:25,613 [INFO] Initial range for Amps is 0.500000 for Volts is 300.000000
ptd-server 2021-03-06 03:32:25,613 [INFO] Sending to ptd: 'SR,V,Auto'
ptd-server 2021-03-06 03:32:26,125 [INFO] Reply from ptd: 'Range V changed'
ptd-server 2021-03-06 03:32:26,125 [INFO] Sending to ptd: 'SR,A,Auto'
ptd-server 2021-03-06 03:32:26,627 [INFO] Reply from ptd: 'Range A changed'
ptd-server 2021-03-06 03:32:36,638 [INFO] Starting ranging mode
ptd-server 2021-03-06 03:32:36,638 [INFO] Sending to ptd: 'Go,1000,0,2021-03-06_03-32-08_ranging'
ptd-server 2021-03-06 03:32:36,638 [INFO] Reply from ptd: 'Starting untimed measurement, maximum 500000 samples at 1000ms with 0 rampup samples'
ptd-server 2021-03-06 03:32:36,638 [INFO] Sending reply to client 'OK'
ptd-server 2021-03-06 03:43:08,417 [INFO] Got command from the client 'session,2021-03-06_03-32-08,stop,ranging'
ptd-server 2021-03-06 03:43:18,427 [INFO] Sending to ptd: 'Stop'
ptd-server 2021-03-06 03:43:18,428 [INFO] Reply from ptd: 'Stopping untimed measurement'
ptd-server 2021-03-06 03:43:18,832 [INFO] Sending reply to client 'OK'
ptd-server 2021-03-06 03:43:18,878 [INFO] Got command from the client 'time'
ptd-server 2021-03-06 03:43:18,878 [INFO] Sending reply to client '1615002198.8788486'
ptd-server 2021-03-06 03:43:18,882 [INFO] Got command from the client 'session,2021-03-06_03-32-08,start,testing'
ptd-server 2021-03-06 03:43:18,882 [INFO] Sending to ptd: 'SR,V,250.960000'
ptd-server 2021-03-06 03:43:20,384 [INFO] Reply from ptd: 'Range V changed'
ptd-server 2021-03-06 03:43:20,384 [INFO] Sending to ptd: 'SR,A,0.058480'
ptd-server 2021-03-06 03:43:21,885 [INFO] Reply from ptd: 'Range A changed'
ptd-server 2021-03-06 03:43:31,896 [INFO] Starting testing mode
ptd-server 2021-03-06 03:43:31,896 [INFO] Sending to ptd: 'Go,1000,0,2021-03-06_03-32-08_testing'
ptd-server 2021-03-06 03:43:31,896 [INFO] Reply from ptd: 'Starting untimed measurement, maximum 500000 samples at 1000ms with 0 rampup samples'
ptd-server 2021-03-06 03:43:31,896 [INFO] Sending reply to client 'OK'
ptd-server 2021-03-06 03:54:08,672 [INFO] Got command from the client 'session,2021-03-06_03-32-08,stop,testing'
ptd-server 2021-03-06 03:54:18,683 [INFO] Sending to ptd: 'Stop'
ptd-server 2021-03-06 03:54:18,683 [INFO] Reply from ptd: 'Stopping untimed measurement'
ptd-server 2021-03-06 03:54:18,902 [INFO] Sending reply to client 'OK'
ptd-server 2021-03-06 03:54:18,910 [INFO] Got command from the client 'session,2021-03-06_03-32-08,upload,client.log'
ptd-server 2021-03-06 03:54:18,913 [INFO] Received '/home/anton/projects/mlperf/power-dev/output/2021-03-06_03-32-08client.log.tmp'
ptd-server 2021-03-06 03:54:18,914 [INFO] Removed '/home/anton/projects/mlperf/power-dev/output/2021-03-06_03-32-08client.log.tmp'
ptd-server 2021-03-06 03:54:18,914 [INFO] Sending reply to client 'OK'
ptd-server 2021-03-06 03:54:18,926 [INFO] Got command from the client 'session,2021-03-06_03-32-08,upload,client.json'
ptd-server 2021-03-06 03:54:18,929 [INFO] Received '/home/anton/projects/mlperf/power-dev/output/2021-03-06_03-32-08client.json.tmp'
ptd-server 2021-03-06 03:54:18,929 [INFO] Removed '/home/anton/projects/mlperf/power-dev/output/2021-03-06_03-32-08client.json.tmp'
ptd-server 2021-03-06 03:54:18,929 [INFO] Sending reply to client 'OK'
ptd-server 2021-03-06 03:54:18,932 [INFO] Got command from the client 'session,2021-03-06_03-32-08,done'
ptd-server 2021-03-06 03:54:18,932 [INFO] Sending to ptd: 'Stop'
ptd-server 2021-03-06 03:54:18,932 [INFO] Reply from ptd: 'Error: no measurement to stop'
ptd-server 2021-03-06 03:54:18,932 [INFO] Sending to ptd: 'SR,V,300.000000'
ptd-server 2021-03-06 03:54:20,434 [INFO] Reply from ptd: 'Range V changed'
ptd-server 2021-03-06 03:54:20,434 [INFO] Sending to ptd: 'SR,A,0.500000'
ptd-server 2021-03-06 03:54:21,935 [INFO] Reply from ptd: 'Range A changed'
ptd-server 2021-03-06 03:54:21,935 [INFO] Set initial values for Amps 0.500000 and Volts 300.000000
ptd-server 2021-03-06 03:54:21,936 [INFO] Stopping ptd...
