ptd-server 2021-02-27 21:49:14,473 [INFO] Got command from the client 'time'
ptd-server 2021-02-27 21:49:14,473 [INFO] Sending reply to client '1614462554.4736648'
ptd-server 2021-02-27 21:49:14,474 [INFO] Got command from the client 'new,,7fef3fea-ec4d-4087-a52d-fe743d7067d2'
ptd-server 2021-02-27 21:49:14,475 [INFO] Sending reply to client 'OK 2021-02-27_21-49-14,77419e9b-7abc-41db-9a80-5a1e81532070'
ptd-server 2021-02-27 21:49:14,513 [INFO] Got command from the client 'time'
ptd-server 2021-02-27 21:49:14,513 [INFO] Sending reply to client '1614462554.5134566'
ptd-server 2021-02-27 21:49:14,514 [INFO] Got command from the client 'session,2021-02-27_21-49-14,start,ranging'
ptd-server 2021-02-27 21:49:14,514 [INFO] Running PTDaemon: ['/home/anton/projects/mlperf/power/inference_v1.0/ptd-linux-x86', '-l', 'ptd.log', '-p', '8888', '52', '/dev/usbtmc0']
ptd-server 2021-02-27 21:49:31,682 [INFO] Sending to ptd: 'Hello'
ptd-server 2021-02-27 21:49:31,683 [INFO] Reply from ptd: 'Hello, PTDaemon here!'
ptd-server 2021-02-27 21:49:31,683 [INFO] Sending to ptd: 'Identify'
ptd-server 2021-02-27 21:49:31,683 [INFO] Reply from ptd: 'YokogawaWT330E,1000,1,1,1,1,0,0,1,version=1.9.2-e8c7a49a-20201208,OS=Linux 5.8.0-43-generic #49~20.04.1-Ubuntu SMP Fri Feb 5 09:57:56 UTC 2021 x86_64,mode=power,1,1,1,0,0,no_cal_date,YOKOGAWA;WT333E;C3VD30030E;F1.04'
ptd-server 2021-02-27 21:49:31,683 [INFO] Connected to PTDaemon
ptd-server 2021-02-27 21:49:31,683 [INFO] Sending to ptd: 'RR'
ptd-server 2021-02-27 21:49:31,684 [INFO] Reply from ptd: 'Ranges,0,0.500000,0,300.000000'
ptd-server 2021-02-27 21:49:31,684 [INFO] Initial range for Amps is 0.500000 for Volts is 300.000000
ptd-server 2021-02-27 21:49:31,684 [INFO] Sending to ptd: 'SR,V,Auto'
ptd-server 2021-02-27 21:49:32,186 [INFO] Reply from ptd: 'Range V changed'
ptd-server 2021-02-27 21:49:32,187 [INFO] Sending to ptd: 'SR,A,Auto'
ptd-server 2021-02-27 21:49:32,689 [INFO] Reply from ptd: 'Range A changed'
ptd-server 2021-02-27 21:49:42,699 [INFO] Starting ranging mode
ptd-server 2021-02-27 21:49:42,699 [INFO] Sending to ptd: 'Go,1000,0,2021-02-27_21-49-14_ranging'
ptd-server 2021-02-27 21:49:42,700 [INFO] Reply from ptd: 'Starting untimed measurement, maximum 500000 samples at 1000ms with 0 rampup samples'
ptd-server 2021-02-27 21:49:42,700 [INFO] Sending reply to client 'OK'
ptd-server 2021-02-27 22:00:01,156 [INFO] Got command from the client 'session,2021-02-27_21-49-14,stop,ranging'
ptd-server 2021-02-27 22:00:11,166 [INFO] Sending to ptd: 'Stop'
ptd-server 2021-02-27 22:00:11,167 [INFO] Reply from ptd: 'Stopping untimed measurement'
ptd-server 2021-02-27 22:00:11,785 [INFO] Sending reply to client 'OK'
ptd-server 2021-02-27 22:00:11,823 [INFO] Got command from the client 'time'
ptd-server 2021-02-27 22:00:11,823 [INFO] Sending reply to client '1614463211.8236365'
ptd-server 2021-02-27 22:00:11,824 [INFO] Got command from the client 'session,2021-02-27_21-49-14,start,testing'
ptd-server 2021-02-27 22:00:11,825 [INFO] Sending to ptd: 'SR,V,248.220000'
ptd-server 2021-02-27 22:00:13,326 [INFO] Reply from ptd: 'Range V changed'
ptd-server 2021-02-27 22:00:13,326 [INFO] Sending to ptd: 'SR,A,0.207130'
ptd-server 2021-02-27 22:00:14,827 [INFO] Reply from ptd: 'Range A changed'
ptd-server 2021-02-27 22:00:24,838 [INFO] Starting testing mode
ptd-server 2021-02-27 22:00:24,838 [INFO] Sending to ptd: 'Go,1000,0,2021-02-27_21-49-14_testing'
ptd-server 2021-02-27 22:00:24,838 [INFO] Reply from ptd: 'Starting untimed measurement, maximum 500000 samples at 1000ms with 0 rampup samples'
ptd-server 2021-02-27 22:00:24,838 [INFO] Sending reply to client 'OK'
ptd-server 2021-02-27 22:10:43,337 [INFO] Got command from the client 'session,2021-02-27_21-49-14,stop,testing'
ptd-server 2021-02-27 22:10:53,348 [INFO] Sending to ptd: 'Stop'
ptd-server 2021-02-27 22:10:53,348 [INFO] Reply from ptd: 'Stopping untimed measurement'
ptd-server 2021-02-27 22:10:53,418 [INFO] Sending reply to client 'OK'
ptd-server 2021-02-27 22:10:53,422 [INFO] Got command from the client 'session,2021-02-27_21-49-14,upload,client.log'
ptd-server 2021-02-27 22:10:53,423 [INFO] Received '/home/anton/projects/mlperf/power-dev/output/2021-02-27_21-49-14client.log.tmp'
ptd-server 2021-02-27 22:10:53,423 [INFO] Removed '/home/anton/projects/mlperf/power-dev/output/2021-02-27_21-49-14client.log.tmp'
ptd-server 2021-02-27 22:10:53,423 [INFO] Sending reply to client 'OK'
ptd-server 2021-02-27 22:10:53,428 [INFO] Got command from the client 'session,2021-02-27_21-49-14,upload,client.json'
ptd-server 2021-02-27 22:10:53,428 [INFO] Received '/home/anton/projects/mlperf/power-dev/output/2021-02-27_21-49-14client.json.tmp'
ptd-server 2021-02-27 22:10:53,428 [INFO] Removed '/home/anton/projects/mlperf/power-dev/output/2021-02-27_21-49-14client.json.tmp'
ptd-server 2021-02-27 22:10:53,428 [INFO] Sending reply to client 'OK'
ptd-server 2021-02-27 22:10:53,429 [INFO] Got command from the client 'session,2021-02-27_21-49-14,done'
ptd-server 2021-02-27 22:10:53,429 [INFO] Sending to ptd: 'Stop'
ptd-server 2021-02-27 22:10:53,839 [INFO] Reply from ptd: 'Error: no measurement to stop'
ptd-server 2021-02-27 22:10:53,839 [INFO] Sending to ptd: 'SR,V,300.000000'
ptd-server 2021-02-27 22:10:55,340 [INFO] Reply from ptd: 'Range V changed'
ptd-server 2021-02-27 22:10:55,340 [INFO] Sending to ptd: 'SR,A,0.500000'
ptd-server 2021-02-27 22:10:56,842 [INFO] Reply from ptd: 'Range A changed'
ptd-server 2021-02-27 22:10:56,842 [INFO] Set initial values for Amps 0.500000 and Volts 300.000000
ptd-server 2021-02-27 22:10:56,842 [INFO] Stopping ptd...
