ptd-server 2021-03-10 01:27:15,367 [INFO] Got command from the client 'time'
ptd-server 2021-03-10 01:27:15,367 [INFO] Sending reply to client '1615339635.3679383'
ptd-server 2021-03-10 01:27:15,369 [INFO] Got command from the client 'new,,b6e8e8b2-2ce7-4bb8-9ebe-0576bf64b619'
ptd-server 2021-03-10 01:27:15,370 [INFO] Sending reply to client 'OK 2021-03-10_01-27-15,e79d67fc-7267-4539-b2e7-c1d91ce83f70'
ptd-server 2021-03-10 01:27:15,409 [INFO] Got command from the client 'time'
ptd-server 2021-03-10 01:27:15,409 [INFO] Sending reply to client '1615339635.4092853'
ptd-server 2021-03-10 01:27:15,411 [INFO] Got command from the client 'session,2021-03-10_01-27-15,start,ranging'
ptd-server 2021-03-10 01:27:15,411 [INFO] Running PTDaemon: ['/home/anton/projects/mlperf/power/inference_v1.0/ptd-linux-x86', '-l', 'ptd.log', '-p', '8888', '52', '/dev/usbtmc0']
ptd-server 2021-03-10 01:27:32,582 [INFO] Sending to ptd: 'Hello'
ptd-server 2021-03-10 01:27:32,583 [INFO] Reply from ptd: 'Hello, PTDaemon here!'
ptd-server 2021-03-10 01:27:32,583 [INFO] Sending to ptd: 'Identify'
ptd-server 2021-03-10 01:27:32,584 [INFO] Reply from ptd: 'YokogawaWT330E,1000,1,1,1,1,0,0,1,version=1.9.2-e8c7a49a-20201208,OS=Linux 5.8.0-43-generic #49~20.04.1-Ubuntu SMP Fri Feb 5 09:57:56 UTC 2021 x86_64,mode=power,1,1,1,0,0,no_cal_date,YOKOGAWA;WT333E;C3VD30030E;F1.04'
ptd-server 2021-03-10 01:27:32,584 [INFO] Connected to PTDaemon
ptd-server 2021-03-10 01:27:32,584 [INFO] Sending to ptd: 'RR'
ptd-server 2021-03-10 01:27:32,585 [INFO] Reply from ptd: 'Ranges,0,0.500000,0,300.000000'
ptd-server 2021-03-10 01:27:32,585 [INFO] Initial range for Amps is 0.500000 for Volts is 300.000000
ptd-server 2021-03-10 01:27:32,585 [INFO] Sending to ptd: 'SR,V,Auto'
ptd-server 2021-03-10 01:27:33,087 [INFO] Reply from ptd: 'Range V changed'
ptd-server 2021-03-10 01:27:33,088 [INFO] Sending to ptd: 'SR,A,Auto'
ptd-server 2021-03-10 01:27:33,590 [INFO] Reply from ptd: 'Range A changed'
ptd-server 2021-03-10 01:27:43,601 [INFO] Starting ranging mode
ptd-server 2021-03-10 01:27:43,601 [INFO] Sending to ptd: 'Go,1000,0,2021-03-10_01-27-15_ranging'
ptd-server 2021-03-10 01:27:43,601 [INFO] Reply from ptd: 'Starting untimed measurement, maximum 500000 samples at 1000ms with 0 rampup samples'
ptd-server 2021-03-10 01:27:43,601 [INFO] Sending reply to client 'OK'
ptd-server 2021-03-10 01:37:59,210 [INFO] Got command from the client 'session,2021-03-10_01-27-15,stop,ranging'
ptd-server 2021-03-10 01:38:09,220 [INFO] Sending to ptd: 'Stop'
ptd-server 2021-03-10 01:38:09,221 [INFO] Reply from ptd: 'Stopping untimed measurement'
ptd-server 2021-03-10 01:38:10,032 [INFO] Sending reply to client 'OK'
ptd-server 2021-03-10 01:38:10,085 [INFO] Got command from the client 'time'
ptd-server 2021-03-10 01:38:10,085 [INFO] Sending reply to client '1615340290.0851414'
ptd-server 2021-03-10 01:38:10,087 [INFO] Got command from the client 'session,2021-03-10_01-27-15,start,testing'
ptd-server 2021-03-10 01:38:10,087 [INFO] Sending to ptd: 'SR,V,248.400000'
ptd-server 2021-03-10 01:38:11,589 [INFO] Reply from ptd: 'Range V changed'
ptd-server 2021-03-10 01:38:11,589 [INFO] Sending to ptd: 'SR,A,0.176560'
ptd-server 2021-03-10 01:38:13,090 [INFO] Reply from ptd: 'Range A changed'
ptd-server 2021-03-10 01:38:23,100 [INFO] Starting testing mode
ptd-server 2021-03-10 01:38:23,100 [INFO] Sending to ptd: 'Go,1000,0,2021-03-10_01-27-15_testing'
ptd-server 2021-03-10 01:38:23,101 [INFO] Reply from ptd: 'Starting untimed measurement, maximum 500000 samples at 1000ms with 0 rampup samples'
ptd-server 2021-03-10 01:38:23,101 [INFO] Sending reply to client 'OK'
ptd-server 2021-03-10 01:48:38,472 [INFO] Got command from the client 'session,2021-03-10_01-27-15,stop,testing'
ptd-server 2021-03-10 01:48:48,482 [INFO] Sending to ptd: 'Stop'
ptd-server 2021-03-10 01:48:48,483 [INFO] Reply from ptd: 'Stopping untimed measurement'
ptd-server 2021-03-10 01:48:48,895 [INFO] Sending reply to client 'OK'
ptd-server 2021-03-10 01:48:48,903 [INFO] Got command from the client 'session,2021-03-10_01-27-15,upload,client.log'
ptd-server 2021-03-10 01:48:48,905 [INFO] Received '/home/anton/projects/mlperf/power-dev/output/2021-03-10_01-27-15client.log.tmp'
ptd-server 2021-03-10 01:48:48,905 [INFO] Removed '/home/anton/projects/mlperf/power-dev/output/2021-03-10_01-27-15client.log.tmp'
ptd-server 2021-03-10 01:48:48,905 [INFO] Sending reply to client 'OK'
ptd-server 2021-03-10 01:48:48,912 [INFO] Got command from the client 'session,2021-03-10_01-27-15,upload,client.json'
ptd-server 2021-03-10 01:48:48,913 [INFO] Received '/home/anton/projects/mlperf/power-dev/output/2021-03-10_01-27-15client.json.tmp'
ptd-server 2021-03-10 01:48:48,913 [INFO] Removed '/home/anton/projects/mlperf/power-dev/output/2021-03-10_01-27-15client.json.tmp'
ptd-server 2021-03-10 01:48:48,913 [INFO] Sending reply to client 'OK'
ptd-server 2021-03-10 01:48:48,914 [INFO] Got command from the client 'session,2021-03-10_01-27-15,done'
ptd-server 2021-03-10 01:48:48,915 [INFO] Sending to ptd: 'Stop'
ptd-server 2021-03-10 01:48:49,102 [INFO] Reply from ptd: 'Error: no measurement to stop'
ptd-server 2021-03-10 01:48:49,102 [INFO] Sending to ptd: 'SR,V,300.000000'
ptd-server 2021-03-10 01:48:50,603 [INFO] Reply from ptd: 'Range V changed'
ptd-server 2021-03-10 01:48:50,604 [INFO] Sending to ptd: 'SR,A,0.500000'
ptd-server 2021-03-10 01:48:52,105 [INFO] Reply from ptd: 'Range A changed'
ptd-server 2021-03-10 01:48:52,105 [INFO] Set initial values for Amps 0.500000 and Volts 300.000000
ptd-server 2021-03-10 01:48:52,105 [INFO] Stopping ptd...
