ptd-server 2021-03-06 13:30:11,936 [INFO] Got command from the client 'time'
ptd-server 2021-03-06 13:30:11,936 [INFO] Sending reply to client '1615037411.9365625'
ptd-server 2021-03-06 13:30:11,940 [INFO] Got command from the client 'new,,a512a4c4-1c6c-41f6-83c1-6d657452a9e7'
ptd-server 2021-03-06 13:30:11,941 [INFO] Sending reply to client 'OK 2021-03-06_13-30-11,d9e2b7ce-5a96-49b5-8a76-ef998ccc99f8'
ptd-server 2021-03-06 13:30:11,976 [INFO] Got command from the client 'time'
ptd-server 2021-03-06 13:30:11,976 [INFO] Sending reply to client '1615037411.976282'
ptd-server 2021-03-06 13:30:11,979 [INFO] Got command from the client 'session,2021-03-06_13-30-11,start,ranging'
ptd-server 2021-03-06 13:30:11,979 [INFO] Running PTDaemon: ['/home/anton/projects/mlperf/power/inference_v1.0/ptd-linux-x86', '-l', 'ptd.log', '-p', '8888', '52', '/dev/usbtmc0']
ptd-server 2021-03-06 13:30:29,147 [INFO] Sending to ptd: 'Hello'
ptd-server 2021-03-06 13:30:29,148 [INFO] Reply from ptd: 'Hello, PTDaemon here!'
ptd-server 2021-03-06 13:30:29,148 [INFO] Sending to ptd: 'Identify'
ptd-server 2021-03-06 13:30:29,148 [INFO] Reply from ptd: 'YokogawaWT330E,1000,1,1,1,1,0,0,1,version=1.9.2-e8c7a49a-20201208,OS=Linux 5.8.0-43-generic #49~20.04.1-Ubuntu SMP Fri Feb 5 09:57:56 UTC 2021 x86_64,mode=power,1,1,1,0,0,no_cal_date,YOKOGAWA;WT333E;C3VD30030E;F1.04'
ptd-server 2021-03-06 13:30:29,148 [INFO] Connected to PTDaemon
ptd-server 2021-03-06 13:30:29,148 [INFO] Sending to ptd: 'RR'
ptd-server 2021-03-06 13:30:29,149 [INFO] Reply from ptd: 'Ranges,0,0.500000,0,300.000000'
ptd-server 2021-03-06 13:30:29,149 [INFO] Initial range for Amps is 0.500000 for Volts is 300.000000
ptd-server 2021-03-06 13:30:29,149 [INFO] Sending to ptd: 'SR,V,Auto'
ptd-server 2021-03-06 13:30:29,651 [INFO] Reply from ptd: 'Range V changed'
ptd-server 2021-03-06 13:30:29,652 [INFO] Sending to ptd: 'SR,A,Auto'
ptd-server 2021-03-06 13:30:30,154 [INFO] Reply from ptd: 'Range A changed'
ptd-server 2021-03-06 13:30:40,164 [INFO] Starting ranging mode
ptd-server 2021-03-06 13:30:40,164 [INFO] Sending to ptd: 'Go,1000,0,2021-03-06_13-30-11_ranging'
ptd-server 2021-03-06 13:30:40,165 [INFO] Reply from ptd: 'Starting untimed measurement, maximum 500000 samples at 1000ms with 0 rampup samples'
ptd-server 2021-03-06 13:30:40,165 [INFO] Sending reply to client 'OK'
ptd-server 2021-03-06 13:41:11,786 [INFO] Got command from the client 'session,2021-03-06_13-30-11,stop,ranging'
ptd-server 2021-03-06 13:41:21,796 [INFO] Sending to ptd: 'Stop'
ptd-server 2021-03-06 13:41:21,797 [INFO] Reply from ptd: 'Stopping untimed measurement'
ptd-server 2021-03-06 13:41:22,233 [INFO] Sending reply to client 'OK'
ptd-server 2021-03-06 13:41:22,274 [INFO] Got command from the client 'time'
ptd-server 2021-03-06 13:41:22,275 [INFO] Sending reply to client '1615038082.2751176'
ptd-server 2021-03-06 13:41:22,278 [INFO] Got command from the client 'session,2021-03-06_13-30-11,start,testing'
ptd-server 2021-03-06 13:41:22,278 [INFO] Sending to ptd: 'SR,V,249.270000'
ptd-server 2021-03-06 13:41:23,780 [INFO] Reply from ptd: 'Range V changed'
ptd-server 2021-03-06 13:41:23,780 [INFO] Sending to ptd: 'SR,A,0.059490'
ptd-server 2021-03-06 13:41:25,281 [INFO] Reply from ptd: 'Range A changed'
ptd-server 2021-03-06 13:41:35,291 [INFO] Starting testing mode
ptd-server 2021-03-06 13:41:35,291 [INFO] Sending to ptd: 'Go,1000,0,2021-03-06_13-30-11_testing'
ptd-server 2021-03-06 13:41:35,292 [INFO] Reply from ptd: 'Starting untimed measurement, maximum 500000 samples at 1000ms with 0 rampup samples'
ptd-server 2021-03-06 13:41:35,292 [INFO] Sending reply to client 'OK'
ptd-server 2021-03-06 13:52:11,584 [INFO] Got command from the client 'session,2021-03-06_13-30-11,stop,testing'
ptd-server 2021-03-06 13:52:21,594 [INFO] Sending to ptd: 'Stop'
ptd-server 2021-03-06 13:52:21,594 [INFO] Reply from ptd: 'Stopping untimed measurement'
ptd-server 2021-03-06 13:52:21,822 [INFO] Sending reply to client 'OK'
ptd-server 2021-03-06 13:52:21,830 [INFO] Got command from the client 'session,2021-03-06_13-30-11,upload,client.log'
ptd-server 2021-03-06 13:52:21,834 [INFO] Received '/home/anton/projects/mlperf/power-dev/output/2021-03-06_13-30-11client.log.tmp'
ptd-server 2021-03-06 13:52:21,834 [INFO] Removed '/home/anton/projects/mlperf/power-dev/output/2021-03-06_13-30-11client.log.tmp'
ptd-server 2021-03-06 13:52:21,834 [INFO] Sending reply to client 'OK'
ptd-server 2021-03-06 13:52:21,847 [INFO] Got command from the client 'session,2021-03-06_13-30-11,upload,client.json'
ptd-server 2021-03-06 13:52:21,850 [INFO] Received '/home/anton/projects/mlperf/power-dev/output/2021-03-06_13-30-11client.json.tmp'
ptd-server 2021-03-06 13:52:21,851 [INFO] Removed '/home/anton/projects/mlperf/power-dev/output/2021-03-06_13-30-11client.json.tmp'
ptd-server 2021-03-06 13:52:21,851 [INFO] Sending reply to client 'OK'
ptd-server 2021-03-06 13:52:21,854 [INFO] Got command from the client 'session,2021-03-06_13-30-11,done'
ptd-server 2021-03-06 13:52:21,854 [INFO] Sending to ptd: 'Stop'
ptd-server 2021-03-06 13:52:22,292 [INFO] Reply from ptd: 'Error: no measurement to stop'
ptd-server 2021-03-06 13:52:22,292 [INFO] Sending to ptd: 'SR,V,300.000000'
ptd-server 2021-03-06 13:52:23,794 [INFO] Reply from ptd: 'Range V changed'
ptd-server 2021-03-06 13:52:23,794 [INFO] Sending to ptd: 'SR,A,0.500000'
ptd-server 2021-03-06 13:52:25,295 [INFO] Reply from ptd: 'Range A changed'
ptd-server 2021-03-06 13:52:25,295 [INFO] Set initial values for Amps 0.500000 and Volts 300.000000
ptd-server 2021-03-06 13:52:25,295 [INFO] Stopping ptd...
