ptd-server 2021-03-05 13:19:59,254 [INFO] Got command from the client 'time'
ptd-server 2021-03-05 13:19:59,254 [INFO] Sending reply to client '1614950399.2548273'
ptd-server 2021-03-05 13:19:59,257 [INFO] Got command from the client 'new,,d7dee782-deff-429e-904e-7021f8dbda23'
ptd-server 2021-03-05 13:19:59,258 [INFO] Sending reply to client 'OK 2021-03-05_13-19-59,7bcecb3b-e7bb-4819-9390-79b9a41444d5'
ptd-server 2021-03-05 13:19:59,293 [INFO] Got command from the client 'time'
ptd-server 2021-03-05 13:19:59,293 [INFO] Sending reply to client '1614950399.2933867'
ptd-server 2021-03-05 13:19:59,295 [INFO] Got command from the client 'session,2021-03-05_13-19-59,start,ranging'
ptd-server 2021-03-05 13:19:59,296 [INFO] Running PTDaemon: ['/home/anton/projects/mlperf/power/inference_v1.0/ptd-linux-x86', '-l', 'ptd.log', '-p', '8888', '52', '/dev/usbtmc0']
ptd-server 2021-03-05 13:20:16,465 [INFO] Sending to ptd: 'Hello'
ptd-server 2021-03-05 13:20:16,465 [INFO] Reply from ptd: 'Hello, PTDaemon here!'
ptd-server 2021-03-05 13:20:16,465 [INFO] Sending to ptd: 'Identify'
ptd-server 2021-03-05 13:20:16,466 [INFO] Reply from ptd: 'YokogawaWT330E,1000,1,1,1,1,0,0,1,version=1.9.2-e8c7a49a-20201208,OS=Linux 5.8.0-43-generic #49~20.04.1-Ubuntu SMP Fri Feb 5 09:57:56 UTC 2021 x86_64,mode=power,1,1,1,0,0,no_cal_date,YOKOGAWA;WT333E;C3VD30030E;F1.04'
ptd-server 2021-03-05 13:20:16,466 [INFO] Connected to PTDaemon
ptd-server 2021-03-05 13:20:16,466 [INFO] Sending to ptd: 'RR'
ptd-server 2021-03-05 13:20:16,466 [INFO] Reply from ptd: 'Ranges,0,0.500000,0,300.000000'
ptd-server 2021-03-05 13:20:16,467 [INFO] Initial range for Amps is 0.500000 for Volts is 300.000000
ptd-server 2021-03-05 13:20:16,467 [INFO] Sending to ptd: 'SR,V,Auto'
ptd-server 2021-03-05 13:20:16,969 [INFO] Reply from ptd: 'Range V changed'
ptd-server 2021-03-05 13:20:16,969 [INFO] Sending to ptd: 'SR,A,Auto'
ptd-server 2021-03-05 13:20:17,472 [INFO] Reply from ptd: 'Range A changed'
ptd-server 2021-03-05 13:20:27,482 [INFO] Starting ranging mode
ptd-server 2021-03-05 13:20:27,482 [INFO] Sending to ptd: 'Go,1000,0,2021-03-05_13-19-59_ranging'
ptd-server 2021-03-05 13:20:27,482 [INFO] Reply from ptd: 'Starting untimed measurement, maximum 500000 samples at 1000ms with 0 rampup samples'
ptd-server 2021-03-05 13:20:27,483 [INFO] Sending reply to client 'OK'
ptd-server 2021-03-05 13:30:59,496 [INFO] Got command from the client 'session,2021-03-05_13-19-59,stop,ranging'
ptd-server 2021-03-05 13:31:09,500 [INFO] Sending to ptd: 'Stop'
ptd-server 2021-03-05 13:31:09,501 [INFO] Reply from ptd: 'Stopping untimed measurement'
ptd-server 2021-03-05 13:31:09,834 [INFO] Sending reply to client 'OK'
ptd-server 2021-03-05 13:31:09,885 [INFO] Got command from the client 'time'
ptd-server 2021-03-05 13:31:09,885 [INFO] Sending reply to client '1614951069.885703'
ptd-server 2021-03-05 13:31:09,889 [INFO] Got command from the client 'session,2021-03-05_13-19-59,start,testing'
ptd-server 2021-03-05 13:31:09,890 [INFO] Sending to ptd: 'SR,V,252.480000'
ptd-server 2021-03-05 13:31:11,983 [INFO] Reply from ptd: 'Range V changed'
ptd-server 2021-03-05 13:31:11,983 [INFO] Sending to ptd: 'SR,A,0.058960'
ptd-server 2021-03-05 13:31:13,485 [INFO] Reply from ptd: 'Range A changed'
ptd-server 2021-03-05 13:31:23,495 [INFO] Starting testing mode
ptd-server 2021-03-05 13:31:23,495 [INFO] Sending to ptd: 'Go,1000,0,2021-03-05_13-19-59_testing'
ptd-server 2021-03-05 13:31:23,495 [INFO] Reply from ptd: 'Starting untimed measurement, maximum 500000 samples at 1000ms with 0 rampup samples'
ptd-server 2021-03-05 13:31:23,496 [INFO] Sending reply to client 'OK'
ptd-server 2021-03-05 13:42:00,331 [INFO] Got command from the client 'session,2021-03-05_13-19-59,stop,testing'
ptd-server 2021-03-05 13:42:10,342 [INFO] Sending to ptd: 'Stop'
ptd-server 2021-03-05 13:42:10,342 [INFO] Reply from ptd: 'Stopping untimed measurement'
ptd-server 2021-03-05 13:42:10,517 [INFO] Sending reply to client 'OK'
ptd-server 2021-03-05 13:42:10,525 [INFO] Got command from the client 'session,2021-03-05_13-19-59,upload,client.log'
ptd-server 2021-03-05 13:42:10,529 [INFO] Received '/home/anton/projects/mlperf/power-dev/output/2021-03-05_13-19-59client.log.tmp'
ptd-server 2021-03-05 13:42:10,529 [INFO] Removed '/home/anton/projects/mlperf/power-dev/output/2021-03-05_13-19-59client.log.tmp'
ptd-server 2021-03-05 13:42:10,529 [INFO] Sending reply to client 'OK'
ptd-server 2021-03-05 13:42:10,541 [INFO] Got command from the client 'session,2021-03-05_13-19-59,upload,client.json'
ptd-server 2021-03-05 13:42:10,544 [INFO] Received '/home/anton/projects/mlperf/power-dev/output/2021-03-05_13-19-59client.json.tmp'
ptd-server 2021-03-05 13:42:10,545 [INFO] Removed '/home/anton/projects/mlperf/power-dev/output/2021-03-05_13-19-59client.json.tmp'
ptd-server 2021-03-05 13:42:10,545 [INFO] Sending reply to client 'OK'
ptd-server 2021-03-05 13:42:10,547 [INFO] Got command from the client 'session,2021-03-05_13-19-59,done'
ptd-server 2021-03-05 13:42:10,548 [INFO] Sending to ptd: 'Stop'
ptd-server 2021-03-05 13:42:10,548 [INFO] Reply from ptd: 'Error: no measurement to stop'
ptd-server 2021-03-05 13:42:10,548 [INFO] Sending to ptd: 'SR,V,300.000000'
ptd-server 2021-03-05 13:42:12,049 [INFO] Reply from ptd: 'Range V changed'
ptd-server 2021-03-05 13:42:12,049 [INFO] Sending to ptd: 'SR,A,0.500000'
ptd-server 2021-03-05 13:42:13,551 [INFO] Reply from ptd: 'Range A changed'
ptd-server 2021-03-05 13:42:13,551 [INFO] Set initial values for Amps 0.500000 and Volts 300.000000
ptd-server 2021-03-05 13:42:13,551 [INFO] Stopping ptd...
