ptd-server 2021-03-05 14:04:50,616 [INFO] Got command from the client 'time'
ptd-server 2021-03-05 14:04:50,617 [INFO] Sending reply to client '1614953090.6170743'
ptd-server 2021-03-05 14:04:50,620 [INFO] Got command from the client 'new,,9cdf78d9-2918-4484-80fc-26153c2978ee'
ptd-server 2021-03-05 14:04:50,620 [INFO] Sending reply to client 'OK 2021-03-05_14-04-50,16831797-b53d-437f-8473-3ac2d4e69a33'
ptd-server 2021-03-05 14:04:50,660 [INFO] Got command from the client 'time'
ptd-server 2021-03-05 14:04:50,660 [INFO] Sending reply to client '1614953090.6607337'
ptd-server 2021-03-05 14:04:50,663 [INFO] Got command from the client 'session,2021-03-05_14-04-50,start,ranging'
ptd-server 2021-03-05 14:04:50,663 [INFO] Running PTDaemon: ['/home/anton/projects/mlperf/power/inference_v1.0/ptd-linux-x86', '-l', 'ptd.log', '-p', '8888', '52', '/dev/usbtmc0']
ptd-server 2021-03-05 14:05:07,832 [INFO] Sending to ptd: 'Hello'
ptd-server 2021-03-05 14:05:07,833 [INFO] Reply from ptd: 'Hello, PTDaemon here!'
ptd-server 2021-03-05 14:05:07,833 [INFO] Sending to ptd: 'Identify'
ptd-server 2021-03-05 14:05:07,833 [INFO] Reply from ptd: 'YokogawaWT330E,1000,1,1,1,1,0,0,1,version=1.9.2-e8c7a49a-20201208,OS=Linux 5.8.0-43-generic #49~20.04.1-Ubuntu SMP Fri Feb 5 09:57:56 UTC 2021 x86_64,mode=power,1,1,1,0,0,no_cal_date,YOKOGAWA;WT333E;C3VD30030E;F1.04'
ptd-server 2021-03-05 14:05:07,833 [INFO] Connected to PTDaemon
ptd-server 2021-03-05 14:05:07,833 [INFO] Sending to ptd: 'RR'
ptd-server 2021-03-05 14:05:07,834 [INFO] Reply from ptd: 'Ranges,0,0.500000,0,300.000000'
ptd-server 2021-03-05 14:05:07,834 [INFO] Initial range for Amps is 0.500000 for Volts is 300.000000
ptd-server 2021-03-05 14:05:07,834 [INFO] Sending to ptd: 'SR,V,Auto'
ptd-server 2021-03-05 14:05:08,336 [INFO] Reply from ptd: 'Range V changed'
ptd-server 2021-03-05 14:05:08,337 [INFO] Sending to ptd: 'SR,A,Auto'
ptd-server 2021-03-05 14:05:08,839 [INFO] Reply from ptd: 'Range A changed'
ptd-server 2021-03-05 14:05:18,849 [INFO] Starting ranging mode
ptd-server 2021-03-05 14:05:18,849 [INFO] Sending to ptd: 'Go,1000,0,2021-03-05_14-04-50_ranging'
ptd-server 2021-03-05 14:05:18,850 [INFO] Reply from ptd: 'Starting untimed measurement, maximum 500000 samples at 1000ms with 0 rampup samples'
ptd-server 2021-03-05 14:05:18,850 [INFO] Sending reply to client 'OK'
ptd-server 2021-03-05 14:15:50,645 [INFO] Got command from the client 'session,2021-03-05_14-04-50,stop,ranging'
ptd-server 2021-03-05 14:16:00,656 [INFO] Sending to ptd: 'Stop'
ptd-server 2021-03-05 14:16:00,656 [INFO] Reply from ptd: 'Stopping untimed measurement'
ptd-server 2021-03-05 14:16:01,005 [INFO] Sending reply to client 'OK'
ptd-server 2021-03-05 14:16:01,055 [INFO] Got command from the client 'time'
ptd-server 2021-03-05 14:16:01,055 [INFO] Sending reply to client '1614953761.0553463'
ptd-server 2021-03-05 14:16:01,058 [INFO] Got command from the client 'session,2021-03-05_14-04-50,start,testing'
ptd-server 2021-03-05 14:16:01,058 [INFO] Sending to ptd: 'SR,V,251.220000'
ptd-server 2021-03-05 14:16:02,559 [INFO] Reply from ptd: 'Range V changed'
ptd-server 2021-03-05 14:16:02,560 [INFO] Sending to ptd: 'SR,A,0.059490'
ptd-server 2021-03-05 14:16:04,061 [INFO] Reply from ptd: 'Range A changed'
ptd-server 2021-03-05 14:16:14,071 [INFO] Starting testing mode
ptd-server 2021-03-05 14:16:14,071 [INFO] Sending to ptd: 'Go,1000,0,2021-03-05_14-04-50_testing'
ptd-server 2021-03-05 14:16:14,072 [INFO] Reply from ptd: 'Starting untimed measurement, maximum 500000 samples at 1000ms with 0 rampup samples'
ptd-server 2021-03-05 14:16:14,072 [INFO] Sending reply to client 'OK'
ptd-server 2021-03-05 14:26:50,625 [INFO] Got command from the client 'session,2021-03-05_14-04-50,stop,testing'
ptd-server 2021-03-05 14:27:00,635 [INFO] Sending to ptd: 'Stop'
ptd-server 2021-03-05 14:27:00,636 [INFO] Reply from ptd: 'Stopping untimed measurement'
ptd-server 2021-03-05 14:27:00,811 [INFO] Sending reply to client 'OK'
ptd-server 2021-03-05 14:27:00,819 [INFO] Got command from the client 'session,2021-03-05_14-04-50,upload,client.log'
ptd-server 2021-03-05 14:27:00,823 [INFO] Received '/home/anton/projects/mlperf/power-dev/output/2021-03-05_14-04-50client.log.tmp'
ptd-server 2021-03-05 14:27:00,823 [INFO] Removed '/home/anton/projects/mlperf/power-dev/output/2021-03-05_14-04-50client.log.tmp'
ptd-server 2021-03-05 14:27:00,824 [INFO] Sending reply to client 'OK'
ptd-server 2021-03-05 14:27:00,836 [INFO] Got command from the client 'session,2021-03-05_14-04-50,upload,client.json'
ptd-server 2021-03-05 14:27:00,839 [INFO] Received '/home/anton/projects/mlperf/power-dev/output/2021-03-05_14-04-50client.json.tmp'
ptd-server 2021-03-05 14:27:00,839 [INFO] Removed '/home/anton/projects/mlperf/power-dev/output/2021-03-05_14-04-50client.json.tmp'
ptd-server 2021-03-05 14:27:00,839 [INFO] Sending reply to client 'OK'
ptd-server 2021-03-05 14:27:00,842 [INFO] Got command from the client 'session,2021-03-05_14-04-50,done'
ptd-server 2021-03-05 14:27:00,842 [INFO] Sending to ptd: 'Stop'
ptd-server 2021-03-05 14:27:01,073 [INFO] Reply from ptd: 'Error: no measurement to stop'
ptd-server 2021-03-05 14:27:01,073 [INFO] Sending to ptd: 'SR,V,300.000000'
ptd-server 2021-03-05 14:27:02,575 [INFO] Reply from ptd: 'Range V changed'
ptd-server 2021-03-05 14:27:02,575 [INFO] Sending to ptd: 'SR,A,0.500000'
ptd-server 2021-03-05 14:27:04,076 [INFO] Reply from ptd: 'Range A changed'
ptd-server 2021-03-05 14:27:04,076 [INFO] Set initial values for Amps 0.500000 and Volts 300.000000
ptd-server 2021-03-05 14:27:04,076 [INFO] Stopping ptd...
