ptd-server 2021-02-28 00:07:11,517 [INFO] Got command from the client 'time'
ptd-server 2021-02-28 00:07:11,517 [INFO] Sending reply to client '1614470831.517962'
ptd-server 2021-02-28 00:07:11,520 [INFO] Got command from the client 'new,,8d087864-d95e-43dc-9b22-f331cbe4402c'
ptd-server 2021-02-28 00:07:11,521 [INFO] Sending reply to client 'OK 2021-02-28_00-07-11,d6f25b7e-bbed-4d6f-ab35-11f8218e16a5'
ptd-server 2021-02-28 00:07:11,565 [INFO] Got command from the client 'time'
ptd-server 2021-02-28 00:07:11,565 [INFO] Sending reply to client '1614470831.5652862'
ptd-server 2021-02-28 00:07:11,566 [INFO] Got command from the client 'session,2021-02-28_00-07-11,start,ranging'
ptd-server 2021-02-28 00:07:11,566 [INFO] Running PTDaemon: ['/home/anton/projects/mlperf/power/inference_v1.0/ptd-linux-x86', '-l', 'ptd.log', '-p', '8888', '52', '/dev/usbtmc0']
ptd-server 2021-02-28 00:07:28,733 [INFO] Sending to ptd: 'Hello'
ptd-server 2021-02-28 00:07:28,734 [INFO] Reply from ptd: 'Hello, PTDaemon here!'
ptd-server 2021-02-28 00:07:28,734 [INFO] Sending to ptd: 'Identify'
ptd-server 2021-02-28 00:07:28,735 [INFO] Reply from ptd: 'YokogawaWT330E,1000,1,1,1,1,0,0,1,version=1.9.2-e8c7a49a-20201208,OS=Linux 5.8.0-43-generic #49~20.04.1-Ubuntu SMP Fri Feb 5 09:57:56 UTC 2021 x86_64,mode=power,1,1,1,0,0,no_cal_date,YOKOGAWA;WT333E;C3VD30030E;F1.04'
ptd-server 2021-02-28 00:07:28,735 [INFO] Connected to PTDaemon
ptd-server 2021-02-28 00:07:28,735 [INFO] Sending to ptd: 'RR'
ptd-server 2021-02-28 00:07:28,735 [INFO] Reply from ptd: 'Ranges,0,0.500000,0,300.000000'
ptd-server 2021-02-28 00:07:28,735 [INFO] Initial range for Amps is 0.500000 for Volts is 300.000000
ptd-server 2021-02-28 00:07:28,736 [INFO] Sending to ptd: 'SR,V,Auto'
ptd-server 2021-02-28 00:07:29,238 [INFO] Reply from ptd: 'Range V changed'
ptd-server 2021-02-28 00:07:29,238 [INFO] Sending to ptd: 'SR,A,Auto'
ptd-server 2021-02-28 00:07:29,740 [INFO] Reply from ptd: 'Range A changed'
ptd-server 2021-02-28 00:07:39,751 [INFO] Starting ranging mode
ptd-server 2021-02-28 00:07:39,751 [INFO] Sending to ptd: 'Go,1000,0,2021-02-28_00-07-11_ranging'
ptd-server 2021-02-28 00:07:39,751 [INFO] Reply from ptd: 'Starting untimed measurement, maximum 500000 samples at 1000ms with 0 rampup samples'
ptd-server 2021-02-28 00:07:39,752 [INFO] Sending reply to client 'OK'
ptd-server 2021-02-28 00:17:58,590 [INFO] Got command from the client 'session,2021-02-28_00-07-11,stop,ranging'
ptd-server 2021-02-28 00:18:08,601 [INFO] Sending to ptd: 'Stop'
ptd-server 2021-02-28 00:18:08,601 [INFO] Reply from ptd: 'Stopping untimed measurement'
ptd-server 2021-02-28 00:18:08,756 [INFO] Sending reply to client 'OK'
ptd-server 2021-02-28 00:18:08,826 [INFO] Got command from the client 'time'
ptd-server 2021-02-28 00:18:08,826 [INFO] Sending reply to client '1614471488.8262835'
ptd-server 2021-02-28 00:18:08,833 [INFO] Got command from the client 'session,2021-02-28_00-07-11,start,testing'
ptd-server 2021-02-28 00:18:08,834 [INFO] Sending to ptd: 'SR,V,250.190000'
ptd-server 2021-02-28 00:18:10,335 [INFO] Reply from ptd: 'Range V changed'
ptd-server 2021-02-28 00:18:10,335 [INFO] Sending to ptd: 'SR,A,0.209970'
ptd-server 2021-02-28 00:18:11,836 [INFO] Reply from ptd: 'Range A changed'
ptd-server 2021-02-28 00:18:21,847 [INFO] Starting testing mode
ptd-server 2021-02-28 00:18:21,847 [INFO] Sending to ptd: 'Go,1000,0,2021-02-28_00-07-11_testing'
ptd-server 2021-02-28 00:18:21,847 [INFO] Reply from ptd: 'Starting untimed measurement, maximum 500000 samples at 1000ms with 0 rampup samples'
ptd-server 2021-02-28 00:18:21,848 [INFO] Sending reply to client 'OK'
ptd-server 2021-02-28 00:28:40,445 [INFO] Got command from the client 'session,2021-02-28_00-07-11,stop,testing'
ptd-server 2021-02-28 00:28:50,455 [INFO] Sending to ptd: 'Stop'
ptd-server 2021-02-28 00:28:50,456 [INFO] Reply from ptd: 'Stopping untimed measurement'
ptd-server 2021-02-28 00:28:50,534 [INFO] Sending reply to client 'OK'
ptd-server 2021-02-28 00:28:50,544 [INFO] Got command from the client 'session,2021-02-28_00-07-11,upload,client.log'
ptd-server 2021-02-28 00:28:50,551 [INFO] Received '/home/anton/projects/mlperf/power-dev/output/2021-02-28_00-07-11client.log.tmp'
ptd-server 2021-02-28 00:28:50,551 [INFO] Removed '/home/anton/projects/mlperf/power-dev/output/2021-02-28_00-07-11client.log.tmp'
ptd-server 2021-02-28 00:28:50,552 [INFO] Sending reply to client 'OK'
ptd-server 2021-02-28 00:28:50,563 [INFO] Got command from the client 'session,2021-02-28_00-07-11,upload,client.json'
ptd-server 2021-02-28 00:28:50,570 [INFO] Received '/home/anton/projects/mlperf/power-dev/output/2021-02-28_00-07-11client.json.tmp'
ptd-server 2021-02-28 00:28:50,570 [INFO] Removed '/home/anton/projects/mlperf/power-dev/output/2021-02-28_00-07-11client.json.tmp'
ptd-server 2021-02-28 00:28:50,570 [INFO] Sending reply to client 'OK'
ptd-server 2021-02-28 00:28:50,577 [INFO] Got command from the client 'session,2021-02-28_00-07-11,done'
ptd-server 2021-02-28 00:28:50,577 [INFO] Sending to ptd: 'Stop'
ptd-server 2021-02-28 00:28:50,847 [INFO] Reply from ptd: 'Error: no measurement to stop'
ptd-server 2021-02-28 00:28:50,847 [INFO] Sending to ptd: 'SR,V,300.000000'
ptd-server 2021-02-28 00:28:52,349 [INFO] Reply from ptd: 'Range V changed'
ptd-server 2021-02-28 00:28:52,349 [INFO] Sending to ptd: 'SR,A,0.500000'
ptd-server 2021-02-28 00:28:53,850 [INFO] Reply from ptd: 'Range A changed'
ptd-server 2021-02-28 00:28:53,850 [INFO] Set initial values for Amps 0.500000 and Volts 300.000000
ptd-server 2021-02-28 00:28:53,851 [INFO] Stopping ptd...
