ptd-server 2021-03-19 01:18:47,303 [INFO] Got command from the client 'stop'
ptd-server 2021-03-19 01:18:47,303 [INFO] The server will be stopped after processing this client
ptd-server 2021-03-19 01:18:47,303 [INFO] Sending reply to client 'OK'
ptd-server 2021-03-19 01:18:47,506 [INFO] Got command from the client 'time'
ptd-server 2021-03-19 01:18:47,506 [INFO] Sending reply to client '1616141927.5064378'
ptd-server 2021-03-19 01:18:47,506 [INFO] Got command from the client 'new,,3b0cca75-7911-40a0-aa3c-5b4cdc855a76'
ptd-server 2021-03-19 01:18:47,506 [INFO] Sending reply to client 'OK 2021-03-19_01-18-47,6cad8ad3-d86f-400b-bdfb-83a2f018f5d5'
ptd-server 2021-03-19 01:18:47,725 [INFO] Got command from the client 'time'
ptd-server 2021-03-19 01:18:47,725 [INFO] Sending reply to client '1616141927.7251468'
ptd-server 2021-03-19 01:18:47,725 [INFO] Got command from the client 'session,2021-03-19_01-18-47,start,ranging'
ptd-server 2021-03-19 01:18:47,834 [INFO] Running PTDaemon: ['C:\\PTD\\ptd-windows-x86.exe', '-l', 'C:\\logs_ptdeamon.txt', '-p', '8888', '-c', '1,3', '-y', '77', '10.117.41.199']
ptd-server 2021-03-19 01:19:08,330 [INFO] Sending to ptd: 'Hello'
ptd-server 2021-03-19 01:19:08,330 [INFO] Reply from ptd: 'Hello, PTDaemon here!'
ptd-server 2021-03-19 01:19:08,330 [INFO] Sending to ptd: 'Identify'
ptd-server 2021-03-19 01:19:08,330 [INFO] Reply from ptd: 'YokogawaWT330_multichannel,1000,1,1,1,1,0,0,1,version=1.9.2-3976349f-20201208,OS=Windows 8 / Server 2012,mode=power,1,1,2,0,0,no_cal_date,YOKOGAWA;WT333E;C2WL21011V;F1.04'
ptd-server 2021-03-19 01:19:08,330 [INFO] Connected to PTDaemon
ptd-server 2021-03-19 01:19:08,330 [INFO] Sending to ptd: 'RR'
ptd-server 2021-03-19 01:19:08,330 [INFO] Reply from ptd: 'Ranges,1,2.000000,1,300.000000'
ptd-server 2021-03-19 01:19:08,330 [INFO] Initial range for Amps is Auto for Volts is Auto
ptd-server 2021-03-19 01:19:08,330 [INFO] Sending to ptd: 'SR,V,Auto'
ptd-server 2021-03-19 01:19:13,407 [INFO] Reply from ptd: 'Range V changed'
ptd-server 2021-03-19 01:19:13,407 [INFO] Sending to ptd: 'SR,A,Auto'
ptd-server 2021-03-19 01:19:18,485 [INFO] Reply from ptd: 'Range A changed'
ptd-server 2021-03-19 01:19:28,485 [INFO] Starting ranging mode
ptd-server 2021-03-19 01:19:28,485 [INFO] Sending to ptd: 'Go,1000,0,2021-03-19_01-18-47_ranging'
ptd-server 2021-03-19 01:19:28,485 [INFO] Reply from ptd: 'Starting untimed measurement, maximum 500000 samples at 1000ms with 0 rampup samples'
ptd-server 2021-03-19 01:19:28,485 [INFO] Sending reply to client 'OK'
ptd-server 2021-03-19 01:31:23,542 [INFO] Got command from the client 'session,2021-03-19_01-18-47,stop,ranging'
ptd-server 2021-03-19 01:31:33,556 [INFO] Sending to ptd: 'Stop'
ptd-server 2021-03-19 01:31:33,556 [INFO] Reply from ptd: 'Stopping untimed measurement'
ptd-server 2021-03-19 01:31:34,040 [INFO] Sending reply to client 'OK'
ptd-server 2021-03-19 01:31:34,087 [INFO] Got command from the client 'session,2021-03-19_01-18-47,upload,ranging'
ptd-server 2021-03-19 01:31:34,087 [INFO] Received 'C:\\ptd-logs\\2021-03-19_01-18-47ranging.tmp'
ptd-server 2021-03-19 01:31:34,103 [INFO] Extracted 'C:\\ptd-logs\\2021-03-19_01-18-47ranging.tmp' into 'C:\\ptd-logs\\2021-03-19_01-18-47\\ranging'
ptd-server 2021-03-19 01:31:34,103 [INFO] Removed 'C:\\ptd-logs\\2021-03-19_01-18-47ranging.tmp'
ptd-server 2021-03-19 01:31:34,103 [INFO] Sending reply to client 'OK'
ptd-server 2021-03-19 01:31:34,321 [INFO] Got command from the client 'time'
ptd-server 2021-03-19 01:31:34,321 [INFO] Sending reply to client '1616142694.3219292'
ptd-server 2021-03-19 01:31:34,321 [INFO] Got command from the client 'session,2021-03-19_01-18-47,start,testing'
ptd-server 2021-03-19 01:31:34,321 [INFO] Sending to ptd: 'SR,V,206.370000'
ptd-server 2021-03-19 01:31:40,586 [INFO] Reply from ptd: 'Range V changed'
ptd-server 2021-03-19 01:31:40,586 [INFO] Sending to ptd: 'SR,A,4.122500'
ptd-server 2021-03-19 01:31:46,178 [INFO] Reply from ptd: 'Range A changed'
ptd-server 2021-03-19 01:31:56,192 [INFO] Starting testing mode
ptd-server 2021-03-19 01:31:56,192 [INFO] Sending to ptd: 'Go,1000,0,2021-03-19_01-18-47_testing'
ptd-server 2021-03-19 01:31:56,192 [INFO] Reply from ptd: 'Starting untimed measurement, maximum 500000 samples at 1000ms with 0 rampup samples'
ptd-server 2021-03-19 01:31:56,192 [INFO] Sending reply to client 'OK'
ptd-server 2021-03-19 01:44:19,658 [INFO] Got command from the client 'session,2021-03-19_01-18-47,stop,testing'
ptd-server 2021-03-19 01:44:29,658 [INFO] Sending to ptd: 'Stop'
ptd-server 2021-03-19 01:44:29,658 [INFO] Reply from ptd: 'Stopping untimed measurement'
ptd-server 2021-03-19 01:44:29,892 [INFO] Sending reply to client 'OK'
ptd-server 2021-03-19 01:44:29,924 [INFO] Got command from the client 'session,2021-03-19_01-18-47,upload,testing'
ptd-server 2021-03-19 01:44:29,924 [INFO] Received 'C:\\ptd-logs\\2021-03-19_01-18-47testing.tmp'
ptd-server 2021-03-19 01:44:29,939 [INFO] Extracted 'C:\\ptd-logs\\2021-03-19_01-18-47testing.tmp' into 'C:\\ptd-logs\\2021-03-19_01-18-47\\run_1'
ptd-server 2021-03-19 01:44:29,939 [INFO] Removed 'C:\\ptd-logs\\2021-03-19_01-18-47testing.tmp'
ptd-server 2021-03-19 01:44:29,939 [INFO] Sending reply to client 'OK'
ptd-server 2021-03-19 01:44:29,955 [INFO] Got command from the client 'session,2021-03-19_01-18-47,upload,client.log'
ptd-server 2021-03-19 01:44:29,955 [INFO] Received 'C:\\ptd-logs\\2021-03-19_01-18-47client.log.tmp'
ptd-server 2021-03-19 01:44:29,971 [INFO] Removed 'C:\\ptd-logs\\2021-03-19_01-18-47client.log.tmp'
ptd-server 2021-03-19 01:44:29,971 [INFO] Sending reply to client 'OK'
ptd-server 2021-03-19 01:44:30,002 [INFO] Got command from the client 'session,2021-03-19_01-18-47,upload,client.json'
ptd-server 2021-03-19 01:44:30,002 [INFO] Received 'C:\\ptd-logs\\2021-03-19_01-18-47client.json.tmp'
ptd-server 2021-03-19 01:44:30,017 [INFO] Removed 'C:\\ptd-logs\\2021-03-19_01-18-47client.json.tmp'
ptd-server 2021-03-19 01:44:30,017 [INFO] Sending reply to client 'OK'
ptd-server 2021-03-19 01:44:30,017 [INFO] Got command from the client 'session,2021-03-19_01-18-47,done'
ptd-server 2021-03-19 01:44:30,017 [INFO] Sending to ptd: 'Stop'
ptd-server 2021-03-19 01:44:30,205 [INFO] Reply from ptd: 'Error: no measurement to stop'
ptd-server 2021-03-19 01:44:30,205 [INFO] Sending to ptd: 'SR,V,Auto'
ptd-server 2021-03-19 01:44:35,282 [INFO] Reply from ptd: 'Range V changed'
ptd-server 2021-03-19 01:44:35,282 [INFO] Sending to ptd: 'SR,A,Auto'
ptd-server 2021-03-19 01:44:40,359 [INFO] Reply from ptd: 'Range A changed'
ptd-server 2021-03-19 01:44:40,359 [INFO] Set initial values for Amps Auto and Volts Auto
ptd-server 2021-03-19 01:44:40,359 [INFO] Stopping ptd...
