ptd-server 2021-03-09 22:11:44,228 [INFO] Got command from the client 'time'
ptd-server 2021-03-09 22:11:44,229 [INFO] Sending reply to client '1615327904.2291033'
ptd-server 2021-03-09 22:11:44,230 [INFO] Got command from the client 'new,,c619a956-33e4-421e-8d28-027a671d9d21'
ptd-server 2021-03-09 22:11:44,231 [INFO] Sending reply to client 'OK 2021-03-09_22-11-44,addf27e5-20dc-4324-8fe5-7dd4fc28aa7a'
ptd-server 2021-03-09 22:11:44,269 [INFO] Got command from the client 'time'
ptd-server 2021-03-09 22:11:44,269 [INFO] Sending reply to client '1615327904.2699306'
ptd-server 2021-03-09 22:11:44,271 [INFO] Got command from the client 'session,2021-03-09_22-11-44,start,ranging'
ptd-server 2021-03-09 22:11:44,272 [INFO] Running PTDaemon: ['/home/anton/projects/mlperf/power/inference_v1.0/ptd-linux-x86', '-l', 'ptd.log', '-p', '8888', '52', '/dev/usbtmc0']
ptd-server 2021-03-09 22:12:01,443 [INFO] Sending to ptd: 'Hello'
ptd-server 2021-03-09 22:12:01,444 [INFO] Reply from ptd: 'Hello, PTDaemon here!'
ptd-server 2021-03-09 22:12:01,444 [INFO] Sending to ptd: 'Identify'
ptd-server 2021-03-09 22:12:01,444 [INFO] Reply from ptd: 'YokogawaWT330E,1000,1,1,1,1,0,0,1,version=1.9.2-e8c7a49a-20201208,OS=Linux 5.8.0-43-generic #49~20.04.1-Ubuntu SMP Fri Feb 5 09:57:56 UTC 2021 x86_64,mode=power,1,1,1,0,0,no_cal_date,YOKOGAWA;WT333E;C3VD30030E;F1.04'
ptd-server 2021-03-09 22:12:01,445 [INFO] Connected to PTDaemon
ptd-server 2021-03-09 22:12:01,445 [INFO] Sending to ptd: 'RR'
ptd-server 2021-03-09 22:12:01,445 [INFO] Reply from ptd: 'Ranges,0,0.500000,0,300.000000'
ptd-server 2021-03-09 22:12:01,445 [INFO] Initial range for Amps is 0.500000 for Volts is 300.000000
ptd-server 2021-03-09 22:12:01,445 [INFO] Sending to ptd: 'SR,V,Auto'
ptd-server 2021-03-09 22:12:01,948 [INFO] Reply from ptd: 'Range V changed'
ptd-server 2021-03-09 22:12:01,948 [INFO] Sending to ptd: 'SR,A,Auto'
ptd-server 2021-03-09 22:12:02,450 [INFO] Reply from ptd: 'Range A changed'
ptd-server 2021-03-09 22:12:12,460 [INFO] Starting ranging mode
ptd-server 2021-03-09 22:12:12,461 [INFO] Sending to ptd: 'Go,1000,0,2021-03-09_22-11-44_ranging'
ptd-server 2021-03-09 22:12:12,461 [INFO] Reply from ptd: 'Starting untimed measurement, maximum 500000 samples at 1000ms with 0 rampup samples'
ptd-server 2021-03-09 22:12:12,461 [INFO] Sending reply to client 'OK'
ptd-server 2021-03-09 22:22:28,005 [INFO] Got command from the client 'session,2021-03-09_22-11-44,stop,ranging'
ptd-server 2021-03-09 22:22:38,016 [INFO] Sending to ptd: 'Stop'
ptd-server 2021-03-09 22:22:38,016 [INFO] Reply from ptd: 'Stopping untimed measurement'
ptd-server 2021-03-09 22:22:38,818 [INFO] Sending reply to client 'OK'
ptd-server 2021-03-09 22:22:38,861 [INFO] Got command from the client 'time'
ptd-server 2021-03-09 22:22:38,861 [INFO] Sending reply to client '1615328558.8618834'
ptd-server 2021-03-09 22:22:38,864 [INFO] Got command from the client 'session,2021-03-09_22-11-44,start,testing'
ptd-server 2021-03-09 22:22:38,864 [INFO] Sending to ptd: 'SR,V,249.440000'
ptd-server 2021-03-09 22:22:40,366 [INFO] Reply from ptd: 'Range V changed'
ptd-server 2021-03-09 22:22:40,366 [INFO] Sending to ptd: 'SR,A,0.127280'
ptd-server 2021-03-09 22:22:41,867 [INFO] Reply from ptd: 'Range A changed'
ptd-server 2021-03-09 22:22:51,877 [INFO] Starting testing mode
ptd-server 2021-03-09 22:22:51,878 [INFO] Sending to ptd: 'Go,1000,0,2021-03-09_22-11-44_testing'
ptd-server 2021-03-09 22:22:51,878 [INFO] Reply from ptd: 'Starting untimed measurement, maximum 500000 samples at 1000ms with 0 rampup samples'
ptd-server 2021-03-09 22:22:51,878 [INFO] Sending reply to client 'OK'
ptd-server 2021-03-09 22:33:07,277 [INFO] Got command from the client 'session,2021-03-09_22-11-44,stop,testing'
ptd-server 2021-03-09 22:33:17,288 [INFO] Sending to ptd: 'Stop'
ptd-server 2021-03-09 22:33:17,288 [INFO] Reply from ptd: 'Stopping untimed measurement'
ptd-server 2021-03-09 22:33:17,693 [INFO] Sending reply to client 'OK'
ptd-server 2021-03-09 22:33:17,701 [INFO] Got command from the client 'session,2021-03-09_22-11-44,upload,client.log'
ptd-server 2021-03-09 22:33:17,703 [INFO] Received '/home/anton/projects/mlperf/power-dev/output/2021-03-09_22-11-44client.log.tmp'
ptd-server 2021-03-09 22:33:17,703 [INFO] Removed '/home/anton/projects/mlperf/power-dev/output/2021-03-09_22-11-44client.log.tmp'
ptd-server 2021-03-09 22:33:17,703 [INFO] Sending reply to client 'OK'
ptd-server 2021-03-09 22:33:17,710 [INFO] Got command from the client 'session,2021-03-09_22-11-44,upload,client.json'
ptd-server 2021-03-09 22:33:17,711 [INFO] Received '/home/anton/projects/mlperf/power-dev/output/2021-03-09_22-11-44client.json.tmp'
ptd-server 2021-03-09 22:33:17,711 [INFO] Removed '/home/anton/projects/mlperf/power-dev/output/2021-03-09_22-11-44client.json.tmp'
ptd-server 2021-03-09 22:33:17,711 [INFO] Sending reply to client 'OK'
ptd-server 2021-03-09 22:33:17,712 [INFO] Got command from the client 'session,2021-03-09_22-11-44,done'
ptd-server 2021-03-09 22:33:17,712 [INFO] Sending to ptd: 'Stop'
ptd-server 2021-03-09 22:33:17,878 [INFO] Reply from ptd: 'Error: no measurement to stop'
ptd-server 2021-03-09 22:33:17,878 [INFO] Sending to ptd: 'SR,V,300.000000'
ptd-server 2021-03-09 22:33:19,380 [INFO] Reply from ptd: 'Range V changed'
ptd-server 2021-03-09 22:33:19,380 [INFO] Sending to ptd: 'SR,A,0.500000'
ptd-server 2021-03-09 22:33:20,881 [INFO] Reply from ptd: 'Range A changed'
ptd-server 2021-03-09 22:33:20,881 [INFO] Set initial values for Amps 0.500000 and Volts 300.000000
ptd-server 2021-03-09 22:33:20,882 [INFO] Stopping ptd...
