ptd-server 2021-03-09 06:32:58,947 [INFO] Got command from the client 'time'
ptd-server 2021-03-09 06:32:58,947 [INFO] Sending reply to client '1615271578.9475603'
ptd-server 2021-03-09 06:32:58,949 [INFO] Got command from the client 'new,,b69ca1e5-32d9-431d-8fef-50fbfcf01c53'
ptd-server 2021-03-09 06:32:58,950 [INFO] Sending reply to client 'OK 2021-03-09_06-32-58,0503a577-fa62-49d1-94e8-6a5e8f1a5afb'
ptd-server 2021-03-09 06:32:58,996 [INFO] Got command from the client 'time'
ptd-server 2021-03-09 06:32:58,997 [INFO] Sending reply to client '1615271578.997027'
ptd-server 2021-03-09 06:32:58,999 [INFO] Got command from the client 'session,2021-03-09_06-32-58,start,ranging'
ptd-server 2021-03-09 06:32:58,999 [INFO] Running PTDaemon: ['/home/anton/projects/mlperf/power/inference_v1.0/ptd-linux-x86', '-l', 'ptd.log', '-p', '8888', '52', '/dev/usbtmc0']
ptd-server 2021-03-09 06:33:16,171 [INFO] Sending to ptd: 'Hello'
ptd-server 2021-03-09 06:33:16,171 [INFO] Reply from ptd: 'Hello, PTDaemon here!'
ptd-server 2021-03-09 06:33:16,172 [INFO] Sending to ptd: 'Identify'
ptd-server 2021-03-09 06:33:16,172 [INFO] Reply from ptd: 'YokogawaWT330E,1000,1,1,1,1,0,0,1,version=1.9.2-e8c7a49a-20201208,OS=Linux 5.8.0-43-generic #49~20.04.1-Ubuntu SMP Fri Feb 5 09:57:56 UTC 2021 x86_64,mode=power,1,1,1,0,0,no_cal_date,YOKOGAWA;WT333E;C3VD30030E;F1.04'
ptd-server 2021-03-09 06:33:16,172 [INFO] Connected to PTDaemon
ptd-server 2021-03-09 06:33:16,172 [INFO] Sending to ptd: 'RR'
ptd-server 2021-03-09 06:33:16,173 [INFO] Reply from ptd: 'Ranges,0,0.500000,0,300.000000'
ptd-server 2021-03-09 06:33:16,173 [INFO] Initial range for Amps is 0.500000 for Volts is 300.000000
ptd-server 2021-03-09 06:33:16,173 [INFO] Sending to ptd: 'SR,V,Auto'
ptd-server 2021-03-09 06:33:16,676 [INFO] Reply from ptd: 'Range V changed'
ptd-server 2021-03-09 06:33:16,676 [INFO] Sending to ptd: 'SR,A,Auto'
ptd-server 2021-03-09 06:33:17,178 [INFO] Reply from ptd: 'Range A changed'
ptd-server 2021-03-09 06:33:27,188 [INFO] Starting ranging mode
ptd-server 2021-03-09 06:33:27,189 [INFO] Sending to ptd: 'Go,1000,0,2021-03-09_06-32-58_ranging'
ptd-server 2021-03-09 06:33:27,189 [INFO] Reply from ptd: 'Starting untimed measurement, maximum 500000 samples at 1000ms with 0 rampup samples'
ptd-server 2021-03-09 06:33:27,189 [INFO] Sending reply to client 'OK'
ptd-server 2021-03-09 06:43:42,621 [INFO] Got command from the client 'session,2021-03-09_06-32-58,stop,ranging'
ptd-server 2021-03-09 06:43:52,632 [INFO] Sending to ptd: 'Stop'
ptd-server 2021-03-09 06:43:52,632 [INFO] Reply from ptd: 'Stopping untimed measurement'
ptd-server 2021-03-09 06:43:53,333 [INFO] Sending reply to client 'OK'
ptd-server 2021-03-09 06:43:53,375 [INFO] Got command from the client 'time'
ptd-server 2021-03-09 06:43:53,376 [INFO] Sending reply to client '1615272233.3760839'
ptd-server 2021-03-09 06:43:53,378 [INFO] Got command from the client 'session,2021-03-09_06-32-58,start,testing'
ptd-server 2021-03-09 06:43:53,378 [INFO] Sending to ptd: 'SR,V,250.140000'
ptd-server 2021-03-09 06:43:54,880 [INFO] Reply from ptd: 'Range V changed'
ptd-server 2021-03-09 06:43:54,880 [INFO] Sending to ptd: 'SR,A,0.153390'
ptd-server 2021-03-09 06:43:56,381 [INFO] Reply from ptd: 'Range A changed'
ptd-server 2021-03-09 06:44:06,392 [INFO] Starting testing mode
ptd-server 2021-03-09 06:44:06,392 [INFO] Sending to ptd: 'Go,1000,0,2021-03-09_06-32-58_testing'
ptd-server 2021-03-09 06:44:06,392 [INFO] Reply from ptd: 'Starting untimed measurement, maximum 500000 samples at 1000ms with 0 rampup samples'
ptd-server 2021-03-09 06:44:06,392 [INFO] Sending reply to client 'OK'
ptd-server 2021-03-09 06:54:21,828 [INFO] Got command from the client 'session,2021-03-09_06-32-58,stop,testing'
ptd-server 2021-03-09 06:54:31,838 [INFO] Sending to ptd: 'Stop'
ptd-server 2021-03-09 06:54:31,839 [INFO] Reply from ptd: 'Stopping untimed measurement'
ptd-server 2021-03-09 06:54:32,209 [INFO] Sending reply to client 'OK'
ptd-server 2021-03-09 06:54:32,218 [INFO] Got command from the client 'session,2021-03-09_06-32-58,upload,client.log'
ptd-server 2021-03-09 06:54:32,220 [INFO] Received '/home/anton/projects/mlperf/power-dev/output/2021-03-09_06-32-58client.log.tmp'
ptd-server 2021-03-09 06:54:32,220 [INFO] Removed '/home/anton/projects/mlperf/power-dev/output/2021-03-09_06-32-58client.log.tmp'
ptd-server 2021-03-09 06:54:32,220 [INFO] Sending reply to client 'OK'
ptd-server 2021-03-09 06:54:32,227 [INFO] Got command from the client 'session,2021-03-09_06-32-58,upload,client.json'
ptd-server 2021-03-09 06:54:32,228 [INFO] Received '/home/anton/projects/mlperf/power-dev/output/2021-03-09_06-32-58client.json.tmp'
ptd-server 2021-03-09 06:54:32,228 [INFO] Removed '/home/anton/projects/mlperf/power-dev/output/2021-03-09_06-32-58client.json.tmp'
ptd-server 2021-03-09 06:54:32,228 [INFO] Sending reply to client 'OK'
ptd-server 2021-03-09 06:54:32,229 [INFO] Got command from the client 'session,2021-03-09_06-32-58,done'
ptd-server 2021-03-09 06:54:32,229 [INFO] Sending to ptd: 'Stop'
ptd-server 2021-03-09 06:54:32,393 [INFO] Reply from ptd: 'Error: no measurement to stop'
ptd-server 2021-03-09 06:54:32,393 [INFO] Sending to ptd: 'SR,V,300.000000'
ptd-server 2021-03-09 06:54:33,894 [INFO] Reply from ptd: 'Range V changed'
ptd-server 2021-03-09 06:54:33,895 [INFO] Sending to ptd: 'SR,A,0.500000'
ptd-server 2021-03-09 06:54:35,396 [INFO] Reply from ptd: 'Range A changed'
ptd-server 2021-03-09 06:54:35,396 [INFO] Set initial values for Amps 0.500000 and Volts 300.000000
ptd-server 2021-03-09 06:54:35,396 [INFO] Stopping ptd...
