ptd-server 2021-03-07 05:39:43,194 [INFO] Got command from the client 'time'
ptd-server 2021-03-07 05:39:43,195 [INFO] Sending reply to client '1615095583.19501'
ptd-server 2021-03-07 05:39:43,198 [INFO] Got command from the client 'new,,00a9ab33-b3a1-4754-9f90-0d67caaea30a'
ptd-server 2021-03-07 05:39:43,199 [INFO] Sending reply to client 'OK 2021-03-07_05-39-43,b5218b17-bb6b-454a-a102-33b033bd5d01'
ptd-server 2021-03-07 05:39:43,234 [INFO] Got command from the client 'time'
ptd-server 2021-03-07 05:39:43,234 [INFO] Sending reply to client '1615095583.2344701'
ptd-server 2021-03-07 05:39:43,237 [INFO] Got command from the client 'session,2021-03-07_05-39-43,start,ranging'
ptd-server 2021-03-07 05:39:43,238 [INFO] Running PTDaemon: ['/home/anton/projects/mlperf/power/inference_v1.0/ptd-linux-x86', '-l', 'ptd.log', '-p', '8888', '52', '/dev/usbtmc0']
ptd-server 2021-03-07 05:40:00,405 [INFO] Sending to ptd: 'Hello'
ptd-server 2021-03-07 05:40:00,406 [INFO] Reply from ptd: 'Hello, PTDaemon here!'
ptd-server 2021-03-07 05:40:00,406 [INFO] Sending to ptd: 'Identify'
ptd-server 2021-03-07 05:40:00,407 [INFO] Reply from ptd: 'YokogawaWT330E,1000,1,1,1,1,0,0,1,version=1.9.2-e8c7a49a-20201208,OS=Linux 5.8.0-43-generic #49~20.04.1-Ubuntu SMP Fri Feb 5 09:57:56 UTC 2021 x86_64,mode=power,1,1,1,0,0,no_cal_date,YOKOGAWA;WT333E;C3VD30030E;F1.04'
ptd-server 2021-03-07 05:40:00,407 [INFO] Connected to PTDaemon
ptd-server 2021-03-07 05:40:00,407 [INFO] Sending to ptd: 'RR'
ptd-server 2021-03-07 05:40:00,408 [INFO] Reply from ptd: 'Ranges,0,0.500000,0,300.000000'
ptd-server 2021-03-07 05:40:00,408 [INFO] Initial range for Amps is 0.500000 for Volts is 300.000000
ptd-server 2021-03-07 05:40:00,408 [INFO] Sending to ptd: 'SR,V,Auto'
ptd-server 2021-03-07 05:40:00,911 [INFO] Reply from ptd: 'Range V changed'
ptd-server 2021-03-07 05:40:00,911 [INFO] Sending to ptd: 'SR,A,Auto'
ptd-server 2021-03-07 05:40:01,413 [INFO] Reply from ptd: 'Range A changed'
ptd-server 2021-03-07 05:40:11,423 [INFO] Starting ranging mode
ptd-server 2021-03-07 05:40:11,424 [INFO] Sending to ptd: 'Go,1000,0,2021-03-07_05-39-43_ranging'
ptd-server 2021-03-07 05:40:11,424 [INFO] Reply from ptd: 'Starting untimed measurement, maximum 500000 samples at 1000ms with 0 rampup samples'
ptd-server 2021-03-07 05:40:11,424 [INFO] Sending reply to client 'OK'
ptd-server 2021-03-07 05:50:36,322 [INFO] Got command from the client 'session,2021-03-07_05-39-43,stop,ranging'
ptd-server 2021-03-07 05:50:46,332 [INFO] Sending to ptd: 'Stop'
ptd-server 2021-03-07 05:50:46,333 [INFO] Reply from ptd: 'Stopping untimed measurement'
ptd-server 2021-03-07 05:50:46,852 [INFO] Sending reply to client 'OK'
ptd-server 2021-03-07 05:50:46,900 [INFO] Got command from the client 'time'
ptd-server 2021-03-07 05:50:46,900 [INFO] Sending reply to client '1615096246.9004018'
ptd-server 2021-03-07 05:50:46,904 [INFO] Got command from the client 'session,2021-03-07_05-39-43,start,testing'
ptd-server 2021-03-07 05:50:46,904 [INFO] Sending to ptd: 'SR,V,250.760000'
ptd-server 2021-03-07 05:50:48,406 [INFO] Reply from ptd: 'Range V changed'
ptd-server 2021-03-07 05:50:48,406 [INFO] Sending to ptd: 'SR,A,0.049850'
ptd-server 2021-03-07 05:50:49,907 [INFO] Reply from ptd: 'Range A changed'
ptd-server 2021-03-07 05:50:59,917 [INFO] Starting testing mode
ptd-server 2021-03-07 05:50:59,918 [INFO] Sending to ptd: 'Go,1000,0,2021-03-07_05-39-43_testing'
ptd-server 2021-03-07 05:50:59,918 [INFO] Reply from ptd: 'Starting untimed measurement, maximum 500000 samples at 1000ms with 0 rampup samples'
ptd-server 2021-03-07 05:50:59,918 [INFO] Sending reply to client 'OK'
ptd-server 2021-03-07 06:01:29,729 [INFO] Got command from the client 'session,2021-03-07_05-39-43,stop,testing'
ptd-server 2021-03-07 06:01:39,739 [INFO] Sending to ptd: 'Stop'
ptd-server 2021-03-07 06:01:39,740 [INFO] Reply from ptd: 'Stopping untimed measurement'
ptd-server 2021-03-07 06:01:40,009 [INFO] Sending reply to client 'OK'
ptd-server 2021-03-07 06:01:40,017 [INFO] Got command from the client 'session,2021-03-07_05-39-43,upload,client.log'
ptd-server 2021-03-07 06:01:40,020 [INFO] Received '/home/anton/projects/mlperf/power-dev/output/2021-03-07_05-39-43client.log.tmp'
ptd-server 2021-03-07 06:01:40,021 [INFO] Removed '/home/anton/projects/mlperf/power-dev/output/2021-03-07_05-39-43client.log.tmp'
ptd-server 2021-03-07 06:01:40,021 [INFO] Sending reply to client 'OK'
ptd-server 2021-03-07 06:01:40,033 [INFO] Got command from the client 'session,2021-03-07_05-39-43,upload,client.json'
ptd-server 2021-03-07 06:01:40,036 [INFO] Received '/home/anton/projects/mlperf/power-dev/output/2021-03-07_05-39-43client.json.tmp'
ptd-server 2021-03-07 06:01:40,036 [INFO] Removed '/home/anton/projects/mlperf/power-dev/output/2021-03-07_05-39-43client.json.tmp'
ptd-server 2021-03-07 06:01:40,036 [INFO] Sending reply to client 'OK'
ptd-server 2021-03-07 06:01:40,039 [INFO] Got command from the client 'session,2021-03-07_05-39-43,done'
ptd-server 2021-03-07 06:01:40,039 [INFO] Sending to ptd: 'Stop'
ptd-server 2021-03-07 06:01:40,039 [INFO] Reply from ptd: 'Error: no measurement to stop'
ptd-server 2021-03-07 06:01:40,039 [INFO] Sending to ptd: 'SR,V,300.000000'
ptd-server 2021-03-07 06:01:41,541 [INFO] Reply from ptd: 'Range V changed'
ptd-server 2021-03-07 06:01:41,541 [INFO] Sending to ptd: 'SR,A,0.500000'
ptd-server 2021-03-07 06:01:43,042 [INFO] Reply from ptd: 'Range A changed'
ptd-server 2021-03-07 06:01:43,042 [INFO] Set initial values for Amps 0.500000 and Volts 300.000000
ptd-server 2021-03-07 06:01:43,043 [INFO] Stopping ptd...
