ptd-server 2021-03-08 03:58:19,871 [INFO] Got command from the client 'time'
ptd-server 2021-03-08 03:58:19,871 [INFO] Sending reply to client '1615175899.8711727'
ptd-server 2021-03-08 03:58:19,875 [INFO] Got command from the client 'new,,30515d77-8b82-4bd9-ac01-4720a5d481ab'
ptd-server 2021-03-08 03:58:19,875 [INFO] Sending reply to client 'OK 2021-03-08_03-58-19,485dda23-b72e-4865-9c4d-cc1aeac1c5aa'
ptd-server 2021-03-08 03:58:19,908 [INFO] Got command from the client 'time'
ptd-server 2021-03-08 03:58:19,908 [INFO] Sending reply to client '1615175899.9085684'
ptd-server 2021-03-08 03:58:19,911 [INFO] Got command from the client 'session,2021-03-08_03-58-19,start,ranging'
ptd-server 2021-03-08 03:58:19,912 [INFO] Running PTDaemon: ['/home/anton/projects/mlperf/power/inference_v1.0/ptd-linux-x86', '-l', 'ptd.log', '-p', '8888', '52', '/dev/usbtmc0']
ptd-server 2021-03-08 03:58:37,083 [INFO] Sending to ptd: 'Hello'
ptd-server 2021-03-08 03:58:37,084 [INFO] Reply from ptd: 'Hello, PTDaemon here!'
ptd-server 2021-03-08 03:58:37,084 [INFO] Sending to ptd: 'Identify'
ptd-server 2021-03-08 03:58:37,084 [INFO] Reply from ptd: 'YokogawaWT330E,1000,1,1,1,1,0,0,1,version=1.9.2-e8c7a49a-20201208,OS=Linux 5.8.0-43-generic #49~20.04.1-Ubuntu SMP Fri Feb 5 09:57:56 UTC 2021 x86_64,mode=power,1,1,1,0,0,no_cal_date,YOKOGAWA;WT333E;C3VD30030E;F1.04'
ptd-server 2021-03-08 03:58:37,085 [INFO] Connected to PTDaemon
ptd-server 2021-03-08 03:58:37,085 [INFO] Sending to ptd: 'RR'
ptd-server 2021-03-08 03:58:37,085 [INFO] Reply from ptd: 'Ranges,0,0.500000,0,300.000000'
ptd-server 2021-03-08 03:58:37,085 [INFO] Initial range for Amps is 0.500000 for Volts is 300.000000
ptd-server 2021-03-08 03:58:37,085 [INFO] Sending to ptd: 'SR,V,Auto'
ptd-server 2021-03-08 03:58:37,588 [INFO] Reply from ptd: 'Range V changed'
ptd-server 2021-03-08 03:58:37,588 [INFO] Sending to ptd: 'SR,A,Auto'
ptd-server 2021-03-08 03:58:38,090 [INFO] Reply from ptd: 'Range A changed'
ptd-server 2021-03-08 03:58:48,101 [INFO] Starting ranging mode
ptd-server 2021-03-08 03:58:48,101 [INFO] Sending to ptd: 'Go,1000,0,2021-03-08_03-58-19_ranging'
ptd-server 2021-03-08 03:58:48,101 [INFO] Reply from ptd: 'Starting untimed measurement, maximum 500000 samples at 1000ms with 0 rampup samples'
ptd-server 2021-03-08 03:58:48,101 [INFO] Sending reply to client 'OK'
ptd-server 2021-03-08 04:09:13,347 [INFO] Got command from the client 'session,2021-03-08_03-58-19,stop,ranging'
ptd-server 2021-03-08 04:09:23,357 [INFO] Sending to ptd: 'Stop'
ptd-server 2021-03-08 04:09:23,358 [INFO] Reply from ptd: 'Stopping untimed measurement'
ptd-server 2021-03-08 04:09:23,995 [INFO] Sending reply to client 'OK'
ptd-server 2021-03-08 04:09:24,041 [INFO] Got command from the client 'time'
ptd-server 2021-03-08 04:09:24,042 [INFO] Sending reply to client '1615176564.0420666'
ptd-server 2021-03-08 04:09:24,045 [INFO] Got command from the client 'session,2021-03-08_03-58-19,start,testing'
ptd-server 2021-03-08 04:09:24,046 [INFO] Sending to ptd: 'SR,V,251.490000'
ptd-server 2021-03-08 04:09:25,602 [INFO] Reply from ptd: 'Range V changed'
ptd-server 2021-03-08 04:09:25,602 [INFO] Sending to ptd: 'SR,A,0.049980'
ptd-server 2021-03-08 04:09:27,104 [INFO] Reply from ptd: 'Range A changed'
ptd-server 2021-03-08 04:09:37,114 [INFO] Starting testing mode
ptd-server 2021-03-08 04:09:37,114 [INFO] Sending to ptd: 'Go,1000,0,2021-03-08_03-58-19_testing'
ptd-server 2021-03-08 04:09:37,115 [INFO] Reply from ptd: 'Starting untimed measurement, maximum 500000 samples at 1000ms with 0 rampup samples'
ptd-server 2021-03-08 04:09:37,115 [INFO] Sending reply to client 'OK'
ptd-server 2021-03-08 04:20:07,232 [INFO] Got command from the client 'session,2021-03-08_03-58-19,stop,testing'
ptd-server 2021-03-08 04:20:17,243 [INFO] Sending to ptd: 'Stop'
ptd-server 2021-03-08 04:20:17,243 [INFO] Reply from ptd: 'Stopping untimed measurement'
ptd-server 2021-03-08 04:20:17,565 [INFO] Sending reply to client 'OK'
ptd-server 2021-03-08 04:20:17,574 [INFO] Got command from the client 'session,2021-03-08_03-58-19,upload,client.log'
ptd-server 2021-03-08 04:20:17,577 [INFO] Received '/home/anton/projects/mlperf/power-dev/output/2021-03-08_03-58-19client.log.tmp'
ptd-server 2021-03-08 04:20:17,577 [INFO] Removed '/home/anton/projects/mlperf/power-dev/output/2021-03-08_03-58-19client.log.tmp'
ptd-server 2021-03-08 04:20:17,578 [INFO] Sending reply to client 'OK'
ptd-server 2021-03-08 04:20:17,590 [INFO] Got command from the client 'session,2021-03-08_03-58-19,upload,client.json'
ptd-server 2021-03-08 04:20:17,593 [INFO] Received '/home/anton/projects/mlperf/power-dev/output/2021-03-08_03-58-19client.json.tmp'
ptd-server 2021-03-08 04:20:17,593 [INFO] Removed '/home/anton/projects/mlperf/power-dev/output/2021-03-08_03-58-19client.json.tmp'
ptd-server 2021-03-08 04:20:17,594 [INFO] Sending reply to client 'OK'
ptd-server 2021-03-08 04:20:17,596 [INFO] Got command from the client 'session,2021-03-08_03-58-19,done'
ptd-server 2021-03-08 04:20:17,596 [INFO] Sending to ptd: 'Stop'
ptd-server 2021-03-08 04:20:18,115 [INFO] Reply from ptd: 'Error: no measurement to stop'
ptd-server 2021-03-08 04:20:18,115 [INFO] Sending to ptd: 'SR,V,300.000000'
ptd-server 2021-03-08 04:20:19,617 [INFO] Reply from ptd: 'Range V changed'
ptd-server 2021-03-08 04:20:19,617 [INFO] Sending to ptd: 'SR,A,0.500000'
ptd-server 2021-03-08 04:20:21,118 [INFO] Reply from ptd: 'Range A changed'
ptd-server 2021-03-08 04:20:21,118 [INFO] Set initial values for Amps 0.500000 and Volts 300.000000
ptd-server 2021-03-08 04:20:21,118 [INFO] Stopping ptd...
