client 2021-03-18 23:09:45,868 [INFO] Sending command to the server: 'mlcommons/power client v3'
client 2021-03-18 23:09:45,870 [INFO] Got response: 'mlcommons/power server v3'
client 2021-03-18 23:09:45,870 [INFO] Synchronizing with the server and with 100.64.0.18...
client 2021-03-18 23:09:45,872 [INFO] NTP:offset = 0.000 s, delay = 0.001 s 
client 2021-03-18 23:09:45,872 [INFO] Sending command to the server: 'time'
client 2021-03-18 23:09:45,874 [INFO] Got response: '1616126985.7297182'
client 2021-03-18 23:09:45,874 [INFO] The time difference between the client and the server is within range 142.928 ms..144.569 ms
client 2021-03-18 23:09:45,874 [INFO] Sending command to the server: 'new,resnet50_SingleStream,8a94c304-a35e-4bd8-9325-a3ed2c729946'
client 2021-03-18 23:09:45,876 [INFO] Got response: 'OK 2021-03-18_23-09-45_resnet50_SingleStream,7a96f1cc-a83e-4663-8097-f34367692154'
client 2021-03-18 23:09:45,876 [INFO] Session id is '2021-03-18_23-09-45_resnet50_SingleStream'
client 2021-03-18 23:09:45,876 [INFO] Sources: {"sources": {"client.py": "d1e75cb4b26101220ebd242e584cf3ca5d8f1996", "lib/__init__.py": "da39a3ee5e6b4b0d3255bfef95601890afd80709", "lib/client.py": "d42bebf5b74cb6ff3997e2a6c68422afac111a28", "lib/common.py": "b0bad80d8fa328a7636027d4d66ff453f8dd7889", "lib/external/ntplib.py": "4da8f970656505a40483206ef2b5d3dd5e81711d", "lib/server.py": "2ed36471c7af565d6c8438b2134edad1d7ddf166", "lib/source_hashes.py": "4cedff274c661cb1504052018fd4f00dfbf624ef", "lib/summary.py": "0db15d783907aa92038281af4e465545c0648ddb", "lib/time_sync.py": "76051226ec89287839723352f4162aaa24e0546a", "server.py": "99e1310e3f76292aef1b8792ce6b8c82f1d44d8b", "tests/unit/test_server.py": "64f11775bfed35232a0e8bb9593c0ff992432c59", "tests/unit/test_source_hashes.py": "cb41a7261eaf7d94ba5c0aae9c523174f6204be3"}, "modules": {"__main__": "client.py", "lib.client": "lib/client.py", "lib.common": "lib/common.py", "lib.external.ntplib": "lib/external/ntplib.py", "lib.source_hashes": "lib/source_hashes.py", "lib.summary": "lib/summary.py", "lib.time_sync": "lib/time_sync.py"}}
client 2021-03-18 23:09:45,876 [INFO] Running workload in ranging mode
client 2021-03-18 23:09:45,876 [INFO] Synchronizing with the server and with 100.64.0.18...
client 2021-03-18 23:09:45,877 [INFO] NTP:offset = 0.000 s, delay = 0.001 s 
client 2021-03-18 23:09:45,877 [INFO] Sending command to the server: 'time'
client 2021-03-18 23:09:45,878 [INFO] Got response: '1616126985.7297182'
client 2021-03-18 23:09:45,878 [INFO] The time difference between the client and the server is within range 148.001 ms..149.070 ms
client 2021-03-18 23:09:45,878 [INFO] Sending command to the server: 'session,2021-03-18_23-09-45_resnet50_SingleStream,start,ranging'
client 2021-03-18 23:10:09,689 [INFO] Got response: 'OK'
client 2021-03-18 23:10:09,690 [INFO] Running the workload "make run_harness RUN_ARGS='--benchmarks=resnet50 --scenarios=SingleStream --config_ver=default --log_dir build/logs/ --test_mode=PerformanceOnly'"
client 2021-03-18 23:20:24,354 [INFO] Sending command to the server: 'session,2021-03-18_23-09-45_resnet50_SingleStream,stop,ranging'
client 2021-03-18 23:20:34,612 [INFO] Got response: 'OK'
client 2021-03-18 23:20:34,612 [INFO] Running workload in testing mode
client 2021-03-18 23:20:34,612 [INFO] Synchronizing with the server and with 100.64.0.18...
client 2021-03-18 23:20:34,615 [INFO] NTP:offset = 0.000 s, delay = 0.001 s 
client 2021-03-18 23:20:34,615 [INFO] Sending command to the server: 'time'
client 2021-03-18 23:20:34,616 [INFO] Got response: '1616127634.4420936'
client 2021-03-18 23:20:34,617 [INFO] The time difference between the client and the server is within range 173.080 ms..175.081 ms
client 2021-03-18 23:20:34,617 [INFO] Sending command to the server: 'session,2021-03-18_23-09-45_resnet50_SingleStream,start,testing'
client 2021-03-18 23:20:47,772 [INFO] Got response: 'OK'
client 2021-03-18 23:20:47,773 [INFO] Running the workload "make run_harness RUN_ARGS='--benchmarks=resnet50 --scenarios=SingleStream --config_ver=default --log_dir build/logs/ --test_mode=PerformanceOnly'"
client 2021-03-18 23:31:02,301 [INFO] Sending command to the server: 'session,2021-03-18_23-09-45_resnet50_SingleStream,stop,testing'
client 2021-03-18 23:31:12,428 [INFO] Got response: 'OK'
client 2021-03-18 23:31:12,428 [INFO] Done runs
