ptd-server 2021-03-18 23:09:45,720 [INFO] Got command from the client 'time'
ptd-server 2021-03-18 23:09:45,729 [INFO] Sending reply to client '1616126985.7297182'
ptd-server 2021-03-18 23:09:45,729 [INFO] Got command from the client 'new,resnet50_SingleStream,8a94c304-a35e-4bd8-9325-a3ed2c729946'
ptd-server 2021-03-18 23:09:45,729 [INFO] Sending reply to client 'OK 2021-03-18_23-09-45_resnet50_SingleStream,7a96f1cc-a83e-4663-8097-f34367692154'
ptd-server 2021-03-18 23:09:45,729 [INFO] Got command from the client 'time'
ptd-server 2021-03-18 23:09:45,729 [INFO] Sending reply to client '1616126985.7297182'
ptd-server 2021-03-18 23:09:45,729 [INFO] Got command from the client 'session,2021-03-18_23-09-45_resnet50_SingleStream,start,ranging'
ptd-server 2021-03-18 23:09:45,830 [INFO] Running PTDaemon: ['.\\ptd-windows-x86.exe', '-l', '.\\logs_ptdeamon.txt', '-p', '8888', '-g', '8', '1']
ptd-server 2021-03-18 23:09:58,491 [INFO] Sending to ptd: 'Hello'
ptd-server 2021-03-18 23:09:58,491 [INFO] Reply from ptd: 'Hello, PTDaemon here!'
ptd-server 2021-03-18 23:09:58,491 [INFO] Sending to ptd: 'Identify'
ptd-server 2021-03-18 23:09:58,491 [INFO] Reply from ptd: 'YokogawaWT210,1000,1,1,1,1,0,0,1,version=1.9.2-3976349f-20201208,OS=Windows 8 / Server 2012,mode=power,1,1,1,0,0,no_cal_date,YOKOGAWA;760401;0;F1.12'
ptd-server 2021-03-18 23:09:58,491 [INFO] Connected to PTDaemon
ptd-server 2021-03-18 23:09:58,491 [INFO] Sending to ptd: 'RR'
ptd-server 2021-03-18 23:09:58,491 [INFO] Reply from ptd: 'Ranges,1,10.000000,1,150.000000'
ptd-server 2021-03-18 23:09:58,491 [INFO] Initial range for Amps is Auto for Volts is Auto
ptd-server 2021-03-18 23:09:58,491 [INFO] Sending to ptd: 'SR,V,Auto'
ptd-server 2021-03-18 23:09:59,011 [INFO] Reply from ptd: 'Range V changed'
ptd-server 2021-03-18 23:09:59,011 [INFO] Sending to ptd: 'SR,A,Auto'
ptd-server 2021-03-18 23:09:59,541 [INFO] Reply from ptd: 'Range A changed'
ptd-server 2021-03-18 23:10:09,541 [INFO] Starting ranging mode
ptd-server 2021-03-18 23:10:09,541 [INFO] Sending to ptd: 'Go,1000,0,2021-03-18_23-09-45_resnet50_SingleStream_ranging'
ptd-server 2021-03-18 23:10:09,541 [INFO] Reply from ptd: 'Starting untimed measurement, maximum 500000 samples at 1000ms with 0 rampup samples'
ptd-server 2021-03-18 23:10:09,541 [INFO] Sending reply to client 'OK'
ptd-server 2021-03-18 23:20:24,181 [INFO] Got command from the client 'session,2021-03-18_23-09-45_resnet50_SingleStream,stop,ranging'
ptd-server 2021-03-18 23:20:34,202 [INFO] Sending to ptd: 'Stop'
ptd-server 2021-03-18 23:20:34,202 [INFO] Reply from ptd: 'Stopping untimed measurement'
ptd-server 2021-03-18 23:20:34,442 [INFO] Sending reply to client 'OK'
ptd-server 2021-03-18 23:20:34,442 [INFO] Got command from the client 'time'
ptd-server 2021-03-18 23:20:34,442 [INFO] Sending reply to client '1616127634.4420936'
ptd-server 2021-03-18 23:20:34,452 [INFO] Got command from the client 'session,2021-03-18_23-09-45_resnet50_SingleStream,start,testing'
ptd-server 2021-03-18 23:20:34,452 [INFO] Sending to ptd: 'SR,V,121.810000'
ptd-server 2021-03-18 23:20:36,072 [INFO] Reply from ptd: 'Range V changed'
ptd-server 2021-03-18 23:20:36,072 [INFO] Sending to ptd: 'SR,A,6.222000'
ptd-server 2021-03-18 23:20:37,602 [INFO] Reply from ptd: 'Range A changed'
ptd-server 2021-03-18 23:20:47,603 [INFO] Starting testing mode
ptd-server 2021-03-18 23:20:47,603 [INFO] Sending to ptd: 'Go,1000,0,2021-03-18_23-09-45_resnet50_SingleStream_testing'
ptd-server 2021-03-18 23:20:47,603 [INFO] Reply from ptd: 'Starting untimed measurement, maximum 500000 samples at 1000ms with 0 rampup samples'
ptd-server 2021-03-18 23:20:47,603 [INFO] Sending reply to client 'OK'
ptd-server 2021-03-18 23:31:02,109 [INFO] Got command from the client 'session,2021-03-18_23-09-45_resnet50_SingleStream,stop,testing'
ptd-server 2021-03-18 23:31:12,109 [INFO] Sending to ptd: 'Stop'
ptd-server 2021-03-18 23:31:12,109 [INFO] Reply from ptd: 'Stopping untimed measurement'
ptd-server 2021-03-18 23:31:12,239 [INFO] Sending reply to client 'OK'
ptd-server 2021-03-18 23:31:12,239 [INFO] Got command from the client 'session,2021-03-18_23-09-45_resnet50_SingleStream,upload,client.log'
ptd-server 2021-03-18 23:31:12,239 [INFO] Received '.\\outdir\\2021-03-18_23-09-45_resnet50_SingleStreamclient.log.tmp'
ptd-server 2021-03-18 23:31:12,249 [INFO] Removed '.\\outdir\\2021-03-18_23-09-45_resnet50_SingleStreamclient.log.tmp'
ptd-server 2021-03-18 23:31:12,249 [INFO] Sending reply to client 'OK'
ptd-server 2021-03-18 23:31:12,249 [INFO] Got command from the client 'session,2021-03-18_23-09-45_resnet50_SingleStream,upload,client.json'
ptd-server 2021-03-18 23:31:12,249 [INFO] Received '.\\outdir\\2021-03-18_23-09-45_resnet50_SingleStreamclient.json.tmp'
ptd-server 2021-03-18 23:31:12,259 [INFO] Removed '.\\outdir\\2021-03-18_23-09-45_resnet50_SingleStreamclient.json.tmp'
ptd-server 2021-03-18 23:31:12,259 [INFO] Sending reply to client 'OK'
ptd-server 2021-03-18 23:31:12,259 [INFO] Got command from the client 'session,2021-03-18_23-09-45_resnet50_SingleStream,done'
ptd-server 2021-03-18 23:31:12,259 [INFO] Sending to ptd: 'Stop'
ptd-server 2021-03-18 23:31:12,609 [INFO] Reply from ptd: 'Error: no measurement to stop'
ptd-server 2021-03-18 23:31:12,609 [INFO] Sending to ptd: 'SR,V,Auto'
ptd-server 2021-03-18 23:31:13,129 [INFO] Reply from ptd: 'Range V changed'
ptd-server 2021-03-18 23:31:13,129 [INFO] Sending to ptd: 'SR,A,Auto'
ptd-server 2021-03-18 23:31:13,649 [INFO] Reply from ptd: 'Range A changed'
ptd-server 2021-03-18 23:31:13,649 [INFO] Set initial values for Amps Auto and Volts Auto
ptd-server 2021-03-18 23:31:13,649 [INFO] Stopping ptd...
