ptd-server 2021-03-10 02:32:24,883 [INFO] Got command from the client 'time'
ptd-server 2021-03-10 02:32:24,883 [INFO] Sending reply to client '1615343544.8837106'
ptd-server 2021-03-10 02:32:24,886 [INFO] Got command from the client 'new,,990a3e0e-f44e-492a-896c-716192c9bc86'
ptd-server 2021-03-10 02:32:24,886 [INFO] Sending reply to client 'OK 2021-03-10_02-32-24,87020ea3-79e3-4e1f-8f8e-42fcc257bc1c'
ptd-server 2021-03-10 02:32:24,923 [INFO] Got command from the client 'time'
ptd-server 2021-03-10 02:32:24,923 [INFO] Sending reply to client '1615343544.9231923'
ptd-server 2021-03-10 02:32:24,926 [INFO] Got command from the client 'session,2021-03-10_02-32-24,start,ranging'
ptd-server 2021-03-10 02:32:24,926 [INFO] Running PTDaemon: ['/home/anton/projects/mlperf/power/inference_v1.0/ptd-linux-x86', '-l', 'ptd.log', '-p', '8888', '52', '/dev/usbtmc0']
ptd-server 2021-03-10 02:32:42,099 [INFO] Sending to ptd: 'Hello'
ptd-server 2021-03-10 02:32:42,100 [INFO] Reply from ptd: 'Hello, PTDaemon here!'
ptd-server 2021-03-10 02:32:42,100 [INFO] Sending to ptd: 'Identify'
ptd-server 2021-03-10 02:32:42,100 [INFO] Reply from ptd: 'YokogawaWT330E,1000,1,1,1,1,0,0,1,version=1.9.2-e8c7a49a-20201208,OS=Linux 5.8.0-43-generic #49~20.04.1-Ubuntu SMP Fri Feb 5 09:57:56 UTC 2021 x86_64,mode=power,1,1,1,0,0,no_cal_date,YOKOGAWA;WT333E;C3VD30030E;F1.04'
ptd-server 2021-03-10 02:32:42,100 [INFO] Connected to PTDaemon
ptd-server 2021-03-10 02:32:42,100 [INFO] Sending to ptd: 'RR'
ptd-server 2021-03-10 02:32:42,101 [INFO] Reply from ptd: 'Ranges,0,0.500000,0,300.000000'
ptd-server 2021-03-10 02:32:42,101 [INFO] Initial range for Amps is 0.500000 for Volts is 300.000000
ptd-server 2021-03-10 02:32:42,101 [INFO] Sending to ptd: 'SR,V,Auto'
ptd-server 2021-03-10 02:32:42,604 [INFO] Reply from ptd: 'Range V changed'
ptd-server 2021-03-10 02:32:42,604 [INFO] Sending to ptd: 'SR,A,Auto'
ptd-server 2021-03-10 02:32:43,106 [INFO] Reply from ptd: 'Range A changed'
ptd-server 2021-03-10 02:32:53,116 [INFO] Starting ranging mode
ptd-server 2021-03-10 02:32:53,117 [INFO] Sending to ptd: 'Go,1000,0,2021-03-10_02-32-24_ranging'
ptd-server 2021-03-10 02:32:53,117 [INFO] Reply from ptd: 'Starting untimed measurement, maximum 500000 samples at 1000ms with 0 rampup samples'
ptd-server 2021-03-10 02:32:53,117 [INFO] Sending reply to client 'OK'
ptd-server 2021-03-10 02:43:08,466 [INFO] Got command from the client 'session,2021-03-10_02-32-24,stop,ranging'
ptd-server 2021-03-10 02:43:18,476 [INFO] Sending to ptd: 'Stop'
ptd-server 2021-03-10 02:43:18,477 [INFO] Reply from ptd: 'Stopping untimed measurement'
ptd-server 2021-03-10 02:43:19,304 [INFO] Sending reply to client 'OK'
ptd-server 2021-03-10 02:43:19,349 [INFO] Got command from the client 'time'
ptd-server 2021-03-10 02:43:19,349 [INFO] Sending reply to client '1615344199.3492534'
ptd-server 2021-03-10 02:43:19,351 [INFO] Got command from the client 'session,2021-03-10_02-32-24,start,testing'
ptd-server 2021-03-10 02:43:19,351 [INFO] Sending to ptd: 'SR,V,249.600000'
ptd-server 2021-03-10 02:43:20,853 [INFO] Reply from ptd: 'Range V changed'
ptd-server 2021-03-10 02:43:20,853 [INFO] Sending to ptd: 'SR,A,0.149200'
ptd-server 2021-03-10 02:43:22,354 [INFO] Reply from ptd: 'Range A changed'
ptd-server 2021-03-10 02:43:32,365 [INFO] Starting testing mode
ptd-server 2021-03-10 02:43:32,365 [INFO] Sending to ptd: 'Go,1000,0,2021-03-10_02-32-24_testing'
ptd-server 2021-03-10 02:43:32,365 [INFO] Reply from ptd: 'Starting untimed measurement, maximum 500000 samples at 1000ms with 0 rampup samples'
ptd-server 2021-03-10 02:43:32,365 [INFO] Sending reply to client 'OK'
ptd-server 2021-03-10 02:53:47,698 [INFO] Got command from the client 'session,2021-03-10_02-32-24,stop,testing'
ptd-server 2021-03-10 02:53:57,709 [INFO] Sending to ptd: 'Stop'
ptd-server 2021-03-10 02:53:57,709 [INFO] Reply from ptd: 'Stopping untimed measurement'
ptd-server 2021-03-10 02:53:58,127 [INFO] Sending reply to client 'OK'
ptd-server 2021-03-10 02:53:58,137 [INFO] Got command from the client 'session,2021-03-10_02-32-24,upload,client.log'
ptd-server 2021-03-10 02:53:58,138 [INFO] Received '/home/anton/projects/mlperf/power-dev/output/2021-03-10_02-32-24client.log.tmp'
ptd-server 2021-03-10 02:53:58,139 [INFO] Removed '/home/anton/projects/mlperf/power-dev/output/2021-03-10_02-32-24client.log.tmp'
ptd-server 2021-03-10 02:53:58,139 [INFO] Sending reply to client 'OK'
ptd-server 2021-03-10 02:53:58,146 [INFO] Got command from the client 'session,2021-03-10_02-32-24,upload,client.json'
ptd-server 2021-03-10 02:53:58,146 [INFO] Received '/home/anton/projects/mlperf/power-dev/output/2021-03-10_02-32-24client.json.tmp'
ptd-server 2021-03-10 02:53:58,147 [INFO] Removed '/home/anton/projects/mlperf/power-dev/output/2021-03-10_02-32-24client.json.tmp'
ptd-server 2021-03-10 02:53:58,147 [INFO] Sending reply to client 'OK'
ptd-server 2021-03-10 02:53:58,148 [INFO] Got command from the client 'session,2021-03-10_02-32-24,done'
ptd-server 2021-03-10 02:53:58,149 [INFO] Sending to ptd: 'Stop'
ptd-server 2021-03-10 02:53:58,366 [INFO] Reply from ptd: 'Error: no measurement to stop'
ptd-server 2021-03-10 02:53:58,366 [INFO] Sending to ptd: 'SR,V,300.000000'
ptd-server 2021-03-10 02:53:59,867 [INFO] Reply from ptd: 'Range V changed'
ptd-server 2021-03-10 02:53:59,867 [INFO] Sending to ptd: 'SR,A,0.500000'
ptd-server 2021-03-10 02:54:01,369 [INFO] Reply from ptd: 'Range A changed'
ptd-server 2021-03-10 02:54:01,369 [INFO] Set initial values for Amps 0.500000 and Volts 300.000000
ptd-server 2021-03-10 02:54:01,369 [INFO] Stopping ptd...
