ptd-server 2021-03-05 20:26:04,752 [INFO] Got command from the client 'time'
ptd-server 2021-03-05 20:26:04,752 [INFO] Sending reply to client '1614975964.7521996'
ptd-server 2021-03-05 20:26:04,754 [INFO] Got command from the client 'new,,2359f3c9-06d0-4062-8755-f454b4a9df52'
ptd-server 2021-03-05 20:26:04,755 [INFO] Sending reply to client 'OK 2021-03-05_20-26-04,3fc0979a-8682-45e4-9efc-0d4c50b5f144'
ptd-server 2021-03-05 20:26:04,791 [INFO] Got command from the client 'time'
ptd-server 2021-03-05 20:26:04,792 [INFO] Sending reply to client '1614975964.7920756'
ptd-server 2021-03-05 20:26:04,794 [INFO] Got command from the client 'session,2021-03-05_20-26-04,start,ranging'
ptd-server 2021-03-05 20:26:04,794 [INFO] Running PTDaemon: ['/home/anton/projects/mlperf/power/inference_v1.0/ptd-linux-x86', '-l', 'ptd.log', '-p', '8888', '52', '/dev/usbtmc0']
ptd-server 2021-03-05 20:26:21,962 [INFO] Sending to ptd: 'Hello'
ptd-server 2021-03-05 20:26:21,963 [INFO] Reply from ptd: 'Hello, PTDaemon here!'
ptd-server 2021-03-05 20:26:21,963 [INFO] Sending to ptd: 'Identify'
ptd-server 2021-03-05 20:26:21,963 [INFO] Reply from ptd: 'YokogawaWT330E,1000,1,1,1,1,0,0,1,version=1.9.2-e8c7a49a-20201208,OS=Linux 5.8.0-43-generic #49~20.04.1-Ubuntu SMP Fri Feb 5 09:57:56 UTC 2021 x86_64,mode=power,1,1,1,0,0,no_cal_date,YOKOGAWA;WT333E;C3VD30030E;F1.04'
ptd-server 2021-03-05 20:26:21,964 [INFO] Connected to PTDaemon
ptd-server 2021-03-05 20:26:21,964 [INFO] Sending to ptd: 'RR'
ptd-server 2021-03-05 20:26:21,964 [INFO] Reply from ptd: 'Ranges,0,0.500000,0,300.000000'
ptd-server 2021-03-05 20:26:21,964 [INFO] Initial range for Amps is 0.500000 for Volts is 300.000000
ptd-server 2021-03-05 20:26:21,964 [INFO] Sending to ptd: 'SR,V,Auto'
ptd-server 2021-03-05 20:26:22,467 [INFO] Reply from ptd: 'Range V changed'
ptd-server 2021-03-05 20:26:22,467 [INFO] Sending to ptd: 'SR,A,Auto'
ptd-server 2021-03-05 20:26:22,969 [INFO] Reply from ptd: 'Range A changed'
ptd-server 2021-03-05 20:26:32,980 [INFO] Starting ranging mode
ptd-server 2021-03-05 20:26:32,980 [INFO] Sending to ptd: 'Go,1000,0,2021-03-05_20-26-04_ranging'
ptd-server 2021-03-05 20:26:32,980 [INFO] Reply from ptd: 'Starting untimed measurement, maximum 500000 samples at 1000ms with 0 rampup samples'
ptd-server 2021-03-05 20:26:32,980 [INFO] Sending reply to client 'OK'
ptd-server 2021-03-05 20:37:04,624 [INFO] Got command from the client 'session,2021-03-05_20-26-04,stop,ranging'
ptd-server 2021-03-05 20:37:14,634 [INFO] Sending to ptd: 'Stop'
ptd-server 2021-03-05 20:37:14,635 [INFO] Reply from ptd: 'Stopping untimed measurement'
ptd-server 2021-03-05 20:37:15,013 [INFO] Sending reply to client 'OK'
ptd-server 2021-03-05 20:37:15,051 [INFO] Got command from the client 'time'
ptd-server 2021-03-05 20:37:15,052 [INFO] Sending reply to client '1614976635.0519917'
ptd-server 2021-03-05 20:37:15,055 [INFO] Got command from the client 'session,2021-03-05_20-26-04,start,testing'
ptd-server 2021-03-05 20:37:15,055 [INFO] Sending to ptd: 'SR,V,249.520000'
ptd-server 2021-03-05 20:37:16,556 [INFO] Reply from ptd: 'Range V changed'
ptd-server 2021-03-05 20:37:16,556 [INFO] Sending to ptd: 'SR,A,0.061900'
ptd-server 2021-03-05 20:37:18,058 [INFO] Reply from ptd: 'Range A changed'
ptd-server 2021-03-05 20:37:28,068 [INFO] Starting testing mode
ptd-server 2021-03-05 20:37:28,068 [INFO] Sending to ptd: 'Go,1000,0,2021-03-05_20-26-04_testing'
ptd-server 2021-03-05 20:37:28,069 [INFO] Reply from ptd: 'Starting untimed measurement, maximum 500000 samples at 1000ms with 0 rampup samples'
ptd-server 2021-03-05 20:37:28,069 [INFO] Sending reply to client 'OK'
ptd-server 2021-03-05 20:48:04,753 [INFO] Got command from the client 'session,2021-03-05_20-26-04,stop,testing'
ptd-server 2021-03-05 20:48:14,764 [INFO] Sending to ptd: 'Stop'
ptd-server 2021-03-05 20:48:14,764 [INFO] Reply from ptd: 'Stopping untimed measurement'
ptd-server 2021-03-05 20:48:14,953 [INFO] Sending reply to client 'OK'
ptd-server 2021-03-05 20:48:14,961 [INFO] Got command from the client 'session,2021-03-05_20-26-04,upload,client.log'
ptd-server 2021-03-05 20:48:14,964 [INFO] Received '/home/anton/projects/mlperf/power-dev/output/2021-03-05_20-26-04client.log.tmp'
ptd-server 2021-03-05 20:48:14,965 [INFO] Removed '/home/anton/projects/mlperf/power-dev/output/2021-03-05_20-26-04client.log.tmp'
ptd-server 2021-03-05 20:48:14,965 [INFO] Sending reply to client 'OK'
ptd-server 2021-03-05 20:48:14,977 [INFO] Got command from the client 'session,2021-03-05_20-26-04,upload,client.json'
ptd-server 2021-03-05 20:48:14,980 [INFO] Received '/home/anton/projects/mlperf/power-dev/output/2021-03-05_20-26-04client.json.tmp'
ptd-server 2021-03-05 20:48:14,980 [INFO] Removed '/home/anton/projects/mlperf/power-dev/output/2021-03-05_20-26-04client.json.tmp'
ptd-server 2021-03-05 20:48:14,980 [INFO] Sending reply to client 'OK'
ptd-server 2021-03-05 20:48:14,983 [INFO] Got command from the client 'session,2021-03-05_20-26-04,done'
ptd-server 2021-03-05 20:48:14,983 [INFO] Sending to ptd: 'Stop'
ptd-server 2021-03-05 20:48:15,070 [INFO] Reply from ptd: 'Error: no measurement to stop'
ptd-server 2021-03-05 20:48:15,070 [INFO] Sending to ptd: 'SR,V,300.000000'
ptd-server 2021-03-05 20:48:16,571 [INFO] Reply from ptd: 'Range V changed'
ptd-server 2021-03-05 20:48:16,571 [INFO] Sending to ptd: 'SR,A,0.500000'
ptd-server 2021-03-05 20:48:18,073 [INFO] Reply from ptd: 'Range A changed'
ptd-server 2021-03-05 20:48:18,073 [INFO] Set initial values for Amps 0.500000 and Volts 300.000000
ptd-server 2021-03-05 20:48:18,073 [INFO] Stopping ptd...
