ptd-server 2021-03-08 09:53:41,101 [INFO] Got command from the client 'time'
ptd-server 2021-03-08 09:53:41,101 [INFO] Sending reply to client '1615197221.1019547'
ptd-server 2021-03-08 09:53:41,105 [INFO] Got command from the client 'new,,d18b68d5-a9cf-4a4d-b8e1-7267e4fb3bdc'
ptd-server 2021-03-08 09:53:41,105 [INFO] Sending reply to client 'OK 2021-03-08_09-53-41,10ce1445-a965-4295-8a83-bc626cc8d0af'
ptd-server 2021-03-08 09:53:41,151 [INFO] Got command from the client 'time'
ptd-server 2021-03-08 09:53:41,151 [INFO] Sending reply to client '1615197221.1515036'
ptd-server 2021-03-08 09:53:41,154 [INFO] Got command from the client 'session,2021-03-08_09-53-41,start,ranging'
ptd-server 2021-03-08 09:53:41,155 [INFO] Running PTDaemon: ['/home/anton/projects/mlperf/power/inference_v1.0/ptd-linux-x86', '-l', 'ptd.log', '-p', '8888', '52', '/dev/usbtmc0']
ptd-server 2021-03-08 09:53:58,327 [INFO] Sending to ptd: 'Hello'
ptd-server 2021-03-08 09:53:58,327 [INFO] Reply from ptd: 'Hello, PTDaemon here!'
ptd-server 2021-03-08 09:53:58,328 [INFO] Sending to ptd: 'Identify'
ptd-server 2021-03-08 09:53:58,328 [INFO] Reply from ptd: 'YokogawaWT330E,1000,1,1,1,1,0,0,1,version=1.9.2-e8c7a49a-20201208,OS=Linux 5.8.0-43-generic #49~20.04.1-Ubuntu SMP Fri Feb 5 09:57:56 UTC 2021 x86_64,mode=power,1,1,1,0,0,no_cal_date,YOKOGAWA;WT333E;C3VD30030E;F1.04'
ptd-server 2021-03-08 09:53:58,328 [INFO] Connected to PTDaemon
ptd-server 2021-03-08 09:53:58,328 [INFO] Sending to ptd: 'RR'
ptd-server 2021-03-08 09:53:58,329 [INFO] Reply from ptd: 'Ranges,0,0.500000,0,300.000000'
ptd-server 2021-03-08 09:53:58,329 [INFO] Initial range for Amps is 0.500000 for Volts is 300.000000
ptd-server 2021-03-08 09:53:58,329 [INFO] Sending to ptd: 'SR,V,Auto'
ptd-server 2021-03-08 09:53:58,831 [INFO] Reply from ptd: 'Range V changed'
ptd-server 2021-03-08 09:53:58,832 [INFO] Sending to ptd: 'SR,A,Auto'
ptd-server 2021-03-08 09:53:59,334 [INFO] Reply from ptd: 'Range A changed'
ptd-server 2021-03-08 09:54:09,344 [INFO] Starting ranging mode
ptd-server 2021-03-08 09:54:09,344 [INFO] Sending to ptd: 'Go,1000,0,2021-03-08_09-53-41_ranging'
ptd-server 2021-03-08 09:54:09,345 [INFO] Reply from ptd: 'Starting untimed measurement, maximum 500000 samples at 1000ms with 0 rampup samples'
ptd-server 2021-03-08 09:54:09,345 [INFO] Sending reply to client 'OK'
ptd-server 2021-03-08 10:04:34,312 [INFO] Got command from the client 'session,2021-03-08_09-53-41,stop,ranging'
ptd-server 2021-03-08 10:04:44,322 [INFO] Sending to ptd: 'Stop'
ptd-server 2021-03-08 10:04:44,323 [INFO] Reply from ptd: 'Stopping untimed measurement'
ptd-server 2021-03-08 10:04:44,979 [INFO] Sending reply to client 'OK'
ptd-server 2021-03-08 10:04:45,022 [INFO] Got command from the client 'time'
ptd-server 2021-03-08 10:04:45,022 [INFO] Sending reply to client '1615197885.022462'
ptd-server 2021-03-08 10:04:45,026 [INFO] Got command from the client 'session,2021-03-08_09-53-41,start,testing'
ptd-server 2021-03-08 10:04:45,026 [INFO] Sending to ptd: 'SR,V,250.660000'
ptd-server 2021-03-08 10:04:46,527 [INFO] Reply from ptd: 'Range V changed'
ptd-server 2021-03-08 10:04:46,528 [INFO] Sending to ptd: 'SR,A,0.050070'
ptd-server 2021-03-08 10:04:48,029 [INFO] Reply from ptd: 'Range A changed'
ptd-server 2021-03-08 10:04:58,039 [INFO] Starting testing mode
ptd-server 2021-03-08 10:04:58,039 [INFO] Sending to ptd: 'Go,1000,0,2021-03-08_09-53-41_testing'
ptd-server 2021-03-08 10:04:58,040 [INFO] Reply from ptd: 'Starting untimed measurement, maximum 500000 samples at 1000ms with 0 rampup samples'
ptd-server 2021-03-08 10:04:58,040 [INFO] Sending reply to client 'OK'
ptd-server 2021-03-08 10:15:27,920 [INFO] Got command from the client 'session,2021-03-08_09-53-41,stop,testing'
ptd-server 2021-03-08 10:15:37,931 [INFO] Sending to ptd: 'Stop'
ptd-server 2021-03-08 10:15:37,931 [INFO] Reply from ptd: 'Stopping untimed measurement'
ptd-server 2021-03-08 10:15:38,279 [INFO] Sending reply to client 'OK'
ptd-server 2021-03-08 10:15:38,287 [INFO] Got command from the client 'session,2021-03-08_09-53-41,upload,client.log'
ptd-server 2021-03-08 10:15:38,291 [INFO] Received '/home/anton/projects/mlperf/power-dev/output/2021-03-08_09-53-41client.log.tmp'
ptd-server 2021-03-08 10:15:38,291 [INFO] Removed '/home/anton/projects/mlperf/power-dev/output/2021-03-08_09-53-41client.log.tmp'
ptd-server 2021-03-08 10:15:38,292 [INFO] Sending reply to client 'OK'
ptd-server 2021-03-08 10:15:38,304 [INFO] Got command from the client 'session,2021-03-08_09-53-41,upload,client.json'
ptd-server 2021-03-08 10:15:38,307 [INFO] Received '/home/anton/projects/mlperf/power-dev/output/2021-03-08_09-53-41client.json.tmp'
ptd-server 2021-03-08 10:15:38,307 [INFO] Removed '/home/anton/projects/mlperf/power-dev/output/2021-03-08_09-53-41client.json.tmp'
ptd-server 2021-03-08 10:15:38,307 [INFO] Sending reply to client 'OK'
ptd-server 2021-03-08 10:15:38,310 [INFO] Got command from the client 'session,2021-03-08_09-53-41,done'
ptd-server 2021-03-08 10:15:38,310 [INFO] Sending to ptd: 'Stop'
ptd-server 2021-03-08 10:15:38,310 [INFO] Reply from ptd: 'Error: no measurement to stop'
ptd-server 2021-03-08 10:15:38,311 [INFO] Sending to ptd: 'SR,V,300.000000'
ptd-server 2021-03-08 10:15:39,812 [INFO] Reply from ptd: 'Range V changed'
ptd-server 2021-03-08 10:15:39,812 [INFO] Sending to ptd: 'SR,A,0.500000'
ptd-server 2021-03-08 10:15:41,313 [INFO] Reply from ptd: 'Range A changed'
ptd-server 2021-03-08 10:15:41,313 [INFO] Set initial values for Amps 0.500000 and Volts 300.000000
ptd-server 2021-03-08 10:15:41,314 [INFO] Stopping ptd...
