client 2021-03-17 14:41:42,525 [WARNING] Removing old loadgen logs directory '/home/scratch.mlperf_inf_ci/mlPerf/L1/A100x8_MaxQ-Computelab-A100x8-MaxQ-L1-1-2021-03-17-14-11-35-UTC/mlperf-inference/closed/NVIDIA/build/power_logs_temp'
client 2021-03-17 14:41:42,530 [INFO] Sending command to the server: 'mlcommons/power client v3'
client 2021-03-17 14:41:42,532 [INFO] Got response: 'mlcommons/power server v3'
client 2021-03-17 14:41:42,532 [INFO] Sending command to the server: 'stop'
client 2021-03-17 14:41:42,534 [INFO] Got response: 'OK'
client 2021-03-17 14:41:42,534 [INFO] Synchronizing with the server and with ib-01.dc4-in.nvidia.com...
client 2021-03-17 14:41:42,941 [INFO] NTP:offset = 0.127 s, delay = 0.201 s 
client 2021-03-17 14:41:42,941 [INFO] Sending command to the server: 'time'
client 2021-03-17 14:41:42,947 [INFO] Got response: '1616017303.060888'
client 2021-03-17 14:41:42,947 [INFO] The time difference between the client and the server is within range -119.841 ms..-113.757 ms
client 2021-03-17 14:41:42,947 [INFO] Sending command to the server: 'new,,ccaccb11-979d-4d74-bca1-3c6be808e910'
client 2021-03-17 14:41:42,948 [INFO] Got response: 'OK 2021-03-17_14-41-43,a0718180-9076-4e16-b887-f2ffe5e9120e'
client 2021-03-17 14:41:42,948 [INFO] Session id is '2021-03-17_14-41-43'
client 2021-03-17 14:41:42,948 [INFO] Sources: {"sources": {"client.py": "d1e75cb4b26101220ebd242e584cf3ca5d8f1996", "lib/__init__.py": "da39a3ee5e6b4b0d3255bfef95601890afd80709", "lib/client.py": "d42bebf5b74cb6ff3997e2a6c68422afac111a28", "lib/common.py": "b0bad80d8fa328a7636027d4d66ff453f8dd7889", "lib/external/ntplib.py": "4da8f970656505a40483206ef2b5d3dd5e81711d", "lib/server.py": "2ed36471c7af565d6c8438b2134edad1d7ddf166", "lib/source_hashes.py": "4cedff274c661cb1504052018fd4f00dfbf624ef", "lib/summary.py": "0db15d783907aa92038281af4e465545c0648ddb", "lib/time_sync.py": "76051226ec89287839723352f4162aaa24e0546a", "server.py": "99e1310e3f76292aef1b8792ce6b8c82f1d44d8b", "tests/unit/test_server.py": "64f11775bfed35232a0e8bb9593c0ff992432c59", "tests/unit/test_source_hashes.py": "cb41a7261eaf7d94ba5c0aae9c523174f6204be3"}, "modules": {"__main__": "client.py", "lib.client": "lib/client.py", "lib.common": "lib/common.py", "lib.external.ntplib": "lib/external/ntplib.py", "lib.source_hashes": "lib/source_hashes.py", "lib.summary": "lib/summary.py", "lib.time_sync": "lib/time_sync.py"}}
client 2021-03-17 14:41:42,950 [INFO] Running workload in ranging mode
client 2021-03-17 14:41:42,951 [INFO] Synchronizing with the server and with ib-01.dc4-in.nvidia.com...
client 2021-03-17 14:41:43,153 [INFO] NTP:offset = 0.127 s, delay = 0.201 s 
client 2021-03-17 14:41:43,153 [INFO] Sending command to the server: 'time'
client 2021-03-17 14:41:43,154 [INFO] Got response: '1616017303.2639704'
client 2021-03-17 14:41:43,154 [INFO] The time difference between the client and the server is within range -110.869 ms..-109.449 ms
client 2021-03-17 14:41:43,154 [INFO] Sending command to the server: 'session,2021-03-17_14-41-43,start,ranging'
client 2021-03-17 14:42:22,833 [INFO] Got response: 'OK'
client 2021-03-17 14:42:22,833 [INFO] Running the workload 'LOG_DIR=/home/scratch.mlperf_inf_ci/mlPerf/L1/A100x8_MaxQ-Computelab-A100x8-MaxQ-L1-1-2021-03-17-14-11-35-UTC/mlperf-inference/closed/NVIDIA/build/power_logs_temp python3 code/main.py --benchmarks=rnnt --scenarios=Offline --test_mode=PerformanceOnly --config_ver=maxq --action="run_harness" \\\n\t\t&& cp -v /home/scratch.mlperf_inf_ci/mlPerf/L1/A100x8_MaxQ-Computelab-A100x8-MaxQ-L1-1-2021-03-17-14-11-35-UTC/mlperf-inference/closed/NVIDIA/build/power_logs_temp/*/*/*/mlperf_log_detail.txt /home/scratch.mlperf_inf_ci/mlPerf/L1/A100x8_MaxQ-Computelab-A100x8-MaxQ-L1-1-2021-03-17-14-11-35-UTC/mlperf-inference/closed/NVIDIA/build/power_logs_temp/ \\\n\t\t&& cp -v /home/scratch.mlperf_inf_ci/mlPerf/L1/A100x8_MaxQ-Computelab-A100x8-MaxQ-L1-1-2021-03-17-14-11-35-UTC/mlperf-inference/closed/NVIDIA/build/power_logs_temp/*/*/*/mlperf_log_summary.txt /home/scratch.mlperf_inf_ci/mlPerf/L1/A100x8_MaxQ-Computelab-A100x8-MaxQ-L1-1-2021-03-17-14-11-35-UTC/mlperf-inference/closed/NVIDIA/build/power_logs_temp/'
client 2021-03-17 14:56:46,095 [INFO] Sending command to the server: 'session,2021-03-17_14-41-43,stop,ranging'
client 2021-03-17 14:56:56,173 [INFO] Got response: 'OK'
client 2021-03-17 14:56:56,179 [INFO] Packing logs into zip and uploading to the server
client 2021-03-17 14:56:56,194 [INFO] Zip file size: 22.4 kB
client 2021-03-17 14:56:56,214 [INFO] Got response: 'OK'
client 2021-03-17 14:56:56,215 [INFO] Running workload in testing mode
client 2021-03-17 14:56:56,215 [INFO] Synchronizing with the server and with ib-01.dc4-in.nvidia.com...
client 2021-03-17 14:56:56,418 [INFO] NTP:offset = 0.140 s, delay = 0.201 s 
client 2021-03-17 14:56:56,418 [INFO] Sending command to the server: 'time'
client 2021-03-17 14:56:56,419 [INFO] Got response: '1616018216.552024'
client 2021-03-17 14:56:56,419 [INFO] The time difference between the client and the server is within range -133.597 ms..-132.324 ms
client 2021-03-17 14:56:56,419 [INFO] Sending command to the server: 'session,2021-03-17_14-41-43,start,testing'
client 2021-03-17 14:57:18,525 [INFO] Got response: 'OK'
client 2021-03-17 14:57:18,525 [INFO] Running the workload 'LOG_DIR=/home/scratch.mlperf_inf_ci/mlPerf/L1/A100x8_MaxQ-Computelab-A100x8-MaxQ-L1-1-2021-03-17-14-11-35-UTC/mlperf-inference/closed/NVIDIA/build/power_logs_temp python3 code/main.py --benchmarks=rnnt --scenarios=Offline --test_mode=PerformanceOnly --config_ver=maxq --action="run_harness" \\\n\t\t&& cp -v /home/scratch.mlperf_inf_ci/mlPerf/L1/A100x8_MaxQ-Computelab-A100x8-MaxQ-L1-1-2021-03-17-14-11-35-UTC/mlperf-inference/closed/NVIDIA/build/power_logs_temp/*/*/*/mlperf_log_detail.txt /home/scratch.mlperf_inf_ci/mlPerf/L1/A100x8_MaxQ-Computelab-A100x8-MaxQ-L1-1-2021-03-17-14-11-35-UTC/mlperf-inference/closed/NVIDIA/build/power_logs_temp/ \\\n\t\t&& cp -v /home/scratch.mlperf_inf_ci/mlPerf/L1/A100x8_MaxQ-Computelab-A100x8-MaxQ-L1-1-2021-03-17-14-11-35-UTC/mlperf-inference/closed/NVIDIA/build/power_logs_temp/*/*/*/mlperf_log_summary.txt /home/scratch.mlperf_inf_ci/mlPerf/L1/A100x8_MaxQ-Computelab-A100x8-MaxQ-L1-1-2021-03-17-14-11-35-UTC/mlperf-inference/closed/NVIDIA/build/power_logs_temp/'
client 2021-03-17 15:11:42,298 [INFO] Sending command to the server: 'session,2021-03-17_14-41-43,stop,testing'
client 2021-03-17 15:11:52,341 [INFO] Got response: 'OK'
client 2021-03-17 15:11:52,346 [INFO] Packing logs into zip and uploading to the server
client 2021-03-17 15:11:52,361 [INFO] Zip file size: 22.4 kB
client 2021-03-17 15:11:52,381 [INFO] Got response: 'OK'
client 2021-03-17 15:11:52,382 [INFO] Done runs
