ptd-server 2021-03-17 14:41:42,654 [INFO] Got command from the client 'stop'
ptd-server 2021-03-17 14:41:42,654 [INFO] The server will be stopped after processing this client
ptd-server 2021-03-17 14:41:42,654 [INFO] Sending reply to client 'OK'
ptd-server 2021-03-17 14:41:43,060 [INFO] Got command from the client 'time'
ptd-server 2021-03-17 14:41:43,060 [INFO] Sending reply to client '1616017303.060888'
ptd-server 2021-03-17 14:41:43,060 [INFO] Got command from the client 'new,,ccaccb11-979d-4d74-bca1-3c6be808e910'
ptd-server 2021-03-17 14:41:43,060 [INFO] Sending reply to client 'OK 2021-03-17_14-41-43,a0718180-9076-4e16-b887-f2ffe5e9120e'
ptd-server 2021-03-17 14:41:43,263 [INFO] Got command from the client 'time'
ptd-server 2021-03-17 14:41:43,263 [INFO] Sending reply to client '1616017303.2639704'
ptd-server 2021-03-17 14:41:43,263 [INFO] Got command from the client 'session,2021-03-17_14-41-43,start,ranging'
ptd-server 2021-03-17 14:41:43,373 [INFO] Running PTDaemon: ['C:\\PTD\\ptd-windows-x86.exe', '-l', 'C:\\logs_ptdeamon.txt', '-p', '8888', '-c', '1,3', '-y', '77', '172.22.0.90']
ptd-server 2021-03-17 14:42:02,783 [INFO] Sending to ptd: 'Hello'
ptd-server 2021-03-17 14:42:02,783 [INFO] Reply from ptd: 'Hello, PTDaemon here!'
ptd-server 2021-03-17 14:42:02,783 [INFO] Sending to ptd: 'Identify'
ptd-server 2021-03-17 14:42:02,783 [INFO] Reply from ptd: 'YokogawaWT330_multichannel,1000,1,1,1,1,0,0,1,version=1.9.2-3976349f-20201208,OS=Windows 8 / Server 2012,mode=power,1,1,2,0,0,no_cal_date,YOKOGAWA;WT333E;C2WA21018V;F1.04'
ptd-server 2021-03-17 14:42:02,783 [INFO] Connected to PTDaemon
ptd-server 2021-03-17 14:42:02,783 [INFO] Sending to ptd: 'RR'
ptd-server 2021-03-17 14:42:02,783 [INFO] Reply from ptd: 'Ranges,0,20.000000,1,300.000000'
ptd-server 2021-03-17 14:42:02,783 [INFO] Initial range for Amps is 20.000000 for Volts is Auto
ptd-server 2021-03-17 14:42:02,783 [INFO] Sending to ptd: 'SR,V,Auto'
ptd-server 2021-03-17 14:42:07,860 [INFO] Reply from ptd: 'Range V changed'
ptd-server 2021-03-17 14:42:07,860 [INFO] Sending to ptd: 'SR,A,Auto'
ptd-server 2021-03-17 14:42:12,937 [INFO] Reply from ptd: 'Range A changed'
ptd-server 2021-03-17 14:42:22,950 [INFO] Starting ranging mode
ptd-server 2021-03-17 14:42:22,950 [INFO] Sending to ptd: 'Go,1000,0,2021-03-17_14-41-43_ranging'
ptd-server 2021-03-17 14:42:22,950 [INFO] Reply from ptd: 'Starting untimed measurement, maximum 500000 samples at 1000ms with 0 rampup samples'
ptd-server 2021-03-17 14:42:22,950 [INFO] Sending reply to client 'OK'
ptd-server 2021-03-17 14:56:46,223 [INFO] Got command from the client 'session,2021-03-17_14-41-43,stop,ranging'
ptd-server 2021-03-17 14:56:56,224 [INFO] Sending to ptd: 'Stop'
ptd-server 2021-03-17 14:56:56,224 [INFO] Reply from ptd: 'Stopping untimed measurement'
ptd-server 2021-03-17 14:56:56,302 [INFO] Sending reply to client 'OK'
ptd-server 2021-03-17 14:56:56,317 [INFO] Got command from the client 'session,2021-03-17_14-41-43,upload,ranging'
ptd-server 2021-03-17 14:56:56,333 [INFO] Received 'C:\\ptd-logs\\2021-03-17_14-41-43ranging.tmp'
ptd-server 2021-03-17 14:56:56,348 [INFO] Extracted 'C:\\ptd-logs\\2021-03-17_14-41-43ranging.tmp' into 'C:\\ptd-logs\\2021-03-17_14-41-43\\ranging'
ptd-server 2021-03-17 14:56:56,348 [INFO] Removed 'C:\\ptd-logs\\2021-03-17_14-41-43ranging.tmp'
ptd-server 2021-03-17 14:56:56,348 [INFO] Sending reply to client 'OK'
ptd-server 2021-03-17 14:56:56,552 [INFO] Got command from the client 'time'
ptd-server 2021-03-17 14:56:56,552 [INFO] Sending reply to client '1616018216.552024'
ptd-server 2021-03-17 14:56:56,552 [INFO] Got command from the client 'session,2021-03-17_14-41-43,start,testing'
ptd-server 2021-03-17 14:56:56,552 [INFO] Sending to ptd: 'SR,V,233.570000'
ptd-server 2021-03-17 14:57:03,050 [INFO] Reply from ptd: 'Range V changed'
ptd-server 2021-03-17 14:57:03,050 [INFO] Sending to ptd: 'SR,A,5.458400'
ptd-server 2021-03-17 14:57:08,642 [INFO] Reply from ptd: 'Range A changed'
ptd-server 2021-03-17 14:57:18,655 [INFO] Starting testing mode
ptd-server 2021-03-17 14:57:18,655 [INFO] Sending to ptd: 'Go,1000,0,2021-03-17_14-41-43_testing'
ptd-server 2021-03-17 14:57:18,655 [INFO] Reply from ptd: 'Starting untimed measurement, maximum 500000 samples at 1000ms with 0 rampup samples'
ptd-server 2021-03-17 14:57:18,655 [INFO] Sending reply to client 'OK'
ptd-server 2021-03-17 15:11:42,444 [INFO] Got command from the client 'session,2021-03-17_14-41-43,stop,testing'
ptd-server 2021-03-17 15:11:52,447 [INFO] Sending to ptd: 'Stop'
ptd-server 2021-03-17 15:11:52,447 [INFO] Reply from ptd: 'Stopping untimed measurement'
ptd-server 2021-03-17 15:11:52,478 [INFO] Sending reply to client 'OK'
ptd-server 2021-03-17 15:11:52,509 [INFO] Got command from the client 'session,2021-03-17_14-41-43,upload,testing'
ptd-server 2021-03-17 15:11:52,509 [INFO] Received 'C:\\ptd-logs\\2021-03-17_14-41-43testing.tmp'
ptd-server 2021-03-17 15:11:52,525 [INFO] Extracted 'C:\\ptd-logs\\2021-03-17_14-41-43testing.tmp' into 'C:\\ptd-logs\\2021-03-17_14-41-43\\run_1'
ptd-server 2021-03-17 15:11:52,525 [INFO] Removed 'C:\\ptd-logs\\2021-03-17_14-41-43testing.tmp'
ptd-server 2021-03-17 15:11:52,525 [INFO] Sending reply to client 'OK'
ptd-server 2021-03-17 15:11:52,525 [INFO] Got command from the client 'session,2021-03-17_14-41-43,upload,client.log'
ptd-server 2021-03-17 15:11:52,525 [INFO] Received 'C:\\ptd-logs\\2021-03-17_14-41-43client.log.tmp'
ptd-server 2021-03-17 15:11:52,541 [INFO] Removed 'C:\\ptd-logs\\2021-03-17_14-41-43client.log.tmp'
ptd-server 2021-03-17 15:11:52,541 [INFO] Sending reply to client 'OK'
ptd-server 2021-03-17 15:11:52,556 [INFO] Got command from the client 'session,2021-03-17_14-41-43,upload,client.json'
ptd-server 2021-03-17 15:11:52,556 [INFO] Received 'C:\\ptd-logs\\2021-03-17_14-41-43client.json.tmp'
ptd-server 2021-03-17 15:11:52,572 [INFO] Removed 'C:\\ptd-logs\\2021-03-17_14-41-43client.json.tmp'
ptd-server 2021-03-17 15:11:52,572 [INFO] Sending reply to client 'OK'
ptd-server 2021-03-17 15:11:52,572 [INFO] Got command from the client 'session,2021-03-17_14-41-43,done'
ptd-server 2021-03-17 15:11:52,572 [INFO] Sending to ptd: 'Stop'
ptd-server 2021-03-17 15:11:52,666 [INFO] Reply from ptd: 'Error: no measurement to stop'
ptd-server 2021-03-17 15:11:52,666 [INFO] Sending to ptd: 'SR,V,Auto'
ptd-server 2021-03-17 15:11:57,744 [INFO] Reply from ptd: 'Range V changed'
ptd-server 2021-03-17 15:11:57,744 [INFO] Sending to ptd: 'SR,A,20.000000'
ptd-server 2021-03-17 15:12:03,336 [INFO] Reply from ptd: 'Range A changed'
ptd-server 2021-03-17 15:12:03,336 [INFO] Set initial values for Amps 20.000000 and Volts Auto
ptd-server 2021-03-17 15:12:03,336 [INFO] Stopping ptd...
