ptd-server 2021-03-06 23:30:07,878 [INFO] Got command from the client 'time'
ptd-server 2021-03-06 23:30:07,879 [INFO] Sending reply to client '1615073407.8791072'
ptd-server 2021-03-06 23:30:07,882 [INFO] Got command from the client 'new,,20d22c7e-63e8-4e67-be79-6fd475a5ccc1'
ptd-server 2021-03-06 23:30:07,883 [INFO] Sending reply to client 'OK 2021-03-06_23-30-07,948a0862-d34c-4be4-8d1e-48c00d716f76'
ptd-server 2021-03-06 23:30:07,918 [INFO] Got command from the client 'time'
ptd-server 2021-03-06 23:30:07,918 [INFO] Sending reply to client '1615073407.9188855'
ptd-server 2021-03-06 23:30:07,922 [INFO] Got command from the client 'session,2021-03-06_23-30-07,start,ranging'
ptd-server 2021-03-06 23:30:07,922 [INFO] Running PTDaemon: ['/home/anton/projects/mlperf/power/inference_v1.0/ptd-linux-x86', '-l', 'ptd.log', '-p', '8888', '52', '/dev/usbtmc0']
ptd-server 2021-03-06 23:30:25,091 [INFO] Sending to ptd: 'Hello'
ptd-server 2021-03-06 23:30:25,092 [INFO] Reply from ptd: 'Hello, PTDaemon here!'
ptd-server 2021-03-06 23:30:25,092 [INFO] Sending to ptd: 'Identify'
ptd-server 2021-03-06 23:30:25,092 [INFO] Reply from ptd: 'YokogawaWT330E,1000,1,1,1,1,0,0,1,version=1.9.2-e8c7a49a-20201208,OS=Linux 5.8.0-43-generic #49~20.04.1-Ubuntu SMP Fri Feb 5 09:57:56 UTC 2021 x86_64,mode=power,1,1,1,0,0,no_cal_date,YOKOGAWA;WT333E;C3VD30030E;F1.04'
ptd-server 2021-03-06 23:30:25,092 [INFO] Connected to PTDaemon
ptd-server 2021-03-06 23:30:25,092 [INFO] Sending to ptd: 'RR'
ptd-server 2021-03-06 23:30:25,093 [INFO] Reply from ptd: 'Ranges,0,0.500000,0,300.000000'
ptd-server 2021-03-06 23:30:25,093 [INFO] Initial range for Amps is 0.500000 for Volts is 300.000000
ptd-server 2021-03-06 23:30:25,093 [INFO] Sending to ptd: 'SR,V,Auto'
ptd-server 2021-03-06 23:30:25,596 [INFO] Reply from ptd: 'Range V changed'
ptd-server 2021-03-06 23:30:25,596 [INFO] Sending to ptd: 'SR,A,Auto'
ptd-server 2021-03-06 23:30:26,098 [INFO] Reply from ptd: 'Range A changed'
ptd-server 2021-03-06 23:30:36,108 [INFO] Starting ranging mode
ptd-server 2021-03-06 23:30:36,109 [INFO] Sending to ptd: 'Go,1000,0,2021-03-06_23-30-07_ranging'
ptd-server 2021-03-06 23:30:36,109 [INFO] Reply from ptd: 'Starting untimed measurement, maximum 500000 samples at 1000ms with 0 rampup samples'
ptd-server 2021-03-06 23:30:36,109 [INFO] Sending reply to client 'OK'
ptd-server 2021-03-06 23:41:01,545 [INFO] Got command from the client 'session,2021-03-06_23-30-07,stop,ranging'
ptd-server 2021-03-06 23:41:11,555 [INFO] Sending to ptd: 'Stop'
ptd-server 2021-03-06 23:41:11,556 [INFO] Reply from ptd: 'Stopping untimed measurement'
ptd-server 2021-03-06 23:41:12,035 [INFO] Sending reply to client 'OK'
ptd-server 2021-03-06 23:41:12,080 [INFO] Got command from the client 'time'
ptd-server 2021-03-06 23:41:12,080 [INFO] Sending reply to client '1615074072.0803368'
ptd-server 2021-03-06 23:41:12,084 [INFO] Got command from the client 'session,2021-03-06_23-30-07,start,testing'
ptd-server 2021-03-06 23:41:12,084 [INFO] Sending to ptd: 'SR,V,251.310000'
ptd-server 2021-03-06 23:41:13,610 [INFO] Reply from ptd: 'Range V changed'
ptd-server 2021-03-06 23:41:13,610 [INFO] Sending to ptd: 'SR,A,0.054480'
ptd-server 2021-03-06 23:41:15,112 [INFO] Reply from ptd: 'Range A changed'
ptd-server 2021-03-06 23:41:25,122 [INFO] Starting testing mode
ptd-server 2021-03-06 23:41:25,122 [INFO] Sending to ptd: 'Go,1000,0,2021-03-06_23-30-07_testing'
ptd-server 2021-03-06 23:41:25,122 [INFO] Reply from ptd: 'Starting untimed measurement, maximum 500000 samples at 1000ms with 0 rampup samples'
ptd-server 2021-03-06 23:41:25,123 [INFO] Sending reply to client 'OK'
ptd-server 2021-03-06 23:51:55,112 [INFO] Got command from the client 'session,2021-03-06_23-30-07,stop,testing'
ptd-server 2021-03-06 23:52:05,122 [INFO] Sending to ptd: 'Stop'
ptd-server 2021-03-06 23:52:05,123 [INFO] Reply from ptd: 'Stopping untimed measurement'
ptd-server 2021-03-06 23:52:05,378 [INFO] Sending reply to client 'OK'
ptd-server 2021-03-06 23:52:05,386 [INFO] Got command from the client 'session,2021-03-06_23-30-07,upload,client.log'
ptd-server 2021-03-06 23:52:05,389 [INFO] Received '/home/anton/projects/mlperf/power-dev/output/2021-03-06_23-30-07client.log.tmp'
ptd-server 2021-03-06 23:52:05,390 [INFO] Removed '/home/anton/projects/mlperf/power-dev/output/2021-03-06_23-30-07client.log.tmp'
ptd-server 2021-03-06 23:52:05,390 [INFO] Sending reply to client 'OK'
ptd-server 2021-03-06 23:52:05,402 [INFO] Got command from the client 'session,2021-03-06_23-30-07,upload,client.json'
ptd-server 2021-03-06 23:52:05,405 [INFO] Received '/home/anton/projects/mlperf/power-dev/output/2021-03-06_23-30-07client.json.tmp'
ptd-server 2021-03-06 23:52:05,406 [INFO] Removed '/home/anton/projects/mlperf/power-dev/output/2021-03-06_23-30-07client.json.tmp'
ptd-server 2021-03-06 23:52:05,406 [INFO] Sending reply to client 'OK'
ptd-server 2021-03-06 23:52:05,408 [INFO] Got command from the client 'session,2021-03-06_23-30-07,done'
ptd-server 2021-03-06 23:52:05,409 [INFO] Sending to ptd: 'Stop'
ptd-server 2021-03-06 23:52:06,123 [INFO] Reply from ptd: 'Error: no measurement to stop'
ptd-server 2021-03-06 23:52:06,123 [INFO] Sending to ptd: 'SR,V,300.000000'
ptd-server 2021-03-06 23:52:07,624 [INFO] Reply from ptd: 'Range V changed'
ptd-server 2021-03-06 23:52:07,624 [INFO] Sending to ptd: 'SR,A,0.500000'
ptd-server 2021-03-06 23:52:09,126 [INFO] Reply from ptd: 'Range A changed'
ptd-server 2021-03-06 23:52:09,126 [INFO] Set initial values for Amps 0.500000 and Volts 300.000000
ptd-server 2021-03-06 23:52:09,126 [INFO] Stopping ptd...
