client 2021-03-17 21:08:24,738 [WARNING] Removing old loadgen logs directory '/home/scratch.mlperf_inf_ci/mlPerf/L1/Xavier_MaxQ-Computelab-Xavier-MaxQ-L1-5-2021-03-17-23-28-24-UTC/mlperf-inference/closed/NVIDIA/build/power_logs_temp'
client 2021-03-17 21:08:24,747 [INFO] Sending command to the server: 'mlcommons/power client v3'
client 2021-03-17 21:08:24,752 [INFO] Got response: 'mlcommons/power server v3'
client 2021-03-17 21:08:24,752 [INFO] Sending command to the server: 'stop'
client 2021-03-17 21:08:24,754 [INFO] Got response: 'OK'
client 2021-03-17 21:08:24,754 [INFO] Synchronizing with the server and with ib-01.dc4-in.nvidia.com...
client 2021-03-17 21:08:24,976 [INFO] NTP:offset = -0.001 s, delay = 0.202 s 
client 2021-03-17 21:08:24,977 [INFO] Sending command to the server: 'time'
client 2021-03-17 21:08:24,978 [INFO] Got response: '1616040504.933015'
client 2021-03-17 21:08:24,979 [INFO] The time difference between the client and the server is within range 43.925 ms..46.438 ms
client 2021-03-17 21:08:24,979 [INFO] Sending command to the server: 'new,,d9cc52d6-67b6-4858-b24e-dfc025744558'
client 2021-03-17 21:08:24,981 [INFO] Got response: 'OK 2021-03-17_21-08-24,88f79904-c7e6-4bda-b9f5-1f4ab50f12d4'
client 2021-03-17 21:08:24,982 [INFO] Session id is '2021-03-17_21-08-24'
client 2021-03-17 21:08:24,982 [INFO] Sources: {"sources": {"client.py": "d1e75cb4b26101220ebd242e584cf3ca5d8f1996", "lib/__init__.py": "da39a3ee5e6b4b0d3255bfef95601890afd80709", "lib/client.py": "d42bebf5b74cb6ff3997e2a6c68422afac111a28", "lib/common.py": "b0bad80d8fa328a7636027d4d66ff453f8dd7889", "lib/external/ntplib.py": "4da8f970656505a40483206ef2b5d3dd5e81711d", "lib/server.py": "2ed36471c7af565d6c8438b2134edad1d7ddf166", "lib/source_hashes.py": "4cedff274c661cb1504052018fd4f00dfbf624ef", "lib/summary.py": "0db15d783907aa92038281af4e465545c0648ddb", "lib/time_sync.py": "76051226ec89287839723352f4162aaa24e0546a", "server.py": "99e1310e3f76292aef1b8792ce6b8c82f1d44d8b", "tests/unit/test_server.py": "64f11775bfed35232a0e8bb9593c0ff992432c59", "tests/unit/test_source_hashes.py": "cb41a7261eaf7d94ba5c0aae9c523174f6204be3"}, "modules": {"__main__": "client.py", "lib.client": "lib/client.py", "lib.common": "lib/common.py", "lib.external.ntplib": "lib/external/ntplib.py", "lib.source_hashes": "lib/source_hashes.py", "lib.summary": "lib/summary.py", "lib.time_sync": "lib/time_sync.py"}}
client 2021-03-17 21:08:24,986 [INFO] Running workload in ranging mode
client 2021-03-17 21:08:24,986 [INFO] Synchronizing with the server and with ib-01.dc4-in.nvidia.com...
client 2021-03-17 21:08:25,194 [INFO] NTP:offset = -0.001 s, delay = 0.202 s 
client 2021-03-17 21:08:25,194 [INFO] Sending command to the server: 'time'
client 2021-03-17 21:08:25,196 [INFO] Got response: '1616040505.1516917'
client 2021-03-17 21:08:25,196 [INFO] The time difference between the client and the server is within range 42.698 ms..45.032 ms
client 2021-03-17 21:08:25,197 [INFO] Sending command to the server: 'session,2021-03-17_21-08-24,start,ranging'
client 2021-03-17 21:08:54,211 [INFO] Got response: 'OK'
client 2021-03-17 21:08:54,212 [INFO] Running the workload 'LOG_DIR=/home/scratch.mlperf_inf_ci/mlPerf/L1/Xavier_MaxQ-Computelab-Xavier-MaxQ-L1-5-2021-03-17-23-28-24-UTC/mlperf-inference/closed/NVIDIA/build/power_logs_temp python3 code/main.py --benchmarks=resnet50 --scenarios=SingleStream --test_mode=PerformanceOnly --config_ver=maxq --action="run_harness" \\\n\t\t&& cp -v /home/scratch.mlperf_inf_ci/mlPerf/L1/Xavier_MaxQ-Computelab-Xavier-MaxQ-L1-5-2021-03-17-23-28-24-UTC/mlperf-inference/closed/NVIDIA/build/power_logs_temp/*/*/*/mlperf_log_detail.txt /home/scratch.mlperf_inf_ci/mlPerf/L1/Xavier_MaxQ-Computelab-Xavier-MaxQ-L1-5-2021-03-17-23-28-24-UTC/mlperf-inference/closed/NVIDIA/build/power_logs_temp/ \\\n\t\t&& cp -v /home/scratch.mlperf_inf_ci/mlPerf/L1/Xavier_MaxQ-Computelab-Xavier-MaxQ-L1-5-2021-03-17-23-28-24-UTC/mlperf-inference/closed/NVIDIA/build/power_logs_temp/*/*/*/mlperf_log_summary.txt /home/scratch.mlperf_inf_ci/mlPerf/L1/Xavier_MaxQ-Computelab-Xavier-MaxQ-L1-5-2021-03-17-23-28-24-UTC/mlperf-inference/closed/NVIDIA/build/power_logs_temp/'
client 2021-03-17 21:19:17,646 [INFO] Sending command to the server: 'session,2021-03-17_21-08-24,stop,ranging'
client 2021-03-17 21:19:28,185 [INFO] Got response: 'OK'
client 2021-03-17 21:19:28,193 [INFO] Packing logs into zip and uploading to the server
client 2021-03-17 21:19:28,229 [INFO] Zip file size: 23.3 kB
client 2021-03-17 21:19:28,250 [INFO] Got response: 'OK'
client 2021-03-17 21:19:28,252 [INFO] Running workload in testing mode
client 2021-03-17 21:19:28,252 [INFO] Synchronizing with the server and with ib-01.dc4-in.nvidia.com...
client 2021-03-17 21:19:28,462 [INFO] NTP:offset = -0.002 s, delay = 0.203 s 
client 2021-03-17 21:19:28,462 [INFO] Sending command to the server: 'time'
client 2021-03-17 21:19:28,464 [INFO] Got response: '1616041168.406711'
client 2021-03-17 21:19:28,464 [INFO] The time difference between the client and the server is within range 55.915 ms..57.983 ms
client 2021-03-17 21:19:28,465 [INFO] Sending command to the server: 'session,2021-03-17_21-08-24,start,testing'
client 2021-03-17 21:19:41,533 [INFO] Got response: 'OK'
client 2021-03-17 21:19:41,534 [INFO] Running the workload 'LOG_DIR=/home/scratch.mlperf_inf_ci/mlPerf/L1/Xavier_MaxQ-Computelab-Xavier-MaxQ-L1-5-2021-03-17-23-28-24-UTC/mlperf-inference/closed/NVIDIA/build/power_logs_temp python3 code/main.py --benchmarks=resnet50 --scenarios=SingleStream --test_mode=PerformanceOnly --config_ver=maxq --action="run_harness" \\\n\t\t&& cp -v /home/scratch.mlperf_inf_ci/mlPerf/L1/Xavier_MaxQ-Computelab-Xavier-MaxQ-L1-5-2021-03-17-23-28-24-UTC/mlperf-inference/closed/NVIDIA/build/power_logs_temp/*/*/*/mlperf_log_detail.txt /home/scratch.mlperf_inf_ci/mlPerf/L1/Xavier_MaxQ-Computelab-Xavier-MaxQ-L1-5-2021-03-17-23-28-24-UTC/mlperf-inference/closed/NVIDIA/build/power_logs_temp/ \\\n\t\t&& cp -v /home/scratch.mlperf_inf_ci/mlPerf/L1/Xavier_MaxQ-Computelab-Xavier-MaxQ-L1-5-2021-03-17-23-28-24-UTC/mlperf-inference/closed/NVIDIA/build/power_logs_temp/*/*/*/mlperf_log_summary.txt /home/scratch.mlperf_inf_ci/mlPerf/L1/Xavier_MaxQ-Computelab-Xavier-MaxQ-L1-5-2021-03-17-23-28-24-UTC/mlperf-inference/closed/NVIDIA/build/power_logs_temp/'
client 2021-03-17 21:30:04,186 [INFO] Sending command to the server: 'session,2021-03-17_21-08-24,stop,testing'
client 2021-03-17 21:30:14,473 [INFO] Got response: 'OK'
client 2021-03-17 21:30:14,482 [INFO] Packing logs into zip and uploading to the server
client 2021-03-17 21:30:14,514 [INFO] Zip file size: 23.3 kB
client 2021-03-17 21:30:14,535 [INFO] Got response: 'OK'
client 2021-03-17 21:30:14,536 [INFO] Done runs
