ptd-server 2021-03-17 21:08:24,707 [INFO] Got command from the client 'stop'
ptd-server 2021-03-17 21:08:24,707 [INFO] The server will be stopped after processing this client
ptd-server 2021-03-17 21:08:24,707 [INFO] Sending reply to client 'OK'
ptd-server 2021-03-17 21:08:24,933 [INFO] Got command from the client 'time'
ptd-server 2021-03-17 21:08:24,933 [INFO] Sending reply to client '1616040504.933015'
ptd-server 2021-03-17 21:08:24,933 [INFO] Got command from the client 'new,,d9cc52d6-67b6-4858-b24e-dfc025744558'
ptd-server 2021-03-17 21:08:24,933 [INFO] Sending reply to client 'OK 2021-03-17_21-08-24,88f79904-c7e6-4bda-b9f5-1f4ab50f12d4'
ptd-server 2021-03-17 21:08:25,151 [INFO] Got command from the client 'time'
ptd-server 2021-03-17 21:08:25,151 [INFO] Sending reply to client '1616040505.1516917'
ptd-server 2021-03-17 21:08:25,151 [INFO] Got command from the client 'session,2021-03-17_21-08-24,start,ranging'
ptd-server 2021-03-17 21:08:25,261 [INFO] Running PTDaemon: ['C:\\PTD\\ptd-windows-x86.exe', '-l', 'C:\\logs_ptdeamon.txt', '-p', '8888', '-c', '3', '-y', '52', '10.32.209.251']
ptd-server 2021-03-17 21:08:43,118 [INFO] Sending to ptd: 'Hello'
ptd-server 2021-03-17 21:08:43,118 [INFO] Reply from ptd: 'Hello, PTDaemon here!'
ptd-server 2021-03-17 21:08:43,118 [INFO] Sending to ptd: 'Identify'
ptd-server 2021-03-17 21:08:43,118 [INFO] Reply from ptd: 'YokogawaWT330E,1000,1,1,1,1,0,0,1,version=1.9.2-3976349f-20201208,OS=Windows 8 / Server 2012,mode=power,1,1,1,0,0,no_cal_date,YOKOGAWA;WT333E;C2VL22012V;F1.03'
ptd-server 2021-03-17 21:08:43,118 [INFO] Connected to PTDaemon
ptd-server 2021-03-17 21:08:43,118 [INFO] Sending to ptd: 'RR'
ptd-server 2021-03-17 21:08:43,118 [INFO] Reply from ptd: 'Ranges,0,0.500000,0,150.000000'
ptd-server 2021-03-17 21:08:43,118 [INFO] Initial range for Amps is 0.500000 for Volts is 150.000000
ptd-server 2021-03-17 21:08:43,118 [INFO] Sending to ptd: 'SR,V,Auto'
ptd-server 2021-03-17 21:08:43,634 [INFO] Reply from ptd: 'Range V changed'
ptd-server 2021-03-17 21:08:43,634 [INFO] Sending to ptd: 'SR,A,Auto'
ptd-server 2021-03-17 21:08:44,149 [INFO] Reply from ptd: 'Range A changed'
ptd-server 2021-03-17 21:08:54,162 [INFO] Starting ranging mode
ptd-server 2021-03-17 21:08:54,162 [INFO] Sending to ptd: 'Go,1000,0,2021-03-17_21-08-24_ranging'
ptd-server 2021-03-17 21:08:54,162 [INFO] Reply from ptd: 'Starting untimed measurement, maximum 500000 samples at 1000ms with 0 rampup samples'
ptd-server 2021-03-17 21:08:54,162 [INFO] Sending reply to client 'OK'
ptd-server 2021-03-17 21:19:17,601 [INFO] Got command from the client 'session,2021-03-17_21-08-24,stop,ranging'
ptd-server 2021-03-17 21:19:27,610 [INFO] Sending to ptd: 'Stop'
ptd-server 2021-03-17 21:19:27,610 [INFO] Reply from ptd: 'Stopping untimed measurement'
ptd-server 2021-03-17 21:19:28,125 [INFO] Sending reply to client 'OK'
ptd-server 2021-03-17 21:19:28,172 [INFO] Got command from the client 'session,2021-03-17_21-08-24,upload,ranging'
ptd-server 2021-03-17 21:19:28,188 [INFO] Received 'C:\\ptd-logs\\2021-03-17_21-08-24ranging.tmp'
ptd-server 2021-03-17 21:19:28,203 [INFO] Extracted 'C:\\ptd-logs\\2021-03-17_21-08-24ranging.tmp' into 'C:\\ptd-logs\\2021-03-17_21-08-24\\ranging'
ptd-server 2021-03-17 21:19:28,203 [INFO] Removed 'C:\\ptd-logs\\2021-03-17_21-08-24ranging.tmp'
ptd-server 2021-03-17 21:19:28,203 [INFO] Sending reply to client 'OK'
ptd-server 2021-03-17 21:19:28,406 [INFO] Got command from the client 'time'
ptd-server 2021-03-17 21:19:28,406 [INFO] Sending reply to client '1616041168.406711'
ptd-server 2021-03-17 21:19:28,422 [INFO] Got command from the client 'session,2021-03-17_21-08-24,start,testing'
ptd-server 2021-03-17 21:19:28,422 [INFO] Sending to ptd: 'SR,V,119.980000'
ptd-server 2021-03-17 21:19:29,953 [INFO] Reply from ptd: 'Range V changed'
ptd-server 2021-03-17 21:19:29,953 [INFO] Sending to ptd: 'SR,A,0.319000'
ptd-server 2021-03-17 21:19:31,484 [INFO] Reply from ptd: 'Range A changed'
ptd-server 2021-03-17 21:19:41,484 [INFO] Starting testing mode
ptd-server 2021-03-17 21:19:41,484 [INFO] Sending to ptd: 'Go,1000,0,2021-03-17_21-08-24_testing'
ptd-server 2021-03-17 21:19:41,484 [INFO] Reply from ptd: 'Starting untimed measurement, maximum 500000 samples at 1000ms with 0 rampup samples'
ptd-server 2021-03-17 21:19:41,484 [INFO] Sending reply to client 'OK'
ptd-server 2021-03-17 21:30:04,143 [INFO] Got command from the client 'session,2021-03-17_21-08-24,stop,testing'
ptd-server 2021-03-17 21:30:14,156 [INFO] Sending to ptd: 'Stop'
ptd-server 2021-03-17 21:30:14,156 [INFO] Reply from ptd: 'Stopping untimed measurement'
ptd-server 2021-03-17 21:30:14,421 [INFO] Sending reply to client 'OK'
ptd-server 2021-03-17 21:30:14,468 [INFO] Got command from the client 'session,2021-03-17_21-08-24,upload,testing'
ptd-server 2021-03-17 21:30:14,468 [INFO] Received 'C:\\ptd-logs\\2021-03-17_21-08-24testing.tmp'
ptd-server 2021-03-17 21:30:14,484 [INFO] Extracted 'C:\\ptd-logs\\2021-03-17_21-08-24testing.tmp' into 'C:\\ptd-logs\\2021-03-17_21-08-24\\run_1'
ptd-server 2021-03-17 21:30:14,484 [INFO] Removed 'C:\\ptd-logs\\2021-03-17_21-08-24testing.tmp'
ptd-server 2021-03-17 21:30:14,484 [INFO] Sending reply to client 'OK'
ptd-server 2021-03-17 21:30:14,499 [INFO] Got command from the client 'session,2021-03-17_21-08-24,upload,client.log'
ptd-server 2021-03-17 21:30:14,499 [INFO] Received 'C:\\ptd-logs\\2021-03-17_21-08-24client.log.tmp'
ptd-server 2021-03-17 21:30:14,499 [INFO] Removed 'C:\\ptd-logs\\2021-03-17_21-08-24client.log.tmp'
ptd-server 2021-03-17 21:30:14,499 [INFO] Sending reply to client 'OK'
ptd-server 2021-03-17 21:30:14,546 [INFO] Got command from the client 'session,2021-03-17_21-08-24,upload,client.json'
ptd-server 2021-03-17 21:30:14,546 [INFO] Received 'C:\\ptd-logs\\2021-03-17_21-08-24client.json.tmp'
ptd-server 2021-03-17 21:30:14,562 [INFO] Removed 'C:\\ptd-logs\\2021-03-17_21-08-24client.json.tmp'
ptd-server 2021-03-17 21:30:14,562 [INFO] Sending reply to client 'OK'
ptd-server 2021-03-17 21:30:14,562 [INFO] Got command from the client 'session,2021-03-17_21-08-24,done'
ptd-server 2021-03-17 21:30:14,562 [INFO] Sending to ptd: 'Stop'
ptd-server 2021-03-17 21:30:14,562 [INFO] Reply from ptd: 'Error: no measurement to stop'
ptd-server 2021-03-17 21:30:14,562 [INFO] Sending to ptd: 'SR,V,150.000000'
ptd-server 2021-03-17 21:30:16,093 [INFO] Reply from ptd: 'Range V changed'
ptd-server 2021-03-17 21:30:16,093 [INFO] Sending to ptd: 'SR,A,0.500000'
ptd-server 2021-03-17 21:30:17,624 [INFO] Reply from ptd: 'Range A changed'
ptd-server 2021-03-17 21:30:17,624 [INFO] Set initial values for Amps 0.500000 and Volts 150.000000
ptd-server 2021-03-17 21:30:17,624 [INFO] Stopping ptd...
