ptd-server 2021-03-05 15:57:00,167 [INFO] Got command from the client 'time'
ptd-server 2021-03-05 15:57:00,167 [INFO] Sending reply to client '1614959820.1677709'
ptd-server 2021-03-05 15:57:00,170 [INFO] Got command from the client 'new,,517b8809-92bb-428f-8254-5d05f1a5ab34'
ptd-server 2021-03-05 15:57:00,171 [INFO] Sending reply to client 'OK 2021-03-05_15-57-00,92cac42a-824d-4758-8036-8650b9d2eb7c'
ptd-server 2021-03-05 15:57:00,207 [INFO] Got command from the client 'time'
ptd-server 2021-03-05 15:57:00,208 [INFO] Sending reply to client '1614959820.208037'
ptd-server 2021-03-05 15:57:00,211 [INFO] Got command from the client 'session,2021-03-05_15-57-00,start,ranging'
ptd-server 2021-03-05 15:57:00,211 [INFO] Running PTDaemon: ['/home/anton/projects/mlperf/power/inference_v1.0/ptd-linux-x86', '-l', 'ptd.log', '-p', '8888', '52', '/dev/usbtmc0']
ptd-server 2021-03-05 15:57:17,379 [INFO] Sending to ptd: 'Hello'
ptd-server 2021-03-05 15:57:17,380 [INFO] Reply from ptd: 'Hello, PTDaemon here!'
ptd-server 2021-03-05 15:57:17,380 [INFO] Sending to ptd: 'Identify'
ptd-server 2021-03-05 15:57:17,380 [INFO] Reply from ptd: 'YokogawaWT330E,1000,1,1,1,1,0,0,1,version=1.9.2-e8c7a49a-20201208,OS=Linux 5.8.0-43-generic #49~20.04.1-Ubuntu SMP Fri Feb 5 09:57:56 UTC 2021 x86_64,mode=power,1,1,1,0,0,no_cal_date,YOKOGAWA;WT333E;C3VD30030E;F1.04'
ptd-server 2021-03-05 15:57:17,381 [INFO] Connected to PTDaemon
ptd-server 2021-03-05 15:57:17,381 [INFO] Sending to ptd: 'RR'
ptd-server 2021-03-05 15:57:17,381 [INFO] Reply from ptd: 'Ranges,0,0.500000,0,300.000000'
ptd-server 2021-03-05 15:57:17,381 [INFO] Initial range for Amps is 0.500000 for Volts is 300.000000
ptd-server 2021-03-05 15:57:17,381 [INFO] Sending to ptd: 'SR,V,Auto'
ptd-server 2021-03-05 15:57:17,884 [INFO] Reply from ptd: 'Range V changed'
ptd-server 2021-03-05 15:57:17,884 [INFO] Sending to ptd: 'SR,A,Auto'
ptd-server 2021-03-05 15:57:18,387 [INFO] Reply from ptd: 'Range A changed'
ptd-server 2021-03-05 15:57:28,397 [INFO] Starting ranging mode
ptd-server 2021-03-05 15:57:28,397 [INFO] Sending to ptd: 'Go,1000,0,2021-03-05_15-57-00_ranging'
ptd-server 2021-03-05 15:57:28,397 [INFO] Reply from ptd: 'Starting untimed measurement, maximum 500000 samples at 1000ms with 0 rampup samples'
ptd-server 2021-03-05 15:57:28,398 [INFO] Sending reply to client 'OK'
ptd-server 2021-03-05 16:08:00,212 [INFO] Got command from the client 'session,2021-03-05_15-57-00,stop,ranging'
ptd-server 2021-03-05 16:08:10,222 [INFO] Sending to ptd: 'Stop'
ptd-server 2021-03-05 16:08:10,223 [INFO] Reply from ptd: 'Stopping untimed measurement'
ptd-server 2021-03-05 16:08:10,563 [INFO] Sending reply to client 'OK'
ptd-server 2021-03-05 16:08:10,606 [INFO] Got command from the client 'time'
ptd-server 2021-03-05 16:08:10,606 [INFO] Sending reply to client '1614960490.6067464'
ptd-server 2021-03-05 16:08:10,610 [INFO] Got command from the client 'session,2021-03-05_15-57-00,start,testing'
ptd-server 2021-03-05 16:08:10,610 [INFO] Sending to ptd: 'SR,V,250.040000'
ptd-server 2021-03-05 16:08:12,112 [INFO] Reply from ptd: 'Range V changed'
ptd-server 2021-03-05 16:08:12,112 [INFO] Sending to ptd: 'SR,A,0.055480'
ptd-server 2021-03-05 16:08:13,613 [INFO] Reply from ptd: 'Range A changed'
ptd-server 2021-03-05 16:08:23,623 [INFO] Starting testing mode
ptd-server 2021-03-05 16:08:23,623 [INFO] Sending to ptd: 'Go,1000,0,2021-03-05_15-57-00_testing'
ptd-server 2021-03-05 16:08:23,624 [INFO] Reply from ptd: 'Starting untimed measurement, maximum 500000 samples at 1000ms with 0 rampup samples'
ptd-server 2021-03-05 16:08:23,624 [INFO] Sending reply to client 'OK'
ptd-server 2021-03-05 16:19:00,002 [INFO] Got command from the client 'session,2021-03-05_15-57-00,stop,testing'
ptd-server 2021-03-05 16:19:10,012 [INFO] Sending to ptd: 'Stop'
ptd-server 2021-03-05 16:19:10,013 [INFO] Reply from ptd: 'Stopping untimed measurement'
ptd-server 2021-03-05 16:19:10,200 [INFO] Sending reply to client 'OK'
ptd-server 2021-03-05 16:19:10,208 [INFO] Got command from the client 'session,2021-03-05_15-57-00,upload,client.log'
ptd-server 2021-03-05 16:19:10,211 [INFO] Received '/home/anton/projects/mlperf/power-dev/output/2021-03-05_15-57-00client.log.tmp'
ptd-server 2021-03-05 16:19:10,211 [INFO] Removed '/home/anton/projects/mlperf/power-dev/output/2021-03-05_15-57-00client.log.tmp'
ptd-server 2021-03-05 16:19:10,211 [INFO] Sending reply to client 'OK'
ptd-server 2021-03-05 16:19:10,223 [INFO] Got command from the client 'session,2021-03-05_15-57-00,upload,client.json'
ptd-server 2021-03-05 16:19:10,226 [INFO] Received '/home/anton/projects/mlperf/power-dev/output/2021-03-05_15-57-00client.json.tmp'
ptd-server 2021-03-05 16:19:10,227 [INFO] Removed '/home/anton/projects/mlperf/power-dev/output/2021-03-05_15-57-00client.json.tmp'
ptd-server 2021-03-05 16:19:10,227 [INFO] Sending reply to client 'OK'
ptd-server 2021-03-05 16:19:10,229 [INFO] Got command from the client 'session,2021-03-05_15-57-00,done'
ptd-server 2021-03-05 16:19:10,229 [INFO] Sending to ptd: 'Stop'
ptd-server 2021-03-05 16:19:10,625 [INFO] Reply from ptd: 'Error: no measurement to stop'
ptd-server 2021-03-05 16:19:10,625 [INFO] Sending to ptd: 'SR,V,300.000000'
ptd-server 2021-03-05 16:19:12,126 [INFO] Reply from ptd: 'Range V changed'
ptd-server 2021-03-05 16:19:12,126 [INFO] Sending to ptd: 'SR,A,0.500000'
ptd-server 2021-03-05 16:19:13,628 [INFO] Reply from ptd: 'Range A changed'
ptd-server 2021-03-05 16:19:13,628 [INFO] Set initial values for Amps 0.500000 and Volts 300.000000
ptd-server 2021-03-05 16:19:13,628 [INFO] Stopping ptd...
