ptd-server 2021-03-01 03:17:06,219 [INFO] Got command from the client 'time'
ptd-server 2021-03-01 03:17:06,219 [INFO] Sending reply to client '1614568626.219263'
ptd-server 2021-03-01 03:17:06,220 [INFO] Got command from the client 'new,,f9bd4147-f23a-4013-9599-cebf312f78e7'
ptd-server 2021-03-01 03:17:06,221 [INFO] Sending reply to client 'OK 2021-03-01_03-17-06,7c9f199b-449a-4683-864b-15f586c8e2c8'
ptd-server 2021-03-01 03:17:06,252 [INFO] Got command from the client 'time'
ptd-server 2021-03-01 03:17:06,252 [INFO] Sending reply to client '1614568626.252188'
ptd-server 2021-03-01 03:17:06,253 [INFO] Got command from the client 'session,2021-03-01_03-17-06,start,ranging'
ptd-server 2021-03-01 03:17:06,253 [INFO] Running PTDaemon: ['/home/anton/projects/mlperf/power/inference_v1.0/ptd-linux-x86', '-l', 'ptd.log', '-p', '8888', '52', '/dev/usbtmc0']
ptd-server 2021-03-01 03:17:23,422 [INFO] Sending to ptd: 'Hello'
ptd-server 2021-03-01 03:17:23,422 [INFO] Reply from ptd: 'Hello, PTDaemon here!'
ptd-server 2021-03-01 03:17:23,422 [INFO] Sending to ptd: 'Identify'
ptd-server 2021-03-01 03:17:23,423 [INFO] Reply from ptd: 'YokogawaWT330E,1000,1,1,1,1,0,0,1,version=1.9.2-e8c7a49a-20201208,OS=Linux 5.8.0-43-generic #49~20.04.1-Ubuntu SMP Fri Feb 5 09:57:56 UTC 2021 x86_64,mode=power,1,1,1,0,0,no_cal_date,YOKOGAWA;WT333E;C3VD30030E;F1.04'
ptd-server 2021-03-01 03:17:23,423 [INFO] Connected to PTDaemon
ptd-server 2021-03-01 03:17:23,423 [INFO] Sending to ptd: 'RR'
ptd-server 2021-03-01 03:17:23,423 [INFO] Reply from ptd: 'Ranges,0,0.500000,0,300.000000'
ptd-server 2021-03-01 03:17:23,424 [INFO] Initial range for Amps is 0.500000 for Volts is 300.000000
ptd-server 2021-03-01 03:17:23,424 [INFO] Sending to ptd: 'SR,V,Auto'
ptd-server 2021-03-01 03:17:23,926 [INFO] Reply from ptd: 'Range V changed'
ptd-server 2021-03-01 03:17:23,926 [INFO] Sending to ptd: 'SR,A,Auto'
ptd-server 2021-03-01 03:17:24,429 [INFO] Reply from ptd: 'Range A changed'
ptd-server 2021-03-01 03:17:34,439 [INFO] Starting ranging mode
ptd-server 2021-03-01 03:17:34,439 [INFO] Sending to ptd: 'Go,1000,0,2021-03-01_03-17-06_ranging'
ptd-server 2021-03-01 03:17:34,440 [INFO] Reply from ptd: 'Starting untimed measurement, maximum 500000 samples at 1000ms with 0 rampup samples'
ptd-server 2021-03-01 03:17:34,440 [INFO] Sending reply to client 'OK'
ptd-server 2021-03-01 03:27:49,517 [INFO] Got command from the client 'session,2021-03-01_03-17-06,stop,ranging'
ptd-server 2021-03-01 03:27:59,527 [INFO] Sending to ptd: 'Stop'
ptd-server 2021-03-01 03:27:59,527 [INFO] Reply from ptd: 'Stopping untimed measurement'
ptd-server 2021-03-01 03:27:59,759 [INFO] Sending reply to client 'OK'
ptd-server 2021-03-01 03:27:59,801 [INFO] Got command from the client 'time'
ptd-server 2021-03-01 03:27:59,801 [INFO] Sending reply to client '1614569279.8018851'
ptd-server 2021-03-01 03:27:59,803 [INFO] Got command from the client 'session,2021-03-01_03-17-06,start,testing'
ptd-server 2021-03-01 03:27:59,803 [INFO] Sending to ptd: 'SR,V,250.050000'
ptd-server 2021-03-01 03:28:01,941 [INFO] Reply from ptd: 'Range V changed'
ptd-server 2021-03-01 03:28:01,941 [INFO] Sending to ptd: 'SR,A,0.183900'
ptd-server 2021-03-01 03:28:03,443 [INFO] Reply from ptd: 'Range A changed'
ptd-server 2021-03-01 03:28:13,453 [INFO] Starting testing mode
ptd-server 2021-03-01 03:28:13,453 [INFO] Sending to ptd: 'Go,1000,0,2021-03-01_03-17-06_testing'
ptd-server 2021-03-01 03:28:13,453 [INFO] Reply from ptd: 'Starting untimed measurement, maximum 500000 samples at 1000ms with 0 rampup samples'
ptd-server 2021-03-01 03:28:13,454 [INFO] Sending reply to client 'OK'
ptd-server 2021-03-01 03:38:28,547 [INFO] Got command from the client 'session,2021-03-01_03-17-06,stop,testing'
ptd-server 2021-03-01 03:38:38,557 [INFO] Sending to ptd: 'Stop'
ptd-server 2021-03-01 03:38:38,558 [INFO] Reply from ptd: 'Stopping untimed measurement'
ptd-server 2021-03-01 03:38:38,690 [INFO] Sending reply to client 'OK'
ptd-server 2021-03-01 03:38:38,693 [INFO] Got command from the client 'session,2021-03-01_03-17-06,upload,client.log'
ptd-server 2021-03-01 03:38:38,693 [INFO] Received '/home/anton/projects/mlperf/power-dev/output/2021-03-01_03-17-06client.log.tmp'
ptd-server 2021-03-01 03:38:38,694 [INFO] Removed '/home/anton/projects/mlperf/power-dev/output/2021-03-01_03-17-06client.log.tmp'
ptd-server 2021-03-01 03:38:38,694 [INFO] Sending reply to client 'OK'
ptd-server 2021-03-01 03:38:38,698 [INFO] Got command from the client 'session,2021-03-01_03-17-06,upload,client.json'
ptd-server 2021-03-01 03:38:38,698 [INFO] Received '/home/anton/projects/mlperf/power-dev/output/2021-03-01_03-17-06client.json.tmp'
ptd-server 2021-03-01 03:38:38,698 [INFO] Removed '/home/anton/projects/mlperf/power-dev/output/2021-03-01_03-17-06client.json.tmp'
ptd-server 2021-03-01 03:38:38,698 [INFO] Sending reply to client 'OK'
ptd-server 2021-03-01 03:38:38,699 [INFO] Got command from the client 'session,2021-03-01_03-17-06,done'
ptd-server 2021-03-01 03:38:38,699 [INFO] Sending to ptd: 'Stop'
ptd-server 2021-03-01 03:38:39,455 [INFO] Reply from ptd: 'Error: no measurement to stop'
ptd-server 2021-03-01 03:38:39,455 [INFO] Sending to ptd: 'SR,V,300.000000'
ptd-server 2021-03-01 03:38:40,956 [INFO] Reply from ptd: 'Range V changed'
ptd-server 2021-03-01 03:38:40,957 [INFO] Sending to ptd: 'SR,A,0.500000'
ptd-server 2021-03-01 03:38:42,458 [INFO] Reply from ptd: 'Range A changed'
ptd-server 2021-03-01 03:38:42,458 [INFO] Set initial values for Amps 0.500000 and Volts 300.000000
ptd-server 2021-03-01 03:38:42,458 [INFO] Stopping ptd...
