ptd-server 2021-03-09 10:31:51,346 [INFO] Got command from the client 'time'
ptd-server 2021-03-09 10:31:51,346 [INFO] Sending reply to client '1615285911.346146'
ptd-server 2021-03-09 10:31:51,347 [INFO] Got command from the client 'new,,98a23de2-60e9-4468-9893-bcd6ee9c6ec7'
ptd-server 2021-03-09 10:31:51,348 [INFO] Sending reply to client 'OK 2021-03-09_10-31-51,8c48b148-a941-4cb0-9ac0-d589049139a7'
ptd-server 2021-03-09 10:31:51,385 [INFO] Got command from the client 'time'
ptd-server 2021-03-09 10:31:51,385 [INFO] Sending reply to client '1615285911.3857927'
ptd-server 2021-03-09 10:31:51,387 [INFO] Got command from the client 'session,2021-03-09_10-31-51,start,ranging'
ptd-server 2021-03-09 10:31:51,388 [INFO] Running PTDaemon: ['/home/anton/projects/mlperf/power/inference_v1.0/ptd-linux-x86', '-l', 'ptd.log', '-p', '8888', '52', '/dev/usbtmc0']
ptd-server 2021-03-09 10:32:08,559 [INFO] Sending to ptd: 'Hello'
ptd-server 2021-03-09 10:32:08,560 [INFO] Reply from ptd: 'Hello, PTDaemon here!'
ptd-server 2021-03-09 10:32:08,560 [INFO] Sending to ptd: 'Identify'
ptd-server 2021-03-09 10:32:08,560 [INFO] Reply from ptd: 'YokogawaWT330E,1000,1,1,1,1,0,0,1,version=1.9.2-e8c7a49a-20201208,OS=Linux 5.8.0-43-generic #49~20.04.1-Ubuntu SMP Fri Feb 5 09:57:56 UTC 2021 x86_64,mode=power,1,1,1,0,0,no_cal_date,YOKOGAWA;WT333E;C3VD30030E;F1.04'
ptd-server 2021-03-09 10:32:08,560 [INFO] Connected to PTDaemon
ptd-server 2021-03-09 10:32:08,561 [INFO] Sending to ptd: 'RR'
ptd-server 2021-03-09 10:32:08,561 [INFO] Reply from ptd: 'Ranges,0,0.500000,0,300.000000'
ptd-server 2021-03-09 10:32:08,561 [INFO] Initial range for Amps is 0.500000 for Volts is 300.000000
ptd-server 2021-03-09 10:32:08,561 [INFO] Sending to ptd: 'SR,V,Auto'
ptd-server 2021-03-09 10:32:09,064 [INFO] Reply from ptd: 'Range V changed'
ptd-server 2021-03-09 10:32:09,064 [INFO] Sending to ptd: 'SR,A,Auto'
ptd-server 2021-03-09 10:32:09,566 [INFO] Reply from ptd: 'Range A changed'
ptd-server 2021-03-09 10:32:19,576 [INFO] Starting ranging mode
ptd-server 2021-03-09 10:32:19,577 [INFO] Sending to ptd: 'Go,1000,0,2021-03-09_10-31-51_ranging'
ptd-server 2021-03-09 10:32:19,577 [INFO] Reply from ptd: 'Starting untimed measurement, maximum 500000 samples at 1000ms with 0 rampup samples'
ptd-server 2021-03-09 10:32:19,577 [INFO] Sending reply to client 'OK'
ptd-server 2021-03-09 10:42:34,846 [INFO] Got command from the client 'session,2021-03-09_10-31-51,stop,ranging'
ptd-server 2021-03-09 10:42:44,856 [INFO] Sending to ptd: 'Stop'
ptd-server 2021-03-09 10:42:44,857 [INFO] Reply from ptd: 'Stopping untimed measurement'
ptd-server 2021-03-09 10:42:45,605 [INFO] Sending reply to client 'OK'
ptd-server 2021-03-09 10:42:45,642 [INFO] Got command from the client 'time'
ptd-server 2021-03-09 10:42:45,643 [INFO] Sending reply to client '1615286565.6431458'
ptd-server 2021-03-09 10:42:45,645 [INFO] Got command from the client 'session,2021-03-09_10-31-51,start,testing'
ptd-server 2021-03-09 10:42:45,645 [INFO] Sending to ptd: 'SR,V,249.770000'
ptd-server 2021-03-09 10:42:47,146 [INFO] Reply from ptd: 'Range V changed'
ptd-server 2021-03-09 10:42:47,147 [INFO] Sending to ptd: 'SR,A,0.130240'
ptd-server 2021-03-09 10:42:48,648 [INFO] Reply from ptd: 'Range A changed'
ptd-server 2021-03-09 10:42:58,658 [INFO] Starting testing mode
ptd-server 2021-03-09 10:42:58,658 [INFO] Sending to ptd: 'Go,1000,0,2021-03-09_10-31-51_testing'
ptd-server 2021-03-09 10:42:58,659 [INFO] Reply from ptd: 'Starting untimed measurement, maximum 500000 samples at 1000ms with 0 rampup samples'
ptd-server 2021-03-09 10:42:58,659 [INFO] Sending reply to client 'OK'
ptd-server 2021-03-09 10:53:14,015 [INFO] Got command from the client 'session,2021-03-09_10-31-51,stop,testing'
ptd-server 2021-03-09 10:53:24,025 [INFO] Sending to ptd: 'Stop'
ptd-server 2021-03-09 10:53:24,026 [INFO] Reply from ptd: 'Stopping untimed measurement'
ptd-server 2021-03-09 10:53:24,400 [INFO] Sending reply to client 'OK'
ptd-server 2021-03-09 10:53:24,409 [INFO] Got command from the client 'session,2021-03-09_10-31-51,upload,client.log'
ptd-server 2021-03-09 10:53:24,411 [INFO] Received '/home/anton/projects/mlperf/power-dev/output/2021-03-09_10-31-51client.log.tmp'
ptd-server 2021-03-09 10:53:24,411 [INFO] Removed '/home/anton/projects/mlperf/power-dev/output/2021-03-09_10-31-51client.log.tmp'
ptd-server 2021-03-09 10:53:24,411 [INFO] Sending reply to client 'OK'
ptd-server 2021-03-09 10:53:24,418 [INFO] Got command from the client 'session,2021-03-09_10-31-51,upload,client.json'
ptd-server 2021-03-09 10:53:24,418 [INFO] Received '/home/anton/projects/mlperf/power-dev/output/2021-03-09_10-31-51client.json.tmp'
ptd-server 2021-03-09 10:53:24,418 [INFO] Removed '/home/anton/projects/mlperf/power-dev/output/2021-03-09_10-31-51client.json.tmp'
ptd-server 2021-03-09 10:53:24,418 [INFO] Sending reply to client 'OK'
ptd-server 2021-03-09 10:53:24,419 [INFO] Got command from the client 'session,2021-03-09_10-31-51,done'
ptd-server 2021-03-09 10:53:24,420 [INFO] Sending to ptd: 'Stop'
ptd-server 2021-03-09 10:53:24,659 [INFO] Reply from ptd: 'Error: no measurement to stop'
ptd-server 2021-03-09 10:53:24,660 [INFO] Sending to ptd: 'SR,V,300.000000'
ptd-server 2021-03-09 10:53:26,161 [INFO] Reply from ptd: 'Range V changed'
ptd-server 2021-03-09 10:53:26,161 [INFO] Sending to ptd: 'SR,A,0.500000'
ptd-server 2021-03-09 10:53:27,662 [INFO] Reply from ptd: 'Range A changed'
ptd-server 2021-03-09 10:53:27,662 [INFO] Set initial values for Amps 0.500000 and Volts 300.000000
ptd-server 2021-03-09 10:53:27,663 [INFO] Stopping ptd...
