[2021-03-19 09:55:57,095 log_parser.py:50 INFO] Sucessfully loaded MLPerf log from closed/DellEMC/results/R750_Intel6330_openvino/resnet50/offline/accuracy/mlperf_log_detail.txt.
[2021-03-19 09:55:57,096 log_parser.py:50 INFO] Sucessfully loaded MLPerf log from closed/DellEMC/results/R750_Intel6330_openvino/resnet50/offline/performance/run_1/mlperf_log_detail.txt.
[2021-03-19 09:55:57,097 log_parser.py:50 INFO] Sucessfully loaded MLPerf log from closed/DellEMC/results/R750_Intel6330_openvino/resnet50/offline/performance/run_1/mlperf_log_detail.txt.
[2021-03-19 09:55:57,105 log_parser.py:50 INFO] Sucessfully loaded MLPerf log from closed/DellEMC/results/R750_Intel6330_openvino/resnet50/server/accuracy/mlperf_log_detail.txt.
[2021-03-19 09:55:57,106 log_parser.py:50 INFO] Sucessfully loaded MLPerf log from closed/DellEMC/results/R750_Intel6330_openvino/resnet50/server/performance/run_1/mlperf_log_detail.txt.
[2021-03-19 09:55:57,107 log_parser.py:50 INFO] Sucessfully loaded MLPerf log from closed/DellEMC/results/R750_Intel6330_openvino/resnet50/server/performance/run_1/mlperf_log_detail.txt.
[2021-03-19 09:55:57,113 log_parser.py:50 INFO] Sucessfully loaded MLPerf log from closed/DellEMC/results/R750_Intel6330_openvino/ssd-resnet34/offline/accuracy/mlperf_log_detail.txt.
[2021-03-19 09:55:57,114 log_parser.py:50 INFO] Sucessfully loaded MLPerf log from closed/DellEMC/results/R750_Intel6330_openvino/ssd-resnet34/offline/performance/run_1/mlperf_log_detail.txt.
[2021-03-19 09:55:57,115 log_parser.py:50 INFO] Sucessfully loaded MLPerf log from closed/DellEMC/results/R750_Intel6330_openvino/ssd-resnet34/offline/performance/run_1/mlperf_log_detail.txt.
[2021-03-19 09:55:57,121 log_parser.py:50 INFO] Sucessfully loaded MLPerf log from closed/DellEMC/results/R750_Intel6330_openvino/ssd-resnet34/server/accuracy/mlperf_log_detail.txt.
[2021-03-19 09:55:57,122 log_parser.py:50 INFO] Sucessfully loaded MLPerf log from closed/DellEMC/results/R750_Intel6330_openvino/ssd-resnet34/server/performance/run_1/mlperf_log_detail.txt.
[2021-03-19 09:55:57,123 log_parser.py:50 INFO] Sucessfully loaded MLPerf log from closed/DellEMC/results/R750_Intel6330_openvino/ssd-resnet34/server/performance/run_1/mlperf_log_detail.txt.
[2021-03-19 09:55:57,123 submission-checker.py:1111 INFO] ---
[2021-03-19 09:55:57,123 submission-checker.py:1115 INFO] Results closed/DellEMC/results/R750_Intel6330_openvino/resnet50/offline 2746.52
[2021-03-19 09:55:57,123 submission-checker.py:1115 INFO] Results closed/DellEMC/results/R750_Intel6330_openvino/resnet50/server 1969.95
[2021-03-19 09:55:57,123 submission-checker.py:1115 INFO] Results closed/DellEMC/results/R750_Intel6330_openvino/ssd-resnet34/offline 49.8881
[2021-03-19 09:55:57,123 submission-checker.py:1115 INFO] Results closed/DellEMC/results/R750_Intel6330_openvino/ssd-resnet34/server 26.0596
[2021-03-19 09:55:57,123 submission-checker.py:1117 INFO] ---
[2021-03-19 09:55:57,123 submission-checker.py:1123 INFO] ---
[2021-03-19 09:55:57,123 submission-checker.py:1124 INFO] Results=4, NoResults=0
[2021-03-19 09:55:57,123 submission-checker.py:1129 INFO] SUMMARY: submission looks OK
